<stderr> from running /home/nrink/Projects/pin-2.14-71313-gcc.4.4.7-linux/pin.sh -t /home/nrink/Projects/bfi/obj-intel64/bfi.so -trigger 164142 -cmd WREG -seed 1 -mask 67 -- /home/nrink/Projects/build/encode/encode/tests/quicksort/quicksort.cover.plain --cso ./2015-05-05_16:31:56/quicksort/cover/cs/plain.21.cso --csl ./2015-05-05_16:31:56/quicksort/cover/cs/plain.21.csl:
[.:    0, IP = 0x400aa0, i = 164143, wa = 0, ra = 0, rr = 0, wr = 0, it = 0, t = 0]
	at ip 0x400aa4, rdx = 0x8, rdx' = 0x4b
elapsed cycles: 176436231
hi(checksum)=0x0000000000000000
lo(checksum)=0x00007CDAE2B01FD5
**********************
INSTR   = 192823
WADDR   = 0
RADDR   = 0
RREG    = 0
WREG    = 0
ITER    = 0
TRIGGER = 164142
TTYPE   = IN
COMMAND = WREG
SEL     = -1
SEED    = 1
MASK    = 0x43
THREAD  = 0
ELAPSED = 2.97s
----------------------------------------------------------------
