<stderr> from running /home/nrink/Projects/pin-2.14-71313-gcc.4.4.7-linux/pin.sh -t /home/nrink/Projects/bfi/obj-intel64/bfi.so -trigger 151169 -cmd TXT -seed 1 -mask 80 -- /home/nrink/Projects/build/encode/encode/tests/array_sum/array_sum.cover.plain --cso ./2015-05-06_10:13:34/array_sum/cover/cs/plain.92.cso --csl ./2015-05-06_10:13:34/array_sum/cover/cs/plain.92.csl:
[.:    0, IP = 0x400c63, i = 151169, wa = 0, ra = 0, rr = 0, wr = 0, it = 0, t = 0]
	ip' = 0x400c65, size = 2, mask = 80, idx = 1, byte = 95, byte' = 15
elapsed cycles: 322730091
hi(checksum)=0x0000000000000000
lo(checksum)=0x00000000000001A4
**********************
INSTR   = 159925
WADDR   = 0
RADDR   = 0
RREG    = 0
WREG    = 0
ITER    = 0
TRIGGER = 151169
TTYPE   = IN
COMMAND = TXT
SEL     = -1
SEED    = 1
MASK    = 0x50
THREAD  = 0
ELAPSED = 3.57s
----------------------------------------------------------------
