<stderr> from running /home/nrink/Projects/pin-2.14-71313-gcc.4.4.7-linux/pin.sh -t /home/nrink/Projects/bfi/obj-intel64/bfi.so -trigger 151194 -cmd RREG -seed 1 -mask 64 -- /home/nrink/Projects/build/encode/encode/tests/array_sum/array_sum.cover.plain --cso ./2015-05-06_10:13:34/array_sum/cover/cs/plain.78.cso --csl ./2015-05-06_10:13:34/array_sum/cover/cs/plain.78.csl:
[.:    0, IP = 0x400cf5, i = 151194, wa = 0, ra = 0, rr = 0, wr = 0, it = 0, t = 0]
	at ip 0x400cf5, rsp = 0x7fffffffe1b0, rsp' = 0x7fffffffe1f0
**********************
INSTR   = 151197
WADDR   = 0
RADDR   = 0
RREG    = 0
WREG    = 0
ITER    = 0
TRIGGER = 151194
TTYPE   = IN
COMMAND = RREG
SEL     = -1
SEED    = 1
MASK    = 0x40
THREAD  = 0
ELAPSED = 1.76s
Illegal instruction (core dumped)
----------------------------------------------------------------
