<stderr> from running /home/nrink/Projects/pin-2.14-71313-gcc.4.4.7-linux/pin.sh -t /home/nrink/Projects/bfi/obj-intel64/bfi.so -trigger 151807 -cmd TXT -seed 1 -mask 108 -- /home/nrink/Projects/build/encode/encode/tests/array_sum/array_sum.cover.encoded --cso ./2015-05-06_10:13:34/array_sum/cover/cs/encoded.96.cso --csl ./2015-05-06_10:13:34/array_sum/cover/cs/encoded.96.csl:
[.:    0, IP = 0x400a74, i = 151807, wa = 0, ra = 0, rr = 0, wr = 0, it = 0, t = 0]
	ip' = 0x400a77, size = 3, mask = 108, idx = 0, byte = 72, byte' = 36
elapsed cycles: 254910999
hi(checksum)=0x0000000000000000
lo(checksum)=0x00000000000001A4
**********************
INSTR   = 160612
WADDR   = 0
RADDR   = 0
RREG    = 0
WREG    = 0
ITER    = 0
TRIGGER = 151807
TTYPE   = IN
COMMAND = TXT
SEL     = -1
SEED    = 1
MASK    = 0x6c
THREAD  = 0
ELAPSED = 3.24s
----------------------------------------------------------------
