<stderr> from running /home/nrink/Projects/pin-2.14-71313-gcc.4.4.7-linux/pin.sh -t /home/nrink/Projects/bfi/obj-intel64/bfi.so -trigger 335219038 -cmd RADDR -seed 1 -mask 15 -- /home/nrink/Projects/build/encode/encode/tests/dijkstra/dijkstra.cover.encoded /home/nrink/Projects/build/encode/encode/tests/dijkstra/dijkstra_input.dat --cso ./2015-05-05_11:40:48/dijkstra/cover/cs/encoded.4.cso --csl ./2015-05-05_11:40:48/dijkstra/cover/cs/encoded.4.csl:
[.:    0, IP = 0x400db3, i = 335219041, wa = 0, ra = 0, rr = 0, wr = 0, it = 0, t = 0]
	access = read, size = 8, addr = 0x617bb8, addr' = 0x617bb7, op = 0
**********************
INSTR   = 335219045
WADDR   = 0
RADDR   = 0
RREG    = 0
WREG    = 0
ITER    = 0
TRIGGER = 335219038
TTYPE   = IN
COMMAND = RADDR
SEL     = -1
SEED    = 1
MASK    = 0xf
THREAD  = 0
ELAPSED = 18.16s
Segmentation fault (core dumped)
----------------------------------------------------------------
