<stderr> from running /home/nrink/Projects/pin-2.14-71313-gcc.4.4.7-linux/pin.sh -t /home/nrink/Projects/bfi/obj-intel64/bfi.so -trigger 151780 -cmd TXT -seed 1 -mask 189 -- /home/nrink/Projects/build/encode/encode/tests/array_sum/array_sum.cover.encoded --cso ./2015-05-05_14:35:44/array_sum/cover/cs/encoded.90.cso --csl ./2015-05-05_14:35:44/array_sum/cover/cs/encoded.90.csl:
[.:    0, IP = 0x4009b4, i = 151780, wa = 0, ra = 0, rr = 0, wr = 0, it = 0, t = 0]
	ip' = 0x4009b7, size = 3, mask = 189, idx = 0, byte = 72, byte' = 245
elapsed cycles: 1968406344
hi(checksum)=0x0000000000000000
lo(checksum)=0x00000000000001A4
**********************
INSTR   = 160629
WADDR   = 0
RADDR   = 0
RREG    = 0
WREG    = 0
ITER    = 0
TRIGGER = 151780
TTYPE   = IN
COMMAND = TXT
SEL     = -1
SEED    = 1
MASK    = 0xbd
THREAD  = 0
ELAPSED = 23.99s
----------------------------------------------------------------
