<stderr> from running /home/nrink/Projects/pin-2.14-71313-gcc.4.4.7-linux/pin.sh -t /home/nrink/Projects/bfi/obj-intel64/bfi.so -trigger 151984 -cmd RREG -seed 1 -mask 163 -- /home/nrink/Projects/build/encode/encode/tests/array_sum/array_sum.cover.encoded --cso ./2015-05-05_14:35:44/array_sum/cover/cs/encoded.61.cso --csl ./2015-05-05_14:35:44/array_sum/cover/cs/encoded.61.csl:
[.:    0, IP = 0x400a33, i = 151984, wa = 0, ra = 0, rr = 0, wr = 0, it = 0, t = 0]
	at ip 0x400a33, rcx = 0x70f8, rcx' = 0x705b
elapsed cycles: 15085289574
hi(checksum)=0x0000000000000000
lo(checksum)=0x00000000000001A4
**********************
INSTR   = 161970
WADDR   = 0
RADDR   = 0
RREG    = 0
WREG    = 0
ITER    = 0
TRIGGER = 151984
TTYPE   = IN
COMMAND = RREG
SEL     = -1
SEED    = 1
MASK    = 0xa3
THREAD  = 0
ELAPSED = 28.27s
----------------------------------------------------------------
