<stderr> from running /home/nrink/Projects/pin-2.14-71313-gcc.4.4.7-linux/pin.sh -t /home/nrink/Projects/bfi/obj-intel64/bfi.so -trigger 173450 -cmd RVAL -seed 1 -mask 191 -- /home/nrink/Projects/build/encode/encode/tests/des/des.tiny.cover.plain -e /home/nrink/Projects/build/encode/encode/tests/des/des.input.tiny.txt /dev/null 809 --cso ./2015-05-05_12:10:21/des.tiny/cover/cs/plain.0.cso --csl ./2015-05-05_12:10:21/des.tiny/cover/cs/plain.0.csl:
[.:    0, IP = 0x400f70, i = 173452, wa = 0, ra = 0, rr = 0, wr = 0, it = 0, t = 0]
	access = read, size = 8, value = 3, value' = 188, addr = 0x6020c0, op = 0
elapsed cycles: 112394244
hi(checksum)=0x68FE25C09409DC67
lo(checksum)=0x0F061DA4E1C0A21E
**********************
INSTR   = 189337
WADDR   = 0
RADDR   = 0
RREG    = 0
WREG    = 0
ITER    = 0
TRIGGER = 173450
TTYPE   = IN
COMMAND = RVAL
SEL     = -1
SEED    = 1
MASK    = 0xbf
THREAD  = 0
ELAPSED = 6.99s
----------------------------------------------------------------
