<stderr> from running /home/nrink/Projects/pin-2.14-71313-gcc.4.4.7-linux/pin.sh -t /home/nrink/Projects/bfi/obj-intel64/bfi.so -trigger 163859 -cmd RADDR -seed 1 -mask 32 -- /home/nrink/Projects/build/encode/encode/tests/quicksort/quicksort.cover.plain --cso ./2015-05-06_10:27:32/quicksort/cover/cs/plain.46.cso --csl ./2015-05-06_10:27:32/quicksort/cover/cs/plain.46.csl:
[.:    0, IP = 0x400b39, i = 163859, wa = 0, ra = 0, rr = 0, wr = 0, it = 0, t = 0]
	access = read, size = 8, addr = 0x7fffffffe110, addr' = 0x7fffffffe130, op = 0
elapsed cycles: 122756652
hi(checksum)=0x0000000000000000
lo(checksum)=0x00007CDAE2B040F7
**********************
INSTR   = 174489
WADDR   = 0
RADDR   = 0
RREG    = 0
WREG    = 0
ITER    = 0
TRIGGER = 163859
TTYPE   = IN
COMMAND = RADDR
SEL     = -1
SEED    = 1
MASK    = 0x20
THREAD  = 0
ELAPSED = 3.44s
----------------------------------------------------------------
