<stderr> from running /home/nrink/Projects/pin-2.14-71313-gcc.4.4.7-linux/pin.sh -t /home/nrink/Projects/bfi/obj-intel64/bfi.so -trigger 164247 -cmd TXT -seed 1 -mask 83 -- /home/nrink/Projects/build/encode/encode/tests/quicksort/quicksort.cover.encoded --cso ./2015-05-06_10:27:32/quicksort/cover/cs/encoded.86.cso --csl ./2015-05-06_10:27:32/quicksort/cover/cs/encoded.86.csl:
[.:    0, IP = 0x400c30, i = 164247, wa = 0, ra = 0, rr = 0, wr = 0, it = 0, t = 0]
	ip' = 0x400c34, size = 4, mask = 83, idx = 1, byte = 193, byte' = 146
elapsed cycles: 661340997
hi(checksum)=0x0000000000000000
lo(checksum)=0x00007CDAE2B040F7
**********************
INSTR   = 175912
WADDR   = 0
RADDR   = 0
RREG    = 0
WREG    = 0
ITER    = 0
TRIGGER = 164247
TTYPE   = IN
COMMAND = TXT
SEL     = -1
SEED    = 1
MASK    = 0x53
THREAD  = 0
ELAPSED = 3.43s
----------------------------------------------------------------
