<stderr> from running /home/nrink/Projects/pin-2.14-71313-gcc.4.4.7-linux/pin.sh -t /home/nrink/Projects/bfi/obj-intel64/bfi.so -trigger 164998 -cmd WREG -seed 1 -mask 92 -- /home/nrink/Projects/build/encode/encode/tests/quicksort/quicksort.cover.encoded --cso ./2015-05-06_10:27:32/quicksort/cover/cs/encoded.2.cso --csl ./2015-05-06_10:27:32/quicksort/cover/cs/encoded.2.csl:
[.:    0, IP = 0x400c6b, i = 164998, wa = 0, ra = 0, rr = 0, wr = 0, it = 0, t = 0]
	at ip 0x400c6e, r15 = 0x30, r15' = 0x6c
elapsed cycles: 575768445
hi(checksum)=0x0000000000000000
lo(checksum)=0x00007CDAE2B040F7
**********************
INSTR   = 175932
WADDR   = 0
RADDR   = 0
RREG    = 0
WREG    = 0
ITER    = 0
TRIGGER = 164998
TTYPE   = IN
COMMAND = WREG
SEL     = -1
SEED    = 1
MASK    = 0x5c
THREAD  = 0
ELAPSED = 3.07s
----------------------------------------------------------------
