<stderr> from running /home/nrink/Projects/pin-2.14-71313-gcc.4.4.7-linux/pin.sh -t /home/nrink/Projects/bfi/obj-intel64/bfi.so -trigger 166997 -cmd WREG -seed 1 -mask 31 -- /home/nrink/Projects/build/encode/encode/tests/ptrarith/ptrarith.cover.encoded --cso ./2015-05-06_10:37:59/ptrarith/cover/cs/encoded.18.cso --csl ./2015-05-06_10:37:59/ptrarith/cover/cs/encoded.18.csl:
[.:    0, IP = 0x401058, i = 166997, wa = 0, ra = 0, rr = 0, wr = 0, it = 0, t = 0]
	at ip 0x40105b, rflags = 0x246, rflags' = 0x259
elapsed cycles: 250266792
hi(checksum)=0xBF1694865CA48119
lo(checksum)=0x17F6DE790EDB52F0
**********************
INSTR   = 182958
WADDR   = 0
RADDR   = 0
RREG    = 0
WREG    = 0
ITER    = 0
TRIGGER = 166997
TTYPE   = IN
COMMAND = WREG
SEL     = -1
SEED    = 1
MASK    = 0x1f
THREAD  = 0
ELAPSED = 1.84s
----------------------------------------------------------------
