<stderr> from running /home/nrink/Projects/pin-2.14-71313-gcc.4.4.7-linux/pin.sh -t /home/nrink/Projects/bfi/obj-intel64/bfi.so -trigger 163605 -cmd WVAL -seed 1 -mask 143 -- /home/nrink/Projects/build/encode/encode/tests/ptrarith/ptrarith.cover.plain --cso ./2015-05-06_10:37:59/ptrarith/cover/cs/plain.53.cso --csl ./2015-05-06_10:37:59/ptrarith/cover/cs/plain.53.csl:
[.:    0, IP = 0x400aa4, i = 163607, wa = 0, ra = 0, rr = 0, wr = 0, it = 0, t = 0]
	access = write, size = 8, value = 10, value' = 133, addr = 0x603060, op = 0
elapsed cycles: 13506762
hi(checksum)=0xBF2AD8C9082AFA18
lo(checksum)=0x044E058DE76F2787
**********************
INSTR   = 177682
WADDR   = 0
RADDR   = 0
RREG    = 0
WREG    = 0
ITER    = 0
TRIGGER = 163605
TTYPE   = IN
COMMAND = WVAL
SEL     = -1
SEED    = 1
MASK    = 0x8f
THREAD  = 0
ELAPSED = 0.68s
----------------------------------------------------------------
