<stderr> from running /home/nrink/Projects/pin-2.14-71313-gcc.4.4.7-linux/pin.sh -t /home/nrink/Projects/bfi/obj-intel64/bfi.so -trigger 176616 -cmd WREG -seed 1 -mask 59 -- /home/nrink/Projects/build/encode/encode/tests/des/des.tiny.cover.plain -e /home/nrink/Projects/build/encode/encode/tests/des/des.input.tiny.txt /dev/null 809 --cso ./2015-05-05_14:16:24/des.tiny/cover/cs/plain.0.cso --csl ./2015-05-05_14:16:24/des.tiny/cover/cs/plain.0.csl:
[.:    0, IP = 0x400e49, i = 176616, wa = 0, ra = 0, rr = 0, wr = 0, it = 0, t = 0]
	at ip 0x400e4c, rax = 0x15, rax' = 0x2e
elapsed cycles: 7621512267
hi(checksum)=0x68FE25C09409DC22
lo(checksum)=0x8A842318BEDCA0EA
**********************
INSTR   = 189180
WADDR   = 0
RADDR   = 0
RREG    = 0
WREG    = 0
ITER    = 0
TRIGGER = 176616
TTYPE   = IN
COMMAND = WREG
SEL     = -1
SEED    = 1
MASK    = 0x3b
THREAD  = 0
ELAPSED = 30.83s
----------------------------------------------------------------
