<stderr> from running /home/nrink/Projects/pin-2.14-71313-gcc.4.4.7-linux/pin.sh -t /home/nrink/Projects/bfi/obj-intel64/bfi.so -trigger 164187 -cmd WREG -seed 1 -mask 200 -- /home/nrink/Projects/build/encode/encode/tests/bubblesort/bubblesort.cover.plain --cso ./2015-05-05_17:25:31/bubblesort/cover/cs/plain.20.cso --csl ./2015-05-05_17:25:31/bubblesort/cover/cs/plain.20.csl:
[.:    0, IP = 0x400add, i = 164187, wa = 0, ra = 0, rr = 0, wr = 0, it = 0, t = 0]
	at ip 0x400ae1, rax = 0x6020c0, rax' = 0x602008
**********************
INSTR   = 164341
WADDR   = 0
RADDR   = 0
RREG    = 0
WREG    = 0
ITER    = 0
TRIGGER = 164187
TTYPE   = IN
COMMAND = WREG
SEL     = -1
SEED    = 1
MASK    = 0xc8
THREAD  = 0
ELAPSED = 0.98s
Segmentation fault (core dumped)
----------------------------------------------------------------
