<stderr> from running /home/nrink/Projects/pin-2.14-71313-gcc.4.4.7-linux/pin.sh -t /home/nrink/Projects/bfi/obj-intel64/bfi.so -trigger 163758 -cmd WVAL -seed 1 -mask 191 -- /home/nrink/Projects/build/encode/encode/tests/bubblesort/bubblesort.cover.plain --cso ./2015-05-05_17:25:31/bubblesort/cover/cs/plain.15.cso --csl ./2015-05-05_17:25:31/bubblesort/cover/cs/plain.15.csl:
[.:    0, IP = 0x400ad0, i = 163776, wa = 0, ra = 0, rr = 0, wr = 0, it = 0, t = 0]
	access = write, size = 8, value = 1, value' = 190, addr = 0x602100, op = 0
elapsed cycles: 16910463
hi(checksum)=0x0000000000000000
lo(checksum)=0x0000F640F81588AC
**********************
INSTR   = 174426
WADDR   = 0
RADDR   = 0
RREG    = 0
WREG    = 0
ITER    = 0
TRIGGER = 163758
TTYPE   = IN
COMMAND = WVAL
SEL     = -1
SEED    = 1
MASK    = 0xbf
THREAD  = 0
ELAPSED = 0.70s
----------------------------------------------------------------
