key=plain, runs=100 ...
command=/home/nrink/Projects/build/encode/encode/tests/ptrarith/ptrarith.perf.plain
----------------------------------------------
real command=cset shield -e /home/nrink/Projects/build/encode/encode/tests/ptrarith/ptrarith.perf.plain --  --cso /dev/null
key=plain, no.=0, <stderr>:
LENGTH=620
elapsed cycles: 60789
hi(checksum)=0x8A47F62E51C521D8
lo(checksum)=0x6B94FA5E070E0848
key=plain, no.=0, <checksum>:
0x8A47F62E51C521D86B94FA5E070E0848
key=plain, no.=0, cso file:
/dev/null
----------------------------------------------
real command=cset shield -e /home/nrink/Projects/build/encode/encode/tests/ptrarith/ptrarith.perf.plain --  --cso /dev/null
key=plain, no.=1, <stderr>:
LENGTH=620
elapsed cycles: 60816
hi(checksum)=0x8A47F62E51C521D8
lo(checksum)=0x6B94FA5E070E0848
key=plain, no.=1, <checksum>:
0x8A47F62E51C521D86B94FA5E070E0848
key=plain, no.=1, cso file:
/dev/null
----------------------------------------------
real command=cset shield -e /home/nrink/Projects/build/encode/encode/tests/ptrarith/ptrarith.perf.plain --  --cso /dev/null
key=plain, no.=2, <stderr>:
LENGTH=620
elapsed cycles: 60780
hi(checksum)=0x8A47F62E51C521D8
lo(checksum)=0x6B94FA5E070E0848
key=plain, no.=2, <checksum>:
0x8A47F62E51C521D86B94FA5E070E0848
key=plain, no.=2, cso file:
/dev/null
----------------------------------------------
real command=cset shield -e /home/nrink/Projects/build/encode/encode/tests/ptrarith/ptrarith.perf.plain --  --cso /dev/null
key=plain, no.=3, <stderr>:
LENGTH=620
elapsed cycles: 60810
hi(checksum)=0x8A47F62E51C521D8
lo(checksum)=0x6B94FA5E070E0848
key=plain, no.=3, <checksum>:
0x8A47F62E51C521D86B94FA5E070E0848
key=plain, no.=3, cso file:
/dev/null
----------------------------------------------
real command=cset shield -e /home/nrink/Projects/build/encode/encode/tests/ptrarith/ptrarith.perf.plain --  --cso /dev/null
key=plain, no.=4, <stderr>:
LENGTH=620
elapsed cycles: 61089
hi(checksum)=0x8A47F62E51C521D8
lo(checksum)=0x6B94FA5E070E0848
key=plain, no.=4, <checksum>:
0x8A47F62E51C521D86B94FA5E070E0848
key=plain, no.=4, cso file:
/dev/null
----------------------------------------------
real command=cset shield -e /home/nrink/Projects/build/encode/encode/tests/ptrarith/ptrarith.perf.plain --  --cso /dev/null
key=plain, no.=5, <stderr>:
LENGTH=620
elapsed cycles: 60753
hi(checksum)=0x8A47F62E51C521D8
lo(checksum)=0x6B94FA5E070E0848
key=plain, no.=5, <checksum>:
0x8A47F62E51C521D86B94FA5E070E0848
key=plain, no.=5, cso file:
/dev/null
----------------------------------------------
real command=cset shield -e /home/nrink/Projects/build/encode/encode/tests/ptrarith/ptrarith.perf.plain --  --cso /dev/null
key=plain, no.=6, <stderr>:
LENGTH=620
elapsed cycles: 60756
hi(checksum)=0x8A47F62E51C521D8
lo(checksum)=0x6B94FA5E070E0848
key=plain, no.=6, <checksum>:
0x8A47F62E51C521D86B94FA5E070E0848
key=plain, no.=6, cso file:
/dev/null
----------------------------------------------
real command=cset shield -e /home/nrink/Projects/build/encode/encode/tests/ptrarith/ptrarith.perf.plain --  --cso /dev/null
key=plain, no.=7, <stderr>:
LENGTH=620
elapsed cycles: 62964
hi(checksum)=0x8A47F62E51C521D8
lo(checksum)=0x6B94FA5E070E0848
key=plain, no.=7, <checksum>:
0x8A47F62E51C521D86B94FA5E070E0848
key=plain, no.=7, cso file:
/dev/null
----------------------------------------------
real command=cset shield -e /home/nrink/Projects/build/encode/encode/tests/ptrarith/ptrarith.perf.plain --  --cso /dev/null
key=plain, no.=8, <stderr>:
LENGTH=620
elapsed cycles: 62475
hi(checksum)=0x8A47F62E51C521D8
lo(checksum)=0x6B94FA5E070E0848
key=plain, no.=8, <checksum>:
0x8A47F62E51C521D86B94FA5E070E0848
key=plain, no.=8, cso file:
/dev/null
----------------------------------------------
real command=cset shield -e /home/nrink/Projects/build/encode/encode/tests/ptrarith/ptrarith.perf.plain --  --cso /dev/null
key=plain, no.=9, <stderr>:
LENGTH=620
elapsed cycles: 60834
hi(checksum)=0x8A47F62E51C521D8
lo(checksum)=0x6B94FA5E070E0848
key=plain, no.=9, <checksum>:
0x8A47F62E51C521D86B94FA5E070E0848
key=plain, no.=9, cso file:
/dev/null
----------------------------------------------
real command=cset shield -e /home/nrink/Projects/build/encode/encode/tests/ptrarith/ptrarith.perf.plain --  --cso /dev/null
key=plain, no.=10, <stderr>:
LENGTH=620
elapsed cycles: 61164
hi(checksum)=0x8A47F62E51C521D8
lo(checksum)=0x6B94FA5E070E0848
key=plain, no.=10, <checksum>:
0x8A47F62E51C521D86B94FA5E070E0848
key=plain, no.=10, cso file:
/dev/null
----------------------------------------------
real command=cset shield -e /home/nrink/Projects/build/encode/encode/tests/ptrarith/ptrarith.perf.plain --  --cso /dev/null
key=plain, no.=11, <stderr>:
LENGTH=620
elapsed cycles: 60939
hi(checksum)=0x8A47F62E51C521D8
lo(checksum)=0x6B94FA5E070E0848
key=plain, no.=11, <checksum>:
0x8A47F62E51C521D86B94FA5E070E0848
key=plain, no.=11, cso file:
/dev/null
----------------------------------------------
real command=cset shield -e /home/nrink/Projects/build/encode/encode/tests/ptrarith/ptrarith.perf.plain --  --cso /dev/null
key=plain, no.=12, <stderr>:
LENGTH=620
elapsed cycles: 61260
hi(checksum)=0x8A47F62E51C521D8
lo(checksum)=0x6B94FA5E070E0848
key=plain, no.=12, <checksum>:
0x8A47F62E51C521D86B94FA5E070E0848
key=plain, no.=12, cso file:
/dev/null
----------------------------------------------
real command=cset shield -e /home/nrink/Projects/build/encode/encode/tests/ptrarith/ptrarith.perf.plain --  --cso /dev/null
key=plain, no.=13, <stderr>:
LENGTH=620
elapsed cycles: 60792
hi(checksum)=0x8A47F62E51C521D8
lo(checksum)=0x6B94FA5E070E0848
key=plain, no.=13, <checksum>:
0x8A47F62E51C521D86B94FA5E070E0848
key=plain, no.=13, cso file:
/dev/null
----------------------------------------------
real command=cset shield -e /home/nrink/Projects/build/encode/encode/tests/ptrarith/ptrarith.perf.plain --  --cso /dev/null
key=plain, no.=14, <stderr>:
LENGTH=620
elapsed cycles: 62424
hi(checksum)=0x8A47F62E51C521D8
lo(checksum)=0x6B94FA5E070E0848
key=plain, no.=14, <checksum>:
0x8A47F62E51C521D86B94FA5E070E0848
key=plain, no.=14, cso file:
/dev/null
----------------------------------------------
real command=cset shield -e /home/nrink/Projects/build/encode/encode/tests/ptrarith/ptrarith.perf.plain --  --cso /dev/null
key=plain, no.=15, <stderr>:
LENGTH=620
elapsed cycles: 61041
hi(checksum)=0x8A47F62E51C521D8
lo(checksum)=0x6B94FA5E070E0848
key=plain, no.=15, <checksum>:
0x8A47F62E51C521D86B94FA5E070E0848
key=plain, no.=15, cso file:
/dev/null
----------------------------------------------
real command=cset shield -e /home/nrink/Projects/build/encode/encode/tests/ptrarith/ptrarith.perf.plain --  --cso /dev/null
key=plain, no.=16, <stderr>:
LENGTH=620
elapsed cycles: 61143
hi(checksum)=0x8A47F62E51C521D8
lo(checksum)=0x6B94FA5E070E0848
key=plain, no.=16, <checksum>:
0x8A47F62E51C521D86B94FA5E070E0848
key=plain, no.=16, cso file:
/dev/null
----------------------------------------------
real command=cset shield -e /home/nrink/Projects/build/encode/encode/tests/ptrarith/ptrarith.perf.plain --  --cso /dev/null
key=plain, no.=17, <stderr>:
LENGTH=620
elapsed cycles: 60900
hi(checksum)=0x8A47F62E51C521D8
lo(checksum)=0x6B94FA5E070E0848
key=plain, no.=17, <checksum>:
0x8A47F62E51C521D86B94FA5E070E0848
key=plain, no.=17, cso file:
/dev/null
----------------------------------------------
real command=cset shield -e /home/nrink/Projects/build/encode/encode/tests/ptrarith/ptrarith.perf.plain --  --cso /dev/null
key=plain, no.=18, <stderr>:
LENGTH=620
elapsed cycles: 60777
hi(checksum)=0x8A47F62E51C521D8
lo(checksum)=0x6B94FA5E070E0848
key=plain, no.=18, <checksum>:
0x8A47F62E51C521D86B94FA5E070E0848
key=plain, no.=18, cso file:
/dev/null
----------------------------------------------
real command=cset shield -e /home/nrink/Projects/build/encode/encode/tests/ptrarith/ptrarith.perf.plain --  --cso /dev/null
key=plain, no.=19, <stderr>:
LENGTH=620
elapsed cycles: 60942
hi(checksum)=0x8A47F62E51C521D8
lo(checksum)=0x6B94FA5E070E0848
key=plain, no.=19, <checksum>:
0x8A47F62E51C521D86B94FA5E070E0848
key=plain, no.=19, cso file:
/dev/null
----------------------------------------------
real command=cset shield -e /home/nrink/Projects/build/encode/encode/tests/ptrarith/ptrarith.perf.plain --  --cso /dev/null
key=plain, no.=20, <stderr>:
LENGTH=620
elapsed cycles: 61488
hi(checksum)=0x8A47F62E51C521D8
lo(checksum)=0x6B94FA5E070E0848
key=plain, no.=20, <checksum>:
0x8A47F62E51C521D86B94FA5E070E0848
key=plain, no.=20, cso file:
/dev/null
----------------------------------------------
real command=cset shield -e /home/nrink/Projects/build/encode/encode/tests/ptrarith/ptrarith.perf.plain --  --cso /dev/null
key=plain, no.=21, <stderr>:
LENGTH=620
elapsed cycles: 60831
hi(checksum)=0x8A47F62E51C521D8
lo(checksum)=0x6B94FA5E070E0848
key=plain, no.=21, <checksum>:
0x8A47F62E51C521D86B94FA5E070E0848
key=plain, no.=21, cso file:
/dev/null
----------------------------------------------
real command=cset shield -e /home/nrink/Projects/build/encode/encode/tests/ptrarith/ptrarith.perf.plain --  --cso /dev/null
key=plain, no.=22, <stderr>:
LENGTH=620
elapsed cycles: 61128
hi(checksum)=0x8A47F62E51C521D8
lo(checksum)=0x6B94FA5E070E0848
key=plain, no.=22, <checksum>:
0x8A47F62E51C521D86B94FA5E070E0848
key=plain, no.=22, cso file:
/dev/null
----------------------------------------------
real command=cset shield -e /home/nrink/Projects/build/encode/encode/tests/ptrarith/ptrarith.perf.plain --  --cso /dev/null
key=plain, no.=23, <stderr>:
LENGTH=620
elapsed cycles: 60780
hi(checksum)=0x8A47F62E51C521D8
lo(checksum)=0x6B94FA5E070E0848
key=plain, no.=23, <checksum>:
0x8A47F62E51C521D86B94FA5E070E0848
key=plain, no.=23, cso file:
/dev/null
----------------------------------------------
real command=cset shield -e /home/nrink/Projects/build/encode/encode/tests/ptrarith/ptrarith.perf.plain --  --cso /dev/null
key=plain, no.=24, <stderr>:
LENGTH=620
elapsed cycles: 60837
hi(checksum)=0x8A47F62E51C521D8
lo(checksum)=0x6B94FA5E070E0848
key=plain, no.=24, <checksum>:
0x8A47F62E51C521D86B94FA5E070E0848
key=plain, no.=24, cso file:
/dev/null
----------------------------------------------
real command=cset shield -e /home/nrink/Projects/build/encode/encode/tests/ptrarith/ptrarith.perf.plain --  --cso /dev/null
key=plain, no.=25, <stderr>:
LENGTH=620
elapsed cycles: 60759
hi(checksum)=0x8A47F62E51C521D8
lo(checksum)=0x6B94FA5E070E0848
key=plain, no.=25, <checksum>:
0x8A47F62E51C521D86B94FA5E070E0848
key=plain, no.=25, cso file:
/dev/null
----------------------------------------------
real command=cset shield -e /home/nrink/Projects/build/encode/encode/tests/ptrarith/ptrarith.perf.plain --  --cso /dev/null
key=plain, no.=26, <stderr>:
LENGTH=620
elapsed cycles: 62532
hi(checksum)=0x8A47F62E51C521D8
lo(checksum)=0x6B94FA5E070E0848
key=plain, no.=26, <checksum>:
0x8A47F62E51C521D86B94FA5E070E0848
key=plain, no.=26, cso file:
/dev/null
----------------------------------------------
real command=cset shield -e /home/nrink/Projects/build/encode/encode/tests/ptrarith/ptrarith.perf.plain --  --cso /dev/null
key=plain, no.=27, <stderr>:
LENGTH=620
elapsed cycles: 60774
hi(checksum)=0x8A47F62E51C521D8
lo(checksum)=0x6B94FA5E070E0848
key=plain, no.=27, <checksum>:
0x8A47F62E51C521D86B94FA5E070E0848
key=plain, no.=27, cso file:
/dev/null
----------------------------------------------
real command=cset shield -e /home/nrink/Projects/build/encode/encode/tests/ptrarith/ptrarith.perf.plain --  --cso /dev/null
key=plain, no.=28, <stderr>:
LENGTH=620
elapsed cycles: 60756
hi(checksum)=0x8A47F62E51C521D8
lo(checksum)=0x6B94FA5E070E0848
key=plain, no.=28, <checksum>:
0x8A47F62E51C521D86B94FA5E070E0848
key=plain, no.=28, cso file:
/dev/null
----------------------------------------------
real command=cset shield -e /home/nrink/Projects/build/encode/encode/tests/ptrarith/ptrarith.perf.plain --  --cso /dev/null
key=plain, no.=29, <stderr>:
LENGTH=620
elapsed cycles: 60774
hi(checksum)=0x8A47F62E51C521D8
lo(checksum)=0x6B94FA5E070E0848
key=plain, no.=29, <checksum>:
0x8A47F62E51C521D86B94FA5E070E0848
key=plain, no.=29, cso file:
/dev/null
----------------------------------------------
real command=cset shield -e /home/nrink/Projects/build/encode/encode/tests/ptrarith/ptrarith.perf.plain --  --cso /dev/null
key=plain, no.=30, <stderr>:
LENGTH=620
elapsed cycles: 60795
hi(checksum)=0x8A47F62E51C521D8
lo(checksum)=0x6B94FA5E070E0848
key=plain, no.=30, <checksum>:
0x8A47F62E51C521D86B94FA5E070E0848
key=plain, no.=30, cso file:
/dev/null
----------------------------------------------
real command=cset shield -e /home/nrink/Projects/build/encode/encode/tests/ptrarith/ptrarith.perf.plain --  --cso /dev/null
key=plain, no.=31, <stderr>:
LENGTH=620
elapsed cycles: 61350
hi(checksum)=0x8A47F62E51C521D8
lo(checksum)=0x6B94FA5E070E0848
key=plain, no.=31, <checksum>:
0x8A47F62E51C521D86B94FA5E070E0848
key=plain, no.=31, cso file:
/dev/null
----------------------------------------------
real command=cset shield -e /home/nrink/Projects/build/encode/encode/tests/ptrarith/ptrarith.perf.plain --  --cso /dev/null
key=plain, no.=32, <stderr>:
LENGTH=620
elapsed cycles: 60963
hi(checksum)=0x8A47F62E51C521D8
lo(checksum)=0x6B94FA5E070E0848
key=plain, no.=32, <checksum>:
0x8A47F62E51C521D86B94FA5E070E0848
key=plain, no.=32, cso file:
/dev/null
----------------------------------------------
real command=cset shield -e /home/nrink/Projects/build/encode/encode/tests/ptrarith/ptrarith.perf.plain --  --cso /dev/null
key=plain, no.=33, <stderr>:
LENGTH=620
elapsed cycles: 60726
hi(checksum)=0x8A47F62E51C521D8
lo(checksum)=0x6B94FA5E070E0848
key=plain, no.=33, <checksum>:
0x8A47F62E51C521D86B94FA5E070E0848
key=plain, no.=33, cso file:
/dev/null
----------------------------------------------
real command=cset shield -e /home/nrink/Projects/build/encode/encode/tests/ptrarith/ptrarith.perf.plain --  --cso /dev/null
key=plain, no.=34, <stderr>:
LENGTH=620
elapsed cycles: 60789
hi(checksum)=0x8A47F62E51C521D8
lo(checksum)=0x6B94FA5E070E0848
key=plain, no.=34, <checksum>:
0x8A47F62E51C521D86B94FA5E070E0848
key=plain, no.=34, cso file:
/dev/null
----------------------------------------------
real command=cset shield -e /home/nrink/Projects/build/encode/encode/tests/ptrarith/ptrarith.perf.plain --  --cso /dev/null
key=plain, no.=35, <stderr>:
LENGTH=620
elapsed cycles: 60819
hi(checksum)=0x8A47F62E51C521D8
lo(checksum)=0x6B94FA5E070E0848
key=plain, no.=35, <checksum>:
0x8A47F62E51C521D86B94FA5E070E0848
key=plain, no.=35, cso file:
/dev/null
----------------------------------------------
real command=cset shield -e /home/nrink/Projects/build/encode/encode/tests/ptrarith/ptrarith.perf.plain --  --cso /dev/null
key=plain, no.=36, <stderr>:
LENGTH=620
elapsed cycles: 94437
hi(checksum)=0x8A47F62E51C521D8
lo(checksum)=0x6B94FA5E070E0848
key=plain, no.=36, <checksum>:
0x8A47F62E51C521D86B94FA5E070E0848
key=plain, no.=36, cso file:
/dev/null
----------------------------------------------
real command=cset shield -e /home/nrink/Projects/build/encode/encode/tests/ptrarith/ptrarith.perf.plain --  --cso /dev/null
key=plain, no.=37, <stderr>:
LENGTH=620
elapsed cycles: 60750
hi(checksum)=0x8A47F62E51C521D8
lo(checksum)=0x6B94FA5E070E0848
key=plain, no.=37, <checksum>:
0x8A47F62E51C521D86B94FA5E070E0848
key=plain, no.=37, cso file:
/dev/null
----------------------------------------------
real command=cset shield -e /home/nrink/Projects/build/encode/encode/tests/ptrarith/ptrarith.perf.plain --  --cso /dev/null
key=plain, no.=38, <stderr>:
LENGTH=620
elapsed cycles: 60771
hi(checksum)=0x8A47F62E51C521D8
lo(checksum)=0x6B94FA5E070E0848
key=plain, no.=38, <checksum>:
0x8A47F62E51C521D86B94FA5E070E0848
key=plain, no.=38, cso file:
/dev/null
----------------------------------------------
real command=cset shield -e /home/nrink/Projects/build/encode/encode/tests/ptrarith/ptrarith.perf.plain --  --cso /dev/null
key=plain, no.=39, <stderr>:
LENGTH=620
elapsed cycles: 60771
hi(checksum)=0x8A47F62E51C521D8
lo(checksum)=0x6B94FA5E070E0848
key=plain, no.=39, <checksum>:
0x8A47F62E51C521D86B94FA5E070E0848
key=plain, no.=39, cso file:
/dev/null
----------------------------------------------
real command=cset shield -e /home/nrink/Projects/build/encode/encode/tests/ptrarith/ptrarith.perf.plain --  --cso /dev/null
key=plain, no.=40, <stderr>:
LENGTH=620
elapsed cycles: 60798
hi(checksum)=0x8A47F62E51C521D8
lo(checksum)=0x6B94FA5E070E0848
key=plain, no.=40, <checksum>:
0x8A47F62E51C521D86B94FA5E070E0848
key=plain, no.=40, cso file:
/dev/null
----------------------------------------------
real command=cset shield -e /home/nrink/Projects/build/encode/encode/tests/ptrarith/ptrarith.perf.plain --  --cso /dev/null
key=plain, no.=41, <stderr>:
LENGTH=620
elapsed cycles: 60792
hi(checksum)=0x8A47F62E51C521D8
lo(checksum)=0x6B94FA5E070E0848
key=plain, no.=41, <checksum>:
0x8A47F62E51C521D86B94FA5E070E0848
key=plain, no.=41, cso file:
/dev/null
----------------------------------------------
real command=cset shield -e /home/nrink/Projects/build/encode/encode/tests/ptrarith/ptrarith.perf.plain --  --cso /dev/null
key=plain, no.=42, <stderr>:
LENGTH=620
elapsed cycles: 61041
hi(checksum)=0x8A47F62E51C521D8
lo(checksum)=0x6B94FA5E070E0848
key=plain, no.=42, <checksum>:
0x8A47F62E51C521D86B94FA5E070E0848
key=plain, no.=42, cso file:
/dev/null
----------------------------------------------
real command=cset shield -e /home/nrink/Projects/build/encode/encode/tests/ptrarith/ptrarith.perf.plain --  --cso /dev/null
key=plain, no.=43, <stderr>:
LENGTH=620
elapsed cycles: 60795
hi(checksum)=0x8A47F62E51C521D8
lo(checksum)=0x6B94FA5E070E0848
key=plain, no.=43, <checksum>:
0x8A47F62E51C521D86B94FA5E070E0848
key=plain, no.=43, cso file:
/dev/null
----------------------------------------------
real command=cset shield -e /home/nrink/Projects/build/encode/encode/tests/ptrarith/ptrarith.perf.plain --  --cso /dev/null
key=plain, no.=44, <stderr>:
LENGTH=620
elapsed cycles: 61341
hi(checksum)=0x8A47F62E51C521D8
lo(checksum)=0x6B94FA5E070E0848
key=plain, no.=44, <checksum>:
0x8A47F62E51C521D86B94FA5E070E0848
key=plain, no.=44, cso file:
/dev/null
----------------------------------------------
real command=cset shield -e /home/nrink/Projects/build/encode/encode/tests/ptrarith/ptrarith.perf.plain --  --cso /dev/null
key=plain, no.=45, <stderr>:
LENGTH=620
elapsed cycles: 60789
hi(checksum)=0x8A47F62E51C521D8
lo(checksum)=0x6B94FA5E070E0848
key=plain, no.=45, <checksum>:
0x8A47F62E51C521D86B94FA5E070E0848
key=plain, no.=45, cso file:
/dev/null
----------------------------------------------
real command=cset shield -e /home/nrink/Projects/build/encode/encode/tests/ptrarith/ptrarith.perf.plain --  --cso /dev/null
key=plain, no.=46, <stderr>:
LENGTH=620
elapsed cycles: 60846
hi(checksum)=0x8A47F62E51C521D8
lo(checksum)=0x6B94FA5E070E0848
key=plain, no.=46, <checksum>:
0x8A47F62E51C521D86B94FA5E070E0848
key=plain, no.=46, cso file:
/dev/null
----------------------------------------------
real command=cset shield -e /home/nrink/Projects/build/encode/encode/tests/ptrarith/ptrarith.perf.plain --  --cso /dev/null
key=plain, no.=47, <stderr>:
LENGTH=620
elapsed cycles: 61851
hi(checksum)=0x8A47F62E51C521D8
lo(checksum)=0x6B94FA5E070E0848
key=plain, no.=47, <checksum>:
0x8A47F62E51C521D86B94FA5E070E0848
key=plain, no.=47, cso file:
/dev/null
----------------------------------------------
real command=cset shield -e /home/nrink/Projects/build/encode/encode/tests/ptrarith/ptrarith.perf.plain --  --cso /dev/null
key=plain, no.=48, <stderr>:
LENGTH=620
elapsed cycles: 60873
hi(checksum)=0x8A47F62E51C521D8
lo(checksum)=0x6B94FA5E070E0848
key=plain, no.=48, <checksum>:
0x8A47F62E51C521D86B94FA5E070E0848
key=plain, no.=48, cso file:
/dev/null
----------------------------------------------
real command=cset shield -e /home/nrink/Projects/build/encode/encode/tests/ptrarith/ptrarith.perf.plain --  --cso /dev/null
key=plain, no.=49, <stderr>:
LENGTH=620
elapsed cycles: 61101
hi(checksum)=0x8A47F62E51C521D8
lo(checksum)=0x6B94FA5E070E0848
key=plain, no.=49, <checksum>:
0x8A47F62E51C521D86B94FA5E070E0848
key=plain, no.=49, cso file:
/dev/null
----------------------------------------------
real command=cset shield -e /home/nrink/Projects/build/encode/encode/tests/ptrarith/ptrarith.perf.plain --  --cso /dev/null
key=plain, no.=50, <stderr>:
LENGTH=620
elapsed cycles: 60951
hi(checksum)=0x8A47F62E51C521D8
lo(checksum)=0x6B94FA5E070E0848
key=plain, no.=50, <checksum>:
0x8A47F62E51C521D86B94FA5E070E0848
key=plain, no.=50, cso file:
/dev/null
----------------------------------------------
real command=cset shield -e /home/nrink/Projects/build/encode/encode/tests/ptrarith/ptrarith.perf.plain --  --cso /dev/null
key=plain, no.=51, <stderr>:
LENGTH=620
elapsed cycles: 60885
hi(checksum)=0x8A47F62E51C521D8
lo(checksum)=0x6B94FA5E070E0848
key=plain, no.=51, <checksum>:
0x8A47F62E51C521D86B94FA5E070E0848
key=plain, no.=51, cso file:
/dev/null
----------------------------------------------
real command=cset shield -e /home/nrink/Projects/build/encode/encode/tests/ptrarith/ptrarith.perf.plain --  --cso /dev/null
key=plain, no.=52, <stderr>:
LENGTH=620
elapsed cycles: 61098
hi(checksum)=0x8A47F62E51C521D8
lo(checksum)=0x6B94FA5E070E0848
key=plain, no.=52, <checksum>:
0x8A47F62E51C521D86B94FA5E070E0848
key=plain, no.=52, cso file:
/dev/null
----------------------------------------------
real command=cset shield -e /home/nrink/Projects/build/encode/encode/tests/ptrarith/ptrarith.perf.plain --  --cso /dev/null
key=plain, no.=53, <stderr>:
LENGTH=620
elapsed cycles: 60873
hi(checksum)=0x8A47F62E51C521D8
lo(checksum)=0x6B94FA5E070E0848
key=plain, no.=53, <checksum>:
0x8A47F62E51C521D86B94FA5E070E0848
key=plain, no.=53, cso file:
/dev/null
----------------------------------------------
real command=cset shield -e /home/nrink/Projects/build/encode/encode/tests/ptrarith/ptrarith.perf.plain --  --cso /dev/null
key=plain, no.=54, <stderr>:
LENGTH=620
elapsed cycles: 60747
hi(checksum)=0x8A47F62E51C521D8
lo(checksum)=0x6B94FA5E070E0848
key=plain, no.=54, <checksum>:
0x8A47F62E51C521D86B94FA5E070E0848
key=plain, no.=54, cso file:
/dev/null
----------------------------------------------
real command=cset shield -e /home/nrink/Projects/build/encode/encode/tests/ptrarith/ptrarith.perf.plain --  --cso /dev/null
key=plain, no.=55, <stderr>:
LENGTH=620
elapsed cycles: 60783
hi(checksum)=0x8A47F62E51C521D8
lo(checksum)=0x6B94FA5E070E0848
key=plain, no.=55, <checksum>:
0x8A47F62E51C521D86B94FA5E070E0848
key=plain, no.=55, cso file:
/dev/null
----------------------------------------------
real command=cset shield -e /home/nrink/Projects/build/encode/encode/tests/ptrarith/ptrarith.perf.plain --  --cso /dev/null
key=plain, no.=56, <stderr>:
LENGTH=620
elapsed cycles: 60810
hi(checksum)=0x8A47F62E51C521D8
lo(checksum)=0x6B94FA5E070E0848
key=plain, no.=56, <checksum>:
0x8A47F62E51C521D86B94FA5E070E0848
key=plain, no.=56, cso file:
/dev/null
----------------------------------------------
real command=cset shield -e /home/nrink/Projects/build/encode/encode/tests/ptrarith/ptrarith.perf.plain --  --cso /dev/null
key=plain, no.=57, <stderr>:
LENGTH=620
elapsed cycles: 60828
hi(checksum)=0x8A47F62E51C521D8
lo(checksum)=0x6B94FA5E070E0848
key=plain, no.=57, <checksum>:
0x8A47F62E51C521D86B94FA5E070E0848
key=plain, no.=57, cso file:
/dev/null
----------------------------------------------
real command=cset shield -e /home/nrink/Projects/build/encode/encode/tests/ptrarith/ptrarith.perf.plain --  --cso /dev/null
key=plain, no.=58, <stderr>:
LENGTH=620
elapsed cycles: 60804
hi(checksum)=0x8A47F62E51C521D8
lo(checksum)=0x6B94FA5E070E0848
key=plain, no.=58, <checksum>:
0x8A47F62E51C521D86B94FA5E070E0848
key=plain, no.=58, cso file:
/dev/null
----------------------------------------------
real command=cset shield -e /home/nrink/Projects/build/encode/encode/tests/ptrarith/ptrarith.perf.plain --  --cso /dev/null
key=plain, no.=59, <stderr>:
LENGTH=620
elapsed cycles: 60843
hi(checksum)=0x8A47F62E51C521D8
lo(checksum)=0x6B94FA5E070E0848
key=plain, no.=59, <checksum>:
0x8A47F62E51C521D86B94FA5E070E0848
key=plain, no.=59, cso file:
/dev/null
----------------------------------------------
real command=cset shield -e /home/nrink/Projects/build/encode/encode/tests/ptrarith/ptrarith.perf.plain --  --cso /dev/null
key=plain, no.=60, <stderr>:
LENGTH=620
elapsed cycles: 60771
hi(checksum)=0x8A47F62E51C521D8
lo(checksum)=0x6B94FA5E070E0848
key=plain, no.=60, <checksum>:
0x8A47F62E51C521D86B94FA5E070E0848
key=plain, no.=60, cso file:
/dev/null
----------------------------------------------
real command=cset shield -e /home/nrink/Projects/build/encode/encode/tests/ptrarith/ptrarith.perf.plain --  --cso /dev/null
key=plain, no.=61, <stderr>:
LENGTH=620
elapsed cycles: 60780
hi(checksum)=0x8A47F62E51C521D8
lo(checksum)=0x6B94FA5E070E0848
key=plain, no.=61, <checksum>:
0x8A47F62E51C521D86B94FA5E070E0848
key=plain, no.=61, cso file:
/dev/null
----------------------------------------------
real command=cset shield -e /home/nrink/Projects/build/encode/encode/tests/ptrarith/ptrarith.perf.plain --  --cso /dev/null
key=plain, no.=62, <stderr>:
LENGTH=620
elapsed cycles: 60759
hi(checksum)=0x8A47F62E51C521D8
lo(checksum)=0x6B94FA5E070E0848
key=plain, no.=62, <checksum>:
0x8A47F62E51C521D86B94FA5E070E0848
key=plain, no.=62, cso file:
/dev/null
----------------------------------------------
real command=cset shield -e /home/nrink/Projects/build/encode/encode/tests/ptrarith/ptrarith.perf.plain --  --cso /dev/null
key=plain, no.=63, <stderr>:
LENGTH=620
elapsed cycles: 60864
hi(checksum)=0x8A47F62E51C521D8
lo(checksum)=0x6B94FA5E070E0848
key=plain, no.=63, <checksum>:
0x8A47F62E51C521D86B94FA5E070E0848
key=plain, no.=63, cso file:
/dev/null
----------------------------------------------
real command=cset shield -e /home/nrink/Projects/build/encode/encode/tests/ptrarith/ptrarith.perf.plain --  --cso /dev/null
key=plain, no.=64, <stderr>:
LENGTH=620
elapsed cycles: 60771
hi(checksum)=0x8A47F62E51C521D8
lo(checksum)=0x6B94FA5E070E0848
key=plain, no.=64, <checksum>:
0x8A47F62E51C521D86B94FA5E070E0848
key=plain, no.=64, cso file:
/dev/null
----------------------------------------------
real command=cset shield -e /home/nrink/Projects/build/encode/encode/tests/ptrarith/ptrarith.perf.plain --  --cso /dev/null
key=plain, no.=65, <stderr>:
LENGTH=620
elapsed cycles: 60753
hi(checksum)=0x8A47F62E51C521D8
lo(checksum)=0x6B94FA5E070E0848
key=plain, no.=65, <checksum>:
0x8A47F62E51C521D86B94FA5E070E0848
key=plain, no.=65, cso file:
/dev/null
----------------------------------------------
real command=cset shield -e /home/nrink/Projects/build/encode/encode/tests/ptrarith/ptrarith.perf.plain --  --cso /dev/null
key=plain, no.=66, <stderr>:
LENGTH=620
elapsed cycles: 60921
hi(checksum)=0x8A47F62E51C521D8
lo(checksum)=0x6B94FA5E070E0848
key=plain, no.=66, <checksum>:
0x8A47F62E51C521D86B94FA5E070E0848
key=plain, no.=66, cso file:
/dev/null
----------------------------------------------
real command=cset shield -e /home/nrink/Projects/build/encode/encode/tests/ptrarith/ptrarith.perf.plain --  --cso /dev/null
key=plain, no.=67, <stderr>:
LENGTH=620
elapsed cycles: 61134
hi(checksum)=0x8A47F62E51C521D8
lo(checksum)=0x6B94FA5E070E0848
key=plain, no.=67, <checksum>:
0x8A47F62E51C521D86B94FA5E070E0848
key=plain, no.=67, cso file:
/dev/null
----------------------------------------------
real command=cset shield -e /home/nrink/Projects/build/encode/encode/tests/ptrarith/ptrarith.perf.plain --  --cso /dev/null
key=plain, no.=68, <stderr>:
LENGTH=620
elapsed cycles: 60840
hi(checksum)=0x8A47F62E51C521D8
lo(checksum)=0x6B94FA5E070E0848
key=plain, no.=68, <checksum>:
0x8A47F62E51C521D86B94FA5E070E0848
key=plain, no.=68, cso file:
/dev/null
----------------------------------------------
real command=cset shield -e /home/nrink/Projects/build/encode/encode/tests/ptrarith/ptrarith.perf.plain --  --cso /dev/null
key=plain, no.=69, <stderr>:
LENGTH=620
elapsed cycles: 61641
hi(checksum)=0x8A47F62E51C521D8
lo(checksum)=0x6B94FA5E070E0848
key=plain, no.=69, <checksum>:
0x8A47F62E51C521D86B94FA5E070E0848
key=plain, no.=69, cso file:
/dev/null
----------------------------------------------
real command=cset shield -e /home/nrink/Projects/build/encode/encode/tests/ptrarith/ptrarith.perf.plain --  --cso /dev/null
key=plain, no.=70, <stderr>:
LENGTH=620
elapsed cycles: 61476
hi(checksum)=0x8A47F62E51C521D8
lo(checksum)=0x6B94FA5E070E0848
key=plain, no.=70, <checksum>:
0x8A47F62E51C521D86B94FA5E070E0848
key=plain, no.=70, cso file:
/dev/null
----------------------------------------------
real command=cset shield -e /home/nrink/Projects/build/encode/encode/tests/ptrarith/ptrarith.perf.plain --  --cso /dev/null
key=plain, no.=71, <stderr>:
LENGTH=620
elapsed cycles: 61416
hi(checksum)=0x8A47F62E51C521D8
lo(checksum)=0x6B94FA5E070E0848
key=plain, no.=71, <checksum>:
0x8A47F62E51C521D86B94FA5E070E0848
key=plain, no.=71, cso file:
/dev/null
----------------------------------------------
real command=cset shield -e /home/nrink/Projects/build/encode/encode/tests/ptrarith/ptrarith.perf.plain --  --cso /dev/null
key=plain, no.=72, <stderr>:
LENGTH=620
elapsed cycles: 60909
hi(checksum)=0x8A47F62E51C521D8
lo(checksum)=0x6B94FA5E070E0848
key=plain, no.=72, <checksum>:
0x8A47F62E51C521D86B94FA5E070E0848
key=plain, no.=72, cso file:
/dev/null
----------------------------------------------
real command=cset shield -e /home/nrink/Projects/build/encode/encode/tests/ptrarith/ptrarith.perf.plain --  --cso /dev/null
key=plain, no.=73, <stderr>:
LENGTH=620
elapsed cycles: 97428
hi(checksum)=0x8A47F62E51C521D8
lo(checksum)=0x6B94FA5E070E0848
key=plain, no.=73, <checksum>:
0x8A47F62E51C521D86B94FA5E070E0848
key=plain, no.=73, cso file:
/dev/null
----------------------------------------------
real command=cset shield -e /home/nrink/Projects/build/encode/encode/tests/ptrarith/ptrarith.perf.plain --  --cso /dev/null
key=plain, no.=74, <stderr>:
LENGTH=620
elapsed cycles: 61161
hi(checksum)=0x8A47F62E51C521D8
lo(checksum)=0x6B94FA5E070E0848
key=plain, no.=74, <checksum>:
0x8A47F62E51C521D86B94FA5E070E0848
key=plain, no.=74, cso file:
/dev/null
----------------------------------------------
real command=cset shield -e /home/nrink/Projects/build/encode/encode/tests/ptrarith/ptrarith.perf.plain --  --cso /dev/null
key=plain, no.=75, <stderr>:
LENGTH=620
elapsed cycles: 60864
hi(checksum)=0x8A47F62E51C521D8
lo(checksum)=0x6B94FA5E070E0848
key=plain, no.=75, <checksum>:
0x8A47F62E51C521D86B94FA5E070E0848
key=plain, no.=75, cso file:
/dev/null
----------------------------------------------
real command=cset shield -e /home/nrink/Projects/build/encode/encode/tests/ptrarith/ptrarith.perf.plain --  --cso /dev/null
key=plain, no.=76, <stderr>:
LENGTH=620
elapsed cycles: 61236
hi(checksum)=0x8A47F62E51C521D8
lo(checksum)=0x6B94FA5E070E0848
key=plain, no.=76, <checksum>:
0x8A47F62E51C521D86B94FA5E070E0848
key=plain, no.=76, cso file:
/dev/null
----------------------------------------------
real command=cset shield -e /home/nrink/Projects/build/encode/encode/tests/ptrarith/ptrarith.perf.plain --  --cso /dev/null
key=plain, no.=77, <stderr>:
LENGTH=620
elapsed cycles: 61515
hi(checksum)=0x8A47F62E51C521D8
lo(checksum)=0x6B94FA5E070E0848
key=plain, no.=77, <checksum>:
0x8A47F62E51C521D86B94FA5E070E0848
key=plain, no.=77, cso file:
/dev/null
----------------------------------------------
real command=cset shield -e /home/nrink/Projects/build/encode/encode/tests/ptrarith/ptrarith.perf.plain --  --cso /dev/null
key=plain, no.=78, <stderr>:
LENGTH=620
elapsed cycles: 60858
hi(checksum)=0x8A47F62E51C521D8
lo(checksum)=0x6B94FA5E070E0848
key=plain, no.=78, <checksum>:
0x8A47F62E51C521D86B94FA5E070E0848
key=plain, no.=78, cso file:
/dev/null
----------------------------------------------
real command=cset shield -e /home/nrink/Projects/build/encode/encode/tests/ptrarith/ptrarith.perf.plain --  --cso /dev/null
key=plain, no.=79, <stderr>:
LENGTH=620
elapsed cycles: 61449
hi(checksum)=0x8A47F62E51C521D8
lo(checksum)=0x6B94FA5E070E0848
key=plain, no.=79, <checksum>:
0x8A47F62E51C521D86B94FA5E070E0848
key=plain, no.=79, cso file:
/dev/null
----------------------------------------------
real command=cset shield -e /home/nrink/Projects/build/encode/encode/tests/ptrarith/ptrarith.perf.plain --  --cso /dev/null
key=plain, no.=80, <stderr>:
LENGTH=620
elapsed cycles: 60882
hi(checksum)=0x8A47F62E51C521D8
lo(checksum)=0x6B94FA5E070E0848
key=plain, no.=80, <checksum>:
0x8A47F62E51C521D86B94FA5E070E0848
key=plain, no.=80, cso file:
/dev/null
----------------------------------------------
real command=cset shield -e /home/nrink/Projects/build/encode/encode/tests/ptrarith/ptrarith.perf.plain --  --cso /dev/null
key=plain, no.=81, <stderr>:
LENGTH=620
elapsed cycles: 62754
hi(checksum)=0x8A47F62E51C521D8
lo(checksum)=0x6B94FA5E070E0848
key=plain, no.=81, <checksum>:
0x8A47F62E51C521D86B94FA5E070E0848
key=plain, no.=81, cso file:
/dev/null
----------------------------------------------
real command=cset shield -e /home/nrink/Projects/build/encode/encode/tests/ptrarith/ptrarith.perf.plain --  --cso /dev/null
key=plain, no.=82, <stderr>:
LENGTH=620
elapsed cycles: 60834
hi(checksum)=0x8A47F62E51C521D8
lo(checksum)=0x6B94FA5E070E0848
key=plain, no.=82, <checksum>:
0x8A47F62E51C521D86B94FA5E070E0848
key=plain, no.=82, cso file:
/dev/null
----------------------------------------------
real command=cset shield -e /home/nrink/Projects/build/encode/encode/tests/ptrarith/ptrarith.perf.plain --  --cso /dev/null
key=plain, no.=83, <stderr>:
LENGTH=620
elapsed cycles: 60855
hi(checksum)=0x8A47F62E51C521D8
lo(checksum)=0x6B94FA5E070E0848
key=plain, no.=83, <checksum>:
0x8A47F62E51C521D86B94FA5E070E0848
key=plain, no.=83, cso file:
/dev/null
----------------------------------------------
real command=cset shield -e /home/nrink/Projects/build/encode/encode/tests/ptrarith/ptrarith.perf.plain --  --cso /dev/null
key=plain, no.=84, <stderr>:
LENGTH=620
elapsed cycles: 60801
hi(checksum)=0x8A47F62E51C521D8
lo(checksum)=0x6B94FA5E070E0848
key=plain, no.=84, <checksum>:
0x8A47F62E51C521D86B94FA5E070E0848
key=plain, no.=84, cso file:
/dev/null
----------------------------------------------
real command=cset shield -e /home/nrink/Projects/build/encode/encode/tests/ptrarith/ptrarith.perf.plain --  --cso /dev/null
key=plain, no.=85, <stderr>:
LENGTH=620
elapsed cycles: 60822
hi(checksum)=0x8A47F62E51C521D8
lo(checksum)=0x6B94FA5E070E0848
key=plain, no.=85, <checksum>:
0x8A47F62E51C521D86B94FA5E070E0848
key=plain, no.=85, cso file:
/dev/null
----------------------------------------------
real command=cset shield -e /home/nrink/Projects/build/encode/encode/tests/ptrarith/ptrarith.perf.plain --  --cso /dev/null
key=plain, no.=86, <stderr>:
LENGTH=620
elapsed cycles: 60876
hi(checksum)=0x8A47F62E51C521D8
lo(checksum)=0x6B94FA5E070E0848
key=plain, no.=86, <checksum>:
0x8A47F62E51C521D86B94FA5E070E0848
key=plain, no.=86, cso file:
/dev/null
----------------------------------------------
real command=cset shield -e /home/nrink/Projects/build/encode/encode/tests/ptrarith/ptrarith.perf.plain --  --cso /dev/null
key=plain, no.=87, <stderr>:
LENGTH=620
elapsed cycles: 60840
hi(checksum)=0x8A47F62E51C521D8
lo(checksum)=0x6B94FA5E070E0848
key=plain, no.=87, <checksum>:
0x8A47F62E51C521D86B94FA5E070E0848
key=plain, no.=87, cso file:
/dev/null
----------------------------------------------
real command=cset shield -e /home/nrink/Projects/build/encode/encode/tests/ptrarith/ptrarith.perf.plain --  --cso /dev/null
key=plain, no.=88, <stderr>:
LENGTH=620
elapsed cycles: 61266
hi(checksum)=0x8A47F62E51C521D8
lo(checksum)=0x6B94FA5E070E0848
key=plain, no.=88, <checksum>:
0x8A47F62E51C521D86B94FA5E070E0848
key=plain, no.=88, cso file:
/dev/null
----------------------------------------------
real command=cset shield -e /home/nrink/Projects/build/encode/encode/tests/ptrarith/ptrarith.perf.plain --  --cso /dev/null
key=plain, no.=89, <stderr>:
LENGTH=620
elapsed cycles: 61290
hi(checksum)=0x8A47F62E51C521D8
lo(checksum)=0x6B94FA5E070E0848
key=plain, no.=89, <checksum>:
0x8A47F62E51C521D86B94FA5E070E0848
key=plain, no.=89, cso file:
/dev/null
----------------------------------------------
real command=cset shield -e /home/nrink/Projects/build/encode/encode/tests/ptrarith/ptrarith.perf.plain --  --cso /dev/null
key=plain, no.=90, <stderr>:
LENGTH=620
elapsed cycles: 61149
hi(checksum)=0x8A47F62E51C521D8
lo(checksum)=0x6B94FA5E070E0848
key=plain, no.=90, <checksum>:
0x8A47F62E51C521D86B94FA5E070E0848
key=plain, no.=90, cso file:
/dev/null
----------------------------------------------
real command=cset shield -e /home/nrink/Projects/build/encode/encode/tests/ptrarith/ptrarith.perf.plain --  --cso /dev/null
key=plain, no.=91, <stderr>:
LENGTH=620
elapsed cycles: 61206
hi(checksum)=0x8A47F62E51C521D8
lo(checksum)=0x6B94FA5E070E0848
key=plain, no.=91, <checksum>:
0x8A47F62E51C521D86B94FA5E070E0848
key=plain, no.=91, cso file:
/dev/null
----------------------------------------------
real command=cset shield -e /home/nrink/Projects/build/encode/encode/tests/ptrarith/ptrarith.perf.plain --  --cso /dev/null
key=plain, no.=92, <stderr>:
LENGTH=620
elapsed cycles: 61296
hi(checksum)=0x8A47F62E51C521D8
lo(checksum)=0x6B94FA5E070E0848
key=plain, no.=92, <checksum>:
0x8A47F62E51C521D86B94FA5E070E0848
key=plain, no.=92, cso file:
/dev/null
----------------------------------------------
real command=cset shield -e /home/nrink/Projects/build/encode/encode/tests/ptrarith/ptrarith.perf.plain --  --cso /dev/null
key=plain, no.=93, <stderr>:
LENGTH=620
elapsed cycles: 61152
hi(checksum)=0x8A47F62E51C521D8
lo(checksum)=0x6B94FA5E070E0848
key=plain, no.=93, <checksum>:
0x8A47F62E51C521D86B94FA5E070E0848
key=plain, no.=93, cso file:
/dev/null
----------------------------------------------
real command=cset shield -e /home/nrink/Projects/build/encode/encode/tests/ptrarith/ptrarith.perf.plain --  --cso /dev/null
key=plain, no.=94, <stderr>:
LENGTH=620
elapsed cycles: 60840
hi(checksum)=0x8A47F62E51C521D8
lo(checksum)=0x6B94FA5E070E0848
key=plain, no.=94, <checksum>:
0x8A47F62E51C521D86B94FA5E070E0848
key=plain, no.=94, cso file:
/dev/null
----------------------------------------------
real command=cset shield -e /home/nrink/Projects/build/encode/encode/tests/ptrarith/ptrarith.perf.plain --  --cso /dev/null
key=plain, no.=95, <stderr>:
LENGTH=620
elapsed cycles: 60798
hi(checksum)=0x8A47F62E51C521D8
lo(checksum)=0x6B94FA5E070E0848
key=plain, no.=95, <checksum>:
0x8A47F62E51C521D86B94FA5E070E0848
key=plain, no.=95, cso file:
/dev/null
----------------------------------------------
real command=cset shield -e /home/nrink/Projects/build/encode/encode/tests/ptrarith/ptrarith.perf.plain --  --cso /dev/null
key=plain, no.=96, <stderr>:
LENGTH=620
elapsed cycles: 60849
hi(checksum)=0x8A47F62E51C521D8
lo(checksum)=0x6B94FA5E070E0848
key=plain, no.=96, <checksum>:
0x8A47F62E51C521D86B94FA5E070E0848
key=plain, no.=96, cso file:
/dev/null
----------------------------------------------
real command=cset shield -e /home/nrink/Projects/build/encode/encode/tests/ptrarith/ptrarith.perf.plain --  --cso /dev/null
key=plain, no.=97, <stderr>:
LENGTH=620
elapsed cycles: 60801
hi(checksum)=0x8A47F62E51C521D8
lo(checksum)=0x6B94FA5E070E0848
key=plain, no.=97, <checksum>:
0x8A47F62E51C521D86B94FA5E070E0848
key=plain, no.=97, cso file:
/dev/null
----------------------------------------------
real command=cset shield -e /home/nrink/Projects/build/encode/encode/tests/ptrarith/ptrarith.perf.plain --  --cso /dev/null
key=plain, no.=98, <stderr>:
LENGTH=620
elapsed cycles: 60831
hi(checksum)=0x8A47F62E51C521D8
lo(checksum)=0x6B94FA5E070E0848
key=plain, no.=98, <checksum>:
0x8A47F62E51C521D86B94FA5E070E0848
key=plain, no.=98, cso file:
/dev/null
----------------------------------------------
real command=cset shield -e /home/nrink/Projects/build/encode/encode/tests/ptrarith/ptrarith.perf.plain --  --cso /dev/null
key=plain, no.=99, <stderr>:
LENGTH=620
elapsed cycles: 60981
hi(checksum)=0x8A47F62E51C521D8
lo(checksum)=0x6B94FA5E070E0848
key=plain, no.=99, <checksum>:
0x8A47F62E51C521D86B94FA5E070E0848
key=plain, no.=99, cso file:
/dev/null
----------------------------------------------
key=encoded, runs=100 ...
command=/home/nrink/Projects/build/encode/encode/tests/ptrarith/ptrarith.perf.encoded
----------------------------------------------
real command=cset shield -e /home/nrink/Projects/build/encode/encode/tests/ptrarith/ptrarith.perf.encoded --  --cso /dev/null
key=encoded, no.=0, <stderr>:
LENGTH=620
elapsed cycles: 542265
hi(checksum)=0x8A47F62E51C521D8
lo(checksum)=0x6B94FA5E070E0848
key=encoded, no.=0, <checksum>:
0x8A47F62E51C521D86B94FA5E070E0848
key=encoded, no.=0, cso file:
/dev/null
----------------------------------------------
real command=cset shield -e /home/nrink/Projects/build/encode/encode/tests/ptrarith/ptrarith.perf.encoded --  --cso /dev/null
key=encoded, no.=1, <stderr>:
LENGTH=620
elapsed cycles: 543759
hi(checksum)=0x8A47F62E51C521D8
lo(checksum)=0x6B94FA5E070E0848
key=encoded, no.=1, <checksum>:
0x8A47F62E51C521D86B94FA5E070E0848
key=encoded, no.=1, cso file:
/dev/null
----------------------------------------------
real command=cset shield -e /home/nrink/Projects/build/encode/encode/tests/ptrarith/ptrarith.perf.encoded --  --cso /dev/null
key=encoded, no.=2, <stderr>:
LENGTH=620
elapsed cycles: 538899
hi(checksum)=0x8A47F62E51C521D8
lo(checksum)=0x6B94FA5E070E0848
key=encoded, no.=2, <checksum>:
0x8A47F62E51C521D86B94FA5E070E0848
key=encoded, no.=2, cso file:
/dev/null
----------------------------------------------
real command=cset shield -e /home/nrink/Projects/build/encode/encode/tests/ptrarith/ptrarith.perf.encoded --  --cso /dev/null
key=encoded, no.=3, <stderr>:
LENGTH=620
elapsed cycles: 538470
hi(checksum)=0x8A47F62E51C521D8
lo(checksum)=0x6B94FA5E070E0848
key=encoded, no.=3, <checksum>:
0x8A47F62E51C521D86B94FA5E070E0848
key=encoded, no.=3, cso file:
/dev/null
----------------------------------------------
real command=cset shield -e /home/nrink/Projects/build/encode/encode/tests/ptrarith/ptrarith.perf.encoded --  --cso /dev/null
key=encoded, no.=4, <stderr>:
LENGTH=620
elapsed cycles: 538557
hi(checksum)=0x8A47F62E51C521D8
lo(checksum)=0x6B94FA5E070E0848
key=encoded, no.=4, <checksum>:
0x8A47F62E51C521D86B94FA5E070E0848
key=encoded, no.=4, cso file:
/dev/null
----------------------------------------------
real command=cset shield -e /home/nrink/Projects/build/encode/encode/tests/ptrarith/ptrarith.perf.encoded --  --cso /dev/null
key=encoded, no.=5, <stderr>:
LENGTH=620
elapsed cycles: 538302
hi(checksum)=0x8A47F62E51C521D8
lo(checksum)=0x6B94FA5E070E0848
key=encoded, no.=5, <checksum>:
0x8A47F62E51C521D86B94FA5E070E0848
key=encoded, no.=5, cso file:
/dev/null
----------------------------------------------
real command=cset shield -e /home/nrink/Projects/build/encode/encode/tests/ptrarith/ptrarith.perf.encoded --  --cso /dev/null
key=encoded, no.=6, <stderr>:
LENGTH=620
elapsed cycles: 538335
hi(checksum)=0x8A47F62E51C521D8
lo(checksum)=0x6B94FA5E070E0848
key=encoded, no.=6, <checksum>:
0x8A47F62E51C521D86B94FA5E070E0848
key=encoded, no.=6, cso file:
/dev/null
----------------------------------------------
real command=cset shield -e /home/nrink/Projects/build/encode/encode/tests/ptrarith/ptrarith.perf.encoded --  --cso /dev/null
key=encoded, no.=7, <stderr>:
LENGTH=620
elapsed cycles: 542307
hi(checksum)=0x8A47F62E51C521D8
lo(checksum)=0x6B94FA5E070E0848
key=encoded, no.=7, <checksum>:
0x8A47F62E51C521D86B94FA5E070E0848
key=encoded, no.=7, cso file:
/dev/null
----------------------------------------------
real command=cset shield -e /home/nrink/Projects/build/encode/encode/tests/ptrarith/ptrarith.perf.encoded --  --cso /dev/null
key=encoded, no.=8, <stderr>:
LENGTH=620
elapsed cycles: 539358
hi(checksum)=0x8A47F62E51C521D8
lo(checksum)=0x6B94FA5E070E0848
key=encoded, no.=8, <checksum>:
0x8A47F62E51C521D86B94FA5E070E0848
key=encoded, no.=8, cso file:
/dev/null
----------------------------------------------
real command=cset shield -e /home/nrink/Projects/build/encode/encode/tests/ptrarith/ptrarith.perf.encoded --  --cso /dev/null
key=encoded, no.=9, <stderr>:
LENGTH=620
elapsed cycles: 541941
hi(checksum)=0x8A47F62E51C521D8
lo(checksum)=0x6B94FA5E070E0848
key=encoded, no.=9, <checksum>:
0x8A47F62E51C521D86B94FA5E070E0848
key=encoded, no.=9, cso file:
/dev/null
----------------------------------------------
real command=cset shield -e /home/nrink/Projects/build/encode/encode/tests/ptrarith/ptrarith.perf.encoded --  --cso /dev/null
key=encoded, no.=10, <stderr>:
LENGTH=620
elapsed cycles: 538602
hi(checksum)=0x8A47F62E51C521D8
lo(checksum)=0x6B94FA5E070E0848
key=encoded, no.=10, <checksum>:
0x8A47F62E51C521D86B94FA5E070E0848
key=encoded, no.=10, cso file:
/dev/null
----------------------------------------------
real command=cset shield -e /home/nrink/Projects/build/encode/encode/tests/ptrarith/ptrarith.perf.encoded --  --cso /dev/null
key=encoded, no.=11, <stderr>:
LENGTH=620
elapsed cycles: 538269
hi(checksum)=0x8A47F62E51C521D8
lo(checksum)=0x6B94FA5E070E0848
key=encoded, no.=11, <checksum>:
0x8A47F62E51C521D86B94FA5E070E0848
key=encoded, no.=11, cso file:
/dev/null
----------------------------------------------
real command=cset shield -e /home/nrink/Projects/build/encode/encode/tests/ptrarith/ptrarith.perf.encoded --  --cso /dev/null
key=encoded, no.=12, <stderr>:
LENGTH=620
elapsed cycles: 538305
hi(checksum)=0x8A47F62E51C521D8
lo(checksum)=0x6B94FA5E070E0848
key=encoded, no.=12, <checksum>:
0x8A47F62E51C521D86B94FA5E070E0848
key=encoded, no.=12, cso file:
/dev/null
----------------------------------------------
real command=cset shield -e /home/nrink/Projects/build/encode/encode/tests/ptrarith/ptrarith.perf.encoded --  --cso /dev/null
key=encoded, no.=13, <stderr>:
LENGTH=620
elapsed cycles: 538242
hi(checksum)=0x8A47F62E51C521D8
lo(checksum)=0x6B94FA5E070E0848
key=encoded, no.=13, <checksum>:
0x8A47F62E51C521D86B94FA5E070E0848
key=encoded, no.=13, cso file:
/dev/null
----------------------------------------------
real command=cset shield -e /home/nrink/Projects/build/encode/encode/tests/ptrarith/ptrarith.perf.encoded --  --cso /dev/null
key=encoded, no.=14, <stderr>:
LENGTH=620
elapsed cycles: 538440
hi(checksum)=0x8A47F62E51C521D8
lo(checksum)=0x6B94FA5E070E0848
key=encoded, no.=14, <checksum>:
0x8A47F62E51C521D86B94FA5E070E0848
key=encoded, no.=14, cso file:
/dev/null
----------------------------------------------
real command=cset shield -e /home/nrink/Projects/build/encode/encode/tests/ptrarith/ptrarith.perf.encoded --  --cso /dev/null
key=encoded, no.=15, <stderr>:
LENGTH=620
elapsed cycles: 538350
hi(checksum)=0x8A47F62E51C521D8
lo(checksum)=0x6B94FA5E070E0848
key=encoded, no.=15, <checksum>:
0x8A47F62E51C521D86B94FA5E070E0848
key=encoded, no.=15, cso file:
/dev/null
----------------------------------------------
real command=cset shield -e /home/nrink/Projects/build/encode/encode/tests/ptrarith/ptrarith.perf.encoded --  --cso /dev/null
key=encoded, no.=16, <stderr>:
LENGTH=620
elapsed cycles: 538224
hi(checksum)=0x8A47F62E51C521D8
lo(checksum)=0x6B94FA5E070E0848
key=encoded, no.=16, <checksum>:
0x8A47F62E51C521D86B94FA5E070E0848
key=encoded, no.=16, cso file:
/dev/null
----------------------------------------------
real command=cset shield -e /home/nrink/Projects/build/encode/encode/tests/ptrarith/ptrarith.perf.encoded --  --cso /dev/null
key=encoded, no.=17, <stderr>:
LENGTH=620
elapsed cycles: 538413
hi(checksum)=0x8A47F62E51C521D8
lo(checksum)=0x6B94FA5E070E0848
key=encoded, no.=17, <checksum>:
0x8A47F62E51C521D86B94FA5E070E0848
key=encoded, no.=17, cso file:
/dev/null
----------------------------------------------
real command=cset shield -e /home/nrink/Projects/build/encode/encode/tests/ptrarith/ptrarith.perf.encoded --  --cso /dev/null
key=encoded, no.=18, <stderr>:
LENGTH=620
elapsed cycles: 538227
hi(checksum)=0x8A47F62E51C521D8
lo(checksum)=0x6B94FA5E070E0848
key=encoded, no.=18, <checksum>:
0x8A47F62E51C521D86B94FA5E070E0848
key=encoded, no.=18, cso file:
/dev/null
----------------------------------------------
real command=cset shield -e /home/nrink/Projects/build/encode/encode/tests/ptrarith/ptrarith.perf.encoded --  --cso /dev/null
key=encoded, no.=19, <stderr>:
LENGTH=620
elapsed cycles: 572076
hi(checksum)=0x8A47F62E51C521D8
lo(checksum)=0x6B94FA5E070E0848
key=encoded, no.=19, <checksum>:
0x8A47F62E51C521D86B94FA5E070E0848
key=encoded, no.=19, cso file:
/dev/null
----------------------------------------------
real command=cset shield -e /home/nrink/Projects/build/encode/encode/tests/ptrarith/ptrarith.perf.encoded --  --cso /dev/null
key=encoded, no.=20, <stderr>:
LENGTH=620
elapsed cycles: 608616
hi(checksum)=0x8A47F62E51C521D8
lo(checksum)=0x6B94FA5E070E0848
key=encoded, no.=20, <checksum>:
0x8A47F62E51C521D86B94FA5E070E0848
key=encoded, no.=20, cso file:
/dev/null
----------------------------------------------
real command=cset shield -e /home/nrink/Projects/build/encode/encode/tests/ptrarith/ptrarith.perf.encoded --  --cso /dev/null
key=encoded, no.=21, <stderr>:
LENGTH=620
elapsed cycles: 636279
hi(checksum)=0x8A47F62E51C521D8
lo(checksum)=0x6B94FA5E070E0848
key=encoded, no.=21, <checksum>:
0x8A47F62E51C521D86B94FA5E070E0848
key=encoded, no.=21, cso file:
/dev/null
----------------------------------------------
real command=cset shield -e /home/nrink/Projects/build/encode/encode/tests/ptrarith/ptrarith.perf.encoded --  --cso /dev/null
key=encoded, no.=22, <stderr>:
LENGTH=620
elapsed cycles: 571779
hi(checksum)=0x8A47F62E51C521D8
lo(checksum)=0x6B94FA5E070E0848
key=encoded, no.=22, <checksum>:
0x8A47F62E51C521D86B94FA5E070E0848
key=encoded, no.=22, cso file:
/dev/null
----------------------------------------------
real command=cset shield -e /home/nrink/Projects/build/encode/encode/tests/ptrarith/ptrarith.perf.encoded --  --cso /dev/null
key=encoded, no.=23, <stderr>:
LENGTH=620
elapsed cycles: 538374
hi(checksum)=0x8A47F62E51C521D8
lo(checksum)=0x6B94FA5E070E0848
key=encoded, no.=23, <checksum>:
0x8A47F62E51C521D86B94FA5E070E0848
key=encoded, no.=23, cso file:
/dev/null
----------------------------------------------
real command=cset shield -e /home/nrink/Projects/build/encode/encode/tests/ptrarith/ptrarith.perf.encoded --  --cso /dev/null
key=encoded, no.=24, <stderr>:
LENGTH=620
elapsed cycles: 571749
hi(checksum)=0x8A47F62E51C521D8
lo(checksum)=0x6B94FA5E070E0848
key=encoded, no.=24, <checksum>:
0x8A47F62E51C521D86B94FA5E070E0848
key=encoded, no.=24, cso file:
/dev/null
----------------------------------------------
real command=cset shield -e /home/nrink/Projects/build/encode/encode/tests/ptrarith/ptrarith.perf.encoded --  --cso /dev/null
key=encoded, no.=25, <stderr>:
LENGTH=620
elapsed cycles: 538437
hi(checksum)=0x8A47F62E51C521D8
lo(checksum)=0x6B94FA5E070E0848
key=encoded, no.=25, <checksum>:
0x8A47F62E51C521D86B94FA5E070E0848
key=encoded, no.=25, cso file:
/dev/null
----------------------------------------------
real command=cset shield -e /home/nrink/Projects/build/encode/encode/tests/ptrarith/ptrarith.perf.encoded --  --cso /dev/null
key=encoded, no.=26, <stderr>:
LENGTH=620
elapsed cycles: 538866
hi(checksum)=0x8A47F62E51C521D8
lo(checksum)=0x6B94FA5E070E0848
key=encoded, no.=26, <checksum>:
0x8A47F62E51C521D86B94FA5E070E0848
key=encoded, no.=26, cso file:
/dev/null
----------------------------------------------
real command=cset shield -e /home/nrink/Projects/build/encode/encode/tests/ptrarith/ptrarith.perf.encoded --  --cso /dev/null
key=encoded, no.=27, <stderr>:
LENGTH=620
elapsed cycles: 538431
hi(checksum)=0x8A47F62E51C521D8
lo(checksum)=0x6B94FA5E070E0848
key=encoded, no.=27, <checksum>:
0x8A47F62E51C521D86B94FA5E070E0848
key=encoded, no.=27, cso file:
/dev/null
----------------------------------------------
real command=cset shield -e /home/nrink/Projects/build/encode/encode/tests/ptrarith/ptrarith.perf.encoded --  --cso /dev/null
key=encoded, no.=28, <stderr>:
LENGTH=620
elapsed cycles: 538119
hi(checksum)=0x8A47F62E51C521D8
lo(checksum)=0x6B94FA5E070E0848
key=encoded, no.=28, <checksum>:
0x8A47F62E51C521D86B94FA5E070E0848
key=encoded, no.=28, cso file:
/dev/null
----------------------------------------------
real command=cset shield -e /home/nrink/Projects/build/encode/encode/tests/ptrarith/ptrarith.perf.encoded --  --cso /dev/null
key=encoded, no.=29, <stderr>:
LENGTH=620
elapsed cycles: 557502
hi(checksum)=0x8A47F62E51C521D8
lo(checksum)=0x6B94FA5E070E0848
key=encoded, no.=29, <checksum>:
0x8A47F62E51C521D86B94FA5E070E0848
key=encoded, no.=29, cso file:
/dev/null
----------------------------------------------
real command=cset shield -e /home/nrink/Projects/build/encode/encode/tests/ptrarith/ptrarith.perf.encoded --  --cso /dev/null
key=encoded, no.=30, <stderr>:
LENGTH=620
elapsed cycles: 543237
hi(checksum)=0x8A47F62E51C521D8
lo(checksum)=0x6B94FA5E070E0848
key=encoded, no.=30, <checksum>:
0x8A47F62E51C521D86B94FA5E070E0848
key=encoded, no.=30, cso file:
/dev/null
----------------------------------------------
real command=cset shield -e /home/nrink/Projects/build/encode/encode/tests/ptrarith/ptrarith.perf.encoded --  --cso /dev/null
key=encoded, no.=31, <stderr>:
LENGTH=620
elapsed cycles: 628809
hi(checksum)=0x8A47F62E51C521D8
lo(checksum)=0x6B94FA5E070E0848
key=encoded, no.=31, <checksum>:
0x8A47F62E51C521D86B94FA5E070E0848
key=encoded, no.=31, cso file:
/dev/null
----------------------------------------------
real command=cset shield -e /home/nrink/Projects/build/encode/encode/tests/ptrarith/ptrarith.perf.encoded --  --cso /dev/null
key=encoded, no.=32, <stderr>:
LENGTH=620
elapsed cycles: 539487
hi(checksum)=0x8A47F62E51C521D8
lo(checksum)=0x6B94FA5E070E0848
key=encoded, no.=32, <checksum>:
0x8A47F62E51C521D86B94FA5E070E0848
key=encoded, no.=32, cso file:
/dev/null
----------------------------------------------
real command=cset shield -e /home/nrink/Projects/build/encode/encode/tests/ptrarith/ptrarith.perf.encoded --  --cso /dev/null
key=encoded, no.=33, <stderr>:
LENGTH=620
elapsed cycles: 538731
hi(checksum)=0x8A47F62E51C521D8
lo(checksum)=0x6B94FA5E070E0848
key=encoded, no.=33, <checksum>:
0x8A47F62E51C521D86B94FA5E070E0848
key=encoded, no.=33, cso file:
/dev/null
----------------------------------------------
real command=cset shield -e /home/nrink/Projects/build/encode/encode/tests/ptrarith/ptrarith.perf.encoded --  --cso /dev/null
key=encoded, no.=34, <stderr>:
LENGTH=620
elapsed cycles: 538635
hi(checksum)=0x8A47F62E51C521D8
lo(checksum)=0x6B94FA5E070E0848
key=encoded, no.=34, <checksum>:
0x8A47F62E51C521D86B94FA5E070E0848
key=encoded, no.=34, cso file:
/dev/null
----------------------------------------------
real command=cset shield -e /home/nrink/Projects/build/encode/encode/tests/ptrarith/ptrarith.perf.encoded --  --cso /dev/null
key=encoded, no.=35, <stderr>:
LENGTH=620
elapsed cycles: 538971
hi(checksum)=0x8A47F62E51C521D8
lo(checksum)=0x6B94FA5E070E0848
key=encoded, no.=35, <checksum>:
0x8A47F62E51C521D86B94FA5E070E0848
key=encoded, no.=35, cso file:
/dev/null
----------------------------------------------
real command=cset shield -e /home/nrink/Projects/build/encode/encode/tests/ptrarith/ptrarith.perf.encoded --  --cso /dev/null
key=encoded, no.=36, <stderr>:
LENGTH=620
elapsed cycles: 580617
hi(checksum)=0x8A47F62E51C521D8
lo(checksum)=0x6B94FA5E070E0848
key=encoded, no.=36, <checksum>:
0x8A47F62E51C521D86B94FA5E070E0848
key=encoded, no.=36, cso file:
/dev/null
----------------------------------------------
real command=cset shield -e /home/nrink/Projects/build/encode/encode/tests/ptrarith/ptrarith.perf.encoded --  --cso /dev/null
key=encoded, no.=37, <stderr>:
LENGTH=620
elapsed cycles: 540360
hi(checksum)=0x8A47F62E51C521D8
lo(checksum)=0x6B94FA5E070E0848
key=encoded, no.=37, <checksum>:
0x8A47F62E51C521D86B94FA5E070E0848
key=encoded, no.=37, cso file:
/dev/null
----------------------------------------------
real command=cset shield -e /home/nrink/Projects/build/encode/encode/tests/ptrarith/ptrarith.perf.encoded --  --cso /dev/null
key=encoded, no.=38, <stderr>:
LENGTH=620
elapsed cycles: 569928
hi(checksum)=0x8A47F62E51C521D8
lo(checksum)=0x6B94FA5E070E0848
key=encoded, no.=38, <checksum>:
0x8A47F62E51C521D86B94FA5E070E0848
key=encoded, no.=38, cso file:
/dev/null
----------------------------------------------
real command=cset shield -e /home/nrink/Projects/build/encode/encode/tests/ptrarith/ptrarith.perf.encoded --  --cso /dev/null
key=encoded, no.=39, <stderr>:
LENGTH=620
elapsed cycles: 610092
hi(checksum)=0x8A47F62E51C521D8
lo(checksum)=0x6B94FA5E070E0848
key=encoded, no.=39, <checksum>:
0x8A47F62E51C521D86B94FA5E070E0848
key=encoded, no.=39, cso file:
/dev/null
----------------------------------------------
real command=cset shield -e /home/nrink/Projects/build/encode/encode/tests/ptrarith/ptrarith.perf.encoded --  --cso /dev/null
key=encoded, no.=40, <stderr>:
LENGTH=620
elapsed cycles: 541338
hi(checksum)=0x8A47F62E51C521D8
lo(checksum)=0x6B94FA5E070E0848
key=encoded, no.=40, <checksum>:
0x8A47F62E51C521D86B94FA5E070E0848
key=encoded, no.=40, cso file:
/dev/null
----------------------------------------------
real command=cset shield -e /home/nrink/Projects/build/encode/encode/tests/ptrarith/ptrarith.perf.encoded --  --cso /dev/null
key=encoded, no.=41, <stderr>:
LENGTH=620
elapsed cycles: 540510
hi(checksum)=0x8A47F62E51C521D8
lo(checksum)=0x6B94FA5E070E0848
key=encoded, no.=41, <checksum>:
0x8A47F62E51C521D86B94FA5E070E0848
key=encoded, no.=41, cso file:
/dev/null
----------------------------------------------
real command=cset shield -e /home/nrink/Projects/build/encode/encode/tests/ptrarith/ptrarith.perf.encoded --  --cso /dev/null
key=encoded, no.=42, <stderr>:
LENGTH=620
elapsed cycles: 543759
hi(checksum)=0x8A47F62E51C521D8
lo(checksum)=0x6B94FA5E070E0848
key=encoded, no.=42, <checksum>:
0x8A47F62E51C521D86B94FA5E070E0848
key=encoded, no.=42, cso file:
/dev/null
----------------------------------------------
real command=cset shield -e /home/nrink/Projects/build/encode/encode/tests/ptrarith/ptrarith.perf.encoded --  --cso /dev/null
key=encoded, no.=43, <stderr>:
LENGTH=620
elapsed cycles: 538866
hi(checksum)=0x8A47F62E51C521D8
lo(checksum)=0x6B94FA5E070E0848
key=encoded, no.=43, <checksum>:
0x8A47F62E51C521D86B94FA5E070E0848
key=encoded, no.=43, cso file:
/dev/null
----------------------------------------------
real command=cset shield -e /home/nrink/Projects/build/encode/encode/tests/ptrarith/ptrarith.perf.encoded --  --cso /dev/null
key=encoded, no.=44, <stderr>:
LENGTH=620
elapsed cycles: 538881
hi(checksum)=0x8A47F62E51C521D8
lo(checksum)=0x6B94FA5E070E0848
key=encoded, no.=44, <checksum>:
0x8A47F62E51C521D86B94FA5E070E0848
key=encoded, no.=44, cso file:
/dev/null
----------------------------------------------
real command=cset shield -e /home/nrink/Projects/build/encode/encode/tests/ptrarith/ptrarith.perf.encoded --  --cso /dev/null
key=encoded, no.=45, <stderr>:
LENGTH=620
elapsed cycles: 538605
hi(checksum)=0x8A47F62E51C521D8
lo(checksum)=0x6B94FA5E070E0848
key=encoded, no.=45, <checksum>:
0x8A47F62E51C521D86B94FA5E070E0848
key=encoded, no.=45, cso file:
/dev/null
----------------------------------------------
real command=cset shield -e /home/nrink/Projects/build/encode/encode/tests/ptrarith/ptrarith.perf.encoded --  --cso /dev/null
key=encoded, no.=46, <stderr>:
LENGTH=620
elapsed cycles: 538395
hi(checksum)=0x8A47F62E51C521D8
lo(checksum)=0x6B94FA5E070E0848
key=encoded, no.=46, <checksum>:
0x8A47F62E51C521D86B94FA5E070E0848
key=encoded, no.=46, cso file:
/dev/null
----------------------------------------------
real command=cset shield -e /home/nrink/Projects/build/encode/encode/tests/ptrarith/ptrarith.perf.encoded --  --cso /dev/null
key=encoded, no.=47, <stderr>:
LENGTH=620
elapsed cycles: 538407
hi(checksum)=0x8A47F62E51C521D8
lo(checksum)=0x6B94FA5E070E0848
key=encoded, no.=47, <checksum>:
0x8A47F62E51C521D86B94FA5E070E0848
key=encoded, no.=47, cso file:
/dev/null
----------------------------------------------
real command=cset shield -e /home/nrink/Projects/build/encode/encode/tests/ptrarith/ptrarith.perf.encoded --  --cso /dev/null
key=encoded, no.=48, <stderr>:
LENGTH=620
elapsed cycles: 538398
hi(checksum)=0x8A47F62E51C521D8
lo(checksum)=0x6B94FA5E070E0848
key=encoded, no.=48, <checksum>:
0x8A47F62E51C521D86B94FA5E070E0848
key=encoded, no.=48, cso file:
/dev/null
----------------------------------------------
real command=cset shield -e /home/nrink/Projects/build/encode/encode/tests/ptrarith/ptrarith.perf.encoded --  --cso /dev/null
key=encoded, no.=49, <stderr>:
LENGTH=620
elapsed cycles: 538509
hi(checksum)=0x8A47F62E51C521D8
lo(checksum)=0x6B94FA5E070E0848
key=encoded, no.=49, <checksum>:
0x8A47F62E51C521D86B94FA5E070E0848
key=encoded, no.=49, cso file:
/dev/null
----------------------------------------------
real command=cset shield -e /home/nrink/Projects/build/encode/encode/tests/ptrarith/ptrarith.perf.encoded --  --cso /dev/null
key=encoded, no.=50, <stderr>:
LENGTH=620
elapsed cycles: 544218
hi(checksum)=0x8A47F62E51C521D8
lo(checksum)=0x6B94FA5E070E0848
key=encoded, no.=50, <checksum>:
0x8A47F62E51C521D86B94FA5E070E0848
key=encoded, no.=50, cso file:
/dev/null
----------------------------------------------
real command=cset shield -e /home/nrink/Projects/build/encode/encode/tests/ptrarith/ptrarith.perf.encoded --  --cso /dev/null
key=encoded, no.=51, <stderr>:
LENGTH=620
elapsed cycles: 538956
hi(checksum)=0x8A47F62E51C521D8
lo(checksum)=0x6B94FA5E070E0848
key=encoded, no.=51, <checksum>:
0x8A47F62E51C521D86B94FA5E070E0848
key=encoded, no.=51, cso file:
/dev/null
----------------------------------------------
real command=cset shield -e /home/nrink/Projects/build/encode/encode/tests/ptrarith/ptrarith.perf.encoded --  --cso /dev/null
key=encoded, no.=52, <stderr>:
LENGTH=620
elapsed cycles: 538401
hi(checksum)=0x8A47F62E51C521D8
lo(checksum)=0x6B94FA5E070E0848
key=encoded, no.=52, <checksum>:
0x8A47F62E51C521D86B94FA5E070E0848
key=encoded, no.=52, cso file:
/dev/null
----------------------------------------------
real command=cset shield -e /home/nrink/Projects/build/encode/encode/tests/ptrarith/ptrarith.perf.encoded --  --cso /dev/null
key=encoded, no.=53, <stderr>:
LENGTH=620
elapsed cycles: 538464
hi(checksum)=0x8A47F62E51C521D8
lo(checksum)=0x6B94FA5E070E0848
key=encoded, no.=53, <checksum>:
0x8A47F62E51C521D86B94FA5E070E0848
key=encoded, no.=53, cso file:
/dev/null
----------------------------------------------
real command=cset shield -e /home/nrink/Projects/build/encode/encode/tests/ptrarith/ptrarith.perf.encoded --  --cso /dev/null
key=encoded, no.=54, <stderr>:
LENGTH=620
elapsed cycles: 538455
hi(checksum)=0x8A47F62E51C521D8
lo(checksum)=0x6B94FA5E070E0848
key=encoded, no.=54, <checksum>:
0x8A47F62E51C521D86B94FA5E070E0848
key=encoded, no.=54, cso file:
/dev/null
----------------------------------------------
real command=cset shield -e /home/nrink/Projects/build/encode/encode/tests/ptrarith/ptrarith.perf.encoded --  --cso /dev/null
key=encoded, no.=55, <stderr>:
LENGTH=620
elapsed cycles: 538473
hi(checksum)=0x8A47F62E51C521D8
lo(checksum)=0x6B94FA5E070E0848
key=encoded, no.=55, <checksum>:
0x8A47F62E51C521D86B94FA5E070E0848
key=encoded, no.=55, cso file:
/dev/null
----------------------------------------------
real command=cset shield -e /home/nrink/Projects/build/encode/encode/tests/ptrarith/ptrarith.perf.encoded --  --cso /dev/null
key=encoded, no.=56, <stderr>:
LENGTH=620
elapsed cycles: 591237
hi(checksum)=0x8A47F62E51C521D8
lo(checksum)=0x6B94FA5E070E0848
key=encoded, no.=56, <checksum>:
0x8A47F62E51C521D86B94FA5E070E0848
key=encoded, no.=56, cso file:
/dev/null
----------------------------------------------
real command=cset shield -e /home/nrink/Projects/build/encode/encode/tests/ptrarith/ptrarith.perf.encoded --  --cso /dev/null
key=encoded, no.=57, <stderr>:
LENGTH=620
elapsed cycles: 538773
hi(checksum)=0x8A47F62E51C521D8
lo(checksum)=0x6B94FA5E070E0848
key=encoded, no.=57, <checksum>:
0x8A47F62E51C521D86B94FA5E070E0848
key=encoded, no.=57, cso file:
/dev/null
----------------------------------------------
real command=cset shield -e /home/nrink/Projects/build/encode/encode/tests/ptrarith/ptrarith.perf.encoded --  --cso /dev/null
key=encoded, no.=58, <stderr>:
LENGTH=620
elapsed cycles: 539748
hi(checksum)=0x8A47F62E51C521D8
lo(checksum)=0x6B94FA5E070E0848
key=encoded, no.=58, <checksum>:
0x8A47F62E51C521D86B94FA5E070E0848
key=encoded, no.=58, cso file:
/dev/null
----------------------------------------------
real command=cset shield -e /home/nrink/Projects/build/encode/encode/tests/ptrarith/ptrarith.perf.encoded --  --cso /dev/null
key=encoded, no.=59, <stderr>:
LENGTH=620
elapsed cycles: 538431
hi(checksum)=0x8A47F62E51C521D8
lo(checksum)=0x6B94FA5E070E0848
key=encoded, no.=59, <checksum>:
0x8A47F62E51C521D86B94FA5E070E0848
key=encoded, no.=59, cso file:
/dev/null
----------------------------------------------
real command=cset shield -e /home/nrink/Projects/build/encode/encode/tests/ptrarith/ptrarith.perf.encoded --  --cso /dev/null
key=encoded, no.=60, <stderr>:
LENGTH=620
elapsed cycles: 543621
hi(checksum)=0x8A47F62E51C521D8
lo(checksum)=0x6B94FA5E070E0848
key=encoded, no.=60, <checksum>:
0x8A47F62E51C521D86B94FA5E070E0848
key=encoded, no.=60, cso file:
/dev/null
----------------------------------------------
real command=cset shield -e /home/nrink/Projects/build/encode/encode/tests/ptrarith/ptrarith.perf.encoded --  --cso /dev/null
key=encoded, no.=61, <stderr>:
LENGTH=620
elapsed cycles: 577779
hi(checksum)=0x8A47F62E51C521D8
lo(checksum)=0x6B94FA5E070E0848
key=encoded, no.=61, <checksum>:
0x8A47F62E51C521D86B94FA5E070E0848
key=encoded, no.=61, cso file:
/dev/null
----------------------------------------------
real command=cset shield -e /home/nrink/Projects/build/encode/encode/tests/ptrarith/ptrarith.perf.encoded --  --cso /dev/null
key=encoded, no.=62, <stderr>:
LENGTH=620
elapsed cycles: 538296
hi(checksum)=0x8A47F62E51C521D8
lo(checksum)=0x6B94FA5E070E0848
key=encoded, no.=62, <checksum>:
0x8A47F62E51C521D86B94FA5E070E0848
key=encoded, no.=62, cso file:
/dev/null
----------------------------------------------
real command=cset shield -e /home/nrink/Projects/build/encode/encode/tests/ptrarith/ptrarith.perf.encoded --  --cso /dev/null
key=encoded, no.=63, <stderr>:
LENGTH=620
elapsed cycles: 538431
hi(checksum)=0x8A47F62E51C521D8
lo(checksum)=0x6B94FA5E070E0848
key=encoded, no.=63, <checksum>:
0x8A47F62E51C521D86B94FA5E070E0848
key=encoded, no.=63, cso file:
/dev/null
----------------------------------------------
real command=cset shield -e /home/nrink/Projects/build/encode/encode/tests/ptrarith/ptrarith.perf.encoded --  --cso /dev/null
key=encoded, no.=64, <stderr>:
LENGTH=620
elapsed cycles: 538524
hi(checksum)=0x8A47F62E51C521D8
lo(checksum)=0x6B94FA5E070E0848
key=encoded, no.=64, <checksum>:
0x8A47F62E51C521D86B94FA5E070E0848
key=encoded, no.=64, cso file:
/dev/null
----------------------------------------------
real command=cset shield -e /home/nrink/Projects/build/encode/encode/tests/ptrarith/ptrarith.perf.encoded --  --cso /dev/null
key=encoded, no.=65, <stderr>:
LENGTH=620
elapsed cycles: 538329
hi(checksum)=0x8A47F62E51C521D8
lo(checksum)=0x6B94FA5E070E0848
key=encoded, no.=65, <checksum>:
0x8A47F62E51C521D86B94FA5E070E0848
key=encoded, no.=65, cso file:
/dev/null
----------------------------------------------
real command=cset shield -e /home/nrink/Projects/build/encode/encode/tests/ptrarith/ptrarith.perf.encoded --  --cso /dev/null
key=encoded, no.=66, <stderr>:
LENGTH=620
elapsed cycles: 538506
hi(checksum)=0x8A47F62E51C521D8
lo(checksum)=0x6B94FA5E070E0848
key=encoded, no.=66, <checksum>:
0x8A47F62E51C521D86B94FA5E070E0848
key=encoded, no.=66, cso file:
/dev/null
----------------------------------------------
real command=cset shield -e /home/nrink/Projects/build/encode/encode/tests/ptrarith/ptrarith.perf.encoded --  --cso /dev/null
key=encoded, no.=67, <stderr>:
LENGTH=620
elapsed cycles: 538416
hi(checksum)=0x8A47F62E51C521D8
lo(checksum)=0x6B94FA5E070E0848
key=encoded, no.=67, <checksum>:
0x8A47F62E51C521D86B94FA5E070E0848
key=encoded, no.=67, cso file:
/dev/null
----------------------------------------------
real command=cset shield -e /home/nrink/Projects/build/encode/encode/tests/ptrarith/ptrarith.perf.encoded --  --cso /dev/null
key=encoded, no.=68, <stderr>:
LENGTH=620
elapsed cycles: 580491
hi(checksum)=0x8A47F62E51C521D8
lo(checksum)=0x6B94FA5E070E0848
key=encoded, no.=68, <checksum>:
0x8A47F62E51C521D86B94FA5E070E0848
key=encoded, no.=68, cso file:
/dev/null
----------------------------------------------
real command=cset shield -e /home/nrink/Projects/build/encode/encode/tests/ptrarith/ptrarith.perf.encoded --  --cso /dev/null
key=encoded, no.=69, <stderr>:
LENGTH=620
elapsed cycles: 538938
hi(checksum)=0x8A47F62E51C521D8
lo(checksum)=0x6B94FA5E070E0848
key=encoded, no.=69, <checksum>:
0x8A47F62E51C521D86B94FA5E070E0848
key=encoded, no.=69, cso file:
/dev/null
----------------------------------------------
real command=cset shield -e /home/nrink/Projects/build/encode/encode/tests/ptrarith/ptrarith.perf.encoded --  --cso /dev/null
key=encoded, no.=70, <stderr>:
LENGTH=620
elapsed cycles: 538293
hi(checksum)=0x8A47F62E51C521D8
lo(checksum)=0x6B94FA5E070E0848
key=encoded, no.=70, <checksum>:
0x8A47F62E51C521D86B94FA5E070E0848
key=encoded, no.=70, cso file:
/dev/null
----------------------------------------------
real command=cset shield -e /home/nrink/Projects/build/encode/encode/tests/ptrarith/ptrarith.perf.encoded --  --cso /dev/null
key=encoded, no.=71, <stderr>:
LENGTH=620
elapsed cycles: 672932
hi(checksum)=0x8A47F62E51C521D8
lo(checksum)=0x6B94FA5E070E0848
key=encoded, no.=71, <checksum>:
0x8A47F62E51C521D86B94FA5E070E0848
key=encoded, no.=71, cso file:
/dev/null
----------------------------------------------
real command=cset shield -e /home/nrink/Projects/build/encode/encode/tests/ptrarith/ptrarith.perf.encoded --  --cso /dev/null
key=encoded, no.=72, <stderr>:
LENGTH=620
elapsed cycles: 538401
hi(checksum)=0x8A47F62E51C521D8
lo(checksum)=0x6B94FA5E070E0848
key=encoded, no.=72, <checksum>:
0x8A47F62E51C521D86B94FA5E070E0848
key=encoded, no.=72, cso file:
/dev/null
----------------------------------------------
real command=cset shield -e /home/nrink/Projects/build/encode/encode/tests/ptrarith/ptrarith.perf.encoded --  --cso /dev/null
key=encoded, no.=73, <stderr>:
LENGTH=620
elapsed cycles: 538506
hi(checksum)=0x8A47F62E51C521D8
lo(checksum)=0x6B94FA5E070E0848
key=encoded, no.=73, <checksum>:
0x8A47F62E51C521D86B94FA5E070E0848
key=encoded, no.=73, cso file:
/dev/null
----------------------------------------------
real command=cset shield -e /home/nrink/Projects/build/encode/encode/tests/ptrarith/ptrarith.perf.encoded --  --cso /dev/null
key=encoded, no.=74, <stderr>:
LENGTH=620
elapsed cycles: 539082
hi(checksum)=0x8A47F62E51C521D8
lo(checksum)=0x6B94FA5E070E0848
key=encoded, no.=74, <checksum>:
0x8A47F62E51C521D86B94FA5E070E0848
key=encoded, no.=74, cso file:
/dev/null
----------------------------------------------
real command=cset shield -e /home/nrink/Projects/build/encode/encode/tests/ptrarith/ptrarith.perf.encoded --  --cso /dev/null
key=encoded, no.=75, <stderr>:
LENGTH=620
elapsed cycles: 542139
hi(checksum)=0x8A47F62E51C521D8
lo(checksum)=0x6B94FA5E070E0848
key=encoded, no.=75, <checksum>:
0x8A47F62E51C521D86B94FA5E070E0848
key=encoded, no.=75, cso file:
/dev/null
----------------------------------------------
real command=cset shield -e /home/nrink/Projects/build/encode/encode/tests/ptrarith/ptrarith.perf.encoded --  --cso /dev/null
key=encoded, no.=76, <stderr>:
LENGTH=620
elapsed cycles: 576456
hi(checksum)=0x8A47F62E51C521D8
lo(checksum)=0x6B94FA5E070E0848
key=encoded, no.=76, <checksum>:
0x8A47F62E51C521D86B94FA5E070E0848
key=encoded, no.=76, cso file:
/dev/null
----------------------------------------------
real command=cset shield -e /home/nrink/Projects/build/encode/encode/tests/ptrarith/ptrarith.perf.encoded --  --cso /dev/null
key=encoded, no.=77, <stderr>:
LENGTH=620
elapsed cycles: 541896
hi(checksum)=0x8A47F62E51C521D8
lo(checksum)=0x6B94FA5E070E0848
key=encoded, no.=77, <checksum>:
0x8A47F62E51C521D86B94FA5E070E0848
key=encoded, no.=77, cso file:
/dev/null
----------------------------------------------
real command=cset shield -e /home/nrink/Projects/build/encode/encode/tests/ptrarith/ptrarith.perf.encoded --  --cso /dev/null
key=encoded, no.=78, <stderr>:
LENGTH=620
elapsed cycles: 538425
hi(checksum)=0x8A47F62E51C521D8
lo(checksum)=0x6B94FA5E070E0848
key=encoded, no.=78, <checksum>:
0x8A47F62E51C521D86B94FA5E070E0848
key=encoded, no.=78, cso file:
/dev/null
----------------------------------------------
real command=cset shield -e /home/nrink/Projects/build/encode/encode/tests/ptrarith/ptrarith.perf.encoded --  --cso /dev/null
key=encoded, no.=79, <stderr>:
LENGTH=620
elapsed cycles: 538617
hi(checksum)=0x8A47F62E51C521D8
lo(checksum)=0x6B94FA5E070E0848
key=encoded, no.=79, <checksum>:
0x8A47F62E51C521D86B94FA5E070E0848
key=encoded, no.=79, cso file:
/dev/null
----------------------------------------------
real command=cset shield -e /home/nrink/Projects/build/encode/encode/tests/ptrarith/ptrarith.perf.encoded --  --cso /dev/null
key=encoded, no.=80, <stderr>:
LENGTH=620
elapsed cycles: 538152
hi(checksum)=0x8A47F62E51C521D8
lo(checksum)=0x6B94FA5E070E0848
key=encoded, no.=80, <checksum>:
0x8A47F62E51C521D86B94FA5E070E0848
key=encoded, no.=80, cso file:
/dev/null
----------------------------------------------
real command=cset shield -e /home/nrink/Projects/build/encode/encode/tests/ptrarith/ptrarith.perf.encoded --  --cso /dev/null
key=encoded, no.=81, <stderr>:
LENGTH=620
elapsed cycles: 538239
hi(checksum)=0x8A47F62E51C521D8
lo(checksum)=0x6B94FA5E070E0848
key=encoded, no.=81, <checksum>:
0x8A47F62E51C521D86B94FA5E070E0848
key=encoded, no.=81, cso file:
/dev/null
----------------------------------------------
real command=cset shield -e /home/nrink/Projects/build/encode/encode/tests/ptrarith/ptrarith.perf.encoded --  --cso /dev/null
key=encoded, no.=82, <stderr>:
LENGTH=620
elapsed cycles: 538218
hi(checksum)=0x8A47F62E51C521D8
lo(checksum)=0x6B94FA5E070E0848
key=encoded, no.=82, <checksum>:
0x8A47F62E51C521D86B94FA5E070E0848
key=encoded, no.=82, cso file:
/dev/null
----------------------------------------------
real command=cset shield -e /home/nrink/Projects/build/encode/encode/tests/ptrarith/ptrarith.perf.encoded --  --cso /dev/null
key=encoded, no.=83, <stderr>:
LENGTH=620
elapsed cycles: 542952
hi(checksum)=0x8A47F62E51C521D8
lo(checksum)=0x6B94FA5E070E0848
key=encoded, no.=83, <checksum>:
0x8A47F62E51C521D86B94FA5E070E0848
key=encoded, no.=83, cso file:
/dev/null
----------------------------------------------
real command=cset shield -e /home/nrink/Projects/build/encode/encode/tests/ptrarith/ptrarith.perf.encoded --  --cso /dev/null
key=encoded, no.=84, <stderr>:
LENGTH=620
elapsed cycles: 545361
hi(checksum)=0x8A47F62E51C521D8
lo(checksum)=0x6B94FA5E070E0848
key=encoded, no.=84, <checksum>:
0x8A47F62E51C521D86B94FA5E070E0848
key=encoded, no.=84, cso file:
/dev/null
----------------------------------------------
real command=cset shield -e /home/nrink/Projects/build/encode/encode/tests/ptrarith/ptrarith.perf.encoded --  --cso /dev/null
key=encoded, no.=85, <stderr>:
LENGTH=620
elapsed cycles: 598071
hi(checksum)=0x8A47F62E51C521D8
lo(checksum)=0x6B94FA5E070E0848
key=encoded, no.=85, <checksum>:
0x8A47F62E51C521D86B94FA5E070E0848
key=encoded, no.=85, cso file:
/dev/null
----------------------------------------------
real command=cset shield -e /home/nrink/Projects/build/encode/encode/tests/ptrarith/ptrarith.perf.encoded --  --cso /dev/null
key=encoded, no.=86, <stderr>:
LENGTH=620
elapsed cycles: 577056
hi(checksum)=0x8A47F62E51C521D8
lo(checksum)=0x6B94FA5E070E0848
key=encoded, no.=86, <checksum>:
0x8A47F62E51C521D86B94FA5E070E0848
key=encoded, no.=86, cso file:
/dev/null
----------------------------------------------
real command=cset shield -e /home/nrink/Projects/build/encode/encode/tests/ptrarith/ptrarith.perf.encoded --  --cso /dev/null
key=encoded, no.=87, <stderr>:
LENGTH=620
elapsed cycles: 538764
hi(checksum)=0x8A47F62E51C521D8
lo(checksum)=0x6B94FA5E070E0848
key=encoded, no.=87, <checksum>:
0x8A47F62E51C521D86B94FA5E070E0848
key=encoded, no.=87, cso file:
/dev/null
----------------------------------------------
real command=cset shield -e /home/nrink/Projects/build/encode/encode/tests/ptrarith/ptrarith.perf.encoded --  --cso /dev/null
key=encoded, no.=88, <stderr>:
LENGTH=620
elapsed cycles: 538713
hi(checksum)=0x8A47F62E51C521D8
lo(checksum)=0x6B94FA5E070E0848
key=encoded, no.=88, <checksum>:
0x8A47F62E51C521D86B94FA5E070E0848
key=encoded, no.=88, cso file:
/dev/null
----------------------------------------------
real command=cset shield -e /home/nrink/Projects/build/encode/encode/tests/ptrarith/ptrarith.perf.encoded --  --cso /dev/null
key=encoded, no.=89, <stderr>:
LENGTH=620
elapsed cycles: 538599
hi(checksum)=0x8A47F62E51C521D8
lo(checksum)=0x6B94FA5E070E0848
key=encoded, no.=89, <checksum>:
0x8A47F62E51C521D86B94FA5E070E0848
key=encoded, no.=89, cso file:
/dev/null
----------------------------------------------
real command=cset shield -e /home/nrink/Projects/build/encode/encode/tests/ptrarith/ptrarith.perf.encoded --  --cso /dev/null
key=encoded, no.=90, <stderr>:
LENGTH=620
elapsed cycles: 612822
hi(checksum)=0x8A47F62E51C521D8
lo(checksum)=0x6B94FA5E070E0848
key=encoded, no.=90, <checksum>:
0x8A47F62E51C521D86B94FA5E070E0848
key=encoded, no.=90, cso file:
/dev/null
----------------------------------------------
real command=cset shield -e /home/nrink/Projects/build/encode/encode/tests/ptrarith/ptrarith.perf.encoded --  --cso /dev/null
key=encoded, no.=91, <stderr>:
LENGTH=620
elapsed cycles: 573948
hi(checksum)=0x8A47F62E51C521D8
lo(checksum)=0x6B94FA5E070E0848
key=encoded, no.=91, <checksum>:
0x8A47F62E51C521D86B94FA5E070E0848
key=encoded, no.=91, cso file:
/dev/null
----------------------------------------------
real command=cset shield -e /home/nrink/Projects/build/encode/encode/tests/ptrarith/ptrarith.perf.encoded --  --cso /dev/null
key=encoded, no.=92, <stderr>:
LENGTH=620
elapsed cycles: 613959
hi(checksum)=0x8A47F62E51C521D8
lo(checksum)=0x6B94FA5E070E0848
key=encoded, no.=92, <checksum>:
0x8A47F62E51C521D86B94FA5E070E0848
key=encoded, no.=92, cso file:
/dev/null
----------------------------------------------
real command=cset shield -e /home/nrink/Projects/build/encode/encode/tests/ptrarith/ptrarith.perf.encoded --  --cso /dev/null
key=encoded, no.=93, <stderr>:
LENGTH=620
elapsed cycles: 539514
hi(checksum)=0x8A47F62E51C521D8
lo(checksum)=0x6B94FA5E070E0848
key=encoded, no.=93, <checksum>:
0x8A47F62E51C521D86B94FA5E070E0848
key=encoded, no.=93, cso file:
/dev/null
----------------------------------------------
real command=cset shield -e /home/nrink/Projects/build/encode/encode/tests/ptrarith/ptrarith.perf.encoded --  --cso /dev/null
key=encoded, no.=94, <stderr>:
LENGTH=620
elapsed cycles: 538752
hi(checksum)=0x8A47F62E51C521D8
lo(checksum)=0x6B94FA5E070E0848
key=encoded, no.=94, <checksum>:
0x8A47F62E51C521D86B94FA5E070E0848
key=encoded, no.=94, cso file:
/dev/null
----------------------------------------------
real command=cset shield -e /home/nrink/Projects/build/encode/encode/tests/ptrarith/ptrarith.perf.encoded --  --cso /dev/null
key=encoded, no.=95, <stderr>:
LENGTH=620
elapsed cycles: 538758
hi(checksum)=0x8A47F62E51C521D8
lo(checksum)=0x6B94FA5E070E0848
key=encoded, no.=95, <checksum>:
0x8A47F62E51C521D86B94FA5E070E0848
key=encoded, no.=95, cso file:
/dev/null
----------------------------------------------
real command=cset shield -e /home/nrink/Projects/build/encode/encode/tests/ptrarith/ptrarith.perf.encoded --  --cso /dev/null
key=encoded, no.=96, <stderr>:
LENGTH=620
elapsed cycles: 570993
hi(checksum)=0x8A47F62E51C521D8
lo(checksum)=0x6B94FA5E070E0848
key=encoded, no.=96, <checksum>:
0x8A47F62E51C521D86B94FA5E070E0848
key=encoded, no.=96, cso file:
/dev/null
----------------------------------------------
real command=cset shield -e /home/nrink/Projects/build/encode/encode/tests/ptrarith/ptrarith.perf.encoded --  --cso /dev/null
key=encoded, no.=97, <stderr>:
LENGTH=620
elapsed cycles: 570900
hi(checksum)=0x8A47F62E51C521D8
lo(checksum)=0x6B94FA5E070E0848
key=encoded, no.=97, <checksum>:
0x8A47F62E51C521D86B94FA5E070E0848
key=encoded, no.=97, cso file:
/dev/null
----------------------------------------------
real command=cset shield -e /home/nrink/Projects/build/encode/encode/tests/ptrarith/ptrarith.perf.encoded --  --cso /dev/null
key=encoded, no.=98, <stderr>:
LENGTH=620
elapsed cycles: 571341
hi(checksum)=0x8A47F62E51C521D8
lo(checksum)=0x6B94FA5E070E0848
key=encoded, no.=98, <checksum>:
0x8A47F62E51C521D86B94FA5E070E0848
key=encoded, no.=98, cso file:
/dev/null
----------------------------------------------
real command=cset shield -e /home/nrink/Projects/build/encode/encode/tests/ptrarith/ptrarith.perf.encoded --  --cso /dev/null
key=encoded, no.=99, <stderr>:
LENGTH=620
elapsed cycles: 538908
hi(checksum)=0x8A47F62E51C521D8
lo(checksum)=0x6B94FA5E070E0848
key=encoded, no.=99, <checksum>:
0x8A47F62E51C521D86B94FA5E070E0848
key=encoded, no.=99, cso file:
/dev/null
----------------------------------------------
