<stderr> from running /home/nrink/Projects/pin-2.14-71313-gcc.4.4.7-linux/pin.sh -t /home/nrink/Projects/bfi/obj-intel64/bfi.so -trigger 151271 -cmd TXT -seed 1 -mask 204 -- /home/nrink/Projects/build/encode/encode/tests/array_sum/array_sum.cover.plain --cso ./2015-05-05_13:42:46/array_sum/cover/cs/plain.36.cso --csl ./2015-05-05_13:42:46/array_sum/cover/cs/plain.36.csl:
[.:    0, IP = 0x40095b, i = 151271, wa = 0, ra = 0, rr = 0, wr = 0, it = 0, t = 0]
	ip' = 0x40095e, size = 3, mask = 204, idx = 0, byte = 72, byte' = 132
elapsed cycles: 2140485537
hi(checksum)=0x0000000000000000
lo(checksum)=0x00000000000001A4
**********************
INSTR   = 159942
WADDR   = 0
RADDR   = 0
RREG    = 0
WREG    = 0
ITER    = 0
TRIGGER = 151271
TTYPE   = IN
COMMAND = TXT
SEL     = -1
SEED    = 1
MASK    = 0xcc
THREAD  = 0
ELAPSED = 28.44s
----------------------------------------------------------------
