<stderr> from running /home/nrink/Projects/pin-2.14-71313-gcc.4.4.7-linux/pin.sh -t /home/nrink/Projects/bfi/obj-intel64/bfi.so -trigger 151941 -cmd WADDR -seed 1 -mask 228 -- /home/nrink/Projects/build/encode/encode/tests/array_sum/array_sum.cover.encoded --cso ./2015-05-05_13:42:46/array_sum/cover/cs/encoded.3.cso --csl ./2015-05-05_13:42:46/array_sum/cover/cs/encoded.3.csl:
[.:    0, IP = 0x400a22, i = 151964, wa = 0, ra = 0, rr = 0, wr = 0, it = 0, t = 0]
	access = write, size = 8, addr = 0x602090, addr' = 0x602074, op = 0
elapsed cycles: 535604205
hi(checksum)=0x0000000000000000
lo(checksum)=0x00000000000001A4
**********************
INSTR   = 160641
WADDR   = 0
RADDR   = 0
RREG    = 0
WREG    = 0
ITER    = 0
TRIGGER = 151941
TTYPE   = IN
COMMAND = WADDR
SEL     = -1
SEED    = 1
MASK    = 0xe4
THREAD  = 0
ELAPSED = 17.52s
----------------------------------------------------------------
