<stderr> from running /home/nrink/Projects/pin-2.14-71313-gcc.4.4.7-linux/pin.sh -t /home/nrink/Projects/bfi/obj-intel64/bfi.so -trigger 166906 -cmd TXT -seed 1 -mask 202 -- /home/nrink/Projects/build/encode/encode/tests/ptrarith/ptrarith.cover.encoded --cso ./2015-05-05_17:04:53/ptrarith/cover/cs/encoded.21.cso --csl ./2015-05-05_17:04:53/ptrarith/cover/cs/encoded.21.csl:
[.:    0, IP = 0x400b6d, i = 166906, wa = 0, ra = 0, rr = 0, wr = 0, it = 0, t = 0]
	ip' = 0x400b71, size = 4, mask = 202, idx = 1, byte = 139, byte' = 65
elapsed cycles: 956379474
hi(checksum)=0xBF1694865CA48119
lo(checksum)=0x17F6DE790EDB52F0
**********************
INSTR   = 182959
WADDR   = 0
RADDR   = 0
RREG    = 0
WREG    = 0
ITER    = 0
TRIGGER = 166906
TTYPE   = IN
COMMAND = TXT
SEL     = -1
SEED    = 1
MASK    = 0xca
THREAD  = 0
ELAPSED = 6.13s
----------------------------------------------------------------
