key=plain, runs=100 ...
command=/home/nrink/Projects/build/encode/encode/tests/array_sum/array_sum.perf.plain
----------------------------------------------
real command=cset shield -e /home/nrink/Projects/build/encode/encode/tests/array_sum/array_sum.perf.plain --  --cso /dev/null
key=plain, no.=0, <stderr>:
LENGTH=4400
elapsed cycles: 886137
hi(checksum)=0x2C432CD9047153D1
lo(checksum)=0x8B2194063FFAD880
key=plain, no.=0, <checksum>:
0x2C432CD9047153D18B2194063FFAD880
key=plain, no.=0, cso file:
/dev/null
----------------------------------------------
real command=cset shield -e /home/nrink/Projects/build/encode/encode/tests/array_sum/array_sum.perf.plain --  --cso /dev/null
key=plain, no.=1, <stderr>:
LENGTH=4400
elapsed cycles: 856707
hi(checksum)=0x2C432CD9047153D1
lo(checksum)=0x8B2194063FFAD880
key=plain, no.=1, <checksum>:
0x2C432CD9047153D18B2194063FFAD880
key=plain, no.=1, cso file:
/dev/null
----------------------------------------------
real command=cset shield -e /home/nrink/Projects/build/encode/encode/tests/array_sum/array_sum.perf.plain --  --cso /dev/null
key=plain, no.=2, <stderr>:
LENGTH=4400
elapsed cycles: 859497
hi(checksum)=0x2C432CD9047153D1
lo(checksum)=0x8B2194063FFAD880
key=plain, no.=2, <checksum>:
0x2C432CD9047153D18B2194063FFAD880
key=plain, no.=2, cso file:
/dev/null
----------------------------------------------
real command=cset shield -e /home/nrink/Projects/build/encode/encode/tests/array_sum/array_sum.perf.plain --  --cso /dev/null
key=plain, no.=3, <stderr>:
LENGTH=4400
elapsed cycles: 867264
hi(checksum)=0x2C432CD9047153D1
lo(checksum)=0x8B2194063FFAD880
key=plain, no.=3, <checksum>:
0x2C432CD9047153D18B2194063FFAD880
key=plain, no.=3, cso file:
/dev/null
----------------------------------------------
real command=cset shield -e /home/nrink/Projects/build/encode/encode/tests/array_sum/array_sum.perf.plain --  --cso /dev/null
key=plain, no.=4, <stderr>:
LENGTH=4400
elapsed cycles: 853761
hi(checksum)=0x2C432CD9047153D1
lo(checksum)=0x8B2194063FFAD880
key=plain, no.=4, <checksum>:
0x2C432CD9047153D18B2194063FFAD880
key=plain, no.=4, cso file:
/dev/null
----------------------------------------------
real command=cset shield -e /home/nrink/Projects/build/encode/encode/tests/array_sum/array_sum.perf.plain --  --cso /dev/null
key=plain, no.=5, <stderr>:
LENGTH=4400
elapsed cycles: 854148
hi(checksum)=0x2C432CD9047153D1
lo(checksum)=0x8B2194063FFAD880
key=plain, no.=5, <checksum>:
0x2C432CD9047153D18B2194063FFAD880
key=plain, no.=5, cso file:
/dev/null
----------------------------------------------
real command=cset shield -e /home/nrink/Projects/build/encode/encode/tests/array_sum/array_sum.perf.plain --  --cso /dev/null
key=plain, no.=6, <stderr>:
LENGTH=4400
elapsed cycles: 854931
hi(checksum)=0x2C432CD9047153D1
lo(checksum)=0x8B2194063FFAD880
key=plain, no.=6, <checksum>:
0x2C432CD9047153D18B2194063FFAD880
key=plain, no.=6, cso file:
/dev/null
----------------------------------------------
real command=cset shield -e /home/nrink/Projects/build/encode/encode/tests/array_sum/array_sum.perf.plain --  --cso /dev/null
key=plain, no.=7, <stderr>:
LENGTH=4400
elapsed cycles: 853959
hi(checksum)=0x2C432CD9047153D1
lo(checksum)=0x8B2194063FFAD880
key=plain, no.=7, <checksum>:
0x2C432CD9047153D18B2194063FFAD880
key=plain, no.=7, cso file:
/dev/null
----------------------------------------------
real command=cset shield -e /home/nrink/Projects/build/encode/encode/tests/array_sum/array_sum.perf.plain --  --cso /dev/null
key=plain, no.=8, <stderr>:
LENGTH=4400
elapsed cycles: 854661
hi(checksum)=0x2C432CD9047153D1
lo(checksum)=0x8B2194063FFAD880
key=plain, no.=8, <checksum>:
0x2C432CD9047153D18B2194063FFAD880
key=plain, no.=8, cso file:
/dev/null
----------------------------------------------
real command=cset shield -e /home/nrink/Projects/build/encode/encode/tests/array_sum/array_sum.perf.plain --  --cso /dev/null
key=plain, no.=9, <stderr>:
LENGTH=4400
elapsed cycles: 887136
hi(checksum)=0x2C432CD9047153D1
lo(checksum)=0x8B2194063FFAD880
key=plain, no.=9, <checksum>:
0x2C432CD9047153D18B2194063FFAD880
key=plain, no.=9, cso file:
/dev/null
----------------------------------------------
real command=cset shield -e /home/nrink/Projects/build/encode/encode/tests/array_sum/array_sum.perf.plain --  --cso /dev/null
key=plain, no.=10, <stderr>:
LENGTH=4400
elapsed cycles: 908577
hi(checksum)=0x2C432CD9047153D1
lo(checksum)=0x8B2194063FFAD880
key=plain, no.=10, <checksum>:
0x2C432CD9047153D18B2194063FFAD880
key=plain, no.=10, cso file:
/dev/null
----------------------------------------------
real command=cset shield -e /home/nrink/Projects/build/encode/encode/tests/array_sum/array_sum.perf.plain --  --cso /dev/null
key=plain, no.=11, <stderr>:
LENGTH=4400
elapsed cycles: 885480
hi(checksum)=0x2C432CD9047153D1
lo(checksum)=0x8B2194063FFAD880
key=plain, no.=11, <checksum>:
0x2C432CD9047153D18B2194063FFAD880
key=plain, no.=11, cso file:
/dev/null
----------------------------------------------
real command=cset shield -e /home/nrink/Projects/build/encode/encode/tests/array_sum/array_sum.perf.plain --  --cso /dev/null
key=plain, no.=12, <stderr>:
LENGTH=4400
elapsed cycles: 885891
hi(checksum)=0x2C432CD9047153D1
lo(checksum)=0x8B2194063FFAD880
key=plain, no.=12, <checksum>:
0x2C432CD9047153D18B2194063FFAD880
key=plain, no.=12, cso file:
/dev/null
----------------------------------------------
real command=cset shield -e /home/nrink/Projects/build/encode/encode/tests/array_sum/array_sum.perf.plain --  --cso /dev/null
key=plain, no.=13, <stderr>:
LENGTH=4400
elapsed cycles: 898017
hi(checksum)=0x2C432CD9047153D1
lo(checksum)=0x8B2194063FFAD880
key=plain, no.=13, <checksum>:
0x2C432CD9047153D18B2194063FFAD880
key=plain, no.=13, cso file:
/dev/null
----------------------------------------------
real command=cset shield -e /home/nrink/Projects/build/encode/encode/tests/array_sum/array_sum.perf.plain --  --cso /dev/null
key=plain, no.=14, <stderr>:
LENGTH=4400
elapsed cycles: 887157
hi(checksum)=0x2C432CD9047153D1
lo(checksum)=0x8B2194063FFAD880
key=plain, no.=14, <checksum>:
0x2C432CD9047153D18B2194063FFAD880
key=plain, no.=14, cso file:
/dev/null
----------------------------------------------
real command=cset shield -e /home/nrink/Projects/build/encode/encode/tests/array_sum/array_sum.perf.plain --  --cso /dev/null
key=plain, no.=15, <stderr>:
LENGTH=4400
elapsed cycles: 956355
hi(checksum)=0x2C432CD9047153D1
lo(checksum)=0x8B2194063FFAD880
key=plain, no.=15, <checksum>:
0x2C432CD9047153D18B2194063FFAD880
key=plain, no.=15, cso file:
/dev/null
----------------------------------------------
real command=cset shield -e /home/nrink/Projects/build/encode/encode/tests/array_sum/array_sum.perf.plain --  --cso /dev/null
key=plain, no.=16, <stderr>:
LENGTH=4400
elapsed cycles: 874377
hi(checksum)=0x2C432CD9047153D1
lo(checksum)=0x8B2194063FFAD880
key=plain, no.=16, <checksum>:
0x2C432CD9047153D18B2194063FFAD880
key=plain, no.=16, cso file:
/dev/null
----------------------------------------------
real command=cset shield -e /home/nrink/Projects/build/encode/encode/tests/array_sum/array_sum.perf.plain --  --cso /dev/null
key=plain, no.=17, <stderr>:
LENGTH=4400
elapsed cycles: 887415
hi(checksum)=0x2C432CD9047153D1
lo(checksum)=0x8B2194063FFAD880
key=plain, no.=17, <checksum>:
0x2C432CD9047153D18B2194063FFAD880
key=plain, no.=17, cso file:
/dev/null
----------------------------------------------
real command=cset shield -e /home/nrink/Projects/build/encode/encode/tests/array_sum/array_sum.perf.plain --  --cso /dev/null
key=plain, no.=18, <stderr>:
LENGTH=4400
elapsed cycles: 884832
hi(checksum)=0x2C432CD9047153D1
lo(checksum)=0x8B2194063FFAD880
key=plain, no.=18, <checksum>:
0x2C432CD9047153D18B2194063FFAD880
key=plain, no.=18, cso file:
/dev/null
----------------------------------------------
real command=cset shield -e /home/nrink/Projects/build/encode/encode/tests/array_sum/array_sum.perf.plain --  --cso /dev/null
key=plain, no.=19, <stderr>:
LENGTH=4400
elapsed cycles: 886068
hi(checksum)=0x2C432CD9047153D1
lo(checksum)=0x8B2194063FFAD880
key=plain, no.=19, <checksum>:
0x2C432CD9047153D18B2194063FFAD880
key=plain, no.=19, cso file:
/dev/null
----------------------------------------------
real command=cset shield -e /home/nrink/Projects/build/encode/encode/tests/array_sum/array_sum.perf.plain --  --cso /dev/null
key=plain, no.=20, <stderr>:
LENGTH=4400
elapsed cycles: 875148
hi(checksum)=0x2C432CD9047153D1
lo(checksum)=0x8B2194063FFAD880
key=plain, no.=20, <checksum>:
0x2C432CD9047153D18B2194063FFAD880
key=plain, no.=20, cso file:
/dev/null
----------------------------------------------
real command=cset shield -e /home/nrink/Projects/build/encode/encode/tests/array_sum/array_sum.perf.plain --  --cso /dev/null
key=plain, no.=21, <stderr>:
LENGTH=4400
elapsed cycles: 955527
hi(checksum)=0x2C432CD9047153D1
lo(checksum)=0x8B2194063FFAD880
key=plain, no.=21, <checksum>:
0x2C432CD9047153D18B2194063FFAD880
key=plain, no.=21, cso file:
/dev/null
----------------------------------------------
real command=cset shield -e /home/nrink/Projects/build/encode/encode/tests/array_sum/array_sum.perf.plain --  --cso /dev/null
key=plain, no.=22, <stderr>:
LENGTH=4400
elapsed cycles: 853137
hi(checksum)=0x2C432CD9047153D1
lo(checksum)=0x8B2194063FFAD880
key=plain, no.=22, <checksum>:
0x2C432CD9047153D18B2194063FFAD880
key=plain, no.=22, cso file:
/dev/null
----------------------------------------------
real command=cset shield -e /home/nrink/Projects/build/encode/encode/tests/array_sum/array_sum.perf.plain --  --cso /dev/null
key=plain, no.=23, <stderr>:
LENGTH=4400
elapsed cycles: 853080
hi(checksum)=0x2C432CD9047153D1
lo(checksum)=0x8B2194063FFAD880
key=plain, no.=23, <checksum>:
0x2C432CD9047153D18B2194063FFAD880
key=plain, no.=23, cso file:
/dev/null
----------------------------------------------
real command=cset shield -e /home/nrink/Projects/build/encode/encode/tests/array_sum/array_sum.perf.plain --  --cso /dev/null
key=plain, no.=24, <stderr>:
LENGTH=4400
elapsed cycles: 887727
hi(checksum)=0x2C432CD9047153D1
lo(checksum)=0x8B2194063FFAD880
key=plain, no.=24, <checksum>:
0x2C432CD9047153D18B2194063FFAD880
key=plain, no.=24, cso file:
/dev/null
----------------------------------------------
real command=cset shield -e /home/nrink/Projects/build/encode/encode/tests/array_sum/array_sum.perf.plain --  --cso /dev/null
key=plain, no.=25, <stderr>:
LENGTH=4400
elapsed cycles: 855399
hi(checksum)=0x2C432CD9047153D1
lo(checksum)=0x8B2194063FFAD880
key=plain, no.=25, <checksum>:
0x2C432CD9047153D18B2194063FFAD880
key=plain, no.=25, cso file:
/dev/null
----------------------------------------------
real command=cset shield -e /home/nrink/Projects/build/encode/encode/tests/array_sum/array_sum.perf.plain --  --cso /dev/null
key=plain, no.=26, <stderr>:
LENGTH=4400
elapsed cycles: 885801
hi(checksum)=0x2C432CD9047153D1
lo(checksum)=0x8B2194063FFAD880
key=plain, no.=26, <checksum>:
0x2C432CD9047153D18B2194063FFAD880
key=plain, no.=26, cso file:
/dev/null
----------------------------------------------
real command=cset shield -e /home/nrink/Projects/build/encode/encode/tests/array_sum/array_sum.perf.plain --  --cso /dev/null
key=plain, no.=27, <stderr>:
LENGTH=4400
elapsed cycles: 855123
hi(checksum)=0x2C432CD9047153D1
lo(checksum)=0x8B2194063FFAD880
key=plain, no.=27, <checksum>:
0x2C432CD9047153D18B2194063FFAD880
key=plain, no.=27, cso file:
/dev/null
----------------------------------------------
real command=cset shield -e /home/nrink/Projects/build/encode/encode/tests/array_sum/array_sum.perf.plain --  --cso /dev/null
key=plain, no.=28, <stderr>:
LENGTH=4400
elapsed cycles: 854244
hi(checksum)=0x2C432CD9047153D1
lo(checksum)=0x8B2194063FFAD880
key=plain, no.=28, <checksum>:
0x2C432CD9047153D18B2194063FFAD880
key=plain, no.=28, cso file:
/dev/null
----------------------------------------------
real command=cset shield -e /home/nrink/Projects/build/encode/encode/tests/array_sum/array_sum.perf.plain --  --cso /dev/null
key=plain, no.=29, <stderr>:
LENGTH=4400
elapsed cycles: 877341
hi(checksum)=0x2C432CD9047153D1
lo(checksum)=0x8B2194063FFAD880
key=plain, no.=29, <checksum>:
0x2C432CD9047153D18B2194063FFAD880
key=plain, no.=29, cso file:
/dev/null
----------------------------------------------
real command=cset shield -e /home/nrink/Projects/build/encode/encode/tests/array_sum/array_sum.perf.plain --  --cso /dev/null
key=plain, no.=30, <stderr>:
LENGTH=4400
elapsed cycles: 902901
hi(checksum)=0x2C432CD9047153D1
lo(checksum)=0x8B2194063FFAD880
key=plain, no.=30, <checksum>:
0x2C432CD9047153D18B2194063FFAD880
key=plain, no.=30, cso file:
/dev/null
----------------------------------------------
real command=cset shield -e /home/nrink/Projects/build/encode/encode/tests/array_sum/array_sum.perf.plain --  --cso /dev/null
key=plain, no.=31, <stderr>:
LENGTH=4400
elapsed cycles: 856248
hi(checksum)=0x2C432CD9047153D1
lo(checksum)=0x8B2194063FFAD880
key=plain, no.=31, <checksum>:
0x2C432CD9047153D18B2194063FFAD880
key=plain, no.=31, cso file:
/dev/null
----------------------------------------------
real command=cset shield -e /home/nrink/Projects/build/encode/encode/tests/array_sum/array_sum.perf.plain --  --cso /dev/null
key=plain, no.=32, <stderr>:
LENGTH=4400
elapsed cycles: 856839
hi(checksum)=0x2C432CD9047153D1
lo(checksum)=0x8B2194063FFAD880
key=plain, no.=32, <checksum>:
0x2C432CD9047153D18B2194063FFAD880
key=plain, no.=32, cso file:
/dev/null
----------------------------------------------
real command=cset shield -e /home/nrink/Projects/build/encode/encode/tests/array_sum/array_sum.perf.plain --  --cso /dev/null
key=plain, no.=33, <stderr>:
LENGTH=4400
elapsed cycles: 853275
hi(checksum)=0x2C432CD9047153D1
lo(checksum)=0x8B2194063FFAD880
key=plain, no.=33, <checksum>:
0x2C432CD9047153D18B2194063FFAD880
key=plain, no.=33, cso file:
/dev/null
----------------------------------------------
real command=cset shield -e /home/nrink/Projects/build/encode/encode/tests/array_sum/array_sum.perf.plain --  --cso /dev/null
key=plain, no.=34, <stderr>:
LENGTH=4400
elapsed cycles: 854058
hi(checksum)=0x2C432CD9047153D1
lo(checksum)=0x8B2194063FFAD880
key=plain, no.=34, <checksum>:
0x2C432CD9047153D18B2194063FFAD880
key=plain, no.=34, cso file:
/dev/null
----------------------------------------------
real command=cset shield -e /home/nrink/Projects/build/encode/encode/tests/array_sum/array_sum.perf.plain --  --cso /dev/null
key=plain, no.=35, <stderr>:
LENGTH=4400
elapsed cycles: 852954
hi(checksum)=0x2C432CD9047153D1
lo(checksum)=0x8B2194063FFAD880
key=plain, no.=35, <checksum>:
0x2C432CD9047153D18B2194063FFAD880
key=plain, no.=35, cso file:
/dev/null
----------------------------------------------
real command=cset shield -e /home/nrink/Projects/build/encode/encode/tests/array_sum/array_sum.perf.plain --  --cso /dev/null
key=plain, no.=36, <stderr>:
LENGTH=4400
elapsed cycles: 854265
hi(checksum)=0x2C432CD9047153D1
lo(checksum)=0x8B2194063FFAD880
key=plain, no.=36, <checksum>:
0x2C432CD9047153D18B2194063FFAD880
key=plain, no.=36, cso file:
/dev/null
----------------------------------------------
real command=cset shield -e /home/nrink/Projects/build/encode/encode/tests/array_sum/array_sum.perf.plain --  --cso /dev/null
key=plain, no.=37, <stderr>:
LENGTH=4400
elapsed cycles: 853734
hi(checksum)=0x2C432CD9047153D1
lo(checksum)=0x8B2194063FFAD880
key=plain, no.=37, <checksum>:
0x2C432CD9047153D18B2194063FFAD880
key=plain, no.=37, cso file:
/dev/null
----------------------------------------------
real command=cset shield -e /home/nrink/Projects/build/encode/encode/tests/array_sum/array_sum.perf.plain --  --cso /dev/null
key=plain, no.=38, <stderr>:
LENGTH=4400
elapsed cycles: 852867
hi(checksum)=0x2C432CD9047153D1
lo(checksum)=0x8B2194063FFAD880
key=plain, no.=38, <checksum>:
0x2C432CD9047153D18B2194063FFAD880
key=plain, no.=38, cso file:
/dev/null
----------------------------------------------
real command=cset shield -e /home/nrink/Projects/build/encode/encode/tests/array_sum/array_sum.perf.plain --  --cso /dev/null
key=plain, no.=39, <stderr>:
LENGTH=4400
elapsed cycles: 855171
hi(checksum)=0x2C432CD9047153D1
lo(checksum)=0x8B2194063FFAD880
key=plain, no.=39, <checksum>:
0x2C432CD9047153D18B2194063FFAD880
key=plain, no.=39, cso file:
/dev/null
----------------------------------------------
real command=cset shield -e /home/nrink/Projects/build/encode/encode/tests/array_sum/array_sum.perf.plain --  --cso /dev/null
key=plain, no.=40, <stderr>:
LENGTH=4400
elapsed cycles: 867609
hi(checksum)=0x2C432CD9047153D1
lo(checksum)=0x8B2194063FFAD880
key=plain, no.=40, <checksum>:
0x2C432CD9047153D18B2194063FFAD880
key=plain, no.=40, cso file:
/dev/null
----------------------------------------------
real command=cset shield -e /home/nrink/Projects/build/encode/encode/tests/array_sum/array_sum.perf.plain --  --cso /dev/null
key=plain, no.=41, <stderr>:
LENGTH=4400
elapsed cycles: 856587
hi(checksum)=0x2C432CD9047153D1
lo(checksum)=0x8B2194063FFAD880
key=plain, no.=41, <checksum>:
0x2C432CD9047153D18B2194063FFAD880
key=plain, no.=41, cso file:
/dev/null
----------------------------------------------
real command=cset shield -e /home/nrink/Projects/build/encode/encode/tests/array_sum/array_sum.perf.plain --  --cso /dev/null
key=plain, no.=42, <stderr>:
LENGTH=4400
elapsed cycles: 867222
hi(checksum)=0x2C432CD9047153D1
lo(checksum)=0x8B2194063FFAD880
key=plain, no.=42, <checksum>:
0x2C432CD9047153D18B2194063FFAD880
key=plain, no.=42, cso file:
/dev/null
----------------------------------------------
real command=cset shield -e /home/nrink/Projects/build/encode/encode/tests/array_sum/array_sum.perf.plain --  --cso /dev/null
key=plain, no.=43, <stderr>:
LENGTH=4400
elapsed cycles: 964173
hi(checksum)=0x2C432CD9047153D1
lo(checksum)=0x8B2194063FFAD880
key=plain, no.=43, <checksum>:
0x2C432CD9047153D18B2194063FFAD880
key=plain, no.=43, cso file:
/dev/null
----------------------------------------------
real command=cset shield -e /home/nrink/Projects/build/encode/encode/tests/array_sum/array_sum.perf.plain --  --cso /dev/null
key=plain, no.=44, <stderr>:
LENGTH=4400
elapsed cycles: 888144
hi(checksum)=0x2C432CD9047153D1
lo(checksum)=0x8B2194063FFAD880
key=plain, no.=44, <checksum>:
0x2C432CD9047153D18B2194063FFAD880
key=plain, no.=44, cso file:
/dev/null
----------------------------------------------
real command=cset shield -e /home/nrink/Projects/build/encode/encode/tests/array_sum/array_sum.perf.plain --  --cso /dev/null
key=plain, no.=45, <stderr>:
LENGTH=4400
elapsed cycles: 934653
hi(checksum)=0x2C432CD9047153D1
lo(checksum)=0x8B2194063FFAD880
key=plain, no.=45, <checksum>:
0x2C432CD9047153D18B2194063FFAD880
key=plain, no.=45, cso file:
/dev/null
----------------------------------------------
real command=cset shield -e /home/nrink/Projects/build/encode/encode/tests/array_sum/array_sum.perf.plain --  --cso /dev/null
key=plain, no.=46, <stderr>:
LENGTH=4400
elapsed cycles: 854766
hi(checksum)=0x2C432CD9047153D1
lo(checksum)=0x8B2194063FFAD880
key=plain, no.=46, <checksum>:
0x2C432CD9047153D18B2194063FFAD880
key=plain, no.=46, cso file:
/dev/null
----------------------------------------------
real command=cset shield -e /home/nrink/Projects/build/encode/encode/tests/array_sum/array_sum.perf.plain --  --cso /dev/null
key=plain, no.=47, <stderr>:
LENGTH=4400
elapsed cycles: 852669
hi(checksum)=0x2C432CD9047153D1
lo(checksum)=0x8B2194063FFAD880
key=plain, no.=47, <checksum>:
0x2C432CD9047153D18B2194063FFAD880
key=plain, no.=47, cso file:
/dev/null
----------------------------------------------
real command=cset shield -e /home/nrink/Projects/build/encode/encode/tests/array_sum/array_sum.perf.plain --  --cso /dev/null
key=plain, no.=48, <stderr>:
LENGTH=4400
elapsed cycles: 853623
hi(checksum)=0x2C432CD9047153D1
lo(checksum)=0x8B2194063FFAD880
key=plain, no.=48, <checksum>:
0x2C432CD9047153D18B2194063FFAD880
key=plain, no.=48, cso file:
/dev/null
----------------------------------------------
real command=cset shield -e /home/nrink/Projects/build/encode/encode/tests/array_sum/array_sum.perf.plain --  --cso /dev/null
key=plain, no.=49, <stderr>:
LENGTH=4400
elapsed cycles: 863487
hi(checksum)=0x2C432CD9047153D1
lo(checksum)=0x8B2194063FFAD880
key=plain, no.=49, <checksum>:
0x2C432CD9047153D18B2194063FFAD880
key=plain, no.=49, cso file:
/dev/null
----------------------------------------------
real command=cset shield -e /home/nrink/Projects/build/encode/encode/tests/array_sum/array_sum.perf.plain --  --cso /dev/null
key=plain, no.=50, <stderr>:
LENGTH=4400
elapsed cycles: 853218
hi(checksum)=0x2C432CD9047153D1
lo(checksum)=0x8B2194063FFAD880
key=plain, no.=50, <checksum>:
0x2C432CD9047153D18B2194063FFAD880
key=plain, no.=50, cso file:
/dev/null
----------------------------------------------
real command=cset shield -e /home/nrink/Projects/build/encode/encode/tests/array_sum/array_sum.perf.plain --  --cso /dev/null
key=plain, no.=51, <stderr>:
LENGTH=4400
elapsed cycles: 853578
hi(checksum)=0x2C432CD9047153D1
lo(checksum)=0x8B2194063FFAD880
key=plain, no.=51, <checksum>:
0x2C432CD9047153D18B2194063FFAD880
key=plain, no.=51, cso file:
/dev/null
----------------------------------------------
real command=cset shield -e /home/nrink/Projects/build/encode/encode/tests/array_sum/array_sum.perf.plain --  --cso /dev/null
key=plain, no.=52, <stderr>:
LENGTH=4400
elapsed cycles: 853617
hi(checksum)=0x2C432CD9047153D1
lo(checksum)=0x8B2194063FFAD880
key=plain, no.=52, <checksum>:
0x2C432CD9047153D18B2194063FFAD880
key=plain, no.=52, cso file:
/dev/null
----------------------------------------------
real command=cset shield -e /home/nrink/Projects/build/encode/encode/tests/array_sum/array_sum.perf.plain --  --cso /dev/null
key=plain, no.=53, <stderr>:
LENGTH=4400
elapsed cycles: 929049
hi(checksum)=0x2C432CD9047153D1
lo(checksum)=0x8B2194063FFAD880
key=plain, no.=53, <checksum>:
0x2C432CD9047153D18B2194063FFAD880
key=plain, no.=53, cso file:
/dev/null
----------------------------------------------
real command=cset shield -e /home/nrink/Projects/build/encode/encode/tests/array_sum/array_sum.perf.plain --  --cso /dev/null
key=plain, no.=54, <stderr>:
LENGTH=4400
elapsed cycles: 853989
hi(checksum)=0x2C432CD9047153D1
lo(checksum)=0x8B2194063FFAD880
key=plain, no.=54, <checksum>:
0x2C432CD9047153D18B2194063FFAD880
key=plain, no.=54, cso file:
/dev/null
----------------------------------------------
real command=cset shield -e /home/nrink/Projects/build/encode/encode/tests/array_sum/array_sum.perf.plain --  --cso /dev/null
key=plain, no.=55, <stderr>:
LENGTH=4400
elapsed cycles: 853116
hi(checksum)=0x2C432CD9047153D1
lo(checksum)=0x8B2194063FFAD880
key=plain, no.=55, <checksum>:
0x2C432CD9047153D18B2194063FFAD880
key=plain, no.=55, cso file:
/dev/null
----------------------------------------------
real command=cset shield -e /home/nrink/Projects/build/encode/encode/tests/array_sum/array_sum.perf.plain --  --cso /dev/null
key=plain, no.=56, <stderr>:
LENGTH=4400
elapsed cycles: 853458
hi(checksum)=0x2C432CD9047153D1
lo(checksum)=0x8B2194063FFAD880
key=plain, no.=56, <checksum>:
0x2C432CD9047153D18B2194063FFAD880
key=plain, no.=56, cso file:
/dev/null
----------------------------------------------
real command=cset shield -e /home/nrink/Projects/build/encode/encode/tests/array_sum/array_sum.perf.plain --  --cso /dev/null
key=plain, no.=57, <stderr>:
LENGTH=4400
elapsed cycles: 853254
hi(checksum)=0x2C432CD9047153D1
lo(checksum)=0x8B2194063FFAD880
key=plain, no.=57, <checksum>:
0x2C432CD9047153D18B2194063FFAD880
key=plain, no.=57, cso file:
/dev/null
----------------------------------------------
real command=cset shield -e /home/nrink/Projects/build/encode/encode/tests/array_sum/array_sum.perf.plain --  --cso /dev/null
key=plain, no.=58, <stderr>:
LENGTH=4400
elapsed cycles: 853140
hi(checksum)=0x2C432CD9047153D1
lo(checksum)=0x8B2194063FFAD880
key=plain, no.=58, <checksum>:
0x2C432CD9047153D18B2194063FFAD880
key=plain, no.=58, cso file:
/dev/null
----------------------------------------------
real command=cset shield -e /home/nrink/Projects/build/encode/encode/tests/array_sum/array_sum.perf.plain --  --cso /dev/null
key=plain, no.=59, <stderr>:
LENGTH=4400
elapsed cycles: 856815
hi(checksum)=0x2C432CD9047153D1
lo(checksum)=0x8B2194063FFAD880
key=plain, no.=59, <checksum>:
0x2C432CD9047153D18B2194063FFAD880
key=plain, no.=59, cso file:
/dev/null
----------------------------------------------
real command=cset shield -e /home/nrink/Projects/build/encode/encode/tests/array_sum/array_sum.perf.plain --  --cso /dev/null
key=plain, no.=60, <stderr>:
LENGTH=4400
elapsed cycles: 853842
hi(checksum)=0x2C432CD9047153D1
lo(checksum)=0x8B2194063FFAD880
key=plain, no.=60, <checksum>:
0x2C432CD9047153D18B2194063FFAD880
key=plain, no.=60, cso file:
/dev/null
----------------------------------------------
real command=cset shield -e /home/nrink/Projects/build/encode/encode/tests/array_sum/array_sum.perf.plain --  --cso /dev/null
key=plain, no.=61, <stderr>:
LENGTH=4400
elapsed cycles: 854607
hi(checksum)=0x2C432CD9047153D1
lo(checksum)=0x8B2194063FFAD880
key=plain, no.=61, <checksum>:
0x2C432CD9047153D18B2194063FFAD880
key=plain, no.=61, cso file:
/dev/null
----------------------------------------------
real command=cset shield -e /home/nrink/Projects/build/encode/encode/tests/array_sum/array_sum.perf.plain --  --cso /dev/null
key=plain, no.=62, <stderr>:
LENGTH=4400
elapsed cycles: 853977
hi(checksum)=0x2C432CD9047153D1
lo(checksum)=0x8B2194063FFAD880
key=plain, no.=62, <checksum>:
0x2C432CD9047153D18B2194063FFAD880
key=plain, no.=62, cso file:
/dev/null
----------------------------------------------
real command=cset shield -e /home/nrink/Projects/build/encode/encode/tests/array_sum/array_sum.perf.plain --  --cso /dev/null
key=plain, no.=63, <stderr>:
LENGTH=4400
elapsed cycles: 1011894
hi(checksum)=0x2C432CD9047153D1
lo(checksum)=0x8B2194063FFAD880
key=plain, no.=63, <checksum>:
0x2C432CD9047153D18B2194063FFAD880
key=plain, no.=63, cso file:
/dev/null
----------------------------------------------
real command=cset shield -e /home/nrink/Projects/build/encode/encode/tests/array_sum/array_sum.perf.plain --  --cso /dev/null
key=plain, no.=64, <stderr>:
LENGTH=4400
elapsed cycles: 855165
hi(checksum)=0x2C432CD9047153D1
lo(checksum)=0x8B2194063FFAD880
key=plain, no.=64, <checksum>:
0x2C432CD9047153D18B2194063FFAD880
key=plain, no.=64, cso file:
/dev/null
----------------------------------------------
real command=cset shield -e /home/nrink/Projects/build/encode/encode/tests/array_sum/array_sum.perf.plain --  --cso /dev/null
key=plain, no.=65, <stderr>:
LENGTH=4400
elapsed cycles: 854874
hi(checksum)=0x2C432CD9047153D1
lo(checksum)=0x8B2194063FFAD880
key=plain, no.=65, <checksum>:
0x2C432CD9047153D18B2194063FFAD880
key=plain, no.=65, cso file:
/dev/null
----------------------------------------------
real command=cset shield -e /home/nrink/Projects/build/encode/encode/tests/array_sum/array_sum.perf.plain --  --cso /dev/null
key=plain, no.=66, <stderr>:
LENGTH=4400
elapsed cycles: 873081
hi(checksum)=0x2C432CD9047153D1
lo(checksum)=0x8B2194063FFAD880
key=plain, no.=66, <checksum>:
0x2C432CD9047153D18B2194063FFAD880
key=plain, no.=66, cso file:
/dev/null
----------------------------------------------
real command=cset shield -e /home/nrink/Projects/build/encode/encode/tests/array_sum/array_sum.perf.plain --  --cso /dev/null
key=plain, no.=67, <stderr>:
LENGTH=4400
elapsed cycles: 873354
hi(checksum)=0x2C432CD9047153D1
lo(checksum)=0x8B2194063FFAD880
key=plain, no.=67, <checksum>:
0x2C432CD9047153D18B2194063FFAD880
key=plain, no.=67, cso file:
/dev/null
----------------------------------------------
real command=cset shield -e /home/nrink/Projects/build/encode/encode/tests/array_sum/array_sum.perf.plain --  --cso /dev/null
key=plain, no.=68, <stderr>:
LENGTH=4400
elapsed cycles: 853254
hi(checksum)=0x2C432CD9047153D1
lo(checksum)=0x8B2194063FFAD880
key=plain, no.=68, <checksum>:
0x2C432CD9047153D18B2194063FFAD880
key=plain, no.=68, cso file:
/dev/null
----------------------------------------------
real command=cset shield -e /home/nrink/Projects/build/encode/encode/tests/array_sum/array_sum.perf.plain --  --cso /dev/null
key=plain, no.=69, <stderr>:
LENGTH=4400
elapsed cycles: 854412
hi(checksum)=0x2C432CD9047153D1
lo(checksum)=0x8B2194063FFAD880
key=plain, no.=69, <checksum>:
0x2C432CD9047153D18B2194063FFAD880
key=plain, no.=69, cso file:
/dev/null
----------------------------------------------
real command=cset shield -e /home/nrink/Projects/build/encode/encode/tests/array_sum/array_sum.perf.plain --  --cso /dev/null
key=plain, no.=70, <stderr>:
LENGTH=4400
elapsed cycles: 993150
hi(checksum)=0x2C432CD9047153D1
lo(checksum)=0x8B2194063FFAD880
key=plain, no.=70, <checksum>:
0x2C432CD9047153D18B2194063FFAD880
key=plain, no.=70, cso file:
/dev/null
----------------------------------------------
real command=cset shield -e /home/nrink/Projects/build/encode/encode/tests/array_sum/array_sum.perf.plain --  --cso /dev/null
key=plain, no.=71, <stderr>:
LENGTH=4400
elapsed cycles: 852354
hi(checksum)=0x2C432CD9047153D1
lo(checksum)=0x8B2194063FFAD880
key=plain, no.=71, <checksum>:
0x2C432CD9047153D18B2194063FFAD880
key=plain, no.=71, cso file:
/dev/null
----------------------------------------------
real command=cset shield -e /home/nrink/Projects/build/encode/encode/tests/array_sum/array_sum.perf.plain --  --cso /dev/null
key=plain, no.=72, <stderr>:
LENGTH=4400
elapsed cycles: 873060
hi(checksum)=0x2C432CD9047153D1
lo(checksum)=0x8B2194063FFAD880
key=plain, no.=72, <checksum>:
0x2C432CD9047153D18B2194063FFAD880
key=plain, no.=72, cso file:
/dev/null
----------------------------------------------
real command=cset shield -e /home/nrink/Projects/build/encode/encode/tests/array_sum/array_sum.perf.plain --  --cso /dev/null
key=plain, no.=73, <stderr>:
LENGTH=4400
elapsed cycles: 853746
hi(checksum)=0x2C432CD9047153D1
lo(checksum)=0x8B2194063FFAD880
key=plain, no.=73, <checksum>:
0x2C432CD9047153D18B2194063FFAD880
key=plain, no.=73, cso file:
/dev/null
----------------------------------------------
real command=cset shield -e /home/nrink/Projects/build/encode/encode/tests/array_sum/array_sum.perf.plain --  --cso /dev/null
key=plain, no.=74, <stderr>:
LENGTH=4400
elapsed cycles: 853293
hi(checksum)=0x2C432CD9047153D1
lo(checksum)=0x8B2194063FFAD880
key=plain, no.=74, <checksum>:
0x2C432CD9047153D18B2194063FFAD880
key=plain, no.=74, cso file:
/dev/null
----------------------------------------------
real command=cset shield -e /home/nrink/Projects/build/encode/encode/tests/array_sum/array_sum.perf.plain --  --cso /dev/null
key=plain, no.=75, <stderr>:
LENGTH=4400
elapsed cycles: 853575
hi(checksum)=0x2C432CD9047153D1
lo(checksum)=0x8B2194063FFAD880
key=plain, no.=75, <checksum>:
0x2C432CD9047153D18B2194063FFAD880
key=plain, no.=75, cso file:
/dev/null
----------------------------------------------
real command=cset shield -e /home/nrink/Projects/build/encode/encode/tests/array_sum/array_sum.perf.plain --  --cso /dev/null
key=plain, no.=76, <stderr>:
LENGTH=4400
elapsed cycles: 854010
hi(checksum)=0x2C432CD9047153D1
lo(checksum)=0x8B2194063FFAD880
key=plain, no.=76, <checksum>:
0x2C432CD9047153D18B2194063FFAD880
key=plain, no.=76, cso file:
/dev/null
----------------------------------------------
real command=cset shield -e /home/nrink/Projects/build/encode/encode/tests/array_sum/array_sum.perf.plain --  --cso /dev/null
key=plain, no.=77, <stderr>:
LENGTH=4400
elapsed cycles: 887856
hi(checksum)=0x2C432CD9047153D1
lo(checksum)=0x8B2194063FFAD880
key=plain, no.=77, <checksum>:
0x2C432CD9047153D18B2194063FFAD880
key=plain, no.=77, cso file:
/dev/null
----------------------------------------------
real command=cset shield -e /home/nrink/Projects/build/encode/encode/tests/array_sum/array_sum.perf.plain --  --cso /dev/null
key=plain, no.=78, <stderr>:
LENGTH=4400
elapsed cycles: 854400
hi(checksum)=0x2C432CD9047153D1
lo(checksum)=0x8B2194063FFAD880
key=plain, no.=78, <checksum>:
0x2C432CD9047153D18B2194063FFAD880
key=plain, no.=78, cso file:
/dev/null
----------------------------------------------
real command=cset shield -e /home/nrink/Projects/build/encode/encode/tests/array_sum/array_sum.perf.plain --  --cso /dev/null
key=plain, no.=79, <stderr>:
LENGTH=4400
elapsed cycles: 855288
hi(checksum)=0x2C432CD9047153D1
lo(checksum)=0x8B2194063FFAD880
key=plain, no.=79, <checksum>:
0x2C432CD9047153D18B2194063FFAD880
key=plain, no.=79, cso file:
/dev/null
----------------------------------------------
real command=cset shield -e /home/nrink/Projects/build/encode/encode/tests/array_sum/array_sum.perf.plain --  --cso /dev/null
key=plain, no.=80, <stderr>:
LENGTH=4400
elapsed cycles: 861915
hi(checksum)=0x2C432CD9047153D1
lo(checksum)=0x8B2194063FFAD880
key=plain, no.=80, <checksum>:
0x2C432CD9047153D18B2194063FFAD880
key=plain, no.=80, cso file:
/dev/null
----------------------------------------------
real command=cset shield -e /home/nrink/Projects/build/encode/encode/tests/array_sum/array_sum.perf.plain --  --cso /dev/null
key=plain, no.=81, <stderr>:
LENGTH=4400
elapsed cycles: 854616
hi(checksum)=0x2C432CD9047153D1
lo(checksum)=0x8B2194063FFAD880
key=plain, no.=81, <checksum>:
0x2C432CD9047153D18B2194063FFAD880
key=plain, no.=81, cso file:
/dev/null
----------------------------------------------
real command=cset shield -e /home/nrink/Projects/build/encode/encode/tests/array_sum/array_sum.perf.plain --  --cso /dev/null
key=plain, no.=82, <stderr>:
LENGTH=4400
elapsed cycles: 855738
hi(checksum)=0x2C432CD9047153D1
lo(checksum)=0x8B2194063FFAD880
key=plain, no.=82, <checksum>:
0x2C432CD9047153D18B2194063FFAD880
key=plain, no.=82, cso file:
/dev/null
----------------------------------------------
real command=cset shield -e /home/nrink/Projects/build/encode/encode/tests/array_sum/array_sum.perf.plain --  --cso /dev/null
key=plain, no.=83, <stderr>:
LENGTH=4400
elapsed cycles: 853344
hi(checksum)=0x2C432CD9047153D1
lo(checksum)=0x8B2194063FFAD880
key=plain, no.=83, <checksum>:
0x2C432CD9047153D18B2194063FFAD880
key=plain, no.=83, cso file:
/dev/null
----------------------------------------------
real command=cset shield -e /home/nrink/Projects/build/encode/encode/tests/array_sum/array_sum.perf.plain --  --cso /dev/null
key=plain, no.=84, <stderr>:
LENGTH=4400
elapsed cycles: 857748
hi(checksum)=0x2C432CD9047153D1
lo(checksum)=0x8B2194063FFAD880
key=plain, no.=84, <checksum>:
0x2C432CD9047153D18B2194063FFAD880
key=plain, no.=84, cso file:
/dev/null
----------------------------------------------
real command=cset shield -e /home/nrink/Projects/build/encode/encode/tests/array_sum/array_sum.perf.plain --  --cso /dev/null
key=plain, no.=85, <stderr>:
LENGTH=4400
elapsed cycles: 854067
hi(checksum)=0x2C432CD9047153D1
lo(checksum)=0x8B2194063FFAD880
key=plain, no.=85, <checksum>:
0x2C432CD9047153D18B2194063FFAD880
key=plain, no.=85, cso file:
/dev/null
----------------------------------------------
real command=cset shield -e /home/nrink/Projects/build/encode/encode/tests/array_sum/array_sum.perf.plain --  --cso /dev/null
key=plain, no.=86, <stderr>:
LENGTH=4400
elapsed cycles: 853128
hi(checksum)=0x2C432CD9047153D1
lo(checksum)=0x8B2194063FFAD880
key=plain, no.=86, <checksum>:
0x2C432CD9047153D18B2194063FFAD880
key=plain, no.=86, cso file:
/dev/null
----------------------------------------------
real command=cset shield -e /home/nrink/Projects/build/encode/encode/tests/array_sum/array_sum.perf.plain --  --cso /dev/null
key=plain, no.=87, <stderr>:
LENGTH=4400
elapsed cycles: 852942
hi(checksum)=0x2C432CD9047153D1
lo(checksum)=0x8B2194063FFAD880
key=plain, no.=87, <checksum>:
0x2C432CD9047153D18B2194063FFAD880
key=plain, no.=87, cso file:
/dev/null
----------------------------------------------
real command=cset shield -e /home/nrink/Projects/build/encode/encode/tests/array_sum/array_sum.perf.plain --  --cso /dev/null
key=plain, no.=88, <stderr>:
LENGTH=4400
elapsed cycles: 1047813
hi(checksum)=0x2C432CD9047153D1
lo(checksum)=0x8B2194063FFAD880
key=plain, no.=88, <checksum>:
0x2C432CD9047153D18B2194063FFAD880
key=plain, no.=88, cso file:
/dev/null
----------------------------------------------
real command=cset shield -e /home/nrink/Projects/build/encode/encode/tests/array_sum/array_sum.perf.plain --  --cso /dev/null
key=plain, no.=89, <stderr>:
LENGTH=4400
elapsed cycles: 853590
hi(checksum)=0x2C432CD9047153D1
lo(checksum)=0x8B2194063FFAD880
key=plain, no.=89, <checksum>:
0x2C432CD9047153D18B2194063FFAD880
key=plain, no.=89, cso file:
/dev/null
----------------------------------------------
real command=cset shield -e /home/nrink/Projects/build/encode/encode/tests/array_sum/array_sum.perf.plain --  --cso /dev/null
key=plain, no.=90, <stderr>:
LENGTH=4400
elapsed cycles: 886587
hi(checksum)=0x2C432CD9047153D1
lo(checksum)=0x8B2194063FFAD880
key=plain, no.=90, <checksum>:
0x2C432CD9047153D18B2194063FFAD880
key=plain, no.=90, cso file:
/dev/null
----------------------------------------------
real command=cset shield -e /home/nrink/Projects/build/encode/encode/tests/array_sum/array_sum.perf.plain --  --cso /dev/null
key=plain, no.=91, <stderr>:
LENGTH=4400
elapsed cycles: 853557
hi(checksum)=0x2C432CD9047153D1
lo(checksum)=0x8B2194063FFAD880
key=plain, no.=91, <checksum>:
0x2C432CD9047153D18B2194063FFAD880
key=plain, no.=91, cso file:
/dev/null
----------------------------------------------
real command=cset shield -e /home/nrink/Projects/build/encode/encode/tests/array_sum/array_sum.perf.plain --  --cso /dev/null
key=plain, no.=92, <stderr>:
LENGTH=4400
elapsed cycles: 853458
hi(checksum)=0x2C432CD9047153D1
lo(checksum)=0x8B2194063FFAD880
key=plain, no.=92, <checksum>:
0x2C432CD9047153D18B2194063FFAD880
key=plain, no.=92, cso file:
/dev/null
----------------------------------------------
real command=cset shield -e /home/nrink/Projects/build/encode/encode/tests/array_sum/array_sum.perf.plain --  --cso /dev/null
key=plain, no.=93, <stderr>:
LENGTH=4400
elapsed cycles: 853308
hi(checksum)=0x2C432CD9047153D1
lo(checksum)=0x8B2194063FFAD880
key=plain, no.=93, <checksum>:
0x2C432CD9047153D18B2194063FFAD880
key=plain, no.=93, cso file:
/dev/null
----------------------------------------------
real command=cset shield -e /home/nrink/Projects/build/encode/encode/tests/array_sum/array_sum.perf.plain --  --cso /dev/null
key=plain, no.=94, <stderr>:
LENGTH=4400
elapsed cycles: 853170
hi(checksum)=0x2C432CD9047153D1
lo(checksum)=0x8B2194063FFAD880
key=plain, no.=94, <checksum>:
0x2C432CD9047153D18B2194063FFAD880
key=plain, no.=94, cso file:
/dev/null
----------------------------------------------
real command=cset shield -e /home/nrink/Projects/build/encode/encode/tests/array_sum/array_sum.perf.plain --  --cso /dev/null
key=plain, no.=95, <stderr>:
LENGTH=4400
elapsed cycles: 853368
hi(checksum)=0x2C432CD9047153D1
lo(checksum)=0x8B2194063FFAD880
key=plain, no.=95, <checksum>:
0x2C432CD9047153D18B2194063FFAD880
key=plain, no.=95, cso file:
/dev/null
----------------------------------------------
real command=cset shield -e /home/nrink/Projects/build/encode/encode/tests/array_sum/array_sum.perf.plain --  --cso /dev/null
key=plain, no.=96, <stderr>:
LENGTH=4400
elapsed cycles: 853815
hi(checksum)=0x2C432CD9047153D1
lo(checksum)=0x8B2194063FFAD880
key=plain, no.=96, <checksum>:
0x2C432CD9047153D18B2194063FFAD880
key=plain, no.=96, cso file:
/dev/null
----------------------------------------------
real command=cset shield -e /home/nrink/Projects/build/encode/encode/tests/array_sum/array_sum.perf.plain --  --cso /dev/null
key=plain, no.=97, <stderr>:
LENGTH=4400
elapsed cycles: 853548
hi(checksum)=0x2C432CD9047153D1
lo(checksum)=0x8B2194063FFAD880
key=plain, no.=97, <checksum>:
0x2C432CD9047153D18B2194063FFAD880
key=plain, no.=97, cso file:
/dev/null
----------------------------------------------
real command=cset shield -e /home/nrink/Projects/build/encode/encode/tests/array_sum/array_sum.perf.plain --  --cso /dev/null
key=plain, no.=98, <stderr>:
LENGTH=4400
elapsed cycles: 853392
hi(checksum)=0x2C432CD9047153D1
lo(checksum)=0x8B2194063FFAD880
key=plain, no.=98, <checksum>:
0x2C432CD9047153D18B2194063FFAD880
key=plain, no.=98, cso file:
/dev/null
----------------------------------------------
real command=cset shield -e /home/nrink/Projects/build/encode/encode/tests/array_sum/array_sum.perf.plain --  --cso /dev/null
key=plain, no.=99, <stderr>:
LENGTH=4400
elapsed cycles: 854589
hi(checksum)=0x2C432CD9047153D1
lo(checksum)=0x8B2194063FFAD880
key=plain, no.=99, <checksum>:
0x2C432CD9047153D18B2194063FFAD880
key=plain, no.=99, cso file:
/dev/null
----------------------------------------------
key=encoded, runs=100 ...
command=/home/nrink/Projects/build/encode/encode/tests/array_sum/array_sum.perf.encoded
----------------------------------------------
real command=cset shield -e /home/nrink/Projects/build/encode/encode/tests/array_sum/array_sum.perf.encoded --  --cso /dev/null
key=encoded, no.=0, <stderr>:
LENGTH=4400
elapsed cycles: 5590728
hi(checksum)=0x2C432CD9047153D1
lo(checksum)=0x8B2194063FFAD880
key=encoded, no.=0, <checksum>:
0x2C432CD9047153D18B2194063FFAD880
key=encoded, no.=0, cso file:
/dev/null
----------------------------------------------
real command=cset shield -e /home/nrink/Projects/build/encode/encode/tests/array_sum/array_sum.perf.encoded --  --cso /dev/null
key=encoded, no.=1, <stderr>:
LENGTH=4400
elapsed cycles: 5734143
hi(checksum)=0x2C432CD9047153D1
lo(checksum)=0x8B2194063FFAD880
key=encoded, no.=1, <checksum>:
0x2C432CD9047153D18B2194063FFAD880
key=encoded, no.=1, cso file:
/dev/null
----------------------------------------------
real command=cset shield -e /home/nrink/Projects/build/encode/encode/tests/array_sum/array_sum.perf.encoded --  --cso /dev/null
key=encoded, no.=2, <stderr>:
LENGTH=4400
elapsed cycles: 5721234
hi(checksum)=0x2C432CD9047153D1
lo(checksum)=0x8B2194063FFAD880
key=encoded, no.=2, <checksum>:
0x2C432CD9047153D18B2194063FFAD880
key=encoded, no.=2, cso file:
/dev/null
----------------------------------------------
real command=cset shield -e /home/nrink/Projects/build/encode/encode/tests/array_sum/array_sum.perf.encoded --  --cso /dev/null
key=encoded, no.=3, <stderr>:
LENGTH=4400
elapsed cycles: 5584353
hi(checksum)=0x2C432CD9047153D1
lo(checksum)=0x8B2194063FFAD880
key=encoded, no.=3, <checksum>:
0x2C432CD9047153D18B2194063FFAD880
key=encoded, no.=3, cso file:
/dev/null
----------------------------------------------
real command=cset shield -e /home/nrink/Projects/build/encode/encode/tests/array_sum/array_sum.perf.encoded --  --cso /dev/null
key=encoded, no.=4, <stderr>:
LENGTH=4400
elapsed cycles: 5616921
hi(checksum)=0x2C432CD9047153D1
lo(checksum)=0x8B2194063FFAD880
key=encoded, no.=4, <checksum>:
0x2C432CD9047153D18B2194063FFAD880
key=encoded, no.=4, cso file:
/dev/null
----------------------------------------------
real command=cset shield -e /home/nrink/Projects/build/encode/encode/tests/array_sum/array_sum.perf.encoded --  --cso /dev/null
key=encoded, no.=5, <stderr>:
LENGTH=4400
elapsed cycles: 5610195
hi(checksum)=0x2C432CD9047153D1
lo(checksum)=0x8B2194063FFAD880
key=encoded, no.=5, <checksum>:
0x2C432CD9047153D18B2194063FFAD880
key=encoded, no.=5, cso file:
/dev/null
----------------------------------------------
real command=cset shield -e /home/nrink/Projects/build/encode/encode/tests/array_sum/array_sum.perf.encoded --  --cso /dev/null
key=encoded, no.=6, <stderr>:
LENGTH=4400
elapsed cycles: 5798349
hi(checksum)=0x2C432CD9047153D1
lo(checksum)=0x8B2194063FFAD880
key=encoded, no.=6, <checksum>:
0x2C432CD9047153D18B2194063FFAD880
key=encoded, no.=6, cso file:
/dev/null
----------------------------------------------
real command=cset shield -e /home/nrink/Projects/build/encode/encode/tests/array_sum/array_sum.perf.encoded --  --cso /dev/null
key=encoded, no.=7, <stderr>:
LENGTH=4400
elapsed cycles: 5610756
hi(checksum)=0x2C432CD9047153D1
lo(checksum)=0x8B2194063FFAD880
key=encoded, no.=7, <checksum>:
0x2C432CD9047153D18B2194063FFAD880
key=encoded, no.=7, cso file:
/dev/null
----------------------------------------------
real command=cset shield -e /home/nrink/Projects/build/encode/encode/tests/array_sum/array_sum.perf.encoded --  --cso /dev/null
key=encoded, no.=8, <stderr>:
LENGTH=4400
elapsed cycles: 5607189
hi(checksum)=0x2C432CD9047153D1
lo(checksum)=0x8B2194063FFAD880
key=encoded, no.=8, <checksum>:
0x2C432CD9047153D18B2194063FFAD880
key=encoded, no.=8, cso file:
/dev/null
----------------------------------------------
real command=cset shield -e /home/nrink/Projects/build/encode/encode/tests/array_sum/array_sum.perf.encoded --  --cso /dev/null
key=encoded, no.=9, <stderr>:
LENGTH=4400
elapsed cycles: 5591226
hi(checksum)=0x2C432CD9047153D1
lo(checksum)=0x8B2194063FFAD880
key=encoded, no.=9, <checksum>:
0x2C432CD9047153D18B2194063FFAD880
key=encoded, no.=9, cso file:
/dev/null
----------------------------------------------
real command=cset shield -e /home/nrink/Projects/build/encode/encode/tests/array_sum/array_sum.perf.encoded --  --cso /dev/null
key=encoded, no.=10, <stderr>:
LENGTH=4400
elapsed cycles: 5713026
hi(checksum)=0x2C432CD9047153D1
lo(checksum)=0x8B2194063FFAD880
key=encoded, no.=10, <checksum>:
0x2C432CD9047153D18B2194063FFAD880
key=encoded, no.=10, cso file:
/dev/null
----------------------------------------------
real command=cset shield -e /home/nrink/Projects/build/encode/encode/tests/array_sum/array_sum.perf.encoded --  --cso /dev/null
key=encoded, no.=11, <stderr>:
LENGTH=4400
elapsed cycles: 5727648
hi(checksum)=0x2C432CD9047153D1
lo(checksum)=0x8B2194063FFAD880
key=encoded, no.=11, <checksum>:
0x2C432CD9047153D18B2194063FFAD880
key=encoded, no.=11, cso file:
/dev/null
----------------------------------------------
real command=cset shield -e /home/nrink/Projects/build/encode/encode/tests/array_sum/array_sum.perf.encoded --  --cso /dev/null
key=encoded, no.=12, <stderr>:
LENGTH=4400
elapsed cycles: 5585766
hi(checksum)=0x2C432CD9047153D1
lo(checksum)=0x8B2194063FFAD880
key=encoded, no.=12, <checksum>:
0x2C432CD9047153D18B2194063FFAD880
key=encoded, no.=12, cso file:
/dev/null
----------------------------------------------
real command=cset shield -e /home/nrink/Projects/build/encode/encode/tests/array_sum/array_sum.perf.encoded --  --cso /dev/null
key=encoded, no.=13, <stderr>:
LENGTH=4400
elapsed cycles: 5705955
hi(checksum)=0x2C432CD9047153D1
lo(checksum)=0x8B2194063FFAD880
key=encoded, no.=13, <checksum>:
0x2C432CD9047153D18B2194063FFAD880
key=encoded, no.=13, cso file:
/dev/null
----------------------------------------------
real command=cset shield -e /home/nrink/Projects/build/encode/encode/tests/array_sum/array_sum.perf.encoded --  --cso /dev/null
key=encoded, no.=14, <stderr>:
LENGTH=4400
elapsed cycles: 5676705
hi(checksum)=0x2C432CD9047153D1
lo(checksum)=0x8B2194063FFAD880
key=encoded, no.=14, <checksum>:
0x2C432CD9047153D18B2194063FFAD880
key=encoded, no.=14, cso file:
/dev/null
----------------------------------------------
real command=cset shield -e /home/nrink/Projects/build/encode/encode/tests/array_sum/array_sum.perf.encoded --  --cso /dev/null
key=encoded, no.=15, <stderr>:
LENGTH=4400
elapsed cycles: 5618265
hi(checksum)=0x2C432CD9047153D1
lo(checksum)=0x8B2194063FFAD880
key=encoded, no.=15, <checksum>:
0x2C432CD9047153D18B2194063FFAD880
key=encoded, no.=15, cso file:
/dev/null
----------------------------------------------
real command=cset shield -e /home/nrink/Projects/build/encode/encode/tests/array_sum/array_sum.perf.encoded --  --cso /dev/null
key=encoded, no.=16, <stderr>:
LENGTH=4400
elapsed cycles: 5773662
hi(checksum)=0x2C432CD9047153D1
lo(checksum)=0x8B2194063FFAD880
key=encoded, no.=16, <checksum>:
0x2C432CD9047153D18B2194063FFAD880
key=encoded, no.=16, cso file:
/dev/null
----------------------------------------------
real command=cset shield -e /home/nrink/Projects/build/encode/encode/tests/array_sum/array_sum.perf.encoded --  --cso /dev/null
key=encoded, no.=17, <stderr>:
LENGTH=4400
elapsed cycles: 5819163
hi(checksum)=0x2C432CD9047153D1
lo(checksum)=0x8B2194063FFAD880
key=encoded, no.=17, <checksum>:
0x2C432CD9047153D18B2194063FFAD880
key=encoded, no.=17, cso file:
/dev/null
----------------------------------------------
real command=cset shield -e /home/nrink/Projects/build/encode/encode/tests/array_sum/array_sum.perf.encoded --  --cso /dev/null
key=encoded, no.=18, <stderr>:
LENGTH=4400
elapsed cycles: 5905626
hi(checksum)=0x2C432CD9047153D1
lo(checksum)=0x8B2194063FFAD880
key=encoded, no.=18, <checksum>:
0x2C432CD9047153D18B2194063FFAD880
key=encoded, no.=18, cso file:
/dev/null
----------------------------------------------
real command=cset shield -e /home/nrink/Projects/build/encode/encode/tests/array_sum/array_sum.perf.encoded --  --cso /dev/null
key=encoded, no.=19, <stderr>:
LENGTH=4400
elapsed cycles: 5942910
hi(checksum)=0x2C432CD9047153D1
lo(checksum)=0x8B2194063FFAD880
key=encoded, no.=19, <checksum>:
0x2C432CD9047153D18B2194063FFAD880
key=encoded, no.=19, cso file:
/dev/null
----------------------------------------------
real command=cset shield -e /home/nrink/Projects/build/encode/encode/tests/array_sum/array_sum.perf.encoded --  --cso /dev/null
key=encoded, no.=20, <stderr>:
LENGTH=4400
elapsed cycles: 5869014
hi(checksum)=0x2C432CD9047153D1
lo(checksum)=0x8B2194063FFAD880
key=encoded, no.=20, <checksum>:
0x2C432CD9047153D18B2194063FFAD880
key=encoded, no.=20, cso file:
/dev/null
----------------------------------------------
real command=cset shield -e /home/nrink/Projects/build/encode/encode/tests/array_sum/array_sum.perf.encoded --  --cso /dev/null
key=encoded, no.=21, <stderr>:
LENGTH=4400
elapsed cycles: 5871360
hi(checksum)=0x2C432CD9047153D1
lo(checksum)=0x8B2194063FFAD880
key=encoded, no.=21, <checksum>:
0x2C432CD9047153D18B2194063FFAD880
key=encoded, no.=21, cso file:
/dev/null
----------------------------------------------
real command=cset shield -e /home/nrink/Projects/build/encode/encode/tests/array_sum/array_sum.perf.encoded --  --cso /dev/null
key=encoded, no.=22, <stderr>:
LENGTH=4400
elapsed cycles: 5868267
hi(checksum)=0x2C432CD9047153D1
lo(checksum)=0x8B2194063FFAD880
key=encoded, no.=22, <checksum>:
0x2C432CD9047153D18B2194063FFAD880
key=encoded, no.=22, cso file:
/dev/null
----------------------------------------------
real command=cset shield -e /home/nrink/Projects/build/encode/encode/tests/array_sum/array_sum.perf.encoded --  --cso /dev/null
key=encoded, no.=23, <stderr>:
LENGTH=4400
elapsed cycles: 5959122
hi(checksum)=0x2C432CD9047153D1
lo(checksum)=0x8B2194063FFAD880
key=encoded, no.=23, <checksum>:
0x2C432CD9047153D18B2194063FFAD880
key=encoded, no.=23, cso file:
/dev/null
----------------------------------------------
real command=cset shield -e /home/nrink/Projects/build/encode/encode/tests/array_sum/array_sum.perf.encoded --  --cso /dev/null
key=encoded, no.=24, <stderr>:
LENGTH=4400
elapsed cycles: 5638287
hi(checksum)=0x2C432CD9047153D1
lo(checksum)=0x8B2194063FFAD880
key=encoded, no.=24, <checksum>:
0x2C432CD9047153D18B2194063FFAD880
key=encoded, no.=24, cso file:
/dev/null
----------------------------------------------
real command=cset shield -e /home/nrink/Projects/build/encode/encode/tests/array_sum/array_sum.perf.encoded --  --cso /dev/null
key=encoded, no.=25, <stderr>:
LENGTH=4400
elapsed cycles: 5649261
hi(checksum)=0x2C432CD9047153D1
lo(checksum)=0x8B2194063FFAD880
key=encoded, no.=25, <checksum>:
0x2C432CD9047153D18B2194063FFAD880
key=encoded, no.=25, cso file:
/dev/null
----------------------------------------------
real command=cset shield -e /home/nrink/Projects/build/encode/encode/tests/array_sum/array_sum.perf.encoded --  --cso /dev/null
key=encoded, no.=26, <stderr>:
LENGTH=4400
elapsed cycles: 5803941
hi(checksum)=0x2C432CD9047153D1
lo(checksum)=0x8B2194063FFAD880
key=encoded, no.=26, <checksum>:
0x2C432CD9047153D18B2194063FFAD880
key=encoded, no.=26, cso file:
/dev/null
----------------------------------------------
real command=cset shield -e /home/nrink/Projects/build/encode/encode/tests/array_sum/array_sum.perf.encoded --  --cso /dev/null
key=encoded, no.=27, <stderr>:
LENGTH=4400
elapsed cycles: 5915799
hi(checksum)=0x2C432CD9047153D1
lo(checksum)=0x8B2194063FFAD880
key=encoded, no.=27, <checksum>:
0x2C432CD9047153D18B2194063FFAD880
key=encoded, no.=27, cso file:
/dev/null
----------------------------------------------
real command=cset shield -e /home/nrink/Projects/build/encode/encode/tests/array_sum/array_sum.perf.encoded --  --cso /dev/null
key=encoded, no.=28, <stderr>:
LENGTH=4400
elapsed cycles: 5816295
hi(checksum)=0x2C432CD9047153D1
lo(checksum)=0x8B2194063FFAD880
key=encoded, no.=28, <checksum>:
0x2C432CD9047153D18B2194063FFAD880
key=encoded, no.=28, cso file:
/dev/null
----------------------------------------------
real command=cset shield -e /home/nrink/Projects/build/encode/encode/tests/array_sum/array_sum.perf.encoded --  --cso /dev/null
key=encoded, no.=29, <stderr>:
LENGTH=4400
elapsed cycles: 5646411
hi(checksum)=0x2C432CD9047153D1
lo(checksum)=0x8B2194063FFAD880
key=encoded, no.=29, <checksum>:
0x2C432CD9047153D18B2194063FFAD880
key=encoded, no.=29, cso file:
/dev/null
----------------------------------------------
real command=cset shield -e /home/nrink/Projects/build/encode/encode/tests/array_sum/array_sum.perf.encoded --  --cso /dev/null
key=encoded, no.=30, <stderr>:
LENGTH=4400
elapsed cycles: 5624814
hi(checksum)=0x2C432CD9047153D1
lo(checksum)=0x8B2194063FFAD880
key=encoded, no.=30, <checksum>:
0x2C432CD9047153D18B2194063FFAD880
key=encoded, no.=30, cso file:
/dev/null
----------------------------------------------
real command=cset shield -e /home/nrink/Projects/build/encode/encode/tests/array_sum/array_sum.perf.encoded --  --cso /dev/null
key=encoded, no.=31, <stderr>:
LENGTH=4400
elapsed cycles: 5813286
hi(checksum)=0x2C432CD9047153D1
lo(checksum)=0x8B2194063FFAD880
key=encoded, no.=31, <checksum>:
0x2C432CD9047153D18B2194063FFAD880
key=encoded, no.=31, cso file:
/dev/null
----------------------------------------------
real command=cset shield -e /home/nrink/Projects/build/encode/encode/tests/array_sum/array_sum.perf.encoded --  --cso /dev/null
key=encoded, no.=32, <stderr>:
LENGTH=4400
elapsed cycles: 5705679
hi(checksum)=0x2C432CD9047153D1
lo(checksum)=0x8B2194063FFAD880
key=encoded, no.=32, <checksum>:
0x2C432CD9047153D18B2194063FFAD880
key=encoded, no.=32, cso file:
/dev/null
----------------------------------------------
real command=cset shield -e /home/nrink/Projects/build/encode/encode/tests/array_sum/array_sum.perf.encoded --  --cso /dev/null
key=encoded, no.=33, <stderr>:
LENGTH=4400
elapsed cycles: 5644959
hi(checksum)=0x2C432CD9047153D1
lo(checksum)=0x8B2194063FFAD880
key=encoded, no.=33, <checksum>:
0x2C432CD9047153D18B2194063FFAD880
key=encoded, no.=33, cso file:
/dev/null
----------------------------------------------
real command=cset shield -e /home/nrink/Projects/build/encode/encode/tests/array_sum/array_sum.perf.encoded --  --cso /dev/null
key=encoded, no.=34, <stderr>:
LENGTH=4400
elapsed cycles: 5741832
hi(checksum)=0x2C432CD9047153D1
lo(checksum)=0x8B2194063FFAD880
key=encoded, no.=34, <checksum>:
0x2C432CD9047153D18B2194063FFAD880
key=encoded, no.=34, cso file:
/dev/null
----------------------------------------------
real command=cset shield -e /home/nrink/Projects/build/encode/encode/tests/array_sum/array_sum.perf.encoded --  --cso /dev/null
key=encoded, no.=35, <stderr>:
LENGTH=4400
elapsed cycles: 5650002
hi(checksum)=0x2C432CD9047153D1
lo(checksum)=0x8B2194063FFAD880
key=encoded, no.=35, <checksum>:
0x2C432CD9047153D18B2194063FFAD880
key=encoded, no.=35, cso file:
/dev/null
----------------------------------------------
real command=cset shield -e /home/nrink/Projects/build/encode/encode/tests/array_sum/array_sum.perf.encoded --  --cso /dev/null
key=encoded, no.=36, <stderr>:
LENGTH=4400
elapsed cycles: 5634135
hi(checksum)=0x2C432CD9047153D1
lo(checksum)=0x8B2194063FFAD880
key=encoded, no.=36, <checksum>:
0x2C432CD9047153D18B2194063FFAD880
key=encoded, no.=36, cso file:
/dev/null
----------------------------------------------
real command=cset shield -e /home/nrink/Projects/build/encode/encode/tests/array_sum/array_sum.perf.encoded --  --cso /dev/null
key=encoded, no.=37, <stderr>:
LENGTH=4400
elapsed cycles: 5740911
hi(checksum)=0x2C432CD9047153D1
lo(checksum)=0x8B2194063FFAD880
key=encoded, no.=37, <checksum>:
0x2C432CD9047153D18B2194063FFAD880
key=encoded, no.=37, cso file:
/dev/null
----------------------------------------------
real command=cset shield -e /home/nrink/Projects/build/encode/encode/tests/array_sum/array_sum.perf.encoded --  --cso /dev/null
key=encoded, no.=38, <stderr>:
LENGTH=4400
elapsed cycles: 5740512
hi(checksum)=0x2C432CD9047153D1
lo(checksum)=0x8B2194063FFAD880
key=encoded, no.=38, <checksum>:
0x2C432CD9047153D18B2194063FFAD880
key=encoded, no.=38, cso file:
/dev/null
----------------------------------------------
real command=cset shield -e /home/nrink/Projects/build/encode/encode/tests/array_sum/array_sum.perf.encoded --  --cso /dev/null
key=encoded, no.=39, <stderr>:
LENGTH=4400
elapsed cycles: 5644050
hi(checksum)=0x2C432CD9047153D1
lo(checksum)=0x8B2194063FFAD880
key=encoded, no.=39, <checksum>:
0x2C432CD9047153D18B2194063FFAD880
key=encoded, no.=39, cso file:
/dev/null
----------------------------------------------
real command=cset shield -e /home/nrink/Projects/build/encode/encode/tests/array_sum/array_sum.perf.encoded --  --cso /dev/null
key=encoded, no.=40, <stderr>:
LENGTH=4400
elapsed cycles: 5716818
hi(checksum)=0x2C432CD9047153D1
lo(checksum)=0x8B2194063FFAD880
key=encoded, no.=40, <checksum>:
0x2C432CD9047153D18B2194063FFAD880
key=encoded, no.=40, cso file:
/dev/null
----------------------------------------------
real command=cset shield -e /home/nrink/Projects/build/encode/encode/tests/array_sum/array_sum.perf.encoded --  --cso /dev/null
key=encoded, no.=41, <stderr>:
LENGTH=4400
elapsed cycles: 5651064
hi(checksum)=0x2C432CD9047153D1
lo(checksum)=0x8B2194063FFAD880
key=encoded, no.=41, <checksum>:
0x2C432CD9047153D18B2194063FFAD880
key=encoded, no.=41, cso file:
/dev/null
----------------------------------------------
real command=cset shield -e /home/nrink/Projects/build/encode/encode/tests/array_sum/array_sum.perf.encoded --  --cso /dev/null
key=encoded, no.=42, <stderr>:
LENGTH=4400
elapsed cycles: 5652744
hi(checksum)=0x2C432CD9047153D1
lo(checksum)=0x8B2194063FFAD880
key=encoded, no.=42, <checksum>:
0x2C432CD9047153D18B2194063FFAD880
key=encoded, no.=42, cso file:
/dev/null
----------------------------------------------
real command=cset shield -e /home/nrink/Projects/build/encode/encode/tests/array_sum/array_sum.perf.encoded --  --cso /dev/null
key=encoded, no.=43, <stderr>:
LENGTH=4400
elapsed cycles: 5823303
hi(checksum)=0x2C432CD9047153D1
lo(checksum)=0x8B2194063FFAD880
key=encoded, no.=43, <checksum>:
0x2C432CD9047153D18B2194063FFAD880
key=encoded, no.=43, cso file:
/dev/null
----------------------------------------------
real command=cset shield -e /home/nrink/Projects/build/encode/encode/tests/array_sum/array_sum.perf.encoded --  --cso /dev/null
key=encoded, no.=44, <stderr>:
LENGTH=4400
elapsed cycles: 5825838
hi(checksum)=0x2C432CD9047153D1
lo(checksum)=0x8B2194063FFAD880
key=encoded, no.=44, <checksum>:
0x2C432CD9047153D18B2194063FFAD880
key=encoded, no.=44, cso file:
/dev/null
----------------------------------------------
real command=cset shield -e /home/nrink/Projects/build/encode/encode/tests/array_sum/array_sum.perf.encoded --  --cso /dev/null
key=encoded, no.=45, <stderr>:
LENGTH=4400
elapsed cycles: 5734029
hi(checksum)=0x2C432CD9047153D1
lo(checksum)=0x8B2194063FFAD880
key=encoded, no.=45, <checksum>:
0x2C432CD9047153D18B2194063FFAD880
key=encoded, no.=45, cso file:
/dev/null
----------------------------------------------
real command=cset shield -e /home/nrink/Projects/build/encode/encode/tests/array_sum/array_sum.perf.encoded --  --cso /dev/null
key=encoded, no.=46, <stderr>:
LENGTH=4400
elapsed cycles: 5644347
hi(checksum)=0x2C432CD9047153D1
lo(checksum)=0x8B2194063FFAD880
key=encoded, no.=46, <checksum>:
0x2C432CD9047153D18B2194063FFAD880
key=encoded, no.=46, cso file:
/dev/null
----------------------------------------------
real command=cset shield -e /home/nrink/Projects/build/encode/encode/tests/array_sum/array_sum.perf.encoded --  --cso /dev/null
key=encoded, no.=47, <stderr>:
LENGTH=4400
elapsed cycles: 5615928
hi(checksum)=0x2C432CD9047153D1
lo(checksum)=0x8B2194063FFAD880
key=encoded, no.=47, <checksum>:
0x2C432CD9047153D18B2194063FFAD880
key=encoded, no.=47, cso file:
/dev/null
----------------------------------------------
real command=cset shield -e /home/nrink/Projects/build/encode/encode/tests/array_sum/array_sum.perf.encoded --  --cso /dev/null
key=encoded, no.=48, <stderr>:
LENGTH=4400
elapsed cycles: 5647422
hi(checksum)=0x2C432CD9047153D1
lo(checksum)=0x8B2194063FFAD880
key=encoded, no.=48, <checksum>:
0x2C432CD9047153D18B2194063FFAD880
key=encoded, no.=48, cso file:
/dev/null
----------------------------------------------
real command=cset shield -e /home/nrink/Projects/build/encode/encode/tests/array_sum/array_sum.perf.encoded --  --cso /dev/null
key=encoded, no.=49, <stderr>:
LENGTH=4400
elapsed cycles: 5824302
hi(checksum)=0x2C432CD9047153D1
lo(checksum)=0x8B2194063FFAD880
key=encoded, no.=49, <checksum>:
0x2C432CD9047153D18B2194063FFAD880
key=encoded, no.=49, cso file:
/dev/null
----------------------------------------------
real command=cset shield -e /home/nrink/Projects/build/encode/encode/tests/array_sum/array_sum.perf.encoded --  --cso /dev/null
key=encoded, no.=50, <stderr>:
LENGTH=4400
elapsed cycles: 5814465
hi(checksum)=0x2C432CD9047153D1
lo(checksum)=0x8B2194063FFAD880
key=encoded, no.=50, <checksum>:
0x2C432CD9047153D18B2194063FFAD880
key=encoded, no.=50, cso file:
/dev/null
----------------------------------------------
real command=cset shield -e /home/nrink/Projects/build/encode/encode/tests/array_sum/array_sum.perf.encoded --  --cso /dev/null
key=encoded, no.=51, <stderr>:
LENGTH=4400
elapsed cycles: 5647344
hi(checksum)=0x2C432CD9047153D1
lo(checksum)=0x8B2194063FFAD880
key=encoded, no.=51, <checksum>:
0x2C432CD9047153D18B2194063FFAD880
key=encoded, no.=51, cso file:
/dev/null
----------------------------------------------
real command=cset shield -e /home/nrink/Projects/build/encode/encode/tests/array_sum/array_sum.perf.encoded --  --cso /dev/null
key=encoded, no.=52, <stderr>:
LENGTH=4400
elapsed cycles: 5634135
hi(checksum)=0x2C432CD9047153D1
lo(checksum)=0x8B2194063FFAD880
key=encoded, no.=52, <checksum>:
0x2C432CD9047153D18B2194063FFAD880
key=encoded, no.=52, cso file:
/dev/null
----------------------------------------------
real command=cset shield -e /home/nrink/Projects/build/encode/encode/tests/array_sum/array_sum.perf.encoded --  --cso /dev/null
key=encoded, no.=53, <stderr>:
LENGTH=4400
elapsed cycles: 5633235
hi(checksum)=0x2C432CD9047153D1
lo(checksum)=0x8B2194063FFAD880
key=encoded, no.=53, <checksum>:
0x2C432CD9047153D18B2194063FFAD880
key=encoded, no.=53, cso file:
/dev/null
----------------------------------------------
real command=cset shield -e /home/nrink/Projects/build/encode/encode/tests/array_sum/array_sum.perf.encoded --  --cso /dev/null
key=encoded, no.=54, <stderr>:
LENGTH=4400
elapsed cycles: 5825553
hi(checksum)=0x2C432CD9047153D1
lo(checksum)=0x8B2194063FFAD880
key=encoded, no.=54, <checksum>:
0x2C432CD9047153D18B2194063FFAD880
key=encoded, no.=54, cso file:
/dev/null
----------------------------------------------
real command=cset shield -e /home/nrink/Projects/build/encode/encode/tests/array_sum/array_sum.perf.encoded --  --cso /dev/null
key=encoded, no.=55, <stderr>:
LENGTH=4400
elapsed cycles: 5741376
hi(checksum)=0x2C432CD9047153D1
lo(checksum)=0x8B2194063FFAD880
key=encoded, no.=55, <checksum>:
0x2C432CD9047153D18B2194063FFAD880
key=encoded, no.=55, cso file:
/dev/null
----------------------------------------------
real command=cset shield -e /home/nrink/Projects/build/encode/encode/tests/array_sum/array_sum.perf.encoded --  --cso /dev/null
key=encoded, no.=56, <stderr>:
LENGTH=4400
elapsed cycles: 5639985
hi(checksum)=0x2C432CD9047153D1
lo(checksum)=0x8B2194063FFAD880
key=encoded, no.=56, <checksum>:
0x2C432CD9047153D18B2194063FFAD880
key=encoded, no.=56, cso file:
/dev/null
----------------------------------------------
real command=cset shield -e /home/nrink/Projects/build/encode/encode/tests/array_sum/array_sum.perf.encoded --  --cso /dev/null
key=encoded, no.=57, <stderr>:
LENGTH=4400
elapsed cycles: 5637444
hi(checksum)=0x2C432CD9047153D1
lo(checksum)=0x8B2194063FFAD880
key=encoded, no.=57, <checksum>:
0x2C432CD9047153D18B2194063FFAD880
key=encoded, no.=57, cso file:
/dev/null
----------------------------------------------
real command=cset shield -e /home/nrink/Projects/build/encode/encode/tests/array_sum/array_sum.perf.encoded --  --cso /dev/null
key=encoded, no.=58, <stderr>:
LENGTH=4400
elapsed cycles: 6807114
hi(checksum)=0x2C432CD9047153D1
lo(checksum)=0x8B2194063FFAD880
key=encoded, no.=58, <checksum>:
0x2C432CD9047153D18B2194063FFAD880
key=encoded, no.=58, cso file:
/dev/null
----------------------------------------------
real command=cset shield -e /home/nrink/Projects/build/encode/encode/tests/array_sum/array_sum.perf.encoded --  --cso /dev/null
key=encoded, no.=59, <stderr>:
LENGTH=4400
elapsed cycles: 5941545
hi(checksum)=0x2C432CD9047153D1
lo(checksum)=0x8B2194063FFAD880
key=encoded, no.=59, <checksum>:
0x2C432CD9047153D18B2194063FFAD880
key=encoded, no.=59, cso file:
/dev/null
----------------------------------------------
real command=cset shield -e /home/nrink/Projects/build/encode/encode/tests/array_sum/array_sum.perf.encoded --  --cso /dev/null
key=encoded, no.=60, <stderr>:
LENGTH=4400
elapsed cycles: 6057621
hi(checksum)=0x2C432CD9047153D1
lo(checksum)=0x8B2194063FFAD880
key=encoded, no.=60, <checksum>:
0x2C432CD9047153D18B2194063FFAD880
key=encoded, no.=60, cso file:
/dev/null
----------------------------------------------
real command=cset shield -e /home/nrink/Projects/build/encode/encode/tests/array_sum/array_sum.perf.encoded --  --cso /dev/null
key=encoded, no.=61, <stderr>:
LENGTH=4400
elapsed cycles: 6677361
hi(checksum)=0x2C432CD9047153D1
lo(checksum)=0x8B2194063FFAD880
key=encoded, no.=61, <checksum>:
0x2C432CD9047153D18B2194063FFAD880
key=encoded, no.=61, cso file:
/dev/null
----------------------------------------------
real command=cset shield -e /home/nrink/Projects/build/encode/encode/tests/array_sum/array_sum.perf.encoded --  --cso /dev/null
key=encoded, no.=62, <stderr>:
LENGTH=4400
elapsed cycles: 5775654
hi(checksum)=0x2C432CD9047153D1
lo(checksum)=0x8B2194063FFAD880
key=encoded, no.=62, <checksum>:
0x2C432CD9047153D18B2194063FFAD880
key=encoded, no.=62, cso file:
/dev/null
----------------------------------------------
real command=cset shield -e /home/nrink/Projects/build/encode/encode/tests/array_sum/array_sum.perf.encoded --  --cso /dev/null
key=encoded, no.=63, <stderr>:
LENGTH=4400
elapsed cycles: 5745513
hi(checksum)=0x2C432CD9047153D1
lo(checksum)=0x8B2194063FFAD880
key=encoded, no.=63, <checksum>:
0x2C432CD9047153D18B2194063FFAD880
key=encoded, no.=63, cso file:
/dev/null
----------------------------------------------
real command=cset shield -e /home/nrink/Projects/build/encode/encode/tests/array_sum/array_sum.perf.encoded --  --cso /dev/null
key=encoded, no.=64, <stderr>:
LENGTH=4400
elapsed cycles: 6056475
hi(checksum)=0x2C432CD9047153D1
lo(checksum)=0x8B2194063FFAD880
key=encoded, no.=64, <checksum>:
0x2C432CD9047153D18B2194063FFAD880
key=encoded, no.=64, cso file:
/dev/null
----------------------------------------------
real command=cset shield -e /home/nrink/Projects/build/encode/encode/tests/array_sum/array_sum.perf.encoded --  --cso /dev/null
key=encoded, no.=65, <stderr>:
LENGTH=4400
elapsed cycles: 5919678
hi(checksum)=0x2C432CD9047153D1
lo(checksum)=0x8B2194063FFAD880
key=encoded, no.=65, <checksum>:
0x2C432CD9047153D18B2194063FFAD880
key=encoded, no.=65, cso file:
/dev/null
----------------------------------------------
real command=cset shield -e /home/nrink/Projects/build/encode/encode/tests/array_sum/array_sum.perf.encoded --  --cso /dev/null
key=encoded, no.=66, <stderr>:
LENGTH=4400
elapsed cycles: 6782502
hi(checksum)=0x2C432CD9047153D1
lo(checksum)=0x8B2194063FFAD880
key=encoded, no.=66, <checksum>:
0x2C432CD9047153D18B2194063FFAD880
key=encoded, no.=66, cso file:
/dev/null
----------------------------------------------
real command=cset shield -e /home/nrink/Projects/build/encode/encode/tests/array_sum/array_sum.perf.encoded --  --cso /dev/null
key=encoded, no.=67, <stderr>:
LENGTH=4400
elapsed cycles: 6043644
hi(checksum)=0x2C432CD9047153D1
lo(checksum)=0x8B2194063FFAD880
key=encoded, no.=67, <checksum>:
0x2C432CD9047153D18B2194063FFAD880
key=encoded, no.=67, cso file:
/dev/null
----------------------------------------------
real command=cset shield -e /home/nrink/Projects/build/encode/encode/tests/array_sum/array_sum.perf.encoded --  --cso /dev/null
key=encoded, no.=68, <stderr>:
LENGTH=4400
elapsed cycles: 5986422
hi(checksum)=0x2C432CD9047153D1
lo(checksum)=0x8B2194063FFAD880
key=encoded, no.=68, <checksum>:
0x2C432CD9047153D18B2194063FFAD880
key=encoded, no.=68, cso file:
/dev/null
----------------------------------------------
real command=cset shield -e /home/nrink/Projects/build/encode/encode/tests/array_sum/array_sum.perf.encoded --  --cso /dev/null
key=encoded, no.=69, <stderr>:
LENGTH=4400
elapsed cycles: 5801262
hi(checksum)=0x2C432CD9047153D1
lo(checksum)=0x8B2194063FFAD880
key=encoded, no.=69, <checksum>:
0x2C432CD9047153D18B2194063FFAD880
key=encoded, no.=69, cso file:
/dev/null
----------------------------------------------
real command=cset shield -e /home/nrink/Projects/build/encode/encode/tests/array_sum/array_sum.perf.encoded --  --cso /dev/null
key=encoded, no.=70, <stderr>:
LENGTH=4400
elapsed cycles: 5781804
hi(checksum)=0x2C432CD9047153D1
lo(checksum)=0x8B2194063FFAD880
key=encoded, no.=70, <checksum>:
0x2C432CD9047153D18B2194063FFAD880
key=encoded, no.=70, cso file:
/dev/null
----------------------------------------------
real command=cset shield -e /home/nrink/Projects/build/encode/encode/tests/array_sum/array_sum.perf.encoded --  --cso /dev/null
key=encoded, no.=71, <stderr>:
LENGTH=4400
elapsed cycles: 5884575
hi(checksum)=0x2C432CD9047153D1
lo(checksum)=0x8B2194063FFAD880
key=encoded, no.=71, <checksum>:
0x2C432CD9047153D18B2194063FFAD880
key=encoded, no.=71, cso file:
/dev/null
----------------------------------------------
real command=cset shield -e /home/nrink/Projects/build/encode/encode/tests/array_sum/array_sum.perf.encoded --  --cso /dev/null
key=encoded, no.=72, <stderr>:
LENGTH=4400
elapsed cycles: 6145827
hi(checksum)=0x2C432CD9047153D1
lo(checksum)=0x8B2194063FFAD880
key=encoded, no.=72, <checksum>:
0x2C432CD9047153D18B2194063FFAD880
key=encoded, no.=72, cso file:
/dev/null
----------------------------------------------
real command=cset shield -e /home/nrink/Projects/build/encode/encode/tests/array_sum/array_sum.perf.encoded --  --cso /dev/null
key=encoded, no.=73, <stderr>:
LENGTH=4400
elapsed cycles: 6172645
hi(checksum)=0x2C432CD9047153D1
lo(checksum)=0x8B2194063FFAD880
key=encoded, no.=73, <checksum>:
0x2C432CD9047153D18B2194063FFAD880
key=encoded, no.=73, cso file:
/dev/null
----------------------------------------------
real command=cset shield -e /home/nrink/Projects/build/encode/encode/tests/array_sum/array_sum.perf.encoded --  --cso /dev/null
key=encoded, no.=74, <stderr>:
LENGTH=4400
elapsed cycles: 5919810
hi(checksum)=0x2C432CD9047153D1
lo(checksum)=0x8B2194063FFAD880
key=encoded, no.=74, <checksum>:
0x2C432CD9047153D18B2194063FFAD880
key=encoded, no.=74, cso file:
/dev/null
----------------------------------------------
real command=cset shield -e /home/nrink/Projects/build/encode/encode/tests/array_sum/array_sum.perf.encoded --  --cso /dev/null
key=encoded, no.=75, <stderr>:
LENGTH=4400
elapsed cycles: 5872947
hi(checksum)=0x2C432CD9047153D1
lo(checksum)=0x8B2194063FFAD880
key=encoded, no.=75, <checksum>:
0x2C432CD9047153D18B2194063FFAD880
key=encoded, no.=75, cso file:
/dev/null
----------------------------------------------
real command=cset shield -e /home/nrink/Projects/build/encode/encode/tests/array_sum/array_sum.perf.encoded --  --cso /dev/null
key=encoded, no.=76, <stderr>:
LENGTH=4400
elapsed cycles: 5971680
hi(checksum)=0x2C432CD9047153D1
lo(checksum)=0x8B2194063FFAD880
key=encoded, no.=76, <checksum>:
0x2C432CD9047153D18B2194063FFAD880
key=encoded, no.=76, cso file:
/dev/null
----------------------------------------------
real command=cset shield -e /home/nrink/Projects/build/encode/encode/tests/array_sum/array_sum.perf.encoded --  --cso /dev/null
key=encoded, no.=77, <stderr>:
LENGTH=4400
elapsed cycles: 6087435
hi(checksum)=0x2C432CD9047153D1
lo(checksum)=0x8B2194063FFAD880
key=encoded, no.=77, <checksum>:
0x2C432CD9047153D18B2194063FFAD880
key=encoded, no.=77, cso file:
/dev/null
----------------------------------------------
real command=cset shield -e /home/nrink/Projects/build/encode/encode/tests/array_sum/array_sum.perf.encoded --  --cso /dev/null
key=encoded, no.=78, <stderr>:
LENGTH=4400
elapsed cycles: 6824703
hi(checksum)=0x2C432CD9047153D1
lo(checksum)=0x8B2194063FFAD880
key=encoded, no.=78, <checksum>:
0x2C432CD9047153D18B2194063FFAD880
key=encoded, no.=78, cso file:
/dev/null
----------------------------------------------
real command=cset shield -e /home/nrink/Projects/build/encode/encode/tests/array_sum/array_sum.perf.encoded --  --cso /dev/null
key=encoded, no.=79, <stderr>:
LENGTH=4400
elapsed cycles: 5657361
hi(checksum)=0x2C432CD9047153D1
lo(checksum)=0x8B2194063FFAD880
key=encoded, no.=79, <checksum>:
0x2C432CD9047153D18B2194063FFAD880
key=encoded, no.=79, cso file:
/dev/null
----------------------------------------------
real command=cset shield -e /home/nrink/Projects/build/encode/encode/tests/array_sum/array_sum.perf.encoded --  --cso /dev/null
key=encoded, no.=80, <stderr>:
LENGTH=4400
elapsed cycles: 5630808
hi(checksum)=0x2C432CD9047153D1
lo(checksum)=0x8B2194063FFAD880
key=encoded, no.=80, <checksum>:
0x2C432CD9047153D18B2194063FFAD880
key=encoded, no.=80, cso file:
/dev/null
----------------------------------------------
real command=cset shield -e /home/nrink/Projects/build/encode/encode/tests/array_sum/array_sum.perf.encoded --  --cso /dev/null
key=encoded, no.=81, <stderr>:
LENGTH=4400
elapsed cycles: 5784795
hi(checksum)=0x2C432CD9047153D1
lo(checksum)=0x8B2194063FFAD880
key=encoded, no.=81, <checksum>:
0x2C432CD9047153D18B2194063FFAD880
key=encoded, no.=81, cso file:
/dev/null
----------------------------------------------
real command=cset shield -e /home/nrink/Projects/build/encode/encode/tests/array_sum/array_sum.perf.encoded --  --cso /dev/null
key=encoded, no.=82, <stderr>:
LENGTH=4400
elapsed cycles: 5656623
hi(checksum)=0x2C432CD9047153D1
lo(checksum)=0x8B2194063FFAD880
key=encoded, no.=82, <checksum>:
0x2C432CD9047153D18B2194063FFAD880
key=encoded, no.=82, cso file:
/dev/null
----------------------------------------------
real command=cset shield -e /home/nrink/Projects/build/encode/encode/tests/array_sum/array_sum.perf.encoded --  --cso /dev/null
key=encoded, no.=83, <stderr>:
LENGTH=4400
elapsed cycles: 5899512
hi(checksum)=0x2C432CD9047153D1
lo(checksum)=0x8B2194063FFAD880
key=encoded, no.=83, <checksum>:
0x2C432CD9047153D18B2194063FFAD880
key=encoded, no.=83, cso file:
/dev/null
----------------------------------------------
real command=cset shield -e /home/nrink/Projects/build/encode/encode/tests/array_sum/array_sum.perf.encoded --  --cso /dev/null
key=encoded, no.=84, <stderr>:
LENGTH=4400
elapsed cycles: 5668518
hi(checksum)=0x2C432CD9047153D1
lo(checksum)=0x8B2194063FFAD880
key=encoded, no.=84, <checksum>:
0x2C432CD9047153D18B2194063FFAD880
key=encoded, no.=84, cso file:
/dev/null
----------------------------------------------
real command=cset shield -e /home/nrink/Projects/build/encode/encode/tests/array_sum/array_sum.perf.encoded --  --cso /dev/null
key=encoded, no.=85, <stderr>:
LENGTH=4400
elapsed cycles: 5654178
hi(checksum)=0x2C432CD9047153D1
lo(checksum)=0x8B2194063FFAD880
key=encoded, no.=85, <checksum>:
0x2C432CD9047153D18B2194063FFAD880
key=encoded, no.=85, cso file:
/dev/null
----------------------------------------------
real command=cset shield -e /home/nrink/Projects/build/encode/encode/tests/array_sum/array_sum.perf.encoded --  --cso /dev/null
key=encoded, no.=86, <stderr>:
LENGTH=4400
elapsed cycles: 5772327
hi(checksum)=0x2C432CD9047153D1
lo(checksum)=0x8B2194063FFAD880
key=encoded, no.=86, <checksum>:
0x2C432CD9047153D18B2194063FFAD880
key=encoded, no.=86, cso file:
/dev/null
----------------------------------------------
real command=cset shield -e /home/nrink/Projects/build/encode/encode/tests/array_sum/array_sum.perf.encoded --  --cso /dev/null
key=encoded, no.=87, <stderr>:
LENGTH=4400
elapsed cycles: 5840895
hi(checksum)=0x2C432CD9047153D1
lo(checksum)=0x8B2194063FFAD880
key=encoded, no.=87, <checksum>:
0x2C432CD9047153D18B2194063FFAD880
key=encoded, no.=87, cso file:
/dev/null
----------------------------------------------
real command=cset shield -e /home/nrink/Projects/build/encode/encode/tests/array_sum/array_sum.perf.encoded --  --cso /dev/null
key=encoded, no.=88, <stderr>:
LENGTH=4400
elapsed cycles: 6652748
hi(checksum)=0x2C432CD9047153D1
lo(checksum)=0x8B2194063FFAD880
key=encoded, no.=88, <checksum>:
0x2C432CD9047153D18B2194063FFAD880
key=encoded, no.=88, cso file:
/dev/null
----------------------------------------------
real command=cset shield -e /home/nrink/Projects/build/encode/encode/tests/array_sum/array_sum.perf.encoded --  --cso /dev/null
key=encoded, no.=89, <stderr>:
LENGTH=4400
elapsed cycles: 5801010
hi(checksum)=0x2C432CD9047153D1
lo(checksum)=0x8B2194063FFAD880
key=encoded, no.=89, <checksum>:
0x2C432CD9047153D18B2194063FFAD880
key=encoded, no.=89, cso file:
/dev/null
----------------------------------------------
real command=cset shield -e /home/nrink/Projects/build/encode/encode/tests/array_sum/array_sum.perf.encoded --  --cso /dev/null
key=encoded, no.=90, <stderr>:
LENGTH=4400
elapsed cycles: 5780844
hi(checksum)=0x2C432CD9047153D1
lo(checksum)=0x8B2194063FFAD880
key=encoded, no.=90, <checksum>:
0x2C432CD9047153D18B2194063FFAD880
key=encoded, no.=90, cso file:
/dev/null
----------------------------------------------
real command=cset shield -e /home/nrink/Projects/build/encode/encode/tests/array_sum/array_sum.perf.encoded --  --cso /dev/null
key=encoded, no.=91, <stderr>:
LENGTH=4400
elapsed cycles: 5839413
hi(checksum)=0x2C432CD9047153D1
lo(checksum)=0x8B2194063FFAD880
key=encoded, no.=91, <checksum>:
0x2C432CD9047153D18B2194063FFAD880
key=encoded, no.=91, cso file:
/dev/null
----------------------------------------------
real command=cset shield -e /home/nrink/Projects/build/encode/encode/tests/array_sum/array_sum.perf.encoded --  --cso /dev/null
key=encoded, no.=92, <stderr>:
LENGTH=4400
elapsed cycles: 9471360
hi(checksum)=0x2C432CD9047153D1
lo(checksum)=0x8B2194063FFAD880
key=encoded, no.=92, <checksum>:
0x2C432CD9047153D18B2194063FFAD880
key=encoded, no.=92, cso file:
/dev/null
----------------------------------------------
real command=cset shield -e /home/nrink/Projects/build/encode/encode/tests/array_sum/array_sum.perf.encoded --  --cso /dev/null
key=encoded, no.=93, <stderr>:
LENGTH=4400
elapsed cycles: 5692782
hi(checksum)=0x2C432CD9047153D1
lo(checksum)=0x8B2194063FFAD880
key=encoded, no.=93, <checksum>:
0x2C432CD9047153D18B2194063FFAD880
key=encoded, no.=93, cso file:
/dev/null
----------------------------------------------
real command=cset shield -e /home/nrink/Projects/build/encode/encode/tests/array_sum/array_sum.perf.encoded --  --cso /dev/null
key=encoded, no.=94, <stderr>:
LENGTH=4400
elapsed cycles: 5845056
hi(checksum)=0x2C432CD9047153D1
lo(checksum)=0x8B2194063FFAD880
key=encoded, no.=94, <checksum>:
0x2C432CD9047153D18B2194063FFAD880
key=encoded, no.=94, cso file:
/dev/null
----------------------------------------------
real command=cset shield -e /home/nrink/Projects/build/encode/encode/tests/array_sum/array_sum.perf.encoded --  --cso /dev/null
key=encoded, no.=95, <stderr>:
LENGTH=4400
elapsed cycles: 5859246
hi(checksum)=0x2C432CD9047153D1
lo(checksum)=0x8B2194063FFAD880
key=encoded, no.=95, <checksum>:
0x2C432CD9047153D18B2194063FFAD880
key=encoded, no.=95, cso file:
/dev/null
----------------------------------------------
real command=cset shield -e /home/nrink/Projects/build/encode/encode/tests/array_sum/array_sum.perf.encoded --  --cso /dev/null
key=encoded, no.=96, <stderr>:
LENGTH=4400
elapsed cycles: 5806119
hi(checksum)=0x2C432CD9047153D1
lo(checksum)=0x8B2194063FFAD880
key=encoded, no.=96, <checksum>:
0x2C432CD9047153D18B2194063FFAD880
key=encoded, no.=96, cso file:
/dev/null
----------------------------------------------
real command=cset shield -e /home/nrink/Projects/build/encode/encode/tests/array_sum/array_sum.perf.encoded --  --cso /dev/null
key=encoded, no.=97, <stderr>:
LENGTH=4400
elapsed cycles: 5625816
hi(checksum)=0x2C432CD9047153D1
lo(checksum)=0x8B2194063FFAD880
key=encoded, no.=97, <checksum>:
0x2C432CD9047153D18B2194063FFAD880
key=encoded, no.=97, cso file:
/dev/null
----------------------------------------------
real command=cset shield -e /home/nrink/Projects/build/encode/encode/tests/array_sum/array_sum.perf.encoded --  --cso /dev/null
key=encoded, no.=98, <stderr>:
LENGTH=4400
elapsed cycles: 5689149
hi(checksum)=0x2C432CD9047153D1
lo(checksum)=0x8B2194063FFAD880
key=encoded, no.=98, <checksum>:
0x2C432CD9047153D18B2194063FFAD880
key=encoded, no.=98, cso file:
/dev/null
----------------------------------------------
real command=cset shield -e /home/nrink/Projects/build/encode/encode/tests/array_sum/array_sum.perf.encoded --  --cso /dev/null
key=encoded, no.=99, <stderr>:
LENGTH=4400
elapsed cycles: 5687892
hi(checksum)=0x2C432CD9047153D1
lo(checksum)=0x8B2194063FFAD880
key=encoded, no.=99, <checksum>:
0x2C432CD9047153D18B2194063FFAD880
key=encoded, no.=99, cso file:
/dev/null
----------------------------------------------
