<stderr> from running /home/nrink/Projects/pin-2.14-71313-gcc.4.4.7-linux/pin.sh -t /home/nrink/Projects/bfi/obj-intel64/bfi.so -trigger 165255 -cmd RVAL -seed 1 -mask 31 -- /home/nrink/Projects/build/encode/encode/tests/ptrarith/ptrarith.cover.encoded --cso ./2015-05-05_17:36:16/ptrarith/cover/cs/encoded.24.cso --csl ./2015-05-05_17:36:16/ptrarith/cover/cs/encoded.24.csl:
[.:    0, IP = 0x4010dc, i = 165286, wa = 0, ra = 0, rr = 0, wr = 0, it = 0, t = 0]
	access = read, size = 8, value = 1512952980, value' = 1512952971, addr = 0x7fffffffe128, op = 0
elapsed cycles: 367724565
hi(checksum)=0xBF1694865CA48119
lo(checksum)=0x17F6DE790EDB52F0
**********************
INSTR   = 184285
WADDR   = 0
RADDR   = 0
RREG    = 0
WREG    = 0
ITER    = 0
TRIGGER = 165255
TTYPE   = IN
COMMAND = RVAL
SEL     = -1
SEED    = 1
MASK    = 0x1f
THREAD  = 0
ELAPSED = 0.86s
----------------------------------------------------------------
