<stderr> from running /home/nrink/Projects/pin-2.14-71313-gcc.4.4.7-linux/pin.sh -t /home/nrink/Projects/bfi/obj-intel64/bfi.so -trigger 163524 -cmd WVAL -seed 1 -mask 226 -- /home/nrink/Projects/build/encode/encode/tests/ptrarith/ptrarith.cover.plain --cso ./2015-05-05_17:36:16/ptrarith/cover/cs/plain.99.cso --csl ./2015-05-05_17:36:16/ptrarith/cover/cs/plain.99.csl:
[.:    0, IP = 0x40099a, i = 163524, wa = 0, ra = 0, rr = 0, wr = 0, it = 0, t = 0]
	access = write, size = 16, value = 24, value' = 250, addr = 0x6031e0, op = 0
elapsed cycles: 10413207
hi(checksum)=0xBF1694865CA48119
lo(checksum)=0x17F6F1FC58EBB86A
**********************
INSTR   = 177509
WADDR   = 0
RADDR   = 0
RREG    = 0
WREG    = 0
ITER    = 0
TRIGGER = 163524
TTYPE   = IN
COMMAND = WVAL
SEL     = -1
SEED    = 1
MASK    = 0xe2
THREAD  = 0
ELAPSED = 0.65s
----------------------------------------------------------------
