<stderr> from running /home/nrink/Projects/pin-2.14-71313-gcc.4.4.7-linux/pin.sh -t /home/nrink/Projects/bfi/obj-intel64/bfi.so -trigger 168529 -cmd RADDR -seed 1 -mask 188 -- /home/nrink/Projects/build/encode/encode/tests/ptrarith/ptrarith.cover.encoded --cso ./2015-05-05_17:36:16/ptrarith/cover/cs/encoded.26.cso --csl ./2015-05-05_17:36:16/ptrarith/cover/cs/encoded.26.csl:
[.:    0, IP = 0x400c88, i = 168535, wa = 0, ra = 0, rr = 0, wr = 0, it = 0, t = 0]
	access = read, size = 8, addr = 0x7fffffffe148, addr' = 0x7fffffffe1f4, op = 0
**********************
INSTR   = 168552
WADDR   = 0
RADDR   = 0
RREG    = 0
WREG    = 0
ITER    = 0
TRIGGER = 168529
TTYPE   = IN
COMMAND = RADDR
SEL     = -1
SEED    = 1
MASK    = 0xbc
THREAD  = 0
ELAPSED = 1.12s
Segmentation fault (core dumped)
----------------------------------------------------------------
