<stderr> from running /home/nrink/Projects/pin-2.14-71313-gcc.4.4.7-linux/pin.sh -t /home/nrink/Projects/bfi/obj-intel64/bfi.so -trigger 163551 -cmd RVAL -seed 1 -mask 223 -- /home/nrink/Projects/build/encode/encode/tests/ptrarith/ptrarith.cover.plain --cso ./2015-05-05_17:36:16/ptrarith/cover/cs/plain.97.cso --csl ./2015-05-05_17:36:16/ptrarith/cover/cs/plain.97.csl:
[.:    0, IP = 0x400aa0, i = 163566, wa = 0, ra = 0, rr = 0, wr = 0, it = 0, t = 0]
	access = read, size = 8, value = 0, value' = 223, addr = 0x603120, op = 0
elapsed cycles: 15691650
hi(checksum)=0xAEC0D4B10E747E51
lo(checksum)=0x4317768D7FCE0123
**********************
INSTR   = 177510
WADDR   = 0
RADDR   = 0
RREG    = 0
WREG    = 0
ITER    = 0
TRIGGER = 163551
TTYPE   = IN
COMMAND = RVAL
SEL     = -1
SEED    = 1
MASK    = 0xdf
THREAD  = 0
ELAPSED = 0.82s
----------------------------------------------------------------
