<stderr> from running /home/nrink/Projects/pin-2.14-71313-gcc.4.4.7-linux/pin.sh -t /home/nrink/Projects/bfi/obj-intel64/bfi.so -trigger 263069425 -cmd WVAL -seed 1 -mask 110 -- /home/nrink/Projects/build/encode/encode/tests/dijkstra/dijkstra.cover.encoded /home/nrink/Projects/build/encode/encode/tests/dijkstra/dijkstra_input.dat --cso ./2015-05-05_17:25:31/dijkstra/cover/cs/encoded.3.cso --csl ./2015-05-05_17:25:31/dijkstra/cover/cs/encoded.3.csl:
[.:    0, IP = 0x401170, i = 263069428, wa = 0, ra = 0, rr = 0, wr = 0, it = 0, t = 0]
	access = write, size = 8, value = 1140, value' = 1050, addr = 0x6020f0, op = 0
elapsed cycles: 10602031080
hi(checksum)=0x0651484E044488F0
lo(checksum)=0x8A61BB16A5A889BA
**********************
INSTR   = 537417309
WADDR   = 0
RADDR   = 0
RREG    = 0
WREG    = 0
ITER    = 0
TRIGGER = 263069425
TTYPE   = IN
COMMAND = WVAL
SEL     = -1
SEED    = 1
MASK    = 0x6e
THREAD  = 0
ELAPSED = 3.85s
----------------------------------------------------------------
