<stderr> from running /home/nrink/Projects/pin-2.14-71313-gcc.4.4.7-linux/pin.sh -t /home/nrink/Projects/bfi/obj-intel64/bfi.so -trigger 81305336 -cmd TXT -seed 1 -mask 29 -- /home/nrink/Projects/build/encode/encode/tests/matmul/matmul.cover.encoded --cso ./2015-05-05_11:58:41/matmul/cover/cs/encoded.4.cso --csl ./2015-05-05_11:58:41/matmul/cover/cs/encoded.4.csl:
[.:    0, IP = 0x400cd6, i = 81305336, wa = 0, ra = 0, rr = 0, wr = 0, it = 0, t = 0]
	ip' = 0x400cd9, size = 3, mask = 29, idx = 0, byte = 72, byte' = 85
elapsed cycles: 148261172619
hi(checksum)=0xAD8390F05779BECB
lo(checksum)=0xC4A447B868780000
**********************
INSTR   = 184748477
WADDR   = 0
RADDR   = 0
RREG    = 0
WREG    = 0
ITER    = 0
TRIGGER = 81305336
TTYPE   = IN
COMMAND = TXT
SEL     = -1
SEED    = 1
MASK    = 0x1d
THREAD  = 0
ELAPSED = 46.79s
----------------------------------------------------------------
