2015-05-05_16:02:12 $$ reference checksum=0x68FE25C09409DC228A842324B172309E
2015-05-05_16:02:12 $$ reference file: ./2015-05-05_16:02:12/des.tiny/cover/cs/golden.plain.cso
2015-05-05_16:02:12 $$ ----------------------------------------------------------------
2015-05-05_16:02:12 $$ Warming up ...
2015-05-05_16:02:12 $$ ... timing (0,2): $$ running /home/nrink/Projects/pin-2.14-71313-gcc.4.4.7-linux/pin.sh -t /home/nrink/Projects/bfi/obj-intel64/bfi.so -- /home/nrink/Projects/build/encode/encode/tests/des/des.tiny.cover.plain -e /home/nrink/Projects/build/encode/encode/tests/des/des.input.tiny.txt /dev/null 809 --cso /dev/null --csl /dev/null ...
2015-05-05_16:02:12 $$ ... timing (0,2): $$ pid=22666: started process /home/nrink/Projects/pin-2.14-71313-gcc.4.4.7-linux/pin.sh -t /home/nrink/Projects/bfi/obj-intel64/bfi.so -- /home/nrink/Projects/build/encode/encode/tests/des/des.tiny.cover.plain -e /home/nrink/Projects/build/encode/encode/tests/des/des.input.tiny.txt /dev/null 809 --cso /dev/null --csl /dev/null
2015-05-05_16:02:15 $$ ... timing (0,2): $$ pid=22666: communicated with process
2015-05-05_16:02:15 $$ ... timing (0,2): $$ finished running /home/nrink/Projects/pin-2.14-71313-gcc.4.4.7-linux/pin.sh -t /home/nrink/Projects/bfi/obj-intel64/bfi.so -- /home/nrink/Projects/build/encode/encode/tests/des/des.tiny.cover.plain -e /home/nrink/Projects/build/encode/encode/tests/des/des.input.tiny.txt /dev/null 809 --cso /dev/null --csl /dev/null ...
2015-05-05_16:02:15 $$ ... timing (0,2): $$ writing <stderr> to ./2015-05-05_16:02:12/des.tiny/cover/des.tiny.cover.plain.timing.0.2.stderr ...
2015-05-05_16:02:15 $$ ... timing (0,2): $$ done writing <stderr> to ./2015-05-05_16:02:12/des.tiny/cover/des.tiny.cover.plain.timing.0.2.stderr ...
2015-05-05_16:02:15 $$ ... timing (0,2): $$ writing <stdout> to ./2015-05-05_16:02:12/des.tiny/cover/des.tiny.cover.plain.timing.0.2.stdout ...
2015-05-05_16:02:15 $$ ... timing (0,2): $$ done writing <stdout> to ./2015-05-05_16:02:12/des.tiny/cover/des.tiny.cover.plain.timing.0.2.stdout ...
2015-05-05_16:02:15 $$ ... timing (0,2): $$ None (retcode=0) /home/nrink/Projects/pin-2.14-71313-gcc.4.4.7-linux/pin.sh -t /home/nrink/Projects/bfi/obj-intel64/bfi.so -- /home/nrink/Projects/build/encode/encode/tests/des/des.tiny.cover.plain -e /home/nrink/Projects/build/encode/encode/tests/des/des.input.tiny.txt /dev/null 809 --cso /dev/null --csl /dev/null ...
2015-05-05_16:02:12 $$ ... timing (0,1): $$ running /home/nrink/Projects/pin-2.14-71313-gcc.4.4.7-linux/pin.sh -t /home/nrink/Projects/bfi/obj-intel64/bfi.so -- /home/nrink/Projects/build/encode/encode/tests/des/des.tiny.cover.plain -e /home/nrink/Projects/build/encode/encode/tests/des/des.input.tiny.txt /dev/null 809 --cso /dev/null --csl /dev/null ...
2015-05-05_16:02:12 $$ ... timing (0,1): $$ pid=22749: started process /home/nrink/Projects/pin-2.14-71313-gcc.4.4.7-linux/pin.sh -t /home/nrink/Projects/bfi/obj-intel64/bfi.so -- /home/nrink/Projects/build/encode/encode/tests/des/des.tiny.cover.plain -e /home/nrink/Projects/build/encode/encode/tests/des/des.input.tiny.txt /dev/null 809 --cso /dev/null --csl /dev/null
2015-05-05_16:02:15 $$ ... timing (0,1): $$ pid=22749: communicated with process
2015-05-05_16:02:15 $$ ... timing (0,1): $$ finished running /home/nrink/Projects/pin-2.14-71313-gcc.4.4.7-linux/pin.sh -t /home/nrink/Projects/bfi/obj-intel64/bfi.so -- /home/nrink/Projects/build/encode/encode/tests/des/des.tiny.cover.plain -e /home/nrink/Projects/build/encode/encode/tests/des/des.input.tiny.txt /dev/null 809 --cso /dev/null --csl /dev/null ...
2015-05-05_16:02:15 $$ ... timing (0,1): $$ writing <stderr> to ./2015-05-05_16:02:12/des.tiny/cover/des.tiny.cover.plain.timing.0.1.stderr ...
2015-05-05_16:02:15 $$ ... timing (0,1): $$ done writing <stderr> to ./2015-05-05_16:02:12/des.tiny/cover/des.tiny.cover.plain.timing.0.1.stderr ...
2015-05-05_16:02:15 $$ ... timing (0,1): $$ writing <stdout> to ./2015-05-05_16:02:12/des.tiny/cover/des.tiny.cover.plain.timing.0.1.stdout ...
2015-05-05_16:02:15 $$ ... timing (0,1): $$ done writing <stdout> to ./2015-05-05_16:02:12/des.tiny/cover/des.tiny.cover.plain.timing.0.1.stdout ...
2015-05-05_16:02:15 $$ ... timing (0,1): $$ None (retcode=0) /home/nrink/Projects/pin-2.14-71313-gcc.4.4.7-linux/pin.sh -t /home/nrink/Projects/bfi/obj-intel64/bfi.so -- /home/nrink/Projects/build/encode/encode/tests/des/des.tiny.cover.plain -e /home/nrink/Projects/build/encode/encode/tests/des/des.input.tiny.txt /dev/null 809 --cso /dev/null --csl /dev/null ...
2015-05-05_16:02:12 $$ ... timing (0,0): $$ running /home/nrink/Projects/pin-2.14-71313-gcc.4.4.7-linux/pin.sh -t /home/nrink/Projects/bfi/obj-intel64/bfi.so -- /home/nrink/Projects/build/encode/encode/tests/des/des.tiny.cover.plain -e /home/nrink/Projects/build/encode/encode/tests/des/des.input.tiny.txt /dev/null 809 --cso /dev/null --csl /dev/null ...
2015-05-05_16:02:12 $$ ... timing (0,0): $$ pid=22742: started process /home/nrink/Projects/pin-2.14-71313-gcc.4.4.7-linux/pin.sh -t /home/nrink/Projects/bfi/obj-intel64/bfi.so -- /home/nrink/Projects/build/encode/encode/tests/des/des.tiny.cover.plain -e /home/nrink/Projects/build/encode/encode/tests/des/des.input.tiny.txt /dev/null 809 --cso /dev/null --csl /dev/null
2015-05-05_16:02:15 $$ ... timing (0,0): $$ pid=22742: communicated with process
2015-05-05_16:02:15 $$ ... timing (0,0): $$ finished running /home/nrink/Projects/pin-2.14-71313-gcc.4.4.7-linux/pin.sh -t /home/nrink/Projects/bfi/obj-intel64/bfi.so -- /home/nrink/Projects/build/encode/encode/tests/des/des.tiny.cover.plain -e /home/nrink/Projects/build/encode/encode/tests/des/des.input.tiny.txt /dev/null 809 --cso /dev/null --csl /dev/null ...
2015-05-05_16:02:15 $$ ... timing (0,0): $$ writing <stderr> to ./2015-05-05_16:02:12/des.tiny/cover/des.tiny.cover.plain.timing.0.0.stderr ...
2015-05-05_16:02:15 $$ ... timing (0,0): $$ done writing <stderr> to ./2015-05-05_16:02:12/des.tiny/cover/des.tiny.cover.plain.timing.0.0.stderr ...
2015-05-05_16:02:15 $$ ... timing (0,0): $$ writing <stdout> to ./2015-05-05_16:02:12/des.tiny/cover/des.tiny.cover.plain.timing.0.0.stdout ...
2015-05-05_16:02:15 $$ ... timing (0,0): $$ done writing <stdout> to ./2015-05-05_16:02:12/des.tiny/cover/des.tiny.cover.plain.timing.0.0.stdout ...
2015-05-05_16:02:15 $$ ... timing (0,0): $$ None (retcode=0) /home/nrink/Projects/pin-2.14-71313-gcc.4.4.7-linux/pin.sh -t /home/nrink/Projects/bfi/obj-intel64/bfi.so -- /home/nrink/Projects/build/encode/encode/tests/des/des.tiny.cover.plain -e /home/nrink/Projects/build/encode/encode/tests/des/des.input.tiny.txt /dev/null 809 --cso /dev/null --csl /dev/null ...
2015-05-05_16:02:12 $$ ... timing (0,3): $$ running /home/nrink/Projects/pin-2.14-71313-gcc.4.4.7-linux/pin.sh -t /home/nrink/Projects/bfi/obj-intel64/bfi.so -- /home/nrink/Projects/build/encode/encode/tests/des/des.tiny.cover.plain -e /home/nrink/Projects/build/encode/encode/tests/des/des.input.tiny.txt /dev/null 809 --cso /dev/null --csl /dev/null ...
2015-05-05_16:02:12 $$ ... timing (0,3): $$ pid=22765: started process /home/nrink/Projects/pin-2.14-71313-gcc.4.4.7-linux/pin.sh -t /home/nrink/Projects/bfi/obj-intel64/bfi.so -- /home/nrink/Projects/build/encode/encode/tests/des/des.tiny.cover.plain -e /home/nrink/Projects/build/encode/encode/tests/des/des.input.tiny.txt /dev/null 809 --cso /dev/null --csl /dev/null
2015-05-05_16:02:15 $$ ... timing (0,3): $$ pid=22765: communicated with process
2015-05-05_16:02:15 $$ ... timing (0,3): $$ finished running /home/nrink/Projects/pin-2.14-71313-gcc.4.4.7-linux/pin.sh -t /home/nrink/Projects/bfi/obj-intel64/bfi.so -- /home/nrink/Projects/build/encode/encode/tests/des/des.tiny.cover.plain -e /home/nrink/Projects/build/encode/encode/tests/des/des.input.tiny.txt /dev/null 809 --cso /dev/null --csl /dev/null ...
2015-05-05_16:02:15 $$ ... timing (0,3): $$ writing <stderr> to ./2015-05-05_16:02:12/des.tiny/cover/des.tiny.cover.plain.timing.0.3.stderr ...
2015-05-05_16:02:15 $$ ... timing (0,3): $$ done writing <stderr> to ./2015-05-05_16:02:12/des.tiny/cover/des.tiny.cover.plain.timing.0.3.stderr ...
2015-05-05_16:02:15 $$ ... timing (0,3): $$ writing <stdout> to ./2015-05-05_16:02:12/des.tiny/cover/des.tiny.cover.plain.timing.0.3.stdout ...
2015-05-05_16:02:15 $$ ... timing (0,3): $$ done writing <stdout> to ./2015-05-05_16:02:12/des.tiny/cover/des.tiny.cover.plain.timing.0.3.stdout ...
2015-05-05_16:02:15 $$ ... timing (0,3): $$ None (retcode=0) /home/nrink/Projects/pin-2.14-71313-gcc.4.4.7-linux/pin.sh -t /home/nrink/Projects/bfi/obj-intel64/bfi.so -- /home/nrink/Projects/build/encode/encode/tests/des/des.tiny.cover.plain -e /home/nrink/Projects/build/encode/encode/tests/des/des.input.tiny.txt /dev/null 809 --cso /dev/null --csl /dev/null ...
2015-05-05_16:02:16 $$ ... timing (1,3): $$ running /home/nrink/Projects/pin-2.14-71313-gcc.4.4.7-linux/pin.sh -t /home/nrink/Projects/bfi/obj-intel64/bfi.so -- /home/nrink/Projects/build/encode/encode/tests/des/des.tiny.cover.plain -e /home/nrink/Projects/build/encode/encode/tests/des/des.input.tiny.txt /dev/null 809 --cso /dev/null --csl /dev/null ...
2015-05-05_16:02:16 $$ ... timing (1,3): $$ pid=24466: started process /home/nrink/Projects/pin-2.14-71313-gcc.4.4.7-linux/pin.sh -t /home/nrink/Projects/bfi/obj-intel64/bfi.so -- /home/nrink/Projects/build/encode/encode/tests/des/des.tiny.cover.plain -e /home/nrink/Projects/build/encode/encode/tests/des/des.input.tiny.txt /dev/null 809 --cso /dev/null --csl /dev/null
2015-05-05_16:02:19 $$ ... timing (1,3): $$ pid=24466: communicated with process
2015-05-05_16:02:19 $$ ... timing (1,3): $$ finished running /home/nrink/Projects/pin-2.14-71313-gcc.4.4.7-linux/pin.sh -t /home/nrink/Projects/bfi/obj-intel64/bfi.so -- /home/nrink/Projects/build/encode/encode/tests/des/des.tiny.cover.plain -e /home/nrink/Projects/build/encode/encode/tests/des/des.input.tiny.txt /dev/null 809 --cso /dev/null --csl /dev/null ...
2015-05-05_16:02:19 $$ ... timing (1,3): $$ writing <stderr> to ./2015-05-05_16:02:12/des.tiny/cover/des.tiny.cover.plain.timing.1.3.stderr ...
2015-05-05_16:02:19 $$ ... timing (1,3): $$ done writing <stderr> to ./2015-05-05_16:02:12/des.tiny/cover/des.tiny.cover.plain.timing.1.3.stderr ...
2015-05-05_16:02:19 $$ ... timing (1,3): $$ writing <stdout> to ./2015-05-05_16:02:12/des.tiny/cover/des.tiny.cover.plain.timing.1.3.stdout ...
2015-05-05_16:02:19 $$ ... timing (1,3): $$ done writing <stdout> to ./2015-05-05_16:02:12/des.tiny/cover/des.tiny.cover.plain.timing.1.3.stdout ...
2015-05-05_16:02:19 $$ ... timing (1,3): $$ None (retcode=0) /home/nrink/Projects/pin-2.14-71313-gcc.4.4.7-linux/pin.sh -t /home/nrink/Projects/bfi/obj-intel64/bfi.so -- /home/nrink/Projects/build/encode/encode/tests/des/des.tiny.cover.plain -e /home/nrink/Projects/build/encode/encode/tests/des/des.input.tiny.txt /dev/null 809 --cso /dev/null --csl /dev/null ...
2015-05-05_16:02:16 $$ ... timing (1,2): $$ running /home/nrink/Projects/pin-2.14-71313-gcc.4.4.7-linux/pin.sh -t /home/nrink/Projects/bfi/obj-intel64/bfi.so -- /home/nrink/Projects/build/encode/encode/tests/des/des.tiny.cover.plain -e /home/nrink/Projects/build/encode/encode/tests/des/des.input.tiny.txt /dev/null 809 --cso /dev/null --csl /dev/null ...
2015-05-05_16:02:16 $$ ... timing (1,2): $$ pid=24498: started process /home/nrink/Projects/pin-2.14-71313-gcc.4.4.7-linux/pin.sh -t /home/nrink/Projects/bfi/obj-intel64/bfi.so -- /home/nrink/Projects/build/encode/encode/tests/des/des.tiny.cover.plain -e /home/nrink/Projects/build/encode/encode/tests/des/des.input.tiny.txt /dev/null 809 --cso /dev/null --csl /dev/null
2015-05-05_16:02:19 $$ ... timing (1,2): $$ pid=24498: communicated with process
2015-05-05_16:02:19 $$ ... timing (1,2): $$ finished running /home/nrink/Projects/pin-2.14-71313-gcc.4.4.7-linux/pin.sh -t /home/nrink/Projects/bfi/obj-intel64/bfi.so -- /home/nrink/Projects/build/encode/encode/tests/des/des.tiny.cover.plain -e /home/nrink/Projects/build/encode/encode/tests/des/des.input.tiny.txt /dev/null 809 --cso /dev/null --csl /dev/null ...
2015-05-05_16:02:19 $$ ... timing (1,2): $$ writing <stderr> to ./2015-05-05_16:02:12/des.tiny/cover/des.tiny.cover.plain.timing.1.2.stderr ...
2015-05-05_16:02:19 $$ ... timing (1,2): $$ done writing <stderr> to ./2015-05-05_16:02:12/des.tiny/cover/des.tiny.cover.plain.timing.1.2.stderr ...
2015-05-05_16:02:19 $$ ... timing (1,2): $$ writing <stdout> to ./2015-05-05_16:02:12/des.tiny/cover/des.tiny.cover.plain.timing.1.2.stdout ...
2015-05-05_16:02:19 $$ ... timing (1,2): $$ done writing <stdout> to ./2015-05-05_16:02:12/des.tiny/cover/des.tiny.cover.plain.timing.1.2.stdout ...
2015-05-05_16:02:19 $$ ... timing (1,2): $$ None (retcode=0) /home/nrink/Projects/pin-2.14-71313-gcc.4.4.7-linux/pin.sh -t /home/nrink/Projects/bfi/obj-intel64/bfi.so -- /home/nrink/Projects/build/encode/encode/tests/des/des.tiny.cover.plain -e /home/nrink/Projects/build/encode/encode/tests/des/des.input.tiny.txt /dev/null 809 --cso /dev/null --csl /dev/null ...
2015-05-05_16:02:16 $$ ... timing (1,1): $$ running /home/nrink/Projects/pin-2.14-71313-gcc.4.4.7-linux/pin.sh -t /home/nrink/Projects/bfi/obj-intel64/bfi.so -- /home/nrink/Projects/build/encode/encode/tests/des/des.tiny.cover.plain -e /home/nrink/Projects/build/encode/encode/tests/des/des.input.tiny.txt /dev/null 809 --cso /dev/null --csl /dev/null ...
2015-05-05_16:02:16 $$ ... timing (1,1): $$ pid=24407: started process /home/nrink/Projects/pin-2.14-71313-gcc.4.4.7-linux/pin.sh -t /home/nrink/Projects/bfi/obj-intel64/bfi.so -- /home/nrink/Projects/build/encode/encode/tests/des/des.tiny.cover.plain -e /home/nrink/Projects/build/encode/encode/tests/des/des.input.tiny.txt /dev/null 809 --cso /dev/null --csl /dev/null
2015-05-05_16:02:19 $$ ... timing (1,1): $$ pid=24407: communicated with process
2015-05-05_16:02:19 $$ ... timing (1,1): $$ finished running /home/nrink/Projects/pin-2.14-71313-gcc.4.4.7-linux/pin.sh -t /home/nrink/Projects/bfi/obj-intel64/bfi.so -- /home/nrink/Projects/build/encode/encode/tests/des/des.tiny.cover.plain -e /home/nrink/Projects/build/encode/encode/tests/des/des.input.tiny.txt /dev/null 809 --cso /dev/null --csl /dev/null ...
2015-05-05_16:02:19 $$ ... timing (1,1): $$ writing <stderr> to ./2015-05-05_16:02:12/des.tiny/cover/des.tiny.cover.plain.timing.1.1.stderr ...
2015-05-05_16:02:19 $$ ... timing (1,1): $$ done writing <stderr> to ./2015-05-05_16:02:12/des.tiny/cover/des.tiny.cover.plain.timing.1.1.stderr ...
2015-05-05_16:02:19 $$ ... timing (1,1): $$ writing <stdout> to ./2015-05-05_16:02:12/des.tiny/cover/des.tiny.cover.plain.timing.1.1.stdout ...
2015-05-05_16:02:19 $$ ... timing (1,1): $$ done writing <stdout> to ./2015-05-05_16:02:12/des.tiny/cover/des.tiny.cover.plain.timing.1.1.stdout ...
2015-05-05_16:02:19 $$ ... timing (1,1): $$ None (retcode=0) /home/nrink/Projects/pin-2.14-71313-gcc.4.4.7-linux/pin.sh -t /home/nrink/Projects/bfi/obj-intel64/bfi.so -- /home/nrink/Projects/build/encode/encode/tests/des/des.tiny.cover.plain -e /home/nrink/Projects/build/encode/encode/tests/des/des.input.tiny.txt /dev/null 809 --cso /dev/null --csl /dev/null ...
2015-05-05_16:02:16 $$ ... timing (1,0): $$ running /home/nrink/Projects/pin-2.14-71313-gcc.4.4.7-linux/pin.sh -t /home/nrink/Projects/bfi/obj-intel64/bfi.so -- /home/nrink/Projects/build/encode/encode/tests/des/des.tiny.cover.plain -e /home/nrink/Projects/build/encode/encode/tests/des/des.input.tiny.txt /dev/null 809 --cso /dev/null --csl /dev/null ...
2015-05-05_16:02:16 $$ ... timing (1,0): $$ pid=24436: started process /home/nrink/Projects/pin-2.14-71313-gcc.4.4.7-linux/pin.sh -t /home/nrink/Projects/bfi/obj-intel64/bfi.so -- /home/nrink/Projects/build/encode/encode/tests/des/des.tiny.cover.plain -e /home/nrink/Projects/build/encode/encode/tests/des/des.input.tiny.txt /dev/null 809 --cso /dev/null --csl /dev/null
2015-05-05_16:02:19 $$ ... timing (1,0): $$ pid=24436: communicated with process
2015-05-05_16:02:19 $$ ... timing (1,0): $$ finished running /home/nrink/Projects/pin-2.14-71313-gcc.4.4.7-linux/pin.sh -t /home/nrink/Projects/bfi/obj-intel64/bfi.so -- /home/nrink/Projects/build/encode/encode/tests/des/des.tiny.cover.plain -e /home/nrink/Projects/build/encode/encode/tests/des/des.input.tiny.txt /dev/null 809 --cso /dev/null --csl /dev/null ...
2015-05-05_16:02:19 $$ ... timing (1,0): $$ writing <stderr> to ./2015-05-05_16:02:12/des.tiny/cover/des.tiny.cover.plain.timing.1.0.stderr ...
2015-05-05_16:02:19 $$ ... timing (1,0): $$ done writing <stderr> to ./2015-05-05_16:02:12/des.tiny/cover/des.tiny.cover.plain.timing.1.0.stderr ...
2015-05-05_16:02:19 $$ ... timing (1,0): $$ writing <stdout> to ./2015-05-05_16:02:12/des.tiny/cover/des.tiny.cover.plain.timing.1.0.stdout ...
2015-05-05_16:02:19 $$ ... timing (1,0): $$ done writing <stdout> to ./2015-05-05_16:02:12/des.tiny/cover/des.tiny.cover.plain.timing.1.0.stdout ...
2015-05-05_16:02:19 $$ ... timing (1,0): $$ None (retcode=0) /home/nrink/Projects/pin-2.14-71313-gcc.4.4.7-linux/pin.sh -t /home/nrink/Projects/bfi/obj-intel64/bfi.so -- /home/nrink/Projects/build/encode/encode/tests/des/des.tiny.cover.plain -e /home/nrink/Projects/build/encode/encode/tests/des/des.input.tiny.txt /dev/null 809 --cso /dev/null --csl /dev/null ...
2015-05-05_16:02:20 $$ ... timing (2,1): $$ running /home/nrink/Projects/pin-2.14-71313-gcc.4.4.7-linux/pin.sh -t /home/nrink/Projects/bfi/obj-intel64/bfi.so -- /home/nrink/Projects/build/encode/encode/tests/des/des.tiny.cover.plain -e /home/nrink/Projects/build/encode/encode/tests/des/des.input.tiny.txt /dev/null 809 --cso /dev/null --csl /dev/null ...
2015-05-05_16:02:20 $$ ... timing (2,1): $$ pid=26416: started process /home/nrink/Projects/pin-2.14-71313-gcc.4.4.7-linux/pin.sh -t /home/nrink/Projects/bfi/obj-intel64/bfi.so -- /home/nrink/Projects/build/encode/encode/tests/des/des.tiny.cover.plain -e /home/nrink/Projects/build/encode/encode/tests/des/des.input.tiny.txt /dev/null 809 --cso /dev/null --csl /dev/null
2015-05-05_16:02:22 $$ ... timing (2,1): $$ pid=26416: communicated with process
2015-05-05_16:02:22 $$ ... timing (2,1): $$ finished running /home/nrink/Projects/pin-2.14-71313-gcc.4.4.7-linux/pin.sh -t /home/nrink/Projects/bfi/obj-intel64/bfi.so -- /home/nrink/Projects/build/encode/encode/tests/des/des.tiny.cover.plain -e /home/nrink/Projects/build/encode/encode/tests/des/des.input.tiny.txt /dev/null 809 --cso /dev/null --csl /dev/null ...
2015-05-05_16:02:22 $$ ... timing (2,1): $$ writing <stderr> to ./2015-05-05_16:02:12/des.tiny/cover/des.tiny.cover.plain.timing.2.1.stderr ...
2015-05-05_16:02:22 $$ ... timing (2,1): $$ done writing <stderr> to ./2015-05-05_16:02:12/des.tiny/cover/des.tiny.cover.plain.timing.2.1.stderr ...
2015-05-05_16:02:22 $$ ... timing (2,1): $$ writing <stdout> to ./2015-05-05_16:02:12/des.tiny/cover/des.tiny.cover.plain.timing.2.1.stdout ...
2015-05-05_16:02:22 $$ ... timing (2,1): $$ done writing <stdout> to ./2015-05-05_16:02:12/des.tiny/cover/des.tiny.cover.plain.timing.2.1.stdout ...
2015-05-05_16:02:22 $$ ... timing (2,1): $$ None (retcode=0) /home/nrink/Projects/pin-2.14-71313-gcc.4.4.7-linux/pin.sh -t /home/nrink/Projects/bfi/obj-intel64/bfi.so -- /home/nrink/Projects/build/encode/encode/tests/des/des.tiny.cover.plain -e /home/nrink/Projects/build/encode/encode/tests/des/des.input.tiny.txt /dev/null 809 --cso /dev/null --csl /dev/null ...
2015-05-05_16:02:20 $$ ... timing (2,2): $$ running /home/nrink/Projects/pin-2.14-71313-gcc.4.4.7-linux/pin.sh -t /home/nrink/Projects/bfi/obj-intel64/bfi.so -- /home/nrink/Projects/build/encode/encode/tests/des/des.tiny.cover.plain -e /home/nrink/Projects/build/encode/encode/tests/des/des.input.tiny.txt /dev/null 809 --cso /dev/null --csl /dev/null ...
2015-05-05_16:02:20 $$ ... timing (2,2): $$ pid=26363: started process /home/nrink/Projects/pin-2.14-71313-gcc.4.4.7-linux/pin.sh -t /home/nrink/Projects/bfi/obj-intel64/bfi.so -- /home/nrink/Projects/build/encode/encode/tests/des/des.tiny.cover.plain -e /home/nrink/Projects/build/encode/encode/tests/des/des.input.tiny.txt /dev/null 809 --cso /dev/null --csl /dev/null
2015-05-05_16:02:22 $$ ... timing (2,2): $$ pid=26363: communicated with process
2015-05-05_16:02:22 $$ ... timing (2,2): $$ finished running /home/nrink/Projects/pin-2.14-71313-gcc.4.4.7-linux/pin.sh -t /home/nrink/Projects/bfi/obj-intel64/bfi.so -- /home/nrink/Projects/build/encode/encode/tests/des/des.tiny.cover.plain -e /home/nrink/Projects/build/encode/encode/tests/des/des.input.tiny.txt /dev/null 809 --cso /dev/null --csl /dev/null ...
2015-05-05_16:02:22 $$ ... timing (2,2): $$ writing <stderr> to ./2015-05-05_16:02:12/des.tiny/cover/des.tiny.cover.plain.timing.2.2.stderr ...
2015-05-05_16:02:22 $$ ... timing (2,2): $$ done writing <stderr> to ./2015-05-05_16:02:12/des.tiny/cover/des.tiny.cover.plain.timing.2.2.stderr ...
2015-05-05_16:02:22 $$ ... timing (2,2): $$ writing <stdout> to ./2015-05-05_16:02:12/des.tiny/cover/des.tiny.cover.plain.timing.2.2.stdout ...
2015-05-05_16:02:22 $$ ... timing (2,2): $$ done writing <stdout> to ./2015-05-05_16:02:12/des.tiny/cover/des.tiny.cover.plain.timing.2.2.stdout ...
2015-05-05_16:02:22 $$ ... timing (2,2): $$ None (retcode=0) /home/nrink/Projects/pin-2.14-71313-gcc.4.4.7-linux/pin.sh -t /home/nrink/Projects/bfi/obj-intel64/bfi.so -- /home/nrink/Projects/build/encode/encode/tests/des/des.tiny.cover.plain -e /home/nrink/Projects/build/encode/encode/tests/des/des.input.tiny.txt /dev/null 809 --cso /dev/null --csl /dev/null ...
2015-05-05_16:02:20 $$ ... timing (2,3): $$ running /home/nrink/Projects/pin-2.14-71313-gcc.4.4.7-linux/pin.sh -t /home/nrink/Projects/bfi/obj-intel64/bfi.so -- /home/nrink/Projects/build/encode/encode/tests/des/des.tiny.cover.plain -e /home/nrink/Projects/build/encode/encode/tests/des/des.input.tiny.txt /dev/null 809 --cso /dev/null --csl /dev/null ...
2015-05-05_16:02:20 $$ ... timing (2,3): $$ pid=26429: started process /home/nrink/Projects/pin-2.14-71313-gcc.4.4.7-linux/pin.sh -t /home/nrink/Projects/bfi/obj-intel64/bfi.so -- /home/nrink/Projects/build/encode/encode/tests/des/des.tiny.cover.plain -e /home/nrink/Projects/build/encode/encode/tests/des/des.input.tiny.txt /dev/null 809 --cso /dev/null --csl /dev/null
2015-05-05_16:02:22 $$ ... timing (2,3): $$ pid=26429: communicated with process
2015-05-05_16:02:22 $$ ... timing (2,3): $$ finished running /home/nrink/Projects/pin-2.14-71313-gcc.4.4.7-linux/pin.sh -t /home/nrink/Projects/bfi/obj-intel64/bfi.so -- /home/nrink/Projects/build/encode/encode/tests/des/des.tiny.cover.plain -e /home/nrink/Projects/build/encode/encode/tests/des/des.input.tiny.txt /dev/null 809 --cso /dev/null --csl /dev/null ...
2015-05-05_16:02:22 $$ ... timing (2,3): $$ writing <stderr> to ./2015-05-05_16:02:12/des.tiny/cover/des.tiny.cover.plain.timing.2.3.stderr ...
2015-05-05_16:02:22 $$ ... timing (2,3): $$ done writing <stderr> to ./2015-05-05_16:02:12/des.tiny/cover/des.tiny.cover.plain.timing.2.3.stderr ...
2015-05-05_16:02:22 $$ ... timing (2,3): $$ writing <stdout> to ./2015-05-05_16:02:12/des.tiny/cover/des.tiny.cover.plain.timing.2.3.stdout ...
2015-05-05_16:02:22 $$ ... timing (2,3): $$ done writing <stdout> to ./2015-05-05_16:02:12/des.tiny/cover/des.tiny.cover.plain.timing.2.3.stdout ...
2015-05-05_16:02:22 $$ ... timing (2,3): $$ None (retcode=0) /home/nrink/Projects/pin-2.14-71313-gcc.4.4.7-linux/pin.sh -t /home/nrink/Projects/bfi/obj-intel64/bfi.so -- /home/nrink/Projects/build/encode/encode/tests/des/des.tiny.cover.plain -e /home/nrink/Projects/build/encode/encode/tests/des/des.input.tiny.txt /dev/null 809 --cso /dev/null --csl /dev/null ...
2015-05-05_16:02:20 $$ ... timing (2,0): $$ running /home/nrink/Projects/pin-2.14-71313-gcc.4.4.7-linux/pin.sh -t /home/nrink/Projects/bfi/obj-intel64/bfi.so -- /home/nrink/Projects/build/encode/encode/tests/des/des.tiny.cover.plain -e /home/nrink/Projects/build/encode/encode/tests/des/des.input.tiny.txt /dev/null 809 --cso /dev/null --csl /dev/null ...
2015-05-05_16:02:20 $$ ... timing (2,0): $$ pid=26374: started process /home/nrink/Projects/pin-2.14-71313-gcc.4.4.7-linux/pin.sh -t /home/nrink/Projects/bfi/obj-intel64/bfi.so -- /home/nrink/Projects/build/encode/encode/tests/des/des.tiny.cover.plain -e /home/nrink/Projects/build/encode/encode/tests/des/des.input.tiny.txt /dev/null 809 --cso /dev/null --csl /dev/null
2015-05-05_16:02:22 $$ ... timing (2,0): $$ pid=26374: communicated with process
2015-05-05_16:02:22 $$ ... timing (2,0): $$ finished running /home/nrink/Projects/pin-2.14-71313-gcc.4.4.7-linux/pin.sh -t /home/nrink/Projects/bfi/obj-intel64/bfi.so -- /home/nrink/Projects/build/encode/encode/tests/des/des.tiny.cover.plain -e /home/nrink/Projects/build/encode/encode/tests/des/des.input.tiny.txt /dev/null 809 --cso /dev/null --csl /dev/null ...
2015-05-05_16:02:22 $$ ... timing (2,0): $$ writing <stderr> to ./2015-05-05_16:02:12/des.tiny/cover/des.tiny.cover.plain.timing.2.0.stderr ...
2015-05-05_16:02:22 $$ ... timing (2,0): $$ done writing <stderr> to ./2015-05-05_16:02:12/des.tiny/cover/des.tiny.cover.plain.timing.2.0.stderr ...
2015-05-05_16:02:22 $$ ... timing (2,0): $$ writing <stdout> to ./2015-05-05_16:02:12/des.tiny/cover/des.tiny.cover.plain.timing.2.0.stdout ...
2015-05-05_16:02:22 $$ ... timing (2,0): $$ done writing <stdout> to ./2015-05-05_16:02:12/des.tiny/cover/des.tiny.cover.plain.timing.2.0.stdout ...
2015-05-05_16:02:22 $$ ... timing (2,0): $$ None (retcode=0) /home/nrink/Projects/pin-2.14-71313-gcc.4.4.7-linux/pin.sh -t /home/nrink/Projects/bfi/obj-intel64/bfi.so -- /home/nrink/Projects/build/encode/encode/tests/des/des.tiny.cover.plain -e /home/nrink/Projects/build/encode/encode/tests/des/des.input.tiny.txt /dev/null 809 --cso /dev/null --csl /dev/null ...
2015-05-05_16:02:23 $$ ... timing (3,1): $$ running /home/nrink/Projects/pin-2.14-71313-gcc.4.4.7-linux/pin.sh -t /home/nrink/Projects/bfi/obj-intel64/bfi.so -- /home/nrink/Projects/build/encode/encode/tests/des/des.tiny.cover.plain -e /home/nrink/Projects/build/encode/encode/tests/des/des.input.tiny.txt /dev/null 809 --cso /dev/null --csl /dev/null ...
2015-05-05_16:02:23 $$ ... timing (3,1): $$ pid=27921: started process /home/nrink/Projects/pin-2.14-71313-gcc.4.4.7-linux/pin.sh -t /home/nrink/Projects/bfi/obj-intel64/bfi.so -- /home/nrink/Projects/build/encode/encode/tests/des/des.tiny.cover.plain -e /home/nrink/Projects/build/encode/encode/tests/des/des.input.tiny.txt /dev/null 809 --cso /dev/null --csl /dev/null
2015-05-05_16:02:25 $$ ... timing (3,1): $$ pid=27921: communicated with process
2015-05-05_16:02:25 $$ ... timing (3,1): $$ finished running /home/nrink/Projects/pin-2.14-71313-gcc.4.4.7-linux/pin.sh -t /home/nrink/Projects/bfi/obj-intel64/bfi.so -- /home/nrink/Projects/build/encode/encode/tests/des/des.tiny.cover.plain -e /home/nrink/Projects/build/encode/encode/tests/des/des.input.tiny.txt /dev/null 809 --cso /dev/null --csl /dev/null ...
2015-05-05_16:02:25 $$ ... timing (3,1): $$ writing <stderr> to ./2015-05-05_16:02:12/des.tiny/cover/des.tiny.cover.plain.timing.3.1.stderr ...
2015-05-05_16:02:25 $$ ... timing (3,1): $$ done writing <stderr> to ./2015-05-05_16:02:12/des.tiny/cover/des.tiny.cover.plain.timing.3.1.stderr ...
2015-05-05_16:02:25 $$ ... timing (3,1): $$ writing <stdout> to ./2015-05-05_16:02:12/des.tiny/cover/des.tiny.cover.plain.timing.3.1.stdout ...
2015-05-05_16:02:25 $$ ... timing (3,1): $$ done writing <stdout> to ./2015-05-05_16:02:12/des.tiny/cover/des.tiny.cover.plain.timing.3.1.stdout ...
2015-05-05_16:02:25 $$ ... timing (3,1): $$ None (retcode=0) /home/nrink/Projects/pin-2.14-71313-gcc.4.4.7-linux/pin.sh -t /home/nrink/Projects/bfi/obj-intel64/bfi.so -- /home/nrink/Projects/build/encode/encode/tests/des/des.tiny.cover.plain -e /home/nrink/Projects/build/encode/encode/tests/des/des.input.tiny.txt /dev/null 809 --cso /dev/null --csl /dev/null ...
2015-05-05_16:02:23 $$ ... timing (3,2): $$ running /home/nrink/Projects/pin-2.14-71313-gcc.4.4.7-linux/pin.sh -t /home/nrink/Projects/bfi/obj-intel64/bfi.so -- /home/nrink/Projects/build/encode/encode/tests/des/des.tiny.cover.plain -e /home/nrink/Projects/build/encode/encode/tests/des/des.input.tiny.txt /dev/null 809 --cso /dev/null --csl /dev/null ...
2015-05-05_16:02:23 $$ ... timing (3,2): $$ pid=27909: started process /home/nrink/Projects/pin-2.14-71313-gcc.4.4.7-linux/pin.sh -t /home/nrink/Projects/bfi/obj-intel64/bfi.so -- /home/nrink/Projects/build/encode/encode/tests/des/des.tiny.cover.plain -e /home/nrink/Projects/build/encode/encode/tests/des/des.input.tiny.txt /dev/null 809 --cso /dev/null --csl /dev/null
2015-05-05_16:02:25 $$ ... timing (3,2): $$ pid=27909: communicated with process
2015-05-05_16:02:25 $$ ... timing (3,2): $$ finished running /home/nrink/Projects/pin-2.14-71313-gcc.4.4.7-linux/pin.sh -t /home/nrink/Projects/bfi/obj-intel64/bfi.so -- /home/nrink/Projects/build/encode/encode/tests/des/des.tiny.cover.plain -e /home/nrink/Projects/build/encode/encode/tests/des/des.input.tiny.txt /dev/null 809 --cso /dev/null --csl /dev/null ...
2015-05-05_16:02:25 $$ ... timing (3,2): $$ writing <stderr> to ./2015-05-05_16:02:12/des.tiny/cover/des.tiny.cover.plain.timing.3.2.stderr ...
2015-05-05_16:02:25 $$ ... timing (3,2): $$ done writing <stderr> to ./2015-05-05_16:02:12/des.tiny/cover/des.tiny.cover.plain.timing.3.2.stderr ...
2015-05-05_16:02:25 $$ ... timing (3,2): $$ writing <stdout> to ./2015-05-05_16:02:12/des.tiny/cover/des.tiny.cover.plain.timing.3.2.stdout ...
2015-05-05_16:02:25 $$ ... timing (3,2): $$ done writing <stdout> to ./2015-05-05_16:02:12/des.tiny/cover/des.tiny.cover.plain.timing.3.2.stdout ...
2015-05-05_16:02:25 $$ ... timing (3,2): $$ None (retcode=0) /home/nrink/Projects/pin-2.14-71313-gcc.4.4.7-linux/pin.sh -t /home/nrink/Projects/bfi/obj-intel64/bfi.so -- /home/nrink/Projects/build/encode/encode/tests/des/des.tiny.cover.plain -e /home/nrink/Projects/build/encode/encode/tests/des/des.input.tiny.txt /dev/null 809 --cso /dev/null --csl /dev/null ...
2015-05-05_16:02:23 $$ ... timing (3,3): $$ running /home/nrink/Projects/pin-2.14-71313-gcc.4.4.7-linux/pin.sh -t /home/nrink/Projects/bfi/obj-intel64/bfi.so -- /home/nrink/Projects/build/encode/encode/tests/des/des.tiny.cover.plain -e /home/nrink/Projects/build/encode/encode/tests/des/des.input.tiny.txt /dev/null 809 --cso /dev/null --csl /dev/null ...
2015-05-05_16:02:23 $$ ... timing (3,3): $$ pid=27884: started process /home/nrink/Projects/pin-2.14-71313-gcc.4.4.7-linux/pin.sh -t /home/nrink/Projects/bfi/obj-intel64/bfi.so -- /home/nrink/Projects/build/encode/encode/tests/des/des.tiny.cover.plain -e /home/nrink/Projects/build/encode/encode/tests/des/des.input.tiny.txt /dev/null 809 --cso /dev/null --csl /dev/null
2015-05-05_16:02:25 $$ ... timing (3,3): $$ pid=27884: communicated with process
2015-05-05_16:02:25 $$ ... timing (3,3): $$ finished running /home/nrink/Projects/pin-2.14-71313-gcc.4.4.7-linux/pin.sh -t /home/nrink/Projects/bfi/obj-intel64/bfi.so -- /home/nrink/Projects/build/encode/encode/tests/des/des.tiny.cover.plain -e /home/nrink/Projects/build/encode/encode/tests/des/des.input.tiny.txt /dev/null 809 --cso /dev/null --csl /dev/null ...
2015-05-05_16:02:25 $$ ... timing (3,3): $$ writing <stderr> to ./2015-05-05_16:02:12/des.tiny/cover/des.tiny.cover.plain.timing.3.3.stderr ...
2015-05-05_16:02:25 $$ ... timing (3,3): $$ done writing <stderr> to ./2015-05-05_16:02:12/des.tiny/cover/des.tiny.cover.plain.timing.3.3.stderr ...
2015-05-05_16:02:25 $$ ... timing (3,3): $$ writing <stdout> to ./2015-05-05_16:02:12/des.tiny/cover/des.tiny.cover.plain.timing.3.3.stdout ...
2015-05-05_16:02:25 $$ ... timing (3,3): $$ done writing <stdout> to ./2015-05-05_16:02:12/des.tiny/cover/des.tiny.cover.plain.timing.3.3.stdout ...
2015-05-05_16:02:25 $$ ... timing (3,3): $$ None (retcode=0) /home/nrink/Projects/pin-2.14-71313-gcc.4.4.7-linux/pin.sh -t /home/nrink/Projects/bfi/obj-intel64/bfi.so -- /home/nrink/Projects/build/encode/encode/tests/des/des.tiny.cover.plain -e /home/nrink/Projects/build/encode/encode/tests/des/des.input.tiny.txt /dev/null 809 --cso /dev/null --csl /dev/null ...
2015-05-05_16:02:23 $$ ... timing (3,0): $$ running /home/nrink/Projects/pin-2.14-71313-gcc.4.4.7-linux/pin.sh -t /home/nrink/Projects/bfi/obj-intel64/bfi.so -- /home/nrink/Projects/build/encode/encode/tests/des/des.tiny.cover.plain -e /home/nrink/Projects/build/encode/encode/tests/des/des.input.tiny.txt /dev/null 809 --cso /dev/null --csl /dev/null ...
2015-05-05_16:02:23 $$ ... timing (3,0): $$ pid=27951: started process /home/nrink/Projects/pin-2.14-71313-gcc.4.4.7-linux/pin.sh -t /home/nrink/Projects/bfi/obj-intel64/bfi.so -- /home/nrink/Projects/build/encode/encode/tests/des/des.tiny.cover.plain -e /home/nrink/Projects/build/encode/encode/tests/des/des.input.tiny.txt /dev/null 809 --cso /dev/null --csl /dev/null
2015-05-05_16:02:25 $$ ... timing (3,0): $$ pid=27951: communicated with process
2015-05-05_16:02:25 $$ ... timing (3,0): $$ finished running /home/nrink/Projects/pin-2.14-71313-gcc.4.4.7-linux/pin.sh -t /home/nrink/Projects/bfi/obj-intel64/bfi.so -- /home/nrink/Projects/build/encode/encode/tests/des/des.tiny.cover.plain -e /home/nrink/Projects/build/encode/encode/tests/des/des.input.tiny.txt /dev/null 809 --cso /dev/null --csl /dev/null ...
2015-05-05_16:02:25 $$ ... timing (3,0): $$ writing <stderr> to ./2015-05-05_16:02:12/des.tiny/cover/des.tiny.cover.plain.timing.3.0.stderr ...
2015-05-05_16:02:25 $$ ... timing (3,0): $$ done writing <stderr> to ./2015-05-05_16:02:12/des.tiny/cover/des.tiny.cover.plain.timing.3.0.stderr ...
2015-05-05_16:02:25 $$ ... timing (3,0): $$ writing <stdout> to ./2015-05-05_16:02:12/des.tiny/cover/des.tiny.cover.plain.timing.3.0.stdout ...
2015-05-05_16:02:25 $$ ... timing (3,0): $$ done writing <stdout> to ./2015-05-05_16:02:12/des.tiny/cover/des.tiny.cover.plain.timing.3.0.stdout ...
2015-05-05_16:02:25 $$ ... timing (3,0): $$ None (retcode=0) /home/nrink/Projects/pin-2.14-71313-gcc.4.4.7-linux/pin.sh -t /home/nrink/Projects/bfi/obj-intel64/bfi.so -- /home/nrink/Projects/build/encode/encode/tests/des/des.tiny.cover.plain -e /home/nrink/Projects/build/encode/encode/tests/des/des.input.tiny.txt /dev/null 809 --cso /dev/null --csl /dev/null ...
2015-05-05_16:02:26 $$ ... timing (4,1): $$ running /home/nrink/Projects/pin-2.14-71313-gcc.4.4.7-linux/pin.sh -t /home/nrink/Projects/bfi/obj-intel64/bfi.so -- /home/nrink/Projects/build/encode/encode/tests/des/des.tiny.cover.plain -e /home/nrink/Projects/build/encode/encode/tests/des/des.input.tiny.txt /dev/null 809 --cso /dev/null --csl /dev/null ...
2015-05-05_16:02:26 $$ ... timing (4,1): $$ pid=29659: started process /home/nrink/Projects/pin-2.14-71313-gcc.4.4.7-linux/pin.sh -t /home/nrink/Projects/bfi/obj-intel64/bfi.so -- /home/nrink/Projects/build/encode/encode/tests/des/des.tiny.cover.plain -e /home/nrink/Projects/build/encode/encode/tests/des/des.input.tiny.txt /dev/null 809 --cso /dev/null --csl /dev/null
2015-05-05_16:02:28 $$ ... timing (4,1): $$ pid=29659: communicated with process
2015-05-05_16:02:28 $$ ... timing (4,1): $$ finished running /home/nrink/Projects/pin-2.14-71313-gcc.4.4.7-linux/pin.sh -t /home/nrink/Projects/bfi/obj-intel64/bfi.so -- /home/nrink/Projects/build/encode/encode/tests/des/des.tiny.cover.plain -e /home/nrink/Projects/build/encode/encode/tests/des/des.input.tiny.txt /dev/null 809 --cso /dev/null --csl /dev/null ...
2015-05-05_16:02:28 $$ ... timing (4,1): $$ writing <stderr> to ./2015-05-05_16:02:12/des.tiny/cover/des.tiny.cover.plain.timing.4.1.stderr ...
2015-05-05_16:02:28 $$ ... timing (4,1): $$ done writing <stderr> to ./2015-05-05_16:02:12/des.tiny/cover/des.tiny.cover.plain.timing.4.1.stderr ...
2015-05-05_16:02:28 $$ ... timing (4,1): $$ writing <stdout> to ./2015-05-05_16:02:12/des.tiny/cover/des.tiny.cover.plain.timing.4.1.stdout ...
2015-05-05_16:02:28 $$ ... timing (4,1): $$ done writing <stdout> to ./2015-05-05_16:02:12/des.tiny/cover/des.tiny.cover.plain.timing.4.1.stdout ...
2015-05-05_16:02:28 $$ ... timing (4,1): $$ None (retcode=0) /home/nrink/Projects/pin-2.14-71313-gcc.4.4.7-linux/pin.sh -t /home/nrink/Projects/bfi/obj-intel64/bfi.so -- /home/nrink/Projects/build/encode/encode/tests/des/des.tiny.cover.plain -e /home/nrink/Projects/build/encode/encode/tests/des/des.input.tiny.txt /dev/null 809 --cso /dev/null --csl /dev/null ...
2015-05-05_16:02:26 $$ ... timing (4,3): $$ running /home/nrink/Projects/pin-2.14-71313-gcc.4.4.7-linux/pin.sh -t /home/nrink/Projects/bfi/obj-intel64/bfi.so -- /home/nrink/Projects/build/encode/encode/tests/des/des.tiny.cover.plain -e /home/nrink/Projects/build/encode/encode/tests/des/des.input.tiny.txt /dev/null 809 --cso /dev/null --csl /dev/null ...
2015-05-05_16:02:26 $$ ... timing (4,3): $$ pid=29692: started process /home/nrink/Projects/pin-2.14-71313-gcc.4.4.7-linux/pin.sh -t /home/nrink/Projects/bfi/obj-intel64/bfi.so -- /home/nrink/Projects/build/encode/encode/tests/des/des.tiny.cover.plain -e /home/nrink/Projects/build/encode/encode/tests/des/des.input.tiny.txt /dev/null 809 --cso /dev/null --csl /dev/null
2015-05-05_16:02:28 $$ ... timing (4,3): $$ pid=29692: communicated with process
2015-05-05_16:02:28 $$ ... timing (4,3): $$ finished running /home/nrink/Projects/pin-2.14-71313-gcc.4.4.7-linux/pin.sh -t /home/nrink/Projects/bfi/obj-intel64/bfi.so -- /home/nrink/Projects/build/encode/encode/tests/des/des.tiny.cover.plain -e /home/nrink/Projects/build/encode/encode/tests/des/des.input.tiny.txt /dev/null 809 --cso /dev/null --csl /dev/null ...
2015-05-05_16:02:28 $$ ... timing (4,3): $$ writing <stderr> to ./2015-05-05_16:02:12/des.tiny/cover/des.tiny.cover.plain.timing.4.3.stderr ...
2015-05-05_16:02:28 $$ ... timing (4,3): $$ done writing <stderr> to ./2015-05-05_16:02:12/des.tiny/cover/des.tiny.cover.plain.timing.4.3.stderr ...
2015-05-05_16:02:28 $$ ... timing (4,3): $$ writing <stdout> to ./2015-05-05_16:02:12/des.tiny/cover/des.tiny.cover.plain.timing.4.3.stdout ...
2015-05-05_16:02:28 $$ ... timing (4,3): $$ done writing <stdout> to ./2015-05-05_16:02:12/des.tiny/cover/des.tiny.cover.plain.timing.4.3.stdout ...
2015-05-05_16:02:28 $$ ... timing (4,3): $$ None (retcode=0) /home/nrink/Projects/pin-2.14-71313-gcc.4.4.7-linux/pin.sh -t /home/nrink/Projects/bfi/obj-intel64/bfi.so -- /home/nrink/Projects/build/encode/encode/tests/des/des.tiny.cover.plain -e /home/nrink/Projects/build/encode/encode/tests/des/des.input.tiny.txt /dev/null 809 --cso /dev/null --csl /dev/null ...
2015-05-05_16:02:26 $$ ... timing (4,2): $$ running /home/nrink/Projects/pin-2.14-71313-gcc.4.4.7-linux/pin.sh -t /home/nrink/Projects/bfi/obj-intel64/bfi.so -- /home/nrink/Projects/build/encode/encode/tests/des/des.tiny.cover.plain -e /home/nrink/Projects/build/encode/encode/tests/des/des.input.tiny.txt /dev/null 809 --cso /dev/null --csl /dev/null ...
2015-05-05_16:02:26 $$ ... timing (4,2): $$ pid=29682: started process /home/nrink/Projects/pin-2.14-71313-gcc.4.4.7-linux/pin.sh -t /home/nrink/Projects/bfi/obj-intel64/bfi.so -- /home/nrink/Projects/build/encode/encode/tests/des/des.tiny.cover.plain -e /home/nrink/Projects/build/encode/encode/tests/des/des.input.tiny.txt /dev/null 809 --cso /dev/null --csl /dev/null
2015-05-05_16:02:28 $$ ... timing (4,2): $$ pid=29682: communicated with process
2015-05-05_16:02:28 $$ ... timing (4,2): $$ finished running /home/nrink/Projects/pin-2.14-71313-gcc.4.4.7-linux/pin.sh -t /home/nrink/Projects/bfi/obj-intel64/bfi.so -- /home/nrink/Projects/build/encode/encode/tests/des/des.tiny.cover.plain -e /home/nrink/Projects/build/encode/encode/tests/des/des.input.tiny.txt /dev/null 809 --cso /dev/null --csl /dev/null ...
2015-05-05_16:02:28 $$ ... timing (4,2): $$ writing <stderr> to ./2015-05-05_16:02:12/des.tiny/cover/des.tiny.cover.plain.timing.4.2.stderr ...
2015-05-05_16:02:28 $$ ... timing (4,2): $$ done writing <stderr> to ./2015-05-05_16:02:12/des.tiny/cover/des.tiny.cover.plain.timing.4.2.stderr ...
2015-05-05_16:02:28 $$ ... timing (4,2): $$ writing <stdout> to ./2015-05-05_16:02:12/des.tiny/cover/des.tiny.cover.plain.timing.4.2.stdout ...
2015-05-05_16:02:28 $$ ... timing (4,2): $$ done writing <stdout> to ./2015-05-05_16:02:12/des.tiny/cover/des.tiny.cover.plain.timing.4.2.stdout ...
2015-05-05_16:02:28 $$ ... timing (4,2): $$ None (retcode=0) /home/nrink/Projects/pin-2.14-71313-gcc.4.4.7-linux/pin.sh -t /home/nrink/Projects/bfi/obj-intel64/bfi.so -- /home/nrink/Projects/build/encode/encode/tests/des/des.tiny.cover.plain -e /home/nrink/Projects/build/encode/encode/tests/des/des.input.tiny.txt /dev/null 809 --cso /dev/null --csl /dev/null ...
2015-05-05_16:02:26 $$ ... timing (4,0): $$ running /home/nrink/Projects/pin-2.14-71313-gcc.4.4.7-linux/pin.sh -t /home/nrink/Projects/bfi/obj-intel64/bfi.so -- /home/nrink/Projects/build/encode/encode/tests/des/des.tiny.cover.plain -e /home/nrink/Projects/build/encode/encode/tests/des/des.input.tiny.txt /dev/null 809 --cso /dev/null --csl /dev/null ...
2015-05-05_16:02:26 $$ ... timing (4,0): $$ pid=29714: started process /home/nrink/Projects/pin-2.14-71313-gcc.4.4.7-linux/pin.sh -t /home/nrink/Projects/bfi/obj-intel64/bfi.so -- /home/nrink/Projects/build/encode/encode/tests/des/des.tiny.cover.plain -e /home/nrink/Projects/build/encode/encode/tests/des/des.input.tiny.txt /dev/null 809 --cso /dev/null --csl /dev/null
2015-05-05_16:02:28 $$ ... timing (4,0): $$ pid=29714: communicated with process
2015-05-05_16:02:28 $$ ... timing (4,0): $$ finished running /home/nrink/Projects/pin-2.14-71313-gcc.4.4.7-linux/pin.sh -t /home/nrink/Projects/bfi/obj-intel64/bfi.so -- /home/nrink/Projects/build/encode/encode/tests/des/des.tiny.cover.plain -e /home/nrink/Projects/build/encode/encode/tests/des/des.input.tiny.txt /dev/null 809 --cso /dev/null --csl /dev/null ...
2015-05-05_16:02:28 $$ ... timing (4,0): $$ writing <stderr> to ./2015-05-05_16:02:12/des.tiny/cover/des.tiny.cover.plain.timing.4.0.stderr ...
2015-05-05_16:02:28 $$ ... timing (4,0): $$ done writing <stderr> to ./2015-05-05_16:02:12/des.tiny/cover/des.tiny.cover.plain.timing.4.0.stderr ...
2015-05-05_16:02:28 $$ ... timing (4,0): $$ writing <stdout> to ./2015-05-05_16:02:12/des.tiny/cover/des.tiny.cover.plain.timing.4.0.stdout ...
2015-05-05_16:02:28 $$ ... timing (4,0): $$ done writing <stdout> to ./2015-05-05_16:02:12/des.tiny/cover/des.tiny.cover.plain.timing.4.0.stdout ...
2015-05-05_16:02:28 $$ ... timing (4,0): $$ None (retcode=0) /home/nrink/Projects/pin-2.14-71313-gcc.4.4.7-linux/pin.sh -t /home/nrink/Projects/bfi/obj-intel64/bfi.so -- /home/nrink/Projects/build/encode/encode/tests/des/des.tiny.cover.plain -e /home/nrink/Projects/build/encode/encode/tests/des/des.input.tiny.txt /dev/null 809 --cso /dev/null --csl /dev/null ...
2015-05-05_16:02:29 $$ ... timing (5,1): $$ running /home/nrink/Projects/pin-2.14-71313-gcc.4.4.7-linux/pin.sh -t /home/nrink/Projects/bfi/obj-intel64/bfi.so -- /home/nrink/Projects/build/encode/encode/tests/des/des.tiny.cover.plain -e /home/nrink/Projects/build/encode/encode/tests/des/des.input.tiny.txt /dev/null 809 --cso /dev/null --csl /dev/null ...
2015-05-05_16:02:29 $$ ... timing (5,1): $$ pid=31430: started process /home/nrink/Projects/pin-2.14-71313-gcc.4.4.7-linux/pin.sh -t /home/nrink/Projects/bfi/obj-intel64/bfi.so -- /home/nrink/Projects/build/encode/encode/tests/des/des.tiny.cover.plain -e /home/nrink/Projects/build/encode/encode/tests/des/des.input.tiny.txt /dev/null 809 --cso /dev/null --csl /dev/null
2015-05-05_16:02:31 $$ ... timing (5,1): $$ pid=31430: communicated with process
2015-05-05_16:02:31 $$ ... timing (5,1): $$ finished running /home/nrink/Projects/pin-2.14-71313-gcc.4.4.7-linux/pin.sh -t /home/nrink/Projects/bfi/obj-intel64/bfi.so -- /home/nrink/Projects/build/encode/encode/tests/des/des.tiny.cover.plain -e /home/nrink/Projects/build/encode/encode/tests/des/des.input.tiny.txt /dev/null 809 --cso /dev/null --csl /dev/null ...
2015-05-05_16:02:31 $$ ... timing (5,1): $$ writing <stderr> to ./2015-05-05_16:02:12/des.tiny/cover/des.tiny.cover.plain.timing.5.1.stderr ...
2015-05-05_16:02:31 $$ ... timing (5,1): $$ done writing <stderr> to ./2015-05-05_16:02:12/des.tiny/cover/des.tiny.cover.plain.timing.5.1.stderr ...
2015-05-05_16:02:31 $$ ... timing (5,1): $$ writing <stdout> to ./2015-05-05_16:02:12/des.tiny/cover/des.tiny.cover.plain.timing.5.1.stdout ...
2015-05-05_16:02:31 $$ ... timing (5,1): $$ done writing <stdout> to ./2015-05-05_16:02:12/des.tiny/cover/des.tiny.cover.plain.timing.5.1.stdout ...
2015-05-05_16:02:31 $$ ... timing (5,1): $$ None (retcode=0) /home/nrink/Projects/pin-2.14-71313-gcc.4.4.7-linux/pin.sh -t /home/nrink/Projects/bfi/obj-intel64/bfi.so -- /home/nrink/Projects/build/encode/encode/tests/des/des.tiny.cover.plain -e /home/nrink/Projects/build/encode/encode/tests/des/des.input.tiny.txt /dev/null 809 --cso /dev/null --csl /dev/null ...
2015-05-05_16:02:29 $$ ... timing (5,0): $$ running /home/nrink/Projects/pin-2.14-71313-gcc.4.4.7-linux/pin.sh -t /home/nrink/Projects/bfi/obj-intel64/bfi.so -- /home/nrink/Projects/build/encode/encode/tests/des/des.tiny.cover.plain -e /home/nrink/Projects/build/encode/encode/tests/des/des.input.tiny.txt /dev/null 809 --cso /dev/null --csl /dev/null ...
2015-05-05_16:02:29 $$ ... timing (5,0): $$ pid=31386: started process /home/nrink/Projects/pin-2.14-71313-gcc.4.4.7-linux/pin.sh -t /home/nrink/Projects/bfi/obj-intel64/bfi.so -- /home/nrink/Projects/build/encode/encode/tests/des/des.tiny.cover.plain -e /home/nrink/Projects/build/encode/encode/tests/des/des.input.tiny.txt /dev/null 809 --cso /dev/null --csl /dev/null
2015-05-05_16:02:31 $$ ... timing (5,0): $$ pid=31386: communicated with process
2015-05-05_16:02:31 $$ ... timing (5,0): $$ finished running /home/nrink/Projects/pin-2.14-71313-gcc.4.4.7-linux/pin.sh -t /home/nrink/Projects/bfi/obj-intel64/bfi.so -- /home/nrink/Projects/build/encode/encode/tests/des/des.tiny.cover.plain -e /home/nrink/Projects/build/encode/encode/tests/des/des.input.tiny.txt /dev/null 809 --cso /dev/null --csl /dev/null ...
2015-05-05_16:02:31 $$ ... timing (5,0): $$ writing <stderr> to ./2015-05-05_16:02:12/des.tiny/cover/des.tiny.cover.plain.timing.5.0.stderr ...
2015-05-05_16:02:31 $$ ... timing (5,0): $$ done writing <stderr> to ./2015-05-05_16:02:12/des.tiny/cover/des.tiny.cover.plain.timing.5.0.stderr ...
2015-05-05_16:02:31 $$ ... timing (5,0): $$ writing <stdout> to ./2015-05-05_16:02:12/des.tiny/cover/des.tiny.cover.plain.timing.5.0.stdout ...
2015-05-05_16:02:31 $$ ... timing (5,0): $$ done writing <stdout> to ./2015-05-05_16:02:12/des.tiny/cover/des.tiny.cover.plain.timing.5.0.stdout ...
2015-05-05_16:02:31 $$ ... timing (5,0): $$ None (retcode=0) /home/nrink/Projects/pin-2.14-71313-gcc.4.4.7-linux/pin.sh -t /home/nrink/Projects/bfi/obj-intel64/bfi.so -- /home/nrink/Projects/build/encode/encode/tests/des/des.tiny.cover.plain -e /home/nrink/Projects/build/encode/encode/tests/des/des.input.tiny.txt /dev/null 809 --cso /dev/null --csl /dev/null ...
2015-05-05_16:02:29 $$ ... timing (5,3): $$ running /home/nrink/Projects/pin-2.14-71313-gcc.4.4.7-linux/pin.sh -t /home/nrink/Projects/bfi/obj-intel64/bfi.so -- /home/nrink/Projects/build/encode/encode/tests/des/des.tiny.cover.plain -e /home/nrink/Projects/build/encode/encode/tests/des/des.input.tiny.txt /dev/null 809 --cso /dev/null --csl /dev/null ...
2015-05-05_16:02:29 $$ ... timing (5,3): $$ pid=31453: started process /home/nrink/Projects/pin-2.14-71313-gcc.4.4.7-linux/pin.sh -t /home/nrink/Projects/bfi/obj-intel64/bfi.so -- /home/nrink/Projects/build/encode/encode/tests/des/des.tiny.cover.plain -e /home/nrink/Projects/build/encode/encode/tests/des/des.input.tiny.txt /dev/null 809 --cso /dev/null --csl /dev/null
2015-05-05_16:02:31 $$ ... timing (5,3): $$ pid=31453: communicated with process
2015-05-05_16:02:31 $$ ... timing (5,3): $$ finished running /home/nrink/Projects/pin-2.14-71313-gcc.4.4.7-linux/pin.sh -t /home/nrink/Projects/bfi/obj-intel64/bfi.so -- /home/nrink/Projects/build/encode/encode/tests/des/des.tiny.cover.plain -e /home/nrink/Projects/build/encode/encode/tests/des/des.input.tiny.txt /dev/null 809 --cso /dev/null --csl /dev/null ...
2015-05-05_16:02:31 $$ ... timing (5,3): $$ writing <stderr> to ./2015-05-05_16:02:12/des.tiny/cover/des.tiny.cover.plain.timing.5.3.stderr ...
2015-05-05_16:02:31 $$ ... timing (5,3): $$ done writing <stderr> to ./2015-05-05_16:02:12/des.tiny/cover/des.tiny.cover.plain.timing.5.3.stderr ...
2015-05-05_16:02:31 $$ ... timing (5,3): $$ writing <stdout> to ./2015-05-05_16:02:12/des.tiny/cover/des.tiny.cover.plain.timing.5.3.stdout ...
2015-05-05_16:02:31 $$ ... timing (5,3): $$ done writing <stdout> to ./2015-05-05_16:02:12/des.tiny/cover/des.tiny.cover.plain.timing.5.3.stdout ...
2015-05-05_16:02:31 $$ ... timing (5,3): $$ None (retcode=0) /home/nrink/Projects/pin-2.14-71313-gcc.4.4.7-linux/pin.sh -t /home/nrink/Projects/bfi/obj-intel64/bfi.so -- /home/nrink/Projects/build/encode/encode/tests/des/des.tiny.cover.plain -e /home/nrink/Projects/build/encode/encode/tests/des/des.input.tiny.txt /dev/null 809 --cso /dev/null --csl /dev/null ...
2015-05-05_16:02:29 $$ ... timing (5,2): $$ running /home/nrink/Projects/pin-2.14-71313-gcc.4.4.7-linux/pin.sh -t /home/nrink/Projects/bfi/obj-intel64/bfi.so -- /home/nrink/Projects/build/encode/encode/tests/des/des.tiny.cover.plain -e /home/nrink/Projects/build/encode/encode/tests/des/des.input.tiny.txt /dev/null 809 --cso /dev/null --csl /dev/null ...
2015-05-05_16:02:29 $$ ... timing (5,2): $$ pid=31454: started process /home/nrink/Projects/pin-2.14-71313-gcc.4.4.7-linux/pin.sh -t /home/nrink/Projects/bfi/obj-intel64/bfi.so -- /home/nrink/Projects/build/encode/encode/tests/des/des.tiny.cover.plain -e /home/nrink/Projects/build/encode/encode/tests/des/des.input.tiny.txt /dev/null 809 --cso /dev/null --csl /dev/null
2015-05-05_16:02:31 $$ ... timing (5,2): $$ pid=31454: communicated with process
2015-05-05_16:02:31 $$ ... timing (5,2): $$ finished running /home/nrink/Projects/pin-2.14-71313-gcc.4.4.7-linux/pin.sh -t /home/nrink/Projects/bfi/obj-intel64/bfi.so -- /home/nrink/Projects/build/encode/encode/tests/des/des.tiny.cover.plain -e /home/nrink/Projects/build/encode/encode/tests/des/des.input.tiny.txt /dev/null 809 --cso /dev/null --csl /dev/null ...
2015-05-05_16:02:31 $$ ... timing (5,2): $$ writing <stderr> to ./2015-05-05_16:02:12/des.tiny/cover/des.tiny.cover.plain.timing.5.2.stderr ...
2015-05-05_16:02:31 $$ ... timing (5,2): $$ done writing <stderr> to ./2015-05-05_16:02:12/des.tiny/cover/des.tiny.cover.plain.timing.5.2.stderr ...
2015-05-05_16:02:31 $$ ... timing (5,2): $$ writing <stdout> to ./2015-05-05_16:02:12/des.tiny/cover/des.tiny.cover.plain.timing.5.2.stdout ...
2015-05-05_16:02:31 $$ ... timing (5,2): $$ done writing <stdout> to ./2015-05-05_16:02:12/des.tiny/cover/des.tiny.cover.plain.timing.5.2.stdout ...
2015-05-05_16:02:31 $$ ... timing (5,2): $$ None (retcode=0) /home/nrink/Projects/pin-2.14-71313-gcc.4.4.7-linux/pin.sh -t /home/nrink/Projects/bfi/obj-intel64/bfi.so -- /home/nrink/Projects/build/encode/encode/tests/des/des.tiny.cover.plain -e /home/nrink/Projects/build/encode/encode/tests/des/des.input.tiny.txt /dev/null 809 --cso /dev/null --csl /dev/null ...
2015-05-05_16:02:32 $$ ... timing (6,1): $$ running /home/nrink/Projects/pin-2.14-71313-gcc.4.4.7-linux/pin.sh -t /home/nrink/Projects/bfi/obj-intel64/bfi.so -- /home/nrink/Projects/build/encode/encode/tests/des/des.tiny.cover.plain -e /home/nrink/Projects/build/encode/encode/tests/des/des.input.tiny.txt /dev/null 809 --cso /dev/null --csl /dev/null ...
2015-05-05_16:02:32 $$ ... timing (6,1): $$ pid=765: started process /home/nrink/Projects/pin-2.14-71313-gcc.4.4.7-linux/pin.sh -t /home/nrink/Projects/bfi/obj-intel64/bfi.so -- /home/nrink/Projects/build/encode/encode/tests/des/des.tiny.cover.plain -e /home/nrink/Projects/build/encode/encode/tests/des/des.input.tiny.txt /dev/null 809 --cso /dev/null --csl /dev/null
2015-05-05_16:02:35 $$ ... timing (6,1): $$ pid=765: communicated with process
2015-05-05_16:02:35 $$ ... timing (6,1): $$ finished running /home/nrink/Projects/pin-2.14-71313-gcc.4.4.7-linux/pin.sh -t /home/nrink/Projects/bfi/obj-intel64/bfi.so -- /home/nrink/Projects/build/encode/encode/tests/des/des.tiny.cover.plain -e /home/nrink/Projects/build/encode/encode/tests/des/des.input.tiny.txt /dev/null 809 --cso /dev/null --csl /dev/null ...
2015-05-05_16:02:35 $$ ... timing (6,1): $$ writing <stderr> to ./2015-05-05_16:02:12/des.tiny/cover/des.tiny.cover.plain.timing.6.1.stderr ...
2015-05-05_16:02:35 $$ ... timing (6,1): $$ done writing <stderr> to ./2015-05-05_16:02:12/des.tiny/cover/des.tiny.cover.plain.timing.6.1.stderr ...
2015-05-05_16:02:35 $$ ... timing (6,1): $$ writing <stdout> to ./2015-05-05_16:02:12/des.tiny/cover/des.tiny.cover.plain.timing.6.1.stdout ...
2015-05-05_16:02:35 $$ ... timing (6,1): $$ done writing <stdout> to ./2015-05-05_16:02:12/des.tiny/cover/des.tiny.cover.plain.timing.6.1.stdout ...
2015-05-05_16:02:35 $$ ... timing (6,1): $$ None (retcode=0) /home/nrink/Projects/pin-2.14-71313-gcc.4.4.7-linux/pin.sh -t /home/nrink/Projects/bfi/obj-intel64/bfi.so -- /home/nrink/Projects/build/encode/encode/tests/des/des.tiny.cover.plain -e /home/nrink/Projects/build/encode/encode/tests/des/des.input.tiny.txt /dev/null 809 --cso /dev/null --csl /dev/null ...
2015-05-05_16:02:32 $$ ... timing (6,2): $$ running /home/nrink/Projects/pin-2.14-71313-gcc.4.4.7-linux/pin.sh -t /home/nrink/Projects/bfi/obj-intel64/bfi.so -- /home/nrink/Projects/build/encode/encode/tests/des/des.tiny.cover.plain -e /home/nrink/Projects/build/encode/encode/tests/des/des.input.tiny.txt /dev/null 809 --cso /dev/null --csl /dev/null ...
2015-05-05_16:02:32 $$ ... timing (6,2): $$ pid=751: started process /home/nrink/Projects/pin-2.14-71313-gcc.4.4.7-linux/pin.sh -t /home/nrink/Projects/bfi/obj-intel64/bfi.so -- /home/nrink/Projects/build/encode/encode/tests/des/des.tiny.cover.plain -e /home/nrink/Projects/build/encode/encode/tests/des/des.input.tiny.txt /dev/null 809 --cso /dev/null --csl /dev/null
2015-05-05_16:02:35 $$ ... timing (6,2): $$ pid=751: communicated with process
2015-05-05_16:02:35 $$ ... timing (6,2): $$ finished running /home/nrink/Projects/pin-2.14-71313-gcc.4.4.7-linux/pin.sh -t /home/nrink/Projects/bfi/obj-intel64/bfi.so -- /home/nrink/Projects/build/encode/encode/tests/des/des.tiny.cover.plain -e /home/nrink/Projects/build/encode/encode/tests/des/des.input.tiny.txt /dev/null 809 --cso /dev/null --csl /dev/null ...
2015-05-05_16:02:35 $$ ... timing (6,2): $$ writing <stderr> to ./2015-05-05_16:02:12/des.tiny/cover/des.tiny.cover.plain.timing.6.2.stderr ...
2015-05-05_16:02:35 $$ ... timing (6,2): $$ done writing <stderr> to ./2015-05-05_16:02:12/des.tiny/cover/des.tiny.cover.plain.timing.6.2.stderr ...
2015-05-05_16:02:35 $$ ... timing (6,2): $$ writing <stdout> to ./2015-05-05_16:02:12/des.tiny/cover/des.tiny.cover.plain.timing.6.2.stdout ...
2015-05-05_16:02:35 $$ ... timing (6,2): $$ done writing <stdout> to ./2015-05-05_16:02:12/des.tiny/cover/des.tiny.cover.plain.timing.6.2.stdout ...
2015-05-05_16:02:35 $$ ... timing (6,2): $$ None (retcode=0) /home/nrink/Projects/pin-2.14-71313-gcc.4.4.7-linux/pin.sh -t /home/nrink/Projects/bfi/obj-intel64/bfi.so -- /home/nrink/Projects/build/encode/encode/tests/des/des.tiny.cover.plain -e /home/nrink/Projects/build/encode/encode/tests/des/des.input.tiny.txt /dev/null 809 --cso /dev/null --csl /dev/null ...
2015-05-05_16:02:32 $$ ... timing (6,0): $$ running /home/nrink/Projects/pin-2.14-71313-gcc.4.4.7-linux/pin.sh -t /home/nrink/Projects/bfi/obj-intel64/bfi.so -- /home/nrink/Projects/build/encode/encode/tests/des/des.tiny.cover.plain -e /home/nrink/Projects/build/encode/encode/tests/des/des.input.tiny.txt /dev/null 809 --cso /dev/null --csl /dev/null ...
2015-05-05_16:02:32 $$ ... timing (6,0): $$ pid=780: started process /home/nrink/Projects/pin-2.14-71313-gcc.4.4.7-linux/pin.sh -t /home/nrink/Projects/bfi/obj-intel64/bfi.so -- /home/nrink/Projects/build/encode/encode/tests/des/des.tiny.cover.plain -e /home/nrink/Projects/build/encode/encode/tests/des/des.input.tiny.txt /dev/null 809 --cso /dev/null --csl /dev/null
2015-05-05_16:02:35 $$ ... timing (6,0): $$ pid=780: communicated with process
2015-05-05_16:02:35 $$ ... timing (6,0): $$ finished running /home/nrink/Projects/pin-2.14-71313-gcc.4.4.7-linux/pin.sh -t /home/nrink/Projects/bfi/obj-intel64/bfi.so -- /home/nrink/Projects/build/encode/encode/tests/des/des.tiny.cover.plain -e /home/nrink/Projects/build/encode/encode/tests/des/des.input.tiny.txt /dev/null 809 --cso /dev/null --csl /dev/null ...
2015-05-05_16:02:35 $$ ... timing (6,0): $$ writing <stderr> to ./2015-05-05_16:02:12/des.tiny/cover/des.tiny.cover.plain.timing.6.0.stderr ...
2015-05-05_16:02:35 $$ ... timing (6,0): $$ done writing <stderr> to ./2015-05-05_16:02:12/des.tiny/cover/des.tiny.cover.plain.timing.6.0.stderr ...
2015-05-05_16:02:35 $$ ... timing (6,0): $$ writing <stdout> to ./2015-05-05_16:02:12/des.tiny/cover/des.tiny.cover.plain.timing.6.0.stdout ...
2015-05-05_16:02:35 $$ ... timing (6,0): $$ done writing <stdout> to ./2015-05-05_16:02:12/des.tiny/cover/des.tiny.cover.plain.timing.6.0.stdout ...
2015-05-05_16:02:35 $$ ... timing (6,0): $$ None (retcode=0) /home/nrink/Projects/pin-2.14-71313-gcc.4.4.7-linux/pin.sh -t /home/nrink/Projects/bfi/obj-intel64/bfi.so -- /home/nrink/Projects/build/encode/encode/tests/des/des.tiny.cover.plain -e /home/nrink/Projects/build/encode/encode/tests/des/des.input.tiny.txt /dev/null 809 --cso /dev/null --csl /dev/null ...
2015-05-05_16:02:32 $$ ... timing (6,3): $$ running /home/nrink/Projects/pin-2.14-71313-gcc.4.4.7-linux/pin.sh -t /home/nrink/Projects/bfi/obj-intel64/bfi.so -- /home/nrink/Projects/build/encode/encode/tests/des/des.tiny.cover.plain -e /home/nrink/Projects/build/encode/encode/tests/des/des.input.tiny.txt /dev/null 809 --cso /dev/null --csl /dev/null ...
2015-05-05_16:02:32 $$ ... timing (6,3): $$ pid=728: started process /home/nrink/Projects/pin-2.14-71313-gcc.4.4.7-linux/pin.sh -t /home/nrink/Projects/bfi/obj-intel64/bfi.so -- /home/nrink/Projects/build/encode/encode/tests/des/des.tiny.cover.plain -e /home/nrink/Projects/build/encode/encode/tests/des/des.input.tiny.txt /dev/null 809 --cso /dev/null --csl /dev/null
2015-05-05_16:02:35 $$ ... timing (6,3): $$ pid=728: communicated with process
2015-05-05_16:02:35 $$ ... timing (6,3): $$ finished running /home/nrink/Projects/pin-2.14-71313-gcc.4.4.7-linux/pin.sh -t /home/nrink/Projects/bfi/obj-intel64/bfi.so -- /home/nrink/Projects/build/encode/encode/tests/des/des.tiny.cover.plain -e /home/nrink/Projects/build/encode/encode/tests/des/des.input.tiny.txt /dev/null 809 --cso /dev/null --csl /dev/null ...
2015-05-05_16:02:35 $$ ... timing (6,3): $$ writing <stderr> to ./2015-05-05_16:02:12/des.tiny/cover/des.tiny.cover.plain.timing.6.3.stderr ...
2015-05-05_16:02:35 $$ ... timing (6,3): $$ done writing <stderr> to ./2015-05-05_16:02:12/des.tiny/cover/des.tiny.cover.plain.timing.6.3.stderr ...
2015-05-05_16:02:35 $$ ... timing (6,3): $$ writing <stdout> to ./2015-05-05_16:02:12/des.tiny/cover/des.tiny.cover.plain.timing.6.3.stdout ...
2015-05-05_16:02:35 $$ ... timing (6,3): $$ done writing <stdout> to ./2015-05-05_16:02:12/des.tiny/cover/des.tiny.cover.plain.timing.6.3.stdout ...
2015-05-05_16:02:35 $$ ... timing (6,3): $$ None (retcode=0) /home/nrink/Projects/pin-2.14-71313-gcc.4.4.7-linux/pin.sh -t /home/nrink/Projects/bfi/obj-intel64/bfi.so -- /home/nrink/Projects/build/encode/encode/tests/des/des.tiny.cover.plain -e /home/nrink/Projects/build/encode/encode/tests/des/des.input.tiny.txt /dev/null 809 --cso /dev/null --csl /dev/null ...
2015-05-05_16:02:36 $$ ... timing (7,1): $$ running /home/nrink/Projects/pin-2.14-71313-gcc.4.4.7-linux/pin.sh -t /home/nrink/Projects/bfi/obj-intel64/bfi.so -- /home/nrink/Projects/build/encode/encode/tests/des/des.tiny.cover.plain -e /home/nrink/Projects/build/encode/encode/tests/des/des.input.tiny.txt /dev/null 809 --cso /dev/null --csl /dev/null ...
2015-05-05_16:02:36 $$ ... timing (7,1): $$ pid=2955: started process /home/nrink/Projects/pin-2.14-71313-gcc.4.4.7-linux/pin.sh -t /home/nrink/Projects/bfi/obj-intel64/bfi.so -- /home/nrink/Projects/build/encode/encode/tests/des/des.tiny.cover.plain -e /home/nrink/Projects/build/encode/encode/tests/des/des.input.tiny.txt /dev/null 809 --cso /dev/null --csl /dev/null
2015-05-05_16:02:39 $$ ... timing (7,1): $$ pid=2955: communicated with process
2015-05-05_16:02:39 $$ ... timing (7,1): $$ finished running /home/nrink/Projects/pin-2.14-71313-gcc.4.4.7-linux/pin.sh -t /home/nrink/Projects/bfi/obj-intel64/bfi.so -- /home/nrink/Projects/build/encode/encode/tests/des/des.tiny.cover.plain -e /home/nrink/Projects/build/encode/encode/tests/des/des.input.tiny.txt /dev/null 809 --cso /dev/null --csl /dev/null ...
2015-05-05_16:02:39 $$ ... timing (7,1): $$ writing <stderr> to ./2015-05-05_16:02:12/des.tiny/cover/des.tiny.cover.plain.timing.7.1.stderr ...
2015-05-05_16:02:39 $$ ... timing (7,1): $$ done writing <stderr> to ./2015-05-05_16:02:12/des.tiny/cover/des.tiny.cover.plain.timing.7.1.stderr ...
2015-05-05_16:02:39 $$ ... timing (7,1): $$ writing <stdout> to ./2015-05-05_16:02:12/des.tiny/cover/des.tiny.cover.plain.timing.7.1.stdout ...
2015-05-05_16:02:39 $$ ... timing (7,1): $$ done writing <stdout> to ./2015-05-05_16:02:12/des.tiny/cover/des.tiny.cover.plain.timing.7.1.stdout ...
2015-05-05_16:02:39 $$ ... timing (7,1): $$ None (retcode=0) /home/nrink/Projects/pin-2.14-71313-gcc.4.4.7-linux/pin.sh -t /home/nrink/Projects/bfi/obj-intel64/bfi.so -- /home/nrink/Projects/build/encode/encode/tests/des/des.tiny.cover.plain -e /home/nrink/Projects/build/encode/encode/tests/des/des.input.tiny.txt /dev/null 809 --cso /dev/null --csl /dev/null ...
2015-05-05_16:02:36 $$ ... timing (7,2): $$ running /home/nrink/Projects/pin-2.14-71313-gcc.4.4.7-linux/pin.sh -t /home/nrink/Projects/bfi/obj-intel64/bfi.so -- /home/nrink/Projects/build/encode/encode/tests/des/des.tiny.cover.plain -e /home/nrink/Projects/build/encode/encode/tests/des/des.input.tiny.txt /dev/null 809 --cso /dev/null --csl /dev/null ...
2015-05-05_16:02:36 $$ ... timing (7,2): $$ pid=2949: started process /home/nrink/Projects/pin-2.14-71313-gcc.4.4.7-linux/pin.sh -t /home/nrink/Projects/bfi/obj-intel64/bfi.so -- /home/nrink/Projects/build/encode/encode/tests/des/des.tiny.cover.plain -e /home/nrink/Projects/build/encode/encode/tests/des/des.input.tiny.txt /dev/null 809 --cso /dev/null --csl /dev/null
2015-05-05_16:02:39 $$ ... timing (7,2): $$ pid=2949: communicated with process
2015-05-05_16:02:39 $$ ... timing (7,2): $$ finished running /home/nrink/Projects/pin-2.14-71313-gcc.4.4.7-linux/pin.sh -t /home/nrink/Projects/bfi/obj-intel64/bfi.so -- /home/nrink/Projects/build/encode/encode/tests/des/des.tiny.cover.plain -e /home/nrink/Projects/build/encode/encode/tests/des/des.input.tiny.txt /dev/null 809 --cso /dev/null --csl /dev/null ...
2015-05-05_16:02:39 $$ ... timing (7,2): $$ writing <stderr> to ./2015-05-05_16:02:12/des.tiny/cover/des.tiny.cover.plain.timing.7.2.stderr ...
2015-05-05_16:02:39 $$ ... timing (7,2): $$ done writing <stderr> to ./2015-05-05_16:02:12/des.tiny/cover/des.tiny.cover.plain.timing.7.2.stderr ...
2015-05-05_16:02:39 $$ ... timing (7,2): $$ writing <stdout> to ./2015-05-05_16:02:12/des.tiny/cover/des.tiny.cover.plain.timing.7.2.stdout ...
2015-05-05_16:02:39 $$ ... timing (7,2): $$ done writing <stdout> to ./2015-05-05_16:02:12/des.tiny/cover/des.tiny.cover.plain.timing.7.2.stdout ...
2015-05-05_16:02:39 $$ ... timing (7,2): $$ None (retcode=0) /home/nrink/Projects/pin-2.14-71313-gcc.4.4.7-linux/pin.sh -t /home/nrink/Projects/bfi/obj-intel64/bfi.so -- /home/nrink/Projects/build/encode/encode/tests/des/des.tiny.cover.plain -e /home/nrink/Projects/build/encode/encode/tests/des/des.input.tiny.txt /dev/null 809 --cso /dev/null --csl /dev/null ...
2015-05-05_16:02:36 $$ ... timing (7,0): $$ running /home/nrink/Projects/pin-2.14-71313-gcc.4.4.7-linux/pin.sh -t /home/nrink/Projects/bfi/obj-intel64/bfi.so -- /home/nrink/Projects/build/encode/encode/tests/des/des.tiny.cover.plain -e /home/nrink/Projects/build/encode/encode/tests/des/des.input.tiny.txt /dev/null 809 --cso /dev/null --csl /dev/null ...
2015-05-05_16:02:36 $$ ... timing (7,0): $$ pid=2996: started process /home/nrink/Projects/pin-2.14-71313-gcc.4.4.7-linux/pin.sh -t /home/nrink/Projects/bfi/obj-intel64/bfi.so -- /home/nrink/Projects/build/encode/encode/tests/des/des.tiny.cover.plain -e /home/nrink/Projects/build/encode/encode/tests/des/des.input.tiny.txt /dev/null 809 --cso /dev/null --csl /dev/null
2015-05-05_16:02:39 $$ ... timing (7,0): $$ pid=2996: communicated with process
2015-05-05_16:02:39 $$ ... timing (7,0): $$ finished running /home/nrink/Projects/pin-2.14-71313-gcc.4.4.7-linux/pin.sh -t /home/nrink/Projects/bfi/obj-intel64/bfi.so -- /home/nrink/Projects/build/encode/encode/tests/des/des.tiny.cover.plain -e /home/nrink/Projects/build/encode/encode/tests/des/des.input.tiny.txt /dev/null 809 --cso /dev/null --csl /dev/null ...
2015-05-05_16:02:39 $$ ... timing (7,0): $$ writing <stderr> to ./2015-05-05_16:02:12/des.tiny/cover/des.tiny.cover.plain.timing.7.0.stderr ...
2015-05-05_16:02:39 $$ ... timing (7,0): $$ done writing <stderr> to ./2015-05-05_16:02:12/des.tiny/cover/des.tiny.cover.plain.timing.7.0.stderr ...
2015-05-05_16:02:39 $$ ... timing (7,0): $$ writing <stdout> to ./2015-05-05_16:02:12/des.tiny/cover/des.tiny.cover.plain.timing.7.0.stdout ...
2015-05-05_16:02:39 $$ ... timing (7,0): $$ done writing <stdout> to ./2015-05-05_16:02:12/des.tiny/cover/des.tiny.cover.plain.timing.7.0.stdout ...
2015-05-05_16:02:39 $$ ... timing (7,0): $$ None (retcode=0) /home/nrink/Projects/pin-2.14-71313-gcc.4.4.7-linux/pin.sh -t /home/nrink/Projects/bfi/obj-intel64/bfi.so -- /home/nrink/Projects/build/encode/encode/tests/des/des.tiny.cover.plain -e /home/nrink/Projects/build/encode/encode/tests/des/des.input.tiny.txt /dev/null 809 --cso /dev/null --csl /dev/null ...
2015-05-05_16:02:36 $$ ... timing (7,3): $$ running /home/nrink/Projects/pin-2.14-71313-gcc.4.4.7-linux/pin.sh -t /home/nrink/Projects/bfi/obj-intel64/bfi.so -- /home/nrink/Projects/build/encode/encode/tests/des/des.tiny.cover.plain -e /home/nrink/Projects/build/encode/encode/tests/des/des.input.tiny.txt /dev/null 809 --cso /dev/null --csl /dev/null ...
2015-05-05_16:02:36 $$ ... timing (7,3): $$ pid=2981: started process /home/nrink/Projects/pin-2.14-71313-gcc.4.4.7-linux/pin.sh -t /home/nrink/Projects/bfi/obj-intel64/bfi.so -- /home/nrink/Projects/build/encode/encode/tests/des/des.tiny.cover.plain -e /home/nrink/Projects/build/encode/encode/tests/des/des.input.tiny.txt /dev/null 809 --cso /dev/null --csl /dev/null
2015-05-05_16:02:39 $$ ... timing (7,3): $$ pid=2981: communicated with process
2015-05-05_16:02:39 $$ ... timing (7,3): $$ finished running /home/nrink/Projects/pin-2.14-71313-gcc.4.4.7-linux/pin.sh -t /home/nrink/Projects/bfi/obj-intel64/bfi.so -- /home/nrink/Projects/build/encode/encode/tests/des/des.tiny.cover.plain -e /home/nrink/Projects/build/encode/encode/tests/des/des.input.tiny.txt /dev/null 809 --cso /dev/null --csl /dev/null ...
2015-05-05_16:02:39 $$ ... timing (7,3): $$ writing <stderr> to ./2015-05-05_16:02:12/des.tiny/cover/des.tiny.cover.plain.timing.7.3.stderr ...
2015-05-05_16:02:39 $$ ... timing (7,3): $$ done writing <stderr> to ./2015-05-05_16:02:12/des.tiny/cover/des.tiny.cover.plain.timing.7.3.stderr ...
2015-05-05_16:02:39 $$ ... timing (7,3): $$ writing <stdout> to ./2015-05-05_16:02:12/des.tiny/cover/des.tiny.cover.plain.timing.7.3.stdout ...
2015-05-05_16:02:39 $$ ... timing (7,3): $$ done writing <stdout> to ./2015-05-05_16:02:12/des.tiny/cover/des.tiny.cover.plain.timing.7.3.stdout ...
2015-05-05_16:02:39 $$ ... timing (7,3): $$ None (retcode=0) /home/nrink/Projects/pin-2.14-71313-gcc.4.4.7-linux/pin.sh -t /home/nrink/Projects/bfi/obj-intel64/bfi.so -- /home/nrink/Projects/build/encode/encode/tests/des/des.tiny.cover.plain -e /home/nrink/Projects/build/encode/encode/tests/des/des.input.tiny.txt /dev/null 809 --cso /dev/null --csl /dev/null ...
2015-05-05_16:02:40 $$ ... timing (8,3): $$ running /home/nrink/Projects/pin-2.14-71313-gcc.4.4.7-linux/pin.sh -t /home/nrink/Projects/bfi/obj-intel64/bfi.so -- /home/nrink/Projects/build/encode/encode/tests/des/des.tiny.cover.plain -e /home/nrink/Projects/build/encode/encode/tests/des/des.input.tiny.txt /dev/null 809 --cso /dev/null --csl /dev/null ...
2015-05-05_16:02:40 $$ ... timing (8,3): $$ pid=4829: started process /home/nrink/Projects/pin-2.14-71313-gcc.4.4.7-linux/pin.sh -t /home/nrink/Projects/bfi/obj-intel64/bfi.so -- /home/nrink/Projects/build/encode/encode/tests/des/des.tiny.cover.plain -e /home/nrink/Projects/build/encode/encode/tests/des/des.input.tiny.txt /dev/null 809 --cso /dev/null --csl /dev/null
2015-05-05_16:02:42 $$ ... timing (8,3): $$ pid=4829: communicated with process
2015-05-05_16:02:42 $$ ... timing (8,3): $$ finished running /home/nrink/Projects/pin-2.14-71313-gcc.4.4.7-linux/pin.sh -t /home/nrink/Projects/bfi/obj-intel64/bfi.so -- /home/nrink/Projects/build/encode/encode/tests/des/des.tiny.cover.plain -e /home/nrink/Projects/build/encode/encode/tests/des/des.input.tiny.txt /dev/null 809 --cso /dev/null --csl /dev/null ...
2015-05-05_16:02:42 $$ ... timing (8,3): $$ writing <stderr> to ./2015-05-05_16:02:12/des.tiny/cover/des.tiny.cover.plain.timing.8.3.stderr ...
2015-05-05_16:02:42 $$ ... timing (8,3): $$ done writing <stderr> to ./2015-05-05_16:02:12/des.tiny/cover/des.tiny.cover.plain.timing.8.3.stderr ...
2015-05-05_16:02:42 $$ ... timing (8,3): $$ writing <stdout> to ./2015-05-05_16:02:12/des.tiny/cover/des.tiny.cover.plain.timing.8.3.stdout ...
2015-05-05_16:02:42 $$ ... timing (8,3): $$ done writing <stdout> to ./2015-05-05_16:02:12/des.tiny/cover/des.tiny.cover.plain.timing.8.3.stdout ...
2015-05-05_16:02:42 $$ ... timing (8,3): $$ None (retcode=0) /home/nrink/Projects/pin-2.14-71313-gcc.4.4.7-linux/pin.sh -t /home/nrink/Projects/bfi/obj-intel64/bfi.so -- /home/nrink/Projects/build/encode/encode/tests/des/des.tiny.cover.plain -e /home/nrink/Projects/build/encode/encode/tests/des/des.input.tiny.txt /dev/null 809 --cso /dev/null --csl /dev/null ...
2015-05-05_16:02:40 $$ ... timing (8,2): $$ running /home/nrink/Projects/pin-2.14-71313-gcc.4.4.7-linux/pin.sh -t /home/nrink/Projects/bfi/obj-intel64/bfi.so -- /home/nrink/Projects/build/encode/encode/tests/des/des.tiny.cover.plain -e /home/nrink/Projects/build/encode/encode/tests/des/des.input.tiny.txt /dev/null 809 --cso /dev/null --csl /dev/null ...
2015-05-05_16:02:40 $$ ... timing (8,2): $$ pid=4840: started process /home/nrink/Projects/pin-2.14-71313-gcc.4.4.7-linux/pin.sh -t /home/nrink/Projects/bfi/obj-intel64/bfi.so -- /home/nrink/Projects/build/encode/encode/tests/des/des.tiny.cover.plain -e /home/nrink/Projects/build/encode/encode/tests/des/des.input.tiny.txt /dev/null 809 --cso /dev/null --csl /dev/null
2015-05-05_16:02:42 $$ ... timing (8,2): $$ pid=4840: communicated with process
2015-05-05_16:02:42 $$ ... timing (8,2): $$ finished running /home/nrink/Projects/pin-2.14-71313-gcc.4.4.7-linux/pin.sh -t /home/nrink/Projects/bfi/obj-intel64/bfi.so -- /home/nrink/Projects/build/encode/encode/tests/des/des.tiny.cover.plain -e /home/nrink/Projects/build/encode/encode/tests/des/des.input.tiny.txt /dev/null 809 --cso /dev/null --csl /dev/null ...
2015-05-05_16:02:42 $$ ... timing (8,2): $$ writing <stderr> to ./2015-05-05_16:02:12/des.tiny/cover/des.tiny.cover.plain.timing.8.2.stderr ...
2015-05-05_16:02:42 $$ ... timing (8,2): $$ done writing <stderr> to ./2015-05-05_16:02:12/des.tiny/cover/des.tiny.cover.plain.timing.8.2.stderr ...
2015-05-05_16:02:42 $$ ... timing (8,2): $$ writing <stdout> to ./2015-05-05_16:02:12/des.tiny/cover/des.tiny.cover.plain.timing.8.2.stdout ...
2015-05-05_16:02:42 $$ ... timing (8,2): $$ done writing <stdout> to ./2015-05-05_16:02:12/des.tiny/cover/des.tiny.cover.plain.timing.8.2.stdout ...
2015-05-05_16:02:42 $$ ... timing (8,2): $$ None (retcode=0) /home/nrink/Projects/pin-2.14-71313-gcc.4.4.7-linux/pin.sh -t /home/nrink/Projects/bfi/obj-intel64/bfi.so -- /home/nrink/Projects/build/encode/encode/tests/des/des.tiny.cover.plain -e /home/nrink/Projects/build/encode/encode/tests/des/des.input.tiny.txt /dev/null 809 --cso /dev/null --csl /dev/null ...
2015-05-05_16:02:40 $$ ... timing (8,1): $$ running /home/nrink/Projects/pin-2.14-71313-gcc.4.4.7-linux/pin.sh -t /home/nrink/Projects/bfi/obj-intel64/bfi.so -- /home/nrink/Projects/build/encode/encode/tests/des/des.tiny.cover.plain -e /home/nrink/Projects/build/encode/encode/tests/des/des.input.tiny.txt /dev/null 809 --cso /dev/null --csl /dev/null ...
2015-05-05_16:02:40 $$ ... timing (8,1): $$ pid=4814: started process /home/nrink/Projects/pin-2.14-71313-gcc.4.4.7-linux/pin.sh -t /home/nrink/Projects/bfi/obj-intel64/bfi.so -- /home/nrink/Projects/build/encode/encode/tests/des/des.tiny.cover.plain -e /home/nrink/Projects/build/encode/encode/tests/des/des.input.tiny.txt /dev/null 809 --cso /dev/null --csl /dev/null
2015-05-05_16:02:42 $$ ... timing (8,1): $$ pid=4814: communicated with process
2015-05-05_16:02:42 $$ ... timing (8,1): $$ finished running /home/nrink/Projects/pin-2.14-71313-gcc.4.4.7-linux/pin.sh -t /home/nrink/Projects/bfi/obj-intel64/bfi.so -- /home/nrink/Projects/build/encode/encode/tests/des/des.tiny.cover.plain -e /home/nrink/Projects/build/encode/encode/tests/des/des.input.tiny.txt /dev/null 809 --cso /dev/null --csl /dev/null ...
2015-05-05_16:02:42 $$ ... timing (8,1): $$ writing <stderr> to ./2015-05-05_16:02:12/des.tiny/cover/des.tiny.cover.plain.timing.8.1.stderr ...
2015-05-05_16:02:42 $$ ... timing (8,1): $$ done writing <stderr> to ./2015-05-05_16:02:12/des.tiny/cover/des.tiny.cover.plain.timing.8.1.stderr ...
2015-05-05_16:02:42 $$ ... timing (8,1): $$ writing <stdout> to ./2015-05-05_16:02:12/des.tiny/cover/des.tiny.cover.plain.timing.8.1.stdout ...
2015-05-05_16:02:42 $$ ... timing (8,1): $$ done writing <stdout> to ./2015-05-05_16:02:12/des.tiny/cover/des.tiny.cover.plain.timing.8.1.stdout ...
2015-05-05_16:02:42 $$ ... timing (8,1): $$ None (retcode=0) /home/nrink/Projects/pin-2.14-71313-gcc.4.4.7-linux/pin.sh -t /home/nrink/Projects/bfi/obj-intel64/bfi.so -- /home/nrink/Projects/build/encode/encode/tests/des/des.tiny.cover.plain -e /home/nrink/Projects/build/encode/encode/tests/des/des.input.tiny.txt /dev/null 809 --cso /dev/null --csl /dev/null ...
2015-05-05_16:02:40 $$ ... timing (8,0): $$ running /home/nrink/Projects/pin-2.14-71313-gcc.4.4.7-linux/pin.sh -t /home/nrink/Projects/bfi/obj-intel64/bfi.so -- /home/nrink/Projects/build/encode/encode/tests/des/des.tiny.cover.plain -e /home/nrink/Projects/build/encode/encode/tests/des/des.input.tiny.txt /dev/null 809 --cso /dev/null --csl /dev/null ...
2015-05-05_16:02:40 $$ ... timing (8,0): $$ pid=4869: started process /home/nrink/Projects/pin-2.14-71313-gcc.4.4.7-linux/pin.sh -t /home/nrink/Projects/bfi/obj-intel64/bfi.so -- /home/nrink/Projects/build/encode/encode/tests/des/des.tiny.cover.plain -e /home/nrink/Projects/build/encode/encode/tests/des/des.input.tiny.txt /dev/null 809 --cso /dev/null --csl /dev/null
2015-05-05_16:02:42 $$ ... timing (8,0): $$ pid=4869: communicated with process
2015-05-05_16:02:42 $$ ... timing (8,0): $$ finished running /home/nrink/Projects/pin-2.14-71313-gcc.4.4.7-linux/pin.sh -t /home/nrink/Projects/bfi/obj-intel64/bfi.so -- /home/nrink/Projects/build/encode/encode/tests/des/des.tiny.cover.plain -e /home/nrink/Projects/build/encode/encode/tests/des/des.input.tiny.txt /dev/null 809 --cso /dev/null --csl /dev/null ...
2015-05-05_16:02:42 $$ ... timing (8,0): $$ writing <stderr> to ./2015-05-05_16:02:12/des.tiny/cover/des.tiny.cover.plain.timing.8.0.stderr ...
2015-05-05_16:02:42 $$ ... timing (8,0): $$ done writing <stderr> to ./2015-05-05_16:02:12/des.tiny/cover/des.tiny.cover.plain.timing.8.0.stderr ...
2015-05-05_16:02:42 $$ ... timing (8,0): $$ writing <stdout> to ./2015-05-05_16:02:12/des.tiny/cover/des.tiny.cover.plain.timing.8.0.stdout ...
2015-05-05_16:02:42 $$ ... timing (8,0): $$ done writing <stdout> to ./2015-05-05_16:02:12/des.tiny/cover/des.tiny.cover.plain.timing.8.0.stdout ...
2015-05-05_16:02:42 $$ ... timing (8,0): $$ None (retcode=0) /home/nrink/Projects/pin-2.14-71313-gcc.4.4.7-linux/pin.sh -t /home/nrink/Projects/bfi/obj-intel64/bfi.so -- /home/nrink/Projects/build/encode/encode/tests/des/des.tiny.cover.plain -e /home/nrink/Projects/build/encode/encode/tests/des/des.input.tiny.txt /dev/null 809 --cso /dev/null --csl /dev/null ...
2015-05-05_16:02:43 $$ ... timing (9,1): $$ running /home/nrink/Projects/pin-2.14-71313-gcc.4.4.7-linux/pin.sh -t /home/nrink/Projects/bfi/obj-intel64/bfi.so -- /home/nrink/Projects/build/encode/encode/tests/des/des.tiny.cover.plain -e /home/nrink/Projects/build/encode/encode/tests/des/des.input.tiny.txt /dev/null 809 --cso /dev/null --csl /dev/null ...
2015-05-05_16:02:43 $$ ... timing (9,1): $$ pid=6162: started process /home/nrink/Projects/pin-2.14-71313-gcc.4.4.7-linux/pin.sh -t /home/nrink/Projects/bfi/obj-intel64/bfi.so -- /home/nrink/Projects/build/encode/encode/tests/des/des.tiny.cover.plain -e /home/nrink/Projects/build/encode/encode/tests/des/des.input.tiny.txt /dev/null 809 --cso /dev/null --csl /dev/null
2015-05-05_16:02:44 $$ ... timing (9,1): $$ pid=6162: communicated with process
2015-05-05_16:02:44 $$ ... timing (9,1): $$ finished running /home/nrink/Projects/pin-2.14-71313-gcc.4.4.7-linux/pin.sh -t /home/nrink/Projects/bfi/obj-intel64/bfi.so -- /home/nrink/Projects/build/encode/encode/tests/des/des.tiny.cover.plain -e /home/nrink/Projects/build/encode/encode/tests/des/des.input.tiny.txt /dev/null 809 --cso /dev/null --csl /dev/null ...
2015-05-05_16:02:44 $$ ... timing (9,1): $$ writing <stderr> to ./2015-05-05_16:02:12/des.tiny/cover/des.tiny.cover.plain.timing.9.1.stderr ...
2015-05-05_16:02:44 $$ ... timing (9,1): $$ done writing <stderr> to ./2015-05-05_16:02:12/des.tiny/cover/des.tiny.cover.plain.timing.9.1.stderr ...
2015-05-05_16:02:44 $$ ... timing (9,1): $$ writing <stdout> to ./2015-05-05_16:02:12/des.tiny/cover/des.tiny.cover.plain.timing.9.1.stdout ...
2015-05-05_16:02:44 $$ ... timing (9,1): $$ done writing <stdout> to ./2015-05-05_16:02:12/des.tiny/cover/des.tiny.cover.plain.timing.9.1.stdout ...
2015-05-05_16:02:44 $$ ... timing (9,1): $$ None (retcode=0) /home/nrink/Projects/pin-2.14-71313-gcc.4.4.7-linux/pin.sh -t /home/nrink/Projects/bfi/obj-intel64/bfi.so -- /home/nrink/Projects/build/encode/encode/tests/des/des.tiny.cover.plain -e /home/nrink/Projects/build/encode/encode/tests/des/des.input.tiny.txt /dev/null 809 --cso /dev/null --csl /dev/null ...
2015-05-05_16:02:43 $$ ... timing (9,2): $$ running /home/nrink/Projects/pin-2.14-71313-gcc.4.4.7-linux/pin.sh -t /home/nrink/Projects/bfi/obj-intel64/bfi.so -- /home/nrink/Projects/build/encode/encode/tests/des/des.tiny.cover.plain -e /home/nrink/Projects/build/encode/encode/tests/des/des.input.tiny.txt /dev/null 809 --cso /dev/null --csl /dev/null ...
2015-05-05_16:02:43 $$ ... timing (9,2): $$ pid=6207: started process /home/nrink/Projects/pin-2.14-71313-gcc.4.4.7-linux/pin.sh -t /home/nrink/Projects/bfi/obj-intel64/bfi.so -- /home/nrink/Projects/build/encode/encode/tests/des/des.tiny.cover.plain -e /home/nrink/Projects/build/encode/encode/tests/des/des.input.tiny.txt /dev/null 809 --cso /dev/null --csl /dev/null
2015-05-05_16:02:44 $$ ... timing (9,2): $$ pid=6207: communicated with process
2015-05-05_16:02:44 $$ ... timing (9,2): $$ finished running /home/nrink/Projects/pin-2.14-71313-gcc.4.4.7-linux/pin.sh -t /home/nrink/Projects/bfi/obj-intel64/bfi.so -- /home/nrink/Projects/build/encode/encode/tests/des/des.tiny.cover.plain -e /home/nrink/Projects/build/encode/encode/tests/des/des.input.tiny.txt /dev/null 809 --cso /dev/null --csl /dev/null ...
2015-05-05_16:02:44 $$ ... timing (9,2): $$ writing <stderr> to ./2015-05-05_16:02:12/des.tiny/cover/des.tiny.cover.plain.timing.9.2.stderr ...
2015-05-05_16:02:44 $$ ... timing (9,2): $$ done writing <stderr> to ./2015-05-05_16:02:12/des.tiny/cover/des.tiny.cover.plain.timing.9.2.stderr ...
2015-05-05_16:02:44 $$ ... timing (9,2): $$ writing <stdout> to ./2015-05-05_16:02:12/des.tiny/cover/des.tiny.cover.plain.timing.9.2.stdout ...
2015-05-05_16:02:44 $$ ... timing (9,2): $$ done writing <stdout> to ./2015-05-05_16:02:12/des.tiny/cover/des.tiny.cover.plain.timing.9.2.stdout ...
2015-05-05_16:02:44 $$ ... timing (9,2): $$ None (retcode=0) /home/nrink/Projects/pin-2.14-71313-gcc.4.4.7-linux/pin.sh -t /home/nrink/Projects/bfi/obj-intel64/bfi.so -- /home/nrink/Projects/build/encode/encode/tests/des/des.tiny.cover.plain -e /home/nrink/Projects/build/encode/encode/tests/des/des.input.tiny.txt /dev/null 809 --cso /dev/null --csl /dev/null ...
2015-05-05_16:02:43 $$ ... timing (9,0): $$ running /home/nrink/Projects/pin-2.14-71313-gcc.4.4.7-linux/pin.sh -t /home/nrink/Projects/bfi/obj-intel64/bfi.so -- /home/nrink/Projects/build/encode/encode/tests/des/des.tiny.cover.plain -e /home/nrink/Projects/build/encode/encode/tests/des/des.input.tiny.txt /dev/null 809 --cso /dev/null --csl /dev/null ...
2015-05-05_16:02:43 $$ ... timing (9,0): $$ pid=6276: started process /home/nrink/Projects/pin-2.14-71313-gcc.4.4.7-linux/pin.sh -t /home/nrink/Projects/bfi/obj-intel64/bfi.so -- /home/nrink/Projects/build/encode/encode/tests/des/des.tiny.cover.plain -e /home/nrink/Projects/build/encode/encode/tests/des/des.input.tiny.txt /dev/null 809 --cso /dev/null --csl /dev/null
2015-05-05_16:02:44 $$ ... timing (9,0): $$ pid=6276: communicated with process
2015-05-05_16:02:44 $$ ... timing (9,0): $$ finished running /home/nrink/Projects/pin-2.14-71313-gcc.4.4.7-linux/pin.sh -t /home/nrink/Projects/bfi/obj-intel64/bfi.so -- /home/nrink/Projects/build/encode/encode/tests/des/des.tiny.cover.plain -e /home/nrink/Projects/build/encode/encode/tests/des/des.input.tiny.txt /dev/null 809 --cso /dev/null --csl /dev/null ...
2015-05-05_16:02:44 $$ ... timing (9,0): $$ writing <stderr> to ./2015-05-05_16:02:12/des.tiny/cover/des.tiny.cover.plain.timing.9.0.stderr ...
2015-05-05_16:02:44 $$ ... timing (9,0): $$ done writing <stderr> to ./2015-05-05_16:02:12/des.tiny/cover/des.tiny.cover.plain.timing.9.0.stderr ...
2015-05-05_16:02:44 $$ ... timing (9,0): $$ writing <stdout> to ./2015-05-05_16:02:12/des.tiny/cover/des.tiny.cover.plain.timing.9.0.stdout ...
2015-05-05_16:02:44 $$ ... timing (9,0): $$ done writing <stdout> to ./2015-05-05_16:02:12/des.tiny/cover/des.tiny.cover.plain.timing.9.0.stdout ...
2015-05-05_16:02:44 $$ ... timing (9,0): $$ None (retcode=0) /home/nrink/Projects/pin-2.14-71313-gcc.4.4.7-linux/pin.sh -t /home/nrink/Projects/bfi/obj-intel64/bfi.so -- /home/nrink/Projects/build/encode/encode/tests/des/des.tiny.cover.plain -e /home/nrink/Projects/build/encode/encode/tests/des/des.input.tiny.txt /dev/null 809 --cso /dev/null --csl /dev/null ...
2015-05-05_16:02:43 $$ ... timing (9,3): $$ running /home/nrink/Projects/pin-2.14-71313-gcc.4.4.7-linux/pin.sh -t /home/nrink/Projects/bfi/obj-intel64/bfi.so -- /home/nrink/Projects/build/encode/encode/tests/des/des.tiny.cover.plain -e /home/nrink/Projects/build/encode/encode/tests/des/des.input.tiny.txt /dev/null 809 --cso /dev/null --csl /dev/null ...
2015-05-05_16:02:43 $$ ... timing (9,3): $$ pid=6190: started process /home/nrink/Projects/pin-2.14-71313-gcc.4.4.7-linux/pin.sh -t /home/nrink/Projects/bfi/obj-intel64/bfi.so -- /home/nrink/Projects/build/encode/encode/tests/des/des.tiny.cover.plain -e /home/nrink/Projects/build/encode/encode/tests/des/des.input.tiny.txt /dev/null 809 --cso /dev/null --csl /dev/null
2015-05-05_16:02:45 $$ ... timing (9,3): $$ pid=6190: communicated with process
2015-05-05_16:02:45 $$ ... timing (9,3): $$ finished running /home/nrink/Projects/pin-2.14-71313-gcc.4.4.7-linux/pin.sh -t /home/nrink/Projects/bfi/obj-intel64/bfi.so -- /home/nrink/Projects/build/encode/encode/tests/des/des.tiny.cover.plain -e /home/nrink/Projects/build/encode/encode/tests/des/des.input.tiny.txt /dev/null 809 --cso /dev/null --csl /dev/null ...
2015-05-05_16:02:45 $$ ... timing (9,3): $$ writing <stderr> to ./2015-05-05_16:02:12/des.tiny/cover/des.tiny.cover.plain.timing.9.3.stderr ...
2015-05-05_16:02:45 $$ ... timing (9,3): $$ done writing <stderr> to ./2015-05-05_16:02:12/des.tiny/cover/des.tiny.cover.plain.timing.9.3.stderr ...
2015-05-05_16:02:45 $$ ... timing (9,3): $$ writing <stdout> to ./2015-05-05_16:02:12/des.tiny/cover/des.tiny.cover.plain.timing.9.3.stdout ...
2015-05-05_16:02:45 $$ ... timing (9,3): $$ done writing <stdout> to ./2015-05-05_16:02:12/des.tiny/cover/des.tiny.cover.plain.timing.9.3.stdout ...
2015-05-05_16:02:45 $$ ... timing (9,3): $$ None (retcode=0) /home/nrink/Projects/pin-2.14-71313-gcc.4.4.7-linux/pin.sh -t /home/nrink/Projects/bfi/obj-intel64/bfi.so -- /home/nrink/Projects/build/encode/encode/tests/des/des.tiny.cover.plain -e /home/nrink/Projects/build/encode/encode/tests/des/des.input.tiny.txt /dev/null 809 --cso /dev/null --csl /dev/null ...
2015-05-05_16:02:45 $$ ... done with timing runs ...
2015-05-05_16:02:45 $$ timings: mean=2.782470, stdev=0.301138, timeout=28
2015-05-05_16:02:45 $$ ... done warming up
2015-05-05_16:02:45 $$ ----------------------------------------------------------------
2015-05-05_16:02:45 $$ Obtaining ranges of function ___enc_des ...
2015-05-05_16:02:45 $$ pid=7920: started process /home/nrink/Projects/pin-2.14-71313-gcc.4.4.7-linux/pin.sh -t /home/nrink/Projects/bfi/obj-intel64/bfi.so -m ___enc_des -- /home/nrink/Projects/build/encode/encode/tests/des/des.tiny.cover.plain -e /home/nrink/Projects/build/encode/encode/tests/des/des.input.tiny.txt /dev/null 809 --cso /dev/null --csl /dev/null
2015-05-05_16:02:47 $$ pid=7920: communicated with process
2015-05-05_16:02:47 $$ ... finished running /home/nrink/Projects/pin-2.14-71313-gcc.4.4.7-linux/pin.sh -t /home/nrink/Projects/bfi/obj-intel64/bfi.so -m ___enc_des -- /home/nrink/Projects/build/encode/encode/tests/des/des.tiny.cover.plain -e /home/nrink/Projects/build/encode/encode/tests/des/des.input.tiny.txt /dev/null 809 --cso /dev/null --csl /dev/null ...
2015-05-05_16:02:47 $$ ... writing <stderr> to ./2015-05-05_16:02:12/des.tiny/cover/des.tiny.cover.plain.ranges ...
2015-05-05_16:02:47 $$ ... done writing <stderr> to ./2015-05-05_16:02:12/des.tiny/cover/des.tiny.cover.plain.ranges ...
2015-05-05_16:02:47 $$ ... done obtaining ranges of function ___enc_des
2015-05-05_16:02:47 $$ ----------------------------------------------------------------
2015-05-05_16:02:47 $$ Performing fault injections ...
2015-05-05_16:02:47 $$ ... no. 0: cso file: ./2015-05-05_16:02:12/des.tiny/cover/cs/plain.0.cso ...
2015-05-05_16:02:47 $$ ... no. 0: csl file: ./2015-05-05_16:02:12/des.tiny/cover/cs/plain.0.csl ...
2015-05-05_16:02:47 $$ ... no. 1: cso file: ./2015-05-05_16:02:12/des.tiny/cover/cs/plain.1.cso ...
2015-05-05_16:02:47 $$ ... no. 1: csl file: ./2015-05-05_16:02:12/des.tiny/cover/cs/plain.1.csl ...
2015-05-05_16:02:47 $$ ... no. 0: $$ running /home/nrink/Projects/pin-2.14-71313-gcc.4.4.7-linux/pin.sh -t /home/nrink/Projects/bfi/obj-intel64/bfi.so -trigger 164742 -cmd RREG -seed 1 -mask 117 -- /home/nrink/Projects/build/encode/encode/tests/des/des.tiny.cover.plain -e /home/nrink/Projects/build/encode/encode/tests/des/des.input.tiny.txt /dev/null 809 --cso ./2015-05-05_16:02:12/des.tiny/cover/cs/plain.0.cso --csl ./2015-05-05_16:02:12/des.tiny/cover/cs/plain.0.csl ...
2015-05-05_16:02:48 $$ ... no. 0: $$ pid=9651: started process /home/nrink/Projects/pin-2.14-71313-gcc.4.4.7-linux/pin.sh -t /home/nrink/Projects/bfi/obj-intel64/bfi.so -trigger 164742 -cmd RREG -seed 1 -mask 117 -- /home/nrink/Projects/build/encode/encode/tests/des/des.tiny.cover.plain -e /home/nrink/Projects/build/encode/encode/tests/des/des.input.tiny.txt /dev/null 809 --cso ./2015-05-05_16:02:12/des.tiny/cover/cs/plain.0.cso --csl ./2015-05-05_16:02:12/des.tiny/cover/cs/plain.0.csl
2015-05-05_16:02:48 $$ ... no. 0: $$ pid=9651: timeout=28
2015-05-05_16:02:59 $$ ... no. 0: $$ pid=9651: communicated with process
2015-05-05_16:02:59 $$ ... no. 0: $$ finished running /home/nrink/Projects/pin-2.14-71313-gcc.4.4.7-linux/pin.sh -t /home/nrink/Projects/bfi/obj-intel64/bfi.so -trigger 164742 -cmd RREG -seed 1 -mask 117 -- /home/nrink/Projects/build/encode/encode/tests/des/des.tiny.cover.plain -e /home/nrink/Projects/build/encode/encode/tests/des/des.input.tiny.txt /dev/null 809 --cso ./2015-05-05_16:02:12/des.tiny/cover/cs/plain.0.cso --csl ./2015-05-05_16:02:12/des.tiny/cover/cs/plain.0.csl ...
2015-05-05_16:02:59 $$ ... no. 0: $$ writing <stderr> to ./2015-05-05_16:02:12/des.tiny/cover/des.tiny.cover.plain.fi.0.stderr ...
2015-05-05_16:02:59 $$ ... no. 0: $$ done writing <stderr> to ./2015-05-05_16:02:12/des.tiny/cover/des.tiny.cover.plain.fi.0.stderr ...
2015-05-05_16:02:59 $$ ... no. 0: $$ writing <stdout> to ./2015-05-05_16:02:12/des.tiny/cover/des.tiny.cover.plain.fi.0.stdout ...
2015-05-05_16:02:59 $$ ... no. 0: $$ done writing <stdout> to ./2015-05-05_16:02:12/des.tiny/cover/des.tiny.cover.plain.fi.0.stdout ...
2015-05-05_16:02:59 $$ ... no. 0: $$ UNEXPECTED (checksum difference: 1) (retcode=0) /home/nrink/Projects/pin-2.14-71313-gcc.4.4.7-linux/pin.sh -t /home/nrink/Projects/bfi/obj-intel64/bfi.so -trigger 164742 -cmd RREG -seed 1 -mask 117 -- /home/nrink/Projects/build/encode/encode/tests/des/des.tiny.cover.plain -e /home/nrink/Projects/build/encode/encode/tests/des/des.input.tiny.txt /dev/null 809 --cso ./2015-05-05_16:02:12/des.tiny/cover/cs/plain.0.cso --csl ./2015-05-05_16:02:12/des.tiny/cover/cs/plain.0.csl ...
2015-05-05_16:02:47 $$ ... no. 1: $$ running /home/nrink/Projects/pin-2.14-71313-gcc.4.4.7-linux/pin.sh -t /home/nrink/Projects/bfi/obj-intel64/bfi.so -trigger 170650 -cmd TXT -seed 1 -mask 10 -- /home/nrink/Projects/build/encode/encode/tests/des/des.tiny.cover.plain -e /home/nrink/Projects/build/encode/encode/tests/des/des.input.tiny.txt /dev/null 809 --cso ./2015-05-05_16:02:12/des.tiny/cover/cs/plain.1.cso --csl ./2015-05-05_16:02:12/des.tiny/cover/cs/plain.1.csl ...
2015-05-05_16:02:47 $$ ... no. 1: $$ pid=9644: started process /home/nrink/Projects/pin-2.14-71313-gcc.4.4.7-linux/pin.sh -t /home/nrink/Projects/bfi/obj-intel64/bfi.so -trigger 170650 -cmd TXT -seed 1 -mask 10 -- /home/nrink/Projects/build/encode/encode/tests/des/des.tiny.cover.plain -e /home/nrink/Projects/build/encode/encode/tests/des/des.input.tiny.txt /dev/null 809 --cso ./2015-05-05_16:02:12/des.tiny/cover/cs/plain.1.cso --csl ./2015-05-05_16:02:12/des.tiny/cover/cs/plain.1.csl
2015-05-05_16:02:47 $$ ... no. 1: $$ pid=9644: timeout=28
2015-05-05_16:03:00 $$ ... no. 1: $$ pid=9644: communicated with process
2015-05-05_16:03:00 $$ ... no. 1: $$ finished running /home/nrink/Projects/pin-2.14-71313-gcc.4.4.7-linux/pin.sh -t /home/nrink/Projects/bfi/obj-intel64/bfi.so -trigger 170650 -cmd TXT -seed 1 -mask 10 -- /home/nrink/Projects/build/encode/encode/tests/des/des.tiny.cover.plain -e /home/nrink/Projects/build/encode/encode/tests/des/des.input.tiny.txt /dev/null 809 --cso ./2015-05-05_16:02:12/des.tiny/cover/cs/plain.1.cso --csl ./2015-05-05_16:02:12/des.tiny/cover/cs/plain.1.csl ...
2015-05-05_16:03:00 $$ ... no. 1: $$ writing <stderr> to ./2015-05-05_16:02:12/des.tiny/cover/des.tiny.cover.plain.fi.1.stderr ...
2015-05-05_16:03:00 $$ ... no. 1: $$ done writing <stderr> to ./2015-05-05_16:02:12/des.tiny/cover/des.tiny.cover.plain.fi.1.stderr ...
2015-05-05_16:03:00 $$ ... no. 1: $$ writing <stdout> to ./2015-05-05_16:02:12/des.tiny/cover/des.tiny.cover.plain.fi.1.stdout ...
2015-05-05_16:03:00 $$ ... no. 1: $$ done writing <stdout> to ./2015-05-05_16:02:12/des.tiny/cover/des.tiny.cover.plain.fi.1.stdout ...
2015-05-05_16:03:00 $$ ... no. 1: $$ CORRECT (checksum difference: 0) (retcode=0) /home/nrink/Projects/pin-2.14-71313-gcc.4.4.7-linux/pin.sh -t /home/nrink/Projects/bfi/obj-intel64/bfi.so -trigger 170650 -cmd TXT -seed 1 -mask 10 -- /home/nrink/Projects/build/encode/encode/tests/des/des.tiny.cover.plain -e /home/nrink/Projects/build/encode/encode/tests/des/des.input.tiny.txt /dev/null 809 --cso ./2015-05-05_16:02:12/des.tiny/cover/cs/plain.1.cso --csl ./2015-05-05_16:02:12/des.tiny/cover/cs/plain.1.csl ...
2015-05-05_16:03:00 $$ ... finished fault injections.
2015-05-05_16:03:00 $$ ----------------------------------------------------------------
2015-05-05_16:03:00 $$ Result:
2015-05-05_16:03:00 $$ total   = 2
2015-05-05_16:03:00 $$ valid   = 2
2015-05-05_16:03:00 $$ correct = 1
2015-05-05_16:03:00 $$ AN success = 0
2015-05-05_16:03:00 $$     OS crashes  = 0
2015-05-05_16:03:00 $$     AN crashes  = 0
2015-05-05_16:03:00 $$     undiagnosed = 0
2015-05-05_16:03:00 $$ AN failed = 1
2015-05-05_16:03:00 $$     unexpected = 1
2015-05-05_16:03:00 $$     hang       = 0
2015-05-05_16:03:00 $$ ----------------------------------------------------------------
