<stderr> from running /home/nrink/Projects/pin-2.14-71313-gcc.4.4.7-linux/pin.sh -t /home/nrink/Projects/bfi/obj-intel64/bfi.so -trigger 164163 -cmd TXT -seed 1 -mask 176 -- /home/nrink/Projects/build/encode/encode/tests/bubblesort/bubblesort.cover.encoded --cso ./2015-05-05_17:15:54/bubblesort/cover/cs/encoded.37.cso --csl ./2015-05-05_17:15:54/bubblesort/cover/cs/encoded.37.csl:
[.:    0, IP = 0x400dab, i = 164163, wa = 0, ra = 0, rr = 0, wr = 0, it = 0, t = 0]
	ip' = 0x400dae, size = 3, mask = 176, idx = 0, byte = 72, byte' = 248
elapsed cycles: 512411418
hi(checksum)=0x0000000000000000
lo(checksum)=0x00007CDAE2B040F7
**********************
INSTR   = 178652
WADDR   = 0
RADDR   = 0
RREG    = 0
WREG    = 0
ITER    = 0
TRIGGER = 164163
TTYPE   = IN
COMMAND = TXT
SEL     = -1
SEED    = 1
MASK    = 0xb0
THREAD  = 0
ELAPSED = 3.43s
----------------------------------------------------------------
