<stderr> from running /home/nrink/Projects/pin-2.14-71313-gcc.4.4.7-linux/pin.sh -t /home/nrink/Projects/bfi/obj-intel64/bfi.so -trigger 163993 -cmd WVAL -seed 1 -mask 73 -- /home/nrink/Projects/build/encode/encode/tests/bubblesort/bubblesort.cover.encoded --cso ./2015-05-05_17:15:54/bubblesort/cover/cs/encoded.35.cso --csl ./2015-05-05_17:15:54/bubblesort/cover/cs/encoded.35.csl:
[.:    0, IP = 0x400c60, i = 164001, wa = 0, ra = 0, rr = 0, wr = 0, it = 0, t = 0]
	access = write, size = 8, value = 3, value' = 74, addr = 0x7fffffffe170, op = 0
elapsed cycles: 120452628
hi(checksum)=0x0000000000000000
lo(checksum)=0x0000035FE4E1F684
**********************
INSTR   = 178621
WADDR   = 0
RADDR   = 0
RREG    = 0
WREG    = 0
ITER    = 0
TRIGGER = 163993
TTYPE   = IN
COMMAND = WVAL
SEL     = -1
SEED    = 1
MASK    = 0x49
THREAD  = 0
ELAPSED = 1.14s
----------------------------------------------------------------
