<stderr> from running /home/nrink/Projects/pin-2.14-71313-gcc.4.4.7-linux/pin.sh -t /home/nrink/Projects/bfi/obj-intel64/bfi.so -trigger 163699 -cmd WADDR -seed 1 -mask 203 -- /home/nrink/Projects/build/encode/encode/tests/bubblesort/bubblesort.cover.plain --cso ./2015-05-05_17:15:54/bubblesort/cover/cs/plain.2.cso --csl ./2015-05-05_17:15:54/bubblesort/cover/cs/plain.2.csl:
[.:    0, IP = 0x400ad4, i = 163699, wa = 0, ra = 0, rr = 0, wr = 0, it = 0, t = 0]
	access = write, size = 8, addr = 0x6020d8, addr' = 0x602013, op = 0
**********************
INSTR   = 164328
WADDR   = 0
RADDR   = 0
RREG    = 0
WREG    = 0
ITER    = 0
TRIGGER = 163699
TTYPE   = IN
COMMAND = WADDR
SEL     = -1
SEED    = 1
MASK    = 0xcb
THREAD  = 0
ELAPSED = 1.46s
Segmentation fault (core dumped)
----------------------------------------------------------------
