<stderr> from running /home/nrink/Projects/pin-2.14-71313-gcc.4.4.7-linux/pin.sh -t /home/nrink/Projects/bfi/obj-intel64/bfi.so -trigger 163601 -cmd WVAL -seed 1 -mask 181 -- /home/nrink/Projects/build/encode/encode/tests/ptrarith/ptrarith.cover.plain --cso ./2015-05-05_15:45:01/ptrarith/cover/cs/plain.8.cso --csl ./2015-05-05_15:45:01/ptrarith/cover/cs/plain.8.csl:
[.:    0, IP = 0x400aab, i = 163601, wa = 0, ra = 0, rr = 0, wr = 0, it = 0, t = 0]
	access = write, size = 8, value = 9, value' = 188, addr = 0x603058, op = 0
elapsed cycles: 126127968
hi(checksum)=0xC359D92642B938DD
lo(checksum)=0x081DDC8E839BEABB
**********************
INSTR   = 177699
WADDR   = 0
RADDR   = 0
RREG    = 0
WREG    = 0
ITER    = 0
TRIGGER = 163601
TTYPE   = IN
COMMAND = WVAL
SEL     = -1
SEED    = 1
MASK    = 0xb5
THREAD  = 0
ELAPSED = 5.61s
----------------------------------------------------------------
