<stderr> from running /home/nrink/Projects/pin-2.14-71313-gcc.4.4.7-linux/pin.sh -t /home/nrink/Projects/bfi/obj-intel64/bfi.so -trigger 163515 -cmd WADDR -seed 1 -mask 15 -- /home/nrink/Projects/build/encode/encode/tests/ptrarith/ptrarith.cover.plain --cso ./2015-05-05_15:45:01/ptrarith/cover/cs/plain.73.cso --csl ./2015-05-05_15:45:01/ptrarith/cover/cs/plain.73.csl:
[.:    0, IP = 0x40095e, i = 163516, wa = 0, ra = 0, rr = 0, wr = 0, it = 0, t = 0]
	access = write, size = 16, addr = 0x6031a0, addr' = 0x6031af, op = 0
elapsed cycles: 35458572
hi(checksum)=0x47CE2B9286EEF20F
lo(checksum)=0xDC119F6EB0A34EE7
**********************
INSTR   = 177509
WADDR   = 0
RADDR   = 0
RREG    = 0
WREG    = 0
ITER    = 0
TRIGGER = 163515
TTYPE   = IN
COMMAND = WADDR
SEL     = -1
SEED    = 1
MASK    = 0xf
THREAD  = 0
ELAPSED = 2.42s
----------------------------------------------------------------
