<stderr> from running /home/nrink/Projects/pin-2.14-71313-gcc.4.4.7-linux/pin.sh -t /home/nrink/Projects/bfi/obj-intel64/bfi.so -trigger 164816 -cmd RREG -seed 1 -mask 12 -- /home/nrink/Projects/build/encode/encode/tests/quicksort/quicksort.cover.encoded --cso ./2015-05-05_15:45:01/quicksort/cover/cs/encoded.33.cso --csl ./2015-05-05_15:45:01/quicksort/cover/cs/encoded.33.csl:
[.:    0, IP = 0x400c3c, i = 164816, wa = 0, ra = 0, rr = 0, wr = 0, it = 0, t = 0]
	at ip 0x400c3c, rbp = 0x7fffffffe130, rbp' = 0x7fffffffe13c
**********************
INSTR   = 164819
WADDR   = 0
RADDR   = 0
RREG    = 0
WREG    = 0
ITER    = 0
TRIGGER = 164816
TTYPE   = IN
COMMAND = RREG
SEL     = -1
SEED    = 1
MASK    = 0xc
THREAD  = 0
ELAPSED = 8.34s
Segmentation fault (core dumped)
----------------------------------------------------------------
