<stderr> from running /home/nrink/Projects/pin-2.14-71313-gcc.4.4.7-linux/pin.sh -t /home/nrink/Projects/bfi/obj-intel64/bfi.so -trigger 165261 -cmd WVAL -seed 1 -mask 193 -- /home/nrink/Projects/build/encode/encode/tests/quicksort/quicksort.cover.encoded --cso ./2015-05-05_15:45:01/quicksort/cover/cs/encoded.9.cso --csl ./2015-05-05_15:45:01/quicksort/cover/cs/encoded.9.csl:
[.:    0, IP = 0x400b44, i = 165262, wa = 0, ra = 0, rr = 0, wr = 0, it = 0, t = 0]
	access = write, size = 8, value = 108, value' = 173, addr = 0x7fffffffe120, op = 0
elapsed cycles: 954400626
hi(checksum)=0x0000000000000000
lo(checksum)=0x00007CDAE2B040F7
**********************
INSTR   = 175932
WADDR   = 0
RADDR   = 0
RREG    = 0
WREG    = 0
ITER    = 0
TRIGGER = 165261
TTYPE   = IN
COMMAND = WVAL
SEL     = -1
SEED    = 1
MASK    = 0xc1
THREAD  = 0
ELAPSED = 6.58s
----------------------------------------------------------------
