<stderr> from running /home/nrink/Projects/pin-2.14-71313-gcc.4.4.7-linux/pin.sh -t /home/nrink/Projects/bfi/obj-intel64/bfi.so -trigger 165032 -cmd WREG -seed 1 -mask 97 -- /home/nrink/Projects/build/encode/encode/tests/quicksort/quicksort.cover.encoded --cso ./2015-05-05_15:45:01/quicksort/cover/cs/encoded.78.cso --csl ./2015-05-05_15:45:01/quicksort/cover/cs/encoded.78.csl:
[.:    0, IP = 0x401017, i = 165032, wa = 0, ra = 0, rr = 0, wr = 0, it = 0, t = 0]
	at ip 0x40101a, rflags = 0x246, rflags' = 0x227
elapsed cycles: 2740336956
hi(checksum)=0x0000000000000000
lo(checksum)=0x00007CDAE2B040F7
**********************
INSTR   = 175919
WADDR   = 0
RADDR   = 0
RREG    = 0
WREG    = 0
ITER    = 0
TRIGGER = 165032
TTYPE   = IN
COMMAND = WREG
SEL     = -1
SEED    = 1
MASK    = 0x61
THREAD  = 0
ELAPSED = 15.10s
----------------------------------------------------------------
