<stderr> from running /home/nrink/Projects/pin-2.14-71313-gcc.4.4.7-linux/pin.sh -t /home/nrink/Projects/bfi/obj-intel64/bfi.so -trigger 164078 -cmd WREG -seed 1 -mask 231 -- /home/nrink/Projects/build/encode/encode/tests/quicksort/quicksort.cover.plain --cso ./2015-05-05_15:45:01/quicksort/cover/cs/plain.68.cso --csl ./2015-05-05_15:45:01/quicksort/cover/cs/plain.68.csl:
[.:    0, IP = 0x400aca, i = 164079, wa = 0, ra = 0, rr = 0, wr = 0, it = 0, t = 0]
	at ip 0x400acd, rflags = 0x202, rflags' = 0x2e5
elapsed cycles: 687462906
hi(checksum)=0x0000000000000000
lo(checksum)=0x00007CDAE2B0462B
**********************
INSTR   = 174405
WADDR   = 0
RADDR   = 0
RREG    = 0
WREG    = 0
ITER    = 0
TRIGGER = 164078
TTYPE   = IN
COMMAND = WREG
SEL     = -1
SEED    = 1
MASK    = 0xe7
THREAD  = 0
ELAPSED = 13.20s
----------------------------------------------------------------
