<stderr> from running /home/nrink/Projects/pin-2.14-71313-gcc.4.4.7-linux/pin.sh -t /home/nrink/Projects/bfi/obj-intel64/bfi.so -trigger 178364 -cmd RVAL -seed 1 -mask 12 -- /home/nrink/Projects/build/encode/encode/tests/des/des.tiny.cover.plain -e /home/nrink/Projects/build/encode/encode/tests/des/des.input.tiny.txt /dev/null 809 --cso ./2015-05-05_11:40:48/des.tiny/cover/cs/plain.0.cso --csl ./2015-05-05_11:40:48/des.tiny/cover/cs/plain.0.csl:
[.:    0, IP = 0x4011aa, i = 178375, wa = 0, ra = 0, rr = 0, wr = 0, it = 0, t = 0]
	access = read, size = 8, value = 140737488347504, value' = 140737488347516, addr = 0x7fffffffe120, op = 0
**********************
INSTR   = 178573
WADDR   = 0
RADDR   = 0
RREG    = 0
WREG    = 0
ITER    = 0
TRIGGER = 178364
TTYPE   = IN
COMMAND = RVAL
SEL     = -1
SEED    = 1
MASK    = 0xc
THREAD  = 0
ELAPSED = 0.57s
Segmentation fault (core dumped)
----------------------------------------------------------------
