<stderr> from running /home/nrink/Projects/pin-2.14-71313-gcc.4.4.7-linux/pin.sh -t /home/nrink/Projects/bfi/obj-intel64/bfi.so -trigger 164611 -cmd WREG -seed 1 -mask 117 -- /home/nrink/Projects/build/encode/encode/tests/quicksort/quicksort.cover.encoded --cso ./2015-05-06_10:49:26/quicksort/cover/cs/encoded.72.cso --csl ./2015-05-06_10:49:26/quicksort/cover/cs/encoded.72.csl:
[.:    0, IP = 0x400c80, i = 164612, wa = 0, ra = 0, rr = 0, wr = 0, it = 0, t = 0]
	at ip 0x400c83, rflags = 0x216, rflags' = 0x263
elapsed cycles: 350184702
hi(checksum)=0x0000000000000000
lo(checksum)=0x00007CDAE2B040F7
**********************
INSTR   = 175897
WADDR   = 0
RADDR   = 0
RREG    = 0
WREG    = 0
ITER    = 0
TRIGGER = 164611
TTYPE   = IN
COMMAND = WREG
SEL     = -1
SEED    = 1
MASK    = 0x75
THREAD  = 0
ELAPSED = 1.78s
----------------------------------------------------------------
