<stderr> from running /home/nrink/Projects/pin-2.14-71313-gcc.4.4.7-linux/pin.sh -t /home/nrink/Projects/bfi/obj-intel64/bfi.so -trigger 165522 -cmd RREG -seed 1 -mask 176 -- /home/nrink/Projects/build/encode/encode/tests/quicksort/quicksort.cover.encoded --cso ./2015-05-06_10:49:26/quicksort/cover/cs/encoded.1.cso --csl ./2015-05-06_10:49:26/quicksort/cover/cs/encoded.1.csl:
[.:    0, IP = 0x400fae, i = 165522, wa = 0, ra = 0, rr = 0, wr = 0, it = 0, t = 0]
	at ip 0x400fae, rdx = (nil), rdx' = 0xb0
elapsed cycles: 200189934
hi(checksum)=0x0000000000000000
lo(checksum)=0x00007CDAE2B040F7
**********************
INSTR   = 175933
WADDR   = 0
RADDR   = 0
RREG    = 0
WREG    = 0
ITER    = 0
TRIGGER = 165522
TTYPE   = IN
COMMAND = RREG
SEL     = -1
SEED    = 1
MASK    = 0xb0
THREAD  = 0
ELAPSED = 1.93s
----------------------------------------------------------------
