<stderr> from running /home/nrink/Projects/pin-2.14-71313-gcc.4.4.7-linux/pin.sh -t /home/nrink/Projects/bfi/obj-intel64/bfi.so -trigger 164883 -cmd WADDR -seed 1 -mask 186 -- /home/nrink/Projects/build/encode/encode/tests/quicksort/quicksort.cover.encoded --cso ./2015-05-06_10:49:26/quicksort/cover/cs/encoded.51.cso --csl ./2015-05-06_10:49:26/quicksort/cover/cs/encoded.51.csl:
[.:    0, IP = 0x400fd4, i = 164900, wa = 0, ra = 0, rr = 0, wr = 0, it = 0, t = 0]
	access = write, size = 8, addr = 0x6020a0, addr' = 0x60201a, op = 0
elapsed cycles: 169448700
**********************
INSTR   = 170038
WADDR   = 0
RADDR   = 0
RREG    = 0
WREG    = 0
ITER    = 0
TRIGGER = 164883
TTYPE   = IN
COMMAND = WADDR
SEL     = -1
SEED    = 1
MASK    = 0xba
THREAD  = 0
ELAPSED = 1.19s
Segmentation fault (core dumped)
----------------------------------------------------------------
