<stderr> from running /home/nrink/Projects/pin-2.14-71313-gcc.4.4.7-linux/pin.sh -t /home/nrink/Projects/bfi/obj-intel64/bfi.so -trigger 163707 -cmd RADDR -seed 1 -mask 254 -- /home/nrink/Projects/build/encode/encode/tests/bubblesort/bubblesort.cover.plain --cso ./2015-05-06_10:13:34/bubblesort/cover/cs/plain.39.cso --csl ./2015-05-06_10:13:34/bubblesort/cover/cs/plain.39.csl:
[.:    0, IP = 0x400af5, i = 163719, wa = 0, ra = 0, rr = 0, wr = 0, it = 0, t = 0]
	access = read, size = 8, addr = 0x6020e0, addr' = 0x60201e, op = 0
elapsed cycles: 51056964
hi(checksum)=0x0000000000000000
lo(checksum)=0x00007D1AE9364138
**********************
INSTR   = 174505
WADDR   = 0
RADDR   = 0
RREG    = 0
WREG    = 0
ITER    = 0
TRIGGER = 163707
TTYPE   = IN
COMMAND = RADDR
SEL     = -1
SEED    = 1
MASK    = 0xfe
THREAD  = 0
ELAPSED = 4.70s
----------------------------------------------------------------
