<stderr> from running /home/nrink/Projects/pin-2.14-71313-gcc.4.4.7-linux/pin.sh -t /home/nrink/Projects/bfi/obj-intel64/bfi.so -trigger 164047 -cmd WREG -seed 1 -mask 103 -- /home/nrink/Projects/build/encode/encode/tests/bubblesort/bubblesort.cover.plain --cso ./2015-05-06_10:13:34/bubblesort/cover/cs/plain.29.cso --csl ./2015-05-06_10:13:34/bubblesort/cover/cs/plain.29.csl:
[.:    0, IP = 0x400ad7, i = 164048, wa = 0, ra = 0, rr = 0, wr = 0, it = 0, t = 0]
	at ip 0x400add, r8d = 0x1, r8d' = 0x66
elapsed cycles: 85702257
hi(checksum)=0x0000000000000000
lo(checksum)=0x00007CDAE2B040F7
**********************
INSTR   = 174499
WADDR   = 0
RADDR   = 0
RREG    = 0
WREG    = 0
ITER    = 0
TRIGGER = 164047
TTYPE   = IN
COMMAND = WREG
SEL     = -1
SEED    = 1
MASK    = 0x67
THREAD  = 0
ELAPSED = 3.49s
----------------------------------------------------------------
