<stderr> from running /home/nrink/Projects/pin-2.14-71313-gcc.4.4.7-linux/pin.sh -t /home/nrink/Projects/bfi/obj-intel64/bfi.so -trigger 168309 -cmd RREG -seed 1 -mask 170 -- /home/nrink/Projects/build/encode/encode/tests/bubblesort/bubblesort.cover.encoded --cso ./2015-05-06_10:13:34/bubblesort/cover/cs/encoded.81.cso --csl ./2015-05-06_10:13:34/bubblesort/cover/cs/encoded.81.csl:
[.:    0, IP = 0x400fd6, i = 168309, wa = 0, ra = 0, rr = 0, wr = 0, it = 0, t = 0]
	at ip 0x400fd6, rsp = 0x7fffffffe190, rsp' = 0x7fffffffe13a
**********************
INSTR   = 168313
WADDR   = 0
RADDR   = 0
RREG    = 0
WREG    = 0
ITER    = 0
TRIGGER = 168309
TTYPE   = IN
COMMAND = RREG
SEL     = -1
SEED    = 1
MASK    = 0xaa
THREAD  = 0
ELAPSED = 1.64s
Segmentation fault (core dumped)
----------------------------------------------------------------
