<stderr> from running /home/nrink/Projects/pin-2.14-71313-gcc.4.4.7-linux/pin.sh -t /home/nrink/Projects/bfi/obj-intel64/bfi.so -trigger 164064 -cmd WADDR -seed 1 -mask 62 -- /home/nrink/Projects/build/encode/encode/tests/bubblesort/bubblesort.cover.plain --cso ./2015-05-06_10:13:34/bubblesort/cover/cs/plain.44.cso --csl ./2015-05-06_10:13:34/bubblesort/cover/cs/plain.44.csl:
[.:    0, IP = 0x400ad0, i = 164090, wa = 0, ra = 0, rr = 0, wr = 0, it = 0, t = 0]
	access = write, size = 8, addr = 0x6020d0, addr' = 0x6020ee, op = 0
elapsed cycles: 36288192
hi(checksum)=0x0000000000000039
lo(checksum)=0x31E36CA03F9A7D9C
**********************
INSTR   = 174229
WADDR   = 0
RADDR   = 0
RREG    = 0
WREG    = 0
ITER    = 0
TRIGGER = 164064
TTYPE   = IN
COMMAND = WADDR
SEL     = -1
SEED    = 1
MASK    = 0x3e
THREAD  = 0
ELAPSED = 3.43s
----------------------------------------------------------------
