<stderr> from running /home/nrink/Projects/pin-2.14-71313-gcc.4.4.7-linux/pin.sh -t /home/nrink/Projects/bfi/obj-intel64/bfi.so -trigger 166467 -cmd WREG -seed 1 -mask 43 -- /home/nrink/Projects/build/encode/encode/tests/bubblesort/bubblesort.cover.encoded --cso ./2015-05-06_10:13:34/bubblesort/cover/cs/encoded.41.cso --csl ./2015-05-06_10:13:34/bubblesort/cover/cs/encoded.41.csl:
[.:    0, IP = 0x400c40, i = 166467, wa = 0, ra = 0, rr = 0, wr = 0, it = 0, t = 0]
	at ip 0x400c44, rax = 0x30, rax' = 0x1b
elapsed cycles: 709000590
hi(checksum)=0x0000000000000000
lo(checksum)=0x00007CDAE2B040F7
**********************
INSTR   = 178651
WADDR   = 0
RADDR   = 0
RREG    = 0
WREG    = 0
ITER    = 0
TRIGGER = 166467
TTYPE   = IN
COMMAND = WREG
SEL     = -1
SEED    = 1
MASK    = 0x2b
THREAD  = 0
ELAPSED = 4.35s
----------------------------------------------------------------
