<stderr> from running /home/nrink/Projects/pin-2.14-71313-gcc.4.4.7-linux/pin.sh -t /home/nrink/Projects/bfi/obj-intel64/bfi.so -trigger 499951432 -cmd WADDR -seed 1 -mask 64 -- /home/nrink/Projects/build/encode/encode/tests/dijkstra/dijkstra.cover.encoded /home/nrink/Projects/build/encode/encode/tests/dijkstra/dijkstra_input.dat --cso ./2015-05-05_14:58:49/dijkstra/cover/cs/encoded.7.cso --csl ./2015-05-05_14:58:49/dijkstra/cover/cs/encoded.7.csl:
[.:    0, IP = 0x401170, i = 499951434, wa = 0, ra = 0, rr = 0, wr = 0, it = 0, t = 0]
	access = write, size = 8, addr = 0x6020f0, addr' = 0x6020b0, op = 0
**********************
INSTR   = 537410306
WADDR   = 0
RADDR   = 0
RREG    = 0
WREG    = 0
ITER    = 0
TRIGGER = 499951432
TTYPE   = IN
COMMAND = WADDR
SEL     = -1
SEED    = 1
MASK    = 0x40
THREAD  = 0
ELAPSED = 29.63s
Segmentation fault (core dumped)
----------------------------------------------------------------
