<stderr> from running /home/nrink/Projects/pin-2.14-71313-gcc.4.4.7-linux/pin.sh -t /home/nrink/Projects/bfi/obj-intel64/bfi.so -trigger 163560 -cmd RVAL -seed 1 -mask 150 -- /home/nrink/Projects/build/encode/encode/tests/ptrarith/ptrarith.cover.plain --cso ./2015-05-05_17:25:31/ptrarith/cover/cs/plain.84.cso --csl ./2015-05-05_17:25:31/ptrarith/cover/cs/plain.84.csl:
[.:    0, IP = 0x400aa0, i = 163566, wa = 0, ra = 0, rr = 0, wr = 0, it = 0, t = 0]
	access = read, size = 8, value = 0, value' = 150, addr = 0x603120, op = 0
elapsed cycles: 17571993
hi(checksum)=0x8BEBD333B9D8033E
lo(checksum)=0xE005E7C83E21934E
**********************
INSTR   = 177510
WADDR   = 0
RADDR   = 0
RREG    = 0
WREG    = 0
ITER    = 0
TRIGGER = 163560
TTYPE   = IN
COMMAND = RVAL
SEL     = -1
SEED    = 1
MASK    = 0x96
THREAD  = 0
ELAPSED = 0.89s
----------------------------------------------------------------
