<stderr> from running /home/nrink/Projects/pin-2.14-71313-gcc.4.4.7-linux/pin.sh -t /home/nrink/Projects/bfi/obj-intel64/bfi.so -trigger 163627 -cmd RADDR -seed 1 -mask 188 -- /home/nrink/Projects/build/encode/encode/tests/ptrarith/ptrarith.cover.encoded --cso ./2015-05-05_17:25:31/ptrarith/cover/cs/encoded.2.cso --csl ./2015-05-05_17:25:31/ptrarith/cover/cs/encoded.2.csl:
[.:    0, IP = 0x400a5e, i = 163631, wa = 0, ra = 0, rr = 0, wr = 0, it = 0, t = 0]
	access = read, size = 8, addr = 0x6020a0, addr' = 0x60201c, op = 0
elapsed cycles: 102219507
hi(checksum)=0xBF1694865CA48119
lo(checksum)=0x17F6DE790EDB52F0
**********************
INSTR   = 182947
WADDR   = 0
RADDR   = 0
RREG    = 0
WREG    = 0
ITER    = 0
TRIGGER = 163627
TTYPE   = IN
COMMAND = RADDR
SEL     = -1
SEED    = 1
MASK    = 0xbc
THREAD  = 0
ELAPSED = 2.16s
----------------------------------------------------------------
