<stderr> from running /home/nrink/Projects/pin-2.14-71313-gcc.4.4.7-linux/pin.sh -t /home/nrink/Projects/bfi/obj-intel64/bfi.so -trigger 163594 -cmd WVAL -seed 1 -mask 107 -- /home/nrink/Projects/build/encode/encode/tests/ptrarith/ptrarith.cover.plain --cso ./2015-05-05_17:25:31/ptrarith/cover/cs/plain.6.cso --csl ./2015-05-05_17:25:31/ptrarith/cover/cs/plain.6.csl:
[.:    0, IP = 0x400aa4, i = 163599, wa = 0, ra = 0, rr = 0, wr = 0, it = 0, t = 0]
	access = write, size = 8, value = 8, value' = 99, addr = 0x603050, op = 0
elapsed cycles: 13185720
hi(checksum)=0x0F4564B87AD2F7B9
lo(checksum)=0x56454DBC8EF3B4CF
**********************
INSTR   = 177682
WADDR   = 0
RADDR   = 0
RREG    = 0
WREG    = 0
ITER    = 0
TRIGGER = 163594
TTYPE   = IN
COMMAND = WVAL
SEL     = -1
SEED    = 1
MASK    = 0x6b
THREAD  = 0
ELAPSED = 0.69s
----------------------------------------------------------------
