key=plain, runs=100 ...
command=/home/nrink/Projects/build/encode/encode/tests/array_sum/array_sum.perf.plain
----------------------------------------------
real command=cset shield -e /home/nrink/Projects/build/encode/encode/tests/array_sum/array_sum.perf.plain --  --cso /dev/null
key=plain, no.=0, <stderr>:
LENGTH=1200
elapsed cycles: 225018
hi(checksum)=0x806F695275934567
lo(checksum)=0xB194CB4785D00C80
key=plain, no.=0, <checksum>:
0x806F695275934567B194CB4785D00C80
key=plain, no.=0, cso file:
/dev/null
----------------------------------------------
real command=cset shield -e /home/nrink/Projects/build/encode/encode/tests/array_sum/array_sum.perf.plain --  --cso /dev/null
key=plain, no.=1, <stderr>:
LENGTH=1200
elapsed cycles: 225705
hi(checksum)=0x806F695275934567
lo(checksum)=0xB194CB4785D00C80
key=plain, no.=1, <checksum>:
0x806F695275934567B194CB4785D00C80
key=plain, no.=1, cso file:
/dev/null
----------------------------------------------
real command=cset shield -e /home/nrink/Projects/build/encode/encode/tests/array_sum/array_sum.perf.plain --  --cso /dev/null
key=plain, no.=2, <stderr>:
LENGTH=1200
elapsed cycles: 225012
hi(checksum)=0x806F695275934567
lo(checksum)=0xB194CB4785D00C80
key=plain, no.=2, <checksum>:
0x806F695275934567B194CB4785D00C80
key=plain, no.=2, cso file:
/dev/null
----------------------------------------------
real command=cset shield -e /home/nrink/Projects/build/encode/encode/tests/array_sum/array_sum.perf.plain --  --cso /dev/null
key=plain, no.=3, <stderr>:
LENGTH=1200
elapsed cycles: 225960
hi(checksum)=0x806F695275934567
lo(checksum)=0xB194CB4785D00C80
key=plain, no.=3, <checksum>:
0x806F695275934567B194CB4785D00C80
key=plain, no.=3, cso file:
/dev/null
----------------------------------------------
real command=cset shield -e /home/nrink/Projects/build/encode/encode/tests/array_sum/array_sum.perf.plain --  --cso /dev/null
key=plain, no.=4, <stderr>:
LENGTH=1200
elapsed cycles: 226566
hi(checksum)=0x806F695275934567
lo(checksum)=0xB194CB4785D00C80
key=plain, no.=4, <checksum>:
0x806F695275934567B194CB4785D00C80
key=plain, no.=4, cso file:
/dev/null
----------------------------------------------
real command=cset shield -e /home/nrink/Projects/build/encode/encode/tests/array_sum/array_sum.perf.plain --  --cso /dev/null
key=plain, no.=5, <stderr>:
LENGTH=1200
elapsed cycles: 259476
hi(checksum)=0x806F695275934567
lo(checksum)=0xB194CB4785D00C80
key=plain, no.=5, <checksum>:
0x806F695275934567B194CB4785D00C80
key=plain, no.=5, cso file:
/dev/null
----------------------------------------------
real command=cset shield -e /home/nrink/Projects/build/encode/encode/tests/array_sum/array_sum.perf.plain --  --cso /dev/null
key=plain, no.=6, <stderr>:
LENGTH=1200
elapsed cycles: 258996
hi(checksum)=0x806F695275934567
lo(checksum)=0xB194CB4785D00C80
key=plain, no.=6, <checksum>:
0x806F695275934567B194CB4785D00C80
key=plain, no.=6, cso file:
/dev/null
----------------------------------------------
real command=cset shield -e /home/nrink/Projects/build/encode/encode/tests/array_sum/array_sum.perf.plain --  --cso /dev/null
key=plain, no.=7, <stderr>:
LENGTH=1200
elapsed cycles: 257499
hi(checksum)=0x806F695275934567
lo(checksum)=0xB194CB4785D00C80
key=plain, no.=7, <checksum>:
0x806F695275934567B194CB4785D00C80
key=plain, no.=7, cso file:
/dev/null
----------------------------------------------
real command=cset shield -e /home/nrink/Projects/build/encode/encode/tests/array_sum/array_sum.perf.plain --  --cso /dev/null
key=plain, no.=8, <stderr>:
LENGTH=1200
elapsed cycles: 225075
hi(checksum)=0x806F695275934567
lo(checksum)=0xB194CB4785D00C80
key=plain, no.=8, <checksum>:
0x806F695275934567B194CB4785D00C80
key=plain, no.=8, cso file:
/dev/null
----------------------------------------------
real command=cset shield -e /home/nrink/Projects/build/encode/encode/tests/array_sum/array_sum.perf.plain --  --cso /dev/null
key=plain, no.=9, <stderr>:
LENGTH=1200
elapsed cycles: 301314
hi(checksum)=0x806F695275934567
lo(checksum)=0xB194CB4785D00C80
key=plain, no.=9, <checksum>:
0x806F695275934567B194CB4785D00C80
key=plain, no.=9, cso file:
/dev/null
----------------------------------------------
real command=cset shield -e /home/nrink/Projects/build/encode/encode/tests/array_sum/array_sum.perf.plain --  --cso /dev/null
key=plain, no.=10, <stderr>:
LENGTH=1200
elapsed cycles: 226194
hi(checksum)=0x806F695275934567
lo(checksum)=0xB194CB4785D00C80
key=plain, no.=10, <checksum>:
0x806F695275934567B194CB4785D00C80
key=plain, no.=10, cso file:
/dev/null
----------------------------------------------
real command=cset shield -e /home/nrink/Projects/build/encode/encode/tests/array_sum/array_sum.perf.plain --  --cso /dev/null
key=plain, no.=11, <stderr>:
LENGTH=1200
elapsed cycles: 225096
hi(checksum)=0x806F695275934567
lo(checksum)=0xB194CB4785D00C80
key=plain, no.=11, <checksum>:
0x806F695275934567B194CB4785D00C80
key=plain, no.=11, cso file:
/dev/null
----------------------------------------------
real command=cset shield -e /home/nrink/Projects/build/encode/encode/tests/array_sum/array_sum.perf.plain --  --cso /dev/null
key=plain, no.=12, <stderr>:
LENGTH=1200
elapsed cycles: 225312
hi(checksum)=0x806F695275934567
lo(checksum)=0xB194CB4785D00C80
key=plain, no.=12, <checksum>:
0x806F695275934567B194CB4785D00C80
key=plain, no.=12, cso file:
/dev/null
----------------------------------------------
real command=cset shield -e /home/nrink/Projects/build/encode/encode/tests/array_sum/array_sum.perf.plain --  --cso /dev/null
key=plain, no.=13, <stderr>:
LENGTH=1200
elapsed cycles: 260388
hi(checksum)=0x806F695275934567
lo(checksum)=0xB194CB4785D00C80
key=plain, no.=13, <checksum>:
0x806F695275934567B194CB4785D00C80
key=plain, no.=13, cso file:
/dev/null
----------------------------------------------
real command=cset shield -e /home/nrink/Projects/build/encode/encode/tests/array_sum/array_sum.perf.plain --  --cso /dev/null
key=plain, no.=14, <stderr>:
LENGTH=1200
elapsed cycles: 300039
hi(checksum)=0x806F695275934567
lo(checksum)=0xB194CB4785D00C80
key=plain, no.=14, <checksum>:
0x806F695275934567B194CB4785D00C80
key=plain, no.=14, cso file:
/dev/null
----------------------------------------------
real command=cset shield -e /home/nrink/Projects/build/encode/encode/tests/array_sum/array_sum.perf.plain --  --cso /dev/null
key=plain, no.=15, <stderr>:
LENGTH=1200
elapsed cycles: 225465
hi(checksum)=0x806F695275934567
lo(checksum)=0xB194CB4785D00C80
key=plain, no.=15, <checksum>:
0x806F695275934567B194CB4785D00C80
key=plain, no.=15, cso file:
/dev/null
----------------------------------------------
real command=cset shield -e /home/nrink/Projects/build/encode/encode/tests/array_sum/array_sum.perf.plain --  --cso /dev/null
key=plain, no.=16, <stderr>:
LENGTH=1200
elapsed cycles: 225282
hi(checksum)=0x806F695275934567
lo(checksum)=0xB194CB4785D00C80
key=plain, no.=16, <checksum>:
0x806F695275934567B194CB4785D00C80
key=plain, no.=16, cso file:
/dev/null
----------------------------------------------
real command=cset shield -e /home/nrink/Projects/build/encode/encode/tests/array_sum/array_sum.perf.plain --  --cso /dev/null
key=plain, no.=17, <stderr>:
LENGTH=1200
elapsed cycles: 225324
hi(checksum)=0x806F695275934567
lo(checksum)=0xB194CB4785D00C80
key=plain, no.=17, <checksum>:
0x806F695275934567B194CB4785D00C80
key=plain, no.=17, cso file:
/dev/null
----------------------------------------------
real command=cset shield -e /home/nrink/Projects/build/encode/encode/tests/array_sum/array_sum.perf.plain --  --cso /dev/null
key=plain, no.=18, <stderr>:
LENGTH=1200
elapsed cycles: 225141
hi(checksum)=0x806F695275934567
lo(checksum)=0xB194CB4785D00C80
key=plain, no.=18, <checksum>:
0x806F695275934567B194CB4785D00C80
key=plain, no.=18, cso file:
/dev/null
----------------------------------------------
real command=cset shield -e /home/nrink/Projects/build/encode/encode/tests/array_sum/array_sum.perf.plain --  --cso /dev/null
key=plain, no.=19, <stderr>:
LENGTH=1200
elapsed cycles: 225555
hi(checksum)=0x806F695275934567
lo(checksum)=0xB194CB4785D00C80
key=plain, no.=19, <checksum>:
0x806F695275934567B194CB4785D00C80
key=plain, no.=19, cso file:
/dev/null
----------------------------------------------
real command=cset shield -e /home/nrink/Projects/build/encode/encode/tests/array_sum/array_sum.perf.plain --  --cso /dev/null
key=plain, no.=20, <stderr>:
LENGTH=1200
elapsed cycles: 225450
hi(checksum)=0x806F695275934567
lo(checksum)=0xB194CB4785D00C80
key=plain, no.=20, <checksum>:
0x806F695275934567B194CB4785D00C80
key=plain, no.=20, cso file:
/dev/null
----------------------------------------------
real command=cset shield -e /home/nrink/Projects/build/encode/encode/tests/array_sum/array_sum.perf.plain --  --cso /dev/null
key=plain, no.=21, <stderr>:
LENGTH=1200
elapsed cycles: 225159
hi(checksum)=0x806F695275934567
lo(checksum)=0xB194CB4785D00C80
key=plain, no.=21, <checksum>:
0x806F695275934567B194CB4785D00C80
key=plain, no.=21, cso file:
/dev/null
----------------------------------------------
real command=cset shield -e /home/nrink/Projects/build/encode/encode/tests/array_sum/array_sum.perf.plain --  --cso /dev/null
key=plain, no.=22, <stderr>:
LENGTH=1200
elapsed cycles: 225630
hi(checksum)=0x806F695275934567
lo(checksum)=0xB194CB4785D00C80
key=plain, no.=22, <checksum>:
0x806F695275934567B194CB4785D00C80
key=plain, no.=22, cso file:
/dev/null
----------------------------------------------
real command=cset shield -e /home/nrink/Projects/build/encode/encode/tests/array_sum/array_sum.perf.plain --  --cso /dev/null
key=plain, no.=23, <stderr>:
LENGTH=1200
elapsed cycles: 225249
hi(checksum)=0x806F695275934567
lo(checksum)=0xB194CB4785D00C80
key=plain, no.=23, <checksum>:
0x806F695275934567B194CB4785D00C80
key=plain, no.=23, cso file:
/dev/null
----------------------------------------------
real command=cset shield -e /home/nrink/Projects/build/encode/encode/tests/array_sum/array_sum.perf.plain --  --cso /dev/null
key=plain, no.=24, <stderr>:
LENGTH=1200
elapsed cycles: 225021
hi(checksum)=0x806F695275934567
lo(checksum)=0xB194CB4785D00C80
key=plain, no.=24, <checksum>:
0x806F695275934567B194CB4785D00C80
key=plain, no.=24, cso file:
/dev/null
----------------------------------------------
real command=cset shield -e /home/nrink/Projects/build/encode/encode/tests/array_sum/array_sum.perf.plain --  --cso /dev/null
key=plain, no.=25, <stderr>:
LENGTH=1200
elapsed cycles: 225693
hi(checksum)=0x806F695275934567
lo(checksum)=0xB194CB4785D00C80
key=plain, no.=25, <checksum>:
0x806F695275934567B194CB4785D00C80
key=plain, no.=25, cso file:
/dev/null
----------------------------------------------
real command=cset shield -e /home/nrink/Projects/build/encode/encode/tests/array_sum/array_sum.perf.plain --  --cso /dev/null
key=plain, no.=26, <stderr>:
LENGTH=1200
elapsed cycles: 224844
hi(checksum)=0x806F695275934567
lo(checksum)=0xB194CB4785D00C80
key=plain, no.=26, <checksum>:
0x806F695275934567B194CB4785D00C80
key=plain, no.=26, cso file:
/dev/null
----------------------------------------------
real command=cset shield -e /home/nrink/Projects/build/encode/encode/tests/array_sum/array_sum.perf.plain --  --cso /dev/null
key=plain, no.=27, <stderr>:
LENGTH=1200
elapsed cycles: 225138
hi(checksum)=0x806F695275934567
lo(checksum)=0xB194CB4785D00C80
key=plain, no.=27, <checksum>:
0x806F695275934567B194CB4785D00C80
key=plain, no.=27, cso file:
/dev/null
----------------------------------------------
real command=cset shield -e /home/nrink/Projects/build/encode/encode/tests/array_sum/array_sum.perf.plain --  --cso /dev/null
key=plain, no.=28, <stderr>:
LENGTH=1200
elapsed cycles: 224988
hi(checksum)=0x806F695275934567
lo(checksum)=0xB194CB4785D00C80
key=plain, no.=28, <checksum>:
0x806F695275934567B194CB4785D00C80
key=plain, no.=28, cso file:
/dev/null
----------------------------------------------
real command=cset shield -e /home/nrink/Projects/build/encode/encode/tests/array_sum/array_sum.perf.plain --  --cso /dev/null
key=plain, no.=29, <stderr>:
LENGTH=1200
elapsed cycles: 297963
hi(checksum)=0x806F695275934567
lo(checksum)=0xB194CB4785D00C80
key=plain, no.=29, <checksum>:
0x806F695275934567B194CB4785D00C80
key=plain, no.=29, cso file:
/dev/null
----------------------------------------------
real command=cset shield -e /home/nrink/Projects/build/encode/encode/tests/array_sum/array_sum.perf.plain --  --cso /dev/null
key=plain, no.=30, <stderr>:
LENGTH=1200
elapsed cycles: 224580
hi(checksum)=0x806F695275934567
lo(checksum)=0xB194CB4785D00C80
key=plain, no.=30, <checksum>:
0x806F695275934567B194CB4785D00C80
key=plain, no.=30, cso file:
/dev/null
----------------------------------------------
real command=cset shield -e /home/nrink/Projects/build/encode/encode/tests/array_sum/array_sum.perf.plain --  --cso /dev/null
key=plain, no.=31, <stderr>:
LENGTH=1200
elapsed cycles: 224934
hi(checksum)=0x806F695275934567
lo(checksum)=0xB194CB4785D00C80
key=plain, no.=31, <checksum>:
0x806F695275934567B194CB4785D00C80
key=plain, no.=31, cso file:
/dev/null
----------------------------------------------
real command=cset shield -e /home/nrink/Projects/build/encode/encode/tests/array_sum/array_sum.perf.plain --  --cso /dev/null
key=plain, no.=32, <stderr>:
LENGTH=1200
elapsed cycles: 225327
hi(checksum)=0x806F695275934567
lo(checksum)=0xB194CB4785D00C80
key=plain, no.=32, <checksum>:
0x806F695275934567B194CB4785D00C80
key=plain, no.=32, cso file:
/dev/null
----------------------------------------------
real command=cset shield -e /home/nrink/Projects/build/encode/encode/tests/array_sum/array_sum.perf.plain --  --cso /dev/null
key=plain, no.=33, <stderr>:
LENGTH=1200
elapsed cycles: 225105
hi(checksum)=0x806F695275934567
lo(checksum)=0xB194CB4785D00C80
key=plain, no.=33, <checksum>:
0x806F695275934567B194CB4785D00C80
key=plain, no.=33, cso file:
/dev/null
----------------------------------------------
real command=cset shield -e /home/nrink/Projects/build/encode/encode/tests/array_sum/array_sum.perf.plain --  --cso /dev/null
key=plain, no.=34, <stderr>:
LENGTH=1200
elapsed cycles: 224829
hi(checksum)=0x806F695275934567
lo(checksum)=0xB194CB4785D00C80
key=plain, no.=34, <checksum>:
0x806F695275934567B194CB4785D00C80
key=plain, no.=34, cso file:
/dev/null
----------------------------------------------
real command=cset shield -e /home/nrink/Projects/build/encode/encode/tests/array_sum/array_sum.perf.plain --  --cso /dev/null
key=plain, no.=35, <stderr>:
LENGTH=1200
elapsed cycles: 225264
hi(checksum)=0x806F695275934567
lo(checksum)=0xB194CB4785D00C80
key=plain, no.=35, <checksum>:
0x806F695275934567B194CB4785D00C80
key=plain, no.=35, cso file:
/dev/null
----------------------------------------------
real command=cset shield -e /home/nrink/Projects/build/encode/encode/tests/array_sum/array_sum.perf.plain --  --cso /dev/null
key=plain, no.=36, <stderr>:
LENGTH=1200
elapsed cycles: 225063
hi(checksum)=0x806F695275934567
lo(checksum)=0xB194CB4785D00C80
key=plain, no.=36, <checksum>:
0x806F695275934567B194CB4785D00C80
key=plain, no.=36, cso file:
/dev/null
----------------------------------------------
real command=cset shield -e /home/nrink/Projects/build/encode/encode/tests/array_sum/array_sum.perf.plain --  --cso /dev/null
key=plain, no.=37, <stderr>:
LENGTH=1200
elapsed cycles: 225168
hi(checksum)=0x806F695275934567
lo(checksum)=0xB194CB4785D00C80
key=plain, no.=37, <checksum>:
0x806F695275934567B194CB4785D00C80
key=plain, no.=37, cso file:
/dev/null
----------------------------------------------
real command=cset shield -e /home/nrink/Projects/build/encode/encode/tests/array_sum/array_sum.perf.plain --  --cso /dev/null
key=plain, no.=38, <stderr>:
LENGTH=1200
elapsed cycles: 224697
hi(checksum)=0x806F695275934567
lo(checksum)=0xB194CB4785D00C80
key=plain, no.=38, <checksum>:
0x806F695275934567B194CB4785D00C80
key=plain, no.=38, cso file:
/dev/null
----------------------------------------------
real command=cset shield -e /home/nrink/Projects/build/encode/encode/tests/array_sum/array_sum.perf.plain --  --cso /dev/null
key=plain, no.=39, <stderr>:
LENGTH=1200
elapsed cycles: 224856
hi(checksum)=0x806F695275934567
lo(checksum)=0xB194CB4785D00C80
key=plain, no.=39, <checksum>:
0x806F695275934567B194CB4785D00C80
key=plain, no.=39, cso file:
/dev/null
----------------------------------------------
real command=cset shield -e /home/nrink/Projects/build/encode/encode/tests/array_sum/array_sum.perf.plain --  --cso /dev/null
key=plain, no.=40, <stderr>:
LENGTH=1200
elapsed cycles: 224658
hi(checksum)=0x806F695275934567
lo(checksum)=0xB194CB4785D00C80
key=plain, no.=40, <checksum>:
0x806F695275934567B194CB4785D00C80
key=plain, no.=40, cso file:
/dev/null
----------------------------------------------
real command=cset shield -e /home/nrink/Projects/build/encode/encode/tests/array_sum/array_sum.perf.plain --  --cso /dev/null
key=plain, no.=41, <stderr>:
LENGTH=1200
elapsed cycles: 224586
hi(checksum)=0x806F695275934567
lo(checksum)=0xB194CB4785D00C80
key=plain, no.=41, <checksum>:
0x806F695275934567B194CB4785D00C80
key=plain, no.=41, cso file:
/dev/null
----------------------------------------------
real command=cset shield -e /home/nrink/Projects/build/encode/encode/tests/array_sum/array_sum.perf.plain --  --cso /dev/null
key=plain, no.=42, <stderr>:
LENGTH=1200
elapsed cycles: 224496
hi(checksum)=0x806F695275934567
lo(checksum)=0xB194CB4785D00C80
key=plain, no.=42, <checksum>:
0x806F695275934567B194CB4785D00C80
key=plain, no.=42, cso file:
/dev/null
----------------------------------------------
real command=cset shield -e /home/nrink/Projects/build/encode/encode/tests/array_sum/array_sum.perf.plain --  --cso /dev/null
key=plain, no.=43, <stderr>:
LENGTH=1200
elapsed cycles: 224784
hi(checksum)=0x806F695275934567
lo(checksum)=0xB194CB4785D00C80
key=plain, no.=43, <checksum>:
0x806F695275934567B194CB4785D00C80
key=plain, no.=43, cso file:
/dev/null
----------------------------------------------
real command=cset shield -e /home/nrink/Projects/build/encode/encode/tests/array_sum/array_sum.perf.plain --  --cso /dev/null
key=plain, no.=44, <stderr>:
LENGTH=1200
elapsed cycles: 224583
hi(checksum)=0x806F695275934567
lo(checksum)=0xB194CB4785D00C80
key=plain, no.=44, <checksum>:
0x806F695275934567B194CB4785D00C80
key=plain, no.=44, cso file:
/dev/null
----------------------------------------------
real command=cset shield -e /home/nrink/Projects/build/encode/encode/tests/array_sum/array_sum.perf.plain --  --cso /dev/null
key=plain, no.=45, <stderr>:
LENGTH=1200
elapsed cycles: 224739
hi(checksum)=0x806F695275934567
lo(checksum)=0xB194CB4785D00C80
key=plain, no.=45, <checksum>:
0x806F695275934567B194CB4785D00C80
key=plain, no.=45, cso file:
/dev/null
----------------------------------------------
real command=cset shield -e /home/nrink/Projects/build/encode/encode/tests/array_sum/array_sum.perf.plain --  --cso /dev/null
key=plain, no.=46, <stderr>:
LENGTH=1200
elapsed cycles: 224709
hi(checksum)=0x806F695275934567
lo(checksum)=0xB194CB4785D00C80
key=plain, no.=46, <checksum>:
0x806F695275934567B194CB4785D00C80
key=plain, no.=46, cso file:
/dev/null
----------------------------------------------
real command=cset shield -e /home/nrink/Projects/build/encode/encode/tests/array_sum/array_sum.perf.plain --  --cso /dev/null
key=plain, no.=47, <stderr>:
LENGTH=1200
elapsed cycles: 224529
hi(checksum)=0x806F695275934567
lo(checksum)=0xB194CB4785D00C80
key=plain, no.=47, <checksum>:
0x806F695275934567B194CB4785D00C80
key=plain, no.=47, cso file:
/dev/null
----------------------------------------------
real command=cset shield -e /home/nrink/Projects/build/encode/encode/tests/array_sum/array_sum.perf.plain --  --cso /dev/null
key=plain, no.=48, <stderr>:
LENGTH=1200
elapsed cycles: 224568
hi(checksum)=0x806F695275934567
lo(checksum)=0xB194CB4785D00C80
key=plain, no.=48, <checksum>:
0x806F695275934567B194CB4785D00C80
key=plain, no.=48, cso file:
/dev/null
----------------------------------------------
real command=cset shield -e /home/nrink/Projects/build/encode/encode/tests/array_sum/array_sum.perf.plain --  --cso /dev/null
key=plain, no.=49, <stderr>:
LENGTH=1200
elapsed cycles: 267378
hi(checksum)=0x806F695275934567
lo(checksum)=0xB194CB4785D00C80
key=plain, no.=49, <checksum>:
0x806F695275934567B194CB4785D00C80
key=plain, no.=49, cso file:
/dev/null
----------------------------------------------
real command=cset shield -e /home/nrink/Projects/build/encode/encode/tests/array_sum/array_sum.perf.plain --  --cso /dev/null
key=plain, no.=50, <stderr>:
LENGTH=1200
elapsed cycles: 225267
hi(checksum)=0x806F695275934567
lo(checksum)=0xB194CB4785D00C80
key=plain, no.=50, <checksum>:
0x806F695275934567B194CB4785D00C80
key=plain, no.=50, cso file:
/dev/null
----------------------------------------------
real command=cset shield -e /home/nrink/Projects/build/encode/encode/tests/array_sum/array_sum.perf.plain --  --cso /dev/null
key=plain, no.=51, <stderr>:
LENGTH=1200
elapsed cycles: 224799
hi(checksum)=0x806F695275934567
lo(checksum)=0xB194CB4785D00C80
key=plain, no.=51, <checksum>:
0x806F695275934567B194CB4785D00C80
key=plain, no.=51, cso file:
/dev/null
----------------------------------------------
real command=cset shield -e /home/nrink/Projects/build/encode/encode/tests/array_sum/array_sum.perf.plain --  --cso /dev/null
key=plain, no.=52, <stderr>:
LENGTH=1200
elapsed cycles: 225219
hi(checksum)=0x806F695275934567
lo(checksum)=0xB194CB4785D00C80
key=plain, no.=52, <checksum>:
0x806F695275934567B194CB4785D00C80
key=plain, no.=52, cso file:
/dev/null
----------------------------------------------
real command=cset shield -e /home/nrink/Projects/build/encode/encode/tests/array_sum/array_sum.perf.plain --  --cso /dev/null
key=plain, no.=53, <stderr>:
LENGTH=1200
elapsed cycles: 226005
hi(checksum)=0x806F695275934567
lo(checksum)=0xB194CB4785D00C80
key=plain, no.=53, <checksum>:
0x806F695275934567B194CB4785D00C80
key=plain, no.=53, cso file:
/dev/null
----------------------------------------------
real command=cset shield -e /home/nrink/Projects/build/encode/encode/tests/array_sum/array_sum.perf.plain --  --cso /dev/null
key=plain, no.=54, <stderr>:
LENGTH=1200
elapsed cycles: 226095
hi(checksum)=0x806F695275934567
lo(checksum)=0xB194CB4785D00C80
key=plain, no.=54, <checksum>:
0x806F695275934567B194CB4785D00C80
key=plain, no.=54, cso file:
/dev/null
----------------------------------------------
real command=cset shield -e /home/nrink/Projects/build/encode/encode/tests/array_sum/array_sum.perf.plain --  --cso /dev/null
key=plain, no.=55, <stderr>:
LENGTH=1200
elapsed cycles: 225027
hi(checksum)=0x806F695275934567
lo(checksum)=0xB194CB4785D00C80
key=plain, no.=55, <checksum>:
0x806F695275934567B194CB4785D00C80
key=plain, no.=55, cso file:
/dev/null
----------------------------------------------
real command=cset shield -e /home/nrink/Projects/build/encode/encode/tests/array_sum/array_sum.perf.plain --  --cso /dev/null
key=plain, no.=56, <stderr>:
LENGTH=1200
elapsed cycles: 226353
hi(checksum)=0x806F695275934567
lo(checksum)=0xB194CB4785D00C80
key=plain, no.=56, <checksum>:
0x806F695275934567B194CB4785D00C80
key=plain, no.=56, cso file:
/dev/null
----------------------------------------------
real command=cset shield -e /home/nrink/Projects/build/encode/encode/tests/array_sum/array_sum.perf.plain --  --cso /dev/null
key=plain, no.=57, <stderr>:
LENGTH=1200
elapsed cycles: 225573
hi(checksum)=0x806F695275934567
lo(checksum)=0xB194CB4785D00C80
key=plain, no.=57, <checksum>:
0x806F695275934567B194CB4785D00C80
key=plain, no.=57, cso file:
/dev/null
----------------------------------------------
real command=cset shield -e /home/nrink/Projects/build/encode/encode/tests/array_sum/array_sum.perf.plain --  --cso /dev/null
key=plain, no.=58, <stderr>:
LENGTH=1200
elapsed cycles: 224655
hi(checksum)=0x806F695275934567
lo(checksum)=0xB194CB4785D00C80
key=plain, no.=58, <checksum>:
0x806F695275934567B194CB4785D00C80
key=plain, no.=58, cso file:
/dev/null
----------------------------------------------
real command=cset shield -e /home/nrink/Projects/build/encode/encode/tests/array_sum/array_sum.perf.plain --  --cso /dev/null
key=plain, no.=59, <stderr>:
LENGTH=1200
elapsed cycles: 224736
hi(checksum)=0x806F695275934567
lo(checksum)=0xB194CB4785D00C80
key=plain, no.=59, <checksum>:
0x806F695275934567B194CB4785D00C80
key=plain, no.=59, cso file:
/dev/null
----------------------------------------------
real command=cset shield -e /home/nrink/Projects/build/encode/encode/tests/array_sum/array_sum.perf.plain --  --cso /dev/null
key=plain, no.=60, <stderr>:
LENGTH=1200
elapsed cycles: 224505
hi(checksum)=0x806F695275934567
lo(checksum)=0xB194CB4785D00C80
key=plain, no.=60, <checksum>:
0x806F695275934567B194CB4785D00C80
key=plain, no.=60, cso file:
/dev/null
----------------------------------------------
real command=cset shield -e /home/nrink/Projects/build/encode/encode/tests/array_sum/array_sum.perf.plain --  --cso /dev/null
key=plain, no.=61, <stderr>:
LENGTH=1200
elapsed cycles: 224616
hi(checksum)=0x806F695275934567
lo(checksum)=0xB194CB4785D00C80
key=plain, no.=61, <checksum>:
0x806F695275934567B194CB4785D00C80
key=plain, no.=61, cso file:
/dev/null
----------------------------------------------
real command=cset shield -e /home/nrink/Projects/build/encode/encode/tests/array_sum/array_sum.perf.plain --  --cso /dev/null
key=plain, no.=62, <stderr>:
LENGTH=1200
elapsed cycles: 224466
hi(checksum)=0x806F695275934567
lo(checksum)=0xB194CB4785D00C80
key=plain, no.=62, <checksum>:
0x806F695275934567B194CB4785D00C80
key=plain, no.=62, cso file:
/dev/null
----------------------------------------------
real command=cset shield -e /home/nrink/Projects/build/encode/encode/tests/array_sum/array_sum.perf.plain --  --cso /dev/null
key=plain, no.=63, <stderr>:
LENGTH=1200
elapsed cycles: 224589
hi(checksum)=0x806F695275934567
lo(checksum)=0xB194CB4785D00C80
key=plain, no.=63, <checksum>:
0x806F695275934567B194CB4785D00C80
key=plain, no.=63, cso file:
/dev/null
----------------------------------------------
real command=cset shield -e /home/nrink/Projects/build/encode/encode/tests/array_sum/array_sum.perf.plain --  --cso /dev/null
key=plain, no.=64, <stderr>:
LENGTH=1200
elapsed cycles: 224922
hi(checksum)=0x806F695275934567
lo(checksum)=0xB194CB4785D00C80
key=plain, no.=64, <checksum>:
0x806F695275934567B194CB4785D00C80
key=plain, no.=64, cso file:
/dev/null
----------------------------------------------
real command=cset shield -e /home/nrink/Projects/build/encode/encode/tests/array_sum/array_sum.perf.plain --  --cso /dev/null
key=plain, no.=65, <stderr>:
LENGTH=1200
elapsed cycles: 224532
hi(checksum)=0x806F695275934567
lo(checksum)=0xB194CB4785D00C80
key=plain, no.=65, <checksum>:
0x806F695275934567B194CB4785D00C80
key=plain, no.=65, cso file:
/dev/null
----------------------------------------------
real command=cset shield -e /home/nrink/Projects/build/encode/encode/tests/array_sum/array_sum.perf.plain --  --cso /dev/null
key=plain, no.=66, <stderr>:
LENGTH=1200
elapsed cycles: 224334
hi(checksum)=0x806F695275934567
lo(checksum)=0xB194CB4785D00C80
key=plain, no.=66, <checksum>:
0x806F695275934567B194CB4785D00C80
key=plain, no.=66, cso file:
/dev/null
----------------------------------------------
real command=cset shield -e /home/nrink/Projects/build/encode/encode/tests/array_sum/array_sum.perf.plain --  --cso /dev/null
key=plain, no.=67, <stderr>:
LENGTH=1200
elapsed cycles: 225042
hi(checksum)=0x806F695275934567
lo(checksum)=0xB194CB4785D00C80
key=plain, no.=67, <checksum>:
0x806F695275934567B194CB4785D00C80
key=plain, no.=67, cso file:
/dev/null
----------------------------------------------
real command=cset shield -e /home/nrink/Projects/build/encode/encode/tests/array_sum/array_sum.perf.plain --  --cso /dev/null
key=plain, no.=68, <stderr>:
LENGTH=1200
elapsed cycles: 224727
hi(checksum)=0x806F695275934567
lo(checksum)=0xB194CB4785D00C80
key=plain, no.=68, <checksum>:
0x806F695275934567B194CB4785D00C80
key=plain, no.=68, cso file:
/dev/null
----------------------------------------------
real command=cset shield -e /home/nrink/Projects/build/encode/encode/tests/array_sum/array_sum.perf.plain --  --cso /dev/null
key=plain, no.=69, <stderr>:
LENGTH=1200
elapsed cycles: 224535
hi(checksum)=0x806F695275934567
lo(checksum)=0xB194CB4785D00C80
key=plain, no.=69, <checksum>:
0x806F695275934567B194CB4785D00C80
key=plain, no.=69, cso file:
/dev/null
----------------------------------------------
real command=cset shield -e /home/nrink/Projects/build/encode/encode/tests/array_sum/array_sum.perf.plain --  --cso /dev/null
key=plain, no.=70, <stderr>:
LENGTH=1200
elapsed cycles: 224643
hi(checksum)=0x806F695275934567
lo(checksum)=0xB194CB4785D00C80
key=plain, no.=70, <checksum>:
0x806F695275934567B194CB4785D00C80
key=plain, no.=70, cso file:
/dev/null
----------------------------------------------
real command=cset shield -e /home/nrink/Projects/build/encode/encode/tests/array_sum/array_sum.perf.plain --  --cso /dev/null
key=plain, no.=71, <stderr>:
LENGTH=1200
elapsed cycles: 226260
hi(checksum)=0x806F695275934567
lo(checksum)=0xB194CB4785D00C80
key=plain, no.=71, <checksum>:
0x806F695275934567B194CB4785D00C80
key=plain, no.=71, cso file:
/dev/null
----------------------------------------------
real command=cset shield -e /home/nrink/Projects/build/encode/encode/tests/array_sum/array_sum.perf.plain --  --cso /dev/null
key=plain, no.=72, <stderr>:
LENGTH=1200
elapsed cycles: 225099
hi(checksum)=0x806F695275934567
lo(checksum)=0xB194CB4785D00C80
key=plain, no.=72, <checksum>:
0x806F695275934567B194CB4785D00C80
key=plain, no.=72, cso file:
/dev/null
----------------------------------------------
real command=cset shield -e /home/nrink/Projects/build/encode/encode/tests/array_sum/array_sum.perf.plain --  --cso /dev/null
key=plain, no.=73, <stderr>:
LENGTH=1200
elapsed cycles: 224388
hi(checksum)=0x806F695275934567
lo(checksum)=0xB194CB4785D00C80
key=plain, no.=73, <checksum>:
0x806F695275934567B194CB4785D00C80
key=plain, no.=73, cso file:
/dev/null
----------------------------------------------
real command=cset shield -e /home/nrink/Projects/build/encode/encode/tests/array_sum/array_sum.perf.plain --  --cso /dev/null
key=plain, no.=74, <stderr>:
LENGTH=1200
elapsed cycles: 224802
hi(checksum)=0x806F695275934567
lo(checksum)=0xB194CB4785D00C80
key=plain, no.=74, <checksum>:
0x806F695275934567B194CB4785D00C80
key=plain, no.=74, cso file:
/dev/null
----------------------------------------------
real command=cset shield -e /home/nrink/Projects/build/encode/encode/tests/array_sum/array_sum.perf.plain --  --cso /dev/null
key=plain, no.=75, <stderr>:
LENGTH=1200
elapsed cycles: 224760
hi(checksum)=0x806F695275934567
lo(checksum)=0xB194CB4785D00C80
key=plain, no.=75, <checksum>:
0x806F695275934567B194CB4785D00C80
key=plain, no.=75, cso file:
/dev/null
----------------------------------------------
real command=cset shield -e /home/nrink/Projects/build/encode/encode/tests/array_sum/array_sum.perf.plain --  --cso /dev/null
key=plain, no.=76, <stderr>:
LENGTH=1200
elapsed cycles: 224454
hi(checksum)=0x806F695275934567
lo(checksum)=0xB194CB4785D00C80
key=plain, no.=76, <checksum>:
0x806F695275934567B194CB4785D00C80
key=plain, no.=76, cso file:
/dev/null
----------------------------------------------
real command=cset shield -e /home/nrink/Projects/build/encode/encode/tests/array_sum/array_sum.perf.plain --  --cso /dev/null
key=plain, no.=77, <stderr>:
LENGTH=1200
elapsed cycles: 224736
hi(checksum)=0x806F695275934567
lo(checksum)=0xB194CB4785D00C80
key=plain, no.=77, <checksum>:
0x806F695275934567B194CB4785D00C80
key=plain, no.=77, cso file:
/dev/null
----------------------------------------------
real command=cset shield -e /home/nrink/Projects/build/encode/encode/tests/array_sum/array_sum.perf.plain --  --cso /dev/null
key=plain, no.=78, <stderr>:
LENGTH=1200
elapsed cycles: 224838
hi(checksum)=0x806F695275934567
lo(checksum)=0xB194CB4785D00C80
key=plain, no.=78, <checksum>:
0x806F695275934567B194CB4785D00C80
key=plain, no.=78, cso file:
/dev/null
----------------------------------------------
real command=cset shield -e /home/nrink/Projects/build/encode/encode/tests/array_sum/array_sum.perf.plain --  --cso /dev/null
key=plain, no.=79, <stderr>:
LENGTH=1200
elapsed cycles: 224700
hi(checksum)=0x806F695275934567
lo(checksum)=0xB194CB4785D00C80
key=plain, no.=79, <checksum>:
0x806F695275934567B194CB4785D00C80
key=plain, no.=79, cso file:
/dev/null
----------------------------------------------
real command=cset shield -e /home/nrink/Projects/build/encode/encode/tests/array_sum/array_sum.perf.plain --  --cso /dev/null
key=plain, no.=80, <stderr>:
LENGTH=1200
elapsed cycles: 224568
hi(checksum)=0x806F695275934567
lo(checksum)=0xB194CB4785D00C80
key=plain, no.=80, <checksum>:
0x806F695275934567B194CB4785D00C80
key=plain, no.=80, cso file:
/dev/null
----------------------------------------------
real command=cset shield -e /home/nrink/Projects/build/encode/encode/tests/array_sum/array_sum.perf.plain --  --cso /dev/null
key=plain, no.=81, <stderr>:
LENGTH=1200
elapsed cycles: 224445
hi(checksum)=0x806F695275934567
lo(checksum)=0xB194CB4785D00C80
key=plain, no.=81, <checksum>:
0x806F695275934567B194CB4785D00C80
key=plain, no.=81, cso file:
/dev/null
----------------------------------------------
real command=cset shield -e /home/nrink/Projects/build/encode/encode/tests/array_sum/array_sum.perf.plain --  --cso /dev/null
key=plain, no.=82, <stderr>:
LENGTH=1200
elapsed cycles: 224535
hi(checksum)=0x806F695275934567
lo(checksum)=0xB194CB4785D00C80
key=plain, no.=82, <checksum>:
0x806F695275934567B194CB4785D00C80
key=plain, no.=82, cso file:
/dev/null
----------------------------------------------
real command=cset shield -e /home/nrink/Projects/build/encode/encode/tests/array_sum/array_sum.perf.plain --  --cso /dev/null
key=plain, no.=83, <stderr>:
LENGTH=1200
elapsed cycles: 224460
hi(checksum)=0x806F695275934567
lo(checksum)=0xB194CB4785D00C80
key=plain, no.=83, <checksum>:
0x806F695275934567B194CB4785D00C80
key=plain, no.=83, cso file:
/dev/null
----------------------------------------------
real command=cset shield -e /home/nrink/Projects/build/encode/encode/tests/array_sum/array_sum.perf.plain --  --cso /dev/null
key=plain, no.=84, <stderr>:
LENGTH=1200
elapsed cycles: 224715
hi(checksum)=0x806F695275934567
lo(checksum)=0xB194CB4785D00C80
key=plain, no.=84, <checksum>:
0x806F695275934567B194CB4785D00C80
key=plain, no.=84, cso file:
/dev/null
----------------------------------------------
real command=cset shield -e /home/nrink/Projects/build/encode/encode/tests/array_sum/array_sum.perf.plain --  --cso /dev/null
key=plain, no.=85, <stderr>:
LENGTH=1200
elapsed cycles: 224283
hi(checksum)=0x806F695275934567
lo(checksum)=0xB194CB4785D00C80
key=plain, no.=85, <checksum>:
0x806F695275934567B194CB4785D00C80
key=plain, no.=85, cso file:
/dev/null
----------------------------------------------
real command=cset shield -e /home/nrink/Projects/build/encode/encode/tests/array_sum/array_sum.perf.plain --  --cso /dev/null
key=plain, no.=86, <stderr>:
LENGTH=1200
elapsed cycles: 224919
hi(checksum)=0x806F695275934567
lo(checksum)=0xB194CB4785D00C80
key=plain, no.=86, <checksum>:
0x806F695275934567B194CB4785D00C80
key=plain, no.=86, cso file:
/dev/null
----------------------------------------------
real command=cset shield -e /home/nrink/Projects/build/encode/encode/tests/array_sum/array_sum.perf.plain --  --cso /dev/null
key=plain, no.=87, <stderr>:
LENGTH=1200
elapsed cycles: 225105
hi(checksum)=0x806F695275934567
lo(checksum)=0xB194CB4785D00C80
key=plain, no.=87, <checksum>:
0x806F695275934567B194CB4785D00C80
key=plain, no.=87, cso file:
/dev/null
----------------------------------------------
real command=cset shield -e /home/nrink/Projects/build/encode/encode/tests/array_sum/array_sum.perf.plain --  --cso /dev/null
key=plain, no.=88, <stderr>:
LENGTH=1200
elapsed cycles: 224490
hi(checksum)=0x806F695275934567
lo(checksum)=0xB194CB4785D00C80
key=plain, no.=88, <checksum>:
0x806F695275934567B194CB4785D00C80
key=plain, no.=88, cso file:
/dev/null
----------------------------------------------
real command=cset shield -e /home/nrink/Projects/build/encode/encode/tests/array_sum/array_sum.perf.plain --  --cso /dev/null
key=plain, no.=89, <stderr>:
LENGTH=1200
elapsed cycles: 224751
hi(checksum)=0x806F695275934567
lo(checksum)=0xB194CB4785D00C80
key=plain, no.=89, <checksum>:
0x806F695275934567B194CB4785D00C80
key=plain, no.=89, cso file:
/dev/null
----------------------------------------------
real command=cset shield -e /home/nrink/Projects/build/encode/encode/tests/array_sum/array_sum.perf.plain --  --cso /dev/null
key=plain, no.=90, <stderr>:
LENGTH=1200
elapsed cycles: 224820
hi(checksum)=0x806F695275934567
lo(checksum)=0xB194CB4785D00C80
key=plain, no.=90, <checksum>:
0x806F695275934567B194CB4785D00C80
key=plain, no.=90, cso file:
/dev/null
----------------------------------------------
real command=cset shield -e /home/nrink/Projects/build/encode/encode/tests/array_sum/array_sum.perf.plain --  --cso /dev/null
key=plain, no.=91, <stderr>:
LENGTH=1200
elapsed cycles: 224490
hi(checksum)=0x806F695275934567
lo(checksum)=0xB194CB4785D00C80
key=plain, no.=91, <checksum>:
0x806F695275934567B194CB4785D00C80
key=plain, no.=91, cso file:
/dev/null
----------------------------------------------
real command=cset shield -e /home/nrink/Projects/build/encode/encode/tests/array_sum/array_sum.perf.plain --  --cso /dev/null
key=plain, no.=92, <stderr>:
LENGTH=1200
elapsed cycles: 225303
hi(checksum)=0x806F695275934567
lo(checksum)=0xB194CB4785D00C80
key=plain, no.=92, <checksum>:
0x806F695275934567B194CB4785D00C80
key=plain, no.=92, cso file:
/dev/null
----------------------------------------------
real command=cset shield -e /home/nrink/Projects/build/encode/encode/tests/array_sum/array_sum.perf.plain --  --cso /dev/null
key=plain, no.=93, <stderr>:
LENGTH=1200
elapsed cycles: 224586
hi(checksum)=0x806F695275934567
lo(checksum)=0xB194CB4785D00C80
key=plain, no.=93, <checksum>:
0x806F695275934567B194CB4785D00C80
key=plain, no.=93, cso file:
/dev/null
----------------------------------------------
real command=cset shield -e /home/nrink/Projects/build/encode/encode/tests/array_sum/array_sum.perf.plain --  --cso /dev/null
key=plain, no.=94, <stderr>:
LENGTH=1200
elapsed cycles: 224709
hi(checksum)=0x806F695275934567
lo(checksum)=0xB194CB4785D00C80
key=plain, no.=94, <checksum>:
0x806F695275934567B194CB4785D00C80
key=plain, no.=94, cso file:
/dev/null
----------------------------------------------
real command=cset shield -e /home/nrink/Projects/build/encode/encode/tests/array_sum/array_sum.perf.plain --  --cso /dev/null
key=plain, no.=95, <stderr>:
LENGTH=1200
elapsed cycles: 224511
hi(checksum)=0x806F695275934567
lo(checksum)=0xB194CB4785D00C80
key=plain, no.=95, <checksum>:
0x806F695275934567B194CB4785D00C80
key=plain, no.=95, cso file:
/dev/null
----------------------------------------------
real command=cset shield -e /home/nrink/Projects/build/encode/encode/tests/array_sum/array_sum.perf.plain --  --cso /dev/null
key=plain, no.=96, <stderr>:
LENGTH=1200
elapsed cycles: 224454
hi(checksum)=0x806F695275934567
lo(checksum)=0xB194CB4785D00C80
key=plain, no.=96, <checksum>:
0x806F695275934567B194CB4785D00C80
key=plain, no.=96, cso file:
/dev/null
----------------------------------------------
real command=cset shield -e /home/nrink/Projects/build/encode/encode/tests/array_sum/array_sum.perf.plain --  --cso /dev/null
key=plain, no.=97, <stderr>:
LENGTH=1200
elapsed cycles: 224565
hi(checksum)=0x806F695275934567
lo(checksum)=0xB194CB4785D00C80
key=plain, no.=97, <checksum>:
0x806F695275934567B194CB4785D00C80
key=plain, no.=97, cso file:
/dev/null
----------------------------------------------
real command=cset shield -e /home/nrink/Projects/build/encode/encode/tests/array_sum/array_sum.perf.plain --  --cso /dev/null
key=plain, no.=98, <stderr>:
LENGTH=1200
elapsed cycles: 224583
hi(checksum)=0x806F695275934567
lo(checksum)=0xB194CB4785D00C80
key=plain, no.=98, <checksum>:
0x806F695275934567B194CB4785D00C80
key=plain, no.=98, cso file:
/dev/null
----------------------------------------------
real command=cset shield -e /home/nrink/Projects/build/encode/encode/tests/array_sum/array_sum.perf.plain --  --cso /dev/null
key=plain, no.=99, <stderr>:
LENGTH=1200
elapsed cycles: 224457
hi(checksum)=0x806F695275934567
lo(checksum)=0xB194CB4785D00C80
key=plain, no.=99, <checksum>:
0x806F695275934567B194CB4785D00C80
key=plain, no.=99, cso file:
/dev/null
----------------------------------------------
key=encoded, runs=100 ...
command=/home/nrink/Projects/build/encode/encode/tests/array_sum/array_sum.perf.encoded
----------------------------------------------
real command=cset shield -e /home/nrink/Projects/build/encode/encode/tests/array_sum/array_sum.perf.encoded --  --cso /dev/null
key=encoded, no.=0, <stderr>:
LENGTH=1200
elapsed cycles: 991680
hi(checksum)=0x806F695275934567
lo(checksum)=0xB194CB4785D00C80
key=encoded, no.=0, <checksum>:
0x806F695275934567B194CB4785D00C80
key=encoded, no.=0, cso file:
/dev/null
----------------------------------------------
real command=cset shield -e /home/nrink/Projects/build/encode/encode/tests/array_sum/array_sum.perf.encoded --  --cso /dev/null
key=encoded, no.=1, <stderr>:
LENGTH=1200
elapsed cycles: 991353
hi(checksum)=0x806F695275934567
lo(checksum)=0xB194CB4785D00C80
key=encoded, no.=1, <checksum>:
0x806F695275934567B194CB4785D00C80
key=encoded, no.=1, cso file:
/dev/null
----------------------------------------------
real command=cset shield -e /home/nrink/Projects/build/encode/encode/tests/array_sum/array_sum.perf.encoded --  --cso /dev/null
key=encoded, no.=2, <stderr>:
LENGTH=1200
elapsed cycles: 991167
hi(checksum)=0x806F695275934567
lo(checksum)=0xB194CB4785D00C80
key=encoded, no.=2, <checksum>:
0x806F695275934567B194CB4785D00C80
key=encoded, no.=2, cso file:
/dev/null
----------------------------------------------
real command=cset shield -e /home/nrink/Projects/build/encode/encode/tests/array_sum/array_sum.perf.encoded --  --cso /dev/null
key=encoded, no.=3, <stderr>:
LENGTH=1200
elapsed cycles: 991920
hi(checksum)=0x806F695275934567
lo(checksum)=0xB194CB4785D00C80
key=encoded, no.=3, <checksum>:
0x806F695275934567B194CB4785D00C80
key=encoded, no.=3, cso file:
/dev/null
----------------------------------------------
real command=cset shield -e /home/nrink/Projects/build/encode/encode/tests/array_sum/array_sum.perf.encoded --  --cso /dev/null
key=encoded, no.=4, <stderr>:
LENGTH=1200
elapsed cycles: 1240626
hi(checksum)=0x806F695275934567
lo(checksum)=0xB194CB4785D00C80
key=encoded, no.=4, <checksum>:
0x806F695275934567B194CB4785D00C80
key=encoded, no.=4, cso file:
/dev/null
----------------------------------------------
real command=cset shield -e /home/nrink/Projects/build/encode/encode/tests/array_sum/array_sum.perf.encoded --  --cso /dev/null
key=encoded, no.=5, <stderr>:
LENGTH=1200
elapsed cycles: 990381
hi(checksum)=0x806F695275934567
lo(checksum)=0xB194CB4785D00C80
key=encoded, no.=5, <checksum>:
0x806F695275934567B194CB4785D00C80
key=encoded, no.=5, cso file:
/dev/null
----------------------------------------------
real command=cset shield -e /home/nrink/Projects/build/encode/encode/tests/array_sum/array_sum.perf.encoded --  --cso /dev/null
key=encoded, no.=6, <stderr>:
LENGTH=1200
elapsed cycles: 991647
hi(checksum)=0x806F695275934567
lo(checksum)=0xB194CB4785D00C80
key=encoded, no.=6, <checksum>:
0x806F695275934567B194CB4785D00C80
key=encoded, no.=6, cso file:
/dev/null
----------------------------------------------
real command=cset shield -e /home/nrink/Projects/build/encode/encode/tests/array_sum/array_sum.perf.encoded --  --cso /dev/null
key=encoded, no.=7, <stderr>:
LENGTH=1200
elapsed cycles: 992139
hi(checksum)=0x806F695275934567
lo(checksum)=0xB194CB4785D00C80
key=encoded, no.=7, <checksum>:
0x806F695275934567B194CB4785D00C80
key=encoded, no.=7, cso file:
/dev/null
----------------------------------------------
real command=cset shield -e /home/nrink/Projects/build/encode/encode/tests/array_sum/array_sum.perf.encoded --  --cso /dev/null
key=encoded, no.=8, <stderr>:
LENGTH=1200
elapsed cycles: 993477
hi(checksum)=0x806F695275934567
lo(checksum)=0xB194CB4785D00C80
key=encoded, no.=8, <checksum>:
0x806F695275934567B194CB4785D00C80
key=encoded, no.=8, cso file:
/dev/null
----------------------------------------------
real command=cset shield -e /home/nrink/Projects/build/encode/encode/tests/array_sum/array_sum.perf.encoded --  --cso /dev/null
key=encoded, no.=9, <stderr>:
LENGTH=1200
elapsed cycles: 995181
hi(checksum)=0x806F695275934567
lo(checksum)=0xB194CB4785D00C80
key=encoded, no.=9, <checksum>:
0x806F695275934567B194CB4785D00C80
key=encoded, no.=9, cso file:
/dev/null
----------------------------------------------
real command=cset shield -e /home/nrink/Projects/build/encode/encode/tests/array_sum/array_sum.perf.encoded --  --cso /dev/null
key=encoded, no.=10, <stderr>:
LENGTH=1200
elapsed cycles: 992763
hi(checksum)=0x806F695275934567
lo(checksum)=0xB194CB4785D00C80
key=encoded, no.=10, <checksum>:
0x806F695275934567B194CB4785D00C80
key=encoded, no.=10, cso file:
/dev/null
----------------------------------------------
real command=cset shield -e /home/nrink/Projects/build/encode/encode/tests/array_sum/array_sum.perf.encoded --  --cso /dev/null
key=encoded, no.=11, <stderr>:
LENGTH=1200
elapsed cycles: 990828
hi(checksum)=0x806F695275934567
lo(checksum)=0xB194CB4785D00C80
key=encoded, no.=11, <checksum>:
0x806F695275934567B194CB4785D00C80
key=encoded, no.=11, cso file:
/dev/null
----------------------------------------------
real command=cset shield -e /home/nrink/Projects/build/encode/encode/tests/array_sum/array_sum.perf.encoded --  --cso /dev/null
key=encoded, no.=12, <stderr>:
LENGTH=1200
elapsed cycles: 992460
hi(checksum)=0x806F695275934567
lo(checksum)=0xB194CB4785D00C80
key=encoded, no.=12, <checksum>:
0x806F695275934567B194CB4785D00C80
key=encoded, no.=12, cso file:
/dev/null
----------------------------------------------
real command=cset shield -e /home/nrink/Projects/build/encode/encode/tests/array_sum/array_sum.perf.encoded --  --cso /dev/null
key=encoded, no.=13, <stderr>:
LENGTH=1200
elapsed cycles: 992313
hi(checksum)=0x806F695275934567
lo(checksum)=0xB194CB4785D00C80
key=encoded, no.=13, <checksum>:
0x806F695275934567B194CB4785D00C80
key=encoded, no.=13, cso file:
/dev/null
----------------------------------------------
real command=cset shield -e /home/nrink/Projects/build/encode/encode/tests/array_sum/array_sum.perf.encoded --  --cso /dev/null
key=encoded, no.=14, <stderr>:
LENGTH=1200
elapsed cycles: 993168
hi(checksum)=0x806F695275934567
lo(checksum)=0xB194CB4785D00C80
key=encoded, no.=14, <checksum>:
0x806F695275934567B194CB4785D00C80
key=encoded, no.=14, cso file:
/dev/null
----------------------------------------------
real command=cset shield -e /home/nrink/Projects/build/encode/encode/tests/array_sum/array_sum.perf.encoded --  --cso /dev/null
key=encoded, no.=15, <stderr>:
LENGTH=1200
elapsed cycles: 1040511
hi(checksum)=0x806F695275934567
lo(checksum)=0xB194CB4785D00C80
key=encoded, no.=15, <checksum>:
0x806F695275934567B194CB4785D00C80
key=encoded, no.=15, cso file:
/dev/null
----------------------------------------------
real command=cset shield -e /home/nrink/Projects/build/encode/encode/tests/array_sum/array_sum.perf.encoded --  --cso /dev/null
key=encoded, no.=16, <stderr>:
LENGTH=1200
elapsed cycles: 991455
hi(checksum)=0x806F695275934567
lo(checksum)=0xB194CB4785D00C80
key=encoded, no.=16, <checksum>:
0x806F695275934567B194CB4785D00C80
key=encoded, no.=16, cso file:
/dev/null
----------------------------------------------
real command=cset shield -e /home/nrink/Projects/build/encode/encode/tests/array_sum/array_sum.perf.encoded --  --cso /dev/null
key=encoded, no.=17, <stderr>:
LENGTH=1200
elapsed cycles: 992019
hi(checksum)=0x806F695275934567
lo(checksum)=0xB194CB4785D00C80
key=encoded, no.=17, <checksum>:
0x806F695275934567B194CB4785D00C80
key=encoded, no.=17, cso file:
/dev/null
----------------------------------------------
real command=cset shield -e /home/nrink/Projects/build/encode/encode/tests/array_sum/array_sum.perf.encoded --  --cso /dev/null
key=encoded, no.=18, <stderr>:
LENGTH=1200
elapsed cycles: 992586
hi(checksum)=0x806F695275934567
lo(checksum)=0xB194CB4785D00C80
key=encoded, no.=18, <checksum>:
0x806F695275934567B194CB4785D00C80
key=encoded, no.=18, cso file:
/dev/null
----------------------------------------------
real command=cset shield -e /home/nrink/Projects/build/encode/encode/tests/array_sum/array_sum.perf.encoded --  --cso /dev/null
key=encoded, no.=19, <stderr>:
LENGTH=1200
elapsed cycles: 991455
hi(checksum)=0x806F695275934567
lo(checksum)=0xB194CB4785D00C80
key=encoded, no.=19, <checksum>:
0x806F695275934567B194CB4785D00C80
key=encoded, no.=19, cso file:
/dev/null
----------------------------------------------
real command=cset shield -e /home/nrink/Projects/build/encode/encode/tests/array_sum/array_sum.perf.encoded --  --cso /dev/null
key=encoded, no.=20, <stderr>:
LENGTH=1200
elapsed cycles: 990708
hi(checksum)=0x806F695275934567
lo(checksum)=0xB194CB4785D00C80
key=encoded, no.=20, <checksum>:
0x806F695275934567B194CB4785D00C80
key=encoded, no.=20, cso file:
/dev/null
----------------------------------------------
real command=cset shield -e /home/nrink/Projects/build/encode/encode/tests/array_sum/array_sum.perf.encoded --  --cso /dev/null
key=encoded, no.=21, <stderr>:
LENGTH=1200
elapsed cycles: 992901
hi(checksum)=0x806F695275934567
lo(checksum)=0xB194CB4785D00C80
key=encoded, no.=21, <checksum>:
0x806F695275934567B194CB4785D00C80
key=encoded, no.=21, cso file:
/dev/null
----------------------------------------------
real command=cset shield -e /home/nrink/Projects/build/encode/encode/tests/array_sum/array_sum.perf.encoded --  --cso /dev/null
key=encoded, no.=22, <stderr>:
LENGTH=1200
elapsed cycles: 991599
hi(checksum)=0x806F695275934567
lo(checksum)=0xB194CB4785D00C80
key=encoded, no.=22, <checksum>:
0x806F695275934567B194CB4785D00C80
key=encoded, no.=22, cso file:
/dev/null
----------------------------------------------
real command=cset shield -e /home/nrink/Projects/build/encode/encode/tests/array_sum/array_sum.perf.encoded --  --cso /dev/null
key=encoded, no.=23, <stderr>:
LENGTH=1200
elapsed cycles: 990765
hi(checksum)=0x806F695275934567
lo(checksum)=0xB194CB4785D00C80
key=encoded, no.=23, <checksum>:
0x806F695275934567B194CB4785D00C80
key=encoded, no.=23, cso file:
/dev/null
----------------------------------------------
real command=cset shield -e /home/nrink/Projects/build/encode/encode/tests/array_sum/array_sum.perf.encoded --  --cso /dev/null
key=encoded, no.=24, <stderr>:
LENGTH=1200
elapsed cycles: 991413
hi(checksum)=0x806F695275934567
lo(checksum)=0xB194CB4785D00C80
key=encoded, no.=24, <checksum>:
0x806F695275934567B194CB4785D00C80
key=encoded, no.=24, cso file:
/dev/null
----------------------------------------------
real command=cset shield -e /home/nrink/Projects/build/encode/encode/tests/array_sum/array_sum.perf.encoded --  --cso /dev/null
key=encoded, no.=25, <stderr>:
LENGTH=1200
elapsed cycles: 991974
hi(checksum)=0x806F695275934567
lo(checksum)=0xB194CB4785D00C80
key=encoded, no.=25, <checksum>:
0x806F695275934567B194CB4785D00C80
key=encoded, no.=25, cso file:
/dev/null
----------------------------------------------
real command=cset shield -e /home/nrink/Projects/build/encode/encode/tests/array_sum/array_sum.perf.encoded --  --cso /dev/null
key=encoded, no.=26, <stderr>:
LENGTH=1200
elapsed cycles: 990636
hi(checksum)=0x806F695275934567
lo(checksum)=0xB194CB4785D00C80
key=encoded, no.=26, <checksum>:
0x806F695275934567B194CB4785D00C80
key=encoded, no.=26, cso file:
/dev/null
----------------------------------------------
real command=cset shield -e /home/nrink/Projects/build/encode/encode/tests/array_sum/array_sum.perf.encoded --  --cso /dev/null
key=encoded, no.=27, <stderr>:
LENGTH=1200
elapsed cycles: 993198
hi(checksum)=0x806F695275934567
lo(checksum)=0xB194CB4785D00C80
key=encoded, no.=27, <checksum>:
0x806F695275934567B194CB4785D00C80
key=encoded, no.=27, cso file:
/dev/null
----------------------------------------------
real command=cset shield -e /home/nrink/Projects/build/encode/encode/tests/array_sum/array_sum.perf.encoded --  --cso /dev/null
key=encoded, no.=28, <stderr>:
LENGTH=1200
elapsed cycles: 990600
hi(checksum)=0x806F695275934567
lo(checksum)=0xB194CB4785D00C80
key=encoded, no.=28, <checksum>:
0x806F695275934567B194CB4785D00C80
key=encoded, no.=28, cso file:
/dev/null
----------------------------------------------
real command=cset shield -e /home/nrink/Projects/build/encode/encode/tests/array_sum/array_sum.perf.encoded --  --cso /dev/null
key=encoded, no.=29, <stderr>:
LENGTH=1200
elapsed cycles: 991239
hi(checksum)=0x806F695275934567
lo(checksum)=0xB194CB4785D00C80
key=encoded, no.=29, <checksum>:
0x806F695275934567B194CB4785D00C80
key=encoded, no.=29, cso file:
/dev/null
----------------------------------------------
real command=cset shield -e /home/nrink/Projects/build/encode/encode/tests/array_sum/array_sum.perf.encoded --  --cso /dev/null
key=encoded, no.=30, <stderr>:
LENGTH=1200
elapsed cycles: 990684
hi(checksum)=0x806F695275934567
lo(checksum)=0xB194CB4785D00C80
key=encoded, no.=30, <checksum>:
0x806F695275934567B194CB4785D00C80
key=encoded, no.=30, cso file:
/dev/null
----------------------------------------------
real command=cset shield -e /home/nrink/Projects/build/encode/encode/tests/array_sum/array_sum.perf.encoded --  --cso /dev/null
key=encoded, no.=31, <stderr>:
LENGTH=1200
elapsed cycles: 995040
hi(checksum)=0x806F695275934567
lo(checksum)=0xB194CB4785D00C80
key=encoded, no.=31, <checksum>:
0x806F695275934567B194CB4785D00C80
key=encoded, no.=31, cso file:
/dev/null
----------------------------------------------
real command=cset shield -e /home/nrink/Projects/build/encode/encode/tests/array_sum/array_sum.perf.encoded --  --cso /dev/null
key=encoded, no.=32, <stderr>:
LENGTH=1200
elapsed cycles: 992127
hi(checksum)=0x806F695275934567
lo(checksum)=0xB194CB4785D00C80
key=encoded, no.=32, <checksum>:
0x806F695275934567B194CB4785D00C80
key=encoded, no.=32, cso file:
/dev/null
----------------------------------------------
real command=cset shield -e /home/nrink/Projects/build/encode/encode/tests/array_sum/array_sum.perf.encoded --  --cso /dev/null
key=encoded, no.=33, <stderr>:
LENGTH=1200
elapsed cycles: 992442
hi(checksum)=0x806F695275934567
lo(checksum)=0xB194CB4785D00C80
key=encoded, no.=33, <checksum>:
0x806F695275934567B194CB4785D00C80
key=encoded, no.=33, cso file:
/dev/null
----------------------------------------------
real command=cset shield -e /home/nrink/Projects/build/encode/encode/tests/array_sum/array_sum.perf.encoded --  --cso /dev/null
key=encoded, no.=34, <stderr>:
LENGTH=1200
elapsed cycles: 993201
hi(checksum)=0x806F695275934567
lo(checksum)=0xB194CB4785D00C80
key=encoded, no.=34, <checksum>:
0x806F695275934567B194CB4785D00C80
key=encoded, no.=34, cso file:
/dev/null
----------------------------------------------
real command=cset shield -e /home/nrink/Projects/build/encode/encode/tests/array_sum/array_sum.perf.encoded --  --cso /dev/null
key=encoded, no.=35, <stderr>:
LENGTH=1200
elapsed cycles: 991059
hi(checksum)=0x806F695275934567
lo(checksum)=0xB194CB4785D00C80
key=encoded, no.=35, <checksum>:
0x806F695275934567B194CB4785D00C80
key=encoded, no.=35, cso file:
/dev/null
----------------------------------------------
real command=cset shield -e /home/nrink/Projects/build/encode/encode/tests/array_sum/array_sum.perf.encoded --  --cso /dev/null
key=encoded, no.=36, <stderr>:
LENGTH=1200
elapsed cycles: 991992
hi(checksum)=0x806F695275934567
lo(checksum)=0xB194CB4785D00C80
key=encoded, no.=36, <checksum>:
0x806F695275934567B194CB4785D00C80
key=encoded, no.=36, cso file:
/dev/null
----------------------------------------------
real command=cset shield -e /home/nrink/Projects/build/encode/encode/tests/array_sum/array_sum.perf.encoded --  --cso /dev/null
key=encoded, no.=37, <stderr>:
LENGTH=1200
elapsed cycles: 992934
hi(checksum)=0x806F695275934567
lo(checksum)=0xB194CB4785D00C80
key=encoded, no.=37, <checksum>:
0x806F695275934567B194CB4785D00C80
key=encoded, no.=37, cso file:
/dev/null
----------------------------------------------
real command=cset shield -e /home/nrink/Projects/build/encode/encode/tests/array_sum/array_sum.perf.encoded --  --cso /dev/null
key=encoded, no.=38, <stderr>:
LENGTH=1200
elapsed cycles: 993189
hi(checksum)=0x806F695275934567
lo(checksum)=0xB194CB4785D00C80
key=encoded, no.=38, <checksum>:
0x806F695275934567B194CB4785D00C80
key=encoded, no.=38, cso file:
/dev/null
----------------------------------------------
real command=cset shield -e /home/nrink/Projects/build/encode/encode/tests/array_sum/array_sum.perf.encoded --  --cso /dev/null
key=encoded, no.=39, <stderr>:
LENGTH=1200
elapsed cycles: 991665
hi(checksum)=0x806F695275934567
lo(checksum)=0xB194CB4785D00C80
key=encoded, no.=39, <checksum>:
0x806F695275934567B194CB4785D00C80
key=encoded, no.=39, cso file:
/dev/null
----------------------------------------------
real command=cset shield -e /home/nrink/Projects/build/encode/encode/tests/array_sum/array_sum.perf.encoded --  --cso /dev/null
key=encoded, no.=40, <stderr>:
LENGTH=1200
elapsed cycles: 991953
hi(checksum)=0x806F695275934567
lo(checksum)=0xB194CB4785D00C80
key=encoded, no.=40, <checksum>:
0x806F695275934567B194CB4785D00C80
key=encoded, no.=40, cso file:
/dev/null
----------------------------------------------
real command=cset shield -e /home/nrink/Projects/build/encode/encode/tests/array_sum/array_sum.perf.encoded --  --cso /dev/null
key=encoded, no.=41, <stderr>:
LENGTH=1200
elapsed cycles: 991641
hi(checksum)=0x806F695275934567
lo(checksum)=0xB194CB4785D00C80
key=encoded, no.=41, <checksum>:
0x806F695275934567B194CB4785D00C80
key=encoded, no.=41, cso file:
/dev/null
----------------------------------------------
real command=cset shield -e /home/nrink/Projects/build/encode/encode/tests/array_sum/array_sum.perf.encoded --  --cso /dev/null
key=encoded, no.=42, <stderr>:
LENGTH=1200
elapsed cycles: 991143
hi(checksum)=0x806F695275934567
lo(checksum)=0xB194CB4785D00C80
key=encoded, no.=42, <checksum>:
0x806F695275934567B194CB4785D00C80
key=encoded, no.=42, cso file:
/dev/null
----------------------------------------------
real command=cset shield -e /home/nrink/Projects/build/encode/encode/tests/array_sum/array_sum.perf.encoded --  --cso /dev/null
key=encoded, no.=43, <stderr>:
LENGTH=1200
elapsed cycles: 993639
hi(checksum)=0x806F695275934567
lo(checksum)=0xB194CB4785D00C80
key=encoded, no.=43, <checksum>:
0x806F695275934567B194CB4785D00C80
key=encoded, no.=43, cso file:
/dev/null
----------------------------------------------
real command=cset shield -e /home/nrink/Projects/build/encode/encode/tests/array_sum/array_sum.perf.encoded --  --cso /dev/null
key=encoded, no.=44, <stderr>:
LENGTH=1200
elapsed cycles: 991431
hi(checksum)=0x806F695275934567
lo(checksum)=0xB194CB4785D00C80
key=encoded, no.=44, <checksum>:
0x806F695275934567B194CB4785D00C80
key=encoded, no.=44, cso file:
/dev/null
----------------------------------------------
real command=cset shield -e /home/nrink/Projects/build/encode/encode/tests/array_sum/array_sum.perf.encoded --  --cso /dev/null
key=encoded, no.=45, <stderr>:
LENGTH=1200
elapsed cycles: 993123
hi(checksum)=0x806F695275934567
lo(checksum)=0xB194CB4785D00C80
key=encoded, no.=45, <checksum>:
0x806F695275934567B194CB4785D00C80
key=encoded, no.=45, cso file:
/dev/null
----------------------------------------------
real command=cset shield -e /home/nrink/Projects/build/encode/encode/tests/array_sum/array_sum.perf.encoded --  --cso /dev/null
key=encoded, no.=46, <stderr>:
LENGTH=1200
elapsed cycles: 992754
hi(checksum)=0x806F695275934567
lo(checksum)=0xB194CB4785D00C80
key=encoded, no.=46, <checksum>:
0x806F695275934567B194CB4785D00C80
key=encoded, no.=46, cso file:
/dev/null
----------------------------------------------
real command=cset shield -e /home/nrink/Projects/build/encode/encode/tests/array_sum/array_sum.perf.encoded --  --cso /dev/null
key=encoded, no.=47, <stderr>:
LENGTH=1200
elapsed cycles: 993009
hi(checksum)=0x806F695275934567
lo(checksum)=0xB194CB4785D00C80
key=encoded, no.=47, <checksum>:
0x806F695275934567B194CB4785D00C80
key=encoded, no.=47, cso file:
/dev/null
----------------------------------------------
real command=cset shield -e /home/nrink/Projects/build/encode/encode/tests/array_sum/array_sum.perf.encoded --  --cso /dev/null
key=encoded, no.=48, <stderr>:
LENGTH=1200
elapsed cycles: 993057
hi(checksum)=0x806F695275934567
lo(checksum)=0xB194CB4785D00C80
key=encoded, no.=48, <checksum>:
0x806F695275934567B194CB4785D00C80
key=encoded, no.=48, cso file:
/dev/null
----------------------------------------------
real command=cset shield -e /home/nrink/Projects/build/encode/encode/tests/array_sum/array_sum.perf.encoded --  --cso /dev/null
key=encoded, no.=49, <stderr>:
LENGTH=1200
elapsed cycles: 991188
hi(checksum)=0x806F695275934567
lo(checksum)=0xB194CB4785D00C80
key=encoded, no.=49, <checksum>:
0x806F695275934567B194CB4785D00C80
key=encoded, no.=49, cso file:
/dev/null
----------------------------------------------
real command=cset shield -e /home/nrink/Projects/build/encode/encode/tests/array_sum/array_sum.perf.encoded --  --cso /dev/null
key=encoded, no.=50, <stderr>:
LENGTH=1200
elapsed cycles: 992067
hi(checksum)=0x806F695275934567
lo(checksum)=0xB194CB4785D00C80
key=encoded, no.=50, <checksum>:
0x806F695275934567B194CB4785D00C80
key=encoded, no.=50, cso file:
/dev/null
----------------------------------------------
real command=cset shield -e /home/nrink/Projects/build/encode/encode/tests/array_sum/array_sum.perf.encoded --  --cso /dev/null
key=encoded, no.=51, <stderr>:
LENGTH=1200
elapsed cycles: 992010
hi(checksum)=0x806F695275934567
lo(checksum)=0xB194CB4785D00C80
key=encoded, no.=51, <checksum>:
0x806F695275934567B194CB4785D00C80
key=encoded, no.=51, cso file:
/dev/null
----------------------------------------------
real command=cset shield -e /home/nrink/Projects/build/encode/encode/tests/array_sum/array_sum.perf.encoded --  --cso /dev/null
key=encoded, no.=52, <stderr>:
LENGTH=1200
elapsed cycles: 991068
hi(checksum)=0x806F695275934567
lo(checksum)=0xB194CB4785D00C80
key=encoded, no.=52, <checksum>:
0x806F695275934567B194CB4785D00C80
key=encoded, no.=52, cso file:
/dev/null
----------------------------------------------
real command=cset shield -e /home/nrink/Projects/build/encode/encode/tests/array_sum/array_sum.perf.encoded --  --cso /dev/null
key=encoded, no.=53, <stderr>:
LENGTH=1200
elapsed cycles: 991689
hi(checksum)=0x806F695275934567
lo(checksum)=0xB194CB4785D00C80
key=encoded, no.=53, <checksum>:
0x806F695275934567B194CB4785D00C80
key=encoded, no.=53, cso file:
/dev/null
----------------------------------------------
real command=cset shield -e /home/nrink/Projects/build/encode/encode/tests/array_sum/array_sum.perf.encoded --  --cso /dev/null
key=encoded, no.=54, <stderr>:
LENGTH=1200
elapsed cycles: 991980
hi(checksum)=0x806F695275934567
lo(checksum)=0xB194CB4785D00C80
key=encoded, no.=54, <checksum>:
0x806F695275934567B194CB4785D00C80
key=encoded, no.=54, cso file:
/dev/null
----------------------------------------------
real command=cset shield -e /home/nrink/Projects/build/encode/encode/tests/array_sum/array_sum.perf.encoded --  --cso /dev/null
key=encoded, no.=55, <stderr>:
LENGTH=1200
elapsed cycles: 992916
hi(checksum)=0x806F695275934567
lo(checksum)=0xB194CB4785D00C80
key=encoded, no.=55, <checksum>:
0x806F695275934567B194CB4785D00C80
key=encoded, no.=55, cso file:
/dev/null
----------------------------------------------
real command=cset shield -e /home/nrink/Projects/build/encode/encode/tests/array_sum/array_sum.perf.encoded --  --cso /dev/null
key=encoded, no.=56, <stderr>:
LENGTH=1200
elapsed cycles: 991581
hi(checksum)=0x806F695275934567
lo(checksum)=0xB194CB4785D00C80
key=encoded, no.=56, <checksum>:
0x806F695275934567B194CB4785D00C80
key=encoded, no.=56, cso file:
/dev/null
----------------------------------------------
real command=cset shield -e /home/nrink/Projects/build/encode/encode/tests/array_sum/array_sum.perf.encoded --  --cso /dev/null
key=encoded, no.=57, <stderr>:
LENGTH=1200
elapsed cycles: 993570
hi(checksum)=0x806F695275934567
lo(checksum)=0xB194CB4785D00C80
key=encoded, no.=57, <checksum>:
0x806F695275934567B194CB4785D00C80
key=encoded, no.=57, cso file:
/dev/null
----------------------------------------------
real command=cset shield -e /home/nrink/Projects/build/encode/encode/tests/array_sum/array_sum.perf.encoded --  --cso /dev/null
key=encoded, no.=58, <stderr>:
LENGTH=1200
elapsed cycles: 991299
hi(checksum)=0x806F695275934567
lo(checksum)=0xB194CB4785D00C80
key=encoded, no.=58, <checksum>:
0x806F695275934567B194CB4785D00C80
key=encoded, no.=58, cso file:
/dev/null
----------------------------------------------
real command=cset shield -e /home/nrink/Projects/build/encode/encode/tests/array_sum/array_sum.perf.encoded --  --cso /dev/null
key=encoded, no.=59, <stderr>:
LENGTH=1200
elapsed cycles: 993459
hi(checksum)=0x806F695275934567
lo(checksum)=0xB194CB4785D00C80
key=encoded, no.=59, <checksum>:
0x806F695275934567B194CB4785D00C80
key=encoded, no.=59, cso file:
/dev/null
----------------------------------------------
real command=cset shield -e /home/nrink/Projects/build/encode/encode/tests/array_sum/array_sum.perf.encoded --  --cso /dev/null
key=encoded, no.=60, <stderr>:
LENGTH=1200
elapsed cycles: 992835
hi(checksum)=0x806F695275934567
lo(checksum)=0xB194CB4785D00C80
key=encoded, no.=60, <checksum>:
0x806F695275934567B194CB4785D00C80
key=encoded, no.=60, cso file:
/dev/null
----------------------------------------------
real command=cset shield -e /home/nrink/Projects/build/encode/encode/tests/array_sum/array_sum.perf.encoded --  --cso /dev/null
key=encoded, no.=61, <stderr>:
LENGTH=1200
elapsed cycles: 991755
hi(checksum)=0x806F695275934567
lo(checksum)=0xB194CB4785D00C80
key=encoded, no.=61, <checksum>:
0x806F695275934567B194CB4785D00C80
key=encoded, no.=61, cso file:
/dev/null
----------------------------------------------
real command=cset shield -e /home/nrink/Projects/build/encode/encode/tests/array_sum/array_sum.perf.encoded --  --cso /dev/null
key=encoded, no.=62, <stderr>:
LENGTH=1200
elapsed cycles: 991752
hi(checksum)=0x806F695275934567
lo(checksum)=0xB194CB4785D00C80
key=encoded, no.=62, <checksum>:
0x806F695275934567B194CB4785D00C80
key=encoded, no.=62, cso file:
/dev/null
----------------------------------------------
real command=cset shield -e /home/nrink/Projects/build/encode/encode/tests/array_sum/array_sum.perf.encoded --  --cso /dev/null
key=encoded, no.=63, <stderr>:
LENGTH=1200
elapsed cycles: 991857
hi(checksum)=0x806F695275934567
lo(checksum)=0xB194CB4785D00C80
key=encoded, no.=63, <checksum>:
0x806F695275934567B194CB4785D00C80
key=encoded, no.=63, cso file:
/dev/null
----------------------------------------------
real command=cset shield -e /home/nrink/Projects/build/encode/encode/tests/array_sum/array_sum.perf.encoded --  --cso /dev/null
key=encoded, no.=64, <stderr>:
LENGTH=1200
elapsed cycles: 991260
hi(checksum)=0x806F695275934567
lo(checksum)=0xB194CB4785D00C80
key=encoded, no.=64, <checksum>:
0x806F695275934567B194CB4785D00C80
key=encoded, no.=64, cso file:
/dev/null
----------------------------------------------
real command=cset shield -e /home/nrink/Projects/build/encode/encode/tests/array_sum/array_sum.perf.encoded --  --cso /dev/null
key=encoded, no.=65, <stderr>:
LENGTH=1200
elapsed cycles: 1041936
hi(checksum)=0x806F695275934567
lo(checksum)=0xB194CB4785D00C80
key=encoded, no.=65, <checksum>:
0x806F695275934567B194CB4785D00C80
key=encoded, no.=65, cso file:
/dev/null
----------------------------------------------
real command=cset shield -e /home/nrink/Projects/build/encode/encode/tests/array_sum/array_sum.perf.encoded --  --cso /dev/null
key=encoded, no.=66, <stderr>:
LENGTH=1200
elapsed cycles: 995196
hi(checksum)=0x806F695275934567
lo(checksum)=0xB194CB4785D00C80
key=encoded, no.=66, <checksum>:
0x806F695275934567B194CB4785D00C80
key=encoded, no.=66, cso file:
/dev/null
----------------------------------------------
real command=cset shield -e /home/nrink/Projects/build/encode/encode/tests/array_sum/array_sum.perf.encoded --  --cso /dev/null
key=encoded, no.=67, <stderr>:
LENGTH=1200
elapsed cycles: 993825
hi(checksum)=0x806F695275934567
lo(checksum)=0xB194CB4785D00C80
key=encoded, no.=67, <checksum>:
0x806F695275934567B194CB4785D00C80
key=encoded, no.=67, cso file:
/dev/null
----------------------------------------------
real command=cset shield -e /home/nrink/Projects/build/encode/encode/tests/array_sum/array_sum.perf.encoded --  --cso /dev/null
key=encoded, no.=68, <stderr>:
LENGTH=1200
elapsed cycles: 990759
hi(checksum)=0x806F695275934567
lo(checksum)=0xB194CB4785D00C80
key=encoded, no.=68, <checksum>:
0x806F695275934567B194CB4785D00C80
key=encoded, no.=68, cso file:
/dev/null
----------------------------------------------
real command=cset shield -e /home/nrink/Projects/build/encode/encode/tests/array_sum/array_sum.perf.encoded --  --cso /dev/null
key=encoded, no.=69, <stderr>:
LENGTH=1200
elapsed cycles: 992454
hi(checksum)=0x806F695275934567
lo(checksum)=0xB194CB4785D00C80
key=encoded, no.=69, <checksum>:
0x806F695275934567B194CB4785D00C80
key=encoded, no.=69, cso file:
/dev/null
----------------------------------------------
real command=cset shield -e /home/nrink/Projects/build/encode/encode/tests/array_sum/array_sum.perf.encoded --  --cso /dev/null
key=encoded, no.=70, <stderr>:
LENGTH=1200
elapsed cycles: 992409
hi(checksum)=0x806F695275934567
lo(checksum)=0xB194CB4785D00C80
key=encoded, no.=70, <checksum>:
0x806F695275934567B194CB4785D00C80
key=encoded, no.=70, cso file:
/dev/null
----------------------------------------------
real command=cset shield -e /home/nrink/Projects/build/encode/encode/tests/array_sum/array_sum.perf.encoded --  --cso /dev/null
key=encoded, no.=71, <stderr>:
LENGTH=1200
elapsed cycles: 992835
hi(checksum)=0x806F695275934567
lo(checksum)=0xB194CB4785D00C80
key=encoded, no.=71, <checksum>:
0x806F695275934567B194CB4785D00C80
key=encoded, no.=71, cso file:
/dev/null
----------------------------------------------
real command=cset shield -e /home/nrink/Projects/build/encode/encode/tests/array_sum/array_sum.perf.encoded --  --cso /dev/null
key=encoded, no.=72, <stderr>:
LENGTH=1200
elapsed cycles: 992481
hi(checksum)=0x806F695275934567
lo(checksum)=0xB194CB4785D00C80
key=encoded, no.=72, <checksum>:
0x806F695275934567B194CB4785D00C80
key=encoded, no.=72, cso file:
/dev/null
----------------------------------------------
real command=cset shield -e /home/nrink/Projects/build/encode/encode/tests/array_sum/array_sum.perf.encoded --  --cso /dev/null
key=encoded, no.=73, <stderr>:
LENGTH=1200
elapsed cycles: 992559
hi(checksum)=0x806F695275934567
lo(checksum)=0xB194CB4785D00C80
key=encoded, no.=73, <checksum>:
0x806F695275934567B194CB4785D00C80
key=encoded, no.=73, cso file:
/dev/null
----------------------------------------------
real command=cset shield -e /home/nrink/Projects/build/encode/encode/tests/array_sum/array_sum.perf.encoded --  --cso /dev/null
key=encoded, no.=74, <stderr>:
LENGTH=1200
elapsed cycles: 990888
hi(checksum)=0x806F695275934567
lo(checksum)=0xB194CB4785D00C80
key=encoded, no.=74, <checksum>:
0x806F695275934567B194CB4785D00C80
key=encoded, no.=74, cso file:
/dev/null
----------------------------------------------
real command=cset shield -e /home/nrink/Projects/build/encode/encode/tests/array_sum/array_sum.perf.encoded --  --cso /dev/null
key=encoded, no.=75, <stderr>:
LENGTH=1200
elapsed cycles: 991797
hi(checksum)=0x806F695275934567
lo(checksum)=0xB194CB4785D00C80
key=encoded, no.=75, <checksum>:
0x806F695275934567B194CB4785D00C80
key=encoded, no.=75, cso file:
/dev/null
----------------------------------------------
real command=cset shield -e /home/nrink/Projects/build/encode/encode/tests/array_sum/array_sum.perf.encoded --  --cso /dev/null
key=encoded, no.=76, <stderr>:
LENGTH=1200
elapsed cycles: 992967
hi(checksum)=0x806F695275934567
lo(checksum)=0xB194CB4785D00C80
key=encoded, no.=76, <checksum>:
0x806F695275934567B194CB4785D00C80
key=encoded, no.=76, cso file:
/dev/null
----------------------------------------------
real command=cset shield -e /home/nrink/Projects/build/encode/encode/tests/array_sum/array_sum.perf.encoded --  --cso /dev/null
key=encoded, no.=77, <stderr>:
LENGTH=1200
elapsed cycles: 992238
hi(checksum)=0x806F695275934567
lo(checksum)=0xB194CB4785D00C80
key=encoded, no.=77, <checksum>:
0x806F695275934567B194CB4785D00C80
key=encoded, no.=77, cso file:
/dev/null
----------------------------------------------
real command=cset shield -e /home/nrink/Projects/build/encode/encode/tests/array_sum/array_sum.perf.encoded --  --cso /dev/null
key=encoded, no.=78, <stderr>:
LENGTH=1200
elapsed cycles: 990972
hi(checksum)=0x806F695275934567
lo(checksum)=0xB194CB4785D00C80
key=encoded, no.=78, <checksum>:
0x806F695275934567B194CB4785D00C80
key=encoded, no.=78, cso file:
/dev/null
----------------------------------------------
real command=cset shield -e /home/nrink/Projects/build/encode/encode/tests/array_sum/array_sum.perf.encoded --  --cso /dev/null
key=encoded, no.=79, <stderr>:
LENGTH=1200
elapsed cycles: 991755
hi(checksum)=0x806F695275934567
lo(checksum)=0xB194CB4785D00C80
key=encoded, no.=79, <checksum>:
0x806F695275934567B194CB4785D00C80
key=encoded, no.=79, cso file:
/dev/null
----------------------------------------------
real command=cset shield -e /home/nrink/Projects/build/encode/encode/tests/array_sum/array_sum.perf.encoded --  --cso /dev/null
key=encoded, no.=80, <stderr>:
LENGTH=1200
elapsed cycles: 991824
hi(checksum)=0x806F695275934567
lo(checksum)=0xB194CB4785D00C80
key=encoded, no.=80, <checksum>:
0x806F695275934567B194CB4785D00C80
key=encoded, no.=80, cso file:
/dev/null
----------------------------------------------
real command=cset shield -e /home/nrink/Projects/build/encode/encode/tests/array_sum/array_sum.perf.encoded --  --cso /dev/null
key=encoded, no.=81, <stderr>:
LENGTH=1200
elapsed cycles: 1036926
hi(checksum)=0x806F695275934567
lo(checksum)=0xB194CB4785D00C80
key=encoded, no.=81, <checksum>:
0x806F695275934567B194CB4785D00C80
key=encoded, no.=81, cso file:
/dev/null
----------------------------------------------
real command=cset shield -e /home/nrink/Projects/build/encode/encode/tests/array_sum/array_sum.perf.encoded --  --cso /dev/null
key=encoded, no.=82, <stderr>:
LENGTH=1200
elapsed cycles: 992781
hi(checksum)=0x806F695275934567
lo(checksum)=0xB194CB4785D00C80
key=encoded, no.=82, <checksum>:
0x806F695275934567B194CB4785D00C80
key=encoded, no.=82, cso file:
/dev/null
----------------------------------------------
real command=cset shield -e /home/nrink/Projects/build/encode/encode/tests/array_sum/array_sum.perf.encoded --  --cso /dev/null
key=encoded, no.=83, <stderr>:
LENGTH=1200
elapsed cycles: 991722
hi(checksum)=0x806F695275934567
lo(checksum)=0xB194CB4785D00C80
key=encoded, no.=83, <checksum>:
0x806F695275934567B194CB4785D00C80
key=encoded, no.=83, cso file:
/dev/null
----------------------------------------------
real command=cset shield -e /home/nrink/Projects/build/encode/encode/tests/array_sum/array_sum.perf.encoded --  --cso /dev/null
key=encoded, no.=84, <stderr>:
LENGTH=1200
elapsed cycles: 992256
hi(checksum)=0x806F695275934567
lo(checksum)=0xB194CB4785D00C80
key=encoded, no.=84, <checksum>:
0x806F695275934567B194CB4785D00C80
key=encoded, no.=84, cso file:
/dev/null
----------------------------------------------
real command=cset shield -e /home/nrink/Projects/build/encode/encode/tests/array_sum/array_sum.perf.encoded --  --cso /dev/null
key=encoded, no.=85, <stderr>:
LENGTH=1200
elapsed cycles: 991758
hi(checksum)=0x806F695275934567
lo(checksum)=0xB194CB4785D00C80
key=encoded, no.=85, <checksum>:
0x806F695275934567B194CB4785D00C80
key=encoded, no.=85, cso file:
/dev/null
----------------------------------------------
real command=cset shield -e /home/nrink/Projects/build/encode/encode/tests/array_sum/array_sum.perf.encoded --  --cso /dev/null
key=encoded, no.=86, <stderr>:
LENGTH=1200
elapsed cycles: 990681
hi(checksum)=0x806F695275934567
lo(checksum)=0xB194CB4785D00C80
key=encoded, no.=86, <checksum>:
0x806F695275934567B194CB4785D00C80
key=encoded, no.=86, cso file:
/dev/null
----------------------------------------------
real command=cset shield -e /home/nrink/Projects/build/encode/encode/tests/array_sum/array_sum.perf.encoded --  --cso /dev/null
key=encoded, no.=87, <stderr>:
LENGTH=1200
elapsed cycles: 990834
hi(checksum)=0x806F695275934567
lo(checksum)=0xB194CB4785D00C80
key=encoded, no.=87, <checksum>:
0x806F695275934567B194CB4785D00C80
key=encoded, no.=87, cso file:
/dev/null
----------------------------------------------
real command=cset shield -e /home/nrink/Projects/build/encode/encode/tests/array_sum/array_sum.perf.encoded --  --cso /dev/null
key=encoded, no.=88, <stderr>:
LENGTH=1200
elapsed cycles: 991560
hi(checksum)=0x806F695275934567
lo(checksum)=0xB194CB4785D00C80
key=encoded, no.=88, <checksum>:
0x806F695275934567B194CB4785D00C80
key=encoded, no.=88, cso file:
/dev/null
----------------------------------------------
real command=cset shield -e /home/nrink/Projects/build/encode/encode/tests/array_sum/array_sum.perf.encoded --  --cso /dev/null
key=encoded, no.=89, <stderr>:
LENGTH=1200
elapsed cycles: 1037145
hi(checksum)=0x806F695275934567
lo(checksum)=0xB194CB4785D00C80
key=encoded, no.=89, <checksum>:
0x806F695275934567B194CB4785D00C80
key=encoded, no.=89, cso file:
/dev/null
----------------------------------------------
real command=cset shield -e /home/nrink/Projects/build/encode/encode/tests/array_sum/array_sum.perf.encoded --  --cso /dev/null
key=encoded, no.=90, <stderr>:
LENGTH=1200
elapsed cycles: 993444
hi(checksum)=0x806F695275934567
lo(checksum)=0xB194CB4785D00C80
key=encoded, no.=90, <checksum>:
0x806F695275934567B194CB4785D00C80
key=encoded, no.=90, cso file:
/dev/null
----------------------------------------------
real command=cset shield -e /home/nrink/Projects/build/encode/encode/tests/array_sum/array_sum.perf.encoded --  --cso /dev/null
key=encoded, no.=91, <stderr>:
LENGTH=1200
elapsed cycles: 993780
hi(checksum)=0x806F695275934567
lo(checksum)=0xB194CB4785D00C80
key=encoded, no.=91, <checksum>:
0x806F695275934567B194CB4785D00C80
key=encoded, no.=91, cso file:
/dev/null
----------------------------------------------
real command=cset shield -e /home/nrink/Projects/build/encode/encode/tests/array_sum/array_sum.perf.encoded --  --cso /dev/null
key=encoded, no.=92, <stderr>:
LENGTH=1200
elapsed cycles: 993300
hi(checksum)=0x806F695275934567
lo(checksum)=0xB194CB4785D00C80
key=encoded, no.=92, <checksum>:
0x806F695275934567B194CB4785D00C80
key=encoded, no.=92, cso file:
/dev/null
----------------------------------------------
real command=cset shield -e /home/nrink/Projects/build/encode/encode/tests/array_sum/array_sum.perf.encoded --  --cso /dev/null
key=encoded, no.=93, <stderr>:
LENGTH=1200
elapsed cycles: 991875
hi(checksum)=0x806F695275934567
lo(checksum)=0xB194CB4785D00C80
key=encoded, no.=93, <checksum>:
0x806F695275934567B194CB4785D00C80
key=encoded, no.=93, cso file:
/dev/null
----------------------------------------------
real command=cset shield -e /home/nrink/Projects/build/encode/encode/tests/array_sum/array_sum.perf.encoded --  --cso /dev/null
key=encoded, no.=94, <stderr>:
LENGTH=1200
elapsed cycles: 991314
hi(checksum)=0x806F695275934567
lo(checksum)=0xB194CB4785D00C80
key=encoded, no.=94, <checksum>:
0x806F695275934567B194CB4785D00C80
key=encoded, no.=94, cso file:
/dev/null
----------------------------------------------
real command=cset shield -e /home/nrink/Projects/build/encode/encode/tests/array_sum/array_sum.perf.encoded --  --cso /dev/null
key=encoded, no.=95, <stderr>:
LENGTH=1200
elapsed cycles: 992739
hi(checksum)=0x806F695275934567
lo(checksum)=0xB194CB4785D00C80
key=encoded, no.=95, <checksum>:
0x806F695275934567B194CB4785D00C80
key=encoded, no.=95, cso file:
/dev/null
----------------------------------------------
real command=cset shield -e /home/nrink/Projects/build/encode/encode/tests/array_sum/array_sum.perf.encoded --  --cso /dev/null
key=encoded, no.=96, <stderr>:
LENGTH=1200
elapsed cycles: 992508
hi(checksum)=0x806F695275934567
lo(checksum)=0xB194CB4785D00C80
key=encoded, no.=96, <checksum>:
0x806F695275934567B194CB4785D00C80
key=encoded, no.=96, cso file:
/dev/null
----------------------------------------------
real command=cset shield -e /home/nrink/Projects/build/encode/encode/tests/array_sum/array_sum.perf.encoded --  --cso /dev/null
key=encoded, no.=97, <stderr>:
LENGTH=1200
elapsed cycles: 992781
hi(checksum)=0x806F695275934567
lo(checksum)=0xB194CB4785D00C80
key=encoded, no.=97, <checksum>:
0x806F695275934567B194CB4785D00C80
key=encoded, no.=97, cso file:
/dev/null
----------------------------------------------
real command=cset shield -e /home/nrink/Projects/build/encode/encode/tests/array_sum/array_sum.perf.encoded --  --cso /dev/null
key=encoded, no.=98, <stderr>:
LENGTH=1200
elapsed cycles: 991716
hi(checksum)=0x806F695275934567
lo(checksum)=0xB194CB4785D00C80
key=encoded, no.=98, <checksum>:
0x806F695275934567B194CB4785D00C80
key=encoded, no.=98, cso file:
/dev/null
----------------------------------------------
real command=cset shield -e /home/nrink/Projects/build/encode/encode/tests/array_sum/array_sum.perf.encoded --  --cso /dev/null
key=encoded, no.=99, <stderr>:
LENGTH=1200
elapsed cycles: 991833
hi(checksum)=0x806F695275934567
lo(checksum)=0xB194CB4785D00C80
key=encoded, no.=99, <checksum>:
0x806F695275934567B194CB4785D00C80
key=encoded, no.=99, cso file:
/dev/null
----------------------------------------------
