<stderr> from running /home/nrink/Projects/pin-2.14-71313-gcc.4.4.7-linux/pin.sh -t /home/nrink/Projects/bfi/obj-intel64/bfi.so -trigger 167432 -cmd WADDR -seed 1 -mask 176 -- /home/nrink/Projects/build/encode/encode/tests/bubblesort/bubblesort.cover.encoded --cso ./2015-05-05_11:40:48/bubblesort/cover/cs/encoded.72.cso --csl ./2015-05-05_11:40:48/bubblesort/cover/cs/encoded.72.csl:
[.:    0, IP = 0x400c60, i = 167443, wa = 0, ra = 0, rr = 0, wr = 0, it = 0, t = 0]
	access = write, size = 8, addr = 0x7fffffffe170, addr' = 0x7fffffffe1c0, op = 0
elapsed cycles: 414418347
hi(checksum)=0x0000000000000000
lo(checksum)=0x00007CDC0C47CCDF
**********************
INSTR   = 178590
WADDR   = 0
RADDR   = 0
RREG    = 0
WREG    = 0
ITER    = 0
TRIGGER = 167432
TTYPE   = IN
COMMAND = WADDR
SEL     = -1
SEED    = 1
MASK    = 0xb0
THREAD  = 0
ELAPSED = 4.24s
----------------------------------------------------------------
