<stderr> from running /home/nrink/Projects/pin-2.14-71313-gcc.4.4.7-linux/pin.sh -t /home/nrink/Projects/bfi/obj-intel64/bfi.so -trigger 163704 -cmd RVAL -seed 1 -mask 75 -- /home/nrink/Projects/build/encode/encode/tests/bubblesort/bubblesort.cover.plain --cso ./2015-05-05_11:40:48/bubblesort/cover/cs/plain.34.cso --csl ./2015-05-05_11:40:48/bubblesort/cover/cs/plain.34.csl:
[.:    0, IP = 0x400af5, i = 163705, wa = 0, ra = 0, rr = 0, wr = 0, it = 0, t = 0]
	access = read, size = 8, value = 7, value' = 76, addr = 0x6020d8, op = 0
elapsed cycles: 34674063
hi(checksum)=0x0000000000000000
lo(checksum)=0x00007CDAE2B04184
**********************
INSTR   = 174506
WADDR   = 0
RADDR   = 0
RREG    = 0
WREG    = 0
ITER    = 0
TRIGGER = 163704
TTYPE   = IN
COMMAND = RVAL
SEL     = -1
SEED    = 1
MASK    = 0x4b
THREAD  = 0
ELAPSED = 2.31s
----------------------------------------------------------------
