<stderr> from running /home/nrink/Projects/pin-2.14-71313-gcc.4.4.7-linux/pin.sh -t /home/nrink/Projects/bfi/obj-intel64/bfi.so -trigger 151581 -cmd WADDR -seed 1 -mask 46 -- /home/nrink/Projects/build/encode/encode/tests/array_sum/array_sum.cover.encoded --cso ./2015-05-05_13:23:20/array_sum/cover/cs/encoded.85.cso --csl ./2015-05-05_13:23:20/array_sum/cover/cs/encoded.85.csl:
[.:    0, IP = 0x400a8f, i = 151582, wa = 0, ra = 0, rr = 0, wr = 0, it = 0, t = 0]
	access = write, size = 8, addr = 0x602090, addr' = 0x6020be, op = 0
elapsed cycles: 1201949373
hi(checksum)=0x0000000000000000
lo(checksum)=0x00000000000001A4
**********************
INSTR   = 160628
WADDR   = 0
RADDR   = 0
RREG    = 0
WREG    = 0
ITER    = 0
TRIGGER = 151581
TTYPE   = IN
COMMAND = WADDR
SEL     = -1
SEED    = 1
MASK    = 0x2e
THREAD  = 0
ELAPSED = 30.12s
----------------------------------------------------------------
