<stderr> from running /home/nrink/Projects/pin-2.14-71313-gcc.4.4.7-linux/pin.sh -t /home/nrink/Projects/bfi/obj-intel64/bfi.so -trigger 151239 -cmd WVAL -seed 1 -mask 119 -- /home/nrink/Projects/build/encode/encode/tests/array_sum/array_sum.cover.plain --cso ./2015-05-05_13:23:20/array_sum/cover/cs/plain.49.cso --csl ./2015-05-05_13:23:20/array_sum/cover/cs/plain.49.csl:
[.:    0, IP = 0x4008eb, i = 151252, wa = 0, ra = 0, rr = 0, wr = 0, it = 0, t = 0]
	access = write, size = 8, value = 42, value' = 93, addr = 0x6020f0, op = 0
elapsed cycles: 573654342
hi(checksum)=0x0000000000000000
lo(checksum)=0x00000000000001D7
**********************
INSTR   = 159924
WADDR   = 0
RADDR   = 0
RREG    = 0
WREG    = 0
ITER    = 0
TRIGGER = 151239
TTYPE   = IN
COMMAND = WVAL
SEL     = -1
SEED    = 1
MASK    = 0x77
THREAD  = 0
ELAPSED = 13.64s
----------------------------------------------------------------
