<stderr> from running /home/nrink/Projects/pin-2.14-71313-gcc.4.4.7-linux/pin.sh -t /home/nrink/Projects/bfi/obj-intel64/bfi.so -trigger 151191 -cmd WREG -seed 1 -mask 235 -- /home/nrink/Projects/build/encode/encode/tests/array_sum/array_sum.cover.plain --cso ./2015-05-05_13:23:20/array_sum/cover/cs/plain.71.cso --csl ./2015-05-05_13:23:20/array_sum/cover/cs/plain.71.csl:
[.:    0, IP = 0x400cef, i = 151191, wa = 0, ra = 0, rr = 0, wr = 0, it = 0, t = 0]
	at ip 0x400cf1, eax = 0x1a9201ff, eax' = 0x1a920114
elapsed cycles: 4849762966
hi(checksum)=0x0000000000000000
lo(checksum)=0x00000000000001A4
**********************
INSTR   = 159941
WADDR   = 0
RADDR   = 0
RREG    = 0
WREG    = 0
ITER    = 0
TRIGGER = 151191
TTYPE   = IN
COMMAND = WREG
SEL     = -1
SEED    = 1
MASK    = 0xeb
THREAD  = 0
ELAPSED = 38.36s
----------------------------------------------------------------
