<stderr> from running /home/nrink/Projects/pin-2.14-71313-gcc.4.4.7-linux/pin.sh -t /home/nrink/Projects/bfi/obj-intel64/bfi.so -trigger 163560 -cmd RREG -seed 1 -mask 99 -- /home/nrink/Projects/build/encode/encode/tests/ptrarith/ptrarith.cover.plain --cso ./2015-05-05_16:42:18/ptrarith/cover/cs/plain.32.cso --csl ./2015-05-05_16:42:18/ptrarith/cover/cs/plain.32.csl:
[.:    0, IP = 0x400a84, i = 163560, wa = 0, ra = 0, rr = 0, wr = 0, it = 0, t = 0]
	at ip 0x400a84, rdx = 0x20, rdx' = 0x43
**********************
INSTR   = 231007
WADDR   = 0
RADDR   = 0
RREG    = 0
WREG    = 0
ITER    = 0
TRIGGER = 163560
TTYPE   = IN
COMMAND = RREG
SEL     = -1
SEED    = 1
MASK    = 0x63
THREAD  = 0
ELAPSED = 1.01s
Segmentation fault (core dumped)
----------------------------------------------------------------
