<stderr> from running /home/nrink/Projects/pin-2.14-71313-gcc.4.4.7-linux/pin.sh -t /home/nrink/Projects/bfi/obj-intel64/bfi.so -trigger 167036 -cmd WADDR -seed 1 -mask 70 -- /home/nrink/Projects/build/encode/encode/tests/ptrarith/ptrarith.cover.encoded --cso ./2015-05-05_16:42:18/ptrarith/cover/cs/encoded.91.cso --csl ./2015-05-05_16:42:18/ptrarith/cover/cs/encoded.91.csl:
[.:    0, IP = 0x400b1b, i = 167057, wa = 0, ra = 0, rr = 0, wr = 0, it = 0, t = 0]
	access = write, size = 8, addr = 0x6020a0, addr' = 0x6020e6, op = 0
elapsed cycles: 86226804
hi(checksum)=0xBF1694865CA48119
lo(checksum)=0x17F6DE790EDB52F0
**********************
INSTR   = 182941
WADDR   = 0
RADDR   = 0
RREG    = 0
WREG    = 0
ITER    = 0
TRIGGER = 167036
TTYPE   = IN
COMMAND = WADDR
SEL     = -1
SEED    = 1
MASK    = 0x46
THREAD  = 0
ELAPSED = 1.49s
----------------------------------------------------------------
