<stderr> from running /home/nrink/Projects/pin-2.14-71313-gcc.4.4.7-linux/pin.sh -t /home/nrink/Projects/bfi/obj-intel64/bfi.so -trigger 165907 -cmd WADDR -seed 1 -mask 129 -- /home/nrink/Projects/build/encode/encode/tests/ptrarith/ptrarith.cover.encoded --cso ./2015-05-05_16:42:18/ptrarith/cover/cs/encoded.89.cso --csl ./2015-05-05_16:42:18/ptrarith/cover/cs/encoded.89.csl:
[.:    0, IP = 0x400b1b, i = 165944, wa = 0, ra = 0, rr = 0, wr = 0, it = 0, t = 0]
	access = write, size = 8, addr = 0x6020a0, addr' = 0x602021, op = 0
elapsed cycles: 86577213
**********************
INSTR   = 177268
WADDR   = 0
RADDR   = 0
RREG    = 0
WREG    = 0
ITER    = 0
TRIGGER = 165907
TTYPE   = IN
COMMAND = WADDR
SEL     = -1
SEED    = 1
MASK    = 0x81
THREAD  = 0
ELAPSED = 1.24s
Segmentation fault (core dumped)
----------------------------------------------------------------
