<stderr> from running /home/nrink/Projects/pin-2.14-71313-gcc.4.4.7-linux/pin.sh -t /home/nrink/Projects/bfi/obj-intel64/bfi.so -trigger 152006 -cmd RVAL -seed 1 -mask 12 -- /home/nrink/Projects/build/encode/encode/tests/array_sum/array_sum.cover.encoded --cso ./2015-05-06_10:49:26/array_sum/cover/cs/encoded.97.cso --csl ./2015-05-06_10:49:26/array_sum/cover/cs/encoded.97.csl:
[.:    0, IP = 0x400a96, i = 152006, wa = 0, ra = 0, rr = 0, wr = 0, it = 0, t = 0]
	access = read, size = 8, value = 120, value' = 116, addr = 0x7fffffffe170, op = 0
elapsed cycles: 39994767
hi(checksum)=0x0000000000000000
lo(checksum)=0x00000000000001A4
**********************
INSTR   = 160604
WADDR   = 0
RADDR   = 0
RREG    = 0
WREG    = 0
ITER    = 0
TRIGGER = 152006
TTYPE   = IN
COMMAND = RVAL
SEL     = -1
SEED    = 1
MASK    = 0xc
THREAD  = 0
ELAPSED = 0.81s
----------------------------------------------------------------
