key=plain, runs=100 ...
command=/home/nrink/Projects/build/encode/encode/tests/ptrarith/ptrarith.perf.plain
----------------------------------------------
real command=cset shield -e /home/nrink/Projects/build/encode/encode/tests/ptrarith/ptrarith.perf.plain --  --cso /dev/null
key=plain, no.=0, <stderr>:
LENGTH=30
elapsed cycles: 6039
hi(checksum)=0x6C09505B1C5C20F5
lo(checksum)=0xB8D0B4D4906AE1BC
key=plain, no.=0, <checksum>:
0x6C09505B1C5C20F5B8D0B4D4906AE1BC
key=plain, no.=0, cso file:
/dev/null
----------------------------------------------
real command=cset shield -e /home/nrink/Projects/build/encode/encode/tests/ptrarith/ptrarith.perf.plain --  --cso /dev/null
key=plain, no.=1, <stderr>:
LENGTH=30
elapsed cycles: 5835
hi(checksum)=0x6C09505B1C5C20F5
lo(checksum)=0xB8D0B4D4906AE1BC
key=plain, no.=1, <checksum>:
0x6C09505B1C5C20F5B8D0B4D4906AE1BC
key=plain, no.=1, cso file:
/dev/null
----------------------------------------------
real command=cset shield -e /home/nrink/Projects/build/encode/encode/tests/ptrarith/ptrarith.perf.plain --  --cso /dev/null
key=plain, no.=2, <stderr>:
LENGTH=30
elapsed cycles: 6009
hi(checksum)=0x6C09505B1C5C20F5
lo(checksum)=0xB8D0B4D4906AE1BC
key=plain, no.=2, <checksum>:
0x6C09505B1C5C20F5B8D0B4D4906AE1BC
key=plain, no.=2, cso file:
/dev/null
----------------------------------------------
real command=cset shield -e /home/nrink/Projects/build/encode/encode/tests/ptrarith/ptrarith.perf.plain --  --cso /dev/null
key=plain, no.=3, <stderr>:
LENGTH=30
elapsed cycles: 5925
hi(checksum)=0x6C09505B1C5C20F5
lo(checksum)=0xB8D0B4D4906AE1BC
key=plain, no.=3, <checksum>:
0x6C09505B1C5C20F5B8D0B4D4906AE1BC
key=plain, no.=3, cso file:
/dev/null
----------------------------------------------
real command=cset shield -e /home/nrink/Projects/build/encode/encode/tests/ptrarith/ptrarith.perf.plain --  --cso /dev/null
key=plain, no.=4, <stderr>:
LENGTH=30
elapsed cycles: 6351
hi(checksum)=0x6C09505B1C5C20F5
lo(checksum)=0xB8D0B4D4906AE1BC
key=plain, no.=4, <checksum>:
0x6C09505B1C5C20F5B8D0B4D4906AE1BC
key=plain, no.=4, cso file:
/dev/null
----------------------------------------------
real command=cset shield -e /home/nrink/Projects/build/encode/encode/tests/ptrarith/ptrarith.perf.plain --  --cso /dev/null
key=plain, no.=5, <stderr>:
LENGTH=30
elapsed cycles: 6108
hi(checksum)=0x6C09505B1C5C20F5
lo(checksum)=0xB8D0B4D4906AE1BC
key=plain, no.=5, <checksum>:
0x6C09505B1C5C20F5B8D0B4D4906AE1BC
key=plain, no.=5, cso file:
/dev/null
----------------------------------------------
real command=cset shield -e /home/nrink/Projects/build/encode/encode/tests/ptrarith/ptrarith.perf.plain --  --cso /dev/null
key=plain, no.=6, <stderr>:
LENGTH=30
elapsed cycles: 5937
hi(checksum)=0x6C09505B1C5C20F5
lo(checksum)=0xB8D0B4D4906AE1BC
key=plain, no.=6, <checksum>:
0x6C09505B1C5C20F5B8D0B4D4906AE1BC
key=plain, no.=6, cso file:
/dev/null
----------------------------------------------
real command=cset shield -e /home/nrink/Projects/build/encode/encode/tests/ptrarith/ptrarith.perf.plain --  --cso /dev/null
key=plain, no.=7, <stderr>:
LENGTH=30
elapsed cycles: 5919
hi(checksum)=0x6C09505B1C5C20F5
lo(checksum)=0xB8D0B4D4906AE1BC
key=plain, no.=7, <checksum>:
0x6C09505B1C5C20F5B8D0B4D4906AE1BC
key=plain, no.=7, cso file:
/dev/null
----------------------------------------------
real command=cset shield -e /home/nrink/Projects/build/encode/encode/tests/ptrarith/ptrarith.perf.plain --  --cso /dev/null
key=plain, no.=8, <stderr>:
LENGTH=30
elapsed cycles: 5868
hi(checksum)=0x6C09505B1C5C20F5
lo(checksum)=0xB8D0B4D4906AE1BC
key=plain, no.=8, <checksum>:
0x6C09505B1C5C20F5B8D0B4D4906AE1BC
key=plain, no.=8, cso file:
/dev/null
----------------------------------------------
real command=cset shield -e /home/nrink/Projects/build/encode/encode/tests/ptrarith/ptrarith.perf.plain --  --cso /dev/null
key=plain, no.=9, <stderr>:
LENGTH=30
elapsed cycles: 5976
hi(checksum)=0x6C09505B1C5C20F5
lo(checksum)=0xB8D0B4D4906AE1BC
key=plain, no.=9, <checksum>:
0x6C09505B1C5C20F5B8D0B4D4906AE1BC
key=plain, no.=9, cso file:
/dev/null
----------------------------------------------
real command=cset shield -e /home/nrink/Projects/build/encode/encode/tests/ptrarith/ptrarith.perf.plain --  --cso /dev/null
key=plain, no.=10, <stderr>:
LENGTH=30
elapsed cycles: 5937
hi(checksum)=0x6C09505B1C5C20F5
lo(checksum)=0xB8D0B4D4906AE1BC
key=plain, no.=10, <checksum>:
0x6C09505B1C5C20F5B8D0B4D4906AE1BC
key=plain, no.=10, cso file:
/dev/null
----------------------------------------------
real command=cset shield -e /home/nrink/Projects/build/encode/encode/tests/ptrarith/ptrarith.perf.plain --  --cso /dev/null
key=plain, no.=11, <stderr>:
LENGTH=30
elapsed cycles: 6390
hi(checksum)=0x6C09505B1C5C20F5
lo(checksum)=0xB8D0B4D4906AE1BC
key=plain, no.=11, <checksum>:
0x6C09505B1C5C20F5B8D0B4D4906AE1BC
key=plain, no.=11, cso file:
/dev/null
----------------------------------------------
real command=cset shield -e /home/nrink/Projects/build/encode/encode/tests/ptrarith/ptrarith.perf.plain --  --cso /dev/null
key=plain, no.=12, <stderr>:
LENGTH=30
elapsed cycles: 6168
hi(checksum)=0x6C09505B1C5C20F5
lo(checksum)=0xB8D0B4D4906AE1BC
key=plain, no.=12, <checksum>:
0x6C09505B1C5C20F5B8D0B4D4906AE1BC
key=plain, no.=12, cso file:
/dev/null
----------------------------------------------
real command=cset shield -e /home/nrink/Projects/build/encode/encode/tests/ptrarith/ptrarith.perf.plain --  --cso /dev/null
key=plain, no.=13, <stderr>:
LENGTH=30
elapsed cycles: 6267
hi(checksum)=0x6C09505B1C5C20F5
lo(checksum)=0xB8D0B4D4906AE1BC
key=plain, no.=13, <checksum>:
0x6C09505B1C5C20F5B8D0B4D4906AE1BC
key=plain, no.=13, cso file:
/dev/null
----------------------------------------------
real command=cset shield -e /home/nrink/Projects/build/encode/encode/tests/ptrarith/ptrarith.perf.plain --  --cso /dev/null
key=plain, no.=14, <stderr>:
LENGTH=30
elapsed cycles: 5913
hi(checksum)=0x6C09505B1C5C20F5
lo(checksum)=0xB8D0B4D4906AE1BC
key=plain, no.=14, <checksum>:
0x6C09505B1C5C20F5B8D0B4D4906AE1BC
key=plain, no.=14, cso file:
/dev/null
----------------------------------------------
real command=cset shield -e /home/nrink/Projects/build/encode/encode/tests/ptrarith/ptrarith.perf.plain --  --cso /dev/null
key=plain, no.=15, <stderr>:
LENGTH=30
elapsed cycles: 5787
hi(checksum)=0x6C09505B1C5C20F5
lo(checksum)=0xB8D0B4D4906AE1BC
key=plain, no.=15, <checksum>:
0x6C09505B1C5C20F5B8D0B4D4906AE1BC
key=plain, no.=15, cso file:
/dev/null
----------------------------------------------
real command=cset shield -e /home/nrink/Projects/build/encode/encode/tests/ptrarith/ptrarith.perf.plain --  --cso /dev/null
key=plain, no.=16, <stderr>:
LENGTH=30
elapsed cycles: 5991
hi(checksum)=0x6C09505B1C5C20F5
lo(checksum)=0xB8D0B4D4906AE1BC
key=plain, no.=16, <checksum>:
0x6C09505B1C5C20F5B8D0B4D4906AE1BC
key=plain, no.=16, cso file:
/dev/null
----------------------------------------------
real command=cset shield -e /home/nrink/Projects/build/encode/encode/tests/ptrarith/ptrarith.perf.plain --  --cso /dev/null
key=plain, no.=17, <stderr>:
LENGTH=30
elapsed cycles: 6129
hi(checksum)=0x6C09505B1C5C20F5
lo(checksum)=0xB8D0B4D4906AE1BC
key=plain, no.=17, <checksum>:
0x6C09505B1C5C20F5B8D0B4D4906AE1BC
key=plain, no.=17, cso file:
/dev/null
----------------------------------------------
real command=cset shield -e /home/nrink/Projects/build/encode/encode/tests/ptrarith/ptrarith.perf.plain --  --cso /dev/null
key=plain, no.=18, <stderr>:
LENGTH=30
elapsed cycles: 6024
hi(checksum)=0x6C09505B1C5C20F5
lo(checksum)=0xB8D0B4D4906AE1BC
key=plain, no.=18, <checksum>:
0x6C09505B1C5C20F5B8D0B4D4906AE1BC
key=plain, no.=18, cso file:
/dev/null
----------------------------------------------
real command=cset shield -e /home/nrink/Projects/build/encode/encode/tests/ptrarith/ptrarith.perf.plain --  --cso /dev/null
key=plain, no.=19, <stderr>:
LENGTH=30
elapsed cycles: 6204
hi(checksum)=0x6C09505B1C5C20F5
lo(checksum)=0xB8D0B4D4906AE1BC
key=plain, no.=19, <checksum>:
0x6C09505B1C5C20F5B8D0B4D4906AE1BC
key=plain, no.=19, cso file:
/dev/null
----------------------------------------------
real command=cset shield -e /home/nrink/Projects/build/encode/encode/tests/ptrarith/ptrarith.perf.plain --  --cso /dev/null
key=plain, no.=20, <stderr>:
LENGTH=30
elapsed cycles: 6201
hi(checksum)=0x6C09505B1C5C20F5
lo(checksum)=0xB8D0B4D4906AE1BC
key=plain, no.=20, <checksum>:
0x6C09505B1C5C20F5B8D0B4D4906AE1BC
key=plain, no.=20, cso file:
/dev/null
----------------------------------------------
real command=cset shield -e /home/nrink/Projects/build/encode/encode/tests/ptrarith/ptrarith.perf.plain --  --cso /dev/null
key=plain, no.=21, <stderr>:
LENGTH=30
elapsed cycles: 5751
hi(checksum)=0x6C09505B1C5C20F5
lo(checksum)=0xB8D0B4D4906AE1BC
key=plain, no.=21, <checksum>:
0x6C09505B1C5C20F5B8D0B4D4906AE1BC
key=plain, no.=21, cso file:
/dev/null
----------------------------------------------
real command=cset shield -e /home/nrink/Projects/build/encode/encode/tests/ptrarith/ptrarith.perf.plain --  --cso /dev/null
key=plain, no.=22, <stderr>:
LENGTH=30
elapsed cycles: 5958
hi(checksum)=0x6C09505B1C5C20F5
lo(checksum)=0xB8D0B4D4906AE1BC
key=plain, no.=22, <checksum>:
0x6C09505B1C5C20F5B8D0B4D4906AE1BC
key=plain, no.=22, cso file:
/dev/null
----------------------------------------------
real command=cset shield -e /home/nrink/Projects/build/encode/encode/tests/ptrarith/ptrarith.perf.plain --  --cso /dev/null
key=plain, no.=23, <stderr>:
LENGTH=30
elapsed cycles: 5976
hi(checksum)=0x6C09505B1C5C20F5
lo(checksum)=0xB8D0B4D4906AE1BC
key=plain, no.=23, <checksum>:
0x6C09505B1C5C20F5B8D0B4D4906AE1BC
key=plain, no.=23, cso file:
/dev/null
----------------------------------------------
real command=cset shield -e /home/nrink/Projects/build/encode/encode/tests/ptrarith/ptrarith.perf.plain --  --cso /dev/null
key=plain, no.=24, <stderr>:
LENGTH=30
elapsed cycles: 5997
hi(checksum)=0x6C09505B1C5C20F5
lo(checksum)=0xB8D0B4D4906AE1BC
key=plain, no.=24, <checksum>:
0x6C09505B1C5C20F5B8D0B4D4906AE1BC
key=plain, no.=24, cso file:
/dev/null
----------------------------------------------
real command=cset shield -e /home/nrink/Projects/build/encode/encode/tests/ptrarith/ptrarith.perf.plain --  --cso /dev/null
key=plain, no.=25, <stderr>:
LENGTH=30
elapsed cycles: 5922
hi(checksum)=0x6C09505B1C5C20F5
lo(checksum)=0xB8D0B4D4906AE1BC
key=plain, no.=25, <checksum>:
0x6C09505B1C5C20F5B8D0B4D4906AE1BC
key=plain, no.=25, cso file:
/dev/null
----------------------------------------------
real command=cset shield -e /home/nrink/Projects/build/encode/encode/tests/ptrarith/ptrarith.perf.plain --  --cso /dev/null
key=plain, no.=26, <stderr>:
LENGTH=30
elapsed cycles: 5865
hi(checksum)=0x6C09505B1C5C20F5
lo(checksum)=0xB8D0B4D4906AE1BC
key=plain, no.=26, <checksum>:
0x6C09505B1C5C20F5B8D0B4D4906AE1BC
key=plain, no.=26, cso file:
/dev/null
----------------------------------------------
real command=cset shield -e /home/nrink/Projects/build/encode/encode/tests/ptrarith/ptrarith.perf.plain --  --cso /dev/null
key=plain, no.=27, <stderr>:
LENGTH=30
elapsed cycles: 6237
hi(checksum)=0x6C09505B1C5C20F5
lo(checksum)=0xB8D0B4D4906AE1BC
key=plain, no.=27, <checksum>:
0x6C09505B1C5C20F5B8D0B4D4906AE1BC
key=plain, no.=27, cso file:
/dev/null
----------------------------------------------
real command=cset shield -e /home/nrink/Projects/build/encode/encode/tests/ptrarith/ptrarith.perf.plain --  --cso /dev/null
key=plain, no.=28, <stderr>:
LENGTH=30
elapsed cycles: 6054
hi(checksum)=0x6C09505B1C5C20F5
lo(checksum)=0xB8D0B4D4906AE1BC
key=plain, no.=28, <checksum>:
0x6C09505B1C5C20F5B8D0B4D4906AE1BC
key=plain, no.=28, cso file:
/dev/null
----------------------------------------------
real command=cset shield -e /home/nrink/Projects/build/encode/encode/tests/ptrarith/ptrarith.perf.plain --  --cso /dev/null
key=plain, no.=29, <stderr>:
LENGTH=30
elapsed cycles: 6039
hi(checksum)=0x6C09505B1C5C20F5
lo(checksum)=0xB8D0B4D4906AE1BC
key=plain, no.=29, <checksum>:
0x6C09505B1C5C20F5B8D0B4D4906AE1BC
key=plain, no.=29, cso file:
/dev/null
----------------------------------------------
real command=cset shield -e /home/nrink/Projects/build/encode/encode/tests/ptrarith/ptrarith.perf.plain --  --cso /dev/null
key=plain, no.=30, <stderr>:
LENGTH=30
elapsed cycles: 5928
hi(checksum)=0x6C09505B1C5C20F5
lo(checksum)=0xB8D0B4D4906AE1BC
key=plain, no.=30, <checksum>:
0x6C09505B1C5C20F5B8D0B4D4906AE1BC
key=plain, no.=30, cso file:
/dev/null
----------------------------------------------
real command=cset shield -e /home/nrink/Projects/build/encode/encode/tests/ptrarith/ptrarith.perf.plain --  --cso /dev/null
key=plain, no.=31, <stderr>:
LENGTH=30
elapsed cycles: 5931
hi(checksum)=0x6C09505B1C5C20F5
lo(checksum)=0xB8D0B4D4906AE1BC
key=plain, no.=31, <checksum>:
0x6C09505B1C5C20F5B8D0B4D4906AE1BC
key=plain, no.=31, cso file:
/dev/null
----------------------------------------------
real command=cset shield -e /home/nrink/Projects/build/encode/encode/tests/ptrarith/ptrarith.perf.plain --  --cso /dev/null
key=plain, no.=32, <stderr>:
LENGTH=30
elapsed cycles: 6042
hi(checksum)=0x6C09505B1C5C20F5
lo(checksum)=0xB8D0B4D4906AE1BC
key=plain, no.=32, <checksum>:
0x6C09505B1C5C20F5B8D0B4D4906AE1BC
key=plain, no.=32, cso file:
/dev/null
----------------------------------------------
real command=cset shield -e /home/nrink/Projects/build/encode/encode/tests/ptrarith/ptrarith.perf.plain --  --cso /dev/null
key=plain, no.=33, <stderr>:
LENGTH=30
elapsed cycles: 5976
hi(checksum)=0x6C09505B1C5C20F5
lo(checksum)=0xB8D0B4D4906AE1BC
key=plain, no.=33, <checksum>:
0x6C09505B1C5C20F5B8D0B4D4906AE1BC
key=plain, no.=33, cso file:
/dev/null
----------------------------------------------
real command=cset shield -e /home/nrink/Projects/build/encode/encode/tests/ptrarith/ptrarith.perf.plain --  --cso /dev/null
key=plain, no.=34, <stderr>:
LENGTH=30
elapsed cycles: 6018
hi(checksum)=0x6C09505B1C5C20F5
lo(checksum)=0xB8D0B4D4906AE1BC
key=plain, no.=34, <checksum>:
0x6C09505B1C5C20F5B8D0B4D4906AE1BC
key=plain, no.=34, cso file:
/dev/null
----------------------------------------------
real command=cset shield -e /home/nrink/Projects/build/encode/encode/tests/ptrarith/ptrarith.perf.plain --  --cso /dev/null
key=plain, no.=35, <stderr>:
LENGTH=30
elapsed cycles: 6126
hi(checksum)=0x6C09505B1C5C20F5
lo(checksum)=0xB8D0B4D4906AE1BC
key=plain, no.=35, <checksum>:
0x6C09505B1C5C20F5B8D0B4D4906AE1BC
key=plain, no.=35, cso file:
/dev/null
----------------------------------------------
real command=cset shield -e /home/nrink/Projects/build/encode/encode/tests/ptrarith/ptrarith.perf.plain --  --cso /dev/null
key=plain, no.=36, <stderr>:
LENGTH=30
elapsed cycles: 6225
hi(checksum)=0x6C09505B1C5C20F5
lo(checksum)=0xB8D0B4D4906AE1BC
key=plain, no.=36, <checksum>:
0x6C09505B1C5C20F5B8D0B4D4906AE1BC
key=plain, no.=36, cso file:
/dev/null
----------------------------------------------
real command=cset shield -e /home/nrink/Projects/build/encode/encode/tests/ptrarith/ptrarith.perf.plain --  --cso /dev/null
key=plain, no.=37, <stderr>:
LENGTH=30
elapsed cycles: 5736
hi(checksum)=0x6C09505B1C5C20F5
lo(checksum)=0xB8D0B4D4906AE1BC
key=plain, no.=37, <checksum>:
0x6C09505B1C5C20F5B8D0B4D4906AE1BC
key=plain, no.=37, cso file:
/dev/null
----------------------------------------------
real command=cset shield -e /home/nrink/Projects/build/encode/encode/tests/ptrarith/ptrarith.perf.plain --  --cso /dev/null
key=plain, no.=38, <stderr>:
LENGTH=30
elapsed cycles: 5898
hi(checksum)=0x6C09505B1C5C20F5
lo(checksum)=0xB8D0B4D4906AE1BC
key=plain, no.=38, <checksum>:
0x6C09505B1C5C20F5B8D0B4D4906AE1BC
key=plain, no.=38, cso file:
/dev/null
----------------------------------------------
real command=cset shield -e /home/nrink/Projects/build/encode/encode/tests/ptrarith/ptrarith.perf.plain --  --cso /dev/null
key=plain, no.=39, <stderr>:
LENGTH=30
elapsed cycles: 5886
hi(checksum)=0x6C09505B1C5C20F5
lo(checksum)=0xB8D0B4D4906AE1BC
key=plain, no.=39, <checksum>:
0x6C09505B1C5C20F5B8D0B4D4906AE1BC
key=plain, no.=39, cso file:
/dev/null
----------------------------------------------
real command=cset shield -e /home/nrink/Projects/build/encode/encode/tests/ptrarith/ptrarith.perf.plain --  --cso /dev/null
key=plain, no.=40, <stderr>:
LENGTH=30
elapsed cycles: 5916
hi(checksum)=0x6C09505B1C5C20F5
lo(checksum)=0xB8D0B4D4906AE1BC
key=plain, no.=40, <checksum>:
0x6C09505B1C5C20F5B8D0B4D4906AE1BC
key=plain, no.=40, cso file:
/dev/null
----------------------------------------------
real command=cset shield -e /home/nrink/Projects/build/encode/encode/tests/ptrarith/ptrarith.perf.plain --  --cso /dev/null
key=plain, no.=41, <stderr>:
LENGTH=30
elapsed cycles: 5826
hi(checksum)=0x6C09505B1C5C20F5
lo(checksum)=0xB8D0B4D4906AE1BC
key=plain, no.=41, <checksum>:
0x6C09505B1C5C20F5B8D0B4D4906AE1BC
key=plain, no.=41, cso file:
/dev/null
----------------------------------------------
real command=cset shield -e /home/nrink/Projects/build/encode/encode/tests/ptrarith/ptrarith.perf.plain --  --cso /dev/null
key=plain, no.=42, <stderr>:
LENGTH=30
elapsed cycles: 5832
hi(checksum)=0x6C09505B1C5C20F5
lo(checksum)=0xB8D0B4D4906AE1BC
key=plain, no.=42, <checksum>:
0x6C09505B1C5C20F5B8D0B4D4906AE1BC
key=plain, no.=42, cso file:
/dev/null
----------------------------------------------
real command=cset shield -e /home/nrink/Projects/build/encode/encode/tests/ptrarith/ptrarith.perf.plain --  --cso /dev/null
key=plain, no.=43, <stderr>:
LENGTH=30
elapsed cycles: 6021
hi(checksum)=0x6C09505B1C5C20F5
lo(checksum)=0xB8D0B4D4906AE1BC
key=plain, no.=43, <checksum>:
0x6C09505B1C5C20F5B8D0B4D4906AE1BC
key=plain, no.=43, cso file:
/dev/null
----------------------------------------------
real command=cset shield -e /home/nrink/Projects/build/encode/encode/tests/ptrarith/ptrarith.perf.plain --  --cso /dev/null
key=plain, no.=44, <stderr>:
LENGTH=30
elapsed cycles: 6042
hi(checksum)=0x6C09505B1C5C20F5
lo(checksum)=0xB8D0B4D4906AE1BC
key=plain, no.=44, <checksum>:
0x6C09505B1C5C20F5B8D0B4D4906AE1BC
key=plain, no.=44, cso file:
/dev/null
----------------------------------------------
real command=cset shield -e /home/nrink/Projects/build/encode/encode/tests/ptrarith/ptrarith.perf.plain --  --cso /dev/null
key=plain, no.=45, <stderr>:
LENGTH=30
elapsed cycles: 6015
hi(checksum)=0x6C09505B1C5C20F5
lo(checksum)=0xB8D0B4D4906AE1BC
key=plain, no.=45, <checksum>:
0x6C09505B1C5C20F5B8D0B4D4906AE1BC
key=plain, no.=45, cso file:
/dev/null
----------------------------------------------
real command=cset shield -e /home/nrink/Projects/build/encode/encode/tests/ptrarith/ptrarith.perf.plain --  --cso /dev/null
key=plain, no.=46, <stderr>:
LENGTH=30
elapsed cycles: 5850
hi(checksum)=0x6C09505B1C5C20F5
lo(checksum)=0xB8D0B4D4906AE1BC
key=plain, no.=46, <checksum>:
0x6C09505B1C5C20F5B8D0B4D4906AE1BC
key=plain, no.=46, cso file:
/dev/null
----------------------------------------------
real command=cset shield -e /home/nrink/Projects/build/encode/encode/tests/ptrarith/ptrarith.perf.plain --  --cso /dev/null
key=plain, no.=47, <stderr>:
LENGTH=30
elapsed cycles: 6036
hi(checksum)=0x6C09505B1C5C20F5
lo(checksum)=0xB8D0B4D4906AE1BC
key=plain, no.=47, <checksum>:
0x6C09505B1C5C20F5B8D0B4D4906AE1BC
key=plain, no.=47, cso file:
/dev/null
----------------------------------------------
real command=cset shield -e /home/nrink/Projects/build/encode/encode/tests/ptrarith/ptrarith.perf.plain --  --cso /dev/null
key=plain, no.=48, <stderr>:
LENGTH=30
elapsed cycles: 7104
hi(checksum)=0x6C09505B1C5C20F5
lo(checksum)=0xB8D0B4D4906AE1BC
key=plain, no.=48, <checksum>:
0x6C09505B1C5C20F5B8D0B4D4906AE1BC
key=plain, no.=48, cso file:
/dev/null
----------------------------------------------
real command=cset shield -e /home/nrink/Projects/build/encode/encode/tests/ptrarith/ptrarith.perf.plain --  --cso /dev/null
key=plain, no.=49, <stderr>:
LENGTH=30
elapsed cycles: 5895
hi(checksum)=0x6C09505B1C5C20F5
lo(checksum)=0xB8D0B4D4906AE1BC
key=plain, no.=49, <checksum>:
0x6C09505B1C5C20F5B8D0B4D4906AE1BC
key=plain, no.=49, cso file:
/dev/null
----------------------------------------------
real command=cset shield -e /home/nrink/Projects/build/encode/encode/tests/ptrarith/ptrarith.perf.plain --  --cso /dev/null
key=plain, no.=50, <stderr>:
LENGTH=30
elapsed cycles: 6234
hi(checksum)=0x6C09505B1C5C20F5
lo(checksum)=0xB8D0B4D4906AE1BC
key=plain, no.=50, <checksum>:
0x6C09505B1C5C20F5B8D0B4D4906AE1BC
key=plain, no.=50, cso file:
/dev/null
----------------------------------------------
real command=cset shield -e /home/nrink/Projects/build/encode/encode/tests/ptrarith/ptrarith.perf.plain --  --cso /dev/null
key=plain, no.=51, <stderr>:
LENGTH=30
elapsed cycles: 6573
hi(checksum)=0x6C09505B1C5C20F5
lo(checksum)=0xB8D0B4D4906AE1BC
key=plain, no.=51, <checksum>:
0x6C09505B1C5C20F5B8D0B4D4906AE1BC
key=plain, no.=51, cso file:
/dev/null
----------------------------------------------
real command=cset shield -e /home/nrink/Projects/build/encode/encode/tests/ptrarith/ptrarith.perf.plain --  --cso /dev/null
key=plain, no.=52, <stderr>:
LENGTH=30
elapsed cycles: 5862
hi(checksum)=0x6C09505B1C5C20F5
lo(checksum)=0xB8D0B4D4906AE1BC
key=plain, no.=52, <checksum>:
0x6C09505B1C5C20F5B8D0B4D4906AE1BC
key=plain, no.=52, cso file:
/dev/null
----------------------------------------------
real command=cset shield -e /home/nrink/Projects/build/encode/encode/tests/ptrarith/ptrarith.perf.plain --  --cso /dev/null
key=plain, no.=53, <stderr>:
LENGTH=30
elapsed cycles: 5670
hi(checksum)=0x6C09505B1C5C20F5
lo(checksum)=0xB8D0B4D4906AE1BC
key=plain, no.=53, <checksum>:
0x6C09505B1C5C20F5B8D0B4D4906AE1BC
key=plain, no.=53, cso file:
/dev/null
----------------------------------------------
real command=cset shield -e /home/nrink/Projects/build/encode/encode/tests/ptrarith/ptrarith.perf.plain --  --cso /dev/null
key=plain, no.=54, <stderr>:
LENGTH=30
elapsed cycles: 5934
hi(checksum)=0x6C09505B1C5C20F5
lo(checksum)=0xB8D0B4D4906AE1BC
key=plain, no.=54, <checksum>:
0x6C09505B1C5C20F5B8D0B4D4906AE1BC
key=plain, no.=54, cso file:
/dev/null
----------------------------------------------
real command=cset shield -e /home/nrink/Projects/build/encode/encode/tests/ptrarith/ptrarith.perf.plain --  --cso /dev/null
key=plain, no.=55, <stderr>:
LENGTH=30
elapsed cycles: 6240
hi(checksum)=0x6C09505B1C5C20F5
lo(checksum)=0xB8D0B4D4906AE1BC
key=plain, no.=55, <checksum>:
0x6C09505B1C5C20F5B8D0B4D4906AE1BC
key=plain, no.=55, cso file:
/dev/null
----------------------------------------------
real command=cset shield -e /home/nrink/Projects/build/encode/encode/tests/ptrarith/ptrarith.perf.plain --  --cso /dev/null
key=plain, no.=56, <stderr>:
LENGTH=30
elapsed cycles: 5889
hi(checksum)=0x6C09505B1C5C20F5
lo(checksum)=0xB8D0B4D4906AE1BC
key=plain, no.=56, <checksum>:
0x6C09505B1C5C20F5B8D0B4D4906AE1BC
key=plain, no.=56, cso file:
/dev/null
----------------------------------------------
real command=cset shield -e /home/nrink/Projects/build/encode/encode/tests/ptrarith/ptrarith.perf.plain --  --cso /dev/null
key=plain, no.=57, <stderr>:
LENGTH=30
elapsed cycles: 5793
hi(checksum)=0x6C09505B1C5C20F5
lo(checksum)=0xB8D0B4D4906AE1BC
key=plain, no.=57, <checksum>:
0x6C09505B1C5C20F5B8D0B4D4906AE1BC
key=plain, no.=57, cso file:
/dev/null
----------------------------------------------
real command=cset shield -e /home/nrink/Projects/build/encode/encode/tests/ptrarith/ptrarith.perf.plain --  --cso /dev/null
key=plain, no.=58, <stderr>:
LENGTH=30
elapsed cycles: 5793
hi(checksum)=0x6C09505B1C5C20F5
lo(checksum)=0xB8D0B4D4906AE1BC
key=plain, no.=58, <checksum>:
0x6C09505B1C5C20F5B8D0B4D4906AE1BC
key=plain, no.=58, cso file:
/dev/null
----------------------------------------------
real command=cset shield -e /home/nrink/Projects/build/encode/encode/tests/ptrarith/ptrarith.perf.plain --  --cso /dev/null
key=plain, no.=59, <stderr>:
LENGTH=30
elapsed cycles: 6024
hi(checksum)=0x6C09505B1C5C20F5
lo(checksum)=0xB8D0B4D4906AE1BC
key=plain, no.=59, <checksum>:
0x6C09505B1C5C20F5B8D0B4D4906AE1BC
key=plain, no.=59, cso file:
/dev/null
----------------------------------------------
real command=cset shield -e /home/nrink/Projects/build/encode/encode/tests/ptrarith/ptrarith.perf.plain --  --cso /dev/null
key=plain, no.=60, <stderr>:
LENGTH=30
elapsed cycles: 6177
hi(checksum)=0x6C09505B1C5C20F5
lo(checksum)=0xB8D0B4D4906AE1BC
key=plain, no.=60, <checksum>:
0x6C09505B1C5C20F5B8D0B4D4906AE1BC
key=plain, no.=60, cso file:
/dev/null
----------------------------------------------
real command=cset shield -e /home/nrink/Projects/build/encode/encode/tests/ptrarith/ptrarith.perf.plain --  --cso /dev/null
key=plain, no.=61, <stderr>:
LENGTH=30
elapsed cycles: 6114
hi(checksum)=0x6C09505B1C5C20F5
lo(checksum)=0xB8D0B4D4906AE1BC
key=plain, no.=61, <checksum>:
0x6C09505B1C5C20F5B8D0B4D4906AE1BC
key=plain, no.=61, cso file:
/dev/null
----------------------------------------------
real command=cset shield -e /home/nrink/Projects/build/encode/encode/tests/ptrarith/ptrarith.perf.plain --  --cso /dev/null
key=plain, no.=62, <stderr>:
LENGTH=30
elapsed cycles: 6015
hi(checksum)=0x6C09505B1C5C20F5
lo(checksum)=0xB8D0B4D4906AE1BC
key=plain, no.=62, <checksum>:
0x6C09505B1C5C20F5B8D0B4D4906AE1BC
key=plain, no.=62, cso file:
/dev/null
----------------------------------------------
real command=cset shield -e /home/nrink/Projects/build/encode/encode/tests/ptrarith/ptrarith.perf.plain --  --cso /dev/null
key=plain, no.=63, <stderr>:
LENGTH=30
elapsed cycles: 5766
hi(checksum)=0x6C09505B1C5C20F5
lo(checksum)=0xB8D0B4D4906AE1BC
key=plain, no.=63, <checksum>:
0x6C09505B1C5C20F5B8D0B4D4906AE1BC
key=plain, no.=63, cso file:
/dev/null
----------------------------------------------
real command=cset shield -e /home/nrink/Projects/build/encode/encode/tests/ptrarith/ptrarith.perf.plain --  --cso /dev/null
key=plain, no.=64, <stderr>:
LENGTH=30
elapsed cycles: 5973
hi(checksum)=0x6C09505B1C5C20F5
lo(checksum)=0xB8D0B4D4906AE1BC
key=plain, no.=64, <checksum>:
0x6C09505B1C5C20F5B8D0B4D4906AE1BC
key=plain, no.=64, cso file:
/dev/null
----------------------------------------------
real command=cset shield -e /home/nrink/Projects/build/encode/encode/tests/ptrarith/ptrarith.perf.plain --  --cso /dev/null
key=plain, no.=65, <stderr>:
LENGTH=30
elapsed cycles: 6000
hi(checksum)=0x6C09505B1C5C20F5
lo(checksum)=0xB8D0B4D4906AE1BC
key=plain, no.=65, <checksum>:
0x6C09505B1C5C20F5B8D0B4D4906AE1BC
key=plain, no.=65, cso file:
/dev/null
----------------------------------------------
real command=cset shield -e /home/nrink/Projects/build/encode/encode/tests/ptrarith/ptrarith.perf.plain --  --cso /dev/null
key=plain, no.=66, <stderr>:
LENGTH=30
elapsed cycles: 5982
hi(checksum)=0x6C09505B1C5C20F5
lo(checksum)=0xB8D0B4D4906AE1BC
key=plain, no.=66, <checksum>:
0x6C09505B1C5C20F5B8D0B4D4906AE1BC
key=plain, no.=66, cso file:
/dev/null
----------------------------------------------
real command=cset shield -e /home/nrink/Projects/build/encode/encode/tests/ptrarith/ptrarith.perf.plain --  --cso /dev/null
key=plain, no.=67, <stderr>:
LENGTH=30
elapsed cycles: 5964
hi(checksum)=0x6C09505B1C5C20F5
lo(checksum)=0xB8D0B4D4906AE1BC
key=plain, no.=67, <checksum>:
0x6C09505B1C5C20F5B8D0B4D4906AE1BC
key=plain, no.=67, cso file:
/dev/null
----------------------------------------------
real command=cset shield -e /home/nrink/Projects/build/encode/encode/tests/ptrarith/ptrarith.perf.plain --  --cso /dev/null
key=plain, no.=68, <stderr>:
LENGTH=30
elapsed cycles: 5865
hi(checksum)=0x6C09505B1C5C20F5
lo(checksum)=0xB8D0B4D4906AE1BC
key=plain, no.=68, <checksum>:
0x6C09505B1C5C20F5B8D0B4D4906AE1BC
key=plain, no.=68, cso file:
/dev/null
----------------------------------------------
real command=cset shield -e /home/nrink/Projects/build/encode/encode/tests/ptrarith/ptrarith.perf.plain --  --cso /dev/null
key=plain, no.=69, <stderr>:
LENGTH=30
elapsed cycles: 5994
hi(checksum)=0x6C09505B1C5C20F5
lo(checksum)=0xB8D0B4D4906AE1BC
key=plain, no.=69, <checksum>:
0x6C09505B1C5C20F5B8D0B4D4906AE1BC
key=plain, no.=69, cso file:
/dev/null
----------------------------------------------
real command=cset shield -e /home/nrink/Projects/build/encode/encode/tests/ptrarith/ptrarith.perf.plain --  --cso /dev/null
key=plain, no.=70, <stderr>:
LENGTH=30
elapsed cycles: 5952
hi(checksum)=0x6C09505B1C5C20F5
lo(checksum)=0xB8D0B4D4906AE1BC
key=plain, no.=70, <checksum>:
0x6C09505B1C5C20F5B8D0B4D4906AE1BC
key=plain, no.=70, cso file:
/dev/null
----------------------------------------------
real command=cset shield -e /home/nrink/Projects/build/encode/encode/tests/ptrarith/ptrarith.perf.plain --  --cso /dev/null
key=plain, no.=71, <stderr>:
LENGTH=30
elapsed cycles: 5964
hi(checksum)=0x6C09505B1C5C20F5
lo(checksum)=0xB8D0B4D4906AE1BC
key=plain, no.=71, <checksum>:
0x6C09505B1C5C20F5B8D0B4D4906AE1BC
key=plain, no.=71, cso file:
/dev/null
----------------------------------------------
real command=cset shield -e /home/nrink/Projects/build/encode/encode/tests/ptrarith/ptrarith.perf.plain --  --cso /dev/null
key=plain, no.=72, <stderr>:
LENGTH=30
elapsed cycles: 6114
hi(checksum)=0x6C09505B1C5C20F5
lo(checksum)=0xB8D0B4D4906AE1BC
key=plain, no.=72, <checksum>:
0x6C09505B1C5C20F5B8D0B4D4906AE1BC
key=plain, no.=72, cso file:
/dev/null
----------------------------------------------
real command=cset shield -e /home/nrink/Projects/build/encode/encode/tests/ptrarith/ptrarith.perf.plain --  --cso /dev/null
key=plain, no.=73, <stderr>:
LENGTH=30
elapsed cycles: 6282
hi(checksum)=0x6C09505B1C5C20F5
lo(checksum)=0xB8D0B4D4906AE1BC
key=plain, no.=73, <checksum>:
0x6C09505B1C5C20F5B8D0B4D4906AE1BC
key=plain, no.=73, cso file:
/dev/null
----------------------------------------------
real command=cset shield -e /home/nrink/Projects/build/encode/encode/tests/ptrarith/ptrarith.perf.plain --  --cso /dev/null
key=plain, no.=74, <stderr>:
LENGTH=30
elapsed cycles: 6051
hi(checksum)=0x6C09505B1C5C20F5
lo(checksum)=0xB8D0B4D4906AE1BC
key=plain, no.=74, <checksum>:
0x6C09505B1C5C20F5B8D0B4D4906AE1BC
key=plain, no.=74, cso file:
/dev/null
----------------------------------------------
real command=cset shield -e /home/nrink/Projects/build/encode/encode/tests/ptrarith/ptrarith.perf.plain --  --cso /dev/null
key=plain, no.=75, <stderr>:
LENGTH=30
elapsed cycles: 5814
hi(checksum)=0x6C09505B1C5C20F5
lo(checksum)=0xB8D0B4D4906AE1BC
key=plain, no.=75, <checksum>:
0x6C09505B1C5C20F5B8D0B4D4906AE1BC
key=plain, no.=75, cso file:
/dev/null
----------------------------------------------
real command=cset shield -e /home/nrink/Projects/build/encode/encode/tests/ptrarith/ptrarith.perf.plain --  --cso /dev/null
key=plain, no.=76, <stderr>:
LENGTH=30
elapsed cycles: 6477
hi(checksum)=0x6C09505B1C5C20F5
lo(checksum)=0xB8D0B4D4906AE1BC
key=plain, no.=76, <checksum>:
0x6C09505B1C5C20F5B8D0B4D4906AE1BC
key=plain, no.=76, cso file:
/dev/null
----------------------------------------------
real command=cset shield -e /home/nrink/Projects/build/encode/encode/tests/ptrarith/ptrarith.perf.plain --  --cso /dev/null
key=plain, no.=77, <stderr>:
LENGTH=30
elapsed cycles: 6084
hi(checksum)=0x6C09505B1C5C20F5
lo(checksum)=0xB8D0B4D4906AE1BC
key=plain, no.=77, <checksum>:
0x6C09505B1C5C20F5B8D0B4D4906AE1BC
key=plain, no.=77, cso file:
/dev/null
----------------------------------------------
real command=cset shield -e /home/nrink/Projects/build/encode/encode/tests/ptrarith/ptrarith.perf.plain --  --cso /dev/null
key=plain, no.=78, <stderr>:
LENGTH=30
elapsed cycles: 6426
hi(checksum)=0x6C09505B1C5C20F5
lo(checksum)=0xB8D0B4D4906AE1BC
key=plain, no.=78, <checksum>:
0x6C09505B1C5C20F5B8D0B4D4906AE1BC
key=plain, no.=78, cso file:
/dev/null
----------------------------------------------
real command=cset shield -e /home/nrink/Projects/build/encode/encode/tests/ptrarith/ptrarith.perf.plain --  --cso /dev/null
key=plain, no.=79, <stderr>:
LENGTH=30
elapsed cycles: 6474
hi(checksum)=0x6C09505B1C5C20F5
lo(checksum)=0xB8D0B4D4906AE1BC
key=plain, no.=79, <checksum>:
0x6C09505B1C5C20F5B8D0B4D4906AE1BC
key=plain, no.=79, cso file:
/dev/null
----------------------------------------------
real command=cset shield -e /home/nrink/Projects/build/encode/encode/tests/ptrarith/ptrarith.perf.plain --  --cso /dev/null
key=plain, no.=80, <stderr>:
LENGTH=30
elapsed cycles: 6057
hi(checksum)=0x6C09505B1C5C20F5
lo(checksum)=0xB8D0B4D4906AE1BC
key=plain, no.=80, <checksum>:
0x6C09505B1C5C20F5B8D0B4D4906AE1BC
key=plain, no.=80, cso file:
/dev/null
----------------------------------------------
real command=cset shield -e /home/nrink/Projects/build/encode/encode/tests/ptrarith/ptrarith.perf.plain --  --cso /dev/null
key=plain, no.=81, <stderr>:
LENGTH=30
elapsed cycles: 5874
hi(checksum)=0x6C09505B1C5C20F5
lo(checksum)=0xB8D0B4D4906AE1BC
key=plain, no.=81, <checksum>:
0x6C09505B1C5C20F5B8D0B4D4906AE1BC
key=plain, no.=81, cso file:
/dev/null
----------------------------------------------
real command=cset shield -e /home/nrink/Projects/build/encode/encode/tests/ptrarith/ptrarith.perf.plain --  --cso /dev/null
key=plain, no.=82, <stderr>:
LENGTH=30
elapsed cycles: 6354
hi(checksum)=0x6C09505B1C5C20F5
lo(checksum)=0xB8D0B4D4906AE1BC
key=plain, no.=82, <checksum>:
0x6C09505B1C5C20F5B8D0B4D4906AE1BC
key=plain, no.=82, cso file:
/dev/null
----------------------------------------------
real command=cset shield -e /home/nrink/Projects/build/encode/encode/tests/ptrarith/ptrarith.perf.plain --  --cso /dev/null
key=plain, no.=83, <stderr>:
LENGTH=30
elapsed cycles: 5865
hi(checksum)=0x6C09505B1C5C20F5
lo(checksum)=0xB8D0B4D4906AE1BC
key=plain, no.=83, <checksum>:
0x6C09505B1C5C20F5B8D0B4D4906AE1BC
key=plain, no.=83, cso file:
/dev/null
----------------------------------------------
real command=cset shield -e /home/nrink/Projects/build/encode/encode/tests/ptrarith/ptrarith.perf.plain --  --cso /dev/null
key=plain, no.=84, <stderr>:
LENGTH=30
elapsed cycles: 5907
hi(checksum)=0x6C09505B1C5C20F5
lo(checksum)=0xB8D0B4D4906AE1BC
key=plain, no.=84, <checksum>:
0x6C09505B1C5C20F5B8D0B4D4906AE1BC
key=plain, no.=84, cso file:
/dev/null
----------------------------------------------
real command=cset shield -e /home/nrink/Projects/build/encode/encode/tests/ptrarith/ptrarith.perf.plain --  --cso /dev/null
key=plain, no.=85, <stderr>:
LENGTH=30
elapsed cycles: 6285
hi(checksum)=0x6C09505B1C5C20F5
lo(checksum)=0xB8D0B4D4906AE1BC
key=plain, no.=85, <checksum>:
0x6C09505B1C5C20F5B8D0B4D4906AE1BC
key=plain, no.=85, cso file:
/dev/null
----------------------------------------------
real command=cset shield -e /home/nrink/Projects/build/encode/encode/tests/ptrarith/ptrarith.perf.plain --  --cso /dev/null
key=plain, no.=86, <stderr>:
LENGTH=30
elapsed cycles: 5889
hi(checksum)=0x6C09505B1C5C20F5
lo(checksum)=0xB8D0B4D4906AE1BC
key=plain, no.=86, <checksum>:
0x6C09505B1C5C20F5B8D0B4D4906AE1BC
key=plain, no.=86, cso file:
/dev/null
----------------------------------------------
real command=cset shield -e /home/nrink/Projects/build/encode/encode/tests/ptrarith/ptrarith.perf.plain --  --cso /dev/null
key=plain, no.=87, <stderr>:
LENGTH=30
elapsed cycles: 6093
hi(checksum)=0x6C09505B1C5C20F5
lo(checksum)=0xB8D0B4D4906AE1BC
key=plain, no.=87, <checksum>:
0x6C09505B1C5C20F5B8D0B4D4906AE1BC
key=plain, no.=87, cso file:
/dev/null
----------------------------------------------
real command=cset shield -e /home/nrink/Projects/build/encode/encode/tests/ptrarith/ptrarith.perf.plain --  --cso /dev/null
key=plain, no.=88, <stderr>:
LENGTH=30
elapsed cycles: 5973
hi(checksum)=0x6C09505B1C5C20F5
lo(checksum)=0xB8D0B4D4906AE1BC
key=plain, no.=88, <checksum>:
0x6C09505B1C5C20F5B8D0B4D4906AE1BC
key=plain, no.=88, cso file:
/dev/null
----------------------------------------------
real command=cset shield -e /home/nrink/Projects/build/encode/encode/tests/ptrarith/ptrarith.perf.plain --  --cso /dev/null
key=plain, no.=89, <stderr>:
LENGTH=30
elapsed cycles: 5916
hi(checksum)=0x6C09505B1C5C20F5
lo(checksum)=0xB8D0B4D4906AE1BC
key=plain, no.=89, <checksum>:
0x6C09505B1C5C20F5B8D0B4D4906AE1BC
key=plain, no.=89, cso file:
/dev/null
----------------------------------------------
real command=cset shield -e /home/nrink/Projects/build/encode/encode/tests/ptrarith/ptrarith.perf.plain --  --cso /dev/null
key=plain, no.=90, <stderr>:
LENGTH=30
elapsed cycles: 6060
hi(checksum)=0x6C09505B1C5C20F5
lo(checksum)=0xB8D0B4D4906AE1BC
key=plain, no.=90, <checksum>:
0x6C09505B1C5C20F5B8D0B4D4906AE1BC
key=plain, no.=90, cso file:
/dev/null
----------------------------------------------
real command=cset shield -e /home/nrink/Projects/build/encode/encode/tests/ptrarith/ptrarith.perf.plain --  --cso /dev/null
key=plain, no.=91, <stderr>:
LENGTH=30
elapsed cycles: 5727
hi(checksum)=0x6C09505B1C5C20F5
lo(checksum)=0xB8D0B4D4906AE1BC
key=plain, no.=91, <checksum>:
0x6C09505B1C5C20F5B8D0B4D4906AE1BC
key=plain, no.=91, cso file:
/dev/null
----------------------------------------------
real command=cset shield -e /home/nrink/Projects/build/encode/encode/tests/ptrarith/ptrarith.perf.plain --  --cso /dev/null
key=plain, no.=92, <stderr>:
LENGTH=30
elapsed cycles: 5964
hi(checksum)=0x6C09505B1C5C20F5
lo(checksum)=0xB8D0B4D4906AE1BC
key=plain, no.=92, <checksum>:
0x6C09505B1C5C20F5B8D0B4D4906AE1BC
key=plain, no.=92, cso file:
/dev/null
----------------------------------------------
real command=cset shield -e /home/nrink/Projects/build/encode/encode/tests/ptrarith/ptrarith.perf.plain --  --cso /dev/null
key=plain, no.=93, <stderr>:
LENGTH=30
elapsed cycles: 5943
hi(checksum)=0x6C09505B1C5C20F5
lo(checksum)=0xB8D0B4D4906AE1BC
key=plain, no.=93, <checksum>:
0x6C09505B1C5C20F5B8D0B4D4906AE1BC
key=plain, no.=93, cso file:
/dev/null
----------------------------------------------
real command=cset shield -e /home/nrink/Projects/build/encode/encode/tests/ptrarith/ptrarith.perf.plain --  --cso /dev/null
key=plain, no.=94, <stderr>:
LENGTH=30
elapsed cycles: 6111
hi(checksum)=0x6C09505B1C5C20F5
lo(checksum)=0xB8D0B4D4906AE1BC
key=plain, no.=94, <checksum>:
0x6C09505B1C5C20F5B8D0B4D4906AE1BC
key=plain, no.=94, cso file:
/dev/null
----------------------------------------------
real command=cset shield -e /home/nrink/Projects/build/encode/encode/tests/ptrarith/ptrarith.perf.plain --  --cso /dev/null
key=plain, no.=95, <stderr>:
LENGTH=30
elapsed cycles: 6216
hi(checksum)=0x6C09505B1C5C20F5
lo(checksum)=0xB8D0B4D4906AE1BC
key=plain, no.=95, <checksum>:
0x6C09505B1C5C20F5B8D0B4D4906AE1BC
key=plain, no.=95, cso file:
/dev/null
----------------------------------------------
real command=cset shield -e /home/nrink/Projects/build/encode/encode/tests/ptrarith/ptrarith.perf.plain --  --cso /dev/null
key=plain, no.=96, <stderr>:
LENGTH=30
elapsed cycles: 6363
hi(checksum)=0x6C09505B1C5C20F5
lo(checksum)=0xB8D0B4D4906AE1BC
key=plain, no.=96, <checksum>:
0x6C09505B1C5C20F5B8D0B4D4906AE1BC
key=plain, no.=96, cso file:
/dev/null
----------------------------------------------
real command=cset shield -e /home/nrink/Projects/build/encode/encode/tests/ptrarith/ptrarith.perf.plain --  --cso /dev/null
key=plain, no.=97, <stderr>:
LENGTH=30
elapsed cycles: 6072
hi(checksum)=0x6C09505B1C5C20F5
lo(checksum)=0xB8D0B4D4906AE1BC
key=plain, no.=97, <checksum>:
0x6C09505B1C5C20F5B8D0B4D4906AE1BC
key=plain, no.=97, cso file:
/dev/null
----------------------------------------------
real command=cset shield -e /home/nrink/Projects/build/encode/encode/tests/ptrarith/ptrarith.perf.plain --  --cso /dev/null
key=plain, no.=98, <stderr>:
LENGTH=30
elapsed cycles: 6186
hi(checksum)=0x6C09505B1C5C20F5
lo(checksum)=0xB8D0B4D4906AE1BC
key=plain, no.=98, <checksum>:
0x6C09505B1C5C20F5B8D0B4D4906AE1BC
key=plain, no.=98, cso file:
/dev/null
----------------------------------------------
real command=cset shield -e /home/nrink/Projects/build/encode/encode/tests/ptrarith/ptrarith.perf.plain --  --cso /dev/null
key=plain, no.=99, <stderr>:
LENGTH=30
elapsed cycles: 6111
hi(checksum)=0x6C09505B1C5C20F5
lo(checksum)=0xB8D0B4D4906AE1BC
key=plain, no.=99, <checksum>:
0x6C09505B1C5C20F5B8D0B4D4906AE1BC
key=plain, no.=99, cso file:
/dev/null
----------------------------------------------
key=encoded, runs=100 ...
command=/home/nrink/Projects/build/encode/encode/tests/ptrarith/ptrarith.perf.encoded
----------------------------------------------
real command=cset shield -e /home/nrink/Projects/build/encode/encode/tests/ptrarith/ptrarith.perf.encoded --  --cso /dev/null
key=encoded, no.=0, <stderr>:
LENGTH=30
elapsed cycles: 66801
hi(checksum)=0x6C09505B1C5C20F5
lo(checksum)=0xB8D0B4D4906AE1BC
key=encoded, no.=0, <checksum>:
0x6C09505B1C5C20F5B8D0B4D4906AE1BC
key=encoded, no.=0, cso file:
/dev/null
----------------------------------------------
real command=cset shield -e /home/nrink/Projects/build/encode/encode/tests/ptrarith/ptrarith.perf.encoded --  --cso /dev/null
key=encoded, no.=1, <stderr>:
LENGTH=30
elapsed cycles: 67992
hi(checksum)=0x6C09505B1C5C20F5
lo(checksum)=0xB8D0B4D4906AE1BC
key=encoded, no.=1, <checksum>:
0x6C09505B1C5C20F5B8D0B4D4906AE1BC
key=encoded, no.=1, cso file:
/dev/null
----------------------------------------------
real command=cset shield -e /home/nrink/Projects/build/encode/encode/tests/ptrarith/ptrarith.perf.encoded --  --cso /dev/null
key=encoded, no.=2, <stderr>:
LENGTH=30
elapsed cycles: 68526
hi(checksum)=0x6C09505B1C5C20F5
lo(checksum)=0xB8D0B4D4906AE1BC
key=encoded, no.=2, <checksum>:
0x6C09505B1C5C20F5B8D0B4D4906AE1BC
key=encoded, no.=2, cso file:
/dev/null
----------------------------------------------
real command=cset shield -e /home/nrink/Projects/build/encode/encode/tests/ptrarith/ptrarith.perf.encoded --  --cso /dev/null
key=encoded, no.=3, <stderr>:
LENGTH=30
elapsed cycles: 68859
hi(checksum)=0x6C09505B1C5C20F5
lo(checksum)=0xB8D0B4D4906AE1BC
key=encoded, no.=3, <checksum>:
0x6C09505B1C5C20F5B8D0B4D4906AE1BC
key=encoded, no.=3, cso file:
/dev/null
----------------------------------------------
real command=cset shield -e /home/nrink/Projects/build/encode/encode/tests/ptrarith/ptrarith.perf.encoded --  --cso /dev/null
key=encoded, no.=4, <stderr>:
LENGTH=30
elapsed cycles: 70143
hi(checksum)=0x6C09505B1C5C20F5
lo(checksum)=0xB8D0B4D4906AE1BC
key=encoded, no.=4, <checksum>:
0x6C09505B1C5C20F5B8D0B4D4906AE1BC
key=encoded, no.=4, cso file:
/dev/null
----------------------------------------------
real command=cset shield -e /home/nrink/Projects/build/encode/encode/tests/ptrarith/ptrarith.perf.encoded --  --cso /dev/null
key=encoded, no.=5, <stderr>:
LENGTH=30
elapsed cycles: 70533
hi(checksum)=0x6C09505B1C5C20F5
lo(checksum)=0xB8D0B4D4906AE1BC
key=encoded, no.=5, <checksum>:
0x6C09505B1C5C20F5B8D0B4D4906AE1BC
key=encoded, no.=5, cso file:
/dev/null
----------------------------------------------
real command=cset shield -e /home/nrink/Projects/build/encode/encode/tests/ptrarith/ptrarith.perf.encoded --  --cso /dev/null
key=encoded, no.=6, <stderr>:
LENGTH=30
elapsed cycles: 72045
hi(checksum)=0x6C09505B1C5C20F5
lo(checksum)=0xB8D0B4D4906AE1BC
key=encoded, no.=6, <checksum>:
0x6C09505B1C5C20F5B8D0B4D4906AE1BC
key=encoded, no.=6, cso file:
/dev/null
----------------------------------------------
real command=cset shield -e /home/nrink/Projects/build/encode/encode/tests/ptrarith/ptrarith.perf.encoded --  --cso /dev/null
key=encoded, no.=7, <stderr>:
LENGTH=30
elapsed cycles: 67530
hi(checksum)=0x6C09505B1C5C20F5
lo(checksum)=0xB8D0B4D4906AE1BC
key=encoded, no.=7, <checksum>:
0x6C09505B1C5C20F5B8D0B4D4906AE1BC
key=encoded, no.=7, cso file:
/dev/null
----------------------------------------------
real command=cset shield -e /home/nrink/Projects/build/encode/encode/tests/ptrarith/ptrarith.perf.encoded --  --cso /dev/null
key=encoded, no.=8, <stderr>:
LENGTH=30
elapsed cycles: 67032
hi(checksum)=0x6C09505B1C5C20F5
lo(checksum)=0xB8D0B4D4906AE1BC
key=encoded, no.=8, <checksum>:
0x6C09505B1C5C20F5B8D0B4D4906AE1BC
key=encoded, no.=8, cso file:
/dev/null
----------------------------------------------
real command=cset shield -e /home/nrink/Projects/build/encode/encode/tests/ptrarith/ptrarith.perf.encoded --  --cso /dev/null
key=encoded, no.=9, <stderr>:
LENGTH=30
elapsed cycles: 66765
hi(checksum)=0x6C09505B1C5C20F5
lo(checksum)=0xB8D0B4D4906AE1BC
key=encoded, no.=9, <checksum>:
0x6C09505B1C5C20F5B8D0B4D4906AE1BC
key=encoded, no.=9, cso file:
/dev/null
----------------------------------------------
real command=cset shield -e /home/nrink/Projects/build/encode/encode/tests/ptrarith/ptrarith.perf.encoded --  --cso /dev/null
key=encoded, no.=10, <stderr>:
LENGTH=30
elapsed cycles: 97248
hi(checksum)=0x6C09505B1C5C20F5
lo(checksum)=0xB8D0B4D4906AE1BC
key=encoded, no.=10, <checksum>:
0x6C09505B1C5C20F5B8D0B4D4906AE1BC
key=encoded, no.=10, cso file:
/dev/null
----------------------------------------------
real command=cset shield -e /home/nrink/Projects/build/encode/encode/tests/ptrarith/ptrarith.perf.encoded --  --cso /dev/null
key=encoded, no.=11, <stderr>:
LENGTH=30
elapsed cycles: 66849
hi(checksum)=0x6C09505B1C5C20F5
lo(checksum)=0xB8D0B4D4906AE1BC
key=encoded, no.=11, <checksum>:
0x6C09505B1C5C20F5B8D0B4D4906AE1BC
key=encoded, no.=11, cso file:
/dev/null
----------------------------------------------
real command=cset shield -e /home/nrink/Projects/build/encode/encode/tests/ptrarith/ptrarith.perf.encoded --  --cso /dev/null
key=encoded, no.=12, <stderr>:
LENGTH=30
elapsed cycles: 70992
hi(checksum)=0x6C09505B1C5C20F5
lo(checksum)=0xB8D0B4D4906AE1BC
key=encoded, no.=12, <checksum>:
0x6C09505B1C5C20F5B8D0B4D4906AE1BC
key=encoded, no.=12, cso file:
/dev/null
----------------------------------------------
real command=cset shield -e /home/nrink/Projects/build/encode/encode/tests/ptrarith/ptrarith.perf.encoded --  --cso /dev/null
key=encoded, no.=13, <stderr>:
LENGTH=30
elapsed cycles: 66729
hi(checksum)=0x6C09505B1C5C20F5
lo(checksum)=0xB8D0B4D4906AE1BC
key=encoded, no.=13, <checksum>:
0x6C09505B1C5C20F5B8D0B4D4906AE1BC
key=encoded, no.=13, cso file:
/dev/null
----------------------------------------------
real command=cset shield -e /home/nrink/Projects/build/encode/encode/tests/ptrarith/ptrarith.perf.encoded --  --cso /dev/null
key=encoded, no.=14, <stderr>:
LENGTH=30
elapsed cycles: 69057
hi(checksum)=0x6C09505B1C5C20F5
lo(checksum)=0xB8D0B4D4906AE1BC
key=encoded, no.=14, <checksum>:
0x6C09505B1C5C20F5B8D0B4D4906AE1BC
key=encoded, no.=14, cso file:
/dev/null
----------------------------------------------
real command=cset shield -e /home/nrink/Projects/build/encode/encode/tests/ptrarith/ptrarith.perf.encoded --  --cso /dev/null
key=encoded, no.=15, <stderr>:
LENGTH=30
elapsed cycles: 66882
hi(checksum)=0x6C09505B1C5C20F5
lo(checksum)=0xB8D0B4D4906AE1BC
key=encoded, no.=15, <checksum>:
0x6C09505B1C5C20F5B8D0B4D4906AE1BC
key=encoded, no.=15, cso file:
/dev/null
----------------------------------------------
real command=cset shield -e /home/nrink/Projects/build/encode/encode/tests/ptrarith/ptrarith.perf.encoded --  --cso /dev/null
key=encoded, no.=16, <stderr>:
LENGTH=30
elapsed cycles: 67011
hi(checksum)=0x6C09505B1C5C20F5
lo(checksum)=0xB8D0B4D4906AE1BC
key=encoded, no.=16, <checksum>:
0x6C09505B1C5C20F5B8D0B4D4906AE1BC
key=encoded, no.=16, cso file:
/dev/null
----------------------------------------------
real command=cset shield -e /home/nrink/Projects/build/encode/encode/tests/ptrarith/ptrarith.perf.encoded --  --cso /dev/null
key=encoded, no.=17, <stderr>:
LENGTH=30
elapsed cycles: 67101
hi(checksum)=0x6C09505B1C5C20F5
lo(checksum)=0xB8D0B4D4906AE1BC
key=encoded, no.=17, <checksum>:
0x6C09505B1C5C20F5B8D0B4D4906AE1BC
key=encoded, no.=17, cso file:
/dev/null
----------------------------------------------
real command=cset shield -e /home/nrink/Projects/build/encode/encode/tests/ptrarith/ptrarith.perf.encoded --  --cso /dev/null
key=encoded, no.=18, <stderr>:
LENGTH=30
elapsed cycles: 71442
hi(checksum)=0x6C09505B1C5C20F5
lo(checksum)=0xB8D0B4D4906AE1BC
key=encoded, no.=18, <checksum>:
0x6C09505B1C5C20F5B8D0B4D4906AE1BC
key=encoded, no.=18, cso file:
/dev/null
----------------------------------------------
real command=cset shield -e /home/nrink/Projects/build/encode/encode/tests/ptrarith/ptrarith.perf.encoded --  --cso /dev/null
key=encoded, no.=19, <stderr>:
LENGTH=30
elapsed cycles: 70731
hi(checksum)=0x6C09505B1C5C20F5
lo(checksum)=0xB8D0B4D4906AE1BC
key=encoded, no.=19, <checksum>:
0x6C09505B1C5C20F5B8D0B4D4906AE1BC
key=encoded, no.=19, cso file:
/dev/null
----------------------------------------------
real command=cset shield -e /home/nrink/Projects/build/encode/encode/tests/ptrarith/ptrarith.perf.encoded --  --cso /dev/null
key=encoded, no.=20, <stderr>:
LENGTH=30
elapsed cycles: 69858
hi(checksum)=0x6C09505B1C5C20F5
lo(checksum)=0xB8D0B4D4906AE1BC
key=encoded, no.=20, <checksum>:
0x6C09505B1C5C20F5B8D0B4D4906AE1BC
key=encoded, no.=20, cso file:
/dev/null
----------------------------------------------
real command=cset shield -e /home/nrink/Projects/build/encode/encode/tests/ptrarith/ptrarith.perf.encoded --  --cso /dev/null
key=encoded, no.=21, <stderr>:
LENGTH=30
elapsed cycles: 70707
hi(checksum)=0x6C09505B1C5C20F5
lo(checksum)=0xB8D0B4D4906AE1BC
key=encoded, no.=21, <checksum>:
0x6C09505B1C5C20F5B8D0B4D4906AE1BC
key=encoded, no.=21, cso file:
/dev/null
----------------------------------------------
real command=cset shield -e /home/nrink/Projects/build/encode/encode/tests/ptrarith/ptrarith.perf.encoded --  --cso /dev/null
key=encoded, no.=22, <stderr>:
LENGTH=30
elapsed cycles: 70545
hi(checksum)=0x6C09505B1C5C20F5
lo(checksum)=0xB8D0B4D4906AE1BC
key=encoded, no.=22, <checksum>:
0x6C09505B1C5C20F5B8D0B4D4906AE1BC
key=encoded, no.=22, cso file:
/dev/null
----------------------------------------------
real command=cset shield -e /home/nrink/Projects/build/encode/encode/tests/ptrarith/ptrarith.perf.encoded --  --cso /dev/null
key=encoded, no.=23, <stderr>:
LENGTH=30
elapsed cycles: 67980
hi(checksum)=0x6C09505B1C5C20F5
lo(checksum)=0xB8D0B4D4906AE1BC
key=encoded, no.=23, <checksum>:
0x6C09505B1C5C20F5B8D0B4D4906AE1BC
key=encoded, no.=23, cso file:
/dev/null
----------------------------------------------
real command=cset shield -e /home/nrink/Projects/build/encode/encode/tests/ptrarith/ptrarith.perf.encoded --  --cso /dev/null
key=encoded, no.=24, <stderr>:
LENGTH=30
elapsed cycles: 67053
hi(checksum)=0x6C09505B1C5C20F5
lo(checksum)=0xB8D0B4D4906AE1BC
key=encoded, no.=24, <checksum>:
0x6C09505B1C5C20F5B8D0B4D4906AE1BC
key=encoded, no.=24, cso file:
/dev/null
----------------------------------------------
real command=cset shield -e /home/nrink/Projects/build/encode/encode/tests/ptrarith/ptrarith.perf.encoded --  --cso /dev/null
key=encoded, no.=25, <stderr>:
LENGTH=30
elapsed cycles: 67611
hi(checksum)=0x6C09505B1C5C20F5
lo(checksum)=0xB8D0B4D4906AE1BC
key=encoded, no.=25, <checksum>:
0x6C09505B1C5C20F5B8D0B4D4906AE1BC
key=encoded, no.=25, cso file:
/dev/null
----------------------------------------------
real command=cset shield -e /home/nrink/Projects/build/encode/encode/tests/ptrarith/ptrarith.perf.encoded --  --cso /dev/null
key=encoded, no.=26, <stderr>:
LENGTH=30
elapsed cycles: 68937
hi(checksum)=0x6C09505B1C5C20F5
lo(checksum)=0xB8D0B4D4906AE1BC
key=encoded, no.=26, <checksum>:
0x6C09505B1C5C20F5B8D0B4D4906AE1BC
key=encoded, no.=26, cso file:
/dev/null
----------------------------------------------
real command=cset shield -e /home/nrink/Projects/build/encode/encode/tests/ptrarith/ptrarith.perf.encoded --  --cso /dev/null
key=encoded, no.=27, <stderr>:
LENGTH=30
elapsed cycles: 68070
hi(checksum)=0x6C09505B1C5C20F5
lo(checksum)=0xB8D0B4D4906AE1BC
key=encoded, no.=27, <checksum>:
0x6C09505B1C5C20F5B8D0B4D4906AE1BC
key=encoded, no.=27, cso file:
/dev/null
----------------------------------------------
real command=cset shield -e /home/nrink/Projects/build/encode/encode/tests/ptrarith/ptrarith.perf.encoded --  --cso /dev/null
key=encoded, no.=28, <stderr>:
LENGTH=30
elapsed cycles: 68817
hi(checksum)=0x6C09505B1C5C20F5
lo(checksum)=0xB8D0B4D4906AE1BC
key=encoded, no.=28, <checksum>:
0x6C09505B1C5C20F5B8D0B4D4906AE1BC
key=encoded, no.=28, cso file:
/dev/null
----------------------------------------------
real command=cset shield -e /home/nrink/Projects/build/encode/encode/tests/ptrarith/ptrarith.perf.encoded --  --cso /dev/null
key=encoded, no.=29, <stderr>:
LENGTH=30
elapsed cycles: 67017
hi(checksum)=0x6C09505B1C5C20F5
lo(checksum)=0xB8D0B4D4906AE1BC
key=encoded, no.=29, <checksum>:
0x6C09505B1C5C20F5B8D0B4D4906AE1BC
key=encoded, no.=29, cso file:
/dev/null
----------------------------------------------
real command=cset shield -e /home/nrink/Projects/build/encode/encode/tests/ptrarith/ptrarith.perf.encoded --  --cso /dev/null
key=encoded, no.=30, <stderr>:
LENGTH=30
elapsed cycles: 67320
hi(checksum)=0x6C09505B1C5C20F5
lo(checksum)=0xB8D0B4D4906AE1BC
key=encoded, no.=30, <checksum>:
0x6C09505B1C5C20F5B8D0B4D4906AE1BC
key=encoded, no.=30, cso file:
/dev/null
----------------------------------------------
real command=cset shield -e /home/nrink/Projects/build/encode/encode/tests/ptrarith/ptrarith.perf.encoded --  --cso /dev/null
key=encoded, no.=31, <stderr>:
LENGTH=30
elapsed cycles: 67770
hi(checksum)=0x6C09505B1C5C20F5
lo(checksum)=0xB8D0B4D4906AE1BC
key=encoded, no.=31, <checksum>:
0x6C09505B1C5C20F5B8D0B4D4906AE1BC
key=encoded, no.=31, cso file:
/dev/null
----------------------------------------------
real command=cset shield -e /home/nrink/Projects/build/encode/encode/tests/ptrarith/ptrarith.perf.encoded --  --cso /dev/null
key=encoded, no.=32, <stderr>:
LENGTH=30
elapsed cycles: 70035
hi(checksum)=0x6C09505B1C5C20F5
lo(checksum)=0xB8D0B4D4906AE1BC
key=encoded, no.=32, <checksum>:
0x6C09505B1C5C20F5B8D0B4D4906AE1BC
key=encoded, no.=32, cso file:
/dev/null
----------------------------------------------
real command=cset shield -e /home/nrink/Projects/build/encode/encode/tests/ptrarith/ptrarith.perf.encoded --  --cso /dev/null
key=encoded, no.=33, <stderr>:
LENGTH=30
elapsed cycles: 67497
hi(checksum)=0x6C09505B1C5C20F5
lo(checksum)=0xB8D0B4D4906AE1BC
key=encoded, no.=33, <checksum>:
0x6C09505B1C5C20F5B8D0B4D4906AE1BC
key=encoded, no.=33, cso file:
/dev/null
----------------------------------------------
real command=cset shield -e /home/nrink/Projects/build/encode/encode/tests/ptrarith/ptrarith.perf.encoded --  --cso /dev/null
key=encoded, no.=34, <stderr>:
LENGTH=30
elapsed cycles: 70719
hi(checksum)=0x6C09505B1C5C20F5
lo(checksum)=0xB8D0B4D4906AE1BC
key=encoded, no.=34, <checksum>:
0x6C09505B1C5C20F5B8D0B4D4906AE1BC
key=encoded, no.=34, cso file:
/dev/null
----------------------------------------------
real command=cset shield -e /home/nrink/Projects/build/encode/encode/tests/ptrarith/ptrarith.perf.encoded --  --cso /dev/null
key=encoded, no.=35, <stderr>:
LENGTH=30
elapsed cycles: 70749
hi(checksum)=0x6C09505B1C5C20F5
lo(checksum)=0xB8D0B4D4906AE1BC
key=encoded, no.=35, <checksum>:
0x6C09505B1C5C20F5B8D0B4D4906AE1BC
key=encoded, no.=35, cso file:
/dev/null
----------------------------------------------
real command=cset shield -e /home/nrink/Projects/build/encode/encode/tests/ptrarith/ptrarith.perf.encoded --  --cso /dev/null
key=encoded, no.=36, <stderr>:
LENGTH=30
elapsed cycles: 66993
hi(checksum)=0x6C09505B1C5C20F5
lo(checksum)=0xB8D0B4D4906AE1BC
key=encoded, no.=36, <checksum>:
0x6C09505B1C5C20F5B8D0B4D4906AE1BC
key=encoded, no.=36, cso file:
/dev/null
----------------------------------------------
real command=cset shield -e /home/nrink/Projects/build/encode/encode/tests/ptrarith/ptrarith.perf.encoded --  --cso /dev/null
key=encoded, no.=37, <stderr>:
LENGTH=30
elapsed cycles: 67002
hi(checksum)=0x6C09505B1C5C20F5
lo(checksum)=0xB8D0B4D4906AE1BC
key=encoded, no.=37, <checksum>:
0x6C09505B1C5C20F5B8D0B4D4906AE1BC
key=encoded, no.=37, cso file:
/dev/null
----------------------------------------------
real command=cset shield -e /home/nrink/Projects/build/encode/encode/tests/ptrarith/ptrarith.perf.encoded --  --cso /dev/null
key=encoded, no.=38, <stderr>:
LENGTH=30
elapsed cycles: 67293
hi(checksum)=0x6C09505B1C5C20F5
lo(checksum)=0xB8D0B4D4906AE1BC
key=encoded, no.=38, <checksum>:
0x6C09505B1C5C20F5B8D0B4D4906AE1BC
key=encoded, no.=38, cso file:
/dev/null
----------------------------------------------
real command=cset shield -e /home/nrink/Projects/build/encode/encode/tests/ptrarith/ptrarith.perf.encoded --  --cso /dev/null
key=encoded, no.=39, <stderr>:
LENGTH=30
elapsed cycles: 67230
hi(checksum)=0x6C09505B1C5C20F5
lo(checksum)=0xB8D0B4D4906AE1BC
key=encoded, no.=39, <checksum>:
0x6C09505B1C5C20F5B8D0B4D4906AE1BC
key=encoded, no.=39, cso file:
/dev/null
----------------------------------------------
real command=cset shield -e /home/nrink/Projects/build/encode/encode/tests/ptrarith/ptrarith.perf.encoded --  --cso /dev/null
key=encoded, no.=40, <stderr>:
LENGTH=30
elapsed cycles: 127647
hi(checksum)=0x6C09505B1C5C20F5
lo(checksum)=0xB8D0B4D4906AE1BC
key=encoded, no.=40, <checksum>:
0x6C09505B1C5C20F5B8D0B4D4906AE1BC
key=encoded, no.=40, cso file:
/dev/null
----------------------------------------------
real command=cset shield -e /home/nrink/Projects/build/encode/encode/tests/ptrarith/ptrarith.perf.encoded --  --cso /dev/null
key=encoded, no.=41, <stderr>:
LENGTH=30
elapsed cycles: 136533
hi(checksum)=0x6C09505B1C5C20F5
lo(checksum)=0xB8D0B4D4906AE1BC
key=encoded, no.=41, <checksum>:
0x6C09505B1C5C20F5B8D0B4D4906AE1BC
key=encoded, no.=41, cso file:
/dev/null
----------------------------------------------
real command=cset shield -e /home/nrink/Projects/build/encode/encode/tests/ptrarith/ptrarith.perf.encoded --  --cso /dev/null
key=encoded, no.=42, <stderr>:
LENGTH=30
elapsed cycles: 162459
hi(checksum)=0x6C09505B1C5C20F5
lo(checksum)=0xB8D0B4D4906AE1BC
key=encoded, no.=42, <checksum>:
0x6C09505B1C5C20F5B8D0B4D4906AE1BC
key=encoded, no.=42, cso file:
/dev/null
----------------------------------------------
real command=cset shield -e /home/nrink/Projects/build/encode/encode/tests/ptrarith/ptrarith.perf.encoded --  --cso /dev/null
key=encoded, no.=43, <stderr>:
LENGTH=30
elapsed cycles: 158595
hi(checksum)=0x6C09505B1C5C20F5
lo(checksum)=0xB8D0B4D4906AE1BC
key=encoded, no.=43, <checksum>:
0x6C09505B1C5C20F5B8D0B4D4906AE1BC
key=encoded, no.=43, cso file:
/dev/null
----------------------------------------------
real command=cset shield -e /home/nrink/Projects/build/encode/encode/tests/ptrarith/ptrarith.perf.encoded --  --cso /dev/null
key=encoded, no.=44, <stderr>:
LENGTH=30
elapsed cycles: 102957
hi(checksum)=0x6C09505B1C5C20F5
lo(checksum)=0xB8D0B4D4906AE1BC
key=encoded, no.=44, <checksum>:
0x6C09505B1C5C20F5B8D0B4D4906AE1BC
key=encoded, no.=44, cso file:
/dev/null
----------------------------------------------
real command=cset shield -e /home/nrink/Projects/build/encode/encode/tests/ptrarith/ptrarith.perf.encoded --  --cso /dev/null
key=encoded, no.=45, <stderr>:
LENGTH=30
elapsed cycles: 67554
hi(checksum)=0x6C09505B1C5C20F5
lo(checksum)=0xB8D0B4D4906AE1BC
key=encoded, no.=45, <checksum>:
0x6C09505B1C5C20F5B8D0B4D4906AE1BC
key=encoded, no.=45, cso file:
/dev/null
----------------------------------------------
real command=cset shield -e /home/nrink/Projects/build/encode/encode/tests/ptrarith/ptrarith.perf.encoded --  --cso /dev/null
key=encoded, no.=46, <stderr>:
LENGTH=30
elapsed cycles: 67314
hi(checksum)=0x6C09505B1C5C20F5
lo(checksum)=0xB8D0B4D4906AE1BC
key=encoded, no.=46, <checksum>:
0x6C09505B1C5C20F5B8D0B4D4906AE1BC
key=encoded, no.=46, cso file:
/dev/null
----------------------------------------------
real command=cset shield -e /home/nrink/Projects/build/encode/encode/tests/ptrarith/ptrarith.perf.encoded --  --cso /dev/null
key=encoded, no.=47, <stderr>:
LENGTH=30
elapsed cycles: 66864
hi(checksum)=0x6C09505B1C5C20F5
lo(checksum)=0xB8D0B4D4906AE1BC
key=encoded, no.=47, <checksum>:
0x6C09505B1C5C20F5B8D0B4D4906AE1BC
key=encoded, no.=47, cso file:
/dev/null
----------------------------------------------
real command=cset shield -e /home/nrink/Projects/build/encode/encode/tests/ptrarith/ptrarith.perf.encoded --  --cso /dev/null
key=encoded, no.=48, <stderr>:
LENGTH=30
elapsed cycles: 67308
hi(checksum)=0x6C09505B1C5C20F5
lo(checksum)=0xB8D0B4D4906AE1BC
key=encoded, no.=48, <checksum>:
0x6C09505B1C5C20F5B8D0B4D4906AE1BC
key=encoded, no.=48, cso file:
/dev/null
----------------------------------------------
real command=cset shield -e /home/nrink/Projects/build/encode/encode/tests/ptrarith/ptrarith.perf.encoded --  --cso /dev/null
key=encoded, no.=49, <stderr>:
LENGTH=30
elapsed cycles: 67254
hi(checksum)=0x6C09505B1C5C20F5
lo(checksum)=0xB8D0B4D4906AE1BC
key=encoded, no.=49, <checksum>:
0x6C09505B1C5C20F5B8D0B4D4906AE1BC
key=encoded, no.=49, cso file:
/dev/null
----------------------------------------------
real command=cset shield -e /home/nrink/Projects/build/encode/encode/tests/ptrarith/ptrarith.perf.encoded --  --cso /dev/null
key=encoded, no.=50, <stderr>:
LENGTH=30
elapsed cycles: 67428
hi(checksum)=0x6C09505B1C5C20F5
lo(checksum)=0xB8D0B4D4906AE1BC
key=encoded, no.=50, <checksum>:
0x6C09505B1C5C20F5B8D0B4D4906AE1BC
key=encoded, no.=50, cso file:
/dev/null
----------------------------------------------
real command=cset shield -e /home/nrink/Projects/build/encode/encode/tests/ptrarith/ptrarith.perf.encoded --  --cso /dev/null
key=encoded, no.=51, <stderr>:
LENGTH=30
elapsed cycles: 67041
hi(checksum)=0x6C09505B1C5C20F5
lo(checksum)=0xB8D0B4D4906AE1BC
key=encoded, no.=51, <checksum>:
0x6C09505B1C5C20F5B8D0B4D4906AE1BC
key=encoded, no.=51, cso file:
/dev/null
----------------------------------------------
real command=cset shield -e /home/nrink/Projects/build/encode/encode/tests/ptrarith/ptrarith.perf.encoded --  --cso /dev/null
key=encoded, no.=52, <stderr>:
LENGTH=30
elapsed cycles: 67083
hi(checksum)=0x6C09505B1C5C20F5
lo(checksum)=0xB8D0B4D4906AE1BC
key=encoded, no.=52, <checksum>:
0x6C09505B1C5C20F5B8D0B4D4906AE1BC
key=encoded, no.=52, cso file:
/dev/null
----------------------------------------------
real command=cset shield -e /home/nrink/Projects/build/encode/encode/tests/ptrarith/ptrarith.perf.encoded --  --cso /dev/null
key=encoded, no.=53, <stderr>:
LENGTH=30
elapsed cycles: 69036
hi(checksum)=0x6C09505B1C5C20F5
lo(checksum)=0xB8D0B4D4906AE1BC
key=encoded, no.=53, <checksum>:
0x6C09505B1C5C20F5B8D0B4D4906AE1BC
key=encoded, no.=53, cso file:
/dev/null
----------------------------------------------
real command=cset shield -e /home/nrink/Projects/build/encode/encode/tests/ptrarith/ptrarith.perf.encoded --  --cso /dev/null
key=encoded, no.=54, <stderr>:
LENGTH=30
elapsed cycles: 67152
hi(checksum)=0x6C09505B1C5C20F5
lo(checksum)=0xB8D0B4D4906AE1BC
key=encoded, no.=54, <checksum>:
0x6C09505B1C5C20F5B8D0B4D4906AE1BC
key=encoded, no.=54, cso file:
/dev/null
----------------------------------------------
real command=cset shield -e /home/nrink/Projects/build/encode/encode/tests/ptrarith/ptrarith.perf.encoded --  --cso /dev/null
key=encoded, no.=55, <stderr>:
LENGTH=30
elapsed cycles: 67755
hi(checksum)=0x6C09505B1C5C20F5
lo(checksum)=0xB8D0B4D4906AE1BC
key=encoded, no.=55, <checksum>:
0x6C09505B1C5C20F5B8D0B4D4906AE1BC
key=encoded, no.=55, cso file:
/dev/null
----------------------------------------------
real command=cset shield -e /home/nrink/Projects/build/encode/encode/tests/ptrarith/ptrarith.perf.encoded --  --cso /dev/null
key=encoded, no.=56, <stderr>:
LENGTH=30
elapsed cycles: 70791
hi(checksum)=0x6C09505B1C5C20F5
lo(checksum)=0xB8D0B4D4906AE1BC
key=encoded, no.=56, <checksum>:
0x6C09505B1C5C20F5B8D0B4D4906AE1BC
key=encoded, no.=56, cso file:
/dev/null
----------------------------------------------
real command=cset shield -e /home/nrink/Projects/build/encode/encode/tests/ptrarith/ptrarith.perf.encoded --  --cso /dev/null
key=encoded, no.=57, <stderr>:
LENGTH=30
elapsed cycles: 68016
hi(checksum)=0x6C09505B1C5C20F5
lo(checksum)=0xB8D0B4D4906AE1BC
key=encoded, no.=57, <checksum>:
0x6C09505B1C5C20F5B8D0B4D4906AE1BC
key=encoded, no.=57, cso file:
/dev/null
----------------------------------------------
real command=cset shield -e /home/nrink/Projects/build/encode/encode/tests/ptrarith/ptrarith.perf.encoded --  --cso /dev/null
key=encoded, no.=58, <stderr>:
LENGTH=30
elapsed cycles: 159954
hi(checksum)=0x6C09505B1C5C20F5
lo(checksum)=0xB8D0B4D4906AE1BC
key=encoded, no.=58, <checksum>:
0x6C09505B1C5C20F5B8D0B4D4906AE1BC
key=encoded, no.=58, cso file:
/dev/null
----------------------------------------------
real command=cset shield -e /home/nrink/Projects/build/encode/encode/tests/ptrarith/ptrarith.perf.encoded --  --cso /dev/null
key=encoded, no.=59, <stderr>:
LENGTH=30
elapsed cycles: 67140
hi(checksum)=0x6C09505B1C5C20F5
lo(checksum)=0xB8D0B4D4906AE1BC
key=encoded, no.=59, <checksum>:
0x6C09505B1C5C20F5B8D0B4D4906AE1BC
key=encoded, no.=59, cso file:
/dev/null
----------------------------------------------
real command=cset shield -e /home/nrink/Projects/build/encode/encode/tests/ptrarith/ptrarith.perf.encoded --  --cso /dev/null
key=encoded, no.=60, <stderr>:
LENGTH=30
elapsed cycles: 70971
hi(checksum)=0x6C09505B1C5C20F5
lo(checksum)=0xB8D0B4D4906AE1BC
key=encoded, no.=60, <checksum>:
0x6C09505B1C5C20F5B8D0B4D4906AE1BC
key=encoded, no.=60, cso file:
/dev/null
----------------------------------------------
real command=cset shield -e /home/nrink/Projects/build/encode/encode/tests/ptrarith/ptrarith.perf.encoded --  --cso /dev/null
key=encoded, no.=61, <stderr>:
LENGTH=30
elapsed cycles: 67437
hi(checksum)=0x6C09505B1C5C20F5
lo(checksum)=0xB8D0B4D4906AE1BC
key=encoded, no.=61, <checksum>:
0x6C09505B1C5C20F5B8D0B4D4906AE1BC
key=encoded, no.=61, cso file:
/dev/null
----------------------------------------------
real command=cset shield -e /home/nrink/Projects/build/encode/encode/tests/ptrarith/ptrarith.perf.encoded --  --cso /dev/null
key=encoded, no.=62, <stderr>:
LENGTH=30
elapsed cycles: 70407
hi(checksum)=0x6C09505B1C5C20F5
lo(checksum)=0xB8D0B4D4906AE1BC
key=encoded, no.=62, <checksum>:
0x6C09505B1C5C20F5B8D0B4D4906AE1BC
key=encoded, no.=62, cso file:
/dev/null
----------------------------------------------
real command=cset shield -e /home/nrink/Projects/build/encode/encode/tests/ptrarith/ptrarith.perf.encoded --  --cso /dev/null
key=encoded, no.=63, <stderr>:
LENGTH=30
elapsed cycles: 66951
hi(checksum)=0x6C09505B1C5C20F5
lo(checksum)=0xB8D0B4D4906AE1BC
key=encoded, no.=63, <checksum>:
0x6C09505B1C5C20F5B8D0B4D4906AE1BC
key=encoded, no.=63, cso file:
/dev/null
----------------------------------------------
real command=cset shield -e /home/nrink/Projects/build/encode/encode/tests/ptrarith/ptrarith.perf.encoded --  --cso /dev/null
key=encoded, no.=64, <stderr>:
LENGTH=30
elapsed cycles: 67485
hi(checksum)=0x6C09505B1C5C20F5
lo(checksum)=0xB8D0B4D4906AE1BC
key=encoded, no.=64, <checksum>:
0x6C09505B1C5C20F5B8D0B4D4906AE1BC
key=encoded, no.=64, cso file:
/dev/null
----------------------------------------------
real command=cset shield -e /home/nrink/Projects/build/encode/encode/tests/ptrarith/ptrarith.perf.encoded --  --cso /dev/null
key=encoded, no.=65, <stderr>:
LENGTH=30
elapsed cycles: 67380
hi(checksum)=0x6C09505B1C5C20F5
lo(checksum)=0xB8D0B4D4906AE1BC
key=encoded, no.=65, <checksum>:
0x6C09505B1C5C20F5B8D0B4D4906AE1BC
key=encoded, no.=65, cso file:
/dev/null
----------------------------------------------
real command=cset shield -e /home/nrink/Projects/build/encode/encode/tests/ptrarith/ptrarith.perf.encoded --  --cso /dev/null
key=encoded, no.=66, <stderr>:
LENGTH=30
elapsed cycles: 70923
hi(checksum)=0x6C09505B1C5C20F5
lo(checksum)=0xB8D0B4D4906AE1BC
key=encoded, no.=66, <checksum>:
0x6C09505B1C5C20F5B8D0B4D4906AE1BC
key=encoded, no.=66, cso file:
/dev/null
----------------------------------------------
real command=cset shield -e /home/nrink/Projects/build/encode/encode/tests/ptrarith/ptrarith.perf.encoded --  --cso /dev/null
key=encoded, no.=67, <stderr>:
LENGTH=30
elapsed cycles: 66984
hi(checksum)=0x6C09505B1C5C20F5
lo(checksum)=0xB8D0B4D4906AE1BC
key=encoded, no.=67, <checksum>:
0x6C09505B1C5C20F5B8D0B4D4906AE1BC
key=encoded, no.=67, cso file:
/dev/null
----------------------------------------------
real command=cset shield -e /home/nrink/Projects/build/encode/encode/tests/ptrarith/ptrarith.perf.encoded --  --cso /dev/null
key=encoded, no.=68, <stderr>:
LENGTH=30
elapsed cycles: 68607
hi(checksum)=0x6C09505B1C5C20F5
lo(checksum)=0xB8D0B4D4906AE1BC
key=encoded, no.=68, <checksum>:
0x6C09505B1C5C20F5B8D0B4D4906AE1BC
key=encoded, no.=68, cso file:
/dev/null
----------------------------------------------
real command=cset shield -e /home/nrink/Projects/build/encode/encode/tests/ptrarith/ptrarith.perf.encoded --  --cso /dev/null
key=encoded, no.=69, <stderr>:
LENGTH=30
elapsed cycles: 68382
hi(checksum)=0x6C09505B1C5C20F5
lo(checksum)=0xB8D0B4D4906AE1BC
key=encoded, no.=69, <checksum>:
0x6C09505B1C5C20F5B8D0B4D4906AE1BC
key=encoded, no.=69, cso file:
/dev/null
----------------------------------------------
real command=cset shield -e /home/nrink/Projects/build/encode/encode/tests/ptrarith/ptrarith.perf.encoded --  --cso /dev/null
key=encoded, no.=70, <stderr>:
LENGTH=30
elapsed cycles: 67245
hi(checksum)=0x6C09505B1C5C20F5
lo(checksum)=0xB8D0B4D4906AE1BC
key=encoded, no.=70, <checksum>:
0x6C09505B1C5C20F5B8D0B4D4906AE1BC
key=encoded, no.=70, cso file:
/dev/null
----------------------------------------------
real command=cset shield -e /home/nrink/Projects/build/encode/encode/tests/ptrarith/ptrarith.perf.encoded --  --cso /dev/null
key=encoded, no.=71, <stderr>:
LENGTH=30
elapsed cycles: 67068
hi(checksum)=0x6C09505B1C5C20F5
lo(checksum)=0xB8D0B4D4906AE1BC
key=encoded, no.=71, <checksum>:
0x6C09505B1C5C20F5B8D0B4D4906AE1BC
key=encoded, no.=71, cso file:
/dev/null
----------------------------------------------
real command=cset shield -e /home/nrink/Projects/build/encode/encode/tests/ptrarith/ptrarith.perf.encoded --  --cso /dev/null
key=encoded, no.=72, <stderr>:
LENGTH=30
elapsed cycles: 66960
hi(checksum)=0x6C09505B1C5C20F5
lo(checksum)=0xB8D0B4D4906AE1BC
key=encoded, no.=72, <checksum>:
0x6C09505B1C5C20F5B8D0B4D4906AE1BC
key=encoded, no.=72, cso file:
/dev/null
----------------------------------------------
real command=cset shield -e /home/nrink/Projects/build/encode/encode/tests/ptrarith/ptrarith.perf.encoded --  --cso /dev/null
key=encoded, no.=73, <stderr>:
LENGTH=30
elapsed cycles: 67125
hi(checksum)=0x6C09505B1C5C20F5
lo(checksum)=0xB8D0B4D4906AE1BC
key=encoded, no.=73, <checksum>:
0x6C09505B1C5C20F5B8D0B4D4906AE1BC
key=encoded, no.=73, cso file:
/dev/null
----------------------------------------------
real command=cset shield -e /home/nrink/Projects/build/encode/encode/tests/ptrarith/ptrarith.perf.encoded --  --cso /dev/null
key=encoded, no.=74, <stderr>:
LENGTH=30
elapsed cycles: 67131
hi(checksum)=0x6C09505B1C5C20F5
lo(checksum)=0xB8D0B4D4906AE1BC
key=encoded, no.=74, <checksum>:
0x6C09505B1C5C20F5B8D0B4D4906AE1BC
key=encoded, no.=74, cso file:
/dev/null
----------------------------------------------
real command=cset shield -e /home/nrink/Projects/build/encode/encode/tests/ptrarith/ptrarith.perf.encoded --  --cso /dev/null
key=encoded, no.=75, <stderr>:
LENGTH=30
elapsed cycles: 67221
hi(checksum)=0x6C09505B1C5C20F5
lo(checksum)=0xB8D0B4D4906AE1BC
key=encoded, no.=75, <checksum>:
0x6C09505B1C5C20F5B8D0B4D4906AE1BC
key=encoded, no.=75, cso file:
/dev/null
----------------------------------------------
real command=cset shield -e /home/nrink/Projects/build/encode/encode/tests/ptrarith/ptrarith.perf.encoded --  --cso /dev/null
key=encoded, no.=76, <stderr>:
LENGTH=30
elapsed cycles: 68889
hi(checksum)=0x6C09505B1C5C20F5
lo(checksum)=0xB8D0B4D4906AE1BC
key=encoded, no.=76, <checksum>:
0x6C09505B1C5C20F5B8D0B4D4906AE1BC
key=encoded, no.=76, cso file:
/dev/null
----------------------------------------------
real command=cset shield -e /home/nrink/Projects/build/encode/encode/tests/ptrarith/ptrarith.perf.encoded --  --cso /dev/null
key=encoded, no.=77, <stderr>:
LENGTH=30
elapsed cycles: 70752
hi(checksum)=0x6C09505B1C5C20F5
lo(checksum)=0xB8D0B4D4906AE1BC
key=encoded, no.=77, <checksum>:
0x6C09505B1C5C20F5B8D0B4D4906AE1BC
key=encoded, no.=77, cso file:
/dev/null
----------------------------------------------
real command=cset shield -e /home/nrink/Projects/build/encode/encode/tests/ptrarith/ptrarith.perf.encoded --  --cso /dev/null
key=encoded, no.=78, <stderr>:
LENGTH=30
elapsed cycles: 67347
hi(checksum)=0x6C09505B1C5C20F5
lo(checksum)=0xB8D0B4D4906AE1BC
key=encoded, no.=78, <checksum>:
0x6C09505B1C5C20F5B8D0B4D4906AE1BC
key=encoded, no.=78, cso file:
/dev/null
----------------------------------------------
real command=cset shield -e /home/nrink/Projects/build/encode/encode/tests/ptrarith/ptrarith.perf.encoded --  --cso /dev/null
key=encoded, no.=79, <stderr>:
LENGTH=30
elapsed cycles: 67074
hi(checksum)=0x6C09505B1C5C20F5
lo(checksum)=0xB8D0B4D4906AE1BC
key=encoded, no.=79, <checksum>:
0x6C09505B1C5C20F5B8D0B4D4906AE1BC
key=encoded, no.=79, cso file:
/dev/null
----------------------------------------------
real command=cset shield -e /home/nrink/Projects/build/encode/encode/tests/ptrarith/ptrarith.perf.encoded --  --cso /dev/null
key=encoded, no.=80, <stderr>:
LENGTH=30
elapsed cycles: 70845
hi(checksum)=0x6C09505B1C5C20F5
lo(checksum)=0xB8D0B4D4906AE1BC
key=encoded, no.=80, <checksum>:
0x6C09505B1C5C20F5B8D0B4D4906AE1BC
key=encoded, no.=80, cso file:
/dev/null
----------------------------------------------
real command=cset shield -e /home/nrink/Projects/build/encode/encode/tests/ptrarith/ptrarith.perf.encoded --  --cso /dev/null
key=encoded, no.=81, <stderr>:
LENGTH=30
elapsed cycles: 67140
hi(checksum)=0x6C09505B1C5C20F5
lo(checksum)=0xB8D0B4D4906AE1BC
key=encoded, no.=81, <checksum>:
0x6C09505B1C5C20F5B8D0B4D4906AE1BC
key=encoded, no.=81, cso file:
/dev/null
----------------------------------------------
real command=cset shield -e /home/nrink/Projects/build/encode/encode/tests/ptrarith/ptrarith.perf.encoded --  --cso /dev/null
key=encoded, no.=82, <stderr>:
LENGTH=30
elapsed cycles: 67629
hi(checksum)=0x6C09505B1C5C20F5
lo(checksum)=0xB8D0B4D4906AE1BC
key=encoded, no.=82, <checksum>:
0x6C09505B1C5C20F5B8D0B4D4906AE1BC
key=encoded, no.=82, cso file:
/dev/null
----------------------------------------------
real command=cset shield -e /home/nrink/Projects/build/encode/encode/tests/ptrarith/ptrarith.perf.encoded --  --cso /dev/null
key=encoded, no.=83, <stderr>:
LENGTH=30
elapsed cycles: 67104
hi(checksum)=0x6C09505B1C5C20F5
lo(checksum)=0xB8D0B4D4906AE1BC
key=encoded, no.=83, <checksum>:
0x6C09505B1C5C20F5B8D0B4D4906AE1BC
key=encoded, no.=83, cso file:
/dev/null
----------------------------------------------
real command=cset shield -e /home/nrink/Projects/build/encode/encode/tests/ptrarith/ptrarith.perf.encoded --  --cso /dev/null
key=encoded, no.=84, <stderr>:
LENGTH=30
elapsed cycles: 67554
hi(checksum)=0x6C09505B1C5C20F5
lo(checksum)=0xB8D0B4D4906AE1BC
key=encoded, no.=84, <checksum>:
0x6C09505B1C5C20F5B8D0B4D4906AE1BC
key=encoded, no.=84, cso file:
/dev/null
----------------------------------------------
real command=cset shield -e /home/nrink/Projects/build/encode/encode/tests/ptrarith/ptrarith.perf.encoded --  --cso /dev/null
key=encoded, no.=85, <stderr>:
LENGTH=30
elapsed cycles: 67038
hi(checksum)=0x6C09505B1C5C20F5
lo(checksum)=0xB8D0B4D4906AE1BC
key=encoded, no.=85, <checksum>:
0x6C09505B1C5C20F5B8D0B4D4906AE1BC
key=encoded, no.=85, cso file:
/dev/null
----------------------------------------------
real command=cset shield -e /home/nrink/Projects/build/encode/encode/tests/ptrarith/ptrarith.perf.encoded --  --cso /dev/null
key=encoded, no.=86, <stderr>:
LENGTH=30
elapsed cycles: 70836
hi(checksum)=0x6C09505B1C5C20F5
lo(checksum)=0xB8D0B4D4906AE1BC
key=encoded, no.=86, <checksum>:
0x6C09505B1C5C20F5B8D0B4D4906AE1BC
key=encoded, no.=86, cso file:
/dev/null
----------------------------------------------
real command=cset shield -e /home/nrink/Projects/build/encode/encode/tests/ptrarith/ptrarith.perf.encoded --  --cso /dev/null
key=encoded, no.=87, <stderr>:
LENGTH=30
elapsed cycles: 67098
hi(checksum)=0x6C09505B1C5C20F5
lo(checksum)=0xB8D0B4D4906AE1BC
key=encoded, no.=87, <checksum>:
0x6C09505B1C5C20F5B8D0B4D4906AE1BC
key=encoded, no.=87, cso file:
/dev/null
----------------------------------------------
real command=cset shield -e /home/nrink/Projects/build/encode/encode/tests/ptrarith/ptrarith.perf.encoded --  --cso /dev/null
key=encoded, no.=88, <stderr>:
LENGTH=30
elapsed cycles: 67161
hi(checksum)=0x6C09505B1C5C20F5
lo(checksum)=0xB8D0B4D4906AE1BC
key=encoded, no.=88, <checksum>:
0x6C09505B1C5C20F5B8D0B4D4906AE1BC
key=encoded, no.=88, cso file:
/dev/null
----------------------------------------------
real command=cset shield -e /home/nrink/Projects/build/encode/encode/tests/ptrarith/ptrarith.perf.encoded --  --cso /dev/null
key=encoded, no.=89, <stderr>:
LENGTH=30
elapsed cycles: 70566
hi(checksum)=0x6C09505B1C5C20F5
lo(checksum)=0xB8D0B4D4906AE1BC
key=encoded, no.=89, <checksum>:
0x6C09505B1C5C20F5B8D0B4D4906AE1BC
key=encoded, no.=89, cso file:
/dev/null
----------------------------------------------
real command=cset shield -e /home/nrink/Projects/build/encode/encode/tests/ptrarith/ptrarith.perf.encoded --  --cso /dev/null
key=encoded, no.=90, <stderr>:
LENGTH=30
elapsed cycles: 67329
hi(checksum)=0x6C09505B1C5C20F5
lo(checksum)=0xB8D0B4D4906AE1BC
key=encoded, no.=90, <checksum>:
0x6C09505B1C5C20F5B8D0B4D4906AE1BC
key=encoded, no.=90, cso file:
/dev/null
----------------------------------------------
real command=cset shield -e /home/nrink/Projects/build/encode/encode/tests/ptrarith/ptrarith.perf.encoded --  --cso /dev/null
key=encoded, no.=91, <stderr>:
LENGTH=30
elapsed cycles: 69990
hi(checksum)=0x6C09505B1C5C20F5
lo(checksum)=0xB8D0B4D4906AE1BC
key=encoded, no.=91, <checksum>:
0x6C09505B1C5C20F5B8D0B4D4906AE1BC
key=encoded, no.=91, cso file:
/dev/null
----------------------------------------------
real command=cset shield -e /home/nrink/Projects/build/encode/encode/tests/ptrarith/ptrarith.perf.encoded --  --cso /dev/null
key=encoded, no.=92, <stderr>:
LENGTH=30
elapsed cycles: 67473
hi(checksum)=0x6C09505B1C5C20F5
lo(checksum)=0xB8D0B4D4906AE1BC
key=encoded, no.=92, <checksum>:
0x6C09505B1C5C20F5B8D0B4D4906AE1BC
key=encoded, no.=92, cso file:
/dev/null
----------------------------------------------
real command=cset shield -e /home/nrink/Projects/build/encode/encode/tests/ptrarith/ptrarith.perf.encoded --  --cso /dev/null
key=encoded, no.=93, <stderr>:
LENGTH=30
elapsed cycles: 191460
hi(checksum)=0x6C09505B1C5C20F5
lo(checksum)=0xB8D0B4D4906AE1BC
key=encoded, no.=93, <checksum>:
0x6C09505B1C5C20F5B8D0B4D4906AE1BC
key=encoded, no.=93, cso file:
/dev/null
----------------------------------------------
real command=cset shield -e /home/nrink/Projects/build/encode/encode/tests/ptrarith/ptrarith.perf.encoded --  --cso /dev/null
key=encoded, no.=94, <stderr>:
LENGTH=30
elapsed cycles: 67071
hi(checksum)=0x6C09505B1C5C20F5
lo(checksum)=0xB8D0B4D4906AE1BC
key=encoded, no.=94, <checksum>:
0x6C09505B1C5C20F5B8D0B4D4906AE1BC
key=encoded, no.=94, cso file:
/dev/null
----------------------------------------------
real command=cset shield -e /home/nrink/Projects/build/encode/encode/tests/ptrarith/ptrarith.perf.encoded --  --cso /dev/null
key=encoded, no.=95, <stderr>:
LENGTH=30
elapsed cycles: 68898
hi(checksum)=0x6C09505B1C5C20F5
lo(checksum)=0xB8D0B4D4906AE1BC
key=encoded, no.=95, <checksum>:
0x6C09505B1C5C20F5B8D0B4D4906AE1BC
key=encoded, no.=95, cso file:
/dev/null
----------------------------------------------
real command=cset shield -e /home/nrink/Projects/build/encode/encode/tests/ptrarith/ptrarith.perf.encoded --  --cso /dev/null
key=encoded, no.=96, <stderr>:
LENGTH=30
elapsed cycles: 67146
hi(checksum)=0x6C09505B1C5C20F5
lo(checksum)=0xB8D0B4D4906AE1BC
key=encoded, no.=96, <checksum>:
0x6C09505B1C5C20F5B8D0B4D4906AE1BC
key=encoded, no.=96, cso file:
/dev/null
----------------------------------------------
real command=cset shield -e /home/nrink/Projects/build/encode/encode/tests/ptrarith/ptrarith.perf.encoded --  --cso /dev/null
key=encoded, no.=97, <stderr>:
LENGTH=30
elapsed cycles: 71700
hi(checksum)=0x6C09505B1C5C20F5
lo(checksum)=0xB8D0B4D4906AE1BC
key=encoded, no.=97, <checksum>:
0x6C09505B1C5C20F5B8D0B4D4906AE1BC
key=encoded, no.=97, cso file:
/dev/null
----------------------------------------------
real command=cset shield -e /home/nrink/Projects/build/encode/encode/tests/ptrarith/ptrarith.perf.encoded --  --cso /dev/null
key=encoded, no.=98, <stderr>:
LENGTH=30
elapsed cycles: 67770
hi(checksum)=0x6C09505B1C5C20F5
lo(checksum)=0xB8D0B4D4906AE1BC
key=encoded, no.=98, <checksum>:
0x6C09505B1C5C20F5B8D0B4D4906AE1BC
key=encoded, no.=98, cso file:
/dev/null
----------------------------------------------
real command=cset shield -e /home/nrink/Projects/build/encode/encode/tests/ptrarith/ptrarith.perf.encoded --  --cso /dev/null
key=encoded, no.=99, <stderr>:
LENGTH=30
elapsed cycles: 67260
hi(checksum)=0x6C09505B1C5C20F5
lo(checksum)=0xB8D0B4D4906AE1BC
key=encoded, no.=99, <checksum>:
0x6C09505B1C5C20F5B8D0B4D4906AE1BC
key=encoded, no.=99, cso file:
/dev/null
----------------------------------------------
