<stderr> from running /home/nrink/Projects/pin-2.14-71313-gcc.4.4.7-linux/pin.sh -t /home/nrink/Projects/bfi/obj-intel64/bfi.so -trigger 163578 -cmd RADDR -seed 1 -mask 190 -- /home/nrink/Projects/build/encode/encode/tests/ptrarith/ptrarith.cover.plain --cso ./2015-05-05_14:00:51/ptrarith/cover/cs/plain.30.cso --csl ./2015-05-05_14:00:51/ptrarith/cover/cs/plain.30.csl:
[.:    0, IP = 0x400aa0, i = 163582, wa = 0, ra = 0, rr = 0, wr = 0, it = 0, t = 0]
	access = read, size = 8, addr = 0x603140, addr' = 0x6031fe, op = 0
elapsed cycles: 43072251
hi(checksum)=0x417789861E5E9EBF
lo(checksum)=0xCB498801FB79C2FC
**********************
INSTR   = 177509
WADDR   = 0
RADDR   = 0
RREG    = 0
WREG    = 0
ITER    = 0
TRIGGER = 163578
TTYPE   = IN
COMMAND = RADDR
SEL     = -1
SEED    = 1
MASK    = 0xbe
THREAD  = 0
ELAPSED = 3.45s
----------------------------------------------------------------
