<stderr> from running /home/nrink/Projects/pin-2.14-71313-gcc.4.4.7-linux/pin.sh -t /home/nrink/Projects/bfi/obj-intel64/bfi.so -trigger 167841 -cmd RREG -seed 1 -mask 89 -- /home/nrink/Projects/build/encode/encode/tests/ptrarith/ptrarith.cover.encoded --cso ./2015-05-05_14:00:51/ptrarith/cover/cs/encoded.63.cso --csl ./2015-05-05_14:00:51/ptrarith/cover/cs/encoded.63.csl:
[.:    0, IP = 0x400ab7, i = 167841, wa = 0, ra = 0, rr = 0, wr = 0, it = 0, t = 0]
	at ip 0x400ab7, rbx = 0xea786a74, rbx' = 0xea786a2d
elapsed cycles: 2097868161
hi(checksum)=0xBF1694865CA48119
lo(checksum)=0x17F6DE790EDB52F0
**********************
INSTR   = 184302
WADDR   = 0
RADDR   = 0
RREG    = 0
WREG    = 0
ITER    = 0
TRIGGER = 167841
TTYPE   = IN
COMMAND = RREG
SEL     = -1
SEED    = 1
MASK    = 0x59
THREAD  = 0
ELAPSED = 3.48s
----------------------------------------------------------------
