<stderr> from running /home/nrink/Projects/pin-2.14-71313-gcc.4.4.7-linux/pin.sh -t /home/nrink/Projects/bfi/obj-intel64/bfi.so -trigger 166476 -cmd WREG -seed 1 -mask 164 -- /home/nrink/Projects/build/encode/encode/tests/bubblesort/bubblesort.cover.encoded --cso ./2015-05-05_15:45:01/bubblesort/cover/cs/encoded.87.cso --csl ./2015-05-05_15:45:01/bubblesort/cover/cs/encoded.87.csl:
[.:    0, IP = 0x400c64, i = 166476, wa = 0, ra = 0, rr = 0, wr = 0, it = 0, t = 0]
	at ip 0x400c67, rax = 0x6020d0, rax' = 0x602074
elapsed cycles: 2055508002
hi(checksum)=0x0000000000000000
lo(checksum)=0x00007CDAE2CC140B
**********************
INSTR   = 178707
WADDR   = 0
RADDR   = 0
RREG    = 0
WREG    = 0
ITER    = 0
TRIGGER = 166476
TTYPE   = IN
COMMAND = WREG
SEL     = -1
SEED    = 1
MASK    = 0xa4
THREAD  = 0
ELAPSED = 13.72s
----------------------------------------------------------------
