<stderr> from running /home/nrink/Projects/pin-2.14-71313-gcc.4.4.7-linux/pin.sh -t /home/nrink/Projects/bfi/obj-intel64/bfi.so -trigger 164339 -cmd RREG -seed 1 -mask 246 -- /home/nrink/Projects/build/encode/encode/tests/bubblesort/bubblesort.cover.encoded --cso ./2015-05-05_15:45:01/bubblesort/cover/cs/encoded.32.cso --csl ./2015-05-05_15:45:01/bubblesort/cover/cs/encoded.32.csl:
[.:    0, IP = 0x400c7b, i = 164339, wa = 0, ra = 0, rr = 0, wr = 0, it = 0, t = 0]
	at ip 0x400c7b, rdx = 0x468, rdx' = 0x49e
elapsed cycles: 11915018487
hi(checksum)=0x0000000000000000
lo(checksum)=0x00007CDAE2B040F7
**********************
INSTR   = 180014
WADDR   = 0
RADDR   = 0
RREG    = 0
WREG    = 0
ITER    = 0
TRIGGER = 164339
TTYPE   = IN
COMMAND = RREG
SEL     = -1
SEED    = 1
MASK    = 0xf6
THREAD  = 0
ELAPSED = 20.04s
----------------------------------------------------------------
