<stderr> from running /home/nrink/Projects/pin-2.14-71313-gcc.4.4.7-linux/pin.sh -t /home/nrink/Projects/bfi/obj-intel64/bfi.so -trigger 151916 -cmd WREG -seed 1 -mask 116 -- /home/nrink/Projects/build/encode/encode/tests/array_sum/array_sum.cover.encoded --cso ./2015-05-06_11:09:20/array_sum/cover/cs/encoded.22.cso --csl ./2015-05-06_11:09:20/array_sum/cover/cs/encoded.22.csl:
[.:    0, IP = 0x400a9e, i = 151916, wa = 0, ra = 0, rr = 0, wr = 0, it = 0, t = 0]
	at ip 0x400aa2, rdi = 0x6020c0, rdi' = 0x6020b4
elapsed cycles: 126332526
hi(checksum)=0x0000000000000000
lo(checksum)=0x0000002A0000017A
**********************
INSTR   = 160676
WADDR   = 0
RADDR   = 0
RREG    = 0
WREG    = 0
ITER    = 0
TRIGGER = 151916
TTYPE   = IN
COMMAND = WREG
SEL     = -1
SEED    = 1
MASK    = 0x74
THREAD  = 0
ELAPSED = 1.63s
----------------------------------------------------------------
