<stderr> from running /home/nrink/Projects/pin-2.14-71313-gcc.4.4.7-linux/pin.sh -t /home/nrink/Projects/bfi/obj-intel64/bfi.so -trigger 163847 -cmd WVAL -seed 1 -mask 165 -- /home/nrink/Projects/build/encode/encode/tests/quicksort/quicksort.cover.plain --cso ./2015-05-06_10:13:34/quicksort/cover/cs/plain.55.cso --csl ./2015-05-06_10:13:34/quicksort/cover/cs/plain.55.csl:
[.:    0, IP = 0x400b15, i = 163858, wa = 0, ra = 0, rr = 0, wr = 0, it = 0, t = 0]
	access = write, size = 8, value = 1, value' = 164, addr = 0x6020c0, op = 0
elapsed cycles: 105630888
hi(checksum)=0x0000000000000000
lo(checksum)=0x00007CDAE2B040F7
**********************
INSTR   = 174425
WADDR   = 0
RADDR   = 0
RREG    = 0
WREG    = 0
ITER    = 0
TRIGGER = 163847
TTYPE   = IN
COMMAND = WVAL
SEL     = -1
SEED    = 1
MASK    = 0xa5
THREAD  = 0
ELAPSED = 1.49s
----------------------------------------------------------------
