<stderr> from running /home/nrink/Projects/pin-2.14-71313-gcc.4.4.7-linux/pin.sh -t /home/nrink/Projects/bfi/obj-intel64/bfi.so -trigger 163822 -cmd RVAL -seed 1 -mask 3 -- /home/nrink/Projects/build/encode/encode/tests/quicksort/quicksort.cover.plain --cso ./2015-05-06_10:13:34/quicksort/cover/cs/plain.17.cso --csl ./2015-05-06_10:13:34/quicksort/cover/cs/plain.17.csl:
[.:    0, IP = 0x400aea, i = 163825, wa = 0, ra = 0, rr = 0, wr = 0, it = 0, t = 0]
	access = read, size = 8, value = 3, value' = 0, addr = 0x6020d0, op = 0
elapsed cycles: 67350369
hi(checksum)=0x0000000000000000
lo(checksum)=0x0000035FE4E1F684
**********************
INSTR   = 174401
WADDR   = 0
RADDR   = 0
RREG    = 0
WREG    = 0
ITER    = 0
TRIGGER = 163822
TTYPE   = IN
COMMAND = RVAL
SEL     = -1
SEED    = 1
MASK    = 0x3
THREAD  = 0
ELAPSED = 1.98s
----------------------------------------------------------------
