<stderr> from running /home/nrink/Projects/pin-2.14-71313-gcc.4.4.7-linux/pin.sh -t /home/nrink/Projects/bfi/obj-intel64/bfi.so -trigger 164162 -cmd WADDR -seed 1 -mask 157 -- /home/nrink/Projects/build/encode/encode/tests/quicksort/quicksort.cover.plain --cso ./2015-05-06_10:13:34/quicksort/cover/cs/plain.99.cso --csl ./2015-05-06_10:13:34/quicksort/cover/cs/plain.99.csl:
[.:    0, IP = 0x400b15, i = 164169, wa = 0, ra = 0, rr = 0, wr = 0, it = 0, t = 0]
	access = write, size = 8, addr = 0x6020f8, addr' = 0x602065, op = 0
**********************
INSTR   = 164239
WADDR   = 0
RADDR   = 0
RREG    = 0
WREG    = 0
ITER    = 0
TRIGGER = 164162
TTYPE   = IN
COMMAND = WADDR
SEL     = -1
SEED    = 1
MASK    = 0x9d
THREAD  = 0
ELAPSED = 0.87s
Segmentation fault (core dumped)
----------------------------------------------------------------
