<stderr> from running /home/nrink/Projects/pin-2.14-71313-gcc.4.4.7-linux/pin.sh -t /home/nrink/Projects/bfi/obj-intel64/bfi.so -trigger 167251 -cmd RREG -seed 1 -mask 145 -- /home/nrink/Projects/build/encode/encode/tests/ptrarith/ptrarith.cover.encoded --cso ./2015-05-05_11:58:41/ptrarith/cover/cs/encoded.61.cso --csl ./2015-05-05_11:58:41/ptrarith/cover/cs/encoded.61.csl:
[.:    0, IP = 0x400c29, i = 167251, wa = 0, ra = 0, rr = 0, wr = 0, it = 0, t = 0]
	at ip 0x400c29, rip = 0x400c29, rip' = 0x400cb8
**********************
INSTR   = 167252
WADDR   = 0
RADDR   = 0
RREG    = 0
WREG    = 0
ITER    = 0
TRIGGER = 167251
TTYPE   = IN
COMMAND = RREG
SEL     = -1
SEED    = 1
MASK    = 0x91
THREAD  = 0
ELAPSED = 6.02s
Segmentation fault (core dumped)
----------------------------------------------------------------
