<stderr> from running /home/nrink/Projects/pin-2.14-71313-gcc.4.4.7-linux/pin.sh -t /home/nrink/Projects/bfi/obj-intel64/bfi.so -trigger 165816 -cmd TXT -seed 1 -mask 32 -- /home/nrink/Projects/build/encode/encode/tests/bubblesort/bubblesort.cover.encoded --cso ./2015-05-05_16:55:44/bubblesort/cover/cs/encoded.95.cso --csl ./2015-05-05_16:55:44/bubblesort/cover/cs/encoded.95.csl:
[.:    0, IP = 0x400c75, i = 165816, wa = 0, ra = 0, rr = 0, wr = 0, it = 0, t = 0]
	ip' = 0x400c78, size = 3, mask = 32, idx = 0, byte = 72, byte' = 104
elapsed cycles: 1117242696
hi(checksum)=0x0000000000000000
lo(checksum)=0x00007CDAE2B040F7
**********************
INSTR   = 178669
WADDR   = 0
RADDR   = 0
RREG    = 0
WREG    = 0
ITER    = 0
TRIGGER = 165816
TTYPE   = IN
COMMAND = TXT
SEL     = -1
SEED    = 1
MASK    = 0x20
THREAD  = 0
ELAPSED = 7.02s
----------------------------------------------------------------
