<stderr> from running /home/nrink/Projects/pin-2.14-71313-gcc.4.4.7-linux/pin.sh -t /home/nrink/Projects/bfi/obj-intel64/bfi.so -trigger 163737 -cmd WVAL -seed 1 -mask 139 -- /home/nrink/Projects/build/encode/encode/tests/bubblesort/bubblesort.cover.plain --cso ./2015-05-05_16:55:44/bubblesort/cover/cs/plain.17.cso --csl ./2015-05-05_16:55:44/bubblesort/cover/cs/plain.17.csl:
[.:    0, IP = 0x400ad0, i = 163740, wa = 0, ra = 0, rr = 0, wr = 0, it = 0, t = 0]
	access = write, size = 8, value = 6, value' = 141, addr = 0x6020e8, op = 0
elapsed cycles: 111995688
hi(checksum)=0x0000000000000000
lo(checksum)=0x00007CDAE2B059AE
**********************
INSTR   = 174522
WADDR   = 0
RADDR   = 0
RREG    = 0
WREG    = 0
ITER    = 0
TRIGGER = 163737
TTYPE   = IN
COMMAND = WVAL
SEL     = -1
SEED    = 1
MASK    = 0x8b
THREAD  = 0
ELAPSED = 3.33s
----------------------------------------------------------------
