<stderr> from running /home/nrink/Projects/pin-2.14-71313-gcc.4.4.7-linux/pin.sh -t /home/nrink/Projects/bfi/obj-intel64/bfi.so -trigger 165547 -cmd WADDR -seed 1 -mask 16 -- /home/nrink/Projects/build/encode/encode/tests/quicksort/quicksort.cover.encoded --cso ./2015-05-05_13:23:20/quicksort/cover/cs/encoded.94.cso --csl ./2015-05-05_13:23:20/quicksort/cover/cs/encoded.94.csl:
[.:    0, IP = 0x4012f0, i = 165566, wa = 0, ra = 0, rr = 0, wr = 0, it = 0, t = 0]
	access = write, size = 8, addr = 0x7fffffffe1a0, addr' = 0x7fffffffe1b0, op = 0
elapsed cycles: 1278612978
hi(checksum)=0x0000000000000000
lo(checksum)=0x00007CDAE2B040F7
**********************
INSTR   = 175919
WADDR   = 0
RADDR   = 0
RREG    = 0
WREG    = 0
ITER    = 0
TRIGGER = 165547
TTYPE   = IN
COMMAND = WADDR
SEL     = -1
SEED    = 1
MASK    = 0x10
THREAD  = 0
ELAPSED = 20.21s
----------------------------------------------------------------
