<stderr> from running /home/nrink/Projects/pin-2.14-71313-gcc.4.4.7-linux/pin.sh -t /home/nrink/Projects/bfi/obj-intel64/bfi.so -trigger 165259 -cmd RVAL -seed 1 -mask 147 -- /home/nrink/Projects/build/encode/encode/tests/quicksort/quicksort.cover.encoded --cso ./2015-05-05_13:23:20/quicksort/cover/cs/encoded.9.cso --csl ./2015-05-05_13:23:20/quicksort/cover/cs/encoded.9.csl:
[.:    0, IP = 0x401031, i = 165275, wa = 0, ra = 0, rr = 0, wr = 0, it = 0, t = 0]
	access = read, size = 8, value = 84, value' = 199, addr = 0x7fffffffe108, op = 0
elapsed cycles: 1358037846
hi(checksum)=0x0000000000000000
lo(checksum)=0x00007CDAE2B04697
**********************
INSTR   = 175650
WADDR   = 0
RADDR   = 0
RREG    = 0
WREG    = 0
ITER    = 0
TRIGGER = 165259
TTYPE   = IN
COMMAND = RVAL
SEL     = -1
SEED    = 1
MASK    = 0x93
THREAD  = 0
ELAPSED = 16.36s
----------------------------------------------------------------
