<stderr> from running /home/nrink/Projects/pin-2.14-71313-gcc.4.4.7-linux/pin.sh -t /home/nrink/Projects/bfi/obj-intel64/bfi.so -trigger 165708 -cmd WREG -seed 1 -mask 156 -- /home/nrink/Projects/build/encode/encode/tests/bubblesort/bubblesort.cover.encoded --cso ./2015-05-05_17:36:16/bubblesort/cover/cs/encoded.56.cso --csl ./2015-05-05_17:36:16/bubblesort/cover/cs/encoded.56.csl:
[.:    0, IP = 0x400e91, i = 165708, wa = 0, ra = 0, rr = 0, wr = 0, it = 0, t = 0]
	at ip 0x400e94, rax = 0xffffffffffffe9a3, rax' = 0xffffffffffffe93f
elapsed cycles: 250417782
hi(checksum)=0x0000000000000000
lo(checksum)=0x00007CDAE2B040F7
**********************
INSTR   = 178651
WADDR   = 0
RADDR   = 0
RREG    = 0
WREG    = 0
ITER    = 0
TRIGGER = 165708
TTYPE   = IN
COMMAND = WREG
SEL     = -1
SEED    = 1
MASK    = 0x9c
THREAD  = 0
ELAPSED = 1.74s
----------------------------------------------------------------
