<stderr> from running /home/nrink/Projects/pin-2.14-71313-gcc.4.4.7-linux/pin.sh -t /home/nrink/Projects/bfi/obj-intel64/bfi.so -trigger 165526 -cmd WADDR -seed 1 -mask 64 -- /home/nrink/Projects/build/encode/encode/tests/bubblesort/bubblesort.cover.encoded --cso ./2015-05-05_17:36:16/bubblesort/cover/cs/encoded.70.cso --csl ./2015-05-05_17:36:16/bubblesort/cover/cs/encoded.70.csl:
[.:    0, IP = 0x400ea9, i = 165531, wa = 0, ra = 0, rr = 0, wr = 0, it = 0, t = 0]
	access = write, size = 8, addr = 0x6020a0, addr' = 0x6020e0, op = 0
elapsed cycles: 138965586
hi(checksum)=0x0000000000000000
lo(checksum)=0x00007CDC14B1EC88
**********************
INSTR   = 178729
WADDR   = 0
RADDR   = 0
RREG    = 0
WREG    = 0
ITER    = 0
TRIGGER = 165526
TTYPE   = IN
COMMAND = WADDR
SEL     = -1
SEED    = 1
MASK    = 0x40
THREAD  = 0
ELAPSED = 1.42s
----------------------------------------------------------------
