<stderr> from running /home/nrink/Projects/pin-2.14-71313-gcc.4.4.7-linux/pin.sh -t /home/nrink/Projects/bfi/obj-intel64/bfi.so -trigger 168046 -cmd RVAL -seed 1 -mask 127 -- /home/nrink/Projects/build/encode/encode/tests/bubblesort/bubblesort.cover.encoded --cso ./2015-05-05_17:36:16/bubblesort/cover/cs/encoded.30.cso --csl ./2015-05-05_17:36:16/bubblesort/cover/cs/encoded.30.csl:
[.:    0, IP = 0x400d18, i = 168048, wa = 0, ra = 0, rr = 0, wr = 0, it = 0, t = 0]
	access = read, size = 8, value = 1, value' = 126, addr = 0x7fffffffe170, op = 0
elapsed cycles: 70549875
hi(checksum)=0x0000000000000000
lo(checksum)=0x0000F5FD76F89736
**********************
INSTR   = 178574
WADDR   = 0
RADDR   = 0
RREG    = 0
WREG    = 0
ITER    = 0
TRIGGER = 168046
TTYPE   = IN
COMMAND = RVAL
SEL     = -1
SEED    = 1
MASK    = 0x7f
THREAD  = 0
ELAPSED = 0.83s
----------------------------------------------------------------
