<stderr> from running /home/nrink/Projects/pin-2.14-71313-gcc.4.4.7-linux/pin.sh -t /home/nrink/Projects/bfi/obj-intel64/bfi.so -trigger 165041 -cmd RADDR -seed 1 -mask 231 -- /home/nrink/Projects/build/encode/encode/tests/quicksort/quicksort.cover.encoded --cso ./2015-05-05_17:15:54/quicksort/cover/cs/encoded.26.cso --csl ./2015-05-05_17:15:54/quicksort/cover/cs/encoded.26.csl:
[.:    0, IP = 0x401031, i = 165046, wa = 0, ra = 0, rr = 0, wr = 0, it = 0, t = 0]
	access = read, size = 8, addr = 0x7fffffffe098, addr' = 0x7fffffffe07f, op = 0
elapsed cycles: 293473086
hi(checksum)=0x0000000000000000
lo(checksum)=0x00007CDAE2B040F7
**********************
INSTR   = 175911
WADDR   = 0
RADDR   = 0
RREG    = 0
WREG    = 0
ITER    = 0
TRIGGER = 165041
TTYPE   = IN
COMMAND = RADDR
SEL     = -1
SEED    = 1
MASK    = 0xe7
THREAD  = 0
ELAPSED = 3.55s
----------------------------------------------------------------
