<stderr> from running /home/nrink/Projects/pin-2.14-71313-gcc.4.4.7-linux/pin.sh -t /home/nrink/Projects/bfi/obj-intel64/bfi.so -trigger 164076 -cmd WREG -seed 1 -mask 52 -- /home/nrink/Projects/build/encode/encode/tests/quicksort/quicksort.cover.plain --cso ./2015-05-05_17:15:54/quicksort/cover/cs/plain.95.cso --csl ./2015-05-05_17:15:54/quicksort/cover/cs/plain.95.csl:
[.:    0, IP = 0x400b10, i = 164076, wa = 0, ra = 0, rr = 0, wr = 0, it = 0, t = 0]
	at ip 0x400b15, rcx = 0x6, rcx' = 0x32
elapsed cycles: 149468958
hi(checksum)=0x0000000000000000
lo(checksum)=0x00007CDAE2D242F3
**********************
INSTR   = 174409
WADDR   = 0
RADDR   = 0
RREG    = 0
WREG    = 0
ITER    = 0
TRIGGER = 164076
TTYPE   = IN
COMMAND = WREG
SEL     = -1
SEED    = 1
MASK    = 0x34
THREAD  = 0
ELAPSED = 2.92s
----------------------------------------------------------------
