<stderr> from running /home/nrink/Projects/pin-2.14-71313-gcc.4.4.7-linux/pin.sh -t /home/nrink/Projects/bfi/obj-intel64/bfi.so -trigger 151512 -cmd WREG -seed 1 -mask 57 -- /home/nrink/Projects/build/encode/encode/tests/array_sum/array_sum.cover.encoded --cso ./2015-05-05_12:10:21/array_sum/cover/cs/encoded.16.cso --csl ./2015-05-05_12:10:21/array_sum/cover/cs/encoded.16.csl:
[.:    0, IP = 0x400970, i = 151512, wa = 0, ra = 0, rr = 0, wr = 0, it = 0, t = 0]
	at ip 0x400974, rflags = 0x283, rflags' = 0x2ba
elapsed cycles: 2432740098
hi(checksum)=0x0000000000000000
lo(checksum)=0x00000000000001A4
**********************
INSTR   = 160637
WADDR   = 0
RADDR   = 0
RREG    = 0
WREG    = 0
ITER    = 0
TRIGGER = 151512
TTYPE   = IN
COMMAND = WREG
SEL     = -1
SEED    = 1
MASK    = 0x39
THREAD  = 0
ELAPSED = 21.07s
----------------------------------------------------------------
