<stderr> from running /home/nrink/Projects/pin-2.14-71313-gcc.4.4.7-linux/pin.sh -t /home/nrink/Projects/bfi/obj-intel64/bfi.so -trigger 151420 -cmd RADDR -seed 1 -mask 250 -- /home/nrink/Projects/build/encode/encode/tests/array_sum/array_sum.cover.encoded --cso ./2015-05-05_12:10:21/array_sum/cover/cs/encoded.95.cso --csl ./2015-05-05_12:10:21/array_sum/cover/cs/encoded.95.csl:
[.:    0, IP = 0x400978, i = 151421, wa = 0, ra = 0, rr = 0, wr = 0, it = 0, t = 0]
	access = read, size = 8, addr = 0x7fffffffe168, addr' = 0x7fffffffe192, op = 0
**********************
INSTR   = 151432
WADDR   = 0
RADDR   = 0
RREG    = 0
WREG    = 0
ITER    = 0
TRIGGER = 151420
TTYPE   = IN
COMMAND = RADDR
SEL     = -1
SEED    = 1
MASK    = 0xfa
THREAD  = 0
ELAPSED = 13.27s
Segmentation fault (core dumped)
----------------------------------------------------------------
