<stderr> from running /home/nrink/Projects/pin-2.14-71313-gcc.4.4.7-linux/pin.sh -t /home/nrink/Projects/bfi/obj-intel64/bfi.so -trigger 151631 -cmd WREG -seed 1 -mask 78 -- /home/nrink/Projects/build/encode/encode/tests/array_sum/array_sum.cover.encoded --cso ./2015-05-05_12:10:21/array_sum/cover/cs/encoded.91.cso --csl ./2015-05-05_12:10:21/array_sum/cover/cs/encoded.91.csl:
[.:    0, IP = 0x400a74, i = 151632, wa = 0, ra = 0, rr = 0, wr = 0, it = 0, t = 0]
	at ip 0x400a77, rax = 0x888, rax' = 0x8c6
elapsed cycles: 1891767069
hi(checksum)=0x0000000000000000
lo(checksum)=0x00000000000001A4
**********************
INSTR   = 160637
WADDR   = 0
RADDR   = 0
RREG    = 0
WREG    = 0
ITER    = 0
TRIGGER = 151631
TTYPE   = IN
COMMAND = WREG
SEL     = -1
SEED    = 1
MASK    = 0x4e
THREAD  = 0
ELAPSED = 22.24s
----------------------------------------------------------------
