key=plain, runs=100 ...
command=/home/nrink/Projects/build/encode/encode/tests/array_sum/array_sum.perf.plain
----------------------------------------------
real command=cset shield -e /home/nrink/Projects/build/encode/encode/tests/array_sum/array_sum.perf.plain --  --cso /dev/null
key=plain, no.=0, <stderr>:
LENGTH=3800
elapsed cycles: 768552
hi(checksum)=0xEC0B782FC9A7B11D
lo(checksum)=0xB2572E627D12D240
key=plain, no.=0, <checksum>:
0xEC0B782FC9A7B11DB2572E627D12D240
key=plain, no.=0, cso file:
/dev/null
----------------------------------------------
real command=cset shield -e /home/nrink/Projects/build/encode/encode/tests/array_sum/array_sum.perf.plain --  --cso /dev/null
key=plain, no.=1, <stderr>:
LENGTH=3800
elapsed cycles: 770280
hi(checksum)=0xEC0B782FC9A7B11D
lo(checksum)=0xB2572E627D12D240
key=plain, no.=1, <checksum>:
0xEC0B782FC9A7B11DB2572E627D12D240
key=plain, no.=1, cso file:
/dev/null
----------------------------------------------
real command=cset shield -e /home/nrink/Projects/build/encode/encode/tests/array_sum/array_sum.perf.plain --  --cso /dev/null
key=plain, no.=2, <stderr>:
LENGTH=3800
elapsed cycles: 769419
hi(checksum)=0xEC0B782FC9A7B11D
lo(checksum)=0xB2572E627D12D240
key=plain, no.=2, <checksum>:
0xEC0B782FC9A7B11DB2572E627D12D240
key=plain, no.=2, cso file:
/dev/null
----------------------------------------------
real command=cset shield -e /home/nrink/Projects/build/encode/encode/tests/array_sum/array_sum.perf.plain --  --cso /dev/null
key=plain, no.=3, <stderr>:
LENGTH=3800
elapsed cycles: 770163
hi(checksum)=0xEC0B782FC9A7B11D
lo(checksum)=0xB2572E627D12D240
key=plain, no.=3, <checksum>:
0xEC0B782FC9A7B11DB2572E627D12D240
key=plain, no.=3, cso file:
/dev/null
----------------------------------------------
real command=cset shield -e /home/nrink/Projects/build/encode/encode/tests/array_sum/array_sum.perf.plain --  --cso /dev/null
key=plain, no.=4, <stderr>:
LENGTH=3800
elapsed cycles: 782301
hi(checksum)=0xEC0B782FC9A7B11D
lo(checksum)=0xB2572E627D12D240
key=plain, no.=4, <checksum>:
0xEC0B782FC9A7B11DB2572E627D12D240
key=plain, no.=4, cso file:
/dev/null
----------------------------------------------
real command=cset shield -e /home/nrink/Projects/build/encode/encode/tests/array_sum/array_sum.perf.plain --  --cso /dev/null
key=plain, no.=5, <stderr>:
LENGTH=3800
elapsed cycles: 735855
hi(checksum)=0xEC0B782FC9A7B11D
lo(checksum)=0xB2572E627D12D240
key=plain, no.=5, <checksum>:
0xEC0B782FC9A7B11DB2572E627D12D240
key=plain, no.=5, cso file:
/dev/null
----------------------------------------------
real command=cset shield -e /home/nrink/Projects/build/encode/encode/tests/array_sum/array_sum.perf.plain --  --cso /dev/null
key=plain, no.=6, <stderr>:
LENGTH=3800
elapsed cycles: 768168
hi(checksum)=0xEC0B782FC9A7B11D
lo(checksum)=0xB2572E627D12D240
key=plain, no.=6, <checksum>:
0xEC0B782FC9A7B11DB2572E627D12D240
key=plain, no.=6, cso file:
/dev/null
----------------------------------------------
real command=cset shield -e /home/nrink/Projects/build/encode/encode/tests/array_sum/array_sum.perf.plain --  --cso /dev/null
key=plain, no.=7, <stderr>:
LENGTH=3800
elapsed cycles: 767697
hi(checksum)=0xEC0B782FC9A7B11D
lo(checksum)=0xB2572E627D12D240
key=plain, no.=7, <checksum>:
0xEC0B782FC9A7B11DB2572E627D12D240
key=plain, no.=7, cso file:
/dev/null
----------------------------------------------
real command=cset shield -e /home/nrink/Projects/build/encode/encode/tests/array_sum/array_sum.perf.plain --  --cso /dev/null
key=plain, no.=8, <stderr>:
LENGTH=3800
elapsed cycles: 768834
hi(checksum)=0xEC0B782FC9A7B11D
lo(checksum)=0xB2572E627D12D240
key=plain, no.=8, <checksum>:
0xEC0B782FC9A7B11DB2572E627D12D240
key=plain, no.=8, cso file:
/dev/null
----------------------------------------------
real command=cset shield -e /home/nrink/Projects/build/encode/encode/tests/array_sum/array_sum.perf.plain --  --cso /dev/null
key=plain, no.=9, <stderr>:
LENGTH=3800
elapsed cycles: 768654
hi(checksum)=0xEC0B782FC9A7B11D
lo(checksum)=0xB2572E627D12D240
key=plain, no.=9, <checksum>:
0xEC0B782FC9A7B11DB2572E627D12D240
key=plain, no.=9, cso file:
/dev/null
----------------------------------------------
real command=cset shield -e /home/nrink/Projects/build/encode/encode/tests/array_sum/array_sum.perf.plain --  --cso /dev/null
key=plain, no.=10, <stderr>:
LENGTH=3800
elapsed cycles: 736104
hi(checksum)=0xEC0B782FC9A7B11D
lo(checksum)=0xB2572E627D12D240
key=plain, no.=10, <checksum>:
0xEC0B782FC9A7B11DB2572E627D12D240
key=plain, no.=10, cso file:
/dev/null
----------------------------------------------
real command=cset shield -e /home/nrink/Projects/build/encode/encode/tests/array_sum/array_sum.perf.plain --  --cso /dev/null
key=plain, no.=11, <stderr>:
LENGTH=3800
elapsed cycles: 767523
hi(checksum)=0xEC0B782FC9A7B11D
lo(checksum)=0xB2572E627D12D240
key=plain, no.=11, <checksum>:
0xEC0B782FC9A7B11DB2572E627D12D240
key=plain, no.=11, cso file:
/dev/null
----------------------------------------------
real command=cset shield -e /home/nrink/Projects/build/encode/encode/tests/array_sum/array_sum.perf.plain --  --cso /dev/null
key=plain, no.=12, <stderr>:
LENGTH=3800
elapsed cycles: 767328
hi(checksum)=0xEC0B782FC9A7B11D
lo(checksum)=0xB2572E627D12D240
key=plain, no.=12, <checksum>:
0xEC0B782FC9A7B11DB2572E627D12D240
key=plain, no.=12, cso file:
/dev/null
----------------------------------------------
real command=cset shield -e /home/nrink/Projects/build/encode/encode/tests/array_sum/array_sum.perf.plain --  --cso /dev/null
key=plain, no.=13, <stderr>:
LENGTH=3800
elapsed cycles: 768864
hi(checksum)=0xEC0B782FC9A7B11D
lo(checksum)=0xB2572E627D12D240
key=plain, no.=13, <checksum>:
0xEC0B782FC9A7B11DB2572E627D12D240
key=plain, no.=13, cso file:
/dev/null
----------------------------------------------
real command=cset shield -e /home/nrink/Projects/build/encode/encode/tests/array_sum/array_sum.perf.plain --  --cso /dev/null
key=plain, no.=14, <stderr>:
LENGTH=3800
elapsed cycles: 768333
hi(checksum)=0xEC0B782FC9A7B11D
lo(checksum)=0xB2572E627D12D240
key=plain, no.=14, <checksum>:
0xEC0B782FC9A7B11DB2572E627D12D240
key=plain, no.=14, cso file:
/dev/null
----------------------------------------------
real command=cset shield -e /home/nrink/Projects/build/encode/encode/tests/array_sum/array_sum.perf.plain --  --cso /dev/null
key=plain, no.=15, <stderr>:
LENGTH=3800
elapsed cycles: 768510
hi(checksum)=0xEC0B782FC9A7B11D
lo(checksum)=0xB2572E627D12D240
key=plain, no.=15, <checksum>:
0xEC0B782FC9A7B11DB2572E627D12D240
key=plain, no.=15, cso file:
/dev/null
----------------------------------------------
real command=cset shield -e /home/nrink/Projects/build/encode/encode/tests/array_sum/array_sum.perf.plain --  --cso /dev/null
key=plain, no.=16, <stderr>:
LENGTH=3800
elapsed cycles: 768234
hi(checksum)=0xEC0B782FC9A7B11D
lo(checksum)=0xB2572E627D12D240
key=plain, no.=16, <checksum>:
0xEC0B782FC9A7B11DB2572E627D12D240
key=plain, no.=16, cso file:
/dev/null
----------------------------------------------
real command=cset shield -e /home/nrink/Projects/build/encode/encode/tests/array_sum/array_sum.perf.plain --  --cso /dev/null
key=plain, no.=17, <stderr>:
LENGTH=3800
elapsed cycles: 735108
hi(checksum)=0xEC0B782FC9A7B11D
lo(checksum)=0xB2572E627D12D240
key=plain, no.=17, <checksum>:
0xEC0B782FC9A7B11DB2572E627D12D240
key=plain, no.=17, cso file:
/dev/null
----------------------------------------------
real command=cset shield -e /home/nrink/Projects/build/encode/encode/tests/array_sum/array_sum.perf.plain --  --cso /dev/null
key=plain, no.=18, <stderr>:
LENGTH=3800
elapsed cycles: 767727
hi(checksum)=0xEC0B782FC9A7B11D
lo(checksum)=0xB2572E627D12D240
key=plain, no.=18, <checksum>:
0xEC0B782FC9A7B11DB2572E627D12D240
key=plain, no.=18, cso file:
/dev/null
----------------------------------------------
real command=cset shield -e /home/nrink/Projects/build/encode/encode/tests/array_sum/array_sum.perf.plain --  --cso /dev/null
key=plain, no.=19, <stderr>:
LENGTH=3800
elapsed cycles: 736998
hi(checksum)=0xEC0B782FC9A7B11D
lo(checksum)=0xB2572E627D12D240
key=plain, no.=19, <checksum>:
0xEC0B782FC9A7B11DB2572E627D12D240
key=plain, no.=19, cso file:
/dev/null
----------------------------------------------
real command=cset shield -e /home/nrink/Projects/build/encode/encode/tests/array_sum/array_sum.perf.plain --  --cso /dev/null
key=plain, no.=20, <stderr>:
LENGTH=3800
elapsed cycles: 736332
hi(checksum)=0xEC0B782FC9A7B11D
lo(checksum)=0xB2572E627D12D240
key=plain, no.=20, <checksum>:
0xEC0B782FC9A7B11DB2572E627D12D240
key=plain, no.=20, cso file:
/dev/null
----------------------------------------------
real command=cset shield -e /home/nrink/Projects/build/encode/encode/tests/array_sum/array_sum.perf.plain --  --cso /dev/null
key=plain, no.=21, <stderr>:
LENGTH=3800
elapsed cycles: 735237
hi(checksum)=0xEC0B782FC9A7B11D
lo(checksum)=0xB2572E627D12D240
key=plain, no.=21, <checksum>:
0xEC0B782FC9A7B11DB2572E627D12D240
key=plain, no.=21, cso file:
/dev/null
----------------------------------------------
real command=cset shield -e /home/nrink/Projects/build/encode/encode/tests/array_sum/array_sum.perf.plain --  --cso /dev/null
key=plain, no.=22, <stderr>:
LENGTH=3800
elapsed cycles: 767694
hi(checksum)=0xEC0B782FC9A7B11D
lo(checksum)=0xB2572E627D12D240
key=plain, no.=22, <checksum>:
0xEC0B782FC9A7B11DB2572E627D12D240
key=plain, no.=22, cso file:
/dev/null
----------------------------------------------
real command=cset shield -e /home/nrink/Projects/build/encode/encode/tests/array_sum/array_sum.perf.plain --  --cso /dev/null
key=plain, no.=23, <stderr>:
LENGTH=3800
elapsed cycles: 768594
hi(checksum)=0xEC0B782FC9A7B11D
lo(checksum)=0xB2572E627D12D240
key=plain, no.=23, <checksum>:
0xEC0B782FC9A7B11DB2572E627D12D240
key=plain, no.=23, cso file:
/dev/null
----------------------------------------------
real command=cset shield -e /home/nrink/Projects/build/encode/encode/tests/array_sum/array_sum.perf.plain --  --cso /dev/null
key=plain, no.=24, <stderr>:
LENGTH=3800
elapsed cycles: 770280
hi(checksum)=0xEC0B782FC9A7B11D
lo(checksum)=0xB2572E627D12D240
key=plain, no.=24, <checksum>:
0xEC0B782FC9A7B11DB2572E627D12D240
key=plain, no.=24, cso file:
/dev/null
----------------------------------------------
real command=cset shield -e /home/nrink/Projects/build/encode/encode/tests/array_sum/array_sum.perf.plain --  --cso /dev/null
key=plain, no.=25, <stderr>:
LENGTH=3800
elapsed cycles: 768024
hi(checksum)=0xEC0B782FC9A7B11D
lo(checksum)=0xB2572E627D12D240
key=plain, no.=25, <checksum>:
0xEC0B782FC9A7B11DB2572E627D12D240
key=plain, no.=25, cso file:
/dev/null
----------------------------------------------
real command=cset shield -e /home/nrink/Projects/build/encode/encode/tests/array_sum/array_sum.perf.plain --  --cso /dev/null
key=plain, no.=26, <stderr>:
LENGTH=3800
elapsed cycles: 768249
hi(checksum)=0xEC0B782FC9A7B11D
lo(checksum)=0xB2572E627D12D240
key=plain, no.=26, <checksum>:
0xEC0B782FC9A7B11DB2572E627D12D240
key=plain, no.=26, cso file:
/dev/null
----------------------------------------------
real command=cset shield -e /home/nrink/Projects/build/encode/encode/tests/array_sum/array_sum.perf.plain --  --cso /dev/null
key=plain, no.=27, <stderr>:
LENGTH=3800
elapsed cycles: 768570
hi(checksum)=0xEC0B782FC9A7B11D
lo(checksum)=0xB2572E627D12D240
key=plain, no.=27, <checksum>:
0xEC0B782FC9A7B11DB2572E627D12D240
key=plain, no.=27, cso file:
/dev/null
----------------------------------------------
real command=cset shield -e /home/nrink/Projects/build/encode/encode/tests/array_sum/array_sum.perf.plain --  --cso /dev/null
key=plain, no.=28, <stderr>:
LENGTH=3800
elapsed cycles: 771828
hi(checksum)=0xEC0B782FC9A7B11D
lo(checksum)=0xB2572E627D12D240
key=plain, no.=28, <checksum>:
0xEC0B782FC9A7B11DB2572E627D12D240
key=plain, no.=28, cso file:
/dev/null
----------------------------------------------
real command=cset shield -e /home/nrink/Projects/build/encode/encode/tests/array_sum/array_sum.perf.plain --  --cso /dev/null
key=plain, no.=29, <stderr>:
LENGTH=3800
elapsed cycles: 768069
hi(checksum)=0xEC0B782FC9A7B11D
lo(checksum)=0xB2572E627D12D240
key=plain, no.=29, <checksum>:
0xEC0B782FC9A7B11DB2572E627D12D240
key=plain, no.=29, cso file:
/dev/null
----------------------------------------------
real command=cset shield -e /home/nrink/Projects/build/encode/encode/tests/array_sum/array_sum.perf.plain --  --cso /dev/null
key=plain, no.=30, <stderr>:
LENGTH=3800
elapsed cycles: 768120
hi(checksum)=0xEC0B782FC9A7B11D
lo(checksum)=0xB2572E627D12D240
key=plain, no.=30, <checksum>:
0xEC0B782FC9A7B11DB2572E627D12D240
key=plain, no.=30, cso file:
/dev/null
----------------------------------------------
real command=cset shield -e /home/nrink/Projects/build/encode/encode/tests/array_sum/array_sum.perf.plain --  --cso /dev/null
key=plain, no.=31, <stderr>:
LENGTH=3800
elapsed cycles: 768126
hi(checksum)=0xEC0B782FC9A7B11D
lo(checksum)=0xB2572E627D12D240
key=plain, no.=31, <checksum>:
0xEC0B782FC9A7B11DB2572E627D12D240
key=plain, no.=31, cso file:
/dev/null
----------------------------------------------
real command=cset shield -e /home/nrink/Projects/build/encode/encode/tests/array_sum/array_sum.perf.plain --  --cso /dev/null
key=plain, no.=32, <stderr>:
LENGTH=3800
elapsed cycles: 767577
hi(checksum)=0xEC0B782FC9A7B11D
lo(checksum)=0xB2572E627D12D240
key=plain, no.=32, <checksum>:
0xEC0B782FC9A7B11DB2572E627D12D240
key=plain, no.=32, cso file:
/dev/null
----------------------------------------------
real command=cset shield -e /home/nrink/Projects/build/encode/encode/tests/array_sum/array_sum.perf.plain --  --cso /dev/null
key=plain, no.=33, <stderr>:
LENGTH=3800
elapsed cycles: 768480
hi(checksum)=0xEC0B782FC9A7B11D
lo(checksum)=0xB2572E627D12D240
key=plain, no.=33, <checksum>:
0xEC0B782FC9A7B11DB2572E627D12D240
key=plain, no.=33, cso file:
/dev/null
----------------------------------------------
real command=cset shield -e /home/nrink/Projects/build/encode/encode/tests/array_sum/array_sum.perf.plain --  --cso /dev/null
key=plain, no.=34, <stderr>:
LENGTH=3800
elapsed cycles: 737541
hi(checksum)=0xEC0B782FC9A7B11D
lo(checksum)=0xB2572E627D12D240
key=plain, no.=34, <checksum>:
0xEC0B782FC9A7B11DB2572E627D12D240
key=plain, no.=34, cso file:
/dev/null
----------------------------------------------
real command=cset shield -e /home/nrink/Projects/build/encode/encode/tests/array_sum/array_sum.perf.plain --  --cso /dev/null
key=plain, no.=35, <stderr>:
LENGTH=3800
elapsed cycles: 776862
hi(checksum)=0xEC0B782FC9A7B11D
lo(checksum)=0xB2572E627D12D240
key=plain, no.=35, <checksum>:
0xEC0B782FC9A7B11DB2572E627D12D240
key=plain, no.=35, cso file:
/dev/null
----------------------------------------------
real command=cset shield -e /home/nrink/Projects/build/encode/encode/tests/array_sum/array_sum.perf.plain --  --cso /dev/null
key=plain, no.=36, <stderr>:
LENGTH=3800
elapsed cycles: 767871
hi(checksum)=0xEC0B782FC9A7B11D
lo(checksum)=0xB2572E627D12D240
key=plain, no.=36, <checksum>:
0xEC0B782FC9A7B11DB2572E627D12D240
key=plain, no.=36, cso file:
/dev/null
----------------------------------------------
real command=cset shield -e /home/nrink/Projects/build/encode/encode/tests/array_sum/array_sum.perf.plain --  --cso /dev/null
key=plain, no.=37, <stderr>:
LENGTH=3800
elapsed cycles: 734823
hi(checksum)=0xEC0B782FC9A7B11D
lo(checksum)=0xB2572E627D12D240
key=plain, no.=37, <checksum>:
0xEC0B782FC9A7B11DB2572E627D12D240
key=plain, no.=37, cso file:
/dev/null
----------------------------------------------
real command=cset shield -e /home/nrink/Projects/build/encode/encode/tests/array_sum/array_sum.perf.plain --  --cso /dev/null
key=plain, no.=38, <stderr>:
LENGTH=3800
elapsed cycles: 768723
hi(checksum)=0xEC0B782FC9A7B11D
lo(checksum)=0xB2572E627D12D240
key=plain, no.=38, <checksum>:
0xEC0B782FC9A7B11DB2572E627D12D240
key=plain, no.=38, cso file:
/dev/null
----------------------------------------------
real command=cset shield -e /home/nrink/Projects/build/encode/encode/tests/array_sum/array_sum.perf.plain --  --cso /dev/null
key=plain, no.=39, <stderr>:
LENGTH=3800
elapsed cycles: 814383
hi(checksum)=0xEC0B782FC9A7B11D
lo(checksum)=0xB2572E627D12D240
key=plain, no.=39, <checksum>:
0xEC0B782FC9A7B11DB2572E627D12D240
key=plain, no.=39, cso file:
/dev/null
----------------------------------------------
real command=cset shield -e /home/nrink/Projects/build/encode/encode/tests/array_sum/array_sum.perf.plain --  --cso /dev/null
key=plain, no.=40, <stderr>:
LENGTH=3800
elapsed cycles: 770124
hi(checksum)=0xEC0B782FC9A7B11D
lo(checksum)=0xB2572E627D12D240
key=plain, no.=40, <checksum>:
0xEC0B782FC9A7B11DB2572E627D12D240
key=plain, no.=40, cso file:
/dev/null
----------------------------------------------
real command=cset shield -e /home/nrink/Projects/build/encode/encode/tests/array_sum/array_sum.perf.plain --  --cso /dev/null
key=plain, no.=41, <stderr>:
LENGTH=3800
elapsed cycles: 768225
hi(checksum)=0xEC0B782FC9A7B11D
lo(checksum)=0xB2572E627D12D240
key=plain, no.=41, <checksum>:
0xEC0B782FC9A7B11DB2572E627D12D240
key=plain, no.=41, cso file:
/dev/null
----------------------------------------------
real command=cset shield -e /home/nrink/Projects/build/encode/encode/tests/array_sum/array_sum.perf.plain --  --cso /dev/null
key=plain, no.=42, <stderr>:
LENGTH=3800
elapsed cycles: 767649
hi(checksum)=0xEC0B782FC9A7B11D
lo(checksum)=0xB2572E627D12D240
key=plain, no.=42, <checksum>:
0xEC0B782FC9A7B11DB2572E627D12D240
key=plain, no.=42, cso file:
/dev/null
----------------------------------------------
real command=cset shield -e /home/nrink/Projects/build/encode/encode/tests/array_sum/array_sum.perf.plain --  --cso /dev/null
key=plain, no.=43, <stderr>:
LENGTH=3800
elapsed cycles: 768270
hi(checksum)=0xEC0B782FC9A7B11D
lo(checksum)=0xB2572E627D12D240
key=plain, no.=43, <checksum>:
0xEC0B782FC9A7B11DB2572E627D12D240
key=plain, no.=43, cso file:
/dev/null
----------------------------------------------
real command=cset shield -e /home/nrink/Projects/build/encode/encode/tests/array_sum/array_sum.perf.plain --  --cso /dev/null
key=plain, no.=44, <stderr>:
LENGTH=3800
elapsed cycles: 769098
hi(checksum)=0xEC0B782FC9A7B11D
lo(checksum)=0xB2572E627D12D240
key=plain, no.=44, <checksum>:
0xEC0B782FC9A7B11DB2572E627D12D240
key=plain, no.=44, cso file:
/dev/null
----------------------------------------------
real command=cset shield -e /home/nrink/Projects/build/encode/encode/tests/array_sum/array_sum.perf.plain --  --cso /dev/null
key=plain, no.=45, <stderr>:
LENGTH=3800
elapsed cycles: 768081
hi(checksum)=0xEC0B782FC9A7B11D
lo(checksum)=0xB2572E627D12D240
key=plain, no.=45, <checksum>:
0xEC0B782FC9A7B11DB2572E627D12D240
key=plain, no.=45, cso file:
/dev/null
----------------------------------------------
real command=cset shield -e /home/nrink/Projects/build/encode/encode/tests/array_sum/array_sum.perf.plain --  --cso /dev/null
key=plain, no.=46, <stderr>:
LENGTH=3800
elapsed cycles: 894369
hi(checksum)=0xEC0B782FC9A7B11D
lo(checksum)=0xB2572E627D12D240
key=plain, no.=46, <checksum>:
0xEC0B782FC9A7B11DB2572E627D12D240
key=plain, no.=46, cso file:
/dev/null
----------------------------------------------
real command=cset shield -e /home/nrink/Projects/build/encode/encode/tests/array_sum/array_sum.perf.plain --  --cso /dev/null
key=plain, no.=47, <stderr>:
LENGTH=3800
elapsed cycles: 767049
hi(checksum)=0xEC0B782FC9A7B11D
lo(checksum)=0xB2572E627D12D240
key=plain, no.=47, <checksum>:
0xEC0B782FC9A7B11DB2572E627D12D240
key=plain, no.=47, cso file:
/dev/null
----------------------------------------------
real command=cset shield -e /home/nrink/Projects/build/encode/encode/tests/array_sum/array_sum.perf.plain --  --cso /dev/null
key=plain, no.=48, <stderr>:
LENGTH=3800
elapsed cycles: 768066
hi(checksum)=0xEC0B782FC9A7B11D
lo(checksum)=0xB2572E627D12D240
key=plain, no.=48, <checksum>:
0xEC0B782FC9A7B11DB2572E627D12D240
key=plain, no.=48, cso file:
/dev/null
----------------------------------------------
real command=cset shield -e /home/nrink/Projects/build/encode/encode/tests/array_sum/array_sum.perf.plain --  --cso /dev/null
key=plain, no.=49, <stderr>:
LENGTH=3800
elapsed cycles: 768276
hi(checksum)=0xEC0B782FC9A7B11D
lo(checksum)=0xB2572E627D12D240
key=plain, no.=49, <checksum>:
0xEC0B782FC9A7B11DB2572E627D12D240
key=plain, no.=49, cso file:
/dev/null
----------------------------------------------
real command=cset shield -e /home/nrink/Projects/build/encode/encode/tests/array_sum/array_sum.perf.plain --  --cso /dev/null
key=plain, no.=50, <stderr>:
LENGTH=3800
elapsed cycles: 767808
hi(checksum)=0xEC0B782FC9A7B11D
lo(checksum)=0xB2572E627D12D240
key=plain, no.=50, <checksum>:
0xEC0B782FC9A7B11DB2572E627D12D240
key=plain, no.=50, cso file:
/dev/null
----------------------------------------------
real command=cset shield -e /home/nrink/Projects/build/encode/encode/tests/array_sum/array_sum.perf.plain --  --cso /dev/null
key=plain, no.=51, <stderr>:
LENGTH=3800
elapsed cycles: 734883
hi(checksum)=0xEC0B782FC9A7B11D
lo(checksum)=0xB2572E627D12D240
key=plain, no.=51, <checksum>:
0xEC0B782FC9A7B11DB2572E627D12D240
key=plain, no.=51, cso file:
/dev/null
----------------------------------------------
real command=cset shield -e /home/nrink/Projects/build/encode/encode/tests/array_sum/array_sum.perf.plain --  --cso /dev/null
key=plain, no.=52, <stderr>:
LENGTH=3800
elapsed cycles: 768519
hi(checksum)=0xEC0B782FC9A7B11D
lo(checksum)=0xB2572E627D12D240
key=plain, no.=52, <checksum>:
0xEC0B782FC9A7B11DB2572E627D12D240
key=plain, no.=52, cso file:
/dev/null
----------------------------------------------
real command=cset shield -e /home/nrink/Projects/build/encode/encode/tests/array_sum/array_sum.perf.plain --  --cso /dev/null
key=plain, no.=53, <stderr>:
LENGTH=3800
elapsed cycles: 768015
hi(checksum)=0xEC0B782FC9A7B11D
lo(checksum)=0xB2572E627D12D240
key=plain, no.=53, <checksum>:
0xEC0B782FC9A7B11DB2572E627D12D240
key=plain, no.=53, cso file:
/dev/null
----------------------------------------------
real command=cset shield -e /home/nrink/Projects/build/encode/encode/tests/array_sum/array_sum.perf.plain --  --cso /dev/null
key=plain, no.=54, <stderr>:
LENGTH=3800
elapsed cycles: 767703
hi(checksum)=0xEC0B782FC9A7B11D
lo(checksum)=0xB2572E627D12D240
key=plain, no.=54, <checksum>:
0xEC0B782FC9A7B11DB2572E627D12D240
key=plain, no.=54, cso file:
/dev/null
----------------------------------------------
real command=cset shield -e /home/nrink/Projects/build/encode/encode/tests/array_sum/array_sum.perf.plain --  --cso /dev/null
key=plain, no.=55, <stderr>:
LENGTH=3800
elapsed cycles: 766908
hi(checksum)=0xEC0B782FC9A7B11D
lo(checksum)=0xB2572E627D12D240
key=plain, no.=55, <checksum>:
0xEC0B782FC9A7B11DB2572E627D12D240
key=plain, no.=55, cso file:
/dev/null
----------------------------------------------
real command=cset shield -e /home/nrink/Projects/build/encode/encode/tests/array_sum/array_sum.perf.plain --  --cso /dev/null
key=plain, no.=56, <stderr>:
LENGTH=3800
elapsed cycles: 767526
hi(checksum)=0xEC0B782FC9A7B11D
lo(checksum)=0xB2572E627D12D240
key=plain, no.=56, <checksum>:
0xEC0B782FC9A7B11DB2572E627D12D240
key=plain, no.=56, cso file:
/dev/null
----------------------------------------------
real command=cset shield -e /home/nrink/Projects/build/encode/encode/tests/array_sum/array_sum.perf.plain --  --cso /dev/null
key=plain, no.=57, <stderr>:
LENGTH=3800
elapsed cycles: 768135
hi(checksum)=0xEC0B782FC9A7B11D
lo(checksum)=0xB2572E627D12D240
key=plain, no.=57, <checksum>:
0xEC0B782FC9A7B11DB2572E627D12D240
key=plain, no.=57, cso file:
/dev/null
----------------------------------------------
real command=cset shield -e /home/nrink/Projects/build/encode/encode/tests/array_sum/array_sum.perf.plain --  --cso /dev/null
key=plain, no.=58, <stderr>:
LENGTH=3800
elapsed cycles: 736203
hi(checksum)=0xEC0B782FC9A7B11D
lo(checksum)=0xB2572E627D12D240
key=plain, no.=58, <checksum>:
0xEC0B782FC9A7B11DB2572E627D12D240
key=plain, no.=58, cso file:
/dev/null
----------------------------------------------
real command=cset shield -e /home/nrink/Projects/build/encode/encode/tests/array_sum/array_sum.perf.plain --  --cso /dev/null
key=plain, no.=59, <stderr>:
LENGTH=3800
elapsed cycles: 812559
hi(checksum)=0xEC0B782FC9A7B11D
lo(checksum)=0xB2572E627D12D240
key=plain, no.=59, <checksum>:
0xEC0B782FC9A7B11DB2572E627D12D240
key=plain, no.=59, cso file:
/dev/null
----------------------------------------------
real command=cset shield -e /home/nrink/Projects/build/encode/encode/tests/array_sum/array_sum.perf.plain --  --cso /dev/null
key=plain, no.=60, <stderr>:
LENGTH=3800
elapsed cycles: 768480
hi(checksum)=0xEC0B782FC9A7B11D
lo(checksum)=0xB2572E627D12D240
key=plain, no.=60, <checksum>:
0xEC0B782FC9A7B11DB2572E627D12D240
key=plain, no.=60, cso file:
/dev/null
----------------------------------------------
real command=cset shield -e /home/nrink/Projects/build/encode/encode/tests/array_sum/array_sum.perf.plain --  --cso /dev/null
key=plain, no.=61, <stderr>:
LENGTH=3800
elapsed cycles: 768111
hi(checksum)=0xEC0B782FC9A7B11D
lo(checksum)=0xB2572E627D12D240
key=plain, no.=61, <checksum>:
0xEC0B782FC9A7B11DB2572E627D12D240
key=plain, no.=61, cso file:
/dev/null
----------------------------------------------
real command=cset shield -e /home/nrink/Projects/build/encode/encode/tests/array_sum/array_sum.perf.plain --  --cso /dev/null
key=plain, no.=62, <stderr>:
LENGTH=3800
elapsed cycles: 771537
hi(checksum)=0xEC0B782FC9A7B11D
lo(checksum)=0xB2572E627D12D240
key=plain, no.=62, <checksum>:
0xEC0B782FC9A7B11DB2572E627D12D240
key=plain, no.=62, cso file:
/dev/null
----------------------------------------------
real command=cset shield -e /home/nrink/Projects/build/encode/encode/tests/array_sum/array_sum.perf.plain --  --cso /dev/null
key=plain, no.=63, <stderr>:
LENGTH=3800
elapsed cycles: 768981
hi(checksum)=0xEC0B782FC9A7B11D
lo(checksum)=0xB2572E627D12D240
key=plain, no.=63, <checksum>:
0xEC0B782FC9A7B11DB2572E627D12D240
key=plain, no.=63, cso file:
/dev/null
----------------------------------------------
real command=cset shield -e /home/nrink/Projects/build/encode/encode/tests/array_sum/array_sum.perf.plain --  --cso /dev/null
key=plain, no.=64, <stderr>:
LENGTH=3800
elapsed cycles: 767745
hi(checksum)=0xEC0B782FC9A7B11D
lo(checksum)=0xB2572E627D12D240
key=plain, no.=64, <checksum>:
0xEC0B782FC9A7B11DB2572E627D12D240
key=plain, no.=64, cso file:
/dev/null
----------------------------------------------
real command=cset shield -e /home/nrink/Projects/build/encode/encode/tests/array_sum/array_sum.perf.plain --  --cso /dev/null
key=plain, no.=65, <stderr>:
LENGTH=3800
elapsed cycles: 767364
hi(checksum)=0xEC0B782FC9A7B11D
lo(checksum)=0xB2572E627D12D240
key=plain, no.=65, <checksum>:
0xEC0B782FC9A7B11DB2572E627D12D240
key=plain, no.=65, cso file:
/dev/null
----------------------------------------------
real command=cset shield -e /home/nrink/Projects/build/encode/encode/tests/array_sum/array_sum.perf.plain --  --cso /dev/null
key=plain, no.=66, <stderr>:
LENGTH=3800
elapsed cycles: 767859
hi(checksum)=0xEC0B782FC9A7B11D
lo(checksum)=0xB2572E627D12D240
key=plain, no.=66, <checksum>:
0xEC0B782FC9A7B11DB2572E627D12D240
key=plain, no.=66, cso file:
/dev/null
----------------------------------------------
real command=cset shield -e /home/nrink/Projects/build/encode/encode/tests/array_sum/array_sum.perf.plain --  --cso /dev/null
key=plain, no.=67, <stderr>:
LENGTH=3800
elapsed cycles: 768531
hi(checksum)=0xEC0B782FC9A7B11D
lo(checksum)=0xB2572E627D12D240
key=plain, no.=67, <checksum>:
0xEC0B782FC9A7B11DB2572E627D12D240
key=plain, no.=67, cso file:
/dev/null
----------------------------------------------
real command=cset shield -e /home/nrink/Projects/build/encode/encode/tests/array_sum/array_sum.perf.plain --  --cso /dev/null
key=plain, no.=68, <stderr>:
LENGTH=3800
elapsed cycles: 735273
hi(checksum)=0xEC0B782FC9A7B11D
lo(checksum)=0xB2572E627D12D240
key=plain, no.=68, <checksum>:
0xEC0B782FC9A7B11DB2572E627D12D240
key=plain, no.=68, cso file:
/dev/null
----------------------------------------------
real command=cset shield -e /home/nrink/Projects/build/encode/encode/tests/array_sum/array_sum.perf.plain --  --cso /dev/null
key=plain, no.=69, <stderr>:
LENGTH=3800
elapsed cycles: 768054
hi(checksum)=0xEC0B782FC9A7B11D
lo(checksum)=0xB2572E627D12D240
key=plain, no.=69, <checksum>:
0xEC0B782FC9A7B11DB2572E627D12D240
key=plain, no.=69, cso file:
/dev/null
----------------------------------------------
real command=cset shield -e /home/nrink/Projects/build/encode/encode/tests/array_sum/array_sum.perf.plain --  --cso /dev/null
key=plain, no.=70, <stderr>:
LENGTH=3800
elapsed cycles: 768120
hi(checksum)=0xEC0B782FC9A7B11D
lo(checksum)=0xB2572E627D12D240
key=plain, no.=70, <checksum>:
0xEC0B782FC9A7B11DB2572E627D12D240
key=plain, no.=70, cso file:
/dev/null
----------------------------------------------
real command=cset shield -e /home/nrink/Projects/build/encode/encode/tests/array_sum/array_sum.perf.plain --  --cso /dev/null
key=plain, no.=71, <stderr>:
LENGTH=3800
elapsed cycles: 768108
hi(checksum)=0xEC0B782FC9A7B11D
lo(checksum)=0xB2572E627D12D240
key=plain, no.=71, <checksum>:
0xEC0B782FC9A7B11DB2572E627D12D240
key=plain, no.=71, cso file:
/dev/null
----------------------------------------------
real command=cset shield -e /home/nrink/Projects/build/encode/encode/tests/array_sum/array_sum.perf.plain --  --cso /dev/null
key=plain, no.=72, <stderr>:
LENGTH=3800
elapsed cycles: 768096
hi(checksum)=0xEC0B782FC9A7B11D
lo(checksum)=0xB2572E627D12D240
key=plain, no.=72, <checksum>:
0xEC0B782FC9A7B11DB2572E627D12D240
key=plain, no.=72, cso file:
/dev/null
----------------------------------------------
real command=cset shield -e /home/nrink/Projects/build/encode/encode/tests/array_sum/array_sum.perf.plain --  --cso /dev/null
key=plain, no.=73, <stderr>:
LENGTH=3800
elapsed cycles: 768087
hi(checksum)=0xEC0B782FC9A7B11D
lo(checksum)=0xB2572E627D12D240
key=plain, no.=73, <checksum>:
0xEC0B782FC9A7B11DB2572E627D12D240
key=plain, no.=73, cso file:
/dev/null
----------------------------------------------
real command=cset shield -e /home/nrink/Projects/build/encode/encode/tests/array_sum/array_sum.perf.plain --  --cso /dev/null
key=plain, no.=74, <stderr>:
LENGTH=3800
elapsed cycles: 768915
hi(checksum)=0xEC0B782FC9A7B11D
lo(checksum)=0xB2572E627D12D240
key=plain, no.=74, <checksum>:
0xEC0B782FC9A7B11DB2572E627D12D240
key=plain, no.=74, cso file:
/dev/null
----------------------------------------------
real command=cset shield -e /home/nrink/Projects/build/encode/encode/tests/array_sum/array_sum.perf.plain --  --cso /dev/null
key=plain, no.=75, <stderr>:
LENGTH=3800
elapsed cycles: 735714
hi(checksum)=0xEC0B782FC9A7B11D
lo(checksum)=0xB2572E627D12D240
key=plain, no.=75, <checksum>:
0xEC0B782FC9A7B11DB2572E627D12D240
key=plain, no.=75, cso file:
/dev/null
----------------------------------------------
real command=cset shield -e /home/nrink/Projects/build/encode/encode/tests/array_sum/array_sum.perf.plain --  --cso /dev/null
key=plain, no.=76, <stderr>:
LENGTH=3800
elapsed cycles: 735882
hi(checksum)=0xEC0B782FC9A7B11D
lo(checksum)=0xB2572E627D12D240
key=plain, no.=76, <checksum>:
0xEC0B782FC9A7B11DB2572E627D12D240
key=plain, no.=76, cso file:
/dev/null
----------------------------------------------
real command=cset shield -e /home/nrink/Projects/build/encode/encode/tests/array_sum/array_sum.perf.plain --  --cso /dev/null
key=plain, no.=77, <stderr>:
LENGTH=3800
elapsed cycles: 869898
hi(checksum)=0xEC0B782FC9A7B11D
lo(checksum)=0xB2572E627D12D240
key=plain, no.=77, <checksum>:
0xEC0B782FC9A7B11DB2572E627D12D240
key=plain, no.=77, cso file:
/dev/null
----------------------------------------------
real command=cset shield -e /home/nrink/Projects/build/encode/encode/tests/array_sum/array_sum.perf.plain --  --cso /dev/null
key=plain, no.=78, <stderr>:
LENGTH=3800
elapsed cycles: 740484
hi(checksum)=0xEC0B782FC9A7B11D
lo(checksum)=0xB2572E627D12D240
key=plain, no.=78, <checksum>:
0xEC0B782FC9A7B11DB2572E627D12D240
key=plain, no.=78, cso file:
/dev/null
----------------------------------------------
real command=cset shield -e /home/nrink/Projects/build/encode/encode/tests/array_sum/array_sum.perf.plain --  --cso /dev/null
key=plain, no.=79, <stderr>:
LENGTH=3800
elapsed cycles: 768630
hi(checksum)=0xEC0B782FC9A7B11D
lo(checksum)=0xB2572E627D12D240
key=plain, no.=79, <checksum>:
0xEC0B782FC9A7B11DB2572E627D12D240
key=plain, no.=79, cso file:
/dev/null
----------------------------------------------
real command=cset shield -e /home/nrink/Projects/build/encode/encode/tests/array_sum/array_sum.perf.plain --  --cso /dev/null
key=plain, no.=80, <stderr>:
LENGTH=3800
elapsed cycles: 768915
hi(checksum)=0xEC0B782FC9A7B11D
lo(checksum)=0xB2572E627D12D240
key=plain, no.=80, <checksum>:
0xEC0B782FC9A7B11DB2572E627D12D240
key=plain, no.=80, cso file:
/dev/null
----------------------------------------------
real command=cset shield -e /home/nrink/Projects/build/encode/encode/tests/array_sum/array_sum.perf.plain --  --cso /dev/null
key=plain, no.=81, <stderr>:
LENGTH=3800
elapsed cycles: 737778
hi(checksum)=0xEC0B782FC9A7B11D
lo(checksum)=0xB2572E627D12D240
key=plain, no.=81, <checksum>:
0xEC0B782FC9A7B11DB2572E627D12D240
key=plain, no.=81, cso file:
/dev/null
----------------------------------------------
real command=cset shield -e /home/nrink/Projects/build/encode/encode/tests/array_sum/array_sum.perf.plain --  --cso /dev/null
key=plain, no.=82, <stderr>:
LENGTH=3800
elapsed cycles: 768147
hi(checksum)=0xEC0B782FC9A7B11D
lo(checksum)=0xB2572E627D12D240
key=plain, no.=82, <checksum>:
0xEC0B782FC9A7B11DB2572E627D12D240
key=plain, no.=82, cso file:
/dev/null
----------------------------------------------
real command=cset shield -e /home/nrink/Projects/build/encode/encode/tests/array_sum/array_sum.perf.plain --  --cso /dev/null
key=plain, no.=83, <stderr>:
LENGTH=3800
elapsed cycles: 769146
hi(checksum)=0xEC0B782FC9A7B11D
lo(checksum)=0xB2572E627D12D240
key=plain, no.=83, <checksum>:
0xEC0B782FC9A7B11DB2572E627D12D240
key=plain, no.=83, cso file:
/dev/null
----------------------------------------------
real command=cset shield -e /home/nrink/Projects/build/encode/encode/tests/array_sum/array_sum.perf.plain --  --cso /dev/null
key=plain, no.=84, <stderr>:
LENGTH=3800
elapsed cycles: 777387
hi(checksum)=0xEC0B782FC9A7B11D
lo(checksum)=0xB2572E627D12D240
key=plain, no.=84, <checksum>:
0xEC0B782FC9A7B11DB2572E627D12D240
key=plain, no.=84, cso file:
/dev/null
----------------------------------------------
real command=cset shield -e /home/nrink/Projects/build/encode/encode/tests/array_sum/array_sum.perf.plain --  --cso /dev/null
key=plain, no.=85, <stderr>:
LENGTH=3800
elapsed cycles: 777258
hi(checksum)=0xEC0B782FC9A7B11D
lo(checksum)=0xB2572E627D12D240
key=plain, no.=85, <checksum>:
0xEC0B782FC9A7B11DB2572E627D12D240
key=plain, no.=85, cso file:
/dev/null
----------------------------------------------
real command=cset shield -e /home/nrink/Projects/build/encode/encode/tests/array_sum/array_sum.perf.plain --  --cso /dev/null
key=plain, no.=86, <stderr>:
LENGTH=3800
elapsed cycles: 767715
hi(checksum)=0xEC0B782FC9A7B11D
lo(checksum)=0xB2572E627D12D240
key=plain, no.=86, <checksum>:
0xEC0B782FC9A7B11DB2572E627D12D240
key=plain, no.=86, cso file:
/dev/null
----------------------------------------------
real command=cset shield -e /home/nrink/Projects/build/encode/encode/tests/array_sum/array_sum.perf.plain --  --cso /dev/null
key=plain, no.=87, <stderr>:
LENGTH=3800
elapsed cycles: 767964
hi(checksum)=0xEC0B782FC9A7B11D
lo(checksum)=0xB2572E627D12D240
key=plain, no.=87, <checksum>:
0xEC0B782FC9A7B11DB2572E627D12D240
key=plain, no.=87, cso file:
/dev/null
----------------------------------------------
real command=cset shield -e /home/nrink/Projects/build/encode/encode/tests/array_sum/array_sum.perf.plain --  --cso /dev/null
key=plain, no.=88, <stderr>:
LENGTH=3800
elapsed cycles: 767367
hi(checksum)=0xEC0B782FC9A7B11D
lo(checksum)=0xB2572E627D12D240
key=plain, no.=88, <checksum>:
0xEC0B782FC9A7B11DB2572E627D12D240
key=plain, no.=88, cso file:
/dev/null
----------------------------------------------
real command=cset shield -e /home/nrink/Projects/build/encode/encode/tests/array_sum/array_sum.perf.plain --  --cso /dev/null
key=plain, no.=89, <stderr>:
LENGTH=3800
elapsed cycles: 767508
hi(checksum)=0xEC0B782FC9A7B11D
lo(checksum)=0xB2572E627D12D240
key=plain, no.=89, <checksum>:
0xEC0B782FC9A7B11DB2572E627D12D240
key=plain, no.=89, cso file:
/dev/null
----------------------------------------------
real command=cset shield -e /home/nrink/Projects/build/encode/encode/tests/array_sum/array_sum.perf.plain --  --cso /dev/null
key=plain, no.=90, <stderr>:
LENGTH=3800
elapsed cycles: 768330
hi(checksum)=0xEC0B782FC9A7B11D
lo(checksum)=0xB2572E627D12D240
key=plain, no.=90, <checksum>:
0xEC0B782FC9A7B11DB2572E627D12D240
key=plain, no.=90, cso file:
/dev/null
----------------------------------------------
real command=cset shield -e /home/nrink/Projects/build/encode/encode/tests/array_sum/array_sum.perf.plain --  --cso /dev/null
key=plain, no.=91, <stderr>:
LENGTH=3800
elapsed cycles: 768594
hi(checksum)=0xEC0B782FC9A7B11D
lo(checksum)=0xB2572E627D12D240
key=plain, no.=91, <checksum>:
0xEC0B782FC9A7B11DB2572E627D12D240
key=plain, no.=91, cso file:
/dev/null
----------------------------------------------
real command=cset shield -e /home/nrink/Projects/build/encode/encode/tests/array_sum/array_sum.perf.plain --  --cso /dev/null
key=plain, no.=92, <stderr>:
LENGTH=3800
elapsed cycles: 768558
hi(checksum)=0xEC0B782FC9A7B11D
lo(checksum)=0xB2572E627D12D240
key=plain, no.=92, <checksum>:
0xEC0B782FC9A7B11DB2572E627D12D240
key=plain, no.=92, cso file:
/dev/null
----------------------------------------------
real command=cset shield -e /home/nrink/Projects/build/encode/encode/tests/array_sum/array_sum.perf.plain --  --cso /dev/null
key=plain, no.=93, <stderr>:
LENGTH=3800
elapsed cycles: 767748
hi(checksum)=0xEC0B782FC9A7B11D
lo(checksum)=0xB2572E627D12D240
key=plain, no.=93, <checksum>:
0xEC0B782FC9A7B11DB2572E627D12D240
key=plain, no.=93, cso file:
/dev/null
----------------------------------------------
real command=cset shield -e /home/nrink/Projects/build/encode/encode/tests/array_sum/array_sum.perf.plain --  --cso /dev/null
key=plain, no.=94, <stderr>:
LENGTH=3800
elapsed cycles: 735495
hi(checksum)=0xEC0B782FC9A7B11D
lo(checksum)=0xB2572E627D12D240
key=plain, no.=94, <checksum>:
0xEC0B782FC9A7B11DB2572E627D12D240
key=plain, no.=94, cso file:
/dev/null
----------------------------------------------
real command=cset shield -e /home/nrink/Projects/build/encode/encode/tests/array_sum/array_sum.perf.plain --  --cso /dev/null
key=plain, no.=95, <stderr>:
LENGTH=3800
elapsed cycles: 736977
hi(checksum)=0xEC0B782FC9A7B11D
lo(checksum)=0xB2572E627D12D240
key=plain, no.=95, <checksum>:
0xEC0B782FC9A7B11DB2572E627D12D240
key=plain, no.=95, cso file:
/dev/null
----------------------------------------------
real command=cset shield -e /home/nrink/Projects/build/encode/encode/tests/array_sum/array_sum.perf.plain --  --cso /dev/null
key=plain, no.=96, <stderr>:
LENGTH=3800
elapsed cycles: 767262
hi(checksum)=0xEC0B782FC9A7B11D
lo(checksum)=0xB2572E627D12D240
key=plain, no.=96, <checksum>:
0xEC0B782FC9A7B11DB2572E627D12D240
key=plain, no.=96, cso file:
/dev/null
----------------------------------------------
real command=cset shield -e /home/nrink/Projects/build/encode/encode/tests/array_sum/array_sum.perf.plain --  --cso /dev/null
key=plain, no.=97, <stderr>:
LENGTH=3800
elapsed cycles: 736497
hi(checksum)=0xEC0B782FC9A7B11D
lo(checksum)=0xB2572E627D12D240
key=plain, no.=97, <checksum>:
0xEC0B782FC9A7B11DB2572E627D12D240
key=plain, no.=97, cso file:
/dev/null
----------------------------------------------
real command=cset shield -e /home/nrink/Projects/build/encode/encode/tests/array_sum/array_sum.perf.plain --  --cso /dev/null
key=plain, no.=98, <stderr>:
LENGTH=3800
elapsed cycles: 735885
hi(checksum)=0xEC0B782FC9A7B11D
lo(checksum)=0xB2572E627D12D240
key=plain, no.=98, <checksum>:
0xEC0B782FC9A7B11DB2572E627D12D240
key=plain, no.=98, cso file:
/dev/null
----------------------------------------------
real command=cset shield -e /home/nrink/Projects/build/encode/encode/tests/array_sum/array_sum.perf.plain --  --cso /dev/null
key=plain, no.=99, <stderr>:
LENGTH=3800
elapsed cycles: 736098
hi(checksum)=0xEC0B782FC9A7B11D
lo(checksum)=0xB2572E627D12D240
key=plain, no.=99, <checksum>:
0xEC0B782FC9A7B11DB2572E627D12D240
key=plain, no.=99, cso file:
/dev/null
----------------------------------------------
key=encoded, runs=100 ...
command=/home/nrink/Projects/build/encode/encode/tests/array_sum/array_sum.perf.encoded
----------------------------------------------
real command=cset shield -e /home/nrink/Projects/build/encode/encode/tests/array_sum/array_sum.perf.encoded --  --cso /dev/null
key=encoded, no.=0, <stderr>:
LENGTH=3800
elapsed cycles: 3113859
hi(checksum)=0xEC0B782FC9A7B11D
lo(checksum)=0xB2572E627D12D240
key=encoded, no.=0, <checksum>:
0xEC0B782FC9A7B11DB2572E627D12D240
key=encoded, no.=0, cso file:
/dev/null
----------------------------------------------
real command=cset shield -e /home/nrink/Projects/build/encode/encode/tests/array_sum/array_sum.perf.encoded --  --cso /dev/null
key=encoded, no.=1, <stderr>:
LENGTH=3800
elapsed cycles: 3114504
hi(checksum)=0xEC0B782FC9A7B11D
lo(checksum)=0xB2572E627D12D240
key=encoded, no.=1, <checksum>:
0xEC0B782FC9A7B11DB2572E627D12D240
key=encoded, no.=1, cso file:
/dev/null
----------------------------------------------
real command=cset shield -e /home/nrink/Projects/build/encode/encode/tests/array_sum/array_sum.perf.encoded --  --cso /dev/null
key=encoded, no.=2, <stderr>:
LENGTH=3800
elapsed cycles: 3115485
hi(checksum)=0xEC0B782FC9A7B11D
lo(checksum)=0xB2572E627D12D240
key=encoded, no.=2, <checksum>:
0xEC0B782FC9A7B11DB2572E627D12D240
key=encoded, no.=2, cso file:
/dev/null
----------------------------------------------
real command=cset shield -e /home/nrink/Projects/build/encode/encode/tests/array_sum/array_sum.perf.encoded --  --cso /dev/null
key=encoded, no.=3, <stderr>:
LENGTH=3800
elapsed cycles: 3191355
hi(checksum)=0xEC0B782FC9A7B11D
lo(checksum)=0xB2572E627D12D240
key=encoded, no.=3, <checksum>:
0xEC0B782FC9A7B11DB2572E627D12D240
key=encoded, no.=3, cso file:
/dev/null
----------------------------------------------
real command=cset shield -e /home/nrink/Projects/build/encode/encode/tests/array_sum/array_sum.perf.encoded --  --cso /dev/null
key=encoded, no.=4, <stderr>:
LENGTH=3800
elapsed cycles: 3190368
hi(checksum)=0xEC0B782FC9A7B11D
lo(checksum)=0xB2572E627D12D240
key=encoded, no.=4, <checksum>:
0xEC0B782FC9A7B11DB2572E627D12D240
key=encoded, no.=4, cso file:
/dev/null
----------------------------------------------
real command=cset shield -e /home/nrink/Projects/build/encode/encode/tests/array_sum/array_sum.perf.encoded --  --cso /dev/null
key=encoded, no.=5, <stderr>:
LENGTH=3800
elapsed cycles: 3217050
hi(checksum)=0xEC0B782FC9A7B11D
lo(checksum)=0xB2572E627D12D240
key=encoded, no.=5, <checksum>:
0xEC0B782FC9A7B11DB2572E627D12D240
key=encoded, no.=5, cso file:
/dev/null
----------------------------------------------
real command=cset shield -e /home/nrink/Projects/build/encode/encode/tests/array_sum/array_sum.perf.encoded --  --cso /dev/null
key=encoded, no.=6, <stderr>:
LENGTH=3800
elapsed cycles: 3426816
hi(checksum)=0xEC0B782FC9A7B11D
lo(checksum)=0xB2572E627D12D240
key=encoded, no.=6, <checksum>:
0xEC0B782FC9A7B11DB2572E627D12D240
key=encoded, no.=6, cso file:
/dev/null
----------------------------------------------
real command=cset shield -e /home/nrink/Projects/build/encode/encode/tests/array_sum/array_sum.perf.encoded --  --cso /dev/null
key=encoded, no.=7, <stderr>:
LENGTH=3800
elapsed cycles: 3438606
hi(checksum)=0xEC0B782FC9A7B11D
lo(checksum)=0xB2572E627D12D240
key=encoded, no.=7, <checksum>:
0xEC0B782FC9A7B11DB2572E627D12D240
key=encoded, no.=7, cso file:
/dev/null
----------------------------------------------
real command=cset shield -e /home/nrink/Projects/build/encode/encode/tests/array_sum/array_sum.perf.encoded --  --cso /dev/null
key=encoded, no.=8, <stderr>:
LENGTH=3800
elapsed cycles: 3222474
hi(checksum)=0xEC0B782FC9A7B11D
lo(checksum)=0xB2572E627D12D240
key=encoded, no.=8, <checksum>:
0xEC0B782FC9A7B11DB2572E627D12D240
key=encoded, no.=8, cso file:
/dev/null
----------------------------------------------
real command=cset shield -e /home/nrink/Projects/build/encode/encode/tests/array_sum/array_sum.perf.encoded --  --cso /dev/null
key=encoded, no.=9, <stderr>:
LENGTH=3800
elapsed cycles: 3147099
hi(checksum)=0xEC0B782FC9A7B11D
lo(checksum)=0xB2572E627D12D240
key=encoded, no.=9, <checksum>:
0xEC0B782FC9A7B11DB2572E627D12D240
key=encoded, no.=9, cso file:
/dev/null
----------------------------------------------
real command=cset shield -e /home/nrink/Projects/build/encode/encode/tests/array_sum/array_sum.perf.encoded --  --cso /dev/null
key=encoded, no.=10, <stderr>:
LENGTH=3800
elapsed cycles: 3115287
hi(checksum)=0xEC0B782FC9A7B11D
lo(checksum)=0xB2572E627D12D240
key=encoded, no.=10, <checksum>:
0xEC0B782FC9A7B11DB2572E627D12D240
key=encoded, no.=10, cso file:
/dev/null
----------------------------------------------
real command=cset shield -e /home/nrink/Projects/build/encode/encode/tests/array_sum/array_sum.perf.encoded --  --cso /dev/null
key=encoded, no.=11, <stderr>:
LENGTH=3800
elapsed cycles: 3224298
hi(checksum)=0xEC0B782FC9A7B11D
lo(checksum)=0xB2572E627D12D240
key=encoded, no.=11, <checksum>:
0xEC0B782FC9A7B11DB2572E627D12D240
key=encoded, no.=11, cso file:
/dev/null
----------------------------------------------
real command=cset shield -e /home/nrink/Projects/build/encode/encode/tests/array_sum/array_sum.perf.encoded --  --cso /dev/null
key=encoded, no.=12, <stderr>:
LENGTH=3800
elapsed cycles: 3186426
hi(checksum)=0xEC0B782FC9A7B11D
lo(checksum)=0xB2572E627D12D240
key=encoded, no.=12, <checksum>:
0xEC0B782FC9A7B11DB2572E627D12D240
key=encoded, no.=12, cso file:
/dev/null
----------------------------------------------
real command=cset shield -e /home/nrink/Projects/build/encode/encode/tests/array_sum/array_sum.perf.encoded --  --cso /dev/null
key=encoded, no.=13, <stderr>:
LENGTH=3800
elapsed cycles: 3181923
hi(checksum)=0xEC0B782FC9A7B11D
lo(checksum)=0xB2572E627D12D240
key=encoded, no.=13, <checksum>:
0xEC0B782FC9A7B11DB2572E627D12D240
key=encoded, no.=13, cso file:
/dev/null
----------------------------------------------
real command=cset shield -e /home/nrink/Projects/build/encode/encode/tests/array_sum/array_sum.perf.encoded --  --cso /dev/null
key=encoded, no.=14, <stderr>:
LENGTH=3800
elapsed cycles: 3218535
hi(checksum)=0xEC0B782FC9A7B11D
lo(checksum)=0xB2572E627D12D240
key=encoded, no.=14, <checksum>:
0xEC0B782FC9A7B11DB2572E627D12D240
key=encoded, no.=14, cso file:
/dev/null
----------------------------------------------
real command=cset shield -e /home/nrink/Projects/build/encode/encode/tests/array_sum/array_sum.perf.encoded --  --cso /dev/null
key=encoded, no.=15, <stderr>:
LENGTH=3800
elapsed cycles: 3369897
hi(checksum)=0xEC0B782FC9A7B11D
lo(checksum)=0xB2572E627D12D240
key=encoded, no.=15, <checksum>:
0xEC0B782FC9A7B11DB2572E627D12D240
key=encoded, no.=15, cso file:
/dev/null
----------------------------------------------
real command=cset shield -e /home/nrink/Projects/build/encode/encode/tests/array_sum/array_sum.perf.encoded --  --cso /dev/null
key=encoded, no.=16, <stderr>:
LENGTH=3800
elapsed cycles: 3383607
hi(checksum)=0xEC0B782FC9A7B11D
lo(checksum)=0xB2572E627D12D240
key=encoded, no.=16, <checksum>:
0xEC0B782FC9A7B11DB2572E627D12D240
key=encoded, no.=16, cso file:
/dev/null
----------------------------------------------
real command=cset shield -e /home/nrink/Projects/build/encode/encode/tests/array_sum/array_sum.perf.encoded --  --cso /dev/null
key=encoded, no.=17, <stderr>:
LENGTH=3800
elapsed cycles: 3412707
hi(checksum)=0xEC0B782FC9A7B11D
lo(checksum)=0xB2572E627D12D240
key=encoded, no.=17, <checksum>:
0xEC0B782FC9A7B11DB2572E627D12D240
key=encoded, no.=17, cso file:
/dev/null
----------------------------------------------
real command=cset shield -e /home/nrink/Projects/build/encode/encode/tests/array_sum/array_sum.perf.encoded --  --cso /dev/null
key=encoded, no.=18, <stderr>:
LENGTH=3800
elapsed cycles: 3148752
hi(checksum)=0xEC0B782FC9A7B11D
lo(checksum)=0xB2572E627D12D240
key=encoded, no.=18, <checksum>:
0xEC0B782FC9A7B11DB2572E627D12D240
key=encoded, no.=18, cso file:
/dev/null
----------------------------------------------
real command=cset shield -e /home/nrink/Projects/build/encode/encode/tests/array_sum/array_sum.perf.encoded --  --cso /dev/null
key=encoded, no.=19, <stderr>:
LENGTH=3800
elapsed cycles: 3221133
hi(checksum)=0xEC0B782FC9A7B11D
lo(checksum)=0xB2572E627D12D240
key=encoded, no.=19, <checksum>:
0xEC0B782FC9A7B11DB2572E627D12D240
key=encoded, no.=19, cso file:
/dev/null
----------------------------------------------
real command=cset shield -e /home/nrink/Projects/build/encode/encode/tests/array_sum/array_sum.perf.encoded --  --cso /dev/null
key=encoded, no.=20, <stderr>:
LENGTH=3800
elapsed cycles: 3144966
hi(checksum)=0xEC0B782FC9A7B11D
lo(checksum)=0xB2572E627D12D240
key=encoded, no.=20, <checksum>:
0xEC0B782FC9A7B11DB2572E627D12D240
key=encoded, no.=20, cso file:
/dev/null
----------------------------------------------
real command=cset shield -e /home/nrink/Projects/build/encode/encode/tests/array_sum/array_sum.perf.encoded --  --cso /dev/null
key=encoded, no.=21, <stderr>:
LENGTH=3800
elapsed cycles: 3148743
hi(checksum)=0xEC0B782FC9A7B11D
lo(checksum)=0xB2572E627D12D240
key=encoded, no.=21, <checksum>:
0xEC0B782FC9A7B11DB2572E627D12D240
key=encoded, no.=21, cso file:
/dev/null
----------------------------------------------
real command=cset shield -e /home/nrink/Projects/build/encode/encode/tests/array_sum/array_sum.perf.encoded --  --cso /dev/null
key=encoded, no.=22, <stderr>:
LENGTH=3800
elapsed cycles: 3145461
hi(checksum)=0xEC0B782FC9A7B11D
lo(checksum)=0xB2572E627D12D240
key=encoded, no.=22, <checksum>:
0xEC0B782FC9A7B11DB2572E627D12D240
key=encoded, no.=22, cso file:
/dev/null
----------------------------------------------
real command=cset shield -e /home/nrink/Projects/build/encode/encode/tests/array_sum/array_sum.perf.encoded --  --cso /dev/null
key=encoded, no.=23, <stderr>:
LENGTH=3800
elapsed cycles: 3221745
hi(checksum)=0xEC0B782FC9A7B11D
lo(checksum)=0xB2572E627D12D240
key=encoded, no.=23, <checksum>:
0xEC0B782FC9A7B11DB2572E627D12D240
key=encoded, no.=23, cso file:
/dev/null
----------------------------------------------
real command=cset shield -e /home/nrink/Projects/build/encode/encode/tests/array_sum/array_sum.perf.encoded --  --cso /dev/null
key=encoded, no.=24, <stderr>:
LENGTH=3800
elapsed cycles: 3221814
hi(checksum)=0xEC0B782FC9A7B11D
lo(checksum)=0xB2572E627D12D240
key=encoded, no.=24, <checksum>:
0xEC0B782FC9A7B11DB2572E627D12D240
key=encoded, no.=24, cso file:
/dev/null
----------------------------------------------
real command=cset shield -e /home/nrink/Projects/build/encode/encode/tests/array_sum/array_sum.perf.encoded --  --cso /dev/null
key=encoded, no.=25, <stderr>:
LENGTH=3800
elapsed cycles: 3217794
hi(checksum)=0xEC0B782FC9A7B11D
lo(checksum)=0xB2572E627D12D240
key=encoded, no.=25, <checksum>:
0xEC0B782FC9A7B11DB2572E627D12D240
key=encoded, no.=25, cso file:
/dev/null
----------------------------------------------
real command=cset shield -e /home/nrink/Projects/build/encode/encode/tests/array_sum/array_sum.perf.encoded --  --cso /dev/null
key=encoded, no.=26, <stderr>:
LENGTH=3800
elapsed cycles: 3191433
hi(checksum)=0xEC0B782FC9A7B11D
lo(checksum)=0xB2572E627D12D240
key=encoded, no.=26, <checksum>:
0xEC0B782FC9A7B11DB2572E627D12D240
key=encoded, no.=26, cso file:
/dev/null
----------------------------------------------
real command=cset shield -e /home/nrink/Projects/build/encode/encode/tests/array_sum/array_sum.perf.encoded --  --cso /dev/null
key=encoded, no.=27, <stderr>:
LENGTH=3800
elapsed cycles: 3146751
hi(checksum)=0xEC0B782FC9A7B11D
lo(checksum)=0xB2572E627D12D240
key=encoded, no.=27, <checksum>:
0xEC0B782FC9A7B11DB2572E627D12D240
key=encoded, no.=27, cso file:
/dev/null
----------------------------------------------
real command=cset shield -e /home/nrink/Projects/build/encode/encode/tests/array_sum/array_sum.perf.encoded --  --cso /dev/null
key=encoded, no.=28, <stderr>:
LENGTH=3800
elapsed cycles: 3216498
hi(checksum)=0xEC0B782FC9A7B11D
lo(checksum)=0xB2572E627D12D240
key=encoded, no.=28, <checksum>:
0xEC0B782FC9A7B11DB2572E627D12D240
key=encoded, no.=28, cso file:
/dev/null
----------------------------------------------
real command=cset shield -e /home/nrink/Projects/build/encode/encode/tests/array_sum/array_sum.perf.encoded --  --cso /dev/null
key=encoded, no.=29, <stderr>:
LENGTH=3800
elapsed cycles: 3115881
hi(checksum)=0xEC0B782FC9A7B11D
lo(checksum)=0xB2572E627D12D240
key=encoded, no.=29, <checksum>:
0xEC0B782FC9A7B11DB2572E627D12D240
key=encoded, no.=29, cso file:
/dev/null
----------------------------------------------
real command=cset shield -e /home/nrink/Projects/build/encode/encode/tests/array_sum/array_sum.perf.encoded --  --cso /dev/null
key=encoded, no.=30, <stderr>:
LENGTH=3800
elapsed cycles: 3228606
hi(checksum)=0xEC0B782FC9A7B11D
lo(checksum)=0xB2572E627D12D240
key=encoded, no.=30, <checksum>:
0xEC0B782FC9A7B11DB2572E627D12D240
key=encoded, no.=30, cso file:
/dev/null
----------------------------------------------
real command=cset shield -e /home/nrink/Projects/build/encode/encode/tests/array_sum/array_sum.perf.encoded --  --cso /dev/null
key=encoded, no.=31, <stderr>:
LENGTH=3800
elapsed cycles: 3148113
hi(checksum)=0xEC0B782FC9A7B11D
lo(checksum)=0xB2572E627D12D240
key=encoded, no.=31, <checksum>:
0xEC0B782FC9A7B11DB2572E627D12D240
key=encoded, no.=31, cso file:
/dev/null
----------------------------------------------
real command=cset shield -e /home/nrink/Projects/build/encode/encode/tests/array_sum/array_sum.perf.encoded --  --cso /dev/null
key=encoded, no.=32, <stderr>:
LENGTH=3800
elapsed cycles: 3163659
hi(checksum)=0xEC0B782FC9A7B11D
lo(checksum)=0xB2572E627D12D240
key=encoded, no.=32, <checksum>:
0xEC0B782FC9A7B11DB2572E627D12D240
key=encoded, no.=32, cso file:
/dev/null
----------------------------------------------
real command=cset shield -e /home/nrink/Projects/build/encode/encode/tests/array_sum/array_sum.perf.encoded --  --cso /dev/null
key=encoded, no.=33, <stderr>:
LENGTH=3800
elapsed cycles: 3301086
hi(checksum)=0xEC0B782FC9A7B11D
lo(checksum)=0xB2572E627D12D240
key=encoded, no.=33, <checksum>:
0xEC0B782FC9A7B11DB2572E627D12D240
key=encoded, no.=33, cso file:
/dev/null
----------------------------------------------
real command=cset shield -e /home/nrink/Projects/build/encode/encode/tests/array_sum/array_sum.perf.encoded --  --cso /dev/null
key=encoded, no.=34, <stderr>:
LENGTH=3800
elapsed cycles: 3185016
hi(checksum)=0xEC0B782FC9A7B11D
lo(checksum)=0xB2572E627D12D240
key=encoded, no.=34, <checksum>:
0xEC0B782FC9A7B11DB2572E627D12D240
key=encoded, no.=34, cso file:
/dev/null
----------------------------------------------
real command=cset shield -e /home/nrink/Projects/build/encode/encode/tests/array_sum/array_sum.perf.encoded --  --cso /dev/null
key=encoded, no.=35, <stderr>:
LENGTH=3800
elapsed cycles: 3189555
hi(checksum)=0xEC0B782FC9A7B11D
lo(checksum)=0xB2572E627D12D240
key=encoded, no.=35, <checksum>:
0xEC0B782FC9A7B11DB2572E627D12D240
key=encoded, no.=35, cso file:
/dev/null
----------------------------------------------
real command=cset shield -e /home/nrink/Projects/build/encode/encode/tests/array_sum/array_sum.perf.encoded --  --cso /dev/null
key=encoded, no.=36, <stderr>:
LENGTH=3800
elapsed cycles: 3189798
hi(checksum)=0xEC0B782FC9A7B11D
lo(checksum)=0xB2572E627D12D240
key=encoded, no.=36, <checksum>:
0xEC0B782FC9A7B11DB2572E627D12D240
key=encoded, no.=36, cso file:
/dev/null
----------------------------------------------
real command=cset shield -e /home/nrink/Projects/build/encode/encode/tests/array_sum/array_sum.perf.encoded --  --cso /dev/null
key=encoded, no.=37, <stderr>:
LENGTH=3800
elapsed cycles: 3193401
hi(checksum)=0xEC0B782FC9A7B11D
lo(checksum)=0xB2572E627D12D240
key=encoded, no.=37, <checksum>:
0xEC0B782FC9A7B11DB2572E627D12D240
key=encoded, no.=37, cso file:
/dev/null
----------------------------------------------
real command=cset shield -e /home/nrink/Projects/build/encode/encode/tests/array_sum/array_sum.perf.encoded --  --cso /dev/null
key=encoded, no.=38, <stderr>:
LENGTH=3800
elapsed cycles: 3150414
hi(checksum)=0xEC0B782FC9A7B11D
lo(checksum)=0xB2572E627D12D240
key=encoded, no.=38, <checksum>:
0xEC0B782FC9A7B11DB2572E627D12D240
key=encoded, no.=38, cso file:
/dev/null
----------------------------------------------
real command=cset shield -e /home/nrink/Projects/build/encode/encode/tests/array_sum/array_sum.perf.encoded --  --cso /dev/null
key=encoded, no.=39, <stderr>:
LENGTH=3800
elapsed cycles: 3118272
hi(checksum)=0xEC0B782FC9A7B11D
lo(checksum)=0xB2572E627D12D240
key=encoded, no.=39, <checksum>:
0xEC0B782FC9A7B11DB2572E627D12D240
key=encoded, no.=39, cso file:
/dev/null
----------------------------------------------
real command=cset shield -e /home/nrink/Projects/build/encode/encode/tests/array_sum/array_sum.perf.encoded --  --cso /dev/null
key=encoded, no.=40, <stderr>:
LENGTH=3800
elapsed cycles: 3176865
hi(checksum)=0xEC0B782FC9A7B11D
lo(checksum)=0xB2572E627D12D240
key=encoded, no.=40, <checksum>:
0xEC0B782FC9A7B11DB2572E627D12D240
key=encoded, no.=40, cso file:
/dev/null
----------------------------------------------
real command=cset shield -e /home/nrink/Projects/build/encode/encode/tests/array_sum/array_sum.perf.encoded --  --cso /dev/null
key=encoded, no.=41, <stderr>:
LENGTH=3800
elapsed cycles: 3149040
hi(checksum)=0xEC0B782FC9A7B11D
lo(checksum)=0xB2572E627D12D240
key=encoded, no.=41, <checksum>:
0xEC0B782FC9A7B11DB2572E627D12D240
key=encoded, no.=41, cso file:
/dev/null
----------------------------------------------
real command=cset shield -e /home/nrink/Projects/build/encode/encode/tests/array_sum/array_sum.perf.encoded --  --cso /dev/null
key=encoded, no.=42, <stderr>:
LENGTH=3800
elapsed cycles: 3189648
hi(checksum)=0xEC0B782FC9A7B11D
lo(checksum)=0xB2572E627D12D240
key=encoded, no.=42, <checksum>:
0xEC0B782FC9A7B11DB2572E627D12D240
key=encoded, no.=42, cso file:
/dev/null
----------------------------------------------
real command=cset shield -e /home/nrink/Projects/build/encode/encode/tests/array_sum/array_sum.perf.encoded --  --cso /dev/null
key=encoded, no.=43, <stderr>:
LENGTH=3800
elapsed cycles: 3145461
hi(checksum)=0xEC0B782FC9A7B11D
lo(checksum)=0xB2572E627D12D240
key=encoded, no.=43, <checksum>:
0xEC0B782FC9A7B11DB2572E627D12D240
key=encoded, no.=43, cso file:
/dev/null
----------------------------------------------
real command=cset shield -e /home/nrink/Projects/build/encode/encode/tests/array_sum/array_sum.perf.encoded --  --cso /dev/null
key=encoded, no.=44, <stderr>:
LENGTH=3800
elapsed cycles: 3169662
hi(checksum)=0xEC0B782FC9A7B11D
lo(checksum)=0xB2572E627D12D240
key=encoded, no.=44, <checksum>:
0xEC0B782FC9A7B11DB2572E627D12D240
key=encoded, no.=44, cso file:
/dev/null
----------------------------------------------
real command=cset shield -e /home/nrink/Projects/build/encode/encode/tests/array_sum/array_sum.perf.encoded --  --cso /dev/null
key=encoded, no.=45, <stderr>:
LENGTH=3800
elapsed cycles: 3188016
hi(checksum)=0xEC0B782FC9A7B11D
lo(checksum)=0xB2572E627D12D240
key=encoded, no.=45, <checksum>:
0xEC0B782FC9A7B11DB2572E627D12D240
key=encoded, no.=45, cso file:
/dev/null
----------------------------------------------
real command=cset shield -e /home/nrink/Projects/build/encode/encode/tests/array_sum/array_sum.perf.encoded --  --cso /dev/null
key=encoded, no.=46, <stderr>:
LENGTH=3800
elapsed cycles: 3146472
hi(checksum)=0xEC0B782FC9A7B11D
lo(checksum)=0xB2572E627D12D240
key=encoded, no.=46, <checksum>:
0xEC0B782FC9A7B11DB2572E627D12D240
key=encoded, no.=46, cso file:
/dev/null
----------------------------------------------
real command=cset shield -e /home/nrink/Projects/build/encode/encode/tests/array_sum/array_sum.perf.encoded --  --cso /dev/null
key=encoded, no.=47, <stderr>:
LENGTH=3800
elapsed cycles: 3301917
hi(checksum)=0xEC0B782FC9A7B11D
lo(checksum)=0xB2572E627D12D240
key=encoded, no.=47, <checksum>:
0xEC0B782FC9A7B11DB2572E627D12D240
key=encoded, no.=47, cso file:
/dev/null
----------------------------------------------
real command=cset shield -e /home/nrink/Projects/build/encode/encode/tests/array_sum/array_sum.perf.encoded --  --cso /dev/null
key=encoded, no.=48, <stderr>:
LENGTH=3800
elapsed cycles: 3217221
hi(checksum)=0xEC0B782FC9A7B11D
lo(checksum)=0xB2572E627D12D240
key=encoded, no.=48, <checksum>:
0xEC0B782FC9A7B11DB2572E627D12D240
key=encoded, no.=48, cso file:
/dev/null
----------------------------------------------
real command=cset shield -e /home/nrink/Projects/build/encode/encode/tests/array_sum/array_sum.perf.encoded --  --cso /dev/null
key=encoded, no.=49, <stderr>:
LENGTH=3800
elapsed cycles: 3113421
hi(checksum)=0xEC0B782FC9A7B11D
lo(checksum)=0xB2572E627D12D240
key=encoded, no.=49, <checksum>:
0xEC0B782FC9A7B11DB2572E627D12D240
key=encoded, no.=49, cso file:
/dev/null
----------------------------------------------
real command=cset shield -e /home/nrink/Projects/build/encode/encode/tests/array_sum/array_sum.perf.encoded --  --cso /dev/null
key=encoded, no.=50, <stderr>:
LENGTH=3800
elapsed cycles: 3112722
hi(checksum)=0xEC0B782FC9A7B11D
lo(checksum)=0xB2572E627D12D240
key=encoded, no.=50, <checksum>:
0xEC0B782FC9A7B11DB2572E627D12D240
key=encoded, no.=50, cso file:
/dev/null
----------------------------------------------
real command=cset shield -e /home/nrink/Projects/build/encode/encode/tests/array_sum/array_sum.perf.encoded --  --cso /dev/null
key=encoded, no.=51, <stderr>:
LENGTH=3800
elapsed cycles: 3220488
hi(checksum)=0xEC0B782FC9A7B11D
lo(checksum)=0xB2572E627D12D240
key=encoded, no.=51, <checksum>:
0xEC0B782FC9A7B11DB2572E627D12D240
key=encoded, no.=51, cso file:
/dev/null
----------------------------------------------
real command=cset shield -e /home/nrink/Projects/build/encode/encode/tests/array_sum/array_sum.perf.encoded --  --cso /dev/null
key=encoded, no.=52, <stderr>:
LENGTH=3800
elapsed cycles: 3147663
hi(checksum)=0xEC0B782FC9A7B11D
lo(checksum)=0xB2572E627D12D240
key=encoded, no.=52, <checksum>:
0xEC0B782FC9A7B11DB2572E627D12D240
key=encoded, no.=52, cso file:
/dev/null
----------------------------------------------
real command=cset shield -e /home/nrink/Projects/build/encode/encode/tests/array_sum/array_sum.perf.encoded --  --cso /dev/null
key=encoded, no.=53, <stderr>:
LENGTH=3800
elapsed cycles: 3216765
hi(checksum)=0xEC0B782FC9A7B11D
lo(checksum)=0xB2572E627D12D240
key=encoded, no.=53, <checksum>:
0xEC0B782FC9A7B11DB2572E627D12D240
key=encoded, no.=53, cso file:
/dev/null
----------------------------------------------
real command=cset shield -e /home/nrink/Projects/build/encode/encode/tests/array_sum/array_sum.perf.encoded --  --cso /dev/null
key=encoded, no.=54, <stderr>:
LENGTH=3800
elapsed cycles: 3115020
hi(checksum)=0xEC0B782FC9A7B11D
lo(checksum)=0xB2572E627D12D240
key=encoded, no.=54, <checksum>:
0xEC0B782FC9A7B11DB2572E627D12D240
key=encoded, no.=54, cso file:
/dev/null
----------------------------------------------
real command=cset shield -e /home/nrink/Projects/build/encode/encode/tests/array_sum/array_sum.perf.encoded --  --cso /dev/null
key=encoded, no.=55, <stderr>:
LENGTH=3800
elapsed cycles: 3115020
hi(checksum)=0xEC0B782FC9A7B11D
lo(checksum)=0xB2572E627D12D240
key=encoded, no.=55, <checksum>:
0xEC0B782FC9A7B11DB2572E627D12D240
key=encoded, no.=55, cso file:
/dev/null
----------------------------------------------
real command=cset shield -e /home/nrink/Projects/build/encode/encode/tests/array_sum/array_sum.perf.encoded --  --cso /dev/null
key=encoded, no.=56, <stderr>:
LENGTH=3800
elapsed cycles: 3169578
hi(checksum)=0xEC0B782FC9A7B11D
lo(checksum)=0xB2572E627D12D240
key=encoded, no.=56, <checksum>:
0xEC0B782FC9A7B11DB2572E627D12D240
key=encoded, no.=56, cso file:
/dev/null
----------------------------------------------
real command=cset shield -e /home/nrink/Projects/build/encode/encode/tests/array_sum/array_sum.perf.encoded --  --cso /dev/null
key=encoded, no.=57, <stderr>:
LENGTH=3800
elapsed cycles: 3345303
hi(checksum)=0xEC0B782FC9A7B11D
lo(checksum)=0xB2572E627D12D240
key=encoded, no.=57, <checksum>:
0xEC0B782FC9A7B11DB2572E627D12D240
key=encoded, no.=57, cso file:
/dev/null
----------------------------------------------
real command=cset shield -e /home/nrink/Projects/build/encode/encode/tests/array_sum/array_sum.perf.encoded --  --cso /dev/null
key=encoded, no.=58, <stderr>:
LENGTH=3800
elapsed cycles: 3411834
hi(checksum)=0xEC0B782FC9A7B11D
lo(checksum)=0xB2572E627D12D240
key=encoded, no.=58, <checksum>:
0xEC0B782FC9A7B11DB2572E627D12D240
key=encoded, no.=58, cso file:
/dev/null
----------------------------------------------
real command=cset shield -e /home/nrink/Projects/build/encode/encode/tests/array_sum/array_sum.perf.encoded --  --cso /dev/null
key=encoded, no.=59, <stderr>:
LENGTH=3800
elapsed cycles: 3114141
hi(checksum)=0xEC0B782FC9A7B11D
lo(checksum)=0xB2572E627D12D240
key=encoded, no.=59, <checksum>:
0xEC0B782FC9A7B11DB2572E627D12D240
key=encoded, no.=59, cso file:
/dev/null
----------------------------------------------
real command=cset shield -e /home/nrink/Projects/build/encode/encode/tests/array_sum/array_sum.perf.encoded --  --cso /dev/null
key=encoded, no.=60, <stderr>:
LENGTH=3800
elapsed cycles: 3186507
hi(checksum)=0xEC0B782FC9A7B11D
lo(checksum)=0xB2572E627D12D240
key=encoded, no.=60, <checksum>:
0xEC0B782FC9A7B11DB2572E627D12D240
key=encoded, no.=60, cso file:
/dev/null
----------------------------------------------
real command=cset shield -e /home/nrink/Projects/build/encode/encode/tests/array_sum/array_sum.perf.encoded --  --cso /dev/null
key=encoded, no.=61, <stderr>:
LENGTH=3800
elapsed cycles: 3219354
hi(checksum)=0xEC0B782FC9A7B11D
lo(checksum)=0xB2572E627D12D240
key=encoded, no.=61, <checksum>:
0xEC0B782FC9A7B11DB2572E627D12D240
key=encoded, no.=61, cso file:
/dev/null
----------------------------------------------
real command=cset shield -e /home/nrink/Projects/build/encode/encode/tests/array_sum/array_sum.perf.encoded --  --cso /dev/null
key=encoded, no.=62, <stderr>:
LENGTH=3800
elapsed cycles: 3221631
hi(checksum)=0xEC0B782FC9A7B11D
lo(checksum)=0xB2572E627D12D240
key=encoded, no.=62, <checksum>:
0xEC0B782FC9A7B11DB2572E627D12D240
key=encoded, no.=62, cso file:
/dev/null
----------------------------------------------
real command=cset shield -e /home/nrink/Projects/build/encode/encode/tests/array_sum/array_sum.perf.encoded --  --cso /dev/null
key=encoded, no.=63, <stderr>:
LENGTH=3800
elapsed cycles: 3146076
hi(checksum)=0xEC0B782FC9A7B11D
lo(checksum)=0xB2572E627D12D240
key=encoded, no.=63, <checksum>:
0xEC0B782FC9A7B11DB2572E627D12D240
key=encoded, no.=63, cso file:
/dev/null
----------------------------------------------
real command=cset shield -e /home/nrink/Projects/build/encode/encode/tests/array_sum/array_sum.perf.encoded --  --cso /dev/null
key=encoded, no.=64, <stderr>:
LENGTH=3800
elapsed cycles: 3218952
hi(checksum)=0xEC0B782FC9A7B11D
lo(checksum)=0xB2572E627D12D240
key=encoded, no.=64, <checksum>:
0xEC0B782FC9A7B11DB2572E627D12D240
key=encoded, no.=64, cso file:
/dev/null
----------------------------------------------
real command=cset shield -e /home/nrink/Projects/build/encode/encode/tests/array_sum/array_sum.perf.encoded --  --cso /dev/null
key=encoded, no.=65, <stderr>:
LENGTH=3800
elapsed cycles: 3147801
hi(checksum)=0xEC0B782FC9A7B11D
lo(checksum)=0xB2572E627D12D240
key=encoded, no.=65, <checksum>:
0xEC0B782FC9A7B11DB2572E627D12D240
key=encoded, no.=65, cso file:
/dev/null
----------------------------------------------
real command=cset shield -e /home/nrink/Projects/build/encode/encode/tests/array_sum/array_sum.perf.encoded --  --cso /dev/null
key=encoded, no.=66, <stderr>:
LENGTH=3800
elapsed cycles: 3186978
hi(checksum)=0xEC0B782FC9A7B11D
lo(checksum)=0xB2572E627D12D240
key=encoded, no.=66, <checksum>:
0xEC0B782FC9A7B11DB2572E627D12D240
key=encoded, no.=66, cso file:
/dev/null
----------------------------------------------
real command=cset shield -e /home/nrink/Projects/build/encode/encode/tests/array_sum/array_sum.perf.encoded --  --cso /dev/null
key=encoded, no.=67, <stderr>:
LENGTH=3800
elapsed cycles: 3218016
hi(checksum)=0xEC0B782FC9A7B11D
lo(checksum)=0xB2572E627D12D240
key=encoded, no.=67, <checksum>:
0xEC0B782FC9A7B11DB2572E627D12D240
key=encoded, no.=67, cso file:
/dev/null
----------------------------------------------
real command=cset shield -e /home/nrink/Projects/build/encode/encode/tests/array_sum/array_sum.perf.encoded --  --cso /dev/null
key=encoded, no.=68, <stderr>:
LENGTH=3800
elapsed cycles: 3827424
hi(checksum)=0xEC0B782FC9A7B11D
lo(checksum)=0xB2572E627D12D240
key=encoded, no.=68, <checksum>:
0xEC0B782FC9A7B11DB2572E627D12D240
key=encoded, no.=68, cso file:
/dev/null
----------------------------------------------
real command=cset shield -e /home/nrink/Projects/build/encode/encode/tests/array_sum/array_sum.perf.encoded --  --cso /dev/null
key=encoded, no.=69, <stderr>:
LENGTH=3800
elapsed cycles: 3219726
hi(checksum)=0xEC0B782FC9A7B11D
lo(checksum)=0xB2572E627D12D240
key=encoded, no.=69, <checksum>:
0xEC0B782FC9A7B11DB2572E627D12D240
key=encoded, no.=69, cso file:
/dev/null
----------------------------------------------
real command=cset shield -e /home/nrink/Projects/build/encode/encode/tests/array_sum/array_sum.perf.encoded --  --cso /dev/null
key=encoded, no.=70, <stderr>:
LENGTH=3800
elapsed cycles: 3218589
hi(checksum)=0xEC0B782FC9A7B11D
lo(checksum)=0xB2572E627D12D240
key=encoded, no.=70, <checksum>:
0xEC0B782FC9A7B11DB2572E627D12D240
key=encoded, no.=70, cso file:
/dev/null
----------------------------------------------
real command=cset shield -e /home/nrink/Projects/build/encode/encode/tests/array_sum/array_sum.perf.encoded --  --cso /dev/null
key=encoded, no.=71, <stderr>:
LENGTH=3800
elapsed cycles: 3184773
hi(checksum)=0xEC0B782FC9A7B11D
lo(checksum)=0xB2572E627D12D240
key=encoded, no.=71, <checksum>:
0xEC0B782FC9A7B11DB2572E627D12D240
key=encoded, no.=71, cso file:
/dev/null
----------------------------------------------
real command=cset shield -e /home/nrink/Projects/build/encode/encode/tests/array_sum/array_sum.perf.encoded --  --cso /dev/null
key=encoded, no.=72, <stderr>:
LENGTH=3800
elapsed cycles: 3464868
hi(checksum)=0xEC0B782FC9A7B11D
lo(checksum)=0xB2572E627D12D240
key=encoded, no.=72, <checksum>:
0xEC0B782FC9A7B11DB2572E627D12D240
key=encoded, no.=72, cso file:
/dev/null
----------------------------------------------
real command=cset shield -e /home/nrink/Projects/build/encode/encode/tests/array_sum/array_sum.perf.encoded --  --cso /dev/null
key=encoded, no.=73, <stderr>:
LENGTH=3800
elapsed cycles: 5204148
hi(checksum)=0xEC0B782FC9A7B11D
lo(checksum)=0xB2572E627D12D240
key=encoded, no.=73, <checksum>:
0xEC0B782FC9A7B11DB2572E627D12D240
key=encoded, no.=73, cso file:
/dev/null
----------------------------------------------
real command=cset shield -e /home/nrink/Projects/build/encode/encode/tests/array_sum/array_sum.perf.encoded --  --cso /dev/null
key=encoded, no.=74, <stderr>:
LENGTH=3800
elapsed cycles: 3362859
hi(checksum)=0xEC0B782FC9A7B11D
lo(checksum)=0xB2572E627D12D240
key=encoded, no.=74, <checksum>:
0xEC0B782FC9A7B11DB2572E627D12D240
key=encoded, no.=74, cso file:
/dev/null
----------------------------------------------
real command=cset shield -e /home/nrink/Projects/build/encode/encode/tests/array_sum/array_sum.perf.encoded --  --cso /dev/null
key=encoded, no.=75, <stderr>:
LENGTH=3800
elapsed cycles: 3217080
hi(checksum)=0xEC0B782FC9A7B11D
lo(checksum)=0xB2572E627D12D240
key=encoded, no.=75, <checksum>:
0xEC0B782FC9A7B11DB2572E627D12D240
key=encoded, no.=75, cso file:
/dev/null
----------------------------------------------
real command=cset shield -e /home/nrink/Projects/build/encode/encode/tests/array_sum/array_sum.perf.encoded --  --cso /dev/null
key=encoded, no.=76, <stderr>:
LENGTH=3800
elapsed cycles: 3219771
hi(checksum)=0xEC0B782FC9A7B11D
lo(checksum)=0xB2572E627D12D240
key=encoded, no.=76, <checksum>:
0xEC0B782FC9A7B11DB2572E627D12D240
key=encoded, no.=76, cso file:
/dev/null
----------------------------------------------
real command=cset shield -e /home/nrink/Projects/build/encode/encode/tests/array_sum/array_sum.perf.encoded --  --cso /dev/null
key=encoded, no.=77, <stderr>:
LENGTH=3800
elapsed cycles: 3215559
hi(checksum)=0xEC0B782FC9A7B11D
lo(checksum)=0xB2572E627D12D240
key=encoded, no.=77, <checksum>:
0xEC0B782FC9A7B11DB2572E627D12D240
key=encoded, no.=77, cso file:
/dev/null
----------------------------------------------
real command=cset shield -e /home/nrink/Projects/build/encode/encode/tests/array_sum/array_sum.perf.encoded --  --cso /dev/null
key=encoded, no.=78, <stderr>:
LENGTH=3800
elapsed cycles: 3148821
hi(checksum)=0xEC0B782FC9A7B11D
lo(checksum)=0xB2572E627D12D240
key=encoded, no.=78, <checksum>:
0xEC0B782FC9A7B11DB2572E627D12D240
key=encoded, no.=78, cso file:
/dev/null
----------------------------------------------
real command=cset shield -e /home/nrink/Projects/build/encode/encode/tests/array_sum/array_sum.perf.encoded --  --cso /dev/null
key=encoded, no.=79, <stderr>:
LENGTH=3800
elapsed cycles: 3147222
hi(checksum)=0xEC0B782FC9A7B11D
lo(checksum)=0xB2572E627D12D240
key=encoded, no.=79, <checksum>:
0xEC0B782FC9A7B11DB2572E627D12D240
key=encoded, no.=79, cso file:
/dev/null
----------------------------------------------
real command=cset shield -e /home/nrink/Projects/build/encode/encode/tests/array_sum/array_sum.perf.encoded --  --cso /dev/null
key=encoded, no.=80, <stderr>:
LENGTH=3800
elapsed cycles: 3219099
hi(checksum)=0xEC0B782FC9A7B11D
lo(checksum)=0xB2572E627D12D240
key=encoded, no.=80, <checksum>:
0xEC0B782FC9A7B11DB2572E627D12D240
key=encoded, no.=80, cso file:
/dev/null
----------------------------------------------
real command=cset shield -e /home/nrink/Projects/build/encode/encode/tests/array_sum/array_sum.perf.encoded --  --cso /dev/null
key=encoded, no.=81, <stderr>:
LENGTH=3800
elapsed cycles: 3190014
hi(checksum)=0xEC0B782FC9A7B11D
lo(checksum)=0xB2572E627D12D240
key=encoded, no.=81, <checksum>:
0xEC0B782FC9A7B11DB2572E627D12D240
key=encoded, no.=81, cso file:
/dev/null
----------------------------------------------
real command=cset shield -e /home/nrink/Projects/build/encode/encode/tests/array_sum/array_sum.perf.encoded --  --cso /dev/null
key=encoded, no.=82, <stderr>:
LENGTH=3800
elapsed cycles: 4530900
hi(checksum)=0xEC0B782FC9A7B11D
lo(checksum)=0xB2572E627D12D240
key=encoded, no.=82, <checksum>:
0xEC0B782FC9A7B11DB2572E627D12D240
key=encoded, no.=82, cso file:
/dev/null
----------------------------------------------
real command=cset shield -e /home/nrink/Projects/build/encode/encode/tests/array_sum/array_sum.perf.encoded --  --cso /dev/null
key=encoded, no.=83, <stderr>:
LENGTH=3800
elapsed cycles: 3154518
hi(checksum)=0xEC0B782FC9A7B11D
lo(checksum)=0xB2572E627D12D240
key=encoded, no.=83, <checksum>:
0xEC0B782FC9A7B11DB2572E627D12D240
key=encoded, no.=83, cso file:
/dev/null
----------------------------------------------
real command=cset shield -e /home/nrink/Projects/build/encode/encode/tests/array_sum/array_sum.perf.encoded --  --cso /dev/null
key=encoded, no.=84, <stderr>:
LENGTH=3800
elapsed cycles: 3431550
hi(checksum)=0xEC0B782FC9A7B11D
lo(checksum)=0xB2572E627D12D240
key=encoded, no.=84, <checksum>:
0xEC0B782FC9A7B11DB2572E627D12D240
key=encoded, no.=84, cso file:
/dev/null
----------------------------------------------
real command=cset shield -e /home/nrink/Projects/build/encode/encode/tests/array_sum/array_sum.perf.encoded --  --cso /dev/null
key=encoded, no.=85, <stderr>:
LENGTH=3800
elapsed cycles: 3433725
hi(checksum)=0xEC0B782FC9A7B11D
lo(checksum)=0xB2572E627D12D240
key=encoded, no.=85, <checksum>:
0xEC0B782FC9A7B11DB2572E627D12D240
key=encoded, no.=85, cso file:
/dev/null
----------------------------------------------
real command=cset shield -e /home/nrink/Projects/build/encode/encode/tests/array_sum/array_sum.perf.encoded --  --cso /dev/null
key=encoded, no.=86, <stderr>:
LENGTH=3800
elapsed cycles: 3391755
hi(checksum)=0xEC0B782FC9A7B11D
lo(checksum)=0xB2572E627D12D240
key=encoded, no.=86, <checksum>:
0xEC0B782FC9A7B11DB2572E627D12D240
key=encoded, no.=86, cso file:
/dev/null
----------------------------------------------
real command=cset shield -e /home/nrink/Projects/build/encode/encode/tests/array_sum/array_sum.perf.encoded --  --cso /dev/null
key=encoded, no.=87, <stderr>:
LENGTH=3800
elapsed cycles: 3250821
hi(checksum)=0xEC0B782FC9A7B11D
lo(checksum)=0xB2572E627D12D240
key=encoded, no.=87, <checksum>:
0xEC0B782FC9A7B11DB2572E627D12D240
key=encoded, no.=87, cso file:
/dev/null
----------------------------------------------
real command=cset shield -e /home/nrink/Projects/build/encode/encode/tests/array_sum/array_sum.perf.encoded --  --cso /dev/null
key=encoded, no.=88, <stderr>:
LENGTH=3800
elapsed cycles: 3294156
hi(checksum)=0xEC0B782FC9A7B11D
lo(checksum)=0xB2572E627D12D240
key=encoded, no.=88, <checksum>:
0xEC0B782FC9A7B11DB2572E627D12D240
key=encoded, no.=88, cso file:
/dev/null
----------------------------------------------
real command=cset shield -e /home/nrink/Projects/build/encode/encode/tests/array_sum/array_sum.perf.encoded --  --cso /dev/null
key=encoded, no.=89, <stderr>:
LENGTH=3800
elapsed cycles: 3288954
hi(checksum)=0xEC0B782FC9A7B11D
lo(checksum)=0xB2572E627D12D240
key=encoded, no.=89, <checksum>:
0xEC0B782FC9A7B11DB2572E627D12D240
key=encoded, no.=89, cso file:
/dev/null
----------------------------------------------
real command=cset shield -e /home/nrink/Projects/build/encode/encode/tests/array_sum/array_sum.perf.encoded --  --cso /dev/null
key=encoded, no.=90, <stderr>:
LENGTH=3800
elapsed cycles: 3216744
hi(checksum)=0xEC0B782FC9A7B11D
lo(checksum)=0xB2572E627D12D240
key=encoded, no.=90, <checksum>:
0xEC0B782FC9A7B11DB2572E627D12D240
key=encoded, no.=90, cso file:
/dev/null
----------------------------------------------
real command=cset shield -e /home/nrink/Projects/build/encode/encode/tests/array_sum/array_sum.perf.encoded --  --cso /dev/null
key=encoded, no.=91, <stderr>:
LENGTH=3800
elapsed cycles: 3255852
hi(checksum)=0xEC0B782FC9A7B11D
lo(checksum)=0xB2572E627D12D240
key=encoded, no.=91, <checksum>:
0xEC0B782FC9A7B11DB2572E627D12D240
key=encoded, no.=91, cso file:
/dev/null
----------------------------------------------
real command=cset shield -e /home/nrink/Projects/build/encode/encode/tests/array_sum/array_sum.perf.encoded --  --cso /dev/null
key=encoded, no.=92, <stderr>:
LENGTH=3800
elapsed cycles: 3343806
hi(checksum)=0xEC0B782FC9A7B11D
lo(checksum)=0xB2572E627D12D240
key=encoded, no.=92, <checksum>:
0xEC0B782FC9A7B11DB2572E627D12D240
key=encoded, no.=92, cso file:
/dev/null
----------------------------------------------
real command=cset shield -e /home/nrink/Projects/build/encode/encode/tests/array_sum/array_sum.perf.encoded --  --cso /dev/null
key=encoded, no.=93, <stderr>:
LENGTH=3800
elapsed cycles: 3246651
hi(checksum)=0xEC0B782FC9A7B11D
lo(checksum)=0xB2572E627D12D240
key=encoded, no.=93, <checksum>:
0xEC0B782FC9A7B11DB2572E627D12D240
key=encoded, no.=93, cso file:
/dev/null
----------------------------------------------
real command=cset shield -e /home/nrink/Projects/build/encode/encode/tests/array_sum/array_sum.perf.encoded --  --cso /dev/null
key=encoded, no.=94, <stderr>:
LENGTH=3800
elapsed cycles: 3247350
hi(checksum)=0xEC0B782FC9A7B11D
lo(checksum)=0xB2572E627D12D240
key=encoded, no.=94, <checksum>:
0xEC0B782FC9A7B11DB2572E627D12D240
key=encoded, no.=94, cso file:
/dev/null
----------------------------------------------
real command=cset shield -e /home/nrink/Projects/build/encode/encode/tests/array_sum/array_sum.perf.encoded --  --cso /dev/null
key=encoded, no.=95, <stderr>:
LENGTH=3800
elapsed cycles: 3220677
hi(checksum)=0xEC0B782FC9A7B11D
lo(checksum)=0xB2572E627D12D240
key=encoded, no.=95, <checksum>:
0xEC0B782FC9A7B11DB2572E627D12D240
key=encoded, no.=95, cso file:
/dev/null
----------------------------------------------
real command=cset shield -e /home/nrink/Projects/build/encode/encode/tests/array_sum/array_sum.perf.encoded --  --cso /dev/null
key=encoded, no.=96, <stderr>:
LENGTH=3800
elapsed cycles: 3239286
hi(checksum)=0xEC0B782FC9A7B11D
lo(checksum)=0xB2572E627D12D240
key=encoded, no.=96, <checksum>:
0xEC0B782FC9A7B11DB2572E627D12D240
key=encoded, no.=96, cso file:
/dev/null
----------------------------------------------
real command=cset shield -e /home/nrink/Projects/build/encode/encode/tests/array_sum/array_sum.perf.encoded --  --cso /dev/null
key=encoded, no.=97, <stderr>:
LENGTH=3800
elapsed cycles: 3252192
hi(checksum)=0xEC0B782FC9A7B11D
lo(checksum)=0xB2572E627D12D240
key=encoded, no.=97, <checksum>:
0xEC0B782FC9A7B11DB2572E627D12D240
key=encoded, no.=97, cso file:
/dev/null
----------------------------------------------
real command=cset shield -e /home/nrink/Projects/build/encode/encode/tests/array_sum/array_sum.perf.encoded --  --cso /dev/null
key=encoded, no.=98, <stderr>:
LENGTH=3800
elapsed cycles: 3214734
hi(checksum)=0xEC0B782FC9A7B11D
lo(checksum)=0xB2572E627D12D240
key=encoded, no.=98, <checksum>:
0xEC0B782FC9A7B11DB2572E627D12D240
key=encoded, no.=98, cso file:
/dev/null
----------------------------------------------
real command=cset shield -e /home/nrink/Projects/build/encode/encode/tests/array_sum/array_sum.perf.encoded --  --cso /dev/null
key=encoded, no.=99, <stderr>:
LENGTH=3800
elapsed cycles: 3312552
hi(checksum)=0xEC0B782FC9A7B11D
lo(checksum)=0xB2572E627D12D240
key=encoded, no.=99, <checksum>:
0xEC0B782FC9A7B11DB2572E627D12D240
key=encoded, no.=99, cso file:
/dev/null
----------------------------------------------
