<stderr> from running /home/nrink/Projects/pin-2.14-71313-gcc.4.4.7-linux/pin.sh -t /home/nrink/Projects/bfi/obj-intel64/bfi.so -trigger 165002 -cmd WREG -seed 1 -mask 107 -- /home/nrink/Projects/build/encode/encode/tests/quicksort/quicksort.cover.encoded --cso ./2015-05-05_17:36:16/quicksort/cover/cs/encoded.43.cso --csl ./2015-05-05_17:36:16/quicksort/cover/cs/encoded.43.csl:
[.:    0, IP = 0x400fdb, i = 165002, wa = 0, ra = 0, rr = 0, wr = 0, it = 0, t = 0]
	at ip 0x400fde, rax = 0x24, rax' = 0x4f
elapsed cycles: 322928349
hi(checksum)=0x0000000000000000
lo(checksum)=0x00007CDCAD7791BB
**********************
INSTR   = 175911
WADDR   = 0
RADDR   = 0
RREG    = 0
WREG    = 0
ITER    = 0
TRIGGER = 165002
TTYPE   = IN
COMMAND = WREG
SEL     = -1
SEED    = 1
MASK    = 0x6b
THREAD  = 0
ELAPSED = 1.79s
----------------------------------------------------------------
