<stderr> from running /home/nrink/Projects/pin-2.14-71313-gcc.4.4.7-linux/pin.sh -t /home/nrink/Projects/bfi/obj-intel64/bfi.so -trigger 164000 -cmd WADDR -seed 1 -mask 119 -- /home/nrink/Projects/build/encode/encode/tests/quicksort/quicksort.cover.plain --cso ./2015-05-05_17:36:16/quicksort/cover/cs/plain.52.cso --csl ./2015-05-05_17:36:16/quicksort/cover/cs/plain.52.csl:
[.:    0, IP = 0x400b15, i = 164002, wa = 0, ra = 0, rr = 0, wr = 0, it = 0, t = 0]
	access = write, size = 8, addr = 0x6020d8, addr' = 0x6020af, op = 0
**********************
INSTR   = 164911
WADDR   = 0
RADDR   = 0
RREG    = 0
WREG    = 0
ITER    = 0
TRIGGER = 164000
TTYPE   = IN
COMMAND = WADDR
SEL     = -1
SEED    = 1
MASK    = 0x77
THREAD  = 0
ELAPSED = 0.92s
Segmentation fault (core dumped)
----------------------------------------------------------------
