<stderr> from running /home/nrink/Projects/pin-2.14-71313-gcc.4.4.7-linux/pin.sh -t /home/nrink/Projects/bfi/obj-intel64/bfi.so -trigger 163591 -cmd RADDR -seed 1 -mask 211 -- /home/nrink/Projects/build/encode/encode/tests/ptrarith/ptrarith.cover.plain --cso ./2015-05-05_16:02:12/ptrarith/cover/cs/plain.68.cso --csl ./2015-05-05_16:02:12/ptrarith/cover/cs/plain.68.csl:
[.:    0, IP = 0x400aa8, i = 163592, wa = 0, ra = 0, rr = 0, wr = 0, it = 0, t = 0]
	access = read, size = 8, addr = 0x603158, addr' = 0x60318b, op = 0
elapsed cycles: 115103607
hi(checksum)=0x80E5D41F4F0FC365
lo(checksum)=0x40310D567AE4B289
**********************
INSTR   = 177526
WADDR   = 0
RADDR   = 0
RREG    = 0
WREG    = 0
ITER    = 0
TRIGGER = 163591
TTYPE   = IN
COMMAND = RADDR
SEL     = -1
SEED    = 1
MASK    = 0xd3
THREAD  = 0
ELAPSED = 12.64s
----------------------------------------------------------------
