<stderr> from running /home/nrink/Projects/pin-2.14-71313-gcc.4.4.7-linux/pin.sh -t /home/nrink/Projects/bfi/obj-intel64/bfi.so -trigger 168569 -cmd TXT -seed 1 -mask 84 -- /home/nrink/Projects/build/encode/encode/tests/ptrarith/ptrarith.cover.encoded --cso ./2015-05-05_16:02:12/ptrarith/cover/cs/encoded.13.cso --csl ./2015-05-05_16:02:12/ptrarith/cover/cs/encoded.13.csl:
[.:    0, IP = 0x400d41, i = 168569, wa = 0, ra = 0, rr = 0, wr = 0, it = 0, t = 0]
	ip' = 0x400d44, size = 3, mask = 84, idx = 0, byte = 73, byte' = 29
elapsed cycles: 1788257055
hi(checksum)=0xBF1694865CA48119
lo(checksum)=0x17F6DE790EDB52F0
**********************
INSTR   = 182976
WADDR   = 0
RADDR   = 0
RREG    = 0
WREG    = 0
ITER    = 0
TRIGGER = 168569
TTYPE   = IN
COMMAND = TXT
SEL     = -1
SEED    = 1
MASK    = 0x54
THREAD  = 0
ELAPSED = 13.25s
----------------------------------------------------------------
