<stderr> from running /home/nrink/Projects/pin-2.14-71313-gcc.4.4.7-linux/pin.sh -t /home/nrink/Projects/bfi/obj-intel64/bfi.so -trigger 163632 -cmd TXT -seed 1 -mask 169 -- /home/nrink/Projects/build/encode/encode/tests/ptrarith/ptrarith.cover.encoded --cso ./2015-05-05_16:02:12/ptrarith/cover/cs/encoded.43.cso --csl ./2015-05-05_16:02:12/ptrarith/cover/cs/encoded.43.csl:
[.:    0, IP = 0x400a35, i = 163632, wa = 0, ra = 0, rr = 0, wr = 0, it = 0, t = 0]
	ip' = 0x400a39, size = 4, mask = 169, idx = 1, byte = 141, byte' = 36
elapsed cycles: 1594210950
hi(checksum)=0xBF1694865CA48119
lo(checksum)=0x17F6DE790EDB52F0
**********************
INSTR   = 182976
WADDR   = 0
RADDR   = 0
RREG    = 0
WREG    = 0
ITER    = 0
TRIGGER = 163632
TTYPE   = IN
COMMAND = TXT
SEL     = -1
SEED    = 1
MASK    = 0xa9
THREAD  = 0
ELAPSED = 11.65s
----------------------------------------------------------------
