<stderr> from running /home/nrink/Projects/pin-2.14-71313-gcc.4.4.7-linux/pin.sh -t /home/nrink/Projects/bfi/obj-intel64/bfi.so -trigger 163592 -cmd WREG -seed 1 -mask 111 -- /home/nrink/Projects/build/encode/encode/tests/ptrarith/ptrarith.cover.plain --cso ./2015-05-05_16:02:12/ptrarith/cover/cs/plain.10.cso --csl ./2015-05-05_16:02:12/ptrarith/cover/cs/plain.10.csl:
[.:    0, IP = 0x400aa8, i = 163592, wa = 0, ra = 0, rr = 0, wr = 0, it = 0, t = 0]
	at ip 0x400aab, rsi = 0x7, rsi' = 0x68
elapsed cycles: 260498064
hi(checksum)=0x1977129362A2CD47
lo(checksum)=0x9D9BC4C5ECA293F1
**********************
INSTR   = 177526
WADDR   = 0
RADDR   = 0
RREG    = 0
WREG    = 0
ITER    = 0
TRIGGER = 163592
TTYPE   = IN
COMMAND = WREG
SEL     = -1
SEED    = 1
MASK    = 0x6f
THREAD  = 0
ELAPSED = 12.14s
----------------------------------------------------------------
