<stderr> from running /home/nrink/Projects/pin-2.14-71313-gcc.4.4.7-linux/pin.sh -t /home/nrink/Projects/bfi/obj-intel64/bfi.so -trigger 168413 -cmd RREG -seed 1 -mask 33 -- /home/nrink/Projects/build/encode/encode/tests/ptrarith/ptrarith.cover.encoded --cso ./2015-05-05_16:02:12/ptrarith/cover/cs/encoded.33.cso --csl ./2015-05-05_16:02:12/ptrarith/cover/cs/encoded.33.csl:
[.:    0, IP = 0x400d56, i = 168413, wa = 0, ra = 0, rr = 0, wr = 0, it = 0, t = 0]
	at ip 0x400d56, rip = 0x400d56, rip' = 0x400d77
**********************
INSTR   = 168416
WADDR   = 0
RADDR   = 0
RREG    = 0
WREG    = 0
ITER    = 0
TRIGGER = 168413
TTYPE   = IN
COMMAND = RREG
SEL     = -1
SEED    = 1
MASK    = 0x21
THREAD  = 0
ELAPSED = 6.71s
Segmentation fault (core dumped)
----------------------------------------------------------------
