<stderr> from running /home/nrink/Projects/pin-2.14-71313-gcc.4.4.7-linux/pin.sh -t /home/nrink/Projects/bfi/obj-intel64/bfi.so -trigger 164858 -cmd TXT -seed 1 -mask 72 -- /home/nrink/Projects/build/encode/encode/tests/ptrarith/ptrarith.cover.encoded --cso ./2015-05-05_14:35:44/ptrarith/cover/cs/encoded.95.cso --csl ./2015-05-05_14:35:44/ptrarith/cover/cs/encoded.95.csl:
[.:    0, IP = 0x400bc1, i = 164858, wa = 0, ra = 0, rr = 0, wr = 0, it = 0, t = 0]
	ip' = 0x400bc5, size = 4, mask = 72, idx = 1, byte = 141, byte' = 197
elapsed cycles: 1941662874
hi(checksum)=0xBF1694865CA48119
lo(checksum)=0x17F6DE790EDB52F0
**********************
INSTR   = 182976
WADDR   = 0
RADDR   = 0
RREG    = 0
WREG    = 0
ITER    = 0
TRIGGER = 164858
TTYPE   = IN
COMMAND = TXT
SEL     = -1
SEED    = 1
MASK    = 0x48
THREAD  = 0
ELAPSED = 12.63s
----------------------------------------------------------------
