<stderr> from running /home/nrink/Projects/pin-2.14-71313-gcc.4.4.7-linux/pin.sh -t /home/nrink/Projects/bfi/obj-intel64/bfi.so -trigger 163571 -cmd WREG -seed 1 -mask 99 -- /home/nrink/Projects/build/encode/encode/tests/ptrarith/ptrarith.cover.plain --cso ./2015-05-05_14:35:44/ptrarith/cover/cs/plain.83.cso --csl ./2015-05-05_14:35:44/ptrarith/cover/cs/plain.83.csl:
[.:    0, IP = 0x400ab2, i = 163571, wa = 0, ra = 0, rr = 0, wr = 0, it = 0, t = 0]
	at ip 0x400ab6, rcx = 0x603028, rcx' = 0x60304b
elapsed cycles: 380981673
hi(checksum)=0xEC38B51FE4ADE29E
lo(checksum)=0x7F9087B8659F0269
**********************
INSTR   = 177526
WADDR   = 0
RADDR   = 0
RREG    = 0
WREG    = 0
ITER    = 0
TRIGGER = 163571
TTYPE   = IN
COMMAND = WREG
SEL     = -1
SEED    = 1
MASK    = 0x63
THREAD  = 0
ELAPSED = 18.87s
----------------------------------------------------------------
