<stderr> from running /home/nrink/Projects/pin-2.14-71313-gcc.4.4.7-linux/pin.sh -t /home/nrink/Projects/bfi/obj-intel64/bfi.so -trigger 163609 -cmd WADDR -seed 1 -mask 7 -- /home/nrink/Projects/build/encode/encode/tests/ptrarith/ptrarith.cover.plain --cso ./2015-05-05_14:35:44/ptrarith/cover/cs/plain.91.cso --csl ./2015-05-05_14:35:44/ptrarith/cover/cs/plain.91.csl:
[.:    0, IP = 0x400aab, i = 163609, wa = 0, ra = 0, rr = 0, wr = 0, it = 0, t = 0]
	access = write, size = 8, addr = 0x603068, addr' = 0x60306f, op = 0
elapsed cycles: 231021855
hi(checksum)=0xC7211D7C81E91ABA
lo(checksum)=0xA8615E034605A955
**********************
INSTR   = 177526
WADDR   = 0
RADDR   = 0
RREG    = 0
WREG    = 0
ITER    = 0
TRIGGER = 163609
TTYPE   = IN
COMMAND = WADDR
SEL     = -1
SEED    = 1
MASK    = 0x7
THREAD  = 0
ELAPSED = 15.59s
----------------------------------------------------------------
