<stderr> from running /home/nrink/Projects/pin-2.14-71313-gcc.4.4.7-linux/pin.sh -t /home/nrink/Projects/bfi/obj-intel64/bfi.so -trigger 163999 -cmd RVAL -seed 1 -mask 99 -- /home/nrink/Projects/build/encode/encode/tests/quicksort/quicksort.cover.plain --cso ./2015-05-05_16:02:12/quicksort/cover/cs/plain.42.cso --csl ./2015-05-05_16:02:12/quicksort/cover/cs/plain.42.csl:
[.:    0, IP = 0x400b10, i = 164001, wa = 0, ra = 0, rr = 0, wr = 0, it = 0, t = 0]
	access = read, size = 8, value = 3, value' = 96, addr = 0x6020d8, op = 0
elapsed cycles: 173073708
hi(checksum)=0x0000000000000000
lo(checksum)=0x00007D12711AE9FC
**********************
INSTR   = 174410
WADDR   = 0
RADDR   = 0
RREG    = 0
WREG    = 0
ITER    = 0
TRIGGER = 163999
TTYPE   = IN
COMMAND = RVAL
SEL     = -1
SEED    = 1
MASK    = 0x63
THREAD  = 0
ELAPSED = 4.83s
----------------------------------------------------------------
