<stderr> from running /home/nrink/Projects/pin-2.14-71313-gcc.4.4.7-linux/pin.sh -t /home/nrink/Projects/bfi/obj-intel64/bfi.so -trigger 163998 -cmd RREG -seed 1 -mask 18 -- /home/nrink/Projects/build/encode/encode/tests/quicksort/quicksort.cover.plain --cso ./2015-05-05_16:02:12/quicksort/cover/cs/plain.93.cso --csl ./2015-05-05_16:02:12/quicksort/cover/cs/plain.93.csl:
[.:    0, IP = 0x400ab8, i = 163998, wa = 0, ra = 0, rr = 0, wr = 0, it = 0, t = 0]
	at ip 0x400ab8, rip = 0x400ab8, rip' = 0x400aaa
**********************
INSTR   = 163999
WADDR   = 0
RADDR   = 0
RREG    = 0
WREG    = 0
ITER    = 0
TRIGGER = 163998
TTYPE   = IN
COMMAND = RREG
SEL     = -1
SEED    = 1
MASK    = 0x12
THREAD  = 0
ELAPSED = 5.57s
Segmentation fault (core dumped)
----------------------------------------------------------------
