key=plain, runs=100 ...
command=/home/nrink/Projects/build/encode/encode/tests/ptrarith/ptrarith.perf.plain
----------------------------------------------
real command=cset shield -e /home/nrink/Projects/build/encode/encode/tests/ptrarith/ptrarith.perf.plain --  --cso /dev/null
key=plain, no.=0, <stderr>:
LENGTH=3000
elapsed cycles: 391593
hi(checksum)=0xE15ED1618EC2C24B
lo(checksum)=0x62C6B70F43543490
key=plain, no.=0, <checksum>:
0xE15ED1618EC2C24B62C6B70F43543490
key=plain, no.=0, cso file:
/dev/null
----------------------------------------------
real command=cset shield -e /home/nrink/Projects/build/encode/encode/tests/ptrarith/ptrarith.perf.plain --  --cso /dev/null
key=plain, no.=1, <stderr>:
LENGTH=3000
elapsed cycles: 427731
hi(checksum)=0xE15ED1618EC2C24B
lo(checksum)=0x62C6B70F43543490
key=plain, no.=1, <checksum>:
0xE15ED1618EC2C24B62C6B70F43543490
key=plain, no.=1, cso file:
/dev/null
----------------------------------------------
real command=cset shield -e /home/nrink/Projects/build/encode/encode/tests/ptrarith/ptrarith.perf.plain --  --cso /dev/null
key=plain, no.=2, <stderr>:
LENGTH=3000
elapsed cycles: 391923
hi(checksum)=0xE15ED1618EC2C24B
lo(checksum)=0x62C6B70F43543490
key=plain, no.=2, <checksum>:
0xE15ED1618EC2C24B62C6B70F43543490
key=plain, no.=2, cso file:
/dev/null
----------------------------------------------
real command=cset shield -e /home/nrink/Projects/build/encode/encode/tests/ptrarith/ptrarith.perf.plain --  --cso /dev/null
key=plain, no.=3, <stderr>:
LENGTH=3000
elapsed cycles: 392421
hi(checksum)=0xE15ED1618EC2C24B
lo(checksum)=0x62C6B70F43543490
key=plain, no.=3, <checksum>:
0xE15ED1618EC2C24B62C6B70F43543490
key=plain, no.=3, cso file:
/dev/null
----------------------------------------------
real command=cset shield -e /home/nrink/Projects/build/encode/encode/tests/ptrarith/ptrarith.perf.plain --  --cso /dev/null
key=plain, no.=4, <stderr>:
LENGTH=3000
elapsed cycles: 390936
hi(checksum)=0xE15ED1618EC2C24B
lo(checksum)=0x62C6B70F43543490
key=plain, no.=4, <checksum>:
0xE15ED1618EC2C24B62C6B70F43543490
key=plain, no.=4, cso file:
/dev/null
----------------------------------------------
real command=cset shield -e /home/nrink/Projects/build/encode/encode/tests/ptrarith/ptrarith.perf.plain --  --cso /dev/null
key=plain, no.=5, <stderr>:
LENGTH=3000
elapsed cycles: 391761
hi(checksum)=0xE15ED1618EC2C24B
lo(checksum)=0x62C6B70F43543490
key=plain, no.=5, <checksum>:
0xE15ED1618EC2C24B62C6B70F43543490
key=plain, no.=5, cso file:
/dev/null
----------------------------------------------
real command=cset shield -e /home/nrink/Projects/build/encode/encode/tests/ptrarith/ptrarith.perf.plain --  --cso /dev/null
key=plain, no.=6, <stderr>:
LENGTH=3000
elapsed cycles: 392175
hi(checksum)=0xE15ED1618EC2C24B
lo(checksum)=0x62C6B70F43543490
key=plain, no.=6, <checksum>:
0xE15ED1618EC2C24B62C6B70F43543490
key=plain, no.=6, cso file:
/dev/null
----------------------------------------------
real command=cset shield -e /home/nrink/Projects/build/encode/encode/tests/ptrarith/ptrarith.perf.plain --  --cso /dev/null
key=plain, no.=7, <stderr>:
LENGTH=3000
elapsed cycles: 392052
hi(checksum)=0xE15ED1618EC2C24B
lo(checksum)=0x62C6B70F43543490
key=plain, no.=7, <checksum>:
0xE15ED1618EC2C24B62C6B70F43543490
key=plain, no.=7, cso file:
/dev/null
----------------------------------------------
real command=cset shield -e /home/nrink/Projects/build/encode/encode/tests/ptrarith/ptrarith.perf.plain --  --cso /dev/null
key=plain, no.=8, <stderr>:
LENGTH=3000
elapsed cycles: 392259
hi(checksum)=0xE15ED1618EC2C24B
lo(checksum)=0x62C6B70F43543490
key=plain, no.=8, <checksum>:
0xE15ED1618EC2C24B62C6B70F43543490
key=plain, no.=8, cso file:
/dev/null
----------------------------------------------
real command=cset shield -e /home/nrink/Projects/build/encode/encode/tests/ptrarith/ptrarith.perf.plain --  --cso /dev/null
key=plain, no.=9, <stderr>:
LENGTH=3000
elapsed cycles: 391572
hi(checksum)=0xE15ED1618EC2C24B
lo(checksum)=0x62C6B70F43543490
key=plain, no.=9, <checksum>:
0xE15ED1618EC2C24B62C6B70F43543490
key=plain, no.=9, cso file:
/dev/null
----------------------------------------------
real command=cset shield -e /home/nrink/Projects/build/encode/encode/tests/ptrarith/ptrarith.perf.plain --  --cso /dev/null
key=plain, no.=10, <stderr>:
LENGTH=3000
elapsed cycles: 392586
hi(checksum)=0xE15ED1618EC2C24B
lo(checksum)=0x62C6B70F43543490
key=plain, no.=10, <checksum>:
0xE15ED1618EC2C24B62C6B70F43543490
key=plain, no.=10, cso file:
/dev/null
----------------------------------------------
real command=cset shield -e /home/nrink/Projects/build/encode/encode/tests/ptrarith/ptrarith.perf.plain --  --cso /dev/null
key=plain, no.=11, <stderr>:
LENGTH=3000
elapsed cycles: 392544
hi(checksum)=0xE15ED1618EC2C24B
lo(checksum)=0x62C6B70F43543490
key=plain, no.=11, <checksum>:
0xE15ED1618EC2C24B62C6B70F43543490
key=plain, no.=11, cso file:
/dev/null
----------------------------------------------
real command=cset shield -e /home/nrink/Projects/build/encode/encode/tests/ptrarith/ptrarith.perf.plain --  --cso /dev/null
key=plain, no.=12, <stderr>:
LENGTH=3000
elapsed cycles: 428139
hi(checksum)=0xE15ED1618EC2C24B
lo(checksum)=0x62C6B70F43543490
key=plain, no.=12, <checksum>:
0xE15ED1618EC2C24B62C6B70F43543490
key=plain, no.=12, cso file:
/dev/null
----------------------------------------------
real command=cset shield -e /home/nrink/Projects/build/encode/encode/tests/ptrarith/ptrarith.perf.plain --  --cso /dev/null
key=plain, no.=13, <stderr>:
LENGTH=3000
elapsed cycles: 392280
hi(checksum)=0xE15ED1618EC2C24B
lo(checksum)=0x62C6B70F43543490
key=plain, no.=13, <checksum>:
0xE15ED1618EC2C24B62C6B70F43543490
key=plain, no.=13, cso file:
/dev/null
----------------------------------------------
real command=cset shield -e /home/nrink/Projects/build/encode/encode/tests/ptrarith/ptrarith.perf.plain --  --cso /dev/null
key=plain, no.=14, <stderr>:
LENGTH=3000
elapsed cycles: 391665
hi(checksum)=0xE15ED1618EC2C24B
lo(checksum)=0x62C6B70F43543490
key=plain, no.=14, <checksum>:
0xE15ED1618EC2C24B62C6B70F43543490
key=plain, no.=14, cso file:
/dev/null
----------------------------------------------
real command=cset shield -e /home/nrink/Projects/build/encode/encode/tests/ptrarith/ptrarith.perf.plain --  --cso /dev/null
key=plain, no.=15, <stderr>:
LENGTH=3000
elapsed cycles: 391797
hi(checksum)=0xE15ED1618EC2C24B
lo(checksum)=0x62C6B70F43543490
key=plain, no.=15, <checksum>:
0xE15ED1618EC2C24B62C6B70F43543490
key=plain, no.=15, cso file:
/dev/null
----------------------------------------------
real command=cset shield -e /home/nrink/Projects/build/encode/encode/tests/ptrarith/ptrarith.perf.plain --  --cso /dev/null
key=plain, no.=16, <stderr>:
LENGTH=3000
elapsed cycles: 391428
hi(checksum)=0xE15ED1618EC2C24B
lo(checksum)=0x62C6B70F43543490
key=plain, no.=16, <checksum>:
0xE15ED1618EC2C24B62C6B70F43543490
key=plain, no.=16, cso file:
/dev/null
----------------------------------------------
real command=cset shield -e /home/nrink/Projects/build/encode/encode/tests/ptrarith/ptrarith.perf.plain --  --cso /dev/null
key=plain, no.=17, <stderr>:
LENGTH=3000
elapsed cycles: 390996
hi(checksum)=0xE15ED1618EC2C24B
lo(checksum)=0x62C6B70F43543490
key=plain, no.=17, <checksum>:
0xE15ED1618EC2C24B62C6B70F43543490
key=plain, no.=17, cso file:
/dev/null
----------------------------------------------
real command=cset shield -e /home/nrink/Projects/build/encode/encode/tests/ptrarith/ptrarith.perf.plain --  --cso /dev/null
key=plain, no.=18, <stderr>:
LENGTH=3000
elapsed cycles: 392340
hi(checksum)=0xE15ED1618EC2C24B
lo(checksum)=0x62C6B70F43543490
key=plain, no.=18, <checksum>:
0xE15ED1618EC2C24B62C6B70F43543490
key=plain, no.=18, cso file:
/dev/null
----------------------------------------------
real command=cset shield -e /home/nrink/Projects/build/encode/encode/tests/ptrarith/ptrarith.perf.plain --  --cso /dev/null
key=plain, no.=19, <stderr>:
LENGTH=3000
elapsed cycles: 425043
hi(checksum)=0xE15ED1618EC2C24B
lo(checksum)=0x62C6B70F43543490
key=plain, no.=19, <checksum>:
0xE15ED1618EC2C24B62C6B70F43543490
key=plain, no.=19, cso file:
/dev/null
----------------------------------------------
real command=cset shield -e /home/nrink/Projects/build/encode/encode/tests/ptrarith/ptrarith.perf.plain --  --cso /dev/null
key=plain, no.=20, <stderr>:
LENGTH=3000
elapsed cycles: 391452
hi(checksum)=0xE15ED1618EC2C24B
lo(checksum)=0x62C6B70F43543490
key=plain, no.=20, <checksum>:
0xE15ED1618EC2C24B62C6B70F43543490
key=plain, no.=20, cso file:
/dev/null
----------------------------------------------
real command=cset shield -e /home/nrink/Projects/build/encode/encode/tests/ptrarith/ptrarith.perf.plain --  --cso /dev/null
key=plain, no.=21, <stderr>:
LENGTH=3000
elapsed cycles: 391509
hi(checksum)=0xE15ED1618EC2C24B
lo(checksum)=0x62C6B70F43543490
key=plain, no.=21, <checksum>:
0xE15ED1618EC2C24B62C6B70F43543490
key=plain, no.=21, cso file:
/dev/null
----------------------------------------------
real command=cset shield -e /home/nrink/Projects/build/encode/encode/tests/ptrarith/ptrarith.perf.plain --  --cso /dev/null
key=plain, no.=22, <stderr>:
LENGTH=3000
elapsed cycles: 395472
hi(checksum)=0xE15ED1618EC2C24B
lo(checksum)=0x62C6B70F43543490
key=plain, no.=22, <checksum>:
0xE15ED1618EC2C24B62C6B70F43543490
key=plain, no.=22, cso file:
/dev/null
----------------------------------------------
real command=cset shield -e /home/nrink/Projects/build/encode/encode/tests/ptrarith/ptrarith.perf.plain --  --cso /dev/null
key=plain, no.=23, <stderr>:
LENGTH=3000
elapsed cycles: 392097
hi(checksum)=0xE15ED1618EC2C24B
lo(checksum)=0x62C6B70F43543490
key=plain, no.=23, <checksum>:
0xE15ED1618EC2C24B62C6B70F43543490
key=plain, no.=23, cso file:
/dev/null
----------------------------------------------
real command=cset shield -e /home/nrink/Projects/build/encode/encode/tests/ptrarith/ptrarith.perf.plain --  --cso /dev/null
key=plain, no.=24, <stderr>:
LENGTH=3000
elapsed cycles: 391551
hi(checksum)=0xE15ED1618EC2C24B
lo(checksum)=0x62C6B70F43543490
key=plain, no.=24, <checksum>:
0xE15ED1618EC2C24B62C6B70F43543490
key=plain, no.=24, cso file:
/dev/null
----------------------------------------------
real command=cset shield -e /home/nrink/Projects/build/encode/encode/tests/ptrarith/ptrarith.perf.plain --  --cso /dev/null
key=plain, no.=25, <stderr>:
LENGTH=3000
elapsed cycles: 393093
hi(checksum)=0xE15ED1618EC2C24B
lo(checksum)=0x62C6B70F43543490
key=plain, no.=25, <checksum>:
0xE15ED1618EC2C24B62C6B70F43543490
key=plain, no.=25, cso file:
/dev/null
----------------------------------------------
real command=cset shield -e /home/nrink/Projects/build/encode/encode/tests/ptrarith/ptrarith.perf.plain --  --cso /dev/null
key=plain, no.=26, <stderr>:
LENGTH=3000
elapsed cycles: 392454
hi(checksum)=0xE15ED1618EC2C24B
lo(checksum)=0x62C6B70F43543490
key=plain, no.=26, <checksum>:
0xE15ED1618EC2C24B62C6B70F43543490
key=plain, no.=26, cso file:
/dev/null
----------------------------------------------
real command=cset shield -e /home/nrink/Projects/build/encode/encode/tests/ptrarith/ptrarith.perf.plain --  --cso /dev/null
key=plain, no.=27, <stderr>:
LENGTH=3000
elapsed cycles: 391749
hi(checksum)=0xE15ED1618EC2C24B
lo(checksum)=0x62C6B70F43543490
key=plain, no.=27, <checksum>:
0xE15ED1618EC2C24B62C6B70F43543490
key=plain, no.=27, cso file:
/dev/null
----------------------------------------------
real command=cset shield -e /home/nrink/Projects/build/encode/encode/tests/ptrarith/ptrarith.perf.plain --  --cso /dev/null
key=plain, no.=28, <stderr>:
LENGTH=3000
elapsed cycles: 391911
hi(checksum)=0xE15ED1618EC2C24B
lo(checksum)=0x62C6B70F43543490
key=plain, no.=28, <checksum>:
0xE15ED1618EC2C24B62C6B70F43543490
key=plain, no.=28, cso file:
/dev/null
----------------------------------------------
real command=cset shield -e /home/nrink/Projects/build/encode/encode/tests/ptrarith/ptrarith.perf.plain --  --cso /dev/null
key=plain, no.=29, <stderr>:
LENGTH=3000
elapsed cycles: 392205
hi(checksum)=0xE15ED1618EC2C24B
lo(checksum)=0x62C6B70F43543490
key=plain, no.=29, <checksum>:
0xE15ED1618EC2C24B62C6B70F43543490
key=plain, no.=29, cso file:
/dev/null
----------------------------------------------
real command=cset shield -e /home/nrink/Projects/build/encode/encode/tests/ptrarith/ptrarith.perf.plain --  --cso /dev/null
key=plain, no.=30, <stderr>:
LENGTH=3000
elapsed cycles: 391767
hi(checksum)=0xE15ED1618EC2C24B
lo(checksum)=0x62C6B70F43543490
key=plain, no.=30, <checksum>:
0xE15ED1618EC2C24B62C6B70F43543490
key=plain, no.=30, cso file:
/dev/null
----------------------------------------------
real command=cset shield -e /home/nrink/Projects/build/encode/encode/tests/ptrarith/ptrarith.perf.plain --  --cso /dev/null
key=plain, no.=31, <stderr>:
LENGTH=3000
elapsed cycles: 399081
hi(checksum)=0xE15ED1618EC2C24B
lo(checksum)=0x62C6B70F43543490
key=plain, no.=31, <checksum>:
0xE15ED1618EC2C24B62C6B70F43543490
key=plain, no.=31, cso file:
/dev/null
----------------------------------------------
real command=cset shield -e /home/nrink/Projects/build/encode/encode/tests/ptrarith/ptrarith.perf.plain --  --cso /dev/null
key=plain, no.=32, <stderr>:
LENGTH=3000
elapsed cycles: 392319
hi(checksum)=0xE15ED1618EC2C24B
lo(checksum)=0x62C6B70F43543490
key=plain, no.=32, <checksum>:
0xE15ED1618EC2C24B62C6B70F43543490
key=plain, no.=32, cso file:
/dev/null
----------------------------------------------
real command=cset shield -e /home/nrink/Projects/build/encode/encode/tests/ptrarith/ptrarith.perf.plain --  --cso /dev/null
key=plain, no.=33, <stderr>:
LENGTH=3000
elapsed cycles: 391884
hi(checksum)=0xE15ED1618EC2C24B
lo(checksum)=0x62C6B70F43543490
key=plain, no.=33, <checksum>:
0xE15ED1618EC2C24B62C6B70F43543490
key=plain, no.=33, cso file:
/dev/null
----------------------------------------------
real command=cset shield -e /home/nrink/Projects/build/encode/encode/tests/ptrarith/ptrarith.perf.plain --  --cso /dev/null
key=plain, no.=34, <stderr>:
LENGTH=3000
elapsed cycles: 392493
hi(checksum)=0xE15ED1618EC2C24B
lo(checksum)=0x62C6B70F43543490
key=plain, no.=34, <checksum>:
0xE15ED1618EC2C24B62C6B70F43543490
key=plain, no.=34, cso file:
/dev/null
----------------------------------------------
real command=cset shield -e /home/nrink/Projects/build/encode/encode/tests/ptrarith/ptrarith.perf.plain --  --cso /dev/null
key=plain, no.=35, <stderr>:
LENGTH=3000
elapsed cycles: 391917
hi(checksum)=0xE15ED1618EC2C24B
lo(checksum)=0x62C6B70F43543490
key=plain, no.=35, <checksum>:
0xE15ED1618EC2C24B62C6B70F43543490
key=plain, no.=35, cso file:
/dev/null
----------------------------------------------
real command=cset shield -e /home/nrink/Projects/build/encode/encode/tests/ptrarith/ptrarith.perf.plain --  --cso /dev/null
key=plain, no.=36, <stderr>:
LENGTH=3000
elapsed cycles: 392160
hi(checksum)=0xE15ED1618EC2C24B
lo(checksum)=0x62C6B70F43543490
key=plain, no.=36, <checksum>:
0xE15ED1618EC2C24B62C6B70F43543490
key=plain, no.=36, cso file:
/dev/null
----------------------------------------------
real command=cset shield -e /home/nrink/Projects/build/encode/encode/tests/ptrarith/ptrarith.perf.plain --  --cso /dev/null
key=plain, no.=37, <stderr>:
LENGTH=3000
elapsed cycles: 390153
hi(checksum)=0xE15ED1618EC2C24B
lo(checksum)=0x62C6B70F43543490
key=plain, no.=37, <checksum>:
0xE15ED1618EC2C24B62C6B70F43543490
key=plain, no.=37, cso file:
/dev/null
----------------------------------------------
real command=cset shield -e /home/nrink/Projects/build/encode/encode/tests/ptrarith/ptrarith.perf.plain --  --cso /dev/null
key=plain, no.=38, <stderr>:
LENGTH=3000
elapsed cycles: 393327
hi(checksum)=0xE15ED1618EC2C24B
lo(checksum)=0x62C6B70F43543490
key=plain, no.=38, <checksum>:
0xE15ED1618EC2C24B62C6B70F43543490
key=plain, no.=38, cso file:
/dev/null
----------------------------------------------
real command=cset shield -e /home/nrink/Projects/build/encode/encode/tests/ptrarith/ptrarith.perf.plain --  --cso /dev/null
key=plain, no.=39, <stderr>:
LENGTH=3000
elapsed cycles: 392370
hi(checksum)=0xE15ED1618EC2C24B
lo(checksum)=0x62C6B70F43543490
key=plain, no.=39, <checksum>:
0xE15ED1618EC2C24B62C6B70F43543490
key=plain, no.=39, cso file:
/dev/null
----------------------------------------------
real command=cset shield -e /home/nrink/Projects/build/encode/encode/tests/ptrarith/ptrarith.perf.plain --  --cso /dev/null
key=plain, no.=40, <stderr>:
LENGTH=3000
elapsed cycles: 391524
hi(checksum)=0xE15ED1618EC2C24B
lo(checksum)=0x62C6B70F43543490
key=plain, no.=40, <checksum>:
0xE15ED1618EC2C24B62C6B70F43543490
key=plain, no.=40, cso file:
/dev/null
----------------------------------------------
real command=cset shield -e /home/nrink/Projects/build/encode/encode/tests/ptrarith/ptrarith.perf.plain --  --cso /dev/null
key=plain, no.=41, <stderr>:
LENGTH=3000
elapsed cycles: 391557
hi(checksum)=0xE15ED1618EC2C24B
lo(checksum)=0x62C6B70F43543490
key=plain, no.=41, <checksum>:
0xE15ED1618EC2C24B62C6B70F43543490
key=plain, no.=41, cso file:
/dev/null
----------------------------------------------
real command=cset shield -e /home/nrink/Projects/build/encode/encode/tests/ptrarith/ptrarith.perf.plain --  --cso /dev/null
key=plain, no.=42, <stderr>:
LENGTH=3000
elapsed cycles: 392181
hi(checksum)=0xE15ED1618EC2C24B
lo(checksum)=0x62C6B70F43543490
key=plain, no.=42, <checksum>:
0xE15ED1618EC2C24B62C6B70F43543490
key=plain, no.=42, cso file:
/dev/null
----------------------------------------------
real command=cset shield -e /home/nrink/Projects/build/encode/encode/tests/ptrarith/ptrarith.perf.plain --  --cso /dev/null
key=plain, no.=43, <stderr>:
LENGTH=3000
elapsed cycles: 391995
hi(checksum)=0xE15ED1618EC2C24B
lo(checksum)=0x62C6B70F43543490
key=plain, no.=43, <checksum>:
0xE15ED1618EC2C24B62C6B70F43543490
key=plain, no.=43, cso file:
/dev/null
----------------------------------------------
real command=cset shield -e /home/nrink/Projects/build/encode/encode/tests/ptrarith/ptrarith.perf.plain --  --cso /dev/null
key=plain, no.=44, <stderr>:
LENGTH=3000
elapsed cycles: 391929
hi(checksum)=0xE15ED1618EC2C24B
lo(checksum)=0x62C6B70F43543490
key=plain, no.=44, <checksum>:
0xE15ED1618EC2C24B62C6B70F43543490
key=plain, no.=44, cso file:
/dev/null
----------------------------------------------
real command=cset shield -e /home/nrink/Projects/build/encode/encode/tests/ptrarith/ptrarith.perf.plain --  --cso /dev/null
key=plain, no.=45, <stderr>:
LENGTH=3000
elapsed cycles: 392277
hi(checksum)=0xE15ED1618EC2C24B
lo(checksum)=0x62C6B70F43543490
key=plain, no.=45, <checksum>:
0xE15ED1618EC2C24B62C6B70F43543490
key=plain, no.=45, cso file:
/dev/null
----------------------------------------------
real command=cset shield -e /home/nrink/Projects/build/encode/encode/tests/ptrarith/ptrarith.perf.plain --  --cso /dev/null
key=plain, no.=46, <stderr>:
LENGTH=3000
elapsed cycles: 391677
hi(checksum)=0xE15ED1618EC2C24B
lo(checksum)=0x62C6B70F43543490
key=plain, no.=46, <checksum>:
0xE15ED1618EC2C24B62C6B70F43543490
key=plain, no.=46, cso file:
/dev/null
----------------------------------------------
real command=cset shield -e /home/nrink/Projects/build/encode/encode/tests/ptrarith/ptrarith.perf.plain --  --cso /dev/null
key=plain, no.=47, <stderr>:
LENGTH=3000
elapsed cycles: 393222
hi(checksum)=0xE15ED1618EC2C24B
lo(checksum)=0x62C6B70F43543490
key=plain, no.=47, <checksum>:
0xE15ED1618EC2C24B62C6B70F43543490
key=plain, no.=47, cso file:
/dev/null
----------------------------------------------
real command=cset shield -e /home/nrink/Projects/build/encode/encode/tests/ptrarith/ptrarith.perf.plain --  --cso /dev/null
key=plain, no.=48, <stderr>:
LENGTH=3000
elapsed cycles: 391857
hi(checksum)=0xE15ED1618EC2C24B
lo(checksum)=0x62C6B70F43543490
key=plain, no.=48, <checksum>:
0xE15ED1618EC2C24B62C6B70F43543490
key=plain, no.=48, cso file:
/dev/null
----------------------------------------------
real command=cset shield -e /home/nrink/Projects/build/encode/encode/tests/ptrarith/ptrarith.perf.plain --  --cso /dev/null
key=plain, no.=49, <stderr>:
LENGTH=3000
elapsed cycles: 391896
hi(checksum)=0xE15ED1618EC2C24B
lo(checksum)=0x62C6B70F43543490
key=plain, no.=49, <checksum>:
0xE15ED1618EC2C24B62C6B70F43543490
key=plain, no.=49, cso file:
/dev/null
----------------------------------------------
real command=cset shield -e /home/nrink/Projects/build/encode/encode/tests/ptrarith/ptrarith.perf.plain --  --cso /dev/null
key=plain, no.=50, <stderr>:
LENGTH=3000
elapsed cycles: 391374
hi(checksum)=0xE15ED1618EC2C24B
lo(checksum)=0x62C6B70F43543490
key=plain, no.=50, <checksum>:
0xE15ED1618EC2C24B62C6B70F43543490
key=plain, no.=50, cso file:
/dev/null
----------------------------------------------
real command=cset shield -e /home/nrink/Projects/build/encode/encode/tests/ptrarith/ptrarith.perf.plain --  --cso /dev/null
key=plain, no.=51, <stderr>:
LENGTH=3000
elapsed cycles: 392316
hi(checksum)=0xE15ED1618EC2C24B
lo(checksum)=0x62C6B70F43543490
key=plain, no.=51, <checksum>:
0xE15ED1618EC2C24B62C6B70F43543490
key=plain, no.=51, cso file:
/dev/null
----------------------------------------------
real command=cset shield -e /home/nrink/Projects/build/encode/encode/tests/ptrarith/ptrarith.perf.plain --  --cso /dev/null
key=plain, no.=52, <stderr>:
LENGTH=3000
elapsed cycles: 393213
hi(checksum)=0xE15ED1618EC2C24B
lo(checksum)=0x62C6B70F43543490
key=plain, no.=52, <checksum>:
0xE15ED1618EC2C24B62C6B70F43543490
key=plain, no.=52, cso file:
/dev/null
----------------------------------------------
real command=cset shield -e /home/nrink/Projects/build/encode/encode/tests/ptrarith/ptrarith.perf.plain --  --cso /dev/null
key=plain, no.=53, <stderr>:
LENGTH=3000
elapsed cycles: 391719
hi(checksum)=0xE15ED1618EC2C24B
lo(checksum)=0x62C6B70F43543490
key=plain, no.=53, <checksum>:
0xE15ED1618EC2C24B62C6B70F43543490
key=plain, no.=53, cso file:
/dev/null
----------------------------------------------
real command=cset shield -e /home/nrink/Projects/build/encode/encode/tests/ptrarith/ptrarith.perf.plain --  --cso /dev/null
key=plain, no.=54, <stderr>:
LENGTH=3000
elapsed cycles: 391860
hi(checksum)=0xE15ED1618EC2C24B
lo(checksum)=0x62C6B70F43543490
key=plain, no.=54, <checksum>:
0xE15ED1618EC2C24B62C6B70F43543490
key=plain, no.=54, cso file:
/dev/null
----------------------------------------------
real command=cset shield -e /home/nrink/Projects/build/encode/encode/tests/ptrarith/ptrarith.perf.plain --  --cso /dev/null
key=plain, no.=55, <stderr>:
LENGTH=3000
elapsed cycles: 391320
hi(checksum)=0xE15ED1618EC2C24B
lo(checksum)=0x62C6B70F43543490
key=plain, no.=55, <checksum>:
0xE15ED1618EC2C24B62C6B70F43543490
key=plain, no.=55, cso file:
/dev/null
----------------------------------------------
real command=cset shield -e /home/nrink/Projects/build/encode/encode/tests/ptrarith/ptrarith.perf.plain --  --cso /dev/null
key=plain, no.=56, <stderr>:
LENGTH=3000
elapsed cycles: 390735
hi(checksum)=0xE15ED1618EC2C24B
lo(checksum)=0x62C6B70F43543490
key=plain, no.=56, <checksum>:
0xE15ED1618EC2C24B62C6B70F43543490
key=plain, no.=56, cso file:
/dev/null
----------------------------------------------
real command=cset shield -e /home/nrink/Projects/build/encode/encode/tests/ptrarith/ptrarith.perf.plain --  --cso /dev/null
key=plain, no.=57, <stderr>:
LENGTH=3000
elapsed cycles: 391890
hi(checksum)=0xE15ED1618EC2C24B
lo(checksum)=0x62C6B70F43543490
key=plain, no.=57, <checksum>:
0xE15ED1618EC2C24B62C6B70F43543490
key=plain, no.=57, cso file:
/dev/null
----------------------------------------------
real command=cset shield -e /home/nrink/Projects/build/encode/encode/tests/ptrarith/ptrarith.perf.plain --  --cso /dev/null
key=plain, no.=58, <stderr>:
LENGTH=3000
elapsed cycles: 392631
hi(checksum)=0xE15ED1618EC2C24B
lo(checksum)=0x62C6B70F43543490
key=plain, no.=58, <checksum>:
0xE15ED1618EC2C24B62C6B70F43543490
key=plain, no.=58, cso file:
/dev/null
----------------------------------------------
real command=cset shield -e /home/nrink/Projects/build/encode/encode/tests/ptrarith/ptrarith.perf.plain --  --cso /dev/null
key=plain, no.=59, <stderr>:
LENGTH=3000
elapsed cycles: 391959
hi(checksum)=0xE15ED1618EC2C24B
lo(checksum)=0x62C6B70F43543490
key=plain, no.=59, <checksum>:
0xE15ED1618EC2C24B62C6B70F43543490
key=plain, no.=59, cso file:
/dev/null
----------------------------------------------
real command=cset shield -e /home/nrink/Projects/build/encode/encode/tests/ptrarith/ptrarith.perf.plain --  --cso /dev/null
key=plain, no.=60, <stderr>:
LENGTH=3000
elapsed cycles: 392562
hi(checksum)=0xE15ED1618EC2C24B
lo(checksum)=0x62C6B70F43543490
key=plain, no.=60, <checksum>:
0xE15ED1618EC2C24B62C6B70F43543490
key=plain, no.=60, cso file:
/dev/null
----------------------------------------------
real command=cset shield -e /home/nrink/Projects/build/encode/encode/tests/ptrarith/ptrarith.perf.plain --  --cso /dev/null
key=plain, no.=61, <stderr>:
LENGTH=3000
elapsed cycles: 392268
hi(checksum)=0xE15ED1618EC2C24B
lo(checksum)=0x62C6B70F43543490
key=plain, no.=61, <checksum>:
0xE15ED1618EC2C24B62C6B70F43543490
key=plain, no.=61, cso file:
/dev/null
----------------------------------------------
real command=cset shield -e /home/nrink/Projects/build/encode/encode/tests/ptrarith/ptrarith.perf.plain --  --cso /dev/null
key=plain, no.=62, <stderr>:
LENGTH=3000
elapsed cycles: 391443
hi(checksum)=0xE15ED1618EC2C24B
lo(checksum)=0x62C6B70F43543490
key=plain, no.=62, <checksum>:
0xE15ED1618EC2C24B62C6B70F43543490
key=plain, no.=62, cso file:
/dev/null
----------------------------------------------
real command=cset shield -e /home/nrink/Projects/build/encode/encode/tests/ptrarith/ptrarith.perf.plain --  --cso /dev/null
key=plain, no.=63, <stderr>:
LENGTH=3000
elapsed cycles: 438207
hi(checksum)=0xE15ED1618EC2C24B
lo(checksum)=0x62C6B70F43543490
key=plain, no.=63, <checksum>:
0xE15ED1618EC2C24B62C6B70F43543490
key=plain, no.=63, cso file:
/dev/null
----------------------------------------------
real command=cset shield -e /home/nrink/Projects/build/encode/encode/tests/ptrarith/ptrarith.perf.plain --  --cso /dev/null
key=plain, no.=64, <stderr>:
LENGTH=3000
elapsed cycles: 391569
hi(checksum)=0xE15ED1618EC2C24B
lo(checksum)=0x62C6B70F43543490
key=plain, no.=64, <checksum>:
0xE15ED1618EC2C24B62C6B70F43543490
key=plain, no.=64, cso file:
/dev/null
----------------------------------------------
real command=cset shield -e /home/nrink/Projects/build/encode/encode/tests/ptrarith/ptrarith.perf.plain --  --cso /dev/null
key=plain, no.=65, <stderr>:
LENGTH=3000
elapsed cycles: 391875
hi(checksum)=0xE15ED1618EC2C24B
lo(checksum)=0x62C6B70F43543490
key=plain, no.=65, <checksum>:
0xE15ED1618EC2C24B62C6B70F43543490
key=plain, no.=65, cso file:
/dev/null
----------------------------------------------
real command=cset shield -e /home/nrink/Projects/build/encode/encode/tests/ptrarith/ptrarith.perf.plain --  --cso /dev/null
key=plain, no.=66, <stderr>:
LENGTH=3000
elapsed cycles: 391218
hi(checksum)=0xE15ED1618EC2C24B
lo(checksum)=0x62C6B70F43543490
key=plain, no.=66, <checksum>:
0xE15ED1618EC2C24B62C6B70F43543490
key=plain, no.=66, cso file:
/dev/null
----------------------------------------------
real command=cset shield -e /home/nrink/Projects/build/encode/encode/tests/ptrarith/ptrarith.perf.plain --  --cso /dev/null
key=plain, no.=67, <stderr>:
LENGTH=3000
elapsed cycles: 392739
hi(checksum)=0xE15ED1618EC2C24B
lo(checksum)=0x62C6B70F43543490
key=plain, no.=67, <checksum>:
0xE15ED1618EC2C24B62C6B70F43543490
key=plain, no.=67, cso file:
/dev/null
----------------------------------------------
real command=cset shield -e /home/nrink/Projects/build/encode/encode/tests/ptrarith/ptrarith.perf.plain --  --cso /dev/null
key=plain, no.=68, <stderr>:
LENGTH=3000
elapsed cycles: 391905
hi(checksum)=0xE15ED1618EC2C24B
lo(checksum)=0x62C6B70F43543490
key=plain, no.=68, <checksum>:
0xE15ED1618EC2C24B62C6B70F43543490
key=plain, no.=68, cso file:
/dev/null
----------------------------------------------
real command=cset shield -e /home/nrink/Projects/build/encode/encode/tests/ptrarith/ptrarith.perf.plain --  --cso /dev/null
key=plain, no.=69, <stderr>:
LENGTH=3000
elapsed cycles: 391788
hi(checksum)=0xE15ED1618EC2C24B
lo(checksum)=0x62C6B70F43543490
key=plain, no.=69, <checksum>:
0xE15ED1618EC2C24B62C6B70F43543490
key=plain, no.=69, cso file:
/dev/null
----------------------------------------------
real command=cset shield -e /home/nrink/Projects/build/encode/encode/tests/ptrarith/ptrarith.perf.plain --  --cso /dev/null
key=plain, no.=70, <stderr>:
LENGTH=3000
elapsed cycles: 392097
hi(checksum)=0xE15ED1618EC2C24B
lo(checksum)=0x62C6B70F43543490
key=plain, no.=70, <checksum>:
0xE15ED1618EC2C24B62C6B70F43543490
key=plain, no.=70, cso file:
/dev/null
----------------------------------------------
real command=cset shield -e /home/nrink/Projects/build/encode/encode/tests/ptrarith/ptrarith.perf.plain --  --cso /dev/null
key=plain, no.=71, <stderr>:
LENGTH=3000
elapsed cycles: 397749
hi(checksum)=0xE15ED1618EC2C24B
lo(checksum)=0x62C6B70F43543490
key=plain, no.=71, <checksum>:
0xE15ED1618EC2C24B62C6B70F43543490
key=plain, no.=71, cso file:
/dev/null
----------------------------------------------
real command=cset shield -e /home/nrink/Projects/build/encode/encode/tests/ptrarith/ptrarith.perf.plain --  --cso /dev/null
key=plain, no.=72, <stderr>:
LENGTH=3000
elapsed cycles: 392967
hi(checksum)=0xE15ED1618EC2C24B
lo(checksum)=0x62C6B70F43543490
key=plain, no.=72, <checksum>:
0xE15ED1618EC2C24B62C6B70F43543490
key=plain, no.=72, cso file:
/dev/null
----------------------------------------------
real command=cset shield -e /home/nrink/Projects/build/encode/encode/tests/ptrarith/ptrarith.perf.plain --  --cso /dev/null
key=plain, no.=73, <stderr>:
LENGTH=3000
elapsed cycles: 392568
hi(checksum)=0xE15ED1618EC2C24B
lo(checksum)=0x62C6B70F43543490
key=plain, no.=73, <checksum>:
0xE15ED1618EC2C24B62C6B70F43543490
key=plain, no.=73, cso file:
/dev/null
----------------------------------------------
real command=cset shield -e /home/nrink/Projects/build/encode/encode/tests/ptrarith/ptrarith.perf.plain --  --cso /dev/null
key=plain, no.=74, <stderr>:
LENGTH=3000
elapsed cycles: 398721
hi(checksum)=0xE15ED1618EC2C24B
lo(checksum)=0x62C6B70F43543490
key=plain, no.=74, <checksum>:
0xE15ED1618EC2C24B62C6B70F43543490
key=plain, no.=74, cso file:
/dev/null
----------------------------------------------
real command=cset shield -e /home/nrink/Projects/build/encode/encode/tests/ptrarith/ptrarith.perf.plain --  --cso /dev/null
key=plain, no.=75, <stderr>:
LENGTH=3000
elapsed cycles: 391209
hi(checksum)=0xE15ED1618EC2C24B
lo(checksum)=0x62C6B70F43543490
key=plain, no.=75, <checksum>:
0xE15ED1618EC2C24B62C6B70F43543490
key=plain, no.=75, cso file:
/dev/null
----------------------------------------------
real command=cset shield -e /home/nrink/Projects/build/encode/encode/tests/ptrarith/ptrarith.perf.plain --  --cso /dev/null
key=plain, no.=76, <stderr>:
LENGTH=3000
elapsed cycles: 391968
hi(checksum)=0xE15ED1618EC2C24B
lo(checksum)=0x62C6B70F43543490
key=plain, no.=76, <checksum>:
0xE15ED1618EC2C24B62C6B70F43543490
key=plain, no.=76, cso file:
/dev/null
----------------------------------------------
real command=cset shield -e /home/nrink/Projects/build/encode/encode/tests/ptrarith/ptrarith.perf.plain --  --cso /dev/null
key=plain, no.=77, <stderr>:
LENGTH=3000
elapsed cycles: 391314
hi(checksum)=0xE15ED1618EC2C24B
lo(checksum)=0x62C6B70F43543490
key=plain, no.=77, <checksum>:
0xE15ED1618EC2C24B62C6B70F43543490
key=plain, no.=77, cso file:
/dev/null
----------------------------------------------
real command=cset shield -e /home/nrink/Projects/build/encode/encode/tests/ptrarith/ptrarith.perf.plain --  --cso /dev/null
key=plain, no.=78, <stderr>:
LENGTH=3000
elapsed cycles: 391809
hi(checksum)=0xE15ED1618EC2C24B
lo(checksum)=0x62C6B70F43543490
key=plain, no.=78, <checksum>:
0xE15ED1618EC2C24B62C6B70F43543490
key=plain, no.=78, cso file:
/dev/null
----------------------------------------------
real command=cset shield -e /home/nrink/Projects/build/encode/encode/tests/ptrarith/ptrarith.perf.plain --  --cso /dev/null
key=plain, no.=79, <stderr>:
LENGTH=3000
elapsed cycles: 392538
hi(checksum)=0xE15ED1618EC2C24B
lo(checksum)=0x62C6B70F43543490
key=plain, no.=79, <checksum>:
0xE15ED1618EC2C24B62C6B70F43543490
key=plain, no.=79, cso file:
/dev/null
----------------------------------------------
real command=cset shield -e /home/nrink/Projects/build/encode/encode/tests/ptrarith/ptrarith.perf.plain --  --cso /dev/null
key=plain, no.=80, <stderr>:
LENGTH=3000
elapsed cycles: 392424
hi(checksum)=0xE15ED1618EC2C24B
lo(checksum)=0x62C6B70F43543490
key=plain, no.=80, <checksum>:
0xE15ED1618EC2C24B62C6B70F43543490
key=plain, no.=80, cso file:
/dev/null
----------------------------------------------
real command=cset shield -e /home/nrink/Projects/build/encode/encode/tests/ptrarith/ptrarith.perf.plain --  --cso /dev/null
key=plain, no.=81, <stderr>:
LENGTH=3000
elapsed cycles: 391170
hi(checksum)=0xE15ED1618EC2C24B
lo(checksum)=0x62C6B70F43543490
key=plain, no.=81, <checksum>:
0xE15ED1618EC2C24B62C6B70F43543490
key=plain, no.=81, cso file:
/dev/null
----------------------------------------------
real command=cset shield -e /home/nrink/Projects/build/encode/encode/tests/ptrarith/ptrarith.perf.plain --  --cso /dev/null
key=plain, no.=82, <stderr>:
LENGTH=3000
elapsed cycles: 392715
hi(checksum)=0xE15ED1618EC2C24B
lo(checksum)=0x62C6B70F43543490
key=plain, no.=82, <checksum>:
0xE15ED1618EC2C24B62C6B70F43543490
key=plain, no.=82, cso file:
/dev/null
----------------------------------------------
real command=cset shield -e /home/nrink/Projects/build/encode/encode/tests/ptrarith/ptrarith.perf.plain --  --cso /dev/null
key=plain, no.=83, <stderr>:
LENGTH=3000
elapsed cycles: 393276
hi(checksum)=0xE15ED1618EC2C24B
lo(checksum)=0x62C6B70F43543490
key=plain, no.=83, <checksum>:
0xE15ED1618EC2C24B62C6B70F43543490
key=plain, no.=83, cso file:
/dev/null
----------------------------------------------
real command=cset shield -e /home/nrink/Projects/build/encode/encode/tests/ptrarith/ptrarith.perf.plain --  --cso /dev/null
key=plain, no.=84, <stderr>:
LENGTH=3000
elapsed cycles: 390876
hi(checksum)=0xE15ED1618EC2C24B
lo(checksum)=0x62C6B70F43543490
key=plain, no.=84, <checksum>:
0xE15ED1618EC2C24B62C6B70F43543490
key=plain, no.=84, cso file:
/dev/null
----------------------------------------------
real command=cset shield -e /home/nrink/Projects/build/encode/encode/tests/ptrarith/ptrarith.perf.plain --  --cso /dev/null
key=plain, no.=85, <stderr>:
LENGTH=3000
elapsed cycles: 391098
hi(checksum)=0xE15ED1618EC2C24B
lo(checksum)=0x62C6B70F43543490
key=plain, no.=85, <checksum>:
0xE15ED1618EC2C24B62C6B70F43543490
key=plain, no.=85, cso file:
/dev/null
----------------------------------------------
real command=cset shield -e /home/nrink/Projects/build/encode/encode/tests/ptrarith/ptrarith.perf.plain --  --cso /dev/null
key=plain, no.=86, <stderr>:
LENGTH=3000
elapsed cycles: 390771
hi(checksum)=0xE15ED1618EC2C24B
lo(checksum)=0x62C6B70F43543490
key=plain, no.=86, <checksum>:
0xE15ED1618EC2C24B62C6B70F43543490
key=plain, no.=86, cso file:
/dev/null
----------------------------------------------
real command=cset shield -e /home/nrink/Projects/build/encode/encode/tests/ptrarith/ptrarith.perf.plain --  --cso /dev/null
key=plain, no.=87, <stderr>:
LENGTH=3000
elapsed cycles: 398673
hi(checksum)=0xE15ED1618EC2C24B
lo(checksum)=0x62C6B70F43543490
key=plain, no.=87, <checksum>:
0xE15ED1618EC2C24B62C6B70F43543490
key=plain, no.=87, cso file:
/dev/null
----------------------------------------------
real command=cset shield -e /home/nrink/Projects/build/encode/encode/tests/ptrarith/ptrarith.perf.plain --  --cso /dev/null
key=plain, no.=88, <stderr>:
LENGTH=3000
elapsed cycles: 413564
hi(checksum)=0xE15ED1618EC2C24B
lo(checksum)=0x62C6B70F43543490
key=plain, no.=88, <checksum>:
0xE15ED1618EC2C24B62C6B70F43543490
key=plain, no.=88, cso file:
/dev/null
----------------------------------------------
real command=cset shield -e /home/nrink/Projects/build/encode/encode/tests/ptrarith/ptrarith.perf.plain --  --cso /dev/null
key=plain, no.=89, <stderr>:
LENGTH=3000
elapsed cycles: 392115
hi(checksum)=0xE15ED1618EC2C24B
lo(checksum)=0x62C6B70F43543490
key=plain, no.=89, <checksum>:
0xE15ED1618EC2C24B62C6B70F43543490
key=plain, no.=89, cso file:
/dev/null
----------------------------------------------
real command=cset shield -e /home/nrink/Projects/build/encode/encode/tests/ptrarith/ptrarith.perf.plain --  --cso /dev/null
key=plain, no.=90, <stderr>:
LENGTH=3000
elapsed cycles: 390861
hi(checksum)=0xE15ED1618EC2C24B
lo(checksum)=0x62C6B70F43543490
key=plain, no.=90, <checksum>:
0xE15ED1618EC2C24B62C6B70F43543490
key=plain, no.=90, cso file:
/dev/null
----------------------------------------------
real command=cset shield -e /home/nrink/Projects/build/encode/encode/tests/ptrarith/ptrarith.perf.plain --  --cso /dev/null
key=plain, no.=91, <stderr>:
LENGTH=3000
elapsed cycles: 391965
hi(checksum)=0xE15ED1618EC2C24B
lo(checksum)=0x62C6B70F43543490
key=plain, no.=91, <checksum>:
0xE15ED1618EC2C24B62C6B70F43543490
key=plain, no.=91, cso file:
/dev/null
----------------------------------------------
real command=cset shield -e /home/nrink/Projects/build/encode/encode/tests/ptrarith/ptrarith.perf.plain --  --cso /dev/null
key=plain, no.=92, <stderr>:
LENGTH=3000
elapsed cycles: 392283
hi(checksum)=0xE15ED1618EC2C24B
lo(checksum)=0x62C6B70F43543490
key=plain, no.=92, <checksum>:
0xE15ED1618EC2C24B62C6B70F43543490
key=plain, no.=92, cso file:
/dev/null
----------------------------------------------
real command=cset shield -e /home/nrink/Projects/build/encode/encode/tests/ptrarith/ptrarith.perf.plain --  --cso /dev/null
key=plain, no.=93, <stderr>:
LENGTH=3000
elapsed cycles: 391821
hi(checksum)=0xE15ED1618EC2C24B
lo(checksum)=0x62C6B70F43543490
key=plain, no.=93, <checksum>:
0xE15ED1618EC2C24B62C6B70F43543490
key=plain, no.=93, cso file:
/dev/null
----------------------------------------------
real command=cset shield -e /home/nrink/Projects/build/encode/encode/tests/ptrarith/ptrarith.perf.plain --  --cso /dev/null
key=plain, no.=94, <stderr>:
LENGTH=3000
elapsed cycles: 392940
hi(checksum)=0xE15ED1618EC2C24B
lo(checksum)=0x62C6B70F43543490
key=plain, no.=94, <checksum>:
0xE15ED1618EC2C24B62C6B70F43543490
key=plain, no.=94, cso file:
/dev/null
----------------------------------------------
real command=cset shield -e /home/nrink/Projects/build/encode/encode/tests/ptrarith/ptrarith.perf.plain --  --cso /dev/null
key=plain, no.=95, <stderr>:
LENGTH=3000
elapsed cycles: 464661
hi(checksum)=0xE15ED1618EC2C24B
lo(checksum)=0x62C6B70F43543490
key=plain, no.=95, <checksum>:
0xE15ED1618EC2C24B62C6B70F43543490
key=plain, no.=95, cso file:
/dev/null
----------------------------------------------
real command=cset shield -e /home/nrink/Projects/build/encode/encode/tests/ptrarith/ptrarith.perf.plain --  --cso /dev/null
key=plain, no.=96, <stderr>:
LENGTH=3000
elapsed cycles: 407649
hi(checksum)=0xE15ED1618EC2C24B
lo(checksum)=0x62C6B70F43543490
key=plain, no.=96, <checksum>:
0xE15ED1618EC2C24B62C6B70F43543490
key=plain, no.=96, cso file:
/dev/null
----------------------------------------------
real command=cset shield -e /home/nrink/Projects/build/encode/encode/tests/ptrarith/ptrarith.perf.plain --  --cso /dev/null
key=plain, no.=97, <stderr>:
LENGTH=3000
elapsed cycles: 397383
hi(checksum)=0xE15ED1618EC2C24B
lo(checksum)=0x62C6B70F43543490
key=plain, no.=97, <checksum>:
0xE15ED1618EC2C24B62C6B70F43543490
key=plain, no.=97, cso file:
/dev/null
----------------------------------------------
real command=cset shield -e /home/nrink/Projects/build/encode/encode/tests/ptrarith/ptrarith.perf.plain --  --cso /dev/null
key=plain, no.=98, <stderr>:
LENGTH=3000
elapsed cycles: 394227
hi(checksum)=0xE15ED1618EC2C24B
lo(checksum)=0x62C6B70F43543490
key=plain, no.=98, <checksum>:
0xE15ED1618EC2C24B62C6B70F43543490
key=plain, no.=98, cso file:
/dev/null
----------------------------------------------
real command=cset shield -e /home/nrink/Projects/build/encode/encode/tests/ptrarith/ptrarith.perf.plain --  --cso /dev/null
key=plain, no.=99, <stderr>:
LENGTH=3000
elapsed cycles: 403962
hi(checksum)=0xE15ED1618EC2C24B
lo(checksum)=0x62C6B70F43543490
key=plain, no.=99, <checksum>:
0xE15ED1618EC2C24B62C6B70F43543490
key=plain, no.=99, cso file:
/dev/null
----------------------------------------------
key=encoded, runs=100 ...
command=/home/nrink/Projects/build/encode/encode/tests/ptrarith/ptrarith.perf.encoded
----------------------------------------------
real command=cset shield -e /home/nrink/Projects/build/encode/encode/tests/ptrarith/ptrarith.perf.encoded --  --cso /dev/null
key=encoded, no.=0, <stderr>:
LENGTH=3000
elapsed cycles: 3431886
hi(checksum)=0xE15ED1618EC2C24B
lo(checksum)=0x62C6B70F43543490
key=encoded, no.=0, <checksum>:
0xE15ED1618EC2C24B62C6B70F43543490
key=encoded, no.=0, cso file:
/dev/null
----------------------------------------------
real command=cset shield -e /home/nrink/Projects/build/encode/encode/tests/ptrarith/ptrarith.perf.encoded --  --cso /dev/null
key=encoded, no.=1, <stderr>:
LENGTH=3000
elapsed cycles: 3444213
hi(checksum)=0xE15ED1618EC2C24B
lo(checksum)=0x62C6B70F43543490
key=encoded, no.=1, <checksum>:
0xE15ED1618EC2C24B62C6B70F43543490
key=encoded, no.=1, cso file:
/dev/null
----------------------------------------------
real command=cset shield -e /home/nrink/Projects/build/encode/encode/tests/ptrarith/ptrarith.perf.encoded --  --cso /dev/null
key=encoded, no.=2, <stderr>:
LENGTH=3000
elapsed cycles: 3394953
hi(checksum)=0xE15ED1618EC2C24B
lo(checksum)=0x62C6B70F43543490
key=encoded, no.=2, <checksum>:
0xE15ED1618EC2C24B62C6B70F43543490
key=encoded, no.=2, cso file:
/dev/null
----------------------------------------------
real command=cset shield -e /home/nrink/Projects/build/encode/encode/tests/ptrarith/ptrarith.perf.encoded --  --cso /dev/null
key=encoded, no.=3, <stderr>:
LENGTH=3000
elapsed cycles: 3392772
hi(checksum)=0xE15ED1618EC2C24B
lo(checksum)=0x62C6B70F43543490
key=encoded, no.=3, <checksum>:
0xE15ED1618EC2C24B62C6B70F43543490
key=encoded, no.=3, cso file:
/dev/null
----------------------------------------------
real command=cset shield -e /home/nrink/Projects/build/encode/encode/tests/ptrarith/ptrarith.perf.encoded --  --cso /dev/null
key=encoded, no.=4, <stderr>:
LENGTH=3000
elapsed cycles: 3393897
hi(checksum)=0xE15ED1618EC2C24B
lo(checksum)=0x62C6B70F43543490
key=encoded, no.=4, <checksum>:
0xE15ED1618EC2C24B62C6B70F43543490
key=encoded, no.=4, cso file:
/dev/null
----------------------------------------------
real command=cset shield -e /home/nrink/Projects/build/encode/encode/tests/ptrarith/ptrarith.perf.encoded --  --cso /dev/null
key=encoded, no.=5, <stderr>:
LENGTH=3000
elapsed cycles: 3396474
hi(checksum)=0xE15ED1618EC2C24B
lo(checksum)=0x62C6B70F43543490
key=encoded, no.=5, <checksum>:
0xE15ED1618EC2C24B62C6B70F43543490
key=encoded, no.=5, cso file:
/dev/null
----------------------------------------------
real command=cset shield -e /home/nrink/Projects/build/encode/encode/tests/ptrarith/ptrarith.perf.encoded --  --cso /dev/null
key=encoded, no.=6, <stderr>:
LENGTH=3000
elapsed cycles: 3484164
hi(checksum)=0xE15ED1618EC2C24B
lo(checksum)=0x62C6B70F43543490
key=encoded, no.=6, <checksum>:
0xE15ED1618EC2C24B62C6B70F43543490
key=encoded, no.=6, cso file:
/dev/null
----------------------------------------------
real command=cset shield -e /home/nrink/Projects/build/encode/encode/tests/ptrarith/ptrarith.perf.encoded --  --cso /dev/null
key=encoded, no.=7, <stderr>:
LENGTH=3000
elapsed cycles: 3391392
hi(checksum)=0xE15ED1618EC2C24B
lo(checksum)=0x62C6B70F43543490
key=encoded, no.=7, <checksum>:
0xE15ED1618EC2C24B62C6B70F43543490
key=encoded, no.=7, cso file:
/dev/null
----------------------------------------------
real command=cset shield -e /home/nrink/Projects/build/encode/encode/tests/ptrarith/ptrarith.perf.encoded --  --cso /dev/null
key=encoded, no.=8, <stderr>:
LENGTH=3000
elapsed cycles: 3400131
hi(checksum)=0xE15ED1618EC2C24B
lo(checksum)=0x62C6B70F43543490
key=encoded, no.=8, <checksum>:
0xE15ED1618EC2C24B62C6B70F43543490
key=encoded, no.=8, cso file:
/dev/null
----------------------------------------------
real command=cset shield -e /home/nrink/Projects/build/encode/encode/tests/ptrarith/ptrarith.perf.encoded --  --cso /dev/null
key=encoded, no.=9, <stderr>:
LENGTH=3000
elapsed cycles: 3433758
hi(checksum)=0xE15ED1618EC2C24B
lo(checksum)=0x62C6B70F43543490
key=encoded, no.=9, <checksum>:
0xE15ED1618EC2C24B62C6B70F43543490
key=encoded, no.=9, cso file:
/dev/null
----------------------------------------------
real command=cset shield -e /home/nrink/Projects/build/encode/encode/tests/ptrarith/ptrarith.perf.encoded --  --cso /dev/null
key=encoded, no.=10, <stderr>:
LENGTH=3000
elapsed cycles: 3398850
hi(checksum)=0xE15ED1618EC2C24B
lo(checksum)=0x62C6B70F43543490
key=encoded, no.=10, <checksum>:
0xE15ED1618EC2C24B62C6B70F43543490
key=encoded, no.=10, cso file:
/dev/null
----------------------------------------------
real command=cset shield -e /home/nrink/Projects/build/encode/encode/tests/ptrarith/ptrarith.perf.encoded --  --cso /dev/null
key=encoded, no.=11, <stderr>:
LENGTH=3000
elapsed cycles: 3429951
hi(checksum)=0xE15ED1618EC2C24B
lo(checksum)=0x62C6B70F43543490
key=encoded, no.=11, <checksum>:
0xE15ED1618EC2C24B62C6B70F43543490
key=encoded, no.=11, cso file:
/dev/null
----------------------------------------------
real command=cset shield -e /home/nrink/Projects/build/encode/encode/tests/ptrarith/ptrarith.perf.encoded --  --cso /dev/null
key=encoded, no.=12, <stderr>:
LENGTH=3000
elapsed cycles: 3394227
hi(checksum)=0xE15ED1618EC2C24B
lo(checksum)=0x62C6B70F43543490
key=encoded, no.=12, <checksum>:
0xE15ED1618EC2C24B62C6B70F43543490
key=encoded, no.=12, cso file:
/dev/null
----------------------------------------------
real command=cset shield -e /home/nrink/Projects/build/encode/encode/tests/ptrarith/ptrarith.perf.encoded --  --cso /dev/null
key=encoded, no.=13, <stderr>:
LENGTH=3000
elapsed cycles: 3394296
hi(checksum)=0xE15ED1618EC2C24B
lo(checksum)=0x62C6B70F43543490
key=encoded, no.=13, <checksum>:
0xE15ED1618EC2C24B62C6B70F43543490
key=encoded, no.=13, cso file:
/dev/null
----------------------------------------------
real command=cset shield -e /home/nrink/Projects/build/encode/encode/tests/ptrarith/ptrarith.perf.encoded --  --cso /dev/null
key=encoded, no.=14, <stderr>:
LENGTH=3000
elapsed cycles: 3407496
hi(checksum)=0xE15ED1618EC2C24B
lo(checksum)=0x62C6B70F43543490
key=encoded, no.=14, <checksum>:
0xE15ED1618EC2C24B62C6B70F43543490
key=encoded, no.=14, cso file:
/dev/null
----------------------------------------------
real command=cset shield -e /home/nrink/Projects/build/encode/encode/tests/ptrarith/ptrarith.perf.encoded --  --cso /dev/null
key=encoded, no.=15, <stderr>:
LENGTH=3000
elapsed cycles: 3398226
hi(checksum)=0xE15ED1618EC2C24B
lo(checksum)=0x62C6B70F43543490
key=encoded, no.=15, <checksum>:
0xE15ED1618EC2C24B62C6B70F43543490
key=encoded, no.=15, cso file:
/dev/null
----------------------------------------------
real command=cset shield -e /home/nrink/Projects/build/encode/encode/tests/ptrarith/ptrarith.perf.encoded --  --cso /dev/null
key=encoded, no.=16, <stderr>:
LENGTH=3000
elapsed cycles: 3395394
hi(checksum)=0xE15ED1618EC2C24B
lo(checksum)=0x62C6B70F43543490
key=encoded, no.=16, <checksum>:
0xE15ED1618EC2C24B62C6B70F43543490
key=encoded, no.=16, cso file:
/dev/null
----------------------------------------------
real command=cset shield -e /home/nrink/Projects/build/encode/encode/tests/ptrarith/ptrarith.perf.encoded --  --cso /dev/null
key=encoded, no.=17, <stderr>:
LENGTH=3000
elapsed cycles: 3395091
hi(checksum)=0xE15ED1618EC2C24B
lo(checksum)=0x62C6B70F43543490
key=encoded, no.=17, <checksum>:
0xE15ED1618EC2C24B62C6B70F43543490
key=encoded, no.=17, cso file:
/dev/null
----------------------------------------------
real command=cset shield -e /home/nrink/Projects/build/encode/encode/tests/ptrarith/ptrarith.perf.encoded --  --cso /dev/null
key=encoded, no.=18, <stderr>:
LENGTH=3000
elapsed cycles: 3431409
hi(checksum)=0xE15ED1618EC2C24B
lo(checksum)=0x62C6B70F43543490
key=encoded, no.=18, <checksum>:
0xE15ED1618EC2C24B62C6B70F43543490
key=encoded, no.=18, cso file:
/dev/null
----------------------------------------------
real command=cset shield -e /home/nrink/Projects/build/encode/encode/tests/ptrarith/ptrarith.perf.encoded --  --cso /dev/null
key=encoded, no.=19, <stderr>:
LENGTH=3000
elapsed cycles: 3483780
hi(checksum)=0xE15ED1618EC2C24B
lo(checksum)=0x62C6B70F43543490
key=encoded, no.=19, <checksum>:
0xE15ED1618EC2C24B62C6B70F43543490
key=encoded, no.=19, cso file:
/dev/null
----------------------------------------------
real command=cset shield -e /home/nrink/Projects/build/encode/encode/tests/ptrarith/ptrarith.perf.encoded --  --cso /dev/null
key=encoded, no.=20, <stderr>:
LENGTH=3000
elapsed cycles: 3442548
hi(checksum)=0xE15ED1618EC2C24B
lo(checksum)=0x62C6B70F43543490
key=encoded, no.=20, <checksum>:
0xE15ED1618EC2C24B62C6B70F43543490
key=encoded, no.=20, cso file:
/dev/null
----------------------------------------------
real command=cset shield -e /home/nrink/Projects/build/encode/encode/tests/ptrarith/ptrarith.perf.encoded --  --cso /dev/null
key=encoded, no.=21, <stderr>:
LENGTH=3000
elapsed cycles: 3396624
hi(checksum)=0xE15ED1618EC2C24B
lo(checksum)=0x62C6B70F43543490
key=encoded, no.=21, <checksum>:
0xE15ED1618EC2C24B62C6B70F43543490
key=encoded, no.=21, cso file:
/dev/null
----------------------------------------------
real command=cset shield -e /home/nrink/Projects/build/encode/encode/tests/ptrarith/ptrarith.perf.encoded --  --cso /dev/null
key=encoded, no.=22, <stderr>:
LENGTH=3000
elapsed cycles: 3396474
hi(checksum)=0xE15ED1618EC2C24B
lo(checksum)=0x62C6B70F43543490
key=encoded, no.=22, <checksum>:
0xE15ED1618EC2C24B62C6B70F43543490
key=encoded, no.=22, cso file:
/dev/null
----------------------------------------------
real command=cset shield -e /home/nrink/Projects/build/encode/encode/tests/ptrarith/ptrarith.perf.encoded --  --cso /dev/null
key=encoded, no.=23, <stderr>:
LENGTH=3000
elapsed cycles: 3426849
hi(checksum)=0xE15ED1618EC2C24B
lo(checksum)=0x62C6B70F43543490
key=encoded, no.=23, <checksum>:
0xE15ED1618EC2C24B62C6B70F43543490
key=encoded, no.=23, cso file:
/dev/null
----------------------------------------------
real command=cset shield -e /home/nrink/Projects/build/encode/encode/tests/ptrarith/ptrarith.perf.encoded --  --cso /dev/null
key=encoded, no.=24, <stderr>:
LENGTH=3000
elapsed cycles: 3477147
hi(checksum)=0xE15ED1618EC2C24B
lo(checksum)=0x62C6B70F43543490
key=encoded, no.=24, <checksum>:
0xE15ED1618EC2C24B62C6B70F43543490
key=encoded, no.=24, cso file:
/dev/null
----------------------------------------------
real command=cset shield -e /home/nrink/Projects/build/encode/encode/tests/ptrarith/ptrarith.perf.encoded --  --cso /dev/null
key=encoded, no.=25, <stderr>:
LENGTH=3000
elapsed cycles: 3461508
hi(checksum)=0xE15ED1618EC2C24B
lo(checksum)=0x62C6B70F43543490
key=encoded, no.=25, <checksum>:
0xE15ED1618EC2C24B62C6B70F43543490
key=encoded, no.=25, cso file:
/dev/null
----------------------------------------------
real command=cset shield -e /home/nrink/Projects/build/encode/encode/tests/ptrarith/ptrarith.perf.encoded --  --cso /dev/null
key=encoded, no.=26, <stderr>:
LENGTH=3000
elapsed cycles: 3483573
hi(checksum)=0xE15ED1618EC2C24B
lo(checksum)=0x62C6B70F43543490
key=encoded, no.=26, <checksum>:
0xE15ED1618EC2C24B62C6B70F43543490
key=encoded, no.=26, cso file:
/dev/null
----------------------------------------------
real command=cset shield -e /home/nrink/Projects/build/encode/encode/tests/ptrarith/ptrarith.perf.encoded --  --cso /dev/null
key=encoded, no.=27, <stderr>:
LENGTH=3000
elapsed cycles: 3395373
hi(checksum)=0xE15ED1618EC2C24B
lo(checksum)=0x62C6B70F43543490
key=encoded, no.=27, <checksum>:
0xE15ED1618EC2C24B62C6B70F43543490
key=encoded, no.=27, cso file:
/dev/null
----------------------------------------------
real command=cset shield -e /home/nrink/Projects/build/encode/encode/tests/ptrarith/ptrarith.perf.encoded --  --cso /dev/null
key=encoded, no.=28, <stderr>:
LENGTH=3000
elapsed cycles: 3395232
hi(checksum)=0xE15ED1618EC2C24B
lo(checksum)=0x62C6B70F43543490
key=encoded, no.=28, <checksum>:
0xE15ED1618EC2C24B62C6B70F43543490
key=encoded, no.=28, cso file:
/dev/null
----------------------------------------------
real command=cset shield -e /home/nrink/Projects/build/encode/encode/tests/ptrarith/ptrarith.perf.encoded --  --cso /dev/null
key=encoded, no.=29, <stderr>:
LENGTH=3000
elapsed cycles: 3412032
hi(checksum)=0xE15ED1618EC2C24B
lo(checksum)=0x62C6B70F43543490
key=encoded, no.=29, <checksum>:
0xE15ED1618EC2C24B62C6B70F43543490
key=encoded, no.=29, cso file:
/dev/null
----------------------------------------------
real command=cset shield -e /home/nrink/Projects/build/encode/encode/tests/ptrarith/ptrarith.perf.encoded --  --cso /dev/null
key=encoded, no.=30, <stderr>:
LENGTH=3000
elapsed cycles: 3392088
hi(checksum)=0xE15ED1618EC2C24B
lo(checksum)=0x62C6B70F43543490
key=encoded, no.=30, <checksum>:
0xE15ED1618EC2C24B62C6B70F43543490
key=encoded, no.=30, cso file:
/dev/null
----------------------------------------------
real command=cset shield -e /home/nrink/Projects/build/encode/encode/tests/ptrarith/ptrarith.perf.encoded --  --cso /dev/null
key=encoded, no.=31, <stderr>:
LENGTH=3000
elapsed cycles: 3431967
hi(checksum)=0xE15ED1618EC2C24B
lo(checksum)=0x62C6B70F43543490
key=encoded, no.=31, <checksum>:
0xE15ED1618EC2C24B62C6B70F43543490
key=encoded, no.=31, cso file:
/dev/null
----------------------------------------------
real command=cset shield -e /home/nrink/Projects/build/encode/encode/tests/ptrarith/ptrarith.perf.encoded --  --cso /dev/null
key=encoded, no.=32, <stderr>:
LENGTH=3000
elapsed cycles: 3482118
hi(checksum)=0xE15ED1618EC2C24B
lo(checksum)=0x62C6B70F43543490
key=encoded, no.=32, <checksum>:
0xE15ED1618EC2C24B62C6B70F43543490
key=encoded, no.=32, cso file:
/dev/null
----------------------------------------------
real command=cset shield -e /home/nrink/Projects/build/encode/encode/tests/ptrarith/ptrarith.perf.encoded --  --cso /dev/null
key=encoded, no.=33, <stderr>:
LENGTH=3000
elapsed cycles: 3519171
hi(checksum)=0xE15ED1618EC2C24B
lo(checksum)=0x62C6B70F43543490
key=encoded, no.=33, <checksum>:
0xE15ED1618EC2C24B62C6B70F43543490
key=encoded, no.=33, cso file:
/dev/null
----------------------------------------------
real command=cset shield -e /home/nrink/Projects/build/encode/encode/tests/ptrarith/ptrarith.perf.encoded --  --cso /dev/null
key=encoded, no.=34, <stderr>:
LENGTH=3000
elapsed cycles: 3441069
hi(checksum)=0xE15ED1618EC2C24B
lo(checksum)=0x62C6B70F43543490
key=encoded, no.=34, <checksum>:
0xE15ED1618EC2C24B62C6B70F43543490
key=encoded, no.=34, cso file:
/dev/null
----------------------------------------------
real command=cset shield -e /home/nrink/Projects/build/encode/encode/tests/ptrarith/ptrarith.perf.encoded --  --cso /dev/null
key=encoded, no.=35, <stderr>:
LENGTH=3000
elapsed cycles: 3401553
hi(checksum)=0xE15ED1618EC2C24B
lo(checksum)=0x62C6B70F43543490
key=encoded, no.=35, <checksum>:
0xE15ED1618EC2C24B62C6B70F43543490
key=encoded, no.=35, cso file:
/dev/null
----------------------------------------------
real command=cset shield -e /home/nrink/Projects/build/encode/encode/tests/ptrarith/ptrarith.perf.encoded --  --cso /dev/null
key=encoded, no.=36, <stderr>:
LENGTH=3000
elapsed cycles: 3396420
hi(checksum)=0xE15ED1618EC2C24B
lo(checksum)=0x62C6B70F43543490
key=encoded, no.=36, <checksum>:
0xE15ED1618EC2C24B62C6B70F43543490
key=encoded, no.=36, cso file:
/dev/null
----------------------------------------------
real command=cset shield -e /home/nrink/Projects/build/encode/encode/tests/ptrarith/ptrarith.perf.encoded --  --cso /dev/null
key=encoded, no.=37, <stderr>:
LENGTH=3000
elapsed cycles: 3427509
hi(checksum)=0xE15ED1618EC2C24B
lo(checksum)=0x62C6B70F43543490
key=encoded, no.=37, <checksum>:
0xE15ED1618EC2C24B62C6B70F43543490
key=encoded, no.=37, cso file:
/dev/null
----------------------------------------------
real command=cset shield -e /home/nrink/Projects/build/encode/encode/tests/ptrarith/ptrarith.perf.encoded --  --cso /dev/null
key=encoded, no.=38, <stderr>:
LENGTH=3000
elapsed cycles: 3396855
hi(checksum)=0xE15ED1618EC2C24B
lo(checksum)=0x62C6B70F43543490
key=encoded, no.=38, <checksum>:
0xE15ED1618EC2C24B62C6B70F43543490
key=encoded, no.=38, cso file:
/dev/null
----------------------------------------------
real command=cset shield -e /home/nrink/Projects/build/encode/encode/tests/ptrarith/ptrarith.perf.encoded --  --cso /dev/null
key=encoded, no.=39, <stderr>:
LENGTH=3000
elapsed cycles: 3394395
hi(checksum)=0xE15ED1618EC2C24B
lo(checksum)=0x62C6B70F43543490
key=encoded, no.=39, <checksum>:
0xE15ED1618EC2C24B62C6B70F43543490
key=encoded, no.=39, cso file:
/dev/null
----------------------------------------------
real command=cset shield -e /home/nrink/Projects/build/encode/encode/tests/ptrarith/ptrarith.perf.encoded --  --cso /dev/null
key=encoded, no.=40, <stderr>:
LENGTH=3000
elapsed cycles: 3395304
hi(checksum)=0xE15ED1618EC2C24B
lo(checksum)=0x62C6B70F43543490
key=encoded, no.=40, <checksum>:
0xE15ED1618EC2C24B62C6B70F43543490
key=encoded, no.=40, cso file:
/dev/null
----------------------------------------------
real command=cset shield -e /home/nrink/Projects/build/encode/encode/tests/ptrarith/ptrarith.perf.encoded --  --cso /dev/null
key=encoded, no.=41, <stderr>:
LENGTH=3000
elapsed cycles: 3398001
hi(checksum)=0xE15ED1618EC2C24B
lo(checksum)=0x62C6B70F43543490
key=encoded, no.=41, <checksum>:
0xE15ED1618EC2C24B62C6B70F43543490
key=encoded, no.=41, cso file:
/dev/null
----------------------------------------------
real command=cset shield -e /home/nrink/Projects/build/encode/encode/tests/ptrarith/ptrarith.perf.encoded --  --cso /dev/null
key=encoded, no.=42, <stderr>:
LENGTH=3000
elapsed cycles: 3480774
hi(checksum)=0xE15ED1618EC2C24B
lo(checksum)=0x62C6B70F43543490
key=encoded, no.=42, <checksum>:
0xE15ED1618EC2C24B62C6B70F43543490
key=encoded, no.=42, cso file:
/dev/null
----------------------------------------------
real command=cset shield -e /home/nrink/Projects/build/encode/encode/tests/ptrarith/ptrarith.perf.encoded --  --cso /dev/null
key=encoded, no.=43, <stderr>:
LENGTH=3000
elapsed cycles: 3425463
hi(checksum)=0xE15ED1618EC2C24B
lo(checksum)=0x62C6B70F43543490
key=encoded, no.=43, <checksum>:
0xE15ED1618EC2C24B62C6B70F43543490
key=encoded, no.=43, cso file:
/dev/null
----------------------------------------------
real command=cset shield -e /home/nrink/Projects/build/encode/encode/tests/ptrarith/ptrarith.perf.encoded --  --cso /dev/null
key=encoded, no.=44, <stderr>:
LENGTH=3000
elapsed cycles: 3474855
hi(checksum)=0xE15ED1618EC2C24B
lo(checksum)=0x62C6B70F43543490
key=encoded, no.=44, <checksum>:
0xE15ED1618EC2C24B62C6B70F43543490
key=encoded, no.=44, cso file:
/dev/null
----------------------------------------------
real command=cset shield -e /home/nrink/Projects/build/encode/encode/tests/ptrarith/ptrarith.perf.encoded --  --cso /dev/null
key=encoded, no.=45, <stderr>:
LENGTH=3000
elapsed cycles: 3397164
hi(checksum)=0xE15ED1618EC2C24B
lo(checksum)=0x62C6B70F43543490
key=encoded, no.=45, <checksum>:
0xE15ED1618EC2C24B62C6B70F43543490
key=encoded, no.=45, cso file:
/dev/null
----------------------------------------------
real command=cset shield -e /home/nrink/Projects/build/encode/encode/tests/ptrarith/ptrarith.perf.encoded --  --cso /dev/null
key=encoded, no.=46, <stderr>:
LENGTH=3000
elapsed cycles: 3394008
hi(checksum)=0xE15ED1618EC2C24B
lo(checksum)=0x62C6B70F43543490
key=encoded, no.=46, <checksum>:
0xE15ED1618EC2C24B62C6B70F43543490
key=encoded, no.=46, cso file:
/dev/null
----------------------------------------------
real command=cset shield -e /home/nrink/Projects/build/encode/encode/tests/ptrarith/ptrarith.perf.encoded --  --cso /dev/null
key=encoded, no.=47, <stderr>:
LENGTH=3000
elapsed cycles: 3434490
hi(checksum)=0xE15ED1618EC2C24B
lo(checksum)=0x62C6B70F43543490
key=encoded, no.=47, <checksum>:
0xE15ED1618EC2C24B62C6B70F43543490
key=encoded, no.=47, cso file:
/dev/null
----------------------------------------------
real command=cset shield -e /home/nrink/Projects/build/encode/encode/tests/ptrarith/ptrarith.perf.encoded --  --cso /dev/null
key=encoded, no.=48, <stderr>:
LENGTH=3000
elapsed cycles: 3397248
hi(checksum)=0xE15ED1618EC2C24B
lo(checksum)=0x62C6B70F43543490
key=encoded, no.=48, <checksum>:
0xE15ED1618EC2C24B62C6B70F43543490
key=encoded, no.=48, cso file:
/dev/null
----------------------------------------------
real command=cset shield -e /home/nrink/Projects/build/encode/encode/tests/ptrarith/ptrarith.perf.encoded --  --cso /dev/null
key=encoded, no.=49, <stderr>:
LENGTH=3000
elapsed cycles: 3427875
hi(checksum)=0xE15ED1618EC2C24B
lo(checksum)=0x62C6B70F43543490
key=encoded, no.=49, <checksum>:
0xE15ED1618EC2C24B62C6B70F43543490
key=encoded, no.=49, cso file:
/dev/null
----------------------------------------------
real command=cset shield -e /home/nrink/Projects/build/encode/encode/tests/ptrarith/ptrarith.perf.encoded --  --cso /dev/null
key=encoded, no.=50, <stderr>:
LENGTH=3000
elapsed cycles: 3429867
hi(checksum)=0xE15ED1618EC2C24B
lo(checksum)=0x62C6B70F43543490
key=encoded, no.=50, <checksum>:
0xE15ED1618EC2C24B62C6B70F43543490
key=encoded, no.=50, cso file:
/dev/null
----------------------------------------------
real command=cset shield -e /home/nrink/Projects/build/encode/encode/tests/ptrarith/ptrarith.perf.encoded --  --cso /dev/null
key=encoded, no.=51, <stderr>:
LENGTH=3000
elapsed cycles: 3392805
hi(checksum)=0xE15ED1618EC2C24B
lo(checksum)=0x62C6B70F43543490
key=encoded, no.=51, <checksum>:
0xE15ED1618EC2C24B62C6B70F43543490
key=encoded, no.=51, cso file:
/dev/null
----------------------------------------------
real command=cset shield -e /home/nrink/Projects/build/encode/encode/tests/ptrarith/ptrarith.perf.encoded --  --cso /dev/null
key=encoded, no.=52, <stderr>:
LENGTH=3000
elapsed cycles: 3431601
hi(checksum)=0xE15ED1618EC2C24B
lo(checksum)=0x62C6B70F43543490
key=encoded, no.=52, <checksum>:
0xE15ED1618EC2C24B62C6B70F43543490
key=encoded, no.=52, cso file:
/dev/null
----------------------------------------------
real command=cset shield -e /home/nrink/Projects/build/encode/encode/tests/ptrarith/ptrarith.perf.encoded --  --cso /dev/null
key=encoded, no.=53, <stderr>:
LENGTH=3000
elapsed cycles: 3431331
hi(checksum)=0xE15ED1618EC2C24B
lo(checksum)=0x62C6B70F43543490
key=encoded, no.=53, <checksum>:
0xE15ED1618EC2C24B62C6B70F43543490
key=encoded, no.=53, cso file:
/dev/null
----------------------------------------------
real command=cset shield -e /home/nrink/Projects/build/encode/encode/tests/ptrarith/ptrarith.perf.encoded --  --cso /dev/null
key=encoded, no.=54, <stderr>:
LENGTH=3000
elapsed cycles: 3394050
hi(checksum)=0xE15ED1618EC2C24B
lo(checksum)=0x62C6B70F43543490
key=encoded, no.=54, <checksum>:
0xE15ED1618EC2C24B62C6B70F43543490
key=encoded, no.=54, cso file:
/dev/null
----------------------------------------------
real command=cset shield -e /home/nrink/Projects/build/encode/encode/tests/ptrarith/ptrarith.perf.encoded --  --cso /dev/null
key=encoded, no.=55, <stderr>:
LENGTH=3000
elapsed cycles: 3393810
hi(checksum)=0xE15ED1618EC2C24B
lo(checksum)=0x62C6B70F43543490
key=encoded, no.=55, <checksum>:
0xE15ED1618EC2C24B62C6B70F43543490
key=encoded, no.=55, cso file:
/dev/null
----------------------------------------------
real command=cset shield -e /home/nrink/Projects/build/encode/encode/tests/ptrarith/ptrarith.perf.encoded --  --cso /dev/null
key=encoded, no.=56, <stderr>:
LENGTH=3000
elapsed cycles: 3395298
hi(checksum)=0xE15ED1618EC2C24B
lo(checksum)=0x62C6B70F43543490
key=encoded, no.=56, <checksum>:
0xE15ED1618EC2C24B62C6B70F43543490
key=encoded, no.=56, cso file:
/dev/null
----------------------------------------------
real command=cset shield -e /home/nrink/Projects/build/encode/encode/tests/ptrarith/ptrarith.perf.encoded --  --cso /dev/null
key=encoded, no.=57, <stderr>:
LENGTH=3000
elapsed cycles: 3435669
hi(checksum)=0xE15ED1618EC2C24B
lo(checksum)=0x62C6B70F43543490
key=encoded, no.=57, <checksum>:
0xE15ED1618EC2C24B62C6B70F43543490
key=encoded, no.=57, cso file:
/dev/null
----------------------------------------------
real command=cset shield -e /home/nrink/Projects/build/encode/encode/tests/ptrarith/ptrarith.perf.encoded --  --cso /dev/null
key=encoded, no.=58, <stderr>:
LENGTH=3000
elapsed cycles: 3429999
hi(checksum)=0xE15ED1618EC2C24B
lo(checksum)=0x62C6B70F43543490
key=encoded, no.=58, <checksum>:
0xE15ED1618EC2C24B62C6B70F43543490
key=encoded, no.=58, cso file:
/dev/null
----------------------------------------------
real command=cset shield -e /home/nrink/Projects/build/encode/encode/tests/ptrarith/ptrarith.perf.encoded --  --cso /dev/null
key=encoded, no.=59, <stderr>:
LENGTH=3000
elapsed cycles: 3394779
hi(checksum)=0xE15ED1618EC2C24B
lo(checksum)=0x62C6B70F43543490
key=encoded, no.=59, <checksum>:
0xE15ED1618EC2C24B62C6B70F43543490
key=encoded, no.=59, cso file:
/dev/null
----------------------------------------------
real command=cset shield -e /home/nrink/Projects/build/encode/encode/tests/ptrarith/ptrarith.perf.encoded --  --cso /dev/null
key=encoded, no.=60, <stderr>:
LENGTH=3000
elapsed cycles: 3551190
hi(checksum)=0xE15ED1618EC2C24B
lo(checksum)=0x62C6B70F43543490
key=encoded, no.=60, <checksum>:
0xE15ED1618EC2C24B62C6B70F43543490
key=encoded, no.=60, cso file:
/dev/null
----------------------------------------------
real command=cset shield -e /home/nrink/Projects/build/encode/encode/tests/ptrarith/ptrarith.perf.encoded --  --cso /dev/null
key=encoded, no.=61, <stderr>:
LENGTH=3000
elapsed cycles: 3397872
hi(checksum)=0xE15ED1618EC2C24B
lo(checksum)=0x62C6B70F43543490
key=encoded, no.=61, <checksum>:
0xE15ED1618EC2C24B62C6B70F43543490
key=encoded, no.=61, cso file:
/dev/null
----------------------------------------------
real command=cset shield -e /home/nrink/Projects/build/encode/encode/tests/ptrarith/ptrarith.perf.encoded --  --cso /dev/null
key=encoded, no.=62, <stderr>:
LENGTH=3000
elapsed cycles: 3391233
hi(checksum)=0xE15ED1618EC2C24B
lo(checksum)=0x62C6B70F43543490
key=encoded, no.=62, <checksum>:
0xE15ED1618EC2C24B62C6B70F43543490
key=encoded, no.=62, cso file:
/dev/null
----------------------------------------------
real command=cset shield -e /home/nrink/Projects/build/encode/encode/tests/ptrarith/ptrarith.perf.encoded --  --cso /dev/null
key=encoded, no.=63, <stderr>:
LENGTH=3000
elapsed cycles: 3401118
hi(checksum)=0xE15ED1618EC2C24B
lo(checksum)=0x62C6B70F43543490
key=encoded, no.=63, <checksum>:
0xE15ED1618EC2C24B62C6B70F43543490
key=encoded, no.=63, cso file:
/dev/null
----------------------------------------------
real command=cset shield -e /home/nrink/Projects/build/encode/encode/tests/ptrarith/ptrarith.perf.encoded --  --cso /dev/null
key=encoded, no.=64, <stderr>:
LENGTH=3000
elapsed cycles: 3397251
hi(checksum)=0xE15ED1618EC2C24B
lo(checksum)=0x62C6B70F43543490
key=encoded, no.=64, <checksum>:
0xE15ED1618EC2C24B62C6B70F43543490
key=encoded, no.=64, cso file:
/dev/null
----------------------------------------------
real command=cset shield -e /home/nrink/Projects/build/encode/encode/tests/ptrarith/ptrarith.perf.encoded --  --cso /dev/null
key=encoded, no.=65, <stderr>:
LENGTH=3000
elapsed cycles: 3437025
hi(checksum)=0xE15ED1618EC2C24B
lo(checksum)=0x62C6B70F43543490
key=encoded, no.=65, <checksum>:
0xE15ED1618EC2C24B62C6B70F43543490
key=encoded, no.=65, cso file:
/dev/null
----------------------------------------------
real command=cset shield -e /home/nrink/Projects/build/encode/encode/tests/ptrarith/ptrarith.perf.encoded --  --cso /dev/null
key=encoded, no.=66, <stderr>:
LENGTH=3000
elapsed cycles: 3394956
hi(checksum)=0xE15ED1618EC2C24B
lo(checksum)=0x62C6B70F43543490
key=encoded, no.=66, <checksum>:
0xE15ED1618EC2C24B62C6B70F43543490
key=encoded, no.=66, cso file:
/dev/null
----------------------------------------------
real command=cset shield -e /home/nrink/Projects/build/encode/encode/tests/ptrarith/ptrarith.perf.encoded --  --cso /dev/null
key=encoded, no.=67, <stderr>:
LENGTH=3000
elapsed cycles: 3445686
hi(checksum)=0xE15ED1618EC2C24B
lo(checksum)=0x62C6B70F43543490
key=encoded, no.=67, <checksum>:
0xE15ED1618EC2C24B62C6B70F43543490
key=encoded, no.=67, cso file:
/dev/null
----------------------------------------------
real command=cset shield -e /home/nrink/Projects/build/encode/encode/tests/ptrarith/ptrarith.perf.encoded --  --cso /dev/null
key=encoded, no.=68, <stderr>:
LENGTH=3000
elapsed cycles: 3393237
hi(checksum)=0xE15ED1618EC2C24B
lo(checksum)=0x62C6B70F43543490
key=encoded, no.=68, <checksum>:
0xE15ED1618EC2C24B62C6B70F43543490
key=encoded, no.=68, cso file:
/dev/null
----------------------------------------------
real command=cset shield -e /home/nrink/Projects/build/encode/encode/tests/ptrarith/ptrarith.perf.encoded --  --cso /dev/null
key=encoded, no.=69, <stderr>:
LENGTH=3000
elapsed cycles: 3436083
hi(checksum)=0xE15ED1618EC2C24B
lo(checksum)=0x62C6B70F43543490
key=encoded, no.=69, <checksum>:
0xE15ED1618EC2C24B62C6B70F43543490
key=encoded, no.=69, cso file:
/dev/null
----------------------------------------------
real command=cset shield -e /home/nrink/Projects/build/encode/encode/tests/ptrarith/ptrarith.perf.encoded --  --cso /dev/null
key=encoded, no.=70, <stderr>:
LENGTH=3000
elapsed cycles: 3437208
hi(checksum)=0xE15ED1618EC2C24B
lo(checksum)=0x62C6B70F43543490
key=encoded, no.=70, <checksum>:
0xE15ED1618EC2C24B62C6B70F43543490
key=encoded, no.=70, cso file:
/dev/null
----------------------------------------------
real command=cset shield -e /home/nrink/Projects/build/encode/encode/tests/ptrarith/ptrarith.perf.encoded --  --cso /dev/null
key=encoded, no.=71, <stderr>:
LENGTH=3000
elapsed cycles: 3394200
hi(checksum)=0xE15ED1618EC2C24B
lo(checksum)=0x62C6B70F43543490
key=encoded, no.=71, <checksum>:
0xE15ED1618EC2C24B62C6B70F43543490
key=encoded, no.=71, cso file:
/dev/null
----------------------------------------------
real command=cset shield -e /home/nrink/Projects/build/encode/encode/tests/ptrarith/ptrarith.perf.encoded --  --cso /dev/null
key=encoded, no.=72, <stderr>:
LENGTH=3000
elapsed cycles: 3394059
hi(checksum)=0xE15ED1618EC2C24B
lo(checksum)=0x62C6B70F43543490
key=encoded, no.=72, <checksum>:
0xE15ED1618EC2C24B62C6B70F43543490
key=encoded, no.=72, cso file:
/dev/null
----------------------------------------------
real command=cset shield -e /home/nrink/Projects/build/encode/encode/tests/ptrarith/ptrarith.perf.encoded --  --cso /dev/null
key=encoded, no.=73, <stderr>:
LENGTH=3000
elapsed cycles: 3395634
hi(checksum)=0xE15ED1618EC2C24B
lo(checksum)=0x62C6B70F43543490
key=encoded, no.=73, <checksum>:
0xE15ED1618EC2C24B62C6B70F43543490
key=encoded, no.=73, cso file:
/dev/null
----------------------------------------------
real command=cset shield -e /home/nrink/Projects/build/encode/encode/tests/ptrarith/ptrarith.perf.encoded --  --cso /dev/null
key=encoded, no.=74, <stderr>:
LENGTH=3000
elapsed cycles: 3396273
hi(checksum)=0xE15ED1618EC2C24B
lo(checksum)=0x62C6B70F43543490
key=encoded, no.=74, <checksum>:
0xE15ED1618EC2C24B62C6B70F43543490
key=encoded, no.=74, cso file:
/dev/null
----------------------------------------------
real command=cset shield -e /home/nrink/Projects/build/encode/encode/tests/ptrarith/ptrarith.perf.encoded --  --cso /dev/null
key=encoded, no.=75, <stderr>:
LENGTH=3000
elapsed cycles: 3470268
hi(checksum)=0xE15ED1618EC2C24B
lo(checksum)=0x62C6B70F43543490
key=encoded, no.=75, <checksum>:
0xE15ED1618EC2C24B62C6B70F43543490
key=encoded, no.=75, cso file:
/dev/null
----------------------------------------------
real command=cset shield -e /home/nrink/Projects/build/encode/encode/tests/ptrarith/ptrarith.perf.encoded --  --cso /dev/null
key=encoded, no.=76, <stderr>:
LENGTH=3000
elapsed cycles: 3392961
hi(checksum)=0xE15ED1618EC2C24B
lo(checksum)=0x62C6B70F43543490
key=encoded, no.=76, <checksum>:
0xE15ED1618EC2C24B62C6B70F43543490
key=encoded, no.=76, cso file:
/dev/null
----------------------------------------------
real command=cset shield -e /home/nrink/Projects/build/encode/encode/tests/ptrarith/ptrarith.perf.encoded --  --cso /dev/null
key=encoded, no.=77, <stderr>:
LENGTH=3000
elapsed cycles: 3429102
hi(checksum)=0xE15ED1618EC2C24B
lo(checksum)=0x62C6B70F43543490
key=encoded, no.=77, <checksum>:
0xE15ED1618EC2C24B62C6B70F43543490
key=encoded, no.=77, cso file:
/dev/null
----------------------------------------------
real command=cset shield -e /home/nrink/Projects/build/encode/encode/tests/ptrarith/ptrarith.perf.encoded --  --cso /dev/null
key=encoded, no.=78, <stderr>:
LENGTH=3000
elapsed cycles: 3392391
hi(checksum)=0xE15ED1618EC2C24B
lo(checksum)=0x62C6B70F43543490
key=encoded, no.=78, <checksum>:
0xE15ED1618EC2C24B62C6B70F43543490
key=encoded, no.=78, cso file:
/dev/null
----------------------------------------------
real command=cset shield -e /home/nrink/Projects/build/encode/encode/tests/ptrarith/ptrarith.perf.encoded --  --cso /dev/null
key=encoded, no.=79, <stderr>:
LENGTH=3000
elapsed cycles: 3445467
hi(checksum)=0xE15ED1618EC2C24B
lo(checksum)=0x62C6B70F43543490
key=encoded, no.=79, <checksum>:
0xE15ED1618EC2C24B62C6B70F43543490
key=encoded, no.=79, cso file:
/dev/null
----------------------------------------------
real command=cset shield -e /home/nrink/Projects/build/encode/encode/tests/ptrarith/ptrarith.perf.encoded --  --cso /dev/null
key=encoded, no.=80, <stderr>:
LENGTH=3000
elapsed cycles: 3435282
hi(checksum)=0xE15ED1618EC2C24B
lo(checksum)=0x62C6B70F43543490
key=encoded, no.=80, <checksum>:
0xE15ED1618EC2C24B62C6B70F43543490
key=encoded, no.=80, cso file:
/dev/null
----------------------------------------------
real command=cset shield -e /home/nrink/Projects/build/encode/encode/tests/ptrarith/ptrarith.perf.encoded --  --cso /dev/null
key=encoded, no.=81, <stderr>:
LENGTH=3000
elapsed cycles: 3398478
hi(checksum)=0xE15ED1618EC2C24B
lo(checksum)=0x62C6B70F43543490
key=encoded, no.=81, <checksum>:
0xE15ED1618EC2C24B62C6B70F43543490
key=encoded, no.=81, cso file:
/dev/null
----------------------------------------------
real command=cset shield -e /home/nrink/Projects/build/encode/encode/tests/ptrarith/ptrarith.perf.encoded --  --cso /dev/null
key=encoded, no.=82, <stderr>:
LENGTH=3000
elapsed cycles: 3395259
hi(checksum)=0xE15ED1618EC2C24B
lo(checksum)=0x62C6B70F43543490
key=encoded, no.=82, <checksum>:
0xE15ED1618EC2C24B62C6B70F43543490
key=encoded, no.=82, cso file:
/dev/null
----------------------------------------------
real command=cset shield -e /home/nrink/Projects/build/encode/encode/tests/ptrarith/ptrarith.perf.encoded --  --cso /dev/null
key=encoded, no.=83, <stderr>:
LENGTH=3000
elapsed cycles: 3479274
hi(checksum)=0xE15ED1618EC2C24B
lo(checksum)=0x62C6B70F43543490
key=encoded, no.=83, <checksum>:
0xE15ED1618EC2C24B62C6B70F43543490
key=encoded, no.=83, cso file:
/dev/null
----------------------------------------------
real command=cset shield -e /home/nrink/Projects/build/encode/encode/tests/ptrarith/ptrarith.perf.encoded --  --cso /dev/null
key=encoded, no.=84, <stderr>:
LENGTH=3000
elapsed cycles: 3393654
hi(checksum)=0xE15ED1618EC2C24B
lo(checksum)=0x62C6B70F43543490
key=encoded, no.=84, <checksum>:
0xE15ED1618EC2C24B62C6B70F43543490
key=encoded, no.=84, cso file:
/dev/null
----------------------------------------------
real command=cset shield -e /home/nrink/Projects/build/encode/encode/tests/ptrarith/ptrarith.perf.encoded --  --cso /dev/null
key=encoded, no.=85, <stderr>:
LENGTH=3000
elapsed cycles: 3425127
hi(checksum)=0xE15ED1618EC2C24B
lo(checksum)=0x62C6B70F43543490
key=encoded, no.=85, <checksum>:
0xE15ED1618EC2C24B62C6B70F43543490
key=encoded, no.=85, cso file:
/dev/null
----------------------------------------------
real command=cset shield -e /home/nrink/Projects/build/encode/encode/tests/ptrarith/ptrarith.perf.encoded --  --cso /dev/null
key=encoded, no.=86, <stderr>:
LENGTH=3000
elapsed cycles: 3430521
hi(checksum)=0xE15ED1618EC2C24B
lo(checksum)=0x62C6B70F43543490
key=encoded, no.=86, <checksum>:
0xE15ED1618EC2C24B62C6B70F43543490
key=encoded, no.=86, cso file:
/dev/null
----------------------------------------------
real command=cset shield -e /home/nrink/Projects/build/encode/encode/tests/ptrarith/ptrarith.perf.encoded --  --cso /dev/null
key=encoded, no.=87, <stderr>:
LENGTH=3000
elapsed cycles: 3395115
hi(checksum)=0xE15ED1618EC2C24B
lo(checksum)=0x62C6B70F43543490
key=encoded, no.=87, <checksum>:
0xE15ED1618EC2C24B62C6B70F43543490
key=encoded, no.=87, cso file:
/dev/null
----------------------------------------------
real command=cset shield -e /home/nrink/Projects/build/encode/encode/tests/ptrarith/ptrarith.perf.encoded --  --cso /dev/null
key=encoded, no.=88, <stderr>:
LENGTH=3000
elapsed cycles: 3396906
hi(checksum)=0xE15ED1618EC2C24B
lo(checksum)=0x62C6B70F43543490
key=encoded, no.=88, <checksum>:
0xE15ED1618EC2C24B62C6B70F43543490
key=encoded, no.=88, cso file:
/dev/null
----------------------------------------------
real command=cset shield -e /home/nrink/Projects/build/encode/encode/tests/ptrarith/ptrarith.perf.encoded --  --cso /dev/null
key=encoded, no.=89, <stderr>:
LENGTH=3000
elapsed cycles: 3392463
hi(checksum)=0xE15ED1618EC2C24B
lo(checksum)=0x62C6B70F43543490
key=encoded, no.=89, <checksum>:
0xE15ED1618EC2C24B62C6B70F43543490
key=encoded, no.=89, cso file:
/dev/null
----------------------------------------------
real command=cset shield -e /home/nrink/Projects/build/encode/encode/tests/ptrarith/ptrarith.perf.encoded --  --cso /dev/null
key=encoded, no.=90, <stderr>:
LENGTH=3000
elapsed cycles: 3394689
hi(checksum)=0xE15ED1618EC2C24B
lo(checksum)=0x62C6B70F43543490
key=encoded, no.=90, <checksum>:
0xE15ED1618EC2C24B62C6B70F43543490
key=encoded, no.=90, cso file:
/dev/null
----------------------------------------------
real command=cset shield -e /home/nrink/Projects/build/encode/encode/tests/ptrarith/ptrarith.perf.encoded --  --cso /dev/null
key=encoded, no.=91, <stderr>:
LENGTH=3000
elapsed cycles: 3408849
hi(checksum)=0xE15ED1618EC2C24B
lo(checksum)=0x62C6B70F43543490
key=encoded, no.=91, <checksum>:
0xE15ED1618EC2C24B62C6B70F43543490
key=encoded, no.=91, cso file:
/dev/null
----------------------------------------------
real command=cset shield -e /home/nrink/Projects/build/encode/encode/tests/ptrarith/ptrarith.perf.encoded --  --cso /dev/null
key=encoded, no.=92, <stderr>:
LENGTH=3000
elapsed cycles: 3437925
hi(checksum)=0xE15ED1618EC2C24B
lo(checksum)=0x62C6B70F43543490
key=encoded, no.=92, <checksum>:
0xE15ED1618EC2C24B62C6B70F43543490
key=encoded, no.=92, cso file:
/dev/null
----------------------------------------------
real command=cset shield -e /home/nrink/Projects/build/encode/encode/tests/ptrarith/ptrarith.perf.encoded --  --cso /dev/null
key=encoded, no.=93, <stderr>:
LENGTH=3000
elapsed cycles: 3530124
hi(checksum)=0xE15ED1618EC2C24B
lo(checksum)=0x62C6B70F43543490
key=encoded, no.=93, <checksum>:
0xE15ED1618EC2C24B62C6B70F43543490
key=encoded, no.=93, cso file:
/dev/null
----------------------------------------------
real command=cset shield -e /home/nrink/Projects/build/encode/encode/tests/ptrarith/ptrarith.perf.encoded --  --cso /dev/null
key=encoded, no.=94, <stderr>:
LENGTH=3000
elapsed cycles: 3392919
hi(checksum)=0xE15ED1618EC2C24B
lo(checksum)=0x62C6B70F43543490
key=encoded, no.=94, <checksum>:
0xE15ED1618EC2C24B62C6B70F43543490
key=encoded, no.=94, cso file:
/dev/null
----------------------------------------------
real command=cset shield -e /home/nrink/Projects/build/encode/encode/tests/ptrarith/ptrarith.perf.encoded --  --cso /dev/null
key=encoded, no.=95, <stderr>:
LENGTH=3000
elapsed cycles: 3410919
hi(checksum)=0xE15ED1618EC2C24B
lo(checksum)=0x62C6B70F43543490
key=encoded, no.=95, <checksum>:
0xE15ED1618EC2C24B62C6B70F43543490
key=encoded, no.=95, cso file:
/dev/null
----------------------------------------------
real command=cset shield -e /home/nrink/Projects/build/encode/encode/tests/ptrarith/ptrarith.perf.encoded --  --cso /dev/null
key=encoded, no.=96, <stderr>:
LENGTH=3000
elapsed cycles: 3396258
hi(checksum)=0xE15ED1618EC2C24B
lo(checksum)=0x62C6B70F43543490
key=encoded, no.=96, <checksum>:
0xE15ED1618EC2C24B62C6B70F43543490
key=encoded, no.=96, cso file:
/dev/null
----------------------------------------------
real command=cset shield -e /home/nrink/Projects/build/encode/encode/tests/ptrarith/ptrarith.perf.encoded --  --cso /dev/null
key=encoded, no.=97, <stderr>:
LENGTH=3000
elapsed cycles: 3477315
hi(checksum)=0xE15ED1618EC2C24B
lo(checksum)=0x62C6B70F43543490
key=encoded, no.=97, <checksum>:
0xE15ED1618EC2C24B62C6B70F43543490
key=encoded, no.=97, cso file:
/dev/null
----------------------------------------------
real command=cset shield -e /home/nrink/Projects/build/encode/encode/tests/ptrarith/ptrarith.perf.encoded --  --cso /dev/null
key=encoded, no.=98, <stderr>:
LENGTH=3000
elapsed cycles: 3398610
hi(checksum)=0xE15ED1618EC2C24B
lo(checksum)=0x62C6B70F43543490
key=encoded, no.=98, <checksum>:
0xE15ED1618EC2C24B62C6B70F43543490
key=encoded, no.=98, cso file:
/dev/null
----------------------------------------------
real command=cset shield -e /home/nrink/Projects/build/encode/encode/tests/ptrarith/ptrarith.perf.encoded --  --cso /dev/null
key=encoded, no.=99, <stderr>:
LENGTH=3000
elapsed cycles: 3428931
hi(checksum)=0xE15ED1618EC2C24B
lo(checksum)=0x62C6B70F43543490
key=encoded, no.=99, <checksum>:
0xE15ED1618EC2C24B62C6B70F43543490
key=encoded, no.=99, cso file:
/dev/null
----------------------------------------------
