<stderr> from running /home/nrink/Projects/pin-2.14-71313-gcc.4.4.7-linux/pin.sh -t /home/nrink/Projects/bfi/obj-intel64/bfi.so -trigger 163599 -cmd RADDR -seed 1 -mask 175 -- /home/nrink/Projects/build/encode/encode/tests/ptrarith/ptrarith.cover.plain --cso ./2015-05-05_16:55:44/ptrarith/cover/cs/plain.21.cso --csl ./2015-05-05_16:55:44/ptrarith/cover/cs/plain.21.csl:
[.:    0, IP = 0x400aa8, i = 163600, wa = 0, ra = 0, rr = 0, wr = 0, it = 0, t = 0]
	access = read, size = 8, addr = 0x603168, addr' = 0x6031c7, op = 0
elapsed cycles: 132725655
hi(checksum)=0x3EE6552C9F4DC254
lo(checksum)=0xE42104D7322C631F
**********************
INSTR   = 177526
WADDR   = 0
RADDR   = 0
RREG    = 0
WREG    = 0
ITER    = 0
TRIGGER = 163599
TTYPE   = IN
COMMAND = RADDR
SEL     = -1
SEED    = 1
MASK    = 0xaf
THREAD  = 0
ELAPSED = 8.50s
----------------------------------------------------------------
