<stderr> from running /home/nrink/Projects/pin-2.14-71313-gcc.4.4.7-linux/pin.sh -t /home/nrink/Projects/bfi/obj-intel64/bfi.so -trigger 163498 -cmd RREG -seed 1 -mask 92 -- /home/nrink/Projects/build/encode/encode/tests/ptrarith/ptrarith.cover.plain --cso ./2015-05-05_16:55:44/ptrarith/cover/cs/plain.25.cso --csl ./2015-05-05_16:55:44/ptrarith/cover/cs/plain.25.csl:
[.:    0, IP = 0x4008f4, i = 163498, wa = 0, ra = 0, rr = 0, wr = 0, it = 0, t = 0]
	at ip 0x4008f4, rax = 0x1, rax' = 0x5d
elapsed cycles: 198479523
hi(checksum)=0xF76FB9A26BA8088F
lo(checksum)=0x576DD8D0B80030AC
**********************
INSTR   = 177527
WADDR   = 0
RADDR   = 0
RREG    = 0
WREG    = 0
ITER    = 0
TRIGGER = 163498
TTYPE   = IN
COMMAND = RREG
SEL     = -1
SEED    = 1
MASK    = 0x5c
THREAD  = 0
ELAPSED = 6.54s
----------------------------------------------------------------
