<stderr> from running /home/nrink/Projects/pin-2.14-71313-gcc.4.4.7-linux/pin.sh -t /home/nrink/Projects/bfi/obj-intel64/bfi.so -trigger 163617 -cmd WVAL -seed 1 -mask 237 -- /home/nrink/Projects/build/encode/encode/tests/ptrarith/ptrarith.cover.plain --cso ./2015-05-05_16:55:44/ptrarith/cover/cs/plain.91.cso --csl ./2015-05-05_16:55:44/ptrarith/cover/cs/plain.91.csl:
[.:    0, IP = 0x400aab, i = 163617, wa = 0, ra = 0, rr = 0, wr = 0, it = 0, t = 0]
	access = write, size = 8, value = 13, value' = 224, addr = 0x603078, op = 0
elapsed cycles: 12010575
hi(checksum)=0xBF1694B357E7E42E
lo(checksum)=0x5647E92E42A1528B
**********************
INSTR   = 177509
WADDR   = 0
RADDR   = 0
RREG    = 0
WREG    = 0
ITER    = 0
TRIGGER = 163617
TTYPE   = IN
COMMAND = WVAL
SEL     = -1
SEED    = 1
MASK    = 0xed
THREAD  = 0
ELAPSED = 0.68s
----------------------------------------------------------------
