<stderr> from running /home/nrink/Projects/pin-2.14-71313-gcc.4.4.7-linux/pin.sh -t /home/nrink/Projects/bfi/obj-intel64/bfi.so -trigger 163660 -cmd WREG -seed 1 -mask 80 -- /home/nrink/Projects/build/encode/encode/tests/bubblesort/bubblesort.cover.plain --cso ./2015-05-05_15:21:14/bubblesort/cover/cs/plain.1.cso --csl ./2015-05-05_15:21:14/bubblesort/cover/cs/plain.1.csl:
[.:    0, IP = 0x400ab0, i = 163661, wa = 0, ra = 0, rr = 0, wr = 0, it = 0, t = 0]
	at ip 0x400ab1, rsp = 0x7fffffffe1a0, rsp' = 0x7fffffffe1f0
**********************
INSTR   = 164329
WADDR   = 0
RADDR   = 0
RREG    = 0
WREG    = 0
ITER    = 0
TRIGGER = 163660
TTYPE   = IN
COMMAND = WREG
SEL     = -1
SEED    = 1
MASK    = 0x50
THREAD  = 0
ELAPSED = 2.90s
Segmentation fault (core dumped)
----------------------------------------------------------------
