<stderr> from running /home/nrink/Projects/pin-2.14-71313-gcc.4.4.7-linux/pin.sh -t /home/nrink/Projects/bfi/obj-intel64/bfi.so -trigger 163566 -cmd WVAL -seed 1 -mask 76 -- /home/nrink/Projects/build/encode/encode/tests/ptrarith/ptrarith.cover.plain --cso ./2015-05-05_13:23:20/ptrarith/cover/cs/plain.77.cso --csl ./2015-05-05_13:23:20/ptrarith/cover/cs/plain.77.csl:
[.:    0, IP = 0x400aa4, i = 163567, wa = 0, ra = 0, rr = 0, wr = 0, it = 0, t = 0]
	access = write, size = 8, value = 0, value' = 76, addr = 0x603010, op = 0
elapsed cycles: 167140893
hi(checksum)=0xC74C02C9B83CE52C
lo(checksum)=0x3C795E11D179CC4C
**********************
INSTR   = 177526
WADDR   = 0
RADDR   = 0
RREG    = 0
WREG    = 0
ITER    = 0
TRIGGER = 163566
TTYPE   = IN
COMMAND = WVAL
SEL     = -1
SEED    = 1
MASK    = 0x4c
THREAD  = 0
ELAPSED = 6.89s
----------------------------------------------------------------
