<stderr> from running /home/nrink/Projects/pin-2.14-71313-gcc.4.4.7-linux/pin.sh -t /home/nrink/Projects/bfi/obj-intel64/bfi.so -trigger 164103 -cmd WREG -seed 1 -mask 246 -- /home/nrink/Projects/build/encode/encode/tests/ptrarith/ptrarith.cover.encoded --cso ./2015-05-05_13:23:20/ptrarith/cover/cs/encoded.56.cso --csl ./2015-05-05_13:23:20/ptrarith/cover/cs/encoded.56.csl:
[.:    0, IP = 0x400ce0, i = 164103, wa = 0, ra = 0, rr = 0, wr = 0, it = 0, t = 0]
	at ip 0x400ce3, r14 = 0xffffffffffffffdc, r14' = 0xffffffffffffff2a
elapsed cycles: 2616910080
hi(checksum)=0xBF1694865CA48119
lo(checksum)=0x17F6DE790EDB52F0
**********************
INSTR   = 182975
WADDR   = 0
RADDR   = 0
RREG    = 0
WREG    = 0
ITER    = 0
TRIGGER = 164103
TTYPE   = IN
COMMAND = WREG
SEL     = -1
SEED    = 1
MASK    = 0xf6
THREAD  = 0
ELAPSED = 18.74s
----------------------------------------------------------------
