<stderr> from running /home/nrink/Projects/pin-2.14-71313-gcc.4.4.7-linux/pin.sh -t /home/nrink/Projects/bfi/obj-intel64/bfi.so -trigger 165199 -cmd RREG -seed 1 -mask 88 -- /home/nrink/Projects/build/encode/encode/tests/ptrarith/ptrarith.cover.encoded --cso ./2015-05-05_13:23:20/ptrarith/cover/cs/encoded.6.cso --csl ./2015-05-05_13:23:20/ptrarith/cover/cs/encoded.6.csl:
[.:    0, IP = 0x400c82, i = 165199, wa = 0, ra = 0, rr = 0, wr = 0, it = 0, t = 0]
	at ip 0x400c82, r15 = 0xc060b0, r15' = 0xc060e8
elapsed cycles: 4079407443
hi(checksum)=0xBEDFB6424157A9EA
lo(checksum)=0x0EBFFE086D19261F
**********************
INSTR   = 183154
WADDR   = 0
RADDR   = 0
RREG    = 0
WREG    = 0
ITER    = 0
TRIGGER = 165199
TTYPE   = IN
COMMAND = RREG
SEL     = -1
SEED    = 1
MASK    = 0x58
THREAD  = 0
ELAPSED = 29.05s
----------------------------------------------------------------
