<stderr> from running /home/nrink/Projects/pin-2.14-71313-gcc.4.4.7-linux/pin.sh -t /home/nrink/Projects/bfi/obj-intel64/bfi.so -trigger 163518 -cmd WVAL -seed 1 -mask 43 -- /home/nrink/Projects/build/encode/encode/tests/ptrarith/ptrarith.cover.plain --cso ./2015-05-05_13:23:20/ptrarith/cover/cs/plain.47.cso --csl ./2015-05-05_13:23:20/ptrarith/cover/cs/plain.47.csl:
[.:    0, IP = 0x40096d, i = 163518, wa = 0, ra = 0, rr = 0, wr = 0, it = 0, t = 0]
	access = write, size = 16, value = 18, value' = 57, addr = 0x6031b0, op = 0
elapsed cycles: 161706516
hi(checksum)=0xBF1694865CA4831C
lo(checksum)=0x0BD7BD1CB5CA2403
**********************
INSTR   = 177699
WADDR   = 0
RADDR   = 0
RREG    = 0
WREG    = 0
ITER    = 0
TRIGGER = 163518
TTYPE   = IN
COMMAND = WVAL
SEL     = -1
SEED    = 1
MASK    = 0x2b
THREAD  = 0
ELAPSED = 6.92s
----------------------------------------------------------------
