2015-05-05_16:52:03 $$ reference checksum=0xAD8390F05779BECBC4A447B868780000
2015-05-05_16:52:03 $$ reference file: ./2015-05-05_16:42:18/matmul/cover/cs/golden.plain.cso
2015-05-05_16:52:03 $$ ----------------------------------------------------------------
2015-05-05_16:52:03 $$ Warming up ...
2015-05-05_16:52:03 $$ ... timing (0,1): $$ running /home/nrink/Projects/pin-2.14-71313-gcc.4.4.7-linux/pin.sh -t /home/nrink/Projects/bfi/obj-intel64/bfi.so -- /home/nrink/Projects/build/encode/encode/tests/matmul/matmul.cover.encoded --cso /dev/null --csl /dev/null ...
2015-05-05_16:52:03 $$ ... timing (0,1): $$ pid=5250: started process /home/nrink/Projects/pin-2.14-71313-gcc.4.4.7-linux/pin.sh -t /home/nrink/Projects/bfi/obj-intel64/bfi.so -- /home/nrink/Projects/build/encode/encode/tests/matmul/matmul.cover.encoded --cso /dev/null --csl /dev/null
2015-05-05_16:52:04 $$ ... timing (0,1): $$ pid=5250: communicated with process
2015-05-05_16:52:04 $$ ... timing (0,1): $$ finished running /home/nrink/Projects/pin-2.14-71313-gcc.4.4.7-linux/pin.sh -t /home/nrink/Projects/bfi/obj-intel64/bfi.so -- /home/nrink/Projects/build/encode/encode/tests/matmul/matmul.cover.encoded --cso /dev/null --csl /dev/null ...
2015-05-05_16:52:04 $$ ... timing (0,1): $$ writing <stderr> to ./2015-05-05_16:42:18/matmul/cover/matmul.cover.encoded.timing.0.1.stderr ...
2015-05-05_16:52:04 $$ ... timing (0,1): $$ done writing <stderr> to ./2015-05-05_16:42:18/matmul/cover/matmul.cover.encoded.timing.0.1.stderr ...
2015-05-05_16:52:04 $$ ... timing (0,1): $$ writing <stdout> to ./2015-05-05_16:42:18/matmul/cover/matmul.cover.encoded.timing.0.1.stdout ...
2015-05-05_16:52:04 $$ ... timing (0,1): $$ done writing <stdout> to ./2015-05-05_16:42:18/matmul/cover/matmul.cover.encoded.timing.0.1.stdout ...
2015-05-05_16:52:04 $$ ... timing (0,1): $$ None (retcode=0) /home/nrink/Projects/pin-2.14-71313-gcc.4.4.7-linux/pin.sh -t /home/nrink/Projects/bfi/obj-intel64/bfi.so -- /home/nrink/Projects/build/encode/encode/tests/matmul/matmul.cover.encoded --cso /dev/null --csl /dev/null ...
2015-05-05_16:52:03 $$ ... timing (0,3): $$ running /home/nrink/Projects/pin-2.14-71313-gcc.4.4.7-linux/pin.sh -t /home/nrink/Projects/bfi/obj-intel64/bfi.so -- /home/nrink/Projects/build/encode/encode/tests/matmul/matmul.cover.encoded --cso /dev/null --csl /dev/null ...
2015-05-05_16:52:03 $$ ... timing (0,3): $$ pid=5254: started process /home/nrink/Projects/pin-2.14-71313-gcc.4.4.7-linux/pin.sh -t /home/nrink/Projects/bfi/obj-intel64/bfi.so -- /home/nrink/Projects/build/encode/encode/tests/matmul/matmul.cover.encoded --cso /dev/null --csl /dev/null
2015-05-05_16:52:04 $$ ... timing (0,3): $$ pid=5254: communicated with process
2015-05-05_16:52:04 $$ ... timing (0,3): $$ finished running /home/nrink/Projects/pin-2.14-71313-gcc.4.4.7-linux/pin.sh -t /home/nrink/Projects/bfi/obj-intel64/bfi.so -- /home/nrink/Projects/build/encode/encode/tests/matmul/matmul.cover.encoded --cso /dev/null --csl /dev/null ...
2015-05-05_16:52:04 $$ ... timing (0,3): $$ writing <stderr> to ./2015-05-05_16:42:18/matmul/cover/matmul.cover.encoded.timing.0.3.stderr ...
2015-05-05_16:52:04 $$ ... timing (0,3): $$ done writing <stderr> to ./2015-05-05_16:42:18/matmul/cover/matmul.cover.encoded.timing.0.3.stderr ...
2015-05-05_16:52:04 $$ ... timing (0,3): $$ writing <stdout> to ./2015-05-05_16:42:18/matmul/cover/matmul.cover.encoded.timing.0.3.stdout ...
2015-05-05_16:52:04 $$ ... timing (0,3): $$ done writing <stdout> to ./2015-05-05_16:42:18/matmul/cover/matmul.cover.encoded.timing.0.3.stdout ...
2015-05-05_16:52:04 $$ ... timing (0,3): $$ None (retcode=0) /home/nrink/Projects/pin-2.14-71313-gcc.4.4.7-linux/pin.sh -t /home/nrink/Projects/bfi/obj-intel64/bfi.so -- /home/nrink/Projects/build/encode/encode/tests/matmul/matmul.cover.encoded --cso /dev/null --csl /dev/null ...
2015-05-05_16:52:03 $$ ... timing (0,0): $$ running /home/nrink/Projects/pin-2.14-71313-gcc.4.4.7-linux/pin.sh -t /home/nrink/Projects/bfi/obj-intel64/bfi.so -- /home/nrink/Projects/build/encode/encode/tests/matmul/matmul.cover.encoded --cso /dev/null --csl /dev/null ...
2015-05-05_16:52:03 $$ ... timing (0,0): $$ pid=5243: started process /home/nrink/Projects/pin-2.14-71313-gcc.4.4.7-linux/pin.sh -t /home/nrink/Projects/bfi/obj-intel64/bfi.so -- /home/nrink/Projects/build/encode/encode/tests/matmul/matmul.cover.encoded --cso /dev/null --csl /dev/null
2015-05-05_16:52:04 $$ ... timing (0,0): $$ pid=5243: communicated with process
2015-05-05_16:52:04 $$ ... timing (0,0): $$ finished running /home/nrink/Projects/pin-2.14-71313-gcc.4.4.7-linux/pin.sh -t /home/nrink/Projects/bfi/obj-intel64/bfi.so -- /home/nrink/Projects/build/encode/encode/tests/matmul/matmul.cover.encoded --cso /dev/null --csl /dev/null ...
2015-05-05_16:52:04 $$ ... timing (0,0): $$ writing <stderr> to ./2015-05-05_16:42:18/matmul/cover/matmul.cover.encoded.timing.0.0.stderr ...
2015-05-05_16:52:04 $$ ... timing (0,0): $$ done writing <stderr> to ./2015-05-05_16:42:18/matmul/cover/matmul.cover.encoded.timing.0.0.stderr ...
2015-05-05_16:52:04 $$ ... timing (0,0): $$ writing <stdout> to ./2015-05-05_16:42:18/matmul/cover/matmul.cover.encoded.timing.0.0.stdout ...
2015-05-05_16:52:04 $$ ... timing (0,0): $$ done writing <stdout> to ./2015-05-05_16:42:18/matmul/cover/matmul.cover.encoded.timing.0.0.stdout ...
2015-05-05_16:52:04 $$ ... timing (0,0): $$ None (retcode=0) /home/nrink/Projects/pin-2.14-71313-gcc.4.4.7-linux/pin.sh -t /home/nrink/Projects/bfi/obj-intel64/bfi.so -- /home/nrink/Projects/build/encode/encode/tests/matmul/matmul.cover.encoded --cso /dev/null --csl /dev/null ...
2015-05-05_16:52:03 $$ ... timing (0,2): $$ running /home/nrink/Projects/pin-2.14-71313-gcc.4.4.7-linux/pin.sh -t /home/nrink/Projects/bfi/obj-intel64/bfi.so -- /home/nrink/Projects/build/encode/encode/tests/matmul/matmul.cover.encoded --cso /dev/null --csl /dev/null ...
2015-05-05_16:52:03 $$ ... timing (0,2): $$ pid=5246: started process /home/nrink/Projects/pin-2.14-71313-gcc.4.4.7-linux/pin.sh -t /home/nrink/Projects/bfi/obj-intel64/bfi.so -- /home/nrink/Projects/build/encode/encode/tests/matmul/matmul.cover.encoded --cso /dev/null --csl /dev/null
2015-05-05_16:52:04 $$ ... timing (0,2): $$ pid=5246: communicated with process
2015-05-05_16:52:04 $$ ... timing (0,2): $$ finished running /home/nrink/Projects/pin-2.14-71313-gcc.4.4.7-linux/pin.sh -t /home/nrink/Projects/bfi/obj-intel64/bfi.so -- /home/nrink/Projects/build/encode/encode/tests/matmul/matmul.cover.encoded --cso /dev/null --csl /dev/null ...
2015-05-05_16:52:04 $$ ... timing (0,2): $$ writing <stderr> to ./2015-05-05_16:42:18/matmul/cover/matmul.cover.encoded.timing.0.2.stderr ...
2015-05-05_16:52:04 $$ ... timing (0,2): $$ done writing <stderr> to ./2015-05-05_16:42:18/matmul/cover/matmul.cover.encoded.timing.0.2.stderr ...
2015-05-05_16:52:04 $$ ... timing (0,2): $$ writing <stdout> to ./2015-05-05_16:42:18/matmul/cover/matmul.cover.encoded.timing.0.2.stdout ...
2015-05-05_16:52:04 $$ ... timing (0,2): $$ done writing <stdout> to ./2015-05-05_16:42:18/matmul/cover/matmul.cover.encoded.timing.0.2.stdout ...
2015-05-05_16:52:04 $$ ... timing (0,2): $$ None (retcode=0) /home/nrink/Projects/pin-2.14-71313-gcc.4.4.7-linux/pin.sh -t /home/nrink/Projects/bfi/obj-intel64/bfi.so -- /home/nrink/Projects/build/encode/encode/tests/matmul/matmul.cover.encoded --cso /dev/null --csl /dev/null ...
2015-05-05_16:52:04 $$ ... timing (1,2): $$ running /home/nrink/Projects/pin-2.14-71313-gcc.4.4.7-linux/pin.sh -t /home/nrink/Projects/bfi/obj-intel64/bfi.so -- /home/nrink/Projects/build/encode/encode/tests/matmul/matmul.cover.encoded --cso /dev/null --csl /dev/null ...
2015-05-05_16:52:04 $$ ... timing (1,2): $$ pid=5461: started process /home/nrink/Projects/pin-2.14-71313-gcc.4.4.7-linux/pin.sh -t /home/nrink/Projects/bfi/obj-intel64/bfi.so -- /home/nrink/Projects/build/encode/encode/tests/matmul/matmul.cover.encoded --cso /dev/null --csl /dev/null
2015-05-05_16:52:05 $$ ... timing (1,2): $$ pid=5461: communicated with process
2015-05-05_16:52:05 $$ ... timing (1,2): $$ finished running /home/nrink/Projects/pin-2.14-71313-gcc.4.4.7-linux/pin.sh -t /home/nrink/Projects/bfi/obj-intel64/bfi.so -- /home/nrink/Projects/build/encode/encode/tests/matmul/matmul.cover.encoded --cso /dev/null --csl /dev/null ...
2015-05-05_16:52:05 $$ ... timing (1,2): $$ writing <stderr> to ./2015-05-05_16:42:18/matmul/cover/matmul.cover.encoded.timing.1.2.stderr ...
2015-05-05_16:52:05 $$ ... timing (1,2): $$ done writing <stderr> to ./2015-05-05_16:42:18/matmul/cover/matmul.cover.encoded.timing.1.2.stderr ...
2015-05-05_16:52:05 $$ ... timing (1,2): $$ writing <stdout> to ./2015-05-05_16:42:18/matmul/cover/matmul.cover.encoded.timing.1.2.stdout ...
2015-05-05_16:52:05 $$ ... timing (1,2): $$ done writing <stdout> to ./2015-05-05_16:42:18/matmul/cover/matmul.cover.encoded.timing.1.2.stdout ...
2015-05-05_16:52:05 $$ ... timing (1,2): $$ None (retcode=0) /home/nrink/Projects/pin-2.14-71313-gcc.4.4.7-linux/pin.sh -t /home/nrink/Projects/bfi/obj-intel64/bfi.so -- /home/nrink/Projects/build/encode/encode/tests/matmul/matmul.cover.encoded --cso /dev/null --csl /dev/null ...
2015-05-05_16:52:04 $$ ... timing (1,0): $$ running /home/nrink/Projects/pin-2.14-71313-gcc.4.4.7-linux/pin.sh -t /home/nrink/Projects/bfi/obj-intel64/bfi.so -- /home/nrink/Projects/build/encode/encode/tests/matmul/matmul.cover.encoded --cso /dev/null --csl /dev/null ...
2015-05-05_16:52:04 $$ ... timing (1,0): $$ pid=5459: started process /home/nrink/Projects/pin-2.14-71313-gcc.4.4.7-linux/pin.sh -t /home/nrink/Projects/bfi/obj-intel64/bfi.so -- /home/nrink/Projects/build/encode/encode/tests/matmul/matmul.cover.encoded --cso /dev/null --csl /dev/null
2015-05-05_16:52:05 $$ ... timing (1,0): $$ pid=5459: communicated with process
2015-05-05_16:52:05 $$ ... timing (1,0): $$ finished running /home/nrink/Projects/pin-2.14-71313-gcc.4.4.7-linux/pin.sh -t /home/nrink/Projects/bfi/obj-intel64/bfi.so -- /home/nrink/Projects/build/encode/encode/tests/matmul/matmul.cover.encoded --cso /dev/null --csl /dev/null ...
2015-05-05_16:52:05 $$ ... timing (1,0): $$ writing <stderr> to ./2015-05-05_16:42:18/matmul/cover/matmul.cover.encoded.timing.1.0.stderr ...
2015-05-05_16:52:05 $$ ... timing (1,0): $$ done writing <stderr> to ./2015-05-05_16:42:18/matmul/cover/matmul.cover.encoded.timing.1.0.stderr ...
2015-05-05_16:52:05 $$ ... timing (1,0): $$ writing <stdout> to ./2015-05-05_16:42:18/matmul/cover/matmul.cover.encoded.timing.1.0.stdout ...
2015-05-05_16:52:05 $$ ... timing (1,0): $$ done writing <stdout> to ./2015-05-05_16:42:18/matmul/cover/matmul.cover.encoded.timing.1.0.stdout ...
2015-05-05_16:52:05 $$ ... timing (1,0): $$ None (retcode=0) /home/nrink/Projects/pin-2.14-71313-gcc.4.4.7-linux/pin.sh -t /home/nrink/Projects/bfi/obj-intel64/bfi.so -- /home/nrink/Projects/build/encode/encode/tests/matmul/matmul.cover.encoded --cso /dev/null --csl /dev/null ...
2015-05-05_16:52:04 $$ ... timing (1,3): $$ running /home/nrink/Projects/pin-2.14-71313-gcc.4.4.7-linux/pin.sh -t /home/nrink/Projects/bfi/obj-intel64/bfi.so -- /home/nrink/Projects/build/encode/encode/tests/matmul/matmul.cover.encoded --cso /dev/null --csl /dev/null ...
2015-05-05_16:52:04 $$ ... timing (1,3): $$ pid=5460: started process /home/nrink/Projects/pin-2.14-71313-gcc.4.4.7-linux/pin.sh -t /home/nrink/Projects/bfi/obj-intel64/bfi.so -- /home/nrink/Projects/build/encode/encode/tests/matmul/matmul.cover.encoded --cso /dev/null --csl /dev/null
2015-05-05_16:52:05 $$ ... timing (1,3): $$ pid=5460: communicated with process
2015-05-05_16:52:05 $$ ... timing (1,3): $$ finished running /home/nrink/Projects/pin-2.14-71313-gcc.4.4.7-linux/pin.sh -t /home/nrink/Projects/bfi/obj-intel64/bfi.so -- /home/nrink/Projects/build/encode/encode/tests/matmul/matmul.cover.encoded --cso /dev/null --csl /dev/null ...
2015-05-05_16:52:05 $$ ... timing (1,3): $$ writing <stderr> to ./2015-05-05_16:42:18/matmul/cover/matmul.cover.encoded.timing.1.3.stderr ...
2015-05-05_16:52:05 $$ ... timing (1,3): $$ done writing <stderr> to ./2015-05-05_16:42:18/matmul/cover/matmul.cover.encoded.timing.1.3.stderr ...
2015-05-05_16:52:05 $$ ... timing (1,3): $$ writing <stdout> to ./2015-05-05_16:42:18/matmul/cover/matmul.cover.encoded.timing.1.3.stdout ...
2015-05-05_16:52:05 $$ ... timing (1,3): $$ done writing <stdout> to ./2015-05-05_16:42:18/matmul/cover/matmul.cover.encoded.timing.1.3.stdout ...
2015-05-05_16:52:05 $$ ... timing (1,3): $$ None (retcode=0) /home/nrink/Projects/pin-2.14-71313-gcc.4.4.7-linux/pin.sh -t /home/nrink/Projects/bfi/obj-intel64/bfi.so -- /home/nrink/Projects/build/encode/encode/tests/matmul/matmul.cover.encoded --cso /dev/null --csl /dev/null ...
2015-05-05_16:52:04 $$ ... timing (1,1): $$ running /home/nrink/Projects/pin-2.14-71313-gcc.4.4.7-linux/pin.sh -t /home/nrink/Projects/bfi/obj-intel64/bfi.so -- /home/nrink/Projects/build/encode/encode/tests/matmul/matmul.cover.encoded --cso /dev/null --csl /dev/null ...
2015-05-05_16:52:04 $$ ... timing (1,1): $$ pid=5458: started process /home/nrink/Projects/pin-2.14-71313-gcc.4.4.7-linux/pin.sh -t /home/nrink/Projects/bfi/obj-intel64/bfi.so -- /home/nrink/Projects/build/encode/encode/tests/matmul/matmul.cover.encoded --cso /dev/null --csl /dev/null
2015-05-05_16:52:05 $$ ... timing (1,1): $$ pid=5458: communicated with process
2015-05-05_16:52:05 $$ ... timing (1,1): $$ finished running /home/nrink/Projects/pin-2.14-71313-gcc.4.4.7-linux/pin.sh -t /home/nrink/Projects/bfi/obj-intel64/bfi.so -- /home/nrink/Projects/build/encode/encode/tests/matmul/matmul.cover.encoded --cso /dev/null --csl /dev/null ...
2015-05-05_16:52:05 $$ ... timing (1,1): $$ writing <stderr> to ./2015-05-05_16:42:18/matmul/cover/matmul.cover.encoded.timing.1.1.stderr ...
2015-05-05_16:52:05 $$ ... timing (1,1): $$ done writing <stderr> to ./2015-05-05_16:42:18/matmul/cover/matmul.cover.encoded.timing.1.1.stderr ...
2015-05-05_16:52:05 $$ ... timing (1,1): $$ writing <stdout> to ./2015-05-05_16:42:18/matmul/cover/matmul.cover.encoded.timing.1.1.stdout ...
2015-05-05_16:52:05 $$ ... timing (1,1): $$ done writing <stdout> to ./2015-05-05_16:42:18/matmul/cover/matmul.cover.encoded.timing.1.1.stdout ...
2015-05-05_16:52:05 $$ ... timing (1,1): $$ None (retcode=0) /home/nrink/Projects/pin-2.14-71313-gcc.4.4.7-linux/pin.sh -t /home/nrink/Projects/bfi/obj-intel64/bfi.so -- /home/nrink/Projects/build/encode/encode/tests/matmul/matmul.cover.encoded --cso /dev/null --csl /dev/null ...
2015-05-05_16:52:05 $$ ... timing (2,2): $$ running /home/nrink/Projects/pin-2.14-71313-gcc.4.4.7-linux/pin.sh -t /home/nrink/Projects/bfi/obj-intel64/bfi.so -- /home/nrink/Projects/build/encode/encode/tests/matmul/matmul.cover.encoded --cso /dev/null --csl /dev/null ...
2015-05-05_16:52:05 $$ ... timing (2,2): $$ pid=5683: started process /home/nrink/Projects/pin-2.14-71313-gcc.4.4.7-linux/pin.sh -t /home/nrink/Projects/bfi/obj-intel64/bfi.so -- /home/nrink/Projects/build/encode/encode/tests/matmul/matmul.cover.encoded --cso /dev/null --csl /dev/null
2015-05-05_16:52:06 $$ ... timing (2,2): $$ pid=5683: communicated with process
2015-05-05_16:52:06 $$ ... timing (2,2): $$ finished running /home/nrink/Projects/pin-2.14-71313-gcc.4.4.7-linux/pin.sh -t /home/nrink/Projects/bfi/obj-intel64/bfi.so -- /home/nrink/Projects/build/encode/encode/tests/matmul/matmul.cover.encoded --cso /dev/null --csl /dev/null ...
2015-05-05_16:52:06 $$ ... timing (2,2): $$ writing <stderr> to ./2015-05-05_16:42:18/matmul/cover/matmul.cover.encoded.timing.2.2.stderr ...
2015-05-05_16:52:06 $$ ... timing (2,2): $$ done writing <stderr> to ./2015-05-05_16:42:18/matmul/cover/matmul.cover.encoded.timing.2.2.stderr ...
2015-05-05_16:52:06 $$ ... timing (2,2): $$ writing <stdout> to ./2015-05-05_16:42:18/matmul/cover/matmul.cover.encoded.timing.2.2.stdout ...
2015-05-05_16:52:06 $$ ... timing (2,2): $$ done writing <stdout> to ./2015-05-05_16:42:18/matmul/cover/matmul.cover.encoded.timing.2.2.stdout ...
2015-05-05_16:52:06 $$ ... timing (2,2): $$ None (retcode=0) /home/nrink/Projects/pin-2.14-71313-gcc.4.4.7-linux/pin.sh -t /home/nrink/Projects/bfi/obj-intel64/bfi.so -- /home/nrink/Projects/build/encode/encode/tests/matmul/matmul.cover.encoded --cso /dev/null --csl /dev/null ...
2015-05-05_16:52:05 $$ ... timing (2,1): $$ running /home/nrink/Projects/pin-2.14-71313-gcc.4.4.7-linux/pin.sh -t /home/nrink/Projects/bfi/obj-intel64/bfi.so -- /home/nrink/Projects/build/encode/encode/tests/matmul/matmul.cover.encoded --cso /dev/null --csl /dev/null ...
2015-05-05_16:52:05 $$ ... timing (2,1): $$ pid=5681: started process /home/nrink/Projects/pin-2.14-71313-gcc.4.4.7-linux/pin.sh -t /home/nrink/Projects/bfi/obj-intel64/bfi.so -- /home/nrink/Projects/build/encode/encode/tests/matmul/matmul.cover.encoded --cso /dev/null --csl /dev/null
2015-05-05_16:52:06 $$ ... timing (2,1): $$ pid=5681: communicated with process
2015-05-05_16:52:06 $$ ... timing (2,1): $$ finished running /home/nrink/Projects/pin-2.14-71313-gcc.4.4.7-linux/pin.sh -t /home/nrink/Projects/bfi/obj-intel64/bfi.so -- /home/nrink/Projects/build/encode/encode/tests/matmul/matmul.cover.encoded --cso /dev/null --csl /dev/null ...
2015-05-05_16:52:06 $$ ... timing (2,1): $$ writing <stderr> to ./2015-05-05_16:42:18/matmul/cover/matmul.cover.encoded.timing.2.1.stderr ...
2015-05-05_16:52:06 $$ ... timing (2,1): $$ done writing <stderr> to ./2015-05-05_16:42:18/matmul/cover/matmul.cover.encoded.timing.2.1.stderr ...
2015-05-05_16:52:06 $$ ... timing (2,1): $$ writing <stdout> to ./2015-05-05_16:42:18/matmul/cover/matmul.cover.encoded.timing.2.1.stdout ...
2015-05-05_16:52:06 $$ ... timing (2,1): $$ done writing <stdout> to ./2015-05-05_16:42:18/matmul/cover/matmul.cover.encoded.timing.2.1.stdout ...
2015-05-05_16:52:06 $$ ... timing (2,1): $$ None (retcode=0) /home/nrink/Projects/pin-2.14-71313-gcc.4.4.7-linux/pin.sh -t /home/nrink/Projects/bfi/obj-intel64/bfi.so -- /home/nrink/Projects/build/encode/encode/tests/matmul/matmul.cover.encoded --cso /dev/null --csl /dev/null ...
2015-05-05_16:52:05 $$ ... timing (2,0): $$ running /home/nrink/Projects/pin-2.14-71313-gcc.4.4.7-linux/pin.sh -t /home/nrink/Projects/bfi/obj-intel64/bfi.so -- /home/nrink/Projects/build/encode/encode/tests/matmul/matmul.cover.encoded --cso /dev/null --csl /dev/null ...
2015-05-05_16:52:05 $$ ... timing (2,0): $$ pid=5670: started process /home/nrink/Projects/pin-2.14-71313-gcc.4.4.7-linux/pin.sh -t /home/nrink/Projects/bfi/obj-intel64/bfi.so -- /home/nrink/Projects/build/encode/encode/tests/matmul/matmul.cover.encoded --cso /dev/null --csl /dev/null
2015-05-05_16:52:06 $$ ... timing (2,0): $$ pid=5670: communicated with process
2015-05-05_16:52:06 $$ ... timing (2,0): $$ finished running /home/nrink/Projects/pin-2.14-71313-gcc.4.4.7-linux/pin.sh -t /home/nrink/Projects/bfi/obj-intel64/bfi.so -- /home/nrink/Projects/build/encode/encode/tests/matmul/matmul.cover.encoded --cso /dev/null --csl /dev/null ...
2015-05-05_16:52:06 $$ ... timing (2,0): $$ writing <stderr> to ./2015-05-05_16:42:18/matmul/cover/matmul.cover.encoded.timing.2.0.stderr ...
2015-05-05_16:52:06 $$ ... timing (2,0): $$ done writing <stderr> to ./2015-05-05_16:42:18/matmul/cover/matmul.cover.encoded.timing.2.0.stderr ...
2015-05-05_16:52:06 $$ ... timing (2,0): $$ writing <stdout> to ./2015-05-05_16:42:18/matmul/cover/matmul.cover.encoded.timing.2.0.stdout ...
2015-05-05_16:52:06 $$ ... timing (2,0): $$ done writing <stdout> to ./2015-05-05_16:42:18/matmul/cover/matmul.cover.encoded.timing.2.0.stdout ...
2015-05-05_16:52:06 $$ ... timing (2,0): $$ None (retcode=0) /home/nrink/Projects/pin-2.14-71313-gcc.4.4.7-linux/pin.sh -t /home/nrink/Projects/bfi/obj-intel64/bfi.so -- /home/nrink/Projects/build/encode/encode/tests/matmul/matmul.cover.encoded --cso /dev/null --csl /dev/null ...
2015-05-05_16:52:05 $$ ... timing (2,3): $$ running /home/nrink/Projects/pin-2.14-71313-gcc.4.4.7-linux/pin.sh -t /home/nrink/Projects/bfi/obj-intel64/bfi.so -- /home/nrink/Projects/build/encode/encode/tests/matmul/matmul.cover.encoded --cso /dev/null --csl /dev/null ...
2015-05-05_16:52:05 $$ ... timing (2,3): $$ pid=5682: started process /home/nrink/Projects/pin-2.14-71313-gcc.4.4.7-linux/pin.sh -t /home/nrink/Projects/bfi/obj-intel64/bfi.so -- /home/nrink/Projects/build/encode/encode/tests/matmul/matmul.cover.encoded --cso /dev/null --csl /dev/null
2015-05-05_16:52:06 $$ ... timing (2,3): $$ pid=5682: communicated with process
2015-05-05_16:52:06 $$ ... timing (2,3): $$ finished running /home/nrink/Projects/pin-2.14-71313-gcc.4.4.7-linux/pin.sh -t /home/nrink/Projects/bfi/obj-intel64/bfi.so -- /home/nrink/Projects/build/encode/encode/tests/matmul/matmul.cover.encoded --cso /dev/null --csl /dev/null ...
2015-05-05_16:52:06 $$ ... timing (2,3): $$ writing <stderr> to ./2015-05-05_16:42:18/matmul/cover/matmul.cover.encoded.timing.2.3.stderr ...
2015-05-05_16:52:06 $$ ... timing (2,3): $$ done writing <stderr> to ./2015-05-05_16:42:18/matmul/cover/matmul.cover.encoded.timing.2.3.stderr ...
2015-05-05_16:52:06 $$ ... timing (2,3): $$ writing <stdout> to ./2015-05-05_16:42:18/matmul/cover/matmul.cover.encoded.timing.2.3.stdout ...
2015-05-05_16:52:06 $$ ... timing (2,3): $$ done writing <stdout> to ./2015-05-05_16:42:18/matmul/cover/matmul.cover.encoded.timing.2.3.stdout ...
2015-05-05_16:52:06 $$ ... timing (2,3): $$ None (retcode=0) /home/nrink/Projects/pin-2.14-71313-gcc.4.4.7-linux/pin.sh -t /home/nrink/Projects/bfi/obj-intel64/bfi.so -- /home/nrink/Projects/build/encode/encode/tests/matmul/matmul.cover.encoded --cso /dev/null --csl /dev/null ...
2015-05-05_16:52:06 $$ ... timing (3,2): $$ running /home/nrink/Projects/pin-2.14-71313-gcc.4.4.7-linux/pin.sh -t /home/nrink/Projects/bfi/obj-intel64/bfi.so -- /home/nrink/Projects/build/encode/encode/tests/matmul/matmul.cover.encoded --cso /dev/null --csl /dev/null ...
2015-05-05_16:52:06 $$ ... timing (3,2): $$ pid=5900: started process /home/nrink/Projects/pin-2.14-71313-gcc.4.4.7-linux/pin.sh -t /home/nrink/Projects/bfi/obj-intel64/bfi.so -- /home/nrink/Projects/build/encode/encode/tests/matmul/matmul.cover.encoded --cso /dev/null --csl /dev/null
2015-05-05_16:52:07 $$ ... timing (3,2): $$ pid=5900: communicated with process
2015-05-05_16:52:07 $$ ... timing (3,2): $$ finished running /home/nrink/Projects/pin-2.14-71313-gcc.4.4.7-linux/pin.sh -t /home/nrink/Projects/bfi/obj-intel64/bfi.so -- /home/nrink/Projects/build/encode/encode/tests/matmul/matmul.cover.encoded --cso /dev/null --csl /dev/null ...
2015-05-05_16:52:07 $$ ... timing (3,2): $$ writing <stderr> to ./2015-05-05_16:42:18/matmul/cover/matmul.cover.encoded.timing.3.2.stderr ...
2015-05-05_16:52:07 $$ ... timing (3,2): $$ done writing <stderr> to ./2015-05-05_16:42:18/matmul/cover/matmul.cover.encoded.timing.3.2.stderr ...
2015-05-05_16:52:07 $$ ... timing (3,2): $$ writing <stdout> to ./2015-05-05_16:42:18/matmul/cover/matmul.cover.encoded.timing.3.2.stdout ...
2015-05-05_16:52:07 $$ ... timing (3,2): $$ done writing <stdout> to ./2015-05-05_16:42:18/matmul/cover/matmul.cover.encoded.timing.3.2.stdout ...
2015-05-05_16:52:07 $$ ... timing (3,2): $$ None (retcode=0) /home/nrink/Projects/pin-2.14-71313-gcc.4.4.7-linux/pin.sh -t /home/nrink/Projects/bfi/obj-intel64/bfi.so -- /home/nrink/Projects/build/encode/encode/tests/matmul/matmul.cover.encoded --cso /dev/null --csl /dev/null ...
2015-05-05_16:52:06 $$ ... timing (3,3): $$ running /home/nrink/Projects/pin-2.14-71313-gcc.4.4.7-linux/pin.sh -t /home/nrink/Projects/bfi/obj-intel64/bfi.so -- /home/nrink/Projects/build/encode/encode/tests/matmul/matmul.cover.encoded --cso /dev/null --csl /dev/null ...
2015-05-05_16:52:06 $$ ... timing (3,3): $$ pid=5901: started process /home/nrink/Projects/pin-2.14-71313-gcc.4.4.7-linux/pin.sh -t /home/nrink/Projects/bfi/obj-intel64/bfi.so -- /home/nrink/Projects/build/encode/encode/tests/matmul/matmul.cover.encoded --cso /dev/null --csl /dev/null
2015-05-05_16:52:07 $$ ... timing (3,3): $$ pid=5901: communicated with process
2015-05-05_16:52:07 $$ ... timing (3,3): $$ finished running /home/nrink/Projects/pin-2.14-71313-gcc.4.4.7-linux/pin.sh -t /home/nrink/Projects/bfi/obj-intel64/bfi.so -- /home/nrink/Projects/build/encode/encode/tests/matmul/matmul.cover.encoded --cso /dev/null --csl /dev/null ...
2015-05-05_16:52:07 $$ ... timing (3,3): $$ writing <stderr> to ./2015-05-05_16:42:18/matmul/cover/matmul.cover.encoded.timing.3.3.stderr ...
2015-05-05_16:52:07 $$ ... timing (3,3): $$ done writing <stderr> to ./2015-05-05_16:42:18/matmul/cover/matmul.cover.encoded.timing.3.3.stderr ...
2015-05-05_16:52:07 $$ ... timing (3,3): $$ writing <stdout> to ./2015-05-05_16:42:18/matmul/cover/matmul.cover.encoded.timing.3.3.stdout ...
2015-05-05_16:52:07 $$ ... timing (3,3): $$ done writing <stdout> to ./2015-05-05_16:42:18/matmul/cover/matmul.cover.encoded.timing.3.3.stdout ...
2015-05-05_16:52:07 $$ ... timing (3,3): $$ None (retcode=0) /home/nrink/Projects/pin-2.14-71313-gcc.4.4.7-linux/pin.sh -t /home/nrink/Projects/bfi/obj-intel64/bfi.so -- /home/nrink/Projects/build/encode/encode/tests/matmul/matmul.cover.encoded --cso /dev/null --csl /dev/null ...
2015-05-05_16:52:06 $$ ... timing (3,0): $$ running /home/nrink/Projects/pin-2.14-71313-gcc.4.4.7-linux/pin.sh -t /home/nrink/Projects/bfi/obj-intel64/bfi.so -- /home/nrink/Projects/build/encode/encode/tests/matmul/matmul.cover.encoded --cso /dev/null --csl /dev/null ...
2015-05-05_16:52:06 $$ ... timing (3,0): $$ pid=5886: started process /home/nrink/Projects/pin-2.14-71313-gcc.4.4.7-linux/pin.sh -t /home/nrink/Projects/bfi/obj-intel64/bfi.so -- /home/nrink/Projects/build/encode/encode/tests/matmul/matmul.cover.encoded --cso /dev/null --csl /dev/null
2015-05-05_16:52:08 $$ ... timing (3,0): $$ pid=5886: communicated with process
2015-05-05_16:52:08 $$ ... timing (3,0): $$ finished running /home/nrink/Projects/pin-2.14-71313-gcc.4.4.7-linux/pin.sh -t /home/nrink/Projects/bfi/obj-intel64/bfi.so -- /home/nrink/Projects/build/encode/encode/tests/matmul/matmul.cover.encoded --cso /dev/null --csl /dev/null ...
2015-05-05_16:52:08 $$ ... timing (3,0): $$ writing <stderr> to ./2015-05-05_16:42:18/matmul/cover/matmul.cover.encoded.timing.3.0.stderr ...
2015-05-05_16:52:08 $$ ... timing (3,0): $$ done writing <stderr> to ./2015-05-05_16:42:18/matmul/cover/matmul.cover.encoded.timing.3.0.stderr ...
2015-05-05_16:52:08 $$ ... timing (3,0): $$ writing <stdout> to ./2015-05-05_16:42:18/matmul/cover/matmul.cover.encoded.timing.3.0.stdout ...
2015-05-05_16:52:08 $$ ... timing (3,0): $$ done writing <stdout> to ./2015-05-05_16:42:18/matmul/cover/matmul.cover.encoded.timing.3.0.stdout ...
2015-05-05_16:52:08 $$ ... timing (3,0): $$ None (retcode=0) /home/nrink/Projects/pin-2.14-71313-gcc.4.4.7-linux/pin.sh -t /home/nrink/Projects/bfi/obj-intel64/bfi.so -- /home/nrink/Projects/build/encode/encode/tests/matmul/matmul.cover.encoded --cso /dev/null --csl /dev/null ...
2015-05-05_16:52:06 $$ ... timing (3,1): $$ running /home/nrink/Projects/pin-2.14-71313-gcc.4.4.7-linux/pin.sh -t /home/nrink/Projects/bfi/obj-intel64/bfi.so -- /home/nrink/Projects/build/encode/encode/tests/matmul/matmul.cover.encoded --cso /dev/null --csl /dev/null ...
2015-05-05_16:52:06 $$ ... timing (3,1): $$ pid=5906: started process /home/nrink/Projects/pin-2.14-71313-gcc.4.4.7-linux/pin.sh -t /home/nrink/Projects/bfi/obj-intel64/bfi.so -- /home/nrink/Projects/build/encode/encode/tests/matmul/matmul.cover.encoded --cso /dev/null --csl /dev/null
2015-05-05_16:52:08 $$ ... timing (3,1): $$ pid=5906: communicated with process
2015-05-05_16:52:08 $$ ... timing (3,1): $$ finished running /home/nrink/Projects/pin-2.14-71313-gcc.4.4.7-linux/pin.sh -t /home/nrink/Projects/bfi/obj-intel64/bfi.so -- /home/nrink/Projects/build/encode/encode/tests/matmul/matmul.cover.encoded --cso /dev/null --csl /dev/null ...
2015-05-05_16:52:08 $$ ... timing (3,1): $$ writing <stderr> to ./2015-05-05_16:42:18/matmul/cover/matmul.cover.encoded.timing.3.1.stderr ...
2015-05-05_16:52:08 $$ ... timing (3,1): $$ done writing <stderr> to ./2015-05-05_16:42:18/matmul/cover/matmul.cover.encoded.timing.3.1.stderr ...
2015-05-05_16:52:08 $$ ... timing (3,1): $$ writing <stdout> to ./2015-05-05_16:42:18/matmul/cover/matmul.cover.encoded.timing.3.1.stdout ...
2015-05-05_16:52:08 $$ ... timing (3,1): $$ done writing <stdout> to ./2015-05-05_16:42:18/matmul/cover/matmul.cover.encoded.timing.3.1.stdout ...
2015-05-05_16:52:08 $$ ... timing (3,1): $$ None (retcode=0) /home/nrink/Projects/pin-2.14-71313-gcc.4.4.7-linux/pin.sh -t /home/nrink/Projects/bfi/obj-intel64/bfi.so -- /home/nrink/Projects/build/encode/encode/tests/matmul/matmul.cover.encoded --cso /dev/null --csl /dev/null ...
2015-05-05_16:52:08 $$ ... timing (4,3): $$ running /home/nrink/Projects/pin-2.14-71313-gcc.4.4.7-linux/pin.sh -t /home/nrink/Projects/bfi/obj-intel64/bfi.so -- /home/nrink/Projects/build/encode/encode/tests/matmul/matmul.cover.encoded --cso /dev/null --csl /dev/null ...
2015-05-05_16:52:08 $$ ... timing (4,3): $$ pid=6166: started process /home/nrink/Projects/pin-2.14-71313-gcc.4.4.7-linux/pin.sh -t /home/nrink/Projects/bfi/obj-intel64/bfi.so -- /home/nrink/Projects/build/encode/encode/tests/matmul/matmul.cover.encoded --cso /dev/null --csl /dev/null
2015-05-05_16:52:09 $$ ... timing (4,3): $$ pid=6166: communicated with process
2015-05-05_16:52:09 $$ ... timing (4,3): $$ finished running /home/nrink/Projects/pin-2.14-71313-gcc.4.4.7-linux/pin.sh -t /home/nrink/Projects/bfi/obj-intel64/bfi.so -- /home/nrink/Projects/build/encode/encode/tests/matmul/matmul.cover.encoded --cso /dev/null --csl /dev/null ...
2015-05-05_16:52:09 $$ ... timing (4,3): $$ writing <stderr> to ./2015-05-05_16:42:18/matmul/cover/matmul.cover.encoded.timing.4.3.stderr ...
2015-05-05_16:52:09 $$ ... timing (4,3): $$ done writing <stderr> to ./2015-05-05_16:42:18/matmul/cover/matmul.cover.encoded.timing.4.3.stderr ...
2015-05-05_16:52:09 $$ ... timing (4,3): $$ writing <stdout> to ./2015-05-05_16:42:18/matmul/cover/matmul.cover.encoded.timing.4.3.stdout ...
2015-05-05_16:52:09 $$ ... timing (4,3): $$ done writing <stdout> to ./2015-05-05_16:42:18/matmul/cover/matmul.cover.encoded.timing.4.3.stdout ...
2015-05-05_16:52:09 $$ ... timing (4,3): $$ None (retcode=0) /home/nrink/Projects/pin-2.14-71313-gcc.4.4.7-linux/pin.sh -t /home/nrink/Projects/bfi/obj-intel64/bfi.so -- /home/nrink/Projects/build/encode/encode/tests/matmul/matmul.cover.encoded --cso /dev/null --csl /dev/null ...
2015-05-05_16:52:08 $$ ... timing (4,0): $$ running /home/nrink/Projects/pin-2.14-71313-gcc.4.4.7-linux/pin.sh -t /home/nrink/Projects/bfi/obj-intel64/bfi.so -- /home/nrink/Projects/build/encode/encode/tests/matmul/matmul.cover.encoded --cso /dev/null --csl /dev/null ...
2015-05-05_16:52:08 $$ ... timing (4,0): $$ pid=6163: started process /home/nrink/Projects/pin-2.14-71313-gcc.4.4.7-linux/pin.sh -t /home/nrink/Projects/bfi/obj-intel64/bfi.so -- /home/nrink/Projects/build/encode/encode/tests/matmul/matmul.cover.encoded --cso /dev/null --csl /dev/null
2015-05-05_16:52:09 $$ ... timing (4,0): $$ pid=6163: communicated with process
2015-05-05_16:52:09 $$ ... timing (4,0): $$ finished running /home/nrink/Projects/pin-2.14-71313-gcc.4.4.7-linux/pin.sh -t /home/nrink/Projects/bfi/obj-intel64/bfi.so -- /home/nrink/Projects/build/encode/encode/tests/matmul/matmul.cover.encoded --cso /dev/null --csl /dev/null ...
2015-05-05_16:52:09 $$ ... timing (4,0): $$ writing <stderr> to ./2015-05-05_16:42:18/matmul/cover/matmul.cover.encoded.timing.4.0.stderr ...
2015-05-05_16:52:09 $$ ... timing (4,0): $$ done writing <stderr> to ./2015-05-05_16:42:18/matmul/cover/matmul.cover.encoded.timing.4.0.stderr ...
2015-05-05_16:52:09 $$ ... timing (4,0): $$ writing <stdout> to ./2015-05-05_16:42:18/matmul/cover/matmul.cover.encoded.timing.4.0.stdout ...
2015-05-05_16:52:09 $$ ... timing (4,0): $$ done writing <stdout> to ./2015-05-05_16:42:18/matmul/cover/matmul.cover.encoded.timing.4.0.stdout ...
2015-05-05_16:52:09 $$ ... timing (4,0): $$ None (retcode=0) /home/nrink/Projects/pin-2.14-71313-gcc.4.4.7-linux/pin.sh -t /home/nrink/Projects/bfi/obj-intel64/bfi.so -- /home/nrink/Projects/build/encode/encode/tests/matmul/matmul.cover.encoded --cso /dev/null --csl /dev/null ...
2015-05-05_16:52:08 $$ ... timing (4,2): $$ running /home/nrink/Projects/pin-2.14-71313-gcc.4.4.7-linux/pin.sh -t /home/nrink/Projects/bfi/obj-intel64/bfi.so -- /home/nrink/Projects/build/encode/encode/tests/matmul/matmul.cover.encoded --cso /dev/null --csl /dev/null ...
2015-05-05_16:52:08 $$ ... timing (4,2): $$ pid=6164: started process /home/nrink/Projects/pin-2.14-71313-gcc.4.4.7-linux/pin.sh -t /home/nrink/Projects/bfi/obj-intel64/bfi.so -- /home/nrink/Projects/build/encode/encode/tests/matmul/matmul.cover.encoded --cso /dev/null --csl /dev/null
2015-05-05_16:52:09 $$ ... timing (4,2): $$ pid=6164: communicated with process
2015-05-05_16:52:09 $$ ... timing (4,2): $$ finished running /home/nrink/Projects/pin-2.14-71313-gcc.4.4.7-linux/pin.sh -t /home/nrink/Projects/bfi/obj-intel64/bfi.so -- /home/nrink/Projects/build/encode/encode/tests/matmul/matmul.cover.encoded --cso /dev/null --csl /dev/null ...
2015-05-05_16:52:09 $$ ... timing (4,2): $$ writing <stderr> to ./2015-05-05_16:42:18/matmul/cover/matmul.cover.encoded.timing.4.2.stderr ...
2015-05-05_16:52:09 $$ ... timing (4,2): $$ done writing <stderr> to ./2015-05-05_16:42:18/matmul/cover/matmul.cover.encoded.timing.4.2.stderr ...
2015-05-05_16:52:09 $$ ... timing (4,2): $$ writing <stdout> to ./2015-05-05_16:42:18/matmul/cover/matmul.cover.encoded.timing.4.2.stdout ...
2015-05-05_16:52:09 $$ ... timing (4,2): $$ done writing <stdout> to ./2015-05-05_16:42:18/matmul/cover/matmul.cover.encoded.timing.4.2.stdout ...
2015-05-05_16:52:09 $$ ... timing (4,2): $$ None (retcode=0) /home/nrink/Projects/pin-2.14-71313-gcc.4.4.7-linux/pin.sh -t /home/nrink/Projects/bfi/obj-intel64/bfi.so -- /home/nrink/Projects/build/encode/encode/tests/matmul/matmul.cover.encoded --cso /dev/null --csl /dev/null ...
2015-05-05_16:52:08 $$ ... timing (4,1): $$ running /home/nrink/Projects/pin-2.14-71313-gcc.4.4.7-linux/pin.sh -t /home/nrink/Projects/bfi/obj-intel64/bfi.so -- /home/nrink/Projects/build/encode/encode/tests/matmul/matmul.cover.encoded --cso /dev/null --csl /dev/null ...
2015-05-05_16:52:08 $$ ... timing (4,1): $$ pid=6165: started process /home/nrink/Projects/pin-2.14-71313-gcc.4.4.7-linux/pin.sh -t /home/nrink/Projects/bfi/obj-intel64/bfi.so -- /home/nrink/Projects/build/encode/encode/tests/matmul/matmul.cover.encoded --cso /dev/null --csl /dev/null
2015-05-05_16:52:09 $$ ... timing (4,1): $$ pid=6165: communicated with process
2015-05-05_16:52:09 $$ ... timing (4,1): $$ finished running /home/nrink/Projects/pin-2.14-71313-gcc.4.4.7-linux/pin.sh -t /home/nrink/Projects/bfi/obj-intel64/bfi.so -- /home/nrink/Projects/build/encode/encode/tests/matmul/matmul.cover.encoded --cso /dev/null --csl /dev/null ...
2015-05-05_16:52:09 $$ ... timing (4,1): $$ writing <stderr> to ./2015-05-05_16:42:18/matmul/cover/matmul.cover.encoded.timing.4.1.stderr ...
2015-05-05_16:52:09 $$ ... timing (4,1): $$ done writing <stderr> to ./2015-05-05_16:42:18/matmul/cover/matmul.cover.encoded.timing.4.1.stderr ...
2015-05-05_16:52:09 $$ ... timing (4,1): $$ writing <stdout> to ./2015-05-05_16:42:18/matmul/cover/matmul.cover.encoded.timing.4.1.stdout ...
2015-05-05_16:52:09 $$ ... timing (4,1): $$ done writing <stdout> to ./2015-05-05_16:42:18/matmul/cover/matmul.cover.encoded.timing.4.1.stdout ...
2015-05-05_16:52:09 $$ ... timing (4,1): $$ None (retcode=0) /home/nrink/Projects/pin-2.14-71313-gcc.4.4.7-linux/pin.sh -t /home/nrink/Projects/bfi/obj-intel64/bfi.so -- /home/nrink/Projects/build/encode/encode/tests/matmul/matmul.cover.encoded --cso /dev/null --csl /dev/null ...
2015-05-05_16:52:09 $$ ... timing (5,0): $$ running /home/nrink/Projects/pin-2.14-71313-gcc.4.4.7-linux/pin.sh -t /home/nrink/Projects/bfi/obj-intel64/bfi.so -- /home/nrink/Projects/build/encode/encode/tests/matmul/matmul.cover.encoded --cso /dev/null --csl /dev/null ...
2015-05-05_16:52:09 $$ ... timing (5,0): $$ pid=6368: started process /home/nrink/Projects/pin-2.14-71313-gcc.4.4.7-linux/pin.sh -t /home/nrink/Projects/bfi/obj-intel64/bfi.so -- /home/nrink/Projects/build/encode/encode/tests/matmul/matmul.cover.encoded --cso /dev/null --csl /dev/null
2015-05-05_16:52:10 $$ ... timing (5,0): $$ pid=6368: communicated with process
2015-05-05_16:52:10 $$ ... timing (5,0): $$ finished running /home/nrink/Projects/pin-2.14-71313-gcc.4.4.7-linux/pin.sh -t /home/nrink/Projects/bfi/obj-intel64/bfi.so -- /home/nrink/Projects/build/encode/encode/tests/matmul/matmul.cover.encoded --cso /dev/null --csl /dev/null ...
2015-05-05_16:52:10 $$ ... timing (5,0): $$ writing <stderr> to ./2015-05-05_16:42:18/matmul/cover/matmul.cover.encoded.timing.5.0.stderr ...
2015-05-05_16:52:10 $$ ... timing (5,0): $$ done writing <stderr> to ./2015-05-05_16:42:18/matmul/cover/matmul.cover.encoded.timing.5.0.stderr ...
2015-05-05_16:52:10 $$ ... timing (5,0): $$ writing <stdout> to ./2015-05-05_16:42:18/matmul/cover/matmul.cover.encoded.timing.5.0.stdout ...
2015-05-05_16:52:10 $$ ... timing (5,0): $$ done writing <stdout> to ./2015-05-05_16:42:18/matmul/cover/matmul.cover.encoded.timing.5.0.stdout ...
2015-05-05_16:52:10 $$ ... timing (5,0): $$ None (retcode=0) /home/nrink/Projects/pin-2.14-71313-gcc.4.4.7-linux/pin.sh -t /home/nrink/Projects/bfi/obj-intel64/bfi.so -- /home/nrink/Projects/build/encode/encode/tests/matmul/matmul.cover.encoded --cso /dev/null --csl /dev/null ...
2015-05-05_16:52:09 $$ ... timing (5,1): $$ running /home/nrink/Projects/pin-2.14-71313-gcc.4.4.7-linux/pin.sh -t /home/nrink/Projects/bfi/obj-intel64/bfi.so -- /home/nrink/Projects/build/encode/encode/tests/matmul/matmul.cover.encoded --cso /dev/null --csl /dev/null ...
2015-05-05_16:52:09 $$ ... timing (5,1): $$ pid=6378: started process /home/nrink/Projects/pin-2.14-71313-gcc.4.4.7-linux/pin.sh -t /home/nrink/Projects/bfi/obj-intel64/bfi.so -- /home/nrink/Projects/build/encode/encode/tests/matmul/matmul.cover.encoded --cso /dev/null --csl /dev/null
2015-05-05_16:52:10 $$ ... timing (5,1): $$ pid=6378: communicated with process
2015-05-05_16:52:10 $$ ... timing (5,1): $$ finished running /home/nrink/Projects/pin-2.14-71313-gcc.4.4.7-linux/pin.sh -t /home/nrink/Projects/bfi/obj-intel64/bfi.so -- /home/nrink/Projects/build/encode/encode/tests/matmul/matmul.cover.encoded --cso /dev/null --csl /dev/null ...
2015-05-05_16:52:10 $$ ... timing (5,1): $$ writing <stderr> to ./2015-05-05_16:42:18/matmul/cover/matmul.cover.encoded.timing.5.1.stderr ...
2015-05-05_16:52:10 $$ ... timing (5,1): $$ done writing <stderr> to ./2015-05-05_16:42:18/matmul/cover/matmul.cover.encoded.timing.5.1.stderr ...
2015-05-05_16:52:10 $$ ... timing (5,1): $$ writing <stdout> to ./2015-05-05_16:42:18/matmul/cover/matmul.cover.encoded.timing.5.1.stdout ...
2015-05-05_16:52:10 $$ ... timing (5,1): $$ done writing <stdout> to ./2015-05-05_16:42:18/matmul/cover/matmul.cover.encoded.timing.5.1.stdout ...
2015-05-05_16:52:10 $$ ... timing (5,1): $$ None (retcode=0) /home/nrink/Projects/pin-2.14-71313-gcc.4.4.7-linux/pin.sh -t /home/nrink/Projects/bfi/obj-intel64/bfi.so -- /home/nrink/Projects/build/encode/encode/tests/matmul/matmul.cover.encoded --cso /dev/null --csl /dev/null ...
2015-05-05_16:52:09 $$ ... timing (5,3): $$ running /home/nrink/Projects/pin-2.14-71313-gcc.4.4.7-linux/pin.sh -t /home/nrink/Projects/bfi/obj-intel64/bfi.so -- /home/nrink/Projects/build/encode/encode/tests/matmul/matmul.cover.encoded --cso /dev/null --csl /dev/null ...
2015-05-05_16:52:09 $$ ... timing (5,3): $$ pid=6377: started process /home/nrink/Projects/pin-2.14-71313-gcc.4.4.7-linux/pin.sh -t /home/nrink/Projects/bfi/obj-intel64/bfi.so -- /home/nrink/Projects/build/encode/encode/tests/matmul/matmul.cover.encoded --cso /dev/null --csl /dev/null
2015-05-05_16:52:11 $$ ... timing (5,3): $$ pid=6377: communicated with process
2015-05-05_16:52:11 $$ ... timing (5,3): $$ finished running /home/nrink/Projects/pin-2.14-71313-gcc.4.4.7-linux/pin.sh -t /home/nrink/Projects/bfi/obj-intel64/bfi.so -- /home/nrink/Projects/build/encode/encode/tests/matmul/matmul.cover.encoded --cso /dev/null --csl /dev/null ...
2015-05-05_16:52:11 $$ ... timing (5,3): $$ writing <stderr> to ./2015-05-05_16:42:18/matmul/cover/matmul.cover.encoded.timing.5.3.stderr ...
2015-05-05_16:52:11 $$ ... timing (5,3): $$ done writing <stderr> to ./2015-05-05_16:42:18/matmul/cover/matmul.cover.encoded.timing.5.3.stderr ...
2015-05-05_16:52:11 $$ ... timing (5,3): $$ writing <stdout> to ./2015-05-05_16:42:18/matmul/cover/matmul.cover.encoded.timing.5.3.stdout ...
2015-05-05_16:52:11 $$ ... timing (5,3): $$ done writing <stdout> to ./2015-05-05_16:42:18/matmul/cover/matmul.cover.encoded.timing.5.3.stdout ...
2015-05-05_16:52:11 $$ ... timing (5,3): $$ None (retcode=0) /home/nrink/Projects/pin-2.14-71313-gcc.4.4.7-linux/pin.sh -t /home/nrink/Projects/bfi/obj-intel64/bfi.so -- /home/nrink/Projects/build/encode/encode/tests/matmul/matmul.cover.encoded --cso /dev/null --csl /dev/null ...
2015-05-05_16:52:09 $$ ... timing (5,2): $$ running /home/nrink/Projects/pin-2.14-71313-gcc.4.4.7-linux/pin.sh -t /home/nrink/Projects/bfi/obj-intel64/bfi.so -- /home/nrink/Projects/build/encode/encode/tests/matmul/matmul.cover.encoded --cso /dev/null --csl /dev/null ...
2015-05-05_16:52:09 $$ ... timing (5,2): $$ pid=6376: started process /home/nrink/Projects/pin-2.14-71313-gcc.4.4.7-linux/pin.sh -t /home/nrink/Projects/bfi/obj-intel64/bfi.so -- /home/nrink/Projects/build/encode/encode/tests/matmul/matmul.cover.encoded --cso /dev/null --csl /dev/null
2015-05-05_16:52:11 $$ ... timing (5,2): $$ pid=6376: communicated with process
2015-05-05_16:52:11 $$ ... timing (5,2): $$ finished running /home/nrink/Projects/pin-2.14-71313-gcc.4.4.7-linux/pin.sh -t /home/nrink/Projects/bfi/obj-intel64/bfi.so -- /home/nrink/Projects/build/encode/encode/tests/matmul/matmul.cover.encoded --cso /dev/null --csl /dev/null ...
2015-05-05_16:52:11 $$ ... timing (5,2): $$ writing <stderr> to ./2015-05-05_16:42:18/matmul/cover/matmul.cover.encoded.timing.5.2.stderr ...
2015-05-05_16:52:11 $$ ... timing (5,2): $$ done writing <stderr> to ./2015-05-05_16:42:18/matmul/cover/matmul.cover.encoded.timing.5.2.stderr ...
2015-05-05_16:52:11 $$ ... timing (5,2): $$ writing <stdout> to ./2015-05-05_16:42:18/matmul/cover/matmul.cover.encoded.timing.5.2.stdout ...
2015-05-05_16:52:11 $$ ... timing (5,2): $$ done writing <stdout> to ./2015-05-05_16:42:18/matmul/cover/matmul.cover.encoded.timing.5.2.stdout ...
2015-05-05_16:52:11 $$ ... timing (5,2): $$ None (retcode=0) /home/nrink/Projects/pin-2.14-71313-gcc.4.4.7-linux/pin.sh -t /home/nrink/Projects/bfi/obj-intel64/bfi.so -- /home/nrink/Projects/build/encode/encode/tests/matmul/matmul.cover.encoded --cso /dev/null --csl /dev/null ...
2015-05-05_16:52:11 $$ ... timing (6,3): $$ running /home/nrink/Projects/pin-2.14-71313-gcc.4.4.7-linux/pin.sh -t /home/nrink/Projects/bfi/obj-intel64/bfi.so -- /home/nrink/Projects/build/encode/encode/tests/matmul/matmul.cover.encoded --cso /dev/null --csl /dev/null ...
2015-05-05_16:52:11 $$ ... timing (6,3): $$ pid=6588: started process /home/nrink/Projects/pin-2.14-71313-gcc.4.4.7-linux/pin.sh -t /home/nrink/Projects/bfi/obj-intel64/bfi.so -- /home/nrink/Projects/build/encode/encode/tests/matmul/matmul.cover.encoded --cso /dev/null --csl /dev/null
2015-05-05_16:52:12 $$ ... timing (6,3): $$ pid=6588: communicated with process
2015-05-05_16:52:12 $$ ... timing (6,3): $$ finished running /home/nrink/Projects/pin-2.14-71313-gcc.4.4.7-linux/pin.sh -t /home/nrink/Projects/bfi/obj-intel64/bfi.so -- /home/nrink/Projects/build/encode/encode/tests/matmul/matmul.cover.encoded --cso /dev/null --csl /dev/null ...
2015-05-05_16:52:12 $$ ... timing (6,3): $$ writing <stderr> to ./2015-05-05_16:42:18/matmul/cover/matmul.cover.encoded.timing.6.3.stderr ...
2015-05-05_16:52:12 $$ ... timing (6,3): $$ done writing <stderr> to ./2015-05-05_16:42:18/matmul/cover/matmul.cover.encoded.timing.6.3.stderr ...
2015-05-05_16:52:12 $$ ... timing (6,3): $$ writing <stdout> to ./2015-05-05_16:42:18/matmul/cover/matmul.cover.encoded.timing.6.3.stdout ...
2015-05-05_16:52:12 $$ ... timing (6,3): $$ done writing <stdout> to ./2015-05-05_16:42:18/matmul/cover/matmul.cover.encoded.timing.6.3.stdout ...
2015-05-05_16:52:12 $$ ... timing (6,3): $$ None (retcode=0) /home/nrink/Projects/pin-2.14-71313-gcc.4.4.7-linux/pin.sh -t /home/nrink/Projects/bfi/obj-intel64/bfi.so -- /home/nrink/Projects/build/encode/encode/tests/matmul/matmul.cover.encoded --cso /dev/null --csl /dev/null ...
2015-05-05_16:52:11 $$ ... timing (6,1): $$ running /home/nrink/Projects/pin-2.14-71313-gcc.4.4.7-linux/pin.sh -t /home/nrink/Projects/bfi/obj-intel64/bfi.so -- /home/nrink/Projects/build/encode/encode/tests/matmul/matmul.cover.encoded --cso /dev/null --csl /dev/null ...
2015-05-05_16:52:11 $$ ... timing (6,1): $$ pid=6587: started process /home/nrink/Projects/pin-2.14-71313-gcc.4.4.7-linux/pin.sh -t /home/nrink/Projects/bfi/obj-intel64/bfi.so -- /home/nrink/Projects/build/encode/encode/tests/matmul/matmul.cover.encoded --cso /dev/null --csl /dev/null
2015-05-05_16:52:12 $$ ... timing (6,1): $$ pid=6587: communicated with process
2015-05-05_16:52:12 $$ ... timing (6,1): $$ finished running /home/nrink/Projects/pin-2.14-71313-gcc.4.4.7-linux/pin.sh -t /home/nrink/Projects/bfi/obj-intel64/bfi.so -- /home/nrink/Projects/build/encode/encode/tests/matmul/matmul.cover.encoded --cso /dev/null --csl /dev/null ...
2015-05-05_16:52:12 $$ ... timing (6,1): $$ writing <stderr> to ./2015-05-05_16:42:18/matmul/cover/matmul.cover.encoded.timing.6.1.stderr ...
2015-05-05_16:52:12 $$ ... timing (6,1): $$ done writing <stderr> to ./2015-05-05_16:42:18/matmul/cover/matmul.cover.encoded.timing.6.1.stderr ...
2015-05-05_16:52:12 $$ ... timing (6,1): $$ writing <stdout> to ./2015-05-05_16:42:18/matmul/cover/matmul.cover.encoded.timing.6.1.stdout ...
2015-05-05_16:52:12 $$ ... timing (6,1): $$ done writing <stdout> to ./2015-05-05_16:42:18/matmul/cover/matmul.cover.encoded.timing.6.1.stdout ...
2015-05-05_16:52:12 $$ ... timing (6,1): $$ None (retcode=0) /home/nrink/Projects/pin-2.14-71313-gcc.4.4.7-linux/pin.sh -t /home/nrink/Projects/bfi/obj-intel64/bfi.so -- /home/nrink/Projects/build/encode/encode/tests/matmul/matmul.cover.encoded --cso /dev/null --csl /dev/null ...
2015-05-05_16:52:11 $$ ... timing (6,0): $$ running /home/nrink/Projects/pin-2.14-71313-gcc.4.4.7-linux/pin.sh -t /home/nrink/Projects/bfi/obj-intel64/bfi.so -- /home/nrink/Projects/build/encode/encode/tests/matmul/matmul.cover.encoded --cso /dev/null --csl /dev/null ...
2015-05-05_16:52:11 $$ ... timing (6,0): $$ pid=6579: started process /home/nrink/Projects/pin-2.14-71313-gcc.4.4.7-linux/pin.sh -t /home/nrink/Projects/bfi/obj-intel64/bfi.so -- /home/nrink/Projects/build/encode/encode/tests/matmul/matmul.cover.encoded --cso /dev/null --csl /dev/null
2015-05-05_16:52:13 $$ ... timing (6,0): $$ pid=6579: communicated with process
2015-05-05_16:52:13 $$ ... timing (6,0): $$ finished running /home/nrink/Projects/pin-2.14-71313-gcc.4.4.7-linux/pin.sh -t /home/nrink/Projects/bfi/obj-intel64/bfi.so -- /home/nrink/Projects/build/encode/encode/tests/matmul/matmul.cover.encoded --cso /dev/null --csl /dev/null ...
2015-05-05_16:52:13 $$ ... timing (6,0): $$ writing <stderr> to ./2015-05-05_16:42:18/matmul/cover/matmul.cover.encoded.timing.6.0.stderr ...
2015-05-05_16:52:13 $$ ... timing (6,0): $$ done writing <stderr> to ./2015-05-05_16:42:18/matmul/cover/matmul.cover.encoded.timing.6.0.stderr ...
2015-05-05_16:52:13 $$ ... timing (6,0): $$ writing <stdout> to ./2015-05-05_16:42:18/matmul/cover/matmul.cover.encoded.timing.6.0.stdout ...
2015-05-05_16:52:13 $$ ... timing (6,0): $$ done writing <stdout> to ./2015-05-05_16:42:18/matmul/cover/matmul.cover.encoded.timing.6.0.stdout ...
2015-05-05_16:52:13 $$ ... timing (6,0): $$ None (retcode=0) /home/nrink/Projects/pin-2.14-71313-gcc.4.4.7-linux/pin.sh -t /home/nrink/Projects/bfi/obj-intel64/bfi.so -- /home/nrink/Projects/build/encode/encode/tests/matmul/matmul.cover.encoded --cso /dev/null --csl /dev/null ...
2015-05-05_16:52:11 $$ ... timing (6,2): $$ running /home/nrink/Projects/pin-2.14-71313-gcc.4.4.7-linux/pin.sh -t /home/nrink/Projects/bfi/obj-intel64/bfi.so -- /home/nrink/Projects/build/encode/encode/tests/matmul/matmul.cover.encoded --cso /dev/null --csl /dev/null ...
2015-05-05_16:52:11 $$ ... timing (6,2): $$ pid=6590: started process /home/nrink/Projects/pin-2.14-71313-gcc.4.4.7-linux/pin.sh -t /home/nrink/Projects/bfi/obj-intel64/bfi.so -- /home/nrink/Projects/build/encode/encode/tests/matmul/matmul.cover.encoded --cso /dev/null --csl /dev/null
2015-05-05_16:52:13 $$ ... timing (6,2): $$ pid=6590: communicated with process
2015-05-05_16:52:13 $$ ... timing (6,2): $$ finished running /home/nrink/Projects/pin-2.14-71313-gcc.4.4.7-linux/pin.sh -t /home/nrink/Projects/bfi/obj-intel64/bfi.so -- /home/nrink/Projects/build/encode/encode/tests/matmul/matmul.cover.encoded --cso /dev/null --csl /dev/null ...
2015-05-05_16:52:13 $$ ... timing (6,2): $$ writing <stderr> to ./2015-05-05_16:42:18/matmul/cover/matmul.cover.encoded.timing.6.2.stderr ...
2015-05-05_16:52:13 $$ ... timing (6,2): $$ done writing <stderr> to ./2015-05-05_16:42:18/matmul/cover/matmul.cover.encoded.timing.6.2.stderr ...
2015-05-05_16:52:13 $$ ... timing (6,2): $$ writing <stdout> to ./2015-05-05_16:42:18/matmul/cover/matmul.cover.encoded.timing.6.2.stdout ...
2015-05-05_16:52:13 $$ ... timing (6,2): $$ done writing <stdout> to ./2015-05-05_16:42:18/matmul/cover/matmul.cover.encoded.timing.6.2.stdout ...
2015-05-05_16:52:13 $$ ... timing (6,2): $$ None (retcode=0) /home/nrink/Projects/pin-2.14-71313-gcc.4.4.7-linux/pin.sh -t /home/nrink/Projects/bfi/obj-intel64/bfi.so -- /home/nrink/Projects/build/encode/encode/tests/matmul/matmul.cover.encoded --cso /dev/null --csl /dev/null ...
2015-05-05_16:52:13 $$ ... timing (7,0): $$ running /home/nrink/Projects/pin-2.14-71313-gcc.4.4.7-linux/pin.sh -t /home/nrink/Projects/bfi/obj-intel64/bfi.so -- /home/nrink/Projects/build/encode/encode/tests/matmul/matmul.cover.encoded --cso /dev/null --csl /dev/null ...
2015-05-05_16:52:13 $$ ... timing (7,0): $$ pid=6795: started process /home/nrink/Projects/pin-2.14-71313-gcc.4.4.7-linux/pin.sh -t /home/nrink/Projects/bfi/obj-intel64/bfi.so -- /home/nrink/Projects/build/encode/encode/tests/matmul/matmul.cover.encoded --cso /dev/null --csl /dev/null
2015-05-05_16:52:14 $$ ... timing (7,0): $$ pid=6795: communicated with process
2015-05-05_16:52:14 $$ ... timing (7,0): $$ finished running /home/nrink/Projects/pin-2.14-71313-gcc.4.4.7-linux/pin.sh -t /home/nrink/Projects/bfi/obj-intel64/bfi.so -- /home/nrink/Projects/build/encode/encode/tests/matmul/matmul.cover.encoded --cso /dev/null --csl /dev/null ...
2015-05-05_16:52:14 $$ ... timing (7,0): $$ writing <stderr> to ./2015-05-05_16:42:18/matmul/cover/matmul.cover.encoded.timing.7.0.stderr ...
2015-05-05_16:52:14 $$ ... timing (7,0): $$ done writing <stderr> to ./2015-05-05_16:42:18/matmul/cover/matmul.cover.encoded.timing.7.0.stderr ...
2015-05-05_16:52:14 $$ ... timing (7,0): $$ writing <stdout> to ./2015-05-05_16:42:18/matmul/cover/matmul.cover.encoded.timing.7.0.stdout ...
2015-05-05_16:52:14 $$ ... timing (7,0): $$ done writing <stdout> to ./2015-05-05_16:42:18/matmul/cover/matmul.cover.encoded.timing.7.0.stdout ...
2015-05-05_16:52:14 $$ ... timing (7,0): $$ None (retcode=0) /home/nrink/Projects/pin-2.14-71313-gcc.4.4.7-linux/pin.sh -t /home/nrink/Projects/bfi/obj-intel64/bfi.so -- /home/nrink/Projects/build/encode/encode/tests/matmul/matmul.cover.encoded --cso /dev/null --csl /dev/null ...
2015-05-05_16:52:13 $$ ... timing (7,3): $$ running /home/nrink/Projects/pin-2.14-71313-gcc.4.4.7-linux/pin.sh -t /home/nrink/Projects/bfi/obj-intel64/bfi.so -- /home/nrink/Projects/build/encode/encode/tests/matmul/matmul.cover.encoded --cso /dev/null --csl /dev/null ...
2015-05-05_16:52:13 $$ ... timing (7,3): $$ pid=6799: started process /home/nrink/Projects/pin-2.14-71313-gcc.4.4.7-linux/pin.sh -t /home/nrink/Projects/bfi/obj-intel64/bfi.so -- /home/nrink/Projects/build/encode/encode/tests/matmul/matmul.cover.encoded --cso /dev/null --csl /dev/null
2015-05-05_16:52:14 $$ ... timing (7,3): $$ pid=6799: communicated with process
2015-05-05_16:52:14 $$ ... timing (7,3): $$ finished running /home/nrink/Projects/pin-2.14-71313-gcc.4.4.7-linux/pin.sh -t /home/nrink/Projects/bfi/obj-intel64/bfi.so -- /home/nrink/Projects/build/encode/encode/tests/matmul/matmul.cover.encoded --cso /dev/null --csl /dev/null ...
2015-05-05_16:52:14 $$ ... timing (7,3): $$ writing <stderr> to ./2015-05-05_16:42:18/matmul/cover/matmul.cover.encoded.timing.7.3.stderr ...
2015-05-05_16:52:14 $$ ... timing (7,3): $$ done writing <stderr> to ./2015-05-05_16:42:18/matmul/cover/matmul.cover.encoded.timing.7.3.stderr ...
2015-05-05_16:52:14 $$ ... timing (7,3): $$ writing <stdout> to ./2015-05-05_16:42:18/matmul/cover/matmul.cover.encoded.timing.7.3.stdout ...
2015-05-05_16:52:14 $$ ... timing (7,3): $$ done writing <stdout> to ./2015-05-05_16:42:18/matmul/cover/matmul.cover.encoded.timing.7.3.stdout ...
2015-05-05_16:52:14 $$ ... timing (7,3): $$ None (retcode=0) /home/nrink/Projects/pin-2.14-71313-gcc.4.4.7-linux/pin.sh -t /home/nrink/Projects/bfi/obj-intel64/bfi.so -- /home/nrink/Projects/build/encode/encode/tests/matmul/matmul.cover.encoded --cso /dev/null --csl /dev/null ...
2015-05-05_16:52:13 $$ ... timing (7,1): $$ running /home/nrink/Projects/pin-2.14-71313-gcc.4.4.7-linux/pin.sh -t /home/nrink/Projects/bfi/obj-intel64/bfi.so -- /home/nrink/Projects/build/encode/encode/tests/matmul/matmul.cover.encoded --cso /dev/null --csl /dev/null ...
2015-05-05_16:52:13 $$ ... timing (7,1): $$ pid=6798: started process /home/nrink/Projects/pin-2.14-71313-gcc.4.4.7-linux/pin.sh -t /home/nrink/Projects/bfi/obj-intel64/bfi.so -- /home/nrink/Projects/build/encode/encode/tests/matmul/matmul.cover.encoded --cso /dev/null --csl /dev/null
2015-05-05_16:52:14 $$ ... timing (7,1): $$ pid=6798: communicated with process
2015-05-05_16:52:14 $$ ... timing (7,1): $$ finished running /home/nrink/Projects/pin-2.14-71313-gcc.4.4.7-linux/pin.sh -t /home/nrink/Projects/bfi/obj-intel64/bfi.so -- /home/nrink/Projects/build/encode/encode/tests/matmul/matmul.cover.encoded --cso /dev/null --csl /dev/null ...
2015-05-05_16:52:14 $$ ... timing (7,1): $$ writing <stderr> to ./2015-05-05_16:42:18/matmul/cover/matmul.cover.encoded.timing.7.1.stderr ...
2015-05-05_16:52:14 $$ ... timing (7,1): $$ done writing <stderr> to ./2015-05-05_16:42:18/matmul/cover/matmul.cover.encoded.timing.7.1.stderr ...
2015-05-05_16:52:14 $$ ... timing (7,1): $$ writing <stdout> to ./2015-05-05_16:42:18/matmul/cover/matmul.cover.encoded.timing.7.1.stdout ...
2015-05-05_16:52:14 $$ ... timing (7,1): $$ done writing <stdout> to ./2015-05-05_16:42:18/matmul/cover/matmul.cover.encoded.timing.7.1.stdout ...
2015-05-05_16:52:14 $$ ... timing (7,1): $$ None (retcode=0) /home/nrink/Projects/pin-2.14-71313-gcc.4.4.7-linux/pin.sh -t /home/nrink/Projects/bfi/obj-intel64/bfi.so -- /home/nrink/Projects/build/encode/encode/tests/matmul/matmul.cover.encoded --cso /dev/null --csl /dev/null ...
2015-05-05_16:52:13 $$ ... timing (7,2): $$ running /home/nrink/Projects/pin-2.14-71313-gcc.4.4.7-linux/pin.sh -t /home/nrink/Projects/bfi/obj-intel64/bfi.so -- /home/nrink/Projects/build/encode/encode/tests/matmul/matmul.cover.encoded --cso /dev/null --csl /dev/null ...
2015-05-05_16:52:13 $$ ... timing (7,2): $$ pid=6797: started process /home/nrink/Projects/pin-2.14-71313-gcc.4.4.7-linux/pin.sh -t /home/nrink/Projects/bfi/obj-intel64/bfi.so -- /home/nrink/Projects/build/encode/encode/tests/matmul/matmul.cover.encoded --cso /dev/null --csl /dev/null
2015-05-05_16:52:14 $$ ... timing (7,2): $$ pid=6797: communicated with process
2015-05-05_16:52:14 $$ ... timing (7,2): $$ finished running /home/nrink/Projects/pin-2.14-71313-gcc.4.4.7-linux/pin.sh -t /home/nrink/Projects/bfi/obj-intel64/bfi.so -- /home/nrink/Projects/build/encode/encode/tests/matmul/matmul.cover.encoded --cso /dev/null --csl /dev/null ...
2015-05-05_16:52:14 $$ ... timing (7,2): $$ writing <stderr> to ./2015-05-05_16:42:18/matmul/cover/matmul.cover.encoded.timing.7.2.stderr ...
2015-05-05_16:52:14 $$ ... timing (7,2): $$ done writing <stderr> to ./2015-05-05_16:42:18/matmul/cover/matmul.cover.encoded.timing.7.2.stderr ...
2015-05-05_16:52:14 $$ ... timing (7,2): $$ writing <stdout> to ./2015-05-05_16:42:18/matmul/cover/matmul.cover.encoded.timing.7.2.stdout ...
2015-05-05_16:52:14 $$ ... timing (7,2): $$ done writing <stdout> to ./2015-05-05_16:42:18/matmul/cover/matmul.cover.encoded.timing.7.2.stdout ...
2015-05-05_16:52:14 $$ ... timing (7,2): $$ None (retcode=0) /home/nrink/Projects/pin-2.14-71313-gcc.4.4.7-linux/pin.sh -t /home/nrink/Projects/bfi/obj-intel64/bfi.so -- /home/nrink/Projects/build/encode/encode/tests/matmul/matmul.cover.encoded --cso /dev/null --csl /dev/null ...
2015-05-05_16:52:14 $$ ... timing (8,2): $$ running /home/nrink/Projects/pin-2.14-71313-gcc.4.4.7-linux/pin.sh -t /home/nrink/Projects/bfi/obj-intel64/bfi.so -- /home/nrink/Projects/build/encode/encode/tests/matmul/matmul.cover.encoded --cso /dev/null --csl /dev/null ...
2015-05-05_16:52:14 $$ ... timing (8,2): $$ pid=7014: started process /home/nrink/Projects/pin-2.14-71313-gcc.4.4.7-linux/pin.sh -t /home/nrink/Projects/bfi/obj-intel64/bfi.so -- /home/nrink/Projects/build/encode/encode/tests/matmul/matmul.cover.encoded --cso /dev/null --csl /dev/null
2015-05-05_16:52:15 $$ ... timing (8,2): $$ pid=7014: communicated with process
2015-05-05_16:52:15 $$ ... timing (8,2): $$ finished running /home/nrink/Projects/pin-2.14-71313-gcc.4.4.7-linux/pin.sh -t /home/nrink/Projects/bfi/obj-intel64/bfi.so -- /home/nrink/Projects/build/encode/encode/tests/matmul/matmul.cover.encoded --cso /dev/null --csl /dev/null ...
2015-05-05_16:52:15 $$ ... timing (8,2): $$ writing <stderr> to ./2015-05-05_16:42:18/matmul/cover/matmul.cover.encoded.timing.8.2.stderr ...
2015-05-05_16:52:15 $$ ... timing (8,2): $$ done writing <stderr> to ./2015-05-05_16:42:18/matmul/cover/matmul.cover.encoded.timing.8.2.stderr ...
2015-05-05_16:52:15 $$ ... timing (8,2): $$ writing <stdout> to ./2015-05-05_16:42:18/matmul/cover/matmul.cover.encoded.timing.8.2.stdout ...
2015-05-05_16:52:15 $$ ... timing (8,2): $$ done writing <stdout> to ./2015-05-05_16:42:18/matmul/cover/matmul.cover.encoded.timing.8.2.stdout ...
2015-05-05_16:52:15 $$ ... timing (8,2): $$ None (retcode=0) /home/nrink/Projects/pin-2.14-71313-gcc.4.4.7-linux/pin.sh -t /home/nrink/Projects/bfi/obj-intel64/bfi.so -- /home/nrink/Projects/build/encode/encode/tests/matmul/matmul.cover.encoded --cso /dev/null --csl /dev/null ...
2015-05-05_16:52:14 $$ ... timing (8,3): $$ running /home/nrink/Projects/pin-2.14-71313-gcc.4.4.7-linux/pin.sh -t /home/nrink/Projects/bfi/obj-intel64/bfi.so -- /home/nrink/Projects/build/encode/encode/tests/matmul/matmul.cover.encoded --cso /dev/null --csl /dev/null ...
2015-05-05_16:52:14 $$ ... timing (8,3): $$ pid=7018: started process /home/nrink/Projects/pin-2.14-71313-gcc.4.4.7-linux/pin.sh -t /home/nrink/Projects/bfi/obj-intel64/bfi.so -- /home/nrink/Projects/build/encode/encode/tests/matmul/matmul.cover.encoded --cso /dev/null --csl /dev/null
2015-05-05_16:52:15 $$ ... timing (8,3): $$ pid=7018: communicated with process
2015-05-05_16:52:15 $$ ... timing (8,3): $$ finished running /home/nrink/Projects/pin-2.14-71313-gcc.4.4.7-linux/pin.sh -t /home/nrink/Projects/bfi/obj-intel64/bfi.so -- /home/nrink/Projects/build/encode/encode/tests/matmul/matmul.cover.encoded --cso /dev/null --csl /dev/null ...
2015-05-05_16:52:15 $$ ... timing (8,3): $$ writing <stderr> to ./2015-05-05_16:42:18/matmul/cover/matmul.cover.encoded.timing.8.3.stderr ...
2015-05-05_16:52:15 $$ ... timing (8,3): $$ done writing <stderr> to ./2015-05-05_16:42:18/matmul/cover/matmul.cover.encoded.timing.8.3.stderr ...
2015-05-05_16:52:15 $$ ... timing (8,3): $$ writing <stdout> to ./2015-05-05_16:42:18/matmul/cover/matmul.cover.encoded.timing.8.3.stdout ...
2015-05-05_16:52:15 $$ ... timing (8,3): $$ done writing <stdout> to ./2015-05-05_16:42:18/matmul/cover/matmul.cover.encoded.timing.8.3.stdout ...
2015-05-05_16:52:15 $$ ... timing (8,3): $$ None (retcode=0) /home/nrink/Projects/pin-2.14-71313-gcc.4.4.7-linux/pin.sh -t /home/nrink/Projects/bfi/obj-intel64/bfi.so -- /home/nrink/Projects/build/encode/encode/tests/matmul/matmul.cover.encoded --cso /dev/null --csl /dev/null ...
2015-05-05_16:52:14 $$ ... timing (8,1): $$ running /home/nrink/Projects/pin-2.14-71313-gcc.4.4.7-linux/pin.sh -t /home/nrink/Projects/bfi/obj-intel64/bfi.so -- /home/nrink/Projects/build/encode/encode/tests/matmul/matmul.cover.encoded --cso /dev/null --csl /dev/null ...
2015-05-05_16:52:14 $$ ... timing (8,1): $$ pid=7019: started process /home/nrink/Projects/pin-2.14-71313-gcc.4.4.7-linux/pin.sh -t /home/nrink/Projects/bfi/obj-intel64/bfi.so -- /home/nrink/Projects/build/encode/encode/tests/matmul/matmul.cover.encoded --cso /dev/null --csl /dev/null
2015-05-05_16:52:16 $$ ... timing (8,1): $$ pid=7019: communicated with process
2015-05-05_16:52:16 $$ ... timing (8,1): $$ finished running /home/nrink/Projects/pin-2.14-71313-gcc.4.4.7-linux/pin.sh -t /home/nrink/Projects/bfi/obj-intel64/bfi.so -- /home/nrink/Projects/build/encode/encode/tests/matmul/matmul.cover.encoded --cso /dev/null --csl /dev/null ...
2015-05-05_16:52:16 $$ ... timing (8,1): $$ writing <stderr> to ./2015-05-05_16:42:18/matmul/cover/matmul.cover.encoded.timing.8.1.stderr ...
2015-05-05_16:52:16 $$ ... timing (8,1): $$ done writing <stderr> to ./2015-05-05_16:42:18/matmul/cover/matmul.cover.encoded.timing.8.1.stderr ...
2015-05-05_16:52:16 $$ ... timing (8,1): $$ writing <stdout> to ./2015-05-05_16:42:18/matmul/cover/matmul.cover.encoded.timing.8.1.stdout ...
2015-05-05_16:52:16 $$ ... timing (8,1): $$ done writing <stdout> to ./2015-05-05_16:42:18/matmul/cover/matmul.cover.encoded.timing.8.1.stdout ...
2015-05-05_16:52:16 $$ ... timing (8,1): $$ None (retcode=0) /home/nrink/Projects/pin-2.14-71313-gcc.4.4.7-linux/pin.sh -t /home/nrink/Projects/bfi/obj-intel64/bfi.so -- /home/nrink/Projects/build/encode/encode/tests/matmul/matmul.cover.encoded --cso /dev/null --csl /dev/null ...
2015-05-05_16:52:14 $$ ... timing (8,0): $$ running /home/nrink/Projects/pin-2.14-71313-gcc.4.4.7-linux/pin.sh -t /home/nrink/Projects/bfi/obj-intel64/bfi.so -- /home/nrink/Projects/build/encode/encode/tests/matmul/matmul.cover.encoded --cso /dev/null --csl /dev/null ...
2015-05-05_16:52:14 $$ ... timing (8,0): $$ pid=7003: started process /home/nrink/Projects/pin-2.14-71313-gcc.4.4.7-linux/pin.sh -t /home/nrink/Projects/bfi/obj-intel64/bfi.so -- /home/nrink/Projects/build/encode/encode/tests/matmul/matmul.cover.encoded --cso /dev/null --csl /dev/null
2015-05-05_16:52:16 $$ ... timing (8,0): $$ pid=7003: communicated with process
2015-05-05_16:52:16 $$ ... timing (8,0): $$ finished running /home/nrink/Projects/pin-2.14-71313-gcc.4.4.7-linux/pin.sh -t /home/nrink/Projects/bfi/obj-intel64/bfi.so -- /home/nrink/Projects/build/encode/encode/tests/matmul/matmul.cover.encoded --cso /dev/null --csl /dev/null ...
2015-05-05_16:52:16 $$ ... timing (8,0): $$ writing <stderr> to ./2015-05-05_16:42:18/matmul/cover/matmul.cover.encoded.timing.8.0.stderr ...
2015-05-05_16:52:16 $$ ... timing (8,0): $$ done writing <stderr> to ./2015-05-05_16:42:18/matmul/cover/matmul.cover.encoded.timing.8.0.stderr ...
2015-05-05_16:52:16 $$ ... timing (8,0): $$ writing <stdout> to ./2015-05-05_16:42:18/matmul/cover/matmul.cover.encoded.timing.8.0.stdout ...
2015-05-05_16:52:16 $$ ... timing (8,0): $$ done writing <stdout> to ./2015-05-05_16:42:18/matmul/cover/matmul.cover.encoded.timing.8.0.stdout ...
2015-05-05_16:52:16 $$ ... timing (8,0): $$ None (retcode=0) /home/nrink/Projects/pin-2.14-71313-gcc.4.4.7-linux/pin.sh -t /home/nrink/Projects/bfi/obj-intel64/bfi.so -- /home/nrink/Projects/build/encode/encode/tests/matmul/matmul.cover.encoded --cso /dev/null --csl /dev/null ...
2015-05-05_16:52:16 $$ ... timing (9,0): $$ running /home/nrink/Projects/pin-2.14-71313-gcc.4.4.7-linux/pin.sh -t /home/nrink/Projects/bfi/obj-intel64/bfi.so -- /home/nrink/Projects/build/encode/encode/tests/matmul/matmul.cover.encoded --cso /dev/null --csl /dev/null ...
2015-05-05_16:52:16 $$ ... timing (9,0): $$ pid=7306: started process /home/nrink/Projects/pin-2.14-71313-gcc.4.4.7-linux/pin.sh -t /home/nrink/Projects/bfi/obj-intel64/bfi.so -- /home/nrink/Projects/build/encode/encode/tests/matmul/matmul.cover.encoded --cso /dev/null --csl /dev/null
2015-05-05_16:52:17 $$ ... timing (9,0): $$ pid=7306: communicated with process
2015-05-05_16:52:17 $$ ... timing (9,0): $$ finished running /home/nrink/Projects/pin-2.14-71313-gcc.4.4.7-linux/pin.sh -t /home/nrink/Projects/bfi/obj-intel64/bfi.so -- /home/nrink/Projects/build/encode/encode/tests/matmul/matmul.cover.encoded --cso /dev/null --csl /dev/null ...
2015-05-05_16:52:17 $$ ... timing (9,0): $$ writing <stderr> to ./2015-05-05_16:42:18/matmul/cover/matmul.cover.encoded.timing.9.0.stderr ...
2015-05-05_16:52:17 $$ ... timing (9,0): $$ done writing <stderr> to ./2015-05-05_16:42:18/matmul/cover/matmul.cover.encoded.timing.9.0.stderr ...
2015-05-05_16:52:17 $$ ... timing (9,0): $$ writing <stdout> to ./2015-05-05_16:42:18/matmul/cover/matmul.cover.encoded.timing.9.0.stdout ...
2015-05-05_16:52:17 $$ ... timing (9,0): $$ done writing <stdout> to ./2015-05-05_16:42:18/matmul/cover/matmul.cover.encoded.timing.9.0.stdout ...
2015-05-05_16:52:17 $$ ... timing (9,0): $$ None (retcode=0) /home/nrink/Projects/pin-2.14-71313-gcc.4.4.7-linux/pin.sh -t /home/nrink/Projects/bfi/obj-intel64/bfi.so -- /home/nrink/Projects/build/encode/encode/tests/matmul/matmul.cover.encoded --cso /dev/null --csl /dev/null ...
2015-05-05_16:52:16 $$ ... timing (9,3): $$ running /home/nrink/Projects/pin-2.14-71313-gcc.4.4.7-linux/pin.sh -t /home/nrink/Projects/bfi/obj-intel64/bfi.so -- /home/nrink/Projects/build/encode/encode/tests/matmul/matmul.cover.encoded --cso /dev/null --csl /dev/null ...
2015-05-05_16:52:16 $$ ... timing (9,3): $$ pid=7314: started process /home/nrink/Projects/pin-2.14-71313-gcc.4.4.7-linux/pin.sh -t /home/nrink/Projects/bfi/obj-intel64/bfi.so -- /home/nrink/Projects/build/encode/encode/tests/matmul/matmul.cover.encoded --cso /dev/null --csl /dev/null
2015-05-05_16:52:17 $$ ... timing (9,3): $$ pid=7314: communicated with process
2015-05-05_16:52:17 $$ ... timing (9,3): $$ finished running /home/nrink/Projects/pin-2.14-71313-gcc.4.4.7-linux/pin.sh -t /home/nrink/Projects/bfi/obj-intel64/bfi.so -- /home/nrink/Projects/build/encode/encode/tests/matmul/matmul.cover.encoded --cso /dev/null --csl /dev/null ...
2015-05-05_16:52:17 $$ ... timing (9,3): $$ writing <stderr> to ./2015-05-05_16:42:18/matmul/cover/matmul.cover.encoded.timing.9.3.stderr ...
2015-05-05_16:52:17 $$ ... timing (9,3): $$ done writing <stderr> to ./2015-05-05_16:42:18/matmul/cover/matmul.cover.encoded.timing.9.3.stderr ...
2015-05-05_16:52:17 $$ ... timing (9,3): $$ writing <stdout> to ./2015-05-05_16:42:18/matmul/cover/matmul.cover.encoded.timing.9.3.stdout ...
2015-05-05_16:52:17 $$ ... timing (9,3): $$ done writing <stdout> to ./2015-05-05_16:42:18/matmul/cover/matmul.cover.encoded.timing.9.3.stdout ...
2015-05-05_16:52:17 $$ ... timing (9,3): $$ None (retcode=0) /home/nrink/Projects/pin-2.14-71313-gcc.4.4.7-linux/pin.sh -t /home/nrink/Projects/bfi/obj-intel64/bfi.so -- /home/nrink/Projects/build/encode/encode/tests/matmul/matmul.cover.encoded --cso /dev/null --csl /dev/null ...
2015-05-05_16:52:16 $$ ... timing (9,1): $$ running /home/nrink/Projects/pin-2.14-71313-gcc.4.4.7-linux/pin.sh -t /home/nrink/Projects/bfi/obj-intel64/bfi.so -- /home/nrink/Projects/build/encode/encode/tests/matmul/matmul.cover.encoded --cso /dev/null --csl /dev/null ...
2015-05-05_16:52:16 $$ ... timing (9,1): $$ pid=7318: started process /home/nrink/Projects/pin-2.14-71313-gcc.4.4.7-linux/pin.sh -t /home/nrink/Projects/bfi/obj-intel64/bfi.so -- /home/nrink/Projects/build/encode/encode/tests/matmul/matmul.cover.encoded --cso /dev/null --csl /dev/null
2015-05-05_16:52:18 $$ ... timing (9,1): $$ pid=7318: communicated with process
2015-05-05_16:52:18 $$ ... timing (9,1): $$ finished running /home/nrink/Projects/pin-2.14-71313-gcc.4.4.7-linux/pin.sh -t /home/nrink/Projects/bfi/obj-intel64/bfi.so -- /home/nrink/Projects/build/encode/encode/tests/matmul/matmul.cover.encoded --cso /dev/null --csl /dev/null ...
2015-05-05_16:52:18 $$ ... timing (9,1): $$ writing <stderr> to ./2015-05-05_16:42:18/matmul/cover/matmul.cover.encoded.timing.9.1.stderr ...
2015-05-05_16:52:18 $$ ... timing (9,1): $$ done writing <stderr> to ./2015-05-05_16:42:18/matmul/cover/matmul.cover.encoded.timing.9.1.stderr ...
2015-05-05_16:52:18 $$ ... timing (9,1): $$ writing <stdout> to ./2015-05-05_16:42:18/matmul/cover/matmul.cover.encoded.timing.9.1.stdout ...
2015-05-05_16:52:18 $$ ... timing (9,1): $$ done writing <stdout> to ./2015-05-05_16:42:18/matmul/cover/matmul.cover.encoded.timing.9.1.stdout ...
2015-05-05_16:52:18 $$ ... timing (9,1): $$ None (retcode=0) /home/nrink/Projects/pin-2.14-71313-gcc.4.4.7-linux/pin.sh -t /home/nrink/Projects/bfi/obj-intel64/bfi.so -- /home/nrink/Projects/build/encode/encode/tests/matmul/matmul.cover.encoded --cso /dev/null --csl /dev/null ...
2015-05-05_16:52:16 $$ ... timing (9,2): $$ running /home/nrink/Projects/pin-2.14-71313-gcc.4.4.7-linux/pin.sh -t /home/nrink/Projects/bfi/obj-intel64/bfi.so -- /home/nrink/Projects/build/encode/encode/tests/matmul/matmul.cover.encoded --cso /dev/null --csl /dev/null ...
2015-05-05_16:52:16 $$ ... timing (9,2): $$ pid=7310: started process /home/nrink/Projects/pin-2.14-71313-gcc.4.4.7-linux/pin.sh -t /home/nrink/Projects/bfi/obj-intel64/bfi.so -- /home/nrink/Projects/build/encode/encode/tests/matmul/matmul.cover.encoded --cso /dev/null --csl /dev/null
2015-05-05_16:52:18 $$ ... timing (9,2): $$ pid=7310: communicated with process
2015-05-05_16:52:18 $$ ... timing (9,2): $$ finished running /home/nrink/Projects/pin-2.14-71313-gcc.4.4.7-linux/pin.sh -t /home/nrink/Projects/bfi/obj-intel64/bfi.so -- /home/nrink/Projects/build/encode/encode/tests/matmul/matmul.cover.encoded --cso /dev/null --csl /dev/null ...
2015-05-05_16:52:18 $$ ... timing (9,2): $$ writing <stderr> to ./2015-05-05_16:42:18/matmul/cover/matmul.cover.encoded.timing.9.2.stderr ...
2015-05-05_16:52:18 $$ ... timing (9,2): $$ done writing <stderr> to ./2015-05-05_16:42:18/matmul/cover/matmul.cover.encoded.timing.9.2.stderr ...
2015-05-05_16:52:18 $$ ... timing (9,2): $$ writing <stdout> to ./2015-05-05_16:42:18/matmul/cover/matmul.cover.encoded.timing.9.2.stdout ...
2015-05-05_16:52:18 $$ ... timing (9,2): $$ done writing <stdout> to ./2015-05-05_16:42:18/matmul/cover/matmul.cover.encoded.timing.9.2.stdout ...
2015-05-05_16:52:18 $$ ... timing (9,2): $$ None (retcode=0) /home/nrink/Projects/pin-2.14-71313-gcc.4.4.7-linux/pin.sh -t /home/nrink/Projects/bfi/obj-intel64/bfi.so -- /home/nrink/Projects/build/encode/encode/tests/matmul/matmul.cover.encoded --cso /dev/null --csl /dev/null ...
2015-05-05_16:52:18 $$ ... done with timing runs ...
2015-05-05_16:52:18 $$ timings: mean=1.499639, stdev=0.331259, timeout=15
2015-05-05_16:52:18 $$ ... done warming up
2015-05-05_16:52:18 $$ ----------------------------------------------------------------
2015-05-05_16:52:18 $$ Obtaining ranges of function ___enc_kernel ...
2015-05-05_16:52:18 $$ pid=7445: started process /home/nrink/Projects/pin-2.14-71313-gcc.4.4.7-linux/pin.sh -t /home/nrink/Projects/bfi/obj-intel64/bfi.so -m ___enc_kernel -- /home/nrink/Projects/build/encode/encode/tests/matmul/matmul.cover.encoded --cso /dev/null --csl /dev/null
2015-05-05_16:52:19 $$ pid=7445: communicated with process
2015-05-05_16:52:19 $$ ... finished running /home/nrink/Projects/pin-2.14-71313-gcc.4.4.7-linux/pin.sh -t /home/nrink/Projects/bfi/obj-intel64/bfi.so -m ___enc_kernel -- /home/nrink/Projects/build/encode/encode/tests/matmul/matmul.cover.encoded --cso /dev/null --csl /dev/null ...
2015-05-05_16:52:19 $$ ... writing <stderr> to ./2015-05-05_16:42:18/matmul/cover/matmul.cover.encoded.ranges ...
2015-05-05_16:52:19 $$ ... done writing <stderr> to ./2015-05-05_16:42:18/matmul/cover/matmul.cover.encoded.ranges ...
2015-05-05_16:52:19 $$ ... done obtaining ranges of function ___enc_kernel
2015-05-05_16:52:19 $$ ----------------------------------------------------------------
2015-05-05_16:52:19 $$ Performing fault injections ...
2015-05-05_16:52:19 $$ ... no. 0: cso file: ./2015-05-05_16:42:18/matmul/cover/cs/encoded.0.cso ...
2015-05-05_16:52:19 $$ ... no. 0: csl file: ./2015-05-05_16:42:18/matmul/cover/cs/encoded.0.csl ...
2015-05-05_16:52:19 $$ ... no. 1: cso file: ./2015-05-05_16:42:18/matmul/cover/cs/encoded.1.cso ...
2015-05-05_16:52:19 $$ ... no. 1: csl file: ./2015-05-05_16:42:18/matmul/cover/cs/encoded.1.csl ...
2015-05-05_16:52:19 $$ ... no. 2: cso file: ./2015-05-05_16:42:18/matmul/cover/cs/encoded.2.cso ...
2015-05-05_16:52:19 $$ ... no. 2: csl file: ./2015-05-05_16:42:18/matmul/cover/cs/encoded.2.csl ...
2015-05-05_16:52:19 $$ ... no. 3: cso file: ./2015-05-05_16:42:18/matmul/cover/cs/encoded.3.cso ...
2015-05-05_16:52:19 $$ ... no. 3: csl file: ./2015-05-05_16:42:18/matmul/cover/cs/encoded.3.csl ...
2015-05-05_16:52:19 $$ ... no. 4: cso file: ./2015-05-05_16:42:18/matmul/cover/cs/encoded.4.cso ...
2015-05-05_16:52:19 $$ ... no. 4: csl file: ./2015-05-05_16:42:18/matmul/cover/cs/encoded.4.csl ...
2015-05-05_16:52:19 $$ ... no. 5: cso file: ./2015-05-05_16:42:18/matmul/cover/cs/encoded.5.cso ...
2015-05-05_16:52:19 $$ ... no. 5: csl file: ./2015-05-05_16:42:18/matmul/cover/cs/encoded.5.csl ...
2015-05-05_16:52:19 $$ ... no. 6: cso file: ./2015-05-05_16:42:18/matmul/cover/cs/encoded.6.cso ...
2015-05-05_16:52:19 $$ ... no. 6: csl file: ./2015-05-05_16:42:18/matmul/cover/cs/encoded.6.csl ...
2015-05-05_16:52:19 $$ ... no. 7: cso file: ./2015-05-05_16:42:18/matmul/cover/cs/encoded.7.cso ...
2015-05-05_16:52:19 $$ ... no. 7: csl file: ./2015-05-05_16:42:18/matmul/cover/cs/encoded.7.csl ...
2015-05-05_16:52:19 $$ ... no. 8: cso file: ./2015-05-05_16:42:18/matmul/cover/cs/encoded.8.cso ...
2015-05-05_16:52:19 $$ ... no. 8: csl file: ./2015-05-05_16:42:18/matmul/cover/cs/encoded.8.csl ...
2015-05-05_16:52:19 $$ ... no. 9: cso file: ./2015-05-05_16:42:18/matmul/cover/cs/encoded.9.cso ...
2015-05-05_16:52:19 $$ ... no. 9: csl file: ./2015-05-05_16:42:18/matmul/cover/cs/encoded.9.csl ...
2015-05-05_16:52:19 $$ ... no. 2: $$ running /home/nrink/Projects/pin-2.14-71313-gcc.4.4.7-linux/pin.sh -t /home/nrink/Projects/bfi/obj-intel64/bfi.so -trigger 121186545 -cmd RVAL -seed 1 -mask 62 -- /home/nrink/Projects/build/encode/encode/tests/matmul/matmul.cover.encoded --cso ./2015-05-05_16:42:18/matmul/cover/cs/encoded.2.cso --csl ./2015-05-05_16:42:18/matmul/cover/cs/encoded.2.csl ...
2015-05-05_16:52:19 $$ ... no. 2: $$ pid=7689: started process /home/nrink/Projects/pin-2.14-71313-gcc.4.4.7-linux/pin.sh -t /home/nrink/Projects/bfi/obj-intel64/bfi.so -trigger 121186545 -cmd RVAL -seed 1 -mask 62 -- /home/nrink/Projects/build/encode/encode/tests/matmul/matmul.cover.encoded --cso ./2015-05-05_16:42:18/matmul/cover/cs/encoded.2.cso --csl ./2015-05-05_16:42:18/matmul/cover/cs/encoded.2.csl
2015-05-05_16:52:19 $$ ... no. 2: $$ pid=7689: timeout=15
2015-05-05_16:52:20 $$ ... no. 2: $$ pid=7689: communicated with process
2015-05-05_16:52:20 $$ ... no. 2: $$ finished running /home/nrink/Projects/pin-2.14-71313-gcc.4.4.7-linux/pin.sh -t /home/nrink/Projects/bfi/obj-intel64/bfi.so -trigger 121186545 -cmd RVAL -seed 1 -mask 62 -- /home/nrink/Projects/build/encode/encode/tests/matmul/matmul.cover.encoded --cso ./2015-05-05_16:42:18/matmul/cover/cs/encoded.2.cso --csl ./2015-05-05_16:42:18/matmul/cover/cs/encoded.2.csl ...
2015-05-05_16:52:20 $$ ... no. 2: $$ writing <stderr> to ./2015-05-05_16:42:18/matmul/cover/matmul.cover.encoded.fi.2.stderr ...
2015-05-05_16:52:20 $$ ... no. 2: $$ done writing <stderr> to ./2015-05-05_16:42:18/matmul/cover/matmul.cover.encoded.fi.2.stderr ...
2015-05-05_16:52:20 $$ ... no. 2: $$ writing <stdout> to ./2015-05-05_16:42:18/matmul/cover/matmul.cover.encoded.fi.2.stdout ...
2015-05-05_16:52:20 $$ ... no. 2: $$ done writing <stdout> to ./2015-05-05_16:42:18/matmul/cover/matmul.cover.encoded.fi.2.stdout ...
2015-05-05_16:52:20 $$ ... no. 2: $$ ANCRASH (retcode=2) /home/nrink/Projects/pin-2.14-71313-gcc.4.4.7-linux/pin.sh -t /home/nrink/Projects/bfi/obj-intel64/bfi.so -trigger 121186545 -cmd RVAL -seed 1 -mask 62 -- /home/nrink/Projects/build/encode/encode/tests/matmul/matmul.cover.encoded --cso ./2015-05-05_16:42:18/matmul/cover/cs/encoded.2.cso --csl ./2015-05-05_16:42:18/matmul/cover/cs/encoded.2.csl ...
2015-05-05_16:52:19 $$ ... no. 6: $$ running /home/nrink/Projects/pin-2.14-71313-gcc.4.4.7-linux/pin.sh -t /home/nrink/Projects/bfi/obj-intel64/bfi.so -trigger 140043151 -cmd RVAL -seed 1 -mask 87 -- /home/nrink/Projects/build/encode/encode/tests/matmul/matmul.cover.encoded --cso ./2015-05-05_16:42:18/matmul/cover/cs/encoded.6.cso --csl ./2015-05-05_16:42:18/matmul/cover/cs/encoded.6.csl ...
2015-05-05_16:52:19 $$ ... no. 6: $$ pid=7690: started process /home/nrink/Projects/pin-2.14-71313-gcc.4.4.7-linux/pin.sh -t /home/nrink/Projects/bfi/obj-intel64/bfi.so -trigger 140043151 -cmd RVAL -seed 1 -mask 87 -- /home/nrink/Projects/build/encode/encode/tests/matmul/matmul.cover.encoded --cso ./2015-05-05_16:42:18/matmul/cover/cs/encoded.6.cso --csl ./2015-05-05_16:42:18/matmul/cover/cs/encoded.6.csl
2015-05-05_16:52:19 $$ ... no. 6: $$ pid=7690: timeout=15
2015-05-05_16:52:21 $$ ... no. 6: $$ pid=7690: communicated with process
2015-05-05_16:52:21 $$ ... no. 6: $$ finished running /home/nrink/Projects/pin-2.14-71313-gcc.4.4.7-linux/pin.sh -t /home/nrink/Projects/bfi/obj-intel64/bfi.so -trigger 140043151 -cmd RVAL -seed 1 -mask 87 -- /home/nrink/Projects/build/encode/encode/tests/matmul/matmul.cover.encoded --cso ./2015-05-05_16:42:18/matmul/cover/cs/encoded.6.cso --csl ./2015-05-05_16:42:18/matmul/cover/cs/encoded.6.csl ...
2015-05-05_16:52:21 $$ ... no. 6: $$ writing <stderr> to ./2015-05-05_16:42:18/matmul/cover/matmul.cover.encoded.fi.6.stderr ...
2015-05-05_16:52:21 $$ ... no. 6: $$ done writing <stderr> to ./2015-05-05_16:42:18/matmul/cover/matmul.cover.encoded.fi.6.stderr ...
2015-05-05_16:52:21 $$ ... no. 6: $$ writing <stdout> to ./2015-05-05_16:42:18/matmul/cover/matmul.cover.encoded.fi.6.stdout ...
2015-05-05_16:52:21 $$ ... no. 6: $$ done writing <stdout> to ./2015-05-05_16:42:18/matmul/cover/matmul.cover.encoded.fi.6.stdout ...
2015-05-05_16:52:21 $$ ... no. 6: $$ ANCRASH (retcode=2) /home/nrink/Projects/pin-2.14-71313-gcc.4.4.7-linux/pin.sh -t /home/nrink/Projects/bfi/obj-intel64/bfi.so -trigger 140043151 -cmd RVAL -seed 1 -mask 87 -- /home/nrink/Projects/build/encode/encode/tests/matmul/matmul.cover.encoded --cso ./2015-05-05_16:42:18/matmul/cover/cs/encoded.6.cso --csl ./2015-05-05_16:42:18/matmul/cover/cs/encoded.6.csl ...
2015-05-05_16:52:21 $$ ... no. 3: $$ running /home/nrink/Projects/pin-2.14-71313-gcc.4.4.7-linux/pin.sh -t /home/nrink/Projects/bfi/obj-intel64/bfi.so -trigger 57256160 -cmd RVAL -seed 1 -mask 72 -- /home/nrink/Projects/build/encode/encode/tests/matmul/matmul.cover.encoded --cso ./2015-05-05_16:42:18/matmul/cover/cs/encoded.3.cso --csl ./2015-05-05_16:42:18/matmul/cover/cs/encoded.3.csl ...
2015-05-05_16:52:21 $$ ... no. 3: $$ pid=7793: started process /home/nrink/Projects/pin-2.14-71313-gcc.4.4.7-linux/pin.sh -t /home/nrink/Projects/bfi/obj-intel64/bfi.so -trigger 57256160 -cmd RVAL -seed 1 -mask 72 -- /home/nrink/Projects/build/encode/encode/tests/matmul/matmul.cover.encoded --cso ./2015-05-05_16:42:18/matmul/cover/cs/encoded.3.cso --csl ./2015-05-05_16:42:18/matmul/cover/cs/encoded.3.csl
2015-05-05_16:52:21 $$ ... no. 3: $$ pid=7793: timeout=15
2015-05-05_16:52:24 $$ ... no. 3: $$ pid=7793: communicated with process
2015-05-05_16:52:24 $$ ... no. 3: $$ finished running /home/nrink/Projects/pin-2.14-71313-gcc.4.4.7-linux/pin.sh -t /home/nrink/Projects/bfi/obj-intel64/bfi.so -trigger 57256160 -cmd RVAL -seed 1 -mask 72 -- /home/nrink/Projects/build/encode/encode/tests/matmul/matmul.cover.encoded --cso ./2015-05-05_16:42:18/matmul/cover/cs/encoded.3.cso --csl ./2015-05-05_16:42:18/matmul/cover/cs/encoded.3.csl ...
2015-05-05_16:52:24 $$ ... no. 3: $$ writing <stderr> to ./2015-05-05_16:42:18/matmul/cover/matmul.cover.encoded.fi.3.stderr ...
2015-05-05_16:52:24 $$ ... no. 3: $$ done writing <stderr> to ./2015-05-05_16:42:18/matmul/cover/matmul.cover.encoded.fi.3.stderr ...
2015-05-05_16:52:24 $$ ... no. 3: $$ writing <stdout> to ./2015-05-05_16:42:18/matmul/cover/matmul.cover.encoded.fi.3.stdout ...
2015-05-05_16:52:24 $$ ... no. 3: $$ done writing <stdout> to ./2015-05-05_16:42:18/matmul/cover/matmul.cover.encoded.fi.3.stdout ...
2015-05-05_16:52:24 $$ ... no. 3: $$ CORRECT (checksum difference: 0) (retcode=0) /home/nrink/Projects/pin-2.14-71313-gcc.4.4.7-linux/pin.sh -t /home/nrink/Projects/bfi/obj-intel64/bfi.so -trigger 57256160 -cmd RVAL -seed 1 -mask 72 -- /home/nrink/Projects/build/encode/encode/tests/matmul/matmul.cover.encoded --cso ./2015-05-05_16:42:18/matmul/cover/cs/encoded.3.cso --csl ./2015-05-05_16:42:18/matmul/cover/cs/encoded.3.csl ...
2015-05-05_16:52:24 $$ ... no. 7: $$ running /home/nrink/Projects/pin-2.14-71313-gcc.4.4.7-linux/pin.sh -t /home/nrink/Projects/bfi/obj-intel64/bfi.so -trigger 27628901 -cmd WVAL -seed 1 -mask 155 -- /home/nrink/Projects/build/encode/encode/tests/matmul/matmul.cover.encoded --cso ./2015-05-05_16:42:18/matmul/cover/cs/encoded.7.cso --csl ./2015-05-05_16:42:18/matmul/cover/cs/encoded.7.csl ...
2015-05-05_16:52:24 $$ ... no. 7: $$ pid=7860: started process /home/nrink/Projects/pin-2.14-71313-gcc.4.4.7-linux/pin.sh -t /home/nrink/Projects/bfi/obj-intel64/bfi.so -trigger 27628901 -cmd WVAL -seed 1 -mask 155 -- /home/nrink/Projects/build/encode/encode/tests/matmul/matmul.cover.encoded --cso ./2015-05-05_16:42:18/matmul/cover/cs/encoded.7.cso --csl ./2015-05-05_16:42:18/matmul/cover/cs/encoded.7.csl
2015-05-05_16:52:24 $$ ... no. 7: $$ pid=7860: timeout=15
2015-05-05_16:52:26 $$ ... no. 7: $$ pid=7860: communicated with process
2015-05-05_16:52:26 $$ ... no. 7: $$ finished running /home/nrink/Projects/pin-2.14-71313-gcc.4.4.7-linux/pin.sh -t /home/nrink/Projects/bfi/obj-intel64/bfi.so -trigger 27628901 -cmd WVAL -seed 1 -mask 155 -- /home/nrink/Projects/build/encode/encode/tests/matmul/matmul.cover.encoded --cso ./2015-05-05_16:42:18/matmul/cover/cs/encoded.7.cso --csl ./2015-05-05_16:42:18/matmul/cover/cs/encoded.7.csl ...
2015-05-05_16:52:26 $$ ... no. 7: $$ writing <stderr> to ./2015-05-05_16:42:18/matmul/cover/matmul.cover.encoded.fi.7.stderr ...
2015-05-05_16:52:26 $$ ... no. 7: $$ done writing <stderr> to ./2015-05-05_16:42:18/matmul/cover/matmul.cover.encoded.fi.7.stderr ...
2015-05-05_16:52:26 $$ ... no. 7: $$ writing <stdout> to ./2015-05-05_16:42:18/matmul/cover/matmul.cover.encoded.fi.7.stdout ...
2015-05-05_16:52:26 $$ ... no. 7: $$ done writing <stdout> to ./2015-05-05_16:42:18/matmul/cover/matmul.cover.encoded.fi.7.stdout ...
2015-05-05_16:52:26 $$ ... no. 7: $$ CORRECT (checksum difference: 0) (retcode=0) /home/nrink/Projects/pin-2.14-71313-gcc.4.4.7-linux/pin.sh -t /home/nrink/Projects/bfi/obj-intel64/bfi.so -trigger 27628901 -cmd WVAL -seed 1 -mask 155 -- /home/nrink/Projects/build/encode/encode/tests/matmul/matmul.cover.encoded --cso ./2015-05-05_16:42:18/matmul/cover/cs/encoded.7.cso --csl ./2015-05-05_16:42:18/matmul/cover/cs/encoded.7.csl ...
2015-05-05_16:52:20 $$ ... no. 1: $$ running /home/nrink/Projects/pin-2.14-71313-gcc.4.4.7-linux/pin.sh -t /home/nrink/Projects/bfi/obj-intel64/bfi.so -trigger 155739882 -cmd RREG -seed 1 -mask 174 -- /home/nrink/Projects/build/encode/encode/tests/matmul/matmul.cover.encoded --cso ./2015-05-05_16:42:18/matmul/cover/cs/encoded.1.cso --csl ./2015-05-05_16:42:18/matmul/cover/cs/encoded.1.csl ...
2015-05-05_16:52:20 $$ ... no. 1: $$ pid=7763: started process /home/nrink/Projects/pin-2.14-71313-gcc.4.4.7-linux/pin.sh -t /home/nrink/Projects/bfi/obj-intel64/bfi.so -trigger 155739882 -cmd RREG -seed 1 -mask 174 -- /home/nrink/Projects/build/encode/encode/tests/matmul/matmul.cover.encoded --cso ./2015-05-05_16:42:18/matmul/cover/cs/encoded.1.cso --csl ./2015-05-05_16:42:18/matmul/cover/cs/encoded.1.csl
2015-05-05_16:52:20 $$ ... no. 1: $$ pid=7763: timeout=15
2015-05-05_16:52:26 $$ ... no. 1: $$ pid=7763: communicated with process
2015-05-05_16:52:26 $$ ... no. 1: $$ finished running /home/nrink/Projects/pin-2.14-71313-gcc.4.4.7-linux/pin.sh -t /home/nrink/Projects/bfi/obj-intel64/bfi.so -trigger 155739882 -cmd RREG -seed 1 -mask 174 -- /home/nrink/Projects/build/encode/encode/tests/matmul/matmul.cover.encoded --cso ./2015-05-05_16:42:18/matmul/cover/cs/encoded.1.cso --csl ./2015-05-05_16:42:18/matmul/cover/cs/encoded.1.csl ...
2015-05-05_16:52:26 $$ ... no. 1: $$ writing <stderr> to ./2015-05-05_16:42:18/matmul/cover/matmul.cover.encoded.fi.1.stderr ...
2015-05-05_16:52:26 $$ ... no. 1: $$ done writing <stderr> to ./2015-05-05_16:42:18/matmul/cover/matmul.cover.encoded.fi.1.stderr ...
2015-05-05_16:52:26 $$ ... no. 1: $$ writing <stdout> to ./2015-05-05_16:42:18/matmul/cover/matmul.cover.encoded.fi.1.stdout ...
2015-05-05_16:52:26 $$ ... no. 1: $$ done writing <stdout> to ./2015-05-05_16:42:18/matmul/cover/matmul.cover.encoded.fi.1.stdout ...
2015-05-05_16:52:26 $$ ... no. 1: $$ UNEXPECTED (checksum difference: 1) (retcode=0) /home/nrink/Projects/pin-2.14-71313-gcc.4.4.7-linux/pin.sh -t /home/nrink/Projects/bfi/obj-intel64/bfi.so -trigger 155739882 -cmd RREG -seed 1 -mask 174 -- /home/nrink/Projects/build/encode/encode/tests/matmul/matmul.cover.encoded --cso ./2015-05-05_16:42:18/matmul/cover/cs/encoded.1.cso --csl ./2015-05-05_16:42:18/matmul/cover/cs/encoded.1.csl ...
2015-05-05_16:52:26 $$ ... no. 4: $$ running /home/nrink/Projects/pin-2.14-71313-gcc.4.4.7-linux/pin.sh -t /home/nrink/Projects/bfi/obj-intel64/bfi.so -trigger 66417240 -cmd RADDR -seed 1 -mask 129 -- /home/nrink/Projects/build/encode/encode/tests/matmul/matmul.cover.encoded --cso ./2015-05-05_16:42:18/matmul/cover/cs/encoded.4.cso --csl ./2015-05-05_16:42:18/matmul/cover/cs/encoded.4.csl ...
2015-05-05_16:52:26 $$ ... no. 4: $$ pid=7959: started process /home/nrink/Projects/pin-2.14-71313-gcc.4.4.7-linux/pin.sh -t /home/nrink/Projects/bfi/obj-intel64/bfi.so -trigger 66417240 -cmd RADDR -seed 1 -mask 129 -- /home/nrink/Projects/build/encode/encode/tests/matmul/matmul.cover.encoded --cso ./2015-05-05_16:42:18/matmul/cover/cs/encoded.4.cso --csl ./2015-05-05_16:42:18/matmul/cover/cs/encoded.4.csl
2015-05-05_16:52:26 $$ ... no. 4: $$ pid=7959: timeout=15
2015-05-05_16:52:28 $$ ... no. 4: $$ pid=7959: communicated with process
2015-05-05_16:52:28 $$ ... no. 4: $$ finished running /home/nrink/Projects/pin-2.14-71313-gcc.4.4.7-linux/pin.sh -t /home/nrink/Projects/bfi/obj-intel64/bfi.so -trigger 66417240 -cmd RADDR -seed 1 -mask 129 -- /home/nrink/Projects/build/encode/encode/tests/matmul/matmul.cover.encoded --cso ./2015-05-05_16:42:18/matmul/cover/cs/encoded.4.cso --csl ./2015-05-05_16:42:18/matmul/cover/cs/encoded.4.csl ...
2015-05-05_16:52:28 $$ ... no. 4: $$ writing <stderr> to ./2015-05-05_16:42:18/matmul/cover/matmul.cover.encoded.fi.4.stderr ...
2015-05-05_16:52:28 $$ ... no. 4: $$ done writing <stderr> to ./2015-05-05_16:42:18/matmul/cover/matmul.cover.encoded.fi.4.stderr ...
2015-05-05_16:52:28 $$ ... no. 4: $$ writing <stdout> to ./2015-05-05_16:42:18/matmul/cover/matmul.cover.encoded.fi.4.stdout ...
2015-05-05_16:52:28 $$ ... no. 4: $$ done writing <stdout> to ./2015-05-05_16:42:18/matmul/cover/matmul.cover.encoded.fi.4.stdout ...
2015-05-05_16:52:28 $$ ... no. 4: $$ OSCRASH (retcode=139) /home/nrink/Projects/pin-2.14-71313-gcc.4.4.7-linux/pin.sh -t /home/nrink/Projects/bfi/obj-intel64/bfi.so -trigger 66417240 -cmd RADDR -seed 1 -mask 129 -- /home/nrink/Projects/build/encode/encode/tests/matmul/matmul.cover.encoded --cso ./2015-05-05_16:42:18/matmul/cover/cs/encoded.4.cso --csl ./2015-05-05_16:42:18/matmul/cover/cs/encoded.4.csl ...
2015-05-05_16:52:26 $$ ... no. 8: $$ running /home/nrink/Projects/pin-2.14-71313-gcc.4.4.7-linux/pin.sh -t /home/nrink/Projects/bfi/obj-intel64/bfi.so -trigger 161502954 -cmd WREG -seed 1 -mask 12 -- /home/nrink/Projects/build/encode/encode/tests/matmul/matmul.cover.encoded --cso ./2015-05-05_16:42:18/matmul/cover/cs/encoded.8.cso --csl ./2015-05-05_16:42:18/matmul/cover/cs/encoded.8.csl ...
2015-05-05_16:52:26 $$ ... no. 8: $$ pid=7926: started process /home/nrink/Projects/pin-2.14-71313-gcc.4.4.7-linux/pin.sh -t /home/nrink/Projects/bfi/obj-intel64/bfi.so -trigger 161502954 -cmd WREG -seed 1 -mask 12 -- /home/nrink/Projects/build/encode/encode/tests/matmul/matmul.cover.encoded --cso ./2015-05-05_16:42:18/matmul/cover/cs/encoded.8.cso --csl ./2015-05-05_16:42:18/matmul/cover/cs/encoded.8.csl
2015-05-05_16:52:26 $$ ... no. 8: $$ pid=7926: timeout=15
2015-05-05_16:52:31 $$ ... no. 8: $$ pid=7926: communicated with process
2015-05-05_16:52:31 $$ ... no. 8: $$ finished running /home/nrink/Projects/pin-2.14-71313-gcc.4.4.7-linux/pin.sh -t /home/nrink/Projects/bfi/obj-intel64/bfi.so -trigger 161502954 -cmd WREG -seed 1 -mask 12 -- /home/nrink/Projects/build/encode/encode/tests/matmul/matmul.cover.encoded --cso ./2015-05-05_16:42:18/matmul/cover/cs/encoded.8.cso --csl ./2015-05-05_16:42:18/matmul/cover/cs/encoded.8.csl ...
2015-05-05_16:52:31 $$ ... no. 8: $$ writing <stderr> to ./2015-05-05_16:42:18/matmul/cover/matmul.cover.encoded.fi.8.stderr ...
2015-05-05_16:52:31 $$ ... no. 8: $$ done writing <stderr> to ./2015-05-05_16:42:18/matmul/cover/matmul.cover.encoded.fi.8.stderr ...
2015-05-05_16:52:31 $$ ... no. 8: $$ writing <stdout> to ./2015-05-05_16:42:18/matmul/cover/matmul.cover.encoded.fi.8.stdout ...
2015-05-05_16:52:31 $$ ... no. 8: $$ done writing <stdout> to ./2015-05-05_16:42:18/matmul/cover/matmul.cover.encoded.fi.8.stdout ...
2015-05-05_16:52:31 $$ ... no. 8: $$ CORRECT (checksum difference: 0) (retcode=0) /home/nrink/Projects/pin-2.14-71313-gcc.4.4.7-linux/pin.sh -t /home/nrink/Projects/bfi/obj-intel64/bfi.so -trigger 161502954 -cmd WREG -seed 1 -mask 12 -- /home/nrink/Projects/build/encode/encode/tests/matmul/matmul.cover.encoded --cso ./2015-05-05_16:42:18/matmul/cover/cs/encoded.8.cso --csl ./2015-05-05_16:42:18/matmul/cover/cs/encoded.8.csl ...
2015-05-05_16:52:19 $$ ... no. 0: $$ running /home/nrink/Projects/pin-2.14-71313-gcc.4.4.7-linux/pin.sh -t /home/nrink/Projects/bfi/obj-intel64/bfi.so -trigger 39750549 -cmd TXT -seed 1 -mask 151 -- /home/nrink/Projects/build/encode/encode/tests/matmul/matmul.cover.encoded --cso ./2015-05-05_16:42:18/matmul/cover/cs/encoded.0.cso --csl ./2015-05-05_16:42:18/matmul/cover/cs/encoded.0.csl ...
2015-05-05_16:52:19 $$ ... no. 0: $$ pid=7624: started process /home/nrink/Projects/pin-2.14-71313-gcc.4.4.7-linux/pin.sh -t /home/nrink/Projects/bfi/obj-intel64/bfi.so -trigger 39750549 -cmd TXT -seed 1 -mask 151 -- /home/nrink/Projects/build/encode/encode/tests/matmul/matmul.cover.encoded --cso ./2015-05-05_16:42:18/matmul/cover/cs/encoded.0.cso --csl ./2015-05-05_16:42:18/matmul/cover/cs/encoded.0.csl
2015-05-05_16:52:19 $$ ... no. 0: $$ pid=7624: timeout=15
2015-05-05_16:52:34 $$ ... no. 0: $$ pid=7624: killed process
2015-05-05_16:52:34 $$ ... no. 0: $$ finished running /home/nrink/Projects/pin-2.14-71313-gcc.4.4.7-linux/pin.sh -t /home/nrink/Projects/bfi/obj-intel64/bfi.so -trigger 39750549 -cmd TXT -seed 1 -mask 151 -- /home/nrink/Projects/build/encode/encode/tests/matmul/matmul.cover.encoded --cso ./2015-05-05_16:42:18/matmul/cover/cs/encoded.0.cso --csl ./2015-05-05_16:42:18/matmul/cover/cs/encoded.0.csl ...
2015-05-05_16:52:34 $$ ... no. 0: $$ writing <stderr> to ./2015-05-05_16:42:18/matmul/cover/matmul.cover.encoded.fi.0.stderr ...
2015-05-05_16:52:34 $$ ... no. 0: $$ done writing <stderr> to ./2015-05-05_16:42:18/matmul/cover/matmul.cover.encoded.fi.0.stderr ...
2015-05-05_16:52:34 $$ ... no. 0: $$ writing <stdout> to ./2015-05-05_16:42:18/matmul/cover/matmul.cover.encoded.fi.0.stdout ...
2015-05-05_16:52:34 $$ ... no. 0: $$ done writing <stdout> to ./2015-05-05_16:42:18/matmul/cover/matmul.cover.encoded.fi.0.stdout ...
2015-05-05_16:52:34 $$ ... no. 0: $$ HANG (retcode=None) /home/nrink/Projects/pin-2.14-71313-gcc.4.4.7-linux/pin.sh -t /home/nrink/Projects/bfi/obj-intel64/bfi.so -trigger 39750549 -cmd TXT -seed 1 -mask 151 -- /home/nrink/Projects/build/encode/encode/tests/matmul/matmul.cover.encoded --cso ./2015-05-05_16:42:18/matmul/cover/cs/encoded.0.cso --csl ./2015-05-05_16:42:18/matmul/cover/cs/encoded.0.csl ...
2015-05-05_16:52:19 $$ ... no. 5: $$ running /home/nrink/Projects/pin-2.14-71313-gcc.4.4.7-linux/pin.sh -t /home/nrink/Projects/bfi/obj-intel64/bfi.so -trigger 25729964 -cmd WADDR -seed 1 -mask 119 -- /home/nrink/Projects/build/encode/encode/tests/matmul/matmul.cover.encoded --cso ./2015-05-05_16:42:18/matmul/cover/cs/encoded.5.cso --csl ./2015-05-05_16:42:18/matmul/cover/cs/encoded.5.csl ...
2015-05-05_16:52:19 $$ ... no. 5: $$ pid=7686: started process /home/nrink/Projects/pin-2.14-71313-gcc.4.4.7-linux/pin.sh -t /home/nrink/Projects/bfi/obj-intel64/bfi.so -trigger 25729964 -cmd WADDR -seed 1 -mask 119 -- /home/nrink/Projects/build/encode/encode/tests/matmul/matmul.cover.encoded --cso ./2015-05-05_16:42:18/matmul/cover/cs/encoded.5.cso --csl ./2015-05-05_16:42:18/matmul/cover/cs/encoded.5.csl
2015-05-05_16:52:19 $$ ... no. 5: $$ pid=7686: timeout=15
2015-05-05_16:52:34 $$ ... no. 5: $$ pid=7686: killed process
2015-05-05_16:52:34 $$ ... no. 5: $$ finished running /home/nrink/Projects/pin-2.14-71313-gcc.4.4.7-linux/pin.sh -t /home/nrink/Projects/bfi/obj-intel64/bfi.so -trigger 25729964 -cmd WADDR -seed 1 -mask 119 -- /home/nrink/Projects/build/encode/encode/tests/matmul/matmul.cover.encoded --cso ./2015-05-05_16:42:18/matmul/cover/cs/encoded.5.cso --csl ./2015-05-05_16:42:18/matmul/cover/cs/encoded.5.csl ...
2015-05-05_16:52:34 $$ ... no. 5: $$ writing <stderr> to ./2015-05-05_16:42:18/matmul/cover/matmul.cover.encoded.fi.5.stderr ...
2015-05-05_16:52:34 $$ ... no. 5: $$ done writing <stderr> to ./2015-05-05_16:42:18/matmul/cover/matmul.cover.encoded.fi.5.stderr ...
2015-05-05_16:52:34 $$ ... no. 5: $$ writing <stdout> to ./2015-05-05_16:42:18/matmul/cover/matmul.cover.encoded.fi.5.stdout ...
2015-05-05_16:52:34 $$ ... no. 5: $$ done writing <stdout> to ./2015-05-05_16:42:18/matmul/cover/matmul.cover.encoded.fi.5.stdout ...
2015-05-05_16:52:34 $$ ... no. 5: $$ HANG (retcode=None) /home/nrink/Projects/pin-2.14-71313-gcc.4.4.7-linux/pin.sh -t /home/nrink/Projects/bfi/obj-intel64/bfi.so -trigger 25729964 -cmd WADDR -seed 1 -mask 119 -- /home/nrink/Projects/build/encode/encode/tests/matmul/matmul.cover.encoded --cso ./2015-05-05_16:42:18/matmul/cover/cs/encoded.5.cso --csl ./2015-05-05_16:42:18/matmul/cover/cs/encoded.5.csl ...
2015-05-05_16:52:28 $$ ... no. 9: $$ running /home/nrink/Projects/pin-2.14-71313-gcc.4.4.7-linux/pin.sh -t /home/nrink/Projects/bfi/obj-intel64/bfi.so -trigger 155556001 -cmd WADDR -seed 1 -mask 206 -- /home/nrink/Projects/build/encode/encode/tests/matmul/matmul.cover.encoded --cso ./2015-05-05_16:42:18/matmul/cover/cs/encoded.9.cso --csl ./2015-05-05_16:42:18/matmul/cover/cs/encoded.9.csl ...
2015-05-05_16:52:28 $$ ... no. 9: $$ pid=7993: started process /home/nrink/Projects/pin-2.14-71313-gcc.4.4.7-linux/pin.sh -t /home/nrink/Projects/bfi/obj-intel64/bfi.so -trigger 155556001 -cmd WADDR -seed 1 -mask 206 -- /home/nrink/Projects/build/encode/encode/tests/matmul/matmul.cover.encoded --cso ./2015-05-05_16:42:18/matmul/cover/cs/encoded.9.cso --csl ./2015-05-05_16:42:18/matmul/cover/cs/encoded.9.csl
2015-05-05_16:52:28 $$ ... no. 9: $$ pid=7993: timeout=15
2015-05-05_16:52:35 $$ ... no. 9: $$ pid=7993: communicated with process
2015-05-05_16:52:35 $$ ... no. 9: $$ finished running /home/nrink/Projects/pin-2.14-71313-gcc.4.4.7-linux/pin.sh -t /home/nrink/Projects/bfi/obj-intel64/bfi.so -trigger 155556001 -cmd WADDR -seed 1 -mask 206 -- /home/nrink/Projects/build/encode/encode/tests/matmul/matmul.cover.encoded --cso ./2015-05-05_16:42:18/matmul/cover/cs/encoded.9.cso --csl ./2015-05-05_16:42:18/matmul/cover/cs/encoded.9.csl ...
2015-05-05_16:52:35 $$ ... no. 9: $$ writing <stderr> to ./2015-05-05_16:42:18/matmul/cover/matmul.cover.encoded.fi.9.stderr ...
2015-05-05_16:52:35 $$ ... no. 9: $$ done writing <stderr> to ./2015-05-05_16:42:18/matmul/cover/matmul.cover.encoded.fi.9.stderr ...
2015-05-05_16:52:35 $$ ... no. 9: $$ writing <stdout> to ./2015-05-05_16:42:18/matmul/cover/matmul.cover.encoded.fi.9.stdout ...
2015-05-05_16:52:35 $$ ... no. 9: $$ done writing <stdout> to ./2015-05-05_16:42:18/matmul/cover/matmul.cover.encoded.fi.9.stdout ...
2015-05-05_16:52:35 $$ ... no. 9: $$ OSCRASH (retcode=139) /home/nrink/Projects/pin-2.14-71313-gcc.4.4.7-linux/pin.sh -t /home/nrink/Projects/bfi/obj-intel64/bfi.so -trigger 155556001 -cmd WADDR -seed 1 -mask 206 -- /home/nrink/Projects/build/encode/encode/tests/matmul/matmul.cover.encoded --cso ./2015-05-05_16:42:18/matmul/cover/cs/encoded.9.cso --csl ./2015-05-05_16:42:18/matmul/cover/cs/encoded.9.csl ...
2015-05-05_16:52:35 $$ ... finished fault injections.
2015-05-05_16:52:35 $$ ----------------------------------------------------------------
2015-05-05_16:52:35 $$ Result:
2015-05-05_16:52:35 $$ total   = 10
2015-05-05_16:52:35 $$ valid   = 10
2015-05-05_16:52:35 $$ correct = 3
2015-05-05_16:52:35 $$ AN success = 4
2015-05-05_16:52:35 $$     OS crashes  = 2
2015-05-05_16:52:35 $$     AN crashes  = 2
2015-05-05_16:52:35 $$     undiagnosed = 0
2015-05-05_16:52:35 $$ AN failed = 3
2015-05-05_16:52:35 $$     unexpected = 1
2015-05-05_16:52:35 $$     hang       = 2
2015-05-05_16:52:35 $$ ----------------------------------------------------------------
