<stderr> from running /home/nrink/Projects/pin-2.14-71313-gcc.4.4.7-linux/pin.sh -t /home/nrink/Projects/bfi/obj-intel64/bfi.so -trigger 164118 -cmd WVAL -seed 1 -mask 61 -- /home/nrink/Projects/build/encode/encode/tests/bubblesort/bubblesort.cover.plain --cso ./2015-05-05_16:21:28/bubblesort/cover/cs/plain.64.cso --csl ./2015-05-05_16:21:28/bubblesort/cover/cs/plain.64.csl:
[.:    0, IP = 0x400ad0, i = 164148, wa = 0, ra = 0, rr = 0, wr = 0, it = 0, t = 0]
	access = write, size = 8, value = 2, value' = 63, addr = 0x6020c8, op = 0
elapsed cycles: 32643600
hi(checksum)=0x0000000000000000
lo(checksum)=0x000080308A8802F4
**********************
INSTR   = 174499
WADDR   = 0
RADDR   = 0
RREG    = 0
WREG    = 0
ITER    = 0
TRIGGER = 164118
TTYPE   = IN
COMMAND = WVAL
SEL     = -1
SEED    = 1
MASK    = 0x3d
THREAD  = 0
ELAPSED = 1.26s
----------------------------------------------------------------
