<stderr> from running /home/nrink/Projects/pin-2.14-71313-gcc.4.4.7-linux/pin.sh -t /home/nrink/Projects/bfi/obj-intel64/bfi.so -trigger 164079 -cmd TXT -seed 1 -mask 41 -- /home/nrink/Projects/build/encode/encode/tests/bubblesort/bubblesort.cover.plain --cso ./2015-05-05_16:21:28/bubblesort/cover/cs/plain.0.cso --csl ./2015-05-05_16:21:28/bubblesort/cover/cs/plain.0.csl:
[.:    0, IP = 0x400b03, i = 164079, wa = 0, ra = 0, rr = 0, wr = 0, it = 0, t = 0]
	ip' = 0x400b06, size = 3, mask = 41, idx = 0, byte = 73, byte' = 96
elapsed cycles: 200402313
hi(checksum)=0x0000000000000000
lo(checksum)=0x00007CDAE2B040F7
**********************
INSTR   = 174517
WADDR   = 0
RADDR   = 0
RREG    = 0
WREG    = 0
ITER    = 0
TRIGGER = 164079
TTYPE   = IN
COMMAND = TXT
SEL     = -1
SEED    = 1
MASK    = 0x29
THREAD  = 0
ELAPSED = 5.15s
----------------------------------------------------------------
