<stderr> from running /home/nrink/Projects/pin-2.14-71313-gcc.4.4.7-linux/pin.sh -t /home/nrink/Projects/bfi/obj-intel64/bfi.so -trigger 164036 -cmd WVAL -seed 1 -mask 146 -- /home/nrink/Projects/build/encode/encode/tests/bubblesort/bubblesort.cover.plain --cso ./2015-05-05_14:58:49/bubblesort/cover/cs/plain.56.cso --csl ./2015-05-05_14:58:49/bubblesort/cover/cs/plain.56.csl:
[.:    0, IP = 0x400ad0, i = 164046, wa = 0, ra = 0, rr = 0, wr = 0, it = 0, t = 0]
	access = write, size = 8, value = 1, value' = 147, addr = 0x6020e8, op = 0
elapsed cycles: 40677543
hi(checksum)=0x0000000000000000
lo(checksum)=0x0000F64107D5A59D
**********************
INSTR   = 174444
WADDR   = 0
RADDR   = 0
RREG    = 0
WREG    = 0
ITER    = 0
TRIGGER = 164036
TTYPE   = IN
COMMAND = WVAL
SEL     = -1
SEED    = 1
MASK    = 0x92
THREAD  = 0
ELAPSED = 2.61s
----------------------------------------------------------------
