key=plain, runs=100 ...
command=/home/nrink/Projects/build/encode/encode/tests/quicksort/quicksort.perf.plain
----------------------------------------------
real command=cset shield -e /home/nrink/Projects/build/encode/encode/tests/quicksort/quicksort.perf.plain --  --cso /dev/null
key=plain, no.=0, <stderr>:
LENGTH=1500
elapsed cycles: 19668483
hi(checksum)=0xE4964C43AE3AF447
lo(checksum)=0x99C99BF809116612
key=plain, no.=0, <checksum>:
0xE4964C43AE3AF44799C99BF809116612
key=plain, no.=0, cso file:
/dev/null
----------------------------------------------
real command=cset shield -e /home/nrink/Projects/build/encode/encode/tests/quicksort/quicksort.perf.plain --  --cso /dev/null
key=plain, no.=1, <stderr>:
LENGTH=1500
elapsed cycles: 19566507
hi(checksum)=0xE4964C43AE3AF447
lo(checksum)=0x99C99BF809116612
key=plain, no.=1, <checksum>:
0xE4964C43AE3AF44799C99BF809116612
key=plain, no.=1, cso file:
/dev/null
----------------------------------------------
real command=cset shield -e /home/nrink/Projects/build/encode/encode/tests/quicksort/quicksort.perf.plain --  --cso /dev/null
key=plain, no.=2, <stderr>:
LENGTH=1500
elapsed cycles: 19619322
hi(checksum)=0xE4964C43AE3AF447
lo(checksum)=0x99C99BF809116612
key=plain, no.=2, <checksum>:
0xE4964C43AE3AF44799C99BF809116612
key=plain, no.=2, cso file:
/dev/null
----------------------------------------------
real command=cset shield -e /home/nrink/Projects/build/encode/encode/tests/quicksort/quicksort.perf.plain --  --cso /dev/null
key=plain, no.=3, <stderr>:
LENGTH=1500
elapsed cycles: 20868204
hi(checksum)=0xE4964C43AE3AF447
lo(checksum)=0x99C99BF809116612
key=plain, no.=3, <checksum>:
0xE4964C43AE3AF44799C99BF809116612
key=plain, no.=3, cso file:
/dev/null
----------------------------------------------
real command=cset shield -e /home/nrink/Projects/build/encode/encode/tests/quicksort/quicksort.perf.plain --  --cso /dev/null
key=plain, no.=4, <stderr>:
LENGTH=1500
elapsed cycles: 19883745
hi(checksum)=0xE4964C43AE3AF447
lo(checksum)=0x99C99BF809116612
key=plain, no.=4, <checksum>:
0xE4964C43AE3AF44799C99BF809116612
key=plain, no.=4, cso file:
/dev/null
----------------------------------------------
real command=cset shield -e /home/nrink/Projects/build/encode/encode/tests/quicksort/quicksort.perf.plain --  --cso /dev/null
key=plain, no.=5, <stderr>:
LENGTH=1500
elapsed cycles: 19854480
hi(checksum)=0xE4964C43AE3AF447
lo(checksum)=0x99C99BF809116612
key=plain, no.=5, <checksum>:
0xE4964C43AE3AF44799C99BF809116612
key=plain, no.=5, cso file:
/dev/null
----------------------------------------------
real command=cset shield -e /home/nrink/Projects/build/encode/encode/tests/quicksort/quicksort.perf.plain --  --cso /dev/null
key=plain, no.=6, <stderr>:
LENGTH=1500
elapsed cycles: 19746240
hi(checksum)=0xE4964C43AE3AF447
lo(checksum)=0x99C99BF809116612
key=plain, no.=6, <checksum>:
0xE4964C43AE3AF44799C99BF809116612
key=plain, no.=6, cso file:
/dev/null
----------------------------------------------
real command=cset shield -e /home/nrink/Projects/build/encode/encode/tests/quicksort/quicksort.perf.plain --  --cso /dev/null
key=plain, no.=7, <stderr>:
LENGTH=1500
elapsed cycles: 19650120
hi(checksum)=0xE4964C43AE3AF447
lo(checksum)=0x99C99BF809116612
key=plain, no.=7, <checksum>:
0xE4964C43AE3AF44799C99BF809116612
key=plain, no.=7, cso file:
/dev/null
----------------------------------------------
real command=cset shield -e /home/nrink/Projects/build/encode/encode/tests/quicksort/quicksort.perf.plain --  --cso /dev/null
key=plain, no.=8, <stderr>:
LENGTH=1500
elapsed cycles: 19647687
hi(checksum)=0xE4964C43AE3AF447
lo(checksum)=0x99C99BF809116612
key=plain, no.=8, <checksum>:
0xE4964C43AE3AF44799C99BF809116612
key=plain, no.=8, cso file:
/dev/null
----------------------------------------------
real command=cset shield -e /home/nrink/Projects/build/encode/encode/tests/quicksort/quicksort.perf.plain --  --cso /dev/null
key=plain, no.=9, <stderr>:
LENGTH=1500
elapsed cycles: 19640481
hi(checksum)=0xE4964C43AE3AF447
lo(checksum)=0x99C99BF809116612
key=plain, no.=9, <checksum>:
0xE4964C43AE3AF44799C99BF809116612
key=plain, no.=9, cso file:
/dev/null
----------------------------------------------
real command=cset shield -e /home/nrink/Projects/build/encode/encode/tests/quicksort/quicksort.perf.plain --  --cso /dev/null
key=plain, no.=10, <stderr>:
LENGTH=1500
elapsed cycles: 19666437
hi(checksum)=0xE4964C43AE3AF447
lo(checksum)=0x99C99BF809116612
key=plain, no.=10, <checksum>:
0xE4964C43AE3AF44799C99BF809116612
key=plain, no.=10, cso file:
/dev/null
----------------------------------------------
real command=cset shield -e /home/nrink/Projects/build/encode/encode/tests/quicksort/quicksort.perf.plain --  --cso /dev/null
key=plain, no.=11, <stderr>:
LENGTH=1500
elapsed cycles: 19537155
hi(checksum)=0xE4964C43AE3AF447
lo(checksum)=0x99C99BF809116612
key=plain, no.=11, <checksum>:
0xE4964C43AE3AF44799C99BF809116612
key=plain, no.=11, cso file:
/dev/null
----------------------------------------------
real command=cset shield -e /home/nrink/Projects/build/encode/encode/tests/quicksort/quicksort.perf.plain --  --cso /dev/null
key=plain, no.=12, <stderr>:
LENGTH=1500
elapsed cycles: 19693068
hi(checksum)=0xE4964C43AE3AF447
lo(checksum)=0x99C99BF809116612
key=plain, no.=12, <checksum>:
0xE4964C43AE3AF44799C99BF809116612
key=plain, no.=12, cso file:
/dev/null
----------------------------------------------
real command=cset shield -e /home/nrink/Projects/build/encode/encode/tests/quicksort/quicksort.perf.plain --  --cso /dev/null
key=plain, no.=13, <stderr>:
LENGTH=1500
elapsed cycles: 19712907
hi(checksum)=0xE4964C43AE3AF447
lo(checksum)=0x99C99BF809116612
key=plain, no.=13, <checksum>:
0xE4964C43AE3AF44799C99BF809116612
key=plain, no.=13, cso file:
/dev/null
----------------------------------------------
real command=cset shield -e /home/nrink/Projects/build/encode/encode/tests/quicksort/quicksort.perf.plain --  --cso /dev/null
key=plain, no.=14, <stderr>:
LENGTH=1500
elapsed cycles: 19695015
hi(checksum)=0xE4964C43AE3AF447
lo(checksum)=0x99C99BF809116612
key=plain, no.=14, <checksum>:
0xE4964C43AE3AF44799C99BF809116612
key=plain, no.=14, cso file:
/dev/null
----------------------------------------------
real command=cset shield -e /home/nrink/Projects/build/encode/encode/tests/quicksort/quicksort.perf.plain --  --cso /dev/null
key=plain, no.=15, <stderr>:
LENGTH=1500
elapsed cycles: 19693614
hi(checksum)=0xE4964C43AE3AF447
lo(checksum)=0x99C99BF809116612
key=plain, no.=15, <checksum>:
0xE4964C43AE3AF44799C99BF809116612
key=plain, no.=15, cso file:
/dev/null
----------------------------------------------
real command=cset shield -e /home/nrink/Projects/build/encode/encode/tests/quicksort/quicksort.perf.plain --  --cso /dev/null
key=plain, no.=16, <stderr>:
LENGTH=1500
elapsed cycles: 19658334
hi(checksum)=0xE4964C43AE3AF447
lo(checksum)=0x99C99BF809116612
key=plain, no.=16, <checksum>:
0xE4964C43AE3AF44799C99BF809116612
key=plain, no.=16, cso file:
/dev/null
----------------------------------------------
real command=cset shield -e /home/nrink/Projects/build/encode/encode/tests/quicksort/quicksort.perf.plain --  --cso /dev/null
key=plain, no.=17, <stderr>:
LENGTH=1500
elapsed cycles: 19596345
hi(checksum)=0xE4964C43AE3AF447
lo(checksum)=0x99C99BF809116612
key=plain, no.=17, <checksum>:
0xE4964C43AE3AF44799C99BF809116612
key=plain, no.=17, cso file:
/dev/null
----------------------------------------------
real command=cset shield -e /home/nrink/Projects/build/encode/encode/tests/quicksort/quicksort.perf.plain --  --cso /dev/null
key=plain, no.=18, <stderr>:
LENGTH=1500
elapsed cycles: 19678500
hi(checksum)=0xE4964C43AE3AF447
lo(checksum)=0x99C99BF809116612
key=plain, no.=18, <checksum>:
0xE4964C43AE3AF44799C99BF809116612
key=plain, no.=18, cso file:
/dev/null
----------------------------------------------
real command=cset shield -e /home/nrink/Projects/build/encode/encode/tests/quicksort/quicksort.perf.plain --  --cso /dev/null
key=plain, no.=19, <stderr>:
LENGTH=1500
elapsed cycles: 19638705
hi(checksum)=0xE4964C43AE3AF447
lo(checksum)=0x99C99BF809116612
key=plain, no.=19, <checksum>:
0xE4964C43AE3AF44799C99BF809116612
key=plain, no.=19, cso file:
/dev/null
----------------------------------------------
real command=cset shield -e /home/nrink/Projects/build/encode/encode/tests/quicksort/quicksort.perf.plain --  --cso /dev/null
key=plain, no.=20, <stderr>:
LENGTH=1500
elapsed cycles: 19595109
hi(checksum)=0xE4964C43AE3AF447
lo(checksum)=0x99C99BF809116612
key=plain, no.=20, <checksum>:
0xE4964C43AE3AF44799C99BF809116612
key=plain, no.=20, cso file:
/dev/null
----------------------------------------------
real command=cset shield -e /home/nrink/Projects/build/encode/encode/tests/quicksort/quicksort.perf.plain --  --cso /dev/null
key=plain, no.=21, <stderr>:
LENGTH=1500
elapsed cycles: 19589766
hi(checksum)=0xE4964C43AE3AF447
lo(checksum)=0x99C99BF809116612
key=plain, no.=21, <checksum>:
0xE4964C43AE3AF44799C99BF809116612
key=plain, no.=21, cso file:
/dev/null
----------------------------------------------
real command=cset shield -e /home/nrink/Projects/build/encode/encode/tests/quicksort/quicksort.perf.plain --  --cso /dev/null
key=plain, no.=22, <stderr>:
LENGTH=1500
elapsed cycles: 19530849
hi(checksum)=0xE4964C43AE3AF447
lo(checksum)=0x99C99BF809116612
key=plain, no.=22, <checksum>:
0xE4964C43AE3AF44799C99BF809116612
key=plain, no.=22, cso file:
/dev/null
----------------------------------------------
real command=cset shield -e /home/nrink/Projects/build/encode/encode/tests/quicksort/quicksort.perf.plain --  --cso /dev/null
key=plain, no.=23, <stderr>:
LENGTH=1500
elapsed cycles: 19504686
hi(checksum)=0xE4964C43AE3AF447
lo(checksum)=0x99C99BF809116612
key=plain, no.=23, <checksum>:
0xE4964C43AE3AF44799C99BF809116612
key=plain, no.=23, cso file:
/dev/null
----------------------------------------------
real command=cset shield -e /home/nrink/Projects/build/encode/encode/tests/quicksort/quicksort.perf.plain --  --cso /dev/null
key=plain, no.=24, <stderr>:
LENGTH=1500
elapsed cycles: 19531332
hi(checksum)=0xE4964C43AE3AF447
lo(checksum)=0x99C99BF809116612
key=plain, no.=24, <checksum>:
0xE4964C43AE3AF44799C99BF809116612
key=plain, no.=24, cso file:
/dev/null
----------------------------------------------
real command=cset shield -e /home/nrink/Projects/build/encode/encode/tests/quicksort/quicksort.perf.plain --  --cso /dev/null
key=plain, no.=25, <stderr>:
LENGTH=1500
elapsed cycles: 19615116
hi(checksum)=0xE4964C43AE3AF447
lo(checksum)=0x99C99BF809116612
key=plain, no.=25, <checksum>:
0xE4964C43AE3AF44799C99BF809116612
key=plain, no.=25, cso file:
/dev/null
----------------------------------------------
real command=cset shield -e /home/nrink/Projects/build/encode/encode/tests/quicksort/quicksort.perf.plain --  --cso /dev/null
key=plain, no.=26, <stderr>:
LENGTH=1500
elapsed cycles: 19688187
hi(checksum)=0xE4964C43AE3AF447
lo(checksum)=0x99C99BF809116612
key=plain, no.=26, <checksum>:
0xE4964C43AE3AF44799C99BF809116612
key=plain, no.=26, cso file:
/dev/null
----------------------------------------------
real command=cset shield -e /home/nrink/Projects/build/encode/encode/tests/quicksort/quicksort.perf.plain --  --cso /dev/null
key=plain, no.=27, <stderr>:
LENGTH=1500
elapsed cycles: 19657335
hi(checksum)=0xE4964C43AE3AF447
lo(checksum)=0x99C99BF809116612
key=plain, no.=27, <checksum>:
0xE4964C43AE3AF44799C99BF809116612
key=plain, no.=27, cso file:
/dev/null
----------------------------------------------
real command=cset shield -e /home/nrink/Projects/build/encode/encode/tests/quicksort/quicksort.perf.plain --  --cso /dev/null
key=plain, no.=28, <stderr>:
LENGTH=1500
elapsed cycles: 19631352
hi(checksum)=0xE4964C43AE3AF447
lo(checksum)=0x99C99BF809116612
key=plain, no.=28, <checksum>:
0xE4964C43AE3AF44799C99BF809116612
key=plain, no.=28, cso file:
/dev/null
----------------------------------------------
real command=cset shield -e /home/nrink/Projects/build/encode/encode/tests/quicksort/quicksort.perf.plain --  --cso /dev/null
key=plain, no.=29, <stderr>:
LENGTH=1500
elapsed cycles: 19527261
hi(checksum)=0xE4964C43AE3AF447
lo(checksum)=0x99C99BF809116612
key=plain, no.=29, <checksum>:
0xE4964C43AE3AF44799C99BF809116612
key=plain, no.=29, cso file:
/dev/null
----------------------------------------------
real command=cset shield -e /home/nrink/Projects/build/encode/encode/tests/quicksort/quicksort.perf.plain --  --cso /dev/null
key=plain, no.=30, <stderr>:
LENGTH=1500
elapsed cycles: 19537044
hi(checksum)=0xE4964C43AE3AF447
lo(checksum)=0x99C99BF809116612
key=plain, no.=30, <checksum>:
0xE4964C43AE3AF44799C99BF809116612
key=plain, no.=30, cso file:
/dev/null
----------------------------------------------
real command=cset shield -e /home/nrink/Projects/build/encode/encode/tests/quicksort/quicksort.perf.plain --  --cso /dev/null
key=plain, no.=31, <stderr>:
LENGTH=1500
elapsed cycles: 19552611
hi(checksum)=0xE4964C43AE3AF447
lo(checksum)=0x99C99BF809116612
key=plain, no.=31, <checksum>:
0xE4964C43AE3AF44799C99BF809116612
key=plain, no.=31, cso file:
/dev/null
----------------------------------------------
real command=cset shield -e /home/nrink/Projects/build/encode/encode/tests/quicksort/quicksort.perf.plain --  --cso /dev/null
key=plain, no.=32, <stderr>:
LENGTH=1500
elapsed cycles: 19563825
hi(checksum)=0xE4964C43AE3AF447
lo(checksum)=0x99C99BF809116612
key=plain, no.=32, <checksum>:
0xE4964C43AE3AF44799C99BF809116612
key=plain, no.=32, cso file:
/dev/null
----------------------------------------------
real command=cset shield -e /home/nrink/Projects/build/encode/encode/tests/quicksort/quicksort.perf.plain --  --cso /dev/null
key=plain, no.=33, <stderr>:
LENGTH=1500
elapsed cycles: 19703259
hi(checksum)=0xE4964C43AE3AF447
lo(checksum)=0x99C99BF809116612
key=plain, no.=33, <checksum>:
0xE4964C43AE3AF44799C99BF809116612
key=plain, no.=33, cso file:
/dev/null
----------------------------------------------
real command=cset shield -e /home/nrink/Projects/build/encode/encode/tests/quicksort/quicksort.perf.plain --  --cso /dev/null
key=plain, no.=34, <stderr>:
LENGTH=1500
elapsed cycles: 19607892
hi(checksum)=0xE4964C43AE3AF447
lo(checksum)=0x99C99BF809116612
key=plain, no.=34, <checksum>:
0xE4964C43AE3AF44799C99BF809116612
key=plain, no.=34, cso file:
/dev/null
----------------------------------------------
real command=cset shield -e /home/nrink/Projects/build/encode/encode/tests/quicksort/quicksort.perf.plain --  --cso /dev/null
key=plain, no.=35, <stderr>:
LENGTH=1500
elapsed cycles: 19553382
hi(checksum)=0xE4964C43AE3AF447
lo(checksum)=0x99C99BF809116612
key=plain, no.=35, <checksum>:
0xE4964C43AE3AF44799C99BF809116612
key=plain, no.=35, cso file:
/dev/null
----------------------------------------------
real command=cset shield -e /home/nrink/Projects/build/encode/encode/tests/quicksort/quicksort.perf.plain --  --cso /dev/null
key=plain, no.=36, <stderr>:
LENGTH=1500
elapsed cycles: 19683522
hi(checksum)=0xE4964C43AE3AF447
lo(checksum)=0x99C99BF809116612
key=plain, no.=36, <checksum>:
0xE4964C43AE3AF44799C99BF809116612
key=plain, no.=36, cso file:
/dev/null
----------------------------------------------
real command=cset shield -e /home/nrink/Projects/build/encode/encode/tests/quicksort/quicksort.perf.plain --  --cso /dev/null
key=plain, no.=37, <stderr>:
LENGTH=1500
elapsed cycles: 19491852
hi(checksum)=0xE4964C43AE3AF447
lo(checksum)=0x99C99BF809116612
key=plain, no.=37, <checksum>:
0xE4964C43AE3AF44799C99BF809116612
key=plain, no.=37, cso file:
/dev/null
----------------------------------------------
real command=cset shield -e /home/nrink/Projects/build/encode/encode/tests/quicksort/quicksort.perf.plain --  --cso /dev/null
key=plain, no.=38, <stderr>:
LENGTH=1500
elapsed cycles: 19543923
hi(checksum)=0xE4964C43AE3AF447
lo(checksum)=0x99C99BF809116612
key=plain, no.=38, <checksum>:
0xE4964C43AE3AF44799C99BF809116612
key=plain, no.=38, cso file:
/dev/null
----------------------------------------------
real command=cset shield -e /home/nrink/Projects/build/encode/encode/tests/quicksort/quicksort.perf.plain --  --cso /dev/null
key=plain, no.=39, <stderr>:
LENGTH=1500
elapsed cycles: 19711821
hi(checksum)=0xE4964C43AE3AF447
lo(checksum)=0x99C99BF809116612
key=plain, no.=39, <checksum>:
0xE4964C43AE3AF44799C99BF809116612
key=plain, no.=39, cso file:
/dev/null
----------------------------------------------
real command=cset shield -e /home/nrink/Projects/build/encode/encode/tests/quicksort/quicksort.perf.plain --  --cso /dev/null
key=plain, no.=40, <stderr>:
LENGTH=1500
elapsed cycles: 19629441
hi(checksum)=0xE4964C43AE3AF447
lo(checksum)=0x99C99BF809116612
key=plain, no.=40, <checksum>:
0xE4964C43AE3AF44799C99BF809116612
key=plain, no.=40, cso file:
/dev/null
----------------------------------------------
real command=cset shield -e /home/nrink/Projects/build/encode/encode/tests/quicksort/quicksort.perf.plain --  --cso /dev/null
key=plain, no.=41, <stderr>:
LENGTH=1500
elapsed cycles: 19567638
hi(checksum)=0xE4964C43AE3AF447
lo(checksum)=0x99C99BF809116612
key=plain, no.=41, <checksum>:
0xE4964C43AE3AF44799C99BF809116612
key=plain, no.=41, cso file:
/dev/null
----------------------------------------------
real command=cset shield -e /home/nrink/Projects/build/encode/encode/tests/quicksort/quicksort.perf.plain --  --cso /dev/null
key=plain, no.=42, <stderr>:
LENGTH=1500
elapsed cycles: 19686528
hi(checksum)=0xE4964C43AE3AF447
lo(checksum)=0x99C99BF809116612
key=plain, no.=42, <checksum>:
0xE4964C43AE3AF44799C99BF809116612
key=plain, no.=42, cso file:
/dev/null
----------------------------------------------
real command=cset shield -e /home/nrink/Projects/build/encode/encode/tests/quicksort/quicksort.perf.plain --  --cso /dev/null
key=plain, no.=43, <stderr>:
LENGTH=1500
elapsed cycles: 19632156
hi(checksum)=0xE4964C43AE3AF447
lo(checksum)=0x99C99BF809116612
key=plain, no.=43, <checksum>:
0xE4964C43AE3AF44799C99BF809116612
key=plain, no.=43, cso file:
/dev/null
----------------------------------------------
real command=cset shield -e /home/nrink/Projects/build/encode/encode/tests/quicksort/quicksort.perf.plain --  --cso /dev/null
key=plain, no.=44, <stderr>:
LENGTH=1500
elapsed cycles: 19692126
hi(checksum)=0xE4964C43AE3AF447
lo(checksum)=0x99C99BF809116612
key=plain, no.=44, <checksum>:
0xE4964C43AE3AF44799C99BF809116612
key=plain, no.=44, cso file:
/dev/null
----------------------------------------------
real command=cset shield -e /home/nrink/Projects/build/encode/encode/tests/quicksort/quicksort.perf.plain --  --cso /dev/null
key=plain, no.=45, <stderr>:
LENGTH=1500
elapsed cycles: 19591161
hi(checksum)=0xE4964C43AE3AF447
lo(checksum)=0x99C99BF809116612
key=plain, no.=45, <checksum>:
0xE4964C43AE3AF44799C99BF809116612
key=plain, no.=45, cso file:
/dev/null
----------------------------------------------
real command=cset shield -e /home/nrink/Projects/build/encode/encode/tests/quicksort/quicksort.perf.plain --  --cso /dev/null
key=plain, no.=46, <stderr>:
LENGTH=1500
elapsed cycles: 19706511
hi(checksum)=0xE4964C43AE3AF447
lo(checksum)=0x99C99BF809116612
key=plain, no.=46, <checksum>:
0xE4964C43AE3AF44799C99BF809116612
key=plain, no.=46, cso file:
/dev/null
----------------------------------------------
real command=cset shield -e /home/nrink/Projects/build/encode/encode/tests/quicksort/quicksort.perf.plain --  --cso /dev/null
key=plain, no.=47, <stderr>:
LENGTH=1500
elapsed cycles: 19650936
hi(checksum)=0xE4964C43AE3AF447
lo(checksum)=0x99C99BF809116612
key=plain, no.=47, <checksum>:
0xE4964C43AE3AF44799C99BF809116612
key=plain, no.=47, cso file:
/dev/null
----------------------------------------------
real command=cset shield -e /home/nrink/Projects/build/encode/encode/tests/quicksort/quicksort.perf.plain --  --cso /dev/null
key=plain, no.=48, <stderr>:
LENGTH=1500
elapsed cycles: 19698522
hi(checksum)=0xE4964C43AE3AF447
lo(checksum)=0x99C99BF809116612
key=plain, no.=48, <checksum>:
0xE4964C43AE3AF44799C99BF809116612
key=plain, no.=48, cso file:
/dev/null
----------------------------------------------
real command=cset shield -e /home/nrink/Projects/build/encode/encode/tests/quicksort/quicksort.perf.plain --  --cso /dev/null
key=plain, no.=49, <stderr>:
LENGTH=1500
elapsed cycles: 19569306
hi(checksum)=0xE4964C43AE3AF447
lo(checksum)=0x99C99BF809116612
key=plain, no.=49, <checksum>:
0xE4964C43AE3AF44799C99BF809116612
key=plain, no.=49, cso file:
/dev/null
----------------------------------------------
real command=cset shield -e /home/nrink/Projects/build/encode/encode/tests/quicksort/quicksort.perf.plain --  --cso /dev/null
key=plain, no.=50, <stderr>:
LENGTH=1500
elapsed cycles: 19709967
hi(checksum)=0xE4964C43AE3AF447
lo(checksum)=0x99C99BF809116612
key=plain, no.=50, <checksum>:
0xE4964C43AE3AF44799C99BF809116612
key=plain, no.=50, cso file:
/dev/null
----------------------------------------------
real command=cset shield -e /home/nrink/Projects/build/encode/encode/tests/quicksort/quicksort.perf.plain --  --cso /dev/null
key=plain, no.=51, <stderr>:
LENGTH=1500
elapsed cycles: 19812654
hi(checksum)=0xE4964C43AE3AF447
lo(checksum)=0x99C99BF809116612
key=plain, no.=51, <checksum>:
0xE4964C43AE3AF44799C99BF809116612
key=plain, no.=51, cso file:
/dev/null
----------------------------------------------
real command=cset shield -e /home/nrink/Projects/build/encode/encode/tests/quicksort/quicksort.perf.plain --  --cso /dev/null
key=plain, no.=52, <stderr>:
LENGTH=1500
elapsed cycles: 19625511
hi(checksum)=0xE4964C43AE3AF447
lo(checksum)=0x99C99BF809116612
key=plain, no.=52, <checksum>:
0xE4964C43AE3AF44799C99BF809116612
key=plain, no.=52, cso file:
/dev/null
----------------------------------------------
real command=cset shield -e /home/nrink/Projects/build/encode/encode/tests/quicksort/quicksort.perf.plain --  --cso /dev/null
key=plain, no.=53, <stderr>:
LENGTH=1500
elapsed cycles: 19583766
hi(checksum)=0xE4964C43AE3AF447
lo(checksum)=0x99C99BF809116612
key=plain, no.=53, <checksum>:
0xE4964C43AE3AF44799C99BF809116612
key=plain, no.=53, cso file:
/dev/null
----------------------------------------------
real command=cset shield -e /home/nrink/Projects/build/encode/encode/tests/quicksort/quicksort.perf.plain --  --cso /dev/null
key=plain, no.=54, <stderr>:
LENGTH=1500
elapsed cycles: 19581873
hi(checksum)=0xE4964C43AE3AF447
lo(checksum)=0x99C99BF809116612
key=plain, no.=54, <checksum>:
0xE4964C43AE3AF44799C99BF809116612
key=plain, no.=54, cso file:
/dev/null
----------------------------------------------
real command=cset shield -e /home/nrink/Projects/build/encode/encode/tests/quicksort/quicksort.perf.plain --  --cso /dev/null
key=plain, no.=55, <stderr>:
LENGTH=1500
elapsed cycles: 19529352
hi(checksum)=0xE4964C43AE3AF447
lo(checksum)=0x99C99BF809116612
key=plain, no.=55, <checksum>:
0xE4964C43AE3AF44799C99BF809116612
key=plain, no.=55, cso file:
/dev/null
----------------------------------------------
real command=cset shield -e /home/nrink/Projects/build/encode/encode/tests/quicksort/quicksort.perf.plain --  --cso /dev/null
key=plain, no.=56, <stderr>:
LENGTH=1500
elapsed cycles: 19677747
hi(checksum)=0xE4964C43AE3AF447
lo(checksum)=0x99C99BF809116612
key=plain, no.=56, <checksum>:
0xE4964C43AE3AF44799C99BF809116612
key=plain, no.=56, cso file:
/dev/null
----------------------------------------------
real command=cset shield -e /home/nrink/Projects/build/encode/encode/tests/quicksort/quicksort.perf.plain --  --cso /dev/null
key=plain, no.=57, <stderr>:
LENGTH=1500
elapsed cycles: 19589709
hi(checksum)=0xE4964C43AE3AF447
lo(checksum)=0x99C99BF809116612
key=plain, no.=57, <checksum>:
0xE4964C43AE3AF44799C99BF809116612
key=plain, no.=57, cso file:
/dev/null
----------------------------------------------
real command=cset shield -e /home/nrink/Projects/build/encode/encode/tests/quicksort/quicksort.perf.plain --  --cso /dev/null
key=plain, no.=58, <stderr>:
LENGTH=1500
elapsed cycles: 19792116
hi(checksum)=0xE4964C43AE3AF447
lo(checksum)=0x99C99BF809116612
key=plain, no.=58, <checksum>:
0xE4964C43AE3AF44799C99BF809116612
key=plain, no.=58, cso file:
/dev/null
----------------------------------------------
real command=cset shield -e /home/nrink/Projects/build/encode/encode/tests/quicksort/quicksort.perf.plain --  --cso /dev/null
key=plain, no.=59, <stderr>:
LENGTH=1500
elapsed cycles: 19600251
hi(checksum)=0xE4964C43AE3AF447
lo(checksum)=0x99C99BF809116612
key=plain, no.=59, <checksum>:
0xE4964C43AE3AF44799C99BF809116612
key=plain, no.=59, cso file:
/dev/null
----------------------------------------------
real command=cset shield -e /home/nrink/Projects/build/encode/encode/tests/quicksort/quicksort.perf.plain --  --cso /dev/null
key=plain, no.=60, <stderr>:
LENGTH=1500
elapsed cycles: 19694487
hi(checksum)=0xE4964C43AE3AF447
lo(checksum)=0x99C99BF809116612
key=plain, no.=60, <checksum>:
0xE4964C43AE3AF44799C99BF809116612
key=plain, no.=60, cso file:
/dev/null
----------------------------------------------
real command=cset shield -e /home/nrink/Projects/build/encode/encode/tests/quicksort/quicksort.perf.plain --  --cso /dev/null
key=plain, no.=61, <stderr>:
LENGTH=1500
elapsed cycles: 19635615
hi(checksum)=0xE4964C43AE3AF447
lo(checksum)=0x99C99BF809116612
key=plain, no.=61, <checksum>:
0xE4964C43AE3AF44799C99BF809116612
key=plain, no.=61, cso file:
/dev/null
----------------------------------------------
real command=cset shield -e /home/nrink/Projects/build/encode/encode/tests/quicksort/quicksort.perf.plain --  --cso /dev/null
key=plain, no.=62, <stderr>:
LENGTH=1500
elapsed cycles: 19629801
hi(checksum)=0xE4964C43AE3AF447
lo(checksum)=0x99C99BF809116612
key=plain, no.=62, <checksum>:
0xE4964C43AE3AF44799C99BF809116612
key=plain, no.=62, cso file:
/dev/null
----------------------------------------------
real command=cset shield -e /home/nrink/Projects/build/encode/encode/tests/quicksort/quicksort.perf.plain --  --cso /dev/null
key=plain, no.=63, <stderr>:
LENGTH=1500
elapsed cycles: 19576257
hi(checksum)=0xE4964C43AE3AF447
lo(checksum)=0x99C99BF809116612
key=plain, no.=63, <checksum>:
0xE4964C43AE3AF44799C99BF809116612
key=plain, no.=63, cso file:
/dev/null
----------------------------------------------
real command=cset shield -e /home/nrink/Projects/build/encode/encode/tests/quicksort/quicksort.perf.plain --  --cso /dev/null
key=plain, no.=64, <stderr>:
LENGTH=1500
elapsed cycles: 19506315
hi(checksum)=0xE4964C43AE3AF447
lo(checksum)=0x99C99BF809116612
key=plain, no.=64, <checksum>:
0xE4964C43AE3AF44799C99BF809116612
key=plain, no.=64, cso file:
/dev/null
----------------------------------------------
real command=cset shield -e /home/nrink/Projects/build/encode/encode/tests/quicksort/quicksort.perf.plain --  --cso /dev/null
key=plain, no.=65, <stderr>:
LENGTH=1500
elapsed cycles: 19625952
hi(checksum)=0xE4964C43AE3AF447
lo(checksum)=0x99C99BF809116612
key=plain, no.=65, <checksum>:
0xE4964C43AE3AF44799C99BF809116612
key=plain, no.=65, cso file:
/dev/null
----------------------------------------------
real command=cset shield -e /home/nrink/Projects/build/encode/encode/tests/quicksort/quicksort.perf.plain --  --cso /dev/null
key=plain, no.=66, <stderr>:
LENGTH=1500
elapsed cycles: 19629870
hi(checksum)=0xE4964C43AE3AF447
lo(checksum)=0x99C99BF809116612
key=plain, no.=66, <checksum>:
0xE4964C43AE3AF44799C99BF809116612
key=plain, no.=66, cso file:
/dev/null
----------------------------------------------
real command=cset shield -e /home/nrink/Projects/build/encode/encode/tests/quicksort/quicksort.perf.plain --  --cso /dev/null
key=plain, no.=67, <stderr>:
LENGTH=1500
elapsed cycles: 19572549
hi(checksum)=0xE4964C43AE3AF447
lo(checksum)=0x99C99BF809116612
key=plain, no.=67, <checksum>:
0xE4964C43AE3AF44799C99BF809116612
key=plain, no.=67, cso file:
/dev/null
----------------------------------------------
real command=cset shield -e /home/nrink/Projects/build/encode/encode/tests/quicksort/quicksort.perf.plain --  --cso /dev/null
key=plain, no.=68, <stderr>:
LENGTH=1500
elapsed cycles: 19674783
hi(checksum)=0xE4964C43AE3AF447
lo(checksum)=0x99C99BF809116612
key=plain, no.=68, <checksum>:
0xE4964C43AE3AF44799C99BF809116612
key=plain, no.=68, cso file:
/dev/null
----------------------------------------------
real command=cset shield -e /home/nrink/Projects/build/encode/encode/tests/quicksort/quicksort.perf.plain --  --cso /dev/null
key=plain, no.=69, <stderr>:
LENGTH=1500
elapsed cycles: 19632936
hi(checksum)=0xE4964C43AE3AF447
lo(checksum)=0x99C99BF809116612
key=plain, no.=69, <checksum>:
0xE4964C43AE3AF44799C99BF809116612
key=plain, no.=69, cso file:
/dev/null
----------------------------------------------
real command=cset shield -e /home/nrink/Projects/build/encode/encode/tests/quicksort/quicksort.perf.plain --  --cso /dev/null
key=plain, no.=70, <stderr>:
LENGTH=1500
elapsed cycles: 19725183
hi(checksum)=0xE4964C43AE3AF447
lo(checksum)=0x99C99BF809116612
key=plain, no.=70, <checksum>:
0xE4964C43AE3AF44799C99BF809116612
key=plain, no.=70, cso file:
/dev/null
----------------------------------------------
real command=cset shield -e /home/nrink/Projects/build/encode/encode/tests/quicksort/quicksort.perf.plain --  --cso /dev/null
key=plain, no.=71, <stderr>:
LENGTH=1500
elapsed cycles: 19546869
hi(checksum)=0xE4964C43AE3AF447
lo(checksum)=0x99C99BF809116612
key=plain, no.=71, <checksum>:
0xE4964C43AE3AF44799C99BF809116612
key=plain, no.=71, cso file:
/dev/null
----------------------------------------------
real command=cset shield -e /home/nrink/Projects/build/encode/encode/tests/quicksort/quicksort.perf.plain --  --cso /dev/null
key=plain, no.=72, <stderr>:
LENGTH=1500
elapsed cycles: 19581423
hi(checksum)=0xE4964C43AE3AF447
lo(checksum)=0x99C99BF809116612
key=plain, no.=72, <checksum>:
0xE4964C43AE3AF44799C99BF809116612
key=plain, no.=72, cso file:
/dev/null
----------------------------------------------
real command=cset shield -e /home/nrink/Projects/build/encode/encode/tests/quicksort/quicksort.perf.plain --  --cso /dev/null
key=plain, no.=73, <stderr>:
LENGTH=1500
elapsed cycles: 19639152
hi(checksum)=0xE4964C43AE3AF447
lo(checksum)=0x99C99BF809116612
key=plain, no.=73, <checksum>:
0xE4964C43AE3AF44799C99BF809116612
key=plain, no.=73, cso file:
/dev/null
----------------------------------------------
real command=cset shield -e /home/nrink/Projects/build/encode/encode/tests/quicksort/quicksort.perf.plain --  --cso /dev/null
key=plain, no.=74, <stderr>:
LENGTH=1500
elapsed cycles: 19578399
hi(checksum)=0xE4964C43AE3AF447
lo(checksum)=0x99C99BF809116612
key=plain, no.=74, <checksum>:
0xE4964C43AE3AF44799C99BF809116612
key=plain, no.=74, cso file:
/dev/null
----------------------------------------------
real command=cset shield -e /home/nrink/Projects/build/encode/encode/tests/quicksort/quicksort.perf.plain --  --cso /dev/null
key=plain, no.=75, <stderr>:
LENGTH=1500
elapsed cycles: 19667055
hi(checksum)=0xE4964C43AE3AF447
lo(checksum)=0x99C99BF809116612
key=plain, no.=75, <checksum>:
0xE4964C43AE3AF44799C99BF809116612
key=plain, no.=75, cso file:
/dev/null
----------------------------------------------
real command=cset shield -e /home/nrink/Projects/build/encode/encode/tests/quicksort/quicksort.perf.plain --  --cso /dev/null
key=plain, no.=76, <stderr>:
LENGTH=1500
elapsed cycles: 19666611
hi(checksum)=0xE4964C43AE3AF447
lo(checksum)=0x99C99BF809116612
key=plain, no.=76, <checksum>:
0xE4964C43AE3AF44799C99BF809116612
key=plain, no.=76, cso file:
/dev/null
----------------------------------------------
real command=cset shield -e /home/nrink/Projects/build/encode/encode/tests/quicksort/quicksort.perf.plain --  --cso /dev/null
key=plain, no.=77, <stderr>:
LENGTH=1500
elapsed cycles: 19619877
hi(checksum)=0xE4964C43AE3AF447
lo(checksum)=0x99C99BF809116612
key=plain, no.=77, <checksum>:
0xE4964C43AE3AF44799C99BF809116612
key=plain, no.=77, cso file:
/dev/null
----------------------------------------------
real command=cset shield -e /home/nrink/Projects/build/encode/encode/tests/quicksort/quicksort.perf.plain --  --cso /dev/null
key=plain, no.=78, <stderr>:
LENGTH=1500
elapsed cycles: 19664052
hi(checksum)=0xE4964C43AE3AF447
lo(checksum)=0x99C99BF809116612
key=plain, no.=78, <checksum>:
0xE4964C43AE3AF44799C99BF809116612
key=plain, no.=78, cso file:
/dev/null
----------------------------------------------
real command=cset shield -e /home/nrink/Projects/build/encode/encode/tests/quicksort/quicksort.perf.plain --  --cso /dev/null
key=plain, no.=79, <stderr>:
LENGTH=1500
elapsed cycles: 19580172
hi(checksum)=0xE4964C43AE3AF447
lo(checksum)=0x99C99BF809116612
key=plain, no.=79, <checksum>:
0xE4964C43AE3AF44799C99BF809116612
key=plain, no.=79, cso file:
/dev/null
----------------------------------------------
real command=cset shield -e /home/nrink/Projects/build/encode/encode/tests/quicksort/quicksort.perf.plain --  --cso /dev/null
key=plain, no.=80, <stderr>:
LENGTH=1500
elapsed cycles: 19539777
hi(checksum)=0xE4964C43AE3AF447
lo(checksum)=0x99C99BF809116612
key=plain, no.=80, <checksum>:
0xE4964C43AE3AF44799C99BF809116612
key=plain, no.=80, cso file:
/dev/null
----------------------------------------------
real command=cset shield -e /home/nrink/Projects/build/encode/encode/tests/quicksort/quicksort.perf.plain --  --cso /dev/null
key=plain, no.=81, <stderr>:
LENGTH=1500
elapsed cycles: 19673265
hi(checksum)=0xE4964C43AE3AF447
lo(checksum)=0x99C99BF809116612
key=plain, no.=81, <checksum>:
0xE4964C43AE3AF44799C99BF809116612
key=plain, no.=81, cso file:
/dev/null
----------------------------------------------
real command=cset shield -e /home/nrink/Projects/build/encode/encode/tests/quicksort/quicksort.perf.plain --  --cso /dev/null
key=plain, no.=82, <stderr>:
LENGTH=1500
elapsed cycles: 19562466
hi(checksum)=0xE4964C43AE3AF447
lo(checksum)=0x99C99BF809116612
key=plain, no.=82, <checksum>:
0xE4964C43AE3AF44799C99BF809116612
key=plain, no.=82, cso file:
/dev/null
----------------------------------------------
real command=cset shield -e /home/nrink/Projects/build/encode/encode/tests/quicksort/quicksort.perf.plain --  --cso /dev/null
key=plain, no.=83, <stderr>:
LENGTH=1500
elapsed cycles: 19583388
hi(checksum)=0xE4964C43AE3AF447
lo(checksum)=0x99C99BF809116612
key=plain, no.=83, <checksum>:
0xE4964C43AE3AF44799C99BF809116612
key=plain, no.=83, cso file:
/dev/null
----------------------------------------------
real command=cset shield -e /home/nrink/Projects/build/encode/encode/tests/quicksort/quicksort.perf.plain --  --cso /dev/null
key=plain, no.=84, <stderr>:
LENGTH=1500
elapsed cycles: 19681356
hi(checksum)=0xE4964C43AE3AF447
lo(checksum)=0x99C99BF809116612
key=plain, no.=84, <checksum>:
0xE4964C43AE3AF44799C99BF809116612
key=plain, no.=84, cso file:
/dev/null
----------------------------------------------
real command=cset shield -e /home/nrink/Projects/build/encode/encode/tests/quicksort/quicksort.perf.plain --  --cso /dev/null
key=plain, no.=85, <stderr>:
LENGTH=1500
elapsed cycles: 19542579
hi(checksum)=0xE4964C43AE3AF447
lo(checksum)=0x99C99BF809116612
key=plain, no.=85, <checksum>:
0xE4964C43AE3AF44799C99BF809116612
key=plain, no.=85, cso file:
/dev/null
----------------------------------------------
real command=cset shield -e /home/nrink/Projects/build/encode/encode/tests/quicksort/quicksort.perf.plain --  --cso /dev/null
key=plain, no.=86, <stderr>:
LENGTH=1500
elapsed cycles: 19790358
hi(checksum)=0xE4964C43AE3AF447
lo(checksum)=0x99C99BF809116612
key=plain, no.=86, <checksum>:
0xE4964C43AE3AF44799C99BF809116612
key=plain, no.=86, cso file:
/dev/null
----------------------------------------------
real command=cset shield -e /home/nrink/Projects/build/encode/encode/tests/quicksort/quicksort.perf.plain --  --cso /dev/null
key=plain, no.=87, <stderr>:
LENGTH=1500
elapsed cycles: 19662771
hi(checksum)=0xE4964C43AE3AF447
lo(checksum)=0x99C99BF809116612
key=plain, no.=87, <checksum>:
0xE4964C43AE3AF44799C99BF809116612
key=plain, no.=87, cso file:
/dev/null
----------------------------------------------
real command=cset shield -e /home/nrink/Projects/build/encode/encode/tests/quicksort/quicksort.perf.plain --  --cso /dev/null
key=plain, no.=88, <stderr>:
LENGTH=1500
elapsed cycles: 19557189
hi(checksum)=0xE4964C43AE3AF447
lo(checksum)=0x99C99BF809116612
key=plain, no.=88, <checksum>:
0xE4964C43AE3AF44799C99BF809116612
key=plain, no.=88, cso file:
/dev/null
----------------------------------------------
real command=cset shield -e /home/nrink/Projects/build/encode/encode/tests/quicksort/quicksort.perf.plain --  --cso /dev/null
key=plain, no.=89, <stderr>:
LENGTH=1500
elapsed cycles: 19573362
hi(checksum)=0xE4964C43AE3AF447
lo(checksum)=0x99C99BF809116612
key=plain, no.=89, <checksum>:
0xE4964C43AE3AF44799C99BF809116612
key=plain, no.=89, cso file:
/dev/null
----------------------------------------------
real command=cset shield -e /home/nrink/Projects/build/encode/encode/tests/quicksort/quicksort.perf.plain --  --cso /dev/null
key=plain, no.=90, <stderr>:
LENGTH=1500
elapsed cycles: 19620192
hi(checksum)=0xE4964C43AE3AF447
lo(checksum)=0x99C99BF809116612
key=plain, no.=90, <checksum>:
0xE4964C43AE3AF44799C99BF809116612
key=plain, no.=90, cso file:
/dev/null
----------------------------------------------
real command=cset shield -e /home/nrink/Projects/build/encode/encode/tests/quicksort/quicksort.perf.plain --  --cso /dev/null
key=plain, no.=91, <stderr>:
LENGTH=1500
elapsed cycles: 19641252
hi(checksum)=0xE4964C43AE3AF447
lo(checksum)=0x99C99BF809116612
key=plain, no.=91, <checksum>:
0xE4964C43AE3AF44799C99BF809116612
key=plain, no.=91, cso file:
/dev/null
----------------------------------------------
real command=cset shield -e /home/nrink/Projects/build/encode/encode/tests/quicksort/quicksort.perf.plain --  --cso /dev/null
key=plain, no.=92, <stderr>:
LENGTH=1500
elapsed cycles: 19609938
hi(checksum)=0xE4964C43AE3AF447
lo(checksum)=0x99C99BF809116612
key=plain, no.=92, <checksum>:
0xE4964C43AE3AF44799C99BF809116612
key=plain, no.=92, cso file:
/dev/null
----------------------------------------------
real command=cset shield -e /home/nrink/Projects/build/encode/encode/tests/quicksort/quicksort.perf.plain --  --cso /dev/null
key=plain, no.=93, <stderr>:
LENGTH=1500
elapsed cycles: 19802583
hi(checksum)=0xE4964C43AE3AF447
lo(checksum)=0x99C99BF809116612
key=plain, no.=93, <checksum>:
0xE4964C43AE3AF44799C99BF809116612
key=plain, no.=93, cso file:
/dev/null
----------------------------------------------
real command=cset shield -e /home/nrink/Projects/build/encode/encode/tests/quicksort/quicksort.perf.plain --  --cso /dev/null
key=plain, no.=94, <stderr>:
LENGTH=1500
elapsed cycles: 19690473
hi(checksum)=0xE4964C43AE3AF447
lo(checksum)=0x99C99BF809116612
key=plain, no.=94, <checksum>:
0xE4964C43AE3AF44799C99BF809116612
key=plain, no.=94, cso file:
/dev/null
----------------------------------------------
real command=cset shield -e /home/nrink/Projects/build/encode/encode/tests/quicksort/quicksort.perf.plain --  --cso /dev/null
key=plain, no.=95, <stderr>:
LENGTH=1500
elapsed cycles: 19746822
hi(checksum)=0xE4964C43AE3AF447
lo(checksum)=0x99C99BF809116612
key=plain, no.=95, <checksum>:
0xE4964C43AE3AF44799C99BF809116612
key=plain, no.=95, cso file:
/dev/null
----------------------------------------------
real command=cset shield -e /home/nrink/Projects/build/encode/encode/tests/quicksort/quicksort.perf.plain --  --cso /dev/null
key=plain, no.=96, <stderr>:
LENGTH=1500
elapsed cycles: 19831101
hi(checksum)=0xE4964C43AE3AF447
lo(checksum)=0x99C99BF809116612
key=plain, no.=96, <checksum>:
0xE4964C43AE3AF44799C99BF809116612
key=plain, no.=96, cso file:
/dev/null
----------------------------------------------
real command=cset shield -e /home/nrink/Projects/build/encode/encode/tests/quicksort/quicksort.perf.plain --  --cso /dev/null
key=plain, no.=97, <stderr>:
LENGTH=1500
elapsed cycles: 19802877
hi(checksum)=0xE4964C43AE3AF447
lo(checksum)=0x99C99BF809116612
key=plain, no.=97, <checksum>:
0xE4964C43AE3AF44799C99BF809116612
key=plain, no.=97, cso file:
/dev/null
----------------------------------------------
real command=cset shield -e /home/nrink/Projects/build/encode/encode/tests/quicksort/quicksort.perf.plain --  --cso /dev/null
key=plain, no.=98, <stderr>:
LENGTH=1500
elapsed cycles: 19605684
hi(checksum)=0xE4964C43AE3AF447
lo(checksum)=0x99C99BF809116612
key=plain, no.=98, <checksum>:
0xE4964C43AE3AF44799C99BF809116612
key=plain, no.=98, cso file:
/dev/null
----------------------------------------------
real command=cset shield -e /home/nrink/Projects/build/encode/encode/tests/quicksort/quicksort.perf.plain --  --cso /dev/null
key=plain, no.=99, <stderr>:
LENGTH=1500
elapsed cycles: 19629672
hi(checksum)=0xE4964C43AE3AF447
lo(checksum)=0x99C99BF809116612
key=plain, no.=99, <checksum>:
0xE4964C43AE3AF44799C99BF809116612
key=plain, no.=99, cso file:
/dev/null
----------------------------------------------
key=encoded, runs=100 ...
command=/home/nrink/Projects/build/encode/encode/tests/quicksort/quicksort.perf.encoded
----------------------------------------------
real command=cset shield -e /home/nrink/Projects/build/encode/encode/tests/quicksort/quicksort.perf.encoded --  --cso /dev/null
key=encoded, no.=0, <stderr>:
LENGTH=1500
elapsed cycles: 28478391
hi(checksum)=0xE4964C43AE3AF447
lo(checksum)=0x99C99BF809116612
key=encoded, no.=0, <checksum>:
0xE4964C43AE3AF44799C99BF809116612
key=encoded, no.=0, cso file:
/dev/null
----------------------------------------------
real command=cset shield -e /home/nrink/Projects/build/encode/encode/tests/quicksort/quicksort.perf.encoded --  --cso /dev/null
key=encoded, no.=1, <stderr>:
LENGTH=1500
elapsed cycles: 28160871
hi(checksum)=0xE4964C43AE3AF447
lo(checksum)=0x99C99BF809116612
key=encoded, no.=1, <checksum>:
0xE4964C43AE3AF44799C99BF809116612
key=encoded, no.=1, cso file:
/dev/null
----------------------------------------------
real command=cset shield -e /home/nrink/Projects/build/encode/encode/tests/quicksort/quicksort.perf.encoded --  --cso /dev/null
key=encoded, no.=2, <stderr>:
LENGTH=1500
elapsed cycles: 28112691
hi(checksum)=0xE4964C43AE3AF447
lo(checksum)=0x99C99BF809116612
key=encoded, no.=2, <checksum>:
0xE4964C43AE3AF44799C99BF809116612
key=encoded, no.=2, cso file:
/dev/null
----------------------------------------------
real command=cset shield -e /home/nrink/Projects/build/encode/encode/tests/quicksort/quicksort.perf.encoded --  --cso /dev/null
key=encoded, no.=3, <stderr>:
LENGTH=1500
elapsed cycles: 28051926
hi(checksum)=0xE4964C43AE3AF447
lo(checksum)=0x99C99BF809116612
key=encoded, no.=3, <checksum>:
0xE4964C43AE3AF44799C99BF809116612
key=encoded, no.=3, cso file:
/dev/null
----------------------------------------------
real command=cset shield -e /home/nrink/Projects/build/encode/encode/tests/quicksort/quicksort.perf.encoded --  --cso /dev/null
key=encoded, no.=4, <stderr>:
LENGTH=1500
elapsed cycles: 28081161
hi(checksum)=0xE4964C43AE3AF447
lo(checksum)=0x99C99BF809116612
key=encoded, no.=4, <checksum>:
0xE4964C43AE3AF44799C99BF809116612
key=encoded, no.=4, cso file:
/dev/null
----------------------------------------------
real command=cset shield -e /home/nrink/Projects/build/encode/encode/tests/quicksort/quicksort.perf.encoded --  --cso /dev/null
key=encoded, no.=5, <stderr>:
LENGTH=1500
elapsed cycles: 28099032
hi(checksum)=0xE4964C43AE3AF447
lo(checksum)=0x99C99BF809116612
key=encoded, no.=5, <checksum>:
0xE4964C43AE3AF44799C99BF809116612
key=encoded, no.=5, cso file:
/dev/null
----------------------------------------------
real command=cset shield -e /home/nrink/Projects/build/encode/encode/tests/quicksort/quicksort.perf.encoded --  --cso /dev/null
key=encoded, no.=6, <stderr>:
LENGTH=1500
elapsed cycles: 28158147
hi(checksum)=0xE4964C43AE3AF447
lo(checksum)=0x99C99BF809116612
key=encoded, no.=6, <checksum>:
0xE4964C43AE3AF44799C99BF809116612
key=encoded, no.=6, cso file:
/dev/null
----------------------------------------------
real command=cset shield -e /home/nrink/Projects/build/encode/encode/tests/quicksort/quicksort.perf.encoded --  --cso /dev/null
key=encoded, no.=7, <stderr>:
LENGTH=1500
elapsed cycles: 28007658
hi(checksum)=0xE4964C43AE3AF447
lo(checksum)=0x99C99BF809116612
key=encoded, no.=7, <checksum>:
0xE4964C43AE3AF44799C99BF809116612
key=encoded, no.=7, cso file:
/dev/null
----------------------------------------------
real command=cset shield -e /home/nrink/Projects/build/encode/encode/tests/quicksort/quicksort.perf.encoded --  --cso /dev/null
key=encoded, no.=8, <stderr>:
LENGTH=1500
elapsed cycles: 28304832
hi(checksum)=0xE4964C43AE3AF447
lo(checksum)=0x99C99BF809116612
key=encoded, no.=8, <checksum>:
0xE4964C43AE3AF44799C99BF809116612
key=encoded, no.=8, cso file:
/dev/null
----------------------------------------------
real command=cset shield -e /home/nrink/Projects/build/encode/encode/tests/quicksort/quicksort.perf.encoded --  --cso /dev/null
key=encoded, no.=9, <stderr>:
LENGTH=1500
elapsed cycles: 27923988
hi(checksum)=0xE4964C43AE3AF447
lo(checksum)=0x99C99BF809116612
key=encoded, no.=9, <checksum>:
0xE4964C43AE3AF44799C99BF809116612
key=encoded, no.=9, cso file:
/dev/null
----------------------------------------------
real command=cset shield -e /home/nrink/Projects/build/encode/encode/tests/quicksort/quicksort.perf.encoded --  --cso /dev/null
key=encoded, no.=10, <stderr>:
LENGTH=1500
elapsed cycles: 28443846
hi(checksum)=0xE4964C43AE3AF447
lo(checksum)=0x99C99BF809116612
key=encoded, no.=10, <checksum>:
0xE4964C43AE3AF44799C99BF809116612
key=encoded, no.=10, cso file:
/dev/null
----------------------------------------------
real command=cset shield -e /home/nrink/Projects/build/encode/encode/tests/quicksort/quicksort.perf.encoded --  --cso /dev/null
key=encoded, no.=11, <stderr>:
LENGTH=1500
elapsed cycles: 28159893
hi(checksum)=0xE4964C43AE3AF447
lo(checksum)=0x99C99BF809116612
key=encoded, no.=11, <checksum>:
0xE4964C43AE3AF44799C99BF809116612
key=encoded, no.=11, cso file:
/dev/null
----------------------------------------------
real command=cset shield -e /home/nrink/Projects/build/encode/encode/tests/quicksort/quicksort.perf.encoded --  --cso /dev/null
key=encoded, no.=12, <stderr>:
LENGTH=1500
elapsed cycles: 28151538
hi(checksum)=0xE4964C43AE3AF447
lo(checksum)=0x99C99BF809116612
key=encoded, no.=12, <checksum>:
0xE4964C43AE3AF44799C99BF809116612
key=encoded, no.=12, cso file:
/dev/null
----------------------------------------------
real command=cset shield -e /home/nrink/Projects/build/encode/encode/tests/quicksort/quicksort.perf.encoded --  --cso /dev/null
key=encoded, no.=13, <stderr>:
LENGTH=1500
elapsed cycles: 28118607
hi(checksum)=0xE4964C43AE3AF447
lo(checksum)=0x99C99BF809116612
key=encoded, no.=13, <checksum>:
0xE4964C43AE3AF44799C99BF809116612
key=encoded, no.=13, cso file:
/dev/null
----------------------------------------------
real command=cset shield -e /home/nrink/Projects/build/encode/encode/tests/quicksort/quicksort.perf.encoded --  --cso /dev/null
key=encoded, no.=14, <stderr>:
LENGTH=1500
elapsed cycles: 27972438
hi(checksum)=0xE4964C43AE3AF447
lo(checksum)=0x99C99BF809116612
key=encoded, no.=14, <checksum>:
0xE4964C43AE3AF44799C99BF809116612
key=encoded, no.=14, cso file:
/dev/null
----------------------------------------------
real command=cset shield -e /home/nrink/Projects/build/encode/encode/tests/quicksort/quicksort.perf.encoded --  --cso /dev/null
key=encoded, no.=15, <stderr>:
LENGTH=1500
elapsed cycles: 28045221
hi(checksum)=0xE4964C43AE3AF447
lo(checksum)=0x99C99BF809116612
key=encoded, no.=15, <checksum>:
0xE4964C43AE3AF44799C99BF809116612
key=encoded, no.=15, cso file:
/dev/null
----------------------------------------------
real command=cset shield -e /home/nrink/Projects/build/encode/encode/tests/quicksort/quicksort.perf.encoded --  --cso /dev/null
key=encoded, no.=16, <stderr>:
LENGTH=1500
elapsed cycles: 27980799
hi(checksum)=0xE4964C43AE3AF447
lo(checksum)=0x99C99BF809116612
key=encoded, no.=16, <checksum>:
0xE4964C43AE3AF44799C99BF809116612
key=encoded, no.=16, cso file:
/dev/null
----------------------------------------------
real command=cset shield -e /home/nrink/Projects/build/encode/encode/tests/quicksort/quicksort.perf.encoded --  --cso /dev/null
key=encoded, no.=17, <stderr>:
LENGTH=1500
elapsed cycles: 28053156
hi(checksum)=0xE4964C43AE3AF447
lo(checksum)=0x99C99BF809116612
key=encoded, no.=17, <checksum>:
0xE4964C43AE3AF44799C99BF809116612
key=encoded, no.=17, cso file:
/dev/null
----------------------------------------------
real command=cset shield -e /home/nrink/Projects/build/encode/encode/tests/quicksort/quicksort.perf.encoded --  --cso /dev/null
key=encoded, no.=18, <stderr>:
LENGTH=1500
elapsed cycles: 30044343
hi(checksum)=0xE4964C43AE3AF447
lo(checksum)=0x99C99BF809116612
key=encoded, no.=18, <checksum>:
0xE4964C43AE3AF44799C99BF809116612
key=encoded, no.=18, cso file:
/dev/null
----------------------------------------------
real command=cset shield -e /home/nrink/Projects/build/encode/encode/tests/quicksort/quicksort.perf.encoded --  --cso /dev/null
key=encoded, no.=19, <stderr>:
LENGTH=1500
elapsed cycles: 28722258
hi(checksum)=0xE4964C43AE3AF447
lo(checksum)=0x99C99BF809116612
key=encoded, no.=19, <checksum>:
0xE4964C43AE3AF44799C99BF809116612
key=encoded, no.=19, cso file:
/dev/null
----------------------------------------------
real command=cset shield -e /home/nrink/Projects/build/encode/encode/tests/quicksort/quicksort.perf.encoded --  --cso /dev/null
key=encoded, no.=20, <stderr>:
LENGTH=1500
elapsed cycles: 28118898
hi(checksum)=0xE4964C43AE3AF447
lo(checksum)=0x99C99BF809116612
key=encoded, no.=20, <checksum>:
0xE4964C43AE3AF44799C99BF809116612
key=encoded, no.=20, cso file:
/dev/null
----------------------------------------------
real command=cset shield -e /home/nrink/Projects/build/encode/encode/tests/quicksort/quicksort.perf.encoded --  --cso /dev/null
key=encoded, no.=21, <stderr>:
LENGTH=1500
elapsed cycles: 28167576
hi(checksum)=0xE4964C43AE3AF447
lo(checksum)=0x99C99BF809116612
key=encoded, no.=21, <checksum>:
0xE4964C43AE3AF44799C99BF809116612
key=encoded, no.=21, cso file:
/dev/null
----------------------------------------------
real command=cset shield -e /home/nrink/Projects/build/encode/encode/tests/quicksort/quicksort.perf.encoded --  --cso /dev/null
key=encoded, no.=22, <stderr>:
LENGTH=1500
elapsed cycles: 27926754
hi(checksum)=0xE4964C43AE3AF447
lo(checksum)=0x99C99BF809116612
key=encoded, no.=22, <checksum>:
0xE4964C43AE3AF44799C99BF809116612
key=encoded, no.=22, cso file:
/dev/null
----------------------------------------------
real command=cset shield -e /home/nrink/Projects/build/encode/encode/tests/quicksort/quicksort.perf.encoded --  --cso /dev/null
key=encoded, no.=23, <stderr>:
LENGTH=1500
elapsed cycles: 28332192
hi(checksum)=0xE4964C43AE3AF447
lo(checksum)=0x99C99BF809116612
key=encoded, no.=23, <checksum>:
0xE4964C43AE3AF44799C99BF809116612
key=encoded, no.=23, cso file:
/dev/null
----------------------------------------------
real command=cset shield -e /home/nrink/Projects/build/encode/encode/tests/quicksort/quicksort.perf.encoded --  --cso /dev/null
key=encoded, no.=24, <stderr>:
LENGTH=1500
elapsed cycles: 28294707
hi(checksum)=0xE4964C43AE3AF447
lo(checksum)=0x99C99BF809116612
key=encoded, no.=24, <checksum>:
0xE4964C43AE3AF44799C99BF809116612
key=encoded, no.=24, cso file:
/dev/null
----------------------------------------------
real command=cset shield -e /home/nrink/Projects/build/encode/encode/tests/quicksort/quicksort.perf.encoded --  --cso /dev/null
key=encoded, no.=25, <stderr>:
LENGTH=1500
elapsed cycles: 28194453
hi(checksum)=0xE4964C43AE3AF447
lo(checksum)=0x99C99BF809116612
key=encoded, no.=25, <checksum>:
0xE4964C43AE3AF44799C99BF809116612
key=encoded, no.=25, cso file:
/dev/null
----------------------------------------------
real command=cset shield -e /home/nrink/Projects/build/encode/encode/tests/quicksort/quicksort.perf.encoded --  --cso /dev/null
key=encoded, no.=26, <stderr>:
LENGTH=1500
elapsed cycles: 28093446
hi(checksum)=0xE4964C43AE3AF447
lo(checksum)=0x99C99BF809116612
key=encoded, no.=26, <checksum>:
0xE4964C43AE3AF44799C99BF809116612
key=encoded, no.=26, cso file:
/dev/null
----------------------------------------------
real command=cset shield -e /home/nrink/Projects/build/encode/encode/tests/quicksort/quicksort.perf.encoded --  --cso /dev/null
key=encoded, no.=27, <stderr>:
LENGTH=1500
elapsed cycles: 28099155
hi(checksum)=0xE4964C43AE3AF447
lo(checksum)=0x99C99BF809116612
key=encoded, no.=27, <checksum>:
0xE4964C43AE3AF44799C99BF809116612
key=encoded, no.=27, cso file:
/dev/null
----------------------------------------------
real command=cset shield -e /home/nrink/Projects/build/encode/encode/tests/quicksort/quicksort.perf.encoded --  --cso /dev/null
key=encoded, no.=28, <stderr>:
LENGTH=1500
elapsed cycles: 28011204
hi(checksum)=0xE4964C43AE3AF447
lo(checksum)=0x99C99BF809116612
key=encoded, no.=28, <checksum>:
0xE4964C43AE3AF44799C99BF809116612
key=encoded, no.=28, cso file:
/dev/null
----------------------------------------------
real command=cset shield -e /home/nrink/Projects/build/encode/encode/tests/quicksort/quicksort.perf.encoded --  --cso /dev/null
key=encoded, no.=29, <stderr>:
LENGTH=1500
elapsed cycles: 28137066
hi(checksum)=0xE4964C43AE3AF447
lo(checksum)=0x99C99BF809116612
key=encoded, no.=29, <checksum>:
0xE4964C43AE3AF44799C99BF809116612
key=encoded, no.=29, cso file:
/dev/null
----------------------------------------------
real command=cset shield -e /home/nrink/Projects/build/encode/encode/tests/quicksort/quicksort.perf.encoded --  --cso /dev/null
key=encoded, no.=30, <stderr>:
LENGTH=1500
elapsed cycles: 28199265
hi(checksum)=0xE4964C43AE3AF447
lo(checksum)=0x99C99BF809116612
key=encoded, no.=30, <checksum>:
0xE4964C43AE3AF44799C99BF809116612
key=encoded, no.=30, cso file:
/dev/null
----------------------------------------------
real command=cset shield -e /home/nrink/Projects/build/encode/encode/tests/quicksort/quicksort.perf.encoded --  --cso /dev/null
key=encoded, no.=31, <stderr>:
LENGTH=1500
elapsed cycles: 28255209
hi(checksum)=0xE4964C43AE3AF447
lo(checksum)=0x99C99BF809116612
key=encoded, no.=31, <checksum>:
0xE4964C43AE3AF44799C99BF809116612
key=encoded, no.=31, cso file:
/dev/null
----------------------------------------------
real command=cset shield -e /home/nrink/Projects/build/encode/encode/tests/quicksort/quicksort.perf.encoded --  --cso /dev/null
key=encoded, no.=32, <stderr>:
LENGTH=1500
elapsed cycles: 28240926
hi(checksum)=0xE4964C43AE3AF447
lo(checksum)=0x99C99BF809116612
key=encoded, no.=32, <checksum>:
0xE4964C43AE3AF44799C99BF809116612
key=encoded, no.=32, cso file:
/dev/null
----------------------------------------------
real command=cset shield -e /home/nrink/Projects/build/encode/encode/tests/quicksort/quicksort.perf.encoded --  --cso /dev/null
key=encoded, no.=33, <stderr>:
LENGTH=1500
elapsed cycles: 28004535
hi(checksum)=0xE4964C43AE3AF447
lo(checksum)=0x99C99BF809116612
key=encoded, no.=33, <checksum>:
0xE4964C43AE3AF44799C99BF809116612
key=encoded, no.=33, cso file:
/dev/null
----------------------------------------------
real command=cset shield -e /home/nrink/Projects/build/encode/encode/tests/quicksort/quicksort.perf.encoded --  --cso /dev/null
key=encoded, no.=34, <stderr>:
LENGTH=1500
elapsed cycles: 28105815
hi(checksum)=0xE4964C43AE3AF447
lo(checksum)=0x99C99BF809116612
key=encoded, no.=34, <checksum>:
0xE4964C43AE3AF44799C99BF809116612
key=encoded, no.=34, cso file:
/dev/null
----------------------------------------------
real command=cset shield -e /home/nrink/Projects/build/encode/encode/tests/quicksort/quicksort.perf.encoded --  --cso /dev/null
key=encoded, no.=35, <stderr>:
LENGTH=1500
elapsed cycles: 28059543
hi(checksum)=0xE4964C43AE3AF447
lo(checksum)=0x99C99BF809116612
key=encoded, no.=35, <checksum>:
0xE4964C43AE3AF44799C99BF809116612
key=encoded, no.=35, cso file:
/dev/null
----------------------------------------------
real command=cset shield -e /home/nrink/Projects/build/encode/encode/tests/quicksort/quicksort.perf.encoded --  --cso /dev/null
key=encoded, no.=36, <stderr>:
LENGTH=1500
elapsed cycles: 28139586
hi(checksum)=0xE4964C43AE3AF447
lo(checksum)=0x99C99BF809116612
key=encoded, no.=36, <checksum>:
0xE4964C43AE3AF44799C99BF809116612
key=encoded, no.=36, cso file:
/dev/null
----------------------------------------------
real command=cset shield -e /home/nrink/Projects/build/encode/encode/tests/quicksort/quicksort.perf.encoded --  --cso /dev/null
key=encoded, no.=37, <stderr>:
LENGTH=1500
elapsed cycles: 27939702
hi(checksum)=0xE4964C43AE3AF447
lo(checksum)=0x99C99BF809116612
key=encoded, no.=37, <checksum>:
0xE4964C43AE3AF44799C99BF809116612
key=encoded, no.=37, cso file:
/dev/null
----------------------------------------------
real command=cset shield -e /home/nrink/Projects/build/encode/encode/tests/quicksort/quicksort.perf.encoded --  --cso /dev/null
key=encoded, no.=38, <stderr>:
LENGTH=1500
elapsed cycles: 28053303
hi(checksum)=0xE4964C43AE3AF447
lo(checksum)=0x99C99BF809116612
key=encoded, no.=38, <checksum>:
0xE4964C43AE3AF44799C99BF809116612
key=encoded, no.=38, cso file:
/dev/null
----------------------------------------------
real command=cset shield -e /home/nrink/Projects/build/encode/encode/tests/quicksort/quicksort.perf.encoded --  --cso /dev/null
key=encoded, no.=39, <stderr>:
LENGTH=1500
elapsed cycles: 28375335
hi(checksum)=0xE4964C43AE3AF447
lo(checksum)=0x99C99BF809116612
key=encoded, no.=39, <checksum>:
0xE4964C43AE3AF44799C99BF809116612
key=encoded, no.=39, cso file:
/dev/null
----------------------------------------------
real command=cset shield -e /home/nrink/Projects/build/encode/encode/tests/quicksort/quicksort.perf.encoded --  --cso /dev/null
key=encoded, no.=40, <stderr>:
LENGTH=1500
elapsed cycles: 28257240
hi(checksum)=0xE4964C43AE3AF447
lo(checksum)=0x99C99BF809116612
key=encoded, no.=40, <checksum>:
0xE4964C43AE3AF44799C99BF809116612
key=encoded, no.=40, cso file:
/dev/null
----------------------------------------------
real command=cset shield -e /home/nrink/Projects/build/encode/encode/tests/quicksort/quicksort.perf.encoded --  --cso /dev/null
key=encoded, no.=41, <stderr>:
LENGTH=1500
elapsed cycles: 28009773
hi(checksum)=0xE4964C43AE3AF447
lo(checksum)=0x99C99BF809116612
key=encoded, no.=41, <checksum>:
0xE4964C43AE3AF44799C99BF809116612
key=encoded, no.=41, cso file:
/dev/null
----------------------------------------------
real command=cset shield -e /home/nrink/Projects/build/encode/encode/tests/quicksort/quicksort.perf.encoded --  --cso /dev/null
key=encoded, no.=42, <stderr>:
LENGTH=1500
elapsed cycles: 27987354
hi(checksum)=0xE4964C43AE3AF447
lo(checksum)=0x99C99BF809116612
key=encoded, no.=42, <checksum>:
0xE4964C43AE3AF44799C99BF809116612
key=encoded, no.=42, cso file:
/dev/null
----------------------------------------------
real command=cset shield -e /home/nrink/Projects/build/encode/encode/tests/quicksort/quicksort.perf.encoded --  --cso /dev/null
key=encoded, no.=43, <stderr>:
LENGTH=1500
elapsed cycles: 28154136
hi(checksum)=0xE4964C43AE3AF447
lo(checksum)=0x99C99BF809116612
key=encoded, no.=43, <checksum>:
0xE4964C43AE3AF44799C99BF809116612
key=encoded, no.=43, cso file:
/dev/null
----------------------------------------------
real command=cset shield -e /home/nrink/Projects/build/encode/encode/tests/quicksort/quicksort.perf.encoded --  --cso /dev/null
key=encoded, no.=44, <stderr>:
LENGTH=1500
elapsed cycles: 28162623
hi(checksum)=0xE4964C43AE3AF447
lo(checksum)=0x99C99BF809116612
key=encoded, no.=44, <checksum>:
0xE4964C43AE3AF44799C99BF809116612
key=encoded, no.=44, cso file:
/dev/null
----------------------------------------------
real command=cset shield -e /home/nrink/Projects/build/encode/encode/tests/quicksort/quicksort.perf.encoded --  --cso /dev/null
key=encoded, no.=45, <stderr>:
LENGTH=1500
elapsed cycles: 28332210
hi(checksum)=0xE4964C43AE3AF447
lo(checksum)=0x99C99BF809116612
key=encoded, no.=45, <checksum>:
0xE4964C43AE3AF44799C99BF809116612
key=encoded, no.=45, cso file:
/dev/null
----------------------------------------------
real command=cset shield -e /home/nrink/Projects/build/encode/encode/tests/quicksort/quicksort.perf.encoded --  --cso /dev/null
key=encoded, no.=46, <stderr>:
LENGTH=1500
elapsed cycles: 28099665
hi(checksum)=0xE4964C43AE3AF447
lo(checksum)=0x99C99BF809116612
key=encoded, no.=46, <checksum>:
0xE4964C43AE3AF44799C99BF809116612
key=encoded, no.=46, cso file:
/dev/null
----------------------------------------------
real command=cset shield -e /home/nrink/Projects/build/encode/encode/tests/quicksort/quicksort.perf.encoded --  --cso /dev/null
key=encoded, no.=47, <stderr>:
LENGTH=1500
elapsed cycles: 28160376
hi(checksum)=0xE4964C43AE3AF447
lo(checksum)=0x99C99BF809116612
key=encoded, no.=47, <checksum>:
0xE4964C43AE3AF44799C99BF809116612
key=encoded, no.=47, cso file:
/dev/null
----------------------------------------------
real command=cset shield -e /home/nrink/Projects/build/encode/encode/tests/quicksort/quicksort.perf.encoded --  --cso /dev/null
key=encoded, no.=48, <stderr>:
LENGTH=1500
elapsed cycles: 28000923
hi(checksum)=0xE4964C43AE3AF447
lo(checksum)=0x99C99BF809116612
key=encoded, no.=48, <checksum>:
0xE4964C43AE3AF44799C99BF809116612
key=encoded, no.=48, cso file:
/dev/null
----------------------------------------------
real command=cset shield -e /home/nrink/Projects/build/encode/encode/tests/quicksort/quicksort.perf.encoded --  --cso /dev/null
key=encoded, no.=49, <stderr>:
LENGTH=1500
elapsed cycles: 28216470
hi(checksum)=0xE4964C43AE3AF447
lo(checksum)=0x99C99BF809116612
key=encoded, no.=49, <checksum>:
0xE4964C43AE3AF44799C99BF809116612
key=encoded, no.=49, cso file:
/dev/null
----------------------------------------------
real command=cset shield -e /home/nrink/Projects/build/encode/encode/tests/quicksort/quicksort.perf.encoded --  --cso /dev/null
key=encoded, no.=50, <stderr>:
LENGTH=1500
elapsed cycles: 28358727
hi(checksum)=0xE4964C43AE3AF447
lo(checksum)=0x99C99BF809116612
key=encoded, no.=50, <checksum>:
0xE4964C43AE3AF44799C99BF809116612
key=encoded, no.=50, cso file:
/dev/null
----------------------------------------------
real command=cset shield -e /home/nrink/Projects/build/encode/encode/tests/quicksort/quicksort.perf.encoded --  --cso /dev/null
key=encoded, no.=51, <stderr>:
LENGTH=1500
elapsed cycles: 27971076
hi(checksum)=0xE4964C43AE3AF447
lo(checksum)=0x99C99BF809116612
key=encoded, no.=51, <checksum>:
0xE4964C43AE3AF44799C99BF809116612
key=encoded, no.=51, cso file:
/dev/null
----------------------------------------------
real command=cset shield -e /home/nrink/Projects/build/encode/encode/tests/quicksort/quicksort.perf.encoded --  --cso /dev/null
key=encoded, no.=52, <stderr>:
LENGTH=1500
elapsed cycles: 28139808
hi(checksum)=0xE4964C43AE3AF447
lo(checksum)=0x99C99BF809116612
key=encoded, no.=52, <checksum>:
0xE4964C43AE3AF44799C99BF809116612
key=encoded, no.=52, cso file:
/dev/null
----------------------------------------------
real command=cset shield -e /home/nrink/Projects/build/encode/encode/tests/quicksort/quicksort.perf.encoded --  --cso /dev/null
key=encoded, no.=53, <stderr>:
LENGTH=1500
elapsed cycles: 28336722
hi(checksum)=0xE4964C43AE3AF447
lo(checksum)=0x99C99BF809116612
key=encoded, no.=53, <checksum>:
0xE4964C43AE3AF44799C99BF809116612
key=encoded, no.=53, cso file:
/dev/null
----------------------------------------------
real command=cset shield -e /home/nrink/Projects/build/encode/encode/tests/quicksort/quicksort.perf.encoded --  --cso /dev/null
key=encoded, no.=54, <stderr>:
LENGTH=1500
elapsed cycles: 28111692
hi(checksum)=0xE4964C43AE3AF447
lo(checksum)=0x99C99BF809116612
key=encoded, no.=54, <checksum>:
0xE4964C43AE3AF44799C99BF809116612
key=encoded, no.=54, cso file:
/dev/null
----------------------------------------------
real command=cset shield -e /home/nrink/Projects/build/encode/encode/tests/quicksort/quicksort.perf.encoded --  --cso /dev/null
key=encoded, no.=55, <stderr>:
LENGTH=1500
elapsed cycles: 27923913
hi(checksum)=0xE4964C43AE3AF447
lo(checksum)=0x99C99BF809116612
key=encoded, no.=55, <checksum>:
0xE4964C43AE3AF44799C99BF809116612
key=encoded, no.=55, cso file:
/dev/null
----------------------------------------------
real command=cset shield -e /home/nrink/Projects/build/encode/encode/tests/quicksort/quicksort.perf.encoded --  --cso /dev/null
key=encoded, no.=56, <stderr>:
LENGTH=1500
elapsed cycles: 28441632
hi(checksum)=0xE4964C43AE3AF447
lo(checksum)=0x99C99BF809116612
key=encoded, no.=56, <checksum>:
0xE4964C43AE3AF44799C99BF809116612
key=encoded, no.=56, cso file:
/dev/null
----------------------------------------------
real command=cset shield -e /home/nrink/Projects/build/encode/encode/tests/quicksort/quicksort.perf.encoded --  --cso /dev/null
key=encoded, no.=57, <stderr>:
LENGTH=1500
elapsed cycles: 28096257
hi(checksum)=0xE4964C43AE3AF447
lo(checksum)=0x99C99BF809116612
key=encoded, no.=57, <checksum>:
0xE4964C43AE3AF44799C99BF809116612
key=encoded, no.=57, cso file:
/dev/null
----------------------------------------------
real command=cset shield -e /home/nrink/Projects/build/encode/encode/tests/quicksort/quicksort.perf.encoded --  --cso /dev/null
key=encoded, no.=58, <stderr>:
LENGTH=1500
elapsed cycles: 28284690
hi(checksum)=0xE4964C43AE3AF447
lo(checksum)=0x99C99BF809116612
key=encoded, no.=58, <checksum>:
0xE4964C43AE3AF44799C99BF809116612
key=encoded, no.=58, cso file:
/dev/null
----------------------------------------------
real command=cset shield -e /home/nrink/Projects/build/encode/encode/tests/quicksort/quicksort.perf.encoded --  --cso /dev/null
key=encoded, no.=59, <stderr>:
LENGTH=1500
elapsed cycles: 28100154
hi(checksum)=0xE4964C43AE3AF447
lo(checksum)=0x99C99BF809116612
key=encoded, no.=59, <checksum>:
0xE4964C43AE3AF44799C99BF809116612
key=encoded, no.=59, cso file:
/dev/null
----------------------------------------------
real command=cset shield -e /home/nrink/Projects/build/encode/encode/tests/quicksort/quicksort.perf.encoded --  --cso /dev/null
key=encoded, no.=60, <stderr>:
LENGTH=1500
elapsed cycles: 28233732
hi(checksum)=0xE4964C43AE3AF447
lo(checksum)=0x99C99BF809116612
key=encoded, no.=60, <checksum>:
0xE4964C43AE3AF44799C99BF809116612
key=encoded, no.=60, cso file:
/dev/null
----------------------------------------------
real command=cset shield -e /home/nrink/Projects/build/encode/encode/tests/quicksort/quicksort.perf.encoded --  --cso /dev/null
key=encoded, no.=61, <stderr>:
LENGTH=1500
elapsed cycles: 28137750
hi(checksum)=0xE4964C43AE3AF447
lo(checksum)=0x99C99BF809116612
key=encoded, no.=61, <checksum>:
0xE4964C43AE3AF44799C99BF809116612
key=encoded, no.=61, cso file:
/dev/null
----------------------------------------------
real command=cset shield -e /home/nrink/Projects/build/encode/encode/tests/quicksort/quicksort.perf.encoded --  --cso /dev/null
key=encoded, no.=62, <stderr>:
LENGTH=1500
elapsed cycles: 28265790
hi(checksum)=0xE4964C43AE3AF447
lo(checksum)=0x99C99BF809116612
key=encoded, no.=62, <checksum>:
0xE4964C43AE3AF44799C99BF809116612
key=encoded, no.=62, cso file:
/dev/null
----------------------------------------------
real command=cset shield -e /home/nrink/Projects/build/encode/encode/tests/quicksort/quicksort.perf.encoded --  --cso /dev/null
key=encoded, no.=63, <stderr>:
LENGTH=1500
elapsed cycles: 28106145
hi(checksum)=0xE4964C43AE3AF447
lo(checksum)=0x99C99BF809116612
key=encoded, no.=63, <checksum>:
0xE4964C43AE3AF44799C99BF809116612
key=encoded, no.=63, cso file:
/dev/null
----------------------------------------------
real command=cset shield -e /home/nrink/Projects/build/encode/encode/tests/quicksort/quicksort.perf.encoded --  --cso /dev/null
key=encoded, no.=64, <stderr>:
LENGTH=1500
elapsed cycles: 28107189
hi(checksum)=0xE4964C43AE3AF447
lo(checksum)=0x99C99BF809116612
key=encoded, no.=64, <checksum>:
0xE4964C43AE3AF44799C99BF809116612
key=encoded, no.=64, cso file:
/dev/null
----------------------------------------------
real command=cset shield -e /home/nrink/Projects/build/encode/encode/tests/quicksort/quicksort.perf.encoded --  --cso /dev/null
key=encoded, no.=65, <stderr>:
LENGTH=1500
elapsed cycles: 28192065
hi(checksum)=0xE4964C43AE3AF447
lo(checksum)=0x99C99BF809116612
key=encoded, no.=65, <checksum>:
0xE4964C43AE3AF44799C99BF809116612
key=encoded, no.=65, cso file:
/dev/null
----------------------------------------------
real command=cset shield -e /home/nrink/Projects/build/encode/encode/tests/quicksort/quicksort.perf.encoded --  --cso /dev/null
key=encoded, no.=66, <stderr>:
LENGTH=1500
elapsed cycles: 28041816
hi(checksum)=0xE4964C43AE3AF447
lo(checksum)=0x99C99BF809116612
key=encoded, no.=66, <checksum>:
0xE4964C43AE3AF44799C99BF809116612
key=encoded, no.=66, cso file:
/dev/null
----------------------------------------------
real command=cset shield -e /home/nrink/Projects/build/encode/encode/tests/quicksort/quicksort.perf.encoded --  --cso /dev/null
key=encoded, no.=67, <stderr>:
LENGTH=1500
elapsed cycles: 28292457
hi(checksum)=0xE4964C43AE3AF447
lo(checksum)=0x99C99BF809116612
key=encoded, no.=67, <checksum>:
0xE4964C43AE3AF44799C99BF809116612
key=encoded, no.=67, cso file:
/dev/null
----------------------------------------------
real command=cset shield -e /home/nrink/Projects/build/encode/encode/tests/quicksort/quicksort.perf.encoded --  --cso /dev/null
key=encoded, no.=68, <stderr>:
LENGTH=1500
elapsed cycles: 28036620
hi(checksum)=0xE4964C43AE3AF447
lo(checksum)=0x99C99BF809116612
key=encoded, no.=68, <checksum>:
0xE4964C43AE3AF44799C99BF809116612
key=encoded, no.=68, cso file:
/dev/null
----------------------------------------------
real command=cset shield -e /home/nrink/Projects/build/encode/encode/tests/quicksort/quicksort.perf.encoded --  --cso /dev/null
key=encoded, no.=69, <stderr>:
LENGTH=1500
elapsed cycles: 28349424
hi(checksum)=0xE4964C43AE3AF447
lo(checksum)=0x99C99BF809116612
key=encoded, no.=69, <checksum>:
0xE4964C43AE3AF44799C99BF809116612
key=encoded, no.=69, cso file:
/dev/null
----------------------------------------------
real command=cset shield -e /home/nrink/Projects/build/encode/encode/tests/quicksort/quicksort.perf.encoded --  --cso /dev/null
key=encoded, no.=70, <stderr>:
LENGTH=1500
elapsed cycles: 27920358
hi(checksum)=0xE4964C43AE3AF447
lo(checksum)=0x99C99BF809116612
key=encoded, no.=70, <checksum>:
0xE4964C43AE3AF44799C99BF809116612
key=encoded, no.=70, cso file:
/dev/null
----------------------------------------------
real command=cset shield -e /home/nrink/Projects/build/encode/encode/tests/quicksort/quicksort.perf.encoded --  --cso /dev/null
key=encoded, no.=71, <stderr>:
LENGTH=1500
elapsed cycles: 28162659
hi(checksum)=0xE4964C43AE3AF447
lo(checksum)=0x99C99BF809116612
key=encoded, no.=71, <checksum>:
0xE4964C43AE3AF44799C99BF809116612
key=encoded, no.=71, cso file:
/dev/null
----------------------------------------------
real command=cset shield -e /home/nrink/Projects/build/encode/encode/tests/quicksort/quicksort.perf.encoded --  --cso /dev/null
key=encoded, no.=72, <stderr>:
LENGTH=1500
elapsed cycles: 28062606
hi(checksum)=0xE4964C43AE3AF447
lo(checksum)=0x99C99BF809116612
key=encoded, no.=72, <checksum>:
0xE4964C43AE3AF44799C99BF809116612
key=encoded, no.=72, cso file:
/dev/null
----------------------------------------------
real command=cset shield -e /home/nrink/Projects/build/encode/encode/tests/quicksort/quicksort.perf.encoded --  --cso /dev/null
key=encoded, no.=73, <stderr>:
LENGTH=1500
elapsed cycles: 28263765
hi(checksum)=0xE4964C43AE3AF447
lo(checksum)=0x99C99BF809116612
key=encoded, no.=73, <checksum>:
0xE4964C43AE3AF44799C99BF809116612
key=encoded, no.=73, cso file:
/dev/null
----------------------------------------------
real command=cset shield -e /home/nrink/Projects/build/encode/encode/tests/quicksort/quicksort.perf.encoded --  --cso /dev/null
key=encoded, no.=74, <stderr>:
LENGTH=1500
elapsed cycles: 28310541
hi(checksum)=0xE4964C43AE3AF447
lo(checksum)=0x99C99BF809116612
key=encoded, no.=74, <checksum>:
0xE4964C43AE3AF44799C99BF809116612
key=encoded, no.=74, cso file:
/dev/null
----------------------------------------------
real command=cset shield -e /home/nrink/Projects/build/encode/encode/tests/quicksort/quicksort.perf.encoded --  --cso /dev/null
key=encoded, no.=75, <stderr>:
LENGTH=1500
elapsed cycles: 28267116
hi(checksum)=0xE4964C43AE3AF447
lo(checksum)=0x99C99BF809116612
key=encoded, no.=75, <checksum>:
0xE4964C43AE3AF44799C99BF809116612
key=encoded, no.=75, cso file:
/dev/null
----------------------------------------------
real command=cset shield -e /home/nrink/Projects/build/encode/encode/tests/quicksort/quicksort.perf.encoded --  --cso /dev/null
key=encoded, no.=76, <stderr>:
LENGTH=1500
elapsed cycles: 28175922
hi(checksum)=0xE4964C43AE3AF447
lo(checksum)=0x99C99BF809116612
key=encoded, no.=76, <checksum>:
0xE4964C43AE3AF44799C99BF809116612
key=encoded, no.=76, cso file:
/dev/null
----------------------------------------------
real command=cset shield -e /home/nrink/Projects/build/encode/encode/tests/quicksort/quicksort.perf.encoded --  --cso /dev/null
key=encoded, no.=77, <stderr>:
LENGTH=1500
elapsed cycles: 28262508
hi(checksum)=0xE4964C43AE3AF447
lo(checksum)=0x99C99BF809116612
key=encoded, no.=77, <checksum>:
0xE4964C43AE3AF44799C99BF809116612
key=encoded, no.=77, cso file:
/dev/null
----------------------------------------------
real command=cset shield -e /home/nrink/Projects/build/encode/encode/tests/quicksort/quicksort.perf.encoded --  --cso /dev/null
key=encoded, no.=78, <stderr>:
LENGTH=1500
elapsed cycles: 28184283
hi(checksum)=0xE4964C43AE3AF447
lo(checksum)=0x99C99BF809116612
key=encoded, no.=78, <checksum>:
0xE4964C43AE3AF44799C99BF809116612
key=encoded, no.=78, cso file:
/dev/null
----------------------------------------------
real command=cset shield -e /home/nrink/Projects/build/encode/encode/tests/quicksort/quicksort.perf.encoded --  --cso /dev/null
key=encoded, no.=79, <stderr>:
LENGTH=1500
elapsed cycles: 28143954
hi(checksum)=0xE4964C43AE3AF447
lo(checksum)=0x99C99BF809116612
key=encoded, no.=79, <checksum>:
0xE4964C43AE3AF44799C99BF809116612
key=encoded, no.=79, cso file:
/dev/null
----------------------------------------------
real command=cset shield -e /home/nrink/Projects/build/encode/encode/tests/quicksort/quicksort.perf.encoded --  --cso /dev/null
key=encoded, no.=80, <stderr>:
LENGTH=1500
elapsed cycles: 28158285
hi(checksum)=0xE4964C43AE3AF447
lo(checksum)=0x99C99BF809116612
key=encoded, no.=80, <checksum>:
0xE4964C43AE3AF44799C99BF809116612
key=encoded, no.=80, cso file:
/dev/null
----------------------------------------------
real command=cset shield -e /home/nrink/Projects/build/encode/encode/tests/quicksort/quicksort.perf.encoded --  --cso /dev/null
key=encoded, no.=81, <stderr>:
LENGTH=1500
elapsed cycles: 28108026
hi(checksum)=0xE4964C43AE3AF447
lo(checksum)=0x99C99BF809116612
key=encoded, no.=81, <checksum>:
0xE4964C43AE3AF44799C99BF809116612
key=encoded, no.=81, cso file:
/dev/null
----------------------------------------------
real command=cset shield -e /home/nrink/Projects/build/encode/encode/tests/quicksort/quicksort.perf.encoded --  --cso /dev/null
key=encoded, no.=82, <stderr>:
LENGTH=1500
elapsed cycles: 28397676
hi(checksum)=0xE4964C43AE3AF447
lo(checksum)=0x99C99BF809116612
key=encoded, no.=82, <checksum>:
0xE4964C43AE3AF44799C99BF809116612
key=encoded, no.=82, cso file:
/dev/null
----------------------------------------------
real command=cset shield -e /home/nrink/Projects/build/encode/encode/tests/quicksort/quicksort.perf.encoded --  --cso /dev/null
key=encoded, no.=83, <stderr>:
LENGTH=1500
elapsed cycles: 28130238
hi(checksum)=0xE4964C43AE3AF447
lo(checksum)=0x99C99BF809116612
key=encoded, no.=83, <checksum>:
0xE4964C43AE3AF44799C99BF809116612
key=encoded, no.=83, cso file:
/dev/null
----------------------------------------------
real command=cset shield -e /home/nrink/Projects/build/encode/encode/tests/quicksort/quicksort.perf.encoded --  --cso /dev/null
key=encoded, no.=84, <stderr>:
LENGTH=1500
elapsed cycles: 28176003
hi(checksum)=0xE4964C43AE3AF447
lo(checksum)=0x99C99BF809116612
key=encoded, no.=84, <checksum>:
0xE4964C43AE3AF44799C99BF809116612
key=encoded, no.=84, cso file:
/dev/null
----------------------------------------------
real command=cset shield -e /home/nrink/Projects/build/encode/encode/tests/quicksort/quicksort.perf.encoded --  --cso /dev/null
key=encoded, no.=85, <stderr>:
LENGTH=1500
elapsed cycles: 28198926
hi(checksum)=0xE4964C43AE3AF447
lo(checksum)=0x99C99BF809116612
key=encoded, no.=85, <checksum>:
0xE4964C43AE3AF44799C99BF809116612
key=encoded, no.=85, cso file:
/dev/null
----------------------------------------------
real command=cset shield -e /home/nrink/Projects/build/encode/encode/tests/quicksort/quicksort.perf.encoded --  --cso /dev/null
key=encoded, no.=86, <stderr>:
LENGTH=1500
elapsed cycles: 28093029
hi(checksum)=0xE4964C43AE3AF447
lo(checksum)=0x99C99BF809116612
key=encoded, no.=86, <checksum>:
0xE4964C43AE3AF44799C99BF809116612
key=encoded, no.=86, cso file:
/dev/null
----------------------------------------------
real command=cset shield -e /home/nrink/Projects/build/encode/encode/tests/quicksort/quicksort.perf.encoded --  --cso /dev/null
key=encoded, no.=87, <stderr>:
LENGTH=1500
elapsed cycles: 28255353
hi(checksum)=0xE4964C43AE3AF447
lo(checksum)=0x99C99BF809116612
key=encoded, no.=87, <checksum>:
0xE4964C43AE3AF44799C99BF809116612
key=encoded, no.=87, cso file:
/dev/null
----------------------------------------------
real command=cset shield -e /home/nrink/Projects/build/encode/encode/tests/quicksort/quicksort.perf.encoded --  --cso /dev/null
key=encoded, no.=88, <stderr>:
LENGTH=1500
elapsed cycles: 28162467
hi(checksum)=0xE4964C43AE3AF447
lo(checksum)=0x99C99BF809116612
key=encoded, no.=88, <checksum>:
0xE4964C43AE3AF44799C99BF809116612
key=encoded, no.=88, cso file:
/dev/null
----------------------------------------------
real command=cset shield -e /home/nrink/Projects/build/encode/encode/tests/quicksort/quicksort.perf.encoded --  --cso /dev/null
key=encoded, no.=89, <stderr>:
LENGTH=1500
elapsed cycles: 28331883
hi(checksum)=0xE4964C43AE3AF447
lo(checksum)=0x99C99BF809116612
key=encoded, no.=89, <checksum>:
0xE4964C43AE3AF44799C99BF809116612
key=encoded, no.=89, cso file:
/dev/null
----------------------------------------------
real command=cset shield -e /home/nrink/Projects/build/encode/encode/tests/quicksort/quicksort.perf.encoded --  --cso /dev/null
key=encoded, no.=90, <stderr>:
LENGTH=1500
elapsed cycles: 27981510
hi(checksum)=0xE4964C43AE3AF447
lo(checksum)=0x99C99BF809116612
key=encoded, no.=90, <checksum>:
0xE4964C43AE3AF44799C99BF809116612
key=encoded, no.=90, cso file:
/dev/null
----------------------------------------------
real command=cset shield -e /home/nrink/Projects/build/encode/encode/tests/quicksort/quicksort.perf.encoded --  --cso /dev/null
key=encoded, no.=91, <stderr>:
LENGTH=1500
elapsed cycles: 28104690
hi(checksum)=0xE4964C43AE3AF447
lo(checksum)=0x99C99BF809116612
key=encoded, no.=91, <checksum>:
0xE4964C43AE3AF44799C99BF809116612
key=encoded, no.=91, cso file:
/dev/null
----------------------------------------------
real command=cset shield -e /home/nrink/Projects/build/encode/encode/tests/quicksort/quicksort.perf.encoded --  --cso /dev/null
key=encoded, no.=92, <stderr>:
LENGTH=1500
elapsed cycles: 28048524
hi(checksum)=0xE4964C43AE3AF447
lo(checksum)=0x99C99BF809116612
key=encoded, no.=92, <checksum>:
0xE4964C43AE3AF44799C99BF809116612
key=encoded, no.=92, cso file:
/dev/null
----------------------------------------------
real command=cset shield -e /home/nrink/Projects/build/encode/encode/tests/quicksort/quicksort.perf.encoded --  --cso /dev/null
key=encoded, no.=93, <stderr>:
LENGTH=1500
elapsed cycles: 28247808
hi(checksum)=0xE4964C43AE3AF447
lo(checksum)=0x99C99BF809116612
key=encoded, no.=93, <checksum>:
0xE4964C43AE3AF44799C99BF809116612
key=encoded, no.=93, cso file:
/dev/null
----------------------------------------------
real command=cset shield -e /home/nrink/Projects/build/encode/encode/tests/quicksort/quicksort.perf.encoded --  --cso /dev/null
key=encoded, no.=94, <stderr>:
LENGTH=1500
elapsed cycles: 28139697
hi(checksum)=0xE4964C43AE3AF447
lo(checksum)=0x99C99BF809116612
key=encoded, no.=94, <checksum>:
0xE4964C43AE3AF44799C99BF809116612
key=encoded, no.=94, cso file:
/dev/null
----------------------------------------------
real command=cset shield -e /home/nrink/Projects/build/encode/encode/tests/quicksort/quicksort.perf.encoded --  --cso /dev/null
key=encoded, no.=95, <stderr>:
LENGTH=1500
elapsed cycles: 28084326
hi(checksum)=0xE4964C43AE3AF447
lo(checksum)=0x99C99BF809116612
key=encoded, no.=95, <checksum>:
0xE4964C43AE3AF44799C99BF809116612
key=encoded, no.=95, cso file:
/dev/null
----------------------------------------------
real command=cset shield -e /home/nrink/Projects/build/encode/encode/tests/quicksort/quicksort.perf.encoded --  --cso /dev/null
key=encoded, no.=96, <stderr>:
LENGTH=1500
elapsed cycles: 28152129
hi(checksum)=0xE4964C43AE3AF447
lo(checksum)=0x99C99BF809116612
key=encoded, no.=96, <checksum>:
0xE4964C43AE3AF44799C99BF809116612
key=encoded, no.=96, cso file:
/dev/null
----------------------------------------------
real command=cset shield -e /home/nrink/Projects/build/encode/encode/tests/quicksort/quicksort.perf.encoded --  --cso /dev/null
key=encoded, no.=97, <stderr>:
LENGTH=1500
elapsed cycles: 28129338
hi(checksum)=0xE4964C43AE3AF447
lo(checksum)=0x99C99BF809116612
key=encoded, no.=97, <checksum>:
0xE4964C43AE3AF44799C99BF809116612
key=encoded, no.=97, cso file:
/dev/null
----------------------------------------------
real command=cset shield -e /home/nrink/Projects/build/encode/encode/tests/quicksort/quicksort.perf.encoded --  --cso /dev/null
key=encoded, no.=98, <stderr>:
LENGTH=1500
elapsed cycles: 27963618
hi(checksum)=0xE4964C43AE3AF447
lo(checksum)=0x99C99BF809116612
key=encoded, no.=98, <checksum>:
0xE4964C43AE3AF44799C99BF809116612
key=encoded, no.=98, cso file:
/dev/null
----------------------------------------------
real command=cset shield -e /home/nrink/Projects/build/encode/encode/tests/quicksort/quicksort.perf.encoded --  --cso /dev/null
key=encoded, no.=99, <stderr>:
LENGTH=1500
elapsed cycles: 28153866
hi(checksum)=0xE4964C43AE3AF447
lo(checksum)=0x99C99BF809116612
key=encoded, no.=99, <checksum>:
0xE4964C43AE3AF44799C99BF809116612
key=encoded, no.=99, cso file:
/dev/null
----------------------------------------------
