<stderr> from running /home/nrink/Projects/pin-2.14-71313-gcc.4.4.7-linux/pin.sh -t /home/nrink/Projects/bfi/obj-intel64/bfi.so -trigger 163892 -cmd RREG -seed 1 -mask 6 -- /home/nrink/Projects/build/encode/encode/tests/ptrarith/ptrarith.cover.encoded --cso ./2015-05-06_11:09:20/ptrarith/cover/cs/encoded.56.cso --csl ./2015-05-06_11:09:20/ptrarith/cover/cs/encoded.56.csl:
[.:    0, IP = 0x400b86, i = 163892, wa = 0, ra = 0, rr = 0, wr = 0, it = 0, t = 0]
	at ip 0x400b86, rdx = 0x9048eac, rdx' = 0x9048eaa
elapsed cycles: 238510905
hi(checksum)=0xBF1694865CA48119
lo(checksum)=0x17F6DE790EDB52F0
**********************
INSTR   = 182959
WADDR   = 0
RADDR   = 0
RREG    = 0
WREG    = 0
ITER    = 0
TRIGGER = 163892
TTYPE   = IN
COMMAND = RREG
SEL     = -1
SEED    = 1
MASK    = 0x6
THREAD  = 0
ELAPSED = 1.86s
----------------------------------------------------------------
