<stderr> from running /home/nrink/Projects/pin-2.14-71313-gcc.4.4.7-linux/pin.sh -t /home/nrink/Projects/bfi/obj-intel64/bfi.so -trigger 164629 -cmd TXT -seed 1 -mask 168 -- /home/nrink/Projects/build/encode/encode/tests/ptrarith/ptrarith.cover.encoded --cso ./2015-05-06_11:09:20/ptrarith/cover/cs/encoded.25.cso --csl ./2015-05-06_11:09:20/ptrarith/cover/cs/encoded.25.csl:
[.:    0, IP = 0x401091, i = 164629, wa = 0, ra = 0, rr = 0, wr = 0, it = 0, t = 0]
	ip' = 0x401094, size = 3, mask = 168, idx = 0, byte = 72, byte' = 224
elapsed cycles: 244135977
hi(checksum)=0xBF1694865CA48119
lo(checksum)=0x17F6DE790EDB52F0
**********************
INSTR   = 182959
WADDR   = 0
RADDR   = 0
RREG    = 0
WREG    = 0
ITER    = 0
TRIGGER = 164629
TTYPE   = IN
COMMAND = TXT
SEL     = -1
SEED    = 1
MASK    = 0xa8
THREAD  = 0
ELAPSED = 1.91s
----------------------------------------------------------------
