<stderr> from running /home/nrink/Projects/pin-2.14-71313-gcc.4.4.7-linux/pin.sh -t /home/nrink/Projects/bfi/obj-intel64/bfi.so -trigger 163568 -cmd WADDR -seed 1 -mask 176 -- /home/nrink/Projects/build/encode/encode/tests/ptrarith/ptrarith.cover.plain --cso ./2015-05-06_11:09:20/ptrarith/cover/cs/plain.27.cso --csl ./2015-05-06_11:09:20/ptrarith/cover/cs/plain.27.csl:
[.:    0, IP = 0x400aab, i = 163569, wa = 0, ra = 0, rr = 0, wr = 0, it = 0, t = 0]
	access = write, size = 8, addr = 0x603018, addr' = 0x6030a8, op = 0
elapsed cycles: 21423846
hi(checksum)=0x06D2D41F19B26104
lo(checksum)=0x547DEC728A3C5087
**********************
INSTR   = 177682
WADDR   = 0
RADDR   = 0
RREG    = 0
WREG    = 0
ITER    = 0
TRIGGER = 163568
TTYPE   = IN
COMMAND = WADDR
SEL     = -1
SEED    = 1
MASK    = 0xb0
THREAD  = 0
ELAPSED = 1.39s
----------------------------------------------------------------
