<stderr> from running /home/nrink/Projects/pin-2.14-71313-gcc.4.4.7-linux/pin.sh -t /home/nrink/Projects/bfi/obj-intel64/bfi.so -trigger 151941 -cmd WADDR -seed 1 -mask 173 -- /home/nrink/Projects/build/encode/encode/tests/array_sum/array_sum.cover.encoded --cso ./2015-05-05_16:02:12/array_sum/cover/cs/encoded.6.cso --csl ./2015-05-05_16:02:12/array_sum/cover/cs/encoded.6.csl:
[.:    0, IP = 0x400a22, i = 151964, wa = 0, ra = 0, rr = 0, wr = 0, it = 0, t = 0]
	access = write, size = 8, addr = 0x602090, addr' = 0x60203d, op = 0
**********************
INSTR   = 153125
WADDR   = 0
RADDR   = 0
RREG    = 0
WREG    = 0
ITER    = 0
TRIGGER = 151941
TTYPE   = IN
COMMAND = WADDR
SEL     = -1
SEED    = 1
MASK    = 0xad
THREAD  = 0
ELAPSED = 6.28s
Segmentation fault (core dumped)
----------------------------------------------------------------
