<stderr> from running /home/nrink/Projects/pin-2.14-71313-gcc.4.4.7-linux/pin.sh -t /home/nrink/Projects/bfi/obj-intel64/bfi.so -trigger 155616111 -cmd WREG -seed 1 -mask 176 -- /home/nrink/Projects/build/encode/encode/tests/crc/crc.cover.encoded /home/nrink/Projects/build/encode/encode/tests/crc/crc_input_small.pcm --cso ./2015-05-05_14:16:24/crc/cover/cs/encoded.9.cso --csl ./2015-05-05_14:16:24/crc/cover/cs/encoded.9.csl:
[.:    0, IP = 0x400d99, i = 155616111, wa = 0, ra = 0, rr = 0, wr = 0, it = 0, t = 0]
	at ip 0x400d9c, r14 = 0x74b1d29a, r14' = 0x74b1d22a
elapsed cycles: 467139959196
hi(checksum)=0x0000000000000000
lo(checksum)=0x000000008CC26D32
**********************
INSTR   = 241122607
WADDR   = 0
RADDR   = 0
RREG    = 0
WREG    = 0
ITER    = 0
TRIGGER = 155616111
TTYPE   = IN
COMMAND = WREG
SEL     = -1
SEED    = 1
MASK    = 0xb0
THREAD  = 0
ELAPSED = 155.90s
----------------------------------------------------------------
