key=plain, runs=100 ...
command=/home/nrink/Projects/build/encode/encode/tests/quicksort/quicksort.perf.plain
----------------------------------------------
real command=cset shield -e /home/nrink/Projects/build/encode/encode/tests/quicksort/quicksort.perf.plain --  --cso /dev/null
key=plain, no.=0, <stderr>:
LENGTH=6
elapsed cycles: 24222
hi(checksum)=0xBC14A5EA11E828F6
lo(checksum)=0xF41DD8DD252FBA43
key=plain, no.=0, <checksum>:
0xBC14A5EA11E828F6F41DD8DD252FBA43
key=plain, no.=0, cso file:
/dev/null
----------------------------------------------
real command=cset shield -e /home/nrink/Projects/build/encode/encode/tests/quicksort/quicksort.perf.plain --  --cso /dev/null
key=plain, no.=1, <stderr>:
LENGTH=6
elapsed cycles: 24390
hi(checksum)=0xBC14A5EA11E828F6
lo(checksum)=0xF41DD8DD252FBA43
key=plain, no.=1, <checksum>:
0xBC14A5EA11E828F6F41DD8DD252FBA43
key=plain, no.=1, cso file:
/dev/null
----------------------------------------------
real command=cset shield -e /home/nrink/Projects/build/encode/encode/tests/quicksort/quicksort.perf.plain --  --cso /dev/null
key=plain, no.=2, <stderr>:
LENGTH=6
elapsed cycles: 24054
hi(checksum)=0xBC14A5EA11E828F6
lo(checksum)=0xF41DD8DD252FBA43
key=plain, no.=2, <checksum>:
0xBC14A5EA11E828F6F41DD8DD252FBA43
key=plain, no.=2, cso file:
/dev/null
----------------------------------------------
real command=cset shield -e /home/nrink/Projects/build/encode/encode/tests/quicksort/quicksort.perf.plain --  --cso /dev/null
key=plain, no.=3, <stderr>:
LENGTH=6
elapsed cycles: 24609
hi(checksum)=0xBC14A5EA11E828F6
lo(checksum)=0xF41DD8DD252FBA43
key=plain, no.=3, <checksum>:
0xBC14A5EA11E828F6F41DD8DD252FBA43
key=plain, no.=3, cso file:
/dev/null
----------------------------------------------
real command=cset shield -e /home/nrink/Projects/build/encode/encode/tests/quicksort/quicksort.perf.plain --  --cso /dev/null
key=plain, no.=4, <stderr>:
LENGTH=6
elapsed cycles: 25008
hi(checksum)=0xBC14A5EA11E828F6
lo(checksum)=0xF41DD8DD252FBA43
key=plain, no.=4, <checksum>:
0xBC14A5EA11E828F6F41DD8DD252FBA43
key=plain, no.=4, cso file:
/dev/null
----------------------------------------------
real command=cset shield -e /home/nrink/Projects/build/encode/encode/tests/quicksort/quicksort.perf.plain --  --cso /dev/null
key=plain, no.=5, <stderr>:
LENGTH=6
elapsed cycles: 24603
hi(checksum)=0xBC14A5EA11E828F6
lo(checksum)=0xF41DD8DD252FBA43
key=plain, no.=5, <checksum>:
0xBC14A5EA11E828F6F41DD8DD252FBA43
key=plain, no.=5, cso file:
/dev/null
----------------------------------------------
real command=cset shield -e /home/nrink/Projects/build/encode/encode/tests/quicksort/quicksort.perf.plain --  --cso /dev/null
key=plain, no.=6, <stderr>:
LENGTH=6
elapsed cycles: 23631
hi(checksum)=0xBC14A5EA11E828F6
lo(checksum)=0xF41DD8DD252FBA43
key=plain, no.=6, <checksum>:
0xBC14A5EA11E828F6F41DD8DD252FBA43
key=plain, no.=6, cso file:
/dev/null
----------------------------------------------
real command=cset shield -e /home/nrink/Projects/build/encode/encode/tests/quicksort/quicksort.perf.plain --  --cso /dev/null
key=plain, no.=7, <stderr>:
LENGTH=6
elapsed cycles: 24759
hi(checksum)=0xBC14A5EA11E828F6
lo(checksum)=0xF41DD8DD252FBA43
key=plain, no.=7, <checksum>:
0xBC14A5EA11E828F6F41DD8DD252FBA43
key=plain, no.=7, cso file:
/dev/null
----------------------------------------------
real command=cset shield -e /home/nrink/Projects/build/encode/encode/tests/quicksort/quicksort.perf.plain --  --cso /dev/null
key=plain, no.=8, <stderr>:
LENGTH=6
elapsed cycles: 24594
hi(checksum)=0xBC14A5EA11E828F6
lo(checksum)=0xF41DD8DD252FBA43
key=plain, no.=8, <checksum>:
0xBC14A5EA11E828F6F41DD8DD252FBA43
key=plain, no.=8, cso file:
/dev/null
----------------------------------------------
real command=cset shield -e /home/nrink/Projects/build/encode/encode/tests/quicksort/quicksort.perf.plain --  --cso /dev/null
key=plain, no.=9, <stderr>:
LENGTH=6
elapsed cycles: 25050
hi(checksum)=0xBC14A5EA11E828F6
lo(checksum)=0xF41DD8DD252FBA43
key=plain, no.=9, <checksum>:
0xBC14A5EA11E828F6F41DD8DD252FBA43
key=plain, no.=9, cso file:
/dev/null
----------------------------------------------
real command=cset shield -e /home/nrink/Projects/build/encode/encode/tests/quicksort/quicksort.perf.plain --  --cso /dev/null
key=plain, no.=10, <stderr>:
LENGTH=6
elapsed cycles: 24210
hi(checksum)=0xBC14A5EA11E828F6
lo(checksum)=0xF41DD8DD252FBA43
key=plain, no.=10, <checksum>:
0xBC14A5EA11E828F6F41DD8DD252FBA43
key=plain, no.=10, cso file:
/dev/null
----------------------------------------------
real command=cset shield -e /home/nrink/Projects/build/encode/encode/tests/quicksort/quicksort.perf.plain --  --cso /dev/null
key=plain, no.=11, <stderr>:
LENGTH=6
elapsed cycles: 23745
hi(checksum)=0xBC14A5EA11E828F6
lo(checksum)=0xF41DD8DD252FBA43
key=plain, no.=11, <checksum>:
0xBC14A5EA11E828F6F41DD8DD252FBA43
key=plain, no.=11, cso file:
/dev/null
----------------------------------------------
real command=cset shield -e /home/nrink/Projects/build/encode/encode/tests/quicksort/quicksort.perf.plain --  --cso /dev/null
key=plain, no.=12, <stderr>:
LENGTH=6
elapsed cycles: 23874
hi(checksum)=0xBC14A5EA11E828F6
lo(checksum)=0xF41DD8DD252FBA43
key=plain, no.=12, <checksum>:
0xBC14A5EA11E828F6F41DD8DD252FBA43
key=plain, no.=12, cso file:
/dev/null
----------------------------------------------
real command=cset shield -e /home/nrink/Projects/build/encode/encode/tests/quicksort/quicksort.perf.plain --  --cso /dev/null
key=plain, no.=13, <stderr>:
LENGTH=6
elapsed cycles: 24447
hi(checksum)=0xBC14A5EA11E828F6
lo(checksum)=0xF41DD8DD252FBA43
key=plain, no.=13, <checksum>:
0xBC14A5EA11E828F6F41DD8DD252FBA43
key=plain, no.=13, cso file:
/dev/null
----------------------------------------------
real command=cset shield -e /home/nrink/Projects/build/encode/encode/tests/quicksort/quicksort.perf.plain --  --cso /dev/null
key=plain, no.=14, <stderr>:
LENGTH=6
elapsed cycles: 24309
hi(checksum)=0xBC14A5EA11E828F6
lo(checksum)=0xF41DD8DD252FBA43
key=plain, no.=14, <checksum>:
0xBC14A5EA11E828F6F41DD8DD252FBA43
key=plain, no.=14, cso file:
/dev/null
----------------------------------------------
real command=cset shield -e /home/nrink/Projects/build/encode/encode/tests/quicksort/quicksort.perf.plain --  --cso /dev/null
key=plain, no.=15, <stderr>:
LENGTH=6
elapsed cycles: 24189
hi(checksum)=0xBC14A5EA11E828F6
lo(checksum)=0xF41DD8DD252FBA43
key=plain, no.=15, <checksum>:
0xBC14A5EA11E828F6F41DD8DD252FBA43
key=plain, no.=15, cso file:
/dev/null
----------------------------------------------
real command=cset shield -e /home/nrink/Projects/build/encode/encode/tests/quicksort/quicksort.perf.plain --  --cso /dev/null
key=plain, no.=16, <stderr>:
LENGTH=6
elapsed cycles: 24531
hi(checksum)=0xBC14A5EA11E828F6
lo(checksum)=0xF41DD8DD252FBA43
key=plain, no.=16, <checksum>:
0xBC14A5EA11E828F6F41DD8DD252FBA43
key=plain, no.=16, cso file:
/dev/null
----------------------------------------------
real command=cset shield -e /home/nrink/Projects/build/encode/encode/tests/quicksort/quicksort.perf.plain --  --cso /dev/null
key=plain, no.=17, <stderr>:
LENGTH=6
elapsed cycles: 23760
hi(checksum)=0xBC14A5EA11E828F6
lo(checksum)=0xF41DD8DD252FBA43
key=plain, no.=17, <checksum>:
0xBC14A5EA11E828F6F41DD8DD252FBA43
key=plain, no.=17, cso file:
/dev/null
----------------------------------------------
real command=cset shield -e /home/nrink/Projects/build/encode/encode/tests/quicksort/quicksort.perf.plain --  --cso /dev/null
key=plain, no.=18, <stderr>:
LENGTH=6
elapsed cycles: 23928
hi(checksum)=0xBC14A5EA11E828F6
lo(checksum)=0xF41DD8DD252FBA43
key=plain, no.=18, <checksum>:
0xBC14A5EA11E828F6F41DD8DD252FBA43
key=plain, no.=18, cso file:
/dev/null
----------------------------------------------
real command=cset shield -e /home/nrink/Projects/build/encode/encode/tests/quicksort/quicksort.perf.plain --  --cso /dev/null
key=plain, no.=19, <stderr>:
LENGTH=6
elapsed cycles: 24273
hi(checksum)=0xBC14A5EA11E828F6
lo(checksum)=0xF41DD8DD252FBA43
key=plain, no.=19, <checksum>:
0xBC14A5EA11E828F6F41DD8DD252FBA43
key=plain, no.=19, cso file:
/dev/null
----------------------------------------------
real command=cset shield -e /home/nrink/Projects/build/encode/encode/tests/quicksort/quicksort.perf.plain --  --cso /dev/null
key=plain, no.=20, <stderr>:
LENGTH=6
elapsed cycles: 24642
hi(checksum)=0xBC14A5EA11E828F6
lo(checksum)=0xF41DD8DD252FBA43
key=plain, no.=20, <checksum>:
0xBC14A5EA11E828F6F41DD8DD252FBA43
key=plain, no.=20, cso file:
/dev/null
----------------------------------------------
real command=cset shield -e /home/nrink/Projects/build/encode/encode/tests/quicksort/quicksort.perf.plain --  --cso /dev/null
key=plain, no.=21, <stderr>:
LENGTH=6
elapsed cycles: 24246
hi(checksum)=0xBC14A5EA11E828F6
lo(checksum)=0xF41DD8DD252FBA43
key=plain, no.=21, <checksum>:
0xBC14A5EA11E828F6F41DD8DD252FBA43
key=plain, no.=21, cso file:
/dev/null
----------------------------------------------
real command=cset shield -e /home/nrink/Projects/build/encode/encode/tests/quicksort/quicksort.perf.plain --  --cso /dev/null
key=plain, no.=22, <stderr>:
LENGTH=6
elapsed cycles: 24744
hi(checksum)=0xBC14A5EA11E828F6
lo(checksum)=0xF41DD8DD252FBA43
key=plain, no.=22, <checksum>:
0xBC14A5EA11E828F6F41DD8DD252FBA43
key=plain, no.=22, cso file:
/dev/null
----------------------------------------------
real command=cset shield -e /home/nrink/Projects/build/encode/encode/tests/quicksort/quicksort.perf.plain --  --cso /dev/null
key=plain, no.=23, <stderr>:
LENGTH=6
elapsed cycles: 24789
hi(checksum)=0xBC14A5EA11E828F6
lo(checksum)=0xF41DD8DD252FBA43
key=plain, no.=23, <checksum>:
0xBC14A5EA11E828F6F41DD8DD252FBA43
key=plain, no.=23, cso file:
/dev/null
----------------------------------------------
real command=cset shield -e /home/nrink/Projects/build/encode/encode/tests/quicksort/quicksort.perf.plain --  --cso /dev/null
key=plain, no.=24, <stderr>:
LENGTH=6
elapsed cycles: 24588
hi(checksum)=0xBC14A5EA11E828F6
lo(checksum)=0xF41DD8DD252FBA43
key=plain, no.=24, <checksum>:
0xBC14A5EA11E828F6F41DD8DD252FBA43
key=plain, no.=24, cso file:
/dev/null
----------------------------------------------
real command=cset shield -e /home/nrink/Projects/build/encode/encode/tests/quicksort/quicksort.perf.plain --  --cso /dev/null
key=plain, no.=25, <stderr>:
LENGTH=6
elapsed cycles: 24351
hi(checksum)=0xBC14A5EA11E828F6
lo(checksum)=0xF41DD8DD252FBA43
key=plain, no.=25, <checksum>:
0xBC14A5EA11E828F6F41DD8DD252FBA43
key=plain, no.=25, cso file:
/dev/null
----------------------------------------------
real command=cset shield -e /home/nrink/Projects/build/encode/encode/tests/quicksort/quicksort.perf.plain --  --cso /dev/null
key=plain, no.=26, <stderr>:
LENGTH=6
elapsed cycles: 24156
hi(checksum)=0xBC14A5EA11E828F6
lo(checksum)=0xF41DD8DD252FBA43
key=plain, no.=26, <checksum>:
0xBC14A5EA11E828F6F41DD8DD252FBA43
key=plain, no.=26, cso file:
/dev/null
----------------------------------------------
real command=cset shield -e /home/nrink/Projects/build/encode/encode/tests/quicksort/quicksort.perf.plain --  --cso /dev/null
key=plain, no.=27, <stderr>:
LENGTH=6
elapsed cycles: 24567
hi(checksum)=0xBC14A5EA11E828F6
lo(checksum)=0xF41DD8DD252FBA43
key=plain, no.=27, <checksum>:
0xBC14A5EA11E828F6F41DD8DD252FBA43
key=plain, no.=27, cso file:
/dev/null
----------------------------------------------
real command=cset shield -e /home/nrink/Projects/build/encode/encode/tests/quicksort/quicksort.perf.plain --  --cso /dev/null
key=plain, no.=28, <stderr>:
LENGTH=6
elapsed cycles: 23712
hi(checksum)=0xBC14A5EA11E828F6
lo(checksum)=0xF41DD8DD252FBA43
key=plain, no.=28, <checksum>:
0xBC14A5EA11E828F6F41DD8DD252FBA43
key=plain, no.=28, cso file:
/dev/null
----------------------------------------------
real command=cset shield -e /home/nrink/Projects/build/encode/encode/tests/quicksort/quicksort.perf.plain --  --cso /dev/null
key=plain, no.=29, <stderr>:
LENGTH=6
elapsed cycles: 23970
hi(checksum)=0xBC14A5EA11E828F6
lo(checksum)=0xF41DD8DD252FBA43
key=plain, no.=29, <checksum>:
0xBC14A5EA11E828F6F41DD8DD252FBA43
key=plain, no.=29, cso file:
/dev/null
----------------------------------------------
real command=cset shield -e /home/nrink/Projects/build/encode/encode/tests/quicksort/quicksort.perf.plain --  --cso /dev/null
key=plain, no.=30, <stderr>:
LENGTH=6
elapsed cycles: 23901
hi(checksum)=0xBC14A5EA11E828F6
lo(checksum)=0xF41DD8DD252FBA43
key=plain, no.=30, <checksum>:
0xBC14A5EA11E828F6F41DD8DD252FBA43
key=plain, no.=30, cso file:
/dev/null
----------------------------------------------
real command=cset shield -e /home/nrink/Projects/build/encode/encode/tests/quicksort/quicksort.perf.plain --  --cso /dev/null
key=plain, no.=31, <stderr>:
LENGTH=6
elapsed cycles: 24234
hi(checksum)=0xBC14A5EA11E828F6
lo(checksum)=0xF41DD8DD252FBA43
key=plain, no.=31, <checksum>:
0xBC14A5EA11E828F6F41DD8DD252FBA43
key=plain, no.=31, cso file:
/dev/null
----------------------------------------------
real command=cset shield -e /home/nrink/Projects/build/encode/encode/tests/quicksort/quicksort.perf.plain --  --cso /dev/null
key=plain, no.=32, <stderr>:
LENGTH=6
elapsed cycles: 23790
hi(checksum)=0xBC14A5EA11E828F6
lo(checksum)=0xF41DD8DD252FBA43
key=plain, no.=32, <checksum>:
0xBC14A5EA11E828F6F41DD8DD252FBA43
key=plain, no.=32, cso file:
/dev/null
----------------------------------------------
real command=cset shield -e /home/nrink/Projects/build/encode/encode/tests/quicksort/quicksort.perf.plain --  --cso /dev/null
key=plain, no.=33, <stderr>:
LENGTH=6
elapsed cycles: 23733
hi(checksum)=0xBC14A5EA11E828F6
lo(checksum)=0xF41DD8DD252FBA43
key=plain, no.=33, <checksum>:
0xBC14A5EA11E828F6F41DD8DD252FBA43
key=plain, no.=33, cso file:
/dev/null
----------------------------------------------
real command=cset shield -e /home/nrink/Projects/build/encode/encode/tests/quicksort/quicksort.perf.plain --  --cso /dev/null
key=plain, no.=34, <stderr>:
LENGTH=6
elapsed cycles: 23736
hi(checksum)=0xBC14A5EA11E828F6
lo(checksum)=0xF41DD8DD252FBA43
key=plain, no.=34, <checksum>:
0xBC14A5EA11E828F6F41DD8DD252FBA43
key=plain, no.=34, cso file:
/dev/null
----------------------------------------------
real command=cset shield -e /home/nrink/Projects/build/encode/encode/tests/quicksort/quicksort.perf.plain --  --cso /dev/null
key=plain, no.=35, <stderr>:
LENGTH=6
elapsed cycles: 56982
hi(checksum)=0xBC14A5EA11E828F6
lo(checksum)=0xF41DD8DD252FBA43
key=plain, no.=35, <checksum>:
0xBC14A5EA11E828F6F41DD8DD252FBA43
key=plain, no.=35, cso file:
/dev/null
----------------------------------------------
real command=cset shield -e /home/nrink/Projects/build/encode/encode/tests/quicksort/quicksort.perf.plain --  --cso /dev/null
key=plain, no.=36, <stderr>:
LENGTH=6
elapsed cycles: 23664
hi(checksum)=0xBC14A5EA11E828F6
lo(checksum)=0xF41DD8DD252FBA43
key=plain, no.=36, <checksum>:
0xBC14A5EA11E828F6F41DD8DD252FBA43
key=plain, no.=36, cso file:
/dev/null
----------------------------------------------
real command=cset shield -e /home/nrink/Projects/build/encode/encode/tests/quicksort/quicksort.perf.plain --  --cso /dev/null
key=plain, no.=37, <stderr>:
LENGTH=6
elapsed cycles: 23790
hi(checksum)=0xBC14A5EA11E828F6
lo(checksum)=0xF41DD8DD252FBA43
key=plain, no.=37, <checksum>:
0xBC14A5EA11E828F6F41DD8DD252FBA43
key=plain, no.=37, cso file:
/dev/null
----------------------------------------------
real command=cset shield -e /home/nrink/Projects/build/encode/encode/tests/quicksort/quicksort.perf.plain --  --cso /dev/null
key=plain, no.=38, <stderr>:
LENGTH=6
elapsed cycles: 23919
hi(checksum)=0xBC14A5EA11E828F6
lo(checksum)=0xF41DD8DD252FBA43
key=plain, no.=38, <checksum>:
0xBC14A5EA11E828F6F41DD8DD252FBA43
key=plain, no.=38, cso file:
/dev/null
----------------------------------------------
real command=cset shield -e /home/nrink/Projects/build/encode/encode/tests/quicksort/quicksort.perf.plain --  --cso /dev/null
key=plain, no.=39, <stderr>:
LENGTH=6
elapsed cycles: 24240
hi(checksum)=0xBC14A5EA11E828F6
lo(checksum)=0xF41DD8DD252FBA43
key=plain, no.=39, <checksum>:
0xBC14A5EA11E828F6F41DD8DD252FBA43
key=plain, no.=39, cso file:
/dev/null
----------------------------------------------
real command=cset shield -e /home/nrink/Projects/build/encode/encode/tests/quicksort/quicksort.perf.plain --  --cso /dev/null
key=plain, no.=40, <stderr>:
LENGTH=6
elapsed cycles: 24285
hi(checksum)=0xBC14A5EA11E828F6
lo(checksum)=0xF41DD8DD252FBA43
key=plain, no.=40, <checksum>:
0xBC14A5EA11E828F6F41DD8DD252FBA43
key=plain, no.=40, cso file:
/dev/null
----------------------------------------------
real command=cset shield -e /home/nrink/Projects/build/encode/encode/tests/quicksort/quicksort.perf.plain --  --cso /dev/null
key=plain, no.=41, <stderr>:
LENGTH=6
elapsed cycles: 23826
hi(checksum)=0xBC14A5EA11E828F6
lo(checksum)=0xF41DD8DD252FBA43
key=plain, no.=41, <checksum>:
0xBC14A5EA11E828F6F41DD8DD252FBA43
key=plain, no.=41, cso file:
/dev/null
----------------------------------------------
real command=cset shield -e /home/nrink/Projects/build/encode/encode/tests/quicksort/quicksort.perf.plain --  --cso /dev/null
key=plain, no.=42, <stderr>:
LENGTH=6
elapsed cycles: 24435
hi(checksum)=0xBC14A5EA11E828F6
lo(checksum)=0xF41DD8DD252FBA43
key=plain, no.=42, <checksum>:
0xBC14A5EA11E828F6F41DD8DD252FBA43
key=plain, no.=42, cso file:
/dev/null
----------------------------------------------
real command=cset shield -e /home/nrink/Projects/build/encode/encode/tests/quicksort/quicksort.perf.plain --  --cso /dev/null
key=plain, no.=43, <stderr>:
LENGTH=6
elapsed cycles: 24567
hi(checksum)=0xBC14A5EA11E828F6
lo(checksum)=0xF41DD8DD252FBA43
key=plain, no.=43, <checksum>:
0xBC14A5EA11E828F6F41DD8DD252FBA43
key=plain, no.=43, cso file:
/dev/null
----------------------------------------------
real command=cset shield -e /home/nrink/Projects/build/encode/encode/tests/quicksort/quicksort.perf.plain --  --cso /dev/null
key=plain, no.=44, <stderr>:
LENGTH=6
elapsed cycles: 23502
hi(checksum)=0xBC14A5EA11E828F6
lo(checksum)=0xF41DD8DD252FBA43
key=plain, no.=44, <checksum>:
0xBC14A5EA11E828F6F41DD8DD252FBA43
key=plain, no.=44, cso file:
/dev/null
----------------------------------------------
real command=cset shield -e /home/nrink/Projects/build/encode/encode/tests/quicksort/quicksort.perf.plain --  --cso /dev/null
key=plain, no.=45, <stderr>:
LENGTH=6
elapsed cycles: 24327
hi(checksum)=0xBC14A5EA11E828F6
lo(checksum)=0xF41DD8DD252FBA43
key=plain, no.=45, <checksum>:
0xBC14A5EA11E828F6F41DD8DD252FBA43
key=plain, no.=45, cso file:
/dev/null
----------------------------------------------
real command=cset shield -e /home/nrink/Projects/build/encode/encode/tests/quicksort/quicksort.perf.plain --  --cso /dev/null
key=plain, no.=46, <stderr>:
LENGTH=6
elapsed cycles: 23754
hi(checksum)=0xBC14A5EA11E828F6
lo(checksum)=0xF41DD8DD252FBA43
key=plain, no.=46, <checksum>:
0xBC14A5EA11E828F6F41DD8DD252FBA43
key=plain, no.=46, cso file:
/dev/null
----------------------------------------------
real command=cset shield -e /home/nrink/Projects/build/encode/encode/tests/quicksort/quicksort.perf.plain --  --cso /dev/null
key=plain, no.=47, <stderr>:
LENGTH=6
elapsed cycles: 23814
hi(checksum)=0xBC14A5EA11E828F6
lo(checksum)=0xF41DD8DD252FBA43
key=plain, no.=47, <checksum>:
0xBC14A5EA11E828F6F41DD8DD252FBA43
key=plain, no.=47, cso file:
/dev/null
----------------------------------------------
real command=cset shield -e /home/nrink/Projects/build/encode/encode/tests/quicksort/quicksort.perf.plain --  --cso /dev/null
key=plain, no.=48, <stderr>:
LENGTH=6
elapsed cycles: 24033
hi(checksum)=0xBC14A5EA11E828F6
lo(checksum)=0xF41DD8DD252FBA43
key=plain, no.=48, <checksum>:
0xBC14A5EA11E828F6F41DD8DD252FBA43
key=plain, no.=48, cso file:
/dev/null
----------------------------------------------
real command=cset shield -e /home/nrink/Projects/build/encode/encode/tests/quicksort/quicksort.perf.plain --  --cso /dev/null
key=plain, no.=49, <stderr>:
LENGTH=6
elapsed cycles: 24108
hi(checksum)=0xBC14A5EA11E828F6
lo(checksum)=0xF41DD8DD252FBA43
key=plain, no.=49, <checksum>:
0xBC14A5EA11E828F6F41DD8DD252FBA43
key=plain, no.=49, cso file:
/dev/null
----------------------------------------------
real command=cset shield -e /home/nrink/Projects/build/encode/encode/tests/quicksort/quicksort.perf.plain --  --cso /dev/null
key=plain, no.=50, <stderr>:
LENGTH=6
elapsed cycles: 23874
hi(checksum)=0xBC14A5EA11E828F6
lo(checksum)=0xF41DD8DD252FBA43
key=plain, no.=50, <checksum>:
0xBC14A5EA11E828F6F41DD8DD252FBA43
key=plain, no.=50, cso file:
/dev/null
----------------------------------------------
real command=cset shield -e /home/nrink/Projects/build/encode/encode/tests/quicksort/quicksort.perf.plain --  --cso /dev/null
key=plain, no.=51, <stderr>:
LENGTH=6
elapsed cycles: 24486
hi(checksum)=0xBC14A5EA11E828F6
lo(checksum)=0xF41DD8DD252FBA43
key=plain, no.=51, <checksum>:
0xBC14A5EA11E828F6F41DD8DD252FBA43
key=plain, no.=51, cso file:
/dev/null
----------------------------------------------
real command=cset shield -e /home/nrink/Projects/build/encode/encode/tests/quicksort/quicksort.perf.plain --  --cso /dev/null
key=plain, no.=52, <stderr>:
LENGTH=6
elapsed cycles: 24003
hi(checksum)=0xBC14A5EA11E828F6
lo(checksum)=0xF41DD8DD252FBA43
key=plain, no.=52, <checksum>:
0xBC14A5EA11E828F6F41DD8DD252FBA43
key=plain, no.=52, cso file:
/dev/null
----------------------------------------------
real command=cset shield -e /home/nrink/Projects/build/encode/encode/tests/quicksort/quicksort.perf.plain --  --cso /dev/null
key=plain, no.=53, <stderr>:
LENGTH=6
elapsed cycles: 23784
hi(checksum)=0xBC14A5EA11E828F6
lo(checksum)=0xF41DD8DD252FBA43
key=plain, no.=53, <checksum>:
0xBC14A5EA11E828F6F41DD8DD252FBA43
key=plain, no.=53, cso file:
/dev/null
----------------------------------------------
real command=cset shield -e /home/nrink/Projects/build/encode/encode/tests/quicksort/quicksort.perf.plain --  --cso /dev/null
key=plain, no.=54, <stderr>:
LENGTH=6
elapsed cycles: 23760
hi(checksum)=0xBC14A5EA11E828F6
lo(checksum)=0xF41DD8DD252FBA43
key=plain, no.=54, <checksum>:
0xBC14A5EA11E828F6F41DD8DD252FBA43
key=plain, no.=54, cso file:
/dev/null
----------------------------------------------
real command=cset shield -e /home/nrink/Projects/build/encode/encode/tests/quicksort/quicksort.perf.plain --  --cso /dev/null
key=plain, no.=55, <stderr>:
LENGTH=6
elapsed cycles: 24126
hi(checksum)=0xBC14A5EA11E828F6
lo(checksum)=0xF41DD8DD252FBA43
key=plain, no.=55, <checksum>:
0xBC14A5EA11E828F6F41DD8DD252FBA43
key=plain, no.=55, cso file:
/dev/null
----------------------------------------------
real command=cset shield -e /home/nrink/Projects/build/encode/encode/tests/quicksort/quicksort.perf.plain --  --cso /dev/null
key=plain, no.=56, <stderr>:
LENGTH=6
elapsed cycles: 24222
hi(checksum)=0xBC14A5EA11E828F6
lo(checksum)=0xF41DD8DD252FBA43
key=plain, no.=56, <checksum>:
0xBC14A5EA11E828F6F41DD8DD252FBA43
key=plain, no.=56, cso file:
/dev/null
----------------------------------------------
real command=cset shield -e /home/nrink/Projects/build/encode/encode/tests/quicksort/quicksort.perf.plain --  --cso /dev/null
key=plain, no.=57, <stderr>:
LENGTH=6
elapsed cycles: 23805
hi(checksum)=0xBC14A5EA11E828F6
lo(checksum)=0xF41DD8DD252FBA43
key=plain, no.=57, <checksum>:
0xBC14A5EA11E828F6F41DD8DD252FBA43
key=plain, no.=57, cso file:
/dev/null
----------------------------------------------
real command=cset shield -e /home/nrink/Projects/build/encode/encode/tests/quicksort/quicksort.perf.plain --  --cso /dev/null
key=plain, no.=58, <stderr>:
LENGTH=6
elapsed cycles: 24594
hi(checksum)=0xBC14A5EA11E828F6
lo(checksum)=0xF41DD8DD252FBA43
key=plain, no.=58, <checksum>:
0xBC14A5EA11E828F6F41DD8DD252FBA43
key=plain, no.=58, cso file:
/dev/null
----------------------------------------------
real command=cset shield -e /home/nrink/Projects/build/encode/encode/tests/quicksort/quicksort.perf.plain --  --cso /dev/null
key=plain, no.=59, <stderr>:
LENGTH=6
elapsed cycles: 24210
hi(checksum)=0xBC14A5EA11E828F6
lo(checksum)=0xF41DD8DD252FBA43
key=plain, no.=59, <checksum>:
0xBC14A5EA11E828F6F41DD8DD252FBA43
key=plain, no.=59, cso file:
/dev/null
----------------------------------------------
real command=cset shield -e /home/nrink/Projects/build/encode/encode/tests/quicksort/quicksort.perf.plain --  --cso /dev/null
key=plain, no.=60, <stderr>:
LENGTH=6
elapsed cycles: 23718
hi(checksum)=0xBC14A5EA11E828F6
lo(checksum)=0xF41DD8DD252FBA43
key=plain, no.=60, <checksum>:
0xBC14A5EA11E828F6F41DD8DD252FBA43
key=plain, no.=60, cso file:
/dev/null
----------------------------------------------
real command=cset shield -e /home/nrink/Projects/build/encode/encode/tests/quicksort/quicksort.perf.plain --  --cso /dev/null
key=plain, no.=61, <stderr>:
LENGTH=6
elapsed cycles: 24063
hi(checksum)=0xBC14A5EA11E828F6
lo(checksum)=0xF41DD8DD252FBA43
key=plain, no.=61, <checksum>:
0xBC14A5EA11E828F6F41DD8DD252FBA43
key=plain, no.=61, cso file:
/dev/null
----------------------------------------------
real command=cset shield -e /home/nrink/Projects/build/encode/encode/tests/quicksort/quicksort.perf.plain --  --cso /dev/null
key=plain, no.=62, <stderr>:
LENGTH=6
elapsed cycles: 23901
hi(checksum)=0xBC14A5EA11E828F6
lo(checksum)=0xF41DD8DD252FBA43
key=plain, no.=62, <checksum>:
0xBC14A5EA11E828F6F41DD8DD252FBA43
key=plain, no.=62, cso file:
/dev/null
----------------------------------------------
real command=cset shield -e /home/nrink/Projects/build/encode/encode/tests/quicksort/quicksort.perf.plain --  --cso /dev/null
key=plain, no.=63, <stderr>:
LENGTH=6
elapsed cycles: 24714
hi(checksum)=0xBC14A5EA11E828F6
lo(checksum)=0xF41DD8DD252FBA43
key=plain, no.=63, <checksum>:
0xBC14A5EA11E828F6F41DD8DD252FBA43
key=plain, no.=63, cso file:
/dev/null
----------------------------------------------
real command=cset shield -e /home/nrink/Projects/build/encode/encode/tests/quicksort/quicksort.perf.plain --  --cso /dev/null
key=plain, no.=64, <stderr>:
LENGTH=6
elapsed cycles: 24345
hi(checksum)=0xBC14A5EA11E828F6
lo(checksum)=0xF41DD8DD252FBA43
key=plain, no.=64, <checksum>:
0xBC14A5EA11E828F6F41DD8DD252FBA43
key=plain, no.=64, cso file:
/dev/null
----------------------------------------------
real command=cset shield -e /home/nrink/Projects/build/encode/encode/tests/quicksort/quicksort.perf.plain --  --cso /dev/null
key=plain, no.=65, <stderr>:
LENGTH=6
elapsed cycles: 23781
hi(checksum)=0xBC14A5EA11E828F6
lo(checksum)=0xF41DD8DD252FBA43
key=plain, no.=65, <checksum>:
0xBC14A5EA11E828F6F41DD8DD252FBA43
key=plain, no.=65, cso file:
/dev/null
----------------------------------------------
real command=cset shield -e /home/nrink/Projects/build/encode/encode/tests/quicksort/quicksort.perf.plain --  --cso /dev/null
key=plain, no.=66, <stderr>:
LENGTH=6
elapsed cycles: 24396
hi(checksum)=0xBC14A5EA11E828F6
lo(checksum)=0xF41DD8DD252FBA43
key=plain, no.=66, <checksum>:
0xBC14A5EA11E828F6F41DD8DD252FBA43
key=plain, no.=66, cso file:
/dev/null
----------------------------------------------
real command=cset shield -e /home/nrink/Projects/build/encode/encode/tests/quicksort/quicksort.perf.plain --  --cso /dev/null
key=plain, no.=67, <stderr>:
LENGTH=6
elapsed cycles: 24420
hi(checksum)=0xBC14A5EA11E828F6
lo(checksum)=0xF41DD8DD252FBA43
key=plain, no.=67, <checksum>:
0xBC14A5EA11E828F6F41DD8DD252FBA43
key=plain, no.=67, cso file:
/dev/null
----------------------------------------------
real command=cset shield -e /home/nrink/Projects/build/encode/encode/tests/quicksort/quicksort.perf.plain --  --cso /dev/null
key=plain, no.=68, <stderr>:
LENGTH=6
elapsed cycles: 23868
hi(checksum)=0xBC14A5EA11E828F6
lo(checksum)=0xF41DD8DD252FBA43
key=plain, no.=68, <checksum>:
0xBC14A5EA11E828F6F41DD8DD252FBA43
key=plain, no.=68, cso file:
/dev/null
----------------------------------------------
real command=cset shield -e /home/nrink/Projects/build/encode/encode/tests/quicksort/quicksort.perf.plain --  --cso /dev/null
key=plain, no.=69, <stderr>:
LENGTH=6
elapsed cycles: 24318
hi(checksum)=0xBC14A5EA11E828F6
lo(checksum)=0xF41DD8DD252FBA43
key=plain, no.=69, <checksum>:
0xBC14A5EA11E828F6F41DD8DD252FBA43
key=plain, no.=69, cso file:
/dev/null
----------------------------------------------
real command=cset shield -e /home/nrink/Projects/build/encode/encode/tests/quicksort/quicksort.perf.plain --  --cso /dev/null
key=plain, no.=70, <stderr>:
LENGTH=6
elapsed cycles: 23595
hi(checksum)=0xBC14A5EA11E828F6
lo(checksum)=0xF41DD8DD252FBA43
key=plain, no.=70, <checksum>:
0xBC14A5EA11E828F6F41DD8DD252FBA43
key=plain, no.=70, cso file:
/dev/null
----------------------------------------------
real command=cset shield -e /home/nrink/Projects/build/encode/encode/tests/quicksort/quicksort.perf.plain --  --cso /dev/null
key=plain, no.=71, <stderr>:
LENGTH=6
elapsed cycles: 24132
hi(checksum)=0xBC14A5EA11E828F6
lo(checksum)=0xF41DD8DD252FBA43
key=plain, no.=71, <checksum>:
0xBC14A5EA11E828F6F41DD8DD252FBA43
key=plain, no.=71, cso file:
/dev/null
----------------------------------------------
real command=cset shield -e /home/nrink/Projects/build/encode/encode/tests/quicksort/quicksort.perf.plain --  --cso /dev/null
key=plain, no.=72, <stderr>:
LENGTH=6
elapsed cycles: 24189
hi(checksum)=0xBC14A5EA11E828F6
lo(checksum)=0xF41DD8DD252FBA43
key=plain, no.=72, <checksum>:
0xBC14A5EA11E828F6F41DD8DD252FBA43
key=plain, no.=72, cso file:
/dev/null
----------------------------------------------
real command=cset shield -e /home/nrink/Projects/build/encode/encode/tests/quicksort/quicksort.perf.plain --  --cso /dev/null
key=plain, no.=73, <stderr>:
LENGTH=6
elapsed cycles: 23694
hi(checksum)=0xBC14A5EA11E828F6
lo(checksum)=0xF41DD8DD252FBA43
key=plain, no.=73, <checksum>:
0xBC14A5EA11E828F6F41DD8DD252FBA43
key=plain, no.=73, cso file:
/dev/null
----------------------------------------------
real command=cset shield -e /home/nrink/Projects/build/encode/encode/tests/quicksort/quicksort.perf.plain --  --cso /dev/null
key=plain, no.=74, <stderr>:
LENGTH=6
elapsed cycles: 24477
hi(checksum)=0xBC14A5EA11E828F6
lo(checksum)=0xF41DD8DD252FBA43
key=plain, no.=74, <checksum>:
0xBC14A5EA11E828F6F41DD8DD252FBA43
key=plain, no.=74, cso file:
/dev/null
----------------------------------------------
real command=cset shield -e /home/nrink/Projects/build/encode/encode/tests/quicksort/quicksort.perf.plain --  --cso /dev/null
key=plain, no.=75, <stderr>:
LENGTH=6
elapsed cycles: 23628
hi(checksum)=0xBC14A5EA11E828F6
lo(checksum)=0xF41DD8DD252FBA43
key=plain, no.=75, <checksum>:
0xBC14A5EA11E828F6F41DD8DD252FBA43
key=plain, no.=75, cso file:
/dev/null
----------------------------------------------
real command=cset shield -e /home/nrink/Projects/build/encode/encode/tests/quicksort/quicksort.perf.plain --  --cso /dev/null
key=plain, no.=76, <stderr>:
LENGTH=6
elapsed cycles: 30720
hi(checksum)=0xBC14A5EA11E828F6
lo(checksum)=0xF41DD8DD252FBA43
key=plain, no.=76, <checksum>:
0xBC14A5EA11E828F6F41DD8DD252FBA43
key=plain, no.=76, cso file:
/dev/null
----------------------------------------------
real command=cset shield -e /home/nrink/Projects/build/encode/encode/tests/quicksort/quicksort.perf.plain --  --cso /dev/null
key=plain, no.=77, <stderr>:
LENGTH=6
elapsed cycles: 24837
hi(checksum)=0xBC14A5EA11E828F6
lo(checksum)=0xF41DD8DD252FBA43
key=plain, no.=77, <checksum>:
0xBC14A5EA11E828F6F41DD8DD252FBA43
key=plain, no.=77, cso file:
/dev/null
----------------------------------------------
real command=cset shield -e /home/nrink/Projects/build/encode/encode/tests/quicksort/quicksort.perf.plain --  --cso /dev/null
key=plain, no.=78, <stderr>:
LENGTH=6
elapsed cycles: 24684
hi(checksum)=0xBC14A5EA11E828F6
lo(checksum)=0xF41DD8DD252FBA43
key=plain, no.=78, <checksum>:
0xBC14A5EA11E828F6F41DD8DD252FBA43
key=plain, no.=78, cso file:
/dev/null
----------------------------------------------
real command=cset shield -e /home/nrink/Projects/build/encode/encode/tests/quicksort/quicksort.perf.plain --  --cso /dev/null
key=plain, no.=79, <stderr>:
LENGTH=6
elapsed cycles: 24315
hi(checksum)=0xBC14A5EA11E828F6
lo(checksum)=0xF41DD8DD252FBA43
key=plain, no.=79, <checksum>:
0xBC14A5EA11E828F6F41DD8DD252FBA43
key=plain, no.=79, cso file:
/dev/null
----------------------------------------------
real command=cset shield -e /home/nrink/Projects/build/encode/encode/tests/quicksort/quicksort.perf.plain --  --cso /dev/null
key=plain, no.=80, <stderr>:
LENGTH=6
elapsed cycles: 24018
hi(checksum)=0xBC14A5EA11E828F6
lo(checksum)=0xF41DD8DD252FBA43
key=plain, no.=80, <checksum>:
0xBC14A5EA11E828F6F41DD8DD252FBA43
key=plain, no.=80, cso file:
/dev/null
----------------------------------------------
real command=cset shield -e /home/nrink/Projects/build/encode/encode/tests/quicksort/quicksort.perf.plain --  --cso /dev/null
key=plain, no.=81, <stderr>:
LENGTH=6
elapsed cycles: 24045
hi(checksum)=0xBC14A5EA11E828F6
lo(checksum)=0xF41DD8DD252FBA43
key=plain, no.=81, <checksum>:
0xBC14A5EA11E828F6F41DD8DD252FBA43
key=plain, no.=81, cso file:
/dev/null
----------------------------------------------
real command=cset shield -e /home/nrink/Projects/build/encode/encode/tests/quicksort/quicksort.perf.plain --  --cso /dev/null
key=plain, no.=82, <stderr>:
LENGTH=6
elapsed cycles: 24516
hi(checksum)=0xBC14A5EA11E828F6
lo(checksum)=0xF41DD8DD252FBA43
key=plain, no.=82, <checksum>:
0xBC14A5EA11E828F6F41DD8DD252FBA43
key=plain, no.=82, cso file:
/dev/null
----------------------------------------------
real command=cset shield -e /home/nrink/Projects/build/encode/encode/tests/quicksort/quicksort.perf.plain --  --cso /dev/null
key=plain, no.=83, <stderr>:
LENGTH=6
elapsed cycles: 24330
hi(checksum)=0xBC14A5EA11E828F6
lo(checksum)=0xF41DD8DD252FBA43
key=plain, no.=83, <checksum>:
0xBC14A5EA11E828F6F41DD8DD252FBA43
key=plain, no.=83, cso file:
/dev/null
----------------------------------------------
real command=cset shield -e /home/nrink/Projects/build/encode/encode/tests/quicksort/quicksort.perf.plain --  --cso /dev/null
key=plain, no.=84, <stderr>:
LENGTH=6
elapsed cycles: 24294
hi(checksum)=0xBC14A5EA11E828F6
lo(checksum)=0xF41DD8DD252FBA43
key=plain, no.=84, <checksum>:
0xBC14A5EA11E828F6F41DD8DD252FBA43
key=plain, no.=84, cso file:
/dev/null
----------------------------------------------
real command=cset shield -e /home/nrink/Projects/build/encode/encode/tests/quicksort/quicksort.perf.plain --  --cso /dev/null
key=plain, no.=85, <stderr>:
LENGTH=6
elapsed cycles: 24360
hi(checksum)=0xBC14A5EA11E828F6
lo(checksum)=0xF41DD8DD252FBA43
key=plain, no.=85, <checksum>:
0xBC14A5EA11E828F6F41DD8DD252FBA43
key=plain, no.=85, cso file:
/dev/null
----------------------------------------------
real command=cset shield -e /home/nrink/Projects/build/encode/encode/tests/quicksort/quicksort.perf.plain --  --cso /dev/null
key=plain, no.=86, <stderr>:
LENGTH=6
elapsed cycles: 23781
hi(checksum)=0xBC14A5EA11E828F6
lo(checksum)=0xF41DD8DD252FBA43
key=plain, no.=86, <checksum>:
0xBC14A5EA11E828F6F41DD8DD252FBA43
key=plain, no.=86, cso file:
/dev/null
----------------------------------------------
real command=cset shield -e /home/nrink/Projects/build/encode/encode/tests/quicksort/quicksort.perf.plain --  --cso /dev/null
key=plain, no.=87, <stderr>:
LENGTH=6
elapsed cycles: 24039
hi(checksum)=0xBC14A5EA11E828F6
lo(checksum)=0xF41DD8DD252FBA43
key=plain, no.=87, <checksum>:
0xBC14A5EA11E828F6F41DD8DD252FBA43
key=plain, no.=87, cso file:
/dev/null
----------------------------------------------
real command=cset shield -e /home/nrink/Projects/build/encode/encode/tests/quicksort/quicksort.perf.plain --  --cso /dev/null
key=plain, no.=88, <stderr>:
LENGTH=6
elapsed cycles: 25212
hi(checksum)=0xBC14A5EA11E828F6
lo(checksum)=0xF41DD8DD252FBA43
key=plain, no.=88, <checksum>:
0xBC14A5EA11E828F6F41DD8DD252FBA43
key=plain, no.=88, cso file:
/dev/null
----------------------------------------------
real command=cset shield -e /home/nrink/Projects/build/encode/encode/tests/quicksort/quicksort.perf.plain --  --cso /dev/null
key=plain, no.=89, <stderr>:
LENGTH=6
elapsed cycles: 23562
hi(checksum)=0xBC14A5EA11E828F6
lo(checksum)=0xF41DD8DD252FBA43
key=plain, no.=89, <checksum>:
0xBC14A5EA11E828F6F41DD8DD252FBA43
key=plain, no.=89, cso file:
/dev/null
----------------------------------------------
real command=cset shield -e /home/nrink/Projects/build/encode/encode/tests/quicksort/quicksort.perf.plain --  --cso /dev/null
key=plain, no.=90, <stderr>:
LENGTH=6
elapsed cycles: 24051
hi(checksum)=0xBC14A5EA11E828F6
lo(checksum)=0xF41DD8DD252FBA43
key=plain, no.=90, <checksum>:
0xBC14A5EA11E828F6F41DD8DD252FBA43
key=plain, no.=90, cso file:
/dev/null
----------------------------------------------
real command=cset shield -e /home/nrink/Projects/build/encode/encode/tests/quicksort/quicksort.perf.plain --  --cso /dev/null
key=plain, no.=91, <stderr>:
LENGTH=6
elapsed cycles: 24435
hi(checksum)=0xBC14A5EA11E828F6
lo(checksum)=0xF41DD8DD252FBA43
key=plain, no.=91, <checksum>:
0xBC14A5EA11E828F6F41DD8DD252FBA43
key=plain, no.=91, cso file:
/dev/null
----------------------------------------------
real command=cset shield -e /home/nrink/Projects/build/encode/encode/tests/quicksort/quicksort.perf.plain --  --cso /dev/null
key=plain, no.=92, <stderr>:
LENGTH=6
elapsed cycles: 24228
hi(checksum)=0xBC14A5EA11E828F6
lo(checksum)=0xF41DD8DD252FBA43
key=plain, no.=92, <checksum>:
0xBC14A5EA11E828F6F41DD8DD252FBA43
key=plain, no.=92, cso file:
/dev/null
----------------------------------------------
real command=cset shield -e /home/nrink/Projects/build/encode/encode/tests/quicksort/quicksort.perf.plain --  --cso /dev/null
key=plain, no.=93, <stderr>:
LENGTH=6
elapsed cycles: 24339
hi(checksum)=0xBC14A5EA11E828F6
lo(checksum)=0xF41DD8DD252FBA43
key=plain, no.=93, <checksum>:
0xBC14A5EA11E828F6F41DD8DD252FBA43
key=plain, no.=93, cso file:
/dev/null
----------------------------------------------
real command=cset shield -e /home/nrink/Projects/build/encode/encode/tests/quicksort/quicksort.perf.plain --  --cso /dev/null
key=plain, no.=94, <stderr>:
LENGTH=6
elapsed cycles: 24141
hi(checksum)=0xBC14A5EA11E828F6
lo(checksum)=0xF41DD8DD252FBA43
key=plain, no.=94, <checksum>:
0xBC14A5EA11E828F6F41DD8DD252FBA43
key=plain, no.=94, cso file:
/dev/null
----------------------------------------------
real command=cset shield -e /home/nrink/Projects/build/encode/encode/tests/quicksort/quicksort.perf.plain --  --cso /dev/null
key=plain, no.=95, <stderr>:
LENGTH=6
elapsed cycles: 23952
hi(checksum)=0xBC14A5EA11E828F6
lo(checksum)=0xF41DD8DD252FBA43
key=plain, no.=95, <checksum>:
0xBC14A5EA11E828F6F41DD8DD252FBA43
key=plain, no.=95, cso file:
/dev/null
----------------------------------------------
real command=cset shield -e /home/nrink/Projects/build/encode/encode/tests/quicksort/quicksort.perf.plain --  --cso /dev/null
key=plain, no.=96, <stderr>:
LENGTH=6
elapsed cycles: 24138
hi(checksum)=0xBC14A5EA11E828F6
lo(checksum)=0xF41DD8DD252FBA43
key=plain, no.=96, <checksum>:
0xBC14A5EA11E828F6F41DD8DD252FBA43
key=plain, no.=96, cso file:
/dev/null
----------------------------------------------
real command=cset shield -e /home/nrink/Projects/build/encode/encode/tests/quicksort/quicksort.perf.plain --  --cso /dev/null
key=plain, no.=97, <stderr>:
LENGTH=6
elapsed cycles: 23895
hi(checksum)=0xBC14A5EA11E828F6
lo(checksum)=0xF41DD8DD252FBA43
key=plain, no.=97, <checksum>:
0xBC14A5EA11E828F6F41DD8DD252FBA43
key=plain, no.=97, cso file:
/dev/null
----------------------------------------------
real command=cset shield -e /home/nrink/Projects/build/encode/encode/tests/quicksort/quicksort.perf.plain --  --cso /dev/null
key=plain, no.=98, <stderr>:
LENGTH=6
elapsed cycles: 23784
hi(checksum)=0xBC14A5EA11E828F6
lo(checksum)=0xF41DD8DD252FBA43
key=plain, no.=98, <checksum>:
0xBC14A5EA11E828F6F41DD8DD252FBA43
key=plain, no.=98, cso file:
/dev/null
----------------------------------------------
real command=cset shield -e /home/nrink/Projects/build/encode/encode/tests/quicksort/quicksort.perf.plain --  --cso /dev/null
key=plain, no.=99, <stderr>:
LENGTH=6
elapsed cycles: 24444
hi(checksum)=0xBC14A5EA11E828F6
lo(checksum)=0xF41DD8DD252FBA43
key=plain, no.=99, <checksum>:
0xBC14A5EA11E828F6F41DD8DD252FBA43
key=plain, no.=99, cso file:
/dev/null
----------------------------------------------
key=encoded, runs=100 ...
command=/home/nrink/Projects/build/encode/encode/tests/quicksort/quicksort.perf.encoded
----------------------------------------------
real command=cset shield -e /home/nrink/Projects/build/encode/encode/tests/quicksort/quicksort.perf.encoded --  --cso /dev/null
key=encoded, no.=0, <stderr>:
LENGTH=6
elapsed cycles: 34509
hi(checksum)=0xBC14A5EA11E828F6
lo(checksum)=0xF41DD8DD252FBA43
key=encoded, no.=0, <checksum>:
0xBC14A5EA11E828F6F41DD8DD252FBA43
key=encoded, no.=0, cso file:
/dev/null
----------------------------------------------
real command=cset shield -e /home/nrink/Projects/build/encode/encode/tests/quicksort/quicksort.perf.encoded --  --cso /dev/null
key=encoded, no.=1, <stderr>:
LENGTH=6
elapsed cycles: 34791
hi(checksum)=0xBC14A5EA11E828F6
lo(checksum)=0xF41DD8DD252FBA43
key=encoded, no.=1, <checksum>:
0xBC14A5EA11E828F6F41DD8DD252FBA43
key=encoded, no.=1, cso file:
/dev/null
----------------------------------------------
real command=cset shield -e /home/nrink/Projects/build/encode/encode/tests/quicksort/quicksort.perf.encoded --  --cso /dev/null
key=encoded, no.=2, <stderr>:
LENGTH=6
elapsed cycles: 35112
hi(checksum)=0xBC14A5EA11E828F6
lo(checksum)=0xF41DD8DD252FBA43
key=encoded, no.=2, <checksum>:
0xBC14A5EA11E828F6F41DD8DD252FBA43
key=encoded, no.=2, cso file:
/dev/null
----------------------------------------------
real command=cset shield -e /home/nrink/Projects/build/encode/encode/tests/quicksort/quicksort.perf.encoded --  --cso /dev/null
key=encoded, no.=3, <stderr>:
LENGTH=6
elapsed cycles: 36261
hi(checksum)=0xBC14A5EA11E828F6
lo(checksum)=0xF41DD8DD252FBA43
key=encoded, no.=3, <checksum>:
0xBC14A5EA11E828F6F41DD8DD252FBA43
key=encoded, no.=3, cso file:
/dev/null
----------------------------------------------
real command=cset shield -e /home/nrink/Projects/build/encode/encode/tests/quicksort/quicksort.perf.encoded --  --cso /dev/null
key=encoded, no.=4, <stderr>:
LENGTH=6
elapsed cycles: 35034
hi(checksum)=0xBC14A5EA11E828F6
lo(checksum)=0xF41DD8DD252FBA43
key=encoded, no.=4, <checksum>:
0xBC14A5EA11E828F6F41DD8DD252FBA43
key=encoded, no.=4, cso file:
/dev/null
----------------------------------------------
real command=cset shield -e /home/nrink/Projects/build/encode/encode/tests/quicksort/quicksort.perf.encoded --  --cso /dev/null
key=encoded, no.=5, <stderr>:
LENGTH=6
elapsed cycles: 35196
hi(checksum)=0xBC14A5EA11E828F6
lo(checksum)=0xF41DD8DD252FBA43
key=encoded, no.=5, <checksum>:
0xBC14A5EA11E828F6F41DD8DD252FBA43
key=encoded, no.=5, cso file:
/dev/null
----------------------------------------------
real command=cset shield -e /home/nrink/Projects/build/encode/encode/tests/quicksort/quicksort.perf.encoded --  --cso /dev/null
key=encoded, no.=6, <stderr>:
LENGTH=6
elapsed cycles: 35034
hi(checksum)=0xBC14A5EA11E828F6
lo(checksum)=0xF41DD8DD252FBA43
key=encoded, no.=6, <checksum>:
0xBC14A5EA11E828F6F41DD8DD252FBA43
key=encoded, no.=6, cso file:
/dev/null
----------------------------------------------
real command=cset shield -e /home/nrink/Projects/build/encode/encode/tests/quicksort/quicksort.perf.encoded --  --cso /dev/null
key=encoded, no.=7, <stderr>:
LENGTH=6
elapsed cycles: 34977
hi(checksum)=0xBC14A5EA11E828F6
lo(checksum)=0xF41DD8DD252FBA43
key=encoded, no.=7, <checksum>:
0xBC14A5EA11E828F6F41DD8DD252FBA43
key=encoded, no.=7, cso file:
/dev/null
----------------------------------------------
real command=cset shield -e /home/nrink/Projects/build/encode/encode/tests/quicksort/quicksort.perf.encoded --  --cso /dev/null
key=encoded, no.=8, <stderr>:
LENGTH=6
elapsed cycles: 35187
hi(checksum)=0xBC14A5EA11E828F6
lo(checksum)=0xF41DD8DD252FBA43
key=encoded, no.=8, <checksum>:
0xBC14A5EA11E828F6F41DD8DD252FBA43
key=encoded, no.=8, cso file:
/dev/null
----------------------------------------------
real command=cset shield -e /home/nrink/Projects/build/encode/encode/tests/quicksort/quicksort.perf.encoded --  --cso /dev/null
key=encoded, no.=9, <stderr>:
LENGTH=6
elapsed cycles: 34401
hi(checksum)=0xBC14A5EA11E828F6
lo(checksum)=0xF41DD8DD252FBA43
key=encoded, no.=9, <checksum>:
0xBC14A5EA11E828F6F41DD8DD252FBA43
key=encoded, no.=9, cso file:
/dev/null
----------------------------------------------
real command=cset shield -e /home/nrink/Projects/build/encode/encode/tests/quicksort/quicksort.perf.encoded --  --cso /dev/null
key=encoded, no.=10, <stderr>:
LENGTH=6
elapsed cycles: 35595
hi(checksum)=0xBC14A5EA11E828F6
lo(checksum)=0xF41DD8DD252FBA43
key=encoded, no.=10, <checksum>:
0xBC14A5EA11E828F6F41DD8DD252FBA43
key=encoded, no.=10, cso file:
/dev/null
----------------------------------------------
real command=cset shield -e /home/nrink/Projects/build/encode/encode/tests/quicksort/quicksort.perf.encoded --  --cso /dev/null
key=encoded, no.=11, <stderr>:
LENGTH=6
elapsed cycles: 35178
hi(checksum)=0xBC14A5EA11E828F6
lo(checksum)=0xF41DD8DD252FBA43
key=encoded, no.=11, <checksum>:
0xBC14A5EA11E828F6F41DD8DD252FBA43
key=encoded, no.=11, cso file:
/dev/null
----------------------------------------------
real command=cset shield -e /home/nrink/Projects/build/encode/encode/tests/quicksort/quicksort.perf.encoded --  --cso /dev/null
key=encoded, no.=12, <stderr>:
LENGTH=6
elapsed cycles: 34995
hi(checksum)=0xBC14A5EA11E828F6
lo(checksum)=0xF41DD8DD252FBA43
key=encoded, no.=12, <checksum>:
0xBC14A5EA11E828F6F41DD8DD252FBA43
key=encoded, no.=12, cso file:
/dev/null
----------------------------------------------
real command=cset shield -e /home/nrink/Projects/build/encode/encode/tests/quicksort/quicksort.perf.encoded --  --cso /dev/null
key=encoded, no.=13, <stderr>:
LENGTH=6
elapsed cycles: 35067
hi(checksum)=0xBC14A5EA11E828F6
lo(checksum)=0xF41DD8DD252FBA43
key=encoded, no.=13, <checksum>:
0xBC14A5EA11E828F6F41DD8DD252FBA43
key=encoded, no.=13, cso file:
/dev/null
----------------------------------------------
real command=cset shield -e /home/nrink/Projects/build/encode/encode/tests/quicksort/quicksort.perf.encoded --  --cso /dev/null
key=encoded, no.=14, <stderr>:
LENGTH=6
elapsed cycles: 34899
hi(checksum)=0xBC14A5EA11E828F6
lo(checksum)=0xF41DD8DD252FBA43
key=encoded, no.=14, <checksum>:
0xBC14A5EA11E828F6F41DD8DD252FBA43
key=encoded, no.=14, cso file:
/dev/null
----------------------------------------------
real command=cset shield -e /home/nrink/Projects/build/encode/encode/tests/quicksort/quicksort.perf.encoded --  --cso /dev/null
key=encoded, no.=15, <stderr>:
LENGTH=6
elapsed cycles: 34902
hi(checksum)=0xBC14A5EA11E828F6
lo(checksum)=0xF41DD8DD252FBA43
key=encoded, no.=15, <checksum>:
0xBC14A5EA11E828F6F41DD8DD252FBA43
key=encoded, no.=15, cso file:
/dev/null
----------------------------------------------
real command=cset shield -e /home/nrink/Projects/build/encode/encode/tests/quicksort/quicksort.perf.encoded --  --cso /dev/null
key=encoded, no.=16, <stderr>:
LENGTH=6
elapsed cycles: 34872
hi(checksum)=0xBC14A5EA11E828F6
lo(checksum)=0xF41DD8DD252FBA43
key=encoded, no.=16, <checksum>:
0xBC14A5EA11E828F6F41DD8DD252FBA43
key=encoded, no.=16, cso file:
/dev/null
----------------------------------------------
real command=cset shield -e /home/nrink/Projects/build/encode/encode/tests/quicksort/quicksort.perf.encoded --  --cso /dev/null
key=encoded, no.=17, <stderr>:
LENGTH=6
elapsed cycles: 34758
hi(checksum)=0xBC14A5EA11E828F6
lo(checksum)=0xF41DD8DD252FBA43
key=encoded, no.=17, <checksum>:
0xBC14A5EA11E828F6F41DD8DD252FBA43
key=encoded, no.=17, cso file:
/dev/null
----------------------------------------------
real command=cset shield -e /home/nrink/Projects/build/encode/encode/tests/quicksort/quicksort.perf.encoded --  --cso /dev/null
key=encoded, no.=18, <stderr>:
LENGTH=6
elapsed cycles: 34650
hi(checksum)=0xBC14A5EA11E828F6
lo(checksum)=0xF41DD8DD252FBA43
key=encoded, no.=18, <checksum>:
0xBC14A5EA11E828F6F41DD8DD252FBA43
key=encoded, no.=18, cso file:
/dev/null
----------------------------------------------
real command=cset shield -e /home/nrink/Projects/build/encode/encode/tests/quicksort/quicksort.perf.encoded --  --cso /dev/null
key=encoded, no.=19, <stderr>:
LENGTH=6
elapsed cycles: 35178
hi(checksum)=0xBC14A5EA11E828F6
lo(checksum)=0xF41DD8DD252FBA43
key=encoded, no.=19, <checksum>:
0xBC14A5EA11E828F6F41DD8DD252FBA43
key=encoded, no.=19, cso file:
/dev/null
----------------------------------------------
real command=cset shield -e /home/nrink/Projects/build/encode/encode/tests/quicksort/quicksort.perf.encoded --  --cso /dev/null
key=encoded, no.=20, <stderr>:
LENGTH=6
elapsed cycles: 34731
hi(checksum)=0xBC14A5EA11E828F6
lo(checksum)=0xF41DD8DD252FBA43
key=encoded, no.=20, <checksum>:
0xBC14A5EA11E828F6F41DD8DD252FBA43
key=encoded, no.=20, cso file:
/dev/null
----------------------------------------------
real command=cset shield -e /home/nrink/Projects/build/encode/encode/tests/quicksort/quicksort.perf.encoded --  --cso /dev/null
key=encoded, no.=21, <stderr>:
LENGTH=6
elapsed cycles: 34482
hi(checksum)=0xBC14A5EA11E828F6
lo(checksum)=0xF41DD8DD252FBA43
key=encoded, no.=21, <checksum>:
0xBC14A5EA11E828F6F41DD8DD252FBA43
key=encoded, no.=21, cso file:
/dev/null
----------------------------------------------
real command=cset shield -e /home/nrink/Projects/build/encode/encode/tests/quicksort/quicksort.perf.encoded --  --cso /dev/null
key=encoded, no.=22, <stderr>:
LENGTH=6
elapsed cycles: 35148
hi(checksum)=0xBC14A5EA11E828F6
lo(checksum)=0xF41DD8DD252FBA43
key=encoded, no.=22, <checksum>:
0xBC14A5EA11E828F6F41DD8DD252FBA43
key=encoded, no.=22, cso file:
/dev/null
----------------------------------------------
real command=cset shield -e /home/nrink/Projects/build/encode/encode/tests/quicksort/quicksort.perf.encoded --  --cso /dev/null
key=encoded, no.=23, <stderr>:
LENGTH=6
elapsed cycles: 34101
hi(checksum)=0xBC14A5EA11E828F6
lo(checksum)=0xF41DD8DD252FBA43
key=encoded, no.=23, <checksum>:
0xBC14A5EA11E828F6F41DD8DD252FBA43
key=encoded, no.=23, cso file:
/dev/null
----------------------------------------------
real command=cset shield -e /home/nrink/Projects/build/encode/encode/tests/quicksort/quicksort.perf.encoded --  --cso /dev/null
key=encoded, no.=24, <stderr>:
LENGTH=6
elapsed cycles: 34785
hi(checksum)=0xBC14A5EA11E828F6
lo(checksum)=0xF41DD8DD252FBA43
key=encoded, no.=24, <checksum>:
0xBC14A5EA11E828F6F41DD8DD252FBA43
key=encoded, no.=24, cso file:
/dev/null
----------------------------------------------
real command=cset shield -e /home/nrink/Projects/build/encode/encode/tests/quicksort/quicksort.perf.encoded --  --cso /dev/null
key=encoded, no.=25, <stderr>:
LENGTH=6
elapsed cycles: 35061
hi(checksum)=0xBC14A5EA11E828F6
lo(checksum)=0xF41DD8DD252FBA43
key=encoded, no.=25, <checksum>:
0xBC14A5EA11E828F6F41DD8DD252FBA43
key=encoded, no.=25, cso file:
/dev/null
----------------------------------------------
real command=cset shield -e /home/nrink/Projects/build/encode/encode/tests/quicksort/quicksort.perf.encoded --  --cso /dev/null
key=encoded, no.=26, <stderr>:
LENGTH=6
elapsed cycles: 35013
hi(checksum)=0xBC14A5EA11E828F6
lo(checksum)=0xF41DD8DD252FBA43
key=encoded, no.=26, <checksum>:
0xBC14A5EA11E828F6F41DD8DD252FBA43
key=encoded, no.=26, cso file:
/dev/null
----------------------------------------------
real command=cset shield -e /home/nrink/Projects/build/encode/encode/tests/quicksort/quicksort.perf.encoded --  --cso /dev/null
key=encoded, no.=27, <stderr>:
LENGTH=6
elapsed cycles: 34560
hi(checksum)=0xBC14A5EA11E828F6
lo(checksum)=0xF41DD8DD252FBA43
key=encoded, no.=27, <checksum>:
0xBC14A5EA11E828F6F41DD8DD252FBA43
key=encoded, no.=27, cso file:
/dev/null
----------------------------------------------
real command=cset shield -e /home/nrink/Projects/build/encode/encode/tests/quicksort/quicksort.perf.encoded --  --cso /dev/null
key=encoded, no.=28, <stderr>:
LENGTH=6
elapsed cycles: 34464
hi(checksum)=0xBC14A5EA11E828F6
lo(checksum)=0xF41DD8DD252FBA43
key=encoded, no.=28, <checksum>:
0xBC14A5EA11E828F6F41DD8DD252FBA43
key=encoded, no.=28, cso file:
/dev/null
----------------------------------------------
real command=cset shield -e /home/nrink/Projects/build/encode/encode/tests/quicksort/quicksort.perf.encoded --  --cso /dev/null
key=encoded, no.=29, <stderr>:
LENGTH=6
elapsed cycles: 34452
hi(checksum)=0xBC14A5EA11E828F6
lo(checksum)=0xF41DD8DD252FBA43
key=encoded, no.=29, <checksum>:
0xBC14A5EA11E828F6F41DD8DD252FBA43
key=encoded, no.=29, cso file:
/dev/null
----------------------------------------------
real command=cset shield -e /home/nrink/Projects/build/encode/encode/tests/quicksort/quicksort.perf.encoded --  --cso /dev/null
key=encoded, no.=30, <stderr>:
LENGTH=6
elapsed cycles: 35106
hi(checksum)=0xBC14A5EA11E828F6
lo(checksum)=0xF41DD8DD252FBA43
key=encoded, no.=30, <checksum>:
0xBC14A5EA11E828F6F41DD8DD252FBA43
key=encoded, no.=30, cso file:
/dev/null
----------------------------------------------
real command=cset shield -e /home/nrink/Projects/build/encode/encode/tests/quicksort/quicksort.perf.encoded --  --cso /dev/null
key=encoded, no.=31, <stderr>:
LENGTH=6
elapsed cycles: 34842
hi(checksum)=0xBC14A5EA11E828F6
lo(checksum)=0xF41DD8DD252FBA43
key=encoded, no.=31, <checksum>:
0xBC14A5EA11E828F6F41DD8DD252FBA43
key=encoded, no.=31, cso file:
/dev/null
----------------------------------------------
real command=cset shield -e /home/nrink/Projects/build/encode/encode/tests/quicksort/quicksort.perf.encoded --  --cso /dev/null
key=encoded, no.=32, <stderr>:
LENGTH=6
elapsed cycles: 35097
hi(checksum)=0xBC14A5EA11E828F6
lo(checksum)=0xF41DD8DD252FBA43
key=encoded, no.=32, <checksum>:
0xBC14A5EA11E828F6F41DD8DD252FBA43
key=encoded, no.=32, cso file:
/dev/null
----------------------------------------------
real command=cset shield -e /home/nrink/Projects/build/encode/encode/tests/quicksort/quicksort.perf.encoded --  --cso /dev/null
key=encoded, no.=33, <stderr>:
LENGTH=6
elapsed cycles: 35181
hi(checksum)=0xBC14A5EA11E828F6
lo(checksum)=0xF41DD8DD252FBA43
key=encoded, no.=33, <checksum>:
0xBC14A5EA11E828F6F41DD8DD252FBA43
key=encoded, no.=33, cso file:
/dev/null
----------------------------------------------
real command=cset shield -e /home/nrink/Projects/build/encode/encode/tests/quicksort/quicksort.perf.encoded --  --cso /dev/null
key=encoded, no.=34, <stderr>:
LENGTH=6
elapsed cycles: 34464
hi(checksum)=0xBC14A5EA11E828F6
lo(checksum)=0xF41DD8DD252FBA43
key=encoded, no.=34, <checksum>:
0xBC14A5EA11E828F6F41DD8DD252FBA43
key=encoded, no.=34, cso file:
/dev/null
----------------------------------------------
real command=cset shield -e /home/nrink/Projects/build/encode/encode/tests/quicksort/quicksort.perf.encoded --  --cso /dev/null
key=encoded, no.=35, <stderr>:
LENGTH=6
elapsed cycles: 35247
hi(checksum)=0xBC14A5EA11E828F6
lo(checksum)=0xF41DD8DD252FBA43
key=encoded, no.=35, <checksum>:
0xBC14A5EA11E828F6F41DD8DD252FBA43
key=encoded, no.=35, cso file:
/dev/null
----------------------------------------------
real command=cset shield -e /home/nrink/Projects/build/encode/encode/tests/quicksort/quicksort.perf.encoded --  --cso /dev/null
key=encoded, no.=36, <stderr>:
LENGTH=6
elapsed cycles: 34896
hi(checksum)=0xBC14A5EA11E828F6
lo(checksum)=0xF41DD8DD252FBA43
key=encoded, no.=36, <checksum>:
0xBC14A5EA11E828F6F41DD8DD252FBA43
key=encoded, no.=36, cso file:
/dev/null
----------------------------------------------
real command=cset shield -e /home/nrink/Projects/build/encode/encode/tests/quicksort/quicksort.perf.encoded --  --cso /dev/null
key=encoded, no.=37, <stderr>:
LENGTH=6
elapsed cycles: 34374
hi(checksum)=0xBC14A5EA11E828F6
lo(checksum)=0xF41DD8DD252FBA43
key=encoded, no.=37, <checksum>:
0xBC14A5EA11E828F6F41DD8DD252FBA43
key=encoded, no.=37, cso file:
/dev/null
----------------------------------------------
real command=cset shield -e /home/nrink/Projects/build/encode/encode/tests/quicksort/quicksort.perf.encoded --  --cso /dev/null
key=encoded, no.=38, <stderr>:
LENGTH=6
elapsed cycles: 35169
hi(checksum)=0xBC14A5EA11E828F6
lo(checksum)=0xF41DD8DD252FBA43
key=encoded, no.=38, <checksum>:
0xBC14A5EA11E828F6F41DD8DD252FBA43
key=encoded, no.=38, cso file:
/dev/null
----------------------------------------------
real command=cset shield -e /home/nrink/Projects/build/encode/encode/tests/quicksort/quicksort.perf.encoded --  --cso /dev/null
key=encoded, no.=39, <stderr>:
LENGTH=6
elapsed cycles: 34755
hi(checksum)=0xBC14A5EA11E828F6
lo(checksum)=0xF41DD8DD252FBA43
key=encoded, no.=39, <checksum>:
0xBC14A5EA11E828F6F41DD8DD252FBA43
key=encoded, no.=39, cso file:
/dev/null
----------------------------------------------
real command=cset shield -e /home/nrink/Projects/build/encode/encode/tests/quicksort/quicksort.perf.encoded --  --cso /dev/null
key=encoded, no.=40, <stderr>:
LENGTH=6
elapsed cycles: 34488
hi(checksum)=0xBC14A5EA11E828F6
lo(checksum)=0xF41DD8DD252FBA43
key=encoded, no.=40, <checksum>:
0xBC14A5EA11E828F6F41DD8DD252FBA43
key=encoded, no.=40, cso file:
/dev/null
----------------------------------------------
real command=cset shield -e /home/nrink/Projects/build/encode/encode/tests/quicksort/quicksort.perf.encoded --  --cso /dev/null
key=encoded, no.=41, <stderr>:
LENGTH=6
elapsed cycles: 34974
hi(checksum)=0xBC14A5EA11E828F6
lo(checksum)=0xF41DD8DD252FBA43
key=encoded, no.=41, <checksum>:
0xBC14A5EA11E828F6F41DD8DD252FBA43
key=encoded, no.=41, cso file:
/dev/null
----------------------------------------------
real command=cset shield -e /home/nrink/Projects/build/encode/encode/tests/quicksort/quicksort.perf.encoded --  --cso /dev/null
key=encoded, no.=42, <stderr>:
LENGTH=6
elapsed cycles: 35217
hi(checksum)=0xBC14A5EA11E828F6
lo(checksum)=0xF41DD8DD252FBA43
key=encoded, no.=42, <checksum>:
0xBC14A5EA11E828F6F41DD8DD252FBA43
key=encoded, no.=42, cso file:
/dev/null
----------------------------------------------
real command=cset shield -e /home/nrink/Projects/build/encode/encode/tests/quicksort/quicksort.perf.encoded --  --cso /dev/null
key=encoded, no.=43, <stderr>:
LENGTH=6
elapsed cycles: 35112
hi(checksum)=0xBC14A5EA11E828F6
lo(checksum)=0xF41DD8DD252FBA43
key=encoded, no.=43, <checksum>:
0xBC14A5EA11E828F6F41DD8DD252FBA43
key=encoded, no.=43, cso file:
/dev/null
----------------------------------------------
real command=cset shield -e /home/nrink/Projects/build/encode/encode/tests/quicksort/quicksort.perf.encoded --  --cso /dev/null
key=encoded, no.=44, <stderr>:
LENGTH=6
elapsed cycles: 35010
hi(checksum)=0xBC14A5EA11E828F6
lo(checksum)=0xF41DD8DD252FBA43
key=encoded, no.=44, <checksum>:
0xBC14A5EA11E828F6F41DD8DD252FBA43
key=encoded, no.=44, cso file:
/dev/null
----------------------------------------------
real command=cset shield -e /home/nrink/Projects/build/encode/encode/tests/quicksort/quicksort.perf.encoded --  --cso /dev/null
key=encoded, no.=45, <stderr>:
LENGTH=6
elapsed cycles: 35244
hi(checksum)=0xBC14A5EA11E828F6
lo(checksum)=0xF41DD8DD252FBA43
key=encoded, no.=45, <checksum>:
0xBC14A5EA11E828F6F41DD8DD252FBA43
key=encoded, no.=45, cso file:
/dev/null
----------------------------------------------
real command=cset shield -e /home/nrink/Projects/build/encode/encode/tests/quicksort/quicksort.perf.encoded --  --cso /dev/null
key=encoded, no.=46, <stderr>:
LENGTH=6
elapsed cycles: 35412
hi(checksum)=0xBC14A5EA11E828F6
lo(checksum)=0xF41DD8DD252FBA43
key=encoded, no.=46, <checksum>:
0xBC14A5EA11E828F6F41DD8DD252FBA43
key=encoded, no.=46, cso file:
/dev/null
----------------------------------------------
real command=cset shield -e /home/nrink/Projects/build/encode/encode/tests/quicksort/quicksort.perf.encoded --  --cso /dev/null
key=encoded, no.=47, <stderr>:
LENGTH=6
elapsed cycles: 35136
hi(checksum)=0xBC14A5EA11E828F6
lo(checksum)=0xF41DD8DD252FBA43
key=encoded, no.=47, <checksum>:
0xBC14A5EA11E828F6F41DD8DD252FBA43
key=encoded, no.=47, cso file:
/dev/null
----------------------------------------------
real command=cset shield -e /home/nrink/Projects/build/encode/encode/tests/quicksort/quicksort.perf.encoded --  --cso /dev/null
key=encoded, no.=48, <stderr>:
LENGTH=6
elapsed cycles: 35409
hi(checksum)=0xBC14A5EA11E828F6
lo(checksum)=0xF41DD8DD252FBA43
key=encoded, no.=48, <checksum>:
0xBC14A5EA11E828F6F41DD8DD252FBA43
key=encoded, no.=48, cso file:
/dev/null
----------------------------------------------
real command=cset shield -e /home/nrink/Projects/build/encode/encode/tests/quicksort/quicksort.perf.encoded --  --cso /dev/null
key=encoded, no.=49, <stderr>:
LENGTH=6
elapsed cycles: 34821
hi(checksum)=0xBC14A5EA11E828F6
lo(checksum)=0xF41DD8DD252FBA43
key=encoded, no.=49, <checksum>:
0xBC14A5EA11E828F6F41DD8DD252FBA43
key=encoded, no.=49, cso file:
/dev/null
----------------------------------------------
real command=cset shield -e /home/nrink/Projects/build/encode/encode/tests/quicksort/quicksort.perf.encoded --  --cso /dev/null
key=encoded, no.=50, <stderr>:
LENGTH=6
elapsed cycles: 35295
hi(checksum)=0xBC14A5EA11E828F6
lo(checksum)=0xF41DD8DD252FBA43
key=encoded, no.=50, <checksum>:
0xBC14A5EA11E828F6F41DD8DD252FBA43
key=encoded, no.=50, cso file:
/dev/null
----------------------------------------------
real command=cset shield -e /home/nrink/Projects/build/encode/encode/tests/quicksort/quicksort.perf.encoded --  --cso /dev/null
key=encoded, no.=51, <stderr>:
LENGTH=6
elapsed cycles: 34755
hi(checksum)=0xBC14A5EA11E828F6
lo(checksum)=0xF41DD8DD252FBA43
key=encoded, no.=51, <checksum>:
0xBC14A5EA11E828F6F41DD8DD252FBA43
key=encoded, no.=51, cso file:
/dev/null
----------------------------------------------
real command=cset shield -e /home/nrink/Projects/build/encode/encode/tests/quicksort/quicksort.perf.encoded --  --cso /dev/null
key=encoded, no.=52, <stderr>:
LENGTH=6
elapsed cycles: 35010
hi(checksum)=0xBC14A5EA11E828F6
lo(checksum)=0xF41DD8DD252FBA43
key=encoded, no.=52, <checksum>:
0xBC14A5EA11E828F6F41DD8DD252FBA43
key=encoded, no.=52, cso file:
/dev/null
----------------------------------------------
real command=cset shield -e /home/nrink/Projects/build/encode/encode/tests/quicksort/quicksort.perf.encoded --  --cso /dev/null
key=encoded, no.=53, <stderr>:
LENGTH=6
elapsed cycles: 35484
hi(checksum)=0xBC14A5EA11E828F6
lo(checksum)=0xF41DD8DD252FBA43
key=encoded, no.=53, <checksum>:
0xBC14A5EA11E828F6F41DD8DD252FBA43
key=encoded, no.=53, cso file:
/dev/null
----------------------------------------------
real command=cset shield -e /home/nrink/Projects/build/encode/encode/tests/quicksort/quicksort.perf.encoded --  --cso /dev/null
key=encoded, no.=54, <stderr>:
LENGTH=6
elapsed cycles: 35211
hi(checksum)=0xBC14A5EA11E828F6
lo(checksum)=0xF41DD8DD252FBA43
key=encoded, no.=54, <checksum>:
0xBC14A5EA11E828F6F41DD8DD252FBA43
key=encoded, no.=54, cso file:
/dev/null
----------------------------------------------
real command=cset shield -e /home/nrink/Projects/build/encode/encode/tests/quicksort/quicksort.perf.encoded --  --cso /dev/null
key=encoded, no.=55, <stderr>:
LENGTH=6
elapsed cycles: 34467
hi(checksum)=0xBC14A5EA11E828F6
lo(checksum)=0xF41DD8DD252FBA43
key=encoded, no.=55, <checksum>:
0xBC14A5EA11E828F6F41DD8DD252FBA43
key=encoded, no.=55, cso file:
/dev/null
----------------------------------------------
real command=cset shield -e /home/nrink/Projects/build/encode/encode/tests/quicksort/quicksort.perf.encoded --  --cso /dev/null
key=encoded, no.=56, <stderr>:
LENGTH=6
elapsed cycles: 34311
hi(checksum)=0xBC14A5EA11E828F6
lo(checksum)=0xF41DD8DD252FBA43
key=encoded, no.=56, <checksum>:
0xBC14A5EA11E828F6F41DD8DD252FBA43
key=encoded, no.=56, cso file:
/dev/null
----------------------------------------------
real command=cset shield -e /home/nrink/Projects/build/encode/encode/tests/quicksort/quicksort.perf.encoded --  --cso /dev/null
key=encoded, no.=57, <stderr>:
LENGTH=6
elapsed cycles: 34647
hi(checksum)=0xBC14A5EA11E828F6
lo(checksum)=0xF41DD8DD252FBA43
key=encoded, no.=57, <checksum>:
0xBC14A5EA11E828F6F41DD8DD252FBA43
key=encoded, no.=57, cso file:
/dev/null
----------------------------------------------
real command=cset shield -e /home/nrink/Projects/build/encode/encode/tests/quicksort/quicksort.perf.encoded --  --cso /dev/null
key=encoded, no.=58, <stderr>:
LENGTH=6
elapsed cycles: 35166
hi(checksum)=0xBC14A5EA11E828F6
lo(checksum)=0xF41DD8DD252FBA43
key=encoded, no.=58, <checksum>:
0xBC14A5EA11E828F6F41DD8DD252FBA43
key=encoded, no.=58, cso file:
/dev/null
----------------------------------------------
real command=cset shield -e /home/nrink/Projects/build/encode/encode/tests/quicksort/quicksort.perf.encoded --  --cso /dev/null
key=encoded, no.=59, <stderr>:
LENGTH=6
elapsed cycles: 34923
hi(checksum)=0xBC14A5EA11E828F6
lo(checksum)=0xF41DD8DD252FBA43
key=encoded, no.=59, <checksum>:
0xBC14A5EA11E828F6F41DD8DD252FBA43
key=encoded, no.=59, cso file:
/dev/null
----------------------------------------------
real command=cset shield -e /home/nrink/Projects/build/encode/encode/tests/quicksort/quicksort.perf.encoded --  --cso /dev/null
key=encoded, no.=60, <stderr>:
LENGTH=6
elapsed cycles: 34746
hi(checksum)=0xBC14A5EA11E828F6
lo(checksum)=0xF41DD8DD252FBA43
key=encoded, no.=60, <checksum>:
0xBC14A5EA11E828F6F41DD8DD252FBA43
key=encoded, no.=60, cso file:
/dev/null
----------------------------------------------
real command=cset shield -e /home/nrink/Projects/build/encode/encode/tests/quicksort/quicksort.perf.encoded --  --cso /dev/null
key=encoded, no.=61, <stderr>:
LENGTH=6
elapsed cycles: 35193
hi(checksum)=0xBC14A5EA11E828F6
lo(checksum)=0xF41DD8DD252FBA43
key=encoded, no.=61, <checksum>:
0xBC14A5EA11E828F6F41DD8DD252FBA43
key=encoded, no.=61, cso file:
/dev/null
----------------------------------------------
real command=cset shield -e /home/nrink/Projects/build/encode/encode/tests/quicksort/quicksort.perf.encoded --  --cso /dev/null
key=encoded, no.=62, <stderr>:
LENGTH=6
elapsed cycles: 34839
hi(checksum)=0xBC14A5EA11E828F6
lo(checksum)=0xF41DD8DD252FBA43
key=encoded, no.=62, <checksum>:
0xBC14A5EA11E828F6F41DD8DD252FBA43
key=encoded, no.=62, cso file:
/dev/null
----------------------------------------------
real command=cset shield -e /home/nrink/Projects/build/encode/encode/tests/quicksort/quicksort.perf.encoded --  --cso /dev/null
key=encoded, no.=63, <stderr>:
LENGTH=6
elapsed cycles: 36891
hi(checksum)=0xBC14A5EA11E828F6
lo(checksum)=0xF41DD8DD252FBA43
key=encoded, no.=63, <checksum>:
0xBC14A5EA11E828F6F41DD8DD252FBA43
key=encoded, no.=63, cso file:
/dev/null
----------------------------------------------
real command=cset shield -e /home/nrink/Projects/build/encode/encode/tests/quicksort/quicksort.perf.encoded --  --cso /dev/null
key=encoded, no.=64, <stderr>:
LENGTH=6
elapsed cycles: 34758
hi(checksum)=0xBC14A5EA11E828F6
lo(checksum)=0xF41DD8DD252FBA43
key=encoded, no.=64, <checksum>:
0xBC14A5EA11E828F6F41DD8DD252FBA43
key=encoded, no.=64, cso file:
/dev/null
----------------------------------------------
real command=cset shield -e /home/nrink/Projects/build/encode/encode/tests/quicksort/quicksort.perf.encoded --  --cso /dev/null
key=encoded, no.=65, <stderr>:
LENGTH=6
elapsed cycles: 34764
hi(checksum)=0xBC14A5EA11E828F6
lo(checksum)=0xF41DD8DD252FBA43
key=encoded, no.=65, <checksum>:
0xBC14A5EA11E828F6F41DD8DD252FBA43
key=encoded, no.=65, cso file:
/dev/null
----------------------------------------------
real command=cset shield -e /home/nrink/Projects/build/encode/encode/tests/quicksort/quicksort.perf.encoded --  --cso /dev/null
key=encoded, no.=66, <stderr>:
LENGTH=6
elapsed cycles: 34851
hi(checksum)=0xBC14A5EA11E828F6
lo(checksum)=0xF41DD8DD252FBA43
key=encoded, no.=66, <checksum>:
0xBC14A5EA11E828F6F41DD8DD252FBA43
key=encoded, no.=66, cso file:
/dev/null
----------------------------------------------
real command=cset shield -e /home/nrink/Projects/build/encode/encode/tests/quicksort/quicksort.perf.encoded --  --cso /dev/null
key=encoded, no.=67, <stderr>:
LENGTH=6
elapsed cycles: 35046
hi(checksum)=0xBC14A5EA11E828F6
lo(checksum)=0xF41DD8DD252FBA43
key=encoded, no.=67, <checksum>:
0xBC14A5EA11E828F6F41DD8DD252FBA43
key=encoded, no.=67, cso file:
/dev/null
----------------------------------------------
real command=cset shield -e /home/nrink/Projects/build/encode/encode/tests/quicksort/quicksort.perf.encoded --  --cso /dev/null
key=encoded, no.=68, <stderr>:
LENGTH=6
elapsed cycles: 34785
hi(checksum)=0xBC14A5EA11E828F6
lo(checksum)=0xF41DD8DD252FBA43
key=encoded, no.=68, <checksum>:
0xBC14A5EA11E828F6F41DD8DD252FBA43
key=encoded, no.=68, cso file:
/dev/null
----------------------------------------------
real command=cset shield -e /home/nrink/Projects/build/encode/encode/tests/quicksort/quicksort.perf.encoded --  --cso /dev/null
key=encoded, no.=69, <stderr>:
LENGTH=6
elapsed cycles: 34866
hi(checksum)=0xBC14A5EA11E828F6
lo(checksum)=0xF41DD8DD252FBA43
key=encoded, no.=69, <checksum>:
0xBC14A5EA11E828F6F41DD8DD252FBA43
key=encoded, no.=69, cso file:
/dev/null
----------------------------------------------
real command=cset shield -e /home/nrink/Projects/build/encode/encode/tests/quicksort/quicksort.perf.encoded --  --cso /dev/null
key=encoded, no.=70, <stderr>:
LENGTH=6
elapsed cycles: 35730
hi(checksum)=0xBC14A5EA11E828F6
lo(checksum)=0xF41DD8DD252FBA43
key=encoded, no.=70, <checksum>:
0xBC14A5EA11E828F6F41DD8DD252FBA43
key=encoded, no.=70, cso file:
/dev/null
----------------------------------------------
real command=cset shield -e /home/nrink/Projects/build/encode/encode/tests/quicksort/quicksort.perf.encoded --  --cso /dev/null
key=encoded, no.=71, <stderr>:
LENGTH=6
elapsed cycles: 34674
hi(checksum)=0xBC14A5EA11E828F6
lo(checksum)=0xF41DD8DD252FBA43
key=encoded, no.=71, <checksum>:
0xBC14A5EA11E828F6F41DD8DD252FBA43
key=encoded, no.=71, cso file:
/dev/null
----------------------------------------------
real command=cset shield -e /home/nrink/Projects/build/encode/encode/tests/quicksort/quicksort.perf.encoded --  --cso /dev/null
key=encoded, no.=72, <stderr>:
LENGTH=6
elapsed cycles: 34968
hi(checksum)=0xBC14A5EA11E828F6
lo(checksum)=0xF41DD8DD252FBA43
key=encoded, no.=72, <checksum>:
0xBC14A5EA11E828F6F41DD8DD252FBA43
key=encoded, no.=72, cso file:
/dev/null
----------------------------------------------
real command=cset shield -e /home/nrink/Projects/build/encode/encode/tests/quicksort/quicksort.perf.encoded --  --cso /dev/null
key=encoded, no.=73, <stderr>:
LENGTH=6
elapsed cycles: 34722
hi(checksum)=0xBC14A5EA11E828F6
lo(checksum)=0xF41DD8DD252FBA43
key=encoded, no.=73, <checksum>:
0xBC14A5EA11E828F6F41DD8DD252FBA43
key=encoded, no.=73, cso file:
/dev/null
----------------------------------------------
real command=cset shield -e /home/nrink/Projects/build/encode/encode/tests/quicksort/quicksort.perf.encoded --  --cso /dev/null
key=encoded, no.=74, <stderr>:
LENGTH=6
elapsed cycles: 34722
hi(checksum)=0xBC14A5EA11E828F6
lo(checksum)=0xF41DD8DD252FBA43
key=encoded, no.=74, <checksum>:
0xBC14A5EA11E828F6F41DD8DD252FBA43
key=encoded, no.=74, cso file:
/dev/null
----------------------------------------------
real command=cset shield -e /home/nrink/Projects/build/encode/encode/tests/quicksort/quicksort.perf.encoded --  --cso /dev/null
key=encoded, no.=75, <stderr>:
LENGTH=6
elapsed cycles: 34692
hi(checksum)=0xBC14A5EA11E828F6
lo(checksum)=0xF41DD8DD252FBA43
key=encoded, no.=75, <checksum>:
0xBC14A5EA11E828F6F41DD8DD252FBA43
key=encoded, no.=75, cso file:
/dev/null
----------------------------------------------
real command=cset shield -e /home/nrink/Projects/build/encode/encode/tests/quicksort/quicksort.perf.encoded --  --cso /dev/null
key=encoded, no.=76, <stderr>:
LENGTH=6
elapsed cycles: 39723
hi(checksum)=0xBC14A5EA11E828F6
lo(checksum)=0xF41DD8DD252FBA43
key=encoded, no.=76, <checksum>:
0xBC14A5EA11E828F6F41DD8DD252FBA43
key=encoded, no.=76, cso file:
/dev/null
----------------------------------------------
real command=cset shield -e /home/nrink/Projects/build/encode/encode/tests/quicksort/quicksort.perf.encoded --  --cso /dev/null
key=encoded, no.=77, <stderr>:
LENGTH=6
elapsed cycles: 34899
hi(checksum)=0xBC14A5EA11E828F6
lo(checksum)=0xF41DD8DD252FBA43
key=encoded, no.=77, <checksum>:
0xBC14A5EA11E828F6F41DD8DD252FBA43
key=encoded, no.=77, cso file:
/dev/null
----------------------------------------------
real command=cset shield -e /home/nrink/Projects/build/encode/encode/tests/quicksort/quicksort.perf.encoded --  --cso /dev/null
key=encoded, no.=78, <stderr>:
LENGTH=6
elapsed cycles: 34584
hi(checksum)=0xBC14A5EA11E828F6
lo(checksum)=0xF41DD8DD252FBA43
key=encoded, no.=78, <checksum>:
0xBC14A5EA11E828F6F41DD8DD252FBA43
key=encoded, no.=78, cso file:
/dev/null
----------------------------------------------
real command=cset shield -e /home/nrink/Projects/build/encode/encode/tests/quicksort/quicksort.perf.encoded --  --cso /dev/null
key=encoded, no.=79, <stderr>:
LENGTH=6
elapsed cycles: 34722
hi(checksum)=0xBC14A5EA11E828F6
lo(checksum)=0xF41DD8DD252FBA43
key=encoded, no.=79, <checksum>:
0xBC14A5EA11E828F6F41DD8DD252FBA43
key=encoded, no.=79, cso file:
/dev/null
----------------------------------------------
real command=cset shield -e /home/nrink/Projects/build/encode/encode/tests/quicksort/quicksort.perf.encoded --  --cso /dev/null
key=encoded, no.=80, <stderr>:
LENGTH=6
elapsed cycles: 35298
hi(checksum)=0xBC14A5EA11E828F6
lo(checksum)=0xF41DD8DD252FBA43
key=encoded, no.=80, <checksum>:
0xBC14A5EA11E828F6F41DD8DD252FBA43
key=encoded, no.=80, cso file:
/dev/null
----------------------------------------------
real command=cset shield -e /home/nrink/Projects/build/encode/encode/tests/quicksort/quicksort.perf.encoded --  --cso /dev/null
key=encoded, no.=81, <stderr>:
LENGTH=6
elapsed cycles: 35184
hi(checksum)=0xBC14A5EA11E828F6
lo(checksum)=0xF41DD8DD252FBA43
key=encoded, no.=81, <checksum>:
0xBC14A5EA11E828F6F41DD8DD252FBA43
key=encoded, no.=81, cso file:
/dev/null
----------------------------------------------
real command=cset shield -e /home/nrink/Projects/build/encode/encode/tests/quicksort/quicksort.perf.encoded --  --cso /dev/null
key=encoded, no.=82, <stderr>:
LENGTH=6
elapsed cycles: 34497
hi(checksum)=0xBC14A5EA11E828F6
lo(checksum)=0xF41DD8DD252FBA43
key=encoded, no.=82, <checksum>:
0xBC14A5EA11E828F6F41DD8DD252FBA43
key=encoded, no.=82, cso file:
/dev/null
----------------------------------------------
real command=cset shield -e /home/nrink/Projects/build/encode/encode/tests/quicksort/quicksort.perf.encoded --  --cso /dev/null
key=encoded, no.=83, <stderr>:
LENGTH=6
elapsed cycles: 35376
hi(checksum)=0xBC14A5EA11E828F6
lo(checksum)=0xF41DD8DD252FBA43
key=encoded, no.=83, <checksum>:
0xBC14A5EA11E828F6F41DD8DD252FBA43
key=encoded, no.=83, cso file:
/dev/null
----------------------------------------------
real command=cset shield -e /home/nrink/Projects/build/encode/encode/tests/quicksort/quicksort.perf.encoded --  --cso /dev/null
key=encoded, no.=84, <stderr>:
LENGTH=6
elapsed cycles: 34626
hi(checksum)=0xBC14A5EA11E828F6
lo(checksum)=0xF41DD8DD252FBA43
key=encoded, no.=84, <checksum>:
0xBC14A5EA11E828F6F41DD8DD252FBA43
key=encoded, no.=84, cso file:
/dev/null
----------------------------------------------
real command=cset shield -e /home/nrink/Projects/build/encode/encode/tests/quicksort/quicksort.perf.encoded --  --cso /dev/null
key=encoded, no.=85, <stderr>:
LENGTH=6
elapsed cycles: 34530
hi(checksum)=0xBC14A5EA11E828F6
lo(checksum)=0xF41DD8DD252FBA43
key=encoded, no.=85, <checksum>:
0xBC14A5EA11E828F6F41DD8DD252FBA43
key=encoded, no.=85, cso file:
/dev/null
----------------------------------------------
real command=cset shield -e /home/nrink/Projects/build/encode/encode/tests/quicksort/quicksort.perf.encoded --  --cso /dev/null
key=encoded, no.=86, <stderr>:
LENGTH=6
elapsed cycles: 34860
hi(checksum)=0xBC14A5EA11E828F6
lo(checksum)=0xF41DD8DD252FBA43
key=encoded, no.=86, <checksum>:
0xBC14A5EA11E828F6F41DD8DD252FBA43
key=encoded, no.=86, cso file:
/dev/null
----------------------------------------------
real command=cset shield -e /home/nrink/Projects/build/encode/encode/tests/quicksort/quicksort.perf.encoded --  --cso /dev/null
key=encoded, no.=87, <stderr>:
LENGTH=6
elapsed cycles: 34566
hi(checksum)=0xBC14A5EA11E828F6
lo(checksum)=0xF41DD8DD252FBA43
key=encoded, no.=87, <checksum>:
0xBC14A5EA11E828F6F41DD8DD252FBA43
key=encoded, no.=87, cso file:
/dev/null
----------------------------------------------
real command=cset shield -e /home/nrink/Projects/build/encode/encode/tests/quicksort/quicksort.perf.encoded --  --cso /dev/null
key=encoded, no.=88, <stderr>:
LENGTH=6
elapsed cycles: 34548
hi(checksum)=0xBC14A5EA11E828F6
lo(checksum)=0xF41DD8DD252FBA43
key=encoded, no.=88, <checksum>:
0xBC14A5EA11E828F6F41DD8DD252FBA43
key=encoded, no.=88, cso file:
/dev/null
----------------------------------------------
real command=cset shield -e /home/nrink/Projects/build/encode/encode/tests/quicksort/quicksort.perf.encoded --  --cso /dev/null
key=encoded, no.=89, <stderr>:
LENGTH=6
elapsed cycles: 35118
hi(checksum)=0xBC14A5EA11E828F6
lo(checksum)=0xF41DD8DD252FBA43
key=encoded, no.=89, <checksum>:
0xBC14A5EA11E828F6F41DD8DD252FBA43
key=encoded, no.=89, cso file:
/dev/null
----------------------------------------------
real command=cset shield -e /home/nrink/Projects/build/encode/encode/tests/quicksort/quicksort.perf.encoded --  --cso /dev/null
key=encoded, no.=90, <stderr>:
LENGTH=6
elapsed cycles: 35040
hi(checksum)=0xBC14A5EA11E828F6
lo(checksum)=0xF41DD8DD252FBA43
key=encoded, no.=90, <checksum>:
0xBC14A5EA11E828F6F41DD8DD252FBA43
key=encoded, no.=90, cso file:
/dev/null
----------------------------------------------
real command=cset shield -e /home/nrink/Projects/build/encode/encode/tests/quicksort/quicksort.perf.encoded --  --cso /dev/null
key=encoded, no.=91, <stderr>:
LENGTH=6
elapsed cycles: 34374
hi(checksum)=0xBC14A5EA11E828F6
lo(checksum)=0xF41DD8DD252FBA43
key=encoded, no.=91, <checksum>:
0xBC14A5EA11E828F6F41DD8DD252FBA43
key=encoded, no.=91, cso file:
/dev/null
----------------------------------------------
real command=cset shield -e /home/nrink/Projects/build/encode/encode/tests/quicksort/quicksort.perf.encoded --  --cso /dev/null
key=encoded, no.=92, <stderr>:
LENGTH=6
elapsed cycles: 34842
hi(checksum)=0xBC14A5EA11E828F6
lo(checksum)=0xF41DD8DD252FBA43
key=encoded, no.=92, <checksum>:
0xBC14A5EA11E828F6F41DD8DD252FBA43
key=encoded, no.=92, cso file:
/dev/null
----------------------------------------------
real command=cset shield -e /home/nrink/Projects/build/encode/encode/tests/quicksort/quicksort.perf.encoded --  --cso /dev/null
key=encoded, no.=93, <stderr>:
LENGTH=6
elapsed cycles: 35193
hi(checksum)=0xBC14A5EA11E828F6
lo(checksum)=0xF41DD8DD252FBA43
key=encoded, no.=93, <checksum>:
0xBC14A5EA11E828F6F41DD8DD252FBA43
key=encoded, no.=93, cso file:
/dev/null
----------------------------------------------
real command=cset shield -e /home/nrink/Projects/build/encode/encode/tests/quicksort/quicksort.perf.encoded --  --cso /dev/null
key=encoded, no.=94, <stderr>:
LENGTH=6
elapsed cycles: 35166
hi(checksum)=0xBC14A5EA11E828F6
lo(checksum)=0xF41DD8DD252FBA43
key=encoded, no.=94, <checksum>:
0xBC14A5EA11E828F6F41DD8DD252FBA43
key=encoded, no.=94, cso file:
/dev/null
----------------------------------------------
real command=cset shield -e /home/nrink/Projects/build/encode/encode/tests/quicksort/quicksort.perf.encoded --  --cso /dev/null
key=encoded, no.=95, <stderr>:
LENGTH=6
elapsed cycles: 34926
hi(checksum)=0xBC14A5EA11E828F6
lo(checksum)=0xF41DD8DD252FBA43
key=encoded, no.=95, <checksum>:
0xBC14A5EA11E828F6F41DD8DD252FBA43
key=encoded, no.=95, cso file:
/dev/null
----------------------------------------------
real command=cset shield -e /home/nrink/Projects/build/encode/encode/tests/quicksort/quicksort.perf.encoded --  --cso /dev/null
key=encoded, no.=96, <stderr>:
LENGTH=6
elapsed cycles: 34659
hi(checksum)=0xBC14A5EA11E828F6
lo(checksum)=0xF41DD8DD252FBA43
key=encoded, no.=96, <checksum>:
0xBC14A5EA11E828F6F41DD8DD252FBA43
key=encoded, no.=96, cso file:
/dev/null
----------------------------------------------
real command=cset shield -e /home/nrink/Projects/build/encode/encode/tests/quicksort/quicksort.perf.encoded --  --cso /dev/null
key=encoded, no.=97, <stderr>:
LENGTH=6
elapsed cycles: 35049
hi(checksum)=0xBC14A5EA11E828F6
lo(checksum)=0xF41DD8DD252FBA43
key=encoded, no.=97, <checksum>:
0xBC14A5EA11E828F6F41DD8DD252FBA43
key=encoded, no.=97, cso file:
/dev/null
----------------------------------------------
real command=cset shield -e /home/nrink/Projects/build/encode/encode/tests/quicksort/quicksort.perf.encoded --  --cso /dev/null
key=encoded, no.=98, <stderr>:
LENGTH=6
elapsed cycles: 35091
hi(checksum)=0xBC14A5EA11E828F6
lo(checksum)=0xF41DD8DD252FBA43
key=encoded, no.=98, <checksum>:
0xBC14A5EA11E828F6F41DD8DD252FBA43
key=encoded, no.=98, cso file:
/dev/null
----------------------------------------------
real command=cset shield -e /home/nrink/Projects/build/encode/encode/tests/quicksort/quicksort.perf.encoded --  --cso /dev/null
key=encoded, no.=99, <stderr>:
LENGTH=6
elapsed cycles: 34650
hi(checksum)=0xBC14A5EA11E828F6
lo(checksum)=0xF41DD8DD252FBA43
key=encoded, no.=99, <checksum>:
0xBC14A5EA11E828F6F41DD8DD252FBA43
key=encoded, no.=99, cso file:
/dev/null
----------------------------------------------
