key=plain, runs=100 ...
command=/home/nrink/Projects/build/encode/encode/tests/array_sum/array_sum.perf.plain
----------------------------------------------
real command=cset shield -e /home/nrink/Projects/build/encode/encode/tests/array_sum/array_sum.perf.plain --  --cso /dev/null
key=plain, no.=0, <stderr>:
LENGTH=70
elapsed cycles: 15402
hi(checksum)=0xBEF56EAD57ECDB83
lo(checksum)=0xEA5BE130F8DF5610
key=plain, no.=0, <checksum>:
0xBEF56EAD57ECDB83EA5BE130F8DF5610
key=plain, no.=0, cso file:
/dev/null
----------------------------------------------
real command=cset shield -e /home/nrink/Projects/build/encode/encode/tests/array_sum/array_sum.perf.plain --  --cso /dev/null
key=plain, no.=1, <stderr>:
LENGTH=70
elapsed cycles: 15462
hi(checksum)=0xBEF56EAD57ECDB83
lo(checksum)=0xEA5BE130F8DF5610
key=plain, no.=1, <checksum>:
0xBEF56EAD57ECDB83EA5BE130F8DF5610
key=plain, no.=1, cso file:
/dev/null
----------------------------------------------
real command=cset shield -e /home/nrink/Projects/build/encode/encode/tests/array_sum/array_sum.perf.plain --  --cso /dev/null
key=plain, no.=2, <stderr>:
LENGTH=70
elapsed cycles: 15300
hi(checksum)=0xBEF56EAD57ECDB83
lo(checksum)=0xEA5BE130F8DF5610
key=plain, no.=2, <checksum>:
0xBEF56EAD57ECDB83EA5BE130F8DF5610
key=plain, no.=2, cso file:
/dev/null
----------------------------------------------
real command=cset shield -e /home/nrink/Projects/build/encode/encode/tests/array_sum/array_sum.perf.plain --  --cso /dev/null
key=plain, no.=3, <stderr>:
LENGTH=70
elapsed cycles: 15255
hi(checksum)=0xBEF56EAD57ECDB83
lo(checksum)=0xEA5BE130F8DF5610
key=plain, no.=3, <checksum>:
0xBEF56EAD57ECDB83EA5BE130F8DF5610
key=plain, no.=3, cso file:
/dev/null
----------------------------------------------
real command=cset shield -e /home/nrink/Projects/build/encode/encode/tests/array_sum/array_sum.perf.plain --  --cso /dev/null
key=plain, no.=4, <stderr>:
LENGTH=70
elapsed cycles: 15972
hi(checksum)=0xBEF56EAD57ECDB83
lo(checksum)=0xEA5BE130F8DF5610
key=plain, no.=4, <checksum>:
0xBEF56EAD57ECDB83EA5BE130F8DF5610
key=plain, no.=4, cso file:
/dev/null
----------------------------------------------
real command=cset shield -e /home/nrink/Projects/build/encode/encode/tests/array_sum/array_sum.perf.plain --  --cso /dev/null
key=plain, no.=5, <stderr>:
LENGTH=70
elapsed cycles: 15480
hi(checksum)=0xBEF56EAD57ECDB83
lo(checksum)=0xEA5BE130F8DF5610
key=plain, no.=5, <checksum>:
0xBEF56EAD57ECDB83EA5BE130F8DF5610
key=plain, no.=5, cso file:
/dev/null
----------------------------------------------
real command=cset shield -e /home/nrink/Projects/build/encode/encode/tests/array_sum/array_sum.perf.plain --  --cso /dev/null
key=plain, no.=6, <stderr>:
LENGTH=70
elapsed cycles: 15363
hi(checksum)=0xBEF56EAD57ECDB83
lo(checksum)=0xEA5BE130F8DF5610
key=plain, no.=6, <checksum>:
0xBEF56EAD57ECDB83EA5BE130F8DF5610
key=plain, no.=6, cso file:
/dev/null
----------------------------------------------
real command=cset shield -e /home/nrink/Projects/build/encode/encode/tests/array_sum/array_sum.perf.plain --  --cso /dev/null
key=plain, no.=7, <stderr>:
LENGTH=70
elapsed cycles: 15354
hi(checksum)=0xBEF56EAD57ECDB83
lo(checksum)=0xEA5BE130F8DF5610
key=plain, no.=7, <checksum>:
0xBEF56EAD57ECDB83EA5BE130F8DF5610
key=plain, no.=7, cso file:
/dev/null
----------------------------------------------
real command=cset shield -e /home/nrink/Projects/build/encode/encode/tests/array_sum/array_sum.perf.plain --  --cso /dev/null
key=plain, no.=8, <stderr>:
LENGTH=70
elapsed cycles: 48075
hi(checksum)=0xBEF56EAD57ECDB83
lo(checksum)=0xEA5BE130F8DF5610
key=plain, no.=8, <checksum>:
0xBEF56EAD57ECDB83EA5BE130F8DF5610
key=plain, no.=8, cso file:
/dev/null
----------------------------------------------
real command=cset shield -e /home/nrink/Projects/build/encode/encode/tests/array_sum/array_sum.perf.plain --  --cso /dev/null
key=plain, no.=9, <stderr>:
LENGTH=70
elapsed cycles: 16161
hi(checksum)=0xBEF56EAD57ECDB83
lo(checksum)=0xEA5BE130F8DF5610
key=plain, no.=9, <checksum>:
0xBEF56EAD57ECDB83EA5BE130F8DF5610
key=plain, no.=9, cso file:
/dev/null
----------------------------------------------
real command=cset shield -e /home/nrink/Projects/build/encode/encode/tests/array_sum/array_sum.perf.plain --  --cso /dev/null
key=plain, no.=10, <stderr>:
LENGTH=70
elapsed cycles: 15912
hi(checksum)=0xBEF56EAD57ECDB83
lo(checksum)=0xEA5BE130F8DF5610
key=plain, no.=10, <checksum>:
0xBEF56EAD57ECDB83EA5BE130F8DF5610
key=plain, no.=10, cso file:
/dev/null
----------------------------------------------
real command=cset shield -e /home/nrink/Projects/build/encode/encode/tests/array_sum/array_sum.perf.plain --  --cso /dev/null
key=plain, no.=11, <stderr>:
LENGTH=70
elapsed cycles: 15282
hi(checksum)=0xBEF56EAD57ECDB83
lo(checksum)=0xEA5BE130F8DF5610
key=plain, no.=11, <checksum>:
0xBEF56EAD57ECDB83EA5BE130F8DF5610
key=plain, no.=11, cso file:
/dev/null
----------------------------------------------
real command=cset shield -e /home/nrink/Projects/build/encode/encode/tests/array_sum/array_sum.perf.plain --  --cso /dev/null
key=plain, no.=12, <stderr>:
LENGTH=70
elapsed cycles: 16233
hi(checksum)=0xBEF56EAD57ECDB83
lo(checksum)=0xEA5BE130F8DF5610
key=plain, no.=12, <checksum>:
0xBEF56EAD57ECDB83EA5BE130F8DF5610
key=plain, no.=12, cso file:
/dev/null
----------------------------------------------
real command=cset shield -e /home/nrink/Projects/build/encode/encode/tests/array_sum/array_sum.perf.plain --  --cso /dev/null
key=plain, no.=13, <stderr>:
LENGTH=70
elapsed cycles: 15402
hi(checksum)=0xBEF56EAD57ECDB83
lo(checksum)=0xEA5BE130F8DF5610
key=plain, no.=13, <checksum>:
0xBEF56EAD57ECDB83EA5BE130F8DF5610
key=plain, no.=13, cso file:
/dev/null
----------------------------------------------
real command=cset shield -e /home/nrink/Projects/build/encode/encode/tests/array_sum/array_sum.perf.plain --  --cso /dev/null
key=plain, no.=14, <stderr>:
LENGTH=70
elapsed cycles: 15492
hi(checksum)=0xBEF56EAD57ECDB83
lo(checksum)=0xEA5BE130F8DF5610
key=plain, no.=14, <checksum>:
0xBEF56EAD57ECDB83EA5BE130F8DF5610
key=plain, no.=14, cso file:
/dev/null
----------------------------------------------
real command=cset shield -e /home/nrink/Projects/build/encode/encode/tests/array_sum/array_sum.perf.plain --  --cso /dev/null
key=plain, no.=15, <stderr>:
LENGTH=70
elapsed cycles: 16227
hi(checksum)=0xBEF56EAD57ECDB83
lo(checksum)=0xEA5BE130F8DF5610
key=plain, no.=15, <checksum>:
0xBEF56EAD57ECDB83EA5BE130F8DF5610
key=plain, no.=15, cso file:
/dev/null
----------------------------------------------
real command=cset shield -e /home/nrink/Projects/build/encode/encode/tests/array_sum/array_sum.perf.plain --  --cso /dev/null
key=plain, no.=16, <stderr>:
LENGTH=70
elapsed cycles: 15318
hi(checksum)=0xBEF56EAD57ECDB83
lo(checksum)=0xEA5BE130F8DF5610
key=plain, no.=16, <checksum>:
0xBEF56EAD57ECDB83EA5BE130F8DF5610
key=plain, no.=16, cso file:
/dev/null
----------------------------------------------
real command=cset shield -e /home/nrink/Projects/build/encode/encode/tests/array_sum/array_sum.perf.plain --  --cso /dev/null
key=plain, no.=17, <stderr>:
LENGTH=70
elapsed cycles: 15417
hi(checksum)=0xBEF56EAD57ECDB83
lo(checksum)=0xEA5BE130F8DF5610
key=plain, no.=17, <checksum>:
0xBEF56EAD57ECDB83EA5BE130F8DF5610
key=plain, no.=17, cso file:
/dev/null
----------------------------------------------
real command=cset shield -e /home/nrink/Projects/build/encode/encode/tests/array_sum/array_sum.perf.plain --  --cso /dev/null
key=plain, no.=18, <stderr>:
LENGTH=70
elapsed cycles: 17277
hi(checksum)=0xBEF56EAD57ECDB83
lo(checksum)=0xEA5BE130F8DF5610
key=plain, no.=18, <checksum>:
0xBEF56EAD57ECDB83EA5BE130F8DF5610
key=plain, no.=18, cso file:
/dev/null
----------------------------------------------
real command=cset shield -e /home/nrink/Projects/build/encode/encode/tests/array_sum/array_sum.perf.plain --  --cso /dev/null
key=plain, no.=19, <stderr>:
LENGTH=70
elapsed cycles: 15351
hi(checksum)=0xBEF56EAD57ECDB83
lo(checksum)=0xEA5BE130F8DF5610
key=plain, no.=19, <checksum>:
0xBEF56EAD57ECDB83EA5BE130F8DF5610
key=plain, no.=19, cso file:
/dev/null
----------------------------------------------
real command=cset shield -e /home/nrink/Projects/build/encode/encode/tests/array_sum/array_sum.perf.plain --  --cso /dev/null
key=plain, no.=20, <stderr>:
LENGTH=70
elapsed cycles: 15249
hi(checksum)=0xBEF56EAD57ECDB83
lo(checksum)=0xEA5BE130F8DF5610
key=plain, no.=20, <checksum>:
0xBEF56EAD57ECDB83EA5BE130F8DF5610
key=plain, no.=20, cso file:
/dev/null
----------------------------------------------
real command=cset shield -e /home/nrink/Projects/build/encode/encode/tests/array_sum/array_sum.perf.plain --  --cso /dev/null
key=plain, no.=21, <stderr>:
LENGTH=70
elapsed cycles: 15291
hi(checksum)=0xBEF56EAD57ECDB83
lo(checksum)=0xEA5BE130F8DF5610
key=plain, no.=21, <checksum>:
0xBEF56EAD57ECDB83EA5BE130F8DF5610
key=plain, no.=21, cso file:
/dev/null
----------------------------------------------
real command=cset shield -e /home/nrink/Projects/build/encode/encode/tests/array_sum/array_sum.perf.plain --  --cso /dev/null
key=plain, no.=22, <stderr>:
LENGTH=70
elapsed cycles: 15273
hi(checksum)=0xBEF56EAD57ECDB83
lo(checksum)=0xEA5BE130F8DF5610
key=plain, no.=22, <checksum>:
0xBEF56EAD57ECDB83EA5BE130F8DF5610
key=plain, no.=22, cso file:
/dev/null
----------------------------------------------
real command=cset shield -e /home/nrink/Projects/build/encode/encode/tests/array_sum/array_sum.perf.plain --  --cso /dev/null
key=plain, no.=23, <stderr>:
LENGTH=70
elapsed cycles: 16188
hi(checksum)=0xBEF56EAD57ECDB83
lo(checksum)=0xEA5BE130F8DF5610
key=plain, no.=23, <checksum>:
0xBEF56EAD57ECDB83EA5BE130F8DF5610
key=plain, no.=23, cso file:
/dev/null
----------------------------------------------
real command=cset shield -e /home/nrink/Projects/build/encode/encode/tests/array_sum/array_sum.perf.plain --  --cso /dev/null
key=plain, no.=24, <stderr>:
LENGTH=70
elapsed cycles: 15285
hi(checksum)=0xBEF56EAD57ECDB83
lo(checksum)=0xEA5BE130F8DF5610
key=plain, no.=24, <checksum>:
0xBEF56EAD57ECDB83EA5BE130F8DF5610
key=plain, no.=24, cso file:
/dev/null
----------------------------------------------
real command=cset shield -e /home/nrink/Projects/build/encode/encode/tests/array_sum/array_sum.perf.plain --  --cso /dev/null
key=plain, no.=25, <stderr>:
LENGTH=70
elapsed cycles: 15348
hi(checksum)=0xBEF56EAD57ECDB83
lo(checksum)=0xEA5BE130F8DF5610
key=plain, no.=25, <checksum>:
0xBEF56EAD57ECDB83EA5BE130F8DF5610
key=plain, no.=25, cso file:
/dev/null
----------------------------------------------
real command=cset shield -e /home/nrink/Projects/build/encode/encode/tests/array_sum/array_sum.perf.plain --  --cso /dev/null
key=plain, no.=26, <stderr>:
LENGTH=70
elapsed cycles: 15438
hi(checksum)=0xBEF56EAD57ECDB83
lo(checksum)=0xEA5BE130F8DF5610
key=plain, no.=26, <checksum>:
0xBEF56EAD57ECDB83EA5BE130F8DF5610
key=plain, no.=26, cso file:
/dev/null
----------------------------------------------
real command=cset shield -e /home/nrink/Projects/build/encode/encode/tests/array_sum/array_sum.perf.plain --  --cso /dev/null
key=plain, no.=27, <stderr>:
LENGTH=70
elapsed cycles: 15474
hi(checksum)=0xBEF56EAD57ECDB83
lo(checksum)=0xEA5BE130F8DF5610
key=plain, no.=27, <checksum>:
0xBEF56EAD57ECDB83EA5BE130F8DF5610
key=plain, no.=27, cso file:
/dev/null
----------------------------------------------
real command=cset shield -e /home/nrink/Projects/build/encode/encode/tests/array_sum/array_sum.perf.plain --  --cso /dev/null
key=plain, no.=28, <stderr>:
LENGTH=70
elapsed cycles: 16155
hi(checksum)=0xBEF56EAD57ECDB83
lo(checksum)=0xEA5BE130F8DF5610
key=plain, no.=28, <checksum>:
0xBEF56EAD57ECDB83EA5BE130F8DF5610
key=plain, no.=28, cso file:
/dev/null
----------------------------------------------
real command=cset shield -e /home/nrink/Projects/build/encode/encode/tests/array_sum/array_sum.perf.plain --  --cso /dev/null
key=plain, no.=29, <stderr>:
LENGTH=70
elapsed cycles: 15477
hi(checksum)=0xBEF56EAD57ECDB83
lo(checksum)=0xEA5BE130F8DF5610
key=plain, no.=29, <checksum>:
0xBEF56EAD57ECDB83EA5BE130F8DF5610
key=plain, no.=29, cso file:
/dev/null
----------------------------------------------
real command=cset shield -e /home/nrink/Projects/build/encode/encode/tests/array_sum/array_sum.perf.plain --  --cso /dev/null
key=plain, no.=30, <stderr>:
LENGTH=70
elapsed cycles: 15537
hi(checksum)=0xBEF56EAD57ECDB83
lo(checksum)=0xEA5BE130F8DF5610
key=plain, no.=30, <checksum>:
0xBEF56EAD57ECDB83EA5BE130F8DF5610
key=plain, no.=30, cso file:
/dev/null
----------------------------------------------
real command=cset shield -e /home/nrink/Projects/build/encode/encode/tests/array_sum/array_sum.perf.plain --  --cso /dev/null
key=plain, no.=31, <stderr>:
LENGTH=70
elapsed cycles: 16302
hi(checksum)=0xBEF56EAD57ECDB83
lo(checksum)=0xEA5BE130F8DF5610
key=plain, no.=31, <checksum>:
0xBEF56EAD57ECDB83EA5BE130F8DF5610
key=plain, no.=31, cso file:
/dev/null
----------------------------------------------
real command=cset shield -e /home/nrink/Projects/build/encode/encode/tests/array_sum/array_sum.perf.plain --  --cso /dev/null
key=plain, no.=32, <stderr>:
LENGTH=70
elapsed cycles: 15459
hi(checksum)=0xBEF56EAD57ECDB83
lo(checksum)=0xEA5BE130F8DF5610
key=plain, no.=32, <checksum>:
0xBEF56EAD57ECDB83EA5BE130F8DF5610
key=plain, no.=32, cso file:
/dev/null
----------------------------------------------
real command=cset shield -e /home/nrink/Projects/build/encode/encode/tests/array_sum/array_sum.perf.plain --  --cso /dev/null
key=plain, no.=33, <stderr>:
LENGTH=70
elapsed cycles: 15378
hi(checksum)=0xBEF56EAD57ECDB83
lo(checksum)=0xEA5BE130F8DF5610
key=plain, no.=33, <checksum>:
0xBEF56EAD57ECDB83EA5BE130F8DF5610
key=plain, no.=33, cso file:
/dev/null
----------------------------------------------
real command=cset shield -e /home/nrink/Projects/build/encode/encode/tests/array_sum/array_sum.perf.plain --  --cso /dev/null
key=plain, no.=34, <stderr>:
LENGTH=70
elapsed cycles: 15321
hi(checksum)=0xBEF56EAD57ECDB83
lo(checksum)=0xEA5BE130F8DF5610
key=plain, no.=34, <checksum>:
0xBEF56EAD57ECDB83EA5BE130F8DF5610
key=plain, no.=34, cso file:
/dev/null
----------------------------------------------
real command=cset shield -e /home/nrink/Projects/build/encode/encode/tests/array_sum/array_sum.perf.plain --  --cso /dev/null
key=plain, no.=35, <stderr>:
LENGTH=70
elapsed cycles: 15507
hi(checksum)=0xBEF56EAD57ECDB83
lo(checksum)=0xEA5BE130F8DF5610
key=plain, no.=35, <checksum>:
0xBEF56EAD57ECDB83EA5BE130F8DF5610
key=plain, no.=35, cso file:
/dev/null
----------------------------------------------
real command=cset shield -e /home/nrink/Projects/build/encode/encode/tests/array_sum/array_sum.perf.plain --  --cso /dev/null
key=plain, no.=36, <stderr>:
LENGTH=70
elapsed cycles: 15333
hi(checksum)=0xBEF56EAD57ECDB83
lo(checksum)=0xEA5BE130F8DF5610
key=plain, no.=36, <checksum>:
0xBEF56EAD57ECDB83EA5BE130F8DF5610
key=plain, no.=36, cso file:
/dev/null
----------------------------------------------
real command=cset shield -e /home/nrink/Projects/build/encode/encode/tests/array_sum/array_sum.perf.plain --  --cso /dev/null
key=plain, no.=37, <stderr>:
LENGTH=70
elapsed cycles: 15351
hi(checksum)=0xBEF56EAD57ECDB83
lo(checksum)=0xEA5BE130F8DF5610
key=plain, no.=37, <checksum>:
0xBEF56EAD57ECDB83EA5BE130F8DF5610
key=plain, no.=37, cso file:
/dev/null
----------------------------------------------
real command=cset shield -e /home/nrink/Projects/build/encode/encode/tests/array_sum/array_sum.perf.plain --  --cso /dev/null
key=plain, no.=38, <stderr>:
LENGTH=70
elapsed cycles: 16206
hi(checksum)=0xBEF56EAD57ECDB83
lo(checksum)=0xEA5BE130F8DF5610
key=plain, no.=38, <checksum>:
0xBEF56EAD57ECDB83EA5BE130F8DF5610
key=plain, no.=38, cso file:
/dev/null
----------------------------------------------
real command=cset shield -e /home/nrink/Projects/build/encode/encode/tests/array_sum/array_sum.perf.plain --  --cso /dev/null
key=plain, no.=39, <stderr>:
LENGTH=70
elapsed cycles: 15399
hi(checksum)=0xBEF56EAD57ECDB83
lo(checksum)=0xEA5BE130F8DF5610
key=plain, no.=39, <checksum>:
0xBEF56EAD57ECDB83EA5BE130F8DF5610
key=plain, no.=39, cso file:
/dev/null
----------------------------------------------
real command=cset shield -e /home/nrink/Projects/build/encode/encode/tests/array_sum/array_sum.perf.plain --  --cso /dev/null
key=plain, no.=40, <stderr>:
LENGTH=70
elapsed cycles: 15231
hi(checksum)=0xBEF56EAD57ECDB83
lo(checksum)=0xEA5BE130F8DF5610
key=plain, no.=40, <checksum>:
0xBEF56EAD57ECDB83EA5BE130F8DF5610
key=plain, no.=40, cso file:
/dev/null
----------------------------------------------
real command=cset shield -e /home/nrink/Projects/build/encode/encode/tests/array_sum/array_sum.perf.plain --  --cso /dev/null
key=plain, no.=41, <stderr>:
LENGTH=70
elapsed cycles: 15207
hi(checksum)=0xBEF56EAD57ECDB83
lo(checksum)=0xEA5BE130F8DF5610
key=plain, no.=41, <checksum>:
0xBEF56EAD57ECDB83EA5BE130F8DF5610
key=plain, no.=41, cso file:
/dev/null
----------------------------------------------
real command=cset shield -e /home/nrink/Projects/build/encode/encode/tests/array_sum/array_sum.perf.plain --  --cso /dev/null
key=plain, no.=42, <stderr>:
LENGTH=70
elapsed cycles: 15360
hi(checksum)=0xBEF56EAD57ECDB83
lo(checksum)=0xEA5BE130F8DF5610
key=plain, no.=42, <checksum>:
0xBEF56EAD57ECDB83EA5BE130F8DF5610
key=plain, no.=42, cso file:
/dev/null
----------------------------------------------
real command=cset shield -e /home/nrink/Projects/build/encode/encode/tests/array_sum/array_sum.perf.plain --  --cso /dev/null
key=plain, no.=43, <stderr>:
LENGTH=70
elapsed cycles: 15243
hi(checksum)=0xBEF56EAD57ECDB83
lo(checksum)=0xEA5BE130F8DF5610
key=plain, no.=43, <checksum>:
0xBEF56EAD57ECDB83EA5BE130F8DF5610
key=plain, no.=43, cso file:
/dev/null
----------------------------------------------
real command=cset shield -e /home/nrink/Projects/build/encode/encode/tests/array_sum/array_sum.perf.plain --  --cso /dev/null
key=plain, no.=44, <stderr>:
LENGTH=70
elapsed cycles: 15333
hi(checksum)=0xBEF56EAD57ECDB83
lo(checksum)=0xEA5BE130F8DF5610
key=plain, no.=44, <checksum>:
0xBEF56EAD57ECDB83EA5BE130F8DF5610
key=plain, no.=44, cso file:
/dev/null
----------------------------------------------
real command=cset shield -e /home/nrink/Projects/build/encode/encode/tests/array_sum/array_sum.perf.plain --  --cso /dev/null
key=plain, no.=45, <stderr>:
LENGTH=70
elapsed cycles: 15327
hi(checksum)=0xBEF56EAD57ECDB83
lo(checksum)=0xEA5BE130F8DF5610
key=plain, no.=45, <checksum>:
0xBEF56EAD57ECDB83EA5BE130F8DF5610
key=plain, no.=45, cso file:
/dev/null
----------------------------------------------
real command=cset shield -e /home/nrink/Projects/build/encode/encode/tests/array_sum/array_sum.perf.plain --  --cso /dev/null
key=plain, no.=46, <stderr>:
LENGTH=70
elapsed cycles: 15378
hi(checksum)=0xBEF56EAD57ECDB83
lo(checksum)=0xEA5BE130F8DF5610
key=plain, no.=46, <checksum>:
0xBEF56EAD57ECDB83EA5BE130F8DF5610
key=plain, no.=46, cso file:
/dev/null
----------------------------------------------
real command=cset shield -e /home/nrink/Projects/build/encode/encode/tests/array_sum/array_sum.perf.plain --  --cso /dev/null
key=plain, no.=47, <stderr>:
LENGTH=70
elapsed cycles: 16344
hi(checksum)=0xBEF56EAD57ECDB83
lo(checksum)=0xEA5BE130F8DF5610
key=plain, no.=47, <checksum>:
0xBEF56EAD57ECDB83EA5BE130F8DF5610
key=plain, no.=47, cso file:
/dev/null
----------------------------------------------
real command=cset shield -e /home/nrink/Projects/build/encode/encode/tests/array_sum/array_sum.perf.plain --  --cso /dev/null
key=plain, no.=48, <stderr>:
LENGTH=70
elapsed cycles: 15384
hi(checksum)=0xBEF56EAD57ECDB83
lo(checksum)=0xEA5BE130F8DF5610
key=plain, no.=48, <checksum>:
0xBEF56EAD57ECDB83EA5BE130F8DF5610
key=plain, no.=48, cso file:
/dev/null
----------------------------------------------
real command=cset shield -e /home/nrink/Projects/build/encode/encode/tests/array_sum/array_sum.perf.plain --  --cso /dev/null
key=plain, no.=49, <stderr>:
LENGTH=70
elapsed cycles: 16518
hi(checksum)=0xBEF56EAD57ECDB83
lo(checksum)=0xEA5BE130F8DF5610
key=plain, no.=49, <checksum>:
0xBEF56EAD57ECDB83EA5BE130F8DF5610
key=plain, no.=49, cso file:
/dev/null
----------------------------------------------
real command=cset shield -e /home/nrink/Projects/build/encode/encode/tests/array_sum/array_sum.perf.plain --  --cso /dev/null
key=plain, no.=50, <stderr>:
LENGTH=70
elapsed cycles: 15612
hi(checksum)=0xBEF56EAD57ECDB83
lo(checksum)=0xEA5BE130F8DF5610
key=plain, no.=50, <checksum>:
0xBEF56EAD57ECDB83EA5BE130F8DF5610
key=plain, no.=50, cso file:
/dev/null
----------------------------------------------
real command=cset shield -e /home/nrink/Projects/build/encode/encode/tests/array_sum/array_sum.perf.plain --  --cso /dev/null
key=plain, no.=51, <stderr>:
LENGTH=70
elapsed cycles: 15459
hi(checksum)=0xBEF56EAD57ECDB83
lo(checksum)=0xEA5BE130F8DF5610
key=plain, no.=51, <checksum>:
0xBEF56EAD57ECDB83EA5BE130F8DF5610
key=plain, no.=51, cso file:
/dev/null
----------------------------------------------
real command=cset shield -e /home/nrink/Projects/build/encode/encode/tests/array_sum/array_sum.perf.plain --  --cso /dev/null
key=plain, no.=52, <stderr>:
LENGTH=70
elapsed cycles: 15567
hi(checksum)=0xBEF56EAD57ECDB83
lo(checksum)=0xEA5BE130F8DF5610
key=plain, no.=52, <checksum>:
0xBEF56EAD57ECDB83EA5BE130F8DF5610
key=plain, no.=52, cso file:
/dev/null
----------------------------------------------
real command=cset shield -e /home/nrink/Projects/build/encode/encode/tests/array_sum/array_sum.perf.plain --  --cso /dev/null
key=plain, no.=53, <stderr>:
LENGTH=70
elapsed cycles: 15405
hi(checksum)=0xBEF56EAD57ECDB83
lo(checksum)=0xEA5BE130F8DF5610
key=plain, no.=53, <checksum>:
0xBEF56EAD57ECDB83EA5BE130F8DF5610
key=plain, no.=53, cso file:
/dev/null
----------------------------------------------
real command=cset shield -e /home/nrink/Projects/build/encode/encode/tests/array_sum/array_sum.perf.plain --  --cso /dev/null
key=plain, no.=54, <stderr>:
LENGTH=70
elapsed cycles: 15390
hi(checksum)=0xBEF56EAD57ECDB83
lo(checksum)=0xEA5BE130F8DF5610
key=plain, no.=54, <checksum>:
0xBEF56EAD57ECDB83EA5BE130F8DF5610
key=plain, no.=54, cso file:
/dev/null
----------------------------------------------
real command=cset shield -e /home/nrink/Projects/build/encode/encode/tests/array_sum/array_sum.perf.plain --  --cso /dev/null
key=plain, no.=55, <stderr>:
LENGTH=70
elapsed cycles: 15507
hi(checksum)=0xBEF56EAD57ECDB83
lo(checksum)=0xEA5BE130F8DF5610
key=plain, no.=55, <checksum>:
0xBEF56EAD57ECDB83EA5BE130F8DF5610
key=plain, no.=55, cso file:
/dev/null
----------------------------------------------
real command=cset shield -e /home/nrink/Projects/build/encode/encode/tests/array_sum/array_sum.perf.plain --  --cso /dev/null
key=plain, no.=56, <stderr>:
LENGTH=70
elapsed cycles: 15237
hi(checksum)=0xBEF56EAD57ECDB83
lo(checksum)=0xEA5BE130F8DF5610
key=plain, no.=56, <checksum>:
0xBEF56EAD57ECDB83EA5BE130F8DF5610
key=plain, no.=56, cso file:
/dev/null
----------------------------------------------
real command=cset shield -e /home/nrink/Projects/build/encode/encode/tests/array_sum/array_sum.perf.plain --  --cso /dev/null
key=plain, no.=57, <stderr>:
LENGTH=70
elapsed cycles: 15519
hi(checksum)=0xBEF56EAD57ECDB83
lo(checksum)=0xEA5BE130F8DF5610
key=plain, no.=57, <checksum>:
0xBEF56EAD57ECDB83EA5BE130F8DF5610
key=plain, no.=57, cso file:
/dev/null
----------------------------------------------
real command=cset shield -e /home/nrink/Projects/build/encode/encode/tests/array_sum/array_sum.perf.plain --  --cso /dev/null
key=plain, no.=58, <stderr>:
LENGTH=70
elapsed cycles: 48492
hi(checksum)=0xBEF56EAD57ECDB83
lo(checksum)=0xEA5BE130F8DF5610
key=plain, no.=58, <checksum>:
0xBEF56EAD57ECDB83EA5BE130F8DF5610
key=plain, no.=58, cso file:
/dev/null
----------------------------------------------
real command=cset shield -e /home/nrink/Projects/build/encode/encode/tests/array_sum/array_sum.perf.plain --  --cso /dev/null
key=plain, no.=59, <stderr>:
LENGTH=70
elapsed cycles: 15825
hi(checksum)=0xBEF56EAD57ECDB83
lo(checksum)=0xEA5BE130F8DF5610
key=plain, no.=59, <checksum>:
0xBEF56EAD57ECDB83EA5BE130F8DF5610
key=plain, no.=59, cso file:
/dev/null
----------------------------------------------
real command=cset shield -e /home/nrink/Projects/build/encode/encode/tests/array_sum/array_sum.perf.plain --  --cso /dev/null
key=plain, no.=60, <stderr>:
LENGTH=70
elapsed cycles: 15423
hi(checksum)=0xBEF56EAD57ECDB83
lo(checksum)=0xEA5BE130F8DF5610
key=plain, no.=60, <checksum>:
0xBEF56EAD57ECDB83EA5BE130F8DF5610
key=plain, no.=60, cso file:
/dev/null
----------------------------------------------
real command=cset shield -e /home/nrink/Projects/build/encode/encode/tests/array_sum/array_sum.perf.plain --  --cso /dev/null
key=plain, no.=61, <stderr>:
LENGTH=70
elapsed cycles: 16170
hi(checksum)=0xBEF56EAD57ECDB83
lo(checksum)=0xEA5BE130F8DF5610
key=plain, no.=61, <checksum>:
0xBEF56EAD57ECDB83EA5BE130F8DF5610
key=plain, no.=61, cso file:
/dev/null
----------------------------------------------
real command=cset shield -e /home/nrink/Projects/build/encode/encode/tests/array_sum/array_sum.perf.plain --  --cso /dev/null
key=plain, no.=62, <stderr>:
LENGTH=70
elapsed cycles: 15294
hi(checksum)=0xBEF56EAD57ECDB83
lo(checksum)=0xEA5BE130F8DF5610
key=plain, no.=62, <checksum>:
0xBEF56EAD57ECDB83EA5BE130F8DF5610
key=plain, no.=62, cso file:
/dev/null
----------------------------------------------
real command=cset shield -e /home/nrink/Projects/build/encode/encode/tests/array_sum/array_sum.perf.plain --  --cso /dev/null
key=plain, no.=63, <stderr>:
LENGTH=70
elapsed cycles: 48264
hi(checksum)=0xBEF56EAD57ECDB83
lo(checksum)=0xEA5BE130F8DF5610
key=plain, no.=63, <checksum>:
0xBEF56EAD57ECDB83EA5BE130F8DF5610
key=plain, no.=63, cso file:
/dev/null
----------------------------------------------
real command=cset shield -e /home/nrink/Projects/build/encode/encode/tests/array_sum/array_sum.perf.plain --  --cso /dev/null
key=plain, no.=64, <stderr>:
LENGTH=70
elapsed cycles: 16104
hi(checksum)=0xBEF56EAD57ECDB83
lo(checksum)=0xEA5BE130F8DF5610
key=plain, no.=64, <checksum>:
0xBEF56EAD57ECDB83EA5BE130F8DF5610
key=plain, no.=64, cso file:
/dev/null
----------------------------------------------
real command=cset shield -e /home/nrink/Projects/build/encode/encode/tests/array_sum/array_sum.perf.plain --  --cso /dev/null
key=plain, no.=65, <stderr>:
LENGTH=70
elapsed cycles: 15387
hi(checksum)=0xBEF56EAD57ECDB83
lo(checksum)=0xEA5BE130F8DF5610
key=plain, no.=65, <checksum>:
0xBEF56EAD57ECDB83EA5BE130F8DF5610
key=plain, no.=65, cso file:
/dev/null
----------------------------------------------
real command=cset shield -e /home/nrink/Projects/build/encode/encode/tests/array_sum/array_sum.perf.plain --  --cso /dev/null
key=plain, no.=66, <stderr>:
LENGTH=70
elapsed cycles: 15423
hi(checksum)=0xBEF56EAD57ECDB83
lo(checksum)=0xEA5BE130F8DF5610
key=plain, no.=66, <checksum>:
0xBEF56EAD57ECDB83EA5BE130F8DF5610
key=plain, no.=66, cso file:
/dev/null
----------------------------------------------
real command=cset shield -e /home/nrink/Projects/build/encode/encode/tests/array_sum/array_sum.perf.plain --  --cso /dev/null
key=plain, no.=67, <stderr>:
LENGTH=70
elapsed cycles: 15780
hi(checksum)=0xBEF56EAD57ECDB83
lo(checksum)=0xEA5BE130F8DF5610
key=plain, no.=67, <checksum>:
0xBEF56EAD57ECDB83EA5BE130F8DF5610
key=plain, no.=67, cso file:
/dev/null
----------------------------------------------
real command=cset shield -e /home/nrink/Projects/build/encode/encode/tests/array_sum/array_sum.perf.plain --  --cso /dev/null
key=plain, no.=68, <stderr>:
LENGTH=70
elapsed cycles: 16128
hi(checksum)=0xBEF56EAD57ECDB83
lo(checksum)=0xEA5BE130F8DF5610
key=plain, no.=68, <checksum>:
0xBEF56EAD57ECDB83EA5BE130F8DF5610
key=plain, no.=68, cso file:
/dev/null
----------------------------------------------
real command=cset shield -e /home/nrink/Projects/build/encode/encode/tests/array_sum/array_sum.perf.plain --  --cso /dev/null
key=plain, no.=69, <stderr>:
LENGTH=70
elapsed cycles: 15324
hi(checksum)=0xBEF56EAD57ECDB83
lo(checksum)=0xEA5BE130F8DF5610
key=plain, no.=69, <checksum>:
0xBEF56EAD57ECDB83EA5BE130F8DF5610
key=plain, no.=69, cso file:
/dev/null
----------------------------------------------
real command=cset shield -e /home/nrink/Projects/build/encode/encode/tests/array_sum/array_sum.perf.plain --  --cso /dev/null
key=plain, no.=70, <stderr>:
LENGTH=70
elapsed cycles: 15312
hi(checksum)=0xBEF56EAD57ECDB83
lo(checksum)=0xEA5BE130F8DF5610
key=plain, no.=70, <checksum>:
0xBEF56EAD57ECDB83EA5BE130F8DF5610
key=plain, no.=70, cso file:
/dev/null
----------------------------------------------
real command=cset shield -e /home/nrink/Projects/build/encode/encode/tests/array_sum/array_sum.perf.plain --  --cso /dev/null
key=plain, no.=71, <stderr>:
LENGTH=70
elapsed cycles: 15393
hi(checksum)=0xBEF56EAD57ECDB83
lo(checksum)=0xEA5BE130F8DF5610
key=plain, no.=71, <checksum>:
0xBEF56EAD57ECDB83EA5BE130F8DF5610
key=plain, no.=71, cso file:
/dev/null
----------------------------------------------
real command=cset shield -e /home/nrink/Projects/build/encode/encode/tests/array_sum/array_sum.perf.plain --  --cso /dev/null
key=plain, no.=72, <stderr>:
LENGTH=70
elapsed cycles: 16035
hi(checksum)=0xBEF56EAD57ECDB83
lo(checksum)=0xEA5BE130F8DF5610
key=plain, no.=72, <checksum>:
0xBEF56EAD57ECDB83EA5BE130F8DF5610
key=plain, no.=72, cso file:
/dev/null
----------------------------------------------
real command=cset shield -e /home/nrink/Projects/build/encode/encode/tests/array_sum/array_sum.perf.plain --  --cso /dev/null
key=plain, no.=73, <stderr>:
LENGTH=70
elapsed cycles: 15399
hi(checksum)=0xBEF56EAD57ECDB83
lo(checksum)=0xEA5BE130F8DF5610
key=plain, no.=73, <checksum>:
0xBEF56EAD57ECDB83EA5BE130F8DF5610
key=plain, no.=73, cso file:
/dev/null
----------------------------------------------
real command=cset shield -e /home/nrink/Projects/build/encode/encode/tests/array_sum/array_sum.perf.plain --  --cso /dev/null
key=plain, no.=74, <stderr>:
LENGTH=70
elapsed cycles: 15423
hi(checksum)=0xBEF56EAD57ECDB83
lo(checksum)=0xEA5BE130F8DF5610
key=plain, no.=74, <checksum>:
0xBEF56EAD57ECDB83EA5BE130F8DF5610
key=plain, no.=74, cso file:
/dev/null
----------------------------------------------
real command=cset shield -e /home/nrink/Projects/build/encode/encode/tests/array_sum/array_sum.perf.plain --  --cso /dev/null
key=plain, no.=75, <stderr>:
LENGTH=70
elapsed cycles: 15306
hi(checksum)=0xBEF56EAD57ECDB83
lo(checksum)=0xEA5BE130F8DF5610
key=plain, no.=75, <checksum>:
0xBEF56EAD57ECDB83EA5BE130F8DF5610
key=plain, no.=75, cso file:
/dev/null
----------------------------------------------
real command=cset shield -e /home/nrink/Projects/build/encode/encode/tests/array_sum/array_sum.perf.plain --  --cso /dev/null
key=plain, no.=76, <stderr>:
LENGTH=70
elapsed cycles: 15276
hi(checksum)=0xBEF56EAD57ECDB83
lo(checksum)=0xEA5BE130F8DF5610
key=plain, no.=76, <checksum>:
0xBEF56EAD57ECDB83EA5BE130F8DF5610
key=plain, no.=76, cso file:
/dev/null
----------------------------------------------
real command=cset shield -e /home/nrink/Projects/build/encode/encode/tests/array_sum/array_sum.perf.plain --  --cso /dev/null
key=plain, no.=77, <stderr>:
LENGTH=70
elapsed cycles: 15414
hi(checksum)=0xBEF56EAD57ECDB83
lo(checksum)=0xEA5BE130F8DF5610
key=plain, no.=77, <checksum>:
0xBEF56EAD57ECDB83EA5BE130F8DF5610
key=plain, no.=77, cso file:
/dev/null
----------------------------------------------
real command=cset shield -e /home/nrink/Projects/build/encode/encode/tests/array_sum/array_sum.perf.plain --  --cso /dev/null
key=plain, no.=78, <stderr>:
LENGTH=70
elapsed cycles: 16260
hi(checksum)=0xBEF56EAD57ECDB83
lo(checksum)=0xEA5BE130F8DF5610
key=plain, no.=78, <checksum>:
0xBEF56EAD57ECDB83EA5BE130F8DF5610
key=plain, no.=78, cso file:
/dev/null
----------------------------------------------
real command=cset shield -e /home/nrink/Projects/build/encode/encode/tests/array_sum/array_sum.perf.plain --  --cso /dev/null
key=plain, no.=79, <stderr>:
LENGTH=70
elapsed cycles: 15501
hi(checksum)=0xBEF56EAD57ECDB83
lo(checksum)=0xEA5BE130F8DF5610
key=plain, no.=79, <checksum>:
0xBEF56EAD57ECDB83EA5BE130F8DF5610
key=plain, no.=79, cso file:
/dev/null
----------------------------------------------
real command=cset shield -e /home/nrink/Projects/build/encode/encode/tests/array_sum/array_sum.perf.plain --  --cso /dev/null
key=plain, no.=80, <stderr>:
LENGTH=70
elapsed cycles: 15438
hi(checksum)=0xBEF56EAD57ECDB83
lo(checksum)=0xEA5BE130F8DF5610
key=plain, no.=80, <checksum>:
0xBEF56EAD57ECDB83EA5BE130F8DF5610
key=plain, no.=80, cso file:
/dev/null
----------------------------------------------
real command=cset shield -e /home/nrink/Projects/build/encode/encode/tests/array_sum/array_sum.perf.plain --  --cso /dev/null
key=plain, no.=81, <stderr>:
LENGTH=70
elapsed cycles: 15399
hi(checksum)=0xBEF56EAD57ECDB83
lo(checksum)=0xEA5BE130F8DF5610
key=plain, no.=81, <checksum>:
0xBEF56EAD57ECDB83EA5BE130F8DF5610
key=plain, no.=81, cso file:
/dev/null
----------------------------------------------
real command=cset shield -e /home/nrink/Projects/build/encode/encode/tests/array_sum/array_sum.perf.plain --  --cso /dev/null
key=plain, no.=82, <stderr>:
LENGTH=70
elapsed cycles: 15270
hi(checksum)=0xBEF56EAD57ECDB83
lo(checksum)=0xEA5BE130F8DF5610
key=plain, no.=82, <checksum>:
0xBEF56EAD57ECDB83EA5BE130F8DF5610
key=plain, no.=82, cso file:
/dev/null
----------------------------------------------
real command=cset shield -e /home/nrink/Projects/build/encode/encode/tests/array_sum/array_sum.perf.plain --  --cso /dev/null
key=plain, no.=83, <stderr>:
LENGTH=70
elapsed cycles: 15384
hi(checksum)=0xBEF56EAD57ECDB83
lo(checksum)=0xEA5BE130F8DF5610
key=plain, no.=83, <checksum>:
0xBEF56EAD57ECDB83EA5BE130F8DF5610
key=plain, no.=83, cso file:
/dev/null
----------------------------------------------
real command=cset shield -e /home/nrink/Projects/build/encode/encode/tests/array_sum/array_sum.perf.plain --  --cso /dev/null
key=plain, no.=84, <stderr>:
LENGTH=70
elapsed cycles: 15495
hi(checksum)=0xBEF56EAD57ECDB83
lo(checksum)=0xEA5BE130F8DF5610
key=plain, no.=84, <checksum>:
0xBEF56EAD57ECDB83EA5BE130F8DF5610
key=plain, no.=84, cso file:
/dev/null
----------------------------------------------
real command=cset shield -e /home/nrink/Projects/build/encode/encode/tests/array_sum/array_sum.perf.plain --  --cso /dev/null
key=plain, no.=85, <stderr>:
LENGTH=70
elapsed cycles: 15246
hi(checksum)=0xBEF56EAD57ECDB83
lo(checksum)=0xEA5BE130F8DF5610
key=plain, no.=85, <checksum>:
0xBEF56EAD57ECDB83EA5BE130F8DF5610
key=plain, no.=85, cso file:
/dev/null
----------------------------------------------
real command=cset shield -e /home/nrink/Projects/build/encode/encode/tests/array_sum/array_sum.perf.plain --  --cso /dev/null
key=plain, no.=86, <stderr>:
LENGTH=70
elapsed cycles: 76380
hi(checksum)=0xBEF56EAD57ECDB83
lo(checksum)=0xEA5BE130F8DF5610
key=plain, no.=86, <checksum>:
0xBEF56EAD57ECDB83EA5BE130F8DF5610
key=plain, no.=86, cso file:
/dev/null
----------------------------------------------
real command=cset shield -e /home/nrink/Projects/build/encode/encode/tests/array_sum/array_sum.perf.plain --  --cso /dev/null
key=plain, no.=87, <stderr>:
LENGTH=70
elapsed cycles: 16260
hi(checksum)=0xBEF56EAD57ECDB83
lo(checksum)=0xEA5BE130F8DF5610
key=plain, no.=87, <checksum>:
0xBEF56EAD57ECDB83EA5BE130F8DF5610
key=plain, no.=87, cso file:
/dev/null
----------------------------------------------
real command=cset shield -e /home/nrink/Projects/build/encode/encode/tests/array_sum/array_sum.perf.plain --  --cso /dev/null
key=plain, no.=88, <stderr>:
LENGTH=70
elapsed cycles: 15393
hi(checksum)=0xBEF56EAD57ECDB83
lo(checksum)=0xEA5BE130F8DF5610
key=plain, no.=88, <checksum>:
0xBEF56EAD57ECDB83EA5BE130F8DF5610
key=plain, no.=88, cso file:
/dev/null
----------------------------------------------
real command=cset shield -e /home/nrink/Projects/build/encode/encode/tests/array_sum/array_sum.perf.plain --  --cso /dev/null
key=plain, no.=89, <stderr>:
LENGTH=70
elapsed cycles: 15402
hi(checksum)=0xBEF56EAD57ECDB83
lo(checksum)=0xEA5BE130F8DF5610
key=plain, no.=89, <checksum>:
0xBEF56EAD57ECDB83EA5BE130F8DF5610
key=plain, no.=89, cso file:
/dev/null
----------------------------------------------
real command=cset shield -e /home/nrink/Projects/build/encode/encode/tests/array_sum/array_sum.perf.plain --  --cso /dev/null
key=plain, no.=90, <stderr>:
LENGTH=70
elapsed cycles: 15276
hi(checksum)=0xBEF56EAD57ECDB83
lo(checksum)=0xEA5BE130F8DF5610
key=plain, no.=90, <checksum>:
0xBEF56EAD57ECDB83EA5BE130F8DF5610
key=plain, no.=90, cso file:
/dev/null
----------------------------------------------
real command=cset shield -e /home/nrink/Projects/build/encode/encode/tests/array_sum/array_sum.perf.plain --  --cso /dev/null
key=plain, no.=91, <stderr>:
LENGTH=70
elapsed cycles: 75252
hi(checksum)=0xBEF56EAD57ECDB83
lo(checksum)=0xEA5BE130F8DF5610
key=plain, no.=91, <checksum>:
0xBEF56EAD57ECDB83EA5BE130F8DF5610
key=plain, no.=91, cso file:
/dev/null
----------------------------------------------
real command=cset shield -e /home/nrink/Projects/build/encode/encode/tests/array_sum/array_sum.perf.plain --  --cso /dev/null
key=plain, no.=92, <stderr>:
LENGTH=70
elapsed cycles: 15837
hi(checksum)=0xBEF56EAD57ECDB83
lo(checksum)=0xEA5BE130F8DF5610
key=plain, no.=92, <checksum>:
0xBEF56EAD57ECDB83EA5BE130F8DF5610
key=plain, no.=92, cso file:
/dev/null
----------------------------------------------
real command=cset shield -e /home/nrink/Projects/build/encode/encode/tests/array_sum/array_sum.perf.plain --  --cso /dev/null
key=plain, no.=93, <stderr>:
LENGTH=70
elapsed cycles: 15264
hi(checksum)=0xBEF56EAD57ECDB83
lo(checksum)=0xEA5BE130F8DF5610
key=plain, no.=93, <checksum>:
0xBEF56EAD57ECDB83EA5BE130F8DF5610
key=plain, no.=93, cso file:
/dev/null
----------------------------------------------
real command=cset shield -e /home/nrink/Projects/build/encode/encode/tests/array_sum/array_sum.perf.plain --  --cso /dev/null
key=plain, no.=94, <stderr>:
LENGTH=70
elapsed cycles: 15480
hi(checksum)=0xBEF56EAD57ECDB83
lo(checksum)=0xEA5BE130F8DF5610
key=plain, no.=94, <checksum>:
0xBEF56EAD57ECDB83EA5BE130F8DF5610
key=plain, no.=94, cso file:
/dev/null
----------------------------------------------
real command=cset shield -e /home/nrink/Projects/build/encode/encode/tests/array_sum/array_sum.perf.plain --  --cso /dev/null
key=plain, no.=95, <stderr>:
LENGTH=70
elapsed cycles: 15417
hi(checksum)=0xBEF56EAD57ECDB83
lo(checksum)=0xEA5BE130F8DF5610
key=plain, no.=95, <checksum>:
0xBEF56EAD57ECDB83EA5BE130F8DF5610
key=plain, no.=95, cso file:
/dev/null
----------------------------------------------
real command=cset shield -e /home/nrink/Projects/build/encode/encode/tests/array_sum/array_sum.perf.plain --  --cso /dev/null
key=plain, no.=96, <stderr>:
LENGTH=70
elapsed cycles: 16182
hi(checksum)=0xBEF56EAD57ECDB83
lo(checksum)=0xEA5BE130F8DF5610
key=plain, no.=96, <checksum>:
0xBEF56EAD57ECDB83EA5BE130F8DF5610
key=plain, no.=96, cso file:
/dev/null
----------------------------------------------
real command=cset shield -e /home/nrink/Projects/build/encode/encode/tests/array_sum/array_sum.perf.plain --  --cso /dev/null
key=plain, no.=97, <stderr>:
LENGTH=70
elapsed cycles: 15318
hi(checksum)=0xBEF56EAD57ECDB83
lo(checksum)=0xEA5BE130F8DF5610
key=plain, no.=97, <checksum>:
0xBEF56EAD57ECDB83EA5BE130F8DF5610
key=plain, no.=97, cso file:
/dev/null
----------------------------------------------
real command=cset shield -e /home/nrink/Projects/build/encode/encode/tests/array_sum/array_sum.perf.plain --  --cso /dev/null
key=plain, no.=98, <stderr>:
LENGTH=70
elapsed cycles: 16362
hi(checksum)=0xBEF56EAD57ECDB83
lo(checksum)=0xEA5BE130F8DF5610
key=plain, no.=98, <checksum>:
0xBEF56EAD57ECDB83EA5BE130F8DF5610
key=plain, no.=98, cso file:
/dev/null
----------------------------------------------
real command=cset shield -e /home/nrink/Projects/build/encode/encode/tests/array_sum/array_sum.perf.plain --  --cso /dev/null
key=plain, no.=99, <stderr>:
LENGTH=70
elapsed cycles: 15420
hi(checksum)=0xBEF56EAD57ECDB83
lo(checksum)=0xEA5BE130F8DF5610
key=plain, no.=99, <checksum>:
0xBEF56EAD57ECDB83EA5BE130F8DF5610
key=plain, no.=99, cso file:
/dev/null
----------------------------------------------
key=encoded, runs=100 ...
command=/home/nrink/Projects/build/encode/encode/tests/array_sum/array_sum.perf.encoded
----------------------------------------------
real command=cset shield -e /home/nrink/Projects/build/encode/encode/tests/array_sum/array_sum.perf.encoded --  --cso /dev/null
key=encoded, no.=0, <stderr>:
LENGTH=70
elapsed cycles: 111612
hi(checksum)=0xBEF56EAD57ECDB83
lo(checksum)=0xEA5BE130F8DF5610
key=encoded, no.=0, <checksum>:
0xBEF56EAD57ECDB83EA5BE130F8DF5610
key=encoded, no.=0, cso file:
/dev/null
----------------------------------------------
real command=cset shield -e /home/nrink/Projects/build/encode/encode/tests/array_sum/array_sum.perf.encoded --  --cso /dev/null
key=encoded, no.=1, <stderr>:
LENGTH=70
elapsed cycles: 111024
hi(checksum)=0xBEF56EAD57ECDB83
lo(checksum)=0xEA5BE130F8DF5610
key=encoded, no.=1, <checksum>:
0xBEF56EAD57ECDB83EA5BE130F8DF5610
key=encoded, no.=1, cso file:
/dev/null
----------------------------------------------
real command=cset shield -e /home/nrink/Projects/build/encode/encode/tests/array_sum/array_sum.perf.encoded --  --cso /dev/null
key=encoded, no.=2, <stderr>:
LENGTH=70
elapsed cycles: 111030
hi(checksum)=0xBEF56EAD57ECDB83
lo(checksum)=0xEA5BE130F8DF5610
key=encoded, no.=2, <checksum>:
0xBEF56EAD57ECDB83EA5BE130F8DF5610
key=encoded, no.=2, cso file:
/dev/null
----------------------------------------------
real command=cset shield -e /home/nrink/Projects/build/encode/encode/tests/array_sum/array_sum.perf.encoded --  --cso /dev/null
key=encoded, no.=3, <stderr>:
LENGTH=70
elapsed cycles: 145497
hi(checksum)=0xBEF56EAD57ECDB83
lo(checksum)=0xEA5BE130F8DF5610
key=encoded, no.=3, <checksum>:
0xBEF56EAD57ECDB83EA5BE130F8DF5610
key=encoded, no.=3, cso file:
/dev/null
----------------------------------------------
real command=cset shield -e /home/nrink/Projects/build/encode/encode/tests/array_sum/array_sum.perf.encoded --  --cso /dev/null
key=encoded, no.=4, <stderr>:
LENGTH=70
elapsed cycles: 117030
hi(checksum)=0xBEF56EAD57ECDB83
lo(checksum)=0xEA5BE130F8DF5610
key=encoded, no.=4, <checksum>:
0xBEF56EAD57ECDB83EA5BE130F8DF5610
key=encoded, no.=4, cso file:
/dev/null
----------------------------------------------
real command=cset shield -e /home/nrink/Projects/build/encode/encode/tests/array_sum/array_sum.perf.encoded --  --cso /dev/null
key=encoded, no.=5, <stderr>:
LENGTH=70
elapsed cycles: 144021
hi(checksum)=0xBEF56EAD57ECDB83
lo(checksum)=0xEA5BE130F8DF5610
key=encoded, no.=5, <checksum>:
0xBEF56EAD57ECDB83EA5BE130F8DF5610
key=encoded, no.=5, cso file:
/dev/null
----------------------------------------------
real command=cset shield -e /home/nrink/Projects/build/encode/encode/tests/array_sum/array_sum.perf.encoded --  --cso /dev/null
key=encoded, no.=6, <stderr>:
LENGTH=70
elapsed cycles: 144030
hi(checksum)=0xBEF56EAD57ECDB83
lo(checksum)=0xEA5BE130F8DF5610
key=encoded, no.=6, <checksum>:
0xBEF56EAD57ECDB83EA5BE130F8DF5610
key=encoded, no.=6, cso file:
/dev/null
----------------------------------------------
real command=cset shield -e /home/nrink/Projects/build/encode/encode/tests/array_sum/array_sum.perf.encoded --  --cso /dev/null
key=encoded, no.=7, <stderr>:
LENGTH=70
elapsed cycles: 111627
hi(checksum)=0xBEF56EAD57ECDB83
lo(checksum)=0xEA5BE130F8DF5610
key=encoded, no.=7, <checksum>:
0xBEF56EAD57ECDB83EA5BE130F8DF5610
key=encoded, no.=7, cso file:
/dev/null
----------------------------------------------
real command=cset shield -e /home/nrink/Projects/build/encode/encode/tests/array_sum/array_sum.perf.encoded --  --cso /dev/null
key=encoded, no.=8, <stderr>:
LENGTH=70
elapsed cycles: 111129
hi(checksum)=0xBEF56EAD57ECDB83
lo(checksum)=0xEA5BE130F8DF5610
key=encoded, no.=8, <checksum>:
0xBEF56EAD57ECDB83EA5BE130F8DF5610
key=encoded, no.=8, cso file:
/dev/null
----------------------------------------------
real command=cset shield -e /home/nrink/Projects/build/encode/encode/tests/array_sum/array_sum.perf.encoded --  --cso /dev/null
key=encoded, no.=9, <stderr>:
LENGTH=70
elapsed cycles: 119736
hi(checksum)=0xBEF56EAD57ECDB83
lo(checksum)=0xEA5BE130F8DF5610
key=encoded, no.=9, <checksum>:
0xBEF56EAD57ECDB83EA5BE130F8DF5610
key=encoded, no.=9, cso file:
/dev/null
----------------------------------------------
real command=cset shield -e /home/nrink/Projects/build/encode/encode/tests/array_sum/array_sum.perf.encoded --  --cso /dev/null
key=encoded, no.=10, <stderr>:
LENGTH=70
elapsed cycles: 111831
hi(checksum)=0xBEF56EAD57ECDB83
lo(checksum)=0xEA5BE130F8DF5610
key=encoded, no.=10, <checksum>:
0xBEF56EAD57ECDB83EA5BE130F8DF5610
key=encoded, no.=10, cso file:
/dev/null
----------------------------------------------
real command=cset shield -e /home/nrink/Projects/build/encode/encode/tests/array_sum/array_sum.perf.encoded --  --cso /dev/null
key=encoded, no.=11, <stderr>:
LENGTH=70
elapsed cycles: 111075
hi(checksum)=0xBEF56EAD57ECDB83
lo(checksum)=0xEA5BE130F8DF5610
key=encoded, no.=11, <checksum>:
0xBEF56EAD57ECDB83EA5BE130F8DF5610
key=encoded, no.=11, cso file:
/dev/null
----------------------------------------------
real command=cset shield -e /home/nrink/Projects/build/encode/encode/tests/array_sum/array_sum.perf.encoded --  --cso /dev/null
key=encoded, no.=12, <stderr>:
LENGTH=70
elapsed cycles: 110958
hi(checksum)=0xBEF56EAD57ECDB83
lo(checksum)=0xEA5BE130F8DF5610
key=encoded, no.=12, <checksum>:
0xBEF56EAD57ECDB83EA5BE130F8DF5610
key=encoded, no.=12, cso file:
/dev/null
----------------------------------------------
real command=cset shield -e /home/nrink/Projects/build/encode/encode/tests/array_sum/array_sum.perf.encoded --  --cso /dev/null
key=encoded, no.=13, <stderr>:
LENGTH=70
elapsed cycles: 111165
hi(checksum)=0xBEF56EAD57ECDB83
lo(checksum)=0xEA5BE130F8DF5610
key=encoded, no.=13, <checksum>:
0xBEF56EAD57ECDB83EA5BE130F8DF5610
key=encoded, no.=13, cso file:
/dev/null
----------------------------------------------
real command=cset shield -e /home/nrink/Projects/build/encode/encode/tests/array_sum/array_sum.perf.encoded --  --cso /dev/null
key=encoded, no.=14, <stderr>:
LENGTH=70
elapsed cycles: 112746
hi(checksum)=0xBEF56EAD57ECDB83
lo(checksum)=0xEA5BE130F8DF5610
key=encoded, no.=14, <checksum>:
0xBEF56EAD57ECDB83EA5BE130F8DF5610
key=encoded, no.=14, cso file:
/dev/null
----------------------------------------------
real command=cset shield -e /home/nrink/Projects/build/encode/encode/tests/array_sum/array_sum.perf.encoded --  --cso /dev/null
key=encoded, no.=15, <stderr>:
LENGTH=70
elapsed cycles: 111843
hi(checksum)=0xBEF56EAD57ECDB83
lo(checksum)=0xEA5BE130F8DF5610
key=encoded, no.=15, <checksum>:
0xBEF56EAD57ECDB83EA5BE130F8DF5610
key=encoded, no.=15, cso file:
/dev/null
----------------------------------------------
real command=cset shield -e /home/nrink/Projects/build/encode/encode/tests/array_sum/array_sum.perf.encoded --  --cso /dev/null
key=encoded, no.=16, <stderr>:
LENGTH=70
elapsed cycles: 111630
hi(checksum)=0xBEF56EAD57ECDB83
lo(checksum)=0xEA5BE130F8DF5610
key=encoded, no.=16, <checksum>:
0xBEF56EAD57ECDB83EA5BE130F8DF5610
key=encoded, no.=16, cso file:
/dev/null
----------------------------------------------
real command=cset shield -e /home/nrink/Projects/build/encode/encode/tests/array_sum/array_sum.perf.encoded --  --cso /dev/null
key=encoded, no.=17, <stderr>:
LENGTH=70
elapsed cycles: 117120
hi(checksum)=0xBEF56EAD57ECDB83
lo(checksum)=0xEA5BE130F8DF5610
key=encoded, no.=17, <checksum>:
0xBEF56EAD57ECDB83EA5BE130F8DF5610
key=encoded, no.=17, cso file:
/dev/null
----------------------------------------------
real command=cset shield -e /home/nrink/Projects/build/encode/encode/tests/array_sum/array_sum.perf.encoded --  --cso /dev/null
key=encoded, no.=18, <stderr>:
LENGTH=70
elapsed cycles: 111387
hi(checksum)=0xBEF56EAD57ECDB83
lo(checksum)=0xEA5BE130F8DF5610
key=encoded, no.=18, <checksum>:
0xBEF56EAD57ECDB83EA5BE130F8DF5610
key=encoded, no.=18, cso file:
/dev/null
----------------------------------------------
real command=cset shield -e /home/nrink/Projects/build/encode/encode/tests/array_sum/array_sum.perf.encoded --  --cso /dev/null
key=encoded, no.=19, <stderr>:
LENGTH=70
elapsed cycles: 112086
hi(checksum)=0xBEF56EAD57ECDB83
lo(checksum)=0xEA5BE130F8DF5610
key=encoded, no.=19, <checksum>:
0xBEF56EAD57ECDB83EA5BE130F8DF5610
key=encoded, no.=19, cso file:
/dev/null
----------------------------------------------
real command=cset shield -e /home/nrink/Projects/build/encode/encode/tests/array_sum/array_sum.perf.encoded --  --cso /dev/null
key=encoded, no.=20, <stderr>:
LENGTH=70
elapsed cycles: 111648
hi(checksum)=0xBEF56EAD57ECDB83
lo(checksum)=0xEA5BE130F8DF5610
key=encoded, no.=20, <checksum>:
0xBEF56EAD57ECDB83EA5BE130F8DF5610
key=encoded, no.=20, cso file:
/dev/null
----------------------------------------------
real command=cset shield -e /home/nrink/Projects/build/encode/encode/tests/array_sum/array_sum.perf.encoded --  --cso /dev/null
key=encoded, no.=21, <stderr>:
LENGTH=70
elapsed cycles: 111621
hi(checksum)=0xBEF56EAD57ECDB83
lo(checksum)=0xEA5BE130F8DF5610
key=encoded, no.=21, <checksum>:
0xBEF56EAD57ECDB83EA5BE130F8DF5610
key=encoded, no.=21, cso file:
/dev/null
----------------------------------------------
real command=cset shield -e /home/nrink/Projects/build/encode/encode/tests/array_sum/array_sum.perf.encoded --  --cso /dev/null
key=encoded, no.=22, <stderr>:
LENGTH=70
elapsed cycles: 112608
hi(checksum)=0xBEF56EAD57ECDB83
lo(checksum)=0xEA5BE130F8DF5610
key=encoded, no.=22, <checksum>:
0xBEF56EAD57ECDB83EA5BE130F8DF5610
key=encoded, no.=22, cso file:
/dev/null
----------------------------------------------
real command=cset shield -e /home/nrink/Projects/build/encode/encode/tests/array_sum/array_sum.perf.encoded --  --cso /dev/null
key=encoded, no.=23, <stderr>:
LENGTH=70
elapsed cycles: 111615
hi(checksum)=0xBEF56EAD57ECDB83
lo(checksum)=0xEA5BE130F8DF5610
key=encoded, no.=23, <checksum>:
0xBEF56EAD57ECDB83EA5BE130F8DF5610
key=encoded, no.=23, cso file:
/dev/null
----------------------------------------------
real command=cset shield -e /home/nrink/Projects/build/encode/encode/tests/array_sum/array_sum.perf.encoded --  --cso /dev/null
key=encoded, no.=24, <stderr>:
LENGTH=70
elapsed cycles: 111591
hi(checksum)=0xBEF56EAD57ECDB83
lo(checksum)=0xEA5BE130F8DF5610
key=encoded, no.=24, <checksum>:
0xBEF56EAD57ECDB83EA5BE130F8DF5610
key=encoded, no.=24, cso file:
/dev/null
----------------------------------------------
real command=cset shield -e /home/nrink/Projects/build/encode/encode/tests/array_sum/array_sum.perf.encoded --  --cso /dev/null
key=encoded, no.=25, <stderr>:
LENGTH=70
elapsed cycles: 112260
hi(checksum)=0xBEF56EAD57ECDB83
lo(checksum)=0xEA5BE130F8DF5610
key=encoded, no.=25, <checksum>:
0xBEF56EAD57ECDB83EA5BE130F8DF5610
key=encoded, no.=25, cso file:
/dev/null
----------------------------------------------
real command=cset shield -e /home/nrink/Projects/build/encode/encode/tests/array_sum/array_sum.perf.encoded --  --cso /dev/null
key=encoded, no.=26, <stderr>:
LENGTH=70
elapsed cycles: 111609
hi(checksum)=0xBEF56EAD57ECDB83
lo(checksum)=0xEA5BE130F8DF5610
key=encoded, no.=26, <checksum>:
0xBEF56EAD57ECDB83EA5BE130F8DF5610
key=encoded, no.=26, cso file:
/dev/null
----------------------------------------------
real command=cset shield -e /home/nrink/Projects/build/encode/encode/tests/array_sum/array_sum.perf.encoded --  --cso /dev/null
key=encoded, no.=27, <stderr>:
LENGTH=70
elapsed cycles: 111897
hi(checksum)=0xBEF56EAD57ECDB83
lo(checksum)=0xEA5BE130F8DF5610
key=encoded, no.=27, <checksum>:
0xBEF56EAD57ECDB83EA5BE130F8DF5610
key=encoded, no.=27, cso file:
/dev/null
----------------------------------------------
real command=cset shield -e /home/nrink/Projects/build/encode/encode/tests/array_sum/array_sum.perf.encoded --  --cso /dev/null
key=encoded, no.=28, <stderr>:
LENGTH=70
elapsed cycles: 111207
hi(checksum)=0xBEF56EAD57ECDB83
lo(checksum)=0xEA5BE130F8DF5610
key=encoded, no.=28, <checksum>:
0xBEF56EAD57ECDB83EA5BE130F8DF5610
key=encoded, no.=28, cso file:
/dev/null
----------------------------------------------
real command=cset shield -e /home/nrink/Projects/build/encode/encode/tests/array_sum/array_sum.perf.encoded --  --cso /dev/null
key=encoded, no.=29, <stderr>:
LENGTH=70
elapsed cycles: 112806
hi(checksum)=0xBEF56EAD57ECDB83
lo(checksum)=0xEA5BE130F8DF5610
key=encoded, no.=29, <checksum>:
0xBEF56EAD57ECDB83EA5BE130F8DF5610
key=encoded, no.=29, cso file:
/dev/null
----------------------------------------------
real command=cset shield -e /home/nrink/Projects/build/encode/encode/tests/array_sum/array_sum.perf.encoded --  --cso /dev/null
key=encoded, no.=30, <stderr>:
LENGTH=70
elapsed cycles: 141921
hi(checksum)=0xBEF56EAD57ECDB83
lo(checksum)=0xEA5BE130F8DF5610
key=encoded, no.=30, <checksum>:
0xBEF56EAD57ECDB83EA5BE130F8DF5610
key=encoded, no.=30, cso file:
/dev/null
----------------------------------------------
real command=cset shield -e /home/nrink/Projects/build/encode/encode/tests/array_sum/array_sum.perf.encoded --  --cso /dev/null
key=encoded, no.=31, <stderr>:
LENGTH=70
elapsed cycles: 117021
hi(checksum)=0xBEF56EAD57ECDB83
lo(checksum)=0xEA5BE130F8DF5610
key=encoded, no.=31, <checksum>:
0xBEF56EAD57ECDB83EA5BE130F8DF5610
key=encoded, no.=31, cso file:
/dev/null
----------------------------------------------
real command=cset shield -e /home/nrink/Projects/build/encode/encode/tests/array_sum/array_sum.perf.encoded --  --cso /dev/null
key=encoded, no.=32, <stderr>:
LENGTH=70
elapsed cycles: 112308
hi(checksum)=0xBEF56EAD57ECDB83
lo(checksum)=0xEA5BE130F8DF5610
key=encoded, no.=32, <checksum>:
0xBEF56EAD57ECDB83EA5BE130F8DF5610
key=encoded, no.=32, cso file:
/dev/null
----------------------------------------------
real command=cset shield -e /home/nrink/Projects/build/encode/encode/tests/array_sum/array_sum.perf.encoded --  --cso /dev/null
key=encoded, no.=33, <stderr>:
LENGTH=70
elapsed cycles: 111105
hi(checksum)=0xBEF56EAD57ECDB83
lo(checksum)=0xEA5BE130F8DF5610
key=encoded, no.=33, <checksum>:
0xBEF56EAD57ECDB83EA5BE130F8DF5610
key=encoded, no.=33, cso file:
/dev/null
----------------------------------------------
real command=cset shield -e /home/nrink/Projects/build/encode/encode/tests/array_sum/array_sum.perf.encoded --  --cso /dev/null
key=encoded, no.=34, <stderr>:
LENGTH=70
elapsed cycles: 111141
hi(checksum)=0xBEF56EAD57ECDB83
lo(checksum)=0xEA5BE130F8DF5610
key=encoded, no.=34, <checksum>:
0xBEF56EAD57ECDB83EA5BE130F8DF5610
key=encoded, no.=34, cso file:
/dev/null
----------------------------------------------
real command=cset shield -e /home/nrink/Projects/build/encode/encode/tests/array_sum/array_sum.perf.encoded --  --cso /dev/null
key=encoded, no.=35, <stderr>:
LENGTH=70
elapsed cycles: 117240
hi(checksum)=0xBEF56EAD57ECDB83
lo(checksum)=0xEA5BE130F8DF5610
key=encoded, no.=35, <checksum>:
0xBEF56EAD57ECDB83EA5BE130F8DF5610
key=encoded, no.=35, cso file:
/dev/null
----------------------------------------------
real command=cset shield -e /home/nrink/Projects/build/encode/encode/tests/array_sum/array_sum.perf.encoded --  --cso /dev/null
key=encoded, no.=36, <stderr>:
LENGTH=70
elapsed cycles: 111042
hi(checksum)=0xBEF56EAD57ECDB83
lo(checksum)=0xEA5BE130F8DF5610
key=encoded, no.=36, <checksum>:
0xBEF56EAD57ECDB83EA5BE130F8DF5610
key=encoded, no.=36, cso file:
/dev/null
----------------------------------------------
real command=cset shield -e /home/nrink/Projects/build/encode/encode/tests/array_sum/array_sum.perf.encoded --  --cso /dev/null
key=encoded, no.=37, <stderr>:
LENGTH=70
elapsed cycles: 117666
hi(checksum)=0xBEF56EAD57ECDB83
lo(checksum)=0xEA5BE130F8DF5610
key=encoded, no.=37, <checksum>:
0xBEF56EAD57ECDB83EA5BE130F8DF5610
key=encoded, no.=37, cso file:
/dev/null
----------------------------------------------
real command=cset shield -e /home/nrink/Projects/build/encode/encode/tests/array_sum/array_sum.perf.encoded --  --cso /dev/null
key=encoded, no.=38, <stderr>:
LENGTH=70
elapsed cycles: 113067
hi(checksum)=0xBEF56EAD57ECDB83
lo(checksum)=0xEA5BE130F8DF5610
key=encoded, no.=38, <checksum>:
0xBEF56EAD57ECDB83EA5BE130F8DF5610
key=encoded, no.=38, cso file:
/dev/null
----------------------------------------------
real command=cset shield -e /home/nrink/Projects/build/encode/encode/tests/array_sum/array_sum.perf.encoded --  --cso /dev/null
key=encoded, no.=39, <stderr>:
LENGTH=70
elapsed cycles: 117429
hi(checksum)=0xBEF56EAD57ECDB83
lo(checksum)=0xEA5BE130F8DF5610
key=encoded, no.=39, <checksum>:
0xBEF56EAD57ECDB83EA5BE130F8DF5610
key=encoded, no.=39, cso file:
/dev/null
----------------------------------------------
real command=cset shield -e /home/nrink/Projects/build/encode/encode/tests/array_sum/array_sum.perf.encoded --  --cso /dev/null
key=encoded, no.=40, <stderr>:
LENGTH=70
elapsed cycles: 144270
hi(checksum)=0xBEF56EAD57ECDB83
lo(checksum)=0xEA5BE130F8DF5610
key=encoded, no.=40, <checksum>:
0xBEF56EAD57ECDB83EA5BE130F8DF5610
key=encoded, no.=40, cso file:
/dev/null
----------------------------------------------
real command=cset shield -e /home/nrink/Projects/build/encode/encode/tests/array_sum/array_sum.perf.encoded --  --cso /dev/null
key=encoded, no.=41, <stderr>:
LENGTH=70
elapsed cycles: 110805
hi(checksum)=0xBEF56EAD57ECDB83
lo(checksum)=0xEA5BE130F8DF5610
key=encoded, no.=41, <checksum>:
0xBEF56EAD57ECDB83EA5BE130F8DF5610
key=encoded, no.=41, cso file:
/dev/null
----------------------------------------------
real command=cset shield -e /home/nrink/Projects/build/encode/encode/tests/array_sum/array_sum.perf.encoded --  --cso /dev/null
key=encoded, no.=42, <stderr>:
LENGTH=70
elapsed cycles: 111264
hi(checksum)=0xBEF56EAD57ECDB83
lo(checksum)=0xEA5BE130F8DF5610
key=encoded, no.=42, <checksum>:
0xBEF56EAD57ECDB83EA5BE130F8DF5610
key=encoded, no.=42, cso file:
/dev/null
----------------------------------------------
real command=cset shield -e /home/nrink/Projects/build/encode/encode/tests/array_sum/array_sum.perf.encoded --  --cso /dev/null
key=encoded, no.=43, <stderr>:
LENGTH=70
elapsed cycles: 145020
hi(checksum)=0xBEF56EAD57ECDB83
lo(checksum)=0xEA5BE130F8DF5610
key=encoded, no.=43, <checksum>:
0xBEF56EAD57ECDB83EA5BE130F8DF5610
key=encoded, no.=43, cso file:
/dev/null
----------------------------------------------
real command=cset shield -e /home/nrink/Projects/build/encode/encode/tests/array_sum/array_sum.perf.encoded --  --cso /dev/null
key=encoded, no.=44, <stderr>:
LENGTH=70
elapsed cycles: 111636
hi(checksum)=0xBEF56EAD57ECDB83
lo(checksum)=0xEA5BE130F8DF5610
key=encoded, no.=44, <checksum>:
0xBEF56EAD57ECDB83EA5BE130F8DF5610
key=encoded, no.=44, cso file:
/dev/null
----------------------------------------------
real command=cset shield -e /home/nrink/Projects/build/encode/encode/tests/array_sum/array_sum.perf.encoded --  --cso /dev/null
key=encoded, no.=45, <stderr>:
LENGTH=70
elapsed cycles: 111855
hi(checksum)=0xBEF56EAD57ECDB83
lo(checksum)=0xEA5BE130F8DF5610
key=encoded, no.=45, <checksum>:
0xBEF56EAD57ECDB83EA5BE130F8DF5610
key=encoded, no.=45, cso file:
/dev/null
----------------------------------------------
real command=cset shield -e /home/nrink/Projects/build/encode/encode/tests/array_sum/array_sum.perf.encoded --  --cso /dev/null
key=encoded, no.=46, <stderr>:
LENGTH=70
elapsed cycles: 112086
hi(checksum)=0xBEF56EAD57ECDB83
lo(checksum)=0xEA5BE130F8DF5610
key=encoded, no.=46, <checksum>:
0xBEF56EAD57ECDB83EA5BE130F8DF5610
key=encoded, no.=46, cso file:
/dev/null
----------------------------------------------
real command=cset shield -e /home/nrink/Projects/build/encode/encode/tests/array_sum/array_sum.perf.encoded --  --cso /dev/null
key=encoded, no.=47, <stderr>:
LENGTH=70
elapsed cycles: 111882
hi(checksum)=0xBEF56EAD57ECDB83
lo(checksum)=0xEA5BE130F8DF5610
key=encoded, no.=47, <checksum>:
0xBEF56EAD57ECDB83EA5BE130F8DF5610
key=encoded, no.=47, cso file:
/dev/null
----------------------------------------------
real command=cset shield -e /home/nrink/Projects/build/encode/encode/tests/array_sum/array_sum.perf.encoded --  --cso /dev/null
key=encoded, no.=48, <stderr>:
LENGTH=70
elapsed cycles: 111831
hi(checksum)=0xBEF56EAD57ECDB83
lo(checksum)=0xEA5BE130F8DF5610
key=encoded, no.=48, <checksum>:
0xBEF56EAD57ECDB83EA5BE130F8DF5610
key=encoded, no.=48, cso file:
/dev/null
----------------------------------------------
real command=cset shield -e /home/nrink/Projects/build/encode/encode/tests/array_sum/array_sum.perf.encoded --  --cso /dev/null
key=encoded, no.=49, <stderr>:
LENGTH=70
elapsed cycles: 218637
hi(checksum)=0xBEF56EAD57ECDB83
lo(checksum)=0xEA5BE130F8DF5610
key=encoded, no.=49, <checksum>:
0xBEF56EAD57ECDB83EA5BE130F8DF5610
key=encoded, no.=49, cso file:
/dev/null
----------------------------------------------
real command=cset shield -e /home/nrink/Projects/build/encode/encode/tests/array_sum/array_sum.perf.encoded --  --cso /dev/null
key=encoded, no.=50, <stderr>:
LENGTH=70
elapsed cycles: 111192
hi(checksum)=0xBEF56EAD57ECDB83
lo(checksum)=0xEA5BE130F8DF5610
key=encoded, no.=50, <checksum>:
0xBEF56EAD57ECDB83EA5BE130F8DF5610
key=encoded, no.=50, cso file:
/dev/null
----------------------------------------------
real command=cset shield -e /home/nrink/Projects/build/encode/encode/tests/array_sum/array_sum.perf.encoded --  --cso /dev/null
key=encoded, no.=51, <stderr>:
LENGTH=70
elapsed cycles: 118608
hi(checksum)=0xBEF56EAD57ECDB83
lo(checksum)=0xEA5BE130F8DF5610
key=encoded, no.=51, <checksum>:
0xBEF56EAD57ECDB83EA5BE130F8DF5610
key=encoded, no.=51, cso file:
/dev/null
----------------------------------------------
real command=cset shield -e /home/nrink/Projects/build/encode/encode/tests/array_sum/array_sum.perf.encoded --  --cso /dev/null
key=encoded, no.=52, <stderr>:
LENGTH=70
elapsed cycles: 143895
hi(checksum)=0xBEF56EAD57ECDB83
lo(checksum)=0xEA5BE130F8DF5610
key=encoded, no.=52, <checksum>:
0xBEF56EAD57ECDB83EA5BE130F8DF5610
key=encoded, no.=52, cso file:
/dev/null
----------------------------------------------
real command=cset shield -e /home/nrink/Projects/build/encode/encode/tests/array_sum/array_sum.perf.encoded --  --cso /dev/null
key=encoded, no.=53, <stderr>:
LENGTH=70
elapsed cycles: 116829
hi(checksum)=0xBEF56EAD57ECDB83
lo(checksum)=0xEA5BE130F8DF5610
key=encoded, no.=53, <checksum>:
0xBEF56EAD57ECDB83EA5BE130F8DF5610
key=encoded, no.=53, cso file:
/dev/null
----------------------------------------------
real command=cset shield -e /home/nrink/Projects/build/encode/encode/tests/array_sum/array_sum.perf.encoded --  --cso /dev/null
key=encoded, no.=54, <stderr>:
LENGTH=70
elapsed cycles: 111243
hi(checksum)=0xBEF56EAD57ECDB83
lo(checksum)=0xEA5BE130F8DF5610
key=encoded, no.=54, <checksum>:
0xBEF56EAD57ECDB83EA5BE130F8DF5610
key=encoded, no.=54, cso file:
/dev/null
----------------------------------------------
real command=cset shield -e /home/nrink/Projects/build/encode/encode/tests/array_sum/array_sum.perf.encoded --  --cso /dev/null
key=encoded, no.=55, <stderr>:
LENGTH=70
elapsed cycles: 111144
hi(checksum)=0xBEF56EAD57ECDB83
lo(checksum)=0xEA5BE130F8DF5610
key=encoded, no.=55, <checksum>:
0xBEF56EAD57ECDB83EA5BE130F8DF5610
key=encoded, no.=55, cso file:
/dev/null
----------------------------------------------
real command=cset shield -e /home/nrink/Projects/build/encode/encode/tests/array_sum/array_sum.perf.encoded --  --cso /dev/null
key=encoded, no.=56, <stderr>:
LENGTH=70
elapsed cycles: 144222
hi(checksum)=0xBEF56EAD57ECDB83
lo(checksum)=0xEA5BE130F8DF5610
key=encoded, no.=56, <checksum>:
0xBEF56EAD57ECDB83EA5BE130F8DF5610
key=encoded, no.=56, cso file:
/dev/null
----------------------------------------------
real command=cset shield -e /home/nrink/Projects/build/encode/encode/tests/array_sum/array_sum.perf.encoded --  --cso /dev/null
key=encoded, no.=57, <stderr>:
LENGTH=70
elapsed cycles: 117249
hi(checksum)=0xBEF56EAD57ECDB83
lo(checksum)=0xEA5BE130F8DF5610
key=encoded, no.=57, <checksum>:
0xBEF56EAD57ECDB83EA5BE130F8DF5610
key=encoded, no.=57, cso file:
/dev/null
----------------------------------------------
real command=cset shield -e /home/nrink/Projects/build/encode/encode/tests/array_sum/array_sum.perf.encoded --  --cso /dev/null
key=encoded, no.=58, <stderr>:
LENGTH=70
elapsed cycles: 144585
hi(checksum)=0xBEF56EAD57ECDB83
lo(checksum)=0xEA5BE130F8DF5610
key=encoded, no.=58, <checksum>:
0xBEF56EAD57ECDB83EA5BE130F8DF5610
key=encoded, no.=58, cso file:
/dev/null
----------------------------------------------
real command=cset shield -e /home/nrink/Projects/build/encode/encode/tests/array_sum/array_sum.perf.encoded --  --cso /dev/null
key=encoded, no.=59, <stderr>:
LENGTH=70
elapsed cycles: 118800
hi(checksum)=0xBEF56EAD57ECDB83
lo(checksum)=0xEA5BE130F8DF5610
key=encoded, no.=59, <checksum>:
0xBEF56EAD57ECDB83EA5BE130F8DF5610
key=encoded, no.=59, cso file:
/dev/null
----------------------------------------------
real command=cset shield -e /home/nrink/Projects/build/encode/encode/tests/array_sum/array_sum.perf.encoded --  --cso /dev/null
key=encoded, no.=60, <stderr>:
LENGTH=70
elapsed cycles: 111102
hi(checksum)=0xBEF56EAD57ECDB83
lo(checksum)=0xEA5BE130F8DF5610
key=encoded, no.=60, <checksum>:
0xBEF56EAD57ECDB83EA5BE130F8DF5610
key=encoded, no.=60, cso file:
/dev/null
----------------------------------------------
real command=cset shield -e /home/nrink/Projects/build/encode/encode/tests/array_sum/array_sum.perf.encoded --  --cso /dev/null
key=encoded, no.=61, <stderr>:
LENGTH=70
elapsed cycles: 111144
hi(checksum)=0xBEF56EAD57ECDB83
lo(checksum)=0xEA5BE130F8DF5610
key=encoded, no.=61, <checksum>:
0xBEF56EAD57ECDB83EA5BE130F8DF5610
key=encoded, no.=61, cso file:
/dev/null
----------------------------------------------
real command=cset shield -e /home/nrink/Projects/build/encode/encode/tests/array_sum/array_sum.perf.encoded --  --cso /dev/null
key=encoded, no.=62, <stderr>:
LENGTH=70
elapsed cycles: 116997
hi(checksum)=0xBEF56EAD57ECDB83
lo(checksum)=0xEA5BE130F8DF5610
key=encoded, no.=62, <checksum>:
0xBEF56EAD57ECDB83EA5BE130F8DF5610
key=encoded, no.=62, cso file:
/dev/null
----------------------------------------------
real command=cset shield -e /home/nrink/Projects/build/encode/encode/tests/array_sum/array_sum.perf.encoded --  --cso /dev/null
key=encoded, no.=63, <stderr>:
LENGTH=70
elapsed cycles: 114084
hi(checksum)=0xBEF56EAD57ECDB83
lo(checksum)=0xEA5BE130F8DF5610
key=encoded, no.=63, <checksum>:
0xBEF56EAD57ECDB83EA5BE130F8DF5610
key=encoded, no.=63, cso file:
/dev/null
----------------------------------------------
real command=cset shield -e /home/nrink/Projects/build/encode/encode/tests/array_sum/array_sum.perf.encoded --  --cso /dev/null
key=encoded, no.=64, <stderr>:
LENGTH=70
elapsed cycles: 216726
hi(checksum)=0xBEF56EAD57ECDB83
lo(checksum)=0xEA5BE130F8DF5610
key=encoded, no.=64, <checksum>:
0xBEF56EAD57ECDB83EA5BE130F8DF5610
key=encoded, no.=64, cso file:
/dev/null
----------------------------------------------
real command=cset shield -e /home/nrink/Projects/build/encode/encode/tests/array_sum/array_sum.perf.encoded --  --cso /dev/null
key=encoded, no.=65, <stderr>:
LENGTH=70
elapsed cycles: 210564
hi(checksum)=0xBEF56EAD57ECDB83
lo(checksum)=0xEA5BE130F8DF5610
key=encoded, no.=65, <checksum>:
0xBEF56EAD57ECDB83EA5BE130F8DF5610
key=encoded, no.=65, cso file:
/dev/null
----------------------------------------------
real command=cset shield -e /home/nrink/Projects/build/encode/encode/tests/array_sum/array_sum.perf.encoded --  --cso /dev/null
key=encoded, no.=66, <stderr>:
LENGTH=70
elapsed cycles: 219882
hi(checksum)=0xBEF56EAD57ECDB83
lo(checksum)=0xEA5BE130F8DF5610
key=encoded, no.=66, <checksum>:
0xBEF56EAD57ECDB83EA5BE130F8DF5610
key=encoded, no.=66, cso file:
/dev/null
----------------------------------------------
real command=cset shield -e /home/nrink/Projects/build/encode/encode/tests/array_sum/array_sum.perf.encoded --  --cso /dev/null
key=encoded, no.=67, <stderr>:
LENGTH=70
elapsed cycles: 199950
hi(checksum)=0xBEF56EAD57ECDB83
lo(checksum)=0xEA5BE130F8DF5610
key=encoded, no.=67, <checksum>:
0xBEF56EAD57ECDB83EA5BE130F8DF5610
key=encoded, no.=67, cso file:
/dev/null
----------------------------------------------
real command=cset shield -e /home/nrink/Projects/build/encode/encode/tests/array_sum/array_sum.perf.encoded --  --cso /dev/null
key=encoded, no.=68, <stderr>:
LENGTH=70
elapsed cycles: 187389
hi(checksum)=0xBEF56EAD57ECDB83
lo(checksum)=0xEA5BE130F8DF5610
key=encoded, no.=68, <checksum>:
0xBEF56EAD57ECDB83EA5BE130F8DF5610
key=encoded, no.=68, cso file:
/dev/null
----------------------------------------------
real command=cset shield -e /home/nrink/Projects/build/encode/encode/tests/array_sum/array_sum.perf.encoded --  --cso /dev/null
key=encoded, no.=69, <stderr>:
LENGTH=70
elapsed cycles: 111435
hi(checksum)=0xBEF56EAD57ECDB83
lo(checksum)=0xEA5BE130F8DF5610
key=encoded, no.=69, <checksum>:
0xBEF56EAD57ECDB83EA5BE130F8DF5610
key=encoded, no.=69, cso file:
/dev/null
----------------------------------------------
real command=cset shield -e /home/nrink/Projects/build/encode/encode/tests/array_sum/array_sum.perf.encoded --  --cso /dev/null
key=encoded, no.=70, <stderr>:
LENGTH=70
elapsed cycles: 117006
hi(checksum)=0xBEF56EAD57ECDB83
lo(checksum)=0xEA5BE130F8DF5610
key=encoded, no.=70, <checksum>:
0xBEF56EAD57ECDB83EA5BE130F8DF5610
key=encoded, no.=70, cso file:
/dev/null
----------------------------------------------
real command=cset shield -e /home/nrink/Projects/build/encode/encode/tests/array_sum/array_sum.perf.encoded --  --cso /dev/null
key=encoded, no.=71, <stderr>:
LENGTH=70
elapsed cycles: 142950
hi(checksum)=0xBEF56EAD57ECDB83
lo(checksum)=0xEA5BE130F8DF5610
key=encoded, no.=71, <checksum>:
0xBEF56EAD57ECDB83EA5BE130F8DF5610
key=encoded, no.=71, cso file:
/dev/null
----------------------------------------------
real command=cset shield -e /home/nrink/Projects/build/encode/encode/tests/array_sum/array_sum.perf.encoded --  --cso /dev/null
key=encoded, no.=72, <stderr>:
LENGTH=70
elapsed cycles: 114216
hi(checksum)=0xBEF56EAD57ECDB83
lo(checksum)=0xEA5BE130F8DF5610
key=encoded, no.=72, <checksum>:
0xBEF56EAD57ECDB83EA5BE130F8DF5610
key=encoded, no.=72, cso file:
/dev/null
----------------------------------------------
real command=cset shield -e /home/nrink/Projects/build/encode/encode/tests/array_sum/array_sum.perf.encoded --  --cso /dev/null
key=encoded, no.=73, <stderr>:
LENGTH=70
elapsed cycles: 111144
hi(checksum)=0xBEF56EAD57ECDB83
lo(checksum)=0xEA5BE130F8DF5610
key=encoded, no.=73, <checksum>:
0xBEF56EAD57ECDB83EA5BE130F8DF5610
key=encoded, no.=73, cso file:
/dev/null
----------------------------------------------
real command=cset shield -e /home/nrink/Projects/build/encode/encode/tests/array_sum/array_sum.perf.encoded --  --cso /dev/null
key=encoded, no.=74, <stderr>:
LENGTH=70
elapsed cycles: 112680
hi(checksum)=0xBEF56EAD57ECDB83
lo(checksum)=0xEA5BE130F8DF5610
key=encoded, no.=74, <checksum>:
0xBEF56EAD57ECDB83EA5BE130F8DF5610
key=encoded, no.=74, cso file:
/dev/null
----------------------------------------------
real command=cset shield -e /home/nrink/Projects/build/encode/encode/tests/array_sum/array_sum.perf.encoded --  --cso /dev/null
key=encoded, no.=75, <stderr>:
LENGTH=70
elapsed cycles: 110589
hi(checksum)=0xBEF56EAD57ECDB83
lo(checksum)=0xEA5BE130F8DF5610
key=encoded, no.=75, <checksum>:
0xBEF56EAD57ECDB83EA5BE130F8DF5610
key=encoded, no.=75, cso file:
/dev/null
----------------------------------------------
real command=cset shield -e /home/nrink/Projects/build/encode/encode/tests/array_sum/array_sum.perf.encoded --  --cso /dev/null
key=encoded, no.=76, <stderr>:
LENGTH=70
elapsed cycles: 111423
hi(checksum)=0xBEF56EAD57ECDB83
lo(checksum)=0xEA5BE130F8DF5610
key=encoded, no.=76, <checksum>:
0xBEF56EAD57ECDB83EA5BE130F8DF5610
key=encoded, no.=76, cso file:
/dev/null
----------------------------------------------
real command=cset shield -e /home/nrink/Projects/build/encode/encode/tests/array_sum/array_sum.perf.encoded --  --cso /dev/null
key=encoded, no.=77, <stderr>:
LENGTH=70
elapsed cycles: 111093
hi(checksum)=0xBEF56EAD57ECDB83
lo(checksum)=0xEA5BE130F8DF5610
key=encoded, no.=77, <checksum>:
0xBEF56EAD57ECDB83EA5BE130F8DF5610
key=encoded, no.=77, cso file:
/dev/null
----------------------------------------------
real command=cset shield -e /home/nrink/Projects/build/encode/encode/tests/array_sum/array_sum.perf.encoded --  --cso /dev/null
key=encoded, no.=78, <stderr>:
LENGTH=70
elapsed cycles: 111285
hi(checksum)=0xBEF56EAD57ECDB83
lo(checksum)=0xEA5BE130F8DF5610
key=encoded, no.=78, <checksum>:
0xBEF56EAD57ECDB83EA5BE130F8DF5610
key=encoded, no.=78, cso file:
/dev/null
----------------------------------------------
real command=cset shield -e /home/nrink/Projects/build/encode/encode/tests/array_sum/array_sum.perf.encoded --  --cso /dev/null
key=encoded, no.=79, <stderr>:
LENGTH=70
elapsed cycles: 111375
hi(checksum)=0xBEF56EAD57ECDB83
lo(checksum)=0xEA5BE130F8DF5610
key=encoded, no.=79, <checksum>:
0xBEF56EAD57ECDB83EA5BE130F8DF5610
key=encoded, no.=79, cso file:
/dev/null
----------------------------------------------
real command=cset shield -e /home/nrink/Projects/build/encode/encode/tests/array_sum/array_sum.perf.encoded --  --cso /dev/null
key=encoded, no.=80, <stderr>:
LENGTH=70
elapsed cycles: 111402
hi(checksum)=0xBEF56EAD57ECDB83
lo(checksum)=0xEA5BE130F8DF5610
key=encoded, no.=80, <checksum>:
0xBEF56EAD57ECDB83EA5BE130F8DF5610
key=encoded, no.=80, cso file:
/dev/null
----------------------------------------------
real command=cset shield -e /home/nrink/Projects/build/encode/encode/tests/array_sum/array_sum.perf.encoded --  --cso /dev/null
key=encoded, no.=81, <stderr>:
LENGTH=70
elapsed cycles: 145446
hi(checksum)=0xBEF56EAD57ECDB83
lo(checksum)=0xEA5BE130F8DF5610
key=encoded, no.=81, <checksum>:
0xBEF56EAD57ECDB83EA5BE130F8DF5610
key=encoded, no.=81, cso file:
/dev/null
----------------------------------------------
real command=cset shield -e /home/nrink/Projects/build/encode/encode/tests/array_sum/array_sum.perf.encoded --  --cso /dev/null
key=encoded, no.=82, <stderr>:
LENGTH=70
elapsed cycles: 111375
hi(checksum)=0xBEF56EAD57ECDB83
lo(checksum)=0xEA5BE130F8DF5610
key=encoded, no.=82, <checksum>:
0xBEF56EAD57ECDB83EA5BE130F8DF5610
key=encoded, no.=82, cso file:
/dev/null
----------------------------------------------
real command=cset shield -e /home/nrink/Projects/build/encode/encode/tests/array_sum/array_sum.perf.encoded --  --cso /dev/null
key=encoded, no.=83, <stderr>:
LENGTH=70
elapsed cycles: 201867
hi(checksum)=0xBEF56EAD57ECDB83
lo(checksum)=0xEA5BE130F8DF5610
key=encoded, no.=83, <checksum>:
0xBEF56EAD57ECDB83EA5BE130F8DF5610
key=encoded, no.=83, cso file:
/dev/null
----------------------------------------------
real command=cset shield -e /home/nrink/Projects/build/encode/encode/tests/array_sum/array_sum.perf.encoded --  --cso /dev/null
key=encoded, no.=84, <stderr>:
LENGTH=70
elapsed cycles: 201648
hi(checksum)=0xBEF56EAD57ECDB83
lo(checksum)=0xEA5BE130F8DF5610
key=encoded, no.=84, <checksum>:
0xBEF56EAD57ECDB83EA5BE130F8DF5610
key=encoded, no.=84, cso file:
/dev/null
----------------------------------------------
real command=cset shield -e /home/nrink/Projects/build/encode/encode/tests/array_sum/array_sum.perf.encoded --  --cso /dev/null
key=encoded, no.=85, <stderr>:
LENGTH=70
elapsed cycles: 222666
hi(checksum)=0xBEF56EAD57ECDB83
lo(checksum)=0xEA5BE130F8DF5610
key=encoded, no.=85, <checksum>:
0xBEF56EAD57ECDB83EA5BE130F8DF5610
key=encoded, no.=85, cso file:
/dev/null
----------------------------------------------
real command=cset shield -e /home/nrink/Projects/build/encode/encode/tests/array_sum/array_sum.perf.encoded --  --cso /dev/null
key=encoded, no.=86, <stderr>:
LENGTH=70
elapsed cycles: 200565
hi(checksum)=0xBEF56EAD57ECDB83
lo(checksum)=0xEA5BE130F8DF5610
key=encoded, no.=86, <checksum>:
0xBEF56EAD57ECDB83EA5BE130F8DF5610
key=encoded, no.=86, cso file:
/dev/null
----------------------------------------------
real command=cset shield -e /home/nrink/Projects/build/encode/encode/tests/array_sum/array_sum.perf.encoded --  --cso /dev/null
key=encoded, no.=87, <stderr>:
LENGTH=70
elapsed cycles: 198570
hi(checksum)=0xBEF56EAD57ECDB83
lo(checksum)=0xEA5BE130F8DF5610
key=encoded, no.=87, <checksum>:
0xBEF56EAD57ECDB83EA5BE130F8DF5610
key=encoded, no.=87, cso file:
/dev/null
----------------------------------------------
real command=cset shield -e /home/nrink/Projects/build/encode/encode/tests/array_sum/array_sum.perf.encoded --  --cso /dev/null
key=encoded, no.=88, <stderr>:
LENGTH=70
elapsed cycles: 210018
hi(checksum)=0xBEF56EAD57ECDB83
lo(checksum)=0xEA5BE130F8DF5610
key=encoded, no.=88, <checksum>:
0xBEF56EAD57ECDB83EA5BE130F8DF5610
key=encoded, no.=88, cso file:
/dev/null
----------------------------------------------
real command=cset shield -e /home/nrink/Projects/build/encode/encode/tests/array_sum/array_sum.perf.encoded --  --cso /dev/null
key=encoded, no.=89, <stderr>:
LENGTH=70
elapsed cycles: 201402
hi(checksum)=0xBEF56EAD57ECDB83
lo(checksum)=0xEA5BE130F8DF5610
key=encoded, no.=89, <checksum>:
0xBEF56EAD57ECDB83EA5BE130F8DF5610
key=encoded, no.=89, cso file:
/dev/null
----------------------------------------------
real command=cset shield -e /home/nrink/Projects/build/encode/encode/tests/array_sum/array_sum.perf.encoded --  --cso /dev/null
key=encoded, no.=90, <stderr>:
LENGTH=70
elapsed cycles: 204300
hi(checksum)=0xBEF56EAD57ECDB83
lo(checksum)=0xEA5BE130F8DF5610
key=encoded, no.=90, <checksum>:
0xBEF56EAD57ECDB83EA5BE130F8DF5610
key=encoded, no.=90, cso file:
/dev/null
----------------------------------------------
real command=cset shield -e /home/nrink/Projects/build/encode/encode/tests/array_sum/array_sum.perf.encoded --  --cso /dev/null
key=encoded, no.=91, <stderr>:
LENGTH=70
elapsed cycles: 202812
hi(checksum)=0xBEF56EAD57ECDB83
lo(checksum)=0xEA5BE130F8DF5610
key=encoded, no.=91, <checksum>:
0xBEF56EAD57ECDB83EA5BE130F8DF5610
key=encoded, no.=91, cso file:
/dev/null
----------------------------------------------
real command=cset shield -e /home/nrink/Projects/build/encode/encode/tests/array_sum/array_sum.perf.encoded --  --cso /dev/null
key=encoded, no.=92, <stderr>:
LENGTH=70
elapsed cycles: 196068
hi(checksum)=0xBEF56EAD57ECDB83
lo(checksum)=0xEA5BE130F8DF5610
key=encoded, no.=92, <checksum>:
0xBEF56EAD57ECDB83EA5BE130F8DF5610
key=encoded, no.=92, cso file:
/dev/null
----------------------------------------------
real command=cset shield -e /home/nrink/Projects/build/encode/encode/tests/array_sum/array_sum.perf.encoded --  --cso /dev/null
key=encoded, no.=93, <stderr>:
LENGTH=70
elapsed cycles: 226740
hi(checksum)=0xBEF56EAD57ECDB83
lo(checksum)=0xEA5BE130F8DF5610
key=encoded, no.=93, <checksum>:
0xBEF56EAD57ECDB83EA5BE130F8DF5610
key=encoded, no.=93, cso file:
/dev/null
----------------------------------------------
real command=cset shield -e /home/nrink/Projects/build/encode/encode/tests/array_sum/array_sum.perf.encoded --  --cso /dev/null
key=encoded, no.=94, <stderr>:
LENGTH=70
elapsed cycles: 201846
hi(checksum)=0xBEF56EAD57ECDB83
lo(checksum)=0xEA5BE130F8DF5610
key=encoded, no.=94, <checksum>:
0xBEF56EAD57ECDB83EA5BE130F8DF5610
key=encoded, no.=94, cso file:
/dev/null
----------------------------------------------
real command=cset shield -e /home/nrink/Projects/build/encode/encode/tests/array_sum/array_sum.perf.encoded --  --cso /dev/null
key=encoded, no.=95, <stderr>:
LENGTH=70
elapsed cycles: 196740
hi(checksum)=0xBEF56EAD57ECDB83
lo(checksum)=0xEA5BE130F8DF5610
key=encoded, no.=95, <checksum>:
0xBEF56EAD57ECDB83EA5BE130F8DF5610
key=encoded, no.=95, cso file:
/dev/null
----------------------------------------------
real command=cset shield -e /home/nrink/Projects/build/encode/encode/tests/array_sum/array_sum.perf.encoded --  --cso /dev/null
key=encoded, no.=96, <stderr>:
LENGTH=70
elapsed cycles: 194655
hi(checksum)=0xBEF56EAD57ECDB83
lo(checksum)=0xEA5BE130F8DF5610
key=encoded, no.=96, <checksum>:
0xBEF56EAD57ECDB83EA5BE130F8DF5610
key=encoded, no.=96, cso file:
/dev/null
----------------------------------------------
real command=cset shield -e /home/nrink/Projects/build/encode/encode/tests/array_sum/array_sum.perf.encoded --  --cso /dev/null
key=encoded, no.=97, <stderr>:
LENGTH=70
elapsed cycles: 202254
hi(checksum)=0xBEF56EAD57ECDB83
lo(checksum)=0xEA5BE130F8DF5610
key=encoded, no.=97, <checksum>:
0xBEF56EAD57ECDB83EA5BE130F8DF5610
key=encoded, no.=97, cso file:
/dev/null
----------------------------------------------
real command=cset shield -e /home/nrink/Projects/build/encode/encode/tests/array_sum/array_sum.perf.encoded --  --cso /dev/null
key=encoded, no.=98, <stderr>:
LENGTH=70
elapsed cycles: 200736
hi(checksum)=0xBEF56EAD57ECDB83
lo(checksum)=0xEA5BE130F8DF5610
key=encoded, no.=98, <checksum>:
0xBEF56EAD57ECDB83EA5BE130F8DF5610
key=encoded, no.=98, cso file:
/dev/null
----------------------------------------------
real command=cset shield -e /home/nrink/Projects/build/encode/encode/tests/array_sum/array_sum.perf.encoded --  --cso /dev/null
key=encoded, no.=99, <stderr>:
LENGTH=70
elapsed cycles: 201651
hi(checksum)=0xBEF56EAD57ECDB83
lo(checksum)=0xEA5BE130F8DF5610
key=encoded, no.=99, <checksum>:
0xBEF56EAD57ECDB83EA5BE130F8DF5610
key=encoded, no.=99, cso file:
/dev/null
----------------------------------------------
