key=plain, runs=100 ...
command=/home/nrink/Projects/build/encode/encode/tests/quicksort/quicksort.perf.plain
----------------------------------------------
real command=cset shield -e /home/nrink/Projects/build/encode/encode/tests/quicksort/quicksort.perf.plain --  --cso /dev/null
key=plain, no.=0, <stderr>:
LENGTH=320
elapsed cycles: 3343989
hi(checksum)=0xBD08D57AD66E910A
lo(checksum)=0xBC0C65095A42A137
key=plain, no.=0, <checksum>:
0xBD08D57AD66E910ABC0C65095A42A137
key=plain, no.=0, cso file:
/dev/null
----------------------------------------------
real command=cset shield -e /home/nrink/Projects/build/encode/encode/tests/quicksort/quicksort.perf.plain --  --cso /dev/null
key=plain, no.=1, <stderr>:
LENGTH=320
elapsed cycles: 3419208
hi(checksum)=0xBD08D57AD66E910A
lo(checksum)=0xBC0C65095A42A137
key=plain, no.=1, <checksum>:
0xBD08D57AD66E910ABC0C65095A42A137
key=plain, no.=1, cso file:
/dev/null
----------------------------------------------
real command=cset shield -e /home/nrink/Projects/build/encode/encode/tests/quicksort/quicksort.perf.plain --  --cso /dev/null
key=plain, no.=2, <stderr>:
LENGTH=320
elapsed cycles: 3502389
hi(checksum)=0xBD08D57AD66E910A
lo(checksum)=0xBC0C65095A42A137
key=plain, no.=2, <checksum>:
0xBD08D57AD66E910ABC0C65095A42A137
key=plain, no.=2, cso file:
/dev/null
----------------------------------------------
real command=cset shield -e /home/nrink/Projects/build/encode/encode/tests/quicksort/quicksort.perf.plain --  --cso /dev/null
key=plain, no.=3, <stderr>:
LENGTH=320
elapsed cycles: 3466317
hi(checksum)=0xBD08D57AD66E910A
lo(checksum)=0xBC0C65095A42A137
key=plain, no.=3, <checksum>:
0xBD08D57AD66E910ABC0C65095A42A137
key=plain, no.=3, cso file:
/dev/null
----------------------------------------------
real command=cset shield -e /home/nrink/Projects/build/encode/encode/tests/quicksort/quicksort.perf.plain --  --cso /dev/null
key=plain, no.=4, <stderr>:
LENGTH=320
elapsed cycles: 3465900
hi(checksum)=0xBD08D57AD66E910A
lo(checksum)=0xBC0C65095A42A137
key=plain, no.=4, <checksum>:
0xBD08D57AD66E910ABC0C65095A42A137
key=plain, no.=4, cso file:
/dev/null
----------------------------------------------
real command=cset shield -e /home/nrink/Projects/build/encode/encode/tests/quicksort/quicksort.perf.plain --  --cso /dev/null
key=plain, no.=5, <stderr>:
LENGTH=320
elapsed cycles: 3331242
hi(checksum)=0xBD08D57AD66E910A
lo(checksum)=0xBC0C65095A42A137
key=plain, no.=5, <checksum>:
0xBD08D57AD66E910ABC0C65095A42A137
key=plain, no.=5, cso file:
/dev/null
----------------------------------------------
real command=cset shield -e /home/nrink/Projects/build/encode/encode/tests/quicksort/quicksort.perf.plain --  --cso /dev/null
key=plain, no.=6, <stderr>:
LENGTH=320
elapsed cycles: 3454497
hi(checksum)=0xBD08D57AD66E910A
lo(checksum)=0xBC0C65095A42A137
key=plain, no.=6, <checksum>:
0xBD08D57AD66E910ABC0C65095A42A137
key=plain, no.=6, cso file:
/dev/null
----------------------------------------------
real command=cset shield -e /home/nrink/Projects/build/encode/encode/tests/quicksort/quicksort.perf.plain --  --cso /dev/null
key=plain, no.=7, <stderr>:
LENGTH=320
elapsed cycles: 3584901
hi(checksum)=0xBD08D57AD66E910A
lo(checksum)=0xBC0C65095A42A137
key=plain, no.=7, <checksum>:
0xBD08D57AD66E910ABC0C65095A42A137
key=plain, no.=7, cso file:
/dev/null
----------------------------------------------
real command=cset shield -e /home/nrink/Projects/build/encode/encode/tests/quicksort/quicksort.perf.plain --  --cso /dev/null
key=plain, no.=8, <stderr>:
LENGTH=320
elapsed cycles: 3517176
hi(checksum)=0xBD08D57AD66E910A
lo(checksum)=0xBC0C65095A42A137
key=plain, no.=8, <checksum>:
0xBD08D57AD66E910ABC0C65095A42A137
key=plain, no.=8, cso file:
/dev/null
----------------------------------------------
real command=cset shield -e /home/nrink/Projects/build/encode/encode/tests/quicksort/quicksort.perf.plain --  --cso /dev/null
key=plain, no.=9, <stderr>:
LENGTH=320
elapsed cycles: 3544224
hi(checksum)=0xBD08D57AD66E910A
lo(checksum)=0xBC0C65095A42A137
key=plain, no.=9, <checksum>:
0xBD08D57AD66E910ABC0C65095A42A137
key=plain, no.=9, cso file:
/dev/null
----------------------------------------------
real command=cset shield -e /home/nrink/Projects/build/encode/encode/tests/quicksort/quicksort.perf.plain --  --cso /dev/null
key=plain, no.=10, <stderr>:
LENGTH=320
elapsed cycles: 3518079
hi(checksum)=0xBD08D57AD66E910A
lo(checksum)=0xBC0C65095A42A137
key=plain, no.=10, <checksum>:
0xBD08D57AD66E910ABC0C65095A42A137
key=plain, no.=10, cso file:
/dev/null
----------------------------------------------
real command=cset shield -e /home/nrink/Projects/build/encode/encode/tests/quicksort/quicksort.perf.plain --  --cso /dev/null
key=plain, no.=11, <stderr>:
LENGTH=320
elapsed cycles: 3628650
hi(checksum)=0xBD08D57AD66E910A
lo(checksum)=0xBC0C65095A42A137
key=plain, no.=11, <checksum>:
0xBD08D57AD66E910ABC0C65095A42A137
key=plain, no.=11, cso file:
/dev/null
----------------------------------------------
real command=cset shield -e /home/nrink/Projects/build/encode/encode/tests/quicksort/quicksort.perf.plain --  --cso /dev/null
key=plain, no.=12, <stderr>:
LENGTH=320
elapsed cycles: 3480000
hi(checksum)=0xBD08D57AD66E910A
lo(checksum)=0xBC0C65095A42A137
key=plain, no.=12, <checksum>:
0xBD08D57AD66E910ABC0C65095A42A137
key=plain, no.=12, cso file:
/dev/null
----------------------------------------------
real command=cset shield -e /home/nrink/Projects/build/encode/encode/tests/quicksort/quicksort.perf.plain --  --cso /dev/null
key=plain, no.=13, <stderr>:
LENGTH=320
elapsed cycles: 3395256
hi(checksum)=0xBD08D57AD66E910A
lo(checksum)=0xBC0C65095A42A137
key=plain, no.=13, <checksum>:
0xBD08D57AD66E910ABC0C65095A42A137
key=plain, no.=13, cso file:
/dev/null
----------------------------------------------
real command=cset shield -e /home/nrink/Projects/build/encode/encode/tests/quicksort/quicksort.perf.plain --  --cso /dev/null
key=plain, no.=14, <stderr>:
LENGTH=320
elapsed cycles: 3465000
hi(checksum)=0xBD08D57AD66E910A
lo(checksum)=0xBC0C65095A42A137
key=plain, no.=14, <checksum>:
0xBD08D57AD66E910ABC0C65095A42A137
key=plain, no.=14, cso file:
/dev/null
----------------------------------------------
real command=cset shield -e /home/nrink/Projects/build/encode/encode/tests/quicksort/quicksort.perf.plain --  --cso /dev/null
key=plain, no.=15, <stderr>:
LENGTH=320
elapsed cycles: 3457008
hi(checksum)=0xBD08D57AD66E910A
lo(checksum)=0xBC0C65095A42A137
key=plain, no.=15, <checksum>:
0xBD08D57AD66E910ABC0C65095A42A137
key=plain, no.=15, cso file:
/dev/null
----------------------------------------------
real command=cset shield -e /home/nrink/Projects/build/encode/encode/tests/quicksort/quicksort.perf.plain --  --cso /dev/null
key=plain, no.=16, <stderr>:
LENGTH=320
elapsed cycles: 3419742
hi(checksum)=0xBD08D57AD66E910A
lo(checksum)=0xBC0C65095A42A137
key=plain, no.=16, <checksum>:
0xBD08D57AD66E910ABC0C65095A42A137
key=plain, no.=16, cso file:
/dev/null
----------------------------------------------
real command=cset shield -e /home/nrink/Projects/build/encode/encode/tests/quicksort/quicksort.perf.plain --  --cso /dev/null
key=plain, no.=17, <stderr>:
LENGTH=320
elapsed cycles: 3458094
hi(checksum)=0xBD08D57AD66E910A
lo(checksum)=0xBC0C65095A42A137
key=plain, no.=17, <checksum>:
0xBD08D57AD66E910ABC0C65095A42A137
key=plain, no.=17, cso file:
/dev/null
----------------------------------------------
real command=cset shield -e /home/nrink/Projects/build/encode/encode/tests/quicksort/quicksort.perf.plain --  --cso /dev/null
key=plain, no.=18, <stderr>:
LENGTH=320
elapsed cycles: 3609927
hi(checksum)=0xBD08D57AD66E910A
lo(checksum)=0xBC0C65095A42A137
key=plain, no.=18, <checksum>:
0xBD08D57AD66E910ABC0C65095A42A137
key=plain, no.=18, cso file:
/dev/null
----------------------------------------------
real command=cset shield -e /home/nrink/Projects/build/encode/encode/tests/quicksort/quicksort.perf.plain --  --cso /dev/null
key=plain, no.=19, <stderr>:
LENGTH=320
elapsed cycles: 3811863
hi(checksum)=0xBD08D57AD66E910A
lo(checksum)=0xBC0C65095A42A137
key=plain, no.=19, <checksum>:
0xBD08D57AD66E910ABC0C65095A42A137
key=plain, no.=19, cso file:
/dev/null
----------------------------------------------
real command=cset shield -e /home/nrink/Projects/build/encode/encode/tests/quicksort/quicksort.perf.plain --  --cso /dev/null
key=plain, no.=20, <stderr>:
LENGTH=320
elapsed cycles: 3711996
hi(checksum)=0xBD08D57AD66E910A
lo(checksum)=0xBC0C65095A42A137
key=plain, no.=20, <checksum>:
0xBD08D57AD66E910ABC0C65095A42A137
key=plain, no.=20, cso file:
/dev/null
----------------------------------------------
real command=cset shield -e /home/nrink/Projects/build/encode/encode/tests/quicksort/quicksort.perf.plain --  --cso /dev/null
key=plain, no.=21, <stderr>:
LENGTH=320
elapsed cycles: 3481086
hi(checksum)=0xBD08D57AD66E910A
lo(checksum)=0xBC0C65095A42A137
key=plain, no.=21, <checksum>:
0xBD08D57AD66E910ABC0C65095A42A137
key=plain, no.=21, cso file:
/dev/null
----------------------------------------------
real command=cset shield -e /home/nrink/Projects/build/encode/encode/tests/quicksort/quicksort.perf.plain --  --cso /dev/null
key=plain, no.=22, <stderr>:
LENGTH=320
elapsed cycles: 3601833
hi(checksum)=0xBD08D57AD66E910A
lo(checksum)=0xBC0C65095A42A137
key=plain, no.=22, <checksum>:
0xBD08D57AD66E910ABC0C65095A42A137
key=plain, no.=22, cso file:
/dev/null
----------------------------------------------
real command=cset shield -e /home/nrink/Projects/build/encode/encode/tests/quicksort/quicksort.perf.plain --  --cso /dev/null
key=plain, no.=23, <stderr>:
LENGTH=320
elapsed cycles: 3589869
hi(checksum)=0xBD08D57AD66E910A
lo(checksum)=0xBC0C65095A42A137
key=plain, no.=23, <checksum>:
0xBD08D57AD66E910ABC0C65095A42A137
key=plain, no.=23, cso file:
/dev/null
----------------------------------------------
real command=cset shield -e /home/nrink/Projects/build/encode/encode/tests/quicksort/quicksort.perf.plain --  --cso /dev/null
key=plain, no.=24, <stderr>:
LENGTH=320
elapsed cycles: 3341589
hi(checksum)=0xBD08D57AD66E910A
lo(checksum)=0xBC0C65095A42A137
key=plain, no.=24, <checksum>:
0xBD08D57AD66E910ABC0C65095A42A137
key=plain, no.=24, cso file:
/dev/null
----------------------------------------------
real command=cset shield -e /home/nrink/Projects/build/encode/encode/tests/quicksort/quicksort.perf.plain --  --cso /dev/null
key=plain, no.=25, <stderr>:
LENGTH=320
elapsed cycles: 3384996
hi(checksum)=0xBD08D57AD66E910A
lo(checksum)=0xBC0C65095A42A137
key=plain, no.=25, <checksum>:
0xBD08D57AD66E910ABC0C65095A42A137
key=plain, no.=25, cso file:
/dev/null
----------------------------------------------
real command=cset shield -e /home/nrink/Projects/build/encode/encode/tests/quicksort/quicksort.perf.plain --  --cso /dev/null
key=plain, no.=26, <stderr>:
LENGTH=320
elapsed cycles: 3377367
hi(checksum)=0xBD08D57AD66E910A
lo(checksum)=0xBC0C65095A42A137
key=plain, no.=26, <checksum>:
0xBD08D57AD66E910ABC0C65095A42A137
key=plain, no.=26, cso file:
/dev/null
----------------------------------------------
real command=cset shield -e /home/nrink/Projects/build/encode/encode/tests/quicksort/quicksort.perf.plain --  --cso /dev/null
key=plain, no.=27, <stderr>:
LENGTH=320
elapsed cycles: 3336219
hi(checksum)=0xBD08D57AD66E910A
lo(checksum)=0xBC0C65095A42A137
key=plain, no.=27, <checksum>:
0xBD08D57AD66E910ABC0C65095A42A137
key=plain, no.=27, cso file:
/dev/null
----------------------------------------------
real command=cset shield -e /home/nrink/Projects/build/encode/encode/tests/quicksort/quicksort.perf.plain --  --cso /dev/null
key=plain, no.=28, <stderr>:
LENGTH=320
elapsed cycles: 3339615
hi(checksum)=0xBD08D57AD66E910A
lo(checksum)=0xBC0C65095A42A137
key=plain, no.=28, <checksum>:
0xBD08D57AD66E910ABC0C65095A42A137
key=plain, no.=28, cso file:
/dev/null
----------------------------------------------
real command=cset shield -e /home/nrink/Projects/build/encode/encode/tests/quicksort/quicksort.perf.plain --  --cso /dev/null
key=plain, no.=29, <stderr>:
LENGTH=320
elapsed cycles: 3340170
hi(checksum)=0xBD08D57AD66E910A
lo(checksum)=0xBC0C65095A42A137
key=plain, no.=29, <checksum>:
0xBD08D57AD66E910ABC0C65095A42A137
key=plain, no.=29, cso file:
/dev/null
----------------------------------------------
real command=cset shield -e /home/nrink/Projects/build/encode/encode/tests/quicksort/quicksort.perf.plain --  --cso /dev/null
key=plain, no.=30, <stderr>:
LENGTH=320
elapsed cycles: 3339942
hi(checksum)=0xBD08D57AD66E910A
lo(checksum)=0xBC0C65095A42A137
key=plain, no.=30, <checksum>:
0xBD08D57AD66E910ABC0C65095A42A137
key=plain, no.=30, cso file:
/dev/null
----------------------------------------------
real command=cset shield -e /home/nrink/Projects/build/encode/encode/tests/quicksort/quicksort.perf.plain --  --cso /dev/null
key=plain, no.=31, <stderr>:
LENGTH=320
elapsed cycles: 3459567
hi(checksum)=0xBD08D57AD66E910A
lo(checksum)=0xBC0C65095A42A137
key=plain, no.=31, <checksum>:
0xBD08D57AD66E910ABC0C65095A42A137
key=plain, no.=31, cso file:
/dev/null
----------------------------------------------
real command=cset shield -e /home/nrink/Projects/build/encode/encode/tests/quicksort/quicksort.perf.plain --  --cso /dev/null
key=plain, no.=32, <stderr>:
LENGTH=320
elapsed cycles: 3335550
hi(checksum)=0xBD08D57AD66E910A
lo(checksum)=0xBC0C65095A42A137
key=plain, no.=32, <checksum>:
0xBD08D57AD66E910ABC0C65095A42A137
key=plain, no.=32, cso file:
/dev/null
----------------------------------------------
real command=cset shield -e /home/nrink/Projects/build/encode/encode/tests/quicksort/quicksort.perf.plain --  --cso /dev/null
key=plain, no.=33, <stderr>:
LENGTH=320
elapsed cycles: 3338127
hi(checksum)=0xBD08D57AD66E910A
lo(checksum)=0xBC0C65095A42A137
key=plain, no.=33, <checksum>:
0xBD08D57AD66E910ABC0C65095A42A137
key=plain, no.=33, cso file:
/dev/null
----------------------------------------------
real command=cset shield -e /home/nrink/Projects/build/encode/encode/tests/quicksort/quicksort.perf.plain --  --cso /dev/null
key=plain, no.=34, <stderr>:
LENGTH=320
elapsed cycles: 3347040
hi(checksum)=0xBD08D57AD66E910A
lo(checksum)=0xBC0C65095A42A137
key=plain, no.=34, <checksum>:
0xBD08D57AD66E910ABC0C65095A42A137
key=plain, no.=34, cso file:
/dev/null
----------------------------------------------
real command=cset shield -e /home/nrink/Projects/build/encode/encode/tests/quicksort/quicksort.perf.plain --  --cso /dev/null
key=plain, no.=35, <stderr>:
LENGTH=320
elapsed cycles: 3380778
hi(checksum)=0xBD08D57AD66E910A
lo(checksum)=0xBC0C65095A42A137
key=plain, no.=35, <checksum>:
0xBD08D57AD66E910ABC0C65095A42A137
key=plain, no.=35, cso file:
/dev/null
----------------------------------------------
real command=cset shield -e /home/nrink/Projects/build/encode/encode/tests/quicksort/quicksort.perf.plain --  --cso /dev/null
key=plain, no.=36, <stderr>:
LENGTH=320
elapsed cycles: 3386517
hi(checksum)=0xBD08D57AD66E910A
lo(checksum)=0xBC0C65095A42A137
key=plain, no.=36, <checksum>:
0xBD08D57AD66E910ABC0C65095A42A137
key=plain, no.=36, cso file:
/dev/null
----------------------------------------------
real command=cset shield -e /home/nrink/Projects/build/encode/encode/tests/quicksort/quicksort.perf.plain --  --cso /dev/null
key=plain, no.=37, <stderr>:
LENGTH=320
elapsed cycles: 3342135
hi(checksum)=0xBD08D57AD66E910A
lo(checksum)=0xBC0C65095A42A137
key=plain, no.=37, <checksum>:
0xBD08D57AD66E910ABC0C65095A42A137
key=plain, no.=37, cso file:
/dev/null
----------------------------------------------
real command=cset shield -e /home/nrink/Projects/build/encode/encode/tests/quicksort/quicksort.perf.plain --  --cso /dev/null
key=plain, no.=38, <stderr>:
LENGTH=320
elapsed cycles: 3334080
hi(checksum)=0xBD08D57AD66E910A
lo(checksum)=0xBC0C65095A42A137
key=plain, no.=38, <checksum>:
0xBD08D57AD66E910ABC0C65095A42A137
key=plain, no.=38, cso file:
/dev/null
----------------------------------------------
real command=cset shield -e /home/nrink/Projects/build/encode/encode/tests/quicksort/quicksort.perf.plain --  --cso /dev/null
key=plain, no.=39, <stderr>:
LENGTH=320
elapsed cycles: 3338706
hi(checksum)=0xBD08D57AD66E910A
lo(checksum)=0xBC0C65095A42A137
key=plain, no.=39, <checksum>:
0xBD08D57AD66E910ABC0C65095A42A137
key=plain, no.=39, cso file:
/dev/null
----------------------------------------------
real command=cset shield -e /home/nrink/Projects/build/encode/encode/tests/quicksort/quicksort.perf.plain --  --cso /dev/null
key=plain, no.=40, <stderr>:
LENGTH=320
elapsed cycles: 3365583
hi(checksum)=0xBD08D57AD66E910A
lo(checksum)=0xBC0C65095A42A137
key=plain, no.=40, <checksum>:
0xBD08D57AD66E910ABC0C65095A42A137
key=plain, no.=40, cso file:
/dev/null
----------------------------------------------
real command=cset shield -e /home/nrink/Projects/build/encode/encode/tests/quicksort/quicksort.perf.plain --  --cso /dev/null
key=plain, no.=41, <stderr>:
LENGTH=320
elapsed cycles: 3400905
hi(checksum)=0xBD08D57AD66E910A
lo(checksum)=0xBC0C65095A42A137
key=plain, no.=41, <checksum>:
0xBD08D57AD66E910ABC0C65095A42A137
key=plain, no.=41, cso file:
/dev/null
----------------------------------------------
real command=cset shield -e /home/nrink/Projects/build/encode/encode/tests/quicksort/quicksort.perf.plain --  --cso /dev/null
key=plain, no.=42, <stderr>:
LENGTH=320
elapsed cycles: 3339204
hi(checksum)=0xBD08D57AD66E910A
lo(checksum)=0xBC0C65095A42A137
key=plain, no.=42, <checksum>:
0xBD08D57AD66E910ABC0C65095A42A137
key=plain, no.=42, cso file:
/dev/null
----------------------------------------------
real command=cset shield -e /home/nrink/Projects/build/encode/encode/tests/quicksort/quicksort.perf.plain --  --cso /dev/null
key=plain, no.=43, <stderr>:
LENGTH=320
elapsed cycles: 3338151
hi(checksum)=0xBD08D57AD66E910A
lo(checksum)=0xBC0C65095A42A137
key=plain, no.=43, <checksum>:
0xBD08D57AD66E910ABC0C65095A42A137
key=plain, no.=43, cso file:
/dev/null
----------------------------------------------
real command=cset shield -e /home/nrink/Projects/build/encode/encode/tests/quicksort/quicksort.perf.plain --  --cso /dev/null
key=plain, no.=44, <stderr>:
LENGTH=320
elapsed cycles: 3342003
hi(checksum)=0xBD08D57AD66E910A
lo(checksum)=0xBC0C65095A42A137
key=plain, no.=44, <checksum>:
0xBD08D57AD66E910ABC0C65095A42A137
key=plain, no.=44, cso file:
/dev/null
----------------------------------------------
real command=cset shield -e /home/nrink/Projects/build/encode/encode/tests/quicksort/quicksort.perf.plain --  --cso /dev/null
key=plain, no.=45, <stderr>:
LENGTH=320
elapsed cycles: 3380292
hi(checksum)=0xBD08D57AD66E910A
lo(checksum)=0xBC0C65095A42A137
key=plain, no.=45, <checksum>:
0xBD08D57AD66E910ABC0C65095A42A137
key=plain, no.=45, cso file:
/dev/null
----------------------------------------------
real command=cset shield -e /home/nrink/Projects/build/encode/encode/tests/quicksort/quicksort.perf.plain --  --cso /dev/null
key=plain, no.=46, <stderr>:
LENGTH=320
elapsed cycles: 3336426
hi(checksum)=0xBD08D57AD66E910A
lo(checksum)=0xBC0C65095A42A137
key=plain, no.=46, <checksum>:
0xBD08D57AD66E910ABC0C65095A42A137
key=plain, no.=46, cso file:
/dev/null
----------------------------------------------
real command=cset shield -e /home/nrink/Projects/build/encode/encode/tests/quicksort/quicksort.perf.plain --  --cso /dev/null
key=plain, no.=47, <stderr>:
LENGTH=320
elapsed cycles: 3335505
hi(checksum)=0xBD08D57AD66E910A
lo(checksum)=0xBC0C65095A42A137
key=plain, no.=47, <checksum>:
0xBD08D57AD66E910ABC0C65095A42A137
key=plain, no.=47, cso file:
/dev/null
----------------------------------------------
real command=cset shield -e /home/nrink/Projects/build/encode/encode/tests/quicksort/quicksort.perf.plain --  --cso /dev/null
key=plain, no.=48, <stderr>:
LENGTH=320
elapsed cycles: 3376590
hi(checksum)=0xBD08D57AD66E910A
lo(checksum)=0xBC0C65095A42A137
key=plain, no.=48, <checksum>:
0xBD08D57AD66E910ABC0C65095A42A137
key=plain, no.=48, cso file:
/dev/null
----------------------------------------------
real command=cset shield -e /home/nrink/Projects/build/encode/encode/tests/quicksort/quicksort.perf.plain --  --cso /dev/null
key=plain, no.=49, <stderr>:
LENGTH=320
elapsed cycles: 3340254
hi(checksum)=0xBD08D57AD66E910A
lo(checksum)=0xBC0C65095A42A137
key=plain, no.=49, <checksum>:
0xBD08D57AD66E910ABC0C65095A42A137
key=plain, no.=49, cso file:
/dev/null
----------------------------------------------
real command=cset shield -e /home/nrink/Projects/build/encode/encode/tests/quicksort/quicksort.perf.plain --  --cso /dev/null
key=plain, no.=50, <stderr>:
LENGTH=320
elapsed cycles: 3337845
hi(checksum)=0xBD08D57AD66E910A
lo(checksum)=0xBC0C65095A42A137
key=plain, no.=50, <checksum>:
0xBD08D57AD66E910ABC0C65095A42A137
key=plain, no.=50, cso file:
/dev/null
----------------------------------------------
real command=cset shield -e /home/nrink/Projects/build/encode/encode/tests/quicksort/quicksort.perf.plain --  --cso /dev/null
key=plain, no.=51, <stderr>:
LENGTH=320
elapsed cycles: 3407397
hi(checksum)=0xBD08D57AD66E910A
lo(checksum)=0xBC0C65095A42A137
key=plain, no.=51, <checksum>:
0xBD08D57AD66E910ABC0C65095A42A137
key=plain, no.=51, cso file:
/dev/null
----------------------------------------------
real command=cset shield -e /home/nrink/Projects/build/encode/encode/tests/quicksort/quicksort.perf.plain --  --cso /dev/null
key=plain, no.=52, <stderr>:
LENGTH=320
elapsed cycles: 3375882
hi(checksum)=0xBD08D57AD66E910A
lo(checksum)=0xBC0C65095A42A137
key=plain, no.=52, <checksum>:
0xBD08D57AD66E910ABC0C65095A42A137
key=plain, no.=52, cso file:
/dev/null
----------------------------------------------
real command=cset shield -e /home/nrink/Projects/build/encode/encode/tests/quicksort/quicksort.perf.plain --  --cso /dev/null
key=plain, no.=53, <stderr>:
LENGTH=320
elapsed cycles: 3338541
hi(checksum)=0xBD08D57AD66E910A
lo(checksum)=0xBC0C65095A42A137
key=plain, no.=53, <checksum>:
0xBD08D57AD66E910ABC0C65095A42A137
key=plain, no.=53, cso file:
/dev/null
----------------------------------------------
real command=cset shield -e /home/nrink/Projects/build/encode/encode/tests/quicksort/quicksort.perf.plain --  --cso /dev/null
key=plain, no.=54, <stderr>:
LENGTH=320
elapsed cycles: 3373497
hi(checksum)=0xBD08D57AD66E910A
lo(checksum)=0xBC0C65095A42A137
key=plain, no.=54, <checksum>:
0xBD08D57AD66E910ABC0C65095A42A137
key=plain, no.=54, cso file:
/dev/null
----------------------------------------------
real command=cset shield -e /home/nrink/Projects/build/encode/encode/tests/quicksort/quicksort.perf.plain --  --cso /dev/null
key=plain, no.=55, <stderr>:
LENGTH=320
elapsed cycles: 3343083
hi(checksum)=0xBD08D57AD66E910A
lo(checksum)=0xBC0C65095A42A137
key=plain, no.=55, <checksum>:
0xBD08D57AD66E910ABC0C65095A42A137
key=plain, no.=55, cso file:
/dev/null
----------------------------------------------
real command=cset shield -e /home/nrink/Projects/build/encode/encode/tests/quicksort/quicksort.perf.plain --  --cso /dev/null
key=plain, no.=56, <stderr>:
LENGTH=320
elapsed cycles: 3335214
hi(checksum)=0xBD08D57AD66E910A
lo(checksum)=0xBC0C65095A42A137
key=plain, no.=56, <checksum>:
0xBD08D57AD66E910ABC0C65095A42A137
key=plain, no.=56, cso file:
/dev/null
----------------------------------------------
real command=cset shield -e /home/nrink/Projects/build/encode/encode/tests/quicksort/quicksort.perf.plain --  --cso /dev/null
key=plain, no.=57, <stderr>:
LENGTH=320
elapsed cycles: 3375348
hi(checksum)=0xBD08D57AD66E910A
lo(checksum)=0xBC0C65095A42A137
key=plain, no.=57, <checksum>:
0xBD08D57AD66E910ABC0C65095A42A137
key=plain, no.=57, cso file:
/dev/null
----------------------------------------------
real command=cset shield -e /home/nrink/Projects/build/encode/encode/tests/quicksort/quicksort.perf.plain --  --cso /dev/null
key=plain, no.=58, <stderr>:
LENGTH=320
elapsed cycles: 3334905
hi(checksum)=0xBD08D57AD66E910A
lo(checksum)=0xBC0C65095A42A137
key=plain, no.=58, <checksum>:
0xBD08D57AD66E910ABC0C65095A42A137
key=plain, no.=58, cso file:
/dev/null
----------------------------------------------
real command=cset shield -e /home/nrink/Projects/build/encode/encode/tests/quicksort/quicksort.perf.plain --  --cso /dev/null
key=plain, no.=59, <stderr>:
LENGTH=320
elapsed cycles: 3339066
hi(checksum)=0xBD08D57AD66E910A
lo(checksum)=0xBC0C65095A42A137
key=plain, no.=59, <checksum>:
0xBD08D57AD66E910ABC0C65095A42A137
key=plain, no.=59, cso file:
/dev/null
----------------------------------------------
real command=cset shield -e /home/nrink/Projects/build/encode/encode/tests/quicksort/quicksort.perf.plain --  --cso /dev/null
key=plain, no.=60, <stderr>:
LENGTH=320
elapsed cycles: 3652233
hi(checksum)=0xBD08D57AD66E910A
lo(checksum)=0xBC0C65095A42A137
key=plain, no.=60, <checksum>:
0xBD08D57AD66E910ABC0C65095A42A137
key=plain, no.=60, cso file:
/dev/null
----------------------------------------------
real command=cset shield -e /home/nrink/Projects/build/encode/encode/tests/quicksort/quicksort.perf.plain --  --cso /dev/null
key=plain, no.=61, <stderr>:
LENGTH=320
elapsed cycles: 3396285
hi(checksum)=0xBD08D57AD66E910A
lo(checksum)=0xBC0C65095A42A137
key=plain, no.=61, <checksum>:
0xBD08D57AD66E910ABC0C65095A42A137
key=plain, no.=61, cso file:
/dev/null
----------------------------------------------
real command=cset shield -e /home/nrink/Projects/build/encode/encode/tests/quicksort/quicksort.perf.plain --  --cso /dev/null
key=plain, no.=62, <stderr>:
LENGTH=320
elapsed cycles: 3336450
hi(checksum)=0xBD08D57AD66E910A
lo(checksum)=0xBC0C65095A42A137
key=plain, no.=62, <checksum>:
0xBD08D57AD66E910ABC0C65095A42A137
key=plain, no.=62, cso file:
/dev/null
----------------------------------------------
real command=cset shield -e /home/nrink/Projects/build/encode/encode/tests/quicksort/quicksort.perf.plain --  --cso /dev/null
key=plain, no.=63, <stderr>:
LENGTH=320
elapsed cycles: 3336567
hi(checksum)=0xBD08D57AD66E910A
lo(checksum)=0xBC0C65095A42A137
key=plain, no.=63, <checksum>:
0xBD08D57AD66E910ABC0C65095A42A137
key=plain, no.=63, cso file:
/dev/null
----------------------------------------------
real command=cset shield -e /home/nrink/Projects/build/encode/encode/tests/quicksort/quicksort.perf.plain --  --cso /dev/null
key=plain, no.=64, <stderr>:
LENGTH=320
elapsed cycles: 3326388
hi(checksum)=0xBD08D57AD66E910A
lo(checksum)=0xBC0C65095A42A137
key=plain, no.=64, <checksum>:
0xBD08D57AD66E910ABC0C65095A42A137
key=plain, no.=64, cso file:
/dev/null
----------------------------------------------
real command=cset shield -e /home/nrink/Projects/build/encode/encode/tests/quicksort/quicksort.perf.plain --  --cso /dev/null
key=plain, no.=65, <stderr>:
LENGTH=320
elapsed cycles: 3338700
hi(checksum)=0xBD08D57AD66E910A
lo(checksum)=0xBC0C65095A42A137
key=plain, no.=65, <checksum>:
0xBD08D57AD66E910ABC0C65095A42A137
key=plain, no.=65, cso file:
/dev/null
----------------------------------------------
real command=cset shield -e /home/nrink/Projects/build/encode/encode/tests/quicksort/quicksort.perf.plain --  --cso /dev/null
key=plain, no.=66, <stderr>:
LENGTH=320
elapsed cycles: 3336549
hi(checksum)=0xBD08D57AD66E910A
lo(checksum)=0xBC0C65095A42A137
key=plain, no.=66, <checksum>:
0xBD08D57AD66E910ABC0C65095A42A137
key=plain, no.=66, cso file:
/dev/null
----------------------------------------------
real command=cset shield -e /home/nrink/Projects/build/encode/encode/tests/quicksort/quicksort.perf.plain --  --cso /dev/null
key=plain, no.=67, <stderr>:
LENGTH=320
elapsed cycles: 3459291
hi(checksum)=0xBD08D57AD66E910A
lo(checksum)=0xBC0C65095A42A137
key=plain, no.=67, <checksum>:
0xBD08D57AD66E910ABC0C65095A42A137
key=plain, no.=67, cso file:
/dev/null
----------------------------------------------
real command=cset shield -e /home/nrink/Projects/build/encode/encode/tests/quicksort/quicksort.perf.plain --  --cso /dev/null
key=plain, no.=68, <stderr>:
LENGTH=320
elapsed cycles: 3440202
hi(checksum)=0xBD08D57AD66E910A
lo(checksum)=0xBC0C65095A42A137
key=plain, no.=68, <checksum>:
0xBD08D57AD66E910ABC0C65095A42A137
key=plain, no.=68, cso file:
/dev/null
----------------------------------------------
real command=cset shield -e /home/nrink/Projects/build/encode/encode/tests/quicksort/quicksort.perf.plain --  --cso /dev/null
key=plain, no.=69, <stderr>:
LENGTH=320
elapsed cycles: 3345546
hi(checksum)=0xBD08D57AD66E910A
lo(checksum)=0xBC0C65095A42A137
key=plain, no.=69, <checksum>:
0xBD08D57AD66E910ABC0C65095A42A137
key=plain, no.=69, cso file:
/dev/null
----------------------------------------------
real command=cset shield -e /home/nrink/Projects/build/encode/encode/tests/quicksort/quicksort.perf.plain --  --cso /dev/null
key=plain, no.=70, <stderr>:
LENGTH=320
elapsed cycles: 3334032
hi(checksum)=0xBD08D57AD66E910A
lo(checksum)=0xBC0C65095A42A137
key=plain, no.=70, <checksum>:
0xBD08D57AD66E910ABC0C65095A42A137
key=plain, no.=70, cso file:
/dev/null
----------------------------------------------
real command=cset shield -e /home/nrink/Projects/build/encode/encode/tests/quicksort/quicksort.perf.plain --  --cso /dev/null
key=plain, no.=71, <stderr>:
LENGTH=320
elapsed cycles: 3341505
hi(checksum)=0xBD08D57AD66E910A
lo(checksum)=0xBC0C65095A42A137
key=plain, no.=71, <checksum>:
0xBD08D57AD66E910ABC0C65095A42A137
key=plain, no.=71, cso file:
/dev/null
----------------------------------------------
real command=cset shield -e /home/nrink/Projects/build/encode/encode/tests/quicksort/quicksort.perf.plain --  --cso /dev/null
key=plain, no.=72, <stderr>:
LENGTH=320
elapsed cycles: 4313250
hi(checksum)=0xBD08D57AD66E910A
lo(checksum)=0xBC0C65095A42A137
key=plain, no.=72, <checksum>:
0xBD08D57AD66E910ABC0C65095A42A137
key=plain, no.=72, cso file:
/dev/null
----------------------------------------------
real command=cset shield -e /home/nrink/Projects/build/encode/encode/tests/quicksort/quicksort.perf.plain --  --cso /dev/null
key=plain, no.=73, <stderr>:
LENGTH=320
elapsed cycles: 3461685
hi(checksum)=0xBD08D57AD66E910A
lo(checksum)=0xBC0C65095A42A137
key=plain, no.=73, <checksum>:
0xBD08D57AD66E910ABC0C65095A42A137
key=plain, no.=73, cso file:
/dev/null
----------------------------------------------
real command=cset shield -e /home/nrink/Projects/build/encode/encode/tests/quicksort/quicksort.perf.plain --  --cso /dev/null
key=plain, no.=74, <stderr>:
LENGTH=320
elapsed cycles: 3467754
hi(checksum)=0xBD08D57AD66E910A
lo(checksum)=0xBC0C65095A42A137
key=plain, no.=74, <checksum>:
0xBD08D57AD66E910ABC0C65095A42A137
key=plain, no.=74, cso file:
/dev/null
----------------------------------------------
real command=cset shield -e /home/nrink/Projects/build/encode/encode/tests/quicksort/quicksort.perf.plain --  --cso /dev/null
key=plain, no.=75, <stderr>:
LENGTH=320
elapsed cycles: 3537051
hi(checksum)=0xBD08D57AD66E910A
lo(checksum)=0xBC0C65095A42A137
key=plain, no.=75, <checksum>:
0xBD08D57AD66E910ABC0C65095A42A137
key=plain, no.=75, cso file:
/dev/null
----------------------------------------------
real command=cset shield -e /home/nrink/Projects/build/encode/encode/tests/quicksort/quicksort.perf.plain --  --cso /dev/null
key=plain, no.=76, <stderr>:
LENGTH=320
elapsed cycles: 4070541
hi(checksum)=0xBD08D57AD66E910A
lo(checksum)=0xBC0C65095A42A137
key=plain, no.=76, <checksum>:
0xBD08D57AD66E910ABC0C65095A42A137
key=plain, no.=76, cso file:
/dev/null
----------------------------------------------
real command=cset shield -e /home/nrink/Projects/build/encode/encode/tests/quicksort/quicksort.perf.plain --  --cso /dev/null
key=plain, no.=77, <stderr>:
LENGTH=320
elapsed cycles: 3594996
hi(checksum)=0xBD08D57AD66E910A
lo(checksum)=0xBC0C65095A42A137
key=plain, no.=77, <checksum>:
0xBD08D57AD66E910ABC0C65095A42A137
key=plain, no.=77, cso file:
/dev/null
----------------------------------------------
real command=cset shield -e /home/nrink/Projects/build/encode/encode/tests/quicksort/quicksort.perf.plain --  --cso /dev/null
key=plain, no.=78, <stderr>:
LENGTH=320
elapsed cycles: 3505758
hi(checksum)=0xBD08D57AD66E910A
lo(checksum)=0xBC0C65095A42A137
key=plain, no.=78, <checksum>:
0xBD08D57AD66E910ABC0C65095A42A137
key=plain, no.=78, cso file:
/dev/null
----------------------------------------------
real command=cset shield -e /home/nrink/Projects/build/encode/encode/tests/quicksort/quicksort.perf.plain --  --cso /dev/null
key=plain, no.=79, <stderr>:
LENGTH=320
elapsed cycles: 3335679
hi(checksum)=0xBD08D57AD66E910A
lo(checksum)=0xBC0C65095A42A137
key=plain, no.=79, <checksum>:
0xBD08D57AD66E910ABC0C65095A42A137
key=plain, no.=79, cso file:
/dev/null
----------------------------------------------
real command=cset shield -e /home/nrink/Projects/build/encode/encode/tests/quicksort/quicksort.perf.plain --  --cso /dev/null
key=plain, no.=80, <stderr>:
LENGTH=320
elapsed cycles: 3386184
hi(checksum)=0xBD08D57AD66E910A
lo(checksum)=0xBC0C65095A42A137
key=plain, no.=80, <checksum>:
0xBD08D57AD66E910ABC0C65095A42A137
key=plain, no.=80, cso file:
/dev/null
----------------------------------------------
real command=cset shield -e /home/nrink/Projects/build/encode/encode/tests/quicksort/quicksort.perf.plain --  --cso /dev/null
key=plain, no.=81, <stderr>:
LENGTH=320
elapsed cycles: 3382158
hi(checksum)=0xBD08D57AD66E910A
lo(checksum)=0xBC0C65095A42A137
key=plain, no.=81, <checksum>:
0xBD08D57AD66E910ABC0C65095A42A137
key=plain, no.=81, cso file:
/dev/null
----------------------------------------------
real command=cset shield -e /home/nrink/Projects/build/encode/encode/tests/quicksort/quicksort.perf.plain --  --cso /dev/null
key=plain, no.=82, <stderr>:
LENGTH=320
elapsed cycles: 3749103
hi(checksum)=0xBD08D57AD66E910A
lo(checksum)=0xBC0C65095A42A137
key=plain, no.=82, <checksum>:
0xBD08D57AD66E910ABC0C65095A42A137
key=plain, no.=82, cso file:
/dev/null
----------------------------------------------
real command=cset shield -e /home/nrink/Projects/build/encode/encode/tests/quicksort/quicksort.perf.plain --  --cso /dev/null
key=plain, no.=83, <stderr>:
LENGTH=320
elapsed cycles: 3919746
hi(checksum)=0xBD08D57AD66E910A
lo(checksum)=0xBC0C65095A42A137
key=plain, no.=83, <checksum>:
0xBD08D57AD66E910ABC0C65095A42A137
key=plain, no.=83, cso file:
/dev/null
----------------------------------------------
real command=cset shield -e /home/nrink/Projects/build/encode/encode/tests/quicksort/quicksort.perf.plain --  --cso /dev/null
key=plain, no.=84, <stderr>:
LENGTH=320
elapsed cycles: 3580551
hi(checksum)=0xBD08D57AD66E910A
lo(checksum)=0xBC0C65095A42A137
key=plain, no.=84, <checksum>:
0xBD08D57AD66E910ABC0C65095A42A137
key=plain, no.=84, cso file:
/dev/null
----------------------------------------------
real command=cset shield -e /home/nrink/Projects/build/encode/encode/tests/quicksort/quicksort.perf.plain --  --cso /dev/null
key=plain, no.=85, <stderr>:
LENGTH=320
elapsed cycles: 3599421
hi(checksum)=0xBD08D57AD66E910A
lo(checksum)=0xBC0C65095A42A137
key=plain, no.=85, <checksum>:
0xBD08D57AD66E910ABC0C65095A42A137
key=plain, no.=85, cso file:
/dev/null
----------------------------------------------
real command=cset shield -e /home/nrink/Projects/build/encode/encode/tests/quicksort/quicksort.perf.plain --  --cso /dev/null
key=plain, no.=86, <stderr>:
LENGTH=320
elapsed cycles: 3877803
hi(checksum)=0xBD08D57AD66E910A
lo(checksum)=0xBC0C65095A42A137
key=plain, no.=86, <checksum>:
0xBD08D57AD66E910ABC0C65095A42A137
key=plain, no.=86, cso file:
/dev/null
----------------------------------------------
real command=cset shield -e /home/nrink/Projects/build/encode/encode/tests/quicksort/quicksort.perf.plain --  --cso /dev/null
key=plain, no.=87, <stderr>:
LENGTH=320
elapsed cycles: 3530466
hi(checksum)=0xBD08D57AD66E910A
lo(checksum)=0xBC0C65095A42A137
key=plain, no.=87, <checksum>:
0xBD08D57AD66E910ABC0C65095A42A137
key=plain, no.=87, cso file:
/dev/null
----------------------------------------------
real command=cset shield -e /home/nrink/Projects/build/encode/encode/tests/quicksort/quicksort.perf.plain --  --cso /dev/null
key=plain, no.=88, <stderr>:
LENGTH=320
elapsed cycles: 3454413
hi(checksum)=0xBD08D57AD66E910A
lo(checksum)=0xBC0C65095A42A137
key=plain, no.=88, <checksum>:
0xBD08D57AD66E910ABC0C65095A42A137
key=plain, no.=88, cso file:
/dev/null
----------------------------------------------
real command=cset shield -e /home/nrink/Projects/build/encode/encode/tests/quicksort/quicksort.perf.plain --  --cso /dev/null
key=plain, no.=89, <stderr>:
LENGTH=320
elapsed cycles: 3519183
hi(checksum)=0xBD08D57AD66E910A
lo(checksum)=0xBC0C65095A42A137
key=plain, no.=89, <checksum>:
0xBD08D57AD66E910ABC0C65095A42A137
key=plain, no.=89, cso file:
/dev/null
----------------------------------------------
real command=cset shield -e /home/nrink/Projects/build/encode/encode/tests/quicksort/quicksort.perf.plain --  --cso /dev/null
key=plain, no.=90, <stderr>:
LENGTH=320
elapsed cycles: 3880707
hi(checksum)=0xBD08D57AD66E910A
lo(checksum)=0xBC0C65095A42A137
key=plain, no.=90, <checksum>:
0xBD08D57AD66E910ABC0C65095A42A137
key=plain, no.=90, cso file:
/dev/null
----------------------------------------------
real command=cset shield -e /home/nrink/Projects/build/encode/encode/tests/quicksort/quicksort.perf.plain --  --cso /dev/null
key=plain, no.=91, <stderr>:
LENGTH=320
elapsed cycles: 3614298
hi(checksum)=0xBD08D57AD66E910A
lo(checksum)=0xBC0C65095A42A137
key=plain, no.=91, <checksum>:
0xBD08D57AD66E910ABC0C65095A42A137
key=plain, no.=91, cso file:
/dev/null
----------------------------------------------
real command=cset shield -e /home/nrink/Projects/build/encode/encode/tests/quicksort/quicksort.perf.plain --  --cso /dev/null
key=plain, no.=92, <stderr>:
LENGTH=320
elapsed cycles: 3337164
hi(checksum)=0xBD08D57AD66E910A
lo(checksum)=0xBC0C65095A42A137
key=plain, no.=92, <checksum>:
0xBD08D57AD66E910ABC0C65095A42A137
key=plain, no.=92, cso file:
/dev/null
----------------------------------------------
real command=cset shield -e /home/nrink/Projects/build/encode/encode/tests/quicksort/quicksort.perf.plain --  --cso /dev/null
key=plain, no.=93, <stderr>:
LENGTH=320
elapsed cycles: 3344307
hi(checksum)=0xBD08D57AD66E910A
lo(checksum)=0xBC0C65095A42A137
key=plain, no.=93, <checksum>:
0xBD08D57AD66E910ABC0C65095A42A137
key=plain, no.=93, cso file:
/dev/null
----------------------------------------------
real command=cset shield -e /home/nrink/Projects/build/encode/encode/tests/quicksort/quicksort.perf.plain --  --cso /dev/null
key=plain, no.=94, <stderr>:
LENGTH=320
elapsed cycles: 3337956
hi(checksum)=0xBD08D57AD66E910A
lo(checksum)=0xBC0C65095A42A137
key=plain, no.=94, <checksum>:
0xBD08D57AD66E910ABC0C65095A42A137
key=plain, no.=94, cso file:
/dev/null
----------------------------------------------
real command=cset shield -e /home/nrink/Projects/build/encode/encode/tests/quicksort/quicksort.perf.plain --  --cso /dev/null
key=plain, no.=95, <stderr>:
LENGTH=320
elapsed cycles: 3452634
hi(checksum)=0xBD08D57AD66E910A
lo(checksum)=0xBC0C65095A42A137
key=plain, no.=95, <checksum>:
0xBD08D57AD66E910ABC0C65095A42A137
key=plain, no.=95, cso file:
/dev/null
----------------------------------------------
real command=cset shield -e /home/nrink/Projects/build/encode/encode/tests/quicksort/quicksort.perf.plain --  --cso /dev/null
key=plain, no.=96, <stderr>:
LENGTH=320
elapsed cycles: 3373785
hi(checksum)=0xBD08D57AD66E910A
lo(checksum)=0xBC0C65095A42A137
key=plain, no.=96, <checksum>:
0xBD08D57AD66E910ABC0C65095A42A137
key=plain, no.=96, cso file:
/dev/null
----------------------------------------------
real command=cset shield -e /home/nrink/Projects/build/encode/encode/tests/quicksort/quicksort.perf.plain --  --cso /dev/null
key=plain, no.=97, <stderr>:
LENGTH=320
elapsed cycles: 3335100
hi(checksum)=0xBD08D57AD66E910A
lo(checksum)=0xBC0C65095A42A137
key=plain, no.=97, <checksum>:
0xBD08D57AD66E910ABC0C65095A42A137
key=plain, no.=97, cso file:
/dev/null
----------------------------------------------
real command=cset shield -e /home/nrink/Projects/build/encode/encode/tests/quicksort/quicksort.perf.plain --  --cso /dev/null
key=plain, no.=98, <stderr>:
LENGTH=320
elapsed cycles: 3336246
hi(checksum)=0xBD08D57AD66E910A
lo(checksum)=0xBC0C65095A42A137
key=plain, no.=98, <checksum>:
0xBD08D57AD66E910ABC0C65095A42A137
key=plain, no.=98, cso file:
/dev/null
----------------------------------------------
real command=cset shield -e /home/nrink/Projects/build/encode/encode/tests/quicksort/quicksort.perf.plain --  --cso /dev/null
key=plain, no.=99, <stderr>:
LENGTH=320
elapsed cycles: 3340890
hi(checksum)=0xBD08D57AD66E910A
lo(checksum)=0xBC0C65095A42A137
key=plain, no.=99, <checksum>:
0xBD08D57AD66E910ABC0C65095A42A137
key=plain, no.=99, cso file:
/dev/null
----------------------------------------------
key=encoded, runs=100 ...
command=/home/nrink/Projects/build/encode/encode/tests/quicksort/quicksort.perf.encoded
----------------------------------------------
real command=cset shield -e /home/nrink/Projects/build/encode/encode/tests/quicksort/quicksort.perf.encoded --  --cso /dev/null
key=encoded, no.=0, <stderr>:
LENGTH=320
elapsed cycles: 5547957
hi(checksum)=0xBD08D57AD66E910A
lo(checksum)=0xBC0C65095A42A137
key=encoded, no.=0, <checksum>:
0xBD08D57AD66E910ABC0C65095A42A137
key=encoded, no.=0, cso file:
/dev/null
----------------------------------------------
real command=cset shield -e /home/nrink/Projects/build/encode/encode/tests/quicksort/quicksort.perf.encoded --  --cso /dev/null
key=encoded, no.=1, <stderr>:
LENGTH=320
elapsed cycles: 5561859
hi(checksum)=0xBD08D57AD66E910A
lo(checksum)=0xBC0C65095A42A137
key=encoded, no.=1, <checksum>:
0xBD08D57AD66E910ABC0C65095A42A137
key=encoded, no.=1, cso file:
/dev/null
----------------------------------------------
real command=cset shield -e /home/nrink/Projects/build/encode/encode/tests/quicksort/quicksort.perf.encoded --  --cso /dev/null
key=encoded, no.=2, <stderr>:
LENGTH=320
elapsed cycles: 5421387
hi(checksum)=0xBD08D57AD66E910A
lo(checksum)=0xBC0C65095A42A137
key=encoded, no.=2, <checksum>:
0xBD08D57AD66E910ABC0C65095A42A137
key=encoded, no.=2, cso file:
/dev/null
----------------------------------------------
real command=cset shield -e /home/nrink/Projects/build/encode/encode/tests/quicksort/quicksort.perf.encoded --  --cso /dev/null
key=encoded, no.=3, <stderr>:
LENGTH=320
elapsed cycles: 5448792
hi(checksum)=0xBD08D57AD66E910A
lo(checksum)=0xBC0C65095A42A137
key=encoded, no.=3, <checksum>:
0xBD08D57AD66E910ABC0C65095A42A137
key=encoded, no.=3, cso file:
/dev/null
----------------------------------------------
real command=cset shield -e /home/nrink/Projects/build/encode/encode/tests/quicksort/quicksort.perf.encoded --  --cso /dev/null
key=encoded, no.=4, <stderr>:
LENGTH=320
elapsed cycles: 5445399
hi(checksum)=0xBD08D57AD66E910A
lo(checksum)=0xBC0C65095A42A137
key=encoded, no.=4, <checksum>:
0xBD08D57AD66E910ABC0C65095A42A137
key=encoded, no.=4, cso file:
/dev/null
----------------------------------------------
real command=cset shield -e /home/nrink/Projects/build/encode/encode/tests/quicksort/quicksort.perf.encoded --  --cso /dev/null
key=encoded, no.=5, <stderr>:
LENGTH=320
elapsed cycles: 5387439
hi(checksum)=0xBD08D57AD66E910A
lo(checksum)=0xBC0C65095A42A137
key=encoded, no.=5, <checksum>:
0xBD08D57AD66E910ABC0C65095A42A137
key=encoded, no.=5, cso file:
/dev/null
----------------------------------------------
real command=cset shield -e /home/nrink/Projects/build/encode/encode/tests/quicksort/quicksort.perf.encoded --  --cso /dev/null
key=encoded, no.=6, <stderr>:
LENGTH=320
elapsed cycles: 5462037
hi(checksum)=0xBD08D57AD66E910A
lo(checksum)=0xBC0C65095A42A137
key=encoded, no.=6, <checksum>:
0xBD08D57AD66E910ABC0C65095A42A137
key=encoded, no.=6, cso file:
/dev/null
----------------------------------------------
real command=cset shield -e /home/nrink/Projects/build/encode/encode/tests/quicksort/quicksort.perf.encoded --  --cso /dev/null
key=encoded, no.=7, <stderr>:
LENGTH=320
elapsed cycles: 5354832
hi(checksum)=0xBD08D57AD66E910A
lo(checksum)=0xBC0C65095A42A137
key=encoded, no.=7, <checksum>:
0xBD08D57AD66E910ABC0C65095A42A137
key=encoded, no.=7, cso file:
/dev/null
----------------------------------------------
real command=cset shield -e /home/nrink/Projects/build/encode/encode/tests/quicksort/quicksort.perf.encoded --  --cso /dev/null
key=encoded, no.=8, <stderr>:
LENGTH=320
elapsed cycles: 5457957
hi(checksum)=0xBD08D57AD66E910A
lo(checksum)=0xBC0C65095A42A137
key=encoded, no.=8, <checksum>:
0xBD08D57AD66E910ABC0C65095A42A137
key=encoded, no.=8, cso file:
/dev/null
----------------------------------------------
real command=cset shield -e /home/nrink/Projects/build/encode/encode/tests/quicksort/quicksort.perf.encoded --  --cso /dev/null
key=encoded, no.=9, <stderr>:
LENGTH=320
elapsed cycles: 5385174
hi(checksum)=0xBD08D57AD66E910A
lo(checksum)=0xBC0C65095A42A137
key=encoded, no.=9, <checksum>:
0xBD08D57AD66E910ABC0C65095A42A137
key=encoded, no.=9, cso file:
/dev/null
----------------------------------------------
real command=cset shield -e /home/nrink/Projects/build/encode/encode/tests/quicksort/quicksort.perf.encoded --  --cso /dev/null
key=encoded, no.=10, <stderr>:
LENGTH=320
elapsed cycles: 5386782
hi(checksum)=0xBD08D57AD66E910A
lo(checksum)=0xBC0C65095A42A137
key=encoded, no.=10, <checksum>:
0xBD08D57AD66E910ABC0C65095A42A137
key=encoded, no.=10, cso file:
/dev/null
----------------------------------------------
real command=cset shield -e /home/nrink/Projects/build/encode/encode/tests/quicksort/quicksort.perf.encoded --  --cso /dev/null
key=encoded, no.=11, <stderr>:
LENGTH=320
elapsed cycles: 5774910
hi(checksum)=0xBD08D57AD66E910A
lo(checksum)=0xBC0C65095A42A137
key=encoded, no.=11, <checksum>:
0xBD08D57AD66E910ABC0C65095A42A137
key=encoded, no.=11, cso file:
/dev/null
----------------------------------------------
real command=cset shield -e /home/nrink/Projects/build/encode/encode/tests/quicksort/quicksort.perf.encoded --  --cso /dev/null
key=encoded, no.=12, <stderr>:
LENGTH=320
elapsed cycles: 5362806
hi(checksum)=0xBD08D57AD66E910A
lo(checksum)=0xBC0C65095A42A137
key=encoded, no.=12, <checksum>:
0xBD08D57AD66E910ABC0C65095A42A137
key=encoded, no.=12, cso file:
/dev/null
----------------------------------------------
real command=cset shield -e /home/nrink/Projects/build/encode/encode/tests/quicksort/quicksort.perf.encoded --  --cso /dev/null
key=encoded, no.=13, <stderr>:
LENGTH=320
elapsed cycles: 5439597
hi(checksum)=0xBD08D57AD66E910A
lo(checksum)=0xBC0C65095A42A137
key=encoded, no.=13, <checksum>:
0xBD08D57AD66E910ABC0C65095A42A137
key=encoded, no.=13, cso file:
/dev/null
----------------------------------------------
real command=cset shield -e /home/nrink/Projects/build/encode/encode/tests/quicksort/quicksort.perf.encoded --  --cso /dev/null
key=encoded, no.=14, <stderr>:
LENGTH=320
elapsed cycles: 5429088
hi(checksum)=0xBD08D57AD66E910A
lo(checksum)=0xBC0C65095A42A137
key=encoded, no.=14, <checksum>:
0xBD08D57AD66E910ABC0C65095A42A137
key=encoded, no.=14, cso file:
/dev/null
----------------------------------------------
real command=cset shield -e /home/nrink/Projects/build/encode/encode/tests/quicksort/quicksort.perf.encoded --  --cso /dev/null
key=encoded, no.=15, <stderr>:
LENGTH=320
elapsed cycles: 5684109
hi(checksum)=0xBD08D57AD66E910A
lo(checksum)=0xBC0C65095A42A137
key=encoded, no.=15, <checksum>:
0xBD08D57AD66E910ABC0C65095A42A137
key=encoded, no.=15, cso file:
/dev/null
----------------------------------------------
real command=cset shield -e /home/nrink/Projects/build/encode/encode/tests/quicksort/quicksort.perf.encoded --  --cso /dev/null
key=encoded, no.=16, <stderr>:
LENGTH=320
elapsed cycles: 5653953
hi(checksum)=0xBD08D57AD66E910A
lo(checksum)=0xBC0C65095A42A137
key=encoded, no.=16, <checksum>:
0xBD08D57AD66E910ABC0C65095A42A137
key=encoded, no.=16, cso file:
/dev/null
----------------------------------------------
real command=cset shield -e /home/nrink/Projects/build/encode/encode/tests/quicksort/quicksort.perf.encoded --  --cso /dev/null
key=encoded, no.=17, <stderr>:
LENGTH=320
elapsed cycles: 5683929
hi(checksum)=0xBD08D57AD66E910A
lo(checksum)=0xBC0C65095A42A137
key=encoded, no.=17, <checksum>:
0xBD08D57AD66E910ABC0C65095A42A137
key=encoded, no.=17, cso file:
/dev/null
----------------------------------------------
real command=cset shield -e /home/nrink/Projects/build/encode/encode/tests/quicksort/quicksort.perf.encoded --  --cso /dev/null
key=encoded, no.=18, <stderr>:
LENGTH=320
elapsed cycles: 5345235
hi(checksum)=0xBD08D57AD66E910A
lo(checksum)=0xBC0C65095A42A137
key=encoded, no.=18, <checksum>:
0xBD08D57AD66E910ABC0C65095A42A137
key=encoded, no.=18, cso file:
/dev/null
----------------------------------------------
real command=cset shield -e /home/nrink/Projects/build/encode/encode/tests/quicksort/quicksort.perf.encoded --  --cso /dev/null
key=encoded, no.=19, <stderr>:
LENGTH=320
elapsed cycles: 5420082
hi(checksum)=0xBD08D57AD66E910A
lo(checksum)=0xBC0C65095A42A137
key=encoded, no.=19, <checksum>:
0xBD08D57AD66E910ABC0C65095A42A137
key=encoded, no.=19, cso file:
/dev/null
----------------------------------------------
real command=cset shield -e /home/nrink/Projects/build/encode/encode/tests/quicksort/quicksort.perf.encoded --  --cso /dev/null
key=encoded, no.=20, <stderr>:
LENGTH=320
elapsed cycles: 5449188
hi(checksum)=0xBD08D57AD66E910A
lo(checksum)=0xBC0C65095A42A137
key=encoded, no.=20, <checksum>:
0xBD08D57AD66E910ABC0C65095A42A137
key=encoded, no.=20, cso file:
/dev/null
----------------------------------------------
real command=cset shield -e /home/nrink/Projects/build/encode/encode/tests/quicksort/quicksort.perf.encoded --  --cso /dev/null
key=encoded, no.=21, <stderr>:
LENGTH=320
elapsed cycles: 5458770
hi(checksum)=0xBD08D57AD66E910A
lo(checksum)=0xBC0C65095A42A137
key=encoded, no.=21, <checksum>:
0xBD08D57AD66E910ABC0C65095A42A137
key=encoded, no.=21, cso file:
/dev/null
----------------------------------------------
real command=cset shield -e /home/nrink/Projects/build/encode/encode/tests/quicksort/quicksort.perf.encoded --  --cso /dev/null
key=encoded, no.=22, <stderr>:
LENGTH=320
elapsed cycles: 5429403
hi(checksum)=0xBD08D57AD66E910A
lo(checksum)=0xBC0C65095A42A137
key=encoded, no.=22, <checksum>:
0xBD08D57AD66E910ABC0C65095A42A137
key=encoded, no.=22, cso file:
/dev/null
----------------------------------------------
real command=cset shield -e /home/nrink/Projects/build/encode/encode/tests/quicksort/quicksort.perf.encoded --  --cso /dev/null
key=encoded, no.=23, <stderr>:
LENGTH=320
elapsed cycles: 5690820
hi(checksum)=0xBD08D57AD66E910A
lo(checksum)=0xBC0C65095A42A137
key=encoded, no.=23, <checksum>:
0xBD08D57AD66E910ABC0C65095A42A137
key=encoded, no.=23, cso file:
/dev/null
----------------------------------------------
real command=cset shield -e /home/nrink/Projects/build/encode/encode/tests/quicksort/quicksort.perf.encoded --  --cso /dev/null
key=encoded, no.=24, <stderr>:
LENGTH=320
elapsed cycles: 5483598
hi(checksum)=0xBD08D57AD66E910A
lo(checksum)=0xBC0C65095A42A137
key=encoded, no.=24, <checksum>:
0xBD08D57AD66E910ABC0C65095A42A137
key=encoded, no.=24, cso file:
/dev/null
----------------------------------------------
real command=cset shield -e /home/nrink/Projects/build/encode/encode/tests/quicksort/quicksort.perf.encoded --  --cso /dev/null
key=encoded, no.=25, <stderr>:
LENGTH=320
elapsed cycles: 5404956
hi(checksum)=0xBD08D57AD66E910A
lo(checksum)=0xBC0C65095A42A137
key=encoded, no.=25, <checksum>:
0xBD08D57AD66E910ABC0C65095A42A137
key=encoded, no.=25, cso file:
/dev/null
----------------------------------------------
real command=cset shield -e /home/nrink/Projects/build/encode/encode/tests/quicksort/quicksort.perf.encoded --  --cso /dev/null
key=encoded, no.=26, <stderr>:
LENGTH=320
elapsed cycles: 5507631
hi(checksum)=0xBD08D57AD66E910A
lo(checksum)=0xBC0C65095A42A137
key=encoded, no.=26, <checksum>:
0xBD08D57AD66E910ABC0C65095A42A137
key=encoded, no.=26, cso file:
/dev/null
----------------------------------------------
real command=cset shield -e /home/nrink/Projects/build/encode/encode/tests/quicksort/quicksort.perf.encoded --  --cso /dev/null
key=encoded, no.=27, <stderr>:
LENGTH=320
elapsed cycles: 5376927
hi(checksum)=0xBD08D57AD66E910A
lo(checksum)=0xBC0C65095A42A137
key=encoded, no.=27, <checksum>:
0xBD08D57AD66E910ABC0C65095A42A137
key=encoded, no.=27, cso file:
/dev/null
----------------------------------------------
real command=cset shield -e /home/nrink/Projects/build/encode/encode/tests/quicksort/quicksort.perf.encoded --  --cso /dev/null
key=encoded, no.=28, <stderr>:
LENGTH=320
elapsed cycles: 5494107
hi(checksum)=0xBD08D57AD66E910A
lo(checksum)=0xBC0C65095A42A137
key=encoded, no.=28, <checksum>:
0xBD08D57AD66E910ABC0C65095A42A137
key=encoded, no.=28, cso file:
/dev/null
----------------------------------------------
real command=cset shield -e /home/nrink/Projects/build/encode/encode/tests/quicksort/quicksort.perf.encoded --  --cso /dev/null
key=encoded, no.=29, <stderr>:
LENGTH=320
elapsed cycles: 5455959
hi(checksum)=0xBD08D57AD66E910A
lo(checksum)=0xBC0C65095A42A137
key=encoded, no.=29, <checksum>:
0xBD08D57AD66E910ABC0C65095A42A137
key=encoded, no.=29, cso file:
/dev/null
----------------------------------------------
real command=cset shield -e /home/nrink/Projects/build/encode/encode/tests/quicksort/quicksort.perf.encoded --  --cso /dev/null
key=encoded, no.=30, <stderr>:
LENGTH=320
elapsed cycles: 5418711
hi(checksum)=0xBD08D57AD66E910A
lo(checksum)=0xBC0C65095A42A137
key=encoded, no.=30, <checksum>:
0xBD08D57AD66E910ABC0C65095A42A137
key=encoded, no.=30, cso file:
/dev/null
----------------------------------------------
real command=cset shield -e /home/nrink/Projects/build/encode/encode/tests/quicksort/quicksort.perf.encoded --  --cso /dev/null
key=encoded, no.=31, <stderr>:
LENGTH=320
elapsed cycles: 5365188
hi(checksum)=0xBD08D57AD66E910A
lo(checksum)=0xBC0C65095A42A137
key=encoded, no.=31, <checksum>:
0xBD08D57AD66E910ABC0C65095A42A137
key=encoded, no.=31, cso file:
/dev/null
----------------------------------------------
real command=cset shield -e /home/nrink/Projects/build/encode/encode/tests/quicksort/quicksort.perf.encoded --  --cso /dev/null
key=encoded, no.=32, <stderr>:
LENGTH=320
elapsed cycles: 5353449
hi(checksum)=0xBD08D57AD66E910A
lo(checksum)=0xBC0C65095A42A137
key=encoded, no.=32, <checksum>:
0xBD08D57AD66E910ABC0C65095A42A137
key=encoded, no.=32, cso file:
/dev/null
----------------------------------------------
real command=cset shield -e /home/nrink/Projects/build/encode/encode/tests/quicksort/quicksort.perf.encoded --  --cso /dev/null
key=encoded, no.=33, <stderr>:
LENGTH=320
elapsed cycles: 5337306
hi(checksum)=0xBD08D57AD66E910A
lo(checksum)=0xBC0C65095A42A137
key=encoded, no.=33, <checksum>:
0xBD08D57AD66E910ABC0C65095A42A137
key=encoded, no.=33, cso file:
/dev/null
----------------------------------------------
real command=cset shield -e /home/nrink/Projects/build/encode/encode/tests/quicksort/quicksort.perf.encoded --  --cso /dev/null
key=encoded, no.=34, <stderr>:
LENGTH=320
elapsed cycles: 5515158
hi(checksum)=0xBD08D57AD66E910A
lo(checksum)=0xBC0C65095A42A137
key=encoded, no.=34, <checksum>:
0xBD08D57AD66E910ABC0C65095A42A137
key=encoded, no.=34, cso file:
/dev/null
----------------------------------------------
real command=cset shield -e /home/nrink/Projects/build/encode/encode/tests/quicksort/quicksort.perf.encoded --  --cso /dev/null
key=encoded, no.=35, <stderr>:
LENGTH=320
elapsed cycles: 5404437
hi(checksum)=0xBD08D57AD66E910A
lo(checksum)=0xBC0C65095A42A137
key=encoded, no.=35, <checksum>:
0xBD08D57AD66E910ABC0C65095A42A137
key=encoded, no.=35, cso file:
/dev/null
----------------------------------------------
real command=cset shield -e /home/nrink/Projects/build/encode/encode/tests/quicksort/quicksort.perf.encoded --  --cso /dev/null
key=encoded, no.=36, <stderr>:
LENGTH=320
elapsed cycles: 5403624
hi(checksum)=0xBD08D57AD66E910A
lo(checksum)=0xBC0C65095A42A137
key=encoded, no.=36, <checksum>:
0xBD08D57AD66E910ABC0C65095A42A137
key=encoded, no.=36, cso file:
/dev/null
----------------------------------------------
real command=cset shield -e /home/nrink/Projects/build/encode/encode/tests/quicksort/quicksort.perf.encoded --  --cso /dev/null
key=encoded, no.=37, <stderr>:
LENGTH=320
elapsed cycles: 5456643
hi(checksum)=0xBD08D57AD66E910A
lo(checksum)=0xBC0C65095A42A137
key=encoded, no.=37, <checksum>:
0xBD08D57AD66E910ABC0C65095A42A137
key=encoded, no.=37, cso file:
/dev/null
----------------------------------------------
real command=cset shield -e /home/nrink/Projects/build/encode/encode/tests/quicksort/quicksort.perf.encoded --  --cso /dev/null
key=encoded, no.=38, <stderr>:
LENGTH=320
elapsed cycles: 5411754
hi(checksum)=0xBD08D57AD66E910A
lo(checksum)=0xBC0C65095A42A137
key=encoded, no.=38, <checksum>:
0xBD08D57AD66E910ABC0C65095A42A137
key=encoded, no.=38, cso file:
/dev/null
----------------------------------------------
real command=cset shield -e /home/nrink/Projects/build/encode/encode/tests/quicksort/quicksort.perf.encoded --  --cso /dev/null
key=encoded, no.=39, <stderr>:
LENGTH=320
elapsed cycles: 5459643
hi(checksum)=0xBD08D57AD66E910A
lo(checksum)=0xBC0C65095A42A137
key=encoded, no.=39, <checksum>:
0xBD08D57AD66E910ABC0C65095A42A137
key=encoded, no.=39, cso file:
/dev/null
----------------------------------------------
real command=cset shield -e /home/nrink/Projects/build/encode/encode/tests/quicksort/quicksort.perf.encoded --  --cso /dev/null
key=encoded, no.=40, <stderr>:
LENGTH=320
elapsed cycles: 5500983
hi(checksum)=0xBD08D57AD66E910A
lo(checksum)=0xBC0C65095A42A137
key=encoded, no.=40, <checksum>:
0xBD08D57AD66E910ABC0C65095A42A137
key=encoded, no.=40, cso file:
/dev/null
----------------------------------------------
real command=cset shield -e /home/nrink/Projects/build/encode/encode/tests/quicksort/quicksort.perf.encoded --  --cso /dev/null
key=encoded, no.=41, <stderr>:
LENGTH=320
elapsed cycles: 5343087
hi(checksum)=0xBD08D57AD66E910A
lo(checksum)=0xBC0C65095A42A137
key=encoded, no.=41, <checksum>:
0xBD08D57AD66E910ABC0C65095A42A137
key=encoded, no.=41, cso file:
/dev/null
----------------------------------------------
real command=cset shield -e /home/nrink/Projects/build/encode/encode/tests/quicksort/quicksort.perf.encoded --  --cso /dev/null
key=encoded, no.=42, <stderr>:
LENGTH=320
elapsed cycles: 5443059
hi(checksum)=0xBD08D57AD66E910A
lo(checksum)=0xBC0C65095A42A137
key=encoded, no.=42, <checksum>:
0xBD08D57AD66E910ABC0C65095A42A137
key=encoded, no.=42, cso file:
/dev/null
----------------------------------------------
real command=cset shield -e /home/nrink/Projects/build/encode/encode/tests/quicksort/quicksort.perf.encoded --  --cso /dev/null
key=encoded, no.=43, <stderr>:
LENGTH=320
elapsed cycles: 5376360
hi(checksum)=0xBD08D57AD66E910A
lo(checksum)=0xBC0C65095A42A137
key=encoded, no.=43, <checksum>:
0xBD08D57AD66E910ABC0C65095A42A137
key=encoded, no.=43, cso file:
/dev/null
----------------------------------------------
real command=cset shield -e /home/nrink/Projects/build/encode/encode/tests/quicksort/quicksort.perf.encoded --  --cso /dev/null
key=encoded, no.=44, <stderr>:
LENGTH=320
elapsed cycles: 5528244
hi(checksum)=0xBD08D57AD66E910A
lo(checksum)=0xBC0C65095A42A137
key=encoded, no.=44, <checksum>:
0xBD08D57AD66E910ABC0C65095A42A137
key=encoded, no.=44, cso file:
/dev/null
----------------------------------------------
real command=cset shield -e /home/nrink/Projects/build/encode/encode/tests/quicksort/quicksort.perf.encoded --  --cso /dev/null
key=encoded, no.=45, <stderr>:
LENGTH=320
elapsed cycles: 5345460
hi(checksum)=0xBD08D57AD66E910A
lo(checksum)=0xBC0C65095A42A137
key=encoded, no.=45, <checksum>:
0xBD08D57AD66E910ABC0C65095A42A137
key=encoded, no.=45, cso file:
/dev/null
----------------------------------------------
real command=cset shield -e /home/nrink/Projects/build/encode/encode/tests/quicksort/quicksort.perf.encoded --  --cso /dev/null
key=encoded, no.=46, <stderr>:
LENGTH=320
elapsed cycles: 5402667
hi(checksum)=0xBD08D57AD66E910A
lo(checksum)=0xBC0C65095A42A137
key=encoded, no.=46, <checksum>:
0xBD08D57AD66E910ABC0C65095A42A137
key=encoded, no.=46, cso file:
/dev/null
----------------------------------------------
real command=cset shield -e /home/nrink/Projects/build/encode/encode/tests/quicksort/quicksort.perf.encoded --  --cso /dev/null
key=encoded, no.=47, <stderr>:
LENGTH=320
elapsed cycles: 5500506
hi(checksum)=0xBD08D57AD66E910A
lo(checksum)=0xBC0C65095A42A137
key=encoded, no.=47, <checksum>:
0xBD08D57AD66E910ABC0C65095A42A137
key=encoded, no.=47, cso file:
/dev/null
----------------------------------------------
real command=cset shield -e /home/nrink/Projects/build/encode/encode/tests/quicksort/quicksort.perf.encoded --  --cso /dev/null
key=encoded, no.=48, <stderr>:
LENGTH=320
elapsed cycles: 5349786
hi(checksum)=0xBD08D57AD66E910A
lo(checksum)=0xBC0C65095A42A137
key=encoded, no.=48, <checksum>:
0xBD08D57AD66E910ABC0C65095A42A137
key=encoded, no.=48, cso file:
/dev/null
----------------------------------------------
real command=cset shield -e /home/nrink/Projects/build/encode/encode/tests/quicksort/quicksort.perf.encoded --  --cso /dev/null
key=encoded, no.=49, <stderr>:
LENGTH=320
elapsed cycles: 5426994
hi(checksum)=0xBD08D57AD66E910A
lo(checksum)=0xBC0C65095A42A137
key=encoded, no.=49, <checksum>:
0xBD08D57AD66E910ABC0C65095A42A137
key=encoded, no.=49, cso file:
/dev/null
----------------------------------------------
real command=cset shield -e /home/nrink/Projects/build/encode/encode/tests/quicksort/quicksort.perf.encoded --  --cso /dev/null
key=encoded, no.=50, <stderr>:
LENGTH=320
elapsed cycles: 5532930
hi(checksum)=0xBD08D57AD66E910A
lo(checksum)=0xBC0C65095A42A137
key=encoded, no.=50, <checksum>:
0xBD08D57AD66E910ABC0C65095A42A137
key=encoded, no.=50, cso file:
/dev/null
----------------------------------------------
real command=cset shield -e /home/nrink/Projects/build/encode/encode/tests/quicksort/quicksort.perf.encoded --  --cso /dev/null
key=encoded, no.=51, <stderr>:
LENGTH=320
elapsed cycles: 5441706
hi(checksum)=0xBD08D57AD66E910A
lo(checksum)=0xBC0C65095A42A137
key=encoded, no.=51, <checksum>:
0xBD08D57AD66E910ABC0C65095A42A137
key=encoded, no.=51, cso file:
/dev/null
----------------------------------------------
real command=cset shield -e /home/nrink/Projects/build/encode/encode/tests/quicksort/quicksort.perf.encoded --  --cso /dev/null
key=encoded, no.=52, <stderr>:
LENGTH=320
elapsed cycles: 5345439
hi(checksum)=0xBD08D57AD66E910A
lo(checksum)=0xBC0C65095A42A137
key=encoded, no.=52, <checksum>:
0xBD08D57AD66E910ABC0C65095A42A137
key=encoded, no.=52, cso file:
/dev/null
----------------------------------------------
real command=cset shield -e /home/nrink/Projects/build/encode/encode/tests/quicksort/quicksort.perf.encoded --  --cso /dev/null
key=encoded, no.=53, <stderr>:
LENGTH=320
elapsed cycles: 5490264
hi(checksum)=0xBD08D57AD66E910A
lo(checksum)=0xBC0C65095A42A137
key=encoded, no.=53, <checksum>:
0xBD08D57AD66E910ABC0C65095A42A137
key=encoded, no.=53, cso file:
/dev/null
----------------------------------------------
real command=cset shield -e /home/nrink/Projects/build/encode/encode/tests/quicksort/quicksort.perf.encoded --  --cso /dev/null
key=encoded, no.=54, <stderr>:
LENGTH=320
elapsed cycles: 5342058
hi(checksum)=0xBD08D57AD66E910A
lo(checksum)=0xBC0C65095A42A137
key=encoded, no.=54, <checksum>:
0xBD08D57AD66E910ABC0C65095A42A137
key=encoded, no.=54, cso file:
/dev/null
----------------------------------------------
real command=cset shield -e /home/nrink/Projects/build/encode/encode/tests/quicksort/quicksort.perf.encoded --  --cso /dev/null
key=encoded, no.=55, <stderr>:
LENGTH=320
elapsed cycles: 5578413
hi(checksum)=0xBD08D57AD66E910A
lo(checksum)=0xBC0C65095A42A137
key=encoded, no.=55, <checksum>:
0xBD08D57AD66E910ABC0C65095A42A137
key=encoded, no.=55, cso file:
/dev/null
----------------------------------------------
real command=cset shield -e /home/nrink/Projects/build/encode/encode/tests/quicksort/quicksort.perf.encoded --  --cso /dev/null
key=encoded, no.=56, <stderr>:
LENGTH=320
elapsed cycles: 5428539
hi(checksum)=0xBD08D57AD66E910A
lo(checksum)=0xBC0C65095A42A137
key=encoded, no.=56, <checksum>:
0xBD08D57AD66E910ABC0C65095A42A137
key=encoded, no.=56, cso file:
/dev/null
----------------------------------------------
real command=cset shield -e /home/nrink/Projects/build/encode/encode/tests/quicksort/quicksort.perf.encoded --  --cso /dev/null
key=encoded, no.=57, <stderr>:
LENGTH=320
elapsed cycles: 5484606
hi(checksum)=0xBD08D57AD66E910A
lo(checksum)=0xBC0C65095A42A137
key=encoded, no.=57, <checksum>:
0xBD08D57AD66E910ABC0C65095A42A137
key=encoded, no.=57, cso file:
/dev/null
----------------------------------------------
real command=cset shield -e /home/nrink/Projects/build/encode/encode/tests/quicksort/quicksort.perf.encoded --  --cso /dev/null
key=encoded, no.=58, <stderr>:
LENGTH=320
elapsed cycles: 5401050
hi(checksum)=0xBD08D57AD66E910A
lo(checksum)=0xBC0C65095A42A137
key=encoded, no.=58, <checksum>:
0xBD08D57AD66E910ABC0C65095A42A137
key=encoded, no.=58, cso file:
/dev/null
----------------------------------------------
real command=cset shield -e /home/nrink/Projects/build/encode/encode/tests/quicksort/quicksort.perf.encoded --  --cso /dev/null
key=encoded, no.=59, <stderr>:
LENGTH=320
elapsed cycles: 5392038
hi(checksum)=0xBD08D57AD66E910A
lo(checksum)=0xBC0C65095A42A137
key=encoded, no.=59, <checksum>:
0xBD08D57AD66E910ABC0C65095A42A137
key=encoded, no.=59, cso file:
/dev/null
----------------------------------------------
real command=cset shield -e /home/nrink/Projects/build/encode/encode/tests/quicksort/quicksort.perf.encoded --  --cso /dev/null
key=encoded, no.=60, <stderr>:
LENGTH=320
elapsed cycles: 5457867
hi(checksum)=0xBD08D57AD66E910A
lo(checksum)=0xBC0C65095A42A137
key=encoded, no.=60, <checksum>:
0xBD08D57AD66E910ABC0C65095A42A137
key=encoded, no.=60, cso file:
/dev/null
----------------------------------------------
real command=cset shield -e /home/nrink/Projects/build/encode/encode/tests/quicksort/quicksort.perf.encoded --  --cso /dev/null
key=encoded, no.=61, <stderr>:
LENGTH=320
elapsed cycles: 5384691
hi(checksum)=0xBD08D57AD66E910A
lo(checksum)=0xBC0C65095A42A137
key=encoded, no.=61, <checksum>:
0xBD08D57AD66E910ABC0C65095A42A137
key=encoded, no.=61, cso file:
/dev/null
----------------------------------------------
real command=cset shield -e /home/nrink/Projects/build/encode/encode/tests/quicksort/quicksort.perf.encoded --  --cso /dev/null
key=encoded, no.=62, <stderr>:
LENGTH=320
elapsed cycles: 5350446
hi(checksum)=0xBD08D57AD66E910A
lo(checksum)=0xBC0C65095A42A137
key=encoded, no.=62, <checksum>:
0xBD08D57AD66E910ABC0C65095A42A137
key=encoded, no.=62, cso file:
/dev/null
----------------------------------------------
real command=cset shield -e /home/nrink/Projects/build/encode/encode/tests/quicksort/quicksort.perf.encoded --  --cso /dev/null
key=encoded, no.=63, <stderr>:
LENGTH=320
elapsed cycles: 5394147
hi(checksum)=0xBD08D57AD66E910A
lo(checksum)=0xBC0C65095A42A137
key=encoded, no.=63, <checksum>:
0xBD08D57AD66E910ABC0C65095A42A137
key=encoded, no.=63, cso file:
/dev/null
----------------------------------------------
real command=cset shield -e /home/nrink/Projects/build/encode/encode/tests/quicksort/quicksort.perf.encoded --  --cso /dev/null
key=encoded, no.=64, <stderr>:
LENGTH=320
elapsed cycles: 5434758
hi(checksum)=0xBD08D57AD66E910A
lo(checksum)=0xBC0C65095A42A137
key=encoded, no.=64, <checksum>:
0xBD08D57AD66E910ABC0C65095A42A137
key=encoded, no.=64, cso file:
/dev/null
----------------------------------------------
real command=cset shield -e /home/nrink/Projects/build/encode/encode/tests/quicksort/quicksort.perf.encoded --  --cso /dev/null
key=encoded, no.=65, <stderr>:
LENGTH=320
elapsed cycles: 5423091
hi(checksum)=0xBD08D57AD66E910A
lo(checksum)=0xBC0C65095A42A137
key=encoded, no.=65, <checksum>:
0xBD08D57AD66E910ABC0C65095A42A137
key=encoded, no.=65, cso file:
/dev/null
----------------------------------------------
real command=cset shield -e /home/nrink/Projects/build/encode/encode/tests/quicksort/quicksort.perf.encoded --  --cso /dev/null
key=encoded, no.=66, <stderr>:
LENGTH=320
elapsed cycles: 5557872
hi(checksum)=0xBD08D57AD66E910A
lo(checksum)=0xBC0C65095A42A137
key=encoded, no.=66, <checksum>:
0xBD08D57AD66E910ABC0C65095A42A137
key=encoded, no.=66, cso file:
/dev/null
----------------------------------------------
real command=cset shield -e /home/nrink/Projects/build/encode/encode/tests/quicksort/quicksort.perf.encoded --  --cso /dev/null
key=encoded, no.=67, <stderr>:
LENGTH=320
elapsed cycles: 5366808
hi(checksum)=0xBD08D57AD66E910A
lo(checksum)=0xBC0C65095A42A137
key=encoded, no.=67, <checksum>:
0xBD08D57AD66E910ABC0C65095A42A137
key=encoded, no.=67, cso file:
/dev/null
----------------------------------------------
real command=cset shield -e /home/nrink/Projects/build/encode/encode/tests/quicksort/quicksort.perf.encoded --  --cso /dev/null
key=encoded, no.=68, <stderr>:
LENGTH=320
elapsed cycles: 5547321
hi(checksum)=0xBD08D57AD66E910A
lo(checksum)=0xBC0C65095A42A137
key=encoded, no.=68, <checksum>:
0xBD08D57AD66E910ABC0C65095A42A137
key=encoded, no.=68, cso file:
/dev/null
----------------------------------------------
real command=cset shield -e /home/nrink/Projects/build/encode/encode/tests/quicksort/quicksort.perf.encoded --  --cso /dev/null
key=encoded, no.=69, <stderr>:
LENGTH=320
elapsed cycles: 5480730
hi(checksum)=0xBD08D57AD66E910A
lo(checksum)=0xBC0C65095A42A137
key=encoded, no.=69, <checksum>:
0xBD08D57AD66E910ABC0C65095A42A137
key=encoded, no.=69, cso file:
/dev/null
----------------------------------------------
real command=cset shield -e /home/nrink/Projects/build/encode/encode/tests/quicksort/quicksort.perf.encoded --  --cso /dev/null
key=encoded, no.=70, <stderr>:
LENGTH=320
elapsed cycles: 5399841
hi(checksum)=0xBD08D57AD66E910A
lo(checksum)=0xBC0C65095A42A137
key=encoded, no.=70, <checksum>:
0xBD08D57AD66E910ABC0C65095A42A137
key=encoded, no.=70, cso file:
/dev/null
----------------------------------------------
real command=cset shield -e /home/nrink/Projects/build/encode/encode/tests/quicksort/quicksort.perf.encoded --  --cso /dev/null
key=encoded, no.=71, <stderr>:
LENGTH=320
elapsed cycles: 5457114
hi(checksum)=0xBD08D57AD66E910A
lo(checksum)=0xBC0C65095A42A137
key=encoded, no.=71, <checksum>:
0xBD08D57AD66E910ABC0C65095A42A137
key=encoded, no.=71, cso file:
/dev/null
----------------------------------------------
real command=cset shield -e /home/nrink/Projects/build/encode/encode/tests/quicksort/quicksort.perf.encoded --  --cso /dev/null
key=encoded, no.=72, <stderr>:
LENGTH=320
elapsed cycles: 5410287
hi(checksum)=0xBD08D57AD66E910A
lo(checksum)=0xBC0C65095A42A137
key=encoded, no.=72, <checksum>:
0xBD08D57AD66E910ABC0C65095A42A137
key=encoded, no.=72, cso file:
/dev/null
----------------------------------------------
real command=cset shield -e /home/nrink/Projects/build/encode/encode/tests/quicksort/quicksort.perf.encoded --  --cso /dev/null
key=encoded, no.=73, <stderr>:
LENGTH=320
elapsed cycles: 6043575
hi(checksum)=0xBD08D57AD66E910A
lo(checksum)=0xBC0C65095A42A137
key=encoded, no.=73, <checksum>:
0xBD08D57AD66E910ABC0C65095A42A137
key=encoded, no.=73, cso file:
/dev/null
----------------------------------------------
real command=cset shield -e /home/nrink/Projects/build/encode/encode/tests/quicksort/quicksort.perf.encoded --  --cso /dev/null
key=encoded, no.=74, <stderr>:
LENGTH=320
elapsed cycles: 5367306
hi(checksum)=0xBD08D57AD66E910A
lo(checksum)=0xBC0C65095A42A137
key=encoded, no.=74, <checksum>:
0xBD08D57AD66E910ABC0C65095A42A137
key=encoded, no.=74, cso file:
/dev/null
----------------------------------------------
real command=cset shield -e /home/nrink/Projects/build/encode/encode/tests/quicksort/quicksort.perf.encoded --  --cso /dev/null
key=encoded, no.=75, <stderr>:
LENGTH=320
elapsed cycles: 5504058
hi(checksum)=0xBD08D57AD66E910A
lo(checksum)=0xBC0C65095A42A137
key=encoded, no.=75, <checksum>:
0xBD08D57AD66E910ABC0C65095A42A137
key=encoded, no.=75, cso file:
/dev/null
----------------------------------------------
real command=cset shield -e /home/nrink/Projects/build/encode/encode/tests/quicksort/quicksort.perf.encoded --  --cso /dev/null
key=encoded, no.=76, <stderr>:
LENGTH=320
elapsed cycles: 5355468
hi(checksum)=0xBD08D57AD66E910A
lo(checksum)=0xBC0C65095A42A137
key=encoded, no.=76, <checksum>:
0xBD08D57AD66E910ABC0C65095A42A137
key=encoded, no.=76, cso file:
/dev/null
----------------------------------------------
real command=cset shield -e /home/nrink/Projects/build/encode/encode/tests/quicksort/quicksort.perf.encoded --  --cso /dev/null
key=encoded, no.=77, <stderr>:
LENGTH=320
elapsed cycles: 5556231
hi(checksum)=0xBD08D57AD66E910A
lo(checksum)=0xBC0C65095A42A137
key=encoded, no.=77, <checksum>:
0xBD08D57AD66E910ABC0C65095A42A137
key=encoded, no.=77, cso file:
/dev/null
----------------------------------------------
real command=cset shield -e /home/nrink/Projects/build/encode/encode/tests/quicksort/quicksort.perf.encoded --  --cso /dev/null
key=encoded, no.=78, <stderr>:
LENGTH=320
elapsed cycles: 5419674
hi(checksum)=0xBD08D57AD66E910A
lo(checksum)=0xBC0C65095A42A137
key=encoded, no.=78, <checksum>:
0xBD08D57AD66E910ABC0C65095A42A137
key=encoded, no.=78, cso file:
/dev/null
----------------------------------------------
real command=cset shield -e /home/nrink/Projects/build/encode/encode/tests/quicksort/quicksort.perf.encoded --  --cso /dev/null
key=encoded, no.=79, <stderr>:
LENGTH=320
elapsed cycles: 5443773
hi(checksum)=0xBD08D57AD66E910A
lo(checksum)=0xBC0C65095A42A137
key=encoded, no.=79, <checksum>:
0xBD08D57AD66E910ABC0C65095A42A137
key=encoded, no.=79, cso file:
/dev/null
----------------------------------------------
real command=cset shield -e /home/nrink/Projects/build/encode/encode/tests/quicksort/quicksort.perf.encoded --  --cso /dev/null
key=encoded, no.=80, <stderr>:
LENGTH=320
elapsed cycles: 5373252
hi(checksum)=0xBD08D57AD66E910A
lo(checksum)=0xBC0C65095A42A137
key=encoded, no.=80, <checksum>:
0xBD08D57AD66E910ABC0C65095A42A137
key=encoded, no.=80, cso file:
/dev/null
----------------------------------------------
real command=cset shield -e /home/nrink/Projects/build/encode/encode/tests/quicksort/quicksort.perf.encoded --  --cso /dev/null
key=encoded, no.=81, <stderr>:
LENGTH=320
elapsed cycles: 5481897
hi(checksum)=0xBD08D57AD66E910A
lo(checksum)=0xBC0C65095A42A137
key=encoded, no.=81, <checksum>:
0xBD08D57AD66E910ABC0C65095A42A137
key=encoded, no.=81, cso file:
/dev/null
----------------------------------------------
real command=cset shield -e /home/nrink/Projects/build/encode/encode/tests/quicksort/quicksort.perf.encoded --  --cso /dev/null
key=encoded, no.=82, <stderr>:
LENGTH=320
elapsed cycles: 5515974
hi(checksum)=0xBD08D57AD66E910A
lo(checksum)=0xBC0C65095A42A137
key=encoded, no.=82, <checksum>:
0xBD08D57AD66E910ABC0C65095A42A137
key=encoded, no.=82, cso file:
/dev/null
----------------------------------------------
real command=cset shield -e /home/nrink/Projects/build/encode/encode/tests/quicksort/quicksort.perf.encoded --  --cso /dev/null
key=encoded, no.=83, <stderr>:
LENGTH=320
elapsed cycles: 5345952
hi(checksum)=0xBD08D57AD66E910A
lo(checksum)=0xBC0C65095A42A137
key=encoded, no.=83, <checksum>:
0xBD08D57AD66E910ABC0C65095A42A137
key=encoded, no.=83, cso file:
/dev/null
----------------------------------------------
real command=cset shield -e /home/nrink/Projects/build/encode/encode/tests/quicksort/quicksort.perf.encoded --  --cso /dev/null
key=encoded, no.=84, <stderr>:
LENGTH=320
elapsed cycles: 5513085
hi(checksum)=0xBD08D57AD66E910A
lo(checksum)=0xBC0C65095A42A137
key=encoded, no.=84, <checksum>:
0xBD08D57AD66E910ABC0C65095A42A137
key=encoded, no.=84, cso file:
/dev/null
----------------------------------------------
real command=cset shield -e /home/nrink/Projects/build/encode/encode/tests/quicksort/quicksort.perf.encoded --  --cso /dev/null
key=encoded, no.=85, <stderr>:
LENGTH=320
elapsed cycles: 5447484
hi(checksum)=0xBD08D57AD66E910A
lo(checksum)=0xBC0C65095A42A137
key=encoded, no.=85, <checksum>:
0xBD08D57AD66E910ABC0C65095A42A137
key=encoded, no.=85, cso file:
/dev/null
----------------------------------------------
real command=cset shield -e /home/nrink/Projects/build/encode/encode/tests/quicksort/quicksort.perf.encoded --  --cso /dev/null
key=encoded, no.=86, <stderr>:
LENGTH=320
elapsed cycles: 5396472
hi(checksum)=0xBD08D57AD66E910A
lo(checksum)=0xBC0C65095A42A137
key=encoded, no.=86, <checksum>:
0xBD08D57AD66E910ABC0C65095A42A137
key=encoded, no.=86, cso file:
/dev/null
----------------------------------------------
real command=cset shield -e /home/nrink/Projects/build/encode/encode/tests/quicksort/quicksort.perf.encoded --  --cso /dev/null
key=encoded, no.=87, <stderr>:
LENGTH=320
elapsed cycles: 5416938
hi(checksum)=0xBD08D57AD66E910A
lo(checksum)=0xBC0C65095A42A137
key=encoded, no.=87, <checksum>:
0xBD08D57AD66E910ABC0C65095A42A137
key=encoded, no.=87, cso file:
/dev/null
----------------------------------------------
real command=cset shield -e /home/nrink/Projects/build/encode/encode/tests/quicksort/quicksort.perf.encoded --  --cso /dev/null
key=encoded, no.=88, <stderr>:
LENGTH=320
elapsed cycles: 5553987
hi(checksum)=0xBD08D57AD66E910A
lo(checksum)=0xBC0C65095A42A137
key=encoded, no.=88, <checksum>:
0xBD08D57AD66E910ABC0C65095A42A137
key=encoded, no.=88, cso file:
/dev/null
----------------------------------------------
real command=cset shield -e /home/nrink/Projects/build/encode/encode/tests/quicksort/quicksort.perf.encoded --  --cso /dev/null
key=encoded, no.=89, <stderr>:
LENGTH=320
elapsed cycles: 5368281
hi(checksum)=0xBD08D57AD66E910A
lo(checksum)=0xBC0C65095A42A137
key=encoded, no.=89, <checksum>:
0xBD08D57AD66E910ABC0C65095A42A137
key=encoded, no.=89, cso file:
/dev/null
----------------------------------------------
real command=cset shield -e /home/nrink/Projects/build/encode/encode/tests/quicksort/quicksort.perf.encoded --  --cso /dev/null
key=encoded, no.=90, <stderr>:
LENGTH=320
elapsed cycles: 5471556
hi(checksum)=0xBD08D57AD66E910A
lo(checksum)=0xBC0C65095A42A137
key=encoded, no.=90, <checksum>:
0xBD08D57AD66E910ABC0C65095A42A137
key=encoded, no.=90, cso file:
/dev/null
----------------------------------------------
real command=cset shield -e /home/nrink/Projects/build/encode/encode/tests/quicksort/quicksort.perf.encoded --  --cso /dev/null
key=encoded, no.=91, <stderr>:
LENGTH=320
elapsed cycles: 5464338
hi(checksum)=0xBD08D57AD66E910A
lo(checksum)=0xBC0C65095A42A137
key=encoded, no.=91, <checksum>:
0xBD08D57AD66E910ABC0C65095A42A137
key=encoded, no.=91, cso file:
/dev/null
----------------------------------------------
real command=cset shield -e /home/nrink/Projects/build/encode/encode/tests/quicksort/quicksort.perf.encoded --  --cso /dev/null
key=encoded, no.=92, <stderr>:
LENGTH=320
elapsed cycles: 5342244
hi(checksum)=0xBD08D57AD66E910A
lo(checksum)=0xBC0C65095A42A137
key=encoded, no.=92, <checksum>:
0xBD08D57AD66E910ABC0C65095A42A137
key=encoded, no.=92, cso file:
/dev/null
----------------------------------------------
real command=cset shield -e /home/nrink/Projects/build/encode/encode/tests/quicksort/quicksort.perf.encoded --  --cso /dev/null
key=encoded, no.=93, <stderr>:
LENGTH=320
elapsed cycles: 5457642
hi(checksum)=0xBD08D57AD66E910A
lo(checksum)=0xBC0C65095A42A137
key=encoded, no.=93, <checksum>:
0xBD08D57AD66E910ABC0C65095A42A137
key=encoded, no.=93, cso file:
/dev/null
----------------------------------------------
real command=cset shield -e /home/nrink/Projects/build/encode/encode/tests/quicksort/quicksort.perf.encoded --  --cso /dev/null
key=encoded, no.=94, <stderr>:
LENGTH=320
elapsed cycles: 5348391
hi(checksum)=0xBD08D57AD66E910A
lo(checksum)=0xBC0C65095A42A137
key=encoded, no.=94, <checksum>:
0xBD08D57AD66E910ABC0C65095A42A137
key=encoded, no.=94, cso file:
/dev/null
----------------------------------------------
real command=cset shield -e /home/nrink/Projects/build/encode/encode/tests/quicksort/quicksort.perf.encoded --  --cso /dev/null
key=encoded, no.=95, <stderr>:
LENGTH=320
elapsed cycles: 5499984
hi(checksum)=0xBD08D57AD66E910A
lo(checksum)=0xBC0C65095A42A137
key=encoded, no.=95, <checksum>:
0xBD08D57AD66E910ABC0C65095A42A137
key=encoded, no.=95, cso file:
/dev/null
----------------------------------------------
real command=cset shield -e /home/nrink/Projects/build/encode/encode/tests/quicksort/quicksort.perf.encoded --  --cso /dev/null
key=encoded, no.=96, <stderr>:
LENGTH=320
elapsed cycles: 5527500
hi(checksum)=0xBD08D57AD66E910A
lo(checksum)=0xBC0C65095A42A137
key=encoded, no.=96, <checksum>:
0xBD08D57AD66E910ABC0C65095A42A137
key=encoded, no.=96, cso file:
/dev/null
----------------------------------------------
real command=cset shield -e /home/nrink/Projects/build/encode/encode/tests/quicksort/quicksort.perf.encoded --  --cso /dev/null
key=encoded, no.=97, <stderr>:
LENGTH=320
elapsed cycles: 5489250
hi(checksum)=0xBD08D57AD66E910A
lo(checksum)=0xBC0C65095A42A137
key=encoded, no.=97, <checksum>:
0xBD08D57AD66E910ABC0C65095A42A137
key=encoded, no.=97, cso file:
/dev/null
----------------------------------------------
real command=cset shield -e /home/nrink/Projects/build/encode/encode/tests/quicksort/quicksort.perf.encoded --  --cso /dev/null
key=encoded, no.=98, <stderr>:
LENGTH=320
elapsed cycles: 5422479
hi(checksum)=0xBD08D57AD66E910A
lo(checksum)=0xBC0C65095A42A137
key=encoded, no.=98, <checksum>:
0xBD08D57AD66E910ABC0C65095A42A137
key=encoded, no.=98, cso file:
/dev/null
----------------------------------------------
real command=cset shield -e /home/nrink/Projects/build/encode/encode/tests/quicksort/quicksort.perf.encoded --  --cso /dev/null
key=encoded, no.=99, <stderr>:
LENGTH=320
elapsed cycles: 5433612
hi(checksum)=0xBD08D57AD66E910A
lo(checksum)=0xBC0C65095A42A137
key=encoded, no.=99, <checksum>:
0xBD08D57AD66E910ABC0C65095A42A137
key=encoded, no.=99, cso file:
/dev/null
----------------------------------------------
