<stderr> from running /home/nrink/Projects/pin-2.14-71313-gcc.4.4.7-linux/pin.sh -t /home/nrink/Projects/bfi/obj-intel64/bfi.so -trigger 163587 -cmd RVAL -seed 1 -mask 197 -- /home/nrink/Projects/build/encode/encode/tests/ptrarith/ptrarith.cover.plain --cso ./2015-05-06_10:13:34/ptrarith/cover/cs/plain.66.cso --csl ./2015-05-06_10:13:34/ptrarith/cover/cs/plain.66.csl:
[.:    0, IP = 0x400aa0, i = 163590, wa = 0, ra = 0, rr = 0, wr = 0, it = 0, t = 0]
	access = read, size = 8, value = 6, value' = 195, addr = 0x603150, op = 0
elapsed cycles: 25400205
hi(checksum)=0x4FA4A2660A14A8B6
lo(checksum)=0xF4CDDE68764744E1
**********************
INSTR   = 177510
WADDR   = 0
RADDR   = 0
RREG    = 0
WREG    = 0
ITER    = 0
TRIGGER = 163587
TTYPE   = IN
COMMAND = RVAL
SEL     = -1
SEED    = 1
MASK    = 0xc5
THREAD  = 0
ELAPSED = 1.40s
----------------------------------------------------------------
