<stderr> from running /home/nrink/Projects/pin-2.14-71313-gcc.4.4.7-linux/pin.sh -t /home/nrink/Projects/bfi/obj-intel64/bfi.so -trigger 163524 -cmd WADDR -seed 1 -mask 80 -- /home/nrink/Projects/build/encode/encode/tests/ptrarith/ptrarith.cover.plain --cso ./2015-05-06_10:13:34/ptrarith/cover/cs/plain.87.cso --csl ./2015-05-06_10:13:34/ptrarith/cover/cs/plain.87.csl:
[.:    0, IP = 0x40099a, i = 163524, wa = 0, ra = 0, rr = 0, wr = 0, it = 0, t = 0]
	access = write, size = 16, addr = 0x6031e0, addr' = 0x6031b0, op = 0
elapsed cycles: 30189654
hi(checksum)=0xBF1694865CA4816A
lo(checksum)=0x755135CEA5B8343B
**********************
INSTR   = 177509
WADDR   = 0
RADDR   = 0
RREG    = 0
WREG    = 0
ITER    = 0
TRIGGER = 163524
TTYPE   = IN
COMMAND = WADDR
SEL     = -1
SEED    = 1
MASK    = 0x50
THREAD  = 0
ELAPSED = 2.42s
----------------------------------------------------------------
