key=plain, runs=100 ...
command=/home/nrink/Projects/build/encode/encode/tests/ptrarith/ptrarith.perf.plain
----------------------------------------------
real command=cset shield -e /home/nrink/Projects/build/encode/encode/tests/ptrarith/ptrarith.perf.plain --  --cso /dev/null
key=plain, no.=0, <stderr>:
LENGTH=60
elapsed cycles: 8706
hi(checksum)=0xCCA064626E7D18F4
lo(checksum)=0x8060AF85FE6E8AA8
key=plain, no.=0, <checksum>:
0xCCA064626E7D18F48060AF85FE6E8AA8
key=plain, no.=0, cso file:
/dev/null
----------------------------------------------
real command=cset shield -e /home/nrink/Projects/build/encode/encode/tests/ptrarith/ptrarith.perf.plain --  --cso /dev/null
key=plain, no.=1, <stderr>:
LENGTH=60
elapsed cycles: 8709
hi(checksum)=0xCCA064626E7D18F4
lo(checksum)=0x8060AF85FE6E8AA8
key=plain, no.=1, <checksum>:
0xCCA064626E7D18F48060AF85FE6E8AA8
key=plain, no.=1, cso file:
/dev/null
----------------------------------------------
real command=cset shield -e /home/nrink/Projects/build/encode/encode/tests/ptrarith/ptrarith.perf.plain --  --cso /dev/null
key=plain, no.=2, <stderr>:
LENGTH=60
elapsed cycles: 8784
hi(checksum)=0xCCA064626E7D18F4
lo(checksum)=0x8060AF85FE6E8AA8
key=plain, no.=2, <checksum>:
0xCCA064626E7D18F48060AF85FE6E8AA8
key=plain, no.=2, cso file:
/dev/null
----------------------------------------------
real command=cset shield -e /home/nrink/Projects/build/encode/encode/tests/ptrarith/ptrarith.perf.plain --  --cso /dev/null
key=plain, no.=3, <stderr>:
LENGTH=60
elapsed cycles: 8799
hi(checksum)=0xCCA064626E7D18F4
lo(checksum)=0x8060AF85FE6E8AA8
key=plain, no.=3, <checksum>:
0xCCA064626E7D18F48060AF85FE6E8AA8
key=plain, no.=3, cso file:
/dev/null
----------------------------------------------
real command=cset shield -e /home/nrink/Projects/build/encode/encode/tests/ptrarith/ptrarith.perf.plain --  --cso /dev/null
key=plain, no.=4, <stderr>:
LENGTH=60
elapsed cycles: 8664
hi(checksum)=0xCCA064626E7D18F4
lo(checksum)=0x8060AF85FE6E8AA8
key=plain, no.=4, <checksum>:
0xCCA064626E7D18F48060AF85FE6E8AA8
key=plain, no.=4, cso file:
/dev/null
----------------------------------------------
real command=cset shield -e /home/nrink/Projects/build/encode/encode/tests/ptrarith/ptrarith.perf.plain --  --cso /dev/null
key=plain, no.=5, <stderr>:
LENGTH=60
elapsed cycles: 8730
hi(checksum)=0xCCA064626E7D18F4
lo(checksum)=0x8060AF85FE6E8AA8
key=plain, no.=5, <checksum>:
0xCCA064626E7D18F48060AF85FE6E8AA8
key=plain, no.=5, cso file:
/dev/null
----------------------------------------------
real command=cset shield -e /home/nrink/Projects/build/encode/encode/tests/ptrarith/ptrarith.perf.plain --  --cso /dev/null
key=plain, no.=6, <stderr>:
LENGTH=60
elapsed cycles: 8760
hi(checksum)=0xCCA064626E7D18F4
lo(checksum)=0x8060AF85FE6E8AA8
key=plain, no.=6, <checksum>:
0xCCA064626E7D18F48060AF85FE6E8AA8
key=plain, no.=6, cso file:
/dev/null
----------------------------------------------
real command=cset shield -e /home/nrink/Projects/build/encode/encode/tests/ptrarith/ptrarith.perf.plain --  --cso /dev/null
key=plain, no.=7, <stderr>:
LENGTH=60
elapsed cycles: 8661
hi(checksum)=0xCCA064626E7D18F4
lo(checksum)=0x8060AF85FE6E8AA8
key=plain, no.=7, <checksum>:
0xCCA064626E7D18F48060AF85FE6E8AA8
key=plain, no.=7, cso file:
/dev/null
----------------------------------------------
real command=cset shield -e /home/nrink/Projects/build/encode/encode/tests/ptrarith/ptrarith.perf.plain --  --cso /dev/null
key=plain, no.=8, <stderr>:
LENGTH=60
elapsed cycles: 8781
hi(checksum)=0xCCA064626E7D18F4
lo(checksum)=0x8060AF85FE6E8AA8
key=plain, no.=8, <checksum>:
0xCCA064626E7D18F48060AF85FE6E8AA8
key=plain, no.=8, cso file:
/dev/null
----------------------------------------------
real command=cset shield -e /home/nrink/Projects/build/encode/encode/tests/ptrarith/ptrarith.perf.plain --  --cso /dev/null
key=plain, no.=9, <stderr>:
LENGTH=60
elapsed cycles: 8733
hi(checksum)=0xCCA064626E7D18F4
lo(checksum)=0x8060AF85FE6E8AA8
key=plain, no.=9, <checksum>:
0xCCA064626E7D18F48060AF85FE6E8AA8
key=plain, no.=9, cso file:
/dev/null
----------------------------------------------
real command=cset shield -e /home/nrink/Projects/build/encode/encode/tests/ptrarith/ptrarith.perf.plain --  --cso /dev/null
key=plain, no.=10, <stderr>:
LENGTH=60
elapsed cycles: 8589
hi(checksum)=0xCCA064626E7D18F4
lo(checksum)=0x8060AF85FE6E8AA8
key=plain, no.=10, <checksum>:
0xCCA064626E7D18F48060AF85FE6E8AA8
key=plain, no.=10, cso file:
/dev/null
----------------------------------------------
real command=cset shield -e /home/nrink/Projects/build/encode/encode/tests/ptrarith/ptrarith.perf.plain --  --cso /dev/null
key=plain, no.=11, <stderr>:
LENGTH=60
elapsed cycles: 8709
hi(checksum)=0xCCA064626E7D18F4
lo(checksum)=0x8060AF85FE6E8AA8
key=plain, no.=11, <checksum>:
0xCCA064626E7D18F48060AF85FE6E8AA8
key=plain, no.=11, cso file:
/dev/null
----------------------------------------------
real command=cset shield -e /home/nrink/Projects/build/encode/encode/tests/ptrarith/ptrarith.perf.plain --  --cso /dev/null
key=plain, no.=12, <stderr>:
LENGTH=60
elapsed cycles: 8757
hi(checksum)=0xCCA064626E7D18F4
lo(checksum)=0x8060AF85FE6E8AA8
key=plain, no.=12, <checksum>:
0xCCA064626E7D18F48060AF85FE6E8AA8
key=plain, no.=12, cso file:
/dev/null
----------------------------------------------
real command=cset shield -e /home/nrink/Projects/build/encode/encode/tests/ptrarith/ptrarith.perf.plain --  --cso /dev/null
key=plain, no.=13, <stderr>:
LENGTH=60
elapsed cycles: 8682
hi(checksum)=0xCCA064626E7D18F4
lo(checksum)=0x8060AF85FE6E8AA8
key=plain, no.=13, <checksum>:
0xCCA064626E7D18F48060AF85FE6E8AA8
key=plain, no.=13, cso file:
/dev/null
----------------------------------------------
real command=cset shield -e /home/nrink/Projects/build/encode/encode/tests/ptrarith/ptrarith.perf.plain --  --cso /dev/null
key=plain, no.=14, <stderr>:
LENGTH=60
elapsed cycles: 8727
hi(checksum)=0xCCA064626E7D18F4
lo(checksum)=0x8060AF85FE6E8AA8
key=plain, no.=14, <checksum>:
0xCCA064626E7D18F48060AF85FE6E8AA8
key=plain, no.=14, cso file:
/dev/null
----------------------------------------------
real command=cset shield -e /home/nrink/Projects/build/encode/encode/tests/ptrarith/ptrarith.perf.plain --  --cso /dev/null
key=plain, no.=15, <stderr>:
LENGTH=60
elapsed cycles: 8844
hi(checksum)=0xCCA064626E7D18F4
lo(checksum)=0x8060AF85FE6E8AA8
key=plain, no.=15, <checksum>:
0xCCA064626E7D18F48060AF85FE6E8AA8
key=plain, no.=15, cso file:
/dev/null
----------------------------------------------
real command=cset shield -e /home/nrink/Projects/build/encode/encode/tests/ptrarith/ptrarith.perf.plain --  --cso /dev/null
key=plain, no.=16, <stderr>:
LENGTH=60
elapsed cycles: 8700
hi(checksum)=0xCCA064626E7D18F4
lo(checksum)=0x8060AF85FE6E8AA8
key=plain, no.=16, <checksum>:
0xCCA064626E7D18F48060AF85FE6E8AA8
key=plain, no.=16, cso file:
/dev/null
----------------------------------------------
real command=cset shield -e /home/nrink/Projects/build/encode/encode/tests/ptrarith/ptrarith.perf.plain --  --cso /dev/null
key=plain, no.=17, <stderr>:
LENGTH=60
elapsed cycles: 8709
hi(checksum)=0xCCA064626E7D18F4
lo(checksum)=0x8060AF85FE6E8AA8
key=plain, no.=17, <checksum>:
0xCCA064626E7D18F48060AF85FE6E8AA8
key=plain, no.=17, cso file:
/dev/null
----------------------------------------------
real command=cset shield -e /home/nrink/Projects/build/encode/encode/tests/ptrarith/ptrarith.perf.plain --  --cso /dev/null
key=plain, no.=18, <stderr>:
LENGTH=60
elapsed cycles: 8787
hi(checksum)=0xCCA064626E7D18F4
lo(checksum)=0x8060AF85FE6E8AA8
key=plain, no.=18, <checksum>:
0xCCA064626E7D18F48060AF85FE6E8AA8
key=plain, no.=18, cso file:
/dev/null
----------------------------------------------
real command=cset shield -e /home/nrink/Projects/build/encode/encode/tests/ptrarith/ptrarith.perf.plain --  --cso /dev/null
key=plain, no.=19, <stderr>:
LENGTH=60
elapsed cycles: 9138
hi(checksum)=0xCCA064626E7D18F4
lo(checksum)=0x8060AF85FE6E8AA8
key=plain, no.=19, <checksum>:
0xCCA064626E7D18F48060AF85FE6E8AA8
key=plain, no.=19, cso file:
/dev/null
----------------------------------------------
real command=cset shield -e /home/nrink/Projects/build/encode/encode/tests/ptrarith/ptrarith.perf.plain --  --cso /dev/null
key=plain, no.=20, <stderr>:
LENGTH=60
elapsed cycles: 8745
hi(checksum)=0xCCA064626E7D18F4
lo(checksum)=0x8060AF85FE6E8AA8
key=plain, no.=20, <checksum>:
0xCCA064626E7D18F48060AF85FE6E8AA8
key=plain, no.=20, cso file:
/dev/null
----------------------------------------------
real command=cset shield -e /home/nrink/Projects/build/encode/encode/tests/ptrarith/ptrarith.perf.plain --  --cso /dev/null
key=plain, no.=21, <stderr>:
LENGTH=60
elapsed cycles: 8652
hi(checksum)=0xCCA064626E7D18F4
lo(checksum)=0x8060AF85FE6E8AA8
key=plain, no.=21, <checksum>:
0xCCA064626E7D18F48060AF85FE6E8AA8
key=plain, no.=21, cso file:
/dev/null
----------------------------------------------
real command=cset shield -e /home/nrink/Projects/build/encode/encode/tests/ptrarith/ptrarith.perf.plain --  --cso /dev/null
key=plain, no.=22, <stderr>:
LENGTH=60
elapsed cycles: 8718
hi(checksum)=0xCCA064626E7D18F4
lo(checksum)=0x8060AF85FE6E8AA8
key=plain, no.=22, <checksum>:
0xCCA064626E7D18F48060AF85FE6E8AA8
key=plain, no.=22, cso file:
/dev/null
----------------------------------------------
real command=cset shield -e /home/nrink/Projects/build/encode/encode/tests/ptrarith/ptrarith.perf.plain --  --cso /dev/null
key=plain, no.=23, <stderr>:
LENGTH=60
elapsed cycles: 9021
hi(checksum)=0xCCA064626E7D18F4
lo(checksum)=0x8060AF85FE6E8AA8
key=plain, no.=23, <checksum>:
0xCCA064626E7D18F48060AF85FE6E8AA8
key=plain, no.=23, cso file:
/dev/null
----------------------------------------------
real command=cset shield -e /home/nrink/Projects/build/encode/encode/tests/ptrarith/ptrarith.perf.plain --  --cso /dev/null
key=plain, no.=24, <stderr>:
LENGTH=60
elapsed cycles: 8715
hi(checksum)=0xCCA064626E7D18F4
lo(checksum)=0x8060AF85FE6E8AA8
key=plain, no.=24, <checksum>:
0xCCA064626E7D18F48060AF85FE6E8AA8
key=plain, no.=24, cso file:
/dev/null
----------------------------------------------
real command=cset shield -e /home/nrink/Projects/build/encode/encode/tests/ptrarith/ptrarith.perf.plain --  --cso /dev/null
key=plain, no.=25, <stderr>:
LENGTH=60
elapsed cycles: 8781
hi(checksum)=0xCCA064626E7D18F4
lo(checksum)=0x8060AF85FE6E8AA8
key=plain, no.=25, <checksum>:
0xCCA064626E7D18F48060AF85FE6E8AA8
key=plain, no.=25, cso file:
/dev/null
----------------------------------------------
real command=cset shield -e /home/nrink/Projects/build/encode/encode/tests/ptrarith/ptrarith.perf.plain --  --cso /dev/null
key=plain, no.=26, <stderr>:
LENGTH=60
elapsed cycles: 41823
hi(checksum)=0xCCA064626E7D18F4
lo(checksum)=0x8060AF85FE6E8AA8
key=plain, no.=26, <checksum>:
0xCCA064626E7D18F48060AF85FE6E8AA8
key=plain, no.=26, cso file:
/dev/null
----------------------------------------------
real command=cset shield -e /home/nrink/Projects/build/encode/encode/tests/ptrarith/ptrarith.perf.plain --  --cso /dev/null
key=plain, no.=27, <stderr>:
LENGTH=60
elapsed cycles: 8715
hi(checksum)=0xCCA064626E7D18F4
lo(checksum)=0x8060AF85FE6E8AA8
key=plain, no.=27, <checksum>:
0xCCA064626E7D18F48060AF85FE6E8AA8
key=plain, no.=27, cso file:
/dev/null
----------------------------------------------
real command=cset shield -e /home/nrink/Projects/build/encode/encode/tests/ptrarith/ptrarith.perf.plain --  --cso /dev/null
key=plain, no.=28, <stderr>:
LENGTH=60
elapsed cycles: 8745
hi(checksum)=0xCCA064626E7D18F4
lo(checksum)=0x8060AF85FE6E8AA8
key=plain, no.=28, <checksum>:
0xCCA064626E7D18F48060AF85FE6E8AA8
key=plain, no.=28, cso file:
/dev/null
----------------------------------------------
real command=cset shield -e /home/nrink/Projects/build/encode/encode/tests/ptrarith/ptrarith.perf.plain --  --cso /dev/null
key=plain, no.=29, <stderr>:
LENGTH=60
elapsed cycles: 8754
hi(checksum)=0xCCA064626E7D18F4
lo(checksum)=0x8060AF85FE6E8AA8
key=plain, no.=29, <checksum>:
0xCCA064626E7D18F48060AF85FE6E8AA8
key=plain, no.=29, cso file:
/dev/null
----------------------------------------------
real command=cset shield -e /home/nrink/Projects/build/encode/encode/tests/ptrarith/ptrarith.perf.plain --  --cso /dev/null
key=plain, no.=30, <stderr>:
LENGTH=60
elapsed cycles: 8721
hi(checksum)=0xCCA064626E7D18F4
lo(checksum)=0x8060AF85FE6E8AA8
key=plain, no.=30, <checksum>:
0xCCA064626E7D18F48060AF85FE6E8AA8
key=plain, no.=30, cso file:
/dev/null
----------------------------------------------
real command=cset shield -e /home/nrink/Projects/build/encode/encode/tests/ptrarith/ptrarith.perf.plain --  --cso /dev/null
key=plain, no.=31, <stderr>:
LENGTH=60
elapsed cycles: 8757
hi(checksum)=0xCCA064626E7D18F4
lo(checksum)=0x8060AF85FE6E8AA8
key=plain, no.=31, <checksum>:
0xCCA064626E7D18F48060AF85FE6E8AA8
key=plain, no.=31, cso file:
/dev/null
----------------------------------------------
real command=cset shield -e /home/nrink/Projects/build/encode/encode/tests/ptrarith/ptrarith.perf.plain --  --cso /dev/null
key=plain, no.=32, <stderr>:
LENGTH=60
elapsed cycles: 8646
hi(checksum)=0xCCA064626E7D18F4
lo(checksum)=0x8060AF85FE6E8AA8
key=plain, no.=32, <checksum>:
0xCCA064626E7D18F48060AF85FE6E8AA8
key=plain, no.=32, cso file:
/dev/null
----------------------------------------------
real command=cset shield -e /home/nrink/Projects/build/encode/encode/tests/ptrarith/ptrarith.perf.plain --  --cso /dev/null
key=plain, no.=33, <stderr>:
LENGTH=60
elapsed cycles: 8697
hi(checksum)=0xCCA064626E7D18F4
lo(checksum)=0x8060AF85FE6E8AA8
key=plain, no.=33, <checksum>:
0xCCA064626E7D18F48060AF85FE6E8AA8
key=plain, no.=33, cso file:
/dev/null
----------------------------------------------
real command=cset shield -e /home/nrink/Projects/build/encode/encode/tests/ptrarith/ptrarith.perf.plain --  --cso /dev/null
key=plain, no.=34, <stderr>:
LENGTH=60
elapsed cycles: 8724
hi(checksum)=0xCCA064626E7D18F4
lo(checksum)=0x8060AF85FE6E8AA8
key=plain, no.=34, <checksum>:
0xCCA064626E7D18F48060AF85FE6E8AA8
key=plain, no.=34, cso file:
/dev/null
----------------------------------------------
real command=cset shield -e /home/nrink/Projects/build/encode/encode/tests/ptrarith/ptrarith.perf.plain --  --cso /dev/null
key=plain, no.=35, <stderr>:
LENGTH=60
elapsed cycles: 8682
hi(checksum)=0xCCA064626E7D18F4
lo(checksum)=0x8060AF85FE6E8AA8
key=plain, no.=35, <checksum>:
0xCCA064626E7D18F48060AF85FE6E8AA8
key=plain, no.=35, cso file:
/dev/null
----------------------------------------------
real command=cset shield -e /home/nrink/Projects/build/encode/encode/tests/ptrarith/ptrarith.perf.plain --  --cso /dev/null
key=plain, no.=36, <stderr>:
LENGTH=60
elapsed cycles: 8700
hi(checksum)=0xCCA064626E7D18F4
lo(checksum)=0x8060AF85FE6E8AA8
key=plain, no.=36, <checksum>:
0xCCA064626E7D18F48060AF85FE6E8AA8
key=plain, no.=36, cso file:
/dev/null
----------------------------------------------
real command=cset shield -e /home/nrink/Projects/build/encode/encode/tests/ptrarith/ptrarith.perf.plain --  --cso /dev/null
key=plain, no.=37, <stderr>:
LENGTH=60
elapsed cycles: 8793
hi(checksum)=0xCCA064626E7D18F4
lo(checksum)=0x8060AF85FE6E8AA8
key=plain, no.=37, <checksum>:
0xCCA064626E7D18F48060AF85FE6E8AA8
key=plain, no.=37, cso file:
/dev/null
----------------------------------------------
real command=cset shield -e /home/nrink/Projects/build/encode/encode/tests/ptrarith/ptrarith.perf.plain --  --cso /dev/null
key=plain, no.=38, <stderr>:
LENGTH=60
elapsed cycles: 8736
hi(checksum)=0xCCA064626E7D18F4
lo(checksum)=0x8060AF85FE6E8AA8
key=plain, no.=38, <checksum>:
0xCCA064626E7D18F48060AF85FE6E8AA8
key=plain, no.=38, cso file:
/dev/null
----------------------------------------------
real command=cset shield -e /home/nrink/Projects/build/encode/encode/tests/ptrarith/ptrarith.perf.plain --  --cso /dev/null
key=plain, no.=39, <stderr>:
LENGTH=60
elapsed cycles: 8634
hi(checksum)=0xCCA064626E7D18F4
lo(checksum)=0x8060AF85FE6E8AA8
key=plain, no.=39, <checksum>:
0xCCA064626E7D18F48060AF85FE6E8AA8
key=plain, no.=39, cso file:
/dev/null
----------------------------------------------
real command=cset shield -e /home/nrink/Projects/build/encode/encode/tests/ptrarith/ptrarith.perf.plain --  --cso /dev/null
key=plain, no.=40, <stderr>:
LENGTH=60
elapsed cycles: 8730
hi(checksum)=0xCCA064626E7D18F4
lo(checksum)=0x8060AF85FE6E8AA8
key=plain, no.=40, <checksum>:
0xCCA064626E7D18F48060AF85FE6E8AA8
key=plain, no.=40, cso file:
/dev/null
----------------------------------------------
real command=cset shield -e /home/nrink/Projects/build/encode/encode/tests/ptrarith/ptrarith.perf.plain --  --cso /dev/null
key=plain, no.=41, <stderr>:
LENGTH=60
elapsed cycles: 8754
hi(checksum)=0xCCA064626E7D18F4
lo(checksum)=0x8060AF85FE6E8AA8
key=plain, no.=41, <checksum>:
0xCCA064626E7D18F48060AF85FE6E8AA8
key=plain, no.=41, cso file:
/dev/null
----------------------------------------------
real command=cset shield -e /home/nrink/Projects/build/encode/encode/tests/ptrarith/ptrarith.perf.plain --  --cso /dev/null
key=plain, no.=42, <stderr>:
LENGTH=60
elapsed cycles: 8691
hi(checksum)=0xCCA064626E7D18F4
lo(checksum)=0x8060AF85FE6E8AA8
key=plain, no.=42, <checksum>:
0xCCA064626E7D18F48060AF85FE6E8AA8
key=plain, no.=42, cso file:
/dev/null
----------------------------------------------
real command=cset shield -e /home/nrink/Projects/build/encode/encode/tests/ptrarith/ptrarith.perf.plain --  --cso /dev/null
key=plain, no.=43, <stderr>:
LENGTH=60
elapsed cycles: 8742
hi(checksum)=0xCCA064626E7D18F4
lo(checksum)=0x8060AF85FE6E8AA8
key=plain, no.=43, <checksum>:
0xCCA064626E7D18F48060AF85FE6E8AA8
key=plain, no.=43, cso file:
/dev/null
----------------------------------------------
real command=cset shield -e /home/nrink/Projects/build/encode/encode/tests/ptrarith/ptrarith.perf.plain --  --cso /dev/null
key=plain, no.=44, <stderr>:
LENGTH=60
elapsed cycles: 8694
hi(checksum)=0xCCA064626E7D18F4
lo(checksum)=0x8060AF85FE6E8AA8
key=plain, no.=44, <checksum>:
0xCCA064626E7D18F48060AF85FE6E8AA8
key=plain, no.=44, cso file:
/dev/null
----------------------------------------------
real command=cset shield -e /home/nrink/Projects/build/encode/encode/tests/ptrarith/ptrarith.perf.plain --  --cso /dev/null
key=plain, no.=45, <stderr>:
LENGTH=60
elapsed cycles: 8760
hi(checksum)=0xCCA064626E7D18F4
lo(checksum)=0x8060AF85FE6E8AA8
key=plain, no.=45, <checksum>:
0xCCA064626E7D18F48060AF85FE6E8AA8
key=plain, no.=45, cso file:
/dev/null
----------------------------------------------
real command=cset shield -e /home/nrink/Projects/build/encode/encode/tests/ptrarith/ptrarith.perf.plain --  --cso /dev/null
key=plain, no.=46, <stderr>:
LENGTH=60
elapsed cycles: 8694
hi(checksum)=0xCCA064626E7D18F4
lo(checksum)=0x8060AF85FE6E8AA8
key=plain, no.=46, <checksum>:
0xCCA064626E7D18F48060AF85FE6E8AA8
key=plain, no.=46, cso file:
/dev/null
----------------------------------------------
real command=cset shield -e /home/nrink/Projects/build/encode/encode/tests/ptrarith/ptrarith.perf.plain --  --cso /dev/null
key=plain, no.=47, <stderr>:
LENGTH=60
elapsed cycles: 8739
hi(checksum)=0xCCA064626E7D18F4
lo(checksum)=0x8060AF85FE6E8AA8
key=plain, no.=47, <checksum>:
0xCCA064626E7D18F48060AF85FE6E8AA8
key=plain, no.=47, cso file:
/dev/null
----------------------------------------------
real command=cset shield -e /home/nrink/Projects/build/encode/encode/tests/ptrarith/ptrarith.perf.plain --  --cso /dev/null
key=plain, no.=48, <stderr>:
LENGTH=60
elapsed cycles: 8772
hi(checksum)=0xCCA064626E7D18F4
lo(checksum)=0x8060AF85FE6E8AA8
key=plain, no.=48, <checksum>:
0xCCA064626E7D18F48060AF85FE6E8AA8
key=plain, no.=48, cso file:
/dev/null
----------------------------------------------
real command=cset shield -e /home/nrink/Projects/build/encode/encode/tests/ptrarith/ptrarith.perf.plain --  --cso /dev/null
key=plain, no.=49, <stderr>:
LENGTH=60
elapsed cycles: 8727
hi(checksum)=0xCCA064626E7D18F4
lo(checksum)=0x8060AF85FE6E8AA8
key=plain, no.=49, <checksum>:
0xCCA064626E7D18F48060AF85FE6E8AA8
key=plain, no.=49, cso file:
/dev/null
----------------------------------------------
real command=cset shield -e /home/nrink/Projects/build/encode/encode/tests/ptrarith/ptrarith.perf.plain --  --cso /dev/null
key=plain, no.=50, <stderr>:
LENGTH=60
elapsed cycles: 8727
hi(checksum)=0xCCA064626E7D18F4
lo(checksum)=0x8060AF85FE6E8AA8
key=plain, no.=50, <checksum>:
0xCCA064626E7D18F48060AF85FE6E8AA8
key=plain, no.=50, cso file:
/dev/null
----------------------------------------------
real command=cset shield -e /home/nrink/Projects/build/encode/encode/tests/ptrarith/ptrarith.perf.plain --  --cso /dev/null
key=plain, no.=51, <stderr>:
LENGTH=60
elapsed cycles: 8706
hi(checksum)=0xCCA064626E7D18F4
lo(checksum)=0x8060AF85FE6E8AA8
key=plain, no.=51, <checksum>:
0xCCA064626E7D18F48060AF85FE6E8AA8
key=plain, no.=51, cso file:
/dev/null
----------------------------------------------
real command=cset shield -e /home/nrink/Projects/build/encode/encode/tests/ptrarith/ptrarith.perf.plain --  --cso /dev/null
key=plain, no.=52, <stderr>:
LENGTH=60
elapsed cycles: 8820
hi(checksum)=0xCCA064626E7D18F4
lo(checksum)=0x8060AF85FE6E8AA8
key=plain, no.=52, <checksum>:
0xCCA064626E7D18F48060AF85FE6E8AA8
key=plain, no.=52, cso file:
/dev/null
----------------------------------------------
real command=cset shield -e /home/nrink/Projects/build/encode/encode/tests/ptrarith/ptrarith.perf.plain --  --cso /dev/null
key=plain, no.=53, <stderr>:
LENGTH=60
elapsed cycles: 8748
hi(checksum)=0xCCA064626E7D18F4
lo(checksum)=0x8060AF85FE6E8AA8
key=plain, no.=53, <checksum>:
0xCCA064626E7D18F48060AF85FE6E8AA8
key=plain, no.=53, cso file:
/dev/null
----------------------------------------------
real command=cset shield -e /home/nrink/Projects/build/encode/encode/tests/ptrarith/ptrarith.perf.plain --  --cso /dev/null
key=plain, no.=54, <stderr>:
LENGTH=60
elapsed cycles: 8688
hi(checksum)=0xCCA064626E7D18F4
lo(checksum)=0x8060AF85FE6E8AA8
key=plain, no.=54, <checksum>:
0xCCA064626E7D18F48060AF85FE6E8AA8
key=plain, no.=54, cso file:
/dev/null
----------------------------------------------
real command=cset shield -e /home/nrink/Projects/build/encode/encode/tests/ptrarith/ptrarith.perf.plain --  --cso /dev/null
key=plain, no.=55, <stderr>:
LENGTH=60
elapsed cycles: 8736
hi(checksum)=0xCCA064626E7D18F4
lo(checksum)=0x8060AF85FE6E8AA8
key=plain, no.=55, <checksum>:
0xCCA064626E7D18F48060AF85FE6E8AA8
key=plain, no.=55, cso file:
/dev/null
----------------------------------------------
real command=cset shield -e /home/nrink/Projects/build/encode/encode/tests/ptrarith/ptrarith.perf.plain --  --cso /dev/null
key=plain, no.=56, <stderr>:
LENGTH=60
elapsed cycles: 8724
hi(checksum)=0xCCA064626E7D18F4
lo(checksum)=0x8060AF85FE6E8AA8
key=plain, no.=56, <checksum>:
0xCCA064626E7D18F48060AF85FE6E8AA8
key=plain, no.=56, cso file:
/dev/null
----------------------------------------------
real command=cset shield -e /home/nrink/Projects/build/encode/encode/tests/ptrarith/ptrarith.perf.plain --  --cso /dev/null
key=plain, no.=57, <stderr>:
LENGTH=60
elapsed cycles: 8688
hi(checksum)=0xCCA064626E7D18F4
lo(checksum)=0x8060AF85FE6E8AA8
key=plain, no.=57, <checksum>:
0xCCA064626E7D18F48060AF85FE6E8AA8
key=plain, no.=57, cso file:
/dev/null
----------------------------------------------
real command=cset shield -e /home/nrink/Projects/build/encode/encode/tests/ptrarith/ptrarith.perf.plain --  --cso /dev/null
key=plain, no.=58, <stderr>:
LENGTH=60
elapsed cycles: 8727
hi(checksum)=0xCCA064626E7D18F4
lo(checksum)=0x8060AF85FE6E8AA8
key=plain, no.=58, <checksum>:
0xCCA064626E7D18F48060AF85FE6E8AA8
key=plain, no.=58, cso file:
/dev/null
----------------------------------------------
real command=cset shield -e /home/nrink/Projects/build/encode/encode/tests/ptrarith/ptrarith.perf.plain --  --cso /dev/null
key=plain, no.=59, <stderr>:
LENGTH=60
elapsed cycles: 8682
hi(checksum)=0xCCA064626E7D18F4
lo(checksum)=0x8060AF85FE6E8AA8
key=plain, no.=59, <checksum>:
0xCCA064626E7D18F48060AF85FE6E8AA8
key=plain, no.=59, cso file:
/dev/null
----------------------------------------------
real command=cset shield -e /home/nrink/Projects/build/encode/encode/tests/ptrarith/ptrarith.perf.plain --  --cso /dev/null
key=plain, no.=60, <stderr>:
LENGTH=60
elapsed cycles: 8616
hi(checksum)=0xCCA064626E7D18F4
lo(checksum)=0x8060AF85FE6E8AA8
key=plain, no.=60, <checksum>:
0xCCA064626E7D18F48060AF85FE6E8AA8
key=plain, no.=60, cso file:
/dev/null
----------------------------------------------
real command=cset shield -e /home/nrink/Projects/build/encode/encode/tests/ptrarith/ptrarith.perf.plain --  --cso /dev/null
key=plain, no.=61, <stderr>:
LENGTH=60
elapsed cycles: 8952
hi(checksum)=0xCCA064626E7D18F4
lo(checksum)=0x8060AF85FE6E8AA8
key=plain, no.=61, <checksum>:
0xCCA064626E7D18F48060AF85FE6E8AA8
key=plain, no.=61, cso file:
/dev/null
----------------------------------------------
real command=cset shield -e /home/nrink/Projects/build/encode/encode/tests/ptrarith/ptrarith.perf.plain --  --cso /dev/null
key=plain, no.=62, <stderr>:
LENGTH=60
elapsed cycles: 8949
hi(checksum)=0xCCA064626E7D18F4
lo(checksum)=0x8060AF85FE6E8AA8
key=plain, no.=62, <checksum>:
0xCCA064626E7D18F48060AF85FE6E8AA8
key=plain, no.=62, cso file:
/dev/null
----------------------------------------------
real command=cset shield -e /home/nrink/Projects/build/encode/encode/tests/ptrarith/ptrarith.perf.plain --  --cso /dev/null
key=plain, no.=63, <stderr>:
LENGTH=60
elapsed cycles: 8721
hi(checksum)=0xCCA064626E7D18F4
lo(checksum)=0x8060AF85FE6E8AA8
key=plain, no.=63, <checksum>:
0xCCA064626E7D18F48060AF85FE6E8AA8
key=plain, no.=63, cso file:
/dev/null
----------------------------------------------
real command=cset shield -e /home/nrink/Projects/build/encode/encode/tests/ptrarith/ptrarith.perf.plain --  --cso /dev/null
key=plain, no.=64, <stderr>:
LENGTH=60
elapsed cycles: 8904
hi(checksum)=0xCCA064626E7D18F4
lo(checksum)=0x8060AF85FE6E8AA8
key=plain, no.=64, <checksum>:
0xCCA064626E7D18F48060AF85FE6E8AA8
key=plain, no.=64, cso file:
/dev/null
----------------------------------------------
real command=cset shield -e /home/nrink/Projects/build/encode/encode/tests/ptrarith/ptrarith.perf.plain --  --cso /dev/null
key=plain, no.=65, <stderr>:
LENGTH=60
elapsed cycles: 8727
hi(checksum)=0xCCA064626E7D18F4
lo(checksum)=0x8060AF85FE6E8AA8
key=plain, no.=65, <checksum>:
0xCCA064626E7D18F48060AF85FE6E8AA8
key=plain, no.=65, cso file:
/dev/null
----------------------------------------------
real command=cset shield -e /home/nrink/Projects/build/encode/encode/tests/ptrarith/ptrarith.perf.plain --  --cso /dev/null
key=plain, no.=66, <stderr>:
LENGTH=60
elapsed cycles: 8673
hi(checksum)=0xCCA064626E7D18F4
lo(checksum)=0x8060AF85FE6E8AA8
key=plain, no.=66, <checksum>:
0xCCA064626E7D18F48060AF85FE6E8AA8
key=plain, no.=66, cso file:
/dev/null
----------------------------------------------
real command=cset shield -e /home/nrink/Projects/build/encode/encode/tests/ptrarith/ptrarith.perf.plain --  --cso /dev/null
key=plain, no.=67, <stderr>:
LENGTH=60
elapsed cycles: 8775
hi(checksum)=0xCCA064626E7D18F4
lo(checksum)=0x8060AF85FE6E8AA8
key=plain, no.=67, <checksum>:
0xCCA064626E7D18F48060AF85FE6E8AA8
key=plain, no.=67, cso file:
/dev/null
----------------------------------------------
real command=cset shield -e /home/nrink/Projects/build/encode/encode/tests/ptrarith/ptrarith.perf.plain --  --cso /dev/null
key=plain, no.=68, <stderr>:
LENGTH=60
elapsed cycles: 9264
hi(checksum)=0xCCA064626E7D18F4
lo(checksum)=0x8060AF85FE6E8AA8
key=plain, no.=68, <checksum>:
0xCCA064626E7D18F48060AF85FE6E8AA8
key=plain, no.=68, cso file:
/dev/null
----------------------------------------------
real command=cset shield -e /home/nrink/Projects/build/encode/encode/tests/ptrarith/ptrarith.perf.plain --  --cso /dev/null
key=plain, no.=69, <stderr>:
LENGTH=60
elapsed cycles: 9015
hi(checksum)=0xCCA064626E7D18F4
lo(checksum)=0x8060AF85FE6E8AA8
key=plain, no.=69, <checksum>:
0xCCA064626E7D18F48060AF85FE6E8AA8
key=plain, no.=69, cso file:
/dev/null
----------------------------------------------
real command=cset shield -e /home/nrink/Projects/build/encode/encode/tests/ptrarith/ptrarith.perf.plain --  --cso /dev/null
key=plain, no.=70, <stderr>:
LENGTH=60
elapsed cycles: 10880
hi(checksum)=0xCCA064626E7D18F4
lo(checksum)=0x8060AF85FE6E8AA8
key=plain, no.=70, <checksum>:
0xCCA064626E7D18F48060AF85FE6E8AA8
key=plain, no.=70, cso file:
/dev/null
----------------------------------------------
real command=cset shield -e /home/nrink/Projects/build/encode/encode/tests/ptrarith/ptrarith.perf.plain --  --cso /dev/null
key=plain, no.=71, <stderr>:
LENGTH=60
elapsed cycles: 8718
hi(checksum)=0xCCA064626E7D18F4
lo(checksum)=0x8060AF85FE6E8AA8
key=plain, no.=71, <checksum>:
0xCCA064626E7D18F48060AF85FE6E8AA8
key=plain, no.=71, cso file:
/dev/null
----------------------------------------------
real command=cset shield -e /home/nrink/Projects/build/encode/encode/tests/ptrarith/ptrarith.perf.plain --  --cso /dev/null
key=plain, no.=72, <stderr>:
LENGTH=60
elapsed cycles: 8637
hi(checksum)=0xCCA064626E7D18F4
lo(checksum)=0x8060AF85FE6E8AA8
key=plain, no.=72, <checksum>:
0xCCA064626E7D18F48060AF85FE6E8AA8
key=plain, no.=72, cso file:
/dev/null
----------------------------------------------
real command=cset shield -e /home/nrink/Projects/build/encode/encode/tests/ptrarith/ptrarith.perf.plain --  --cso /dev/null
key=plain, no.=73, <stderr>:
LENGTH=60
elapsed cycles: 8781
hi(checksum)=0xCCA064626E7D18F4
lo(checksum)=0x8060AF85FE6E8AA8
key=plain, no.=73, <checksum>:
0xCCA064626E7D18F48060AF85FE6E8AA8
key=plain, no.=73, cso file:
/dev/null
----------------------------------------------
real command=cset shield -e /home/nrink/Projects/build/encode/encode/tests/ptrarith/ptrarith.perf.plain --  --cso /dev/null
key=plain, no.=74, <stderr>:
LENGTH=60
elapsed cycles: 8760
hi(checksum)=0xCCA064626E7D18F4
lo(checksum)=0x8060AF85FE6E8AA8
key=plain, no.=74, <checksum>:
0xCCA064626E7D18F48060AF85FE6E8AA8
key=plain, no.=74, cso file:
/dev/null
----------------------------------------------
real command=cset shield -e /home/nrink/Projects/build/encode/encode/tests/ptrarith/ptrarith.perf.plain --  --cso /dev/null
key=plain, no.=75, <stderr>:
LENGTH=60
elapsed cycles: 8709
hi(checksum)=0xCCA064626E7D18F4
lo(checksum)=0x8060AF85FE6E8AA8
key=plain, no.=75, <checksum>:
0xCCA064626E7D18F48060AF85FE6E8AA8
key=plain, no.=75, cso file:
/dev/null
----------------------------------------------
real command=cset shield -e /home/nrink/Projects/build/encode/encode/tests/ptrarith/ptrarith.perf.plain --  --cso /dev/null
key=plain, no.=76, <stderr>:
LENGTH=60
elapsed cycles: 8757
hi(checksum)=0xCCA064626E7D18F4
lo(checksum)=0x8060AF85FE6E8AA8
key=plain, no.=76, <checksum>:
0xCCA064626E7D18F48060AF85FE6E8AA8
key=plain, no.=76, cso file:
/dev/null
----------------------------------------------
real command=cset shield -e /home/nrink/Projects/build/encode/encode/tests/ptrarith/ptrarith.perf.plain --  --cso /dev/null
key=plain, no.=77, <stderr>:
LENGTH=60
elapsed cycles: 9120
hi(checksum)=0xCCA064626E7D18F4
lo(checksum)=0x8060AF85FE6E8AA8
key=plain, no.=77, <checksum>:
0xCCA064626E7D18F48060AF85FE6E8AA8
key=plain, no.=77, cso file:
/dev/null
----------------------------------------------
real command=cset shield -e /home/nrink/Projects/build/encode/encode/tests/ptrarith/ptrarith.perf.plain --  --cso /dev/null
key=plain, no.=78, <stderr>:
LENGTH=60
elapsed cycles: 9012
hi(checksum)=0xCCA064626E7D18F4
lo(checksum)=0x8060AF85FE6E8AA8
key=plain, no.=78, <checksum>:
0xCCA064626E7D18F48060AF85FE6E8AA8
key=plain, no.=78, cso file:
/dev/null
----------------------------------------------
real command=cset shield -e /home/nrink/Projects/build/encode/encode/tests/ptrarith/ptrarith.perf.plain --  --cso /dev/null
key=plain, no.=79, <stderr>:
LENGTH=60
elapsed cycles: 8715
hi(checksum)=0xCCA064626E7D18F4
lo(checksum)=0x8060AF85FE6E8AA8
key=plain, no.=79, <checksum>:
0xCCA064626E7D18F48060AF85FE6E8AA8
key=plain, no.=79, cso file:
/dev/null
----------------------------------------------
real command=cset shield -e /home/nrink/Projects/build/encode/encode/tests/ptrarith/ptrarith.perf.plain --  --cso /dev/null
key=plain, no.=80, <stderr>:
LENGTH=60
elapsed cycles: 8703
hi(checksum)=0xCCA064626E7D18F4
lo(checksum)=0x8060AF85FE6E8AA8
key=plain, no.=80, <checksum>:
0xCCA064626E7D18F48060AF85FE6E8AA8
key=plain, no.=80, cso file:
/dev/null
----------------------------------------------
real command=cset shield -e /home/nrink/Projects/build/encode/encode/tests/ptrarith/ptrarith.perf.plain --  --cso /dev/null
key=plain, no.=81, <stderr>:
LENGTH=60
elapsed cycles: 8811
hi(checksum)=0xCCA064626E7D18F4
lo(checksum)=0x8060AF85FE6E8AA8
key=plain, no.=81, <checksum>:
0xCCA064626E7D18F48060AF85FE6E8AA8
key=plain, no.=81, cso file:
/dev/null
----------------------------------------------
real command=cset shield -e /home/nrink/Projects/build/encode/encode/tests/ptrarith/ptrarith.perf.plain --  --cso /dev/null
key=plain, no.=82, <stderr>:
LENGTH=60
elapsed cycles: 8739
hi(checksum)=0xCCA064626E7D18F4
lo(checksum)=0x8060AF85FE6E8AA8
key=plain, no.=82, <checksum>:
0xCCA064626E7D18F48060AF85FE6E8AA8
key=plain, no.=82, cso file:
/dev/null
----------------------------------------------
real command=cset shield -e /home/nrink/Projects/build/encode/encode/tests/ptrarith/ptrarith.perf.plain --  --cso /dev/null
key=plain, no.=83, <stderr>:
LENGTH=60
elapsed cycles: 8664
hi(checksum)=0xCCA064626E7D18F4
lo(checksum)=0x8060AF85FE6E8AA8
key=plain, no.=83, <checksum>:
0xCCA064626E7D18F48060AF85FE6E8AA8
key=plain, no.=83, cso file:
/dev/null
----------------------------------------------
real command=cset shield -e /home/nrink/Projects/build/encode/encode/tests/ptrarith/ptrarith.perf.plain --  --cso /dev/null
key=plain, no.=84, <stderr>:
LENGTH=60
elapsed cycles: 8727
hi(checksum)=0xCCA064626E7D18F4
lo(checksum)=0x8060AF85FE6E8AA8
key=plain, no.=84, <checksum>:
0xCCA064626E7D18F48060AF85FE6E8AA8
key=plain, no.=84, cso file:
/dev/null
----------------------------------------------
real command=cset shield -e /home/nrink/Projects/build/encode/encode/tests/ptrarith/ptrarith.perf.plain --  --cso /dev/null
key=plain, no.=85, <stderr>:
LENGTH=60
elapsed cycles: 8772
hi(checksum)=0xCCA064626E7D18F4
lo(checksum)=0x8060AF85FE6E8AA8
key=plain, no.=85, <checksum>:
0xCCA064626E7D18F48060AF85FE6E8AA8
key=plain, no.=85, cso file:
/dev/null
----------------------------------------------
real command=cset shield -e /home/nrink/Projects/build/encode/encode/tests/ptrarith/ptrarith.perf.plain --  --cso /dev/null
key=plain, no.=86, <stderr>:
LENGTH=60
elapsed cycles: 8772
hi(checksum)=0xCCA064626E7D18F4
lo(checksum)=0x8060AF85FE6E8AA8
key=plain, no.=86, <checksum>:
0xCCA064626E7D18F48060AF85FE6E8AA8
key=plain, no.=86, cso file:
/dev/null
----------------------------------------------
real command=cset shield -e /home/nrink/Projects/build/encode/encode/tests/ptrarith/ptrarith.perf.plain --  --cso /dev/null
key=plain, no.=87, <stderr>:
LENGTH=60
elapsed cycles: 8724
hi(checksum)=0xCCA064626E7D18F4
lo(checksum)=0x8060AF85FE6E8AA8
key=plain, no.=87, <checksum>:
0xCCA064626E7D18F48060AF85FE6E8AA8
key=plain, no.=87, cso file:
/dev/null
----------------------------------------------
real command=cset shield -e /home/nrink/Projects/build/encode/encode/tests/ptrarith/ptrarith.perf.plain --  --cso /dev/null
key=plain, no.=88, <stderr>:
LENGTH=60
elapsed cycles: 8706
hi(checksum)=0xCCA064626E7D18F4
lo(checksum)=0x8060AF85FE6E8AA8
key=plain, no.=88, <checksum>:
0xCCA064626E7D18F48060AF85FE6E8AA8
key=plain, no.=88, cso file:
/dev/null
----------------------------------------------
real command=cset shield -e /home/nrink/Projects/build/encode/encode/tests/ptrarith/ptrarith.perf.plain --  --cso /dev/null
key=plain, no.=89, <stderr>:
LENGTH=60
elapsed cycles: 8703
hi(checksum)=0xCCA064626E7D18F4
lo(checksum)=0x8060AF85FE6E8AA8
key=plain, no.=89, <checksum>:
0xCCA064626E7D18F48060AF85FE6E8AA8
key=plain, no.=89, cso file:
/dev/null
----------------------------------------------
real command=cset shield -e /home/nrink/Projects/build/encode/encode/tests/ptrarith/ptrarith.perf.plain --  --cso /dev/null
key=plain, no.=90, <stderr>:
LENGTH=60
elapsed cycles: 8688
hi(checksum)=0xCCA064626E7D18F4
lo(checksum)=0x8060AF85FE6E8AA8
key=plain, no.=90, <checksum>:
0xCCA064626E7D18F48060AF85FE6E8AA8
key=plain, no.=90, cso file:
/dev/null
----------------------------------------------
real command=cset shield -e /home/nrink/Projects/build/encode/encode/tests/ptrarith/ptrarith.perf.plain --  --cso /dev/null
key=plain, no.=91, <stderr>:
LENGTH=60
elapsed cycles: 8778
hi(checksum)=0xCCA064626E7D18F4
lo(checksum)=0x8060AF85FE6E8AA8
key=plain, no.=91, <checksum>:
0xCCA064626E7D18F48060AF85FE6E8AA8
key=plain, no.=91, cso file:
/dev/null
----------------------------------------------
real command=cset shield -e /home/nrink/Projects/build/encode/encode/tests/ptrarith/ptrarith.perf.plain --  --cso /dev/null
key=plain, no.=92, <stderr>:
LENGTH=60
elapsed cycles: 8697
hi(checksum)=0xCCA064626E7D18F4
lo(checksum)=0x8060AF85FE6E8AA8
key=plain, no.=92, <checksum>:
0xCCA064626E7D18F48060AF85FE6E8AA8
key=plain, no.=92, cso file:
/dev/null
----------------------------------------------
real command=cset shield -e /home/nrink/Projects/build/encode/encode/tests/ptrarith/ptrarith.perf.plain --  --cso /dev/null
key=plain, no.=93, <stderr>:
LENGTH=60
elapsed cycles: 8703
hi(checksum)=0xCCA064626E7D18F4
lo(checksum)=0x8060AF85FE6E8AA8
key=plain, no.=93, <checksum>:
0xCCA064626E7D18F48060AF85FE6E8AA8
key=plain, no.=93, cso file:
/dev/null
----------------------------------------------
real command=cset shield -e /home/nrink/Projects/build/encode/encode/tests/ptrarith/ptrarith.perf.plain --  --cso /dev/null
key=plain, no.=94, <stderr>:
LENGTH=60
elapsed cycles: 8712
hi(checksum)=0xCCA064626E7D18F4
lo(checksum)=0x8060AF85FE6E8AA8
key=plain, no.=94, <checksum>:
0xCCA064626E7D18F48060AF85FE6E8AA8
key=plain, no.=94, cso file:
/dev/null
----------------------------------------------
real command=cset shield -e /home/nrink/Projects/build/encode/encode/tests/ptrarith/ptrarith.perf.plain --  --cso /dev/null
key=plain, no.=95, <stderr>:
LENGTH=60
elapsed cycles: 8688
hi(checksum)=0xCCA064626E7D18F4
lo(checksum)=0x8060AF85FE6E8AA8
key=plain, no.=95, <checksum>:
0xCCA064626E7D18F48060AF85FE6E8AA8
key=plain, no.=95, cso file:
/dev/null
----------------------------------------------
real command=cset shield -e /home/nrink/Projects/build/encode/encode/tests/ptrarith/ptrarith.perf.plain --  --cso /dev/null
key=plain, no.=96, <stderr>:
LENGTH=60
elapsed cycles: 8724
hi(checksum)=0xCCA064626E7D18F4
lo(checksum)=0x8060AF85FE6E8AA8
key=plain, no.=96, <checksum>:
0xCCA064626E7D18F48060AF85FE6E8AA8
key=plain, no.=96, cso file:
/dev/null
----------------------------------------------
real command=cset shield -e /home/nrink/Projects/build/encode/encode/tests/ptrarith/ptrarith.perf.plain --  --cso /dev/null
key=plain, no.=97, <stderr>:
LENGTH=60
elapsed cycles: 8778
hi(checksum)=0xCCA064626E7D18F4
lo(checksum)=0x8060AF85FE6E8AA8
key=plain, no.=97, <checksum>:
0xCCA064626E7D18F48060AF85FE6E8AA8
key=plain, no.=97, cso file:
/dev/null
----------------------------------------------
real command=cset shield -e /home/nrink/Projects/build/encode/encode/tests/ptrarith/ptrarith.perf.plain --  --cso /dev/null
key=plain, no.=98, <stderr>:
LENGTH=60
elapsed cycles: 8694
hi(checksum)=0xCCA064626E7D18F4
lo(checksum)=0x8060AF85FE6E8AA8
key=plain, no.=98, <checksum>:
0xCCA064626E7D18F48060AF85FE6E8AA8
key=plain, no.=98, cso file:
/dev/null
----------------------------------------------
real command=cset shield -e /home/nrink/Projects/build/encode/encode/tests/ptrarith/ptrarith.perf.plain --  --cso /dev/null
key=plain, no.=99, <stderr>:
LENGTH=60
elapsed cycles: 9369
hi(checksum)=0xCCA064626E7D18F4
lo(checksum)=0x8060AF85FE6E8AA8
key=plain, no.=99, <checksum>:
0xCCA064626E7D18F48060AF85FE6E8AA8
key=plain, no.=99, cso file:
/dev/null
----------------------------------------------
key=encoded, runs=100 ...
command=/home/nrink/Projects/build/encode/encode/tests/ptrarith/ptrarith.perf.encoded
----------------------------------------------
real command=cset shield -e /home/nrink/Projects/build/encode/encode/tests/ptrarith/ptrarith.perf.encoded --  --cso /dev/null
key=encoded, no.=0, <stderr>:
LENGTH=60
elapsed cycles: 58752
hi(checksum)=0xCCA064626E7D18F4
lo(checksum)=0x8060AF85FE6E8AA8
key=encoded, no.=0, <checksum>:
0xCCA064626E7D18F48060AF85FE6E8AA8
key=encoded, no.=0, cso file:
/dev/null
----------------------------------------------
real command=cset shield -e /home/nrink/Projects/build/encode/encode/tests/ptrarith/ptrarith.perf.encoded --  --cso /dev/null
key=encoded, no.=1, <stderr>:
LENGTH=60
elapsed cycles: 58584
hi(checksum)=0xCCA064626E7D18F4
lo(checksum)=0x8060AF85FE6E8AA8
key=encoded, no.=1, <checksum>:
0xCCA064626E7D18F48060AF85FE6E8AA8
key=encoded, no.=1, cso file:
/dev/null
----------------------------------------------
real command=cset shield -e /home/nrink/Projects/build/encode/encode/tests/ptrarith/ptrarith.perf.encoded --  --cso /dev/null
key=encoded, no.=2, <stderr>:
LENGTH=60
elapsed cycles: 58653
hi(checksum)=0xCCA064626E7D18F4
lo(checksum)=0x8060AF85FE6E8AA8
key=encoded, no.=2, <checksum>:
0xCCA064626E7D18F48060AF85FE6E8AA8
key=encoded, no.=2, cso file:
/dev/null
----------------------------------------------
real command=cset shield -e /home/nrink/Projects/build/encode/encode/tests/ptrarith/ptrarith.perf.encoded --  --cso /dev/null
key=encoded, no.=3, <stderr>:
LENGTH=60
elapsed cycles: 61020
hi(checksum)=0xCCA064626E7D18F4
lo(checksum)=0x8060AF85FE6E8AA8
key=encoded, no.=3, <checksum>:
0xCCA064626E7D18F48060AF85FE6E8AA8
key=encoded, no.=3, cso file:
/dev/null
----------------------------------------------
real command=cset shield -e /home/nrink/Projects/build/encode/encode/tests/ptrarith/ptrarith.perf.encoded --  --cso /dev/null
key=encoded, no.=4, <stderr>:
LENGTH=60
elapsed cycles: 61086
hi(checksum)=0xCCA064626E7D18F4
lo(checksum)=0x8060AF85FE6E8AA8
key=encoded, no.=4, <checksum>:
0xCCA064626E7D18F48060AF85FE6E8AA8
key=encoded, no.=4, cso file:
/dev/null
----------------------------------------------
real command=cset shield -e /home/nrink/Projects/build/encode/encode/tests/ptrarith/ptrarith.perf.encoded --  --cso /dev/null
key=encoded, no.=5, <stderr>:
LENGTH=60
elapsed cycles: 58665
hi(checksum)=0xCCA064626E7D18F4
lo(checksum)=0x8060AF85FE6E8AA8
key=encoded, no.=5, <checksum>:
0xCCA064626E7D18F48060AF85FE6E8AA8
key=encoded, no.=5, cso file:
/dev/null
----------------------------------------------
real command=cset shield -e /home/nrink/Projects/build/encode/encode/tests/ptrarith/ptrarith.perf.encoded --  --cso /dev/null
key=encoded, no.=6, <stderr>:
LENGTH=60
elapsed cycles: 58764
hi(checksum)=0xCCA064626E7D18F4
lo(checksum)=0x8060AF85FE6E8AA8
key=encoded, no.=6, <checksum>:
0xCCA064626E7D18F48060AF85FE6E8AA8
key=encoded, no.=6, cso file:
/dev/null
----------------------------------------------
real command=cset shield -e /home/nrink/Projects/build/encode/encode/tests/ptrarith/ptrarith.perf.encoded --  --cso /dev/null
key=encoded, no.=7, <stderr>:
LENGTH=60
elapsed cycles: 58677
hi(checksum)=0xCCA064626E7D18F4
lo(checksum)=0x8060AF85FE6E8AA8
key=encoded, no.=7, <checksum>:
0xCCA064626E7D18F48060AF85FE6E8AA8
key=encoded, no.=7, cso file:
/dev/null
----------------------------------------------
real command=cset shield -e /home/nrink/Projects/build/encode/encode/tests/ptrarith/ptrarith.perf.encoded --  --cso /dev/null
key=encoded, no.=8, <stderr>:
LENGTH=60
elapsed cycles: 58662
hi(checksum)=0xCCA064626E7D18F4
lo(checksum)=0x8060AF85FE6E8AA8
key=encoded, no.=8, <checksum>:
0xCCA064626E7D18F48060AF85FE6E8AA8
key=encoded, no.=8, cso file:
/dev/null
----------------------------------------------
real command=cset shield -e /home/nrink/Projects/build/encode/encode/tests/ptrarith/ptrarith.perf.encoded --  --cso /dev/null
key=encoded, no.=9, <stderr>:
LENGTH=60
elapsed cycles: 58611
hi(checksum)=0xCCA064626E7D18F4
lo(checksum)=0x8060AF85FE6E8AA8
key=encoded, no.=9, <checksum>:
0xCCA064626E7D18F48060AF85FE6E8AA8
key=encoded, no.=9, cso file:
/dev/null
----------------------------------------------
real command=cset shield -e /home/nrink/Projects/build/encode/encode/tests/ptrarith/ptrarith.perf.encoded --  --cso /dev/null
key=encoded, no.=10, <stderr>:
LENGTH=60
elapsed cycles: 59463
hi(checksum)=0xCCA064626E7D18F4
lo(checksum)=0x8060AF85FE6E8AA8
key=encoded, no.=10, <checksum>:
0xCCA064626E7D18F48060AF85FE6E8AA8
key=encoded, no.=10, cso file:
/dev/null
----------------------------------------------
real command=cset shield -e /home/nrink/Projects/build/encode/encode/tests/ptrarith/ptrarith.perf.encoded --  --cso /dev/null
key=encoded, no.=11, <stderr>:
LENGTH=60
elapsed cycles: 58647
hi(checksum)=0xCCA064626E7D18F4
lo(checksum)=0x8060AF85FE6E8AA8
key=encoded, no.=11, <checksum>:
0xCCA064626E7D18F48060AF85FE6E8AA8
key=encoded, no.=11, cso file:
/dev/null
----------------------------------------------
real command=cset shield -e /home/nrink/Projects/build/encode/encode/tests/ptrarith/ptrarith.perf.encoded --  --cso /dev/null
key=encoded, no.=12, <stderr>:
LENGTH=60
elapsed cycles: 58650
hi(checksum)=0xCCA064626E7D18F4
lo(checksum)=0x8060AF85FE6E8AA8
key=encoded, no.=12, <checksum>:
0xCCA064626E7D18F48060AF85FE6E8AA8
key=encoded, no.=12, cso file:
/dev/null
----------------------------------------------
real command=cset shield -e /home/nrink/Projects/build/encode/encode/tests/ptrarith/ptrarith.perf.encoded --  --cso /dev/null
key=encoded, no.=13, <stderr>:
LENGTH=60
elapsed cycles: 58602
hi(checksum)=0xCCA064626E7D18F4
lo(checksum)=0x8060AF85FE6E8AA8
key=encoded, no.=13, <checksum>:
0xCCA064626E7D18F48060AF85FE6E8AA8
key=encoded, no.=13, cso file:
/dev/null
----------------------------------------------
real command=cset shield -e /home/nrink/Projects/build/encode/encode/tests/ptrarith/ptrarith.perf.encoded --  --cso /dev/null
key=encoded, no.=14, <stderr>:
LENGTH=60
elapsed cycles: 103593
hi(checksum)=0xCCA064626E7D18F4
lo(checksum)=0x8060AF85FE6E8AA8
key=encoded, no.=14, <checksum>:
0xCCA064626E7D18F48060AF85FE6E8AA8
key=encoded, no.=14, cso file:
/dev/null
----------------------------------------------
real command=cset shield -e /home/nrink/Projects/build/encode/encode/tests/ptrarith/ptrarith.perf.encoded --  --cso /dev/null
key=encoded, no.=15, <stderr>:
LENGTH=60
elapsed cycles: 58698
hi(checksum)=0xCCA064626E7D18F4
lo(checksum)=0x8060AF85FE6E8AA8
key=encoded, no.=15, <checksum>:
0xCCA064626E7D18F48060AF85FE6E8AA8
key=encoded, no.=15, cso file:
/dev/null
----------------------------------------------
real command=cset shield -e /home/nrink/Projects/build/encode/encode/tests/ptrarith/ptrarith.perf.encoded --  --cso /dev/null
key=encoded, no.=16, <stderr>:
LENGTH=60
elapsed cycles: 58548
hi(checksum)=0xCCA064626E7D18F4
lo(checksum)=0x8060AF85FE6E8AA8
key=encoded, no.=16, <checksum>:
0xCCA064626E7D18F48060AF85FE6E8AA8
key=encoded, no.=16, cso file:
/dev/null
----------------------------------------------
real command=cset shield -e /home/nrink/Projects/build/encode/encode/tests/ptrarith/ptrarith.perf.encoded --  --cso /dev/null
key=encoded, no.=17, <stderr>:
LENGTH=60
elapsed cycles: 58686
hi(checksum)=0xCCA064626E7D18F4
lo(checksum)=0x8060AF85FE6E8AA8
key=encoded, no.=17, <checksum>:
0xCCA064626E7D18F48060AF85FE6E8AA8
key=encoded, no.=17, cso file:
/dev/null
----------------------------------------------
real command=cset shield -e /home/nrink/Projects/build/encode/encode/tests/ptrarith/ptrarith.perf.encoded --  --cso /dev/null
key=encoded, no.=18, <stderr>:
LENGTH=60
elapsed cycles: 58776
hi(checksum)=0xCCA064626E7D18F4
lo(checksum)=0x8060AF85FE6E8AA8
key=encoded, no.=18, <checksum>:
0xCCA064626E7D18F48060AF85FE6E8AA8
key=encoded, no.=18, cso file:
/dev/null
----------------------------------------------
real command=cset shield -e /home/nrink/Projects/build/encode/encode/tests/ptrarith/ptrarith.perf.encoded --  --cso /dev/null
key=encoded, no.=19, <stderr>:
LENGTH=60
elapsed cycles: 58635
hi(checksum)=0xCCA064626E7D18F4
lo(checksum)=0x8060AF85FE6E8AA8
key=encoded, no.=19, <checksum>:
0xCCA064626E7D18F48060AF85FE6E8AA8
key=encoded, no.=19, cso file:
/dev/null
----------------------------------------------
real command=cset shield -e /home/nrink/Projects/build/encode/encode/tests/ptrarith/ptrarith.perf.encoded --  --cso /dev/null
key=encoded, no.=20, <stderr>:
LENGTH=60
elapsed cycles: 58653
hi(checksum)=0xCCA064626E7D18F4
lo(checksum)=0x8060AF85FE6E8AA8
key=encoded, no.=20, <checksum>:
0xCCA064626E7D18F48060AF85FE6E8AA8
key=encoded, no.=20, cso file:
/dev/null
----------------------------------------------
real command=cset shield -e /home/nrink/Projects/build/encode/encode/tests/ptrarith/ptrarith.perf.encoded --  --cso /dev/null
key=encoded, no.=21, <stderr>:
LENGTH=60
elapsed cycles: 58689
hi(checksum)=0xCCA064626E7D18F4
lo(checksum)=0x8060AF85FE6E8AA8
key=encoded, no.=21, <checksum>:
0xCCA064626E7D18F48060AF85FE6E8AA8
key=encoded, no.=21, cso file:
/dev/null
----------------------------------------------
real command=cset shield -e /home/nrink/Projects/build/encode/encode/tests/ptrarith/ptrarith.perf.encoded --  --cso /dev/null
key=encoded, no.=22, <stderr>:
LENGTH=60
elapsed cycles: 58620
hi(checksum)=0xCCA064626E7D18F4
lo(checksum)=0x8060AF85FE6E8AA8
key=encoded, no.=22, <checksum>:
0xCCA064626E7D18F48060AF85FE6E8AA8
key=encoded, no.=22, cso file:
/dev/null
----------------------------------------------
real command=cset shield -e /home/nrink/Projects/build/encode/encode/tests/ptrarith/ptrarith.perf.encoded --  --cso /dev/null
key=encoded, no.=23, <stderr>:
LENGTH=60
elapsed cycles: 58767
hi(checksum)=0xCCA064626E7D18F4
lo(checksum)=0x8060AF85FE6E8AA8
key=encoded, no.=23, <checksum>:
0xCCA064626E7D18F48060AF85FE6E8AA8
key=encoded, no.=23, cso file:
/dev/null
----------------------------------------------
real command=cset shield -e /home/nrink/Projects/build/encode/encode/tests/ptrarith/ptrarith.perf.encoded --  --cso /dev/null
key=encoded, no.=24, <stderr>:
LENGTH=60
elapsed cycles: 58695
hi(checksum)=0xCCA064626E7D18F4
lo(checksum)=0x8060AF85FE6E8AA8
key=encoded, no.=24, <checksum>:
0xCCA064626E7D18F48060AF85FE6E8AA8
key=encoded, no.=24, cso file:
/dev/null
----------------------------------------------
real command=cset shield -e /home/nrink/Projects/build/encode/encode/tests/ptrarith/ptrarith.perf.encoded --  --cso /dev/null
key=encoded, no.=25, <stderr>:
LENGTH=60
elapsed cycles: 58659
hi(checksum)=0xCCA064626E7D18F4
lo(checksum)=0x8060AF85FE6E8AA8
key=encoded, no.=25, <checksum>:
0xCCA064626E7D18F48060AF85FE6E8AA8
key=encoded, no.=25, cso file:
/dev/null
----------------------------------------------
real command=cset shield -e /home/nrink/Projects/build/encode/encode/tests/ptrarith/ptrarith.perf.encoded --  --cso /dev/null
key=encoded, no.=26, <stderr>:
LENGTH=60
elapsed cycles: 58746
hi(checksum)=0xCCA064626E7D18F4
lo(checksum)=0x8060AF85FE6E8AA8
key=encoded, no.=26, <checksum>:
0xCCA064626E7D18F48060AF85FE6E8AA8
key=encoded, no.=26, cso file:
/dev/null
----------------------------------------------
real command=cset shield -e /home/nrink/Projects/build/encode/encode/tests/ptrarith/ptrarith.perf.encoded --  --cso /dev/null
key=encoded, no.=27, <stderr>:
LENGTH=60
elapsed cycles: 58644
hi(checksum)=0xCCA064626E7D18F4
lo(checksum)=0x8060AF85FE6E8AA8
key=encoded, no.=27, <checksum>:
0xCCA064626E7D18F48060AF85FE6E8AA8
key=encoded, no.=27, cso file:
/dev/null
----------------------------------------------
real command=cset shield -e /home/nrink/Projects/build/encode/encode/tests/ptrarith/ptrarith.perf.encoded --  --cso /dev/null
key=encoded, no.=28, <stderr>:
LENGTH=60
elapsed cycles: 59874
hi(checksum)=0xCCA064626E7D18F4
lo(checksum)=0x8060AF85FE6E8AA8
key=encoded, no.=28, <checksum>:
0xCCA064626E7D18F48060AF85FE6E8AA8
key=encoded, no.=28, cso file:
/dev/null
----------------------------------------------
real command=cset shield -e /home/nrink/Projects/build/encode/encode/tests/ptrarith/ptrarith.perf.encoded --  --cso /dev/null
key=encoded, no.=29, <stderr>:
LENGTH=60
elapsed cycles: 58815
hi(checksum)=0xCCA064626E7D18F4
lo(checksum)=0x8060AF85FE6E8AA8
key=encoded, no.=29, <checksum>:
0xCCA064626E7D18F48060AF85FE6E8AA8
key=encoded, no.=29, cso file:
/dev/null
----------------------------------------------
real command=cset shield -e /home/nrink/Projects/build/encode/encode/tests/ptrarith/ptrarith.perf.encoded --  --cso /dev/null
key=encoded, no.=30, <stderr>:
LENGTH=60
elapsed cycles: 58686
hi(checksum)=0xCCA064626E7D18F4
lo(checksum)=0x8060AF85FE6E8AA8
key=encoded, no.=30, <checksum>:
0xCCA064626E7D18F48060AF85FE6E8AA8
key=encoded, no.=30, cso file:
/dev/null
----------------------------------------------
real command=cset shield -e /home/nrink/Projects/build/encode/encode/tests/ptrarith/ptrarith.perf.encoded --  --cso /dev/null
key=encoded, no.=31, <stderr>:
LENGTH=60
elapsed cycles: 58806
hi(checksum)=0xCCA064626E7D18F4
lo(checksum)=0x8060AF85FE6E8AA8
key=encoded, no.=31, <checksum>:
0xCCA064626E7D18F48060AF85FE6E8AA8
key=encoded, no.=31, cso file:
/dev/null
----------------------------------------------
real command=cset shield -e /home/nrink/Projects/build/encode/encode/tests/ptrarith/ptrarith.perf.encoded --  --cso /dev/null
key=encoded, no.=32, <stderr>:
LENGTH=60
elapsed cycles: 58704
hi(checksum)=0xCCA064626E7D18F4
lo(checksum)=0x8060AF85FE6E8AA8
key=encoded, no.=32, <checksum>:
0xCCA064626E7D18F48060AF85FE6E8AA8
key=encoded, no.=32, cso file:
/dev/null
----------------------------------------------
real command=cset shield -e /home/nrink/Projects/build/encode/encode/tests/ptrarith/ptrarith.perf.encoded --  --cso /dev/null
key=encoded, no.=33, <stderr>:
LENGTH=60
elapsed cycles: 58569
hi(checksum)=0xCCA064626E7D18F4
lo(checksum)=0x8060AF85FE6E8AA8
key=encoded, no.=33, <checksum>:
0xCCA064626E7D18F48060AF85FE6E8AA8
key=encoded, no.=33, cso file:
/dev/null
----------------------------------------------
real command=cset shield -e /home/nrink/Projects/build/encode/encode/tests/ptrarith/ptrarith.perf.encoded --  --cso /dev/null
key=encoded, no.=34, <stderr>:
LENGTH=60
elapsed cycles: 58671
hi(checksum)=0xCCA064626E7D18F4
lo(checksum)=0x8060AF85FE6E8AA8
key=encoded, no.=34, <checksum>:
0xCCA064626E7D18F48060AF85FE6E8AA8
key=encoded, no.=34, cso file:
/dev/null
----------------------------------------------
real command=cset shield -e /home/nrink/Projects/build/encode/encode/tests/ptrarith/ptrarith.perf.encoded --  --cso /dev/null
key=encoded, no.=35, <stderr>:
LENGTH=60
elapsed cycles: 58677
hi(checksum)=0xCCA064626E7D18F4
lo(checksum)=0x8060AF85FE6E8AA8
key=encoded, no.=35, <checksum>:
0xCCA064626E7D18F48060AF85FE6E8AA8
key=encoded, no.=35, cso file:
/dev/null
----------------------------------------------
real command=cset shield -e /home/nrink/Projects/build/encode/encode/tests/ptrarith/ptrarith.perf.encoded --  --cso /dev/null
key=encoded, no.=36, <stderr>:
LENGTH=60
elapsed cycles: 58644
hi(checksum)=0xCCA064626E7D18F4
lo(checksum)=0x8060AF85FE6E8AA8
key=encoded, no.=36, <checksum>:
0xCCA064626E7D18F48060AF85FE6E8AA8
key=encoded, no.=36, cso file:
/dev/null
----------------------------------------------
real command=cset shield -e /home/nrink/Projects/build/encode/encode/tests/ptrarith/ptrarith.perf.encoded --  --cso /dev/null
key=encoded, no.=37, <stderr>:
LENGTH=60
elapsed cycles: 58686
hi(checksum)=0xCCA064626E7D18F4
lo(checksum)=0x8060AF85FE6E8AA8
key=encoded, no.=37, <checksum>:
0xCCA064626E7D18F48060AF85FE6E8AA8
key=encoded, no.=37, cso file:
/dev/null
----------------------------------------------
real command=cset shield -e /home/nrink/Projects/build/encode/encode/tests/ptrarith/ptrarith.perf.encoded --  --cso /dev/null
key=encoded, no.=38, <stderr>:
LENGTH=60
elapsed cycles: 58665
hi(checksum)=0xCCA064626E7D18F4
lo(checksum)=0x8060AF85FE6E8AA8
key=encoded, no.=38, <checksum>:
0xCCA064626E7D18F48060AF85FE6E8AA8
key=encoded, no.=38, cso file:
/dev/null
----------------------------------------------
real command=cset shield -e /home/nrink/Projects/build/encode/encode/tests/ptrarith/ptrarith.perf.encoded --  --cso /dev/null
key=encoded, no.=39, <stderr>:
LENGTH=60
elapsed cycles: 58767
hi(checksum)=0xCCA064626E7D18F4
lo(checksum)=0x8060AF85FE6E8AA8
key=encoded, no.=39, <checksum>:
0xCCA064626E7D18F48060AF85FE6E8AA8
key=encoded, no.=39, cso file:
/dev/null
----------------------------------------------
real command=cset shield -e /home/nrink/Projects/build/encode/encode/tests/ptrarith/ptrarith.perf.encoded --  --cso /dev/null
key=encoded, no.=40, <stderr>:
LENGTH=60
elapsed cycles: 58683
hi(checksum)=0xCCA064626E7D18F4
lo(checksum)=0x8060AF85FE6E8AA8
key=encoded, no.=40, <checksum>:
0xCCA064626E7D18F48060AF85FE6E8AA8
key=encoded, no.=40, cso file:
/dev/null
----------------------------------------------
real command=cset shield -e /home/nrink/Projects/build/encode/encode/tests/ptrarith/ptrarith.perf.encoded --  --cso /dev/null
key=encoded, no.=41, <stderr>:
LENGTH=60
elapsed cycles: 58737
hi(checksum)=0xCCA064626E7D18F4
lo(checksum)=0x8060AF85FE6E8AA8
key=encoded, no.=41, <checksum>:
0xCCA064626E7D18F48060AF85FE6E8AA8
key=encoded, no.=41, cso file:
/dev/null
----------------------------------------------
real command=cset shield -e /home/nrink/Projects/build/encode/encode/tests/ptrarith/ptrarith.perf.encoded --  --cso /dev/null
key=encoded, no.=42, <stderr>:
LENGTH=60
elapsed cycles: 58596
hi(checksum)=0xCCA064626E7D18F4
lo(checksum)=0x8060AF85FE6E8AA8
key=encoded, no.=42, <checksum>:
0xCCA064626E7D18F48060AF85FE6E8AA8
key=encoded, no.=42, cso file:
/dev/null
----------------------------------------------
real command=cset shield -e /home/nrink/Projects/build/encode/encode/tests/ptrarith/ptrarith.perf.encoded --  --cso /dev/null
key=encoded, no.=43, <stderr>:
LENGTH=60
elapsed cycles: 58716
hi(checksum)=0xCCA064626E7D18F4
lo(checksum)=0x8060AF85FE6E8AA8
key=encoded, no.=43, <checksum>:
0xCCA064626E7D18F48060AF85FE6E8AA8
key=encoded, no.=43, cso file:
/dev/null
----------------------------------------------
real command=cset shield -e /home/nrink/Projects/build/encode/encode/tests/ptrarith/ptrarith.perf.encoded --  --cso /dev/null
key=encoded, no.=44, <stderr>:
LENGTH=60
elapsed cycles: 58656
hi(checksum)=0xCCA064626E7D18F4
lo(checksum)=0x8060AF85FE6E8AA8
key=encoded, no.=44, <checksum>:
0xCCA064626E7D18F48060AF85FE6E8AA8
key=encoded, no.=44, cso file:
/dev/null
----------------------------------------------
real command=cset shield -e /home/nrink/Projects/build/encode/encode/tests/ptrarith/ptrarith.perf.encoded --  --cso /dev/null
key=encoded, no.=45, <stderr>:
LENGTH=60
elapsed cycles: 90681
hi(checksum)=0xCCA064626E7D18F4
lo(checksum)=0x8060AF85FE6E8AA8
key=encoded, no.=45, <checksum>:
0xCCA064626E7D18F48060AF85FE6E8AA8
key=encoded, no.=45, cso file:
/dev/null
----------------------------------------------
real command=cset shield -e /home/nrink/Projects/build/encode/encode/tests/ptrarith/ptrarith.perf.encoded --  --cso /dev/null
key=encoded, no.=46, <stderr>:
LENGTH=60
elapsed cycles: 91464
hi(checksum)=0xCCA064626E7D18F4
lo(checksum)=0x8060AF85FE6E8AA8
key=encoded, no.=46, <checksum>:
0xCCA064626E7D18F48060AF85FE6E8AA8
key=encoded, no.=46, cso file:
/dev/null
----------------------------------------------
real command=cset shield -e /home/nrink/Projects/build/encode/encode/tests/ptrarith/ptrarith.perf.encoded --  --cso /dev/null
key=encoded, no.=47, <stderr>:
LENGTH=60
elapsed cycles: 58626
hi(checksum)=0xCCA064626E7D18F4
lo(checksum)=0x8060AF85FE6E8AA8
key=encoded, no.=47, <checksum>:
0xCCA064626E7D18F48060AF85FE6E8AA8
key=encoded, no.=47, cso file:
/dev/null
----------------------------------------------
real command=cset shield -e /home/nrink/Projects/build/encode/encode/tests/ptrarith/ptrarith.perf.encoded --  --cso /dev/null
key=encoded, no.=48, <stderr>:
LENGTH=60
elapsed cycles: 58659
hi(checksum)=0xCCA064626E7D18F4
lo(checksum)=0x8060AF85FE6E8AA8
key=encoded, no.=48, <checksum>:
0xCCA064626E7D18F48060AF85FE6E8AA8
key=encoded, no.=48, cso file:
/dev/null
----------------------------------------------
real command=cset shield -e /home/nrink/Projects/build/encode/encode/tests/ptrarith/ptrarith.perf.encoded --  --cso /dev/null
key=encoded, no.=49, <stderr>:
LENGTH=60
elapsed cycles: 91170
hi(checksum)=0xCCA064626E7D18F4
lo(checksum)=0x8060AF85FE6E8AA8
key=encoded, no.=49, <checksum>:
0xCCA064626E7D18F48060AF85FE6E8AA8
key=encoded, no.=49, cso file:
/dev/null
----------------------------------------------
real command=cset shield -e /home/nrink/Projects/build/encode/encode/tests/ptrarith/ptrarith.perf.encoded --  --cso /dev/null
key=encoded, no.=50, <stderr>:
LENGTH=60
elapsed cycles: 58557
hi(checksum)=0xCCA064626E7D18F4
lo(checksum)=0x8060AF85FE6E8AA8
key=encoded, no.=50, <checksum>:
0xCCA064626E7D18F48060AF85FE6E8AA8
key=encoded, no.=50, cso file:
/dev/null
----------------------------------------------
real command=cset shield -e /home/nrink/Projects/build/encode/encode/tests/ptrarith/ptrarith.perf.encoded --  --cso /dev/null
key=encoded, no.=51, <stderr>:
LENGTH=60
elapsed cycles: 60996
hi(checksum)=0xCCA064626E7D18F4
lo(checksum)=0x8060AF85FE6E8AA8
key=encoded, no.=51, <checksum>:
0xCCA064626E7D18F48060AF85FE6E8AA8
key=encoded, no.=51, cso file:
/dev/null
----------------------------------------------
real command=cset shield -e /home/nrink/Projects/build/encode/encode/tests/ptrarith/ptrarith.perf.encoded --  --cso /dev/null
key=encoded, no.=52, <stderr>:
LENGTH=60
elapsed cycles: 58632
hi(checksum)=0xCCA064626E7D18F4
lo(checksum)=0x8060AF85FE6E8AA8
key=encoded, no.=52, <checksum>:
0xCCA064626E7D18F48060AF85FE6E8AA8
key=encoded, no.=52, cso file:
/dev/null
----------------------------------------------
real command=cset shield -e /home/nrink/Projects/build/encode/encode/tests/ptrarith/ptrarith.perf.encoded --  --cso /dev/null
key=encoded, no.=53, <stderr>:
LENGTH=60
elapsed cycles: 58692
hi(checksum)=0xCCA064626E7D18F4
lo(checksum)=0x8060AF85FE6E8AA8
key=encoded, no.=53, <checksum>:
0xCCA064626E7D18F48060AF85FE6E8AA8
key=encoded, no.=53, cso file:
/dev/null
----------------------------------------------
real command=cset shield -e /home/nrink/Projects/build/encode/encode/tests/ptrarith/ptrarith.perf.encoded --  --cso /dev/null
key=encoded, no.=54, <stderr>:
LENGTH=60
elapsed cycles: 58719
hi(checksum)=0xCCA064626E7D18F4
lo(checksum)=0x8060AF85FE6E8AA8
key=encoded, no.=54, <checksum>:
0xCCA064626E7D18F48060AF85FE6E8AA8
key=encoded, no.=54, cso file:
/dev/null
----------------------------------------------
real command=cset shield -e /home/nrink/Projects/build/encode/encode/tests/ptrarith/ptrarith.perf.encoded --  --cso /dev/null
key=encoded, no.=55, <stderr>:
LENGTH=60
elapsed cycles: 58641
hi(checksum)=0xCCA064626E7D18F4
lo(checksum)=0x8060AF85FE6E8AA8
key=encoded, no.=55, <checksum>:
0xCCA064626E7D18F48060AF85FE6E8AA8
key=encoded, no.=55, cso file:
/dev/null
----------------------------------------------
real command=cset shield -e /home/nrink/Projects/build/encode/encode/tests/ptrarith/ptrarith.perf.encoded --  --cso /dev/null
key=encoded, no.=56, <stderr>:
LENGTH=60
elapsed cycles: 58575
hi(checksum)=0xCCA064626E7D18F4
lo(checksum)=0x8060AF85FE6E8AA8
key=encoded, no.=56, <checksum>:
0xCCA064626E7D18F48060AF85FE6E8AA8
key=encoded, no.=56, cso file:
/dev/null
----------------------------------------------
real command=cset shield -e /home/nrink/Projects/build/encode/encode/tests/ptrarith/ptrarith.perf.encoded --  --cso /dev/null
key=encoded, no.=57, <stderr>:
LENGTH=60
elapsed cycles: 58728
hi(checksum)=0xCCA064626E7D18F4
lo(checksum)=0x8060AF85FE6E8AA8
key=encoded, no.=57, <checksum>:
0xCCA064626E7D18F48060AF85FE6E8AA8
key=encoded, no.=57, cso file:
/dev/null
----------------------------------------------
real command=cset shield -e /home/nrink/Projects/build/encode/encode/tests/ptrarith/ptrarith.perf.encoded --  --cso /dev/null
key=encoded, no.=58, <stderr>:
LENGTH=60
elapsed cycles: 58761
hi(checksum)=0xCCA064626E7D18F4
lo(checksum)=0x8060AF85FE6E8AA8
key=encoded, no.=58, <checksum>:
0xCCA064626E7D18F48060AF85FE6E8AA8
key=encoded, no.=58, cso file:
/dev/null
----------------------------------------------
real command=cset shield -e /home/nrink/Projects/build/encode/encode/tests/ptrarith/ptrarith.perf.encoded --  --cso /dev/null
key=encoded, no.=59, <stderr>:
LENGTH=60
elapsed cycles: 58620
hi(checksum)=0xCCA064626E7D18F4
lo(checksum)=0x8060AF85FE6E8AA8
key=encoded, no.=59, <checksum>:
0xCCA064626E7D18F48060AF85FE6E8AA8
key=encoded, no.=59, cso file:
/dev/null
----------------------------------------------
real command=cset shield -e /home/nrink/Projects/build/encode/encode/tests/ptrarith/ptrarith.perf.encoded --  --cso /dev/null
key=encoded, no.=60, <stderr>:
LENGTH=60
elapsed cycles: 59262
hi(checksum)=0xCCA064626E7D18F4
lo(checksum)=0x8060AF85FE6E8AA8
key=encoded, no.=60, <checksum>:
0xCCA064626E7D18F48060AF85FE6E8AA8
key=encoded, no.=60, cso file:
/dev/null
----------------------------------------------
real command=cset shield -e /home/nrink/Projects/build/encode/encode/tests/ptrarith/ptrarith.perf.encoded --  --cso /dev/null
key=encoded, no.=61, <stderr>:
LENGTH=60
elapsed cycles: 58533
hi(checksum)=0xCCA064626E7D18F4
lo(checksum)=0x8060AF85FE6E8AA8
key=encoded, no.=61, <checksum>:
0xCCA064626E7D18F48060AF85FE6E8AA8
key=encoded, no.=61, cso file:
/dev/null
----------------------------------------------
real command=cset shield -e /home/nrink/Projects/build/encode/encode/tests/ptrarith/ptrarith.perf.encoded --  --cso /dev/null
key=encoded, no.=62, <stderr>:
LENGTH=60
elapsed cycles: 58581
hi(checksum)=0xCCA064626E7D18F4
lo(checksum)=0x8060AF85FE6E8AA8
key=encoded, no.=62, <checksum>:
0xCCA064626E7D18F48060AF85FE6E8AA8
key=encoded, no.=62, cso file:
/dev/null
----------------------------------------------
real command=cset shield -e /home/nrink/Projects/build/encode/encode/tests/ptrarith/ptrarith.perf.encoded --  --cso /dev/null
key=encoded, no.=63, <stderr>:
LENGTH=60
elapsed cycles: 58692
hi(checksum)=0xCCA064626E7D18F4
lo(checksum)=0x8060AF85FE6E8AA8
key=encoded, no.=63, <checksum>:
0xCCA064626E7D18F48060AF85FE6E8AA8
key=encoded, no.=63, cso file:
/dev/null
----------------------------------------------
real command=cset shield -e /home/nrink/Projects/build/encode/encode/tests/ptrarith/ptrarith.perf.encoded --  --cso /dev/null
key=encoded, no.=64, <stderr>:
LENGTH=60
elapsed cycles: 59508
hi(checksum)=0xCCA064626E7D18F4
lo(checksum)=0x8060AF85FE6E8AA8
key=encoded, no.=64, <checksum>:
0xCCA064626E7D18F48060AF85FE6E8AA8
key=encoded, no.=64, cso file:
/dev/null
----------------------------------------------
real command=cset shield -e /home/nrink/Projects/build/encode/encode/tests/ptrarith/ptrarith.perf.encoded --  --cso /dev/null
key=encoded, no.=65, <stderr>:
LENGTH=60
elapsed cycles: 58728
hi(checksum)=0xCCA064626E7D18F4
lo(checksum)=0x8060AF85FE6E8AA8
key=encoded, no.=65, <checksum>:
0xCCA064626E7D18F48060AF85FE6E8AA8
key=encoded, no.=65, cso file:
/dev/null
----------------------------------------------
real command=cset shield -e /home/nrink/Projects/build/encode/encode/tests/ptrarith/ptrarith.perf.encoded --  --cso /dev/null
key=encoded, no.=66, <stderr>:
LENGTH=60
elapsed cycles: 58695
hi(checksum)=0xCCA064626E7D18F4
lo(checksum)=0x8060AF85FE6E8AA8
key=encoded, no.=66, <checksum>:
0xCCA064626E7D18F48060AF85FE6E8AA8
key=encoded, no.=66, cso file:
/dev/null
----------------------------------------------
real command=cset shield -e /home/nrink/Projects/build/encode/encode/tests/ptrarith/ptrarith.perf.encoded --  --cso /dev/null
key=encoded, no.=67, <stderr>:
LENGTH=60
elapsed cycles: 58851
hi(checksum)=0xCCA064626E7D18F4
lo(checksum)=0x8060AF85FE6E8AA8
key=encoded, no.=67, <checksum>:
0xCCA064626E7D18F48060AF85FE6E8AA8
key=encoded, no.=67, cso file:
/dev/null
----------------------------------------------
real command=cset shield -e /home/nrink/Projects/build/encode/encode/tests/ptrarith/ptrarith.perf.encoded --  --cso /dev/null
key=encoded, no.=68, <stderr>:
LENGTH=60
elapsed cycles: 58581
hi(checksum)=0xCCA064626E7D18F4
lo(checksum)=0x8060AF85FE6E8AA8
key=encoded, no.=68, <checksum>:
0xCCA064626E7D18F48060AF85FE6E8AA8
key=encoded, no.=68, cso file:
/dev/null
----------------------------------------------
real command=cset shield -e /home/nrink/Projects/build/encode/encode/tests/ptrarith/ptrarith.perf.encoded --  --cso /dev/null
key=encoded, no.=69, <stderr>:
LENGTH=60
elapsed cycles: 58563
hi(checksum)=0xCCA064626E7D18F4
lo(checksum)=0x8060AF85FE6E8AA8
key=encoded, no.=69, <checksum>:
0xCCA064626E7D18F48060AF85FE6E8AA8
key=encoded, no.=69, cso file:
/dev/null
----------------------------------------------
real command=cset shield -e /home/nrink/Projects/build/encode/encode/tests/ptrarith/ptrarith.perf.encoded --  --cso /dev/null
key=encoded, no.=70, <stderr>:
LENGTH=60
elapsed cycles: 58782
hi(checksum)=0xCCA064626E7D18F4
lo(checksum)=0x8060AF85FE6E8AA8
key=encoded, no.=70, <checksum>:
0xCCA064626E7D18F48060AF85FE6E8AA8
key=encoded, no.=70, cso file:
/dev/null
----------------------------------------------
real command=cset shield -e /home/nrink/Projects/build/encode/encode/tests/ptrarith/ptrarith.perf.encoded --  --cso /dev/null
key=encoded, no.=71, <stderr>:
LENGTH=60
elapsed cycles: 58704
hi(checksum)=0xCCA064626E7D18F4
lo(checksum)=0x8060AF85FE6E8AA8
key=encoded, no.=71, <checksum>:
0xCCA064626E7D18F48060AF85FE6E8AA8
key=encoded, no.=71, cso file:
/dev/null
----------------------------------------------
real command=cset shield -e /home/nrink/Projects/build/encode/encode/tests/ptrarith/ptrarith.perf.encoded --  --cso /dev/null
key=encoded, no.=72, <stderr>:
LENGTH=60
elapsed cycles: 58614
hi(checksum)=0xCCA064626E7D18F4
lo(checksum)=0x8060AF85FE6E8AA8
key=encoded, no.=72, <checksum>:
0xCCA064626E7D18F48060AF85FE6E8AA8
key=encoded, no.=72, cso file:
/dev/null
----------------------------------------------
real command=cset shield -e /home/nrink/Projects/build/encode/encode/tests/ptrarith/ptrarith.perf.encoded --  --cso /dev/null
key=encoded, no.=73, <stderr>:
LENGTH=60
elapsed cycles: 59880
hi(checksum)=0xCCA064626E7D18F4
lo(checksum)=0x8060AF85FE6E8AA8
key=encoded, no.=73, <checksum>:
0xCCA064626E7D18F48060AF85FE6E8AA8
key=encoded, no.=73, cso file:
/dev/null
----------------------------------------------
real command=cset shield -e /home/nrink/Projects/build/encode/encode/tests/ptrarith/ptrarith.perf.encoded --  --cso /dev/null
key=encoded, no.=74, <stderr>:
LENGTH=60
elapsed cycles: 58692
hi(checksum)=0xCCA064626E7D18F4
lo(checksum)=0x8060AF85FE6E8AA8
key=encoded, no.=74, <checksum>:
0xCCA064626E7D18F48060AF85FE6E8AA8
key=encoded, no.=74, cso file:
/dev/null
----------------------------------------------
real command=cset shield -e /home/nrink/Projects/build/encode/encode/tests/ptrarith/ptrarith.perf.encoded --  --cso /dev/null
key=encoded, no.=75, <stderr>:
LENGTH=60
elapsed cycles: 96738
hi(checksum)=0xCCA064626E7D18F4
lo(checksum)=0x8060AF85FE6E8AA8
key=encoded, no.=75, <checksum>:
0xCCA064626E7D18F48060AF85FE6E8AA8
key=encoded, no.=75, cso file:
/dev/null
----------------------------------------------
real command=cset shield -e /home/nrink/Projects/build/encode/encode/tests/ptrarith/ptrarith.perf.encoded --  --cso /dev/null
key=encoded, no.=76, <stderr>:
LENGTH=60
elapsed cycles: 58725
hi(checksum)=0xCCA064626E7D18F4
lo(checksum)=0x8060AF85FE6E8AA8
key=encoded, no.=76, <checksum>:
0xCCA064626E7D18F48060AF85FE6E8AA8
key=encoded, no.=76, cso file:
/dev/null
----------------------------------------------
real command=cset shield -e /home/nrink/Projects/build/encode/encode/tests/ptrarith/ptrarith.perf.encoded --  --cso /dev/null
key=encoded, no.=77, <stderr>:
LENGTH=60
elapsed cycles: 58716
hi(checksum)=0xCCA064626E7D18F4
lo(checksum)=0x8060AF85FE6E8AA8
key=encoded, no.=77, <checksum>:
0xCCA064626E7D18F48060AF85FE6E8AA8
key=encoded, no.=77, cso file:
/dev/null
----------------------------------------------
real command=cset shield -e /home/nrink/Projects/build/encode/encode/tests/ptrarith/ptrarith.perf.encoded --  --cso /dev/null
key=encoded, no.=78, <stderr>:
LENGTH=60
elapsed cycles: 58701
hi(checksum)=0xCCA064626E7D18F4
lo(checksum)=0x8060AF85FE6E8AA8
key=encoded, no.=78, <checksum>:
0xCCA064626E7D18F48060AF85FE6E8AA8
key=encoded, no.=78, cso file:
/dev/null
----------------------------------------------
real command=cset shield -e /home/nrink/Projects/build/encode/encode/tests/ptrarith/ptrarith.perf.encoded --  --cso /dev/null
key=encoded, no.=79, <stderr>:
LENGTH=60
elapsed cycles: 91242
hi(checksum)=0xCCA064626E7D18F4
lo(checksum)=0x8060AF85FE6E8AA8
key=encoded, no.=79, <checksum>:
0xCCA064626E7D18F48060AF85FE6E8AA8
key=encoded, no.=79, cso file:
/dev/null
----------------------------------------------
real command=cset shield -e /home/nrink/Projects/build/encode/encode/tests/ptrarith/ptrarith.perf.encoded --  --cso /dev/null
key=encoded, no.=80, <stderr>:
LENGTH=60
elapsed cycles: 60693
hi(checksum)=0xCCA064626E7D18F4
lo(checksum)=0x8060AF85FE6E8AA8
key=encoded, no.=80, <checksum>:
0xCCA064626E7D18F48060AF85FE6E8AA8
key=encoded, no.=80, cso file:
/dev/null
----------------------------------------------
real command=cset shield -e /home/nrink/Projects/build/encode/encode/tests/ptrarith/ptrarith.perf.encoded --  --cso /dev/null
key=encoded, no.=81, <stderr>:
LENGTH=60
elapsed cycles: 58608
hi(checksum)=0xCCA064626E7D18F4
lo(checksum)=0x8060AF85FE6E8AA8
key=encoded, no.=81, <checksum>:
0xCCA064626E7D18F48060AF85FE6E8AA8
key=encoded, no.=81, cso file:
/dev/null
----------------------------------------------
real command=cset shield -e /home/nrink/Projects/build/encode/encode/tests/ptrarith/ptrarith.perf.encoded --  --cso /dev/null
key=encoded, no.=82, <stderr>:
LENGTH=60
elapsed cycles: 58581
hi(checksum)=0xCCA064626E7D18F4
lo(checksum)=0x8060AF85FE6E8AA8
key=encoded, no.=82, <checksum>:
0xCCA064626E7D18F48060AF85FE6E8AA8
key=encoded, no.=82, cso file:
/dev/null
----------------------------------------------
real command=cset shield -e /home/nrink/Projects/build/encode/encode/tests/ptrarith/ptrarith.perf.encoded --  --cso /dev/null
key=encoded, no.=83, <stderr>:
LENGTH=60
elapsed cycles: 58761
hi(checksum)=0xCCA064626E7D18F4
lo(checksum)=0x8060AF85FE6E8AA8
key=encoded, no.=83, <checksum>:
0xCCA064626E7D18F48060AF85FE6E8AA8
key=encoded, no.=83, cso file:
/dev/null
----------------------------------------------
real command=cset shield -e /home/nrink/Projects/build/encode/encode/tests/ptrarith/ptrarith.perf.encoded --  --cso /dev/null
key=encoded, no.=84, <stderr>:
LENGTH=60
elapsed cycles: 58683
hi(checksum)=0xCCA064626E7D18F4
lo(checksum)=0x8060AF85FE6E8AA8
key=encoded, no.=84, <checksum>:
0xCCA064626E7D18F48060AF85FE6E8AA8
key=encoded, no.=84, cso file:
/dev/null
----------------------------------------------
real command=cset shield -e /home/nrink/Projects/build/encode/encode/tests/ptrarith/ptrarith.perf.encoded --  --cso /dev/null
key=encoded, no.=85, <stderr>:
LENGTH=60
elapsed cycles: 58704
hi(checksum)=0xCCA064626E7D18F4
lo(checksum)=0x8060AF85FE6E8AA8
key=encoded, no.=85, <checksum>:
0xCCA064626E7D18F48060AF85FE6E8AA8
key=encoded, no.=85, cso file:
/dev/null
----------------------------------------------
real command=cset shield -e /home/nrink/Projects/build/encode/encode/tests/ptrarith/ptrarith.perf.encoded --  --cso /dev/null
key=encoded, no.=86, <stderr>:
LENGTH=60
elapsed cycles: 58653
hi(checksum)=0xCCA064626E7D18F4
lo(checksum)=0x8060AF85FE6E8AA8
key=encoded, no.=86, <checksum>:
0xCCA064626E7D18F48060AF85FE6E8AA8
key=encoded, no.=86, cso file:
/dev/null
----------------------------------------------
real command=cset shield -e /home/nrink/Projects/build/encode/encode/tests/ptrarith/ptrarith.perf.encoded --  --cso /dev/null
key=encoded, no.=87, <stderr>:
LENGTH=60
elapsed cycles: 60258
hi(checksum)=0xCCA064626E7D18F4
lo(checksum)=0x8060AF85FE6E8AA8
key=encoded, no.=87, <checksum>:
0xCCA064626E7D18F48060AF85FE6E8AA8
key=encoded, no.=87, cso file:
/dev/null
----------------------------------------------
real command=cset shield -e /home/nrink/Projects/build/encode/encode/tests/ptrarith/ptrarith.perf.encoded --  --cso /dev/null
key=encoded, no.=88, <stderr>:
LENGTH=60
elapsed cycles: 58698
hi(checksum)=0xCCA064626E7D18F4
lo(checksum)=0x8060AF85FE6E8AA8
key=encoded, no.=88, <checksum>:
0xCCA064626E7D18F48060AF85FE6E8AA8
key=encoded, no.=88, cso file:
/dev/null
----------------------------------------------
real command=cset shield -e /home/nrink/Projects/build/encode/encode/tests/ptrarith/ptrarith.perf.encoded --  --cso /dev/null
key=encoded, no.=89, <stderr>:
LENGTH=60
elapsed cycles: 90858
hi(checksum)=0xCCA064626E7D18F4
lo(checksum)=0x8060AF85FE6E8AA8
key=encoded, no.=89, <checksum>:
0xCCA064626E7D18F48060AF85FE6E8AA8
key=encoded, no.=89, cso file:
/dev/null
----------------------------------------------
real command=cset shield -e /home/nrink/Projects/build/encode/encode/tests/ptrarith/ptrarith.perf.encoded --  --cso /dev/null
key=encoded, no.=90, <stderr>:
LENGTH=60
elapsed cycles: 58707
hi(checksum)=0xCCA064626E7D18F4
lo(checksum)=0x8060AF85FE6E8AA8
key=encoded, no.=90, <checksum>:
0xCCA064626E7D18F48060AF85FE6E8AA8
key=encoded, no.=90, cso file:
/dev/null
----------------------------------------------
real command=cset shield -e /home/nrink/Projects/build/encode/encode/tests/ptrarith/ptrarith.perf.encoded --  --cso /dev/null
key=encoded, no.=91, <stderr>:
LENGTH=60
elapsed cycles: 58710
hi(checksum)=0xCCA064626E7D18F4
lo(checksum)=0x8060AF85FE6E8AA8
key=encoded, no.=91, <checksum>:
0xCCA064626E7D18F48060AF85FE6E8AA8
key=encoded, no.=91, cso file:
/dev/null
----------------------------------------------
real command=cset shield -e /home/nrink/Projects/build/encode/encode/tests/ptrarith/ptrarith.perf.encoded --  --cso /dev/null
key=encoded, no.=92, <stderr>:
LENGTH=60
elapsed cycles: 58632
hi(checksum)=0xCCA064626E7D18F4
lo(checksum)=0x8060AF85FE6E8AA8
key=encoded, no.=92, <checksum>:
0xCCA064626E7D18F48060AF85FE6E8AA8
key=encoded, no.=92, cso file:
/dev/null
----------------------------------------------
real command=cset shield -e /home/nrink/Projects/build/encode/encode/tests/ptrarith/ptrarith.perf.encoded --  --cso /dev/null
key=encoded, no.=93, <stderr>:
LENGTH=60
elapsed cycles: 58728
hi(checksum)=0xCCA064626E7D18F4
lo(checksum)=0x8060AF85FE6E8AA8
key=encoded, no.=93, <checksum>:
0xCCA064626E7D18F48060AF85FE6E8AA8
key=encoded, no.=93, cso file:
/dev/null
----------------------------------------------
real command=cset shield -e /home/nrink/Projects/build/encode/encode/tests/ptrarith/ptrarith.perf.encoded --  --cso /dev/null
key=encoded, no.=94, <stderr>:
LENGTH=60
elapsed cycles: 58620
hi(checksum)=0xCCA064626E7D18F4
lo(checksum)=0x8060AF85FE6E8AA8
key=encoded, no.=94, <checksum>:
0xCCA064626E7D18F48060AF85FE6E8AA8
key=encoded, no.=94, cso file:
/dev/null
----------------------------------------------
real command=cset shield -e /home/nrink/Projects/build/encode/encode/tests/ptrarith/ptrarith.perf.encoded --  --cso /dev/null
key=encoded, no.=95, <stderr>:
LENGTH=60
elapsed cycles: 58704
hi(checksum)=0xCCA064626E7D18F4
lo(checksum)=0x8060AF85FE6E8AA8
key=encoded, no.=95, <checksum>:
0xCCA064626E7D18F48060AF85FE6E8AA8
key=encoded, no.=95, cso file:
/dev/null
----------------------------------------------
real command=cset shield -e /home/nrink/Projects/build/encode/encode/tests/ptrarith/ptrarith.perf.encoded --  --cso /dev/null
key=encoded, no.=96, <stderr>:
LENGTH=60
elapsed cycles: 58572
hi(checksum)=0xCCA064626E7D18F4
lo(checksum)=0x8060AF85FE6E8AA8
key=encoded, no.=96, <checksum>:
0xCCA064626E7D18F48060AF85FE6E8AA8
key=encoded, no.=96, cso file:
/dev/null
----------------------------------------------
real command=cset shield -e /home/nrink/Projects/build/encode/encode/tests/ptrarith/ptrarith.perf.encoded --  --cso /dev/null
key=encoded, no.=97, <stderr>:
LENGTH=60
elapsed cycles: 58644
hi(checksum)=0xCCA064626E7D18F4
lo(checksum)=0x8060AF85FE6E8AA8
key=encoded, no.=97, <checksum>:
0xCCA064626E7D18F48060AF85FE6E8AA8
key=encoded, no.=97, cso file:
/dev/null
----------------------------------------------
real command=cset shield -e /home/nrink/Projects/build/encode/encode/tests/ptrarith/ptrarith.perf.encoded --  --cso /dev/null
key=encoded, no.=98, <stderr>:
LENGTH=60
elapsed cycles: 58623
hi(checksum)=0xCCA064626E7D18F4
lo(checksum)=0x8060AF85FE6E8AA8
key=encoded, no.=98, <checksum>:
0xCCA064626E7D18F48060AF85FE6E8AA8
key=encoded, no.=98, cso file:
/dev/null
----------------------------------------------
real command=cset shield -e /home/nrink/Projects/build/encode/encode/tests/ptrarith/ptrarith.perf.encoded --  --cso /dev/null
key=encoded, no.=99, <stderr>:
LENGTH=60
elapsed cycles: 58788
hi(checksum)=0xCCA064626E7D18F4
lo(checksum)=0x8060AF85FE6E8AA8
key=encoded, no.=99, <checksum>:
0xCCA064626E7D18F48060AF85FE6E8AA8
key=encoded, no.=99, cso file:
/dev/null
----------------------------------------------
