key=plain, runs=100 ...
command=/home/nrink/Projects/build/encode/encode/tests/array_sum/array_sum.perf.plain
----------------------------------------------
real command=cset shield -e /home/nrink/Projects/build/encode/encode/tests/array_sum/array_sum.perf.plain --  --cso /dev/null
key=plain, no.=0, <stderr>:
LENGTH=9200
elapsed cycles: 1808250
hi(checksum)=0x2E00D222DABE6970
lo(checksum)=0x5174C124573B0A80
key=plain, no.=0, <checksum>:
0x2E00D222DABE69705174C124573B0A80
key=plain, no.=0, cso file:
/dev/null
----------------------------------------------
real command=cset shield -e /home/nrink/Projects/build/encode/encode/tests/array_sum/array_sum.perf.plain --  --cso /dev/null
key=plain, no.=1, <stderr>:
LENGTH=9200
elapsed cycles: 1809213
hi(checksum)=0x2E00D222DABE6970
lo(checksum)=0x5174C124573B0A80
key=plain, no.=1, <checksum>:
0x2E00D222DABE69705174C124573B0A80
key=plain, no.=1, cso file:
/dev/null
----------------------------------------------
real command=cset shield -e /home/nrink/Projects/build/encode/encode/tests/array_sum/array_sum.perf.plain --  --cso /dev/null
key=plain, no.=2, <stderr>:
LENGTH=9200
elapsed cycles: 1808091
hi(checksum)=0x2E00D222DABE6970
lo(checksum)=0x5174C124573B0A80
key=plain, no.=2, <checksum>:
0x2E00D222DABE69705174C124573B0A80
key=plain, no.=2, cso file:
/dev/null
----------------------------------------------
real command=cset shield -e /home/nrink/Projects/build/encode/encode/tests/array_sum/array_sum.perf.plain --  --cso /dev/null
key=plain, no.=3, <stderr>:
LENGTH=9200
elapsed cycles: 1815519
hi(checksum)=0x2E00D222DABE6970
lo(checksum)=0x5174C124573B0A80
key=plain, no.=3, <checksum>:
0x2E00D222DABE69705174C124573B0A80
key=plain, no.=3, cso file:
/dev/null
----------------------------------------------
real command=cset shield -e /home/nrink/Projects/build/encode/encode/tests/array_sum/array_sum.perf.plain --  --cso /dev/null
key=plain, no.=4, <stderr>:
LENGTH=9200
elapsed cycles: 1807614
hi(checksum)=0x2E00D222DABE6970
lo(checksum)=0x5174C124573B0A80
key=plain, no.=4, <checksum>:
0x2E00D222DABE69705174C124573B0A80
key=plain, no.=4, cso file:
/dev/null
----------------------------------------------
real command=cset shield -e /home/nrink/Projects/build/encode/encode/tests/array_sum/array_sum.perf.plain --  --cso /dev/null
key=plain, no.=5, <stderr>:
LENGTH=9200
elapsed cycles: 1822410
hi(checksum)=0x2E00D222DABE6970
lo(checksum)=0x5174C124573B0A80
key=plain, no.=5, <checksum>:
0x2E00D222DABE69705174C124573B0A80
key=plain, no.=5, cso file:
/dev/null
----------------------------------------------
real command=cset shield -e /home/nrink/Projects/build/encode/encode/tests/array_sum/array_sum.perf.plain --  --cso /dev/null
key=plain, no.=6, <stderr>:
LENGTH=9200
elapsed cycles: 1810257
hi(checksum)=0x2E00D222DABE6970
lo(checksum)=0x5174C124573B0A80
key=plain, no.=6, <checksum>:
0x2E00D222DABE69705174C124573B0A80
key=plain, no.=6, cso file:
/dev/null
----------------------------------------------
real command=cset shield -e /home/nrink/Projects/build/encode/encode/tests/array_sum/array_sum.perf.plain --  --cso /dev/null
key=plain, no.=7, <stderr>:
LENGTH=9200
elapsed cycles: 1822035
hi(checksum)=0x2E00D222DABE6970
lo(checksum)=0x5174C124573B0A80
key=plain, no.=7, <checksum>:
0x2E00D222DABE69705174C124573B0A80
key=plain, no.=7, cso file:
/dev/null
----------------------------------------------
real command=cset shield -e /home/nrink/Projects/build/encode/encode/tests/array_sum/array_sum.perf.plain --  --cso /dev/null
key=plain, no.=8, <stderr>:
LENGTH=9200
elapsed cycles: 1828791
hi(checksum)=0x2E00D222DABE6970
lo(checksum)=0x5174C124573B0A80
key=plain, no.=8, <checksum>:
0x2E00D222DABE69705174C124573B0A80
key=plain, no.=8, cso file:
/dev/null
----------------------------------------------
real command=cset shield -e /home/nrink/Projects/build/encode/encode/tests/array_sum/array_sum.perf.plain --  --cso /dev/null
key=plain, no.=9, <stderr>:
LENGTH=9200
elapsed cycles: 1822410
hi(checksum)=0x2E00D222DABE6970
lo(checksum)=0x5174C124573B0A80
key=plain, no.=9, <checksum>:
0x2E00D222DABE69705174C124573B0A80
key=plain, no.=9, cso file:
/dev/null
----------------------------------------------
real command=cset shield -e /home/nrink/Projects/build/encode/encode/tests/array_sum/array_sum.perf.plain --  --cso /dev/null
key=plain, no.=10, <stderr>:
LENGTH=9200
elapsed cycles: 1823586
hi(checksum)=0x2E00D222DABE6970
lo(checksum)=0x5174C124573B0A80
key=plain, no.=10, <checksum>:
0x2E00D222DABE69705174C124573B0A80
key=plain, no.=10, cso file:
/dev/null
----------------------------------------------
real command=cset shield -e /home/nrink/Projects/build/encode/encode/tests/array_sum/array_sum.perf.plain --  --cso /dev/null
key=plain, no.=11, <stderr>:
LENGTH=9200
elapsed cycles: 1813125
hi(checksum)=0x2E00D222DABE6970
lo(checksum)=0x5174C124573B0A80
key=plain, no.=11, <checksum>:
0x2E00D222DABE69705174C124573B0A80
key=plain, no.=11, cso file:
/dev/null
----------------------------------------------
real command=cset shield -e /home/nrink/Projects/build/encode/encode/tests/array_sum/array_sum.perf.plain --  --cso /dev/null
key=plain, no.=12, <stderr>:
LENGTH=9200
elapsed cycles: 1946133
hi(checksum)=0x2E00D222DABE6970
lo(checksum)=0x5174C124573B0A80
key=plain, no.=12, <checksum>:
0x2E00D222DABE69705174C124573B0A80
key=plain, no.=12, cso file:
/dev/null
----------------------------------------------
real command=cset shield -e /home/nrink/Projects/build/encode/encode/tests/array_sum/array_sum.perf.plain --  --cso /dev/null
key=plain, no.=13, <stderr>:
LENGTH=9200
elapsed cycles: 1818861
hi(checksum)=0x2E00D222DABE6970
lo(checksum)=0x5174C124573B0A80
key=plain, no.=13, <checksum>:
0x2E00D222DABE69705174C124573B0A80
key=plain, no.=13, cso file:
/dev/null
----------------------------------------------
real command=cset shield -e /home/nrink/Projects/build/encode/encode/tests/array_sum/array_sum.perf.plain --  --cso /dev/null
key=plain, no.=14, <stderr>:
LENGTH=9200
elapsed cycles: 1851126
hi(checksum)=0x2E00D222DABE6970
lo(checksum)=0x5174C124573B0A80
key=plain, no.=14, <checksum>:
0x2E00D222DABE69705174C124573B0A80
key=plain, no.=14, cso file:
/dev/null
----------------------------------------------
real command=cset shield -e /home/nrink/Projects/build/encode/encode/tests/array_sum/array_sum.perf.plain --  --cso /dev/null
key=plain, no.=15, <stderr>:
LENGTH=9200
elapsed cycles: 1967247
hi(checksum)=0x2E00D222DABE6970
lo(checksum)=0x5174C124573B0A80
key=plain, no.=15, <checksum>:
0x2E00D222DABE69705174C124573B0A80
key=plain, no.=15, cso file:
/dev/null
----------------------------------------------
real command=cset shield -e /home/nrink/Projects/build/encode/encode/tests/array_sum/array_sum.perf.plain --  --cso /dev/null
key=plain, no.=16, <stderr>:
LENGTH=9200
elapsed cycles: 1808298
hi(checksum)=0x2E00D222DABE6970
lo(checksum)=0x5174C124573B0A80
key=plain, no.=16, <checksum>:
0x2E00D222DABE69705174C124573B0A80
key=plain, no.=16, cso file:
/dev/null
----------------------------------------------
real command=cset shield -e /home/nrink/Projects/build/encode/encode/tests/array_sum/array_sum.perf.plain --  --cso /dev/null
key=plain, no.=17, <stderr>:
LENGTH=9200
elapsed cycles: 1808310
hi(checksum)=0x2E00D222DABE6970
lo(checksum)=0x5174C124573B0A80
key=plain, no.=17, <checksum>:
0x2E00D222DABE69705174C124573B0A80
key=plain, no.=17, cso file:
/dev/null
----------------------------------------------
real command=cset shield -e /home/nrink/Projects/build/encode/encode/tests/array_sum/array_sum.perf.plain --  --cso /dev/null
key=plain, no.=18, <stderr>:
LENGTH=9200
elapsed cycles: 1807647
hi(checksum)=0x2E00D222DABE6970
lo(checksum)=0x5174C124573B0A80
key=plain, no.=18, <checksum>:
0x2E00D222DABE69705174C124573B0A80
key=plain, no.=18, cso file:
/dev/null
----------------------------------------------
real command=cset shield -e /home/nrink/Projects/build/encode/encode/tests/array_sum/array_sum.perf.plain --  --cso /dev/null
key=plain, no.=19, <stderr>:
LENGTH=9200
elapsed cycles: 1809411
hi(checksum)=0x2E00D222DABE6970
lo(checksum)=0x5174C124573B0A80
key=plain, no.=19, <checksum>:
0x2E00D222DABE69705174C124573B0A80
key=plain, no.=19, cso file:
/dev/null
----------------------------------------------
real command=cset shield -e /home/nrink/Projects/build/encode/encode/tests/array_sum/array_sum.perf.plain --  --cso /dev/null
key=plain, no.=20, <stderr>:
LENGTH=9200
elapsed cycles: 1808526
hi(checksum)=0x2E00D222DABE6970
lo(checksum)=0x5174C124573B0A80
key=plain, no.=20, <checksum>:
0x2E00D222DABE69705174C124573B0A80
key=plain, no.=20, cso file:
/dev/null
----------------------------------------------
real command=cset shield -e /home/nrink/Projects/build/encode/encode/tests/array_sum/array_sum.perf.plain --  --cso /dev/null
key=plain, no.=21, <stderr>:
LENGTH=9200
elapsed cycles: 1808595
hi(checksum)=0x2E00D222DABE6970
lo(checksum)=0x5174C124573B0A80
key=plain, no.=21, <checksum>:
0x2E00D222DABE69705174C124573B0A80
key=plain, no.=21, cso file:
/dev/null
----------------------------------------------
real command=cset shield -e /home/nrink/Projects/build/encode/encode/tests/array_sum/array_sum.perf.plain --  --cso /dev/null
key=plain, no.=22, <stderr>:
LENGTH=9200
elapsed cycles: 1808856
hi(checksum)=0x2E00D222DABE6970
lo(checksum)=0x5174C124573B0A80
key=plain, no.=22, <checksum>:
0x2E00D222DABE69705174C124573B0A80
key=plain, no.=22, cso file:
/dev/null
----------------------------------------------
real command=cset shield -e /home/nrink/Projects/build/encode/encode/tests/array_sum/array_sum.perf.plain --  --cso /dev/null
key=plain, no.=23, <stderr>:
LENGTH=9200
elapsed cycles: 1808040
hi(checksum)=0x2E00D222DABE6970
lo(checksum)=0x5174C124573B0A80
key=plain, no.=23, <checksum>:
0x2E00D222DABE69705174C124573B0A80
key=plain, no.=23, cso file:
/dev/null
----------------------------------------------
real command=cset shield -e /home/nrink/Projects/build/encode/encode/tests/array_sum/array_sum.perf.plain --  --cso /dev/null
key=plain, no.=24, <stderr>:
LENGTH=9200
elapsed cycles: 1811583
hi(checksum)=0x2E00D222DABE6970
lo(checksum)=0x5174C124573B0A80
key=plain, no.=24, <checksum>:
0x2E00D222DABE69705174C124573B0A80
key=plain, no.=24, cso file:
/dev/null
----------------------------------------------
real command=cset shield -e /home/nrink/Projects/build/encode/encode/tests/array_sum/array_sum.perf.plain --  --cso /dev/null
key=plain, no.=25, <stderr>:
LENGTH=9200
elapsed cycles: 1913841
hi(checksum)=0x2E00D222DABE6970
lo(checksum)=0x5174C124573B0A80
key=plain, no.=25, <checksum>:
0x2E00D222DABE69705174C124573B0A80
key=plain, no.=25, cso file:
/dev/null
----------------------------------------------
real command=cset shield -e /home/nrink/Projects/build/encode/encode/tests/array_sum/array_sum.perf.plain --  --cso /dev/null
key=plain, no.=26, <stderr>:
LENGTH=9200
elapsed cycles: 1808451
hi(checksum)=0x2E00D222DABE6970
lo(checksum)=0x5174C124573B0A80
key=plain, no.=26, <checksum>:
0x2E00D222DABE69705174C124573B0A80
key=plain, no.=26, cso file:
/dev/null
----------------------------------------------
real command=cset shield -e /home/nrink/Projects/build/encode/encode/tests/array_sum/array_sum.perf.plain --  --cso /dev/null
key=plain, no.=27, <stderr>:
LENGTH=9200
elapsed cycles: 1808523
hi(checksum)=0x2E00D222DABE6970
lo(checksum)=0x5174C124573B0A80
key=plain, no.=27, <checksum>:
0x2E00D222DABE69705174C124573B0A80
key=plain, no.=27, cso file:
/dev/null
----------------------------------------------
real command=cset shield -e /home/nrink/Projects/build/encode/encode/tests/array_sum/array_sum.perf.plain --  --cso /dev/null
key=plain, no.=28, <stderr>:
LENGTH=9200
elapsed cycles: 1807371
hi(checksum)=0x2E00D222DABE6970
lo(checksum)=0x5174C124573B0A80
key=plain, no.=28, <checksum>:
0x2E00D222DABE69705174C124573B0A80
key=plain, no.=28, cso file:
/dev/null
----------------------------------------------
real command=cset shield -e /home/nrink/Projects/build/encode/encode/tests/array_sum/array_sum.perf.plain --  --cso /dev/null
key=plain, no.=29, <stderr>:
LENGTH=9200
elapsed cycles: 1808730
hi(checksum)=0x2E00D222DABE6970
lo(checksum)=0x5174C124573B0A80
key=plain, no.=29, <checksum>:
0x2E00D222DABE69705174C124573B0A80
key=plain, no.=29, cso file:
/dev/null
----------------------------------------------
real command=cset shield -e /home/nrink/Projects/build/encode/encode/tests/array_sum/array_sum.perf.plain --  --cso /dev/null
key=plain, no.=30, <stderr>:
LENGTH=9200
elapsed cycles: 1817421
hi(checksum)=0x2E00D222DABE6970
lo(checksum)=0x5174C124573B0A80
key=plain, no.=30, <checksum>:
0x2E00D222DABE69705174C124573B0A80
key=plain, no.=30, cso file:
/dev/null
----------------------------------------------
real command=cset shield -e /home/nrink/Projects/build/encode/encode/tests/array_sum/array_sum.perf.plain --  --cso /dev/null
key=plain, no.=31, <stderr>:
LENGTH=9200
elapsed cycles: 1809306
hi(checksum)=0x2E00D222DABE6970
lo(checksum)=0x5174C124573B0A80
key=plain, no.=31, <checksum>:
0x2E00D222DABE69705174C124573B0A80
key=plain, no.=31, cso file:
/dev/null
----------------------------------------------
real command=cset shield -e /home/nrink/Projects/build/encode/encode/tests/array_sum/array_sum.perf.plain --  --cso /dev/null
key=plain, no.=32, <stderr>:
LENGTH=9200
elapsed cycles: 1808526
hi(checksum)=0x2E00D222DABE6970
lo(checksum)=0x5174C124573B0A80
key=plain, no.=32, <checksum>:
0x2E00D222DABE69705174C124573B0A80
key=plain, no.=32, cso file:
/dev/null
----------------------------------------------
real command=cset shield -e /home/nrink/Projects/build/encode/encode/tests/array_sum/array_sum.perf.plain --  --cso /dev/null
key=plain, no.=33, <stderr>:
LENGTH=9200
elapsed cycles: 1849488
hi(checksum)=0x2E00D222DABE6970
lo(checksum)=0x5174C124573B0A80
key=plain, no.=33, <checksum>:
0x2E00D222DABE69705174C124573B0A80
key=plain, no.=33, cso file:
/dev/null
----------------------------------------------
real command=cset shield -e /home/nrink/Projects/build/encode/encode/tests/array_sum/array_sum.perf.plain --  --cso /dev/null
key=plain, no.=34, <stderr>:
LENGTH=9200
elapsed cycles: 1886328
hi(checksum)=0x2E00D222DABE6970
lo(checksum)=0x5174C124573B0A80
key=plain, no.=34, <checksum>:
0x2E00D222DABE69705174C124573B0A80
key=plain, no.=34, cso file:
/dev/null
----------------------------------------------
real command=cset shield -e /home/nrink/Projects/build/encode/encode/tests/array_sum/array_sum.perf.plain --  --cso /dev/null
key=plain, no.=35, <stderr>:
LENGTH=9200
elapsed cycles: 1807977
hi(checksum)=0x2E00D222DABE6970
lo(checksum)=0x5174C124573B0A80
key=plain, no.=35, <checksum>:
0x2E00D222DABE69705174C124573B0A80
key=plain, no.=35, cso file:
/dev/null
----------------------------------------------
real command=cset shield -e /home/nrink/Projects/build/encode/encode/tests/array_sum/array_sum.perf.plain --  --cso /dev/null
key=plain, no.=36, <stderr>:
LENGTH=9200
elapsed cycles: 1806822
hi(checksum)=0x2E00D222DABE6970
lo(checksum)=0x5174C124573B0A80
key=plain, no.=36, <checksum>:
0x2E00D222DABE69705174C124573B0A80
key=plain, no.=36, cso file:
/dev/null
----------------------------------------------
real command=cset shield -e /home/nrink/Projects/build/encode/encode/tests/array_sum/array_sum.perf.plain --  --cso /dev/null
key=plain, no.=37, <stderr>:
LENGTH=9200
elapsed cycles: 1808757
hi(checksum)=0x2E00D222DABE6970
lo(checksum)=0x5174C124573B0A80
key=plain, no.=37, <checksum>:
0x2E00D222DABE69705174C124573B0A80
key=plain, no.=37, cso file:
/dev/null
----------------------------------------------
real command=cset shield -e /home/nrink/Projects/build/encode/encode/tests/array_sum/array_sum.perf.plain --  --cso /dev/null
key=plain, no.=38, <stderr>:
LENGTH=9200
elapsed cycles: 1809267
hi(checksum)=0x2E00D222DABE6970
lo(checksum)=0x5174C124573B0A80
key=plain, no.=38, <checksum>:
0x2E00D222DABE69705174C124573B0A80
key=plain, no.=38, cso file:
/dev/null
----------------------------------------------
real command=cset shield -e /home/nrink/Projects/build/encode/encode/tests/array_sum/array_sum.perf.plain --  --cso /dev/null
key=plain, no.=39, <stderr>:
LENGTH=9200
elapsed cycles: 1829451
hi(checksum)=0x2E00D222DABE6970
lo(checksum)=0x5174C124573B0A80
key=plain, no.=39, <checksum>:
0x2E00D222DABE69705174C124573B0A80
key=plain, no.=39, cso file:
/dev/null
----------------------------------------------
real command=cset shield -e /home/nrink/Projects/build/encode/encode/tests/array_sum/array_sum.perf.plain --  --cso /dev/null
key=plain, no.=40, <stderr>:
LENGTH=9200
elapsed cycles: 1808319
hi(checksum)=0x2E00D222DABE6970
lo(checksum)=0x5174C124573B0A80
key=plain, no.=40, <checksum>:
0x2E00D222DABE69705174C124573B0A80
key=plain, no.=40, cso file:
/dev/null
----------------------------------------------
real command=cset shield -e /home/nrink/Projects/build/encode/encode/tests/array_sum/array_sum.perf.plain --  --cso /dev/null
key=plain, no.=41, <stderr>:
LENGTH=9200
elapsed cycles: 1808526
hi(checksum)=0x2E00D222DABE6970
lo(checksum)=0x5174C124573B0A80
key=plain, no.=41, <checksum>:
0x2E00D222DABE69705174C124573B0A80
key=plain, no.=41, cso file:
/dev/null
----------------------------------------------
real command=cset shield -e /home/nrink/Projects/build/encode/encode/tests/array_sum/array_sum.perf.plain --  --cso /dev/null
key=plain, no.=42, <stderr>:
LENGTH=9200
elapsed cycles: 1808091
hi(checksum)=0x2E00D222DABE6970
lo(checksum)=0x5174C124573B0A80
key=plain, no.=42, <checksum>:
0x2E00D222DABE69705174C124573B0A80
key=plain, no.=42, cso file:
/dev/null
----------------------------------------------
real command=cset shield -e /home/nrink/Projects/build/encode/encode/tests/array_sum/array_sum.perf.plain --  --cso /dev/null
key=plain, no.=43, <stderr>:
LENGTH=9200
elapsed cycles: 1809009
hi(checksum)=0x2E00D222DABE6970
lo(checksum)=0x5174C124573B0A80
key=plain, no.=43, <checksum>:
0x2E00D222DABE69705174C124573B0A80
key=plain, no.=43, cso file:
/dev/null
----------------------------------------------
real command=cset shield -e /home/nrink/Projects/build/encode/encode/tests/array_sum/array_sum.perf.plain --  --cso /dev/null
key=plain, no.=44, <stderr>:
LENGTH=9200
elapsed cycles: 1807896
hi(checksum)=0x2E00D222DABE6970
lo(checksum)=0x5174C124573B0A80
key=plain, no.=44, <checksum>:
0x2E00D222DABE69705174C124573B0A80
key=plain, no.=44, cso file:
/dev/null
----------------------------------------------
real command=cset shield -e /home/nrink/Projects/build/encode/encode/tests/array_sum/array_sum.perf.plain --  --cso /dev/null
key=plain, no.=45, <stderr>:
LENGTH=9200
elapsed cycles: 1807434
hi(checksum)=0x2E00D222DABE6970
lo(checksum)=0x5174C124573B0A80
key=plain, no.=45, <checksum>:
0x2E00D222DABE69705174C124573B0A80
key=plain, no.=45, cso file:
/dev/null
----------------------------------------------
real command=cset shield -e /home/nrink/Projects/build/encode/encode/tests/array_sum/array_sum.perf.plain --  --cso /dev/null
key=plain, no.=46, <stderr>:
LENGTH=9200
elapsed cycles: 1808637
hi(checksum)=0x2E00D222DABE6970
lo(checksum)=0x5174C124573B0A80
key=plain, no.=46, <checksum>:
0x2E00D222DABE69705174C124573B0A80
key=plain, no.=46, cso file:
/dev/null
----------------------------------------------
real command=cset shield -e /home/nrink/Projects/build/encode/encode/tests/array_sum/array_sum.perf.plain --  --cso /dev/null
key=plain, no.=47, <stderr>:
LENGTH=9200
elapsed cycles: 1807251
hi(checksum)=0x2E00D222DABE6970
lo(checksum)=0x5174C124573B0A80
key=plain, no.=47, <checksum>:
0x2E00D222DABE69705174C124573B0A80
key=plain, no.=47, cso file:
/dev/null
----------------------------------------------
real command=cset shield -e /home/nrink/Projects/build/encode/encode/tests/array_sum/array_sum.perf.plain --  --cso /dev/null
key=plain, no.=48, <stderr>:
LENGTH=9200
elapsed cycles: 1808169
hi(checksum)=0x2E00D222DABE6970
lo(checksum)=0x5174C124573B0A80
key=plain, no.=48, <checksum>:
0x2E00D222DABE69705174C124573B0A80
key=plain, no.=48, cso file:
/dev/null
----------------------------------------------
real command=cset shield -e /home/nrink/Projects/build/encode/encode/tests/array_sum/array_sum.perf.plain --  --cso /dev/null
key=plain, no.=49, <stderr>:
LENGTH=9200
elapsed cycles: 1807554
hi(checksum)=0x2E00D222DABE6970
lo(checksum)=0x5174C124573B0A80
key=plain, no.=49, <checksum>:
0x2E00D222DABE69705174C124573B0A80
key=plain, no.=49, cso file:
/dev/null
----------------------------------------------
real command=cset shield -e /home/nrink/Projects/build/encode/encode/tests/array_sum/array_sum.perf.plain --  --cso /dev/null
key=plain, no.=50, <stderr>:
LENGTH=9200
elapsed cycles: 1809849
hi(checksum)=0x2E00D222DABE6970
lo(checksum)=0x5174C124573B0A80
key=plain, no.=50, <checksum>:
0x2E00D222DABE69705174C124573B0A80
key=plain, no.=50, cso file:
/dev/null
----------------------------------------------
real command=cset shield -e /home/nrink/Projects/build/encode/encode/tests/array_sum/array_sum.perf.plain --  --cso /dev/null
key=plain, no.=51, <stderr>:
LENGTH=9200
elapsed cycles: 1809003
hi(checksum)=0x2E00D222DABE6970
lo(checksum)=0x5174C124573B0A80
key=plain, no.=51, <checksum>:
0x2E00D222DABE69705174C124573B0A80
key=plain, no.=51, cso file:
/dev/null
----------------------------------------------
real command=cset shield -e /home/nrink/Projects/build/encode/encode/tests/array_sum/array_sum.perf.plain --  --cso /dev/null
key=plain, no.=52, <stderr>:
LENGTH=9200
elapsed cycles: 1813182
hi(checksum)=0x2E00D222DABE6970
lo(checksum)=0x5174C124573B0A80
key=plain, no.=52, <checksum>:
0x2E00D222DABE69705174C124573B0A80
key=plain, no.=52, cso file:
/dev/null
----------------------------------------------
real command=cset shield -e /home/nrink/Projects/build/encode/encode/tests/array_sum/array_sum.perf.plain --  --cso /dev/null
key=plain, no.=53, <stderr>:
LENGTH=9200
elapsed cycles: 1808130
hi(checksum)=0x2E00D222DABE6970
lo(checksum)=0x5174C124573B0A80
key=plain, no.=53, <checksum>:
0x2E00D222DABE69705174C124573B0A80
key=plain, no.=53, cso file:
/dev/null
----------------------------------------------
real command=cset shield -e /home/nrink/Projects/build/encode/encode/tests/array_sum/array_sum.perf.plain --  --cso /dev/null
key=plain, no.=54, <stderr>:
LENGTH=9200
elapsed cycles: 1808754
hi(checksum)=0x2E00D222DABE6970
lo(checksum)=0x5174C124573B0A80
key=plain, no.=54, <checksum>:
0x2E00D222DABE69705174C124573B0A80
key=plain, no.=54, cso file:
/dev/null
----------------------------------------------
real command=cset shield -e /home/nrink/Projects/build/encode/encode/tests/array_sum/array_sum.perf.plain --  --cso /dev/null
key=plain, no.=55, <stderr>:
LENGTH=9200
elapsed cycles: 1999755
hi(checksum)=0x2E00D222DABE6970
lo(checksum)=0x5174C124573B0A80
key=plain, no.=55, <checksum>:
0x2E00D222DABE69705174C124573B0A80
key=plain, no.=55, cso file:
/dev/null
----------------------------------------------
real command=cset shield -e /home/nrink/Projects/build/encode/encode/tests/array_sum/array_sum.perf.plain --  --cso /dev/null
key=plain, no.=56, <stderr>:
LENGTH=9200
elapsed cycles: 1807299
hi(checksum)=0x2E00D222DABE6970
lo(checksum)=0x5174C124573B0A80
key=plain, no.=56, <checksum>:
0x2E00D222DABE69705174C124573B0A80
key=plain, no.=56, cso file:
/dev/null
----------------------------------------------
real command=cset shield -e /home/nrink/Projects/build/encode/encode/tests/array_sum/array_sum.perf.plain --  --cso /dev/null
key=plain, no.=57, <stderr>:
LENGTH=9200
elapsed cycles: 1807809
hi(checksum)=0x2E00D222DABE6970
lo(checksum)=0x5174C124573B0A80
key=plain, no.=57, <checksum>:
0x2E00D222DABE69705174C124573B0A80
key=plain, no.=57, cso file:
/dev/null
----------------------------------------------
real command=cset shield -e /home/nrink/Projects/build/encode/encode/tests/array_sum/array_sum.perf.plain --  --cso /dev/null
key=plain, no.=58, <stderr>:
LENGTH=9200
elapsed cycles: 1808841
hi(checksum)=0x2E00D222DABE6970
lo(checksum)=0x5174C124573B0A80
key=plain, no.=58, <checksum>:
0x2E00D222DABE69705174C124573B0A80
key=plain, no.=58, cso file:
/dev/null
----------------------------------------------
real command=cset shield -e /home/nrink/Projects/build/encode/encode/tests/array_sum/array_sum.perf.plain --  --cso /dev/null
key=plain, no.=59, <stderr>:
LENGTH=9200
elapsed cycles: 1823868
hi(checksum)=0x2E00D222DABE6970
lo(checksum)=0x5174C124573B0A80
key=plain, no.=59, <checksum>:
0x2E00D222DABE69705174C124573B0A80
key=plain, no.=59, cso file:
/dev/null
----------------------------------------------
real command=cset shield -e /home/nrink/Projects/build/encode/encode/tests/array_sum/array_sum.perf.plain --  --cso /dev/null
key=plain, no.=60, <stderr>:
LENGTH=9200
elapsed cycles: 1817142
hi(checksum)=0x2E00D222DABE6970
lo(checksum)=0x5174C124573B0A80
key=plain, no.=60, <checksum>:
0x2E00D222DABE69705174C124573B0A80
key=plain, no.=60, cso file:
/dev/null
----------------------------------------------
real command=cset shield -e /home/nrink/Projects/build/encode/encode/tests/array_sum/array_sum.perf.plain --  --cso /dev/null
key=plain, no.=61, <stderr>:
LENGTH=9200
elapsed cycles: 1818411
hi(checksum)=0x2E00D222DABE6970
lo(checksum)=0x5174C124573B0A80
key=plain, no.=61, <checksum>:
0x2E00D222DABE69705174C124573B0A80
key=plain, no.=61, cso file:
/dev/null
----------------------------------------------
real command=cset shield -e /home/nrink/Projects/build/encode/encode/tests/array_sum/array_sum.perf.plain --  --cso /dev/null
key=plain, no.=62, <stderr>:
LENGTH=9200
elapsed cycles: 2003724
hi(checksum)=0x2E00D222DABE6970
lo(checksum)=0x5174C124573B0A80
key=plain, no.=62, <checksum>:
0x2E00D222DABE69705174C124573B0A80
key=plain, no.=62, cso file:
/dev/null
----------------------------------------------
real command=cset shield -e /home/nrink/Projects/build/encode/encode/tests/array_sum/array_sum.perf.plain --  --cso /dev/null
key=plain, no.=63, <stderr>:
LENGTH=9200
elapsed cycles: 1860693
hi(checksum)=0x2E00D222DABE6970
lo(checksum)=0x5174C124573B0A80
key=plain, no.=63, <checksum>:
0x2E00D222DABE69705174C124573B0A80
key=plain, no.=63, cso file:
/dev/null
----------------------------------------------
real command=cset shield -e /home/nrink/Projects/build/encode/encode/tests/array_sum/array_sum.perf.plain --  --cso /dev/null
key=plain, no.=64, <stderr>:
LENGTH=9200
elapsed cycles: 1808172
hi(checksum)=0x2E00D222DABE6970
lo(checksum)=0x5174C124573B0A80
key=plain, no.=64, <checksum>:
0x2E00D222DABE69705174C124573B0A80
key=plain, no.=64, cso file:
/dev/null
----------------------------------------------
real command=cset shield -e /home/nrink/Projects/build/encode/encode/tests/array_sum/array_sum.perf.plain --  --cso /dev/null
key=plain, no.=65, <stderr>:
LENGTH=9200
elapsed cycles: 1807755
hi(checksum)=0x2E00D222DABE6970
lo(checksum)=0x5174C124573B0A80
key=plain, no.=65, <checksum>:
0x2E00D222DABE69705174C124573B0A80
key=plain, no.=65, cso file:
/dev/null
----------------------------------------------
real command=cset shield -e /home/nrink/Projects/build/encode/encode/tests/array_sum/array_sum.perf.plain --  --cso /dev/null
key=plain, no.=66, <stderr>:
LENGTH=9200
elapsed cycles: 1808943
hi(checksum)=0x2E00D222DABE6970
lo(checksum)=0x5174C124573B0A80
key=plain, no.=66, <checksum>:
0x2E00D222DABE69705174C124573B0A80
key=plain, no.=66, cso file:
/dev/null
----------------------------------------------
real command=cset shield -e /home/nrink/Projects/build/encode/encode/tests/array_sum/array_sum.perf.plain --  --cso /dev/null
key=plain, no.=67, <stderr>:
LENGTH=9200
elapsed cycles: 1806897
hi(checksum)=0x2E00D222DABE6970
lo(checksum)=0x5174C124573B0A80
key=plain, no.=67, <checksum>:
0x2E00D222DABE69705174C124573B0A80
key=plain, no.=67, cso file:
/dev/null
----------------------------------------------
real command=cset shield -e /home/nrink/Projects/build/encode/encode/tests/array_sum/array_sum.perf.plain --  --cso /dev/null
key=plain, no.=68, <stderr>:
LENGTH=9200
elapsed cycles: 1808772
hi(checksum)=0x2E00D222DABE6970
lo(checksum)=0x5174C124573B0A80
key=plain, no.=68, <checksum>:
0x2E00D222DABE69705174C124573B0A80
key=plain, no.=68, cso file:
/dev/null
----------------------------------------------
real command=cset shield -e /home/nrink/Projects/build/encode/encode/tests/array_sum/array_sum.perf.plain --  --cso /dev/null
key=plain, no.=69, <stderr>:
LENGTH=9200
elapsed cycles: 1807404
hi(checksum)=0x2E00D222DABE6970
lo(checksum)=0x5174C124573B0A80
key=plain, no.=69, <checksum>:
0x2E00D222DABE69705174C124573B0A80
key=plain, no.=69, cso file:
/dev/null
----------------------------------------------
real command=cset shield -e /home/nrink/Projects/build/encode/encode/tests/array_sum/array_sum.perf.plain --  --cso /dev/null
key=plain, no.=70, <stderr>:
LENGTH=9200
elapsed cycles: 2000565
hi(checksum)=0x2E00D222DABE6970
lo(checksum)=0x5174C124573B0A80
key=plain, no.=70, <checksum>:
0x2E00D222DABE69705174C124573B0A80
key=plain, no.=70, cso file:
/dev/null
----------------------------------------------
real command=cset shield -e /home/nrink/Projects/build/encode/encode/tests/array_sum/array_sum.perf.plain --  --cso /dev/null
key=plain, no.=71, <stderr>:
LENGTH=9200
elapsed cycles: 1808868
hi(checksum)=0x2E00D222DABE6970
lo(checksum)=0x5174C124573B0A80
key=plain, no.=71, <checksum>:
0x2E00D222DABE69705174C124573B0A80
key=plain, no.=71, cso file:
/dev/null
----------------------------------------------
real command=cset shield -e /home/nrink/Projects/build/encode/encode/tests/array_sum/array_sum.perf.plain --  --cso /dev/null
key=plain, no.=72, <stderr>:
LENGTH=9200
elapsed cycles: 1817253
hi(checksum)=0x2E00D222DABE6970
lo(checksum)=0x5174C124573B0A80
key=plain, no.=72, <checksum>:
0x2E00D222DABE69705174C124573B0A80
key=plain, no.=72, cso file:
/dev/null
----------------------------------------------
real command=cset shield -e /home/nrink/Projects/build/encode/encode/tests/array_sum/array_sum.perf.plain --  --cso /dev/null
key=plain, no.=73, <stderr>:
LENGTH=9200
elapsed cycles: 1967118
hi(checksum)=0x2E00D222DABE6970
lo(checksum)=0x5174C124573B0A80
key=plain, no.=73, <checksum>:
0x2E00D222DABE69705174C124573B0A80
key=plain, no.=73, cso file:
/dev/null
----------------------------------------------
real command=cset shield -e /home/nrink/Projects/build/encode/encode/tests/array_sum/array_sum.perf.plain --  --cso /dev/null
key=plain, no.=74, <stderr>:
LENGTH=9200
elapsed cycles: 1808919
hi(checksum)=0x2E00D222DABE6970
lo(checksum)=0x5174C124573B0A80
key=plain, no.=74, <checksum>:
0x2E00D222DABE69705174C124573B0A80
key=plain, no.=74, cso file:
/dev/null
----------------------------------------------
real command=cset shield -e /home/nrink/Projects/build/encode/encode/tests/array_sum/array_sum.perf.plain --  --cso /dev/null
key=plain, no.=75, <stderr>:
LENGTH=9200
elapsed cycles: 1808979
hi(checksum)=0x2E00D222DABE6970
lo(checksum)=0x5174C124573B0A80
key=plain, no.=75, <checksum>:
0x2E00D222DABE69705174C124573B0A80
key=plain, no.=75, cso file:
/dev/null
----------------------------------------------
real command=cset shield -e /home/nrink/Projects/build/encode/encode/tests/array_sum/array_sum.perf.plain --  --cso /dev/null
key=plain, no.=76, <stderr>:
LENGTH=9200
elapsed cycles: 1834200
hi(checksum)=0x2E00D222DABE6970
lo(checksum)=0x5174C124573B0A80
key=plain, no.=76, <checksum>:
0x2E00D222DABE69705174C124573B0A80
key=plain, no.=76, cso file:
/dev/null
----------------------------------------------
real command=cset shield -e /home/nrink/Projects/build/encode/encode/tests/array_sum/array_sum.perf.plain --  --cso /dev/null
key=plain, no.=77, <stderr>:
LENGTH=9200
elapsed cycles: 1815816
hi(checksum)=0x2E00D222DABE6970
lo(checksum)=0x5174C124573B0A80
key=plain, no.=77, <checksum>:
0x2E00D222DABE69705174C124573B0A80
key=plain, no.=77, cso file:
/dev/null
----------------------------------------------
real command=cset shield -e /home/nrink/Projects/build/encode/encode/tests/array_sum/array_sum.perf.plain --  --cso /dev/null
key=plain, no.=78, <stderr>:
LENGTH=9200
elapsed cycles: 1808808
hi(checksum)=0x2E00D222DABE6970
lo(checksum)=0x5174C124573B0A80
key=plain, no.=78, <checksum>:
0x2E00D222DABE69705174C124573B0A80
key=plain, no.=78, cso file:
/dev/null
----------------------------------------------
real command=cset shield -e /home/nrink/Projects/build/encode/encode/tests/array_sum/array_sum.perf.plain --  --cso /dev/null
key=plain, no.=79, <stderr>:
LENGTH=9200
elapsed cycles: 1809507
hi(checksum)=0x2E00D222DABE6970
lo(checksum)=0x5174C124573B0A80
key=plain, no.=79, <checksum>:
0x2E00D222DABE69705174C124573B0A80
key=plain, no.=79, cso file:
/dev/null
----------------------------------------------
real command=cset shield -e /home/nrink/Projects/build/encode/encode/tests/array_sum/array_sum.perf.plain --  --cso /dev/null
key=plain, no.=80, <stderr>:
LENGTH=9200
elapsed cycles: 1808913
hi(checksum)=0x2E00D222DABE6970
lo(checksum)=0x5174C124573B0A80
key=plain, no.=80, <checksum>:
0x2E00D222DABE69705174C124573B0A80
key=plain, no.=80, cso file:
/dev/null
----------------------------------------------
real command=cset shield -e /home/nrink/Projects/build/encode/encode/tests/array_sum/array_sum.perf.plain --  --cso /dev/null
key=plain, no.=81, <stderr>:
LENGTH=9200
elapsed cycles: 1926699
hi(checksum)=0x2E00D222DABE6970
lo(checksum)=0x5174C124573B0A80
key=plain, no.=81, <checksum>:
0x2E00D222DABE69705174C124573B0A80
key=plain, no.=81, cso file:
/dev/null
----------------------------------------------
real command=cset shield -e /home/nrink/Projects/build/encode/encode/tests/array_sum/array_sum.perf.plain --  --cso /dev/null
key=plain, no.=82, <stderr>:
LENGTH=9200
elapsed cycles: 1808766
hi(checksum)=0x2E00D222DABE6970
lo(checksum)=0x5174C124573B0A80
key=plain, no.=82, <checksum>:
0x2E00D222DABE69705174C124573B0A80
key=plain, no.=82, cso file:
/dev/null
----------------------------------------------
real command=cset shield -e /home/nrink/Projects/build/encode/encode/tests/array_sum/array_sum.perf.plain --  --cso /dev/null
key=plain, no.=83, <stderr>:
LENGTH=9200
elapsed cycles: 1809105
hi(checksum)=0x2E00D222DABE6970
lo(checksum)=0x5174C124573B0A80
key=plain, no.=83, <checksum>:
0x2E00D222DABE69705174C124573B0A80
key=plain, no.=83, cso file:
/dev/null
----------------------------------------------
real command=cset shield -e /home/nrink/Projects/build/encode/encode/tests/array_sum/array_sum.perf.plain --  --cso /dev/null
key=plain, no.=84, <stderr>:
LENGTH=9200
elapsed cycles: 1807992
hi(checksum)=0x2E00D222DABE6970
lo(checksum)=0x5174C124573B0A80
key=plain, no.=84, <checksum>:
0x2E00D222DABE69705174C124573B0A80
key=plain, no.=84, cso file:
/dev/null
----------------------------------------------
real command=cset shield -e /home/nrink/Projects/build/encode/encode/tests/array_sum/array_sum.perf.plain --  --cso /dev/null
key=plain, no.=85, <stderr>:
LENGTH=9200
elapsed cycles: 1808412
hi(checksum)=0x2E00D222DABE6970
lo(checksum)=0x5174C124573B0A80
key=plain, no.=85, <checksum>:
0x2E00D222DABE69705174C124573B0A80
key=plain, no.=85, cso file:
/dev/null
----------------------------------------------
real command=cset shield -e /home/nrink/Projects/build/encode/encode/tests/array_sum/array_sum.perf.plain --  --cso /dev/null
key=plain, no.=86, <stderr>:
LENGTH=9200
elapsed cycles: 1807707
hi(checksum)=0x2E00D222DABE6970
lo(checksum)=0x5174C124573B0A80
key=plain, no.=86, <checksum>:
0x2E00D222DABE69705174C124573B0A80
key=plain, no.=86, cso file:
/dev/null
----------------------------------------------
real command=cset shield -e /home/nrink/Projects/build/encode/encode/tests/array_sum/array_sum.perf.plain --  --cso /dev/null
key=plain, no.=87, <stderr>:
LENGTH=9200
elapsed cycles: 1806945
hi(checksum)=0x2E00D222DABE6970
lo(checksum)=0x5174C124573B0A80
key=plain, no.=87, <checksum>:
0x2E00D222DABE69705174C124573B0A80
key=plain, no.=87, cso file:
/dev/null
----------------------------------------------
real command=cset shield -e /home/nrink/Projects/build/encode/encode/tests/array_sum/array_sum.perf.plain --  --cso /dev/null
key=plain, no.=88, <stderr>:
LENGTH=9200
elapsed cycles: 1807662
hi(checksum)=0x2E00D222DABE6970
lo(checksum)=0x5174C124573B0A80
key=plain, no.=88, <checksum>:
0x2E00D222DABE69705174C124573B0A80
key=plain, no.=88, cso file:
/dev/null
----------------------------------------------
real command=cset shield -e /home/nrink/Projects/build/encode/encode/tests/array_sum/array_sum.perf.plain --  --cso /dev/null
key=plain, no.=89, <stderr>:
LENGTH=9200
elapsed cycles: 1809762
hi(checksum)=0x2E00D222DABE6970
lo(checksum)=0x5174C124573B0A80
key=plain, no.=89, <checksum>:
0x2E00D222DABE69705174C124573B0A80
key=plain, no.=89, cso file:
/dev/null
----------------------------------------------
real command=cset shield -e /home/nrink/Projects/build/encode/encode/tests/array_sum/array_sum.perf.plain --  --cso /dev/null
key=plain, no.=90, <stderr>:
LENGTH=9200
elapsed cycles: 1884591
hi(checksum)=0x2E00D222DABE6970
lo(checksum)=0x5174C124573B0A80
key=plain, no.=90, <checksum>:
0x2E00D222DABE69705174C124573B0A80
key=plain, no.=90, cso file:
/dev/null
----------------------------------------------
real command=cset shield -e /home/nrink/Projects/build/encode/encode/tests/array_sum/array_sum.perf.plain --  --cso /dev/null
key=plain, no.=91, <stderr>:
LENGTH=9200
elapsed cycles: 1809099
hi(checksum)=0x2E00D222DABE6970
lo(checksum)=0x5174C124573B0A80
key=plain, no.=91, <checksum>:
0x2E00D222DABE69705174C124573B0A80
key=plain, no.=91, cso file:
/dev/null
----------------------------------------------
real command=cset shield -e /home/nrink/Projects/build/encode/encode/tests/array_sum/array_sum.perf.plain --  --cso /dev/null
key=plain, no.=92, <stderr>:
LENGTH=9200
elapsed cycles: 1809564
hi(checksum)=0x2E00D222DABE6970
lo(checksum)=0x5174C124573B0A80
key=plain, no.=92, <checksum>:
0x2E00D222DABE69705174C124573B0A80
key=plain, no.=92, cso file:
/dev/null
----------------------------------------------
real command=cset shield -e /home/nrink/Projects/build/encode/encode/tests/array_sum/array_sum.perf.plain --  --cso /dev/null
key=plain, no.=93, <stderr>:
LENGTH=9200
elapsed cycles: 1816140
hi(checksum)=0x2E00D222DABE6970
lo(checksum)=0x5174C124573B0A80
key=plain, no.=93, <checksum>:
0x2E00D222DABE69705174C124573B0A80
key=plain, no.=93, cso file:
/dev/null
----------------------------------------------
real command=cset shield -e /home/nrink/Projects/build/encode/encode/tests/array_sum/array_sum.perf.plain --  --cso /dev/null
key=plain, no.=94, <stderr>:
LENGTH=9200
elapsed cycles: 1811889
hi(checksum)=0x2E00D222DABE6970
lo(checksum)=0x5174C124573B0A80
key=plain, no.=94, <checksum>:
0x2E00D222DABE69705174C124573B0A80
key=plain, no.=94, cso file:
/dev/null
----------------------------------------------
real command=cset shield -e /home/nrink/Projects/build/encode/encode/tests/array_sum/array_sum.perf.plain --  --cso /dev/null
key=plain, no.=95, <stderr>:
LENGTH=9200
elapsed cycles: 1848207
hi(checksum)=0x2E00D222DABE6970
lo(checksum)=0x5174C124573B0A80
key=plain, no.=95, <checksum>:
0x2E00D222DABE69705174C124573B0A80
key=plain, no.=95, cso file:
/dev/null
----------------------------------------------
real command=cset shield -e /home/nrink/Projects/build/encode/encode/tests/array_sum/array_sum.perf.plain --  --cso /dev/null
key=plain, no.=96, <stderr>:
LENGTH=9200
elapsed cycles: 1848057
hi(checksum)=0x2E00D222DABE6970
lo(checksum)=0x5174C124573B0A80
key=plain, no.=96, <checksum>:
0x2E00D222DABE69705174C124573B0A80
key=plain, no.=96, cso file:
/dev/null
----------------------------------------------
real command=cset shield -e /home/nrink/Projects/build/encode/encode/tests/array_sum/array_sum.perf.plain --  --cso /dev/null
key=plain, no.=97, <stderr>:
LENGTH=9200
elapsed cycles: 1810008
hi(checksum)=0x2E00D222DABE6970
lo(checksum)=0x5174C124573B0A80
key=plain, no.=97, <checksum>:
0x2E00D222DABE69705174C124573B0A80
key=plain, no.=97, cso file:
/dev/null
----------------------------------------------
real command=cset shield -e /home/nrink/Projects/build/encode/encode/tests/array_sum/array_sum.perf.plain --  --cso /dev/null
key=plain, no.=98, <stderr>:
LENGTH=9200
elapsed cycles: 1884327
hi(checksum)=0x2E00D222DABE6970
lo(checksum)=0x5174C124573B0A80
key=plain, no.=98, <checksum>:
0x2E00D222DABE69705174C124573B0A80
key=plain, no.=98, cso file:
/dev/null
----------------------------------------------
real command=cset shield -e /home/nrink/Projects/build/encode/encode/tests/array_sum/array_sum.perf.plain --  --cso /dev/null
key=plain, no.=99, <stderr>:
LENGTH=9200
elapsed cycles: 1843341
hi(checksum)=0x2E00D222DABE6970
lo(checksum)=0x5174C124573B0A80
key=plain, no.=99, <checksum>:
0x2E00D222DABE69705174C124573B0A80
key=plain, no.=99, cso file:
/dev/null
----------------------------------------------
key=encoded, runs=100 ...
command=/home/nrink/Projects/build/encode/encode/tests/array_sum/array_sum.perf.encoded
----------------------------------------------
real command=cset shield -e /home/nrink/Projects/build/encode/encode/tests/array_sum/array_sum.perf.encoded --  --cso /dev/null
key=encoded, no.=0, <stderr>:
LENGTH=9200
elapsed cycles: 6473049
hi(checksum)=0x2E00D222DABE6970
lo(checksum)=0x5174C124573B0A80
key=encoded, no.=0, <checksum>:
0x2E00D222DABE69705174C124573B0A80
key=encoded, no.=0, cso file:
/dev/null
----------------------------------------------
real command=cset shield -e /home/nrink/Projects/build/encode/encode/tests/array_sum/array_sum.perf.encoded --  --cso /dev/null
key=encoded, no.=1, <stderr>:
LENGTH=9200
elapsed cycles: 6399138
hi(checksum)=0x2E00D222DABE6970
lo(checksum)=0x5174C124573B0A80
key=encoded, no.=1, <checksum>:
0x2E00D222DABE69705174C124573B0A80
key=encoded, no.=1, cso file:
/dev/null
----------------------------------------------
real command=cset shield -e /home/nrink/Projects/build/encode/encode/tests/array_sum/array_sum.perf.encoded --  --cso /dev/null
key=encoded, no.=2, <stderr>:
LENGTH=9200
elapsed cycles: 6360711
hi(checksum)=0x2E00D222DABE6970
lo(checksum)=0x5174C124573B0A80
key=encoded, no.=2, <checksum>:
0x2E00D222DABE69705174C124573B0A80
key=encoded, no.=2, cso file:
/dev/null
----------------------------------------------
real command=cset shield -e /home/nrink/Projects/build/encode/encode/tests/array_sum/array_sum.perf.encoded --  --cso /dev/null
key=encoded, no.=3, <stderr>:
LENGTH=9200
elapsed cycles: 7233600
hi(checksum)=0x2E00D222DABE6970
lo(checksum)=0x5174C124573B0A80
key=encoded, no.=3, <checksum>:
0x2E00D222DABE69705174C124573B0A80
key=encoded, no.=3, cso file:
/dev/null
----------------------------------------------
real command=cset shield -e /home/nrink/Projects/build/encode/encode/tests/array_sum/array_sum.perf.encoded --  --cso /dev/null
key=encoded, no.=4, <stderr>:
LENGTH=9200
elapsed cycles: 6358020
hi(checksum)=0x2E00D222DABE6970
lo(checksum)=0x5174C124573B0A80
key=encoded, no.=4, <checksum>:
0x2E00D222DABE69705174C124573B0A80
key=encoded, no.=4, cso file:
/dev/null
----------------------------------------------
real command=cset shield -e /home/nrink/Projects/build/encode/encode/tests/array_sum/array_sum.perf.encoded --  --cso /dev/null
key=encoded, no.=5, <stderr>:
LENGTH=9200
elapsed cycles: 6360480
hi(checksum)=0x2E00D222DABE6970
lo(checksum)=0x5174C124573B0A80
key=encoded, no.=5, <checksum>:
0x2E00D222DABE69705174C124573B0A80
key=encoded, no.=5, cso file:
/dev/null
----------------------------------------------
real command=cset shield -e /home/nrink/Projects/build/encode/encode/tests/array_sum/array_sum.perf.encoded --  --cso /dev/null
key=encoded, no.=6, <stderr>:
LENGTH=9200
elapsed cycles: 6393042
hi(checksum)=0x2E00D222DABE6970
lo(checksum)=0x5174C124573B0A80
key=encoded, no.=6, <checksum>:
0x2E00D222DABE69705174C124573B0A80
key=encoded, no.=6, cso file:
/dev/null
----------------------------------------------
real command=cset shield -e /home/nrink/Projects/build/encode/encode/tests/array_sum/array_sum.perf.encoded --  --cso /dev/null
key=encoded, no.=7, <stderr>:
LENGTH=9200
elapsed cycles: 6358401
hi(checksum)=0x2E00D222DABE6970
lo(checksum)=0x5174C124573B0A80
key=encoded, no.=7, <checksum>:
0x2E00D222DABE69705174C124573B0A80
key=encoded, no.=7, cso file:
/dev/null
----------------------------------------------
real command=cset shield -e /home/nrink/Projects/build/encode/encode/tests/array_sum/array_sum.perf.encoded --  --cso /dev/null
key=encoded, no.=8, <stderr>:
LENGTH=9200
elapsed cycles: 6358479
hi(checksum)=0x2E00D222DABE6970
lo(checksum)=0x5174C124573B0A80
key=encoded, no.=8, <checksum>:
0x2E00D222DABE69705174C124573B0A80
key=encoded, no.=8, cso file:
/dev/null
----------------------------------------------
real command=cset shield -e /home/nrink/Projects/build/encode/encode/tests/array_sum/array_sum.perf.encoded --  --cso /dev/null
key=encoded, no.=9, <stderr>:
LENGTH=9200
elapsed cycles: 6472446
hi(checksum)=0x2E00D222DABE6970
lo(checksum)=0x5174C124573B0A80
key=encoded, no.=9, <checksum>:
0x2E00D222DABE69705174C124573B0A80
key=encoded, no.=9, cso file:
/dev/null
----------------------------------------------
real command=cset shield -e /home/nrink/Projects/build/encode/encode/tests/array_sum/array_sum.perf.encoded --  --cso /dev/null
key=encoded, no.=10, <stderr>:
LENGTH=9200
elapsed cycles: 6365757
hi(checksum)=0x2E00D222DABE6970
lo(checksum)=0x5174C124573B0A80
key=encoded, no.=10, <checksum>:
0x2E00D222DABE69705174C124573B0A80
key=encoded, no.=10, cso file:
/dev/null
----------------------------------------------
real command=cset shield -e /home/nrink/Projects/build/encode/encode/tests/array_sum/array_sum.perf.encoded --  --cso /dev/null
key=encoded, no.=11, <stderr>:
LENGTH=9200
elapsed cycles: 6358416
hi(checksum)=0x2E00D222DABE6970
lo(checksum)=0x5174C124573B0A80
key=encoded, no.=11, <checksum>:
0x2E00D222DABE69705174C124573B0A80
key=encoded, no.=11, cso file:
/dev/null
----------------------------------------------
real command=cset shield -e /home/nrink/Projects/build/encode/encode/tests/array_sum/array_sum.perf.encoded --  --cso /dev/null
key=encoded, no.=12, <stderr>:
LENGTH=9200
elapsed cycles: 6408915
hi(checksum)=0x2E00D222DABE6970
lo(checksum)=0x5174C124573B0A80
key=encoded, no.=12, <checksum>:
0x2E00D222DABE69705174C124573B0A80
key=encoded, no.=12, cso file:
/dev/null
----------------------------------------------
real command=cset shield -e /home/nrink/Projects/build/encode/encode/tests/array_sum/array_sum.perf.encoded --  --cso /dev/null
key=encoded, no.=13, <stderr>:
LENGTH=9200
elapsed cycles: 6360300
hi(checksum)=0x2E00D222DABE6970
lo(checksum)=0x5174C124573B0A80
key=encoded, no.=13, <checksum>:
0x2E00D222DABE69705174C124573B0A80
key=encoded, no.=13, cso file:
/dev/null
----------------------------------------------
real command=cset shield -e /home/nrink/Projects/build/encode/encode/tests/array_sum/array_sum.perf.encoded --  --cso /dev/null
key=encoded, no.=14, <stderr>:
LENGTH=9200
elapsed cycles: 6359232
hi(checksum)=0x2E00D222DABE6970
lo(checksum)=0x5174C124573B0A80
key=encoded, no.=14, <checksum>:
0x2E00D222DABE69705174C124573B0A80
key=encoded, no.=14, cso file:
/dev/null
----------------------------------------------
real command=cset shield -e /home/nrink/Projects/build/encode/encode/tests/array_sum/array_sum.perf.encoded --  --cso /dev/null
key=encoded, no.=15, <stderr>:
LENGTH=9200
elapsed cycles: 6400170
hi(checksum)=0x2E00D222DABE6970
lo(checksum)=0x5174C124573B0A80
key=encoded, no.=15, <checksum>:
0x2E00D222DABE69705174C124573B0A80
key=encoded, no.=15, cso file:
/dev/null
----------------------------------------------
real command=cset shield -e /home/nrink/Projects/build/encode/encode/tests/array_sum/array_sum.perf.encoded --  --cso /dev/null
key=encoded, no.=16, <stderr>:
LENGTH=9200
elapsed cycles: 6364125
hi(checksum)=0x2E00D222DABE6970
lo(checksum)=0x5174C124573B0A80
key=encoded, no.=16, <checksum>:
0x2E00D222DABE69705174C124573B0A80
key=encoded, no.=16, cso file:
/dev/null
----------------------------------------------
real command=cset shield -e /home/nrink/Projects/build/encode/encode/tests/array_sum/array_sum.perf.encoded --  --cso /dev/null
key=encoded, no.=17, <stderr>:
LENGTH=9200
elapsed cycles: 6436320
hi(checksum)=0x2E00D222DABE6970
lo(checksum)=0x5174C124573B0A80
key=encoded, no.=17, <checksum>:
0x2E00D222DABE69705174C124573B0A80
key=encoded, no.=17, cso file:
/dev/null
----------------------------------------------
real command=cset shield -e /home/nrink/Projects/build/encode/encode/tests/array_sum/array_sum.perf.encoded --  --cso /dev/null
key=encoded, no.=18, <stderr>:
LENGTH=9200
elapsed cycles: 6476205
hi(checksum)=0x2E00D222DABE6970
lo(checksum)=0x5174C124573B0A80
key=encoded, no.=18, <checksum>:
0x2E00D222DABE69705174C124573B0A80
key=encoded, no.=18, cso file:
/dev/null
----------------------------------------------
real command=cset shield -e /home/nrink/Projects/build/encode/encode/tests/array_sum/array_sum.perf.encoded --  --cso /dev/null
key=encoded, no.=19, <stderr>:
LENGTH=9200
elapsed cycles: 6357804
hi(checksum)=0x2E00D222DABE6970
lo(checksum)=0x5174C124573B0A80
key=encoded, no.=19, <checksum>:
0x2E00D222DABE69705174C124573B0A80
key=encoded, no.=19, cso file:
/dev/null
----------------------------------------------
real command=cset shield -e /home/nrink/Projects/build/encode/encode/tests/array_sum/array_sum.perf.encoded --  --cso /dev/null
key=encoded, no.=20, <stderr>:
LENGTH=9200
elapsed cycles: 6389640
hi(checksum)=0x2E00D222DABE6970
lo(checksum)=0x5174C124573B0A80
key=encoded, no.=20, <checksum>:
0x2E00D222DABE69705174C124573B0A80
key=encoded, no.=20, cso file:
/dev/null
----------------------------------------------
real command=cset shield -e /home/nrink/Projects/build/encode/encode/tests/array_sum/array_sum.perf.encoded --  --cso /dev/null
key=encoded, no.=21, <stderr>:
LENGTH=9200
elapsed cycles: 6361017
hi(checksum)=0x2E00D222DABE6970
lo(checksum)=0x5174C124573B0A80
key=encoded, no.=21, <checksum>:
0x2E00D222DABE69705174C124573B0A80
key=encoded, no.=21, cso file:
/dev/null
----------------------------------------------
real command=cset shield -e /home/nrink/Projects/build/encode/encode/tests/array_sum/array_sum.perf.encoded --  --cso /dev/null
key=encoded, no.=22, <stderr>:
LENGTH=9200
elapsed cycles: 6364971
hi(checksum)=0x2E00D222DABE6970
lo(checksum)=0x5174C124573B0A80
key=encoded, no.=22, <checksum>:
0x2E00D222DABE69705174C124573B0A80
key=encoded, no.=22, cso file:
/dev/null
----------------------------------------------
real command=cset shield -e /home/nrink/Projects/build/encode/encode/tests/array_sum/array_sum.perf.encoded --  --cso /dev/null
key=encoded, no.=23, <stderr>:
LENGTH=9200
elapsed cycles: 6439368
hi(checksum)=0x2E00D222DABE6970
lo(checksum)=0x5174C124573B0A80
key=encoded, no.=23, <checksum>:
0x2E00D222DABE69705174C124573B0A80
key=encoded, no.=23, cso file:
/dev/null
----------------------------------------------
real command=cset shield -e /home/nrink/Projects/build/encode/encode/tests/array_sum/array_sum.perf.encoded --  --cso /dev/null
key=encoded, no.=24, <stderr>:
LENGTH=9200
elapsed cycles: 6326001
hi(checksum)=0x2E00D222DABE6970
lo(checksum)=0x5174C124573B0A80
key=encoded, no.=24, <checksum>:
0x2E00D222DABE69705174C124573B0A80
key=encoded, no.=24, cso file:
/dev/null
----------------------------------------------
real command=cset shield -e /home/nrink/Projects/build/encode/encode/tests/array_sum/array_sum.perf.encoded --  --cso /dev/null
key=encoded, no.=25, <stderr>:
LENGTH=9200
elapsed cycles: 6407262
hi(checksum)=0x2E00D222DABE6970
lo(checksum)=0x5174C124573B0A80
key=encoded, no.=25, <checksum>:
0x2E00D222DABE69705174C124573B0A80
key=encoded, no.=25, cso file:
/dev/null
----------------------------------------------
real command=cset shield -e /home/nrink/Projects/build/encode/encode/tests/array_sum/array_sum.perf.encoded --  --cso /dev/null
key=encoded, no.=26, <stderr>:
LENGTH=9200
elapsed cycles: 6395409
hi(checksum)=0x2E00D222DABE6970
lo(checksum)=0x5174C124573B0A80
key=encoded, no.=26, <checksum>:
0x2E00D222DABE69705174C124573B0A80
key=encoded, no.=26, cso file:
/dev/null
----------------------------------------------
real command=cset shield -e /home/nrink/Projects/build/encode/encode/tests/array_sum/array_sum.perf.encoded --  --cso /dev/null
key=encoded, no.=27, <stderr>:
LENGTH=9200
elapsed cycles: 6361173
hi(checksum)=0x2E00D222DABE6970
lo(checksum)=0x5174C124573B0A80
key=encoded, no.=27, <checksum>:
0x2E00D222DABE69705174C124573B0A80
key=encoded, no.=27, cso file:
/dev/null
----------------------------------------------
real command=cset shield -e /home/nrink/Projects/build/encode/encode/tests/array_sum/array_sum.perf.encoded --  --cso /dev/null
key=encoded, no.=28, <stderr>:
LENGTH=9200
elapsed cycles: 6360903
hi(checksum)=0x2E00D222DABE6970
lo(checksum)=0x5174C124573B0A80
key=encoded, no.=28, <checksum>:
0x2E00D222DABE69705174C124573B0A80
key=encoded, no.=28, cso file:
/dev/null
----------------------------------------------
real command=cset shield -e /home/nrink/Projects/build/encode/encode/tests/array_sum/array_sum.perf.encoded --  --cso /dev/null
key=encoded, no.=29, <stderr>:
LENGTH=9200
elapsed cycles: 6394014
hi(checksum)=0x2E00D222DABE6970
lo(checksum)=0x5174C124573B0A80
key=encoded, no.=29, <checksum>:
0x2E00D222DABE69705174C124573B0A80
key=encoded, no.=29, cso file:
/dev/null
----------------------------------------------
real command=cset shield -e /home/nrink/Projects/build/encode/encode/tests/array_sum/array_sum.perf.encoded --  --cso /dev/null
key=encoded, no.=30, <stderr>:
LENGTH=9200
elapsed cycles: 6358818
hi(checksum)=0x2E00D222DABE6970
lo(checksum)=0x5174C124573B0A80
key=encoded, no.=30, <checksum>:
0x2E00D222DABE69705174C124573B0A80
key=encoded, no.=30, cso file:
/dev/null
----------------------------------------------
real command=cset shield -e /home/nrink/Projects/build/encode/encode/tests/array_sum/array_sum.perf.encoded --  --cso /dev/null
key=encoded, no.=31, <stderr>:
LENGTH=9200
elapsed cycles: 6358383
hi(checksum)=0x2E00D222DABE6970
lo(checksum)=0x5174C124573B0A80
key=encoded, no.=31, <checksum>:
0x2E00D222DABE69705174C124573B0A80
key=encoded, no.=31, cso file:
/dev/null
----------------------------------------------
real command=cset shield -e /home/nrink/Projects/build/encode/encode/tests/array_sum/array_sum.perf.encoded --  --cso /dev/null
key=encoded, no.=32, <stderr>:
LENGTH=9200
elapsed cycles: 6487107
hi(checksum)=0x2E00D222DABE6970
lo(checksum)=0x5174C124573B0A80
key=encoded, no.=32, <checksum>:
0x2E00D222DABE69705174C124573B0A80
key=encoded, no.=32, cso file:
/dev/null
----------------------------------------------
real command=cset shield -e /home/nrink/Projects/build/encode/encode/tests/array_sum/array_sum.perf.encoded --  --cso /dev/null
key=encoded, no.=33, <stderr>:
LENGTH=9200
elapsed cycles: 6361707
hi(checksum)=0x2E00D222DABE6970
lo(checksum)=0x5174C124573B0A80
key=encoded, no.=33, <checksum>:
0x2E00D222DABE69705174C124573B0A80
key=encoded, no.=33, cso file:
/dev/null
----------------------------------------------
real command=cset shield -e /home/nrink/Projects/build/encode/encode/tests/array_sum/array_sum.perf.encoded --  --cso /dev/null
key=encoded, no.=34, <stderr>:
LENGTH=9200
elapsed cycles: 6490089
hi(checksum)=0x2E00D222DABE6970
lo(checksum)=0x5174C124573B0A80
key=encoded, no.=34, <checksum>:
0x2E00D222DABE69705174C124573B0A80
key=encoded, no.=34, cso file:
/dev/null
----------------------------------------------
real command=cset shield -e /home/nrink/Projects/build/encode/encode/tests/array_sum/array_sum.perf.encoded --  --cso /dev/null
key=encoded, no.=35, <stderr>:
LENGTH=9200
elapsed cycles: 6359544
hi(checksum)=0x2E00D222DABE6970
lo(checksum)=0x5174C124573B0A80
key=encoded, no.=35, <checksum>:
0x2E00D222DABE69705174C124573B0A80
key=encoded, no.=35, cso file:
/dev/null
----------------------------------------------
real command=cset shield -e /home/nrink/Projects/build/encode/encode/tests/array_sum/array_sum.perf.encoded --  --cso /dev/null
key=encoded, no.=36, <stderr>:
LENGTH=9200
elapsed cycles: 6408330
hi(checksum)=0x2E00D222DABE6970
lo(checksum)=0x5174C124573B0A80
key=encoded, no.=36, <checksum>:
0x2E00D222DABE69705174C124573B0A80
key=encoded, no.=36, cso file:
/dev/null
----------------------------------------------
real command=cset shield -e /home/nrink/Projects/build/encode/encode/tests/array_sum/array_sum.perf.encoded --  --cso /dev/null
key=encoded, no.=37, <stderr>:
LENGTH=9200
elapsed cycles: 6318804
hi(checksum)=0x2E00D222DABE6970
lo(checksum)=0x5174C124573B0A80
key=encoded, no.=37, <checksum>:
0x2E00D222DABE69705174C124573B0A80
key=encoded, no.=37, cso file:
/dev/null
----------------------------------------------
real command=cset shield -e /home/nrink/Projects/build/encode/encode/tests/array_sum/array_sum.perf.encoded --  --cso /dev/null
key=encoded, no.=38, <stderr>:
LENGTH=9200
elapsed cycles: 6402936
hi(checksum)=0x2E00D222DABE6970
lo(checksum)=0x5174C124573B0A80
key=encoded, no.=38, <checksum>:
0x2E00D222DABE69705174C124573B0A80
key=encoded, no.=38, cso file:
/dev/null
----------------------------------------------
real command=cset shield -e /home/nrink/Projects/build/encode/encode/tests/array_sum/array_sum.perf.encoded --  --cso /dev/null
key=encoded, no.=39, <stderr>:
LENGTH=9200
elapsed cycles: 6359583
hi(checksum)=0x2E00D222DABE6970
lo(checksum)=0x5174C124573B0A80
key=encoded, no.=39, <checksum>:
0x2E00D222DABE69705174C124573B0A80
key=encoded, no.=39, cso file:
/dev/null
----------------------------------------------
real command=cset shield -e /home/nrink/Projects/build/encode/encode/tests/array_sum/array_sum.perf.encoded --  --cso /dev/null
key=encoded, no.=40, <stderr>:
LENGTH=9200
elapsed cycles: 6407478
hi(checksum)=0x2E00D222DABE6970
lo(checksum)=0x5174C124573B0A80
key=encoded, no.=40, <checksum>:
0x2E00D222DABE69705174C124573B0A80
key=encoded, no.=40, cso file:
/dev/null
----------------------------------------------
real command=cset shield -e /home/nrink/Projects/build/encode/encode/tests/array_sum/array_sum.perf.encoded --  --cso /dev/null
key=encoded, no.=41, <stderr>:
LENGTH=9200
elapsed cycles: 6297339
hi(checksum)=0x2E00D222DABE6970
lo(checksum)=0x5174C124573B0A80
key=encoded, no.=41, <checksum>:
0x2E00D222DABE69705174C124573B0A80
key=encoded, no.=41, cso file:
/dev/null
----------------------------------------------
real command=cset shield -e /home/nrink/Projects/build/encode/encode/tests/array_sum/array_sum.perf.encoded --  --cso /dev/null
key=encoded, no.=42, <stderr>:
LENGTH=9200
elapsed cycles: 6324438
hi(checksum)=0x2E00D222DABE6970
lo(checksum)=0x5174C124573B0A80
key=encoded, no.=42, <checksum>:
0x2E00D222DABE69705174C124573B0A80
key=encoded, no.=42, cso file:
/dev/null
----------------------------------------------
real command=cset shield -e /home/nrink/Projects/build/encode/encode/tests/array_sum/array_sum.perf.encoded --  --cso /dev/null
key=encoded, no.=43, <stderr>:
LENGTH=9200
elapsed cycles: 6362073
hi(checksum)=0x2E00D222DABE6970
lo(checksum)=0x5174C124573B0A80
key=encoded, no.=43, <checksum>:
0x2E00D222DABE69705174C124573B0A80
key=encoded, no.=43, cso file:
/dev/null
----------------------------------------------
real command=cset shield -e /home/nrink/Projects/build/encode/encode/tests/array_sum/array_sum.perf.encoded --  --cso /dev/null
key=encoded, no.=44, <stderr>:
LENGTH=9200
elapsed cycles: 6396006
hi(checksum)=0x2E00D222DABE6970
lo(checksum)=0x5174C124573B0A80
key=encoded, no.=44, <checksum>:
0x2E00D222DABE69705174C124573B0A80
key=encoded, no.=44, cso file:
/dev/null
----------------------------------------------
real command=cset shield -e /home/nrink/Projects/build/encode/encode/tests/array_sum/array_sum.perf.encoded --  --cso /dev/null
key=encoded, no.=45, <stderr>:
LENGTH=9200
elapsed cycles: 6358176
hi(checksum)=0x2E00D222DABE6970
lo(checksum)=0x5174C124573B0A80
key=encoded, no.=45, <checksum>:
0x2E00D222DABE69705174C124573B0A80
key=encoded, no.=45, cso file:
/dev/null
----------------------------------------------
real command=cset shield -e /home/nrink/Projects/build/encode/encode/tests/array_sum/array_sum.perf.encoded --  --cso /dev/null
key=encoded, no.=46, <stderr>:
LENGTH=9200
elapsed cycles: 6361254
hi(checksum)=0x2E00D222DABE6970
lo(checksum)=0x5174C124573B0A80
key=encoded, no.=46, <checksum>:
0x2E00D222DABE69705174C124573B0A80
key=encoded, no.=46, cso file:
/dev/null
----------------------------------------------
real command=cset shield -e /home/nrink/Projects/build/encode/encode/tests/array_sum/array_sum.perf.encoded --  --cso /dev/null
key=encoded, no.=47, <stderr>:
LENGTH=9200
elapsed cycles: 6456657
hi(checksum)=0x2E00D222DABE6970
lo(checksum)=0x5174C124573B0A80
key=encoded, no.=47, <checksum>:
0x2E00D222DABE69705174C124573B0A80
key=encoded, no.=47, cso file:
/dev/null
----------------------------------------------
real command=cset shield -e /home/nrink/Projects/build/encode/encode/tests/array_sum/array_sum.perf.encoded --  --cso /dev/null
key=encoded, no.=48, <stderr>:
LENGTH=9200
elapsed cycles: 6330597
hi(checksum)=0x2E00D222DABE6970
lo(checksum)=0x5174C124573B0A80
key=encoded, no.=48, <checksum>:
0x2E00D222DABE69705174C124573B0A80
key=encoded, no.=48, cso file:
/dev/null
----------------------------------------------
real command=cset shield -e /home/nrink/Projects/build/encode/encode/tests/array_sum/array_sum.perf.encoded --  --cso /dev/null
key=encoded, no.=49, <stderr>:
LENGTH=9200
elapsed cycles: 6326730
hi(checksum)=0x2E00D222DABE6970
lo(checksum)=0x5174C124573B0A80
key=encoded, no.=49, <checksum>:
0x2E00D222DABE69705174C124573B0A80
key=encoded, no.=49, cso file:
/dev/null
----------------------------------------------
real command=cset shield -e /home/nrink/Projects/build/encode/encode/tests/array_sum/array_sum.perf.encoded --  --cso /dev/null
key=encoded, no.=50, <stderr>:
LENGTH=9200
elapsed cycles: 6324846
hi(checksum)=0x2E00D222DABE6970
lo(checksum)=0x5174C124573B0A80
key=encoded, no.=50, <checksum>:
0x2E00D222DABE69705174C124573B0A80
key=encoded, no.=50, cso file:
/dev/null
----------------------------------------------
real command=cset shield -e /home/nrink/Projects/build/encode/encode/tests/array_sum/array_sum.perf.encoded --  --cso /dev/null
key=encoded, no.=51, <stderr>:
LENGTH=9200
elapsed cycles: 6557391
hi(checksum)=0x2E00D222DABE6970
lo(checksum)=0x5174C124573B0A80
key=encoded, no.=51, <checksum>:
0x2E00D222DABE69705174C124573B0A80
key=encoded, no.=51, cso file:
/dev/null
----------------------------------------------
real command=cset shield -e /home/nrink/Projects/build/encode/encode/tests/array_sum/array_sum.perf.encoded --  --cso /dev/null
key=encoded, no.=52, <stderr>:
LENGTH=9200
elapsed cycles: 6357420
hi(checksum)=0x2E00D222DABE6970
lo(checksum)=0x5174C124573B0A80
key=encoded, no.=52, <checksum>:
0x2E00D222DABE69705174C124573B0A80
key=encoded, no.=52, cso file:
/dev/null
----------------------------------------------
real command=cset shield -e /home/nrink/Projects/build/encode/encode/tests/array_sum/array_sum.perf.encoded --  --cso /dev/null
key=encoded, no.=53, <stderr>:
LENGTH=9200
elapsed cycles: 6512310
hi(checksum)=0x2E00D222DABE6970
lo(checksum)=0x5174C124573B0A80
key=encoded, no.=53, <checksum>:
0x2E00D222DABE69705174C124573B0A80
key=encoded, no.=53, cso file:
/dev/null
----------------------------------------------
real command=cset shield -e /home/nrink/Projects/build/encode/encode/tests/array_sum/array_sum.perf.encoded --  --cso /dev/null
key=encoded, no.=54, <stderr>:
LENGTH=9200
elapsed cycles: 6563934
hi(checksum)=0x2E00D222DABE6970
lo(checksum)=0x5174C124573B0A80
key=encoded, no.=54, <checksum>:
0x2E00D222DABE69705174C124573B0A80
key=encoded, no.=54, cso file:
/dev/null
----------------------------------------------
real command=cset shield -e /home/nrink/Projects/build/encode/encode/tests/array_sum/array_sum.perf.encoded --  --cso /dev/null
key=encoded, no.=55, <stderr>:
LENGTH=9200
elapsed cycles: 6394137
hi(checksum)=0x2E00D222DABE6970
lo(checksum)=0x5174C124573B0A80
key=encoded, no.=55, <checksum>:
0x2E00D222DABE69705174C124573B0A80
key=encoded, no.=55, cso file:
/dev/null
----------------------------------------------
real command=cset shield -e /home/nrink/Projects/build/encode/encode/tests/array_sum/array_sum.perf.encoded --  --cso /dev/null
key=encoded, no.=56, <stderr>:
LENGTH=9200
elapsed cycles: 6357444
hi(checksum)=0x2E00D222DABE6970
lo(checksum)=0x5174C124573B0A80
key=encoded, no.=56, <checksum>:
0x2E00D222DABE69705174C124573B0A80
key=encoded, no.=56, cso file:
/dev/null
----------------------------------------------
real command=cset shield -e /home/nrink/Projects/build/encode/encode/tests/array_sum/array_sum.perf.encoded --  --cso /dev/null
key=encoded, no.=57, <stderr>:
LENGTH=9200
elapsed cycles: 6470529
hi(checksum)=0x2E00D222DABE6970
lo(checksum)=0x5174C124573B0A80
key=encoded, no.=57, <checksum>:
0x2E00D222DABE69705174C124573B0A80
key=encoded, no.=57, cso file:
/dev/null
----------------------------------------------
real command=cset shield -e /home/nrink/Projects/build/encode/encode/tests/array_sum/array_sum.perf.encoded --  --cso /dev/null
key=encoded, no.=58, <stderr>:
LENGTH=9200
elapsed cycles: 6300687
hi(checksum)=0x2E00D222DABE6970
lo(checksum)=0x5174C124573B0A80
key=encoded, no.=58, <checksum>:
0x2E00D222DABE69705174C124573B0A80
key=encoded, no.=58, cso file:
/dev/null
----------------------------------------------
real command=cset shield -e /home/nrink/Projects/build/encode/encode/tests/array_sum/array_sum.perf.encoded --  --cso /dev/null
key=encoded, no.=59, <stderr>:
LENGTH=9200
elapsed cycles: 6468447
hi(checksum)=0x2E00D222DABE6970
lo(checksum)=0x5174C124573B0A80
key=encoded, no.=59, <checksum>:
0x2E00D222DABE69705174C124573B0A80
key=encoded, no.=59, cso file:
/dev/null
----------------------------------------------
real command=cset shield -e /home/nrink/Projects/build/encode/encode/tests/array_sum/array_sum.perf.encoded --  --cso /dev/null
key=encoded, no.=60, <stderr>:
LENGTH=9200
elapsed cycles: 6301830
hi(checksum)=0x2E00D222DABE6970
lo(checksum)=0x5174C124573B0A80
key=encoded, no.=60, <checksum>:
0x2E00D222DABE69705174C124573B0A80
key=encoded, no.=60, cso file:
/dev/null
----------------------------------------------
real command=cset shield -e /home/nrink/Projects/build/encode/encode/tests/array_sum/array_sum.perf.encoded --  --cso /dev/null
key=encoded, no.=61, <stderr>:
LENGTH=9200
elapsed cycles: 6366315
hi(checksum)=0x2E00D222DABE6970
lo(checksum)=0x5174C124573B0A80
key=encoded, no.=61, <checksum>:
0x2E00D222DABE69705174C124573B0A80
key=encoded, no.=61, cso file:
/dev/null
----------------------------------------------
real command=cset shield -e /home/nrink/Projects/build/encode/encode/tests/array_sum/array_sum.perf.encoded --  --cso /dev/null
key=encoded, no.=62, <stderr>:
LENGTH=9200
elapsed cycles: 6384369
hi(checksum)=0x2E00D222DABE6970
lo(checksum)=0x5174C124573B0A80
key=encoded, no.=62, <checksum>:
0x2E00D222DABE69705174C124573B0A80
key=encoded, no.=62, cso file:
/dev/null
----------------------------------------------
real command=cset shield -e /home/nrink/Projects/build/encode/encode/tests/array_sum/array_sum.perf.encoded --  --cso /dev/null
key=encoded, no.=63, <stderr>:
LENGTH=9200
elapsed cycles: 6338241
hi(checksum)=0x2E00D222DABE6970
lo(checksum)=0x5174C124573B0A80
key=encoded, no.=63, <checksum>:
0x2E00D222DABE69705174C124573B0A80
key=encoded, no.=63, cso file:
/dev/null
----------------------------------------------
real command=cset shield -e /home/nrink/Projects/build/encode/encode/tests/array_sum/array_sum.perf.encoded --  --cso /dev/null
key=encoded, no.=64, <stderr>:
LENGTH=9200
elapsed cycles: 6327561
hi(checksum)=0x2E00D222DABE6970
lo(checksum)=0x5174C124573B0A80
key=encoded, no.=64, <checksum>:
0x2E00D222DABE69705174C124573B0A80
key=encoded, no.=64, cso file:
/dev/null
----------------------------------------------
real command=cset shield -e /home/nrink/Projects/build/encode/encode/tests/array_sum/array_sum.perf.encoded --  --cso /dev/null
key=encoded, no.=65, <stderr>:
LENGTH=9200
elapsed cycles: 6386859
hi(checksum)=0x2E00D222DABE6970
lo(checksum)=0x5174C124573B0A80
key=encoded, no.=65, <checksum>:
0x2E00D222DABE69705174C124573B0A80
key=encoded, no.=65, cso file:
/dev/null
----------------------------------------------
real command=cset shield -e /home/nrink/Projects/build/encode/encode/tests/array_sum/array_sum.perf.encoded --  --cso /dev/null
key=encoded, no.=66, <stderr>:
LENGTH=9200
elapsed cycles: 6340584
hi(checksum)=0x2E00D222DABE6970
lo(checksum)=0x5174C124573B0A80
key=encoded, no.=66, <checksum>:
0x2E00D222DABE69705174C124573B0A80
key=encoded, no.=66, cso file:
/dev/null
----------------------------------------------
real command=cset shield -e /home/nrink/Projects/build/encode/encode/tests/array_sum/array_sum.perf.encoded --  --cso /dev/null
key=encoded, no.=67, <stderr>:
LENGTH=9200
elapsed cycles: 6340914
hi(checksum)=0x2E00D222DABE6970
lo(checksum)=0x5174C124573B0A80
key=encoded, no.=67, <checksum>:
0x2E00D222DABE69705174C124573B0A80
key=encoded, no.=67, cso file:
/dev/null
----------------------------------------------
real command=cset shield -e /home/nrink/Projects/build/encode/encode/tests/array_sum/array_sum.perf.encoded --  --cso /dev/null
key=encoded, no.=68, <stderr>:
LENGTH=9200
elapsed cycles: 6365730
hi(checksum)=0x2E00D222DABE6970
lo(checksum)=0x5174C124573B0A80
key=encoded, no.=68, <checksum>:
0x2E00D222DABE69705174C124573B0A80
key=encoded, no.=68, cso file:
/dev/null
----------------------------------------------
real command=cset shield -e /home/nrink/Projects/build/encode/encode/tests/array_sum/array_sum.perf.encoded --  --cso /dev/null
key=encoded, no.=69, <stderr>:
LENGTH=9200
elapsed cycles: 6372951
hi(checksum)=0x2E00D222DABE6970
lo(checksum)=0x5174C124573B0A80
key=encoded, no.=69, <checksum>:
0x2E00D222DABE69705174C124573B0A80
key=encoded, no.=69, cso file:
/dev/null
----------------------------------------------
real command=cset shield -e /home/nrink/Projects/build/encode/encode/tests/array_sum/array_sum.perf.encoded --  --cso /dev/null
key=encoded, no.=70, <stderr>:
LENGTH=9200
elapsed cycles: 6342432
hi(checksum)=0x2E00D222DABE6970
lo(checksum)=0x5174C124573B0A80
key=encoded, no.=70, <checksum>:
0x2E00D222DABE69705174C124573B0A80
key=encoded, no.=70, cso file:
/dev/null
----------------------------------------------
real command=cset shield -e /home/nrink/Projects/build/encode/encode/tests/array_sum/array_sum.perf.encoded --  --cso /dev/null
key=encoded, no.=71, <stderr>:
LENGTH=9200
elapsed cycles: 6352077
hi(checksum)=0x2E00D222DABE6970
lo(checksum)=0x5174C124573B0A80
key=encoded, no.=71, <checksum>:
0x2E00D222DABE69705174C124573B0A80
key=encoded, no.=71, cso file:
/dev/null
----------------------------------------------
real command=cset shield -e /home/nrink/Projects/build/encode/encode/tests/array_sum/array_sum.perf.encoded --  --cso /dev/null
key=encoded, no.=72, <stderr>:
LENGTH=9200
elapsed cycles: 6535329
hi(checksum)=0x2E00D222DABE6970
lo(checksum)=0x5174C124573B0A80
key=encoded, no.=72, <checksum>:
0x2E00D222DABE69705174C124573B0A80
key=encoded, no.=72, cso file:
/dev/null
----------------------------------------------
real command=cset shield -e /home/nrink/Projects/build/encode/encode/tests/array_sum/array_sum.perf.encoded --  --cso /dev/null
key=encoded, no.=73, <stderr>:
LENGTH=9200
elapsed cycles: 6328785
hi(checksum)=0x2E00D222DABE6970
lo(checksum)=0x5174C124573B0A80
key=encoded, no.=73, <checksum>:
0x2E00D222DABE69705174C124573B0A80
key=encoded, no.=73, cso file:
/dev/null
----------------------------------------------
real command=cset shield -e /home/nrink/Projects/build/encode/encode/tests/array_sum/array_sum.perf.encoded --  --cso /dev/null
key=encoded, no.=74, <stderr>:
LENGTH=9200
elapsed cycles: 6556071
hi(checksum)=0x2E00D222DABE6970
lo(checksum)=0x5174C124573B0A80
key=encoded, no.=74, <checksum>:
0x2E00D222DABE69705174C124573B0A80
key=encoded, no.=74, cso file:
/dev/null
----------------------------------------------
real command=cset shield -e /home/nrink/Projects/build/encode/encode/tests/array_sum/array_sum.perf.encoded --  --cso /dev/null
key=encoded, no.=75, <stderr>:
LENGTH=9200
elapsed cycles: 6326709
hi(checksum)=0x2E00D222DABE6970
lo(checksum)=0x5174C124573B0A80
key=encoded, no.=75, <checksum>:
0x2E00D222DABE69705174C124573B0A80
key=encoded, no.=75, cso file:
/dev/null
----------------------------------------------
real command=cset shield -e /home/nrink/Projects/build/encode/encode/tests/array_sum/array_sum.perf.encoded --  --cso /dev/null
key=encoded, no.=76, <stderr>:
LENGTH=9200
elapsed cycles: 6370773
hi(checksum)=0x2E00D222DABE6970
lo(checksum)=0x5174C124573B0A80
key=encoded, no.=76, <checksum>:
0x2E00D222DABE69705174C124573B0A80
key=encoded, no.=76, cso file:
/dev/null
----------------------------------------------
real command=cset shield -e /home/nrink/Projects/build/encode/encode/tests/array_sum/array_sum.perf.encoded --  --cso /dev/null
key=encoded, no.=77, <stderr>:
LENGTH=9200
elapsed cycles: 6359778
hi(checksum)=0x2E00D222DABE6970
lo(checksum)=0x5174C124573B0A80
key=encoded, no.=77, <checksum>:
0x2E00D222DABE69705174C124573B0A80
key=encoded, no.=77, cso file:
/dev/null
----------------------------------------------
real command=cset shield -e /home/nrink/Projects/build/encode/encode/tests/array_sum/array_sum.perf.encoded --  --cso /dev/null
key=encoded, no.=78, <stderr>:
LENGTH=9200
elapsed cycles: 6551748
hi(checksum)=0x2E00D222DABE6970
lo(checksum)=0x5174C124573B0A80
key=encoded, no.=78, <checksum>:
0x2E00D222DABE69705174C124573B0A80
key=encoded, no.=78, cso file:
/dev/null
----------------------------------------------
real command=cset shield -e /home/nrink/Projects/build/encode/encode/tests/array_sum/array_sum.perf.encoded --  --cso /dev/null
key=encoded, no.=79, <stderr>:
LENGTH=9200
elapsed cycles: 6329076
hi(checksum)=0x2E00D222DABE6970
lo(checksum)=0x5174C124573B0A80
key=encoded, no.=79, <checksum>:
0x2E00D222DABE69705174C124573B0A80
key=encoded, no.=79, cso file:
/dev/null
----------------------------------------------
real command=cset shield -e /home/nrink/Projects/build/encode/encode/tests/array_sum/array_sum.perf.encoded --  --cso /dev/null
key=encoded, no.=80, <stderr>:
LENGTH=9200
elapsed cycles: 6361365
hi(checksum)=0x2E00D222DABE6970
lo(checksum)=0x5174C124573B0A80
key=encoded, no.=80, <checksum>:
0x2E00D222DABE69705174C124573B0A80
key=encoded, no.=80, cso file:
/dev/null
----------------------------------------------
real command=cset shield -e /home/nrink/Projects/build/encode/encode/tests/array_sum/array_sum.perf.encoded --  --cso /dev/null
key=encoded, no.=81, <stderr>:
LENGTH=9200
elapsed cycles: 6428943
hi(checksum)=0x2E00D222DABE6970
lo(checksum)=0x5174C124573B0A80
key=encoded, no.=81, <checksum>:
0x2E00D222DABE69705174C124573B0A80
key=encoded, no.=81, cso file:
/dev/null
----------------------------------------------
real command=cset shield -e /home/nrink/Projects/build/encode/encode/tests/array_sum/array_sum.perf.encoded --  --cso /dev/null
key=encoded, no.=82, <stderr>:
LENGTH=9200
elapsed cycles: 6359568
hi(checksum)=0x2E00D222DABE6970
lo(checksum)=0x5174C124573B0A80
key=encoded, no.=82, <checksum>:
0x2E00D222DABE69705174C124573B0A80
key=encoded, no.=82, cso file:
/dev/null
----------------------------------------------
real command=cset shield -e /home/nrink/Projects/build/encode/encode/tests/array_sum/array_sum.perf.encoded --  --cso /dev/null
key=encoded, no.=83, <stderr>:
LENGTH=9200
elapsed cycles: 6360981
hi(checksum)=0x2E00D222DABE6970
lo(checksum)=0x5174C124573B0A80
key=encoded, no.=83, <checksum>:
0x2E00D222DABE69705174C124573B0A80
key=encoded, no.=83, cso file:
/dev/null
----------------------------------------------
real command=cset shield -e /home/nrink/Projects/build/encode/encode/tests/array_sum/array_sum.perf.encoded --  --cso /dev/null
key=encoded, no.=84, <stderr>:
LENGTH=9200
elapsed cycles: 6344601
hi(checksum)=0x2E00D222DABE6970
lo(checksum)=0x5174C124573B0A80
key=encoded, no.=84, <checksum>:
0x2E00D222DABE69705174C124573B0A80
key=encoded, no.=84, cso file:
/dev/null
----------------------------------------------
real command=cset shield -e /home/nrink/Projects/build/encode/encode/tests/array_sum/array_sum.perf.encoded --  --cso /dev/null
key=encoded, no.=85, <stderr>:
LENGTH=9200
elapsed cycles: 6447411
hi(checksum)=0x2E00D222DABE6970
lo(checksum)=0x5174C124573B0A80
key=encoded, no.=85, <checksum>:
0x2E00D222DABE69705174C124573B0A80
key=encoded, no.=85, cso file:
/dev/null
----------------------------------------------
real command=cset shield -e /home/nrink/Projects/build/encode/encode/tests/array_sum/array_sum.perf.encoded --  --cso /dev/null
key=encoded, no.=86, <stderr>:
LENGTH=9200
elapsed cycles: 6343491
hi(checksum)=0x2E00D222DABE6970
lo(checksum)=0x5174C124573B0A80
key=encoded, no.=86, <checksum>:
0x2E00D222DABE69705174C124573B0A80
key=encoded, no.=86, cso file:
/dev/null
----------------------------------------------
real command=cset shield -e /home/nrink/Projects/build/encode/encode/tests/array_sum/array_sum.perf.encoded --  --cso /dev/null
key=encoded, no.=87, <stderr>:
LENGTH=9200
elapsed cycles: 6524493
hi(checksum)=0x2E00D222DABE6970
lo(checksum)=0x5174C124573B0A80
key=encoded, no.=87, <checksum>:
0x2E00D222DABE69705174C124573B0A80
key=encoded, no.=87, cso file:
/dev/null
----------------------------------------------
real command=cset shield -e /home/nrink/Projects/build/encode/encode/tests/array_sum/array_sum.perf.encoded --  --cso /dev/null
key=encoded, no.=88, <stderr>:
LENGTH=9200
elapsed cycles: 6358869
hi(checksum)=0x2E00D222DABE6970
lo(checksum)=0x5174C124573B0A80
key=encoded, no.=88, <checksum>:
0x2E00D222DABE69705174C124573B0A80
key=encoded, no.=88, cso file:
/dev/null
----------------------------------------------
real command=cset shield -e /home/nrink/Projects/build/encode/encode/tests/array_sum/array_sum.perf.encoded --  --cso /dev/null
key=encoded, no.=89, <stderr>:
LENGTH=9200
elapsed cycles: 6324864
hi(checksum)=0x2E00D222DABE6970
lo(checksum)=0x5174C124573B0A80
key=encoded, no.=89, <checksum>:
0x2E00D222DABE69705174C124573B0A80
key=encoded, no.=89, cso file:
/dev/null
----------------------------------------------
real command=cset shield -e /home/nrink/Projects/build/encode/encode/tests/array_sum/array_sum.perf.encoded --  --cso /dev/null
key=encoded, no.=90, <stderr>:
LENGTH=9200
elapsed cycles: 6548901
hi(checksum)=0x2E00D222DABE6970
lo(checksum)=0x5174C124573B0A80
key=encoded, no.=90, <checksum>:
0x2E00D222DABE69705174C124573B0A80
key=encoded, no.=90, cso file:
/dev/null
----------------------------------------------
real command=cset shield -e /home/nrink/Projects/build/encode/encode/tests/array_sum/array_sum.perf.encoded --  --cso /dev/null
key=encoded, no.=91, <stderr>:
LENGTH=9200
elapsed cycles: 6357363
hi(checksum)=0x2E00D222DABE6970
lo(checksum)=0x5174C124573B0A80
key=encoded, no.=91, <checksum>:
0x2E00D222DABE69705174C124573B0A80
key=encoded, no.=91, cso file:
/dev/null
----------------------------------------------
real command=cset shield -e /home/nrink/Projects/build/encode/encode/tests/array_sum/array_sum.perf.encoded --  --cso /dev/null
key=encoded, no.=92, <stderr>:
LENGTH=9200
elapsed cycles: 6363753
hi(checksum)=0x2E00D222DABE6970
lo(checksum)=0x5174C124573B0A80
key=encoded, no.=92, <checksum>:
0x2E00D222DABE69705174C124573B0A80
key=encoded, no.=92, cso file:
/dev/null
----------------------------------------------
real command=cset shield -e /home/nrink/Projects/build/encode/encode/tests/array_sum/array_sum.perf.encoded --  --cso /dev/null
key=encoded, no.=93, <stderr>:
LENGTH=9200
elapsed cycles: 6565194
hi(checksum)=0x2E00D222DABE6970
lo(checksum)=0x5174C124573B0A80
key=encoded, no.=93, <checksum>:
0x2E00D222DABE69705174C124573B0A80
key=encoded, no.=93, cso file:
/dev/null
----------------------------------------------
real command=cset shield -e /home/nrink/Projects/build/encode/encode/tests/array_sum/array_sum.perf.encoded --  --cso /dev/null
key=encoded, no.=94, <stderr>:
LENGTH=9200
elapsed cycles: 6522045
hi(checksum)=0x2E00D222DABE6970
lo(checksum)=0x5174C124573B0A80
key=encoded, no.=94, <checksum>:
0x2E00D222DABE69705174C124573B0A80
key=encoded, no.=94, cso file:
/dev/null
----------------------------------------------
real command=cset shield -e /home/nrink/Projects/build/encode/encode/tests/array_sum/array_sum.perf.encoded --  --cso /dev/null
key=encoded, no.=95, <stderr>:
LENGTH=9200
elapsed cycles: 6361938
hi(checksum)=0x2E00D222DABE6970
lo(checksum)=0x5174C124573B0A80
key=encoded, no.=95, <checksum>:
0x2E00D222DABE69705174C124573B0A80
key=encoded, no.=95, cso file:
/dev/null
----------------------------------------------
real command=cset shield -e /home/nrink/Projects/build/encode/encode/tests/array_sum/array_sum.perf.encoded --  --cso /dev/null
key=encoded, no.=96, <stderr>:
LENGTH=9200
elapsed cycles: 6358059
hi(checksum)=0x2E00D222DABE6970
lo(checksum)=0x5174C124573B0A80
key=encoded, no.=96, <checksum>:
0x2E00D222DABE69705174C124573B0A80
key=encoded, no.=96, cso file:
/dev/null
----------------------------------------------
real command=cset shield -e /home/nrink/Projects/build/encode/encode/tests/array_sum/array_sum.perf.encoded --  --cso /dev/null
key=encoded, no.=97, <stderr>:
LENGTH=9200
elapsed cycles: 6358734
hi(checksum)=0x2E00D222DABE6970
lo(checksum)=0x5174C124573B0A80
key=encoded, no.=97, <checksum>:
0x2E00D222DABE69705174C124573B0A80
key=encoded, no.=97, cso file:
/dev/null
----------------------------------------------
real command=cset shield -e /home/nrink/Projects/build/encode/encode/tests/array_sum/array_sum.perf.encoded --  --cso /dev/null
key=encoded, no.=98, <stderr>:
LENGTH=9200
elapsed cycles: 6622089
hi(checksum)=0x2E00D222DABE6970
lo(checksum)=0x5174C124573B0A80
key=encoded, no.=98, <checksum>:
0x2E00D222DABE69705174C124573B0A80
key=encoded, no.=98, cso file:
/dev/null
----------------------------------------------
real command=cset shield -e /home/nrink/Projects/build/encode/encode/tests/array_sum/array_sum.perf.encoded --  --cso /dev/null
key=encoded, no.=99, <stderr>:
LENGTH=9200
elapsed cycles: 6297354
hi(checksum)=0x2E00D222DABE6970
lo(checksum)=0x5174C124573B0A80
key=encoded, no.=99, <checksum>:
0x2E00D222DABE69705174C124573B0A80
key=encoded, no.=99, cso file:
/dev/null
----------------------------------------------
