<stderr> from running /home/nrink/Projects/pin-2.14-71313-gcc.4.4.7-linux/pin.sh -t /home/nrink/Projects/bfi/obj-intel64/bfi.so -trigger 151245 -cmd WVAL -seed 1 -mask 247 -- /home/nrink/Projects/build/encode/encode/tests/array_sum/array_sum.cover.encoded --cso ./2015-05-06_10:37:59/array_sum/cover/cs/encoded.1.cso --csl ./2015-05-06_10:37:59/array_sum/cover/cs/encoded.1.csl:
[.:    0, IP = 0x40088d, i = 151246, wa = 0, ra = 0, rr = 0, wr = 0, it = 0, t = 0]
	access = write, size = 8, value = 120, value' = 143, addr = 0x7fffffffe170, op = 0
elapsed cycles: 39506913
hi(checksum)=0x0000000000000000
lo(checksum)=0x00000000000001F8
**********************
INSTR   = 160778
WADDR   = 0
RADDR   = 0
RREG    = 0
WREG    = 0
ITER    = 0
TRIGGER = 151245
TTYPE   = IN
COMMAND = WVAL
SEL     = -1
SEED    = 1
MASK    = 0xf7
THREAD  = 0
ELAPSED = 0.71s
----------------------------------------------------------------
