<stderr> from running /home/nrink/Projects/pin-2.14-71313-gcc.4.4.7-linux/pin.sh -t /home/nrink/Projects/bfi/obj-intel64/bfi.so -trigger 151260 -cmd TXT -seed 1 -mask 56 -- /home/nrink/Projects/build/encode/encode/tests/array_sum/array_sum.cover.plain --cso ./2015-05-06_10:37:59/array_sum/cover/cs/plain.86.cso --csl ./2015-05-06_10:37:59/array_sum/cover/cs/plain.86.csl:
[.:    0, IP = 0x40096d, i = 151260, wa = 0, ra = 0, rr = 0, wr = 0, it = 0, t = 0]
	ip' = 0x400970, size = 3, mask = 56, idx = 0, byte = 72, byte' = 112
elapsed cycles: 131325387
hi(checksum)=0x0000000000000000
lo(checksum)=0x00000000000001A4
**********************
INSTR   = 159909
WADDR   = 0
RADDR   = 0
RREG    = 0
WREG    = 0
ITER    = 0
TRIGGER = 151260
TTYPE   = IN
COMMAND = TXT
SEL     = -1
SEED    = 1
MASK    = 0x38
THREAD  = 0
ELAPSED = 1.96s
----------------------------------------------------------------
