key=plain, runs=100 ...
command=/home/nrink/Projects/build/encode/encode/tests/array_sum/array_sum.perf.plain
----------------------------------------------
real command=cset shield -e /home/nrink/Projects/build/encode/encode/tests/array_sum/array_sum.perf.plain --  --cso /dev/null
key=plain, no.=0, <stderr>:
LENGTH=920
elapsed cycles: 176274
hi(checksum)=0x8499AE9D15DFD758
lo(checksum)=0x08254683A252B440
key=plain, no.=0, <checksum>:
0x8499AE9D15DFD75808254683A252B440
key=plain, no.=0, cso file:
/dev/null
----------------------------------------------
real command=cset shield -e /home/nrink/Projects/build/encode/encode/tests/array_sum/array_sum.perf.plain --  --cso /dev/null
key=plain, no.=1, <stderr>:
LENGTH=920
elapsed cycles: 185976
hi(checksum)=0x8499AE9D15DFD758
lo(checksum)=0x08254683A252B440
key=plain, no.=1, <checksum>:
0x8499AE9D15DFD75808254683A252B440
key=plain, no.=1, cso file:
/dev/null
----------------------------------------------
real command=cset shield -e /home/nrink/Projects/build/encode/encode/tests/array_sum/array_sum.perf.plain --  --cso /dev/null
key=plain, no.=2, <stderr>:
LENGTH=920
elapsed cycles: 176406
hi(checksum)=0x8499AE9D15DFD758
lo(checksum)=0x08254683A252B440
key=plain, no.=2, <checksum>:
0x8499AE9D15DFD75808254683A252B440
key=plain, no.=2, cso file:
/dev/null
----------------------------------------------
real command=cset shield -e /home/nrink/Projects/build/encode/encode/tests/array_sum/array_sum.perf.plain --  --cso /dev/null
key=plain, no.=3, <stderr>:
LENGTH=920
elapsed cycles: 185898
hi(checksum)=0x8499AE9D15DFD758
lo(checksum)=0x08254683A252B440
key=plain, no.=3, <checksum>:
0x8499AE9D15DFD75808254683A252B440
key=plain, no.=3, cso file:
/dev/null
----------------------------------------------
real command=cset shield -e /home/nrink/Projects/build/encode/encode/tests/array_sum/array_sum.perf.plain --  --cso /dev/null
key=plain, no.=4, <stderr>:
LENGTH=920
elapsed cycles: 176502
hi(checksum)=0x8499AE9D15DFD758
lo(checksum)=0x08254683A252B440
key=plain, no.=4, <checksum>:
0x8499AE9D15DFD75808254683A252B440
key=plain, no.=4, cso file:
/dev/null
----------------------------------------------
real command=cset shield -e /home/nrink/Projects/build/encode/encode/tests/array_sum/array_sum.perf.plain --  --cso /dev/null
key=plain, no.=5, <stderr>:
LENGTH=920
elapsed cycles: 176391
hi(checksum)=0x8499AE9D15DFD758
lo(checksum)=0x08254683A252B440
key=plain, no.=5, <checksum>:
0x8499AE9D15DFD75808254683A252B440
key=plain, no.=5, cso file:
/dev/null
----------------------------------------------
real command=cset shield -e /home/nrink/Projects/build/encode/encode/tests/array_sum/array_sum.perf.plain --  --cso /dev/null
key=plain, no.=6, <stderr>:
LENGTH=920
elapsed cycles: 176379
hi(checksum)=0x8499AE9D15DFD758
lo(checksum)=0x08254683A252B440
key=plain, no.=6, <checksum>:
0x8499AE9D15DFD75808254683A252B440
key=plain, no.=6, cso file:
/dev/null
----------------------------------------------
real command=cset shield -e /home/nrink/Projects/build/encode/encode/tests/array_sum/array_sum.perf.plain --  --cso /dev/null
key=plain, no.=7, <stderr>:
LENGTH=920
elapsed cycles: 188367
hi(checksum)=0x8499AE9D15DFD758
lo(checksum)=0x08254683A252B440
key=plain, no.=7, <checksum>:
0x8499AE9D15DFD75808254683A252B440
key=plain, no.=7, cso file:
/dev/null
----------------------------------------------
real command=cset shield -e /home/nrink/Projects/build/encode/encode/tests/array_sum/array_sum.perf.plain --  --cso /dev/null
key=plain, no.=8, <stderr>:
LENGTH=920
elapsed cycles: 176427
hi(checksum)=0x8499AE9D15DFD758
lo(checksum)=0x08254683A252B440
key=plain, no.=8, <checksum>:
0x8499AE9D15DFD75808254683A252B440
key=plain, no.=8, cso file:
/dev/null
----------------------------------------------
real command=cset shield -e /home/nrink/Projects/build/encode/encode/tests/array_sum/array_sum.perf.plain --  --cso /dev/null
key=plain, no.=9, <stderr>:
LENGTH=920
elapsed cycles: 185958
hi(checksum)=0x8499AE9D15DFD758
lo(checksum)=0x08254683A252B440
key=plain, no.=9, <checksum>:
0x8499AE9D15DFD75808254683A252B440
key=plain, no.=9, cso file:
/dev/null
----------------------------------------------
real command=cset shield -e /home/nrink/Projects/build/encode/encode/tests/array_sum/array_sum.perf.plain --  --cso /dev/null
key=plain, no.=10, <stderr>:
LENGTH=920
elapsed cycles: 176400
hi(checksum)=0x8499AE9D15DFD758
lo(checksum)=0x08254683A252B440
key=plain, no.=10, <checksum>:
0x8499AE9D15DFD75808254683A252B440
key=plain, no.=10, cso file:
/dev/null
----------------------------------------------
real command=cset shield -e /home/nrink/Projects/build/encode/encode/tests/array_sum/array_sum.perf.plain --  --cso /dev/null
key=plain, no.=11, <stderr>:
LENGTH=920
elapsed cycles: 209475
hi(checksum)=0x8499AE9D15DFD758
lo(checksum)=0x08254683A252B440
key=plain, no.=11, <checksum>:
0x8499AE9D15DFD75808254683A252B440
key=plain, no.=11, cso file:
/dev/null
----------------------------------------------
real command=cset shield -e /home/nrink/Projects/build/encode/encode/tests/array_sum/array_sum.perf.plain --  --cso /dev/null
key=plain, no.=12, <stderr>:
LENGTH=920
elapsed cycles: 176283
hi(checksum)=0x8499AE9D15DFD758
lo(checksum)=0x08254683A252B440
key=plain, no.=12, <checksum>:
0x8499AE9D15DFD75808254683A252B440
key=plain, no.=12, cso file:
/dev/null
----------------------------------------------
real command=cset shield -e /home/nrink/Projects/build/encode/encode/tests/array_sum/array_sum.perf.plain --  --cso /dev/null
key=plain, no.=13, <stderr>:
LENGTH=920
elapsed cycles: 176457
hi(checksum)=0x8499AE9D15DFD758
lo(checksum)=0x08254683A252B440
key=plain, no.=13, <checksum>:
0x8499AE9D15DFD75808254683A252B440
key=plain, no.=13, cso file:
/dev/null
----------------------------------------------
real command=cset shield -e /home/nrink/Projects/build/encode/encode/tests/array_sum/array_sum.perf.plain --  --cso /dev/null
key=plain, no.=14, <stderr>:
LENGTH=920
elapsed cycles: 176346
hi(checksum)=0x8499AE9D15DFD758
lo(checksum)=0x08254683A252B440
key=plain, no.=14, <checksum>:
0x8499AE9D15DFD75808254683A252B440
key=plain, no.=14, cso file:
/dev/null
----------------------------------------------
real command=cset shield -e /home/nrink/Projects/build/encode/encode/tests/array_sum/array_sum.perf.plain --  --cso /dev/null
key=plain, no.=15, <stderr>:
LENGTH=920
elapsed cycles: 208644
hi(checksum)=0x8499AE9D15DFD758
lo(checksum)=0x08254683A252B440
key=plain, no.=15, <checksum>:
0x8499AE9D15DFD75808254683A252B440
key=plain, no.=15, cso file:
/dev/null
----------------------------------------------
real command=cset shield -e /home/nrink/Projects/build/encode/encode/tests/array_sum/array_sum.perf.plain --  --cso /dev/null
key=plain, no.=16, <stderr>:
LENGTH=920
elapsed cycles: 176367
hi(checksum)=0x8499AE9D15DFD758
lo(checksum)=0x08254683A252B440
key=plain, no.=16, <checksum>:
0x8499AE9D15DFD75808254683A252B440
key=plain, no.=16, cso file:
/dev/null
----------------------------------------------
real command=cset shield -e /home/nrink/Projects/build/encode/encode/tests/array_sum/array_sum.perf.plain --  --cso /dev/null
key=plain, no.=17, <stderr>:
LENGTH=920
elapsed cycles: 209358
hi(checksum)=0x8499AE9D15DFD758
lo(checksum)=0x08254683A252B440
key=plain, no.=17, <checksum>:
0x8499AE9D15DFD75808254683A252B440
key=plain, no.=17, cso file:
/dev/null
----------------------------------------------
real command=cset shield -e /home/nrink/Projects/build/encode/encode/tests/array_sum/array_sum.perf.plain --  --cso /dev/null
key=plain, no.=18, <stderr>:
LENGTH=920
elapsed cycles: 176457
hi(checksum)=0x8499AE9D15DFD758
lo(checksum)=0x08254683A252B440
key=plain, no.=18, <checksum>:
0x8499AE9D15DFD75808254683A252B440
key=plain, no.=18, cso file:
/dev/null
----------------------------------------------
real command=cset shield -e /home/nrink/Projects/build/encode/encode/tests/array_sum/array_sum.perf.plain --  --cso /dev/null
key=plain, no.=19, <stderr>:
LENGTH=920
elapsed cycles: 176460
hi(checksum)=0x8499AE9D15DFD758
lo(checksum)=0x08254683A252B440
key=plain, no.=19, <checksum>:
0x8499AE9D15DFD75808254683A252B440
key=plain, no.=19, cso file:
/dev/null
----------------------------------------------
real command=cset shield -e /home/nrink/Projects/build/encode/encode/tests/array_sum/array_sum.perf.plain --  --cso /dev/null
key=plain, no.=20, <stderr>:
LENGTH=920
elapsed cycles: 176445
hi(checksum)=0x8499AE9D15DFD758
lo(checksum)=0x08254683A252B440
key=plain, no.=20, <checksum>:
0x8499AE9D15DFD75808254683A252B440
key=plain, no.=20, cso file:
/dev/null
----------------------------------------------
real command=cset shield -e /home/nrink/Projects/build/encode/encode/tests/array_sum/array_sum.perf.plain --  --cso /dev/null
key=plain, no.=21, <stderr>:
LENGTH=920
elapsed cycles: 176316
hi(checksum)=0x8499AE9D15DFD758
lo(checksum)=0x08254683A252B440
key=plain, no.=21, <checksum>:
0x8499AE9D15DFD75808254683A252B440
key=plain, no.=21, cso file:
/dev/null
----------------------------------------------
real command=cset shield -e /home/nrink/Projects/build/encode/encode/tests/array_sum/array_sum.perf.plain --  --cso /dev/null
key=plain, no.=22, <stderr>:
LENGTH=920
elapsed cycles: 176325
hi(checksum)=0x8499AE9D15DFD758
lo(checksum)=0x08254683A252B440
key=plain, no.=22, <checksum>:
0x8499AE9D15DFD75808254683A252B440
key=plain, no.=22, cso file:
/dev/null
----------------------------------------------
real command=cset shield -e /home/nrink/Projects/build/encode/encode/tests/array_sum/array_sum.perf.plain --  --cso /dev/null
key=plain, no.=23, <stderr>:
LENGTH=920
elapsed cycles: 176421
hi(checksum)=0x8499AE9D15DFD758
lo(checksum)=0x08254683A252B440
key=plain, no.=23, <checksum>:
0x8499AE9D15DFD75808254683A252B440
key=plain, no.=23, cso file:
/dev/null
----------------------------------------------
real command=cset shield -e /home/nrink/Projects/build/encode/encode/tests/array_sum/array_sum.perf.plain --  --cso /dev/null
key=plain, no.=24, <stderr>:
LENGTH=920
elapsed cycles: 181086
hi(checksum)=0x8499AE9D15DFD758
lo(checksum)=0x08254683A252B440
key=plain, no.=24, <checksum>:
0x8499AE9D15DFD75808254683A252B440
key=plain, no.=24, cso file:
/dev/null
----------------------------------------------
real command=cset shield -e /home/nrink/Projects/build/encode/encode/tests/array_sum/array_sum.perf.plain --  --cso /dev/null
key=plain, no.=25, <stderr>:
LENGTH=920
elapsed cycles: 186078
hi(checksum)=0x8499AE9D15DFD758
lo(checksum)=0x08254683A252B440
key=plain, no.=25, <checksum>:
0x8499AE9D15DFD75808254683A252B440
key=plain, no.=25, cso file:
/dev/null
----------------------------------------------
real command=cset shield -e /home/nrink/Projects/build/encode/encode/tests/array_sum/array_sum.perf.plain --  --cso /dev/null
key=plain, no.=26, <stderr>:
LENGTH=920
elapsed cycles: 210063
hi(checksum)=0x8499AE9D15DFD758
lo(checksum)=0x08254683A252B440
key=plain, no.=26, <checksum>:
0x8499AE9D15DFD75808254683A252B440
key=plain, no.=26, cso file:
/dev/null
----------------------------------------------
real command=cset shield -e /home/nrink/Projects/build/encode/encode/tests/array_sum/array_sum.perf.plain --  --cso /dev/null
key=plain, no.=27, <stderr>:
LENGTH=920
elapsed cycles: 176778
hi(checksum)=0x8499AE9D15DFD758
lo(checksum)=0x08254683A252B440
key=plain, no.=27, <checksum>:
0x8499AE9D15DFD75808254683A252B440
key=plain, no.=27, cso file:
/dev/null
----------------------------------------------
real command=cset shield -e /home/nrink/Projects/build/encode/encode/tests/array_sum/array_sum.perf.plain --  --cso /dev/null
key=plain, no.=28, <stderr>:
LENGTH=920
elapsed cycles: 176394
hi(checksum)=0x8499AE9D15DFD758
lo(checksum)=0x08254683A252B440
key=plain, no.=28, <checksum>:
0x8499AE9D15DFD75808254683A252B440
key=plain, no.=28, cso file:
/dev/null
----------------------------------------------
real command=cset shield -e /home/nrink/Projects/build/encode/encode/tests/array_sum/array_sum.perf.plain --  --cso /dev/null
key=plain, no.=29, <stderr>:
LENGTH=920
elapsed cycles: 181077
hi(checksum)=0x8499AE9D15DFD758
lo(checksum)=0x08254683A252B440
key=plain, no.=29, <checksum>:
0x8499AE9D15DFD75808254683A252B440
key=plain, no.=29, cso file:
/dev/null
----------------------------------------------
real command=cset shield -e /home/nrink/Projects/build/encode/encode/tests/array_sum/array_sum.perf.plain --  --cso /dev/null
key=plain, no.=30, <stderr>:
LENGTH=920
elapsed cycles: 209643
hi(checksum)=0x8499AE9D15DFD758
lo(checksum)=0x08254683A252B440
key=plain, no.=30, <checksum>:
0x8499AE9D15DFD75808254683A252B440
key=plain, no.=30, cso file:
/dev/null
----------------------------------------------
real command=cset shield -e /home/nrink/Projects/build/encode/encode/tests/array_sum/array_sum.perf.plain --  --cso /dev/null
key=plain, no.=31, <stderr>:
LENGTH=920
elapsed cycles: 181083
hi(checksum)=0x8499AE9D15DFD758
lo(checksum)=0x08254683A252B440
key=plain, no.=31, <checksum>:
0x8499AE9D15DFD75808254683A252B440
key=plain, no.=31, cso file:
/dev/null
----------------------------------------------
real command=cset shield -e /home/nrink/Projects/build/encode/encode/tests/array_sum/array_sum.perf.plain --  --cso /dev/null
key=plain, no.=32, <stderr>:
LENGTH=920
elapsed cycles: 176544
hi(checksum)=0x8499AE9D15DFD758
lo(checksum)=0x08254683A252B440
key=plain, no.=32, <checksum>:
0x8499AE9D15DFD75808254683A252B440
key=plain, no.=32, cso file:
/dev/null
----------------------------------------------
real command=cset shield -e /home/nrink/Projects/build/encode/encode/tests/array_sum/array_sum.perf.plain --  --cso /dev/null
key=plain, no.=33, <stderr>:
LENGTH=920
elapsed cycles: 176286
hi(checksum)=0x8499AE9D15DFD758
lo(checksum)=0x08254683A252B440
key=plain, no.=33, <checksum>:
0x8499AE9D15DFD75808254683A252B440
key=plain, no.=33, cso file:
/dev/null
----------------------------------------------
real command=cset shield -e /home/nrink/Projects/build/encode/encode/tests/array_sum/array_sum.perf.plain --  --cso /dev/null
key=plain, no.=34, <stderr>:
LENGTH=920
elapsed cycles: 176442
hi(checksum)=0x8499AE9D15DFD758
lo(checksum)=0x08254683A252B440
key=plain, no.=34, <checksum>:
0x8499AE9D15DFD75808254683A252B440
key=plain, no.=34, cso file:
/dev/null
----------------------------------------------
real command=cset shield -e /home/nrink/Projects/build/encode/encode/tests/array_sum/array_sum.perf.plain --  --cso /dev/null
key=plain, no.=35, <stderr>:
LENGTH=920
elapsed cycles: 179910
hi(checksum)=0x8499AE9D15DFD758
lo(checksum)=0x08254683A252B440
key=plain, no.=35, <checksum>:
0x8499AE9D15DFD75808254683A252B440
key=plain, no.=35, cso file:
/dev/null
----------------------------------------------
real command=cset shield -e /home/nrink/Projects/build/encode/encode/tests/array_sum/array_sum.perf.plain --  --cso /dev/null
key=plain, no.=36, <stderr>:
LENGTH=920
elapsed cycles: 176697
hi(checksum)=0x8499AE9D15DFD758
lo(checksum)=0x08254683A252B440
key=plain, no.=36, <checksum>:
0x8499AE9D15DFD75808254683A252B440
key=plain, no.=36, cso file:
/dev/null
----------------------------------------------
real command=cset shield -e /home/nrink/Projects/build/encode/encode/tests/array_sum/array_sum.perf.plain --  --cso /dev/null
key=plain, no.=37, <stderr>:
LENGTH=920
elapsed cycles: 185910
hi(checksum)=0x8499AE9D15DFD758
lo(checksum)=0x08254683A252B440
key=plain, no.=37, <checksum>:
0x8499AE9D15DFD75808254683A252B440
key=plain, no.=37, cso file:
/dev/null
----------------------------------------------
real command=cset shield -e /home/nrink/Projects/build/encode/encode/tests/array_sum/array_sum.perf.plain --  --cso /dev/null
key=plain, no.=38, <stderr>:
LENGTH=920
elapsed cycles: 176517
hi(checksum)=0x8499AE9D15DFD758
lo(checksum)=0x08254683A252B440
key=plain, no.=38, <checksum>:
0x8499AE9D15DFD75808254683A252B440
key=plain, no.=38, cso file:
/dev/null
----------------------------------------------
real command=cset shield -e /home/nrink/Projects/build/encode/encode/tests/array_sum/array_sum.perf.plain --  --cso /dev/null
key=plain, no.=39, <stderr>:
LENGTH=920
elapsed cycles: 181026
hi(checksum)=0x8499AE9D15DFD758
lo(checksum)=0x08254683A252B440
key=plain, no.=39, <checksum>:
0x8499AE9D15DFD75808254683A252B440
key=plain, no.=39, cso file:
/dev/null
----------------------------------------------
real command=cset shield -e /home/nrink/Projects/build/encode/encode/tests/array_sum/array_sum.perf.plain --  --cso /dev/null
key=plain, no.=40, <stderr>:
LENGTH=920
elapsed cycles: 176688
hi(checksum)=0x8499AE9D15DFD758
lo(checksum)=0x08254683A252B440
key=plain, no.=40, <checksum>:
0x8499AE9D15DFD75808254683A252B440
key=plain, no.=40, cso file:
/dev/null
----------------------------------------------
real command=cset shield -e /home/nrink/Projects/build/encode/encode/tests/array_sum/array_sum.perf.plain --  --cso /dev/null
key=plain, no.=41, <stderr>:
LENGTH=920
elapsed cycles: 185997
hi(checksum)=0x8499AE9D15DFD758
lo(checksum)=0x08254683A252B440
key=plain, no.=41, <checksum>:
0x8499AE9D15DFD75808254683A252B440
key=plain, no.=41, cso file:
/dev/null
----------------------------------------------
real command=cset shield -e /home/nrink/Projects/build/encode/encode/tests/array_sum/array_sum.perf.plain --  --cso /dev/null
key=plain, no.=42, <stderr>:
LENGTH=920
elapsed cycles: 176394
hi(checksum)=0x8499AE9D15DFD758
lo(checksum)=0x08254683A252B440
key=plain, no.=42, <checksum>:
0x8499AE9D15DFD75808254683A252B440
key=plain, no.=42, cso file:
/dev/null
----------------------------------------------
real command=cset shield -e /home/nrink/Projects/build/encode/encode/tests/array_sum/array_sum.perf.plain --  --cso /dev/null
key=plain, no.=43, <stderr>:
LENGTH=920
elapsed cycles: 185793
hi(checksum)=0x8499AE9D15DFD758
lo(checksum)=0x08254683A252B440
key=plain, no.=43, <checksum>:
0x8499AE9D15DFD75808254683A252B440
key=plain, no.=43, cso file:
/dev/null
----------------------------------------------
real command=cset shield -e /home/nrink/Projects/build/encode/encode/tests/array_sum/array_sum.perf.plain --  --cso /dev/null
key=plain, no.=44, <stderr>:
LENGTH=920
elapsed cycles: 209538
hi(checksum)=0x8499AE9D15DFD758
lo(checksum)=0x08254683A252B440
key=plain, no.=44, <checksum>:
0x8499AE9D15DFD75808254683A252B440
key=plain, no.=44, cso file:
/dev/null
----------------------------------------------
real command=cset shield -e /home/nrink/Projects/build/encode/encode/tests/array_sum/array_sum.perf.plain --  --cso /dev/null
key=plain, no.=45, <stderr>:
LENGTH=920
elapsed cycles: 181191
hi(checksum)=0x8499AE9D15DFD758
lo(checksum)=0x08254683A252B440
key=plain, no.=45, <checksum>:
0x8499AE9D15DFD75808254683A252B440
key=plain, no.=45, cso file:
/dev/null
----------------------------------------------
real command=cset shield -e /home/nrink/Projects/build/encode/encode/tests/array_sum/array_sum.perf.plain --  --cso /dev/null
key=plain, no.=46, <stderr>:
LENGTH=920
elapsed cycles: 176295
hi(checksum)=0x8499AE9D15DFD758
lo(checksum)=0x08254683A252B440
key=plain, no.=46, <checksum>:
0x8499AE9D15DFD75808254683A252B440
key=plain, no.=46, cso file:
/dev/null
----------------------------------------------
real command=cset shield -e /home/nrink/Projects/build/encode/encode/tests/array_sum/array_sum.perf.plain --  --cso /dev/null
key=plain, no.=47, <stderr>:
LENGTH=920
elapsed cycles: 182790
hi(checksum)=0x8499AE9D15DFD758
lo(checksum)=0x08254683A252B440
key=plain, no.=47, <checksum>:
0x8499AE9D15DFD75808254683A252B440
key=plain, no.=47, cso file:
/dev/null
----------------------------------------------
real command=cset shield -e /home/nrink/Projects/build/encode/encode/tests/array_sum/array_sum.perf.plain --  --cso /dev/null
key=plain, no.=48, <stderr>:
LENGTH=920
elapsed cycles: 177000
hi(checksum)=0x8499AE9D15DFD758
lo(checksum)=0x08254683A252B440
key=plain, no.=48, <checksum>:
0x8499AE9D15DFD75808254683A252B440
key=plain, no.=48, cso file:
/dev/null
----------------------------------------------
real command=cset shield -e /home/nrink/Projects/build/encode/encode/tests/array_sum/array_sum.perf.plain --  --cso /dev/null
key=plain, no.=49, <stderr>:
LENGTH=920
elapsed cycles: 176259
hi(checksum)=0x8499AE9D15DFD758
lo(checksum)=0x08254683A252B440
key=plain, no.=49, <checksum>:
0x8499AE9D15DFD75808254683A252B440
key=plain, no.=49, cso file:
/dev/null
----------------------------------------------
real command=cset shield -e /home/nrink/Projects/build/encode/encode/tests/array_sum/array_sum.perf.plain --  --cso /dev/null
key=plain, no.=50, <stderr>:
LENGTH=920
elapsed cycles: 176277
hi(checksum)=0x8499AE9D15DFD758
lo(checksum)=0x08254683A252B440
key=plain, no.=50, <checksum>:
0x8499AE9D15DFD75808254683A252B440
key=plain, no.=50, cso file:
/dev/null
----------------------------------------------
real command=cset shield -e /home/nrink/Projects/build/encode/encode/tests/array_sum/array_sum.perf.plain --  --cso /dev/null
key=plain, no.=51, <stderr>:
LENGTH=920
elapsed cycles: 176352
hi(checksum)=0x8499AE9D15DFD758
lo(checksum)=0x08254683A252B440
key=plain, no.=51, <checksum>:
0x8499AE9D15DFD75808254683A252B440
key=plain, no.=51, cso file:
/dev/null
----------------------------------------------
real command=cset shield -e /home/nrink/Projects/build/encode/encode/tests/array_sum/array_sum.perf.plain --  --cso /dev/null
key=plain, no.=52, <stderr>:
LENGTH=920
elapsed cycles: 186234
hi(checksum)=0x8499AE9D15DFD758
lo(checksum)=0x08254683A252B440
key=plain, no.=52, <checksum>:
0x8499AE9D15DFD75808254683A252B440
key=plain, no.=52, cso file:
/dev/null
----------------------------------------------
real command=cset shield -e /home/nrink/Projects/build/encode/encode/tests/array_sum/array_sum.perf.plain --  --cso /dev/null
key=plain, no.=53, <stderr>:
LENGTH=920
elapsed cycles: 178749
hi(checksum)=0x8499AE9D15DFD758
lo(checksum)=0x08254683A252B440
key=plain, no.=53, <checksum>:
0x8499AE9D15DFD75808254683A252B440
key=plain, no.=53, cso file:
/dev/null
----------------------------------------------
real command=cset shield -e /home/nrink/Projects/build/encode/encode/tests/array_sum/array_sum.perf.plain --  --cso /dev/null
key=plain, no.=54, <stderr>:
LENGTH=920
elapsed cycles: 185976
hi(checksum)=0x8499AE9D15DFD758
lo(checksum)=0x08254683A252B440
key=plain, no.=54, <checksum>:
0x8499AE9D15DFD75808254683A252B440
key=plain, no.=54, cso file:
/dev/null
----------------------------------------------
real command=cset shield -e /home/nrink/Projects/build/encode/encode/tests/array_sum/array_sum.perf.plain --  --cso /dev/null
key=plain, no.=55, <stderr>:
LENGTH=920
elapsed cycles: 176400
hi(checksum)=0x8499AE9D15DFD758
lo(checksum)=0x08254683A252B440
key=plain, no.=55, <checksum>:
0x8499AE9D15DFD75808254683A252B440
key=plain, no.=55, cso file:
/dev/null
----------------------------------------------
real command=cset shield -e /home/nrink/Projects/build/encode/encode/tests/array_sum/array_sum.perf.plain --  --cso /dev/null
key=plain, no.=56, <stderr>:
LENGTH=920
elapsed cycles: 209334
hi(checksum)=0x8499AE9D15DFD758
lo(checksum)=0x08254683A252B440
key=plain, no.=56, <checksum>:
0x8499AE9D15DFD75808254683A252B440
key=plain, no.=56, cso file:
/dev/null
----------------------------------------------
real command=cset shield -e /home/nrink/Projects/build/encode/encode/tests/array_sum/array_sum.perf.plain --  --cso /dev/null
key=plain, no.=57, <stderr>:
LENGTH=920
elapsed cycles: 176418
hi(checksum)=0x8499AE9D15DFD758
lo(checksum)=0x08254683A252B440
key=plain, no.=57, <checksum>:
0x8499AE9D15DFD75808254683A252B440
key=plain, no.=57, cso file:
/dev/null
----------------------------------------------
real command=cset shield -e /home/nrink/Projects/build/encode/encode/tests/array_sum/array_sum.perf.plain --  --cso /dev/null
key=plain, no.=58, <stderr>:
LENGTH=920
elapsed cycles: 176403
hi(checksum)=0x8499AE9D15DFD758
lo(checksum)=0x08254683A252B440
key=plain, no.=58, <checksum>:
0x8499AE9D15DFD75808254683A252B440
key=plain, no.=58, cso file:
/dev/null
----------------------------------------------
real command=cset shield -e /home/nrink/Projects/build/encode/encode/tests/array_sum/array_sum.perf.plain --  --cso /dev/null
key=plain, no.=59, <stderr>:
LENGTH=920
elapsed cycles: 176328
hi(checksum)=0x8499AE9D15DFD758
lo(checksum)=0x08254683A252B440
key=plain, no.=59, <checksum>:
0x8499AE9D15DFD75808254683A252B440
key=plain, no.=59, cso file:
/dev/null
----------------------------------------------
real command=cset shield -e /home/nrink/Projects/build/encode/encode/tests/array_sum/array_sum.perf.plain --  --cso /dev/null
key=plain, no.=60, <stderr>:
LENGTH=920
elapsed cycles: 176568
hi(checksum)=0x8499AE9D15DFD758
lo(checksum)=0x08254683A252B440
key=plain, no.=60, <checksum>:
0x8499AE9D15DFD75808254683A252B440
key=plain, no.=60, cso file:
/dev/null
----------------------------------------------
real command=cset shield -e /home/nrink/Projects/build/encode/encode/tests/array_sum/array_sum.perf.plain --  --cso /dev/null
key=plain, no.=61, <stderr>:
LENGTH=920
elapsed cycles: 181029
hi(checksum)=0x8499AE9D15DFD758
lo(checksum)=0x08254683A252B440
key=plain, no.=61, <checksum>:
0x8499AE9D15DFD75808254683A252B440
key=plain, no.=61, cso file:
/dev/null
----------------------------------------------
real command=cset shield -e /home/nrink/Projects/build/encode/encode/tests/array_sum/array_sum.perf.plain --  --cso /dev/null
key=plain, no.=62, <stderr>:
LENGTH=920
elapsed cycles: 177774
hi(checksum)=0x8499AE9D15DFD758
lo(checksum)=0x08254683A252B440
key=plain, no.=62, <checksum>:
0x8499AE9D15DFD75808254683A252B440
key=plain, no.=62, cso file:
/dev/null
----------------------------------------------
real command=cset shield -e /home/nrink/Projects/build/encode/encode/tests/array_sum/array_sum.perf.plain --  --cso /dev/null
key=plain, no.=63, <stderr>:
LENGTH=920
elapsed cycles: 176445
hi(checksum)=0x8499AE9D15DFD758
lo(checksum)=0x08254683A252B440
key=plain, no.=63, <checksum>:
0x8499AE9D15DFD75808254683A252B440
key=plain, no.=63, cso file:
/dev/null
----------------------------------------------
real command=cset shield -e /home/nrink/Projects/build/encode/encode/tests/array_sum/array_sum.perf.plain --  --cso /dev/null
key=plain, no.=64, <stderr>:
LENGTH=920
elapsed cycles: 240915
hi(checksum)=0x8499AE9D15DFD758
lo(checksum)=0x08254683A252B440
key=plain, no.=64, <checksum>:
0x8499AE9D15DFD75808254683A252B440
key=plain, no.=64, cso file:
/dev/null
----------------------------------------------
real command=cset shield -e /home/nrink/Projects/build/encode/encode/tests/array_sum/array_sum.perf.plain --  --cso /dev/null
key=plain, no.=65, <stderr>:
LENGTH=920
elapsed cycles: 234456
hi(checksum)=0x8499AE9D15DFD758
lo(checksum)=0x08254683A252B440
key=plain, no.=65, <checksum>:
0x8499AE9D15DFD75808254683A252B440
key=plain, no.=65, cso file:
/dev/null
----------------------------------------------
real command=cset shield -e /home/nrink/Projects/build/encode/encode/tests/array_sum/array_sum.perf.plain --  --cso /dev/null
key=plain, no.=66, <stderr>:
LENGTH=920
elapsed cycles: 229647
hi(checksum)=0x8499AE9D15DFD758
lo(checksum)=0x08254683A252B440
key=plain, no.=66, <checksum>:
0x8499AE9D15DFD75808254683A252B440
key=plain, no.=66, cso file:
/dev/null
----------------------------------------------
real command=cset shield -e /home/nrink/Projects/build/encode/encode/tests/array_sum/array_sum.perf.plain --  --cso /dev/null
key=plain, no.=67, <stderr>:
LENGTH=920
elapsed cycles: 216600
hi(checksum)=0x8499AE9D15DFD758
lo(checksum)=0x08254683A252B440
key=plain, no.=67, <checksum>:
0x8499AE9D15DFD75808254683A252B440
key=plain, no.=67, cso file:
/dev/null
----------------------------------------------
real command=cset shield -e /home/nrink/Projects/build/encode/encode/tests/array_sum/array_sum.perf.plain --  --cso /dev/null
key=plain, no.=68, <stderr>:
LENGTH=920
elapsed cycles: 232437
hi(checksum)=0x8499AE9D15DFD758
lo(checksum)=0x08254683A252B440
key=plain, no.=68, <checksum>:
0x8499AE9D15DFD75808254683A252B440
key=plain, no.=68, cso file:
/dev/null
----------------------------------------------
real command=cset shield -e /home/nrink/Projects/build/encode/encode/tests/array_sum/array_sum.perf.plain --  --cso /dev/null
key=plain, no.=69, <stderr>:
LENGTH=920
elapsed cycles: 234297
hi(checksum)=0x8499AE9D15DFD758
lo(checksum)=0x08254683A252B440
key=plain, no.=69, <checksum>:
0x8499AE9D15DFD75808254683A252B440
key=plain, no.=69, cso file:
/dev/null
----------------------------------------------
real command=cset shield -e /home/nrink/Projects/build/encode/encode/tests/array_sum/array_sum.perf.plain --  --cso /dev/null
key=plain, no.=70, <stderr>:
LENGTH=920
elapsed cycles: 176391
hi(checksum)=0x8499AE9D15DFD758
lo(checksum)=0x08254683A252B440
key=plain, no.=70, <checksum>:
0x8499AE9D15DFD75808254683A252B440
key=plain, no.=70, cso file:
/dev/null
----------------------------------------------
real command=cset shield -e /home/nrink/Projects/build/encode/encode/tests/array_sum/array_sum.perf.plain --  --cso /dev/null
key=plain, no.=71, <stderr>:
LENGTH=920
elapsed cycles: 176388
hi(checksum)=0x8499AE9D15DFD758
lo(checksum)=0x08254683A252B440
key=plain, no.=71, <checksum>:
0x8499AE9D15DFD75808254683A252B440
key=plain, no.=71, cso file:
/dev/null
----------------------------------------------
real command=cset shield -e /home/nrink/Projects/build/encode/encode/tests/array_sum/array_sum.perf.plain --  --cso /dev/null
key=plain, no.=72, <stderr>:
LENGTH=920
elapsed cycles: 176325
hi(checksum)=0x8499AE9D15DFD758
lo(checksum)=0x08254683A252B440
key=plain, no.=72, <checksum>:
0x8499AE9D15DFD75808254683A252B440
key=plain, no.=72, cso file:
/dev/null
----------------------------------------------
real command=cset shield -e /home/nrink/Projects/build/encode/encode/tests/array_sum/array_sum.perf.plain --  --cso /dev/null
key=plain, no.=73, <stderr>:
LENGTH=920
elapsed cycles: 176412
hi(checksum)=0x8499AE9D15DFD758
lo(checksum)=0x08254683A252B440
key=plain, no.=73, <checksum>:
0x8499AE9D15DFD75808254683A252B440
key=plain, no.=73, cso file:
/dev/null
----------------------------------------------
real command=cset shield -e /home/nrink/Projects/build/encode/encode/tests/array_sum/array_sum.perf.plain --  --cso /dev/null
key=plain, no.=74, <stderr>:
LENGTH=920
elapsed cycles: 185973
hi(checksum)=0x8499AE9D15DFD758
lo(checksum)=0x08254683A252B440
key=plain, no.=74, <checksum>:
0x8499AE9D15DFD75808254683A252B440
key=plain, no.=74, cso file:
/dev/null
----------------------------------------------
real command=cset shield -e /home/nrink/Projects/build/encode/encode/tests/array_sum/array_sum.perf.plain --  --cso /dev/null
key=plain, no.=75, <stderr>:
LENGTH=920
elapsed cycles: 208368
hi(checksum)=0x8499AE9D15DFD758
lo(checksum)=0x08254683A252B440
key=plain, no.=75, <checksum>:
0x8499AE9D15DFD75808254683A252B440
key=plain, no.=75, cso file:
/dev/null
----------------------------------------------
real command=cset shield -e /home/nrink/Projects/build/encode/encode/tests/array_sum/array_sum.perf.plain --  --cso /dev/null
key=plain, no.=76, <stderr>:
LENGTH=920
elapsed cycles: 177444
hi(checksum)=0x8499AE9D15DFD758
lo(checksum)=0x08254683A252B440
key=plain, no.=76, <checksum>:
0x8499AE9D15DFD75808254683A252B440
key=plain, no.=76, cso file:
/dev/null
----------------------------------------------
real command=cset shield -e /home/nrink/Projects/build/encode/encode/tests/array_sum/array_sum.perf.plain --  --cso /dev/null
key=plain, no.=77, <stderr>:
LENGTH=920
elapsed cycles: 182388
hi(checksum)=0x8499AE9D15DFD758
lo(checksum)=0x08254683A252B440
key=plain, no.=77, <checksum>:
0x8499AE9D15DFD75808254683A252B440
key=plain, no.=77, cso file:
/dev/null
----------------------------------------------
real command=cset shield -e /home/nrink/Projects/build/encode/encode/tests/array_sum/array_sum.perf.plain --  --cso /dev/null
key=plain, no.=78, <stderr>:
LENGTH=920
elapsed cycles: 176523
hi(checksum)=0x8499AE9D15DFD758
lo(checksum)=0x08254683A252B440
key=plain, no.=78, <checksum>:
0x8499AE9D15DFD75808254683A252B440
key=plain, no.=78, cso file:
/dev/null
----------------------------------------------
real command=cset shield -e /home/nrink/Projects/build/encode/encode/tests/array_sum/array_sum.perf.plain --  --cso /dev/null
key=plain, no.=79, <stderr>:
LENGTH=920
elapsed cycles: 176514
hi(checksum)=0x8499AE9D15DFD758
lo(checksum)=0x08254683A252B440
key=plain, no.=79, <checksum>:
0x8499AE9D15DFD75808254683A252B440
key=plain, no.=79, cso file:
/dev/null
----------------------------------------------
real command=cset shield -e /home/nrink/Projects/build/encode/encode/tests/array_sum/array_sum.perf.plain --  --cso /dev/null
key=plain, no.=80, <stderr>:
LENGTH=920
elapsed cycles: 176283
hi(checksum)=0x8499AE9D15DFD758
lo(checksum)=0x08254683A252B440
key=plain, no.=80, <checksum>:
0x8499AE9D15DFD75808254683A252B440
key=plain, no.=80, cso file:
/dev/null
----------------------------------------------
real command=cset shield -e /home/nrink/Projects/build/encode/encode/tests/array_sum/array_sum.perf.plain --  --cso /dev/null
key=plain, no.=81, <stderr>:
LENGTH=920
elapsed cycles: 185955
hi(checksum)=0x8499AE9D15DFD758
lo(checksum)=0x08254683A252B440
key=plain, no.=81, <checksum>:
0x8499AE9D15DFD75808254683A252B440
key=plain, no.=81, cso file:
/dev/null
----------------------------------------------
real command=cset shield -e /home/nrink/Projects/build/encode/encode/tests/array_sum/array_sum.perf.plain --  --cso /dev/null
key=plain, no.=82, <stderr>:
LENGTH=920
elapsed cycles: 291792
hi(checksum)=0x8499AE9D15DFD758
lo(checksum)=0x08254683A252B440
key=plain, no.=82, <checksum>:
0x8499AE9D15DFD75808254683A252B440
key=plain, no.=82, cso file:
/dev/null
----------------------------------------------
real command=cset shield -e /home/nrink/Projects/build/encode/encode/tests/array_sum/array_sum.perf.plain --  --cso /dev/null
key=plain, no.=83, <stderr>:
LENGTH=920
elapsed cycles: 221739
hi(checksum)=0x8499AE9D15DFD758
lo(checksum)=0x08254683A252B440
key=plain, no.=83, <checksum>:
0x8499AE9D15DFD75808254683A252B440
key=plain, no.=83, cso file:
/dev/null
----------------------------------------------
real command=cset shield -e /home/nrink/Projects/build/encode/encode/tests/array_sum/array_sum.perf.plain --  --cso /dev/null
key=plain, no.=84, <stderr>:
LENGTH=920
elapsed cycles: 218271
hi(checksum)=0x8499AE9D15DFD758
lo(checksum)=0x08254683A252B440
key=plain, no.=84, <checksum>:
0x8499AE9D15DFD75808254683A252B440
key=plain, no.=84, cso file:
/dev/null
----------------------------------------------
real command=cset shield -e /home/nrink/Projects/build/encode/encode/tests/array_sum/array_sum.perf.plain --  --cso /dev/null
key=plain, no.=85, <stderr>:
LENGTH=920
elapsed cycles: 217713
hi(checksum)=0x8499AE9D15DFD758
lo(checksum)=0x08254683A252B440
key=plain, no.=85, <checksum>:
0x8499AE9D15DFD75808254683A252B440
key=plain, no.=85, cso file:
/dev/null
----------------------------------------------
real command=cset shield -e /home/nrink/Projects/build/encode/encode/tests/array_sum/array_sum.perf.plain --  --cso /dev/null
key=plain, no.=86, <stderr>:
LENGTH=920
elapsed cycles: 234567
hi(checksum)=0x8499AE9D15DFD758
lo(checksum)=0x08254683A252B440
key=plain, no.=86, <checksum>:
0x8499AE9D15DFD75808254683A252B440
key=plain, no.=86, cso file:
/dev/null
----------------------------------------------
real command=cset shield -e /home/nrink/Projects/build/encode/encode/tests/array_sum/array_sum.perf.plain --  --cso /dev/null
key=plain, no.=87, <stderr>:
LENGTH=920
elapsed cycles: 222141
hi(checksum)=0x8499AE9D15DFD758
lo(checksum)=0x08254683A252B440
key=plain, no.=87, <checksum>:
0x8499AE9D15DFD75808254683A252B440
key=plain, no.=87, cso file:
/dev/null
----------------------------------------------
real command=cset shield -e /home/nrink/Projects/build/encode/encode/tests/array_sum/array_sum.perf.plain --  --cso /dev/null
key=plain, no.=88, <stderr>:
LENGTH=920
elapsed cycles: 215097
hi(checksum)=0x8499AE9D15DFD758
lo(checksum)=0x08254683A252B440
key=plain, no.=88, <checksum>:
0x8499AE9D15DFD75808254683A252B440
key=plain, no.=88, cso file:
/dev/null
----------------------------------------------
real command=cset shield -e /home/nrink/Projects/build/encode/encode/tests/array_sum/array_sum.perf.plain --  --cso /dev/null
key=plain, no.=89, <stderr>:
LENGTH=920
elapsed cycles: 227565
hi(checksum)=0x8499AE9D15DFD758
lo(checksum)=0x08254683A252B440
key=plain, no.=89, <checksum>:
0x8499AE9D15DFD75808254683A252B440
key=plain, no.=89, cso file:
/dev/null
----------------------------------------------
real command=cset shield -e /home/nrink/Projects/build/encode/encode/tests/array_sum/array_sum.perf.plain --  --cso /dev/null
key=plain, no.=90, <stderr>:
LENGTH=920
elapsed cycles: 240339
hi(checksum)=0x8499AE9D15DFD758
lo(checksum)=0x08254683A252B440
key=plain, no.=90, <checksum>:
0x8499AE9D15DFD75808254683A252B440
key=plain, no.=90, cso file:
/dev/null
----------------------------------------------
real command=cset shield -e /home/nrink/Projects/build/encode/encode/tests/array_sum/array_sum.perf.plain --  --cso /dev/null
key=plain, no.=91, <stderr>:
LENGTH=920
elapsed cycles: 234126
hi(checksum)=0x8499AE9D15DFD758
lo(checksum)=0x08254683A252B440
key=plain, no.=91, <checksum>:
0x8499AE9D15DFD75808254683A252B440
key=plain, no.=91, cso file:
/dev/null
----------------------------------------------
real command=cset shield -e /home/nrink/Projects/build/encode/encode/tests/array_sum/array_sum.perf.plain --  --cso /dev/null
key=plain, no.=92, <stderr>:
LENGTH=920
elapsed cycles: 231168
hi(checksum)=0x8499AE9D15DFD758
lo(checksum)=0x08254683A252B440
key=plain, no.=92, <checksum>:
0x8499AE9D15DFD75808254683A252B440
key=plain, no.=92, cso file:
/dev/null
----------------------------------------------
real command=cset shield -e /home/nrink/Projects/build/encode/encode/tests/array_sum/array_sum.perf.plain --  --cso /dev/null
key=plain, no.=93, <stderr>:
LENGTH=920
elapsed cycles: 218397
hi(checksum)=0x8499AE9D15DFD758
lo(checksum)=0x08254683A252B440
key=plain, no.=93, <checksum>:
0x8499AE9D15DFD75808254683A252B440
key=plain, no.=93, cso file:
/dev/null
----------------------------------------------
real command=cset shield -e /home/nrink/Projects/build/encode/encode/tests/array_sum/array_sum.perf.plain --  --cso /dev/null
key=plain, no.=94, <stderr>:
LENGTH=920
elapsed cycles: 217476
hi(checksum)=0x8499AE9D15DFD758
lo(checksum)=0x08254683A252B440
key=plain, no.=94, <checksum>:
0x8499AE9D15DFD75808254683A252B440
key=plain, no.=94, cso file:
/dev/null
----------------------------------------------
real command=cset shield -e /home/nrink/Projects/build/encode/encode/tests/array_sum/array_sum.perf.plain --  --cso /dev/null
key=plain, no.=95, <stderr>:
LENGTH=920
elapsed cycles: 223299
hi(checksum)=0x8499AE9D15DFD758
lo(checksum)=0x08254683A252B440
key=plain, no.=95, <checksum>:
0x8499AE9D15DFD75808254683A252B440
key=plain, no.=95, cso file:
/dev/null
----------------------------------------------
real command=cset shield -e /home/nrink/Projects/build/encode/encode/tests/array_sum/array_sum.perf.plain --  --cso /dev/null
key=plain, no.=96, <stderr>:
LENGTH=920
elapsed cycles: 300399
hi(checksum)=0x8499AE9D15DFD758
lo(checksum)=0x08254683A252B440
key=plain, no.=96, <checksum>:
0x8499AE9D15DFD75808254683A252B440
key=plain, no.=96, cso file:
/dev/null
----------------------------------------------
real command=cset shield -e /home/nrink/Projects/build/encode/encode/tests/array_sum/array_sum.perf.plain --  --cso /dev/null
key=plain, no.=97, <stderr>:
LENGTH=920
elapsed cycles: 223938
hi(checksum)=0x8499AE9D15DFD758
lo(checksum)=0x08254683A252B440
key=plain, no.=97, <checksum>:
0x8499AE9D15DFD75808254683A252B440
key=plain, no.=97, cso file:
/dev/null
----------------------------------------------
real command=cset shield -e /home/nrink/Projects/build/encode/encode/tests/array_sum/array_sum.perf.plain --  --cso /dev/null
key=plain, no.=98, <stderr>:
LENGTH=920
elapsed cycles: 216000
hi(checksum)=0x8499AE9D15DFD758
lo(checksum)=0x08254683A252B440
key=plain, no.=98, <checksum>:
0x8499AE9D15DFD75808254683A252B440
key=plain, no.=98, cso file:
/dev/null
----------------------------------------------
real command=cset shield -e /home/nrink/Projects/build/encode/encode/tests/array_sum/array_sum.perf.plain --  --cso /dev/null
key=plain, no.=99, <stderr>:
LENGTH=920
elapsed cycles: 235686
hi(checksum)=0x8499AE9D15DFD758
lo(checksum)=0x08254683A252B440
key=plain, no.=99, <checksum>:
0x8499AE9D15DFD75808254683A252B440
key=plain, no.=99, cso file:
/dev/null
----------------------------------------------
key=encoded, runs=100 ...
command=/home/nrink/Projects/build/encode/encode/tests/array_sum/array_sum.perf.encoded
----------------------------------------------
real command=cset shield -e /home/nrink/Projects/build/encode/encode/tests/array_sum/array_sum.perf.encoded --  --cso /dev/null
key=encoded, no.=0, <stderr>:
LENGTH=920
elapsed cycles: 2476155
hi(checksum)=0x8499AE9D15DFD758
lo(checksum)=0x08254683A252B440
key=encoded, no.=0, <checksum>:
0x8499AE9D15DFD75808254683A252B440
key=encoded, no.=0, cso file:
/dev/null
----------------------------------------------
real command=cset shield -e /home/nrink/Projects/build/encode/encode/tests/array_sum/array_sum.perf.encoded --  --cso /dev/null
key=encoded, no.=1, <stderr>:
LENGTH=920
elapsed cycles: 2474097
hi(checksum)=0x8499AE9D15DFD758
lo(checksum)=0x08254683A252B440
key=encoded, no.=1, <checksum>:
0x8499AE9D15DFD75808254683A252B440
key=encoded, no.=1, cso file:
/dev/null
----------------------------------------------
real command=cset shield -e /home/nrink/Projects/build/encode/encode/tests/array_sum/array_sum.perf.encoded --  --cso /dev/null
key=encoded, no.=2, <stderr>:
LENGTH=920
elapsed cycles: 1959729
hi(checksum)=0x8499AE9D15DFD758
lo(checksum)=0x08254683A252B440
key=encoded, no.=2, <checksum>:
0x8499AE9D15DFD75808254683A252B440
key=encoded, no.=2, cso file:
/dev/null
----------------------------------------------
real command=cset shield -e /home/nrink/Projects/build/encode/encode/tests/array_sum/array_sum.perf.encoded --  --cso /dev/null
key=encoded, no.=3, <stderr>:
LENGTH=920
elapsed cycles: 2027664
hi(checksum)=0x8499AE9D15DFD758
lo(checksum)=0x08254683A252B440
key=encoded, no.=3, <checksum>:
0x8499AE9D15DFD75808254683A252B440
key=encoded, no.=3, cso file:
/dev/null
----------------------------------------------
real command=cset shield -e /home/nrink/Projects/build/encode/encode/tests/array_sum/array_sum.perf.encoded --  --cso /dev/null
key=encoded, no.=4, <stderr>:
LENGTH=920
elapsed cycles: 2447820
hi(checksum)=0x8499AE9D15DFD758
lo(checksum)=0x08254683A252B440
key=encoded, no.=4, <checksum>:
0x8499AE9D15DFD75808254683A252B440
key=encoded, no.=4, cso file:
/dev/null
----------------------------------------------
real command=cset shield -e /home/nrink/Projects/build/encode/encode/tests/array_sum/array_sum.perf.encoded --  --cso /dev/null
key=encoded, no.=5, <stderr>:
LENGTH=920
elapsed cycles: 1962867
hi(checksum)=0x8499AE9D15DFD758
lo(checksum)=0x08254683A252B440
key=encoded, no.=5, <checksum>:
0x8499AE9D15DFD75808254683A252B440
key=encoded, no.=5, cso file:
/dev/null
----------------------------------------------
real command=cset shield -e /home/nrink/Projects/build/encode/encode/tests/array_sum/array_sum.perf.encoded --  --cso /dev/null
key=encoded, no.=6, <stderr>:
LENGTH=920
elapsed cycles: 2475783
hi(checksum)=0x8499AE9D15DFD758
lo(checksum)=0x08254683A252B440
key=encoded, no.=6, <checksum>:
0x8499AE9D15DFD75808254683A252B440
key=encoded, no.=6, cso file:
/dev/null
----------------------------------------------
real command=cset shield -e /home/nrink/Projects/build/encode/encode/tests/array_sum/array_sum.perf.encoded --  --cso /dev/null
key=encoded, no.=7, <stderr>:
LENGTH=920
elapsed cycles: 2560809
hi(checksum)=0x8499AE9D15DFD758
lo(checksum)=0x08254683A252B440
key=encoded, no.=7, <checksum>:
0x8499AE9D15DFD75808254683A252B440
key=encoded, no.=7, cso file:
/dev/null
----------------------------------------------
real command=cset shield -e /home/nrink/Projects/build/encode/encode/tests/array_sum/array_sum.perf.encoded --  --cso /dev/null
key=encoded, no.=8, <stderr>:
LENGTH=920
elapsed cycles: 2479119
hi(checksum)=0x8499AE9D15DFD758
lo(checksum)=0x08254683A252B440
key=encoded, no.=8, <checksum>:
0x8499AE9D15DFD75808254683A252B440
key=encoded, no.=8, cso file:
/dev/null
----------------------------------------------
real command=cset shield -e /home/nrink/Projects/build/encode/encode/tests/array_sum/array_sum.perf.encoded --  --cso /dev/null
key=encoded, no.=9, <stderr>:
LENGTH=920
elapsed cycles: 1954623
hi(checksum)=0x8499AE9D15DFD758
lo(checksum)=0x08254683A252B440
key=encoded, no.=9, <checksum>:
0x8499AE9D15DFD75808254683A252B440
key=encoded, no.=9, cso file:
/dev/null
----------------------------------------------
real command=cset shield -e /home/nrink/Projects/build/encode/encode/tests/array_sum/array_sum.perf.encoded --  --cso /dev/null
key=encoded, no.=10, <stderr>:
LENGTH=920
elapsed cycles: 2472030
hi(checksum)=0x8499AE9D15DFD758
lo(checksum)=0x08254683A252B440
key=encoded, no.=10, <checksum>:
0x8499AE9D15DFD75808254683A252B440
key=encoded, no.=10, cso file:
/dev/null
----------------------------------------------
real command=cset shield -e /home/nrink/Projects/build/encode/encode/tests/array_sum/array_sum.perf.encoded --  --cso /dev/null
key=encoded, no.=11, <stderr>:
LENGTH=920
elapsed cycles: 2139300
hi(checksum)=0x8499AE9D15DFD758
lo(checksum)=0x08254683A252B440
key=encoded, no.=11, <checksum>:
0x8499AE9D15DFD75808254683A252B440
key=encoded, no.=11, cso file:
/dev/null
----------------------------------------------
real command=cset shield -e /home/nrink/Projects/build/encode/encode/tests/array_sum/array_sum.perf.encoded --  --cso /dev/null
key=encoded, no.=12, <stderr>:
LENGTH=920
elapsed cycles: 2474394
hi(checksum)=0x8499AE9D15DFD758
lo(checksum)=0x08254683A252B440
key=encoded, no.=12, <checksum>:
0x8499AE9D15DFD75808254683A252B440
key=encoded, no.=12, cso file:
/dev/null
----------------------------------------------
real command=cset shield -e /home/nrink/Projects/build/encode/encode/tests/array_sum/array_sum.perf.encoded --  --cso /dev/null
key=encoded, no.=13, <stderr>:
LENGTH=920
elapsed cycles: 2464275
hi(checksum)=0x8499AE9D15DFD758
lo(checksum)=0x08254683A252B440
key=encoded, no.=13, <checksum>:
0x8499AE9D15DFD75808254683A252B440
key=encoded, no.=13, cso file:
/dev/null
----------------------------------------------
real command=cset shield -e /home/nrink/Projects/build/encode/encode/tests/array_sum/array_sum.perf.encoded --  --cso /dev/null
key=encoded, no.=14, <stderr>:
LENGTH=920
elapsed cycles: 2475663
hi(checksum)=0x8499AE9D15DFD758
lo(checksum)=0x08254683A252B440
key=encoded, no.=14, <checksum>:
0x8499AE9D15DFD75808254683A252B440
key=encoded, no.=14, cso file:
/dev/null
----------------------------------------------
real command=cset shield -e /home/nrink/Projects/build/encode/encode/tests/array_sum/array_sum.perf.encoded --  --cso /dev/null
key=encoded, no.=15, <stderr>:
LENGTH=920
elapsed cycles: 2203851
hi(checksum)=0x8499AE9D15DFD758
lo(checksum)=0x08254683A252B440
key=encoded, no.=15, <checksum>:
0x8499AE9D15DFD75808254683A252B440
key=encoded, no.=15, cso file:
/dev/null
----------------------------------------------
real command=cset shield -e /home/nrink/Projects/build/encode/encode/tests/array_sum/array_sum.perf.encoded --  --cso /dev/null
key=encoded, no.=16, <stderr>:
LENGTH=920
elapsed cycles: 2469330
hi(checksum)=0x8499AE9D15DFD758
lo(checksum)=0x08254683A252B440
key=encoded, no.=16, <checksum>:
0x8499AE9D15DFD75808254683A252B440
key=encoded, no.=16, cso file:
/dev/null
----------------------------------------------
real command=cset shield -e /home/nrink/Projects/build/encode/encode/tests/array_sum/array_sum.perf.encoded --  --cso /dev/null
key=encoded, no.=17, <stderr>:
LENGTH=920
elapsed cycles: 2472492
hi(checksum)=0x8499AE9D15DFD758
lo(checksum)=0x08254683A252B440
key=encoded, no.=17, <checksum>:
0x8499AE9D15DFD75808254683A252B440
key=encoded, no.=17, cso file:
/dev/null
----------------------------------------------
real command=cset shield -e /home/nrink/Projects/build/encode/encode/tests/array_sum/array_sum.perf.encoded --  --cso /dev/null
key=encoded, no.=18, <stderr>:
LENGTH=920
elapsed cycles: 2462895
hi(checksum)=0x8499AE9D15DFD758
lo(checksum)=0x08254683A252B440
key=encoded, no.=18, <checksum>:
0x8499AE9D15DFD75808254683A252B440
key=encoded, no.=18, cso file:
/dev/null
----------------------------------------------
real command=cset shield -e /home/nrink/Projects/build/encode/encode/tests/array_sum/array_sum.perf.encoded --  --cso /dev/null
key=encoded, no.=19, <stderr>:
LENGTH=920
elapsed cycles: 2070099
hi(checksum)=0x8499AE9D15DFD758
lo(checksum)=0x08254683A252B440
key=encoded, no.=19, <checksum>:
0x8499AE9D15DFD75808254683A252B440
key=encoded, no.=19, cso file:
/dev/null
----------------------------------------------
real command=cset shield -e /home/nrink/Projects/build/encode/encode/tests/array_sum/array_sum.perf.encoded --  --cso /dev/null
key=encoded, no.=20, <stderr>:
LENGTH=920
elapsed cycles: 2464158
hi(checksum)=0x8499AE9D15DFD758
lo(checksum)=0x08254683A252B440
key=encoded, no.=20, <checksum>:
0x8499AE9D15DFD75808254683A252B440
key=encoded, no.=20, cso file:
/dev/null
----------------------------------------------
real command=cset shield -e /home/nrink/Projects/build/encode/encode/tests/array_sum/array_sum.perf.encoded --  --cso /dev/null
key=encoded, no.=21, <stderr>:
LENGTH=920
elapsed cycles: 2466756
hi(checksum)=0x8499AE9D15DFD758
lo(checksum)=0x08254683A252B440
key=encoded, no.=21, <checksum>:
0x8499AE9D15DFD75808254683A252B440
key=encoded, no.=21, cso file:
/dev/null
----------------------------------------------
real command=cset shield -e /home/nrink/Projects/build/encode/encode/tests/array_sum/array_sum.perf.encoded --  --cso /dev/null
key=encoded, no.=22, <stderr>:
LENGTH=920
elapsed cycles: 2459019
hi(checksum)=0x8499AE9D15DFD758
lo(checksum)=0x08254683A252B440
key=encoded, no.=22, <checksum>:
0x8499AE9D15DFD75808254683A252B440
key=encoded, no.=22, cso file:
/dev/null
----------------------------------------------
real command=cset shield -e /home/nrink/Projects/build/encode/encode/tests/array_sum/array_sum.perf.encoded --  --cso /dev/null
key=encoded, no.=23, <stderr>:
LENGTH=920
elapsed cycles: 2047152
hi(checksum)=0x8499AE9D15DFD758
lo(checksum)=0x08254683A252B440
key=encoded, no.=23, <checksum>:
0x8499AE9D15DFD75808254683A252B440
key=encoded, no.=23, cso file:
/dev/null
----------------------------------------------
real command=cset shield -e /home/nrink/Projects/build/encode/encode/tests/array_sum/array_sum.perf.encoded --  --cso /dev/null
key=encoded, no.=24, <stderr>:
LENGTH=920
elapsed cycles: 1959138
hi(checksum)=0x8499AE9D15DFD758
lo(checksum)=0x08254683A252B440
key=encoded, no.=24, <checksum>:
0x8499AE9D15DFD75808254683A252B440
key=encoded, no.=24, cso file:
/dev/null
----------------------------------------------
real command=cset shield -e /home/nrink/Projects/build/encode/encode/tests/array_sum/array_sum.perf.encoded --  --cso /dev/null
key=encoded, no.=25, <stderr>:
LENGTH=920
elapsed cycles: 2477298
hi(checksum)=0x8499AE9D15DFD758
lo(checksum)=0x08254683A252B440
key=encoded, no.=25, <checksum>:
0x8499AE9D15DFD75808254683A252B440
key=encoded, no.=25, cso file:
/dev/null
----------------------------------------------
real command=cset shield -e /home/nrink/Projects/build/encode/encode/tests/array_sum/array_sum.perf.encoded --  --cso /dev/null
key=encoded, no.=26, <stderr>:
LENGTH=920
elapsed cycles: 1962243
hi(checksum)=0x8499AE9D15DFD758
lo(checksum)=0x08254683A252B440
key=encoded, no.=26, <checksum>:
0x8499AE9D15DFD75808254683A252B440
key=encoded, no.=26, cso file:
/dev/null
----------------------------------------------
real command=cset shield -e /home/nrink/Projects/build/encode/encode/tests/array_sum/array_sum.perf.encoded --  --cso /dev/null
key=encoded, no.=27, <stderr>:
LENGTH=920
elapsed cycles: 1956360
hi(checksum)=0x8499AE9D15DFD758
lo(checksum)=0x08254683A252B440
key=encoded, no.=27, <checksum>:
0x8499AE9D15DFD75808254683A252B440
key=encoded, no.=27, cso file:
/dev/null
----------------------------------------------
real command=cset shield -e /home/nrink/Projects/build/encode/encode/tests/array_sum/array_sum.perf.encoded --  --cso /dev/null
key=encoded, no.=28, <stderr>:
LENGTH=920
elapsed cycles: 2609526
hi(checksum)=0x8499AE9D15DFD758
lo(checksum)=0x08254683A252B440
key=encoded, no.=28, <checksum>:
0x8499AE9D15DFD75808254683A252B440
key=encoded, no.=28, cso file:
/dev/null
----------------------------------------------
real command=cset shield -e /home/nrink/Projects/build/encode/encode/tests/array_sum/array_sum.perf.encoded --  --cso /dev/null
key=encoded, no.=29, <stderr>:
LENGTH=920
elapsed cycles: 2485656
hi(checksum)=0x8499AE9D15DFD758
lo(checksum)=0x08254683A252B440
key=encoded, no.=29, <checksum>:
0x8499AE9D15DFD75808254683A252B440
key=encoded, no.=29, cso file:
/dev/null
----------------------------------------------
real command=cset shield -e /home/nrink/Projects/build/encode/encode/tests/array_sum/array_sum.perf.encoded --  --cso /dev/null
key=encoded, no.=30, <stderr>:
LENGTH=920
elapsed cycles: 2471265
hi(checksum)=0x8499AE9D15DFD758
lo(checksum)=0x08254683A252B440
key=encoded, no.=30, <checksum>:
0x8499AE9D15DFD75808254683A252B440
key=encoded, no.=30, cso file:
/dev/null
----------------------------------------------
real command=cset shield -e /home/nrink/Projects/build/encode/encode/tests/array_sum/array_sum.perf.encoded --  --cso /dev/null
key=encoded, no.=31, <stderr>:
LENGTH=920
elapsed cycles: 2457612
hi(checksum)=0x8499AE9D15DFD758
lo(checksum)=0x08254683A252B440
key=encoded, no.=31, <checksum>:
0x8499AE9D15DFD75808254683A252B440
key=encoded, no.=31, cso file:
/dev/null
----------------------------------------------
real command=cset shield -e /home/nrink/Projects/build/encode/encode/tests/array_sum/array_sum.perf.encoded --  --cso /dev/null
key=encoded, no.=32, <stderr>:
LENGTH=920
elapsed cycles: 2122635
hi(checksum)=0x8499AE9D15DFD758
lo(checksum)=0x08254683A252B440
key=encoded, no.=32, <checksum>:
0x8499AE9D15DFD75808254683A252B440
key=encoded, no.=32, cso file:
/dev/null
----------------------------------------------
real command=cset shield -e /home/nrink/Projects/build/encode/encode/tests/array_sum/array_sum.perf.encoded --  --cso /dev/null
key=encoded, no.=33, <stderr>:
LENGTH=920
elapsed cycles: 1959579
hi(checksum)=0x8499AE9D15DFD758
lo(checksum)=0x08254683A252B440
key=encoded, no.=33, <checksum>:
0x8499AE9D15DFD75808254683A252B440
key=encoded, no.=33, cso file:
/dev/null
----------------------------------------------
real command=cset shield -e /home/nrink/Projects/build/encode/encode/tests/array_sum/array_sum.perf.encoded --  --cso /dev/null
key=encoded, no.=34, <stderr>:
LENGTH=920
elapsed cycles: 2464698
hi(checksum)=0x8499AE9D15DFD758
lo(checksum)=0x08254683A252B440
key=encoded, no.=34, <checksum>:
0x8499AE9D15DFD75808254683A252B440
key=encoded, no.=34, cso file:
/dev/null
----------------------------------------------
real command=cset shield -e /home/nrink/Projects/build/encode/encode/tests/array_sum/array_sum.perf.encoded --  --cso /dev/null
key=encoded, no.=35, <stderr>:
LENGTH=920
elapsed cycles: 1956384
hi(checksum)=0x8499AE9D15DFD758
lo(checksum)=0x08254683A252B440
key=encoded, no.=35, <checksum>:
0x8499AE9D15DFD75808254683A252B440
key=encoded, no.=35, cso file:
/dev/null
----------------------------------------------
real command=cset shield -e /home/nrink/Projects/build/encode/encode/tests/array_sum/array_sum.perf.encoded --  --cso /dev/null
key=encoded, no.=36, <stderr>:
LENGTH=920
elapsed cycles: 2035227
hi(checksum)=0x8499AE9D15DFD758
lo(checksum)=0x08254683A252B440
key=encoded, no.=36, <checksum>:
0x8499AE9D15DFD75808254683A252B440
key=encoded, no.=36, cso file:
/dev/null
----------------------------------------------
real command=cset shield -e /home/nrink/Projects/build/encode/encode/tests/array_sum/array_sum.perf.encoded --  --cso /dev/null
key=encoded, no.=37, <stderr>:
LENGTH=920
elapsed cycles: 2443965
hi(checksum)=0x8499AE9D15DFD758
lo(checksum)=0x08254683A252B440
key=encoded, no.=37, <checksum>:
0x8499AE9D15DFD75808254683A252B440
key=encoded, no.=37, cso file:
/dev/null
----------------------------------------------
real command=cset shield -e /home/nrink/Projects/build/encode/encode/tests/array_sum/array_sum.perf.encoded --  --cso /dev/null
key=encoded, no.=38, <stderr>:
LENGTH=920
elapsed cycles: 2471361
hi(checksum)=0x8499AE9D15DFD758
lo(checksum)=0x08254683A252B440
key=encoded, no.=38, <checksum>:
0x8499AE9D15DFD75808254683A252B440
key=encoded, no.=38, cso file:
/dev/null
----------------------------------------------
real command=cset shield -e /home/nrink/Projects/build/encode/encode/tests/array_sum/array_sum.perf.encoded --  --cso /dev/null
key=encoded, no.=39, <stderr>:
LENGTH=920
elapsed cycles: 2493066
hi(checksum)=0x8499AE9D15DFD758
lo(checksum)=0x08254683A252B440
key=encoded, no.=39, <checksum>:
0x8499AE9D15DFD75808254683A252B440
key=encoded, no.=39, cso file:
/dev/null
----------------------------------------------
real command=cset shield -e /home/nrink/Projects/build/encode/encode/tests/array_sum/array_sum.perf.encoded --  --cso /dev/null
key=encoded, no.=40, <stderr>:
LENGTH=920
elapsed cycles: 2035869
hi(checksum)=0x8499AE9D15DFD758
lo(checksum)=0x08254683A252B440
key=encoded, no.=40, <checksum>:
0x8499AE9D15DFD75808254683A252B440
key=encoded, no.=40, cso file:
/dev/null
----------------------------------------------
real command=cset shield -e /home/nrink/Projects/build/encode/encode/tests/array_sum/array_sum.perf.encoded --  --cso /dev/null
key=encoded, no.=41, <stderr>:
LENGTH=920
elapsed cycles: 1957023
hi(checksum)=0x8499AE9D15DFD758
lo(checksum)=0x08254683A252B440
key=encoded, no.=41, <checksum>:
0x8499AE9D15DFD75808254683A252B440
key=encoded, no.=41, cso file:
/dev/null
----------------------------------------------
real command=cset shield -e /home/nrink/Projects/build/encode/encode/tests/array_sum/array_sum.perf.encoded --  --cso /dev/null
key=encoded, no.=42, <stderr>:
LENGTH=920
elapsed cycles: 2484015
hi(checksum)=0x8499AE9D15DFD758
lo(checksum)=0x08254683A252B440
key=encoded, no.=42, <checksum>:
0x8499AE9D15DFD75808254683A252B440
key=encoded, no.=42, cso file:
/dev/null
----------------------------------------------
real command=cset shield -e /home/nrink/Projects/build/encode/encode/tests/array_sum/array_sum.perf.encoded --  --cso /dev/null
key=encoded, no.=43, <stderr>:
LENGTH=920
elapsed cycles: 1957623
hi(checksum)=0x8499AE9D15DFD758
lo(checksum)=0x08254683A252B440
key=encoded, no.=43, <checksum>:
0x8499AE9D15DFD75808254683A252B440
key=encoded, no.=43, cso file:
/dev/null
----------------------------------------------
real command=cset shield -e /home/nrink/Projects/build/encode/encode/tests/array_sum/array_sum.perf.encoded --  --cso /dev/null
key=encoded, no.=44, <stderr>:
LENGTH=920
elapsed cycles: 1960248
hi(checksum)=0x8499AE9D15DFD758
lo(checksum)=0x08254683A252B440
key=encoded, no.=44, <checksum>:
0x8499AE9D15DFD75808254683A252B440
key=encoded, no.=44, cso file:
/dev/null
----------------------------------------------
real command=cset shield -e /home/nrink/Projects/build/encode/encode/tests/array_sum/array_sum.perf.encoded --  --cso /dev/null
key=encoded, no.=45, <stderr>:
LENGTH=920
elapsed cycles: 2664546
hi(checksum)=0x8499AE9D15DFD758
lo(checksum)=0x08254683A252B440
key=encoded, no.=45, <checksum>:
0x8499AE9D15DFD75808254683A252B440
key=encoded, no.=45, cso file:
/dev/null
----------------------------------------------
real command=cset shield -e /home/nrink/Projects/build/encode/encode/tests/array_sum/array_sum.perf.encoded --  --cso /dev/null
key=encoded, no.=46, <stderr>:
LENGTH=920
elapsed cycles: 1953672
hi(checksum)=0x8499AE9D15DFD758
lo(checksum)=0x08254683A252B440
key=encoded, no.=46, <checksum>:
0x8499AE9D15DFD75808254683A252B440
key=encoded, no.=46, cso file:
/dev/null
----------------------------------------------
real command=cset shield -e /home/nrink/Projects/build/encode/encode/tests/array_sum/array_sum.perf.encoded --  --cso /dev/null
key=encoded, no.=47, <stderr>:
LENGTH=920
elapsed cycles: 2461290
hi(checksum)=0x8499AE9D15DFD758
lo(checksum)=0x08254683A252B440
key=encoded, no.=47, <checksum>:
0x8499AE9D15DFD75808254683A252B440
key=encoded, no.=47, cso file:
/dev/null
----------------------------------------------
real command=cset shield -e /home/nrink/Projects/build/encode/encode/tests/array_sum/array_sum.perf.encoded --  --cso /dev/null
key=encoded, no.=48, <stderr>:
LENGTH=920
elapsed cycles: 2469321
hi(checksum)=0x8499AE9D15DFD758
lo(checksum)=0x08254683A252B440
key=encoded, no.=48, <checksum>:
0x8499AE9D15DFD75808254683A252B440
key=encoded, no.=48, cso file:
/dev/null
----------------------------------------------
real command=cset shield -e /home/nrink/Projects/build/encode/encode/tests/array_sum/array_sum.perf.encoded --  --cso /dev/null
key=encoded, no.=49, <stderr>:
LENGTH=920
elapsed cycles: 2065641
hi(checksum)=0x8499AE9D15DFD758
lo(checksum)=0x08254683A252B440
key=encoded, no.=49, <checksum>:
0x8499AE9D15DFD75808254683A252B440
key=encoded, no.=49, cso file:
/dev/null
----------------------------------------------
real command=cset shield -e /home/nrink/Projects/build/encode/encode/tests/array_sum/array_sum.perf.encoded --  --cso /dev/null
key=encoded, no.=50, <stderr>:
LENGTH=920
elapsed cycles: 2461476
hi(checksum)=0x8499AE9D15DFD758
lo(checksum)=0x08254683A252B440
key=encoded, no.=50, <checksum>:
0x8499AE9D15DFD75808254683A252B440
key=encoded, no.=50, cso file:
/dev/null
----------------------------------------------
real command=cset shield -e /home/nrink/Projects/build/encode/encode/tests/array_sum/array_sum.perf.encoded --  --cso /dev/null
key=encoded, no.=51, <stderr>:
LENGTH=920
elapsed cycles: 2458578
hi(checksum)=0x8499AE9D15DFD758
lo(checksum)=0x08254683A252B440
key=encoded, no.=51, <checksum>:
0x8499AE9D15DFD75808254683A252B440
key=encoded, no.=51, cso file:
/dev/null
----------------------------------------------
real command=cset shield -e /home/nrink/Projects/build/encode/encode/tests/array_sum/array_sum.perf.encoded --  --cso /dev/null
key=encoded, no.=52, <stderr>:
LENGTH=920
elapsed cycles: 2445762
hi(checksum)=0x8499AE9D15DFD758
lo(checksum)=0x08254683A252B440
key=encoded, no.=52, <checksum>:
0x8499AE9D15DFD75808254683A252B440
key=encoded, no.=52, cso file:
/dev/null
----------------------------------------------
real command=cset shield -e /home/nrink/Projects/build/encode/encode/tests/array_sum/array_sum.perf.encoded --  --cso /dev/null
key=encoded, no.=53, <stderr>:
LENGTH=920
elapsed cycles: 2073396
hi(checksum)=0x8499AE9D15DFD758
lo(checksum)=0x08254683A252B440
key=encoded, no.=53, <checksum>:
0x8499AE9D15DFD75808254683A252B440
key=encoded, no.=53, cso file:
/dev/null
----------------------------------------------
real command=cset shield -e /home/nrink/Projects/build/encode/encode/tests/array_sum/array_sum.perf.encoded --  --cso /dev/null
key=encoded, no.=54, <stderr>:
LENGTH=920
elapsed cycles: 2463825
hi(checksum)=0x8499AE9D15DFD758
lo(checksum)=0x08254683A252B440
key=encoded, no.=54, <checksum>:
0x8499AE9D15DFD75808254683A252B440
key=encoded, no.=54, cso file:
/dev/null
----------------------------------------------
real command=cset shield -e /home/nrink/Projects/build/encode/encode/tests/array_sum/array_sum.perf.encoded --  --cso /dev/null
key=encoded, no.=55, <stderr>:
LENGTH=920
elapsed cycles: 2469474
hi(checksum)=0x8499AE9D15DFD758
lo(checksum)=0x08254683A252B440
key=encoded, no.=55, <checksum>:
0x8499AE9D15DFD75808254683A252B440
key=encoded, no.=55, cso file:
/dev/null
----------------------------------------------
real command=cset shield -e /home/nrink/Projects/build/encode/encode/tests/array_sum/array_sum.perf.encoded --  --cso /dev/null
key=encoded, no.=56, <stderr>:
LENGTH=920
elapsed cycles: 2463147
hi(checksum)=0x8499AE9D15DFD758
lo(checksum)=0x08254683A252B440
key=encoded, no.=56, <checksum>:
0x8499AE9D15DFD75808254683A252B440
key=encoded, no.=56, cso file:
/dev/null
----------------------------------------------
real command=cset shield -e /home/nrink/Projects/build/encode/encode/tests/array_sum/array_sum.perf.encoded --  --cso /dev/null
key=encoded, no.=57, <stderr>:
LENGTH=920
elapsed cycles: 2670906
hi(checksum)=0x8499AE9D15DFD758
lo(checksum)=0x08254683A252B440
key=encoded, no.=57, <checksum>:
0x8499AE9D15DFD75808254683A252B440
key=encoded, no.=57, cso file:
/dev/null
----------------------------------------------
real command=cset shield -e /home/nrink/Projects/build/encode/encode/tests/array_sum/array_sum.perf.encoded --  --cso /dev/null
key=encoded, no.=58, <stderr>:
LENGTH=920
elapsed cycles: 2487336
hi(checksum)=0x8499AE9D15DFD758
lo(checksum)=0x08254683A252B440
key=encoded, no.=58, <checksum>:
0x8499AE9D15DFD75808254683A252B440
key=encoded, no.=58, cso file:
/dev/null
----------------------------------------------
real command=cset shield -e /home/nrink/Projects/build/encode/encode/tests/array_sum/array_sum.perf.encoded --  --cso /dev/null
key=encoded, no.=59, <stderr>:
LENGTH=920
elapsed cycles: 2469585
hi(checksum)=0x8499AE9D15DFD758
lo(checksum)=0x08254683A252B440
key=encoded, no.=59, <checksum>:
0x8499AE9D15DFD75808254683A252B440
key=encoded, no.=59, cso file:
/dev/null
----------------------------------------------
real command=cset shield -e /home/nrink/Projects/build/encode/encode/tests/array_sum/array_sum.perf.encoded --  --cso /dev/null
key=encoded, no.=60, <stderr>:
LENGTH=920
elapsed cycles: 2475960
hi(checksum)=0x8499AE9D15DFD758
lo(checksum)=0x08254683A252B440
key=encoded, no.=60, <checksum>:
0x8499AE9D15DFD75808254683A252B440
key=encoded, no.=60, cso file:
/dev/null
----------------------------------------------
real command=cset shield -e /home/nrink/Projects/build/encode/encode/tests/array_sum/array_sum.perf.encoded --  --cso /dev/null
key=encoded, no.=61, <stderr>:
LENGTH=920
elapsed cycles: 2607945
hi(checksum)=0x8499AE9D15DFD758
lo(checksum)=0x08254683A252B440
key=encoded, no.=61, <checksum>:
0x8499AE9D15DFD75808254683A252B440
key=encoded, no.=61, cso file:
/dev/null
----------------------------------------------
real command=cset shield -e /home/nrink/Projects/build/encode/encode/tests/array_sum/array_sum.perf.encoded --  --cso /dev/null
key=encoded, no.=62, <stderr>:
LENGTH=920
elapsed cycles: 2465553
hi(checksum)=0x8499AE9D15DFD758
lo(checksum)=0x08254683A252B440
key=encoded, no.=62, <checksum>:
0x8499AE9D15DFD75808254683A252B440
key=encoded, no.=62, cso file:
/dev/null
----------------------------------------------
real command=cset shield -e /home/nrink/Projects/build/encode/encode/tests/array_sum/array_sum.perf.encoded --  --cso /dev/null
key=encoded, no.=63, <stderr>:
LENGTH=920
elapsed cycles: 2457810
hi(checksum)=0x8499AE9D15DFD758
lo(checksum)=0x08254683A252B440
key=encoded, no.=63, <checksum>:
0x8499AE9D15DFD75808254683A252B440
key=encoded, no.=63, cso file:
/dev/null
----------------------------------------------
real command=cset shield -e /home/nrink/Projects/build/encode/encode/tests/array_sum/array_sum.perf.encoded --  --cso /dev/null
key=encoded, no.=64, <stderr>:
LENGTH=920
elapsed cycles: 2447454
hi(checksum)=0x8499AE9D15DFD758
lo(checksum)=0x08254683A252B440
key=encoded, no.=64, <checksum>:
0x8499AE9D15DFD75808254683A252B440
key=encoded, no.=64, cso file:
/dev/null
----------------------------------------------
real command=cset shield -e /home/nrink/Projects/build/encode/encode/tests/array_sum/array_sum.perf.encoded --  --cso /dev/null
key=encoded, no.=65, <stderr>:
LENGTH=920
elapsed cycles: 1964034
hi(checksum)=0x8499AE9D15DFD758
lo(checksum)=0x08254683A252B440
key=encoded, no.=65, <checksum>:
0x8499AE9D15DFD75808254683A252B440
key=encoded, no.=65, cso file:
/dev/null
----------------------------------------------
real command=cset shield -e /home/nrink/Projects/build/encode/encode/tests/array_sum/array_sum.perf.encoded --  --cso /dev/null
key=encoded, no.=66, <stderr>:
LENGTH=920
elapsed cycles: 2474301
hi(checksum)=0x8499AE9D15DFD758
lo(checksum)=0x08254683A252B440
key=encoded, no.=66, <checksum>:
0x8499AE9D15DFD75808254683A252B440
key=encoded, no.=66, cso file:
/dev/null
----------------------------------------------
real command=cset shield -e /home/nrink/Projects/build/encode/encode/tests/array_sum/array_sum.perf.encoded --  --cso /dev/null
key=encoded, no.=67, <stderr>:
LENGTH=920
elapsed cycles: 2444238
hi(checksum)=0x8499AE9D15DFD758
lo(checksum)=0x08254683A252B440
key=encoded, no.=67, <checksum>:
0x8499AE9D15DFD75808254683A252B440
key=encoded, no.=67, cso file:
/dev/null
----------------------------------------------
real command=cset shield -e /home/nrink/Projects/build/encode/encode/tests/array_sum/array_sum.perf.encoded --  --cso /dev/null
key=encoded, no.=68, <stderr>:
LENGTH=920
elapsed cycles: 2155362
hi(checksum)=0x8499AE9D15DFD758
lo(checksum)=0x08254683A252B440
key=encoded, no.=68, <checksum>:
0x8499AE9D15DFD75808254683A252B440
key=encoded, no.=68, cso file:
/dev/null
----------------------------------------------
real command=cset shield -e /home/nrink/Projects/build/encode/encode/tests/array_sum/array_sum.perf.encoded --  --cso /dev/null
key=encoded, no.=69, <stderr>:
LENGTH=920
elapsed cycles: 1951926
hi(checksum)=0x8499AE9D15DFD758
lo(checksum)=0x08254683A252B440
key=encoded, no.=69, <checksum>:
0x8499AE9D15DFD75808254683A252B440
key=encoded, no.=69, cso file:
/dev/null
----------------------------------------------
real command=cset shield -e /home/nrink/Projects/build/encode/encode/tests/array_sum/array_sum.perf.encoded --  --cso /dev/null
key=encoded, no.=70, <stderr>:
LENGTH=920
elapsed cycles: 2464803
hi(checksum)=0x8499AE9D15DFD758
lo(checksum)=0x08254683A252B440
key=encoded, no.=70, <checksum>:
0x8499AE9D15DFD75808254683A252B440
key=encoded, no.=70, cso file:
/dev/null
----------------------------------------------
real command=cset shield -e /home/nrink/Projects/build/encode/encode/tests/array_sum/array_sum.perf.encoded --  --cso /dev/null
key=encoded, no.=71, <stderr>:
LENGTH=920
elapsed cycles: 1959378
hi(checksum)=0x8499AE9D15DFD758
lo(checksum)=0x08254683A252B440
key=encoded, no.=71, <checksum>:
0x8499AE9D15DFD75808254683A252B440
key=encoded, no.=71, cso file:
/dev/null
----------------------------------------------
real command=cset shield -e /home/nrink/Projects/build/encode/encode/tests/array_sum/array_sum.perf.encoded --  --cso /dev/null
key=encoded, no.=72, <stderr>:
LENGTH=920
elapsed cycles: 2476185
hi(checksum)=0x8499AE9D15DFD758
lo(checksum)=0x08254683A252B440
key=encoded, no.=72, <checksum>:
0x8499AE9D15DFD75808254683A252B440
key=encoded, no.=72, cso file:
/dev/null
----------------------------------------------
real command=cset shield -e /home/nrink/Projects/build/encode/encode/tests/array_sum/array_sum.perf.encoded --  --cso /dev/null
key=encoded, no.=73, <stderr>:
LENGTH=920
elapsed cycles: 2455155
hi(checksum)=0x8499AE9D15DFD758
lo(checksum)=0x08254683A252B440
key=encoded, no.=73, <checksum>:
0x8499AE9D15DFD75808254683A252B440
key=encoded, no.=73, cso file:
/dev/null
----------------------------------------------
real command=cset shield -e /home/nrink/Projects/build/encode/encode/tests/array_sum/array_sum.perf.encoded --  --cso /dev/null
key=encoded, no.=74, <stderr>:
LENGTH=920
elapsed cycles: 1963458
hi(checksum)=0x8499AE9D15DFD758
lo(checksum)=0x08254683A252B440
key=encoded, no.=74, <checksum>:
0x8499AE9D15DFD75808254683A252B440
key=encoded, no.=74, cso file:
/dev/null
----------------------------------------------
real command=cset shield -e /home/nrink/Projects/build/encode/encode/tests/array_sum/array_sum.perf.encoded --  --cso /dev/null
key=encoded, no.=75, <stderr>:
LENGTH=920
elapsed cycles: 1957071
hi(checksum)=0x8499AE9D15DFD758
lo(checksum)=0x08254683A252B440
key=encoded, no.=75, <checksum>:
0x8499AE9D15DFD75808254683A252B440
key=encoded, no.=75, cso file:
/dev/null
----------------------------------------------
real command=cset shield -e /home/nrink/Projects/build/encode/encode/tests/array_sum/array_sum.perf.encoded --  --cso /dev/null
key=encoded, no.=76, <stderr>:
LENGTH=920
elapsed cycles: 2458173
hi(checksum)=0x8499AE9D15DFD758
lo(checksum)=0x08254683A252B440
key=encoded, no.=76, <checksum>:
0x8499AE9D15DFD75808254683A252B440
key=encoded, no.=76, cso file:
/dev/null
----------------------------------------------
real command=cset shield -e /home/nrink/Projects/build/encode/encode/tests/array_sum/array_sum.perf.encoded --  --cso /dev/null
key=encoded, no.=77, <stderr>:
LENGTH=920
elapsed cycles: 2601297
hi(checksum)=0x8499AE9D15DFD758
lo(checksum)=0x08254683A252B440
key=encoded, no.=77, <checksum>:
0x8499AE9D15DFD75808254683A252B440
key=encoded, no.=77, cso file:
/dev/null
----------------------------------------------
real command=cset shield -e /home/nrink/Projects/build/encode/encode/tests/array_sum/array_sum.perf.encoded --  --cso /dev/null
key=encoded, no.=78, <stderr>:
LENGTH=920
elapsed cycles: 1961547
hi(checksum)=0x8499AE9D15DFD758
lo(checksum)=0x08254683A252B440
key=encoded, no.=78, <checksum>:
0x8499AE9D15DFD75808254683A252B440
key=encoded, no.=78, cso file:
/dev/null
----------------------------------------------
real command=cset shield -e /home/nrink/Projects/build/encode/encode/tests/array_sum/array_sum.perf.encoded --  --cso /dev/null
key=encoded, no.=79, <stderr>:
LENGTH=920
elapsed cycles: 1958514
hi(checksum)=0x8499AE9D15DFD758
lo(checksum)=0x08254683A252B440
key=encoded, no.=79, <checksum>:
0x8499AE9D15DFD75808254683A252B440
key=encoded, no.=79, cso file:
/dev/null
----------------------------------------------
real command=cset shield -e /home/nrink/Projects/build/encode/encode/tests/array_sum/array_sum.perf.encoded --  --cso /dev/null
key=encoded, no.=80, <stderr>:
LENGTH=920
elapsed cycles: 2461323
hi(checksum)=0x8499AE9D15DFD758
lo(checksum)=0x08254683A252B440
key=encoded, no.=80, <checksum>:
0x8499AE9D15DFD75808254683A252B440
key=encoded, no.=80, cso file:
/dev/null
----------------------------------------------
real command=cset shield -e /home/nrink/Projects/build/encode/encode/tests/array_sum/array_sum.perf.encoded --  --cso /dev/null
key=encoded, no.=81, <stderr>:
LENGTH=920
elapsed cycles: 2460180
hi(checksum)=0x8499AE9D15DFD758
lo(checksum)=0x08254683A252B440
key=encoded, no.=81, <checksum>:
0x8499AE9D15DFD75808254683A252B440
key=encoded, no.=81, cso file:
/dev/null
----------------------------------------------
real command=cset shield -e /home/nrink/Projects/build/encode/encode/tests/array_sum/array_sum.perf.encoded --  --cso /dev/null
key=encoded, no.=82, <stderr>:
LENGTH=920
elapsed cycles: 2469663
hi(checksum)=0x8499AE9D15DFD758
lo(checksum)=0x08254683A252B440
key=encoded, no.=82, <checksum>:
0x8499AE9D15DFD75808254683A252B440
key=encoded, no.=82, cso file:
/dev/null
----------------------------------------------
real command=cset shield -e /home/nrink/Projects/build/encode/encode/tests/array_sum/array_sum.perf.encoded --  --cso /dev/null
key=encoded, no.=83, <stderr>:
LENGTH=920
elapsed cycles: 2578776
hi(checksum)=0x8499AE9D15DFD758
lo(checksum)=0x08254683A252B440
key=encoded, no.=83, <checksum>:
0x8499AE9D15DFD75808254683A252B440
key=encoded, no.=83, cso file:
/dev/null
----------------------------------------------
real command=cset shield -e /home/nrink/Projects/build/encode/encode/tests/array_sum/array_sum.perf.encoded --  --cso /dev/null
key=encoded, no.=84, <stderr>:
LENGTH=920
elapsed cycles: 1964070
hi(checksum)=0x8499AE9D15DFD758
lo(checksum)=0x08254683A252B440
key=encoded, no.=84, <checksum>:
0x8499AE9D15DFD75808254683A252B440
key=encoded, no.=84, cso file:
/dev/null
----------------------------------------------
real command=cset shield -e /home/nrink/Projects/build/encode/encode/tests/array_sum/array_sum.perf.encoded --  --cso /dev/null
key=encoded, no.=85, <stderr>:
LENGTH=920
elapsed cycles: 1958583
hi(checksum)=0x8499AE9D15DFD758
lo(checksum)=0x08254683A252B440
key=encoded, no.=85, <checksum>:
0x8499AE9D15DFD75808254683A252B440
key=encoded, no.=85, cso file:
/dev/null
----------------------------------------------
real command=cset shield -e /home/nrink/Projects/build/encode/encode/tests/array_sum/array_sum.perf.encoded --  --cso /dev/null
key=encoded, no.=86, <stderr>:
LENGTH=920
elapsed cycles: 2466291
hi(checksum)=0x8499AE9D15DFD758
lo(checksum)=0x08254683A252B440
key=encoded, no.=86, <checksum>:
0x8499AE9D15DFD75808254683A252B440
key=encoded, no.=86, cso file:
/dev/null
----------------------------------------------
real command=cset shield -e /home/nrink/Projects/build/encode/encode/tests/array_sum/array_sum.perf.encoded --  --cso /dev/null
key=encoded, no.=87, <stderr>:
LENGTH=920
elapsed cycles: 1974924
hi(checksum)=0x8499AE9D15DFD758
lo(checksum)=0x08254683A252B440
key=encoded, no.=87, <checksum>:
0x8499AE9D15DFD75808254683A252B440
key=encoded, no.=87, cso file:
/dev/null
----------------------------------------------
real command=cset shield -e /home/nrink/Projects/build/encode/encode/tests/array_sum/array_sum.perf.encoded --  --cso /dev/null
key=encoded, no.=88, <stderr>:
LENGTH=920
elapsed cycles: 2451885
hi(checksum)=0x8499AE9D15DFD758
lo(checksum)=0x08254683A252B440
key=encoded, no.=88, <checksum>:
0x8499AE9D15DFD75808254683A252B440
key=encoded, no.=88, cso file:
/dev/null
----------------------------------------------
real command=cset shield -e /home/nrink/Projects/build/encode/encode/tests/array_sum/array_sum.perf.encoded --  --cso /dev/null
key=encoded, no.=89, <stderr>:
LENGTH=920
elapsed cycles: 2622600
hi(checksum)=0x8499AE9D15DFD758
lo(checksum)=0x08254683A252B440
key=encoded, no.=89, <checksum>:
0x8499AE9D15DFD75808254683A252B440
key=encoded, no.=89, cso file:
/dev/null
----------------------------------------------
real command=cset shield -e /home/nrink/Projects/build/encode/encode/tests/array_sum/array_sum.perf.encoded --  --cso /dev/null
key=encoded, no.=90, <stderr>:
LENGTH=920
elapsed cycles: 2450241
hi(checksum)=0x8499AE9D15DFD758
lo(checksum)=0x08254683A252B440
key=encoded, no.=90, <checksum>:
0x8499AE9D15DFD75808254683A252B440
key=encoded, no.=90, cso file:
/dev/null
----------------------------------------------
real command=cset shield -e /home/nrink/Projects/build/encode/encode/tests/array_sum/array_sum.perf.encoded --  --cso /dev/null
key=encoded, no.=91, <stderr>:
LENGTH=920
elapsed cycles: 2482767
hi(checksum)=0x8499AE9D15DFD758
lo(checksum)=0x08254683A252B440
key=encoded, no.=91, <checksum>:
0x8499AE9D15DFD75808254683A252B440
key=encoded, no.=91, cso file:
/dev/null
----------------------------------------------
real command=cset shield -e /home/nrink/Projects/build/encode/encode/tests/array_sum/array_sum.perf.encoded --  --cso /dev/null
key=encoded, no.=92, <stderr>:
LENGTH=920
elapsed cycles: 2458479
hi(checksum)=0x8499AE9D15DFD758
lo(checksum)=0x08254683A252B440
key=encoded, no.=92, <checksum>:
0x8499AE9D15DFD75808254683A252B440
key=encoded, no.=92, cso file:
/dev/null
----------------------------------------------
real command=cset shield -e /home/nrink/Projects/build/encode/encode/tests/array_sum/array_sum.perf.encoded --  --cso /dev/null
key=encoded, no.=93, <stderr>:
LENGTH=920
elapsed cycles: 1956018
hi(checksum)=0x8499AE9D15DFD758
lo(checksum)=0x08254683A252B440
key=encoded, no.=93, <checksum>:
0x8499AE9D15DFD75808254683A252B440
key=encoded, no.=93, cso file:
/dev/null
----------------------------------------------
real command=cset shield -e /home/nrink/Projects/build/encode/encode/tests/array_sum/array_sum.perf.encoded --  --cso /dev/null
key=encoded, no.=94, <stderr>:
LENGTH=920
elapsed cycles: 2644479
hi(checksum)=0x8499AE9D15DFD758
lo(checksum)=0x08254683A252B440
key=encoded, no.=94, <checksum>:
0x8499AE9D15DFD75808254683A252B440
key=encoded, no.=94, cso file:
/dev/null
----------------------------------------------
real command=cset shield -e /home/nrink/Projects/build/encode/encode/tests/array_sum/array_sum.perf.encoded --  --cso /dev/null
key=encoded, no.=95, <stderr>:
LENGTH=920
elapsed cycles: 2476257
hi(checksum)=0x8499AE9D15DFD758
lo(checksum)=0x08254683A252B440
key=encoded, no.=95, <checksum>:
0x8499AE9D15DFD75808254683A252B440
key=encoded, no.=95, cso file:
/dev/null
----------------------------------------------
real command=cset shield -e /home/nrink/Projects/build/encode/encode/tests/array_sum/array_sum.perf.encoded --  --cso /dev/null
key=encoded, no.=96, <stderr>:
LENGTH=920
elapsed cycles: 1956609
hi(checksum)=0x8499AE9D15DFD758
lo(checksum)=0x08254683A252B440
key=encoded, no.=96, <checksum>:
0x8499AE9D15DFD75808254683A252B440
key=encoded, no.=96, cso file:
/dev/null
----------------------------------------------
real command=cset shield -e /home/nrink/Projects/build/encode/encode/tests/array_sum/array_sum.perf.encoded --  --cso /dev/null
key=encoded, no.=97, <stderr>:
LENGTH=920
elapsed cycles: 2494848
hi(checksum)=0x8499AE9D15DFD758
lo(checksum)=0x08254683A252B440
key=encoded, no.=97, <checksum>:
0x8499AE9D15DFD75808254683A252B440
key=encoded, no.=97, cso file:
/dev/null
----------------------------------------------
real command=cset shield -e /home/nrink/Projects/build/encode/encode/tests/array_sum/array_sum.perf.encoded --  --cso /dev/null
key=encoded, no.=98, <stderr>:
LENGTH=920
elapsed cycles: 2491824
hi(checksum)=0x8499AE9D15DFD758
lo(checksum)=0x08254683A252B440
key=encoded, no.=98, <checksum>:
0x8499AE9D15DFD75808254683A252B440
key=encoded, no.=98, cso file:
/dev/null
----------------------------------------------
real command=cset shield -e /home/nrink/Projects/build/encode/encode/tests/array_sum/array_sum.perf.encoded --  --cso /dev/null
key=encoded, no.=99, <stderr>:
LENGTH=920
elapsed cycles: 2641479
hi(checksum)=0x8499AE9D15DFD758
lo(checksum)=0x08254683A252B440
key=encoded, no.=99, <checksum>:
0x8499AE9D15DFD75808254683A252B440
key=encoded, no.=99, cso file:
/dev/null
----------------------------------------------
