<stderr> from running /home/nrink/Projects/pin-2.14-71313-gcc.4.4.7-linux/pin.sh -t /home/nrink/Projects/bfi/obj-intel64/bfi.so -trigger 165617 -cmd TXT -seed 1 -mask 209 -- /home/nrink/Projects/build/encode/encode/tests/bubblesort/bubblesort.cover.encoded --cso ./2015-05-06_11:09:20/bubblesort/cover/cs/encoded.21.cso --csl ./2015-05-06_11:09:20/bubblesort/cover/cs/encoded.21.csl:
[.:    0, IP = 0x400dfa, i = 165617, wa = 0, ra = 0, rr = 0, wr = 0, it = 0, t = 0]
	ip' = 0x400dfd, size = 3, mask = 209, idx = 0, byte = 72, byte' = 153
elapsed cycles: 277049298
hi(checksum)=0x0000000000000000
lo(checksum)=0x00007CDAE2B040F7
**********************
INSTR   = 178652
WADDR   = 0
RADDR   = 0
RREG    = 0
WREG    = 0
ITER    = 0
TRIGGER = 165617
TTYPE   = IN
COMMAND = TXT
SEL     = -1
SEED    = 1
MASK    = 0xd1
THREAD  = 0
ELAPSED = 1.96s
----------------------------------------------------------------
