<stderr> from running /home/nrink/Projects/pin-2.14-71313-gcc.4.4.7-linux/pin.sh -t /home/nrink/Projects/bfi/obj-intel64/bfi.so -trigger 167745592 -cmd RREG -seed 1 -mask 201 -- /home/nrink/Projects/build/encode/encode/tests/matmul/matmul.cover.encoded --cso ./2015-05-05_13:42:46/matmul/cover/cs/encoded.0.cso --csl ./2015-05-05_13:42:46/matmul/cover/cs/encoded.0.csl:
[.:    0, IP = 0x400b36, i = 167745592, wa = 0, ra = 0, rr = 0, wr = 0, it = 0, t = 0]
	at ip 0x400b36, rdx = 0x41e4a28ff88, rdx' = 0x41e4a28ff41
elapsed cycles: 144057777582
hi(checksum)=0xAD8390F05779BECB
lo(checksum)=0xC4A447B868780000
**********************
INSTR   = 184749801
WADDR   = 0
RADDR   = 0
RREG    = 0
WREG    = 0
ITER    = 0
TRIGGER = 167745592
TTYPE   = IN
COMMAND = RREG
SEL     = -1
SEED    = 1
MASK    = 0xc9
THREAD  = 0
ELAPSED = 65.73s
----------------------------------------------------------------
