key=plain, runs=100 ...
command=/home/nrink/Projects/build/encode/encode/tests/quicksort/quicksort.perf.plain
----------------------------------------------
real command=cset shield -e /home/nrink/Projects/build/encode/encode/tests/quicksort/quicksort.perf.plain --  --cso /dev/null
key=plain, no.=0, <stderr>:
LENGTH=9
elapsed cycles: 46800
hi(checksum)=0x466E00C4E5325102
lo(checksum)=0x504AF4E755DE4C5C
key=plain, no.=0, <checksum>:
0x466E00C4E5325102504AF4E755DE4C5C
key=plain, no.=0, cso file:
/dev/null
----------------------------------------------
real command=cset shield -e /home/nrink/Projects/build/encode/encode/tests/quicksort/quicksort.perf.plain --  --cso /dev/null
key=plain, no.=1, <stderr>:
LENGTH=9
elapsed cycles: 46977
hi(checksum)=0x466E00C4E5325102
lo(checksum)=0x504AF4E755DE4C5C
key=plain, no.=1, <checksum>:
0x466E00C4E5325102504AF4E755DE4C5C
key=plain, no.=1, cso file:
/dev/null
----------------------------------------------
real command=cset shield -e /home/nrink/Projects/build/encode/encode/tests/quicksort/quicksort.perf.plain --  --cso /dev/null
key=plain, no.=2, <stderr>:
LENGTH=9
elapsed cycles: 47001
hi(checksum)=0x466E00C4E5325102
lo(checksum)=0x504AF4E755DE4C5C
key=plain, no.=2, <checksum>:
0x466E00C4E5325102504AF4E755DE4C5C
key=plain, no.=2, cso file:
/dev/null
----------------------------------------------
real command=cset shield -e /home/nrink/Projects/build/encode/encode/tests/quicksort/quicksort.perf.plain --  --cso /dev/null
key=plain, no.=3, <stderr>:
LENGTH=9
elapsed cycles: 47214
hi(checksum)=0x466E00C4E5325102
lo(checksum)=0x504AF4E755DE4C5C
key=plain, no.=3, <checksum>:
0x466E00C4E5325102504AF4E755DE4C5C
key=plain, no.=3, cso file:
/dev/null
----------------------------------------------
real command=cset shield -e /home/nrink/Projects/build/encode/encode/tests/quicksort/quicksort.perf.plain --  --cso /dev/null
key=plain, no.=4, <stderr>:
LENGTH=9
elapsed cycles: 46968
hi(checksum)=0x466E00C4E5325102
lo(checksum)=0x504AF4E755DE4C5C
key=plain, no.=4, <checksum>:
0x466E00C4E5325102504AF4E755DE4C5C
key=plain, no.=4, cso file:
/dev/null
----------------------------------------------
real command=cset shield -e /home/nrink/Projects/build/encode/encode/tests/quicksort/quicksort.perf.plain --  --cso /dev/null
key=plain, no.=5, <stderr>:
LENGTH=9
elapsed cycles: 46299
hi(checksum)=0x466E00C4E5325102
lo(checksum)=0x504AF4E755DE4C5C
key=plain, no.=5, <checksum>:
0x466E00C4E5325102504AF4E755DE4C5C
key=plain, no.=5, cso file:
/dev/null
----------------------------------------------
real command=cset shield -e /home/nrink/Projects/build/encode/encode/tests/quicksort/quicksort.perf.plain --  --cso /dev/null
key=plain, no.=6, <stderr>:
LENGTH=9
elapsed cycles: 47007
hi(checksum)=0x466E00C4E5325102
lo(checksum)=0x504AF4E755DE4C5C
key=plain, no.=6, <checksum>:
0x466E00C4E5325102504AF4E755DE4C5C
key=plain, no.=6, cso file:
/dev/null
----------------------------------------------
real command=cset shield -e /home/nrink/Projects/build/encode/encode/tests/quicksort/quicksort.perf.plain --  --cso /dev/null
key=plain, no.=7, <stderr>:
LENGTH=9
elapsed cycles: 45945
hi(checksum)=0x466E00C4E5325102
lo(checksum)=0x504AF4E755DE4C5C
key=plain, no.=7, <checksum>:
0x466E00C4E5325102504AF4E755DE4C5C
key=plain, no.=7, cso file:
/dev/null
----------------------------------------------
real command=cset shield -e /home/nrink/Projects/build/encode/encode/tests/quicksort/quicksort.perf.plain --  --cso /dev/null
key=plain, no.=8, <stderr>:
LENGTH=9
elapsed cycles: 47115
hi(checksum)=0x466E00C4E5325102
lo(checksum)=0x504AF4E755DE4C5C
key=plain, no.=8, <checksum>:
0x466E00C4E5325102504AF4E755DE4C5C
key=plain, no.=8, cso file:
/dev/null
----------------------------------------------
real command=cset shield -e /home/nrink/Projects/build/encode/encode/tests/quicksort/quicksort.perf.plain --  --cso /dev/null
key=plain, no.=9, <stderr>:
LENGTH=9
elapsed cycles: 46803
hi(checksum)=0x466E00C4E5325102
lo(checksum)=0x504AF4E755DE4C5C
key=plain, no.=9, <checksum>:
0x466E00C4E5325102504AF4E755DE4C5C
key=plain, no.=9, cso file:
/dev/null
----------------------------------------------
real command=cset shield -e /home/nrink/Projects/build/encode/encode/tests/quicksort/quicksort.perf.plain --  --cso /dev/null
key=plain, no.=10, <stderr>:
LENGTH=9
elapsed cycles: 46623
hi(checksum)=0x466E00C4E5325102
lo(checksum)=0x504AF4E755DE4C5C
key=plain, no.=10, <checksum>:
0x466E00C4E5325102504AF4E755DE4C5C
key=plain, no.=10, cso file:
/dev/null
----------------------------------------------
real command=cset shield -e /home/nrink/Projects/build/encode/encode/tests/quicksort/quicksort.perf.plain --  --cso /dev/null
key=plain, no.=11, <stderr>:
LENGTH=9
elapsed cycles: 47349
hi(checksum)=0x466E00C4E5325102
lo(checksum)=0x504AF4E755DE4C5C
key=plain, no.=11, <checksum>:
0x466E00C4E5325102504AF4E755DE4C5C
key=plain, no.=11, cso file:
/dev/null
----------------------------------------------
real command=cset shield -e /home/nrink/Projects/build/encode/encode/tests/quicksort/quicksort.perf.plain --  --cso /dev/null
key=plain, no.=12, <stderr>:
LENGTH=9
elapsed cycles: 47340
hi(checksum)=0x466E00C4E5325102
lo(checksum)=0x504AF4E755DE4C5C
key=plain, no.=12, <checksum>:
0x466E00C4E5325102504AF4E755DE4C5C
key=plain, no.=12, cso file:
/dev/null
----------------------------------------------
real command=cset shield -e /home/nrink/Projects/build/encode/encode/tests/quicksort/quicksort.perf.plain --  --cso /dev/null
key=plain, no.=13, <stderr>:
LENGTH=9
elapsed cycles: 46713
hi(checksum)=0x466E00C4E5325102
lo(checksum)=0x504AF4E755DE4C5C
key=plain, no.=13, <checksum>:
0x466E00C4E5325102504AF4E755DE4C5C
key=plain, no.=13, cso file:
/dev/null
----------------------------------------------
real command=cset shield -e /home/nrink/Projects/build/encode/encode/tests/quicksort/quicksort.perf.plain --  --cso /dev/null
key=plain, no.=14, <stderr>:
LENGTH=9
elapsed cycles: 46554
hi(checksum)=0x466E00C4E5325102
lo(checksum)=0x504AF4E755DE4C5C
key=plain, no.=14, <checksum>:
0x466E00C4E5325102504AF4E755DE4C5C
key=plain, no.=14, cso file:
/dev/null
----------------------------------------------
real command=cset shield -e /home/nrink/Projects/build/encode/encode/tests/quicksort/quicksort.perf.plain --  --cso /dev/null
key=plain, no.=15, <stderr>:
LENGTH=9
elapsed cycles: 46047
hi(checksum)=0x466E00C4E5325102
lo(checksum)=0x504AF4E755DE4C5C
key=plain, no.=15, <checksum>:
0x466E00C4E5325102504AF4E755DE4C5C
key=plain, no.=15, cso file:
/dev/null
----------------------------------------------
real command=cset shield -e /home/nrink/Projects/build/encode/encode/tests/quicksort/quicksort.perf.plain --  --cso /dev/null
key=plain, no.=16, <stderr>:
LENGTH=9
elapsed cycles: 46920
hi(checksum)=0x466E00C4E5325102
lo(checksum)=0x504AF4E755DE4C5C
key=plain, no.=16, <checksum>:
0x466E00C4E5325102504AF4E755DE4C5C
key=plain, no.=16, cso file:
/dev/null
----------------------------------------------
real command=cset shield -e /home/nrink/Projects/build/encode/encode/tests/quicksort/quicksort.perf.plain --  --cso /dev/null
key=plain, no.=17, <stderr>:
LENGTH=9
elapsed cycles: 46557
hi(checksum)=0x466E00C4E5325102
lo(checksum)=0x504AF4E755DE4C5C
key=plain, no.=17, <checksum>:
0x466E00C4E5325102504AF4E755DE4C5C
key=plain, no.=17, cso file:
/dev/null
----------------------------------------------
real command=cset shield -e /home/nrink/Projects/build/encode/encode/tests/quicksort/quicksort.perf.plain --  --cso /dev/null
key=plain, no.=18, <stderr>:
LENGTH=9
elapsed cycles: 46368
hi(checksum)=0x466E00C4E5325102
lo(checksum)=0x504AF4E755DE4C5C
key=plain, no.=18, <checksum>:
0x466E00C4E5325102504AF4E755DE4C5C
key=plain, no.=18, cso file:
/dev/null
----------------------------------------------
real command=cset shield -e /home/nrink/Projects/build/encode/encode/tests/quicksort/quicksort.perf.plain --  --cso /dev/null
key=plain, no.=19, <stderr>:
LENGTH=9
elapsed cycles: 46089
hi(checksum)=0x466E00C4E5325102
lo(checksum)=0x504AF4E755DE4C5C
key=plain, no.=19, <checksum>:
0x466E00C4E5325102504AF4E755DE4C5C
key=plain, no.=19, cso file:
/dev/null
----------------------------------------------
real command=cset shield -e /home/nrink/Projects/build/encode/encode/tests/quicksort/quicksort.perf.plain --  --cso /dev/null
key=plain, no.=20, <stderr>:
LENGTH=9
elapsed cycles: 47193
hi(checksum)=0x466E00C4E5325102
lo(checksum)=0x504AF4E755DE4C5C
key=plain, no.=20, <checksum>:
0x466E00C4E5325102504AF4E755DE4C5C
key=plain, no.=20, cso file:
/dev/null
----------------------------------------------
real command=cset shield -e /home/nrink/Projects/build/encode/encode/tests/quicksort/quicksort.perf.plain --  --cso /dev/null
key=plain, no.=21, <stderr>:
LENGTH=9
elapsed cycles: 60654
hi(checksum)=0x466E00C4E5325102
lo(checksum)=0x504AF4E755DE4C5C
key=plain, no.=21, <checksum>:
0x466E00C4E5325102504AF4E755DE4C5C
key=plain, no.=21, cso file:
/dev/null
----------------------------------------------
real command=cset shield -e /home/nrink/Projects/build/encode/encode/tests/quicksort/quicksort.perf.plain --  --cso /dev/null
key=plain, no.=22, <stderr>:
LENGTH=9
elapsed cycles: 86595
hi(checksum)=0x466E00C4E5325102
lo(checksum)=0x504AF4E755DE4C5C
key=plain, no.=22, <checksum>:
0x466E00C4E5325102504AF4E755DE4C5C
key=plain, no.=22, cso file:
/dev/null
----------------------------------------------
real command=cset shield -e /home/nrink/Projects/build/encode/encode/tests/quicksort/quicksort.perf.plain --  --cso /dev/null
key=plain, no.=23, <stderr>:
LENGTH=9
elapsed cycles: 50067
hi(checksum)=0x466E00C4E5325102
lo(checksum)=0x504AF4E755DE4C5C
key=plain, no.=23, <checksum>:
0x466E00C4E5325102504AF4E755DE4C5C
key=plain, no.=23, cso file:
/dev/null
----------------------------------------------
real command=cset shield -e /home/nrink/Projects/build/encode/encode/tests/quicksort/quicksort.perf.plain --  --cso /dev/null
key=plain, no.=24, <stderr>:
LENGTH=9
elapsed cycles: 125121
hi(checksum)=0x466E00C4E5325102
lo(checksum)=0x504AF4E755DE4C5C
key=plain, no.=24, <checksum>:
0x466E00C4E5325102504AF4E755DE4C5C
key=plain, no.=24, cso file:
/dev/null
----------------------------------------------
real command=cset shield -e /home/nrink/Projects/build/encode/encode/tests/quicksort/quicksort.perf.plain --  --cso /dev/null
key=plain, no.=25, <stderr>:
LENGTH=9
elapsed cycles: 46182
hi(checksum)=0x466E00C4E5325102
lo(checksum)=0x504AF4E755DE4C5C
key=plain, no.=25, <checksum>:
0x466E00C4E5325102504AF4E755DE4C5C
key=plain, no.=25, cso file:
/dev/null
----------------------------------------------
real command=cset shield -e /home/nrink/Projects/build/encode/encode/tests/quicksort/quicksort.perf.plain --  --cso /dev/null
key=plain, no.=26, <stderr>:
LENGTH=9
elapsed cycles: 46554
hi(checksum)=0x466E00C4E5325102
lo(checksum)=0x504AF4E755DE4C5C
key=plain, no.=26, <checksum>:
0x466E00C4E5325102504AF4E755DE4C5C
key=plain, no.=26, cso file:
/dev/null
----------------------------------------------
real command=cset shield -e /home/nrink/Projects/build/encode/encode/tests/quicksort/quicksort.perf.plain --  --cso /dev/null
key=plain, no.=27, <stderr>:
LENGTH=9
elapsed cycles: 46707
hi(checksum)=0x466E00C4E5325102
lo(checksum)=0x504AF4E755DE4C5C
key=plain, no.=27, <checksum>:
0x466E00C4E5325102504AF4E755DE4C5C
key=plain, no.=27, cso file:
/dev/null
----------------------------------------------
real command=cset shield -e /home/nrink/Projects/build/encode/encode/tests/quicksort/quicksort.perf.plain --  --cso /dev/null
key=plain, no.=28, <stderr>:
LENGTH=9
elapsed cycles: 46503
hi(checksum)=0x466E00C4E5325102
lo(checksum)=0x504AF4E755DE4C5C
key=plain, no.=28, <checksum>:
0x466E00C4E5325102504AF4E755DE4C5C
key=plain, no.=28, cso file:
/dev/null
----------------------------------------------
real command=cset shield -e /home/nrink/Projects/build/encode/encode/tests/quicksort/quicksort.perf.plain --  --cso /dev/null
key=plain, no.=29, <stderr>:
LENGTH=9
elapsed cycles: 48435
hi(checksum)=0x466E00C4E5325102
lo(checksum)=0x504AF4E755DE4C5C
key=plain, no.=29, <checksum>:
0x466E00C4E5325102504AF4E755DE4C5C
key=plain, no.=29, cso file:
/dev/null
----------------------------------------------
real command=cset shield -e /home/nrink/Projects/build/encode/encode/tests/quicksort/quicksort.perf.plain --  --cso /dev/null
key=plain, no.=30, <stderr>:
LENGTH=9
elapsed cycles: 48099
hi(checksum)=0x466E00C4E5325102
lo(checksum)=0x504AF4E755DE4C5C
key=plain, no.=30, <checksum>:
0x466E00C4E5325102504AF4E755DE4C5C
key=plain, no.=30, cso file:
/dev/null
----------------------------------------------
real command=cset shield -e /home/nrink/Projects/build/encode/encode/tests/quicksort/quicksort.perf.plain --  --cso /dev/null
key=plain, no.=31, <stderr>:
LENGTH=9
elapsed cycles: 47628
hi(checksum)=0x466E00C4E5325102
lo(checksum)=0x504AF4E755DE4C5C
key=plain, no.=31, <checksum>:
0x466E00C4E5325102504AF4E755DE4C5C
key=plain, no.=31, cso file:
/dev/null
----------------------------------------------
real command=cset shield -e /home/nrink/Projects/build/encode/encode/tests/quicksort/quicksort.perf.plain --  --cso /dev/null
key=plain, no.=32, <stderr>:
LENGTH=9
elapsed cycles: 47844
hi(checksum)=0x466E00C4E5325102
lo(checksum)=0x504AF4E755DE4C5C
key=plain, no.=32, <checksum>:
0x466E00C4E5325102504AF4E755DE4C5C
key=plain, no.=32, cso file:
/dev/null
----------------------------------------------
real command=cset shield -e /home/nrink/Projects/build/encode/encode/tests/quicksort/quicksort.perf.plain --  --cso /dev/null
key=plain, no.=33, <stderr>:
LENGTH=9
elapsed cycles: 47769
hi(checksum)=0x466E00C4E5325102
lo(checksum)=0x504AF4E755DE4C5C
key=plain, no.=33, <checksum>:
0x466E00C4E5325102504AF4E755DE4C5C
key=plain, no.=33, cso file:
/dev/null
----------------------------------------------
real command=cset shield -e /home/nrink/Projects/build/encode/encode/tests/quicksort/quicksort.perf.plain --  --cso /dev/null
key=plain, no.=34, <stderr>:
LENGTH=9
elapsed cycles: 48471
hi(checksum)=0x466E00C4E5325102
lo(checksum)=0x504AF4E755DE4C5C
key=plain, no.=34, <checksum>:
0x466E00C4E5325102504AF4E755DE4C5C
key=plain, no.=34, cso file:
/dev/null
----------------------------------------------
real command=cset shield -e /home/nrink/Projects/build/encode/encode/tests/quicksort/quicksort.perf.plain --  --cso /dev/null
key=plain, no.=35, <stderr>:
LENGTH=9
elapsed cycles: 47385
hi(checksum)=0x466E00C4E5325102
lo(checksum)=0x504AF4E755DE4C5C
key=plain, no.=35, <checksum>:
0x466E00C4E5325102504AF4E755DE4C5C
key=plain, no.=35, cso file:
/dev/null
----------------------------------------------
real command=cset shield -e /home/nrink/Projects/build/encode/encode/tests/quicksort/quicksort.perf.plain --  --cso /dev/null
key=plain, no.=36, <stderr>:
LENGTH=9
elapsed cycles: 47895
hi(checksum)=0x466E00C4E5325102
lo(checksum)=0x504AF4E755DE4C5C
key=plain, no.=36, <checksum>:
0x466E00C4E5325102504AF4E755DE4C5C
key=plain, no.=36, cso file:
/dev/null
----------------------------------------------
real command=cset shield -e /home/nrink/Projects/build/encode/encode/tests/quicksort/quicksort.perf.plain --  --cso /dev/null
key=plain, no.=37, <stderr>:
LENGTH=9
elapsed cycles: 46962
hi(checksum)=0x466E00C4E5325102
lo(checksum)=0x504AF4E755DE4C5C
key=plain, no.=37, <checksum>:
0x466E00C4E5325102504AF4E755DE4C5C
key=plain, no.=37, cso file:
/dev/null
----------------------------------------------
real command=cset shield -e /home/nrink/Projects/build/encode/encode/tests/quicksort/quicksort.perf.plain --  --cso /dev/null
key=plain, no.=38, <stderr>:
LENGTH=9
elapsed cycles: 46989
hi(checksum)=0x466E00C4E5325102
lo(checksum)=0x504AF4E755DE4C5C
key=plain, no.=38, <checksum>:
0x466E00C4E5325102504AF4E755DE4C5C
key=plain, no.=38, cso file:
/dev/null
----------------------------------------------
real command=cset shield -e /home/nrink/Projects/build/encode/encode/tests/quicksort/quicksort.perf.plain --  --cso /dev/null
key=plain, no.=39, <stderr>:
LENGTH=9
elapsed cycles: 46710
hi(checksum)=0x466E00C4E5325102
lo(checksum)=0x504AF4E755DE4C5C
key=plain, no.=39, <checksum>:
0x466E00C4E5325102504AF4E755DE4C5C
key=plain, no.=39, cso file:
/dev/null
----------------------------------------------
real command=cset shield -e /home/nrink/Projects/build/encode/encode/tests/quicksort/quicksort.perf.plain --  --cso /dev/null
key=plain, no.=40, <stderr>:
LENGTH=9
elapsed cycles: 45948
hi(checksum)=0x466E00C4E5325102
lo(checksum)=0x504AF4E755DE4C5C
key=plain, no.=40, <checksum>:
0x466E00C4E5325102504AF4E755DE4C5C
key=plain, no.=40, cso file:
/dev/null
----------------------------------------------
real command=cset shield -e /home/nrink/Projects/build/encode/encode/tests/quicksort/quicksort.perf.plain --  --cso /dev/null
key=plain, no.=41, <stderr>:
LENGTH=9
elapsed cycles: 46110
hi(checksum)=0x466E00C4E5325102
lo(checksum)=0x504AF4E755DE4C5C
key=plain, no.=41, <checksum>:
0x466E00C4E5325102504AF4E755DE4C5C
key=plain, no.=41, cso file:
/dev/null
----------------------------------------------
real command=cset shield -e /home/nrink/Projects/build/encode/encode/tests/quicksort/quicksort.perf.plain --  --cso /dev/null
key=plain, no.=42, <stderr>:
LENGTH=9
elapsed cycles: 46290
hi(checksum)=0x466E00C4E5325102
lo(checksum)=0x504AF4E755DE4C5C
key=plain, no.=42, <checksum>:
0x466E00C4E5325102504AF4E755DE4C5C
key=plain, no.=42, cso file:
/dev/null
----------------------------------------------
real command=cset shield -e /home/nrink/Projects/build/encode/encode/tests/quicksort/quicksort.perf.plain --  --cso /dev/null
key=plain, no.=43, <stderr>:
LENGTH=9
elapsed cycles: 46602
hi(checksum)=0x466E00C4E5325102
lo(checksum)=0x504AF4E755DE4C5C
key=plain, no.=43, <checksum>:
0x466E00C4E5325102504AF4E755DE4C5C
key=plain, no.=43, cso file:
/dev/null
----------------------------------------------
real command=cset shield -e /home/nrink/Projects/build/encode/encode/tests/quicksort/quicksort.perf.plain --  --cso /dev/null
key=plain, no.=44, <stderr>:
LENGTH=9
elapsed cycles: 46815
hi(checksum)=0x466E00C4E5325102
lo(checksum)=0x504AF4E755DE4C5C
key=plain, no.=44, <checksum>:
0x466E00C4E5325102504AF4E755DE4C5C
key=plain, no.=44, cso file:
/dev/null
----------------------------------------------
real command=cset shield -e /home/nrink/Projects/build/encode/encode/tests/quicksort/quicksort.perf.plain --  --cso /dev/null
key=plain, no.=45, <stderr>:
LENGTH=9
elapsed cycles: 46704
hi(checksum)=0x466E00C4E5325102
lo(checksum)=0x504AF4E755DE4C5C
key=plain, no.=45, <checksum>:
0x466E00C4E5325102504AF4E755DE4C5C
key=plain, no.=45, cso file:
/dev/null
----------------------------------------------
real command=cset shield -e /home/nrink/Projects/build/encode/encode/tests/quicksort/quicksort.perf.plain --  --cso /dev/null
key=plain, no.=46, <stderr>:
LENGTH=9
elapsed cycles: 46497
hi(checksum)=0x466E00C4E5325102
lo(checksum)=0x504AF4E755DE4C5C
key=plain, no.=46, <checksum>:
0x466E00C4E5325102504AF4E755DE4C5C
key=plain, no.=46, cso file:
/dev/null
----------------------------------------------
real command=cset shield -e /home/nrink/Projects/build/encode/encode/tests/quicksort/quicksort.perf.plain --  --cso /dev/null
key=plain, no.=47, <stderr>:
LENGTH=9
elapsed cycles: 46965
hi(checksum)=0x466E00C4E5325102
lo(checksum)=0x504AF4E755DE4C5C
key=plain, no.=47, <checksum>:
0x466E00C4E5325102504AF4E755DE4C5C
key=plain, no.=47, cso file:
/dev/null
----------------------------------------------
real command=cset shield -e /home/nrink/Projects/build/encode/encode/tests/quicksort/quicksort.perf.plain --  --cso /dev/null
key=plain, no.=48, <stderr>:
LENGTH=9
elapsed cycles: 46320
hi(checksum)=0x466E00C4E5325102
lo(checksum)=0x504AF4E755DE4C5C
key=plain, no.=48, <checksum>:
0x466E00C4E5325102504AF4E755DE4C5C
key=plain, no.=48, cso file:
/dev/null
----------------------------------------------
real command=cset shield -e /home/nrink/Projects/build/encode/encode/tests/quicksort/quicksort.perf.plain --  --cso /dev/null
key=plain, no.=49, <stderr>:
LENGTH=9
elapsed cycles: 46113
hi(checksum)=0x466E00C4E5325102
lo(checksum)=0x504AF4E755DE4C5C
key=plain, no.=49, <checksum>:
0x466E00C4E5325102504AF4E755DE4C5C
key=plain, no.=49, cso file:
/dev/null
----------------------------------------------
real command=cset shield -e /home/nrink/Projects/build/encode/encode/tests/quicksort/quicksort.perf.plain --  --cso /dev/null
key=plain, no.=50, <stderr>:
LENGTH=9
elapsed cycles: 46227
hi(checksum)=0x466E00C4E5325102
lo(checksum)=0x504AF4E755DE4C5C
key=plain, no.=50, <checksum>:
0x466E00C4E5325102504AF4E755DE4C5C
key=plain, no.=50, cso file:
/dev/null
----------------------------------------------
real command=cset shield -e /home/nrink/Projects/build/encode/encode/tests/quicksort/quicksort.perf.plain --  --cso /dev/null
key=plain, no.=51, <stderr>:
LENGTH=9
elapsed cycles: 46326
hi(checksum)=0x466E00C4E5325102
lo(checksum)=0x504AF4E755DE4C5C
key=plain, no.=51, <checksum>:
0x466E00C4E5325102504AF4E755DE4C5C
key=plain, no.=51, cso file:
/dev/null
----------------------------------------------
real command=cset shield -e /home/nrink/Projects/build/encode/encode/tests/quicksort/quicksort.perf.plain --  --cso /dev/null
key=plain, no.=52, <stderr>:
LENGTH=9
elapsed cycles: 46032
hi(checksum)=0x466E00C4E5325102
lo(checksum)=0x504AF4E755DE4C5C
key=plain, no.=52, <checksum>:
0x466E00C4E5325102504AF4E755DE4C5C
key=plain, no.=52, cso file:
/dev/null
----------------------------------------------
real command=cset shield -e /home/nrink/Projects/build/encode/encode/tests/quicksort/quicksort.perf.plain --  --cso /dev/null
key=plain, no.=53, <stderr>:
LENGTH=9
elapsed cycles: 47133
hi(checksum)=0x466E00C4E5325102
lo(checksum)=0x504AF4E755DE4C5C
key=plain, no.=53, <checksum>:
0x466E00C4E5325102504AF4E755DE4C5C
key=plain, no.=53, cso file:
/dev/null
----------------------------------------------
real command=cset shield -e /home/nrink/Projects/build/encode/encode/tests/quicksort/quicksort.perf.plain --  --cso /dev/null
key=plain, no.=54, <stderr>:
LENGTH=9
elapsed cycles: 46704
hi(checksum)=0x466E00C4E5325102
lo(checksum)=0x504AF4E755DE4C5C
key=plain, no.=54, <checksum>:
0x466E00C4E5325102504AF4E755DE4C5C
key=plain, no.=54, cso file:
/dev/null
----------------------------------------------
real command=cset shield -e /home/nrink/Projects/build/encode/encode/tests/quicksort/quicksort.perf.plain --  --cso /dev/null
key=plain, no.=55, <stderr>:
LENGTH=9
elapsed cycles: 46287
hi(checksum)=0x466E00C4E5325102
lo(checksum)=0x504AF4E755DE4C5C
key=plain, no.=55, <checksum>:
0x466E00C4E5325102504AF4E755DE4C5C
key=plain, no.=55, cso file:
/dev/null
----------------------------------------------
real command=cset shield -e /home/nrink/Projects/build/encode/encode/tests/quicksort/quicksort.perf.plain --  --cso /dev/null
key=plain, no.=56, <stderr>:
LENGTH=9
elapsed cycles: 47124
hi(checksum)=0x466E00C4E5325102
lo(checksum)=0x504AF4E755DE4C5C
key=plain, no.=56, <checksum>:
0x466E00C4E5325102504AF4E755DE4C5C
key=plain, no.=56, cso file:
/dev/null
----------------------------------------------
real command=cset shield -e /home/nrink/Projects/build/encode/encode/tests/quicksort/quicksort.perf.plain --  --cso /dev/null
key=plain, no.=57, <stderr>:
LENGTH=9
elapsed cycles: 46209
hi(checksum)=0x466E00C4E5325102
lo(checksum)=0x504AF4E755DE4C5C
key=plain, no.=57, <checksum>:
0x466E00C4E5325102504AF4E755DE4C5C
key=plain, no.=57, cso file:
/dev/null
----------------------------------------------
real command=cset shield -e /home/nrink/Projects/build/encode/encode/tests/quicksort/quicksort.perf.plain --  --cso /dev/null
key=plain, no.=58, <stderr>:
LENGTH=9
elapsed cycles: 46248
hi(checksum)=0x466E00C4E5325102
lo(checksum)=0x504AF4E755DE4C5C
key=plain, no.=58, <checksum>:
0x466E00C4E5325102504AF4E755DE4C5C
key=plain, no.=58, cso file:
/dev/null
----------------------------------------------
real command=cset shield -e /home/nrink/Projects/build/encode/encode/tests/quicksort/quicksort.perf.plain --  --cso /dev/null
key=plain, no.=59, <stderr>:
LENGTH=9
elapsed cycles: 45834
hi(checksum)=0x466E00C4E5325102
lo(checksum)=0x504AF4E755DE4C5C
key=plain, no.=59, <checksum>:
0x466E00C4E5325102504AF4E755DE4C5C
key=plain, no.=59, cso file:
/dev/null
----------------------------------------------
real command=cset shield -e /home/nrink/Projects/build/encode/encode/tests/quicksort/quicksort.perf.plain --  --cso /dev/null
key=plain, no.=60, <stderr>:
LENGTH=9
elapsed cycles: 45975
hi(checksum)=0x466E00C4E5325102
lo(checksum)=0x504AF4E755DE4C5C
key=plain, no.=60, <checksum>:
0x466E00C4E5325102504AF4E755DE4C5C
key=plain, no.=60, cso file:
/dev/null
----------------------------------------------
real command=cset shield -e /home/nrink/Projects/build/encode/encode/tests/quicksort/quicksort.perf.plain --  --cso /dev/null
key=plain, no.=61, <stderr>:
LENGTH=9
elapsed cycles: 47022
hi(checksum)=0x466E00C4E5325102
lo(checksum)=0x504AF4E755DE4C5C
key=plain, no.=61, <checksum>:
0x466E00C4E5325102504AF4E755DE4C5C
key=plain, no.=61, cso file:
/dev/null
----------------------------------------------
real command=cset shield -e /home/nrink/Projects/build/encode/encode/tests/quicksort/quicksort.perf.plain --  --cso /dev/null
key=plain, no.=62, <stderr>:
LENGTH=9
elapsed cycles: 47217
hi(checksum)=0x466E00C4E5325102
lo(checksum)=0x504AF4E755DE4C5C
key=plain, no.=62, <checksum>:
0x466E00C4E5325102504AF4E755DE4C5C
key=plain, no.=62, cso file:
/dev/null
----------------------------------------------
real command=cset shield -e /home/nrink/Projects/build/encode/encode/tests/quicksort/quicksort.perf.plain --  --cso /dev/null
key=plain, no.=63, <stderr>:
LENGTH=9
elapsed cycles: 46857
hi(checksum)=0x466E00C4E5325102
lo(checksum)=0x504AF4E755DE4C5C
key=plain, no.=63, <checksum>:
0x466E00C4E5325102504AF4E755DE4C5C
key=plain, no.=63, cso file:
/dev/null
----------------------------------------------
real command=cset shield -e /home/nrink/Projects/build/encode/encode/tests/quicksort/quicksort.perf.plain --  --cso /dev/null
key=plain, no.=64, <stderr>:
LENGTH=9
elapsed cycles: 46695
hi(checksum)=0x466E00C4E5325102
lo(checksum)=0x504AF4E755DE4C5C
key=plain, no.=64, <checksum>:
0x466E00C4E5325102504AF4E755DE4C5C
key=plain, no.=64, cso file:
/dev/null
----------------------------------------------
real command=cset shield -e /home/nrink/Projects/build/encode/encode/tests/quicksort/quicksort.perf.plain --  --cso /dev/null
key=plain, no.=65, <stderr>:
LENGTH=9
elapsed cycles: 78852
hi(checksum)=0x466E00C4E5325102
lo(checksum)=0x504AF4E755DE4C5C
key=plain, no.=65, <checksum>:
0x466E00C4E5325102504AF4E755DE4C5C
key=plain, no.=65, cso file:
/dev/null
----------------------------------------------
real command=cset shield -e /home/nrink/Projects/build/encode/encode/tests/quicksort/quicksort.perf.plain --  --cso /dev/null
key=plain, no.=66, <stderr>:
LENGTH=9
elapsed cycles: 48462
hi(checksum)=0x466E00C4E5325102
lo(checksum)=0x504AF4E755DE4C5C
key=plain, no.=66, <checksum>:
0x466E00C4E5325102504AF4E755DE4C5C
key=plain, no.=66, cso file:
/dev/null
----------------------------------------------
real command=cset shield -e /home/nrink/Projects/build/encode/encode/tests/quicksort/quicksort.perf.plain --  --cso /dev/null
key=plain, no.=67, <stderr>:
LENGTH=9
elapsed cycles: 46812
hi(checksum)=0x466E00C4E5325102
lo(checksum)=0x504AF4E755DE4C5C
key=plain, no.=67, <checksum>:
0x466E00C4E5325102504AF4E755DE4C5C
key=plain, no.=67, cso file:
/dev/null
----------------------------------------------
real command=cset shield -e /home/nrink/Projects/build/encode/encode/tests/quicksort/quicksort.perf.plain --  --cso /dev/null
key=plain, no.=68, <stderr>:
LENGTH=9
elapsed cycles: 46533
hi(checksum)=0x466E00C4E5325102
lo(checksum)=0x504AF4E755DE4C5C
key=plain, no.=68, <checksum>:
0x466E00C4E5325102504AF4E755DE4C5C
key=plain, no.=68, cso file:
/dev/null
----------------------------------------------
real command=cset shield -e /home/nrink/Projects/build/encode/encode/tests/quicksort/quicksort.perf.plain --  --cso /dev/null
key=plain, no.=69, <stderr>:
LENGTH=9
elapsed cycles: 46773
hi(checksum)=0x466E00C4E5325102
lo(checksum)=0x504AF4E755DE4C5C
key=plain, no.=69, <checksum>:
0x466E00C4E5325102504AF4E755DE4C5C
key=plain, no.=69, cso file:
/dev/null
----------------------------------------------
real command=cset shield -e /home/nrink/Projects/build/encode/encode/tests/quicksort/quicksort.perf.plain --  --cso /dev/null
key=plain, no.=70, <stderr>:
LENGTH=9
elapsed cycles: 45915
hi(checksum)=0x466E00C4E5325102
lo(checksum)=0x504AF4E755DE4C5C
key=plain, no.=70, <checksum>:
0x466E00C4E5325102504AF4E755DE4C5C
key=plain, no.=70, cso file:
/dev/null
----------------------------------------------
real command=cset shield -e /home/nrink/Projects/build/encode/encode/tests/quicksort/quicksort.perf.plain --  --cso /dev/null
key=plain, no.=71, <stderr>:
LENGTH=9
elapsed cycles: 46803
hi(checksum)=0x466E00C4E5325102
lo(checksum)=0x504AF4E755DE4C5C
key=plain, no.=71, <checksum>:
0x466E00C4E5325102504AF4E755DE4C5C
key=plain, no.=71, cso file:
/dev/null
----------------------------------------------
real command=cset shield -e /home/nrink/Projects/build/encode/encode/tests/quicksort/quicksort.perf.plain --  --cso /dev/null
key=plain, no.=72, <stderr>:
LENGTH=9
elapsed cycles: 81036
hi(checksum)=0x466E00C4E5325102
lo(checksum)=0x504AF4E755DE4C5C
key=plain, no.=72, <checksum>:
0x466E00C4E5325102504AF4E755DE4C5C
key=plain, no.=72, cso file:
/dev/null
----------------------------------------------
real command=cset shield -e /home/nrink/Projects/build/encode/encode/tests/quicksort/quicksort.perf.plain --  --cso /dev/null
key=plain, no.=73, <stderr>:
LENGTH=9
elapsed cycles: 46701
hi(checksum)=0x466E00C4E5325102
lo(checksum)=0x504AF4E755DE4C5C
key=plain, no.=73, <checksum>:
0x466E00C4E5325102504AF4E755DE4C5C
key=plain, no.=73, cso file:
/dev/null
----------------------------------------------
real command=cset shield -e /home/nrink/Projects/build/encode/encode/tests/quicksort/quicksort.perf.plain --  --cso /dev/null
key=plain, no.=74, <stderr>:
LENGTH=9
elapsed cycles: 46770
hi(checksum)=0x466E00C4E5325102
lo(checksum)=0x504AF4E755DE4C5C
key=plain, no.=74, <checksum>:
0x466E00C4E5325102504AF4E755DE4C5C
key=plain, no.=74, cso file:
/dev/null
----------------------------------------------
real command=cset shield -e /home/nrink/Projects/build/encode/encode/tests/quicksort/quicksort.perf.plain --  --cso /dev/null
key=plain, no.=75, <stderr>:
LENGTH=9
elapsed cycles: 46773
hi(checksum)=0x466E00C4E5325102
lo(checksum)=0x504AF4E755DE4C5C
key=plain, no.=75, <checksum>:
0x466E00C4E5325102504AF4E755DE4C5C
key=plain, no.=75, cso file:
/dev/null
----------------------------------------------
real command=cset shield -e /home/nrink/Projects/build/encode/encode/tests/quicksort/quicksort.perf.plain --  --cso /dev/null
key=plain, no.=76, <stderr>:
LENGTH=9
elapsed cycles: 46089
hi(checksum)=0x466E00C4E5325102
lo(checksum)=0x504AF4E755DE4C5C
key=plain, no.=76, <checksum>:
0x466E00C4E5325102504AF4E755DE4C5C
key=plain, no.=76, cso file:
/dev/null
----------------------------------------------
real command=cset shield -e /home/nrink/Projects/build/encode/encode/tests/quicksort/quicksort.perf.plain --  --cso /dev/null
key=plain, no.=77, <stderr>:
LENGTH=9
elapsed cycles: 47061
hi(checksum)=0x466E00C4E5325102
lo(checksum)=0x504AF4E755DE4C5C
key=plain, no.=77, <checksum>:
0x466E00C4E5325102504AF4E755DE4C5C
key=plain, no.=77, cso file:
/dev/null
----------------------------------------------
real command=cset shield -e /home/nrink/Projects/build/encode/encode/tests/quicksort/quicksort.perf.plain --  --cso /dev/null
key=plain, no.=78, <stderr>:
LENGTH=9
elapsed cycles: 47520
hi(checksum)=0x466E00C4E5325102
lo(checksum)=0x504AF4E755DE4C5C
key=plain, no.=78, <checksum>:
0x466E00C4E5325102504AF4E755DE4C5C
key=plain, no.=78, cso file:
/dev/null
----------------------------------------------
real command=cset shield -e /home/nrink/Projects/build/encode/encode/tests/quicksort/quicksort.perf.plain --  --cso /dev/null
key=plain, no.=79, <stderr>:
LENGTH=9
elapsed cycles: 46662
hi(checksum)=0x466E00C4E5325102
lo(checksum)=0x504AF4E755DE4C5C
key=plain, no.=79, <checksum>:
0x466E00C4E5325102504AF4E755DE4C5C
key=plain, no.=79, cso file:
/dev/null
----------------------------------------------
real command=cset shield -e /home/nrink/Projects/build/encode/encode/tests/quicksort/quicksort.perf.plain --  --cso /dev/null
key=plain, no.=80, <stderr>:
LENGTH=9
elapsed cycles: 46317
hi(checksum)=0x466E00C4E5325102
lo(checksum)=0x504AF4E755DE4C5C
key=plain, no.=80, <checksum>:
0x466E00C4E5325102504AF4E755DE4C5C
key=plain, no.=80, cso file:
/dev/null
----------------------------------------------
real command=cset shield -e /home/nrink/Projects/build/encode/encode/tests/quicksort/quicksort.perf.plain --  --cso /dev/null
key=plain, no.=81, <stderr>:
LENGTH=9
elapsed cycles: 46872
hi(checksum)=0x466E00C4E5325102
lo(checksum)=0x504AF4E755DE4C5C
key=plain, no.=81, <checksum>:
0x466E00C4E5325102504AF4E755DE4C5C
key=plain, no.=81, cso file:
/dev/null
----------------------------------------------
real command=cset shield -e /home/nrink/Projects/build/encode/encode/tests/quicksort/quicksort.perf.plain --  --cso /dev/null
key=plain, no.=82, <stderr>:
LENGTH=9
elapsed cycles: 46242
hi(checksum)=0x466E00C4E5325102
lo(checksum)=0x504AF4E755DE4C5C
key=plain, no.=82, <checksum>:
0x466E00C4E5325102504AF4E755DE4C5C
key=plain, no.=82, cso file:
/dev/null
----------------------------------------------
real command=cset shield -e /home/nrink/Projects/build/encode/encode/tests/quicksort/quicksort.perf.plain --  --cso /dev/null
key=plain, no.=83, <stderr>:
LENGTH=9
elapsed cycles: 47136
hi(checksum)=0x466E00C4E5325102
lo(checksum)=0x504AF4E755DE4C5C
key=plain, no.=83, <checksum>:
0x466E00C4E5325102504AF4E755DE4C5C
key=plain, no.=83, cso file:
/dev/null
----------------------------------------------
real command=cset shield -e /home/nrink/Projects/build/encode/encode/tests/quicksort/quicksort.perf.plain --  --cso /dev/null
key=plain, no.=84, <stderr>:
LENGTH=9
elapsed cycles: 46551
hi(checksum)=0x466E00C4E5325102
lo(checksum)=0x504AF4E755DE4C5C
key=plain, no.=84, <checksum>:
0x466E00C4E5325102504AF4E755DE4C5C
key=plain, no.=84, cso file:
/dev/null
----------------------------------------------
real command=cset shield -e /home/nrink/Projects/build/encode/encode/tests/quicksort/quicksort.perf.plain --  --cso /dev/null
key=plain, no.=85, <stderr>:
LENGTH=9
elapsed cycles: 47859
hi(checksum)=0x466E00C4E5325102
lo(checksum)=0x504AF4E755DE4C5C
key=plain, no.=85, <checksum>:
0x466E00C4E5325102504AF4E755DE4C5C
key=plain, no.=85, cso file:
/dev/null
----------------------------------------------
real command=cset shield -e /home/nrink/Projects/build/encode/encode/tests/quicksort/quicksort.perf.plain --  --cso /dev/null
key=plain, no.=86, <stderr>:
LENGTH=9
elapsed cycles: 46164
hi(checksum)=0x466E00C4E5325102
lo(checksum)=0x504AF4E755DE4C5C
key=plain, no.=86, <checksum>:
0x466E00C4E5325102504AF4E755DE4C5C
key=plain, no.=86, cso file:
/dev/null
----------------------------------------------
real command=cset shield -e /home/nrink/Projects/build/encode/encode/tests/quicksort/quicksort.perf.plain --  --cso /dev/null
key=plain, no.=87, <stderr>:
LENGTH=9
elapsed cycles: 47151
hi(checksum)=0x466E00C4E5325102
lo(checksum)=0x504AF4E755DE4C5C
key=plain, no.=87, <checksum>:
0x466E00C4E5325102504AF4E755DE4C5C
key=plain, no.=87, cso file:
/dev/null
----------------------------------------------
real command=cset shield -e /home/nrink/Projects/build/encode/encode/tests/quicksort/quicksort.perf.plain --  --cso /dev/null
key=plain, no.=88, <stderr>:
LENGTH=9
elapsed cycles: 46242
hi(checksum)=0x466E00C4E5325102
lo(checksum)=0x504AF4E755DE4C5C
key=plain, no.=88, <checksum>:
0x466E00C4E5325102504AF4E755DE4C5C
key=plain, no.=88, cso file:
/dev/null
----------------------------------------------
real command=cset shield -e /home/nrink/Projects/build/encode/encode/tests/quicksort/quicksort.perf.plain --  --cso /dev/null
key=plain, no.=89, <stderr>:
LENGTH=9
elapsed cycles: 46659
hi(checksum)=0x466E00C4E5325102
lo(checksum)=0x504AF4E755DE4C5C
key=plain, no.=89, <checksum>:
0x466E00C4E5325102504AF4E755DE4C5C
key=plain, no.=89, cso file:
/dev/null
----------------------------------------------
real command=cset shield -e /home/nrink/Projects/build/encode/encode/tests/quicksort/quicksort.perf.plain --  --cso /dev/null
key=plain, no.=90, <stderr>:
LENGTH=9
elapsed cycles: 46833
hi(checksum)=0x466E00C4E5325102
lo(checksum)=0x504AF4E755DE4C5C
key=plain, no.=90, <checksum>:
0x466E00C4E5325102504AF4E755DE4C5C
key=plain, no.=90, cso file:
/dev/null
----------------------------------------------
real command=cset shield -e /home/nrink/Projects/build/encode/encode/tests/quicksort/quicksort.perf.plain --  --cso /dev/null
key=plain, no.=91, <stderr>:
LENGTH=9
elapsed cycles: 47814
hi(checksum)=0x466E00C4E5325102
lo(checksum)=0x504AF4E755DE4C5C
key=plain, no.=91, <checksum>:
0x466E00C4E5325102504AF4E755DE4C5C
key=plain, no.=91, cso file:
/dev/null
----------------------------------------------
real command=cset shield -e /home/nrink/Projects/build/encode/encode/tests/quicksort/quicksort.perf.plain --  --cso /dev/null
key=plain, no.=92, <stderr>:
LENGTH=9
elapsed cycles: 46443
hi(checksum)=0x466E00C4E5325102
lo(checksum)=0x504AF4E755DE4C5C
key=plain, no.=92, <checksum>:
0x466E00C4E5325102504AF4E755DE4C5C
key=plain, no.=92, cso file:
/dev/null
----------------------------------------------
real command=cset shield -e /home/nrink/Projects/build/encode/encode/tests/quicksort/quicksort.perf.plain --  --cso /dev/null
key=plain, no.=93, <stderr>:
LENGTH=9
elapsed cycles: 46890
hi(checksum)=0x466E00C4E5325102
lo(checksum)=0x504AF4E755DE4C5C
key=plain, no.=93, <checksum>:
0x466E00C4E5325102504AF4E755DE4C5C
key=plain, no.=93, cso file:
/dev/null
----------------------------------------------
real command=cset shield -e /home/nrink/Projects/build/encode/encode/tests/quicksort/quicksort.perf.plain --  --cso /dev/null
key=plain, no.=94, <stderr>:
LENGTH=9
elapsed cycles: 47331
hi(checksum)=0x466E00C4E5325102
lo(checksum)=0x504AF4E755DE4C5C
key=plain, no.=94, <checksum>:
0x466E00C4E5325102504AF4E755DE4C5C
key=plain, no.=94, cso file:
/dev/null
----------------------------------------------
real command=cset shield -e /home/nrink/Projects/build/encode/encode/tests/quicksort/quicksort.perf.plain --  --cso /dev/null
key=plain, no.=95, <stderr>:
LENGTH=9
elapsed cycles: 46761
hi(checksum)=0x466E00C4E5325102
lo(checksum)=0x504AF4E755DE4C5C
key=plain, no.=95, <checksum>:
0x466E00C4E5325102504AF4E755DE4C5C
key=plain, no.=95, cso file:
/dev/null
----------------------------------------------
real command=cset shield -e /home/nrink/Projects/build/encode/encode/tests/quicksort/quicksort.perf.plain --  --cso /dev/null
key=plain, no.=96, <stderr>:
LENGTH=9
elapsed cycles: 46446
hi(checksum)=0x466E00C4E5325102
lo(checksum)=0x504AF4E755DE4C5C
key=plain, no.=96, <checksum>:
0x466E00C4E5325102504AF4E755DE4C5C
key=plain, no.=96, cso file:
/dev/null
----------------------------------------------
real command=cset shield -e /home/nrink/Projects/build/encode/encode/tests/quicksort/quicksort.perf.plain --  --cso /dev/null
key=plain, no.=97, <stderr>:
LENGTH=9
elapsed cycles: 47154
hi(checksum)=0x466E00C4E5325102
lo(checksum)=0x504AF4E755DE4C5C
key=plain, no.=97, <checksum>:
0x466E00C4E5325102504AF4E755DE4C5C
key=plain, no.=97, cso file:
/dev/null
----------------------------------------------
real command=cset shield -e /home/nrink/Projects/build/encode/encode/tests/quicksort/quicksort.perf.plain --  --cso /dev/null
key=plain, no.=98, <stderr>:
LENGTH=9
elapsed cycles: 47223
hi(checksum)=0x466E00C4E5325102
lo(checksum)=0x504AF4E755DE4C5C
key=plain, no.=98, <checksum>:
0x466E00C4E5325102504AF4E755DE4C5C
key=plain, no.=98, cso file:
/dev/null
----------------------------------------------
real command=cset shield -e /home/nrink/Projects/build/encode/encode/tests/quicksort/quicksort.perf.plain --  --cso /dev/null
key=plain, no.=99, <stderr>:
LENGTH=9
elapsed cycles: 46482
hi(checksum)=0x466E00C4E5325102
lo(checksum)=0x504AF4E755DE4C5C
key=plain, no.=99, <checksum>:
0x466E00C4E5325102504AF4E755DE4C5C
key=plain, no.=99, cso file:
/dev/null
----------------------------------------------
key=encoded, runs=100 ...
command=/home/nrink/Projects/build/encode/encode/tests/quicksort/quicksort.perf.encoded
----------------------------------------------
real command=cset shield -e /home/nrink/Projects/build/encode/encode/tests/quicksort/quicksort.perf.encoded --  --cso /dev/null
key=encoded, no.=0, <stderr>:
LENGTH=9
elapsed cycles: 71241
hi(checksum)=0x466E00C4E5325102
lo(checksum)=0x504AF4E755DE4C5C
key=encoded, no.=0, <checksum>:
0x466E00C4E5325102504AF4E755DE4C5C
key=encoded, no.=0, cso file:
/dev/null
----------------------------------------------
real command=cset shield -e /home/nrink/Projects/build/encode/encode/tests/quicksort/quicksort.perf.encoded --  --cso /dev/null
key=encoded, no.=1, <stderr>:
LENGTH=9
elapsed cycles: 68826
hi(checksum)=0x466E00C4E5325102
lo(checksum)=0x504AF4E755DE4C5C
key=encoded, no.=1, <checksum>:
0x466E00C4E5325102504AF4E755DE4C5C
key=encoded, no.=1, cso file:
/dev/null
----------------------------------------------
real command=cset shield -e /home/nrink/Projects/build/encode/encode/tests/quicksort/quicksort.perf.encoded --  --cso /dev/null
key=encoded, no.=2, <stderr>:
LENGTH=9
elapsed cycles: 70032
hi(checksum)=0x466E00C4E5325102
lo(checksum)=0x504AF4E755DE4C5C
key=encoded, no.=2, <checksum>:
0x466E00C4E5325102504AF4E755DE4C5C
key=encoded, no.=2, cso file:
/dev/null
----------------------------------------------
real command=cset shield -e /home/nrink/Projects/build/encode/encode/tests/quicksort/quicksort.perf.encoded --  --cso /dev/null
key=encoded, no.=3, <stderr>:
LENGTH=9
elapsed cycles: 70266
hi(checksum)=0x466E00C4E5325102
lo(checksum)=0x504AF4E755DE4C5C
key=encoded, no.=3, <checksum>:
0x466E00C4E5325102504AF4E755DE4C5C
key=encoded, no.=3, cso file:
/dev/null
----------------------------------------------
real command=cset shield -e /home/nrink/Projects/build/encode/encode/tests/quicksort/quicksort.perf.encoded --  --cso /dev/null
key=encoded, no.=4, <stderr>:
LENGTH=9
elapsed cycles: 70227
hi(checksum)=0x466E00C4E5325102
lo(checksum)=0x504AF4E755DE4C5C
key=encoded, no.=4, <checksum>:
0x466E00C4E5325102504AF4E755DE4C5C
key=encoded, no.=4, cso file:
/dev/null
----------------------------------------------
real command=cset shield -e /home/nrink/Projects/build/encode/encode/tests/quicksort/quicksort.perf.encoded --  --cso /dev/null
key=encoded, no.=5, <stderr>:
LENGTH=9
elapsed cycles: 70452
hi(checksum)=0x466E00C4E5325102
lo(checksum)=0x504AF4E755DE4C5C
key=encoded, no.=5, <checksum>:
0x466E00C4E5325102504AF4E755DE4C5C
key=encoded, no.=5, cso file:
/dev/null
----------------------------------------------
real command=cset shield -e /home/nrink/Projects/build/encode/encode/tests/quicksort/quicksort.perf.encoded --  --cso /dev/null
key=encoded, no.=6, <stderr>:
LENGTH=9
elapsed cycles: 70833
hi(checksum)=0x466E00C4E5325102
lo(checksum)=0x504AF4E755DE4C5C
key=encoded, no.=6, <checksum>:
0x466E00C4E5325102504AF4E755DE4C5C
key=encoded, no.=6, cso file:
/dev/null
----------------------------------------------
real command=cset shield -e /home/nrink/Projects/build/encode/encode/tests/quicksort/quicksort.perf.encoded --  --cso /dev/null
key=encoded, no.=7, <stderr>:
LENGTH=9
elapsed cycles: 70374
hi(checksum)=0x466E00C4E5325102
lo(checksum)=0x504AF4E755DE4C5C
key=encoded, no.=7, <checksum>:
0x466E00C4E5325102504AF4E755DE4C5C
key=encoded, no.=7, cso file:
/dev/null
----------------------------------------------
real command=cset shield -e /home/nrink/Projects/build/encode/encode/tests/quicksort/quicksort.perf.encoded --  --cso /dev/null
key=encoded, no.=8, <stderr>:
LENGTH=9
elapsed cycles: 70608
hi(checksum)=0x466E00C4E5325102
lo(checksum)=0x504AF4E755DE4C5C
key=encoded, no.=8, <checksum>:
0x466E00C4E5325102504AF4E755DE4C5C
key=encoded, no.=8, cso file:
/dev/null
----------------------------------------------
real command=cset shield -e /home/nrink/Projects/build/encode/encode/tests/quicksort/quicksort.perf.encoded --  --cso /dev/null
key=encoded, no.=9, <stderr>:
LENGTH=9
elapsed cycles: 70326
hi(checksum)=0x466E00C4E5325102
lo(checksum)=0x504AF4E755DE4C5C
key=encoded, no.=9, <checksum>:
0x466E00C4E5325102504AF4E755DE4C5C
key=encoded, no.=9, cso file:
/dev/null
----------------------------------------------
real command=cset shield -e /home/nrink/Projects/build/encode/encode/tests/quicksort/quicksort.perf.encoded --  --cso /dev/null
key=encoded, no.=10, <stderr>:
LENGTH=9
elapsed cycles: 71022
hi(checksum)=0x466E00C4E5325102
lo(checksum)=0x504AF4E755DE4C5C
key=encoded, no.=10, <checksum>:
0x466E00C4E5325102504AF4E755DE4C5C
key=encoded, no.=10, cso file:
/dev/null
----------------------------------------------
real command=cset shield -e /home/nrink/Projects/build/encode/encode/tests/quicksort/quicksort.perf.encoded --  --cso /dev/null
key=encoded, no.=11, <stderr>:
LENGTH=9
elapsed cycles: 70155
hi(checksum)=0x466E00C4E5325102
lo(checksum)=0x504AF4E755DE4C5C
key=encoded, no.=11, <checksum>:
0x466E00C4E5325102504AF4E755DE4C5C
key=encoded, no.=11, cso file:
/dev/null
----------------------------------------------
real command=cset shield -e /home/nrink/Projects/build/encode/encode/tests/quicksort/quicksort.perf.encoded --  --cso /dev/null
key=encoded, no.=12, <stderr>:
LENGTH=9
elapsed cycles: 69627
hi(checksum)=0x466E00C4E5325102
lo(checksum)=0x504AF4E755DE4C5C
key=encoded, no.=12, <checksum>:
0x466E00C4E5325102504AF4E755DE4C5C
key=encoded, no.=12, cso file:
/dev/null
----------------------------------------------
real command=cset shield -e /home/nrink/Projects/build/encode/encode/tests/quicksort/quicksort.perf.encoded --  --cso /dev/null
key=encoded, no.=13, <stderr>:
LENGTH=9
elapsed cycles: 70848
hi(checksum)=0x466E00C4E5325102
lo(checksum)=0x504AF4E755DE4C5C
key=encoded, no.=13, <checksum>:
0x466E00C4E5325102504AF4E755DE4C5C
key=encoded, no.=13, cso file:
/dev/null
----------------------------------------------
real command=cset shield -e /home/nrink/Projects/build/encode/encode/tests/quicksort/quicksort.perf.encoded --  --cso /dev/null
key=encoded, no.=14, <stderr>:
LENGTH=9
elapsed cycles: 71229
hi(checksum)=0x466E00C4E5325102
lo(checksum)=0x504AF4E755DE4C5C
key=encoded, no.=14, <checksum>:
0x466E00C4E5325102504AF4E755DE4C5C
key=encoded, no.=14, cso file:
/dev/null
----------------------------------------------
real command=cset shield -e /home/nrink/Projects/build/encode/encode/tests/quicksort/quicksort.perf.encoded --  --cso /dev/null
key=encoded, no.=15, <stderr>:
LENGTH=9
elapsed cycles: 70410
hi(checksum)=0x466E00C4E5325102
lo(checksum)=0x504AF4E755DE4C5C
key=encoded, no.=15, <checksum>:
0x466E00C4E5325102504AF4E755DE4C5C
key=encoded, no.=15, cso file:
/dev/null
----------------------------------------------
real command=cset shield -e /home/nrink/Projects/build/encode/encode/tests/quicksort/quicksort.perf.encoded --  --cso /dev/null
key=encoded, no.=16, <stderr>:
LENGTH=9
elapsed cycles: 70938
hi(checksum)=0x466E00C4E5325102
lo(checksum)=0x504AF4E755DE4C5C
key=encoded, no.=16, <checksum>:
0x466E00C4E5325102504AF4E755DE4C5C
key=encoded, no.=16, cso file:
/dev/null
----------------------------------------------
real command=cset shield -e /home/nrink/Projects/build/encode/encode/tests/quicksort/quicksort.perf.encoded --  --cso /dev/null
key=encoded, no.=17, <stderr>:
LENGTH=9
elapsed cycles: 69519
hi(checksum)=0x466E00C4E5325102
lo(checksum)=0x504AF4E755DE4C5C
key=encoded, no.=17, <checksum>:
0x466E00C4E5325102504AF4E755DE4C5C
key=encoded, no.=17, cso file:
/dev/null
----------------------------------------------
real command=cset shield -e /home/nrink/Projects/build/encode/encode/tests/quicksort/quicksort.perf.encoded --  --cso /dev/null
key=encoded, no.=18, <stderr>:
LENGTH=9
elapsed cycles: 70359
hi(checksum)=0x466E00C4E5325102
lo(checksum)=0x504AF4E755DE4C5C
key=encoded, no.=18, <checksum>:
0x466E00C4E5325102504AF4E755DE4C5C
key=encoded, no.=18, cso file:
/dev/null
----------------------------------------------
real command=cset shield -e /home/nrink/Projects/build/encode/encode/tests/quicksort/quicksort.perf.encoded --  --cso /dev/null
key=encoded, no.=19, <stderr>:
LENGTH=9
elapsed cycles: 70149
hi(checksum)=0x466E00C4E5325102
lo(checksum)=0x504AF4E755DE4C5C
key=encoded, no.=19, <checksum>:
0x466E00C4E5325102504AF4E755DE4C5C
key=encoded, no.=19, cso file:
/dev/null
----------------------------------------------
real command=cset shield -e /home/nrink/Projects/build/encode/encode/tests/quicksort/quicksort.perf.encoded --  --cso /dev/null
key=encoded, no.=20, <stderr>:
LENGTH=9
elapsed cycles: 71772
hi(checksum)=0x466E00C4E5325102
lo(checksum)=0x504AF4E755DE4C5C
key=encoded, no.=20, <checksum>:
0x466E00C4E5325102504AF4E755DE4C5C
key=encoded, no.=20, cso file:
/dev/null
----------------------------------------------
real command=cset shield -e /home/nrink/Projects/build/encode/encode/tests/quicksort/quicksort.perf.encoded --  --cso /dev/null
key=encoded, no.=21, <stderr>:
LENGTH=9
elapsed cycles: 70815
hi(checksum)=0x466E00C4E5325102
lo(checksum)=0x504AF4E755DE4C5C
key=encoded, no.=21, <checksum>:
0x466E00C4E5325102504AF4E755DE4C5C
key=encoded, no.=21, cso file:
/dev/null
----------------------------------------------
real command=cset shield -e /home/nrink/Projects/build/encode/encode/tests/quicksort/quicksort.perf.encoded --  --cso /dev/null
key=encoded, no.=22, <stderr>:
LENGTH=9
elapsed cycles: 69930
hi(checksum)=0x466E00C4E5325102
lo(checksum)=0x504AF4E755DE4C5C
key=encoded, no.=22, <checksum>:
0x466E00C4E5325102504AF4E755DE4C5C
key=encoded, no.=22, cso file:
/dev/null
----------------------------------------------
real command=cset shield -e /home/nrink/Projects/build/encode/encode/tests/quicksort/quicksort.perf.encoded --  --cso /dev/null
key=encoded, no.=23, <stderr>:
LENGTH=9
elapsed cycles: 69795
hi(checksum)=0x466E00C4E5325102
lo(checksum)=0x504AF4E755DE4C5C
key=encoded, no.=23, <checksum>:
0x466E00C4E5325102504AF4E755DE4C5C
key=encoded, no.=23, cso file:
/dev/null
----------------------------------------------
real command=cset shield -e /home/nrink/Projects/build/encode/encode/tests/quicksort/quicksort.perf.encoded --  --cso /dev/null
key=encoded, no.=24, <stderr>:
LENGTH=9
elapsed cycles: 70206
hi(checksum)=0x466E00C4E5325102
lo(checksum)=0x504AF4E755DE4C5C
key=encoded, no.=24, <checksum>:
0x466E00C4E5325102504AF4E755DE4C5C
key=encoded, no.=24, cso file:
/dev/null
----------------------------------------------
real command=cset shield -e /home/nrink/Projects/build/encode/encode/tests/quicksort/quicksort.perf.encoded --  --cso /dev/null
key=encoded, no.=25, <stderr>:
LENGTH=9
elapsed cycles: 70332
hi(checksum)=0x466E00C4E5325102
lo(checksum)=0x504AF4E755DE4C5C
key=encoded, no.=25, <checksum>:
0x466E00C4E5325102504AF4E755DE4C5C
key=encoded, no.=25, cso file:
/dev/null
----------------------------------------------
real command=cset shield -e /home/nrink/Projects/build/encode/encode/tests/quicksort/quicksort.perf.encoded --  --cso /dev/null
key=encoded, no.=26, <stderr>:
LENGTH=9
elapsed cycles: 70614
hi(checksum)=0x466E00C4E5325102
lo(checksum)=0x504AF4E755DE4C5C
key=encoded, no.=26, <checksum>:
0x466E00C4E5325102504AF4E755DE4C5C
key=encoded, no.=26, cso file:
/dev/null
----------------------------------------------
real command=cset shield -e /home/nrink/Projects/build/encode/encode/tests/quicksort/quicksort.perf.encoded --  --cso /dev/null
key=encoded, no.=27, <stderr>:
LENGTH=9
elapsed cycles: 70479
hi(checksum)=0x466E00C4E5325102
lo(checksum)=0x504AF4E755DE4C5C
key=encoded, no.=27, <checksum>:
0x466E00C4E5325102504AF4E755DE4C5C
key=encoded, no.=27, cso file:
/dev/null
----------------------------------------------
real command=cset shield -e /home/nrink/Projects/build/encode/encode/tests/quicksort/quicksort.perf.encoded --  --cso /dev/null
key=encoded, no.=28, <stderr>:
LENGTH=9
elapsed cycles: 71496
hi(checksum)=0x466E00C4E5325102
lo(checksum)=0x504AF4E755DE4C5C
key=encoded, no.=28, <checksum>:
0x466E00C4E5325102504AF4E755DE4C5C
key=encoded, no.=28, cso file:
/dev/null
----------------------------------------------
real command=cset shield -e /home/nrink/Projects/build/encode/encode/tests/quicksort/quicksort.perf.encoded --  --cso /dev/null
key=encoded, no.=29, <stderr>:
LENGTH=9
elapsed cycles: 70590
hi(checksum)=0x466E00C4E5325102
lo(checksum)=0x504AF4E755DE4C5C
key=encoded, no.=29, <checksum>:
0x466E00C4E5325102504AF4E755DE4C5C
key=encoded, no.=29, cso file:
/dev/null
----------------------------------------------
real command=cset shield -e /home/nrink/Projects/build/encode/encode/tests/quicksort/quicksort.perf.encoded --  --cso /dev/null
key=encoded, no.=30, <stderr>:
LENGTH=9
elapsed cycles: 69525
hi(checksum)=0x466E00C4E5325102
lo(checksum)=0x504AF4E755DE4C5C
key=encoded, no.=30, <checksum>:
0x466E00C4E5325102504AF4E755DE4C5C
key=encoded, no.=30, cso file:
/dev/null
----------------------------------------------
real command=cset shield -e /home/nrink/Projects/build/encode/encode/tests/quicksort/quicksort.perf.encoded --  --cso /dev/null
key=encoded, no.=31, <stderr>:
LENGTH=9
elapsed cycles: 70398
hi(checksum)=0x466E00C4E5325102
lo(checksum)=0x504AF4E755DE4C5C
key=encoded, no.=31, <checksum>:
0x466E00C4E5325102504AF4E755DE4C5C
key=encoded, no.=31, cso file:
/dev/null
----------------------------------------------
real command=cset shield -e /home/nrink/Projects/build/encode/encode/tests/quicksort/quicksort.perf.encoded --  --cso /dev/null
key=encoded, no.=32, <stderr>:
LENGTH=9
elapsed cycles: 69684
hi(checksum)=0x466E00C4E5325102
lo(checksum)=0x504AF4E755DE4C5C
key=encoded, no.=32, <checksum>:
0x466E00C4E5325102504AF4E755DE4C5C
key=encoded, no.=32, cso file:
/dev/null
----------------------------------------------
real command=cset shield -e /home/nrink/Projects/build/encode/encode/tests/quicksort/quicksort.perf.encoded --  --cso /dev/null
key=encoded, no.=33, <stderr>:
LENGTH=9
elapsed cycles: 72033
hi(checksum)=0x466E00C4E5325102
lo(checksum)=0x504AF4E755DE4C5C
key=encoded, no.=33, <checksum>:
0x466E00C4E5325102504AF4E755DE4C5C
key=encoded, no.=33, cso file:
/dev/null
----------------------------------------------
real command=cset shield -e /home/nrink/Projects/build/encode/encode/tests/quicksort/quicksort.perf.encoded --  --cso /dev/null
key=encoded, no.=34, <stderr>:
LENGTH=9
elapsed cycles: 70944
hi(checksum)=0x466E00C4E5325102
lo(checksum)=0x504AF4E755DE4C5C
key=encoded, no.=34, <checksum>:
0x466E00C4E5325102504AF4E755DE4C5C
key=encoded, no.=34, cso file:
/dev/null
----------------------------------------------
real command=cset shield -e /home/nrink/Projects/build/encode/encode/tests/quicksort/quicksort.perf.encoded --  --cso /dev/null
key=encoded, no.=35, <stderr>:
LENGTH=9
elapsed cycles: 70215
hi(checksum)=0x466E00C4E5325102
lo(checksum)=0x504AF4E755DE4C5C
key=encoded, no.=35, <checksum>:
0x466E00C4E5325102504AF4E755DE4C5C
key=encoded, no.=35, cso file:
/dev/null
----------------------------------------------
real command=cset shield -e /home/nrink/Projects/build/encode/encode/tests/quicksort/quicksort.perf.encoded --  --cso /dev/null
key=encoded, no.=36, <stderr>:
LENGTH=9
elapsed cycles: 70128
hi(checksum)=0x466E00C4E5325102
lo(checksum)=0x504AF4E755DE4C5C
key=encoded, no.=36, <checksum>:
0x466E00C4E5325102504AF4E755DE4C5C
key=encoded, no.=36, cso file:
/dev/null
----------------------------------------------
real command=cset shield -e /home/nrink/Projects/build/encode/encode/tests/quicksort/quicksort.perf.encoded --  --cso /dev/null
key=encoded, no.=37, <stderr>:
LENGTH=9
elapsed cycles: 71112
hi(checksum)=0x466E00C4E5325102
lo(checksum)=0x504AF4E755DE4C5C
key=encoded, no.=37, <checksum>:
0x466E00C4E5325102504AF4E755DE4C5C
key=encoded, no.=37, cso file:
/dev/null
----------------------------------------------
real command=cset shield -e /home/nrink/Projects/build/encode/encode/tests/quicksort/quicksort.perf.encoded --  --cso /dev/null
key=encoded, no.=38, <stderr>:
LENGTH=9
elapsed cycles: 70434
hi(checksum)=0x466E00C4E5325102
lo(checksum)=0x504AF4E755DE4C5C
key=encoded, no.=38, <checksum>:
0x466E00C4E5325102504AF4E755DE4C5C
key=encoded, no.=38, cso file:
/dev/null
----------------------------------------------
real command=cset shield -e /home/nrink/Projects/build/encode/encode/tests/quicksort/quicksort.perf.encoded --  --cso /dev/null
key=encoded, no.=39, <stderr>:
LENGTH=9
elapsed cycles: 69828
hi(checksum)=0x466E00C4E5325102
lo(checksum)=0x504AF4E755DE4C5C
key=encoded, no.=39, <checksum>:
0x466E00C4E5325102504AF4E755DE4C5C
key=encoded, no.=39, cso file:
/dev/null
----------------------------------------------
real command=cset shield -e /home/nrink/Projects/build/encode/encode/tests/quicksort/quicksort.perf.encoded --  --cso /dev/null
key=encoded, no.=40, <stderr>:
LENGTH=9
elapsed cycles: 70662
hi(checksum)=0x466E00C4E5325102
lo(checksum)=0x504AF4E755DE4C5C
key=encoded, no.=40, <checksum>:
0x466E00C4E5325102504AF4E755DE4C5C
key=encoded, no.=40, cso file:
/dev/null
----------------------------------------------
real command=cset shield -e /home/nrink/Projects/build/encode/encode/tests/quicksort/quicksort.perf.encoded --  --cso /dev/null
key=encoded, no.=41, <stderr>:
LENGTH=9
elapsed cycles: 69813
hi(checksum)=0x466E00C4E5325102
lo(checksum)=0x504AF4E755DE4C5C
key=encoded, no.=41, <checksum>:
0x466E00C4E5325102504AF4E755DE4C5C
key=encoded, no.=41, cso file:
/dev/null
----------------------------------------------
real command=cset shield -e /home/nrink/Projects/build/encode/encode/tests/quicksort/quicksort.perf.encoded --  --cso /dev/null
key=encoded, no.=42, <stderr>:
LENGTH=9
elapsed cycles: 70161
hi(checksum)=0x466E00C4E5325102
lo(checksum)=0x504AF4E755DE4C5C
key=encoded, no.=42, <checksum>:
0x466E00C4E5325102504AF4E755DE4C5C
key=encoded, no.=42, cso file:
/dev/null
----------------------------------------------
real command=cset shield -e /home/nrink/Projects/build/encode/encode/tests/quicksort/quicksort.perf.encoded --  --cso /dev/null
key=encoded, no.=43, <stderr>:
LENGTH=9
elapsed cycles: 70236
hi(checksum)=0x466E00C4E5325102
lo(checksum)=0x504AF4E755DE4C5C
key=encoded, no.=43, <checksum>:
0x466E00C4E5325102504AF4E755DE4C5C
key=encoded, no.=43, cso file:
/dev/null
----------------------------------------------
real command=cset shield -e /home/nrink/Projects/build/encode/encode/tests/quicksort/quicksort.perf.encoded --  --cso /dev/null
key=encoded, no.=44, <stderr>:
LENGTH=9
elapsed cycles: 69954
hi(checksum)=0x466E00C4E5325102
lo(checksum)=0x504AF4E755DE4C5C
key=encoded, no.=44, <checksum>:
0x466E00C4E5325102504AF4E755DE4C5C
key=encoded, no.=44, cso file:
/dev/null
----------------------------------------------
real command=cset shield -e /home/nrink/Projects/build/encode/encode/tests/quicksort/quicksort.perf.encoded --  --cso /dev/null
key=encoded, no.=45, <stderr>:
LENGTH=9
elapsed cycles: 70005
hi(checksum)=0x466E00C4E5325102
lo(checksum)=0x504AF4E755DE4C5C
key=encoded, no.=45, <checksum>:
0x466E00C4E5325102504AF4E755DE4C5C
key=encoded, no.=45, cso file:
/dev/null
----------------------------------------------
real command=cset shield -e /home/nrink/Projects/build/encode/encode/tests/quicksort/quicksort.perf.encoded --  --cso /dev/null
key=encoded, no.=46, <stderr>:
LENGTH=9
elapsed cycles: 69819
hi(checksum)=0x466E00C4E5325102
lo(checksum)=0x504AF4E755DE4C5C
key=encoded, no.=46, <checksum>:
0x466E00C4E5325102504AF4E755DE4C5C
key=encoded, no.=46, cso file:
/dev/null
----------------------------------------------
real command=cset shield -e /home/nrink/Projects/build/encode/encode/tests/quicksort/quicksort.perf.encoded --  --cso /dev/null
key=encoded, no.=47, <stderr>:
LENGTH=9
elapsed cycles: 70206
hi(checksum)=0x466E00C4E5325102
lo(checksum)=0x504AF4E755DE4C5C
key=encoded, no.=47, <checksum>:
0x466E00C4E5325102504AF4E755DE4C5C
key=encoded, no.=47, cso file:
/dev/null
----------------------------------------------
real command=cset shield -e /home/nrink/Projects/build/encode/encode/tests/quicksort/quicksort.perf.encoded --  --cso /dev/null
key=encoded, no.=48, <stderr>:
LENGTH=9
elapsed cycles: 71280
hi(checksum)=0x466E00C4E5325102
lo(checksum)=0x504AF4E755DE4C5C
key=encoded, no.=48, <checksum>:
0x466E00C4E5325102504AF4E755DE4C5C
key=encoded, no.=48, cso file:
/dev/null
----------------------------------------------
real command=cset shield -e /home/nrink/Projects/build/encode/encode/tests/quicksort/quicksort.perf.encoded --  --cso /dev/null
key=encoded, no.=49, <stderr>:
LENGTH=9
elapsed cycles: 70239
hi(checksum)=0x466E00C4E5325102
lo(checksum)=0x504AF4E755DE4C5C
key=encoded, no.=49, <checksum>:
0x466E00C4E5325102504AF4E755DE4C5C
key=encoded, no.=49, cso file:
/dev/null
----------------------------------------------
real command=cset shield -e /home/nrink/Projects/build/encode/encode/tests/quicksort/quicksort.perf.encoded --  --cso /dev/null
key=encoded, no.=50, <stderr>:
LENGTH=9
elapsed cycles: 69816
hi(checksum)=0x466E00C4E5325102
lo(checksum)=0x504AF4E755DE4C5C
key=encoded, no.=50, <checksum>:
0x466E00C4E5325102504AF4E755DE4C5C
key=encoded, no.=50, cso file:
/dev/null
----------------------------------------------
real command=cset shield -e /home/nrink/Projects/build/encode/encode/tests/quicksort/quicksort.perf.encoded --  --cso /dev/null
key=encoded, no.=51, <stderr>:
LENGTH=9
elapsed cycles: 69870
hi(checksum)=0x466E00C4E5325102
lo(checksum)=0x504AF4E755DE4C5C
key=encoded, no.=51, <checksum>:
0x466E00C4E5325102504AF4E755DE4C5C
key=encoded, no.=51, cso file:
/dev/null
----------------------------------------------
real command=cset shield -e /home/nrink/Projects/build/encode/encode/tests/quicksort/quicksort.perf.encoded --  --cso /dev/null
key=encoded, no.=52, <stderr>:
LENGTH=9
elapsed cycles: 69132
hi(checksum)=0x466E00C4E5325102
lo(checksum)=0x504AF4E755DE4C5C
key=encoded, no.=52, <checksum>:
0x466E00C4E5325102504AF4E755DE4C5C
key=encoded, no.=52, cso file:
/dev/null
----------------------------------------------
real command=cset shield -e /home/nrink/Projects/build/encode/encode/tests/quicksort/quicksort.perf.encoded --  --cso /dev/null
key=encoded, no.=53, <stderr>:
LENGTH=9
elapsed cycles: 70512
hi(checksum)=0x466E00C4E5325102
lo(checksum)=0x504AF4E755DE4C5C
key=encoded, no.=53, <checksum>:
0x466E00C4E5325102504AF4E755DE4C5C
key=encoded, no.=53, cso file:
/dev/null
----------------------------------------------
real command=cset shield -e /home/nrink/Projects/build/encode/encode/tests/quicksort/quicksort.perf.encoded --  --cso /dev/null
key=encoded, no.=54, <stderr>:
LENGTH=9
elapsed cycles: 71019
hi(checksum)=0x466E00C4E5325102
lo(checksum)=0x504AF4E755DE4C5C
key=encoded, no.=54, <checksum>:
0x466E00C4E5325102504AF4E755DE4C5C
key=encoded, no.=54, cso file:
/dev/null
----------------------------------------------
real command=cset shield -e /home/nrink/Projects/build/encode/encode/tests/quicksort/quicksort.perf.encoded --  --cso /dev/null
key=encoded, no.=55, <stderr>:
LENGTH=9
elapsed cycles: 70176
hi(checksum)=0x466E00C4E5325102
lo(checksum)=0x504AF4E755DE4C5C
key=encoded, no.=55, <checksum>:
0x466E00C4E5325102504AF4E755DE4C5C
key=encoded, no.=55, cso file:
/dev/null
----------------------------------------------
real command=cset shield -e /home/nrink/Projects/build/encode/encode/tests/quicksort/quicksort.perf.encoded --  --cso /dev/null
key=encoded, no.=56, <stderr>:
LENGTH=9
elapsed cycles: 71268
hi(checksum)=0x466E00C4E5325102
lo(checksum)=0x504AF4E755DE4C5C
key=encoded, no.=56, <checksum>:
0x466E00C4E5325102504AF4E755DE4C5C
key=encoded, no.=56, cso file:
/dev/null
----------------------------------------------
real command=cset shield -e /home/nrink/Projects/build/encode/encode/tests/quicksort/quicksort.perf.encoded --  --cso /dev/null
key=encoded, no.=57, <stderr>:
LENGTH=9
elapsed cycles: 69909
hi(checksum)=0x466E00C4E5325102
lo(checksum)=0x504AF4E755DE4C5C
key=encoded, no.=57, <checksum>:
0x466E00C4E5325102504AF4E755DE4C5C
key=encoded, no.=57, cso file:
/dev/null
----------------------------------------------
real command=cset shield -e /home/nrink/Projects/build/encode/encode/tests/quicksort/quicksort.perf.encoded --  --cso /dev/null
key=encoded, no.=58, <stderr>:
LENGTH=9
elapsed cycles: 71280
hi(checksum)=0x466E00C4E5325102
lo(checksum)=0x504AF4E755DE4C5C
key=encoded, no.=58, <checksum>:
0x466E00C4E5325102504AF4E755DE4C5C
key=encoded, no.=58, cso file:
/dev/null
----------------------------------------------
real command=cset shield -e /home/nrink/Projects/build/encode/encode/tests/quicksort/quicksort.perf.encoded --  --cso /dev/null
key=encoded, no.=59, <stderr>:
LENGTH=9
elapsed cycles: 70233
hi(checksum)=0x466E00C4E5325102
lo(checksum)=0x504AF4E755DE4C5C
key=encoded, no.=59, <checksum>:
0x466E00C4E5325102504AF4E755DE4C5C
key=encoded, no.=59, cso file:
/dev/null
----------------------------------------------
real command=cset shield -e /home/nrink/Projects/build/encode/encode/tests/quicksort/quicksort.perf.encoded --  --cso /dev/null
key=encoded, no.=60, <stderr>:
LENGTH=9
elapsed cycles: 70395
hi(checksum)=0x466E00C4E5325102
lo(checksum)=0x504AF4E755DE4C5C
key=encoded, no.=60, <checksum>:
0x466E00C4E5325102504AF4E755DE4C5C
key=encoded, no.=60, cso file:
/dev/null
----------------------------------------------
real command=cset shield -e /home/nrink/Projects/build/encode/encode/tests/quicksort/quicksort.perf.encoded --  --cso /dev/null
key=encoded, no.=61, <stderr>:
LENGTH=9
elapsed cycles: 70371
hi(checksum)=0x466E00C4E5325102
lo(checksum)=0x504AF4E755DE4C5C
key=encoded, no.=61, <checksum>:
0x466E00C4E5325102504AF4E755DE4C5C
key=encoded, no.=61, cso file:
/dev/null
----------------------------------------------
real command=cset shield -e /home/nrink/Projects/build/encode/encode/tests/quicksort/quicksort.perf.encoded --  --cso /dev/null
key=encoded, no.=62, <stderr>:
LENGTH=9
elapsed cycles: 70737
hi(checksum)=0x466E00C4E5325102
lo(checksum)=0x504AF4E755DE4C5C
key=encoded, no.=62, <checksum>:
0x466E00C4E5325102504AF4E755DE4C5C
key=encoded, no.=62, cso file:
/dev/null
----------------------------------------------
real command=cset shield -e /home/nrink/Projects/build/encode/encode/tests/quicksort/quicksort.perf.encoded --  --cso /dev/null
key=encoded, no.=63, <stderr>:
LENGTH=9
elapsed cycles: 71475
hi(checksum)=0x466E00C4E5325102
lo(checksum)=0x504AF4E755DE4C5C
key=encoded, no.=63, <checksum>:
0x466E00C4E5325102504AF4E755DE4C5C
key=encoded, no.=63, cso file:
/dev/null
----------------------------------------------
real command=cset shield -e /home/nrink/Projects/build/encode/encode/tests/quicksort/quicksort.perf.encoded --  --cso /dev/null
key=encoded, no.=64, <stderr>:
LENGTH=9
elapsed cycles: 70152
hi(checksum)=0x466E00C4E5325102
lo(checksum)=0x504AF4E755DE4C5C
key=encoded, no.=64, <checksum>:
0x466E00C4E5325102504AF4E755DE4C5C
key=encoded, no.=64, cso file:
/dev/null
----------------------------------------------
real command=cset shield -e /home/nrink/Projects/build/encode/encode/tests/quicksort/quicksort.perf.encoded --  --cso /dev/null
key=encoded, no.=65, <stderr>:
LENGTH=9
elapsed cycles: 70185
hi(checksum)=0x466E00C4E5325102
lo(checksum)=0x504AF4E755DE4C5C
key=encoded, no.=65, <checksum>:
0x466E00C4E5325102504AF4E755DE4C5C
key=encoded, no.=65, cso file:
/dev/null
----------------------------------------------
real command=cset shield -e /home/nrink/Projects/build/encode/encode/tests/quicksort/quicksort.perf.encoded --  --cso /dev/null
key=encoded, no.=66, <stderr>:
LENGTH=9
elapsed cycles: 70428
hi(checksum)=0x466E00C4E5325102
lo(checksum)=0x504AF4E755DE4C5C
key=encoded, no.=66, <checksum>:
0x466E00C4E5325102504AF4E755DE4C5C
key=encoded, no.=66, cso file:
/dev/null
----------------------------------------------
real command=cset shield -e /home/nrink/Projects/build/encode/encode/tests/quicksort/quicksort.perf.encoded --  --cso /dev/null
key=encoded, no.=67, <stderr>:
LENGTH=9
elapsed cycles: 69849
hi(checksum)=0x466E00C4E5325102
lo(checksum)=0x504AF4E755DE4C5C
key=encoded, no.=67, <checksum>:
0x466E00C4E5325102504AF4E755DE4C5C
key=encoded, no.=67, cso file:
/dev/null
----------------------------------------------
real command=cset shield -e /home/nrink/Projects/build/encode/encode/tests/quicksort/quicksort.perf.encoded --  --cso /dev/null
key=encoded, no.=68, <stderr>:
LENGTH=9
elapsed cycles: 70059
hi(checksum)=0x466E00C4E5325102
lo(checksum)=0x504AF4E755DE4C5C
key=encoded, no.=68, <checksum>:
0x466E00C4E5325102504AF4E755DE4C5C
key=encoded, no.=68, cso file:
/dev/null
----------------------------------------------
real command=cset shield -e /home/nrink/Projects/build/encode/encode/tests/quicksort/quicksort.perf.encoded --  --cso /dev/null
key=encoded, no.=69, <stderr>:
LENGTH=9
elapsed cycles: 70191
hi(checksum)=0x466E00C4E5325102
lo(checksum)=0x504AF4E755DE4C5C
key=encoded, no.=69, <checksum>:
0x466E00C4E5325102504AF4E755DE4C5C
key=encoded, no.=69, cso file:
/dev/null
----------------------------------------------
real command=cset shield -e /home/nrink/Projects/build/encode/encode/tests/quicksort/quicksort.perf.encoded --  --cso /dev/null
key=encoded, no.=70, <stderr>:
LENGTH=9
elapsed cycles: 70626
hi(checksum)=0x466E00C4E5325102
lo(checksum)=0x504AF4E755DE4C5C
key=encoded, no.=70, <checksum>:
0x466E00C4E5325102504AF4E755DE4C5C
key=encoded, no.=70, cso file:
/dev/null
----------------------------------------------
real command=cset shield -e /home/nrink/Projects/build/encode/encode/tests/quicksort/quicksort.perf.encoded --  --cso /dev/null
key=encoded, no.=71, <stderr>:
LENGTH=9
elapsed cycles: 69612
hi(checksum)=0x466E00C4E5325102
lo(checksum)=0x504AF4E755DE4C5C
key=encoded, no.=71, <checksum>:
0x466E00C4E5325102504AF4E755DE4C5C
key=encoded, no.=71, cso file:
/dev/null
----------------------------------------------
real command=cset shield -e /home/nrink/Projects/build/encode/encode/tests/quicksort/quicksort.perf.encoded --  --cso /dev/null
key=encoded, no.=72, <stderr>:
LENGTH=9
elapsed cycles: 69771
hi(checksum)=0x466E00C4E5325102
lo(checksum)=0x504AF4E755DE4C5C
key=encoded, no.=72, <checksum>:
0x466E00C4E5325102504AF4E755DE4C5C
key=encoded, no.=72, cso file:
/dev/null
----------------------------------------------
real command=cset shield -e /home/nrink/Projects/build/encode/encode/tests/quicksort/quicksort.perf.encoded --  --cso /dev/null
key=encoded, no.=73, <stderr>:
LENGTH=9
elapsed cycles: 70665
hi(checksum)=0x466E00C4E5325102
lo(checksum)=0x504AF4E755DE4C5C
key=encoded, no.=73, <checksum>:
0x466E00C4E5325102504AF4E755DE4C5C
key=encoded, no.=73, cso file:
/dev/null
----------------------------------------------
real command=cset shield -e /home/nrink/Projects/build/encode/encode/tests/quicksort/quicksort.perf.encoded --  --cso /dev/null
key=encoded, no.=74, <stderr>:
LENGTH=9
elapsed cycles: 69888
hi(checksum)=0x466E00C4E5325102
lo(checksum)=0x504AF4E755DE4C5C
key=encoded, no.=74, <checksum>:
0x466E00C4E5325102504AF4E755DE4C5C
key=encoded, no.=74, cso file:
/dev/null
----------------------------------------------
real command=cset shield -e /home/nrink/Projects/build/encode/encode/tests/quicksort/quicksort.perf.encoded --  --cso /dev/null
key=encoded, no.=75, <stderr>:
LENGTH=9
elapsed cycles: 70107
hi(checksum)=0x466E00C4E5325102
lo(checksum)=0x504AF4E755DE4C5C
key=encoded, no.=75, <checksum>:
0x466E00C4E5325102504AF4E755DE4C5C
key=encoded, no.=75, cso file:
/dev/null
----------------------------------------------
real command=cset shield -e /home/nrink/Projects/build/encode/encode/tests/quicksort/quicksort.perf.encoded --  --cso /dev/null
key=encoded, no.=76, <stderr>:
LENGTH=9
elapsed cycles: 126033
hi(checksum)=0x466E00C4E5325102
lo(checksum)=0x504AF4E755DE4C5C
key=encoded, no.=76, <checksum>:
0x466E00C4E5325102504AF4E755DE4C5C
key=encoded, no.=76, cso file:
/dev/null
----------------------------------------------
real command=cset shield -e /home/nrink/Projects/build/encode/encode/tests/quicksort/quicksort.perf.encoded --  --cso /dev/null
key=encoded, no.=77, <stderr>:
LENGTH=9
elapsed cycles: 75888
hi(checksum)=0x466E00C4E5325102
lo(checksum)=0x504AF4E755DE4C5C
key=encoded, no.=77, <checksum>:
0x466E00C4E5325102504AF4E755DE4C5C
key=encoded, no.=77, cso file:
/dev/null
----------------------------------------------
real command=cset shield -e /home/nrink/Projects/build/encode/encode/tests/quicksort/quicksort.perf.encoded --  --cso /dev/null
key=encoded, no.=78, <stderr>:
LENGTH=9
elapsed cycles: 70836
hi(checksum)=0x466E00C4E5325102
lo(checksum)=0x504AF4E755DE4C5C
key=encoded, no.=78, <checksum>:
0x466E00C4E5325102504AF4E755DE4C5C
key=encoded, no.=78, cso file:
/dev/null
----------------------------------------------
real command=cset shield -e /home/nrink/Projects/build/encode/encode/tests/quicksort/quicksort.perf.encoded --  --cso /dev/null
key=encoded, no.=79, <stderr>:
LENGTH=9
elapsed cycles: 73029
hi(checksum)=0x466E00C4E5325102
lo(checksum)=0x504AF4E755DE4C5C
key=encoded, no.=79, <checksum>:
0x466E00C4E5325102504AF4E755DE4C5C
key=encoded, no.=79, cso file:
/dev/null
----------------------------------------------
real command=cset shield -e /home/nrink/Projects/build/encode/encode/tests/quicksort/quicksort.perf.encoded --  --cso /dev/null
key=encoded, no.=80, <stderr>:
LENGTH=9
elapsed cycles: 70830
hi(checksum)=0x466E00C4E5325102
lo(checksum)=0x504AF4E755DE4C5C
key=encoded, no.=80, <checksum>:
0x466E00C4E5325102504AF4E755DE4C5C
key=encoded, no.=80, cso file:
/dev/null
----------------------------------------------
real command=cset shield -e /home/nrink/Projects/build/encode/encode/tests/quicksort/quicksort.perf.encoded --  --cso /dev/null
key=encoded, no.=81, <stderr>:
LENGTH=9
elapsed cycles: 70617
hi(checksum)=0x466E00C4E5325102
lo(checksum)=0x504AF4E755DE4C5C
key=encoded, no.=81, <checksum>:
0x466E00C4E5325102504AF4E755DE4C5C
key=encoded, no.=81, cso file:
/dev/null
----------------------------------------------
real command=cset shield -e /home/nrink/Projects/build/encode/encode/tests/quicksort/quicksort.perf.encoded --  --cso /dev/null
key=encoded, no.=82, <stderr>:
LENGTH=9
elapsed cycles: 72573
hi(checksum)=0x466E00C4E5325102
lo(checksum)=0x504AF4E755DE4C5C
key=encoded, no.=82, <checksum>:
0x466E00C4E5325102504AF4E755DE4C5C
key=encoded, no.=82, cso file:
/dev/null
----------------------------------------------
real command=cset shield -e /home/nrink/Projects/build/encode/encode/tests/quicksort/quicksort.perf.encoded --  --cso /dev/null
key=encoded, no.=83, <stderr>:
LENGTH=9
elapsed cycles: 71934
hi(checksum)=0x466E00C4E5325102
lo(checksum)=0x504AF4E755DE4C5C
key=encoded, no.=83, <checksum>:
0x466E00C4E5325102504AF4E755DE4C5C
key=encoded, no.=83, cso file:
/dev/null
----------------------------------------------
real command=cset shield -e /home/nrink/Projects/build/encode/encode/tests/quicksort/quicksort.perf.encoded --  --cso /dev/null
key=encoded, no.=84, <stderr>:
LENGTH=9
elapsed cycles: 71727
hi(checksum)=0x466E00C4E5325102
lo(checksum)=0x504AF4E755DE4C5C
key=encoded, no.=84, <checksum>:
0x466E00C4E5325102504AF4E755DE4C5C
key=encoded, no.=84, cso file:
/dev/null
----------------------------------------------
real command=cset shield -e /home/nrink/Projects/build/encode/encode/tests/quicksort/quicksort.perf.encoded --  --cso /dev/null
key=encoded, no.=85, <stderr>:
LENGTH=9
elapsed cycles: 71370
hi(checksum)=0x466E00C4E5325102
lo(checksum)=0x504AF4E755DE4C5C
key=encoded, no.=85, <checksum>:
0x466E00C4E5325102504AF4E755DE4C5C
key=encoded, no.=85, cso file:
/dev/null
----------------------------------------------
real command=cset shield -e /home/nrink/Projects/build/encode/encode/tests/quicksort/quicksort.perf.encoded --  --cso /dev/null
key=encoded, no.=86, <stderr>:
LENGTH=9
elapsed cycles: 72870
hi(checksum)=0x466E00C4E5325102
lo(checksum)=0x504AF4E755DE4C5C
key=encoded, no.=86, <checksum>:
0x466E00C4E5325102504AF4E755DE4C5C
key=encoded, no.=86, cso file:
/dev/null
----------------------------------------------
real command=cset shield -e /home/nrink/Projects/build/encode/encode/tests/quicksort/quicksort.perf.encoded --  --cso /dev/null
key=encoded, no.=87, <stderr>:
LENGTH=9
elapsed cycles: 70635
hi(checksum)=0x466E00C4E5325102
lo(checksum)=0x504AF4E755DE4C5C
key=encoded, no.=87, <checksum>:
0x466E00C4E5325102504AF4E755DE4C5C
key=encoded, no.=87, cso file:
/dev/null
----------------------------------------------
real command=cset shield -e /home/nrink/Projects/build/encode/encode/tests/quicksort/quicksort.perf.encoded --  --cso /dev/null
key=encoded, no.=88, <stderr>:
LENGTH=9
elapsed cycles: 72561
hi(checksum)=0x466E00C4E5325102
lo(checksum)=0x504AF4E755DE4C5C
key=encoded, no.=88, <checksum>:
0x466E00C4E5325102504AF4E755DE4C5C
key=encoded, no.=88, cso file:
/dev/null
----------------------------------------------
real command=cset shield -e /home/nrink/Projects/build/encode/encode/tests/quicksort/quicksort.perf.encoded --  --cso /dev/null
key=encoded, no.=89, <stderr>:
LENGTH=9
elapsed cycles: 70371
hi(checksum)=0x466E00C4E5325102
lo(checksum)=0x504AF4E755DE4C5C
key=encoded, no.=89, <checksum>:
0x466E00C4E5325102504AF4E755DE4C5C
key=encoded, no.=89, cso file:
/dev/null
----------------------------------------------
real command=cset shield -e /home/nrink/Projects/build/encode/encode/tests/quicksort/quicksort.perf.encoded --  --cso /dev/null
key=encoded, no.=90, <stderr>:
LENGTH=9
elapsed cycles: 70068
hi(checksum)=0x466E00C4E5325102
lo(checksum)=0x504AF4E755DE4C5C
key=encoded, no.=90, <checksum>:
0x466E00C4E5325102504AF4E755DE4C5C
key=encoded, no.=90, cso file:
/dev/null
----------------------------------------------
real command=cset shield -e /home/nrink/Projects/build/encode/encode/tests/quicksort/quicksort.perf.encoded --  --cso /dev/null
key=encoded, no.=91, <stderr>:
LENGTH=9
elapsed cycles: 70377
hi(checksum)=0x466E00C4E5325102
lo(checksum)=0x504AF4E755DE4C5C
key=encoded, no.=91, <checksum>:
0x466E00C4E5325102504AF4E755DE4C5C
key=encoded, no.=91, cso file:
/dev/null
----------------------------------------------
real command=cset shield -e /home/nrink/Projects/build/encode/encode/tests/quicksort/quicksort.perf.encoded --  --cso /dev/null
key=encoded, no.=92, <stderr>:
LENGTH=9
elapsed cycles: 72546
hi(checksum)=0x466E00C4E5325102
lo(checksum)=0x504AF4E755DE4C5C
key=encoded, no.=92, <checksum>:
0x466E00C4E5325102504AF4E755DE4C5C
key=encoded, no.=92, cso file:
/dev/null
----------------------------------------------
real command=cset shield -e /home/nrink/Projects/build/encode/encode/tests/quicksort/quicksort.perf.encoded --  --cso /dev/null
key=encoded, no.=93, <stderr>:
LENGTH=9
elapsed cycles: 71367
hi(checksum)=0x466E00C4E5325102
lo(checksum)=0x504AF4E755DE4C5C
key=encoded, no.=93, <checksum>:
0x466E00C4E5325102504AF4E755DE4C5C
key=encoded, no.=93, cso file:
/dev/null
----------------------------------------------
real command=cset shield -e /home/nrink/Projects/build/encode/encode/tests/quicksort/quicksort.perf.encoded --  --cso /dev/null
key=encoded, no.=94, <stderr>:
LENGTH=9
elapsed cycles: 73059
hi(checksum)=0x466E00C4E5325102
lo(checksum)=0x504AF4E755DE4C5C
key=encoded, no.=94, <checksum>:
0x466E00C4E5325102504AF4E755DE4C5C
key=encoded, no.=94, cso file:
/dev/null
----------------------------------------------
real command=cset shield -e /home/nrink/Projects/build/encode/encode/tests/quicksort/quicksort.perf.encoded --  --cso /dev/null
key=encoded, no.=95, <stderr>:
LENGTH=9
elapsed cycles: 73179
hi(checksum)=0x466E00C4E5325102
lo(checksum)=0x504AF4E755DE4C5C
key=encoded, no.=95, <checksum>:
0x466E00C4E5325102504AF4E755DE4C5C
key=encoded, no.=95, cso file:
/dev/null
----------------------------------------------
real command=cset shield -e /home/nrink/Projects/build/encode/encode/tests/quicksort/quicksort.perf.encoded --  --cso /dev/null
key=encoded, no.=96, <stderr>:
LENGTH=9
elapsed cycles: 74757
hi(checksum)=0x466E00C4E5325102
lo(checksum)=0x504AF4E755DE4C5C
key=encoded, no.=96, <checksum>:
0x466E00C4E5325102504AF4E755DE4C5C
key=encoded, no.=96, cso file:
/dev/null
----------------------------------------------
real command=cset shield -e /home/nrink/Projects/build/encode/encode/tests/quicksort/quicksort.perf.encoded --  --cso /dev/null
key=encoded, no.=97, <stderr>:
LENGTH=9
elapsed cycles: 70155
hi(checksum)=0x466E00C4E5325102
lo(checksum)=0x504AF4E755DE4C5C
key=encoded, no.=97, <checksum>:
0x466E00C4E5325102504AF4E755DE4C5C
key=encoded, no.=97, cso file:
/dev/null
----------------------------------------------
real command=cset shield -e /home/nrink/Projects/build/encode/encode/tests/quicksort/quicksort.perf.encoded --  --cso /dev/null
key=encoded, no.=98, <stderr>:
LENGTH=9
elapsed cycles: 71772
hi(checksum)=0x466E00C4E5325102
lo(checksum)=0x504AF4E755DE4C5C
key=encoded, no.=98, <checksum>:
0x466E00C4E5325102504AF4E755DE4C5C
key=encoded, no.=98, cso file:
/dev/null
----------------------------------------------
real command=cset shield -e /home/nrink/Projects/build/encode/encode/tests/quicksort/quicksort.perf.encoded --  --cso /dev/null
key=encoded, no.=99, <stderr>:
LENGTH=9
elapsed cycles: 71304
hi(checksum)=0x466E00C4E5325102
lo(checksum)=0x504AF4E755DE4C5C
key=encoded, no.=99, <checksum>:
0x466E00C4E5325102504AF4E755DE4C5C
key=encoded, no.=99, cso file:
/dev/null
----------------------------------------------
