<stderr> from running /home/nrink/Projects/pin-2.14-71313-gcc.4.4.7-linux/pin.sh -t /home/nrink/Projects/bfi/obj-intel64/bfi.so -trigger 151254 -cmd TXT -seed 1 -mask 98 -- /home/nrink/Projects/build/encode/encode/tests/array_sum/array_sum.cover.plain --cso ./2015-05-05_16:31:56/array_sum/cover/cs/plain.48.cso --csl ./2015-05-05_16:31:56/array_sum/cover/cs/plain.48.csl:
[.:    0, IP = 0x400955, i = 151254, wa = 0, ra = 0, rr = 0, wr = 0, it = 0, t = 0]
	ip' = 0x40095b, size = 6, mask = 98, idx = 3, byte = 0, byte' = 98
elapsed cycles: 218169789
hi(checksum)=0x0000000000000000
lo(checksum)=0x00000000000001A4
**********************
INSTR   = 159909
WADDR   = 0
RADDR   = 0
RREG    = 0
WREG    = 0
ITER    = 0
TRIGGER = 151254
TTYPE   = IN
COMMAND = TXT
SEL     = -1
SEED    = 1
MASK    = 0x62
THREAD  = 0
ELAPSED = 3.26s
----------------------------------------------------------------
