<stderr> from running /home/nrink/Projects/pin-2.14-71313-gcc.4.4.7-linux/pin.sh -t /home/nrink/Projects/bfi/obj-intel64/bfi.so -trigger 151656 -cmd WVAL -seed 1 -mask 143 -- /home/nrink/Projects/build/encode/encode/tests/array_sum/array_sum.cover.encoded --cso ./2015-05-05_16:31:56/array_sum/cover/cs/encoded.4.cso --csl ./2015-05-05_16:31:56/array_sum/cover/cs/encoded.4.csl:
[.:    0, IP = 0x400a8f, i = 151658, wa = 0, ra = 0, rr = 0, wr = 0, it = 0, t = 0]
	access = write, size = 8, value = 2208, value' = 2095, addr = 0x602090, op = 0
elapsed cycles: 53084175
hi(checksum)=0x0000000000000000
lo(checksum)=0x00000000000001A4
**********************
INSTR   = 160624
WADDR   = 0
RADDR   = 0
RREG    = 0
WREG    = 0
ITER    = 0
TRIGGER = 151656
TTYPE   = IN
COMMAND = WVAL
SEL     = -1
SEED    = 1
MASK    = 0x8f
THREAD  = 0
ELAPSED = 1.09s
----------------------------------------------------------------
