<stderr> from running /home/nrink/Projects/pin-2.14-71313-gcc.4.4.7-linux/pin.sh -t /home/nrink/Projects/bfi/obj-intel64/bfi.so -trigger 163577 -cmd RVAL -seed 1 -mask 12 -- /home/nrink/Projects/build/encode/encode/tests/ptrarith/ptrarith.cover.plain --cso ./2015-05-05_12:10:21/ptrarith/cover/cs/plain.39.cso --csl ./2015-05-05_12:10:21/ptrarith/cover/cs/plain.39.csl:
[.:    0, IP = 0x400aa0, i = 163582, wa = 0, ra = 0, rr = 0, wr = 0, it = 0, t = 0]
	access = read, size = 8, value = 4, value' = 8, addr = 0x603140, op = 0
elapsed cycles: 108629070
hi(checksum)=0x8FD7C4F8F4472026
lo(checksum)=0x577E4A4F11E8E2E4
**********************
INSTR   = 177527
WADDR   = 0
RADDR   = 0
RREG    = 0
WREG    = 0
ITER    = 0
TRIGGER = 163577
TTYPE   = IN
COMMAND = RVAL
SEL     = -1
SEED    = 1
MASK    = 0xc
THREAD  = 0
ELAPSED = 9.27s
----------------------------------------------------------------
