<stderr> from running /home/nrink/Projects/pin-2.14-71313-gcc.4.4.7-linux/pin.sh -t /home/nrink/Projects/bfi/obj-intel64/bfi.so -trigger 163529 -cmd RADDR -seed 1 -mask 12 -- /home/nrink/Projects/build/encode/encode/tests/ptrarith/ptrarith.cover.plain --cso ./2015-05-05_12:10:21/ptrarith/cover/cs/plain.69.cso --csl ./2015-05-05_12:10:21/ptrarith/cover/cs/plain.69.csl:
[.:    0, IP = 0x4009c0, i = 163529, wa = 0, ra = 0, rr = 0, wr = 0, it = 0, t = 0]
	access = read, size = 16, addr = 0x400ef0, addr' = 0x400efc, op = 0
**********************
INSTR   = 163529
WADDR   = 0
RADDR   = 0
RREG    = 0
WREG    = 0
ITER    = 0
TRIGGER = 163529
TTYPE   = IN
COMMAND = RADDR
SEL     = -1
SEED    = 1
MASK    = 0xc
THREAD  = 0
ELAPSED = 12.83s
Segmentation fault (core dumped)
----------------------------------------------------------------
