<stderr> from running /home/nrink/Projects/pin-2.14-71313-gcc.4.4.7-linux/pin.sh -t /home/nrink/Projects/bfi/obj-intel64/bfi.so -trigger 151262 -cmd TXT -seed 1 -mask 79 -- /home/nrink/Projects/build/encode/encode/tests/array_sum/array_sum.cover.encoded --cso ./2015-05-05_15:45:01/array_sum/cover/cs/encoded.92.cso --csl ./2015-05-05_15:45:01/array_sum/cover/cs/encoded.92.csl:
[.:    0, IP = 0x4008e1, i = 151262, wa = 0, ra = 0, rr = 0, wr = 0, it = 0, t = 0]
	ip' = 0x4008e4, size = 3, mask = 79, idx = 0, byte = 72, byte' = 7
elapsed cycles: 885727761
hi(checksum)=0x0000000000000000
lo(checksum)=0x00000000000001A4
**********************
INSTR   = 160612
WADDR   = 0
RADDR   = 0
RREG    = 0
WREG    = 0
ITER    = 0
TRIGGER = 151262
TTYPE   = IN
COMMAND = TXT
SEL     = -1
SEED    = 1
MASK    = 0x4f
THREAD  = 0
ELAPSED = 9.70s
----------------------------------------------------------------
