<stderr> from running /home/nrink/Projects/pin-2.14-71313-gcc.4.4.7-linux/pin.sh -t /home/nrink/Projects/bfi/obj-intel64/bfi.so -trigger 151460 -cmd TXT -seed 1 -mask 33 -- /home/nrink/Projects/build/encode/encode/tests/array_sum/array_sum.cover.encoded --cso ./2015-05-05_14:00:51/array_sum/cover/cs/encoded.37.cso --csl ./2015-05-05_14:00:51/array_sum/cover/cs/encoded.37.csl:
[.:    0, IP = 0x4008eb, i = 151460, wa = 0, ra = 0, rr = 0, wr = 0, it = 0, t = 0]
	ip' = 0x4008ed, size = 2, mask = 33, idx = 1, byte = 194, byte' = 227
elapsed cycles: 347310504
hi(checksum)=0x0000000000000000
lo(checksum)=0x00000000000001A4
**********************
INSTR   = 160621
WADDR   = 0
RADDR   = 0
RREG    = 0
WREG    = 0
ITER    = 0
TRIGGER = 151460
TTYPE   = IN
COMMAND = TXT
SEL     = -1
SEED    = 1
MASK    = 0x21
THREAD  = 0
ELAPSED = 3.31s
----------------------------------------------------------------
