<stderr> from running /home/nrink/Projects/pin-2.14-71313-gcc.4.4.7-linux/pin.sh -t /home/nrink/Projects/bfi/obj-intel64/bfi.so -trigger 151240 -cmd WREG -seed 1 -mask 126 -- /home/nrink/Projects/build/encode/encode/tests/array_sum/array_sum.cover.encoded --cso ./2015-05-05_14:00:51/array_sum/cover/cs/encoded.17.cso --csl ./2015-05-05_14:00:51/array_sum/cover/cs/encoded.17.csl:
[.:    0, IP = 0x4008e1, i = 151240, wa = 0, ra = 0, rr = 0, wr = 0, it = 0, t = 0]
	at ip 0x4008e4, rax = (nil), rax' = 0x7e
elapsed cycles: 312060267
hi(checksum)=0x0000000000000000
lo(checksum)=0x00000000000001A4
**********************
INSTR   = 160620
WADDR   = 0
RADDR   = 0
RREG    = 0
WREG    = 0
ITER    = 0
TRIGGER = 151240
TTYPE   = IN
COMMAND = WREG
SEL     = -1
SEED    = 1
MASK    = 0x7e
THREAD  = 0
ELAPSED = 2.93s
----------------------------------------------------------------
