key=plain, runs=100 ...
command=/home/nrink/Projects/build/encode/encode/tests/quicksort/quicksort.perf.plain
----------------------------------------------
real command=cset shield -e /home/nrink/Projects/build/encode/encode/tests/quicksort/quicksort.perf.plain --  --cso /dev/null
key=plain, no.=0, <stderr>:
LENGTH=4000
elapsed cycles: 58866498
hi(checksum)=0xA58B38F10096EDEC
lo(checksum)=0x114EDA807B80C8CE
key=plain, no.=0, <checksum>:
0xA58B38F10096EDEC114EDA807B80C8CE
key=plain, no.=0, cso file:
/dev/null
----------------------------------------------
real command=cset shield -e /home/nrink/Projects/build/encode/encode/tests/quicksort/quicksort.perf.plain --  --cso /dev/null
key=plain, no.=1, <stderr>:
LENGTH=4000
elapsed cycles: 58933395
hi(checksum)=0xA58B38F10096EDEC
lo(checksum)=0x114EDA807B80C8CE
key=plain, no.=1, <checksum>:
0xA58B38F10096EDEC114EDA807B80C8CE
key=plain, no.=1, cso file:
/dev/null
----------------------------------------------
real command=cset shield -e /home/nrink/Projects/build/encode/encode/tests/quicksort/quicksort.perf.plain --  --cso /dev/null
key=plain, no.=2, <stderr>:
LENGTH=4000
elapsed cycles: 58859364
hi(checksum)=0xA58B38F10096EDEC
lo(checksum)=0x114EDA807B80C8CE
key=plain, no.=2, <checksum>:
0xA58B38F10096EDEC114EDA807B80C8CE
key=plain, no.=2, cso file:
/dev/null
----------------------------------------------
real command=cset shield -e /home/nrink/Projects/build/encode/encode/tests/quicksort/quicksort.perf.plain --  --cso /dev/null
key=plain, no.=3, <stderr>:
LENGTH=4000
elapsed cycles: 59012292
hi(checksum)=0xA58B38F10096EDEC
lo(checksum)=0x114EDA807B80C8CE
key=plain, no.=3, <checksum>:
0xA58B38F10096EDEC114EDA807B80C8CE
key=plain, no.=3, cso file:
/dev/null
----------------------------------------------
real command=cset shield -e /home/nrink/Projects/build/encode/encode/tests/quicksort/quicksort.perf.plain --  --cso /dev/null
key=plain, no.=4, <stderr>:
LENGTH=4000
elapsed cycles: 59065548
hi(checksum)=0xA58B38F10096EDEC
lo(checksum)=0x114EDA807B80C8CE
key=plain, no.=4, <checksum>:
0xA58B38F10096EDEC114EDA807B80C8CE
key=plain, no.=4, cso file:
/dev/null
----------------------------------------------
real command=cset shield -e /home/nrink/Projects/build/encode/encode/tests/quicksort/quicksort.perf.plain --  --cso /dev/null
key=plain, no.=5, <stderr>:
LENGTH=4000
elapsed cycles: 58885800
hi(checksum)=0xA58B38F10096EDEC
lo(checksum)=0x114EDA807B80C8CE
key=plain, no.=5, <checksum>:
0xA58B38F10096EDEC114EDA807B80C8CE
key=plain, no.=5, cso file:
/dev/null
----------------------------------------------
real command=cset shield -e /home/nrink/Projects/build/encode/encode/tests/quicksort/quicksort.perf.plain --  --cso /dev/null
key=plain, no.=6, <stderr>:
LENGTH=4000
elapsed cycles: 58981344
hi(checksum)=0xA58B38F10096EDEC
lo(checksum)=0x114EDA807B80C8CE
key=plain, no.=6, <checksum>:
0xA58B38F10096EDEC114EDA807B80C8CE
key=plain, no.=6, cso file:
/dev/null
----------------------------------------------
real command=cset shield -e /home/nrink/Projects/build/encode/encode/tests/quicksort/quicksort.perf.plain --  --cso /dev/null
key=plain, no.=7, <stderr>:
LENGTH=4000
elapsed cycles: 59025120
hi(checksum)=0xA58B38F10096EDEC
lo(checksum)=0x114EDA807B80C8CE
key=plain, no.=7, <checksum>:
0xA58B38F10096EDEC114EDA807B80C8CE
key=plain, no.=7, cso file:
/dev/null
----------------------------------------------
real command=cset shield -e /home/nrink/Projects/build/encode/encode/tests/quicksort/quicksort.perf.plain --  --cso /dev/null
key=plain, no.=8, <stderr>:
LENGTH=4000
elapsed cycles: 59002947
hi(checksum)=0xA58B38F10096EDEC
lo(checksum)=0x114EDA807B80C8CE
key=plain, no.=8, <checksum>:
0xA58B38F10096EDEC114EDA807B80C8CE
key=plain, no.=8, cso file:
/dev/null
----------------------------------------------
real command=cset shield -e /home/nrink/Projects/build/encode/encode/tests/quicksort/quicksort.perf.plain --  --cso /dev/null
key=plain, no.=9, <stderr>:
LENGTH=4000
elapsed cycles: 58876869
hi(checksum)=0xA58B38F10096EDEC
lo(checksum)=0x114EDA807B80C8CE
key=plain, no.=9, <checksum>:
0xA58B38F10096EDEC114EDA807B80C8CE
key=plain, no.=9, cso file:
/dev/null
----------------------------------------------
real command=cset shield -e /home/nrink/Projects/build/encode/encode/tests/quicksort/quicksort.perf.plain --  --cso /dev/null
key=plain, no.=10, <stderr>:
LENGTH=4000
elapsed cycles: 58840431
hi(checksum)=0xA58B38F10096EDEC
lo(checksum)=0x114EDA807B80C8CE
key=plain, no.=10, <checksum>:
0xA58B38F10096EDEC114EDA807B80C8CE
key=plain, no.=10, cso file:
/dev/null
----------------------------------------------
real command=cset shield -e /home/nrink/Projects/build/encode/encode/tests/quicksort/quicksort.perf.plain --  --cso /dev/null
key=plain, no.=11, <stderr>:
LENGTH=4000
elapsed cycles: 59006538
hi(checksum)=0xA58B38F10096EDEC
lo(checksum)=0x114EDA807B80C8CE
key=plain, no.=11, <checksum>:
0xA58B38F10096EDEC114EDA807B80C8CE
key=plain, no.=11, cso file:
/dev/null
----------------------------------------------
real command=cset shield -e /home/nrink/Projects/build/encode/encode/tests/quicksort/quicksort.perf.plain --  --cso /dev/null
key=plain, no.=12, <stderr>:
LENGTH=4000
elapsed cycles: 59084550
hi(checksum)=0xA58B38F10096EDEC
lo(checksum)=0x114EDA807B80C8CE
key=plain, no.=12, <checksum>:
0xA58B38F10096EDEC114EDA807B80C8CE
key=plain, no.=12, cso file:
/dev/null
----------------------------------------------
real command=cset shield -e /home/nrink/Projects/build/encode/encode/tests/quicksort/quicksort.perf.plain --  --cso /dev/null
key=plain, no.=13, <stderr>:
LENGTH=4000
elapsed cycles: 58793325
hi(checksum)=0xA58B38F10096EDEC
lo(checksum)=0x114EDA807B80C8CE
key=plain, no.=13, <checksum>:
0xA58B38F10096EDEC114EDA807B80C8CE
key=plain, no.=13, cso file:
/dev/null
----------------------------------------------
real command=cset shield -e /home/nrink/Projects/build/encode/encode/tests/quicksort/quicksort.perf.plain --  --cso /dev/null
key=plain, no.=14, <stderr>:
LENGTH=4000
elapsed cycles: 58925712
hi(checksum)=0xA58B38F10096EDEC
lo(checksum)=0x114EDA807B80C8CE
key=plain, no.=14, <checksum>:
0xA58B38F10096EDEC114EDA807B80C8CE
key=plain, no.=14, cso file:
/dev/null
----------------------------------------------
real command=cset shield -e /home/nrink/Projects/build/encode/encode/tests/quicksort/quicksort.perf.plain --  --cso /dev/null
key=plain, no.=15, <stderr>:
LENGTH=4000
elapsed cycles: 58977615
hi(checksum)=0xA58B38F10096EDEC
lo(checksum)=0x114EDA807B80C8CE
key=plain, no.=15, <checksum>:
0xA58B38F10096EDEC114EDA807B80C8CE
key=plain, no.=15, cso file:
/dev/null
----------------------------------------------
real command=cset shield -e /home/nrink/Projects/build/encode/encode/tests/quicksort/quicksort.perf.plain --  --cso /dev/null
key=plain, no.=16, <stderr>:
LENGTH=4000
elapsed cycles: 58900440
hi(checksum)=0xA58B38F10096EDEC
lo(checksum)=0x114EDA807B80C8CE
key=plain, no.=16, <checksum>:
0xA58B38F10096EDEC114EDA807B80C8CE
key=plain, no.=16, cso file:
/dev/null
----------------------------------------------
real command=cset shield -e /home/nrink/Projects/build/encode/encode/tests/quicksort/quicksort.perf.plain --  --cso /dev/null
key=plain, no.=17, <stderr>:
LENGTH=4000
elapsed cycles: 58925595
hi(checksum)=0xA58B38F10096EDEC
lo(checksum)=0x114EDA807B80C8CE
key=plain, no.=17, <checksum>:
0xA58B38F10096EDEC114EDA807B80C8CE
key=plain, no.=17, cso file:
/dev/null
----------------------------------------------
real command=cset shield -e /home/nrink/Projects/build/encode/encode/tests/quicksort/quicksort.perf.plain --  --cso /dev/null
key=plain, no.=18, <stderr>:
LENGTH=4000
elapsed cycles: 58969764
hi(checksum)=0xA58B38F10096EDEC
lo(checksum)=0x114EDA807B80C8CE
key=plain, no.=18, <checksum>:
0xA58B38F10096EDEC114EDA807B80C8CE
key=plain, no.=18, cso file:
/dev/null
----------------------------------------------
real command=cset shield -e /home/nrink/Projects/build/encode/encode/tests/quicksort/quicksort.perf.plain --  --cso /dev/null
key=plain, no.=19, <stderr>:
LENGTH=4000
elapsed cycles: 58800150
hi(checksum)=0xA58B38F10096EDEC
lo(checksum)=0x114EDA807B80C8CE
key=plain, no.=19, <checksum>:
0xA58B38F10096EDEC114EDA807B80C8CE
key=plain, no.=19, cso file:
/dev/null
----------------------------------------------
real command=cset shield -e /home/nrink/Projects/build/encode/encode/tests/quicksort/quicksort.perf.plain --  --cso /dev/null
key=plain, no.=20, <stderr>:
LENGTH=4000
elapsed cycles: 58971678
hi(checksum)=0xA58B38F10096EDEC
lo(checksum)=0x114EDA807B80C8CE
key=plain, no.=20, <checksum>:
0xA58B38F10096EDEC114EDA807B80C8CE
key=plain, no.=20, cso file:
/dev/null
----------------------------------------------
real command=cset shield -e /home/nrink/Projects/build/encode/encode/tests/quicksort/quicksort.perf.plain --  --cso /dev/null
key=plain, no.=21, <stderr>:
LENGTH=4000
elapsed cycles: 58853988
hi(checksum)=0xA58B38F10096EDEC
lo(checksum)=0x114EDA807B80C8CE
key=plain, no.=21, <checksum>:
0xA58B38F10096EDEC114EDA807B80C8CE
key=plain, no.=21, cso file:
/dev/null
----------------------------------------------
real command=cset shield -e /home/nrink/Projects/build/encode/encode/tests/quicksort/quicksort.perf.plain --  --cso /dev/null
key=plain, no.=22, <stderr>:
LENGTH=4000
elapsed cycles: 58895160
hi(checksum)=0xA58B38F10096EDEC
lo(checksum)=0x114EDA807B80C8CE
key=plain, no.=22, <checksum>:
0xA58B38F10096EDEC114EDA807B80C8CE
key=plain, no.=22, cso file:
/dev/null
----------------------------------------------
real command=cset shield -e /home/nrink/Projects/build/encode/encode/tests/quicksort/quicksort.perf.plain --  --cso /dev/null
key=plain, no.=23, <stderr>:
LENGTH=4000
elapsed cycles: 59128683
hi(checksum)=0xA58B38F10096EDEC
lo(checksum)=0x114EDA807B80C8CE
key=plain, no.=23, <checksum>:
0xA58B38F10096EDEC114EDA807B80C8CE
key=plain, no.=23, cso file:
/dev/null
----------------------------------------------
real command=cset shield -e /home/nrink/Projects/build/encode/encode/tests/quicksort/quicksort.perf.plain --  --cso /dev/null
key=plain, no.=24, <stderr>:
LENGTH=4000
elapsed cycles: 58941642
hi(checksum)=0xA58B38F10096EDEC
lo(checksum)=0x114EDA807B80C8CE
key=plain, no.=24, <checksum>:
0xA58B38F10096EDEC114EDA807B80C8CE
key=plain, no.=24, cso file:
/dev/null
----------------------------------------------
real command=cset shield -e /home/nrink/Projects/build/encode/encode/tests/quicksort/quicksort.perf.plain --  --cso /dev/null
key=plain, no.=25, <stderr>:
LENGTH=4000
elapsed cycles: 59001648
hi(checksum)=0xA58B38F10096EDEC
lo(checksum)=0x114EDA807B80C8CE
key=plain, no.=25, <checksum>:
0xA58B38F10096EDEC114EDA807B80C8CE
key=plain, no.=25, cso file:
/dev/null
----------------------------------------------
real command=cset shield -e /home/nrink/Projects/build/encode/encode/tests/quicksort/quicksort.perf.plain --  --cso /dev/null
key=plain, no.=26, <stderr>:
LENGTH=4000
elapsed cycles: 59014584
hi(checksum)=0xA58B38F10096EDEC
lo(checksum)=0x114EDA807B80C8CE
key=plain, no.=26, <checksum>:
0xA58B38F10096EDEC114EDA807B80C8CE
key=plain, no.=26, cso file:
/dev/null
----------------------------------------------
real command=cset shield -e /home/nrink/Projects/build/encode/encode/tests/quicksort/quicksort.perf.plain --  --cso /dev/null
key=plain, no.=27, <stderr>:
LENGTH=4000
elapsed cycles: 59040225
hi(checksum)=0xA58B38F10096EDEC
lo(checksum)=0x114EDA807B80C8CE
key=plain, no.=27, <checksum>:
0xA58B38F10096EDEC114EDA807B80C8CE
key=plain, no.=27, cso file:
/dev/null
----------------------------------------------
real command=cset shield -e /home/nrink/Projects/build/encode/encode/tests/quicksort/quicksort.perf.plain --  --cso /dev/null
key=plain, no.=28, <stderr>:
LENGTH=4000
elapsed cycles: 58958685
hi(checksum)=0xA58B38F10096EDEC
lo(checksum)=0x114EDA807B80C8CE
key=plain, no.=28, <checksum>:
0xA58B38F10096EDEC114EDA807B80C8CE
key=plain, no.=28, cso file:
/dev/null
----------------------------------------------
real command=cset shield -e /home/nrink/Projects/build/encode/encode/tests/quicksort/quicksort.perf.plain --  --cso /dev/null
key=plain, no.=29, <stderr>:
LENGTH=4000
elapsed cycles: 58781379
hi(checksum)=0xA58B38F10096EDEC
lo(checksum)=0x114EDA807B80C8CE
key=plain, no.=29, <checksum>:
0xA58B38F10096EDEC114EDA807B80C8CE
key=plain, no.=29, cso file:
/dev/null
----------------------------------------------
real command=cset shield -e /home/nrink/Projects/build/encode/encode/tests/quicksort/quicksort.perf.plain --  --cso /dev/null
key=plain, no.=30, <stderr>:
LENGTH=4000
elapsed cycles: 58708494
hi(checksum)=0xA58B38F10096EDEC
lo(checksum)=0x114EDA807B80C8CE
key=plain, no.=30, <checksum>:
0xA58B38F10096EDEC114EDA807B80C8CE
key=plain, no.=30, cso file:
/dev/null
----------------------------------------------
real command=cset shield -e /home/nrink/Projects/build/encode/encode/tests/quicksort/quicksort.perf.plain --  --cso /dev/null
key=plain, no.=31, <stderr>:
LENGTH=4000
elapsed cycles: 58940370
hi(checksum)=0xA58B38F10096EDEC
lo(checksum)=0x114EDA807B80C8CE
key=plain, no.=31, <checksum>:
0xA58B38F10096EDEC114EDA807B80C8CE
key=plain, no.=31, cso file:
/dev/null
----------------------------------------------
real command=cset shield -e /home/nrink/Projects/build/encode/encode/tests/quicksort/quicksort.perf.plain --  --cso /dev/null
key=plain, no.=32, <stderr>:
LENGTH=4000
elapsed cycles: 58882068
hi(checksum)=0xA58B38F10096EDEC
lo(checksum)=0x114EDA807B80C8CE
key=plain, no.=32, <checksum>:
0xA58B38F10096EDEC114EDA807B80C8CE
key=plain, no.=32, cso file:
/dev/null
----------------------------------------------
real command=cset shield -e /home/nrink/Projects/build/encode/encode/tests/quicksort/quicksort.perf.plain --  --cso /dev/null
key=plain, no.=33, <stderr>:
LENGTH=4000
elapsed cycles: 58807326
hi(checksum)=0xA58B38F10096EDEC
lo(checksum)=0x114EDA807B80C8CE
key=plain, no.=33, <checksum>:
0xA58B38F10096EDEC114EDA807B80C8CE
key=plain, no.=33, cso file:
/dev/null
----------------------------------------------
real command=cset shield -e /home/nrink/Projects/build/encode/encode/tests/quicksort/quicksort.perf.plain --  --cso /dev/null
key=plain, no.=34, <stderr>:
LENGTH=4000
elapsed cycles: 58957500
hi(checksum)=0xA58B38F10096EDEC
lo(checksum)=0x114EDA807B80C8CE
key=plain, no.=34, <checksum>:
0xA58B38F10096EDEC114EDA807B80C8CE
key=plain, no.=34, cso file:
/dev/null
----------------------------------------------
real command=cset shield -e /home/nrink/Projects/build/encode/encode/tests/quicksort/quicksort.perf.plain --  --cso /dev/null
key=plain, no.=35, <stderr>:
LENGTH=4000
elapsed cycles: 58958466
hi(checksum)=0xA58B38F10096EDEC
lo(checksum)=0x114EDA807B80C8CE
key=plain, no.=35, <checksum>:
0xA58B38F10096EDEC114EDA807B80C8CE
key=plain, no.=35, cso file:
/dev/null
----------------------------------------------
real command=cset shield -e /home/nrink/Projects/build/encode/encode/tests/quicksort/quicksort.perf.plain --  --cso /dev/null
key=plain, no.=36, <stderr>:
LENGTH=4000
elapsed cycles: 58704324
hi(checksum)=0xA58B38F10096EDEC
lo(checksum)=0x114EDA807B80C8CE
key=plain, no.=36, <checksum>:
0xA58B38F10096EDEC114EDA807B80C8CE
key=plain, no.=36, cso file:
/dev/null
----------------------------------------------
real command=cset shield -e /home/nrink/Projects/build/encode/encode/tests/quicksort/quicksort.perf.plain --  --cso /dev/null
key=plain, no.=37, <stderr>:
LENGTH=4000
elapsed cycles: 58908330
hi(checksum)=0xA58B38F10096EDEC
lo(checksum)=0x114EDA807B80C8CE
key=plain, no.=37, <checksum>:
0xA58B38F10096EDEC114EDA807B80C8CE
key=plain, no.=37, cso file:
/dev/null
----------------------------------------------
real command=cset shield -e /home/nrink/Projects/build/encode/encode/tests/quicksort/quicksort.perf.plain --  --cso /dev/null
key=plain, no.=38, <stderr>:
LENGTH=4000
elapsed cycles: 58988754
hi(checksum)=0xA58B38F10096EDEC
lo(checksum)=0x114EDA807B80C8CE
key=plain, no.=38, <checksum>:
0xA58B38F10096EDEC114EDA807B80C8CE
key=plain, no.=38, cso file:
/dev/null
----------------------------------------------
real command=cset shield -e /home/nrink/Projects/build/encode/encode/tests/quicksort/quicksort.perf.plain --  --cso /dev/null
key=plain, no.=39, <stderr>:
LENGTH=4000
elapsed cycles: 58858632
hi(checksum)=0xA58B38F10096EDEC
lo(checksum)=0x114EDA807B80C8CE
key=plain, no.=39, <checksum>:
0xA58B38F10096EDEC114EDA807B80C8CE
key=plain, no.=39, cso file:
/dev/null
----------------------------------------------
real command=cset shield -e /home/nrink/Projects/build/encode/encode/tests/quicksort/quicksort.perf.plain --  --cso /dev/null
key=plain, no.=40, <stderr>:
LENGTH=4000
elapsed cycles: 58756572
hi(checksum)=0xA58B38F10096EDEC
lo(checksum)=0x114EDA807B80C8CE
key=plain, no.=40, <checksum>:
0xA58B38F10096EDEC114EDA807B80C8CE
key=plain, no.=40, cso file:
/dev/null
----------------------------------------------
real command=cset shield -e /home/nrink/Projects/build/encode/encode/tests/quicksort/quicksort.perf.plain --  --cso /dev/null
key=plain, no.=41, <stderr>:
LENGTH=4000
elapsed cycles: 58946562
hi(checksum)=0xA58B38F10096EDEC
lo(checksum)=0x114EDA807B80C8CE
key=plain, no.=41, <checksum>:
0xA58B38F10096EDEC114EDA807B80C8CE
key=plain, no.=41, cso file:
/dev/null
----------------------------------------------
real command=cset shield -e /home/nrink/Projects/build/encode/encode/tests/quicksort/quicksort.perf.plain --  --cso /dev/null
key=plain, no.=42, <stderr>:
LENGTH=4000
elapsed cycles: 58874082
hi(checksum)=0xA58B38F10096EDEC
lo(checksum)=0x114EDA807B80C8CE
key=plain, no.=42, <checksum>:
0xA58B38F10096EDEC114EDA807B80C8CE
key=plain, no.=42, cso file:
/dev/null
----------------------------------------------
real command=cset shield -e /home/nrink/Projects/build/encode/encode/tests/quicksort/quicksort.perf.plain --  --cso /dev/null
key=plain, no.=43, <stderr>:
LENGTH=4000
elapsed cycles: 58812636
hi(checksum)=0xA58B38F10096EDEC
lo(checksum)=0x114EDA807B80C8CE
key=plain, no.=43, <checksum>:
0xA58B38F10096EDEC114EDA807B80C8CE
key=plain, no.=43, cso file:
/dev/null
----------------------------------------------
real command=cset shield -e /home/nrink/Projects/build/encode/encode/tests/quicksort/quicksort.perf.plain --  --cso /dev/null
key=plain, no.=44, <stderr>:
LENGTH=4000
elapsed cycles: 58737768
hi(checksum)=0xA58B38F10096EDEC
lo(checksum)=0x114EDA807B80C8CE
key=plain, no.=44, <checksum>:
0xA58B38F10096EDEC114EDA807B80C8CE
key=plain, no.=44, cso file:
/dev/null
----------------------------------------------
real command=cset shield -e /home/nrink/Projects/build/encode/encode/tests/quicksort/quicksort.perf.plain --  --cso /dev/null
key=plain, no.=45, <stderr>:
LENGTH=4000
elapsed cycles: 58971273
hi(checksum)=0xA58B38F10096EDEC
lo(checksum)=0x114EDA807B80C8CE
key=plain, no.=45, <checksum>:
0xA58B38F10096EDEC114EDA807B80C8CE
key=plain, no.=45, cso file:
/dev/null
----------------------------------------------
real command=cset shield -e /home/nrink/Projects/build/encode/encode/tests/quicksort/quicksort.perf.plain --  --cso /dev/null
key=plain, no.=46, <stderr>:
LENGTH=4000
elapsed cycles: 58971921
hi(checksum)=0xA58B38F10096EDEC
lo(checksum)=0x114EDA807B80C8CE
key=plain, no.=46, <checksum>:
0xA58B38F10096EDEC114EDA807B80C8CE
key=plain, no.=46, cso file:
/dev/null
----------------------------------------------
real command=cset shield -e /home/nrink/Projects/build/encode/encode/tests/quicksort/quicksort.perf.plain --  --cso /dev/null
key=plain, no.=47, <stderr>:
LENGTH=4000
elapsed cycles: 59002269
hi(checksum)=0xA58B38F10096EDEC
lo(checksum)=0x114EDA807B80C8CE
key=plain, no.=47, <checksum>:
0xA58B38F10096EDEC114EDA807B80C8CE
key=plain, no.=47, cso file:
/dev/null
----------------------------------------------
real command=cset shield -e /home/nrink/Projects/build/encode/encode/tests/quicksort/quicksort.perf.plain --  --cso /dev/null
key=plain, no.=48, <stderr>:
LENGTH=4000
elapsed cycles: 59072973
hi(checksum)=0xA58B38F10096EDEC
lo(checksum)=0x114EDA807B80C8CE
key=plain, no.=48, <checksum>:
0xA58B38F10096EDEC114EDA807B80C8CE
key=plain, no.=48, cso file:
/dev/null
----------------------------------------------
real command=cset shield -e /home/nrink/Projects/build/encode/encode/tests/quicksort/quicksort.perf.plain --  --cso /dev/null
key=plain, no.=49, <stderr>:
LENGTH=4000
elapsed cycles: 58967736
hi(checksum)=0xA58B38F10096EDEC
lo(checksum)=0x114EDA807B80C8CE
key=plain, no.=49, <checksum>:
0xA58B38F10096EDEC114EDA807B80C8CE
key=plain, no.=49, cso file:
/dev/null
----------------------------------------------
real command=cset shield -e /home/nrink/Projects/build/encode/encode/tests/quicksort/quicksort.perf.plain --  --cso /dev/null
key=plain, no.=50, <stderr>:
LENGTH=4000
elapsed cycles: 58965156
hi(checksum)=0xA58B38F10096EDEC
lo(checksum)=0x114EDA807B80C8CE
key=plain, no.=50, <checksum>:
0xA58B38F10096EDEC114EDA807B80C8CE
key=plain, no.=50, cso file:
/dev/null
----------------------------------------------
real command=cset shield -e /home/nrink/Projects/build/encode/encode/tests/quicksort/quicksort.perf.plain --  --cso /dev/null
key=plain, no.=51, <stderr>:
LENGTH=4000
elapsed cycles: 58841367
hi(checksum)=0xA58B38F10096EDEC
lo(checksum)=0x114EDA807B80C8CE
key=plain, no.=51, <checksum>:
0xA58B38F10096EDEC114EDA807B80C8CE
key=plain, no.=51, cso file:
/dev/null
----------------------------------------------
real command=cset shield -e /home/nrink/Projects/build/encode/encode/tests/quicksort/quicksort.perf.plain --  --cso /dev/null
key=plain, no.=52, <stderr>:
LENGTH=4000
elapsed cycles: 58880016
hi(checksum)=0xA58B38F10096EDEC
lo(checksum)=0x114EDA807B80C8CE
key=plain, no.=52, <checksum>:
0xA58B38F10096EDEC114EDA807B80C8CE
key=plain, no.=52, cso file:
/dev/null
----------------------------------------------
real command=cset shield -e /home/nrink/Projects/build/encode/encode/tests/quicksort/quicksort.perf.plain --  --cso /dev/null
key=plain, no.=53, <stderr>:
LENGTH=4000
elapsed cycles: 58695270
hi(checksum)=0xA58B38F10096EDEC
lo(checksum)=0x114EDA807B80C8CE
key=plain, no.=53, <checksum>:
0xA58B38F10096EDEC114EDA807B80C8CE
key=plain, no.=53, cso file:
/dev/null
----------------------------------------------
real command=cset shield -e /home/nrink/Projects/build/encode/encode/tests/quicksort/quicksort.perf.plain --  --cso /dev/null
key=plain, no.=54, <stderr>:
LENGTH=4000
elapsed cycles: 59464128
hi(checksum)=0xA58B38F10096EDEC
lo(checksum)=0x114EDA807B80C8CE
key=plain, no.=54, <checksum>:
0xA58B38F10096EDEC114EDA807B80C8CE
key=plain, no.=54, cso file:
/dev/null
----------------------------------------------
real command=cset shield -e /home/nrink/Projects/build/encode/encode/tests/quicksort/quicksort.perf.plain --  --cso /dev/null
key=plain, no.=55, <stderr>:
LENGTH=4000
elapsed cycles: 68797743
hi(checksum)=0xA58B38F10096EDEC
lo(checksum)=0x114EDA807B80C8CE
key=plain, no.=55, <checksum>:
0xA58B38F10096EDEC114EDA807B80C8CE
key=plain, no.=55, cso file:
/dev/null
----------------------------------------------
real command=cset shield -e /home/nrink/Projects/build/encode/encode/tests/quicksort/quicksort.perf.plain --  --cso /dev/null
key=plain, no.=56, <stderr>:
LENGTH=4000
elapsed cycles: 58997028
hi(checksum)=0xA58B38F10096EDEC
lo(checksum)=0x114EDA807B80C8CE
key=plain, no.=56, <checksum>:
0xA58B38F10096EDEC114EDA807B80C8CE
key=plain, no.=56, cso file:
/dev/null
----------------------------------------------
real command=cset shield -e /home/nrink/Projects/build/encode/encode/tests/quicksort/quicksort.perf.plain --  --cso /dev/null
key=plain, no.=57, <stderr>:
LENGTH=4000
elapsed cycles: 58781145
hi(checksum)=0xA58B38F10096EDEC
lo(checksum)=0x114EDA807B80C8CE
key=plain, no.=57, <checksum>:
0xA58B38F10096EDEC114EDA807B80C8CE
key=plain, no.=57, cso file:
/dev/null
----------------------------------------------
real command=cset shield -e /home/nrink/Projects/build/encode/encode/tests/quicksort/quicksort.perf.plain --  --cso /dev/null
key=plain, no.=58, <stderr>:
LENGTH=4000
elapsed cycles: 58698039
hi(checksum)=0xA58B38F10096EDEC
lo(checksum)=0x114EDA807B80C8CE
key=plain, no.=58, <checksum>:
0xA58B38F10096EDEC114EDA807B80C8CE
key=plain, no.=58, cso file:
/dev/null
----------------------------------------------
real command=cset shield -e /home/nrink/Projects/build/encode/encode/tests/quicksort/quicksort.perf.plain --  --cso /dev/null
key=plain, no.=59, <stderr>:
LENGTH=4000
elapsed cycles: 58876689
hi(checksum)=0xA58B38F10096EDEC
lo(checksum)=0x114EDA807B80C8CE
key=plain, no.=59, <checksum>:
0xA58B38F10096EDEC114EDA807B80C8CE
key=plain, no.=59, cso file:
/dev/null
----------------------------------------------
real command=cset shield -e /home/nrink/Projects/build/encode/encode/tests/quicksort/quicksort.perf.plain --  --cso /dev/null
key=plain, no.=60, <stderr>:
LENGTH=4000
elapsed cycles: 62264955
hi(checksum)=0xA58B38F10096EDEC
lo(checksum)=0x114EDA807B80C8CE
key=plain, no.=60, <checksum>:
0xA58B38F10096EDEC114EDA807B80C8CE
key=plain, no.=60, cso file:
/dev/null
----------------------------------------------
real command=cset shield -e /home/nrink/Projects/build/encode/encode/tests/quicksort/quicksort.perf.plain --  --cso /dev/null
key=plain, no.=61, <stderr>:
LENGTH=4000
elapsed cycles: 58887726
hi(checksum)=0xA58B38F10096EDEC
lo(checksum)=0x114EDA807B80C8CE
key=plain, no.=61, <checksum>:
0xA58B38F10096EDEC114EDA807B80C8CE
key=plain, no.=61, cso file:
/dev/null
----------------------------------------------
real command=cset shield -e /home/nrink/Projects/build/encode/encode/tests/quicksort/quicksort.perf.plain --  --cso /dev/null
key=plain, no.=62, <stderr>:
LENGTH=4000
elapsed cycles: 59173779
hi(checksum)=0xA58B38F10096EDEC
lo(checksum)=0x114EDA807B80C8CE
key=plain, no.=62, <checksum>:
0xA58B38F10096EDEC114EDA807B80C8CE
key=plain, no.=62, cso file:
/dev/null
----------------------------------------------
real command=cset shield -e /home/nrink/Projects/build/encode/encode/tests/quicksort/quicksort.perf.plain --  --cso /dev/null
key=plain, no.=63, <stderr>:
LENGTH=4000
elapsed cycles: 59036106
hi(checksum)=0xA58B38F10096EDEC
lo(checksum)=0x114EDA807B80C8CE
key=plain, no.=63, <checksum>:
0xA58B38F10096EDEC114EDA807B80C8CE
key=plain, no.=63, cso file:
/dev/null
----------------------------------------------
real command=cset shield -e /home/nrink/Projects/build/encode/encode/tests/quicksort/quicksort.perf.plain --  --cso /dev/null
key=plain, no.=64, <stderr>:
LENGTH=4000
elapsed cycles: 59083203
hi(checksum)=0xA58B38F10096EDEC
lo(checksum)=0x114EDA807B80C8CE
key=plain, no.=64, <checksum>:
0xA58B38F10096EDEC114EDA807B80C8CE
key=plain, no.=64, cso file:
/dev/null
----------------------------------------------
real command=cset shield -e /home/nrink/Projects/build/encode/encode/tests/quicksort/quicksort.perf.plain --  --cso /dev/null
key=plain, no.=65, <stderr>:
LENGTH=4000
elapsed cycles: 59125593
hi(checksum)=0xA58B38F10096EDEC
lo(checksum)=0x114EDA807B80C8CE
key=plain, no.=65, <checksum>:
0xA58B38F10096EDEC114EDA807B80C8CE
key=plain, no.=65, cso file:
/dev/null
----------------------------------------------
real command=cset shield -e /home/nrink/Projects/build/encode/encode/tests/quicksort/quicksort.perf.plain --  --cso /dev/null
key=plain, no.=66, <stderr>:
LENGTH=4000
elapsed cycles: 59026410
hi(checksum)=0xA58B38F10096EDEC
lo(checksum)=0x114EDA807B80C8CE
key=plain, no.=66, <checksum>:
0xA58B38F10096EDEC114EDA807B80C8CE
key=plain, no.=66, cso file:
/dev/null
----------------------------------------------
real command=cset shield -e /home/nrink/Projects/build/encode/encode/tests/quicksort/quicksort.perf.plain --  --cso /dev/null
key=plain, no.=67, <stderr>:
LENGTH=4000
elapsed cycles: 59025186
hi(checksum)=0xA58B38F10096EDEC
lo(checksum)=0x114EDA807B80C8CE
key=plain, no.=67, <checksum>:
0xA58B38F10096EDEC114EDA807B80C8CE
key=plain, no.=67, cso file:
/dev/null
----------------------------------------------
real command=cset shield -e /home/nrink/Projects/build/encode/encode/tests/quicksort/quicksort.perf.plain --  --cso /dev/null
key=plain, no.=68, <stderr>:
LENGTH=4000
elapsed cycles: 59039625
hi(checksum)=0xA58B38F10096EDEC
lo(checksum)=0x114EDA807B80C8CE
key=plain, no.=68, <checksum>:
0xA58B38F10096EDEC114EDA807B80C8CE
key=plain, no.=68, cso file:
/dev/null
----------------------------------------------
real command=cset shield -e /home/nrink/Projects/build/encode/encode/tests/quicksort/quicksort.perf.plain --  --cso /dev/null
key=plain, no.=69, <stderr>:
LENGTH=4000
elapsed cycles: 59081661
hi(checksum)=0xA58B38F10096EDEC
lo(checksum)=0x114EDA807B80C8CE
key=plain, no.=69, <checksum>:
0xA58B38F10096EDEC114EDA807B80C8CE
key=plain, no.=69, cso file:
/dev/null
----------------------------------------------
real command=cset shield -e /home/nrink/Projects/build/encode/encode/tests/quicksort/quicksort.perf.plain --  --cso /dev/null
key=plain, no.=70, <stderr>:
LENGTH=4000
elapsed cycles: 59059983
hi(checksum)=0xA58B38F10096EDEC
lo(checksum)=0x114EDA807B80C8CE
key=plain, no.=70, <checksum>:
0xA58B38F10096EDEC114EDA807B80C8CE
key=plain, no.=70, cso file:
/dev/null
----------------------------------------------
real command=cset shield -e /home/nrink/Projects/build/encode/encode/tests/quicksort/quicksort.perf.plain --  --cso /dev/null
key=plain, no.=71, <stderr>:
LENGTH=4000
elapsed cycles: 59131269
hi(checksum)=0xA58B38F10096EDEC
lo(checksum)=0x114EDA807B80C8CE
key=plain, no.=71, <checksum>:
0xA58B38F10096EDEC114EDA807B80C8CE
key=plain, no.=71, cso file:
/dev/null
----------------------------------------------
real command=cset shield -e /home/nrink/Projects/build/encode/encode/tests/quicksort/quicksort.perf.plain --  --cso /dev/null
key=plain, no.=72, <stderr>:
LENGTH=4000
elapsed cycles: 59122305
hi(checksum)=0xA58B38F10096EDEC
lo(checksum)=0x114EDA807B80C8CE
key=plain, no.=72, <checksum>:
0xA58B38F10096EDEC114EDA807B80C8CE
key=plain, no.=72, cso file:
/dev/null
----------------------------------------------
real command=cset shield -e /home/nrink/Projects/build/encode/encode/tests/quicksort/quicksort.perf.plain --  --cso /dev/null
key=plain, no.=73, <stderr>:
LENGTH=4000
elapsed cycles: 59154603
hi(checksum)=0xA58B38F10096EDEC
lo(checksum)=0x114EDA807B80C8CE
key=plain, no.=73, <checksum>:
0xA58B38F10096EDEC114EDA807B80C8CE
key=plain, no.=73, cso file:
/dev/null
----------------------------------------------
real command=cset shield -e /home/nrink/Projects/build/encode/encode/tests/quicksort/quicksort.perf.plain --  --cso /dev/null
key=plain, no.=74, <stderr>:
LENGTH=4000
elapsed cycles: 59041380
hi(checksum)=0xA58B38F10096EDEC
lo(checksum)=0x114EDA807B80C8CE
key=plain, no.=74, <checksum>:
0xA58B38F10096EDEC114EDA807B80C8CE
key=plain, no.=74, cso file:
/dev/null
----------------------------------------------
real command=cset shield -e /home/nrink/Projects/build/encode/encode/tests/quicksort/quicksort.perf.plain --  --cso /dev/null
key=plain, no.=75, <stderr>:
LENGTH=4000
elapsed cycles: 59249088
hi(checksum)=0xA58B38F10096EDEC
lo(checksum)=0x114EDA807B80C8CE
key=plain, no.=75, <checksum>:
0xA58B38F10096EDEC114EDA807B80C8CE
key=plain, no.=75, cso file:
/dev/null
----------------------------------------------
real command=cset shield -e /home/nrink/Projects/build/encode/encode/tests/quicksort/quicksort.perf.plain --  --cso /dev/null
key=plain, no.=76, <stderr>:
LENGTH=4000
elapsed cycles: 59020263
hi(checksum)=0xA58B38F10096EDEC
lo(checksum)=0x114EDA807B80C8CE
key=plain, no.=76, <checksum>:
0xA58B38F10096EDEC114EDA807B80C8CE
key=plain, no.=76, cso file:
/dev/null
----------------------------------------------
real command=cset shield -e /home/nrink/Projects/build/encode/encode/tests/quicksort/quicksort.perf.plain --  --cso /dev/null
key=plain, no.=77, <stderr>:
LENGTH=4000
elapsed cycles: 59066775
hi(checksum)=0xA58B38F10096EDEC
lo(checksum)=0x114EDA807B80C8CE
key=plain, no.=77, <checksum>:
0xA58B38F10096EDEC114EDA807B80C8CE
key=plain, no.=77, cso file:
/dev/null
----------------------------------------------
real command=cset shield -e /home/nrink/Projects/build/encode/encode/tests/quicksort/quicksort.perf.plain --  --cso /dev/null
key=plain, no.=78, <stderr>:
LENGTH=4000
elapsed cycles: 59104650
hi(checksum)=0xA58B38F10096EDEC
lo(checksum)=0x114EDA807B80C8CE
key=plain, no.=78, <checksum>:
0xA58B38F10096EDEC114EDA807B80C8CE
key=plain, no.=78, cso file:
/dev/null
----------------------------------------------
real command=cset shield -e /home/nrink/Projects/build/encode/encode/tests/quicksort/quicksort.perf.plain --  --cso /dev/null
key=plain, no.=79, <stderr>:
LENGTH=4000
elapsed cycles: 59197980
hi(checksum)=0xA58B38F10096EDEC
lo(checksum)=0x114EDA807B80C8CE
key=plain, no.=79, <checksum>:
0xA58B38F10096EDEC114EDA807B80C8CE
key=plain, no.=79, cso file:
/dev/null
----------------------------------------------
real command=cset shield -e /home/nrink/Projects/build/encode/encode/tests/quicksort/quicksort.perf.plain --  --cso /dev/null
key=plain, no.=80, <stderr>:
LENGTH=4000
elapsed cycles: 59147418
hi(checksum)=0xA58B38F10096EDEC
lo(checksum)=0x114EDA807B80C8CE
key=plain, no.=80, <checksum>:
0xA58B38F10096EDEC114EDA807B80C8CE
key=plain, no.=80, cso file:
/dev/null
----------------------------------------------
real command=cset shield -e /home/nrink/Projects/build/encode/encode/tests/quicksort/quicksort.perf.plain --  --cso /dev/null
key=plain, no.=81, <stderr>:
LENGTH=4000
elapsed cycles: 59139663
hi(checksum)=0xA58B38F10096EDEC
lo(checksum)=0x114EDA807B80C8CE
key=plain, no.=81, <checksum>:
0xA58B38F10096EDEC114EDA807B80C8CE
key=plain, no.=81, cso file:
/dev/null
----------------------------------------------
real command=cset shield -e /home/nrink/Projects/build/encode/encode/tests/quicksort/quicksort.perf.plain --  --cso /dev/null
key=plain, no.=82, <stderr>:
LENGTH=4000
elapsed cycles: 59070087
hi(checksum)=0xA58B38F10096EDEC
lo(checksum)=0x114EDA807B80C8CE
key=plain, no.=82, <checksum>:
0xA58B38F10096EDEC114EDA807B80C8CE
key=plain, no.=82, cso file:
/dev/null
----------------------------------------------
real command=cset shield -e /home/nrink/Projects/build/encode/encode/tests/quicksort/quicksort.perf.plain --  --cso /dev/null
key=plain, no.=83, <stderr>:
LENGTH=4000
elapsed cycles: 59065578
hi(checksum)=0xA58B38F10096EDEC
lo(checksum)=0x114EDA807B80C8CE
key=plain, no.=83, <checksum>:
0xA58B38F10096EDEC114EDA807B80C8CE
key=plain, no.=83, cso file:
/dev/null
----------------------------------------------
real command=cset shield -e /home/nrink/Projects/build/encode/encode/tests/quicksort/quicksort.perf.plain --  --cso /dev/null
key=plain, no.=84, <stderr>:
LENGTH=4000
elapsed cycles: 59064966
hi(checksum)=0xA58B38F10096EDEC
lo(checksum)=0x114EDA807B80C8CE
key=plain, no.=84, <checksum>:
0xA58B38F10096EDEC114EDA807B80C8CE
key=plain, no.=84, cso file:
/dev/null
----------------------------------------------
real command=cset shield -e /home/nrink/Projects/build/encode/encode/tests/quicksort/quicksort.perf.plain --  --cso /dev/null
key=plain, no.=85, <stderr>:
LENGTH=4000
elapsed cycles: 59137521
hi(checksum)=0xA58B38F10096EDEC
lo(checksum)=0x114EDA807B80C8CE
key=plain, no.=85, <checksum>:
0xA58B38F10096EDEC114EDA807B80C8CE
key=plain, no.=85, cso file:
/dev/null
----------------------------------------------
real command=cset shield -e /home/nrink/Projects/build/encode/encode/tests/quicksort/quicksort.perf.plain --  --cso /dev/null
key=plain, no.=86, <stderr>:
LENGTH=4000
elapsed cycles: 58965726
hi(checksum)=0xA58B38F10096EDEC
lo(checksum)=0x114EDA807B80C8CE
key=plain, no.=86, <checksum>:
0xA58B38F10096EDEC114EDA807B80C8CE
key=plain, no.=86, cso file:
/dev/null
----------------------------------------------
real command=cset shield -e /home/nrink/Projects/build/encode/encode/tests/quicksort/quicksort.perf.plain --  --cso /dev/null
key=plain, no.=87, <stderr>:
LENGTH=4000
elapsed cycles: 59142024
hi(checksum)=0xA58B38F10096EDEC
lo(checksum)=0x114EDA807B80C8CE
key=plain, no.=87, <checksum>:
0xA58B38F10096EDEC114EDA807B80C8CE
key=plain, no.=87, cso file:
/dev/null
----------------------------------------------
real command=cset shield -e /home/nrink/Projects/build/encode/encode/tests/quicksort/quicksort.perf.plain --  --cso /dev/null
key=plain, no.=88, <stderr>:
LENGTH=4000
elapsed cycles: 59016513
hi(checksum)=0xA58B38F10096EDEC
lo(checksum)=0x114EDA807B80C8CE
key=plain, no.=88, <checksum>:
0xA58B38F10096EDEC114EDA807B80C8CE
key=plain, no.=88, cso file:
/dev/null
----------------------------------------------
real command=cset shield -e /home/nrink/Projects/build/encode/encode/tests/quicksort/quicksort.perf.plain --  --cso /dev/null
key=plain, no.=89, <stderr>:
LENGTH=4000
elapsed cycles: 59090490
hi(checksum)=0xA58B38F10096EDEC
lo(checksum)=0x114EDA807B80C8CE
key=plain, no.=89, <checksum>:
0xA58B38F10096EDEC114EDA807B80C8CE
key=plain, no.=89, cso file:
/dev/null
----------------------------------------------
real command=cset shield -e /home/nrink/Projects/build/encode/encode/tests/quicksort/quicksort.perf.plain --  --cso /dev/null
key=plain, no.=90, <stderr>:
LENGTH=4000
elapsed cycles: 58937109
hi(checksum)=0xA58B38F10096EDEC
lo(checksum)=0x114EDA807B80C8CE
key=plain, no.=90, <checksum>:
0xA58B38F10096EDEC114EDA807B80C8CE
key=plain, no.=90, cso file:
/dev/null
----------------------------------------------
real command=cset shield -e /home/nrink/Projects/build/encode/encode/tests/quicksort/quicksort.perf.plain --  --cso /dev/null
key=plain, no.=91, <stderr>:
LENGTH=4000
elapsed cycles: 58989723
hi(checksum)=0xA58B38F10096EDEC
lo(checksum)=0x114EDA807B80C8CE
key=plain, no.=91, <checksum>:
0xA58B38F10096EDEC114EDA807B80C8CE
key=plain, no.=91, cso file:
/dev/null
----------------------------------------------
real command=cset shield -e /home/nrink/Projects/build/encode/encode/tests/quicksort/quicksort.perf.plain --  --cso /dev/null
key=plain, no.=92, <stderr>:
LENGTH=4000
elapsed cycles: 59082135
hi(checksum)=0xA58B38F10096EDEC
lo(checksum)=0x114EDA807B80C8CE
key=plain, no.=92, <checksum>:
0xA58B38F10096EDEC114EDA807B80C8CE
key=plain, no.=92, cso file:
/dev/null
----------------------------------------------
real command=cset shield -e /home/nrink/Projects/build/encode/encode/tests/quicksort/quicksort.perf.plain --  --cso /dev/null
key=plain, no.=93, <stderr>:
LENGTH=4000
elapsed cycles: 59068476
hi(checksum)=0xA58B38F10096EDEC
lo(checksum)=0x114EDA807B80C8CE
key=plain, no.=93, <checksum>:
0xA58B38F10096EDEC114EDA807B80C8CE
key=plain, no.=93, cso file:
/dev/null
----------------------------------------------
real command=cset shield -e /home/nrink/Projects/build/encode/encode/tests/quicksort/quicksort.perf.plain --  --cso /dev/null
key=plain, no.=94, <stderr>:
LENGTH=4000
elapsed cycles: 58819260
hi(checksum)=0xA58B38F10096EDEC
lo(checksum)=0x114EDA807B80C8CE
key=plain, no.=94, <checksum>:
0xA58B38F10096EDEC114EDA807B80C8CE
key=plain, no.=94, cso file:
/dev/null
----------------------------------------------
real command=cset shield -e /home/nrink/Projects/build/encode/encode/tests/quicksort/quicksort.perf.plain --  --cso /dev/null
key=plain, no.=95, <stderr>:
LENGTH=4000
elapsed cycles: 58896375
hi(checksum)=0xA58B38F10096EDEC
lo(checksum)=0x114EDA807B80C8CE
key=plain, no.=95, <checksum>:
0xA58B38F10096EDEC114EDA807B80C8CE
key=plain, no.=95, cso file:
/dev/null
----------------------------------------------
real command=cset shield -e /home/nrink/Projects/build/encode/encode/tests/quicksort/quicksort.perf.plain --  --cso /dev/null
key=plain, no.=96, <stderr>:
LENGTH=4000
elapsed cycles: 58901202
hi(checksum)=0xA58B38F10096EDEC
lo(checksum)=0x114EDA807B80C8CE
key=plain, no.=96, <checksum>:
0xA58B38F10096EDEC114EDA807B80C8CE
key=plain, no.=96, cso file:
/dev/null
----------------------------------------------
real command=cset shield -e /home/nrink/Projects/build/encode/encode/tests/quicksort/quicksort.perf.plain --  --cso /dev/null
key=plain, no.=97, <stderr>:
LENGTH=4000
elapsed cycles: 58853172
hi(checksum)=0xA58B38F10096EDEC
lo(checksum)=0x114EDA807B80C8CE
key=plain, no.=97, <checksum>:
0xA58B38F10096EDEC114EDA807B80C8CE
key=plain, no.=97, cso file:
/dev/null
----------------------------------------------
real command=cset shield -e /home/nrink/Projects/build/encode/encode/tests/quicksort/quicksort.perf.plain --  --cso /dev/null
key=plain, no.=98, <stderr>:
LENGTH=4000
elapsed cycles: 58899300
hi(checksum)=0xA58B38F10096EDEC
lo(checksum)=0x114EDA807B80C8CE
key=plain, no.=98, <checksum>:
0xA58B38F10096EDEC114EDA807B80C8CE
key=plain, no.=98, cso file:
/dev/null
----------------------------------------------
real command=cset shield -e /home/nrink/Projects/build/encode/encode/tests/quicksort/quicksort.perf.plain --  --cso /dev/null
key=plain, no.=99, <stderr>:
LENGTH=4000
elapsed cycles: 59030655
hi(checksum)=0xA58B38F10096EDEC
lo(checksum)=0x114EDA807B80C8CE
key=plain, no.=99, <checksum>:
0xA58B38F10096EDEC114EDA807B80C8CE
key=plain, no.=99, cso file:
/dev/null
----------------------------------------------
key=encoded, runs=100 ...
command=/home/nrink/Projects/build/encode/encode/tests/quicksort/quicksort.perf.encoded
----------------------------------------------
real command=cset shield -e /home/nrink/Projects/build/encode/encode/tests/quicksort/quicksort.perf.encoded --  --cso /dev/null
key=encoded, no.=0, <stderr>:
LENGTH=4000
elapsed cycles: 86956635
hi(checksum)=0xA58B38F10096EDEC
lo(checksum)=0x114EDA807B80C8CE
key=encoded, no.=0, <checksum>:
0xA58B38F10096EDEC114EDA807B80C8CE
key=encoded, no.=0, cso file:
/dev/null
----------------------------------------------
real command=cset shield -e /home/nrink/Projects/build/encode/encode/tests/quicksort/quicksort.perf.encoded --  --cso /dev/null
key=encoded, no.=1, <stderr>:
LENGTH=4000
elapsed cycles: 86701062
hi(checksum)=0xA58B38F10096EDEC
lo(checksum)=0x114EDA807B80C8CE
key=encoded, no.=1, <checksum>:
0xA58B38F10096EDEC114EDA807B80C8CE
key=encoded, no.=1, cso file:
/dev/null
----------------------------------------------
real command=cset shield -e /home/nrink/Projects/build/encode/encode/tests/quicksort/quicksort.perf.encoded --  --cso /dev/null
key=encoded, no.=2, <stderr>:
LENGTH=4000
elapsed cycles: 87271980
hi(checksum)=0xA58B38F10096EDEC
lo(checksum)=0x114EDA807B80C8CE
key=encoded, no.=2, <checksum>:
0xA58B38F10096EDEC114EDA807B80C8CE
key=encoded, no.=2, cso file:
/dev/null
----------------------------------------------
real command=cset shield -e /home/nrink/Projects/build/encode/encode/tests/quicksort/quicksort.perf.encoded --  --cso /dev/null
key=encoded, no.=3, <stderr>:
LENGTH=4000
elapsed cycles: 86724888
hi(checksum)=0xA58B38F10096EDEC
lo(checksum)=0x114EDA807B80C8CE
key=encoded, no.=3, <checksum>:
0xA58B38F10096EDEC114EDA807B80C8CE
key=encoded, no.=3, cso file:
/dev/null
----------------------------------------------
real command=cset shield -e /home/nrink/Projects/build/encode/encode/tests/quicksort/quicksort.perf.encoded --  --cso /dev/null
key=encoded, no.=4, <stderr>:
LENGTH=4000
elapsed cycles: 87080631
hi(checksum)=0xA58B38F10096EDEC
lo(checksum)=0x114EDA807B80C8CE
key=encoded, no.=4, <checksum>:
0xA58B38F10096EDEC114EDA807B80C8CE
key=encoded, no.=4, cso file:
/dev/null
----------------------------------------------
real command=cset shield -e /home/nrink/Projects/build/encode/encode/tests/quicksort/quicksort.perf.encoded --  --cso /dev/null
key=encoded, no.=5, <stderr>:
LENGTH=4000
elapsed cycles: 87053163
hi(checksum)=0xA58B38F10096EDEC
lo(checksum)=0x114EDA807B80C8CE
key=encoded, no.=5, <checksum>:
0xA58B38F10096EDEC114EDA807B80C8CE
key=encoded, no.=5, cso file:
/dev/null
----------------------------------------------
real command=cset shield -e /home/nrink/Projects/build/encode/encode/tests/quicksort/quicksort.perf.encoded --  --cso /dev/null
key=encoded, no.=6, <stderr>:
LENGTH=4000
elapsed cycles: 87048606
hi(checksum)=0xA58B38F10096EDEC
lo(checksum)=0x114EDA807B80C8CE
key=encoded, no.=6, <checksum>:
0xA58B38F10096EDEC114EDA807B80C8CE
key=encoded, no.=6, cso file:
/dev/null
----------------------------------------------
real command=cset shield -e /home/nrink/Projects/build/encode/encode/tests/quicksort/quicksort.perf.encoded --  --cso /dev/null
key=encoded, no.=7, <stderr>:
LENGTH=4000
elapsed cycles: 87070992
hi(checksum)=0xA58B38F10096EDEC
lo(checksum)=0x114EDA807B80C8CE
key=encoded, no.=7, <checksum>:
0xA58B38F10096EDEC114EDA807B80C8CE
key=encoded, no.=7, cso file:
/dev/null
----------------------------------------------
real command=cset shield -e /home/nrink/Projects/build/encode/encode/tests/quicksort/quicksort.perf.encoded --  --cso /dev/null
key=encoded, no.=8, <stderr>:
LENGTH=4000
elapsed cycles: 87077340
hi(checksum)=0xA58B38F10096EDEC
lo(checksum)=0x114EDA807B80C8CE
key=encoded, no.=8, <checksum>:
0xA58B38F10096EDEC114EDA807B80C8CE
key=encoded, no.=8, cso file:
/dev/null
----------------------------------------------
real command=cset shield -e /home/nrink/Projects/build/encode/encode/tests/quicksort/quicksort.perf.encoded --  --cso /dev/null
key=encoded, no.=9, <stderr>:
LENGTH=4000
elapsed cycles: 87077424
hi(checksum)=0xA58B38F10096EDEC
lo(checksum)=0x114EDA807B80C8CE
key=encoded, no.=9, <checksum>:
0xA58B38F10096EDEC114EDA807B80C8CE
key=encoded, no.=9, cso file:
/dev/null
----------------------------------------------
real command=cset shield -e /home/nrink/Projects/build/encode/encode/tests/quicksort/quicksort.perf.encoded --  --cso /dev/null
key=encoded, no.=10, <stderr>:
LENGTH=4000
elapsed cycles: 87214974
hi(checksum)=0xA58B38F10096EDEC
lo(checksum)=0x114EDA807B80C8CE
key=encoded, no.=10, <checksum>:
0xA58B38F10096EDEC114EDA807B80C8CE
key=encoded, no.=10, cso file:
/dev/null
----------------------------------------------
real command=cset shield -e /home/nrink/Projects/build/encode/encode/tests/quicksort/quicksort.perf.encoded --  --cso /dev/null
key=encoded, no.=11, <stderr>:
LENGTH=4000
elapsed cycles: 86716905
hi(checksum)=0xA58B38F10096EDEC
lo(checksum)=0x114EDA807B80C8CE
key=encoded, no.=11, <checksum>:
0xA58B38F10096EDEC114EDA807B80C8CE
key=encoded, no.=11, cso file:
/dev/null
----------------------------------------------
real command=cset shield -e /home/nrink/Projects/build/encode/encode/tests/quicksort/quicksort.perf.encoded --  --cso /dev/null
key=encoded, no.=12, <stderr>:
LENGTH=4000
elapsed cycles: 87055857
hi(checksum)=0xA58B38F10096EDEC
lo(checksum)=0x114EDA807B80C8CE
key=encoded, no.=12, <checksum>:
0xA58B38F10096EDEC114EDA807B80C8CE
key=encoded, no.=12, cso file:
/dev/null
----------------------------------------------
real command=cset shield -e /home/nrink/Projects/build/encode/encode/tests/quicksort/quicksort.perf.encoded --  --cso /dev/null
key=encoded, no.=13, <stderr>:
LENGTH=4000
elapsed cycles: 87145704
hi(checksum)=0xA58B38F10096EDEC
lo(checksum)=0x114EDA807B80C8CE
key=encoded, no.=13, <checksum>:
0xA58B38F10096EDEC114EDA807B80C8CE
key=encoded, no.=13, cso file:
/dev/null
----------------------------------------------
real command=cset shield -e /home/nrink/Projects/build/encode/encode/tests/quicksort/quicksort.perf.encoded --  --cso /dev/null
key=encoded, no.=14, <stderr>:
LENGTH=4000
elapsed cycles: 86672583
hi(checksum)=0xA58B38F10096EDEC
lo(checksum)=0x114EDA807B80C8CE
key=encoded, no.=14, <checksum>:
0xA58B38F10096EDEC114EDA807B80C8CE
key=encoded, no.=14, cso file:
/dev/null
----------------------------------------------
real command=cset shield -e /home/nrink/Projects/build/encode/encode/tests/quicksort/quicksort.perf.encoded --  --cso /dev/null
key=encoded, no.=15, <stderr>:
LENGTH=4000
elapsed cycles: 86737185
hi(checksum)=0xA58B38F10096EDEC
lo(checksum)=0x114EDA807B80C8CE
key=encoded, no.=15, <checksum>:
0xA58B38F10096EDEC114EDA807B80C8CE
key=encoded, no.=15, cso file:
/dev/null
----------------------------------------------
real command=cset shield -e /home/nrink/Projects/build/encode/encode/tests/quicksort/quicksort.perf.encoded --  --cso /dev/null
key=encoded, no.=16, <stderr>:
LENGTH=4000
elapsed cycles: 86892033
hi(checksum)=0xA58B38F10096EDEC
lo(checksum)=0x114EDA807B80C8CE
key=encoded, no.=16, <checksum>:
0xA58B38F10096EDEC114EDA807B80C8CE
key=encoded, no.=16, cso file:
/dev/null
----------------------------------------------
real command=cset shield -e /home/nrink/Projects/build/encode/encode/tests/quicksort/quicksort.perf.encoded --  --cso /dev/null
key=encoded, no.=17, <stderr>:
LENGTH=4000
elapsed cycles: 86828862
hi(checksum)=0xA58B38F10096EDEC
lo(checksum)=0x114EDA807B80C8CE
key=encoded, no.=17, <checksum>:
0xA58B38F10096EDEC114EDA807B80C8CE
key=encoded, no.=17, cso file:
/dev/null
----------------------------------------------
real command=cset shield -e /home/nrink/Projects/build/encode/encode/tests/quicksort/quicksort.perf.encoded --  --cso /dev/null
key=encoded, no.=18, <stderr>:
LENGTH=4000
elapsed cycles: 87171411
hi(checksum)=0xA58B38F10096EDEC
lo(checksum)=0x114EDA807B80C8CE
key=encoded, no.=18, <checksum>:
0xA58B38F10096EDEC114EDA807B80C8CE
key=encoded, no.=18, cso file:
/dev/null
----------------------------------------------
real command=cset shield -e /home/nrink/Projects/build/encode/encode/tests/quicksort/quicksort.perf.encoded --  --cso /dev/null
key=encoded, no.=19, <stderr>:
LENGTH=4000
elapsed cycles: 86638146
hi(checksum)=0xA58B38F10096EDEC
lo(checksum)=0x114EDA807B80C8CE
key=encoded, no.=19, <checksum>:
0xA58B38F10096EDEC114EDA807B80C8CE
key=encoded, no.=19, cso file:
/dev/null
----------------------------------------------
real command=cset shield -e /home/nrink/Projects/build/encode/encode/tests/quicksort/quicksort.perf.encoded --  --cso /dev/null
key=encoded, no.=20, <stderr>:
LENGTH=4000
elapsed cycles: 87104868
hi(checksum)=0xA58B38F10096EDEC
lo(checksum)=0x114EDA807B80C8CE
key=encoded, no.=20, <checksum>:
0xA58B38F10096EDEC114EDA807B80C8CE
key=encoded, no.=20, cso file:
/dev/null
----------------------------------------------
real command=cset shield -e /home/nrink/Projects/build/encode/encode/tests/quicksort/quicksort.perf.encoded --  --cso /dev/null
key=encoded, no.=21, <stderr>:
LENGTH=4000
elapsed cycles: 86724462
hi(checksum)=0xA58B38F10096EDEC
lo(checksum)=0x114EDA807B80C8CE
key=encoded, no.=21, <checksum>:
0xA58B38F10096EDEC114EDA807B80C8CE
key=encoded, no.=21, cso file:
/dev/null
----------------------------------------------
real command=cset shield -e /home/nrink/Projects/build/encode/encode/tests/quicksort/quicksort.perf.encoded --  --cso /dev/null
key=encoded, no.=22, <stderr>:
LENGTH=4000
elapsed cycles: 87086829
hi(checksum)=0xA58B38F10096EDEC
lo(checksum)=0x114EDA807B80C8CE
key=encoded, no.=22, <checksum>:
0xA58B38F10096EDEC114EDA807B80C8CE
key=encoded, no.=22, cso file:
/dev/null
----------------------------------------------
real command=cset shield -e /home/nrink/Projects/build/encode/encode/tests/quicksort/quicksort.perf.encoded --  --cso /dev/null
key=encoded, no.=23, <stderr>:
LENGTH=4000
elapsed cycles: 87518655
hi(checksum)=0xA58B38F10096EDEC
lo(checksum)=0x114EDA807B80C8CE
key=encoded, no.=23, <checksum>:
0xA58B38F10096EDEC114EDA807B80C8CE
key=encoded, no.=23, cso file:
/dev/null
----------------------------------------------
real command=cset shield -e /home/nrink/Projects/build/encode/encode/tests/quicksort/quicksort.perf.encoded --  --cso /dev/null
key=encoded, no.=24, <stderr>:
LENGTH=4000
elapsed cycles: 87578676
hi(checksum)=0xA58B38F10096EDEC
lo(checksum)=0x114EDA807B80C8CE
key=encoded, no.=24, <checksum>:
0xA58B38F10096EDEC114EDA807B80C8CE
key=encoded, no.=24, cso file:
/dev/null
----------------------------------------------
real command=cset shield -e /home/nrink/Projects/build/encode/encode/tests/quicksort/quicksort.perf.encoded --  --cso /dev/null
key=encoded, no.=25, <stderr>:
LENGTH=4000
elapsed cycles: 92663769
hi(checksum)=0xA58B38F10096EDEC
lo(checksum)=0x114EDA807B80C8CE
key=encoded, no.=25, <checksum>:
0xA58B38F10096EDEC114EDA807B80C8CE
key=encoded, no.=25, cso file:
/dev/null
----------------------------------------------
real command=cset shield -e /home/nrink/Projects/build/encode/encode/tests/quicksort/quicksort.perf.encoded --  --cso /dev/null
key=encoded, no.=26, <stderr>:
LENGTH=4000
elapsed cycles: 87201900
hi(checksum)=0xA58B38F10096EDEC
lo(checksum)=0x114EDA807B80C8CE
key=encoded, no.=26, <checksum>:
0xA58B38F10096EDEC114EDA807B80C8CE
key=encoded, no.=26, cso file:
/dev/null
----------------------------------------------
real command=cset shield -e /home/nrink/Projects/build/encode/encode/tests/quicksort/quicksort.perf.encoded --  --cso /dev/null
key=encoded, no.=27, <stderr>:
LENGTH=4000
elapsed cycles: 87091608
hi(checksum)=0xA58B38F10096EDEC
lo(checksum)=0x114EDA807B80C8CE
key=encoded, no.=27, <checksum>:
0xA58B38F10096EDEC114EDA807B80C8CE
key=encoded, no.=27, cso file:
/dev/null
----------------------------------------------
real command=cset shield -e /home/nrink/Projects/build/encode/encode/tests/quicksort/quicksort.perf.encoded --  --cso /dev/null
key=encoded, no.=28, <stderr>:
LENGTH=4000
elapsed cycles: 86897976
hi(checksum)=0xA58B38F10096EDEC
lo(checksum)=0x114EDA807B80C8CE
key=encoded, no.=28, <checksum>:
0xA58B38F10096EDEC114EDA807B80C8CE
key=encoded, no.=28, cso file:
/dev/null
----------------------------------------------
real command=cset shield -e /home/nrink/Projects/build/encode/encode/tests/quicksort/quicksort.perf.encoded --  --cso /dev/null
key=encoded, no.=29, <stderr>:
LENGTH=4000
elapsed cycles: 87247479
hi(checksum)=0xA58B38F10096EDEC
lo(checksum)=0x114EDA807B80C8CE
key=encoded, no.=29, <checksum>:
0xA58B38F10096EDEC114EDA807B80C8CE
key=encoded, no.=29, cso file:
/dev/null
----------------------------------------------
real command=cset shield -e /home/nrink/Projects/build/encode/encode/tests/quicksort/quicksort.perf.encoded --  --cso /dev/null
key=encoded, no.=30, <stderr>:
LENGTH=4000
elapsed cycles: 86686674
hi(checksum)=0xA58B38F10096EDEC
lo(checksum)=0x114EDA807B80C8CE
key=encoded, no.=30, <checksum>:
0xA58B38F10096EDEC114EDA807B80C8CE
key=encoded, no.=30, cso file:
/dev/null
----------------------------------------------
real command=cset shield -e /home/nrink/Projects/build/encode/encode/tests/quicksort/quicksort.perf.encoded --  --cso /dev/null
key=encoded, no.=31, <stderr>:
LENGTH=4000
elapsed cycles: 86787831
hi(checksum)=0xA58B38F10096EDEC
lo(checksum)=0x114EDA807B80C8CE
key=encoded, no.=31, <checksum>:
0xA58B38F10096EDEC114EDA807B80C8CE
key=encoded, no.=31, cso file:
/dev/null
----------------------------------------------
real command=cset shield -e /home/nrink/Projects/build/encode/encode/tests/quicksort/quicksort.perf.encoded --  --cso /dev/null
key=encoded, no.=32, <stderr>:
LENGTH=4000
elapsed cycles: 87014721
hi(checksum)=0xA58B38F10096EDEC
lo(checksum)=0x114EDA807B80C8CE
key=encoded, no.=32, <checksum>:
0xA58B38F10096EDEC114EDA807B80C8CE
key=encoded, no.=32, cso file:
/dev/null
----------------------------------------------
real command=cset shield -e /home/nrink/Projects/build/encode/encode/tests/quicksort/quicksort.perf.encoded --  --cso /dev/null
key=encoded, no.=33, <stderr>:
LENGTH=4000
elapsed cycles: 87059919
hi(checksum)=0xA58B38F10096EDEC
lo(checksum)=0x114EDA807B80C8CE
key=encoded, no.=33, <checksum>:
0xA58B38F10096EDEC114EDA807B80C8CE
key=encoded, no.=33, cso file:
/dev/null
----------------------------------------------
real command=cset shield -e /home/nrink/Projects/build/encode/encode/tests/quicksort/quicksort.perf.encoded --  --cso /dev/null
key=encoded, no.=34, <stderr>:
LENGTH=4000
elapsed cycles: 87193455
hi(checksum)=0xA58B38F10096EDEC
lo(checksum)=0x114EDA807B80C8CE
key=encoded, no.=34, <checksum>:
0xA58B38F10096EDEC114EDA807B80C8CE
key=encoded, no.=34, cso file:
/dev/null
----------------------------------------------
real command=cset shield -e /home/nrink/Projects/build/encode/encode/tests/quicksort/quicksort.perf.encoded --  --cso /dev/null
key=encoded, no.=35, <stderr>:
LENGTH=4000
elapsed cycles: 86778249
hi(checksum)=0xA58B38F10096EDEC
lo(checksum)=0x114EDA807B80C8CE
key=encoded, no.=35, <checksum>:
0xA58B38F10096EDEC114EDA807B80C8CE
key=encoded, no.=35, cso file:
/dev/null
----------------------------------------------
real command=cset shield -e /home/nrink/Projects/build/encode/encode/tests/quicksort/quicksort.perf.encoded --  --cso /dev/null
key=encoded, no.=36, <stderr>:
LENGTH=4000
elapsed cycles: 86946261
hi(checksum)=0xA58B38F10096EDEC
lo(checksum)=0x114EDA807B80C8CE
key=encoded, no.=36, <checksum>:
0xA58B38F10096EDEC114EDA807B80C8CE
key=encoded, no.=36, cso file:
/dev/null
----------------------------------------------
real command=cset shield -e /home/nrink/Projects/build/encode/encode/tests/quicksort/quicksort.perf.encoded --  --cso /dev/null
key=encoded, no.=37, <stderr>:
LENGTH=4000
elapsed cycles: 87036753
hi(checksum)=0xA58B38F10096EDEC
lo(checksum)=0x114EDA807B80C8CE
key=encoded, no.=37, <checksum>:
0xA58B38F10096EDEC114EDA807B80C8CE
key=encoded, no.=37, cso file:
/dev/null
----------------------------------------------
real command=cset shield -e /home/nrink/Projects/build/encode/encode/tests/quicksort/quicksort.perf.encoded --  --cso /dev/null
key=encoded, no.=38, <stderr>:
LENGTH=4000
elapsed cycles: 87197715
hi(checksum)=0xA58B38F10096EDEC
lo(checksum)=0x114EDA807B80C8CE
key=encoded, no.=38, <checksum>:
0xA58B38F10096EDEC114EDA807B80C8CE
key=encoded, no.=38, cso file:
/dev/null
----------------------------------------------
real command=cset shield -e /home/nrink/Projects/build/encode/encode/tests/quicksort/quicksort.perf.encoded --  --cso /dev/null
key=encoded, no.=39, <stderr>:
LENGTH=4000
elapsed cycles: 87026307
hi(checksum)=0xA58B38F10096EDEC
lo(checksum)=0x114EDA807B80C8CE
key=encoded, no.=39, <checksum>:
0xA58B38F10096EDEC114EDA807B80C8CE
key=encoded, no.=39, cso file:
/dev/null
----------------------------------------------
real command=cset shield -e /home/nrink/Projects/build/encode/encode/tests/quicksort/quicksort.perf.encoded --  --cso /dev/null
key=encoded, no.=40, <stderr>:
LENGTH=4000
elapsed cycles: 86959956
hi(checksum)=0xA58B38F10096EDEC
lo(checksum)=0x114EDA807B80C8CE
key=encoded, no.=40, <checksum>:
0xA58B38F10096EDEC114EDA807B80C8CE
key=encoded, no.=40, cso file:
/dev/null
----------------------------------------------
real command=cset shield -e /home/nrink/Projects/build/encode/encode/tests/quicksort/quicksort.perf.encoded --  --cso /dev/null
key=encoded, no.=41, <stderr>:
LENGTH=4000
elapsed cycles: 87185523
hi(checksum)=0xA58B38F10096EDEC
lo(checksum)=0x114EDA807B80C8CE
key=encoded, no.=41, <checksum>:
0xA58B38F10096EDEC114EDA807B80C8CE
key=encoded, no.=41, cso file:
/dev/null
----------------------------------------------
real command=cset shield -e /home/nrink/Projects/build/encode/encode/tests/quicksort/quicksort.perf.encoded --  --cso /dev/null
key=encoded, no.=42, <stderr>:
LENGTH=4000
elapsed cycles: 87286155
hi(checksum)=0xA58B38F10096EDEC
lo(checksum)=0x114EDA807B80C8CE
key=encoded, no.=42, <checksum>:
0xA58B38F10096EDEC114EDA807B80C8CE
key=encoded, no.=42, cso file:
/dev/null
----------------------------------------------
real command=cset shield -e /home/nrink/Projects/build/encode/encode/tests/quicksort/quicksort.perf.encoded --  --cso /dev/null
key=encoded, no.=43, <stderr>:
LENGTH=4000
elapsed cycles: 87187587
hi(checksum)=0xA58B38F10096EDEC
lo(checksum)=0x114EDA807B80C8CE
key=encoded, no.=43, <checksum>:
0xA58B38F10096EDEC114EDA807B80C8CE
key=encoded, no.=43, cso file:
/dev/null
----------------------------------------------
real command=cset shield -e /home/nrink/Projects/build/encode/encode/tests/quicksort/quicksort.perf.encoded --  --cso /dev/null
key=encoded, no.=44, <stderr>:
LENGTH=4000
elapsed cycles: 87082536
hi(checksum)=0xA58B38F10096EDEC
lo(checksum)=0x114EDA807B80C8CE
key=encoded, no.=44, <checksum>:
0xA58B38F10096EDEC114EDA807B80C8CE
key=encoded, no.=44, cso file:
/dev/null
----------------------------------------------
real command=cset shield -e /home/nrink/Projects/build/encode/encode/tests/quicksort/quicksort.perf.encoded --  --cso /dev/null
key=encoded, no.=45, <stderr>:
LENGTH=4000
elapsed cycles: 87190014
hi(checksum)=0xA58B38F10096EDEC
lo(checksum)=0x114EDA807B80C8CE
key=encoded, no.=45, <checksum>:
0xA58B38F10096EDEC114EDA807B80C8CE
key=encoded, no.=45, cso file:
/dev/null
----------------------------------------------
real command=cset shield -e /home/nrink/Projects/build/encode/encode/tests/quicksort/quicksort.perf.encoded --  --cso /dev/null
key=encoded, no.=46, <stderr>:
LENGTH=4000
elapsed cycles: 87080421
hi(checksum)=0xA58B38F10096EDEC
lo(checksum)=0x114EDA807B80C8CE
key=encoded, no.=46, <checksum>:
0xA58B38F10096EDEC114EDA807B80C8CE
key=encoded, no.=46, cso file:
/dev/null
----------------------------------------------
real command=cset shield -e /home/nrink/Projects/build/encode/encode/tests/quicksort/quicksort.perf.encoded --  --cso /dev/null
key=encoded, no.=47, <stderr>:
LENGTH=4000
elapsed cycles: 87000300
hi(checksum)=0xA58B38F10096EDEC
lo(checksum)=0x114EDA807B80C8CE
key=encoded, no.=47, <checksum>:
0xA58B38F10096EDEC114EDA807B80C8CE
key=encoded, no.=47, cso file:
/dev/null
----------------------------------------------
real command=cset shield -e /home/nrink/Projects/build/encode/encode/tests/quicksort/quicksort.perf.encoded --  --cso /dev/null
key=encoded, no.=48, <stderr>:
LENGTH=4000
elapsed cycles: 86792163
hi(checksum)=0xA58B38F10096EDEC
lo(checksum)=0x114EDA807B80C8CE
key=encoded, no.=48, <checksum>:
0xA58B38F10096EDEC114EDA807B80C8CE
key=encoded, no.=48, cso file:
/dev/null
----------------------------------------------
real command=cset shield -e /home/nrink/Projects/build/encode/encode/tests/quicksort/quicksort.perf.encoded --  --cso /dev/null
key=encoded, no.=49, <stderr>:
LENGTH=4000
elapsed cycles: 87233004
hi(checksum)=0xA58B38F10096EDEC
lo(checksum)=0x114EDA807B80C8CE
key=encoded, no.=49, <checksum>:
0xA58B38F10096EDEC114EDA807B80C8CE
key=encoded, no.=49, cso file:
/dev/null
----------------------------------------------
real command=cset shield -e /home/nrink/Projects/build/encode/encode/tests/quicksort/quicksort.perf.encoded --  --cso /dev/null
key=encoded, no.=50, <stderr>:
LENGTH=4000
elapsed cycles: 86897499
hi(checksum)=0xA58B38F10096EDEC
lo(checksum)=0x114EDA807B80C8CE
key=encoded, no.=50, <checksum>:
0xA58B38F10096EDEC114EDA807B80C8CE
key=encoded, no.=50, cso file:
/dev/null
----------------------------------------------
real command=cset shield -e /home/nrink/Projects/build/encode/encode/tests/quicksort/quicksort.perf.encoded --  --cso /dev/null
key=encoded, no.=51, <stderr>:
LENGTH=4000
elapsed cycles: 87029118
hi(checksum)=0xA58B38F10096EDEC
lo(checksum)=0x114EDA807B80C8CE
key=encoded, no.=51, <checksum>:
0xA58B38F10096EDEC114EDA807B80C8CE
key=encoded, no.=51, cso file:
/dev/null
----------------------------------------------
real command=cset shield -e /home/nrink/Projects/build/encode/encode/tests/quicksort/quicksort.perf.encoded --  --cso /dev/null
key=encoded, no.=52, <stderr>:
LENGTH=4000
elapsed cycles: 86930733
hi(checksum)=0xA58B38F10096EDEC
lo(checksum)=0x114EDA807B80C8CE
key=encoded, no.=52, <checksum>:
0xA58B38F10096EDEC114EDA807B80C8CE
key=encoded, no.=52, cso file:
/dev/null
----------------------------------------------
real command=cset shield -e /home/nrink/Projects/build/encode/encode/tests/quicksort/quicksort.perf.encoded --  --cso /dev/null
key=encoded, no.=53, <stderr>:
LENGTH=4000
elapsed cycles: 87055404
hi(checksum)=0xA58B38F10096EDEC
lo(checksum)=0x114EDA807B80C8CE
key=encoded, no.=53, <checksum>:
0xA58B38F10096EDEC114EDA807B80C8CE
key=encoded, no.=53, cso file:
/dev/null
----------------------------------------------
real command=cset shield -e /home/nrink/Projects/build/encode/encode/tests/quicksort/quicksort.perf.encoded --  --cso /dev/null
key=encoded, no.=54, <stderr>:
LENGTH=4000
elapsed cycles: 87309423
hi(checksum)=0xA58B38F10096EDEC
lo(checksum)=0x114EDA807B80C8CE
key=encoded, no.=54, <checksum>:
0xA58B38F10096EDEC114EDA807B80C8CE
key=encoded, no.=54, cso file:
/dev/null
----------------------------------------------
real command=cset shield -e /home/nrink/Projects/build/encode/encode/tests/quicksort/quicksort.perf.encoded --  --cso /dev/null
key=encoded, no.=55, <stderr>:
LENGTH=4000
elapsed cycles: 87215448
hi(checksum)=0xA58B38F10096EDEC
lo(checksum)=0x114EDA807B80C8CE
key=encoded, no.=55, <checksum>:
0xA58B38F10096EDEC114EDA807B80C8CE
key=encoded, no.=55, cso file:
/dev/null
----------------------------------------------
real command=cset shield -e /home/nrink/Projects/build/encode/encode/tests/quicksort/quicksort.perf.encoded --  --cso /dev/null
key=encoded, no.=56, <stderr>:
LENGTH=4000
elapsed cycles: 87058878
hi(checksum)=0xA58B38F10096EDEC
lo(checksum)=0x114EDA807B80C8CE
key=encoded, no.=56, <checksum>:
0xA58B38F10096EDEC114EDA807B80C8CE
key=encoded, no.=56, cso file:
/dev/null
----------------------------------------------
real command=cset shield -e /home/nrink/Projects/build/encode/encode/tests/quicksort/quicksort.perf.encoded --  --cso /dev/null
key=encoded, no.=57, <stderr>:
LENGTH=4000
elapsed cycles: 86658315
hi(checksum)=0xA58B38F10096EDEC
lo(checksum)=0x114EDA807B80C8CE
key=encoded, no.=57, <checksum>:
0xA58B38F10096EDEC114EDA807B80C8CE
key=encoded, no.=57, cso file:
/dev/null
----------------------------------------------
real command=cset shield -e /home/nrink/Projects/build/encode/encode/tests/quicksort/quicksort.perf.encoded --  --cso /dev/null
key=encoded, no.=58, <stderr>:
LENGTH=4000
elapsed cycles: 87041652
hi(checksum)=0xA58B38F10096EDEC
lo(checksum)=0x114EDA807B80C8CE
key=encoded, no.=58, <checksum>:
0xA58B38F10096EDEC114EDA807B80C8CE
key=encoded, no.=58, cso file:
/dev/null
----------------------------------------------
real command=cset shield -e /home/nrink/Projects/build/encode/encode/tests/quicksort/quicksort.perf.encoded --  --cso /dev/null
key=encoded, no.=59, <stderr>:
LENGTH=4000
elapsed cycles: 87357546
hi(checksum)=0xA58B38F10096EDEC
lo(checksum)=0x114EDA807B80C8CE
key=encoded, no.=59, <checksum>:
0xA58B38F10096EDEC114EDA807B80C8CE
key=encoded, no.=59, cso file:
/dev/null
----------------------------------------------
real command=cset shield -e /home/nrink/Projects/build/encode/encode/tests/quicksort/quicksort.perf.encoded --  --cso /dev/null
key=encoded, no.=60, <stderr>:
LENGTH=4000
elapsed cycles: 86730861
hi(checksum)=0xA58B38F10096EDEC
lo(checksum)=0x114EDA807B80C8CE
key=encoded, no.=60, <checksum>:
0xA58B38F10096EDEC114EDA807B80C8CE
key=encoded, no.=60, cso file:
/dev/null
----------------------------------------------
real command=cset shield -e /home/nrink/Projects/build/encode/encode/tests/quicksort/quicksort.perf.encoded --  --cso /dev/null
key=encoded, no.=61, <stderr>:
LENGTH=4000
elapsed cycles: 87110643
hi(checksum)=0xA58B38F10096EDEC
lo(checksum)=0x114EDA807B80C8CE
key=encoded, no.=61, <checksum>:
0xA58B38F10096EDEC114EDA807B80C8CE
key=encoded, no.=61, cso file:
/dev/null
----------------------------------------------
real command=cset shield -e /home/nrink/Projects/build/encode/encode/tests/quicksort/quicksort.perf.encoded --  --cso /dev/null
key=encoded, no.=62, <stderr>:
LENGTH=4000
elapsed cycles: 87193323
hi(checksum)=0xA58B38F10096EDEC
lo(checksum)=0x114EDA807B80C8CE
key=encoded, no.=62, <checksum>:
0xA58B38F10096EDEC114EDA807B80C8CE
key=encoded, no.=62, cso file:
/dev/null
----------------------------------------------
real command=cset shield -e /home/nrink/Projects/build/encode/encode/tests/quicksort/quicksort.perf.encoded --  --cso /dev/null
key=encoded, no.=63, <stderr>:
LENGTH=4000
elapsed cycles: 87179733
hi(checksum)=0xA58B38F10096EDEC
lo(checksum)=0x114EDA807B80C8CE
key=encoded, no.=63, <checksum>:
0xA58B38F10096EDEC114EDA807B80C8CE
key=encoded, no.=63, cso file:
/dev/null
----------------------------------------------
real command=cset shield -e /home/nrink/Projects/build/encode/encode/tests/quicksort/quicksort.perf.encoded --  --cso /dev/null
key=encoded, no.=64, <stderr>:
LENGTH=4000
elapsed cycles: 87279216
hi(checksum)=0xA58B38F10096EDEC
lo(checksum)=0x114EDA807B80C8CE
key=encoded, no.=64, <checksum>:
0xA58B38F10096EDEC114EDA807B80C8CE
key=encoded, no.=64, cso file:
/dev/null
----------------------------------------------
real command=cset shield -e /home/nrink/Projects/build/encode/encode/tests/quicksort/quicksort.perf.encoded --  --cso /dev/null
key=encoded, no.=65, <stderr>:
LENGTH=4000
elapsed cycles: 87109308
hi(checksum)=0xA58B38F10096EDEC
lo(checksum)=0x114EDA807B80C8CE
key=encoded, no.=65, <checksum>:
0xA58B38F10096EDEC114EDA807B80C8CE
key=encoded, no.=65, cso file:
/dev/null
----------------------------------------------
real command=cset shield -e /home/nrink/Projects/build/encode/encode/tests/quicksort/quicksort.perf.encoded --  --cso /dev/null
key=encoded, no.=66, <stderr>:
LENGTH=4000
elapsed cycles: 86842110
hi(checksum)=0xA58B38F10096EDEC
lo(checksum)=0x114EDA807B80C8CE
key=encoded, no.=66, <checksum>:
0xA58B38F10096EDEC114EDA807B80C8CE
key=encoded, no.=66, cso file:
/dev/null
----------------------------------------------
real command=cset shield -e /home/nrink/Projects/build/encode/encode/tests/quicksort/quicksort.perf.encoded --  --cso /dev/null
key=encoded, no.=67, <stderr>:
LENGTH=4000
elapsed cycles: 87085251
hi(checksum)=0xA58B38F10096EDEC
lo(checksum)=0x114EDA807B80C8CE
key=encoded, no.=67, <checksum>:
0xA58B38F10096EDEC114EDA807B80C8CE
key=encoded, no.=67, cso file:
/dev/null
----------------------------------------------
real command=cset shield -e /home/nrink/Projects/build/encode/encode/tests/quicksort/quicksort.perf.encoded --  --cso /dev/null
key=encoded, no.=68, <stderr>:
LENGTH=4000
elapsed cycles: 87236604
hi(checksum)=0xA58B38F10096EDEC
lo(checksum)=0x114EDA807B80C8CE
key=encoded, no.=68, <checksum>:
0xA58B38F10096EDEC114EDA807B80C8CE
key=encoded, no.=68, cso file:
/dev/null
----------------------------------------------
real command=cset shield -e /home/nrink/Projects/build/encode/encode/tests/quicksort/quicksort.perf.encoded --  --cso /dev/null
key=encoded, no.=69, <stderr>:
LENGTH=4000
elapsed cycles: 87242655
hi(checksum)=0xA58B38F10096EDEC
lo(checksum)=0x114EDA807B80C8CE
key=encoded, no.=69, <checksum>:
0xA58B38F10096EDEC114EDA807B80C8CE
key=encoded, no.=69, cso file:
/dev/null
----------------------------------------------
real command=cset shield -e /home/nrink/Projects/build/encode/encode/tests/quicksort/quicksort.perf.encoded --  --cso /dev/null
key=encoded, no.=70, <stderr>:
LENGTH=4000
elapsed cycles: 86969286
hi(checksum)=0xA58B38F10096EDEC
lo(checksum)=0x114EDA807B80C8CE
key=encoded, no.=70, <checksum>:
0xA58B38F10096EDEC114EDA807B80C8CE
key=encoded, no.=70, cso file:
/dev/null
----------------------------------------------
real command=cset shield -e /home/nrink/Projects/build/encode/encode/tests/quicksort/quicksort.perf.encoded --  --cso /dev/null
key=encoded, no.=71, <stderr>:
LENGTH=4000
elapsed cycles: 87109401
hi(checksum)=0xA58B38F10096EDEC
lo(checksum)=0x114EDA807B80C8CE
key=encoded, no.=71, <checksum>:
0xA58B38F10096EDEC114EDA807B80C8CE
key=encoded, no.=71, cso file:
/dev/null
----------------------------------------------
real command=cset shield -e /home/nrink/Projects/build/encode/encode/tests/quicksort/quicksort.perf.encoded --  --cso /dev/null
key=encoded, no.=72, <stderr>:
LENGTH=4000
elapsed cycles: 86785491
hi(checksum)=0xA58B38F10096EDEC
lo(checksum)=0x114EDA807B80C8CE
key=encoded, no.=72, <checksum>:
0xA58B38F10096EDEC114EDA807B80C8CE
key=encoded, no.=72, cso file:
/dev/null
----------------------------------------------
real command=cset shield -e /home/nrink/Projects/build/encode/encode/tests/quicksort/quicksort.perf.encoded --  --cso /dev/null
key=encoded, no.=73, <stderr>:
LENGTH=4000
elapsed cycles: 87039195
hi(checksum)=0xA58B38F10096EDEC
lo(checksum)=0x114EDA807B80C8CE
key=encoded, no.=73, <checksum>:
0xA58B38F10096EDEC114EDA807B80C8CE
key=encoded, no.=73, cso file:
/dev/null
----------------------------------------------
real command=cset shield -e /home/nrink/Projects/build/encode/encode/tests/quicksort/quicksort.perf.encoded --  --cso /dev/null
key=encoded, no.=74, <stderr>:
LENGTH=4000
elapsed cycles: 87166344
hi(checksum)=0xA58B38F10096EDEC
lo(checksum)=0x114EDA807B80C8CE
key=encoded, no.=74, <checksum>:
0xA58B38F10096EDEC114EDA807B80C8CE
key=encoded, no.=74, cso file:
/dev/null
----------------------------------------------
real command=cset shield -e /home/nrink/Projects/build/encode/encode/tests/quicksort/quicksort.perf.encoded --  --cso /dev/null
key=encoded, no.=75, <stderr>:
LENGTH=4000
elapsed cycles: 87090711
hi(checksum)=0xA58B38F10096EDEC
lo(checksum)=0x114EDA807B80C8CE
key=encoded, no.=75, <checksum>:
0xA58B38F10096EDEC114EDA807B80C8CE
key=encoded, no.=75, cso file:
/dev/null
----------------------------------------------
real command=cset shield -e /home/nrink/Projects/build/encode/encode/tests/quicksort/quicksort.perf.encoded --  --cso /dev/null
key=encoded, no.=76, <stderr>:
LENGTH=4000
elapsed cycles: 87307503
hi(checksum)=0xA58B38F10096EDEC
lo(checksum)=0x114EDA807B80C8CE
key=encoded, no.=76, <checksum>:
0xA58B38F10096EDEC114EDA807B80C8CE
key=encoded, no.=76, cso file:
/dev/null
----------------------------------------------
real command=cset shield -e /home/nrink/Projects/build/encode/encode/tests/quicksort/quicksort.perf.encoded --  --cso /dev/null
key=encoded, no.=77, <stderr>:
LENGTH=4000
elapsed cycles: 87057462
hi(checksum)=0xA58B38F10096EDEC
lo(checksum)=0x114EDA807B80C8CE
key=encoded, no.=77, <checksum>:
0xA58B38F10096EDEC114EDA807B80C8CE
key=encoded, no.=77, cso file:
/dev/null
----------------------------------------------
real command=cset shield -e /home/nrink/Projects/build/encode/encode/tests/quicksort/quicksort.perf.encoded --  --cso /dev/null
key=encoded, no.=78, <stderr>:
LENGTH=4000
elapsed cycles: 86867604
hi(checksum)=0xA58B38F10096EDEC
lo(checksum)=0x114EDA807B80C8CE
key=encoded, no.=78, <checksum>:
0xA58B38F10096EDEC114EDA807B80C8CE
key=encoded, no.=78, cso file:
/dev/null
----------------------------------------------
real command=cset shield -e /home/nrink/Projects/build/encode/encode/tests/quicksort/quicksort.perf.encoded --  --cso /dev/null
key=encoded, no.=79, <stderr>:
LENGTH=4000
elapsed cycles: 86985012
hi(checksum)=0xA58B38F10096EDEC
lo(checksum)=0x114EDA807B80C8CE
key=encoded, no.=79, <checksum>:
0xA58B38F10096EDEC114EDA807B80C8CE
key=encoded, no.=79, cso file:
/dev/null
----------------------------------------------
real command=cset shield -e /home/nrink/Projects/build/encode/encode/tests/quicksort/quicksort.perf.encoded --  --cso /dev/null
key=encoded, no.=80, <stderr>:
LENGTH=4000
elapsed cycles: 87000033
hi(checksum)=0xA58B38F10096EDEC
lo(checksum)=0x114EDA807B80C8CE
key=encoded, no.=80, <checksum>:
0xA58B38F10096EDEC114EDA807B80C8CE
key=encoded, no.=80, cso file:
/dev/null
----------------------------------------------
real command=cset shield -e /home/nrink/Projects/build/encode/encode/tests/quicksort/quicksort.perf.encoded --  --cso /dev/null
key=encoded, no.=81, <stderr>:
LENGTH=4000
elapsed cycles: 87239223
hi(checksum)=0xA58B38F10096EDEC
lo(checksum)=0x114EDA807B80C8CE
key=encoded, no.=81, <checksum>:
0xA58B38F10096EDEC114EDA807B80C8CE
key=encoded, no.=81, cso file:
/dev/null
----------------------------------------------
real command=cset shield -e /home/nrink/Projects/build/encode/encode/tests/quicksort/quicksort.perf.encoded --  --cso /dev/null
key=encoded, no.=82, <stderr>:
LENGTH=4000
elapsed cycles: 86889825
hi(checksum)=0xA58B38F10096EDEC
lo(checksum)=0x114EDA807B80C8CE
key=encoded, no.=82, <checksum>:
0xA58B38F10096EDEC114EDA807B80C8CE
key=encoded, no.=82, cso file:
/dev/null
----------------------------------------------
real command=cset shield -e /home/nrink/Projects/build/encode/encode/tests/quicksort/quicksort.perf.encoded --  --cso /dev/null
key=encoded, no.=83, <stderr>:
LENGTH=4000
elapsed cycles: 88838190
hi(checksum)=0xA58B38F10096EDEC
lo(checksum)=0x114EDA807B80C8CE
key=encoded, no.=83, <checksum>:
0xA58B38F10096EDEC114EDA807B80C8CE
key=encoded, no.=83, cso file:
/dev/null
----------------------------------------------
real command=cset shield -e /home/nrink/Projects/build/encode/encode/tests/quicksort/quicksort.perf.encoded --  --cso /dev/null
key=encoded, no.=84, <stderr>:
LENGTH=4000
elapsed cycles: 88185102
hi(checksum)=0xA58B38F10096EDEC
lo(checksum)=0x114EDA807B80C8CE
key=encoded, no.=84, <checksum>:
0xA58B38F10096EDEC114EDA807B80C8CE
key=encoded, no.=84, cso file:
/dev/null
----------------------------------------------
real command=cset shield -e /home/nrink/Projects/build/encode/encode/tests/quicksort/quicksort.perf.encoded --  --cso /dev/null
key=encoded, no.=85, <stderr>:
LENGTH=4000
elapsed cycles: 87384465
hi(checksum)=0xA58B38F10096EDEC
lo(checksum)=0x114EDA807B80C8CE
key=encoded, no.=85, <checksum>:
0xA58B38F10096EDEC114EDA807B80C8CE
key=encoded, no.=85, cso file:
/dev/null
----------------------------------------------
real command=cset shield -e /home/nrink/Projects/build/encode/encode/tests/quicksort/quicksort.perf.encoded --  --cso /dev/null
key=encoded, no.=86, <stderr>:
LENGTH=4000
elapsed cycles: 86749692
hi(checksum)=0xA58B38F10096EDEC
lo(checksum)=0x114EDA807B80C8CE
key=encoded, no.=86, <checksum>:
0xA58B38F10096EDEC114EDA807B80C8CE
key=encoded, no.=86, cso file:
/dev/null
----------------------------------------------
real command=cset shield -e /home/nrink/Projects/build/encode/encode/tests/quicksort/quicksort.perf.encoded --  --cso /dev/null
key=encoded, no.=87, <stderr>:
LENGTH=4000
elapsed cycles: 86694039
hi(checksum)=0xA58B38F10096EDEC
lo(checksum)=0x114EDA807B80C8CE
key=encoded, no.=87, <checksum>:
0xA58B38F10096EDEC114EDA807B80C8CE
key=encoded, no.=87, cso file:
/dev/null
----------------------------------------------
real command=cset shield -e /home/nrink/Projects/build/encode/encode/tests/quicksort/quicksort.perf.encoded --  --cso /dev/null
key=encoded, no.=88, <stderr>:
LENGTH=4000
elapsed cycles: 87003456
hi(checksum)=0xA58B38F10096EDEC
lo(checksum)=0x114EDA807B80C8CE
key=encoded, no.=88, <checksum>:
0xA58B38F10096EDEC114EDA807B80C8CE
key=encoded, no.=88, cso file:
/dev/null
----------------------------------------------
real command=cset shield -e /home/nrink/Projects/build/encode/encode/tests/quicksort/quicksort.perf.encoded --  --cso /dev/null
key=encoded, no.=89, <stderr>:
LENGTH=4000
elapsed cycles: 86980974
hi(checksum)=0xA58B38F10096EDEC
lo(checksum)=0x114EDA807B80C8CE
key=encoded, no.=89, <checksum>:
0xA58B38F10096EDEC114EDA807B80C8CE
key=encoded, no.=89, cso file:
/dev/null
----------------------------------------------
real command=cset shield -e /home/nrink/Projects/build/encode/encode/tests/quicksort/quicksort.perf.encoded --  --cso /dev/null
key=encoded, no.=90, <stderr>:
LENGTH=4000
elapsed cycles: 87257607
hi(checksum)=0xA58B38F10096EDEC
lo(checksum)=0x114EDA807B80C8CE
key=encoded, no.=90, <checksum>:
0xA58B38F10096EDEC114EDA807B80C8CE
key=encoded, no.=90, cso file:
/dev/null
----------------------------------------------
real command=cset shield -e /home/nrink/Projects/build/encode/encode/tests/quicksort/quicksort.perf.encoded --  --cso /dev/null
key=encoded, no.=91, <stderr>:
LENGTH=4000
elapsed cycles: 87131670
hi(checksum)=0xA58B38F10096EDEC
lo(checksum)=0x114EDA807B80C8CE
key=encoded, no.=91, <checksum>:
0xA58B38F10096EDEC114EDA807B80C8CE
key=encoded, no.=91, cso file:
/dev/null
----------------------------------------------
real command=cset shield -e /home/nrink/Projects/build/encode/encode/tests/quicksort/quicksort.perf.encoded --  --cso /dev/null
key=encoded, no.=92, <stderr>:
LENGTH=4000
elapsed cycles: 87167004
hi(checksum)=0xA58B38F10096EDEC
lo(checksum)=0x114EDA807B80C8CE
key=encoded, no.=92, <checksum>:
0xA58B38F10096EDEC114EDA807B80C8CE
key=encoded, no.=92, cso file:
/dev/null
----------------------------------------------
real command=cset shield -e /home/nrink/Projects/build/encode/encode/tests/quicksort/quicksort.perf.encoded --  --cso /dev/null
key=encoded, no.=93, <stderr>:
LENGTH=4000
elapsed cycles: 87047238
hi(checksum)=0xA58B38F10096EDEC
lo(checksum)=0x114EDA807B80C8CE
key=encoded, no.=93, <checksum>:
0xA58B38F10096EDEC114EDA807B80C8CE
key=encoded, no.=93, cso file:
/dev/null
----------------------------------------------
real command=cset shield -e /home/nrink/Projects/build/encode/encode/tests/quicksort/quicksort.perf.encoded --  --cso /dev/null
key=encoded, no.=94, <stderr>:
LENGTH=4000
elapsed cycles: 86928174
hi(checksum)=0xA58B38F10096EDEC
lo(checksum)=0x114EDA807B80C8CE
key=encoded, no.=94, <checksum>:
0xA58B38F10096EDEC114EDA807B80C8CE
key=encoded, no.=94, cso file:
/dev/null
----------------------------------------------
real command=cset shield -e /home/nrink/Projects/build/encode/encode/tests/quicksort/quicksort.perf.encoded --  --cso /dev/null
key=encoded, no.=95, <stderr>:
LENGTH=4000
elapsed cycles: 87176487
hi(checksum)=0xA58B38F10096EDEC
lo(checksum)=0x114EDA807B80C8CE
key=encoded, no.=95, <checksum>:
0xA58B38F10096EDEC114EDA807B80C8CE
key=encoded, no.=95, cso file:
/dev/null
----------------------------------------------
real command=cset shield -e /home/nrink/Projects/build/encode/encode/tests/quicksort/quicksort.perf.encoded --  --cso /dev/null
key=encoded, no.=96, <stderr>:
LENGTH=4000
elapsed cycles: 87147201
hi(checksum)=0xA58B38F10096EDEC
lo(checksum)=0x114EDA807B80C8CE
key=encoded, no.=96, <checksum>:
0xA58B38F10096EDEC114EDA807B80C8CE
key=encoded, no.=96, cso file:
/dev/null
----------------------------------------------
real command=cset shield -e /home/nrink/Projects/build/encode/encode/tests/quicksort/quicksort.perf.encoded --  --cso /dev/null
key=encoded, no.=97, <stderr>:
LENGTH=4000
elapsed cycles: 87191517
hi(checksum)=0xA58B38F10096EDEC
lo(checksum)=0x114EDA807B80C8CE
key=encoded, no.=97, <checksum>:
0xA58B38F10096EDEC114EDA807B80C8CE
key=encoded, no.=97, cso file:
/dev/null
----------------------------------------------
real command=cset shield -e /home/nrink/Projects/build/encode/encode/tests/quicksort/quicksort.perf.encoded --  --cso /dev/null
key=encoded, no.=98, <stderr>:
LENGTH=4000
elapsed cycles: 86956446
hi(checksum)=0xA58B38F10096EDEC
lo(checksum)=0x114EDA807B80C8CE
key=encoded, no.=98, <checksum>:
0xA58B38F10096EDEC114EDA807B80C8CE
key=encoded, no.=98, cso file:
/dev/null
----------------------------------------------
real command=cset shield -e /home/nrink/Projects/build/encode/encode/tests/quicksort/quicksort.perf.encoded --  --cso /dev/null
key=encoded, no.=99, <stderr>:
LENGTH=4000
elapsed cycles: 87086478
hi(checksum)=0xA58B38F10096EDEC
lo(checksum)=0x114EDA807B80C8CE
key=encoded, no.=99, <checksum>:
0xA58B38F10096EDEC114EDA807B80C8CE
key=encoded, no.=99, cso file:
/dev/null
----------------------------------------------
