<stderr> from running /home/nrink/Projects/pin-2.14-71313-gcc.4.4.7-linux/pin.sh -t /home/nrink/Projects/bfi/obj-intel64/bfi.so -trigger 163841 -cmd WADDR -seed 1 -mask 187 -- /home/nrink/Projects/build/encode/encode/tests/quicksort/quicksort.cover.plain --cso ./2015-05-05_16:42:18/quicksort/cover/cs/plain.3.cso --csl ./2015-05-05_16:42:18/quicksort/cover/cs/plain.3.csl:
[.:    0, IP = 0x400a88, i = 163841, wa = 0, ra = 0, rr = 0, wr = 0, it = 0, t = 0]
	access = write, size = 8, addr = 0x7fffffffe138, addr' = 0x7fffffffe183, op = 0
**********************
INSTR   = 163976
WADDR   = 0
RADDR   = 0
RREG    = 0
WREG    = 0
ITER    = 0
TRIGGER = 163841
TTYPE   = IN
COMMAND = WADDR
SEL     = -1
SEED    = 1
MASK    = 0xbb
THREAD  = 0
ELAPSED = 0.88s
Segmentation fault (core dumped)
----------------------------------------------------------------
