<stderr> from running /home/nrink/Projects/pin-2.14-71313-gcc.4.4.7-linux/pin.sh -t /home/nrink/Projects/bfi/obj-intel64/bfi.so -trigger 164443 -cmd RADDR -seed 1 -mask 170 -- /home/nrink/Projects/build/encode/encode/tests/quicksort/quicksort.cover.encoded --cso ./2015-05-05_16:42:18/quicksort/cover/cs/encoded.11.cso --csl ./2015-05-05_16:42:18/quicksort/cover/cs/encoded.11.csl:
[.:    0, IP = 0x401031, i = 164460, wa = 0, ra = 0, rr = 0, wr = 0, it = 0, t = 0]
	access = read, size = 8, addr = 0x7fffffffe028, addr' = 0x7fffffffe082, op = 0
elapsed cycles: 164091111
hi(checksum)=0x0000000000000000
lo(checksum)=0x00007CDAE2B040F7
**********************
INSTR   = 175911
WADDR   = 0
RADDR   = 0
RREG    = 0
WREG    = 0
ITER    = 0
TRIGGER = 164443
TTYPE   = IN
COMMAND = RADDR
SEL     = -1
SEED    = 1
MASK    = 0xaa
THREAD  = 0
ELAPSED = 2.13s
----------------------------------------------------------------
