<stderr> from running /home/nrink/Projects/pin-2.14-71313-gcc.4.4.7-linux/pin.sh -t /home/nrink/Projects/bfi/obj-intel64/bfi.so -trigger 164152 -cmd WREG -seed 1 -mask 63 -- /home/nrink/Projects/build/encode/encode/tests/quicksort/quicksort.cover.plain --cso ./2015-05-05_16:42:18/quicksort/cover/cs/plain.96.cso --csl ./2015-05-05_16:42:18/quicksort/cover/cs/plain.96.csl:
[.:    0, IP = 0x400b10, i = 164152, wa = 0, ra = 0, rr = 0, wr = 0, it = 0, t = 0]
	at ip 0x400b15, rcx = 0x6, rcx' = 0x39
elapsed cycles: 66193617
hi(checksum)=0x0000000000000000
lo(checksum)=0x00007CDAE2B151B2
**********************
INSTR   = 174392
WADDR   = 0
RADDR   = 0
RREG    = 0
WREG    = 0
ITER    = 0
TRIGGER = 164152
TTYPE   = IN
COMMAND = WREG
SEL     = -1
SEED    = 1
MASK    = 0x3f
THREAD  = 0
ELAPSED = 1.81s
----------------------------------------------------------------
