<stderr> from running /home/nrink/Projects/pin-2.14-71313-gcc.4.4.7-linux/pin.sh -t /home/nrink/Projects/bfi/obj-intel64/bfi.so -trigger 165540 -cmd TXT -seed 1 -mask 126 -- /home/nrink/Projects/build/encode/encode/tests/quicksort/quicksort.cover.encoded --cso ./2015-05-05_16:42:18/quicksort/cover/cs/encoded.90.cso --csl ./2015-05-05_16:42:18/quicksort/cover/cs/encoded.90.csl:
[.:    0, IP = 0x400b62, i = 165540, wa = 0, ra = 0, rr = 0, wr = 0, it = 0, t = 0]
	ip' = 0x400b68, size = 6, mask = 126, idx = 3, byte = 4, byte' = 122
elapsed cycles: 183105081
hi(checksum)=0x0000000000000000
lo(checksum)=0x00007CDAE2B040F7
**********************
INSTR   = 175912
WADDR   = 0
RADDR   = 0
RREG    = 0
WREG    = 0
ITER    = 0
TRIGGER = 165540
TTYPE   = IN
COMMAND = TXT
SEL     = -1
SEED    = 1
MASK    = 0x7e
THREAD  = 0
ELAPSED = 2.06s
----------------------------------------------------------------
