<stderr> from running /home/nrink/Projects/pin-2.14-71313-gcc.4.4.7-linux/pin.sh -t /home/nrink/Projects/bfi/obj-intel64/bfi.so -trigger 165551 -cmd WVAL -seed 1 -mask 128 -- /home/nrink/Projects/build/encode/encode/tests/quicksort/quicksort.cover.encoded --cso ./2015-05-05_16:42:18/quicksort/cover/cs/encoded.52.cso --csl ./2015-05-05_16:42:18/quicksort/cover/cs/encoded.52.csl:
[.:    0, IP = 0x4012f0, i = 165575, wa = 0, ra = 0, rr = 0, wr = 0, it = 0, t = 0]
	access = write, size = 8, value = 0, value' = 128, addr = 0x7fffffffe198, op = 0
elapsed cycles: 60480267
hi(checksum)=0x0000000000000000
lo(checksum)=0x00007CDAE2B040F7
**********************
INSTR   = 175894
WADDR   = 0
RADDR   = 0
RREG    = 0
WREG    = 0
ITER    = 0
TRIGGER = 165551
TTYPE   = IN
COMMAND = WVAL
SEL     = -1
SEED    = 1
MASK    = 0x80
THREAD  = 0
ELAPSED = 0.70s
----------------------------------------------------------------
