<stderr> from running /home/nrink/Projects/pin-2.14-71313-gcc.4.4.7-linux/pin.sh -t /home/nrink/Projects/bfi/obj-intel64/bfi.so -trigger 164440 -cmd RREG -seed 1 -mask 70 -- /home/nrink/Projects/build/encode/encode/tests/quicksort/quicksort.cover.encoded --cso ./2015-05-05_13:42:46/quicksort/cover/cs/encoded.19.cso --csl ./2015-05-05_13:42:46/quicksort/cover/cs/encoded.19.csl:
[.:    0, IP = 0x400b48, i = 164440, wa = 0, ra = 0, rr = 0, wr = 0, it = 0, t = 0]
	at ip 0x400b48, r13 = 0x2aaaaaaaaaaaaaab, r13' = 0x2aaaaaaaaaaaaaed
elapsed cycles: 5553501474
hi(checksum)=0x0000000000000000
lo(checksum)=0x00007CDAE2B040F7
**********************
INSTR   = 175920
WADDR   = 0
RADDR   = 0
RREG    = 0
WREG    = 0
ITER    = 0
TRIGGER = 164440
TTYPE   = IN
COMMAND = RREG
SEL     = -1
SEED    = 1
MASK    = 0x46
THREAD  = 0
ELAPSED = 32.41s
----------------------------------------------------------------
