<stderr> from running /home/nrink/Projects/pin-2.14-71313-gcc.4.4.7-linux/pin.sh -t /home/nrink/Projects/bfi/obj-intel64/bfi.so -trigger 165034 -cmd RREG -seed 1 -mask 193 -- /home/nrink/Projects/build/encode/encode/tests/quicksort/quicksort.cover.encoded --cso ./2015-05-05_13:42:46/quicksort/cover/cs/encoded.28.cso --csl ./2015-05-05_13:42:46/quicksort/cover/cs/encoded.28.csl:
[.:    0, IP = 0x401027, i = 165035, wa = 0, ra = 0, rr = 0, wr = 0, it = 0, t = 0]
	at ip 0x401027, rip = 0x401027, rip' = 0x4010e6
**********************
INSTR   = 165036
WADDR   = 0
RADDR   = 0
RREG    = 0
WREG    = 0
ITER    = 0
TRIGGER = 165034
TTYPE   = IN
COMMAND = RREG
SEL     = -1
SEED    = 1
MASK    = 0xc1
THREAD  = 0
ELAPSED = 14.55s
Segmentation fault (core dumped)
----------------------------------------------------------------
