<stderr> from running /home/nrink/Projects/pin-2.14-71313-gcc.4.4.7-linux/pin.sh -t /home/nrink/Projects/bfi/obj-intel64/bfi.so -trigger 164081 -cmd RREG -seed 1 -mask 130 -- /home/nrink/Projects/build/encode/encode/tests/quicksort/quicksort.cover.plain --cso ./2015-05-05_13:42:46/quicksort/cover/cs/plain.71.cso --csl ./2015-05-05_13:42:46/quicksort/cover/cs/plain.71.csl:
[.:    0, IP = 0x400acf, i = 164081, wa = 0, ra = 0, rr = 0, wr = 0, it = 0, t = 0]
	at ip 0x400acf, r15 = 0x6020c0, r15' = 0x602042
elapsed cycles: 1149868878
hi(checksum)=0x0000000000000000
lo(checksum)=0x00007CDAE2B02128
**********************
INSTR   = 174431
WADDR   = 0
RADDR   = 0
RREG    = 0
WREG    = 0
ITER    = 0
TRIGGER = 164081
TTYPE   = IN
COMMAND = RREG
SEL     = -1
SEED    = 1
MASK    = 0x82
THREAD  = 0
ELAPSED = 19.21s
----------------------------------------------------------------
