<stderr> from running /home/nrink/Projects/pin-2.14-71313-gcc.4.4.7-linux/pin.sh -t /home/nrink/Projects/bfi/obj-intel64/bfi.so -trigger 163617 -cmd RADDR -seed 1 -mask 37 -- /home/nrink/Projects/build/encode/encode/tests/ptrarith/ptrarith.cover.plain --cso ./2015-05-05_11:40:48/ptrarith/cover/cs/plain.68.cso --csl ./2015-05-05_11:40:48/ptrarith/cover/cs/plain.68.csl:
[.:    0, IP = 0x400aa0, i = 163622, wa = 0, ra = 0, rr = 0, wr = 0, it = 0, t = 0]
	access = read, size = 8, addr = 0x603190, addr' = 0x6031b5, op = 0
elapsed cycles: 85929357
hi(checksum)=0xBF329AE2D44AB867
lo(checksum)=0x4169E17E4619566A
**********************
INSTR   = 177509
WADDR   = 0
RADDR   = 0
RREG    = 0
WREG    = 0
ITER    = 0
TRIGGER = 163617
TTYPE   = IN
COMMAND = RADDR
SEL     = -1
SEED    = 1
MASK    = 0x25
THREAD  = 0
ELAPSED = 7.21s
----------------------------------------------------------------
