key=plain, runs=100 ...
command=/home/nrink/Projects/build/encode/encode/tests/array_sum/array_sum.perf.plain
----------------------------------------------
real command=cset shield -e /home/nrink/Projects/build/encode/encode/tests/array_sum/array_sum.perf.plain --  --cso /dev/null
key=plain, no.=0, <stderr>:
LENGTH=4000
elapsed cycles: 826650
hi(checksum)=0x56C8B46832959204
lo(checksum)=0x4FEFFAEE68B57F00
key=plain, no.=0, <checksum>:
0x56C8B468329592044FEFFAEE68B57F00
key=plain, no.=0, cso file:
/dev/null
----------------------------------------------
real command=cset shield -e /home/nrink/Projects/build/encode/encode/tests/array_sum/array_sum.perf.plain --  --cso /dev/null
key=plain, no.=1, <stderr>:
LENGTH=4000
elapsed cycles: 827799
hi(checksum)=0x56C8B46832959204
lo(checksum)=0x4FEFFAEE68B57F00
key=plain, no.=1, <checksum>:
0x56C8B468329592044FEFFAEE68B57F00
key=plain, no.=1, cso file:
/dev/null
----------------------------------------------
real command=cset shield -e /home/nrink/Projects/build/encode/encode/tests/array_sum/array_sum.perf.plain --  --cso /dev/null
key=plain, no.=2, <stderr>:
LENGTH=4000
elapsed cycles: 793212
hi(checksum)=0x56C8B46832959204
lo(checksum)=0x4FEFFAEE68B57F00
key=plain, no.=2, <checksum>:
0x56C8B468329592044FEFFAEE68B57F00
key=plain, no.=2, cso file:
/dev/null
----------------------------------------------
real command=cset shield -e /home/nrink/Projects/build/encode/encode/tests/array_sum/array_sum.perf.plain --  --cso /dev/null
key=plain, no.=3, <stderr>:
LENGTH=4000
elapsed cycles: 826404
hi(checksum)=0x56C8B46832959204
lo(checksum)=0x4FEFFAEE68B57F00
key=plain, no.=3, <checksum>:
0x56C8B468329592044FEFFAEE68B57F00
key=plain, no.=3, cso file:
/dev/null
----------------------------------------------
real command=cset shield -e /home/nrink/Projects/build/encode/encode/tests/array_sum/array_sum.perf.plain --  --cso /dev/null
key=plain, no.=4, <stderr>:
LENGTH=4000
elapsed cycles: 826149
hi(checksum)=0x56C8B46832959204
lo(checksum)=0x4FEFFAEE68B57F00
key=plain, no.=4, <checksum>:
0x56C8B468329592044FEFFAEE68B57F00
key=plain, no.=4, cso file:
/dev/null
----------------------------------------------
real command=cset shield -e /home/nrink/Projects/build/encode/encode/tests/array_sum/array_sum.perf.plain --  --cso /dev/null
key=plain, no.=5, <stderr>:
LENGTH=4000
elapsed cycles: 793284
hi(checksum)=0x56C8B46832959204
lo(checksum)=0x4FEFFAEE68B57F00
key=plain, no.=5, <checksum>:
0x56C8B468329592044FEFFAEE68B57F00
key=plain, no.=5, cso file:
/dev/null
----------------------------------------------
real command=cset shield -e /home/nrink/Projects/build/encode/encode/tests/array_sum/array_sum.perf.plain --  --cso /dev/null
key=plain, no.=6, <stderr>:
LENGTH=4000
elapsed cycles: 793302
hi(checksum)=0x56C8B46832959204
lo(checksum)=0x4FEFFAEE68B57F00
key=plain, no.=6, <checksum>:
0x56C8B468329592044FEFFAEE68B57F00
key=plain, no.=6, cso file:
/dev/null
----------------------------------------------
real command=cset shield -e /home/nrink/Projects/build/encode/encode/tests/array_sum/array_sum.perf.plain --  --cso /dev/null
key=plain, no.=7, <stderr>:
LENGTH=4000
elapsed cycles: 792939
hi(checksum)=0x56C8B46832959204
lo(checksum)=0x4FEFFAEE68B57F00
key=plain, no.=7, <checksum>:
0x56C8B468329592044FEFFAEE68B57F00
key=plain, no.=7, cso file:
/dev/null
----------------------------------------------
real command=cset shield -e /home/nrink/Projects/build/encode/encode/tests/array_sum/array_sum.perf.plain --  --cso /dev/null
key=plain, no.=8, <stderr>:
LENGTH=4000
elapsed cycles: 905199
hi(checksum)=0x56C8B46832959204
lo(checksum)=0x4FEFFAEE68B57F00
key=plain, no.=8, <checksum>:
0x56C8B468329592044FEFFAEE68B57F00
key=plain, no.=8, cso file:
/dev/null
----------------------------------------------
real command=cset shield -e /home/nrink/Projects/build/encode/encode/tests/array_sum/array_sum.perf.plain --  --cso /dev/null
key=plain, no.=9, <stderr>:
LENGTH=4000
elapsed cycles: 793434
hi(checksum)=0x56C8B46832959204
lo(checksum)=0x4FEFFAEE68B57F00
key=plain, no.=9, <checksum>:
0x56C8B468329592044FEFFAEE68B57F00
key=plain, no.=9, cso file:
/dev/null
----------------------------------------------
real command=cset shield -e /home/nrink/Projects/build/encode/encode/tests/array_sum/array_sum.perf.plain --  --cso /dev/null
key=plain, no.=10, <stderr>:
LENGTH=4000
elapsed cycles: 792972
hi(checksum)=0x56C8B46832959204
lo(checksum)=0x4FEFFAEE68B57F00
key=plain, no.=10, <checksum>:
0x56C8B468329592044FEFFAEE68B57F00
key=plain, no.=10, cso file:
/dev/null
----------------------------------------------
real command=cset shield -e /home/nrink/Projects/build/encode/encode/tests/array_sum/array_sum.perf.plain --  --cso /dev/null
key=plain, no.=11, <stderr>:
LENGTH=4000
elapsed cycles: 826158
hi(checksum)=0x56C8B46832959204
lo(checksum)=0x4FEFFAEE68B57F00
key=plain, no.=11, <checksum>:
0x56C8B468329592044FEFFAEE68B57F00
key=plain, no.=11, cso file:
/dev/null
----------------------------------------------
real command=cset shield -e /home/nrink/Projects/build/encode/encode/tests/array_sum/array_sum.perf.plain --  --cso /dev/null
key=plain, no.=12, <stderr>:
LENGTH=4000
elapsed cycles: 793071
hi(checksum)=0x56C8B46832959204
lo(checksum)=0x4FEFFAEE68B57F00
key=plain, no.=12, <checksum>:
0x56C8B468329592044FEFFAEE68B57F00
key=plain, no.=12, cso file:
/dev/null
----------------------------------------------
real command=cset shield -e /home/nrink/Projects/build/encode/encode/tests/array_sum/array_sum.perf.plain --  --cso /dev/null
key=plain, no.=13, <stderr>:
LENGTH=4000
elapsed cycles: 825918
hi(checksum)=0x56C8B46832959204
lo(checksum)=0x4FEFFAEE68B57F00
key=plain, no.=13, <checksum>:
0x56C8B468329592044FEFFAEE68B57F00
key=plain, no.=13, cso file:
/dev/null
----------------------------------------------
real command=cset shield -e /home/nrink/Projects/build/encode/encode/tests/array_sum/array_sum.perf.plain --  --cso /dev/null
key=plain, no.=14, <stderr>:
LENGTH=4000
elapsed cycles: 826131
hi(checksum)=0x56C8B46832959204
lo(checksum)=0x4FEFFAEE68B57F00
key=plain, no.=14, <checksum>:
0x56C8B468329592044FEFFAEE68B57F00
key=plain, no.=14, cso file:
/dev/null
----------------------------------------------
real command=cset shield -e /home/nrink/Projects/build/encode/encode/tests/array_sum/array_sum.perf.plain --  --cso /dev/null
key=plain, no.=15, <stderr>:
LENGTH=4000
elapsed cycles: 793122
hi(checksum)=0x56C8B46832959204
lo(checksum)=0x4FEFFAEE68B57F00
key=plain, no.=15, <checksum>:
0x56C8B468329592044FEFFAEE68B57F00
key=plain, no.=15, cso file:
/dev/null
----------------------------------------------
real command=cset shield -e /home/nrink/Projects/build/encode/encode/tests/array_sum/array_sum.perf.plain --  --cso /dev/null
key=plain, no.=16, <stderr>:
LENGTH=4000
elapsed cycles: 793503
hi(checksum)=0x56C8B46832959204
lo(checksum)=0x4FEFFAEE68B57F00
key=plain, no.=16, <checksum>:
0x56C8B468329592044FEFFAEE68B57F00
key=plain, no.=16, cso file:
/dev/null
----------------------------------------------
real command=cset shield -e /home/nrink/Projects/build/encode/encode/tests/array_sum/array_sum.perf.plain --  --cso /dev/null
key=plain, no.=17, <stderr>:
LENGTH=4000
elapsed cycles: 793989
hi(checksum)=0x56C8B46832959204
lo(checksum)=0x4FEFFAEE68B57F00
key=plain, no.=17, <checksum>:
0x56C8B468329592044FEFFAEE68B57F00
key=plain, no.=17, cso file:
/dev/null
----------------------------------------------
real command=cset shield -e /home/nrink/Projects/build/encode/encode/tests/array_sum/array_sum.perf.plain --  --cso /dev/null
key=plain, no.=18, <stderr>:
LENGTH=4000
elapsed cycles: 795696
hi(checksum)=0x56C8B46832959204
lo(checksum)=0x4FEFFAEE68B57F00
key=plain, no.=18, <checksum>:
0x56C8B468329592044FEFFAEE68B57F00
key=plain, no.=18, cso file:
/dev/null
----------------------------------------------
real command=cset shield -e /home/nrink/Projects/build/encode/encode/tests/array_sum/array_sum.perf.plain --  --cso /dev/null
key=plain, no.=19, <stderr>:
LENGTH=4000
elapsed cycles: 793164
hi(checksum)=0x56C8B46832959204
lo(checksum)=0x4FEFFAEE68B57F00
key=plain, no.=19, <checksum>:
0x56C8B468329592044FEFFAEE68B57F00
key=plain, no.=19, cso file:
/dev/null
----------------------------------------------
real command=cset shield -e /home/nrink/Projects/build/encode/encode/tests/array_sum/array_sum.perf.plain --  --cso /dev/null
key=plain, no.=20, <stderr>:
LENGTH=4000
elapsed cycles: 912342
hi(checksum)=0x56C8B46832959204
lo(checksum)=0x4FEFFAEE68B57F00
key=plain, no.=20, <checksum>:
0x56C8B468329592044FEFFAEE68B57F00
key=plain, no.=20, cso file:
/dev/null
----------------------------------------------
real command=cset shield -e /home/nrink/Projects/build/encode/encode/tests/array_sum/array_sum.perf.plain --  --cso /dev/null
key=plain, no.=21, <stderr>:
LENGTH=4000
elapsed cycles: 826416
hi(checksum)=0x56C8B46832959204
lo(checksum)=0x4FEFFAEE68B57F00
key=plain, no.=21, <checksum>:
0x56C8B468329592044FEFFAEE68B57F00
key=plain, no.=21, cso file:
/dev/null
----------------------------------------------
real command=cset shield -e /home/nrink/Projects/build/encode/encode/tests/array_sum/array_sum.perf.plain --  --cso /dev/null
key=plain, no.=22, <stderr>:
LENGTH=4000
elapsed cycles: 825630
hi(checksum)=0x56C8B46832959204
lo(checksum)=0x4FEFFAEE68B57F00
key=plain, no.=22, <checksum>:
0x56C8B468329592044FEFFAEE68B57F00
key=plain, no.=22, cso file:
/dev/null
----------------------------------------------
real command=cset shield -e /home/nrink/Projects/build/encode/encode/tests/array_sum/array_sum.perf.plain --  --cso /dev/null
key=plain, no.=23, <stderr>:
LENGTH=4000
elapsed cycles: 826938
hi(checksum)=0x56C8B46832959204
lo(checksum)=0x4FEFFAEE68B57F00
key=plain, no.=23, <checksum>:
0x56C8B468329592044FEFFAEE68B57F00
key=plain, no.=23, cso file:
/dev/null
----------------------------------------------
real command=cset shield -e /home/nrink/Projects/build/encode/encode/tests/array_sum/array_sum.perf.plain --  --cso /dev/null
key=plain, no.=24, <stderr>:
LENGTH=4000
elapsed cycles: 793245
hi(checksum)=0x56C8B46832959204
lo(checksum)=0x4FEFFAEE68B57F00
key=plain, no.=24, <checksum>:
0x56C8B468329592044FEFFAEE68B57F00
key=plain, no.=24, cso file:
/dev/null
----------------------------------------------
real command=cset shield -e /home/nrink/Projects/build/encode/encode/tests/array_sum/array_sum.perf.plain --  --cso /dev/null
key=plain, no.=25, <stderr>:
LENGTH=4000
elapsed cycles: 826188
hi(checksum)=0x56C8B46832959204
lo(checksum)=0x4FEFFAEE68B57F00
key=plain, no.=25, <checksum>:
0x56C8B468329592044FEFFAEE68B57F00
key=plain, no.=25, cso file:
/dev/null
----------------------------------------------
real command=cset shield -e /home/nrink/Projects/build/encode/encode/tests/array_sum/array_sum.perf.plain --  --cso /dev/null
key=plain, no.=26, <stderr>:
LENGTH=4000
elapsed cycles: 793845
hi(checksum)=0x56C8B46832959204
lo(checksum)=0x4FEFFAEE68B57F00
key=plain, no.=26, <checksum>:
0x56C8B468329592044FEFFAEE68B57F00
key=plain, no.=26, cso file:
/dev/null
----------------------------------------------
real command=cset shield -e /home/nrink/Projects/build/encode/encode/tests/array_sum/array_sum.perf.plain --  --cso /dev/null
key=plain, no.=27, <stderr>:
LENGTH=4000
elapsed cycles: 817794
hi(checksum)=0x56C8B46832959204
lo(checksum)=0x4FEFFAEE68B57F00
key=plain, no.=27, <checksum>:
0x56C8B468329592044FEFFAEE68B57F00
key=plain, no.=27, cso file:
/dev/null
----------------------------------------------
real command=cset shield -e /home/nrink/Projects/build/encode/encode/tests/array_sum/array_sum.perf.plain --  --cso /dev/null
key=plain, no.=28, <stderr>:
LENGTH=4000
elapsed cycles: 793434
hi(checksum)=0x56C8B46832959204
lo(checksum)=0x4FEFFAEE68B57F00
key=plain, no.=28, <checksum>:
0x56C8B468329592044FEFFAEE68B57F00
key=plain, no.=28, cso file:
/dev/null
----------------------------------------------
real command=cset shield -e /home/nrink/Projects/build/encode/encode/tests/array_sum/array_sum.perf.plain --  --cso /dev/null
key=plain, no.=29, <stderr>:
LENGTH=4000
elapsed cycles: 793323
hi(checksum)=0x56C8B46832959204
lo(checksum)=0x4FEFFAEE68B57F00
key=plain, no.=29, <checksum>:
0x56C8B468329592044FEFFAEE68B57F00
key=plain, no.=29, cso file:
/dev/null
----------------------------------------------
real command=cset shield -e /home/nrink/Projects/build/encode/encode/tests/array_sum/array_sum.perf.plain --  --cso /dev/null
key=plain, no.=30, <stderr>:
LENGTH=4000
elapsed cycles: 921591
hi(checksum)=0x56C8B46832959204
lo(checksum)=0x4FEFFAEE68B57F00
key=plain, no.=30, <checksum>:
0x56C8B468329592044FEFFAEE68B57F00
key=plain, no.=30, cso file:
/dev/null
----------------------------------------------
real command=cset shield -e /home/nrink/Projects/build/encode/encode/tests/array_sum/array_sum.perf.plain --  --cso /dev/null
key=plain, no.=31, <stderr>:
LENGTH=4000
elapsed cycles: 826596
hi(checksum)=0x56C8B46832959204
lo(checksum)=0x4FEFFAEE68B57F00
key=plain, no.=31, <checksum>:
0x56C8B468329592044FEFFAEE68B57F00
key=plain, no.=31, cso file:
/dev/null
----------------------------------------------
real command=cset shield -e /home/nrink/Projects/build/encode/encode/tests/array_sum/array_sum.perf.plain --  --cso /dev/null
key=plain, no.=32, <stderr>:
LENGTH=4000
elapsed cycles: 793173
hi(checksum)=0x56C8B46832959204
lo(checksum)=0x4FEFFAEE68B57F00
key=plain, no.=32, <checksum>:
0x56C8B468329592044FEFFAEE68B57F00
key=plain, no.=32, cso file:
/dev/null
----------------------------------------------
real command=cset shield -e /home/nrink/Projects/build/encode/encode/tests/array_sum/array_sum.perf.plain --  --cso /dev/null
key=plain, no.=33, <stderr>:
LENGTH=4000
elapsed cycles: 826572
hi(checksum)=0x56C8B46832959204
lo(checksum)=0x4FEFFAEE68B57F00
key=plain, no.=33, <checksum>:
0x56C8B468329592044FEFFAEE68B57F00
key=plain, no.=33, cso file:
/dev/null
----------------------------------------------
real command=cset shield -e /home/nrink/Projects/build/encode/encode/tests/array_sum/array_sum.perf.plain --  --cso /dev/null
key=plain, no.=34, <stderr>:
LENGTH=4000
elapsed cycles: 829368
hi(checksum)=0x56C8B46832959204
lo(checksum)=0x4FEFFAEE68B57F00
key=plain, no.=34, <checksum>:
0x56C8B468329592044FEFFAEE68B57F00
key=plain, no.=34, cso file:
/dev/null
----------------------------------------------
real command=cset shield -e /home/nrink/Projects/build/encode/encode/tests/array_sum/array_sum.perf.plain --  --cso /dev/null
key=plain, no.=35, <stderr>:
LENGTH=4000
elapsed cycles: 793776
hi(checksum)=0x56C8B46832959204
lo(checksum)=0x4FEFFAEE68B57F00
key=plain, no.=35, <checksum>:
0x56C8B468329592044FEFFAEE68B57F00
key=plain, no.=35, cso file:
/dev/null
----------------------------------------------
real command=cset shield -e /home/nrink/Projects/build/encode/encode/tests/array_sum/array_sum.perf.plain --  --cso /dev/null
key=plain, no.=36, <stderr>:
LENGTH=4000
elapsed cycles: 793707
hi(checksum)=0x56C8B46832959204
lo(checksum)=0x4FEFFAEE68B57F00
key=plain, no.=36, <checksum>:
0x56C8B468329592044FEFFAEE68B57F00
key=plain, no.=36, cso file:
/dev/null
----------------------------------------------
real command=cset shield -e /home/nrink/Projects/build/encode/encode/tests/array_sum/array_sum.perf.plain --  --cso /dev/null
key=plain, no.=37, <stderr>:
LENGTH=4000
elapsed cycles: 793500
hi(checksum)=0x56C8B46832959204
lo(checksum)=0x4FEFFAEE68B57F00
key=plain, no.=37, <checksum>:
0x56C8B468329592044FEFFAEE68B57F00
key=plain, no.=37, cso file:
/dev/null
----------------------------------------------
real command=cset shield -e /home/nrink/Projects/build/encode/encode/tests/array_sum/array_sum.perf.plain --  --cso /dev/null
key=plain, no.=38, <stderr>:
LENGTH=4000
elapsed cycles: 797181
hi(checksum)=0x56C8B46832959204
lo(checksum)=0x4FEFFAEE68B57F00
key=plain, no.=38, <checksum>:
0x56C8B468329592044FEFFAEE68B57F00
key=plain, no.=38, cso file:
/dev/null
----------------------------------------------
real command=cset shield -e /home/nrink/Projects/build/encode/encode/tests/array_sum/array_sum.perf.plain --  --cso /dev/null
key=plain, no.=39, <stderr>:
LENGTH=4000
elapsed cycles: 793509
hi(checksum)=0x56C8B46832959204
lo(checksum)=0x4FEFFAEE68B57F00
key=plain, no.=39, <checksum>:
0x56C8B468329592044FEFFAEE68B57F00
key=plain, no.=39, cso file:
/dev/null
----------------------------------------------
real command=cset shield -e /home/nrink/Projects/build/encode/encode/tests/array_sum/array_sum.perf.plain --  --cso /dev/null
key=plain, no.=40, <stderr>:
LENGTH=4000
elapsed cycles: 793878
hi(checksum)=0x56C8B46832959204
lo(checksum)=0x4FEFFAEE68B57F00
key=plain, no.=40, <checksum>:
0x56C8B468329592044FEFFAEE68B57F00
key=plain, no.=40, cso file:
/dev/null
----------------------------------------------
real command=cset shield -e /home/nrink/Projects/build/encode/encode/tests/array_sum/array_sum.perf.plain --  --cso /dev/null
key=plain, no.=41, <stderr>:
LENGTH=4000
elapsed cycles: 793242
hi(checksum)=0x56C8B46832959204
lo(checksum)=0x4FEFFAEE68B57F00
key=plain, no.=41, <checksum>:
0x56C8B468329592044FEFFAEE68B57F00
key=plain, no.=41, cso file:
/dev/null
----------------------------------------------
real command=cset shield -e /home/nrink/Projects/build/encode/encode/tests/array_sum/array_sum.perf.plain --  --cso /dev/null
key=plain, no.=42, <stderr>:
LENGTH=4000
elapsed cycles: 828360
hi(checksum)=0x56C8B46832959204
lo(checksum)=0x4FEFFAEE68B57F00
key=plain, no.=42, <checksum>:
0x56C8B468329592044FEFFAEE68B57F00
key=plain, no.=42, cso file:
/dev/null
----------------------------------------------
real command=cset shield -e /home/nrink/Projects/build/encode/encode/tests/array_sum/array_sum.perf.plain --  --cso /dev/null
key=plain, no.=43, <stderr>:
LENGTH=4000
elapsed cycles: 793890
hi(checksum)=0x56C8B46832959204
lo(checksum)=0x4FEFFAEE68B57F00
key=plain, no.=43, <checksum>:
0x56C8B468329592044FEFFAEE68B57F00
key=plain, no.=43, cso file:
/dev/null
----------------------------------------------
real command=cset shield -e /home/nrink/Projects/build/encode/encode/tests/array_sum/array_sum.perf.plain --  --cso /dev/null
key=plain, no.=44, <stderr>:
LENGTH=4000
elapsed cycles: 793305
hi(checksum)=0x56C8B46832959204
lo(checksum)=0x4FEFFAEE68B57F00
key=plain, no.=44, <checksum>:
0x56C8B468329592044FEFFAEE68B57F00
key=plain, no.=44, cso file:
/dev/null
----------------------------------------------
real command=cset shield -e /home/nrink/Projects/build/encode/encode/tests/array_sum/array_sum.perf.plain --  --cso /dev/null
key=plain, no.=45, <stderr>:
LENGTH=4000
elapsed cycles: 826320
hi(checksum)=0x56C8B46832959204
lo(checksum)=0x4FEFFAEE68B57F00
key=plain, no.=45, <checksum>:
0x56C8B468329592044FEFFAEE68B57F00
key=plain, no.=45, cso file:
/dev/null
----------------------------------------------
real command=cset shield -e /home/nrink/Projects/build/encode/encode/tests/array_sum/array_sum.perf.plain --  --cso /dev/null
key=plain, no.=46, <stderr>:
LENGTH=4000
elapsed cycles: 827892
hi(checksum)=0x56C8B46832959204
lo(checksum)=0x4FEFFAEE68B57F00
key=plain, no.=46, <checksum>:
0x56C8B468329592044FEFFAEE68B57F00
key=plain, no.=46, cso file:
/dev/null
----------------------------------------------
real command=cset shield -e /home/nrink/Projects/build/encode/encode/tests/array_sum/array_sum.perf.plain --  --cso /dev/null
key=plain, no.=47, <stderr>:
LENGTH=4000
elapsed cycles: 792813
hi(checksum)=0x56C8B46832959204
lo(checksum)=0x4FEFFAEE68B57F00
key=plain, no.=47, <checksum>:
0x56C8B468329592044FEFFAEE68B57F00
key=plain, no.=47, cso file:
/dev/null
----------------------------------------------
real command=cset shield -e /home/nrink/Projects/build/encode/encode/tests/array_sum/array_sum.perf.plain --  --cso /dev/null
key=plain, no.=48, <stderr>:
LENGTH=4000
elapsed cycles: 793722
hi(checksum)=0x56C8B46832959204
lo(checksum)=0x4FEFFAEE68B57F00
key=plain, no.=48, <checksum>:
0x56C8B468329592044FEFFAEE68B57F00
key=plain, no.=48, cso file:
/dev/null
----------------------------------------------
real command=cset shield -e /home/nrink/Projects/build/encode/encode/tests/array_sum/array_sum.perf.plain --  --cso /dev/null
key=plain, no.=49, <stderr>:
LENGTH=4000
elapsed cycles: 828252
hi(checksum)=0x56C8B46832959204
lo(checksum)=0x4FEFFAEE68B57F00
key=plain, no.=49, <checksum>:
0x56C8B468329592044FEFFAEE68B57F00
key=plain, no.=49, cso file:
/dev/null
----------------------------------------------
real command=cset shield -e /home/nrink/Projects/build/encode/encode/tests/array_sum/array_sum.perf.plain --  --cso /dev/null
key=plain, no.=50, <stderr>:
LENGTH=4000
elapsed cycles: 810333
hi(checksum)=0x56C8B46832959204
lo(checksum)=0x4FEFFAEE68B57F00
key=plain, no.=50, <checksum>:
0x56C8B468329592044FEFFAEE68B57F00
key=plain, no.=50, cso file:
/dev/null
----------------------------------------------
real command=cset shield -e /home/nrink/Projects/build/encode/encode/tests/array_sum/array_sum.perf.plain --  --cso /dev/null
key=plain, no.=51, <stderr>:
LENGTH=4000
elapsed cycles: 805215
hi(checksum)=0x56C8B46832959204
lo(checksum)=0x4FEFFAEE68B57F00
key=plain, no.=51, <checksum>:
0x56C8B468329592044FEFFAEE68B57F00
key=plain, no.=51, cso file:
/dev/null
----------------------------------------------
real command=cset shield -e /home/nrink/Projects/build/encode/encode/tests/array_sum/array_sum.perf.plain --  --cso /dev/null
key=plain, no.=52, <stderr>:
LENGTH=4000
elapsed cycles: 817947
hi(checksum)=0x56C8B46832959204
lo(checksum)=0x4FEFFAEE68B57F00
key=plain, no.=52, <checksum>:
0x56C8B468329592044FEFFAEE68B57F00
key=plain, no.=52, cso file:
/dev/null
----------------------------------------------
real command=cset shield -e /home/nrink/Projects/build/encode/encode/tests/array_sum/array_sum.perf.plain --  --cso /dev/null
key=plain, no.=53, <stderr>:
LENGTH=4000
elapsed cycles: 812808
hi(checksum)=0x56C8B46832959204
lo(checksum)=0x4FEFFAEE68B57F00
key=plain, no.=53, <checksum>:
0x56C8B468329592044FEFFAEE68B57F00
key=plain, no.=53, cso file:
/dev/null
----------------------------------------------
real command=cset shield -e /home/nrink/Projects/build/encode/encode/tests/array_sum/array_sum.perf.plain --  --cso /dev/null
key=plain, no.=54, <stderr>:
LENGTH=4000
elapsed cycles: 793245
hi(checksum)=0x56C8B46832959204
lo(checksum)=0x4FEFFAEE68B57F00
key=plain, no.=54, <checksum>:
0x56C8B468329592044FEFFAEE68B57F00
key=plain, no.=54, cso file:
/dev/null
----------------------------------------------
real command=cset shield -e /home/nrink/Projects/build/encode/encode/tests/array_sum/array_sum.perf.plain --  --cso /dev/null
key=plain, no.=55, <stderr>:
LENGTH=4000
elapsed cycles: 827733
hi(checksum)=0x56C8B46832959204
lo(checksum)=0x4FEFFAEE68B57F00
key=plain, no.=55, <checksum>:
0x56C8B468329592044FEFFAEE68B57F00
key=plain, no.=55, cso file:
/dev/null
----------------------------------------------
real command=cset shield -e /home/nrink/Projects/build/encode/encode/tests/array_sum/array_sum.perf.plain --  --cso /dev/null
key=plain, no.=56, <stderr>:
LENGTH=4000
elapsed cycles: 826974
hi(checksum)=0x56C8B46832959204
lo(checksum)=0x4FEFFAEE68B57F00
key=plain, no.=56, <checksum>:
0x56C8B468329592044FEFFAEE68B57F00
key=plain, no.=56, cso file:
/dev/null
----------------------------------------------
real command=cset shield -e /home/nrink/Projects/build/encode/encode/tests/array_sum/array_sum.perf.plain --  --cso /dev/null
key=plain, no.=57, <stderr>:
LENGTH=4000
elapsed cycles: 825984
hi(checksum)=0x56C8B46832959204
lo(checksum)=0x4FEFFAEE68B57F00
key=plain, no.=57, <checksum>:
0x56C8B468329592044FEFFAEE68B57F00
key=plain, no.=57, cso file:
/dev/null
----------------------------------------------
real command=cset shield -e /home/nrink/Projects/build/encode/encode/tests/array_sum/array_sum.perf.plain --  --cso /dev/null
key=plain, no.=58, <stderr>:
LENGTH=4000
elapsed cycles: 793821
hi(checksum)=0x56C8B46832959204
lo(checksum)=0x4FEFFAEE68B57F00
key=plain, no.=58, <checksum>:
0x56C8B468329592044FEFFAEE68B57F00
key=plain, no.=58, cso file:
/dev/null
----------------------------------------------
real command=cset shield -e /home/nrink/Projects/build/encode/encode/tests/array_sum/array_sum.perf.plain --  --cso /dev/null
key=plain, no.=59, <stderr>:
LENGTH=4000
elapsed cycles: 793896
hi(checksum)=0x56C8B46832959204
lo(checksum)=0x4FEFFAEE68B57F00
key=plain, no.=59, <checksum>:
0x56C8B468329592044FEFFAEE68B57F00
key=plain, no.=59, cso file:
/dev/null
----------------------------------------------
real command=cset shield -e /home/nrink/Projects/build/encode/encode/tests/array_sum/array_sum.perf.plain --  --cso /dev/null
key=plain, no.=60, <stderr>:
LENGTH=4000
elapsed cycles: 794880
hi(checksum)=0x56C8B46832959204
lo(checksum)=0x4FEFFAEE68B57F00
key=plain, no.=60, <checksum>:
0x56C8B468329592044FEFFAEE68B57F00
key=plain, no.=60, cso file:
/dev/null
----------------------------------------------
real command=cset shield -e /home/nrink/Projects/build/encode/encode/tests/array_sum/array_sum.perf.plain --  --cso /dev/null
key=plain, no.=61, <stderr>:
LENGTH=4000
elapsed cycles: 793779
hi(checksum)=0x56C8B46832959204
lo(checksum)=0x4FEFFAEE68B57F00
key=plain, no.=61, <checksum>:
0x56C8B468329592044FEFFAEE68B57F00
key=plain, no.=61, cso file:
/dev/null
----------------------------------------------
real command=cset shield -e /home/nrink/Projects/build/encode/encode/tests/array_sum/array_sum.perf.plain --  --cso /dev/null
key=plain, no.=62, <stderr>:
LENGTH=4000
elapsed cycles: 793017
hi(checksum)=0x56C8B46832959204
lo(checksum)=0x4FEFFAEE68B57F00
key=plain, no.=62, <checksum>:
0x56C8B468329592044FEFFAEE68B57F00
key=plain, no.=62, cso file:
/dev/null
----------------------------------------------
real command=cset shield -e /home/nrink/Projects/build/encode/encode/tests/array_sum/array_sum.perf.plain --  --cso /dev/null
key=plain, no.=63, <stderr>:
LENGTH=4000
elapsed cycles: 827304
hi(checksum)=0x56C8B46832959204
lo(checksum)=0x4FEFFAEE68B57F00
key=plain, no.=63, <checksum>:
0x56C8B468329592044FEFFAEE68B57F00
key=plain, no.=63, cso file:
/dev/null
----------------------------------------------
real command=cset shield -e /home/nrink/Projects/build/encode/encode/tests/array_sum/array_sum.perf.plain --  --cso /dev/null
key=plain, no.=64, <stderr>:
LENGTH=4000
elapsed cycles: 793089
hi(checksum)=0x56C8B46832959204
lo(checksum)=0x4FEFFAEE68B57F00
key=plain, no.=64, <checksum>:
0x56C8B468329592044FEFFAEE68B57F00
key=plain, no.=64, cso file:
/dev/null
----------------------------------------------
real command=cset shield -e /home/nrink/Projects/build/encode/encode/tests/array_sum/array_sum.perf.plain --  --cso /dev/null
key=plain, no.=65, <stderr>:
LENGTH=4000
elapsed cycles: 902127
hi(checksum)=0x56C8B46832959204
lo(checksum)=0x4FEFFAEE68B57F00
key=plain, no.=65, <checksum>:
0x56C8B468329592044FEFFAEE68B57F00
key=plain, no.=65, cso file:
/dev/null
----------------------------------------------
real command=cset shield -e /home/nrink/Projects/build/encode/encode/tests/array_sum/array_sum.perf.plain --  --cso /dev/null
key=plain, no.=66, <stderr>:
LENGTH=4000
elapsed cycles: 793083
hi(checksum)=0x56C8B46832959204
lo(checksum)=0x4FEFFAEE68B57F00
key=plain, no.=66, <checksum>:
0x56C8B468329592044FEFFAEE68B57F00
key=plain, no.=66, cso file:
/dev/null
----------------------------------------------
real command=cset shield -e /home/nrink/Projects/build/encode/encode/tests/array_sum/array_sum.perf.plain --  --cso /dev/null
key=plain, no.=67, <stderr>:
LENGTH=4000
elapsed cycles: 840435
hi(checksum)=0x56C8B46832959204
lo(checksum)=0x4FEFFAEE68B57F00
key=plain, no.=67, <checksum>:
0x56C8B468329592044FEFFAEE68B57F00
key=plain, no.=67, cso file:
/dev/null
----------------------------------------------
real command=cset shield -e /home/nrink/Projects/build/encode/encode/tests/array_sum/array_sum.perf.plain --  --cso /dev/null
key=plain, no.=68, <stderr>:
LENGTH=4000
elapsed cycles: 835851
hi(checksum)=0x56C8B46832959204
lo(checksum)=0x4FEFFAEE68B57F00
key=plain, no.=68, <checksum>:
0x56C8B468329592044FEFFAEE68B57F00
key=plain, no.=68, cso file:
/dev/null
----------------------------------------------
real command=cset shield -e /home/nrink/Projects/build/encode/encode/tests/array_sum/array_sum.perf.plain --  --cso /dev/null
key=plain, no.=69, <stderr>:
LENGTH=4000
elapsed cycles: 792987
hi(checksum)=0x56C8B46832959204
lo(checksum)=0x4FEFFAEE68B57F00
key=plain, no.=69, <checksum>:
0x56C8B468329592044FEFFAEE68B57F00
key=plain, no.=69, cso file:
/dev/null
----------------------------------------------
real command=cset shield -e /home/nrink/Projects/build/encode/encode/tests/array_sum/array_sum.perf.plain --  --cso /dev/null
key=plain, no.=70, <stderr>:
LENGTH=4000
elapsed cycles: 798327
hi(checksum)=0x56C8B46832959204
lo(checksum)=0x4FEFFAEE68B57F00
key=plain, no.=70, <checksum>:
0x56C8B468329592044FEFFAEE68B57F00
key=plain, no.=70, cso file:
/dev/null
----------------------------------------------
real command=cset shield -e /home/nrink/Projects/build/encode/encode/tests/array_sum/array_sum.perf.plain --  --cso /dev/null
key=plain, no.=71, <stderr>:
LENGTH=4000
elapsed cycles: 826935
hi(checksum)=0x56C8B46832959204
lo(checksum)=0x4FEFFAEE68B57F00
key=plain, no.=71, <checksum>:
0x56C8B468329592044FEFFAEE68B57F00
key=plain, no.=71, cso file:
/dev/null
----------------------------------------------
real command=cset shield -e /home/nrink/Projects/build/encode/encode/tests/array_sum/array_sum.perf.plain --  --cso /dev/null
key=plain, no.=72, <stderr>:
LENGTH=4000
elapsed cycles: 792900
hi(checksum)=0x56C8B46832959204
lo(checksum)=0x4FEFFAEE68B57F00
key=plain, no.=72, <checksum>:
0x56C8B468329592044FEFFAEE68B57F00
key=plain, no.=72, cso file:
/dev/null
----------------------------------------------
real command=cset shield -e /home/nrink/Projects/build/encode/encode/tests/array_sum/array_sum.perf.plain --  --cso /dev/null
key=plain, no.=73, <stderr>:
LENGTH=4000
elapsed cycles: 794085
hi(checksum)=0x56C8B46832959204
lo(checksum)=0x4FEFFAEE68B57F00
key=plain, no.=73, <checksum>:
0x56C8B468329592044FEFFAEE68B57F00
key=plain, no.=73, cso file:
/dev/null
----------------------------------------------
real command=cset shield -e /home/nrink/Projects/build/encode/encode/tests/array_sum/array_sum.perf.plain --  --cso /dev/null
key=plain, no.=74, <stderr>:
LENGTH=4000
elapsed cycles: 795495
hi(checksum)=0x56C8B46832959204
lo(checksum)=0x4FEFFAEE68B57F00
key=plain, no.=74, <checksum>:
0x56C8B468329592044FEFFAEE68B57F00
key=plain, no.=74, cso file:
/dev/null
----------------------------------------------
real command=cset shield -e /home/nrink/Projects/build/encode/encode/tests/array_sum/array_sum.perf.plain --  --cso /dev/null
key=plain, no.=75, <stderr>:
LENGTH=4000
elapsed cycles: 796914
hi(checksum)=0x56C8B46832959204
lo(checksum)=0x4FEFFAEE68B57F00
key=plain, no.=75, <checksum>:
0x56C8B468329592044FEFFAEE68B57F00
key=plain, no.=75, cso file:
/dev/null
----------------------------------------------
real command=cset shield -e /home/nrink/Projects/build/encode/encode/tests/array_sum/array_sum.perf.plain --  --cso /dev/null
key=plain, no.=76, <stderr>:
LENGTH=4000
elapsed cycles: 907434
hi(checksum)=0x56C8B46832959204
lo(checksum)=0x4FEFFAEE68B57F00
key=plain, no.=76, <checksum>:
0x56C8B468329592044FEFFAEE68B57F00
key=plain, no.=76, cso file:
/dev/null
----------------------------------------------
real command=cset shield -e /home/nrink/Projects/build/encode/encode/tests/array_sum/array_sum.perf.plain --  --cso /dev/null
key=plain, no.=77, <stderr>:
LENGTH=4000
elapsed cycles: 825792
hi(checksum)=0x56C8B46832959204
lo(checksum)=0x4FEFFAEE68B57F00
key=plain, no.=77, <checksum>:
0x56C8B468329592044FEFFAEE68B57F00
key=plain, no.=77, cso file:
/dev/null
----------------------------------------------
real command=cset shield -e /home/nrink/Projects/build/encode/encode/tests/array_sum/array_sum.perf.plain --  --cso /dev/null
key=plain, no.=78, <stderr>:
LENGTH=4000
elapsed cycles: 793446
hi(checksum)=0x56C8B46832959204
lo(checksum)=0x4FEFFAEE68B57F00
key=plain, no.=78, <checksum>:
0x56C8B468329592044FEFFAEE68B57F00
key=plain, no.=78, cso file:
/dev/null
----------------------------------------------
real command=cset shield -e /home/nrink/Projects/build/encode/encode/tests/array_sum/array_sum.perf.plain --  --cso /dev/null
key=plain, no.=79, <stderr>:
LENGTH=4000
elapsed cycles: 793143
hi(checksum)=0x56C8B46832959204
lo(checksum)=0x4FEFFAEE68B57F00
key=plain, no.=79, <checksum>:
0x56C8B468329592044FEFFAEE68B57F00
key=plain, no.=79, cso file:
/dev/null
----------------------------------------------
real command=cset shield -e /home/nrink/Projects/build/encode/encode/tests/array_sum/array_sum.perf.plain --  --cso /dev/null
key=plain, no.=80, <stderr>:
LENGTH=4000
elapsed cycles: 827469
hi(checksum)=0x56C8B46832959204
lo(checksum)=0x4FEFFAEE68B57F00
key=plain, no.=80, <checksum>:
0x56C8B468329592044FEFFAEE68B57F00
key=plain, no.=80, cso file:
/dev/null
----------------------------------------------
real command=cset shield -e /home/nrink/Projects/build/encode/encode/tests/array_sum/array_sum.perf.plain --  --cso /dev/null
key=plain, no.=81, <stderr>:
LENGTH=4000
elapsed cycles: 793368
hi(checksum)=0x56C8B46832959204
lo(checksum)=0x4FEFFAEE68B57F00
key=plain, no.=81, <checksum>:
0x56C8B468329592044FEFFAEE68B57F00
key=plain, no.=81, cso file:
/dev/null
----------------------------------------------
real command=cset shield -e /home/nrink/Projects/build/encode/encode/tests/array_sum/array_sum.perf.plain --  --cso /dev/null
key=plain, no.=82, <stderr>:
LENGTH=4000
elapsed cycles: 839415
hi(checksum)=0x56C8B46832959204
lo(checksum)=0x4FEFFAEE68B57F00
key=plain, no.=82, <checksum>:
0x56C8B468329592044FEFFAEE68B57F00
key=plain, no.=82, cso file:
/dev/null
----------------------------------------------
real command=cset shield -e /home/nrink/Projects/build/encode/encode/tests/array_sum/array_sum.perf.plain --  --cso /dev/null
key=plain, no.=83, <stderr>:
LENGTH=4000
elapsed cycles: 806955
hi(checksum)=0x56C8B46832959204
lo(checksum)=0x4FEFFAEE68B57F00
key=plain, no.=83, <checksum>:
0x56C8B468329592044FEFFAEE68B57F00
key=plain, no.=83, cso file:
/dev/null
----------------------------------------------
real command=cset shield -e /home/nrink/Projects/build/encode/encode/tests/array_sum/array_sum.perf.plain --  --cso /dev/null
key=plain, no.=84, <stderr>:
LENGTH=4000
elapsed cycles: 813195
hi(checksum)=0x56C8B46832959204
lo(checksum)=0x4FEFFAEE68B57F00
key=plain, no.=84, <checksum>:
0x56C8B468329592044FEFFAEE68B57F00
key=plain, no.=84, cso file:
/dev/null
----------------------------------------------
real command=cset shield -e /home/nrink/Projects/build/encode/encode/tests/array_sum/array_sum.perf.plain --  --cso /dev/null
key=plain, no.=85, <stderr>:
LENGTH=4000
elapsed cycles: 953301
hi(checksum)=0x56C8B46832959204
lo(checksum)=0x4FEFFAEE68B57F00
key=plain, no.=85, <checksum>:
0x56C8B468329592044FEFFAEE68B57F00
key=plain, no.=85, cso file:
/dev/null
----------------------------------------------
real command=cset shield -e /home/nrink/Projects/build/encode/encode/tests/array_sum/array_sum.perf.plain --  --cso /dev/null
key=plain, no.=86, <stderr>:
LENGTH=4000
elapsed cycles: 804234
hi(checksum)=0x56C8B46832959204
lo(checksum)=0x4FEFFAEE68B57F00
key=plain, no.=86, <checksum>:
0x56C8B468329592044FEFFAEE68B57F00
key=plain, no.=86, cso file:
/dev/null
----------------------------------------------
real command=cset shield -e /home/nrink/Projects/build/encode/encode/tests/array_sum/array_sum.perf.plain --  --cso /dev/null
key=plain, no.=87, <stderr>:
LENGTH=4000
elapsed cycles: 797556
hi(checksum)=0x56C8B46832959204
lo(checksum)=0x4FEFFAEE68B57F00
key=plain, no.=87, <checksum>:
0x56C8B468329592044FEFFAEE68B57F00
key=plain, no.=87, cso file:
/dev/null
----------------------------------------------
real command=cset shield -e /home/nrink/Projects/build/encode/encode/tests/array_sum/array_sum.perf.plain --  --cso /dev/null
key=plain, no.=88, <stderr>:
LENGTH=4000
elapsed cycles: 829320
hi(checksum)=0x56C8B46832959204
lo(checksum)=0x4FEFFAEE68B57F00
key=plain, no.=88, <checksum>:
0x56C8B468329592044FEFFAEE68B57F00
key=plain, no.=88, cso file:
/dev/null
----------------------------------------------
real command=cset shield -e /home/nrink/Projects/build/encode/encode/tests/array_sum/array_sum.perf.plain --  --cso /dev/null
key=plain, no.=89, <stderr>:
LENGTH=4000
elapsed cycles: 794862
hi(checksum)=0x56C8B46832959204
lo(checksum)=0x4FEFFAEE68B57F00
key=plain, no.=89, <checksum>:
0x56C8B468329592044FEFFAEE68B57F00
key=plain, no.=89, cso file:
/dev/null
----------------------------------------------
real command=cset shield -e /home/nrink/Projects/build/encode/encode/tests/array_sum/array_sum.perf.plain --  --cso /dev/null
key=plain, no.=90, <stderr>:
LENGTH=4000
elapsed cycles: 826830
hi(checksum)=0x56C8B46832959204
lo(checksum)=0x4FEFFAEE68B57F00
key=plain, no.=90, <checksum>:
0x56C8B468329592044FEFFAEE68B57F00
key=plain, no.=90, cso file:
/dev/null
----------------------------------------------
real command=cset shield -e /home/nrink/Projects/build/encode/encode/tests/array_sum/array_sum.perf.plain --  --cso /dev/null
key=plain, no.=91, <stderr>:
LENGTH=4000
elapsed cycles: 793968
hi(checksum)=0x56C8B46832959204
lo(checksum)=0x4FEFFAEE68B57F00
key=plain, no.=91, <checksum>:
0x56C8B468329592044FEFFAEE68B57F00
key=plain, no.=91, cso file:
/dev/null
----------------------------------------------
real command=cset shield -e /home/nrink/Projects/build/encode/encode/tests/array_sum/array_sum.perf.plain --  --cso /dev/null
key=plain, no.=92, <stderr>:
LENGTH=4000
elapsed cycles: 793545
hi(checksum)=0x56C8B46832959204
lo(checksum)=0x4FEFFAEE68B57F00
key=plain, no.=92, <checksum>:
0x56C8B468329592044FEFFAEE68B57F00
key=plain, no.=92, cso file:
/dev/null
----------------------------------------------
real command=cset shield -e /home/nrink/Projects/build/encode/encode/tests/array_sum/array_sum.perf.plain --  --cso /dev/null
key=plain, no.=93, <stderr>:
LENGTH=4000
elapsed cycles: 796113
hi(checksum)=0x56C8B46832959204
lo(checksum)=0x4FEFFAEE68B57F00
key=plain, no.=93, <checksum>:
0x56C8B468329592044FEFFAEE68B57F00
key=plain, no.=93, cso file:
/dev/null
----------------------------------------------
real command=cset shield -e /home/nrink/Projects/build/encode/encode/tests/array_sum/array_sum.perf.plain --  --cso /dev/null
key=plain, no.=94, <stderr>:
LENGTH=4000
elapsed cycles: 793779
hi(checksum)=0x56C8B46832959204
lo(checksum)=0x4FEFFAEE68B57F00
key=plain, no.=94, <checksum>:
0x56C8B468329592044FEFFAEE68B57F00
key=plain, no.=94, cso file:
/dev/null
----------------------------------------------
real command=cset shield -e /home/nrink/Projects/build/encode/encode/tests/array_sum/array_sum.perf.plain --  --cso /dev/null
key=plain, no.=95, <stderr>:
LENGTH=4000
elapsed cycles: 794019
hi(checksum)=0x56C8B46832959204
lo(checksum)=0x4FEFFAEE68B57F00
key=plain, no.=95, <checksum>:
0x56C8B468329592044FEFFAEE68B57F00
key=plain, no.=95, cso file:
/dev/null
----------------------------------------------
real command=cset shield -e /home/nrink/Projects/build/encode/encode/tests/array_sum/array_sum.perf.plain --  --cso /dev/null
key=plain, no.=96, <stderr>:
LENGTH=4000
elapsed cycles: 772731
hi(checksum)=0x56C8B46832959204
lo(checksum)=0x4FEFFAEE68B57F00
key=plain, no.=96, <checksum>:
0x56C8B468329592044FEFFAEE68B57F00
key=plain, no.=96, cso file:
/dev/null
----------------------------------------------
real command=cset shield -e /home/nrink/Projects/build/encode/encode/tests/array_sum/array_sum.perf.plain --  --cso /dev/null
key=plain, no.=97, <stderr>:
LENGTH=4000
elapsed cycles: 773643
hi(checksum)=0x56C8B46832959204
lo(checksum)=0x4FEFFAEE68B57F00
key=plain, no.=97, <checksum>:
0x56C8B468329592044FEFFAEE68B57F00
key=plain, no.=97, cso file:
/dev/null
----------------------------------------------
real command=cset shield -e /home/nrink/Projects/build/encode/encode/tests/array_sum/array_sum.perf.plain --  --cso /dev/null
key=plain, no.=98, <stderr>:
LENGTH=4000
elapsed cycles: 805548
hi(checksum)=0x56C8B46832959204
lo(checksum)=0x4FEFFAEE68B57F00
key=plain, no.=98, <checksum>:
0x56C8B468329592044FEFFAEE68B57F00
key=plain, no.=98, cso file:
/dev/null
----------------------------------------------
real command=cset shield -e /home/nrink/Projects/build/encode/encode/tests/array_sum/array_sum.perf.plain --  --cso /dev/null
key=plain, no.=99, <stderr>:
LENGTH=4000
elapsed cycles: 773613
hi(checksum)=0x56C8B46832959204
lo(checksum)=0x4FEFFAEE68B57F00
key=plain, no.=99, <checksum>:
0x56C8B468329592044FEFFAEE68B57F00
key=plain, no.=99, cso file:
/dev/null
----------------------------------------------
key=encoded, runs=100 ...
command=/home/nrink/Projects/build/encode/encode/tests/array_sum/array_sum.perf.encoded
----------------------------------------------
real command=cset shield -e /home/nrink/Projects/build/encode/encode/tests/array_sum/array_sum.perf.encoded --  --cso /dev/null
key=encoded, no.=0, <stderr>:
LENGTH=4000
elapsed cycles: 3590340
hi(checksum)=0x56C8B46832959204
lo(checksum)=0x4FEFFAEE68B57F00
key=encoded, no.=0, <checksum>:
0x56C8B468329592044FEFFAEE68B57F00
key=encoded, no.=0, cso file:
/dev/null
----------------------------------------------
real command=cset shield -e /home/nrink/Projects/build/encode/encode/tests/array_sum/array_sum.perf.encoded --  --cso /dev/null
key=encoded, no.=1, <stderr>:
LENGTH=4000
elapsed cycles: 3529839
hi(checksum)=0x56C8B46832959204
lo(checksum)=0x4FEFFAEE68B57F00
key=encoded, no.=1, <checksum>:
0x56C8B468329592044FEFFAEE68B57F00
key=encoded, no.=1, cso file:
/dev/null
----------------------------------------------
real command=cset shield -e /home/nrink/Projects/build/encode/encode/tests/array_sum/array_sum.perf.encoded --  --cso /dev/null
key=encoded, no.=2, <stderr>:
LENGTH=4000
elapsed cycles: 3522840
hi(checksum)=0x56C8B46832959204
lo(checksum)=0x4FEFFAEE68B57F00
key=encoded, no.=2, <checksum>:
0x56C8B468329592044FEFFAEE68B57F00
key=encoded, no.=2, cso file:
/dev/null
----------------------------------------------
real command=cset shield -e /home/nrink/Projects/build/encode/encode/tests/array_sum/array_sum.perf.encoded --  --cso /dev/null
key=encoded, no.=3, <stderr>:
LENGTH=4000
elapsed cycles: 3601257
hi(checksum)=0x56C8B46832959204
lo(checksum)=0x4FEFFAEE68B57F00
key=encoded, no.=3, <checksum>:
0x56C8B468329592044FEFFAEE68B57F00
key=encoded, no.=3, cso file:
/dev/null
----------------------------------------------
real command=cset shield -e /home/nrink/Projects/build/encode/encode/tests/array_sum/array_sum.perf.encoded --  --cso /dev/null
key=encoded, no.=4, <stderr>:
LENGTH=4000
elapsed cycles: 3520563
hi(checksum)=0x56C8B46832959204
lo(checksum)=0x4FEFFAEE68B57F00
key=encoded, no.=4, <checksum>:
0x56C8B468329592044FEFFAEE68B57F00
key=encoded, no.=4, cso file:
/dev/null
----------------------------------------------
real command=cset shield -e /home/nrink/Projects/build/encode/encode/tests/array_sum/array_sum.perf.encoded --  --cso /dev/null
key=encoded, no.=5, <stderr>:
LENGTH=4000
elapsed cycles: 3522549
hi(checksum)=0x56C8B46832959204
lo(checksum)=0x4FEFFAEE68B57F00
key=encoded, no.=5, <checksum>:
0x56C8B468329592044FEFFAEE68B57F00
key=encoded, no.=5, cso file:
/dev/null
----------------------------------------------
real command=cset shield -e /home/nrink/Projects/build/encode/encode/tests/array_sum/array_sum.perf.encoded --  --cso /dev/null
key=encoded, no.=6, <stderr>:
LENGTH=4000
elapsed cycles: 3575946
hi(checksum)=0x56C8B46832959204
lo(checksum)=0x4FEFFAEE68B57F00
key=encoded, no.=6, <checksum>:
0x56C8B468329592044FEFFAEE68B57F00
key=encoded, no.=6, cso file:
/dev/null
----------------------------------------------
real command=cset shield -e /home/nrink/Projects/build/encode/encode/tests/array_sum/array_sum.perf.encoded --  --cso /dev/null
key=encoded, no.=7, <stderr>:
LENGTH=4000
elapsed cycles: 3532104
hi(checksum)=0x56C8B46832959204
lo(checksum)=0x4FEFFAEE68B57F00
key=encoded, no.=7, <checksum>:
0x56C8B468329592044FEFFAEE68B57F00
key=encoded, no.=7, cso file:
/dev/null
----------------------------------------------
real command=cset shield -e /home/nrink/Projects/build/encode/encode/tests/array_sum/array_sum.perf.encoded --  --cso /dev/null
key=encoded, no.=8, <stderr>:
LENGTH=4000
elapsed cycles: 3448338
hi(checksum)=0x56C8B46832959204
lo(checksum)=0x4FEFFAEE68B57F00
key=encoded, no.=8, <checksum>:
0x56C8B468329592044FEFFAEE68B57F00
key=encoded, no.=8, cso file:
/dev/null
----------------------------------------------
real command=cset shield -e /home/nrink/Projects/build/encode/encode/tests/array_sum/array_sum.perf.encoded --  --cso /dev/null
key=encoded, no.=9, <stderr>:
LENGTH=4000
elapsed cycles: 3539298
hi(checksum)=0x56C8B46832959204
lo(checksum)=0x4FEFFAEE68B57F00
key=encoded, no.=9, <checksum>:
0x56C8B468329592044FEFFAEE68B57F00
key=encoded, no.=9, cso file:
/dev/null
----------------------------------------------
real command=cset shield -e /home/nrink/Projects/build/encode/encode/tests/array_sum/array_sum.perf.encoded --  --cso /dev/null
key=encoded, no.=10, <stderr>:
LENGTH=4000
elapsed cycles: 3529296
hi(checksum)=0x56C8B46832959204
lo(checksum)=0x4FEFFAEE68B57F00
key=encoded, no.=10, <checksum>:
0x56C8B468329592044FEFFAEE68B57F00
key=encoded, no.=10, cso file:
/dev/null
----------------------------------------------
real command=cset shield -e /home/nrink/Projects/build/encode/encode/tests/array_sum/array_sum.perf.encoded --  --cso /dev/null
key=encoded, no.=11, <stderr>:
LENGTH=4000
elapsed cycles: 3827484
hi(checksum)=0x56C8B46832959204
lo(checksum)=0x4FEFFAEE68B57F00
key=encoded, no.=11, <checksum>:
0x56C8B468329592044FEFFAEE68B57F00
key=encoded, no.=11, cso file:
/dev/null
----------------------------------------------
real command=cset shield -e /home/nrink/Projects/build/encode/encode/tests/array_sum/array_sum.perf.encoded --  --cso /dev/null
key=encoded, no.=12, <stderr>:
LENGTH=4000
elapsed cycles: 3510195
hi(checksum)=0x56C8B46832959204
lo(checksum)=0x4FEFFAEE68B57F00
key=encoded, no.=12, <checksum>:
0x56C8B468329592044FEFFAEE68B57F00
key=encoded, no.=12, cso file:
/dev/null
----------------------------------------------
real command=cset shield -e /home/nrink/Projects/build/encode/encode/tests/array_sum/array_sum.perf.encoded --  --cso /dev/null
key=encoded, no.=13, <stderr>:
LENGTH=4000
elapsed cycles: 3547587
hi(checksum)=0x56C8B46832959204
lo(checksum)=0x4FEFFAEE68B57F00
key=encoded, no.=13, <checksum>:
0x56C8B468329592044FEFFAEE68B57F00
key=encoded, no.=13, cso file:
/dev/null
----------------------------------------------
real command=cset shield -e /home/nrink/Projects/build/encode/encode/tests/array_sum/array_sum.perf.encoded --  --cso /dev/null
key=encoded, no.=14, <stderr>:
LENGTH=4000
elapsed cycles: 3561861
hi(checksum)=0x56C8B46832959204
lo(checksum)=0x4FEFFAEE68B57F00
key=encoded, no.=14, <checksum>:
0x56C8B468329592044FEFFAEE68B57F00
key=encoded, no.=14, cso file:
/dev/null
----------------------------------------------
real command=cset shield -e /home/nrink/Projects/build/encode/encode/tests/array_sum/array_sum.perf.encoded --  --cso /dev/null
key=encoded, no.=15, <stderr>:
LENGTH=4000
elapsed cycles: 3511701
hi(checksum)=0x56C8B46832959204
lo(checksum)=0x4FEFFAEE68B57F00
key=encoded, no.=15, <checksum>:
0x56C8B468329592044FEFFAEE68B57F00
key=encoded, no.=15, cso file:
/dev/null
----------------------------------------------
real command=cset shield -e /home/nrink/Projects/build/encode/encode/tests/array_sum/array_sum.perf.encoded --  --cso /dev/null
key=encoded, no.=16, <stderr>:
LENGTH=4000
elapsed cycles: 3510006
hi(checksum)=0x56C8B46832959204
lo(checksum)=0x4FEFFAEE68B57F00
key=encoded, no.=16, <checksum>:
0x56C8B468329592044FEFFAEE68B57F00
key=encoded, no.=16, cso file:
/dev/null
----------------------------------------------
real command=cset shield -e /home/nrink/Projects/build/encode/encode/tests/array_sum/array_sum.perf.encoded --  --cso /dev/null
key=encoded, no.=17, <stderr>:
LENGTH=4000
elapsed cycles: 3512478
hi(checksum)=0x56C8B46832959204
lo(checksum)=0x4FEFFAEE68B57F00
key=encoded, no.=17, <checksum>:
0x56C8B468329592044FEFFAEE68B57F00
key=encoded, no.=17, cso file:
/dev/null
----------------------------------------------
real command=cset shield -e /home/nrink/Projects/build/encode/encode/tests/array_sum/array_sum.perf.encoded --  --cso /dev/null
key=encoded, no.=18, <stderr>:
LENGTH=4000
elapsed cycles: 3504846
hi(checksum)=0x56C8B46832959204
lo(checksum)=0x4FEFFAEE68B57F00
key=encoded, no.=18, <checksum>:
0x56C8B468329592044FEFFAEE68B57F00
key=encoded, no.=18, cso file:
/dev/null
----------------------------------------------
real command=cset shield -e /home/nrink/Projects/build/encode/encode/tests/array_sum/array_sum.perf.encoded --  --cso /dev/null
key=encoded, no.=19, <stderr>:
LENGTH=4000
elapsed cycles: 3544395
hi(checksum)=0x56C8B46832959204
lo(checksum)=0x4FEFFAEE68B57F00
key=encoded, no.=19, <checksum>:
0x56C8B468329592044FEFFAEE68B57F00
key=encoded, no.=19, cso file:
/dev/null
----------------------------------------------
real command=cset shield -e /home/nrink/Projects/build/encode/encode/tests/array_sum/array_sum.perf.encoded --  --cso /dev/null
key=encoded, no.=20, <stderr>:
LENGTH=4000
elapsed cycles: 3509949
hi(checksum)=0x56C8B46832959204
lo(checksum)=0x4FEFFAEE68B57F00
key=encoded, no.=20, <checksum>:
0x56C8B468329592044FEFFAEE68B57F00
key=encoded, no.=20, cso file:
/dev/null
----------------------------------------------
real command=cset shield -e /home/nrink/Projects/build/encode/encode/tests/array_sum/array_sum.perf.encoded --  --cso /dev/null
key=encoded, no.=21, <stderr>:
LENGTH=4000
elapsed cycles: 3608142
hi(checksum)=0x56C8B46832959204
lo(checksum)=0x4FEFFAEE68B57F00
key=encoded, no.=21, <checksum>:
0x56C8B468329592044FEFFAEE68B57F00
key=encoded, no.=21, cso file:
/dev/null
----------------------------------------------
real command=cset shield -e /home/nrink/Projects/build/encode/encode/tests/array_sum/array_sum.perf.encoded --  --cso /dev/null
key=encoded, no.=22, <stderr>:
LENGTH=4000
elapsed cycles: 3513999
hi(checksum)=0x56C8B46832959204
lo(checksum)=0x4FEFFAEE68B57F00
key=encoded, no.=22, <checksum>:
0x56C8B468329592044FEFFAEE68B57F00
key=encoded, no.=22, cso file:
/dev/null
----------------------------------------------
real command=cset shield -e /home/nrink/Projects/build/encode/encode/tests/array_sum/array_sum.perf.encoded --  --cso /dev/null
key=encoded, no.=23, <stderr>:
LENGTH=4000
elapsed cycles: 3542373
hi(checksum)=0x56C8B46832959204
lo(checksum)=0x4FEFFAEE68B57F00
key=encoded, no.=23, <checksum>:
0x56C8B468329592044FEFFAEE68B57F00
key=encoded, no.=23, cso file:
/dev/null
----------------------------------------------
real command=cset shield -e /home/nrink/Projects/build/encode/encode/tests/array_sum/array_sum.perf.encoded --  --cso /dev/null
key=encoded, no.=24, <stderr>:
LENGTH=4000
elapsed cycles: 3519069
hi(checksum)=0x56C8B46832959204
lo(checksum)=0x4FEFFAEE68B57F00
key=encoded, no.=24, <checksum>:
0x56C8B468329592044FEFFAEE68B57F00
key=encoded, no.=24, cso file:
/dev/null
----------------------------------------------
real command=cset shield -e /home/nrink/Projects/build/encode/encode/tests/array_sum/array_sum.perf.encoded --  --cso /dev/null
key=encoded, no.=25, <stderr>:
LENGTH=4000
elapsed cycles: 3547656
hi(checksum)=0x56C8B46832959204
lo(checksum)=0x4FEFFAEE68B57F00
key=encoded, no.=25, <checksum>:
0x56C8B468329592044FEFFAEE68B57F00
key=encoded, no.=25, cso file:
/dev/null
----------------------------------------------
real command=cset shield -e /home/nrink/Projects/build/encode/encode/tests/array_sum/array_sum.perf.encoded --  --cso /dev/null
key=encoded, no.=26, <stderr>:
LENGTH=4000
elapsed cycles: 3617169
hi(checksum)=0x56C8B46832959204
lo(checksum)=0x4FEFFAEE68B57F00
key=encoded, no.=26, <checksum>:
0x56C8B468329592044FEFFAEE68B57F00
key=encoded, no.=26, cso file:
/dev/null
----------------------------------------------
real command=cset shield -e /home/nrink/Projects/build/encode/encode/tests/array_sum/array_sum.perf.encoded --  --cso /dev/null
key=encoded, no.=27, <stderr>:
LENGTH=4000
elapsed cycles: 3546930
hi(checksum)=0x56C8B46832959204
lo(checksum)=0x4FEFFAEE68B57F00
key=encoded, no.=27, <checksum>:
0x56C8B468329592044FEFFAEE68B57F00
key=encoded, no.=27, cso file:
/dev/null
----------------------------------------------
real command=cset shield -e /home/nrink/Projects/build/encode/encode/tests/array_sum/array_sum.perf.encoded --  --cso /dev/null
key=encoded, no.=28, <stderr>:
LENGTH=4000
elapsed cycles: 3515469
hi(checksum)=0x56C8B46832959204
lo(checksum)=0x4FEFFAEE68B57F00
key=encoded, no.=28, <checksum>:
0x56C8B468329592044FEFFAEE68B57F00
key=encoded, no.=28, cso file:
/dev/null
----------------------------------------------
real command=cset shield -e /home/nrink/Projects/build/encode/encode/tests/array_sum/array_sum.perf.encoded --  --cso /dev/null
key=encoded, no.=29, <stderr>:
LENGTH=4000
elapsed cycles: 3648786
hi(checksum)=0x56C8B46832959204
lo(checksum)=0x4FEFFAEE68B57F00
key=encoded, no.=29, <checksum>:
0x56C8B468329592044FEFFAEE68B57F00
key=encoded, no.=29, cso file:
/dev/null
----------------------------------------------
real command=cset shield -e /home/nrink/Projects/build/encode/encode/tests/array_sum/array_sum.perf.encoded --  --cso /dev/null
key=encoded, no.=30, <stderr>:
LENGTH=4000
elapsed cycles: 3506085
hi(checksum)=0x56C8B46832959204
lo(checksum)=0x4FEFFAEE68B57F00
key=encoded, no.=30, <checksum>:
0x56C8B468329592044FEFFAEE68B57F00
key=encoded, no.=30, cso file:
/dev/null
----------------------------------------------
real command=cset shield -e /home/nrink/Projects/build/encode/encode/tests/array_sum/array_sum.perf.encoded --  --cso /dev/null
key=encoded, no.=31, <stderr>:
LENGTH=4000
elapsed cycles: 3559215
hi(checksum)=0x56C8B46832959204
lo(checksum)=0x4FEFFAEE68B57F00
key=encoded, no.=31, <checksum>:
0x56C8B468329592044FEFFAEE68B57F00
key=encoded, no.=31, cso file:
/dev/null
----------------------------------------------
real command=cset shield -e /home/nrink/Projects/build/encode/encode/tests/array_sum/array_sum.perf.encoded --  --cso /dev/null
key=encoded, no.=32, <stderr>:
LENGTH=4000
elapsed cycles: 3545544
hi(checksum)=0x56C8B46832959204
lo(checksum)=0x4FEFFAEE68B57F00
key=encoded, no.=32, <checksum>:
0x56C8B468329592044FEFFAEE68B57F00
key=encoded, no.=32, cso file:
/dev/null
----------------------------------------------
real command=cset shield -e /home/nrink/Projects/build/encode/encode/tests/array_sum/array_sum.perf.encoded --  --cso /dev/null
key=encoded, no.=33, <stderr>:
LENGTH=4000
elapsed cycles: 3542628
hi(checksum)=0x56C8B46832959204
lo(checksum)=0x4FEFFAEE68B57F00
key=encoded, no.=33, <checksum>:
0x56C8B468329592044FEFFAEE68B57F00
key=encoded, no.=33, cso file:
/dev/null
----------------------------------------------
real command=cset shield -e /home/nrink/Projects/build/encode/encode/tests/array_sum/array_sum.perf.encoded --  --cso /dev/null
key=encoded, no.=34, <stderr>:
LENGTH=4000
elapsed cycles: 3527850
hi(checksum)=0x56C8B46832959204
lo(checksum)=0x4FEFFAEE68B57F00
key=encoded, no.=34, <checksum>:
0x56C8B468329592044FEFFAEE68B57F00
key=encoded, no.=34, cso file:
/dev/null
----------------------------------------------
real command=cset shield -e /home/nrink/Projects/build/encode/encode/tests/array_sum/array_sum.perf.encoded --  --cso /dev/null
key=encoded, no.=35, <stderr>:
LENGTH=4000
elapsed cycles: 3517005
hi(checksum)=0x56C8B46832959204
lo(checksum)=0x4FEFFAEE68B57F00
key=encoded, no.=35, <checksum>:
0x56C8B468329592044FEFFAEE68B57F00
key=encoded, no.=35, cso file:
/dev/null
----------------------------------------------
real command=cset shield -e /home/nrink/Projects/build/encode/encode/tests/array_sum/array_sum.perf.encoded --  --cso /dev/null
key=encoded, no.=36, <stderr>:
LENGTH=4000
elapsed cycles: 3624963
hi(checksum)=0x56C8B46832959204
lo(checksum)=0x4FEFFAEE68B57F00
key=encoded, no.=36, <checksum>:
0x56C8B468329592044FEFFAEE68B57F00
key=encoded, no.=36, cso file:
/dev/null
----------------------------------------------
real command=cset shield -e /home/nrink/Projects/build/encode/encode/tests/array_sum/array_sum.perf.encoded --  --cso /dev/null
key=encoded, no.=37, <stderr>:
LENGTH=4000
elapsed cycles: 3546519
hi(checksum)=0x56C8B46832959204
lo(checksum)=0x4FEFFAEE68B57F00
key=encoded, no.=37, <checksum>:
0x56C8B468329592044FEFFAEE68B57F00
key=encoded, no.=37, cso file:
/dev/null
----------------------------------------------
real command=cset shield -e /home/nrink/Projects/build/encode/encode/tests/array_sum/array_sum.perf.encoded --  --cso /dev/null
key=encoded, no.=38, <stderr>:
LENGTH=4000
elapsed cycles: 3624543
hi(checksum)=0x56C8B46832959204
lo(checksum)=0x4FEFFAEE68B57F00
key=encoded, no.=38, <checksum>:
0x56C8B468329592044FEFFAEE68B57F00
key=encoded, no.=38, cso file:
/dev/null
----------------------------------------------
real command=cset shield -e /home/nrink/Projects/build/encode/encode/tests/array_sum/array_sum.perf.encoded --  --cso /dev/null
key=encoded, no.=39, <stderr>:
LENGTH=4000
elapsed cycles: 3549105
hi(checksum)=0x56C8B46832959204
lo(checksum)=0x4FEFFAEE68B57F00
key=encoded, no.=39, <checksum>:
0x56C8B468329592044FEFFAEE68B57F00
key=encoded, no.=39, cso file:
/dev/null
----------------------------------------------
real command=cset shield -e /home/nrink/Projects/build/encode/encode/tests/array_sum/array_sum.perf.encoded --  --cso /dev/null
key=encoded, no.=40, <stderr>:
LENGTH=4000
elapsed cycles: 3504774
hi(checksum)=0x56C8B46832959204
lo(checksum)=0x4FEFFAEE68B57F00
key=encoded, no.=40, <checksum>:
0x56C8B468329592044FEFFAEE68B57F00
key=encoded, no.=40, cso file:
/dev/null
----------------------------------------------
real command=cset shield -e /home/nrink/Projects/build/encode/encode/tests/array_sum/array_sum.perf.encoded --  --cso /dev/null
key=encoded, no.=41, <stderr>:
LENGTH=4000
elapsed cycles: 3577557
hi(checksum)=0x56C8B46832959204
lo(checksum)=0x4FEFFAEE68B57F00
key=encoded, no.=41, <checksum>:
0x56C8B468329592044FEFFAEE68B57F00
key=encoded, no.=41, cso file:
/dev/null
----------------------------------------------
real command=cset shield -e /home/nrink/Projects/build/encode/encode/tests/array_sum/array_sum.perf.encoded --  --cso /dev/null
key=encoded, no.=42, <stderr>:
LENGTH=4000
elapsed cycles: 3511824
hi(checksum)=0x56C8B46832959204
lo(checksum)=0x4FEFFAEE68B57F00
key=encoded, no.=42, <checksum>:
0x56C8B468329592044FEFFAEE68B57F00
key=encoded, no.=42, cso file:
/dev/null
----------------------------------------------
real command=cset shield -e /home/nrink/Projects/build/encode/encode/tests/array_sum/array_sum.perf.encoded --  --cso /dev/null
key=encoded, no.=43, <stderr>:
LENGTH=4000
elapsed cycles: 3633153
hi(checksum)=0x56C8B46832959204
lo(checksum)=0x4FEFFAEE68B57F00
key=encoded, no.=43, <checksum>:
0x56C8B468329592044FEFFAEE68B57F00
key=encoded, no.=43, cso file:
/dev/null
----------------------------------------------
real command=cset shield -e /home/nrink/Projects/build/encode/encode/tests/array_sum/array_sum.perf.encoded --  --cso /dev/null
key=encoded, no.=44, <stderr>:
LENGTH=4000
elapsed cycles: 3600459
hi(checksum)=0x56C8B46832959204
lo(checksum)=0x4FEFFAEE68B57F00
key=encoded, no.=44, <checksum>:
0x56C8B468329592044FEFFAEE68B57F00
key=encoded, no.=44, cso file:
/dev/null
----------------------------------------------
real command=cset shield -e /home/nrink/Projects/build/encode/encode/tests/array_sum/array_sum.perf.encoded --  --cso /dev/null
key=encoded, no.=45, <stderr>:
LENGTH=4000
elapsed cycles: 3625890
hi(checksum)=0x56C8B46832959204
lo(checksum)=0x4FEFFAEE68B57F00
key=encoded, no.=45, <checksum>:
0x56C8B468329592044FEFFAEE68B57F00
key=encoded, no.=45, cso file:
/dev/null
----------------------------------------------
real command=cset shield -e /home/nrink/Projects/build/encode/encode/tests/array_sum/array_sum.perf.encoded --  --cso /dev/null
key=encoded, no.=46, <stderr>:
LENGTH=4000
elapsed cycles: 3512406
hi(checksum)=0x56C8B46832959204
lo(checksum)=0x4FEFFAEE68B57F00
key=encoded, no.=46, <checksum>:
0x56C8B468329592044FEFFAEE68B57F00
key=encoded, no.=46, cso file:
/dev/null
----------------------------------------------
real command=cset shield -e /home/nrink/Projects/build/encode/encode/tests/array_sum/array_sum.perf.encoded --  --cso /dev/null
key=encoded, no.=47, <stderr>:
LENGTH=4000
elapsed cycles: 3596481
hi(checksum)=0x56C8B46832959204
lo(checksum)=0x4FEFFAEE68B57F00
key=encoded, no.=47, <checksum>:
0x56C8B468329592044FEFFAEE68B57F00
key=encoded, no.=47, cso file:
/dev/null
----------------------------------------------
real command=cset shield -e /home/nrink/Projects/build/encode/encode/tests/array_sum/array_sum.perf.encoded --  --cso /dev/null
key=encoded, no.=48, <stderr>:
LENGTH=4000
elapsed cycles: 3604050
hi(checksum)=0x56C8B46832959204
lo(checksum)=0x4FEFFAEE68B57F00
key=encoded, no.=48, <checksum>:
0x56C8B468329592044FEFFAEE68B57F00
key=encoded, no.=48, cso file:
/dev/null
----------------------------------------------
real command=cset shield -e /home/nrink/Projects/build/encode/encode/tests/array_sum/array_sum.perf.encoded --  --cso /dev/null
key=encoded, no.=49, <stderr>:
LENGTH=4000
elapsed cycles: 3638304
hi(checksum)=0x56C8B46832959204
lo(checksum)=0x4FEFFAEE68B57F00
key=encoded, no.=49, <checksum>:
0x56C8B468329592044FEFFAEE68B57F00
key=encoded, no.=49, cso file:
/dev/null
----------------------------------------------
real command=cset shield -e /home/nrink/Projects/build/encode/encode/tests/array_sum/array_sum.perf.encoded --  --cso /dev/null
key=encoded, no.=50, <stderr>:
LENGTH=4000
elapsed cycles: 3812334
hi(checksum)=0x56C8B46832959204
lo(checksum)=0x4FEFFAEE68B57F00
key=encoded, no.=50, <checksum>:
0x56C8B468329592044FEFFAEE68B57F00
key=encoded, no.=50, cso file:
/dev/null
----------------------------------------------
real command=cset shield -e /home/nrink/Projects/build/encode/encode/tests/array_sum/array_sum.perf.encoded --  --cso /dev/null
key=encoded, no.=51, <stderr>:
LENGTH=4000
elapsed cycles: 3640758
hi(checksum)=0x56C8B46832959204
lo(checksum)=0x4FEFFAEE68B57F00
key=encoded, no.=51, <checksum>:
0x56C8B468329592044FEFFAEE68B57F00
key=encoded, no.=51, cso file:
/dev/null
----------------------------------------------
real command=cset shield -e /home/nrink/Projects/build/encode/encode/tests/array_sum/array_sum.perf.encoded --  --cso /dev/null
key=encoded, no.=52, <stderr>:
LENGTH=4000
elapsed cycles: 3607044
hi(checksum)=0x56C8B46832959204
lo(checksum)=0x4FEFFAEE68B57F00
key=encoded, no.=52, <checksum>:
0x56C8B468329592044FEFFAEE68B57F00
key=encoded, no.=52, cso file:
/dev/null
----------------------------------------------
real command=cset shield -e /home/nrink/Projects/build/encode/encode/tests/array_sum/array_sum.perf.encoded --  --cso /dev/null
key=encoded, no.=53, <stderr>:
LENGTH=4000
elapsed cycles: 3684585
hi(checksum)=0x56C8B46832959204
lo(checksum)=0x4FEFFAEE68B57F00
key=encoded, no.=53, <checksum>:
0x56C8B468329592044FEFFAEE68B57F00
key=encoded, no.=53, cso file:
/dev/null
----------------------------------------------
real command=cset shield -e /home/nrink/Projects/build/encode/encode/tests/array_sum/array_sum.perf.encoded --  --cso /dev/null
key=encoded, no.=54, <stderr>:
LENGTH=4000
elapsed cycles: 3606705
hi(checksum)=0x56C8B46832959204
lo(checksum)=0x4FEFFAEE68B57F00
key=encoded, no.=54, <checksum>:
0x56C8B468329592044FEFFAEE68B57F00
key=encoded, no.=54, cso file:
/dev/null
----------------------------------------------
real command=cset shield -e /home/nrink/Projects/build/encode/encode/tests/array_sum/array_sum.perf.encoded --  --cso /dev/null
key=encoded, no.=55, <stderr>:
LENGTH=4000
elapsed cycles: 3508605
hi(checksum)=0x56C8B46832959204
lo(checksum)=0x4FEFFAEE68B57F00
key=encoded, no.=55, <checksum>:
0x56C8B468329592044FEFFAEE68B57F00
key=encoded, no.=55, cso file:
/dev/null
----------------------------------------------
real command=cset shield -e /home/nrink/Projects/build/encode/encode/tests/array_sum/array_sum.perf.encoded --  --cso /dev/null
key=encoded, no.=56, <stderr>:
LENGTH=4000
elapsed cycles: 3511536
hi(checksum)=0x56C8B46832959204
lo(checksum)=0x4FEFFAEE68B57F00
key=encoded, no.=56, <checksum>:
0x56C8B468329592044FEFFAEE68B57F00
key=encoded, no.=56, cso file:
/dev/null
----------------------------------------------
real command=cset shield -e /home/nrink/Projects/build/encode/encode/tests/array_sum/array_sum.perf.encoded --  --cso /dev/null
key=encoded, no.=57, <stderr>:
LENGTH=4000
elapsed cycles: 3580044
hi(checksum)=0x56C8B46832959204
lo(checksum)=0x4FEFFAEE68B57F00
key=encoded, no.=57, <checksum>:
0x56C8B468329592044FEFFAEE68B57F00
key=encoded, no.=57, cso file:
/dev/null
----------------------------------------------
real command=cset shield -e /home/nrink/Projects/build/encode/encode/tests/array_sum/array_sum.perf.encoded --  --cso /dev/null
key=encoded, no.=58, <stderr>:
LENGTH=4000
elapsed cycles: 3512493
hi(checksum)=0x56C8B46832959204
lo(checksum)=0x4FEFFAEE68B57F00
key=encoded, no.=58, <checksum>:
0x56C8B468329592044FEFFAEE68B57F00
key=encoded, no.=58, cso file:
/dev/null
----------------------------------------------
real command=cset shield -e /home/nrink/Projects/build/encode/encode/tests/array_sum/array_sum.perf.encoded --  --cso /dev/null
key=encoded, no.=59, <stderr>:
LENGTH=4000
elapsed cycles: 3556926
hi(checksum)=0x56C8B46832959204
lo(checksum)=0x4FEFFAEE68B57F00
key=encoded, no.=59, <checksum>:
0x56C8B468329592044FEFFAEE68B57F00
key=encoded, no.=59, cso file:
/dev/null
----------------------------------------------
real command=cset shield -e /home/nrink/Projects/build/encode/encode/tests/array_sum/array_sum.perf.encoded --  --cso /dev/null
key=encoded, no.=60, <stderr>:
LENGTH=4000
elapsed cycles: 3541323
hi(checksum)=0x56C8B46832959204
lo(checksum)=0x4FEFFAEE68B57F00
key=encoded, no.=60, <checksum>:
0x56C8B468329592044FEFFAEE68B57F00
key=encoded, no.=60, cso file:
/dev/null
----------------------------------------------
real command=cset shield -e /home/nrink/Projects/build/encode/encode/tests/array_sum/array_sum.perf.encoded --  --cso /dev/null
key=encoded, no.=61, <stderr>:
LENGTH=4000
elapsed cycles: 3548136
hi(checksum)=0x56C8B46832959204
lo(checksum)=0x4FEFFAEE68B57F00
key=encoded, no.=61, <checksum>:
0x56C8B468329592044FEFFAEE68B57F00
key=encoded, no.=61, cso file:
/dev/null
----------------------------------------------
real command=cset shield -e /home/nrink/Projects/build/encode/encode/tests/array_sum/array_sum.perf.encoded --  --cso /dev/null
key=encoded, no.=62, <stderr>:
LENGTH=4000
elapsed cycles: 3509715
hi(checksum)=0x56C8B46832959204
lo(checksum)=0x4FEFFAEE68B57F00
key=encoded, no.=62, <checksum>:
0x56C8B468329592044FEFFAEE68B57F00
key=encoded, no.=62, cso file:
/dev/null
----------------------------------------------
real command=cset shield -e /home/nrink/Projects/build/encode/encode/tests/array_sum/array_sum.perf.encoded --  --cso /dev/null
key=encoded, no.=63, <stderr>:
LENGTH=4000
elapsed cycles: 3549948
hi(checksum)=0x56C8B46832959204
lo(checksum)=0x4FEFFAEE68B57F00
key=encoded, no.=63, <checksum>:
0x56C8B468329592044FEFFAEE68B57F00
key=encoded, no.=63, cso file:
/dev/null
----------------------------------------------
real command=cset shield -e /home/nrink/Projects/build/encode/encode/tests/array_sum/array_sum.perf.encoded --  --cso /dev/null
key=encoded, no.=64, <stderr>:
LENGTH=4000
elapsed cycles: 3517281
hi(checksum)=0x56C8B46832959204
lo(checksum)=0x4FEFFAEE68B57F00
key=encoded, no.=64, <checksum>:
0x56C8B468329592044FEFFAEE68B57F00
key=encoded, no.=64, cso file:
/dev/null
----------------------------------------------
real command=cset shield -e /home/nrink/Projects/build/encode/encode/tests/array_sum/array_sum.perf.encoded --  --cso /dev/null
key=encoded, no.=65, <stderr>:
LENGTH=4000
elapsed cycles: 3609813
hi(checksum)=0x56C8B46832959204
lo(checksum)=0x4FEFFAEE68B57F00
key=encoded, no.=65, <checksum>:
0x56C8B468329592044FEFFAEE68B57F00
key=encoded, no.=65, cso file:
/dev/null
----------------------------------------------
real command=cset shield -e /home/nrink/Projects/build/encode/encode/tests/array_sum/array_sum.perf.encoded --  --cso /dev/null
key=encoded, no.=66, <stderr>:
LENGTH=4000
elapsed cycles: 3509394
hi(checksum)=0x56C8B46832959204
lo(checksum)=0x4FEFFAEE68B57F00
key=encoded, no.=66, <checksum>:
0x56C8B468329592044FEFFAEE68B57F00
key=encoded, no.=66, cso file:
/dev/null
----------------------------------------------
real command=cset shield -e /home/nrink/Projects/build/encode/encode/tests/array_sum/array_sum.perf.encoded --  --cso /dev/null
key=encoded, no.=67, <stderr>:
LENGTH=4000
elapsed cycles: 3546648
hi(checksum)=0x56C8B46832959204
lo(checksum)=0x4FEFFAEE68B57F00
key=encoded, no.=67, <checksum>:
0x56C8B468329592044FEFFAEE68B57F00
key=encoded, no.=67, cso file:
/dev/null
----------------------------------------------
real command=cset shield -e /home/nrink/Projects/build/encode/encode/tests/array_sum/array_sum.perf.encoded --  --cso /dev/null
key=encoded, no.=68, <stderr>:
LENGTH=4000
elapsed cycles: 3585588
hi(checksum)=0x56C8B46832959204
lo(checksum)=0x4FEFFAEE68B57F00
key=encoded, no.=68, <checksum>:
0x56C8B468329592044FEFFAEE68B57F00
key=encoded, no.=68, cso file:
/dev/null
----------------------------------------------
real command=cset shield -e /home/nrink/Projects/build/encode/encode/tests/array_sum/array_sum.perf.encoded --  --cso /dev/null
key=encoded, no.=69, <stderr>:
LENGTH=4000
elapsed cycles: 3632691
hi(checksum)=0x56C8B46832959204
lo(checksum)=0x4FEFFAEE68B57F00
key=encoded, no.=69, <checksum>:
0x56C8B468329592044FEFFAEE68B57F00
key=encoded, no.=69, cso file:
/dev/null
----------------------------------------------
real command=cset shield -e /home/nrink/Projects/build/encode/encode/tests/array_sum/array_sum.perf.encoded --  --cso /dev/null
key=encoded, no.=70, <stderr>:
LENGTH=4000
elapsed cycles: 3587832
hi(checksum)=0x56C8B46832959204
lo(checksum)=0x4FEFFAEE68B57F00
key=encoded, no.=70, <checksum>:
0x56C8B468329592044FEFFAEE68B57F00
key=encoded, no.=70, cso file:
/dev/null
----------------------------------------------
real command=cset shield -e /home/nrink/Projects/build/encode/encode/tests/array_sum/array_sum.perf.encoded --  --cso /dev/null
key=encoded, no.=71, <stderr>:
LENGTH=4000
elapsed cycles: 3618708
hi(checksum)=0x56C8B46832959204
lo(checksum)=0x4FEFFAEE68B57F00
key=encoded, no.=71, <checksum>:
0x56C8B468329592044FEFFAEE68B57F00
key=encoded, no.=71, cso file:
/dev/null
----------------------------------------------
real command=cset shield -e /home/nrink/Projects/build/encode/encode/tests/array_sum/array_sum.perf.encoded --  --cso /dev/null
key=encoded, no.=72, <stderr>:
LENGTH=4000
elapsed cycles: 3517200
hi(checksum)=0x56C8B46832959204
lo(checksum)=0x4FEFFAEE68B57F00
key=encoded, no.=72, <checksum>:
0x56C8B468329592044FEFFAEE68B57F00
key=encoded, no.=72, cso file:
/dev/null
----------------------------------------------
real command=cset shield -e /home/nrink/Projects/build/encode/encode/tests/array_sum/array_sum.perf.encoded --  --cso /dev/null
key=encoded, no.=73, <stderr>:
LENGTH=4000
elapsed cycles: 3513234
hi(checksum)=0x56C8B46832959204
lo(checksum)=0x4FEFFAEE68B57F00
key=encoded, no.=73, <checksum>:
0x56C8B468329592044FEFFAEE68B57F00
key=encoded, no.=73, cso file:
/dev/null
----------------------------------------------
real command=cset shield -e /home/nrink/Projects/build/encode/encode/tests/array_sum/array_sum.perf.encoded --  --cso /dev/null
key=encoded, no.=74, <stderr>:
LENGTH=4000
elapsed cycles: 3514371
hi(checksum)=0x56C8B46832959204
lo(checksum)=0x4FEFFAEE68B57F00
key=encoded, no.=74, <checksum>:
0x56C8B468329592044FEFFAEE68B57F00
key=encoded, no.=74, cso file:
/dev/null
----------------------------------------------
real command=cset shield -e /home/nrink/Projects/build/encode/encode/tests/array_sum/array_sum.perf.encoded --  --cso /dev/null
key=encoded, no.=75, <stderr>:
LENGTH=4000
elapsed cycles: 3642084
hi(checksum)=0x56C8B46832959204
lo(checksum)=0x4FEFFAEE68B57F00
key=encoded, no.=75, <checksum>:
0x56C8B468329592044FEFFAEE68B57F00
key=encoded, no.=75, cso file:
/dev/null
----------------------------------------------
real command=cset shield -e /home/nrink/Projects/build/encode/encode/tests/array_sum/array_sum.perf.encoded --  --cso /dev/null
key=encoded, no.=76, <stderr>:
LENGTH=4000
elapsed cycles: 3508617
hi(checksum)=0x56C8B46832959204
lo(checksum)=0x4FEFFAEE68B57F00
key=encoded, no.=76, <checksum>:
0x56C8B468329592044FEFFAEE68B57F00
key=encoded, no.=76, cso file:
/dev/null
----------------------------------------------
real command=cset shield -e /home/nrink/Projects/build/encode/encode/tests/array_sum/array_sum.perf.encoded --  --cso /dev/null
key=encoded, no.=77, <stderr>:
LENGTH=4000
elapsed cycles: 3560847
hi(checksum)=0x56C8B46832959204
lo(checksum)=0x4FEFFAEE68B57F00
key=encoded, no.=77, <checksum>:
0x56C8B468329592044FEFFAEE68B57F00
key=encoded, no.=77, cso file:
/dev/null
----------------------------------------------
real command=cset shield -e /home/nrink/Projects/build/encode/encode/tests/array_sum/array_sum.perf.encoded --  --cso /dev/null
key=encoded, no.=78, <stderr>:
LENGTH=4000
elapsed cycles: 3758286
hi(checksum)=0x56C8B46832959204
lo(checksum)=0x4FEFFAEE68B57F00
key=encoded, no.=78, <checksum>:
0x56C8B468329592044FEFFAEE68B57F00
key=encoded, no.=78, cso file:
/dev/null
----------------------------------------------
real command=cset shield -e /home/nrink/Projects/build/encode/encode/tests/array_sum/array_sum.perf.encoded --  --cso /dev/null
key=encoded, no.=79, <stderr>:
LENGTH=4000
elapsed cycles: 3515010
hi(checksum)=0x56C8B46832959204
lo(checksum)=0x4FEFFAEE68B57F00
key=encoded, no.=79, <checksum>:
0x56C8B468329592044FEFFAEE68B57F00
key=encoded, no.=79, cso file:
/dev/null
----------------------------------------------
real command=cset shield -e /home/nrink/Projects/build/encode/encode/tests/array_sum/array_sum.perf.encoded --  --cso /dev/null
key=encoded, no.=80, <stderr>:
LENGTH=4000
elapsed cycles: 3514254
hi(checksum)=0x56C8B46832959204
lo(checksum)=0x4FEFFAEE68B57F00
key=encoded, no.=80, <checksum>:
0x56C8B468329592044FEFFAEE68B57F00
key=encoded, no.=80, cso file:
/dev/null
----------------------------------------------
real command=cset shield -e /home/nrink/Projects/build/encode/encode/tests/array_sum/array_sum.perf.encoded --  --cso /dev/null
key=encoded, no.=81, <stderr>:
LENGTH=4000
elapsed cycles: 3572094
hi(checksum)=0x56C8B46832959204
lo(checksum)=0x4FEFFAEE68B57F00
key=encoded, no.=81, <checksum>:
0x56C8B468329592044FEFFAEE68B57F00
key=encoded, no.=81, cso file:
/dev/null
----------------------------------------------
real command=cset shield -e /home/nrink/Projects/build/encode/encode/tests/array_sum/array_sum.perf.encoded --  --cso /dev/null
key=encoded, no.=82, <stderr>:
LENGTH=4000
elapsed cycles: 3510396
hi(checksum)=0x56C8B46832959204
lo(checksum)=0x4FEFFAEE68B57F00
key=encoded, no.=82, <checksum>:
0x56C8B468329592044FEFFAEE68B57F00
key=encoded, no.=82, cso file:
/dev/null
----------------------------------------------
real command=cset shield -e /home/nrink/Projects/build/encode/encode/tests/array_sum/array_sum.perf.encoded --  --cso /dev/null
key=encoded, no.=83, <stderr>:
LENGTH=4000
elapsed cycles: 3547719
hi(checksum)=0x56C8B46832959204
lo(checksum)=0x4FEFFAEE68B57F00
key=encoded, no.=83, <checksum>:
0x56C8B468329592044FEFFAEE68B57F00
key=encoded, no.=83, cso file:
/dev/null
----------------------------------------------
real command=cset shield -e /home/nrink/Projects/build/encode/encode/tests/array_sum/array_sum.perf.encoded --  --cso /dev/null
key=encoded, no.=84, <stderr>:
LENGTH=4000
elapsed cycles: 3589191
hi(checksum)=0x56C8B46832959204
lo(checksum)=0x4FEFFAEE68B57F00
key=encoded, no.=84, <checksum>:
0x56C8B468329592044FEFFAEE68B57F00
key=encoded, no.=84, cso file:
/dev/null
----------------------------------------------
real command=cset shield -e /home/nrink/Projects/build/encode/encode/tests/array_sum/array_sum.perf.encoded --  --cso /dev/null
key=encoded, no.=85, <stderr>:
LENGTH=4000
elapsed cycles: 3514821
hi(checksum)=0x56C8B46832959204
lo(checksum)=0x4FEFFAEE68B57F00
key=encoded, no.=85, <checksum>:
0x56C8B468329592044FEFFAEE68B57F00
key=encoded, no.=85, cso file:
/dev/null
----------------------------------------------
real command=cset shield -e /home/nrink/Projects/build/encode/encode/tests/array_sum/array_sum.perf.encoded --  --cso /dev/null
key=encoded, no.=86, <stderr>:
LENGTH=4000
elapsed cycles: 3503076
hi(checksum)=0x56C8B46832959204
lo(checksum)=0x4FEFFAEE68B57F00
key=encoded, no.=86, <checksum>:
0x56C8B468329592044FEFFAEE68B57F00
key=encoded, no.=86, cso file:
/dev/null
----------------------------------------------
real command=cset shield -e /home/nrink/Projects/build/encode/encode/tests/array_sum/array_sum.perf.encoded --  --cso /dev/null
key=encoded, no.=87, <stderr>:
LENGTH=4000
elapsed cycles: 3543771
hi(checksum)=0x56C8B46832959204
lo(checksum)=0x4FEFFAEE68B57F00
key=encoded, no.=87, <checksum>:
0x56C8B468329592044FEFFAEE68B57F00
key=encoded, no.=87, cso file:
/dev/null
----------------------------------------------
real command=cset shield -e /home/nrink/Projects/build/encode/encode/tests/array_sum/array_sum.perf.encoded --  --cso /dev/null
key=encoded, no.=88, <stderr>:
LENGTH=4000
elapsed cycles: 3540846
hi(checksum)=0x56C8B46832959204
lo(checksum)=0x4FEFFAEE68B57F00
key=encoded, no.=88, <checksum>:
0x56C8B468329592044FEFFAEE68B57F00
key=encoded, no.=88, cso file:
/dev/null
----------------------------------------------
real command=cset shield -e /home/nrink/Projects/build/encode/encode/tests/array_sum/array_sum.perf.encoded --  --cso /dev/null
key=encoded, no.=89, <stderr>:
LENGTH=4000
elapsed cycles: 3548415
hi(checksum)=0x56C8B46832959204
lo(checksum)=0x4FEFFAEE68B57F00
key=encoded, no.=89, <checksum>:
0x56C8B468329592044FEFFAEE68B57F00
key=encoded, no.=89, cso file:
/dev/null
----------------------------------------------
real command=cset shield -e /home/nrink/Projects/build/encode/encode/tests/array_sum/array_sum.perf.encoded --  --cso /dev/null
key=encoded, no.=90, <stderr>:
LENGTH=4000
elapsed cycles: 3529548
hi(checksum)=0x56C8B46832959204
lo(checksum)=0x4FEFFAEE68B57F00
key=encoded, no.=90, <checksum>:
0x56C8B468329592044FEFFAEE68B57F00
key=encoded, no.=90, cso file:
/dev/null
----------------------------------------------
real command=cset shield -e /home/nrink/Projects/build/encode/encode/tests/array_sum/array_sum.perf.encoded --  --cso /dev/null
key=encoded, no.=91, <stderr>:
LENGTH=4000
elapsed cycles: 3634959
hi(checksum)=0x56C8B46832959204
lo(checksum)=0x4FEFFAEE68B57F00
key=encoded, no.=91, <checksum>:
0x56C8B468329592044FEFFAEE68B57F00
key=encoded, no.=91, cso file:
/dev/null
----------------------------------------------
real command=cset shield -e /home/nrink/Projects/build/encode/encode/tests/array_sum/array_sum.perf.encoded --  --cso /dev/null
key=encoded, no.=92, <stderr>:
LENGTH=4000
elapsed cycles: 3516354
hi(checksum)=0x56C8B46832959204
lo(checksum)=0x4FEFFAEE68B57F00
key=encoded, no.=92, <checksum>:
0x56C8B468329592044FEFFAEE68B57F00
key=encoded, no.=92, cso file:
/dev/null
----------------------------------------------
real command=cset shield -e /home/nrink/Projects/build/encode/encode/tests/array_sum/array_sum.perf.encoded --  --cso /dev/null
key=encoded, no.=93, <stderr>:
LENGTH=4000
elapsed cycles: 3546231
hi(checksum)=0x56C8B46832959204
lo(checksum)=0x4FEFFAEE68B57F00
key=encoded, no.=93, <checksum>:
0x56C8B468329592044FEFFAEE68B57F00
key=encoded, no.=93, cso file:
/dev/null
----------------------------------------------
real command=cset shield -e /home/nrink/Projects/build/encode/encode/tests/array_sum/array_sum.perf.encoded --  --cso /dev/null
key=encoded, no.=94, <stderr>:
LENGTH=4000
elapsed cycles: 3510390
hi(checksum)=0x56C8B46832959204
lo(checksum)=0x4FEFFAEE68B57F00
key=encoded, no.=94, <checksum>:
0x56C8B468329592044FEFFAEE68B57F00
key=encoded, no.=94, cso file:
/dev/null
----------------------------------------------
real command=cset shield -e /home/nrink/Projects/build/encode/encode/tests/array_sum/array_sum.perf.encoded --  --cso /dev/null
key=encoded, no.=95, <stderr>:
LENGTH=4000
elapsed cycles: 3530130
hi(checksum)=0x56C8B46832959204
lo(checksum)=0x4FEFFAEE68B57F00
key=encoded, no.=95, <checksum>:
0x56C8B468329592044FEFFAEE68B57F00
key=encoded, no.=95, cso file:
/dev/null
----------------------------------------------
real command=cset shield -e /home/nrink/Projects/build/encode/encode/tests/array_sum/array_sum.perf.encoded --  --cso /dev/null
key=encoded, no.=96, <stderr>:
LENGTH=4000
elapsed cycles: 3529101
hi(checksum)=0x56C8B46832959204
lo(checksum)=0x4FEFFAEE68B57F00
key=encoded, no.=96, <checksum>:
0x56C8B468329592044FEFFAEE68B57F00
key=encoded, no.=96, cso file:
/dev/null
----------------------------------------------
real command=cset shield -e /home/nrink/Projects/build/encode/encode/tests/array_sum/array_sum.perf.encoded --  --cso /dev/null
key=encoded, no.=97, <stderr>:
LENGTH=4000
elapsed cycles: 3657432
hi(checksum)=0x56C8B46832959204
lo(checksum)=0x4FEFFAEE68B57F00
key=encoded, no.=97, <checksum>:
0x56C8B468329592044FEFFAEE68B57F00
key=encoded, no.=97, cso file:
/dev/null
----------------------------------------------
real command=cset shield -e /home/nrink/Projects/build/encode/encode/tests/array_sum/array_sum.perf.encoded --  --cso /dev/null
key=encoded, no.=98, <stderr>:
LENGTH=4000
elapsed cycles: 3517191
hi(checksum)=0x56C8B46832959204
lo(checksum)=0x4FEFFAEE68B57F00
key=encoded, no.=98, <checksum>:
0x56C8B468329592044FEFFAEE68B57F00
key=encoded, no.=98, cso file:
/dev/null
----------------------------------------------
real command=cset shield -e /home/nrink/Projects/build/encode/encode/tests/array_sum/array_sum.perf.encoded --  --cso /dev/null
key=encoded, no.=99, <stderr>:
LENGTH=4000
elapsed cycles: 3549468
hi(checksum)=0x56C8B46832959204
lo(checksum)=0x4FEFFAEE68B57F00
key=encoded, no.=99, <checksum>:
0x56C8B468329592044FEFFAEE68B57F00
key=encoded, no.=99, cso file:
/dev/null
----------------------------------------------
