<stderr> from running /home/nrink/Projects/pin-2.14-71313-gcc.4.4.7-linux/pin.sh -t /home/nrink/Projects/bfi/obj-intel64/bfi.so -trigger 163500 -cmd WVAL -seed 1 -mask 162 -- /home/nrink/Projects/build/encode/encode/tests/ptrarith/ptrarith.cover.plain --cso ./2015-05-05_17:15:54/ptrarith/cover/cs/plain.57.cso --csl ./2015-05-05_17:15:54/ptrarith/cover/cs/plain.57.csl:
[.:    0, IP = 0x4008fe, i = 163500, wa = 0, ra = 0, rr = 0, wr = 0, it = 0, t = 0]
	access = write, size = 16, value = 0, value' = 162, addr = 0x603120, op = 0
elapsed cycles: 18149694
hi(checksum)=0x216D864BD5C7A741
lo(checksum)=0xE5C9AB1641E9C16A
**********************
INSTR   = 177509
WADDR   = 0
RADDR   = 0
RREG    = 0
WREG    = 0
ITER    = 0
TRIGGER = 163500
TTYPE   = IN
COMMAND = WVAL
SEL     = -1
SEED    = 1
MASK    = 0xa2
THREAD  = 0
ELAPSED = 1.11s
----------------------------------------------------------------
