<stderr> from running /home/nrink/Projects/pin-2.14-71313-gcc.4.4.7-linux/pin.sh -t /home/nrink/Projects/bfi/obj-intel64/bfi.so -trigger 165589 -cmd RVAL -seed 1 -mask 239 -- /home/nrink/Projects/build/encode/encode/tests/ptrarith/ptrarith.cover.encoded --cso ./2015-05-05_17:15:54/ptrarith/cover/cs/encoded.76.cso --csl ./2015-05-05_17:15:54/ptrarith/cover/cs/encoded.76.csl:
[.:    0, IP = 0x4010dc, i = 165604, wa = 0, ra = 0, rr = 0, wr = 0, it = 0, t = 0]
	access = read, size = 8, value = 1815548328, value' = 1815548231, addr = 0x7fffffffe128, op = 0
elapsed cycles: 665814645
hi(checksum)=0xBF1694865CA48119
lo(checksum)=0x17F6DE790EDB52F0
**********************
INSTR   = 184285
WADDR   = 0
RADDR   = 0
RREG    = 0
WREG    = 0
ITER    = 0
TRIGGER = 165589
TTYPE   = IN
COMMAND = RVAL
SEL     = -1
SEED    = 1
MASK    = 0xef
THREAD  = 0
ELAPSED = 1.48s
----------------------------------------------------------------
