key=plain, runs=100 ...
command=/home/nrink/Projects/build/encode/encode/tests/ptrarith/ptrarith.perf.plain
----------------------------------------------
real command=cset shield -e /home/nrink/Projects/build/encode/encode/tests/ptrarith/ptrarith.perf.plain --  --cso /dev/null
key=plain, no.=0, <stderr>:
LENGTH=2
elapsed cycles: 3666
hi(checksum)=0xF44AFDB2766A4E2E
lo(checksum)=0x54976F8F76F90AF4
key=plain, no.=0, <checksum>:
0xF44AFDB2766A4E2E54976F8F76F90AF4
key=plain, no.=0, cso file:
/dev/null
----------------------------------------------
real command=cset shield -e /home/nrink/Projects/build/encode/encode/tests/ptrarith/ptrarith.perf.plain --  --cso /dev/null
key=plain, no.=1, <stderr>:
LENGTH=2
elapsed cycles: 4545
hi(checksum)=0xF44AFDB2766A4E2E
lo(checksum)=0x54976F8F76F90AF4
key=plain, no.=1, <checksum>:
0xF44AFDB2766A4E2E54976F8F76F90AF4
key=plain, no.=1, cso file:
/dev/null
----------------------------------------------
real command=cset shield -e /home/nrink/Projects/build/encode/encode/tests/ptrarith/ptrarith.perf.plain --  --cso /dev/null
key=plain, no.=2, <stderr>:
LENGTH=2
elapsed cycles: 4917
hi(checksum)=0xF44AFDB2766A4E2E
lo(checksum)=0x54976F8F76F90AF4
key=plain, no.=2, <checksum>:
0xF44AFDB2766A4E2E54976F8F76F90AF4
key=plain, no.=2, cso file:
/dev/null
----------------------------------------------
real command=cset shield -e /home/nrink/Projects/build/encode/encode/tests/ptrarith/ptrarith.perf.plain --  --cso /dev/null
key=plain, no.=3, <stderr>:
LENGTH=2
elapsed cycles: 4749
hi(checksum)=0xF44AFDB2766A4E2E
lo(checksum)=0x54976F8F76F90AF4
key=plain, no.=3, <checksum>:
0xF44AFDB2766A4E2E54976F8F76F90AF4
key=plain, no.=3, cso file:
/dev/null
----------------------------------------------
real command=cset shield -e /home/nrink/Projects/build/encode/encode/tests/ptrarith/ptrarith.perf.plain --  --cso /dev/null
key=plain, no.=4, <stderr>:
LENGTH=2
elapsed cycles: 4767
hi(checksum)=0xF44AFDB2766A4E2E
lo(checksum)=0x54976F8F76F90AF4
key=plain, no.=4, <checksum>:
0xF44AFDB2766A4E2E54976F8F76F90AF4
key=plain, no.=4, cso file:
/dev/null
----------------------------------------------
real command=cset shield -e /home/nrink/Projects/build/encode/encode/tests/ptrarith/ptrarith.perf.plain --  --cso /dev/null
key=plain, no.=5, <stderr>:
LENGTH=2
elapsed cycles: 4650
hi(checksum)=0xF44AFDB2766A4E2E
lo(checksum)=0x54976F8F76F90AF4
key=plain, no.=5, <checksum>:
0xF44AFDB2766A4E2E54976F8F76F90AF4
key=plain, no.=5, cso file:
/dev/null
----------------------------------------------
real command=cset shield -e /home/nrink/Projects/build/encode/encode/tests/ptrarith/ptrarith.perf.plain --  --cso /dev/null
key=plain, no.=6, <stderr>:
LENGTH=2
elapsed cycles: 4800
hi(checksum)=0xF44AFDB2766A4E2E
lo(checksum)=0x54976F8F76F90AF4
key=plain, no.=6, <checksum>:
0xF44AFDB2766A4E2E54976F8F76F90AF4
key=plain, no.=6, cso file:
/dev/null
----------------------------------------------
real command=cset shield -e /home/nrink/Projects/build/encode/encode/tests/ptrarith/ptrarith.perf.plain --  --cso /dev/null
key=plain, no.=7, <stderr>:
LENGTH=2
elapsed cycles: 4767
hi(checksum)=0xF44AFDB2766A4E2E
lo(checksum)=0x54976F8F76F90AF4
key=plain, no.=7, <checksum>:
0xF44AFDB2766A4E2E54976F8F76F90AF4
key=plain, no.=7, cso file:
/dev/null
----------------------------------------------
real command=cset shield -e /home/nrink/Projects/build/encode/encode/tests/ptrarith/ptrarith.perf.plain --  --cso /dev/null
key=plain, no.=8, <stderr>:
LENGTH=2
elapsed cycles: 4479
hi(checksum)=0xF44AFDB2766A4E2E
lo(checksum)=0x54976F8F76F90AF4
key=plain, no.=8, <checksum>:
0xF44AFDB2766A4E2E54976F8F76F90AF4
key=plain, no.=8, cso file:
/dev/null
----------------------------------------------
real command=cset shield -e /home/nrink/Projects/build/encode/encode/tests/ptrarith/ptrarith.perf.plain --  --cso /dev/null
key=plain, no.=9, <stderr>:
LENGTH=2
elapsed cycles: 4395
hi(checksum)=0xF44AFDB2766A4E2E
lo(checksum)=0x54976F8F76F90AF4
key=plain, no.=9, <checksum>:
0xF44AFDB2766A4E2E54976F8F76F90AF4
key=plain, no.=9, cso file:
/dev/null
----------------------------------------------
real command=cset shield -e /home/nrink/Projects/build/encode/encode/tests/ptrarith/ptrarith.perf.plain --  --cso /dev/null
key=plain, no.=10, <stderr>:
LENGTH=2
elapsed cycles: 4764
hi(checksum)=0xF44AFDB2766A4E2E
lo(checksum)=0x54976F8F76F90AF4
key=plain, no.=10, <checksum>:
0xF44AFDB2766A4E2E54976F8F76F90AF4
key=plain, no.=10, cso file:
/dev/null
----------------------------------------------
real command=cset shield -e /home/nrink/Projects/build/encode/encode/tests/ptrarith/ptrarith.perf.plain --  --cso /dev/null
key=plain, no.=11, <stderr>:
LENGTH=2
elapsed cycles: 4755
hi(checksum)=0xF44AFDB2766A4E2E
lo(checksum)=0x54976F8F76F90AF4
key=plain, no.=11, <checksum>:
0xF44AFDB2766A4E2E54976F8F76F90AF4
key=plain, no.=11, cso file:
/dev/null
----------------------------------------------
real command=cset shield -e /home/nrink/Projects/build/encode/encode/tests/ptrarith/ptrarith.perf.plain --  --cso /dev/null
key=plain, no.=12, <stderr>:
LENGTH=2
elapsed cycles: 4638
hi(checksum)=0xF44AFDB2766A4E2E
lo(checksum)=0x54976F8F76F90AF4
key=plain, no.=12, <checksum>:
0xF44AFDB2766A4E2E54976F8F76F90AF4
key=plain, no.=12, cso file:
/dev/null
----------------------------------------------
real command=cset shield -e /home/nrink/Projects/build/encode/encode/tests/ptrarith/ptrarith.perf.plain --  --cso /dev/null
key=plain, no.=13, <stderr>:
LENGTH=2
elapsed cycles: 4335
hi(checksum)=0xF44AFDB2766A4E2E
lo(checksum)=0x54976F8F76F90AF4
key=plain, no.=13, <checksum>:
0xF44AFDB2766A4E2E54976F8F76F90AF4
key=plain, no.=13, cso file:
/dev/null
----------------------------------------------
real command=cset shield -e /home/nrink/Projects/build/encode/encode/tests/ptrarith/ptrarith.perf.plain --  --cso /dev/null
key=plain, no.=14, <stderr>:
LENGTH=2
elapsed cycles: 4845
hi(checksum)=0xF44AFDB2766A4E2E
lo(checksum)=0x54976F8F76F90AF4
key=plain, no.=14, <checksum>:
0xF44AFDB2766A4E2E54976F8F76F90AF4
key=plain, no.=14, cso file:
/dev/null
----------------------------------------------
real command=cset shield -e /home/nrink/Projects/build/encode/encode/tests/ptrarith/ptrarith.perf.plain --  --cso /dev/null
key=plain, no.=15, <stderr>:
LENGTH=2
elapsed cycles: 4287
hi(checksum)=0xF44AFDB2766A4E2E
lo(checksum)=0x54976F8F76F90AF4
key=plain, no.=15, <checksum>:
0xF44AFDB2766A4E2E54976F8F76F90AF4
key=plain, no.=15, cso file:
/dev/null
----------------------------------------------
real command=cset shield -e /home/nrink/Projects/build/encode/encode/tests/ptrarith/ptrarith.perf.plain --  --cso /dev/null
key=plain, no.=16, <stderr>:
LENGTH=2
elapsed cycles: 4446
hi(checksum)=0xF44AFDB2766A4E2E
lo(checksum)=0x54976F8F76F90AF4
key=plain, no.=16, <checksum>:
0xF44AFDB2766A4E2E54976F8F76F90AF4
key=plain, no.=16, cso file:
/dev/null
----------------------------------------------
real command=cset shield -e /home/nrink/Projects/build/encode/encode/tests/ptrarith/ptrarith.perf.plain --  --cso /dev/null
key=plain, no.=17, <stderr>:
LENGTH=2
elapsed cycles: 4407
hi(checksum)=0xF44AFDB2766A4E2E
lo(checksum)=0x54976F8F76F90AF4
key=plain, no.=17, <checksum>:
0xF44AFDB2766A4E2E54976F8F76F90AF4
key=plain, no.=17, cso file:
/dev/null
----------------------------------------------
real command=cset shield -e /home/nrink/Projects/build/encode/encode/tests/ptrarith/ptrarith.perf.plain --  --cso /dev/null
key=plain, no.=18, <stderr>:
LENGTH=2
elapsed cycles: 4371
hi(checksum)=0xF44AFDB2766A4E2E
lo(checksum)=0x54976F8F76F90AF4
key=plain, no.=18, <checksum>:
0xF44AFDB2766A4E2E54976F8F76F90AF4
key=plain, no.=18, cso file:
/dev/null
----------------------------------------------
real command=cset shield -e /home/nrink/Projects/build/encode/encode/tests/ptrarith/ptrarith.perf.plain --  --cso /dev/null
key=plain, no.=19, <stderr>:
LENGTH=2
elapsed cycles: 4713
hi(checksum)=0xF44AFDB2766A4E2E
lo(checksum)=0x54976F8F76F90AF4
key=plain, no.=19, <checksum>:
0xF44AFDB2766A4E2E54976F8F76F90AF4
key=plain, no.=19, cso file:
/dev/null
----------------------------------------------
real command=cset shield -e /home/nrink/Projects/build/encode/encode/tests/ptrarith/ptrarith.perf.plain --  --cso /dev/null
key=plain, no.=20, <stderr>:
LENGTH=2
elapsed cycles: 4737
hi(checksum)=0xF44AFDB2766A4E2E
lo(checksum)=0x54976F8F76F90AF4
key=plain, no.=20, <checksum>:
0xF44AFDB2766A4E2E54976F8F76F90AF4
key=plain, no.=20, cso file:
/dev/null
----------------------------------------------
real command=cset shield -e /home/nrink/Projects/build/encode/encode/tests/ptrarith/ptrarith.perf.plain --  --cso /dev/null
key=plain, no.=21, <stderr>:
LENGTH=2
elapsed cycles: 4344
hi(checksum)=0xF44AFDB2766A4E2E
lo(checksum)=0x54976F8F76F90AF4
key=plain, no.=21, <checksum>:
0xF44AFDB2766A4E2E54976F8F76F90AF4
key=plain, no.=21, cso file:
/dev/null
----------------------------------------------
real command=cset shield -e /home/nrink/Projects/build/encode/encode/tests/ptrarith/ptrarith.perf.plain --  --cso /dev/null
key=plain, no.=22, <stderr>:
LENGTH=2
elapsed cycles: 4797
hi(checksum)=0xF44AFDB2766A4E2E
lo(checksum)=0x54976F8F76F90AF4
key=plain, no.=22, <checksum>:
0xF44AFDB2766A4E2E54976F8F76F90AF4
key=plain, no.=22, cso file:
/dev/null
----------------------------------------------
real command=cset shield -e /home/nrink/Projects/build/encode/encode/tests/ptrarith/ptrarith.perf.plain --  --cso /dev/null
key=plain, no.=23, <stderr>:
LENGTH=2
elapsed cycles: 4446
hi(checksum)=0xF44AFDB2766A4E2E
lo(checksum)=0x54976F8F76F90AF4
key=plain, no.=23, <checksum>:
0xF44AFDB2766A4E2E54976F8F76F90AF4
key=plain, no.=23, cso file:
/dev/null
----------------------------------------------
real command=cset shield -e /home/nrink/Projects/build/encode/encode/tests/ptrarith/ptrarith.perf.plain --  --cso /dev/null
key=plain, no.=24, <stderr>:
LENGTH=2
elapsed cycles: 4425
hi(checksum)=0xF44AFDB2766A4E2E
lo(checksum)=0x54976F8F76F90AF4
key=plain, no.=24, <checksum>:
0xF44AFDB2766A4E2E54976F8F76F90AF4
key=plain, no.=24, cso file:
/dev/null
----------------------------------------------
real command=cset shield -e /home/nrink/Projects/build/encode/encode/tests/ptrarith/ptrarith.perf.plain --  --cso /dev/null
key=plain, no.=25, <stderr>:
LENGTH=2
elapsed cycles: 4401
hi(checksum)=0xF44AFDB2766A4E2E
lo(checksum)=0x54976F8F76F90AF4
key=plain, no.=25, <checksum>:
0xF44AFDB2766A4E2E54976F8F76F90AF4
key=plain, no.=25, cso file:
/dev/null
----------------------------------------------
real command=cset shield -e /home/nrink/Projects/build/encode/encode/tests/ptrarith/ptrarith.perf.plain --  --cso /dev/null
key=plain, no.=26, <stderr>:
LENGTH=2
elapsed cycles: 4794
hi(checksum)=0xF44AFDB2766A4E2E
lo(checksum)=0x54976F8F76F90AF4
key=plain, no.=26, <checksum>:
0xF44AFDB2766A4E2E54976F8F76F90AF4
key=plain, no.=26, cso file:
/dev/null
----------------------------------------------
real command=cset shield -e /home/nrink/Projects/build/encode/encode/tests/ptrarith/ptrarith.perf.plain --  --cso /dev/null
key=plain, no.=27, <stderr>:
LENGTH=2
elapsed cycles: 4656
hi(checksum)=0xF44AFDB2766A4E2E
lo(checksum)=0x54976F8F76F90AF4
key=plain, no.=27, <checksum>:
0xF44AFDB2766A4E2E54976F8F76F90AF4
key=plain, no.=27, cso file:
/dev/null
----------------------------------------------
real command=cset shield -e /home/nrink/Projects/build/encode/encode/tests/ptrarith/ptrarith.perf.plain --  --cso /dev/null
key=plain, no.=28, <stderr>:
LENGTH=2
elapsed cycles: 4692
hi(checksum)=0xF44AFDB2766A4E2E
lo(checksum)=0x54976F8F76F90AF4
key=plain, no.=28, <checksum>:
0xF44AFDB2766A4E2E54976F8F76F90AF4
key=plain, no.=28, cso file:
/dev/null
----------------------------------------------
real command=cset shield -e /home/nrink/Projects/build/encode/encode/tests/ptrarith/ptrarith.perf.plain --  --cso /dev/null
key=plain, no.=29, <stderr>:
LENGTH=2
elapsed cycles: 4779
hi(checksum)=0xF44AFDB2766A4E2E
lo(checksum)=0x54976F8F76F90AF4
key=plain, no.=29, <checksum>:
0xF44AFDB2766A4E2E54976F8F76F90AF4
key=plain, no.=29, cso file:
/dev/null
----------------------------------------------
real command=cset shield -e /home/nrink/Projects/build/encode/encode/tests/ptrarith/ptrarith.perf.plain --  --cso /dev/null
key=plain, no.=30, <stderr>:
LENGTH=2
elapsed cycles: 4746
hi(checksum)=0xF44AFDB2766A4E2E
lo(checksum)=0x54976F8F76F90AF4
key=plain, no.=30, <checksum>:
0xF44AFDB2766A4E2E54976F8F76F90AF4
key=plain, no.=30, cso file:
/dev/null
----------------------------------------------
real command=cset shield -e /home/nrink/Projects/build/encode/encode/tests/ptrarith/ptrarith.perf.plain --  --cso /dev/null
key=plain, no.=31, <stderr>:
LENGTH=2
elapsed cycles: 4662
hi(checksum)=0xF44AFDB2766A4E2E
lo(checksum)=0x54976F8F76F90AF4
key=plain, no.=31, <checksum>:
0xF44AFDB2766A4E2E54976F8F76F90AF4
key=plain, no.=31, cso file:
/dev/null
----------------------------------------------
real command=cset shield -e /home/nrink/Projects/build/encode/encode/tests/ptrarith/ptrarith.perf.plain --  --cso /dev/null
key=plain, no.=32, <stderr>:
LENGTH=2
elapsed cycles: 4398
hi(checksum)=0xF44AFDB2766A4E2E
lo(checksum)=0x54976F8F76F90AF4
key=plain, no.=32, <checksum>:
0xF44AFDB2766A4E2E54976F8F76F90AF4
key=plain, no.=32, cso file:
/dev/null
----------------------------------------------
real command=cset shield -e /home/nrink/Projects/build/encode/encode/tests/ptrarith/ptrarith.perf.plain --  --cso /dev/null
key=plain, no.=33, <stderr>:
LENGTH=2
elapsed cycles: 4395
hi(checksum)=0xF44AFDB2766A4E2E
lo(checksum)=0x54976F8F76F90AF4
key=plain, no.=33, <checksum>:
0xF44AFDB2766A4E2E54976F8F76F90AF4
key=plain, no.=33, cso file:
/dev/null
----------------------------------------------
real command=cset shield -e /home/nrink/Projects/build/encode/encode/tests/ptrarith/ptrarith.perf.plain --  --cso /dev/null
key=plain, no.=34, <stderr>:
LENGTH=2
elapsed cycles: 4503
hi(checksum)=0xF44AFDB2766A4E2E
lo(checksum)=0x54976F8F76F90AF4
key=plain, no.=34, <checksum>:
0xF44AFDB2766A4E2E54976F8F76F90AF4
key=plain, no.=34, cso file:
/dev/null
----------------------------------------------
real command=cset shield -e /home/nrink/Projects/build/encode/encode/tests/ptrarith/ptrarith.perf.plain --  --cso /dev/null
key=plain, no.=35, <stderr>:
LENGTH=2
elapsed cycles: 4416
hi(checksum)=0xF44AFDB2766A4E2E
lo(checksum)=0x54976F8F76F90AF4
key=plain, no.=35, <checksum>:
0xF44AFDB2766A4E2E54976F8F76F90AF4
key=plain, no.=35, cso file:
/dev/null
----------------------------------------------
real command=cset shield -e /home/nrink/Projects/build/encode/encode/tests/ptrarith/ptrarith.perf.plain --  --cso /dev/null
key=plain, no.=36, <stderr>:
LENGTH=2
elapsed cycles: 4362
hi(checksum)=0xF44AFDB2766A4E2E
lo(checksum)=0x54976F8F76F90AF4
key=plain, no.=36, <checksum>:
0xF44AFDB2766A4E2E54976F8F76F90AF4
key=plain, no.=36, cso file:
/dev/null
----------------------------------------------
real command=cset shield -e /home/nrink/Projects/build/encode/encode/tests/ptrarith/ptrarith.perf.plain --  --cso /dev/null
key=plain, no.=37, <stderr>:
LENGTH=2
elapsed cycles: 4332
hi(checksum)=0xF44AFDB2766A4E2E
lo(checksum)=0x54976F8F76F90AF4
key=plain, no.=37, <checksum>:
0xF44AFDB2766A4E2E54976F8F76F90AF4
key=plain, no.=37, cso file:
/dev/null
----------------------------------------------
real command=cset shield -e /home/nrink/Projects/build/encode/encode/tests/ptrarith/ptrarith.perf.plain --  --cso /dev/null
key=plain, no.=38, <stderr>:
LENGTH=2
elapsed cycles: 4386
hi(checksum)=0xF44AFDB2766A4E2E
lo(checksum)=0x54976F8F76F90AF4
key=plain, no.=38, <checksum>:
0xF44AFDB2766A4E2E54976F8F76F90AF4
key=plain, no.=38, cso file:
/dev/null
----------------------------------------------
real command=cset shield -e /home/nrink/Projects/build/encode/encode/tests/ptrarith/ptrarith.perf.plain --  --cso /dev/null
key=plain, no.=39, <stderr>:
LENGTH=2
elapsed cycles: 4311
hi(checksum)=0xF44AFDB2766A4E2E
lo(checksum)=0x54976F8F76F90AF4
key=plain, no.=39, <checksum>:
0xF44AFDB2766A4E2E54976F8F76F90AF4
key=plain, no.=39, cso file:
/dev/null
----------------------------------------------
real command=cset shield -e /home/nrink/Projects/build/encode/encode/tests/ptrarith/ptrarith.perf.plain --  --cso /dev/null
key=plain, no.=40, <stderr>:
LENGTH=2
elapsed cycles: 4686
hi(checksum)=0xF44AFDB2766A4E2E
lo(checksum)=0x54976F8F76F90AF4
key=plain, no.=40, <checksum>:
0xF44AFDB2766A4E2E54976F8F76F90AF4
key=plain, no.=40, cso file:
/dev/null
----------------------------------------------
real command=cset shield -e /home/nrink/Projects/build/encode/encode/tests/ptrarith/ptrarith.perf.plain --  --cso /dev/null
key=plain, no.=41, <stderr>:
LENGTH=2
elapsed cycles: 4929
hi(checksum)=0xF44AFDB2766A4E2E
lo(checksum)=0x54976F8F76F90AF4
key=plain, no.=41, <checksum>:
0xF44AFDB2766A4E2E54976F8F76F90AF4
key=plain, no.=41, cso file:
/dev/null
----------------------------------------------
real command=cset shield -e /home/nrink/Projects/build/encode/encode/tests/ptrarith/ptrarith.perf.plain --  --cso /dev/null
key=plain, no.=42, <stderr>:
LENGTH=2
elapsed cycles: 4482
hi(checksum)=0xF44AFDB2766A4E2E
lo(checksum)=0x54976F8F76F90AF4
key=plain, no.=42, <checksum>:
0xF44AFDB2766A4E2E54976F8F76F90AF4
key=plain, no.=42, cso file:
/dev/null
----------------------------------------------
real command=cset shield -e /home/nrink/Projects/build/encode/encode/tests/ptrarith/ptrarith.perf.plain --  --cso /dev/null
key=plain, no.=43, <stderr>:
LENGTH=2
elapsed cycles: 4707
hi(checksum)=0xF44AFDB2766A4E2E
lo(checksum)=0x54976F8F76F90AF4
key=plain, no.=43, <checksum>:
0xF44AFDB2766A4E2E54976F8F76F90AF4
key=plain, no.=43, cso file:
/dev/null
----------------------------------------------
real command=cset shield -e /home/nrink/Projects/build/encode/encode/tests/ptrarith/ptrarith.perf.plain --  --cso /dev/null
key=plain, no.=44, <stderr>:
LENGTH=2
elapsed cycles: 4851
hi(checksum)=0xF44AFDB2766A4E2E
lo(checksum)=0x54976F8F76F90AF4
key=plain, no.=44, <checksum>:
0xF44AFDB2766A4E2E54976F8F76F90AF4
key=plain, no.=44, cso file:
/dev/null
----------------------------------------------
real command=cset shield -e /home/nrink/Projects/build/encode/encode/tests/ptrarith/ptrarith.perf.plain --  --cso /dev/null
key=plain, no.=45, <stderr>:
LENGTH=2
elapsed cycles: 4284
hi(checksum)=0xF44AFDB2766A4E2E
lo(checksum)=0x54976F8F76F90AF4
key=plain, no.=45, <checksum>:
0xF44AFDB2766A4E2E54976F8F76F90AF4
key=plain, no.=45, cso file:
/dev/null
----------------------------------------------
real command=cset shield -e /home/nrink/Projects/build/encode/encode/tests/ptrarith/ptrarith.perf.plain --  --cso /dev/null
key=plain, no.=46, <stderr>:
LENGTH=2
elapsed cycles: 4293
hi(checksum)=0xF44AFDB2766A4E2E
lo(checksum)=0x54976F8F76F90AF4
key=plain, no.=46, <checksum>:
0xF44AFDB2766A4E2E54976F8F76F90AF4
key=plain, no.=46, cso file:
/dev/null
----------------------------------------------
real command=cset shield -e /home/nrink/Projects/build/encode/encode/tests/ptrarith/ptrarith.perf.plain --  --cso /dev/null
key=plain, no.=47, <stderr>:
LENGTH=2
elapsed cycles: 4398
hi(checksum)=0xF44AFDB2766A4E2E
lo(checksum)=0x54976F8F76F90AF4
key=plain, no.=47, <checksum>:
0xF44AFDB2766A4E2E54976F8F76F90AF4
key=plain, no.=47, cso file:
/dev/null
----------------------------------------------
real command=cset shield -e /home/nrink/Projects/build/encode/encode/tests/ptrarith/ptrarith.perf.plain --  --cso /dev/null
key=plain, no.=48, <stderr>:
LENGTH=2
elapsed cycles: 4407
hi(checksum)=0xF44AFDB2766A4E2E
lo(checksum)=0x54976F8F76F90AF4
key=plain, no.=48, <checksum>:
0xF44AFDB2766A4E2E54976F8F76F90AF4
key=plain, no.=48, cso file:
/dev/null
----------------------------------------------
real command=cset shield -e /home/nrink/Projects/build/encode/encode/tests/ptrarith/ptrarith.perf.plain --  --cso /dev/null
key=plain, no.=49, <stderr>:
LENGTH=2
elapsed cycles: 4344
hi(checksum)=0xF44AFDB2766A4E2E
lo(checksum)=0x54976F8F76F90AF4
key=plain, no.=49, <checksum>:
0xF44AFDB2766A4E2E54976F8F76F90AF4
key=plain, no.=49, cso file:
/dev/null
----------------------------------------------
real command=cset shield -e /home/nrink/Projects/build/encode/encode/tests/ptrarith/ptrarith.perf.plain --  --cso /dev/null
key=plain, no.=50, <stderr>:
LENGTH=2
elapsed cycles: 4464
hi(checksum)=0xF44AFDB2766A4E2E
lo(checksum)=0x54976F8F76F90AF4
key=plain, no.=50, <checksum>:
0xF44AFDB2766A4E2E54976F8F76F90AF4
key=plain, no.=50, cso file:
/dev/null
----------------------------------------------
real command=cset shield -e /home/nrink/Projects/build/encode/encode/tests/ptrarith/ptrarith.perf.plain --  --cso /dev/null
key=plain, no.=51, <stderr>:
LENGTH=2
elapsed cycles: 4509
hi(checksum)=0xF44AFDB2766A4E2E
lo(checksum)=0x54976F8F76F90AF4
key=plain, no.=51, <checksum>:
0xF44AFDB2766A4E2E54976F8F76F90AF4
key=plain, no.=51, cso file:
/dev/null
----------------------------------------------
real command=cset shield -e /home/nrink/Projects/build/encode/encode/tests/ptrarith/ptrarith.perf.plain --  --cso /dev/null
key=plain, no.=52, <stderr>:
LENGTH=2
elapsed cycles: 4350
hi(checksum)=0xF44AFDB2766A4E2E
lo(checksum)=0x54976F8F76F90AF4
key=plain, no.=52, <checksum>:
0xF44AFDB2766A4E2E54976F8F76F90AF4
key=plain, no.=52, cso file:
/dev/null
----------------------------------------------
real command=cset shield -e /home/nrink/Projects/build/encode/encode/tests/ptrarith/ptrarith.perf.plain --  --cso /dev/null
key=plain, no.=53, <stderr>:
LENGTH=2
elapsed cycles: 4335
hi(checksum)=0xF44AFDB2766A4E2E
lo(checksum)=0x54976F8F76F90AF4
key=plain, no.=53, <checksum>:
0xF44AFDB2766A4E2E54976F8F76F90AF4
key=plain, no.=53, cso file:
/dev/null
----------------------------------------------
real command=cset shield -e /home/nrink/Projects/build/encode/encode/tests/ptrarith/ptrarith.perf.plain --  --cso /dev/null
key=plain, no.=54, <stderr>:
LENGTH=2
elapsed cycles: 4377
hi(checksum)=0xF44AFDB2766A4E2E
lo(checksum)=0x54976F8F76F90AF4
key=plain, no.=54, <checksum>:
0xF44AFDB2766A4E2E54976F8F76F90AF4
key=plain, no.=54, cso file:
/dev/null
----------------------------------------------
real command=cset shield -e /home/nrink/Projects/build/encode/encode/tests/ptrarith/ptrarith.perf.plain --  --cso /dev/null
key=plain, no.=55, <stderr>:
LENGTH=2
elapsed cycles: 4296
hi(checksum)=0xF44AFDB2766A4E2E
lo(checksum)=0x54976F8F76F90AF4
key=plain, no.=55, <checksum>:
0xF44AFDB2766A4E2E54976F8F76F90AF4
key=plain, no.=55, cso file:
/dev/null
----------------------------------------------
real command=cset shield -e /home/nrink/Projects/build/encode/encode/tests/ptrarith/ptrarith.perf.plain --  --cso /dev/null
key=plain, no.=56, <stderr>:
LENGTH=2
elapsed cycles: 4284
hi(checksum)=0xF44AFDB2766A4E2E
lo(checksum)=0x54976F8F76F90AF4
key=plain, no.=56, <checksum>:
0xF44AFDB2766A4E2E54976F8F76F90AF4
key=plain, no.=56, cso file:
/dev/null
----------------------------------------------
real command=cset shield -e /home/nrink/Projects/build/encode/encode/tests/ptrarith/ptrarith.perf.plain --  --cso /dev/null
key=plain, no.=57, <stderr>:
LENGTH=2
elapsed cycles: 4377
hi(checksum)=0xF44AFDB2766A4E2E
lo(checksum)=0x54976F8F76F90AF4
key=plain, no.=57, <checksum>:
0xF44AFDB2766A4E2E54976F8F76F90AF4
key=plain, no.=57, cso file:
/dev/null
----------------------------------------------
real command=cset shield -e /home/nrink/Projects/build/encode/encode/tests/ptrarith/ptrarith.perf.plain --  --cso /dev/null
key=plain, no.=58, <stderr>:
LENGTH=2
elapsed cycles: 4341
hi(checksum)=0xF44AFDB2766A4E2E
lo(checksum)=0x54976F8F76F90AF4
key=plain, no.=58, <checksum>:
0xF44AFDB2766A4E2E54976F8F76F90AF4
key=plain, no.=58, cso file:
/dev/null
----------------------------------------------
real command=cset shield -e /home/nrink/Projects/build/encode/encode/tests/ptrarith/ptrarith.perf.plain --  --cso /dev/null
key=plain, no.=59, <stderr>:
LENGTH=2
elapsed cycles: 4425
hi(checksum)=0xF44AFDB2766A4E2E
lo(checksum)=0x54976F8F76F90AF4
key=plain, no.=59, <checksum>:
0xF44AFDB2766A4E2E54976F8F76F90AF4
key=plain, no.=59, cso file:
/dev/null
----------------------------------------------
real command=cset shield -e /home/nrink/Projects/build/encode/encode/tests/ptrarith/ptrarith.perf.plain --  --cso /dev/null
key=plain, no.=60, <stderr>:
LENGTH=2
elapsed cycles: 4344
hi(checksum)=0xF44AFDB2766A4E2E
lo(checksum)=0x54976F8F76F90AF4
key=plain, no.=60, <checksum>:
0xF44AFDB2766A4E2E54976F8F76F90AF4
key=plain, no.=60, cso file:
/dev/null
----------------------------------------------
real command=cset shield -e /home/nrink/Projects/build/encode/encode/tests/ptrarith/ptrarith.perf.plain --  --cso /dev/null
key=plain, no.=61, <stderr>:
LENGTH=2
elapsed cycles: 4428
hi(checksum)=0xF44AFDB2766A4E2E
lo(checksum)=0x54976F8F76F90AF4
key=plain, no.=61, <checksum>:
0xF44AFDB2766A4E2E54976F8F76F90AF4
key=plain, no.=61, cso file:
/dev/null
----------------------------------------------
real command=cset shield -e /home/nrink/Projects/build/encode/encode/tests/ptrarith/ptrarith.perf.plain --  --cso /dev/null
key=plain, no.=62, <stderr>:
LENGTH=2
elapsed cycles: 4326
hi(checksum)=0xF44AFDB2766A4E2E
lo(checksum)=0x54976F8F76F90AF4
key=plain, no.=62, <checksum>:
0xF44AFDB2766A4E2E54976F8F76F90AF4
key=plain, no.=62, cso file:
/dev/null
----------------------------------------------
real command=cset shield -e /home/nrink/Projects/build/encode/encode/tests/ptrarith/ptrarith.perf.plain --  --cso /dev/null
key=plain, no.=63, <stderr>:
LENGTH=2
elapsed cycles: 4302
hi(checksum)=0xF44AFDB2766A4E2E
lo(checksum)=0x54976F8F76F90AF4
key=plain, no.=63, <checksum>:
0xF44AFDB2766A4E2E54976F8F76F90AF4
key=plain, no.=63, cso file:
/dev/null
----------------------------------------------
real command=cset shield -e /home/nrink/Projects/build/encode/encode/tests/ptrarith/ptrarith.perf.plain --  --cso /dev/null
key=plain, no.=64, <stderr>:
LENGTH=2
elapsed cycles: 4572
hi(checksum)=0xF44AFDB2766A4E2E
lo(checksum)=0x54976F8F76F90AF4
key=plain, no.=64, <checksum>:
0xF44AFDB2766A4E2E54976F8F76F90AF4
key=plain, no.=64, cso file:
/dev/null
----------------------------------------------
real command=cset shield -e /home/nrink/Projects/build/encode/encode/tests/ptrarith/ptrarith.perf.plain --  --cso /dev/null
key=plain, no.=65, <stderr>:
LENGTH=2
elapsed cycles: 4356
hi(checksum)=0xF44AFDB2766A4E2E
lo(checksum)=0x54976F8F76F90AF4
key=plain, no.=65, <checksum>:
0xF44AFDB2766A4E2E54976F8F76F90AF4
key=plain, no.=65, cso file:
/dev/null
----------------------------------------------
real command=cset shield -e /home/nrink/Projects/build/encode/encode/tests/ptrarith/ptrarith.perf.plain --  --cso /dev/null
key=plain, no.=66, <stderr>:
LENGTH=2
elapsed cycles: 4404
hi(checksum)=0xF44AFDB2766A4E2E
lo(checksum)=0x54976F8F76F90AF4
key=plain, no.=66, <checksum>:
0xF44AFDB2766A4E2E54976F8F76F90AF4
key=plain, no.=66, cso file:
/dev/null
----------------------------------------------
real command=cset shield -e /home/nrink/Projects/build/encode/encode/tests/ptrarith/ptrarith.perf.plain --  --cso /dev/null
key=plain, no.=67, <stderr>:
LENGTH=2
elapsed cycles: 4461
hi(checksum)=0xF44AFDB2766A4E2E
lo(checksum)=0x54976F8F76F90AF4
key=plain, no.=67, <checksum>:
0xF44AFDB2766A4E2E54976F8F76F90AF4
key=plain, no.=67, cso file:
/dev/null
----------------------------------------------
real command=cset shield -e /home/nrink/Projects/build/encode/encode/tests/ptrarith/ptrarith.perf.plain --  --cso /dev/null
key=plain, no.=68, <stderr>:
LENGTH=2
elapsed cycles: 4323
hi(checksum)=0xF44AFDB2766A4E2E
lo(checksum)=0x54976F8F76F90AF4
key=plain, no.=68, <checksum>:
0xF44AFDB2766A4E2E54976F8F76F90AF4
key=plain, no.=68, cso file:
/dev/null
----------------------------------------------
real command=cset shield -e /home/nrink/Projects/build/encode/encode/tests/ptrarith/ptrarith.perf.plain --  --cso /dev/null
key=plain, no.=69, <stderr>:
LENGTH=2
elapsed cycles: 4350
hi(checksum)=0xF44AFDB2766A4E2E
lo(checksum)=0x54976F8F76F90AF4
key=plain, no.=69, <checksum>:
0xF44AFDB2766A4E2E54976F8F76F90AF4
key=plain, no.=69, cso file:
/dev/null
----------------------------------------------
real command=cset shield -e /home/nrink/Projects/build/encode/encode/tests/ptrarith/ptrarith.perf.plain --  --cso /dev/null
key=plain, no.=70, <stderr>:
LENGTH=2
elapsed cycles: 4320
hi(checksum)=0xF44AFDB2766A4E2E
lo(checksum)=0x54976F8F76F90AF4
key=plain, no.=70, <checksum>:
0xF44AFDB2766A4E2E54976F8F76F90AF4
key=plain, no.=70, cso file:
/dev/null
----------------------------------------------
real command=cset shield -e /home/nrink/Projects/build/encode/encode/tests/ptrarith/ptrarith.perf.plain --  --cso /dev/null
key=plain, no.=71, <stderr>:
LENGTH=2
elapsed cycles: 4347
hi(checksum)=0xF44AFDB2766A4E2E
lo(checksum)=0x54976F8F76F90AF4
key=plain, no.=71, <checksum>:
0xF44AFDB2766A4E2E54976F8F76F90AF4
key=plain, no.=71, cso file:
/dev/null
----------------------------------------------
real command=cset shield -e /home/nrink/Projects/build/encode/encode/tests/ptrarith/ptrarith.perf.plain --  --cso /dev/null
key=plain, no.=72, <stderr>:
LENGTH=2
elapsed cycles: 5265
hi(checksum)=0xF44AFDB2766A4E2E
lo(checksum)=0x54976F8F76F90AF4
key=plain, no.=72, <checksum>:
0xF44AFDB2766A4E2E54976F8F76F90AF4
key=plain, no.=72, cso file:
/dev/null
----------------------------------------------
real command=cset shield -e /home/nrink/Projects/build/encode/encode/tests/ptrarith/ptrarith.perf.plain --  --cso /dev/null
key=plain, no.=73, <stderr>:
LENGTH=2
elapsed cycles: 4329
hi(checksum)=0xF44AFDB2766A4E2E
lo(checksum)=0x54976F8F76F90AF4
key=plain, no.=73, <checksum>:
0xF44AFDB2766A4E2E54976F8F76F90AF4
key=plain, no.=73, cso file:
/dev/null
----------------------------------------------
real command=cset shield -e /home/nrink/Projects/build/encode/encode/tests/ptrarith/ptrarith.perf.plain --  --cso /dev/null
key=plain, no.=74, <stderr>:
LENGTH=2
elapsed cycles: 4356
hi(checksum)=0xF44AFDB2766A4E2E
lo(checksum)=0x54976F8F76F90AF4
key=plain, no.=74, <checksum>:
0xF44AFDB2766A4E2E54976F8F76F90AF4
key=plain, no.=74, cso file:
/dev/null
----------------------------------------------
real command=cset shield -e /home/nrink/Projects/build/encode/encode/tests/ptrarith/ptrarith.perf.plain --  --cso /dev/null
key=plain, no.=75, <stderr>:
LENGTH=2
elapsed cycles: 4359
hi(checksum)=0xF44AFDB2766A4E2E
lo(checksum)=0x54976F8F76F90AF4
key=plain, no.=75, <checksum>:
0xF44AFDB2766A4E2E54976F8F76F90AF4
key=plain, no.=75, cso file:
/dev/null
----------------------------------------------
real command=cset shield -e /home/nrink/Projects/build/encode/encode/tests/ptrarith/ptrarith.perf.plain --  --cso /dev/null
key=plain, no.=76, <stderr>:
LENGTH=2
elapsed cycles: 4437
hi(checksum)=0xF44AFDB2766A4E2E
lo(checksum)=0x54976F8F76F90AF4
key=plain, no.=76, <checksum>:
0xF44AFDB2766A4E2E54976F8F76F90AF4
key=plain, no.=76, cso file:
/dev/null
----------------------------------------------
real command=cset shield -e /home/nrink/Projects/build/encode/encode/tests/ptrarith/ptrarith.perf.plain --  --cso /dev/null
key=plain, no.=77, <stderr>:
LENGTH=2
elapsed cycles: 4350
hi(checksum)=0xF44AFDB2766A4E2E
lo(checksum)=0x54976F8F76F90AF4
key=plain, no.=77, <checksum>:
0xF44AFDB2766A4E2E54976F8F76F90AF4
key=plain, no.=77, cso file:
/dev/null
----------------------------------------------
real command=cset shield -e /home/nrink/Projects/build/encode/encode/tests/ptrarith/ptrarith.perf.plain --  --cso /dev/null
key=plain, no.=78, <stderr>:
LENGTH=2
elapsed cycles: 4362
hi(checksum)=0xF44AFDB2766A4E2E
lo(checksum)=0x54976F8F76F90AF4
key=plain, no.=78, <checksum>:
0xF44AFDB2766A4E2E54976F8F76F90AF4
key=plain, no.=78, cso file:
/dev/null
----------------------------------------------
real command=cset shield -e /home/nrink/Projects/build/encode/encode/tests/ptrarith/ptrarith.perf.plain --  --cso /dev/null
key=plain, no.=79, <stderr>:
LENGTH=2
elapsed cycles: 4416
hi(checksum)=0xF44AFDB2766A4E2E
lo(checksum)=0x54976F8F76F90AF4
key=plain, no.=79, <checksum>:
0xF44AFDB2766A4E2E54976F8F76F90AF4
key=plain, no.=79, cso file:
/dev/null
----------------------------------------------
real command=cset shield -e /home/nrink/Projects/build/encode/encode/tests/ptrarith/ptrarith.perf.plain --  --cso /dev/null
key=plain, no.=80, <stderr>:
LENGTH=2
elapsed cycles: 4380
hi(checksum)=0xF44AFDB2766A4E2E
lo(checksum)=0x54976F8F76F90AF4
key=plain, no.=80, <checksum>:
0xF44AFDB2766A4E2E54976F8F76F90AF4
key=plain, no.=80, cso file:
/dev/null
----------------------------------------------
real command=cset shield -e /home/nrink/Projects/build/encode/encode/tests/ptrarith/ptrarith.perf.plain --  --cso /dev/null
key=plain, no.=81, <stderr>:
LENGTH=2
elapsed cycles: 4371
hi(checksum)=0xF44AFDB2766A4E2E
lo(checksum)=0x54976F8F76F90AF4
key=plain, no.=81, <checksum>:
0xF44AFDB2766A4E2E54976F8F76F90AF4
key=plain, no.=81, cso file:
/dev/null
----------------------------------------------
real command=cset shield -e /home/nrink/Projects/build/encode/encode/tests/ptrarith/ptrarith.perf.plain --  --cso /dev/null
key=plain, no.=82, <stderr>:
LENGTH=2
elapsed cycles: 4440
hi(checksum)=0xF44AFDB2766A4E2E
lo(checksum)=0x54976F8F76F90AF4
key=plain, no.=82, <checksum>:
0xF44AFDB2766A4E2E54976F8F76F90AF4
key=plain, no.=82, cso file:
/dev/null
----------------------------------------------
real command=cset shield -e /home/nrink/Projects/build/encode/encode/tests/ptrarith/ptrarith.perf.plain --  --cso /dev/null
key=plain, no.=83, <stderr>:
LENGTH=2
elapsed cycles: 4284
hi(checksum)=0xF44AFDB2766A4E2E
lo(checksum)=0x54976F8F76F90AF4
key=plain, no.=83, <checksum>:
0xF44AFDB2766A4E2E54976F8F76F90AF4
key=plain, no.=83, cso file:
/dev/null
----------------------------------------------
real command=cset shield -e /home/nrink/Projects/build/encode/encode/tests/ptrarith/ptrarith.perf.plain --  --cso /dev/null
key=plain, no.=84, <stderr>:
LENGTH=2
elapsed cycles: 4476
hi(checksum)=0xF44AFDB2766A4E2E
lo(checksum)=0x54976F8F76F90AF4
key=plain, no.=84, <checksum>:
0xF44AFDB2766A4E2E54976F8F76F90AF4
key=plain, no.=84, cso file:
/dev/null
----------------------------------------------
real command=cset shield -e /home/nrink/Projects/build/encode/encode/tests/ptrarith/ptrarith.perf.plain --  --cso /dev/null
key=plain, no.=85, <stderr>:
LENGTH=2
elapsed cycles: 4677
hi(checksum)=0xF44AFDB2766A4E2E
lo(checksum)=0x54976F8F76F90AF4
key=plain, no.=85, <checksum>:
0xF44AFDB2766A4E2E54976F8F76F90AF4
key=plain, no.=85, cso file:
/dev/null
----------------------------------------------
real command=cset shield -e /home/nrink/Projects/build/encode/encode/tests/ptrarith/ptrarith.perf.plain --  --cso /dev/null
key=plain, no.=86, <stderr>:
LENGTH=2
elapsed cycles: 4284
hi(checksum)=0xF44AFDB2766A4E2E
lo(checksum)=0x54976F8F76F90AF4
key=plain, no.=86, <checksum>:
0xF44AFDB2766A4E2E54976F8F76F90AF4
key=plain, no.=86, cso file:
/dev/null
----------------------------------------------
real command=cset shield -e /home/nrink/Projects/build/encode/encode/tests/ptrarith/ptrarith.perf.plain --  --cso /dev/null
key=plain, no.=87, <stderr>:
LENGTH=2
elapsed cycles: 4305
hi(checksum)=0xF44AFDB2766A4E2E
lo(checksum)=0x54976F8F76F90AF4
key=plain, no.=87, <checksum>:
0xF44AFDB2766A4E2E54976F8F76F90AF4
key=plain, no.=87, cso file:
/dev/null
----------------------------------------------
real command=cset shield -e /home/nrink/Projects/build/encode/encode/tests/ptrarith/ptrarith.perf.plain --  --cso /dev/null
key=plain, no.=88, <stderr>:
LENGTH=2
elapsed cycles: 4335
hi(checksum)=0xF44AFDB2766A4E2E
lo(checksum)=0x54976F8F76F90AF4
key=plain, no.=88, <checksum>:
0xF44AFDB2766A4E2E54976F8F76F90AF4
key=plain, no.=88, cso file:
/dev/null
----------------------------------------------
real command=cset shield -e /home/nrink/Projects/build/encode/encode/tests/ptrarith/ptrarith.perf.plain --  --cso /dev/null
key=plain, no.=89, <stderr>:
LENGTH=2
elapsed cycles: 4548
hi(checksum)=0xF44AFDB2766A4E2E
lo(checksum)=0x54976F8F76F90AF4
key=plain, no.=89, <checksum>:
0xF44AFDB2766A4E2E54976F8F76F90AF4
key=plain, no.=89, cso file:
/dev/null
----------------------------------------------
real command=cset shield -e /home/nrink/Projects/build/encode/encode/tests/ptrarith/ptrarith.perf.plain --  --cso /dev/null
key=plain, no.=90, <stderr>:
LENGTH=2
elapsed cycles: 4404
hi(checksum)=0xF44AFDB2766A4E2E
lo(checksum)=0x54976F8F76F90AF4
key=plain, no.=90, <checksum>:
0xF44AFDB2766A4E2E54976F8F76F90AF4
key=plain, no.=90, cso file:
/dev/null
----------------------------------------------
real command=cset shield -e /home/nrink/Projects/build/encode/encode/tests/ptrarith/ptrarith.perf.plain --  --cso /dev/null
key=plain, no.=91, <stderr>:
LENGTH=2
elapsed cycles: 4413
hi(checksum)=0xF44AFDB2766A4E2E
lo(checksum)=0x54976F8F76F90AF4
key=plain, no.=91, <checksum>:
0xF44AFDB2766A4E2E54976F8F76F90AF4
key=plain, no.=91, cso file:
/dev/null
----------------------------------------------
real command=cset shield -e /home/nrink/Projects/build/encode/encode/tests/ptrarith/ptrarith.perf.plain --  --cso /dev/null
key=plain, no.=92, <stderr>:
LENGTH=2
elapsed cycles: 4362
hi(checksum)=0xF44AFDB2766A4E2E
lo(checksum)=0x54976F8F76F90AF4
key=plain, no.=92, <checksum>:
0xF44AFDB2766A4E2E54976F8F76F90AF4
key=plain, no.=92, cso file:
/dev/null
----------------------------------------------
real command=cset shield -e /home/nrink/Projects/build/encode/encode/tests/ptrarith/ptrarith.perf.plain --  --cso /dev/null
key=plain, no.=93, <stderr>:
LENGTH=2
elapsed cycles: 4287
hi(checksum)=0xF44AFDB2766A4E2E
lo(checksum)=0x54976F8F76F90AF4
key=plain, no.=93, <checksum>:
0xF44AFDB2766A4E2E54976F8F76F90AF4
key=plain, no.=93, cso file:
/dev/null
----------------------------------------------
real command=cset shield -e /home/nrink/Projects/build/encode/encode/tests/ptrarith/ptrarith.perf.plain --  --cso /dev/null
key=plain, no.=94, <stderr>:
LENGTH=2
elapsed cycles: 4209
hi(checksum)=0xF44AFDB2766A4E2E
lo(checksum)=0x54976F8F76F90AF4
key=plain, no.=94, <checksum>:
0xF44AFDB2766A4E2E54976F8F76F90AF4
key=plain, no.=94, cso file:
/dev/null
----------------------------------------------
real command=cset shield -e /home/nrink/Projects/build/encode/encode/tests/ptrarith/ptrarith.perf.plain --  --cso /dev/null
key=plain, no.=95, <stderr>:
LENGTH=2
elapsed cycles: 4293
hi(checksum)=0xF44AFDB2766A4E2E
lo(checksum)=0x54976F8F76F90AF4
key=plain, no.=95, <checksum>:
0xF44AFDB2766A4E2E54976F8F76F90AF4
key=plain, no.=95, cso file:
/dev/null
----------------------------------------------
real command=cset shield -e /home/nrink/Projects/build/encode/encode/tests/ptrarith/ptrarith.perf.plain --  --cso /dev/null
key=plain, no.=96, <stderr>:
LENGTH=2
elapsed cycles: 4320
hi(checksum)=0xF44AFDB2766A4E2E
lo(checksum)=0x54976F8F76F90AF4
key=plain, no.=96, <checksum>:
0xF44AFDB2766A4E2E54976F8F76F90AF4
key=plain, no.=96, cso file:
/dev/null
----------------------------------------------
real command=cset shield -e /home/nrink/Projects/build/encode/encode/tests/ptrarith/ptrarith.perf.plain --  --cso /dev/null
key=plain, no.=97, <stderr>:
LENGTH=2
elapsed cycles: 4560
hi(checksum)=0xF44AFDB2766A4E2E
lo(checksum)=0x54976F8F76F90AF4
key=plain, no.=97, <checksum>:
0xF44AFDB2766A4E2E54976F8F76F90AF4
key=plain, no.=97, cso file:
/dev/null
----------------------------------------------
real command=cset shield -e /home/nrink/Projects/build/encode/encode/tests/ptrarith/ptrarith.perf.plain --  --cso /dev/null
key=plain, no.=98, <stderr>:
LENGTH=2
elapsed cycles: 4362
hi(checksum)=0xF44AFDB2766A4E2E
lo(checksum)=0x54976F8F76F90AF4
key=plain, no.=98, <checksum>:
0xF44AFDB2766A4E2E54976F8F76F90AF4
key=plain, no.=98, cso file:
/dev/null
----------------------------------------------
real command=cset shield -e /home/nrink/Projects/build/encode/encode/tests/ptrarith/ptrarith.perf.plain --  --cso /dev/null
key=plain, no.=99, <stderr>:
LENGTH=2
elapsed cycles: 4338
hi(checksum)=0xF44AFDB2766A4E2E
lo(checksum)=0x54976F8F76F90AF4
key=plain, no.=99, <checksum>:
0xF44AFDB2766A4E2E54976F8F76F90AF4
key=plain, no.=99, cso file:
/dev/null
----------------------------------------------
key=encoded, runs=100 ...
command=/home/nrink/Projects/build/encode/encode/tests/ptrarith/ptrarith.perf.encoded
----------------------------------------------
real command=cset shield -e /home/nrink/Projects/build/encode/encode/tests/ptrarith/ptrarith.perf.encoded --  --cso /dev/null
key=encoded, no.=0, <stderr>:
LENGTH=2
elapsed cycles: 10860
hi(checksum)=0xF44AFDB2766A4E2E
lo(checksum)=0x54976F8F76F90AF4
key=encoded, no.=0, <checksum>:
0xF44AFDB2766A4E2E54976F8F76F90AF4
key=encoded, no.=0, cso file:
/dev/null
----------------------------------------------
real command=cset shield -e /home/nrink/Projects/build/encode/encode/tests/ptrarith/ptrarith.perf.encoded --  --cso /dev/null
key=encoded, no.=1, <stderr>:
LENGTH=2
elapsed cycles: 11568
hi(checksum)=0xF44AFDB2766A4E2E
lo(checksum)=0x54976F8F76F90AF4
key=encoded, no.=1, <checksum>:
0xF44AFDB2766A4E2E54976F8F76F90AF4
key=encoded, no.=1, cso file:
/dev/null
----------------------------------------------
real command=cset shield -e /home/nrink/Projects/build/encode/encode/tests/ptrarith/ptrarith.perf.encoded --  --cso /dev/null
key=encoded, no.=2, <stderr>:
LENGTH=2
elapsed cycles: 10962
hi(checksum)=0xF44AFDB2766A4E2E
lo(checksum)=0x54976F8F76F90AF4
key=encoded, no.=2, <checksum>:
0xF44AFDB2766A4E2E54976F8F76F90AF4
key=encoded, no.=2, cso file:
/dev/null
----------------------------------------------
real command=cset shield -e /home/nrink/Projects/build/encode/encode/tests/ptrarith/ptrarith.perf.encoded --  --cso /dev/null
key=encoded, no.=3, <stderr>:
LENGTH=2
elapsed cycles: 10875
hi(checksum)=0xF44AFDB2766A4E2E
lo(checksum)=0x54976F8F76F90AF4
key=encoded, no.=3, <checksum>:
0xF44AFDB2766A4E2E54976F8F76F90AF4
key=encoded, no.=3, cso file:
/dev/null
----------------------------------------------
real command=cset shield -e /home/nrink/Projects/build/encode/encode/tests/ptrarith/ptrarith.perf.encoded --  --cso /dev/null
key=encoded, no.=4, <stderr>:
LENGTH=2
elapsed cycles: 10866
hi(checksum)=0xF44AFDB2766A4E2E
lo(checksum)=0x54976F8F76F90AF4
key=encoded, no.=4, <checksum>:
0xF44AFDB2766A4E2E54976F8F76F90AF4
key=encoded, no.=4, cso file:
/dev/null
----------------------------------------------
real command=cset shield -e /home/nrink/Projects/build/encode/encode/tests/ptrarith/ptrarith.perf.encoded --  --cso /dev/null
key=encoded, no.=5, <stderr>:
LENGTH=2
elapsed cycles: 11961
hi(checksum)=0xF44AFDB2766A4E2E
lo(checksum)=0x54976F8F76F90AF4
key=encoded, no.=5, <checksum>:
0xF44AFDB2766A4E2E54976F8F76F90AF4
key=encoded, no.=5, cso file:
/dev/null
----------------------------------------------
real command=cset shield -e /home/nrink/Projects/build/encode/encode/tests/ptrarith/ptrarith.perf.encoded --  --cso /dev/null
key=encoded, no.=6, <stderr>:
LENGTH=2
elapsed cycles: 11172
hi(checksum)=0xF44AFDB2766A4E2E
lo(checksum)=0x54976F8F76F90AF4
key=encoded, no.=6, <checksum>:
0xF44AFDB2766A4E2E54976F8F76F90AF4
key=encoded, no.=6, cso file:
/dev/null
----------------------------------------------
real command=cset shield -e /home/nrink/Projects/build/encode/encode/tests/ptrarith/ptrarith.perf.encoded --  --cso /dev/null
key=encoded, no.=7, <stderr>:
LENGTH=2
elapsed cycles: 10914
hi(checksum)=0xF44AFDB2766A4E2E
lo(checksum)=0x54976F8F76F90AF4
key=encoded, no.=7, <checksum>:
0xF44AFDB2766A4E2E54976F8F76F90AF4
key=encoded, no.=7, cso file:
/dev/null
----------------------------------------------
real command=cset shield -e /home/nrink/Projects/build/encode/encode/tests/ptrarith/ptrarith.perf.encoded --  --cso /dev/null
key=encoded, no.=8, <stderr>:
LENGTH=2
elapsed cycles: 11229
hi(checksum)=0xF44AFDB2766A4E2E
lo(checksum)=0x54976F8F76F90AF4
key=encoded, no.=8, <checksum>:
0xF44AFDB2766A4E2E54976F8F76F90AF4
key=encoded, no.=8, cso file:
/dev/null
----------------------------------------------
real command=cset shield -e /home/nrink/Projects/build/encode/encode/tests/ptrarith/ptrarith.perf.encoded --  --cso /dev/null
key=encoded, no.=9, <stderr>:
LENGTH=2
elapsed cycles: 10833
hi(checksum)=0xF44AFDB2766A4E2E
lo(checksum)=0x54976F8F76F90AF4
key=encoded, no.=9, <checksum>:
0xF44AFDB2766A4E2E54976F8F76F90AF4
key=encoded, no.=9, cso file:
/dev/null
----------------------------------------------
real command=cset shield -e /home/nrink/Projects/build/encode/encode/tests/ptrarith/ptrarith.perf.encoded --  --cso /dev/null
key=encoded, no.=10, <stderr>:
LENGTH=2
elapsed cycles: 11013
hi(checksum)=0xF44AFDB2766A4E2E
lo(checksum)=0x54976F8F76F90AF4
key=encoded, no.=10, <checksum>:
0xF44AFDB2766A4E2E54976F8F76F90AF4
key=encoded, no.=10, cso file:
/dev/null
----------------------------------------------
real command=cset shield -e /home/nrink/Projects/build/encode/encode/tests/ptrarith/ptrarith.perf.encoded --  --cso /dev/null
key=encoded, no.=11, <stderr>:
LENGTH=2
elapsed cycles: 10863
hi(checksum)=0xF44AFDB2766A4E2E
lo(checksum)=0x54976F8F76F90AF4
key=encoded, no.=11, <checksum>:
0xF44AFDB2766A4E2E54976F8F76F90AF4
key=encoded, no.=11, cso file:
/dev/null
----------------------------------------------
real command=cset shield -e /home/nrink/Projects/build/encode/encode/tests/ptrarith/ptrarith.perf.encoded --  --cso /dev/null
key=encoded, no.=12, <stderr>:
LENGTH=2
elapsed cycles: 11019
hi(checksum)=0xF44AFDB2766A4E2E
lo(checksum)=0x54976F8F76F90AF4
key=encoded, no.=12, <checksum>:
0xF44AFDB2766A4E2E54976F8F76F90AF4
key=encoded, no.=12, cso file:
/dev/null
----------------------------------------------
real command=cset shield -e /home/nrink/Projects/build/encode/encode/tests/ptrarith/ptrarith.perf.encoded --  --cso /dev/null
key=encoded, no.=13, <stderr>:
LENGTH=2
elapsed cycles: 11034
hi(checksum)=0xF44AFDB2766A4E2E
lo(checksum)=0x54976F8F76F90AF4
key=encoded, no.=13, <checksum>:
0xF44AFDB2766A4E2E54976F8F76F90AF4
key=encoded, no.=13, cso file:
/dev/null
----------------------------------------------
real command=cset shield -e /home/nrink/Projects/build/encode/encode/tests/ptrarith/ptrarith.perf.encoded --  --cso /dev/null
key=encoded, no.=14, <stderr>:
LENGTH=2
elapsed cycles: 10770
hi(checksum)=0xF44AFDB2766A4E2E
lo(checksum)=0x54976F8F76F90AF4
key=encoded, no.=14, <checksum>:
0xF44AFDB2766A4E2E54976F8F76F90AF4
key=encoded, no.=14, cso file:
/dev/null
----------------------------------------------
real command=cset shield -e /home/nrink/Projects/build/encode/encode/tests/ptrarith/ptrarith.perf.encoded --  --cso /dev/null
key=encoded, no.=15, <stderr>:
LENGTH=2
elapsed cycles: 11022
hi(checksum)=0xF44AFDB2766A4E2E
lo(checksum)=0x54976F8F76F90AF4
key=encoded, no.=15, <checksum>:
0xF44AFDB2766A4E2E54976F8F76F90AF4
key=encoded, no.=15, cso file:
/dev/null
----------------------------------------------
real command=cset shield -e /home/nrink/Projects/build/encode/encode/tests/ptrarith/ptrarith.perf.encoded --  --cso /dev/null
key=encoded, no.=16, <stderr>:
LENGTH=2
elapsed cycles: 11115
hi(checksum)=0xF44AFDB2766A4E2E
lo(checksum)=0x54976F8F76F90AF4
key=encoded, no.=16, <checksum>:
0xF44AFDB2766A4E2E54976F8F76F90AF4
key=encoded, no.=16, cso file:
/dev/null
----------------------------------------------
real command=cset shield -e /home/nrink/Projects/build/encode/encode/tests/ptrarith/ptrarith.perf.encoded --  --cso /dev/null
key=encoded, no.=17, <stderr>:
LENGTH=2
elapsed cycles: 10866
hi(checksum)=0xF44AFDB2766A4E2E
lo(checksum)=0x54976F8F76F90AF4
key=encoded, no.=17, <checksum>:
0xF44AFDB2766A4E2E54976F8F76F90AF4
key=encoded, no.=17, cso file:
/dev/null
----------------------------------------------
real command=cset shield -e /home/nrink/Projects/build/encode/encode/tests/ptrarith/ptrarith.perf.encoded --  --cso /dev/null
key=encoded, no.=18, <stderr>:
LENGTH=2
elapsed cycles: 11706
hi(checksum)=0xF44AFDB2766A4E2E
lo(checksum)=0x54976F8F76F90AF4
key=encoded, no.=18, <checksum>:
0xF44AFDB2766A4E2E54976F8F76F90AF4
key=encoded, no.=18, cso file:
/dev/null
----------------------------------------------
real command=cset shield -e /home/nrink/Projects/build/encode/encode/tests/ptrarith/ptrarith.perf.encoded --  --cso /dev/null
key=encoded, no.=19, <stderr>:
LENGTH=2
elapsed cycles: 10869
hi(checksum)=0xF44AFDB2766A4E2E
lo(checksum)=0x54976F8F76F90AF4
key=encoded, no.=19, <checksum>:
0xF44AFDB2766A4E2E54976F8F76F90AF4
key=encoded, no.=19, cso file:
/dev/null
----------------------------------------------
real command=cset shield -e /home/nrink/Projects/build/encode/encode/tests/ptrarith/ptrarith.perf.encoded --  --cso /dev/null
key=encoded, no.=20, <stderr>:
LENGTH=2
elapsed cycles: 10752
hi(checksum)=0xF44AFDB2766A4E2E
lo(checksum)=0x54976F8F76F90AF4
key=encoded, no.=20, <checksum>:
0xF44AFDB2766A4E2E54976F8F76F90AF4
key=encoded, no.=20, cso file:
/dev/null
----------------------------------------------
real command=cset shield -e /home/nrink/Projects/build/encode/encode/tests/ptrarith/ptrarith.perf.encoded --  --cso /dev/null
key=encoded, no.=21, <stderr>:
LENGTH=2
elapsed cycles: 10833
hi(checksum)=0xF44AFDB2766A4E2E
lo(checksum)=0x54976F8F76F90AF4
key=encoded, no.=21, <checksum>:
0xF44AFDB2766A4E2E54976F8F76F90AF4
key=encoded, no.=21, cso file:
/dev/null
----------------------------------------------
real command=cset shield -e /home/nrink/Projects/build/encode/encode/tests/ptrarith/ptrarith.perf.encoded --  --cso /dev/null
key=encoded, no.=22, <stderr>:
LENGTH=2
elapsed cycles: 10653
hi(checksum)=0xF44AFDB2766A4E2E
lo(checksum)=0x54976F8F76F90AF4
key=encoded, no.=22, <checksum>:
0xF44AFDB2766A4E2E54976F8F76F90AF4
key=encoded, no.=22, cso file:
/dev/null
----------------------------------------------
real command=cset shield -e /home/nrink/Projects/build/encode/encode/tests/ptrarith/ptrarith.perf.encoded --  --cso /dev/null
key=encoded, no.=23, <stderr>:
LENGTH=2
elapsed cycles: 10728
hi(checksum)=0xF44AFDB2766A4E2E
lo(checksum)=0x54976F8F76F90AF4
key=encoded, no.=23, <checksum>:
0xF44AFDB2766A4E2E54976F8F76F90AF4
key=encoded, no.=23, cso file:
/dev/null
----------------------------------------------
real command=cset shield -e /home/nrink/Projects/build/encode/encode/tests/ptrarith/ptrarith.perf.encoded --  --cso /dev/null
key=encoded, no.=24, <stderr>:
LENGTH=2
elapsed cycles: 10632
hi(checksum)=0xF44AFDB2766A4E2E
lo(checksum)=0x54976F8F76F90AF4
key=encoded, no.=24, <checksum>:
0xF44AFDB2766A4E2E54976F8F76F90AF4
key=encoded, no.=24, cso file:
/dev/null
----------------------------------------------
real command=cset shield -e /home/nrink/Projects/build/encode/encode/tests/ptrarith/ptrarith.perf.encoded --  --cso /dev/null
key=encoded, no.=25, <stderr>:
LENGTH=2
elapsed cycles: 11181
hi(checksum)=0xF44AFDB2766A4E2E
lo(checksum)=0x54976F8F76F90AF4
key=encoded, no.=25, <checksum>:
0xF44AFDB2766A4E2E54976F8F76F90AF4
key=encoded, no.=25, cso file:
/dev/null
----------------------------------------------
real command=cset shield -e /home/nrink/Projects/build/encode/encode/tests/ptrarith/ptrarith.perf.encoded --  --cso /dev/null
key=encoded, no.=26, <stderr>:
LENGTH=2
elapsed cycles: 10824
hi(checksum)=0xF44AFDB2766A4E2E
lo(checksum)=0x54976F8F76F90AF4
key=encoded, no.=26, <checksum>:
0xF44AFDB2766A4E2E54976F8F76F90AF4
key=encoded, no.=26, cso file:
/dev/null
----------------------------------------------
real command=cset shield -e /home/nrink/Projects/build/encode/encode/tests/ptrarith/ptrarith.perf.encoded --  --cso /dev/null
key=encoded, no.=27, <stderr>:
LENGTH=2
elapsed cycles: 10728
hi(checksum)=0xF44AFDB2766A4E2E
lo(checksum)=0x54976F8F76F90AF4
key=encoded, no.=27, <checksum>:
0xF44AFDB2766A4E2E54976F8F76F90AF4
key=encoded, no.=27, cso file:
/dev/null
----------------------------------------------
real command=cset shield -e /home/nrink/Projects/build/encode/encode/tests/ptrarith/ptrarith.perf.encoded --  --cso /dev/null
key=encoded, no.=28, <stderr>:
LENGTH=2
elapsed cycles: 10779
hi(checksum)=0xF44AFDB2766A4E2E
lo(checksum)=0x54976F8F76F90AF4
key=encoded, no.=28, <checksum>:
0xF44AFDB2766A4E2E54976F8F76F90AF4
key=encoded, no.=28, cso file:
/dev/null
----------------------------------------------
real command=cset shield -e /home/nrink/Projects/build/encode/encode/tests/ptrarith/ptrarith.perf.encoded --  --cso /dev/null
key=encoded, no.=29, <stderr>:
LENGTH=2
elapsed cycles: 10878
hi(checksum)=0xF44AFDB2766A4E2E
lo(checksum)=0x54976F8F76F90AF4
key=encoded, no.=29, <checksum>:
0xF44AFDB2766A4E2E54976F8F76F90AF4
key=encoded, no.=29, cso file:
/dev/null
----------------------------------------------
real command=cset shield -e /home/nrink/Projects/build/encode/encode/tests/ptrarith/ptrarith.perf.encoded --  --cso /dev/null
key=encoded, no.=30, <stderr>:
LENGTH=2
elapsed cycles: 10761
hi(checksum)=0xF44AFDB2766A4E2E
lo(checksum)=0x54976F8F76F90AF4
key=encoded, no.=30, <checksum>:
0xF44AFDB2766A4E2E54976F8F76F90AF4
key=encoded, no.=30, cso file:
/dev/null
----------------------------------------------
real command=cset shield -e /home/nrink/Projects/build/encode/encode/tests/ptrarith/ptrarith.perf.encoded --  --cso /dev/null
key=encoded, no.=31, <stderr>:
LENGTH=2
elapsed cycles: 10980
hi(checksum)=0xF44AFDB2766A4E2E
lo(checksum)=0x54976F8F76F90AF4
key=encoded, no.=31, <checksum>:
0xF44AFDB2766A4E2E54976F8F76F90AF4
key=encoded, no.=31, cso file:
/dev/null
----------------------------------------------
real command=cset shield -e /home/nrink/Projects/build/encode/encode/tests/ptrarith/ptrarith.perf.encoded --  --cso /dev/null
key=encoded, no.=32, <stderr>:
LENGTH=2
elapsed cycles: 11439
hi(checksum)=0xF44AFDB2766A4E2E
lo(checksum)=0x54976F8F76F90AF4
key=encoded, no.=32, <checksum>:
0xF44AFDB2766A4E2E54976F8F76F90AF4
key=encoded, no.=32, cso file:
/dev/null
----------------------------------------------
real command=cset shield -e /home/nrink/Projects/build/encode/encode/tests/ptrarith/ptrarith.perf.encoded --  --cso /dev/null
key=encoded, no.=33, <stderr>:
LENGTH=2
elapsed cycles: 10548
hi(checksum)=0xF44AFDB2766A4E2E
lo(checksum)=0x54976F8F76F90AF4
key=encoded, no.=33, <checksum>:
0xF44AFDB2766A4E2E54976F8F76F90AF4
key=encoded, no.=33, cso file:
/dev/null
----------------------------------------------
real command=cset shield -e /home/nrink/Projects/build/encode/encode/tests/ptrarith/ptrarith.perf.encoded --  --cso /dev/null
key=encoded, no.=34, <stderr>:
LENGTH=2
elapsed cycles: 11439
hi(checksum)=0xF44AFDB2766A4E2E
lo(checksum)=0x54976F8F76F90AF4
key=encoded, no.=34, <checksum>:
0xF44AFDB2766A4E2E54976F8F76F90AF4
key=encoded, no.=34, cso file:
/dev/null
----------------------------------------------
real command=cset shield -e /home/nrink/Projects/build/encode/encode/tests/ptrarith/ptrarith.perf.encoded --  --cso /dev/null
key=encoded, no.=35, <stderr>:
LENGTH=2
elapsed cycles: 10728
hi(checksum)=0xF44AFDB2766A4E2E
lo(checksum)=0x54976F8F76F90AF4
key=encoded, no.=35, <checksum>:
0xF44AFDB2766A4E2E54976F8F76F90AF4
key=encoded, no.=35, cso file:
/dev/null
----------------------------------------------
real command=cset shield -e /home/nrink/Projects/build/encode/encode/tests/ptrarith/ptrarith.perf.encoded --  --cso /dev/null
key=encoded, no.=36, <stderr>:
LENGTH=2
elapsed cycles: 11586
hi(checksum)=0xF44AFDB2766A4E2E
lo(checksum)=0x54976F8F76F90AF4
key=encoded, no.=36, <checksum>:
0xF44AFDB2766A4E2E54976F8F76F90AF4
key=encoded, no.=36, cso file:
/dev/null
----------------------------------------------
real command=cset shield -e /home/nrink/Projects/build/encode/encode/tests/ptrarith/ptrarith.perf.encoded --  --cso /dev/null
key=encoded, no.=37, <stderr>:
LENGTH=2
elapsed cycles: 10881
hi(checksum)=0xF44AFDB2766A4E2E
lo(checksum)=0x54976F8F76F90AF4
key=encoded, no.=37, <checksum>:
0xF44AFDB2766A4E2E54976F8F76F90AF4
key=encoded, no.=37, cso file:
/dev/null
----------------------------------------------
real command=cset shield -e /home/nrink/Projects/build/encode/encode/tests/ptrarith/ptrarith.perf.encoded --  --cso /dev/null
key=encoded, no.=38, <stderr>:
LENGTH=2
elapsed cycles: 11550
hi(checksum)=0xF44AFDB2766A4E2E
lo(checksum)=0x54976F8F76F90AF4
key=encoded, no.=38, <checksum>:
0xF44AFDB2766A4E2E54976F8F76F90AF4
key=encoded, no.=38, cso file:
/dev/null
----------------------------------------------
real command=cset shield -e /home/nrink/Projects/build/encode/encode/tests/ptrarith/ptrarith.perf.encoded --  --cso /dev/null
key=encoded, no.=39, <stderr>:
LENGTH=2
elapsed cycles: 10968
hi(checksum)=0xF44AFDB2766A4E2E
lo(checksum)=0x54976F8F76F90AF4
key=encoded, no.=39, <checksum>:
0xF44AFDB2766A4E2E54976F8F76F90AF4
key=encoded, no.=39, cso file:
/dev/null
----------------------------------------------
real command=cset shield -e /home/nrink/Projects/build/encode/encode/tests/ptrarith/ptrarith.perf.encoded --  --cso /dev/null
key=encoded, no.=40, <stderr>:
LENGTH=2
elapsed cycles: 11271
hi(checksum)=0xF44AFDB2766A4E2E
lo(checksum)=0x54976F8F76F90AF4
key=encoded, no.=40, <checksum>:
0xF44AFDB2766A4E2E54976F8F76F90AF4
key=encoded, no.=40, cso file:
/dev/null
----------------------------------------------
real command=cset shield -e /home/nrink/Projects/build/encode/encode/tests/ptrarith/ptrarith.perf.encoded --  --cso /dev/null
key=encoded, no.=41, <stderr>:
LENGTH=2
elapsed cycles: 11277
hi(checksum)=0xF44AFDB2766A4E2E
lo(checksum)=0x54976F8F76F90AF4
key=encoded, no.=41, <checksum>:
0xF44AFDB2766A4E2E54976F8F76F90AF4
key=encoded, no.=41, cso file:
/dev/null
----------------------------------------------
real command=cset shield -e /home/nrink/Projects/build/encode/encode/tests/ptrarith/ptrarith.perf.encoded --  --cso /dev/null
key=encoded, no.=42, <stderr>:
LENGTH=2
elapsed cycles: 11142
hi(checksum)=0xF44AFDB2766A4E2E
lo(checksum)=0x54976F8F76F90AF4
key=encoded, no.=42, <checksum>:
0xF44AFDB2766A4E2E54976F8F76F90AF4
key=encoded, no.=42, cso file:
/dev/null
----------------------------------------------
real command=cset shield -e /home/nrink/Projects/build/encode/encode/tests/ptrarith/ptrarith.perf.encoded --  --cso /dev/null
key=encoded, no.=43, <stderr>:
LENGTH=2
elapsed cycles: 11148
hi(checksum)=0xF44AFDB2766A4E2E
lo(checksum)=0x54976F8F76F90AF4
key=encoded, no.=43, <checksum>:
0xF44AFDB2766A4E2E54976F8F76F90AF4
key=encoded, no.=43, cso file:
/dev/null
----------------------------------------------
real command=cset shield -e /home/nrink/Projects/build/encode/encode/tests/ptrarith/ptrarith.perf.encoded --  --cso /dev/null
key=encoded, no.=44, <stderr>:
LENGTH=2
elapsed cycles: 11145
hi(checksum)=0xF44AFDB2766A4E2E
lo(checksum)=0x54976F8F76F90AF4
key=encoded, no.=44, <checksum>:
0xF44AFDB2766A4E2E54976F8F76F90AF4
key=encoded, no.=44, cso file:
/dev/null
----------------------------------------------
real command=cset shield -e /home/nrink/Projects/build/encode/encode/tests/ptrarith/ptrarith.perf.encoded --  --cso /dev/null
key=encoded, no.=45, <stderr>:
LENGTH=2
elapsed cycles: 11157
hi(checksum)=0xF44AFDB2766A4E2E
lo(checksum)=0x54976F8F76F90AF4
key=encoded, no.=45, <checksum>:
0xF44AFDB2766A4E2E54976F8F76F90AF4
key=encoded, no.=45, cso file:
/dev/null
----------------------------------------------
real command=cset shield -e /home/nrink/Projects/build/encode/encode/tests/ptrarith/ptrarith.perf.encoded --  --cso /dev/null
key=encoded, no.=46, <stderr>:
LENGTH=2
elapsed cycles: 10671
hi(checksum)=0xF44AFDB2766A4E2E
lo(checksum)=0x54976F8F76F90AF4
key=encoded, no.=46, <checksum>:
0xF44AFDB2766A4E2E54976F8F76F90AF4
key=encoded, no.=46, cso file:
/dev/null
----------------------------------------------
real command=cset shield -e /home/nrink/Projects/build/encode/encode/tests/ptrarith/ptrarith.perf.encoded --  --cso /dev/null
key=encoded, no.=47, <stderr>:
LENGTH=2
elapsed cycles: 10947
hi(checksum)=0xF44AFDB2766A4E2E
lo(checksum)=0x54976F8F76F90AF4
key=encoded, no.=47, <checksum>:
0xF44AFDB2766A4E2E54976F8F76F90AF4
key=encoded, no.=47, cso file:
/dev/null
----------------------------------------------
real command=cset shield -e /home/nrink/Projects/build/encode/encode/tests/ptrarith/ptrarith.perf.encoded --  --cso /dev/null
key=encoded, no.=48, <stderr>:
LENGTH=2
elapsed cycles: 10710
hi(checksum)=0xF44AFDB2766A4E2E
lo(checksum)=0x54976F8F76F90AF4
key=encoded, no.=48, <checksum>:
0xF44AFDB2766A4E2E54976F8F76F90AF4
key=encoded, no.=48, cso file:
/dev/null
----------------------------------------------
real command=cset shield -e /home/nrink/Projects/build/encode/encode/tests/ptrarith/ptrarith.perf.encoded --  --cso /dev/null
key=encoded, no.=49, <stderr>:
LENGTH=2
elapsed cycles: 10968
hi(checksum)=0xF44AFDB2766A4E2E
lo(checksum)=0x54976F8F76F90AF4
key=encoded, no.=49, <checksum>:
0xF44AFDB2766A4E2E54976F8F76F90AF4
key=encoded, no.=49, cso file:
/dev/null
----------------------------------------------
real command=cset shield -e /home/nrink/Projects/build/encode/encode/tests/ptrarith/ptrarith.perf.encoded --  --cso /dev/null
key=encoded, no.=50, <stderr>:
LENGTH=2
elapsed cycles: 10914
hi(checksum)=0xF44AFDB2766A4E2E
lo(checksum)=0x54976F8F76F90AF4
key=encoded, no.=50, <checksum>:
0xF44AFDB2766A4E2E54976F8F76F90AF4
key=encoded, no.=50, cso file:
/dev/null
----------------------------------------------
real command=cset shield -e /home/nrink/Projects/build/encode/encode/tests/ptrarith/ptrarith.perf.encoded --  --cso /dev/null
key=encoded, no.=51, <stderr>:
LENGTH=2
elapsed cycles: 10749
hi(checksum)=0xF44AFDB2766A4E2E
lo(checksum)=0x54976F8F76F90AF4
key=encoded, no.=51, <checksum>:
0xF44AFDB2766A4E2E54976F8F76F90AF4
key=encoded, no.=51, cso file:
/dev/null
----------------------------------------------
real command=cset shield -e /home/nrink/Projects/build/encode/encode/tests/ptrarith/ptrarith.perf.encoded --  --cso /dev/null
key=encoded, no.=52, <stderr>:
LENGTH=2
elapsed cycles: 10803
hi(checksum)=0xF44AFDB2766A4E2E
lo(checksum)=0x54976F8F76F90AF4
key=encoded, no.=52, <checksum>:
0xF44AFDB2766A4E2E54976F8F76F90AF4
key=encoded, no.=52, cso file:
/dev/null
----------------------------------------------
real command=cset shield -e /home/nrink/Projects/build/encode/encode/tests/ptrarith/ptrarith.perf.encoded --  --cso /dev/null
key=encoded, no.=53, <stderr>:
LENGTH=2
elapsed cycles: 11646
hi(checksum)=0xF44AFDB2766A4E2E
lo(checksum)=0x54976F8F76F90AF4
key=encoded, no.=53, <checksum>:
0xF44AFDB2766A4E2E54976F8F76F90AF4
key=encoded, no.=53, cso file:
/dev/null
----------------------------------------------
real command=cset shield -e /home/nrink/Projects/build/encode/encode/tests/ptrarith/ptrarith.perf.encoded --  --cso /dev/null
key=encoded, no.=54, <stderr>:
LENGTH=2
elapsed cycles: 10614
hi(checksum)=0xF44AFDB2766A4E2E
lo(checksum)=0x54976F8F76F90AF4
key=encoded, no.=54, <checksum>:
0xF44AFDB2766A4E2E54976F8F76F90AF4
key=encoded, no.=54, cso file:
/dev/null
----------------------------------------------
real command=cset shield -e /home/nrink/Projects/build/encode/encode/tests/ptrarith/ptrarith.perf.encoded --  --cso /dev/null
key=encoded, no.=55, <stderr>:
LENGTH=2
elapsed cycles: 10863
hi(checksum)=0xF44AFDB2766A4E2E
lo(checksum)=0x54976F8F76F90AF4
key=encoded, no.=55, <checksum>:
0xF44AFDB2766A4E2E54976F8F76F90AF4
key=encoded, no.=55, cso file:
/dev/null
----------------------------------------------
real command=cset shield -e /home/nrink/Projects/build/encode/encode/tests/ptrarith/ptrarith.perf.encoded --  --cso /dev/null
key=encoded, no.=56, <stderr>:
LENGTH=2
elapsed cycles: 11394
hi(checksum)=0xF44AFDB2766A4E2E
lo(checksum)=0x54976F8F76F90AF4
key=encoded, no.=56, <checksum>:
0xF44AFDB2766A4E2E54976F8F76F90AF4
key=encoded, no.=56, cso file:
/dev/null
----------------------------------------------
real command=cset shield -e /home/nrink/Projects/build/encode/encode/tests/ptrarith/ptrarith.perf.encoded --  --cso /dev/null
key=encoded, no.=57, <stderr>:
LENGTH=2
elapsed cycles: 10854
hi(checksum)=0xF44AFDB2766A4E2E
lo(checksum)=0x54976F8F76F90AF4
key=encoded, no.=57, <checksum>:
0xF44AFDB2766A4E2E54976F8F76F90AF4
key=encoded, no.=57, cso file:
/dev/null
----------------------------------------------
real command=cset shield -e /home/nrink/Projects/build/encode/encode/tests/ptrarith/ptrarith.perf.encoded --  --cso /dev/null
key=encoded, no.=58, <stderr>:
LENGTH=2
elapsed cycles: 10938
hi(checksum)=0xF44AFDB2766A4E2E
lo(checksum)=0x54976F8F76F90AF4
key=encoded, no.=58, <checksum>:
0xF44AFDB2766A4E2E54976F8F76F90AF4
key=encoded, no.=58, cso file:
/dev/null
----------------------------------------------
real command=cset shield -e /home/nrink/Projects/build/encode/encode/tests/ptrarith/ptrarith.perf.encoded --  --cso /dev/null
key=encoded, no.=59, <stderr>:
LENGTH=2
elapsed cycles: 11019
hi(checksum)=0xF44AFDB2766A4E2E
lo(checksum)=0x54976F8F76F90AF4
key=encoded, no.=59, <checksum>:
0xF44AFDB2766A4E2E54976F8F76F90AF4
key=encoded, no.=59, cso file:
/dev/null
----------------------------------------------
real command=cset shield -e /home/nrink/Projects/build/encode/encode/tests/ptrarith/ptrarith.perf.encoded --  --cso /dev/null
key=encoded, no.=60, <stderr>:
LENGTH=2
elapsed cycles: 10767
hi(checksum)=0xF44AFDB2766A4E2E
lo(checksum)=0x54976F8F76F90AF4
key=encoded, no.=60, <checksum>:
0xF44AFDB2766A4E2E54976F8F76F90AF4
key=encoded, no.=60, cso file:
/dev/null
----------------------------------------------
real command=cset shield -e /home/nrink/Projects/build/encode/encode/tests/ptrarith/ptrarith.perf.encoded --  --cso /dev/null
key=encoded, no.=61, <stderr>:
LENGTH=2
elapsed cycles: 11160
hi(checksum)=0xF44AFDB2766A4E2E
lo(checksum)=0x54976F8F76F90AF4
key=encoded, no.=61, <checksum>:
0xF44AFDB2766A4E2E54976F8F76F90AF4
key=encoded, no.=61, cso file:
/dev/null
----------------------------------------------
real command=cset shield -e /home/nrink/Projects/build/encode/encode/tests/ptrarith/ptrarith.perf.encoded --  --cso /dev/null
key=encoded, no.=62, <stderr>:
LENGTH=2
elapsed cycles: 10824
hi(checksum)=0xF44AFDB2766A4E2E
lo(checksum)=0x54976F8F76F90AF4
key=encoded, no.=62, <checksum>:
0xF44AFDB2766A4E2E54976F8F76F90AF4
key=encoded, no.=62, cso file:
/dev/null
----------------------------------------------
real command=cset shield -e /home/nrink/Projects/build/encode/encode/tests/ptrarith/ptrarith.perf.encoded --  --cso /dev/null
key=encoded, no.=63, <stderr>:
LENGTH=2
elapsed cycles: 10968
hi(checksum)=0xF44AFDB2766A4E2E
lo(checksum)=0x54976F8F76F90AF4
key=encoded, no.=63, <checksum>:
0xF44AFDB2766A4E2E54976F8F76F90AF4
key=encoded, no.=63, cso file:
/dev/null
----------------------------------------------
real command=cset shield -e /home/nrink/Projects/build/encode/encode/tests/ptrarith/ptrarith.perf.encoded --  --cso /dev/null
key=encoded, no.=64, <stderr>:
LENGTH=2
elapsed cycles: 10791
hi(checksum)=0xF44AFDB2766A4E2E
lo(checksum)=0x54976F8F76F90AF4
key=encoded, no.=64, <checksum>:
0xF44AFDB2766A4E2E54976F8F76F90AF4
key=encoded, no.=64, cso file:
/dev/null
----------------------------------------------
real command=cset shield -e /home/nrink/Projects/build/encode/encode/tests/ptrarith/ptrarith.perf.encoded --  --cso /dev/null
key=encoded, no.=65, <stderr>:
LENGTH=2
elapsed cycles: 11298
hi(checksum)=0xF44AFDB2766A4E2E
lo(checksum)=0x54976F8F76F90AF4
key=encoded, no.=65, <checksum>:
0xF44AFDB2766A4E2E54976F8F76F90AF4
key=encoded, no.=65, cso file:
/dev/null
----------------------------------------------
real command=cset shield -e /home/nrink/Projects/build/encode/encode/tests/ptrarith/ptrarith.perf.encoded --  --cso /dev/null
key=encoded, no.=66, <stderr>:
LENGTH=2
elapsed cycles: 10563
hi(checksum)=0xF44AFDB2766A4E2E
lo(checksum)=0x54976F8F76F90AF4
key=encoded, no.=66, <checksum>:
0xF44AFDB2766A4E2E54976F8F76F90AF4
key=encoded, no.=66, cso file:
/dev/null
----------------------------------------------
real command=cset shield -e /home/nrink/Projects/build/encode/encode/tests/ptrarith/ptrarith.perf.encoded --  --cso /dev/null
key=encoded, no.=67, <stderr>:
LENGTH=2
elapsed cycles: 10956
hi(checksum)=0xF44AFDB2766A4E2E
lo(checksum)=0x54976F8F76F90AF4
key=encoded, no.=67, <checksum>:
0xF44AFDB2766A4E2E54976F8F76F90AF4
key=encoded, no.=67, cso file:
/dev/null
----------------------------------------------
real command=cset shield -e /home/nrink/Projects/build/encode/encode/tests/ptrarith/ptrarith.perf.encoded --  --cso /dev/null
key=encoded, no.=68, <stderr>:
LENGTH=2
elapsed cycles: 10659
hi(checksum)=0xF44AFDB2766A4E2E
lo(checksum)=0x54976F8F76F90AF4
key=encoded, no.=68, <checksum>:
0xF44AFDB2766A4E2E54976F8F76F90AF4
key=encoded, no.=68, cso file:
/dev/null
----------------------------------------------
real command=cset shield -e /home/nrink/Projects/build/encode/encode/tests/ptrarith/ptrarith.perf.encoded --  --cso /dev/null
key=encoded, no.=69, <stderr>:
LENGTH=2
elapsed cycles: 10824
hi(checksum)=0xF44AFDB2766A4E2E
lo(checksum)=0x54976F8F76F90AF4
key=encoded, no.=69, <checksum>:
0xF44AFDB2766A4E2E54976F8F76F90AF4
key=encoded, no.=69, cso file:
/dev/null
----------------------------------------------
real command=cset shield -e /home/nrink/Projects/build/encode/encode/tests/ptrarith/ptrarith.perf.encoded --  --cso /dev/null
key=encoded, no.=70, <stderr>:
LENGTH=2
elapsed cycles: 14661
hi(checksum)=0xF44AFDB2766A4E2E
lo(checksum)=0x54976F8F76F90AF4
key=encoded, no.=70, <checksum>:
0xF44AFDB2766A4E2E54976F8F76F90AF4
key=encoded, no.=70, cso file:
/dev/null
----------------------------------------------
real command=cset shield -e /home/nrink/Projects/build/encode/encode/tests/ptrarith/ptrarith.perf.encoded --  --cso /dev/null
key=encoded, no.=71, <stderr>:
LENGTH=2
elapsed cycles: 10842
hi(checksum)=0xF44AFDB2766A4E2E
lo(checksum)=0x54976F8F76F90AF4
key=encoded, no.=71, <checksum>:
0xF44AFDB2766A4E2E54976F8F76F90AF4
key=encoded, no.=71, cso file:
/dev/null
----------------------------------------------
real command=cset shield -e /home/nrink/Projects/build/encode/encode/tests/ptrarith/ptrarith.perf.encoded --  --cso /dev/null
key=encoded, no.=72, <stderr>:
LENGTH=2
elapsed cycles: 10905
hi(checksum)=0xF44AFDB2766A4E2E
lo(checksum)=0x54976F8F76F90AF4
key=encoded, no.=72, <checksum>:
0xF44AFDB2766A4E2E54976F8F76F90AF4
key=encoded, no.=72, cso file:
/dev/null
----------------------------------------------
real command=cset shield -e /home/nrink/Projects/build/encode/encode/tests/ptrarith/ptrarith.perf.encoded --  --cso /dev/null
key=encoded, no.=73, <stderr>:
LENGTH=2
elapsed cycles: 11214
hi(checksum)=0xF44AFDB2766A4E2E
lo(checksum)=0x54976F8F76F90AF4
key=encoded, no.=73, <checksum>:
0xF44AFDB2766A4E2E54976F8F76F90AF4
key=encoded, no.=73, cso file:
/dev/null
----------------------------------------------
real command=cset shield -e /home/nrink/Projects/build/encode/encode/tests/ptrarith/ptrarith.perf.encoded --  --cso /dev/null
key=encoded, no.=74, <stderr>:
LENGTH=2
elapsed cycles: 14814
hi(checksum)=0xF44AFDB2766A4E2E
lo(checksum)=0x54976F8F76F90AF4
key=encoded, no.=74, <checksum>:
0xF44AFDB2766A4E2E54976F8F76F90AF4
key=encoded, no.=74, cso file:
/dev/null
----------------------------------------------
real command=cset shield -e /home/nrink/Projects/build/encode/encode/tests/ptrarith/ptrarith.perf.encoded --  --cso /dev/null
key=encoded, no.=75, <stderr>:
LENGTH=2
elapsed cycles: 9402
hi(checksum)=0xF44AFDB2766A4E2E
lo(checksum)=0x54976F8F76F90AF4
key=encoded, no.=75, <checksum>:
0xF44AFDB2766A4E2E54976F8F76F90AF4
key=encoded, no.=75, cso file:
/dev/null
----------------------------------------------
real command=cset shield -e /home/nrink/Projects/build/encode/encode/tests/ptrarith/ptrarith.perf.encoded --  --cso /dev/null
key=encoded, no.=76, <stderr>:
LENGTH=2
elapsed cycles: 9507
hi(checksum)=0xF44AFDB2766A4E2E
lo(checksum)=0x54976F8F76F90AF4
key=encoded, no.=76, <checksum>:
0xF44AFDB2766A4E2E54976F8F76F90AF4
key=encoded, no.=76, cso file:
/dev/null
----------------------------------------------
real command=cset shield -e /home/nrink/Projects/build/encode/encode/tests/ptrarith/ptrarith.perf.encoded --  --cso /dev/null
key=encoded, no.=77, <stderr>:
LENGTH=2
elapsed cycles: 9045
hi(checksum)=0xF44AFDB2766A4E2E
lo(checksum)=0x54976F8F76F90AF4
key=encoded, no.=77, <checksum>:
0xF44AFDB2766A4E2E54976F8F76F90AF4
key=encoded, no.=77, cso file:
/dev/null
----------------------------------------------
real command=cset shield -e /home/nrink/Projects/build/encode/encode/tests/ptrarith/ptrarith.perf.encoded --  --cso /dev/null
key=encoded, no.=78, <stderr>:
LENGTH=2
elapsed cycles: 9135
hi(checksum)=0xF44AFDB2766A4E2E
lo(checksum)=0x54976F8F76F90AF4
key=encoded, no.=78, <checksum>:
0xF44AFDB2766A4E2E54976F8F76F90AF4
key=encoded, no.=78, cso file:
/dev/null
----------------------------------------------
real command=cset shield -e /home/nrink/Projects/build/encode/encode/tests/ptrarith/ptrarith.perf.encoded --  --cso /dev/null
key=encoded, no.=79, <stderr>:
LENGTH=2
elapsed cycles: 9009
hi(checksum)=0xF44AFDB2766A4E2E
lo(checksum)=0x54976F8F76F90AF4
key=encoded, no.=79, <checksum>:
0xF44AFDB2766A4E2E54976F8F76F90AF4
key=encoded, no.=79, cso file:
/dev/null
----------------------------------------------
real command=cset shield -e /home/nrink/Projects/build/encode/encode/tests/ptrarith/ptrarith.perf.encoded --  --cso /dev/null
key=encoded, no.=80, <stderr>:
LENGTH=2
elapsed cycles: 9072
hi(checksum)=0xF44AFDB2766A4E2E
lo(checksum)=0x54976F8F76F90AF4
key=encoded, no.=80, <checksum>:
0xF44AFDB2766A4E2E54976F8F76F90AF4
key=encoded, no.=80, cso file:
/dev/null
----------------------------------------------
real command=cset shield -e /home/nrink/Projects/build/encode/encode/tests/ptrarith/ptrarith.perf.encoded --  --cso /dev/null
key=encoded, no.=81, <stderr>:
LENGTH=2
elapsed cycles: 9624
hi(checksum)=0xF44AFDB2766A4E2E
lo(checksum)=0x54976F8F76F90AF4
key=encoded, no.=81, <checksum>:
0xF44AFDB2766A4E2E54976F8F76F90AF4
key=encoded, no.=81, cso file:
/dev/null
----------------------------------------------
real command=cset shield -e /home/nrink/Projects/build/encode/encode/tests/ptrarith/ptrarith.perf.encoded --  --cso /dev/null
key=encoded, no.=82, <stderr>:
LENGTH=2
elapsed cycles: 42033
hi(checksum)=0xF44AFDB2766A4E2E
lo(checksum)=0x54976F8F76F90AF4
key=encoded, no.=82, <checksum>:
0xF44AFDB2766A4E2E54976F8F76F90AF4
key=encoded, no.=82, cso file:
/dev/null
----------------------------------------------
real command=cset shield -e /home/nrink/Projects/build/encode/encode/tests/ptrarith/ptrarith.perf.encoded --  --cso /dev/null
key=encoded, no.=83, <stderr>:
LENGTH=2
elapsed cycles: 9219
hi(checksum)=0xF44AFDB2766A4E2E
lo(checksum)=0x54976F8F76F90AF4
key=encoded, no.=83, <checksum>:
0xF44AFDB2766A4E2E54976F8F76F90AF4
key=encoded, no.=83, cso file:
/dev/null
----------------------------------------------
real command=cset shield -e /home/nrink/Projects/build/encode/encode/tests/ptrarith/ptrarith.perf.encoded --  --cso /dev/null
key=encoded, no.=84, <stderr>:
LENGTH=2
elapsed cycles: 9498
hi(checksum)=0xF44AFDB2766A4E2E
lo(checksum)=0x54976F8F76F90AF4
key=encoded, no.=84, <checksum>:
0xF44AFDB2766A4E2E54976F8F76F90AF4
key=encoded, no.=84, cso file:
/dev/null
----------------------------------------------
real command=cset shield -e /home/nrink/Projects/build/encode/encode/tests/ptrarith/ptrarith.perf.encoded --  --cso /dev/null
key=encoded, no.=85, <stderr>:
LENGTH=2
elapsed cycles: 9339
hi(checksum)=0xF44AFDB2766A4E2E
lo(checksum)=0x54976F8F76F90AF4
key=encoded, no.=85, <checksum>:
0xF44AFDB2766A4E2E54976F8F76F90AF4
key=encoded, no.=85, cso file:
/dev/null
----------------------------------------------
real command=cset shield -e /home/nrink/Projects/build/encode/encode/tests/ptrarith/ptrarith.perf.encoded --  --cso /dev/null
key=encoded, no.=86, <stderr>:
LENGTH=2
elapsed cycles: 9297
hi(checksum)=0xF44AFDB2766A4E2E
lo(checksum)=0x54976F8F76F90AF4
key=encoded, no.=86, <checksum>:
0xF44AFDB2766A4E2E54976F8F76F90AF4
key=encoded, no.=86, cso file:
/dev/null
----------------------------------------------
real command=cset shield -e /home/nrink/Projects/build/encode/encode/tests/ptrarith/ptrarith.perf.encoded --  --cso /dev/null
key=encoded, no.=87, <stderr>:
LENGTH=2
elapsed cycles: 14136
hi(checksum)=0xF44AFDB2766A4E2E
lo(checksum)=0x54976F8F76F90AF4
key=encoded, no.=87, <checksum>:
0xF44AFDB2766A4E2E54976F8F76F90AF4
key=encoded, no.=87, cso file:
/dev/null
----------------------------------------------
real command=cset shield -e /home/nrink/Projects/build/encode/encode/tests/ptrarith/ptrarith.perf.encoded --  --cso /dev/null
key=encoded, no.=88, <stderr>:
LENGTH=2
elapsed cycles: 9831
hi(checksum)=0xF44AFDB2766A4E2E
lo(checksum)=0x54976F8F76F90AF4
key=encoded, no.=88, <checksum>:
0xF44AFDB2766A4E2E54976F8F76F90AF4
key=encoded, no.=88, cso file:
/dev/null
----------------------------------------------
real command=cset shield -e /home/nrink/Projects/build/encode/encode/tests/ptrarith/ptrarith.perf.encoded --  --cso /dev/null
key=encoded, no.=89, <stderr>:
LENGTH=2
elapsed cycles: 9438
hi(checksum)=0xF44AFDB2766A4E2E
lo(checksum)=0x54976F8F76F90AF4
key=encoded, no.=89, <checksum>:
0xF44AFDB2766A4E2E54976F8F76F90AF4
key=encoded, no.=89, cso file:
/dev/null
----------------------------------------------
real command=cset shield -e /home/nrink/Projects/build/encode/encode/tests/ptrarith/ptrarith.perf.encoded --  --cso /dev/null
key=encoded, no.=90, <stderr>:
LENGTH=2
elapsed cycles: 9189
hi(checksum)=0xF44AFDB2766A4E2E
lo(checksum)=0x54976F8F76F90AF4
key=encoded, no.=90, <checksum>:
0xF44AFDB2766A4E2E54976F8F76F90AF4
key=encoded, no.=90, cso file:
/dev/null
----------------------------------------------
real command=cset shield -e /home/nrink/Projects/build/encode/encode/tests/ptrarith/ptrarith.perf.encoded --  --cso /dev/null
key=encoded, no.=91, <stderr>:
LENGTH=2
elapsed cycles: 9084
hi(checksum)=0xF44AFDB2766A4E2E
lo(checksum)=0x54976F8F76F90AF4
key=encoded, no.=91, <checksum>:
0xF44AFDB2766A4E2E54976F8F76F90AF4
key=encoded, no.=91, cso file:
/dev/null
----------------------------------------------
real command=cset shield -e /home/nrink/Projects/build/encode/encode/tests/ptrarith/ptrarith.perf.encoded --  --cso /dev/null
key=encoded, no.=92, <stderr>:
LENGTH=2
elapsed cycles: 9051
hi(checksum)=0xF44AFDB2766A4E2E
lo(checksum)=0x54976F8F76F90AF4
key=encoded, no.=92, <checksum>:
0xF44AFDB2766A4E2E54976F8F76F90AF4
key=encoded, no.=92, cso file:
/dev/null
----------------------------------------------
real command=cset shield -e /home/nrink/Projects/build/encode/encode/tests/ptrarith/ptrarith.perf.encoded --  --cso /dev/null
key=encoded, no.=93, <stderr>:
LENGTH=2
elapsed cycles: 9435
hi(checksum)=0xF44AFDB2766A4E2E
lo(checksum)=0x54976F8F76F90AF4
key=encoded, no.=93, <checksum>:
0xF44AFDB2766A4E2E54976F8F76F90AF4
key=encoded, no.=93, cso file:
/dev/null
----------------------------------------------
real command=cset shield -e /home/nrink/Projects/build/encode/encode/tests/ptrarith/ptrarith.perf.encoded --  --cso /dev/null
key=encoded, no.=94, <stderr>:
LENGTH=2
elapsed cycles: 9168
hi(checksum)=0xF44AFDB2766A4E2E
lo(checksum)=0x54976F8F76F90AF4
key=encoded, no.=94, <checksum>:
0xF44AFDB2766A4E2E54976F8F76F90AF4
key=encoded, no.=94, cso file:
/dev/null
----------------------------------------------
real command=cset shield -e /home/nrink/Projects/build/encode/encode/tests/ptrarith/ptrarith.perf.encoded --  --cso /dev/null
key=encoded, no.=95, <stderr>:
LENGTH=2
elapsed cycles: 9171
hi(checksum)=0xF44AFDB2766A4E2E
lo(checksum)=0x54976F8F76F90AF4
key=encoded, no.=95, <checksum>:
0xF44AFDB2766A4E2E54976F8F76F90AF4
key=encoded, no.=95, cso file:
/dev/null
----------------------------------------------
real command=cset shield -e /home/nrink/Projects/build/encode/encode/tests/ptrarith/ptrarith.perf.encoded --  --cso /dev/null
key=encoded, no.=96, <stderr>:
LENGTH=2
elapsed cycles: 9417
hi(checksum)=0xF44AFDB2766A4E2E
lo(checksum)=0x54976F8F76F90AF4
key=encoded, no.=96, <checksum>:
0xF44AFDB2766A4E2E54976F8F76F90AF4
key=encoded, no.=96, cso file:
/dev/null
----------------------------------------------
real command=cset shield -e /home/nrink/Projects/build/encode/encode/tests/ptrarith/ptrarith.perf.encoded --  --cso /dev/null
key=encoded, no.=97, <stderr>:
LENGTH=2
elapsed cycles: 9513
hi(checksum)=0xF44AFDB2766A4E2E
lo(checksum)=0x54976F8F76F90AF4
key=encoded, no.=97, <checksum>:
0xF44AFDB2766A4E2E54976F8F76F90AF4
key=encoded, no.=97, cso file:
/dev/null
----------------------------------------------
real command=cset shield -e /home/nrink/Projects/build/encode/encode/tests/ptrarith/ptrarith.perf.encoded --  --cso /dev/null
key=encoded, no.=98, <stderr>:
LENGTH=2
elapsed cycles: 9273
hi(checksum)=0xF44AFDB2766A4E2E
lo(checksum)=0x54976F8F76F90AF4
key=encoded, no.=98, <checksum>:
0xF44AFDB2766A4E2E54976F8F76F90AF4
key=encoded, no.=98, cso file:
/dev/null
----------------------------------------------
real command=cset shield -e /home/nrink/Projects/build/encode/encode/tests/ptrarith/ptrarith.perf.encoded --  --cso /dev/null
key=encoded, no.=99, <stderr>:
LENGTH=2
elapsed cycles: 10056
hi(checksum)=0xF44AFDB2766A4E2E
lo(checksum)=0x54976F8F76F90AF4
key=encoded, no.=99, <checksum>:
0xF44AFDB2766A4E2E54976F8F76F90AF4
key=encoded, no.=99, cso file:
/dev/null
----------------------------------------------
