key=plain, runs=100 ...
command=/home/nrink/Projects/build/encode/encode/tests/quicksort/quicksort.perf.plain
----------------------------------------------
real command=cset shield -e /home/nrink/Projects/build/encode/encode/tests/quicksort/quicksort.perf.plain --  --cso /dev/null
key=plain, no.=0, <stderr>:
LENGTH=440
elapsed cycles: 5113026
hi(checksum)=0xD8A9BFE3A2309C82
lo(checksum)=0x54F3E165EB9BA2FA
key=plain, no.=0, <checksum>:
0xD8A9BFE3A2309C8254F3E165EB9BA2FA
key=plain, no.=0, cso file:
/dev/null
----------------------------------------------
real command=cset shield -e /home/nrink/Projects/build/encode/encode/tests/quicksort/quicksort.perf.plain --  --cso /dev/null
key=plain, no.=1, <stderr>:
LENGTH=440
elapsed cycles: 5012673
hi(checksum)=0xD8A9BFE3A2309C82
lo(checksum)=0x54F3E165EB9BA2FA
key=plain, no.=1, <checksum>:
0xD8A9BFE3A2309C8254F3E165EB9BA2FA
key=plain, no.=1, cso file:
/dev/null
----------------------------------------------
real command=cset shield -e /home/nrink/Projects/build/encode/encode/tests/quicksort/quicksort.perf.plain --  --cso /dev/null
key=plain, no.=2, <stderr>:
LENGTH=440
elapsed cycles: 5073924
hi(checksum)=0xD8A9BFE3A2309C82
lo(checksum)=0x54F3E165EB9BA2FA
key=plain, no.=2, <checksum>:
0xD8A9BFE3A2309C8254F3E165EB9BA2FA
key=plain, no.=2, cso file:
/dev/null
----------------------------------------------
real command=cset shield -e /home/nrink/Projects/build/encode/encode/tests/quicksort/quicksort.perf.plain --  --cso /dev/null
key=plain, no.=3, <stderr>:
LENGTH=440
elapsed cycles: 4992102
hi(checksum)=0xD8A9BFE3A2309C82
lo(checksum)=0x54F3E165EB9BA2FA
key=plain, no.=3, <checksum>:
0xD8A9BFE3A2309C8254F3E165EB9BA2FA
key=plain, no.=3, cso file:
/dev/null
----------------------------------------------
real command=cset shield -e /home/nrink/Projects/build/encode/encode/tests/quicksort/quicksort.perf.plain --  --cso /dev/null
key=plain, no.=4, <stderr>:
LENGTH=440
elapsed cycles: 5091408
hi(checksum)=0xD8A9BFE3A2309C82
lo(checksum)=0x54F3E165EB9BA2FA
key=plain, no.=4, <checksum>:
0xD8A9BFE3A2309C8254F3E165EB9BA2FA
key=plain, no.=4, cso file:
/dev/null
----------------------------------------------
real command=cset shield -e /home/nrink/Projects/build/encode/encode/tests/quicksort/quicksort.perf.plain --  --cso /dev/null
key=plain, no.=5, <stderr>:
LENGTH=440
elapsed cycles: 5124633
hi(checksum)=0xD8A9BFE3A2309C82
lo(checksum)=0x54F3E165EB9BA2FA
key=plain, no.=5, <checksum>:
0xD8A9BFE3A2309C8254F3E165EB9BA2FA
key=plain, no.=5, cso file:
/dev/null
----------------------------------------------
real command=cset shield -e /home/nrink/Projects/build/encode/encode/tests/quicksort/quicksort.perf.plain --  --cso /dev/null
key=plain, no.=6, <stderr>:
LENGTH=440
elapsed cycles: 4895022
hi(checksum)=0xD8A9BFE3A2309C82
lo(checksum)=0x54F3E165EB9BA2FA
key=plain, no.=6, <checksum>:
0xD8A9BFE3A2309C8254F3E165EB9BA2FA
key=plain, no.=6, cso file:
/dev/null
----------------------------------------------
real command=cset shield -e /home/nrink/Projects/build/encode/encode/tests/quicksort/quicksort.perf.plain --  --cso /dev/null
key=plain, no.=7, <stderr>:
LENGTH=440
elapsed cycles: 4926363
hi(checksum)=0xD8A9BFE3A2309C82
lo(checksum)=0x54F3E165EB9BA2FA
key=plain, no.=7, <checksum>:
0xD8A9BFE3A2309C8254F3E165EB9BA2FA
key=plain, no.=7, cso file:
/dev/null
----------------------------------------------
real command=cset shield -e /home/nrink/Projects/build/encode/encode/tests/quicksort/quicksort.perf.plain --  --cso /dev/null
key=plain, no.=8, <stderr>:
LENGTH=440
elapsed cycles: 4816620
hi(checksum)=0xD8A9BFE3A2309C82
lo(checksum)=0x54F3E165EB9BA2FA
key=plain, no.=8, <checksum>:
0xD8A9BFE3A2309C8254F3E165EB9BA2FA
key=plain, no.=8, cso file:
/dev/null
----------------------------------------------
real command=cset shield -e /home/nrink/Projects/build/encode/encode/tests/quicksort/quicksort.perf.plain --  --cso /dev/null
key=plain, no.=9, <stderr>:
LENGTH=440
elapsed cycles: 4894998
hi(checksum)=0xD8A9BFE3A2309C82
lo(checksum)=0x54F3E165EB9BA2FA
key=plain, no.=9, <checksum>:
0xD8A9BFE3A2309C8254F3E165EB9BA2FA
key=plain, no.=9, cso file:
/dev/null
----------------------------------------------
real command=cset shield -e /home/nrink/Projects/build/encode/encode/tests/quicksort/quicksort.perf.plain --  --cso /dev/null
key=plain, no.=10, <stderr>:
LENGTH=440
elapsed cycles: 4898094
hi(checksum)=0xD8A9BFE3A2309C82
lo(checksum)=0x54F3E165EB9BA2FA
key=plain, no.=10, <checksum>:
0xD8A9BFE3A2309C8254F3E165EB9BA2FA
key=plain, no.=10, cso file:
/dev/null
----------------------------------------------
real command=cset shield -e /home/nrink/Projects/build/encode/encode/tests/quicksort/quicksort.perf.plain --  --cso /dev/null
key=plain, no.=11, <stderr>:
LENGTH=440
elapsed cycles: 5065941
hi(checksum)=0xD8A9BFE3A2309C82
lo(checksum)=0x54F3E165EB9BA2FA
key=plain, no.=11, <checksum>:
0xD8A9BFE3A2309C8254F3E165EB9BA2FA
key=plain, no.=11, cso file:
/dev/null
----------------------------------------------
real command=cset shield -e /home/nrink/Projects/build/encode/encode/tests/quicksort/quicksort.perf.plain --  --cso /dev/null
key=plain, no.=12, <stderr>:
LENGTH=440
elapsed cycles: 5145198
hi(checksum)=0xD8A9BFE3A2309C82
lo(checksum)=0x54F3E165EB9BA2FA
key=plain, no.=12, <checksum>:
0xD8A9BFE3A2309C8254F3E165EB9BA2FA
key=plain, no.=12, cso file:
/dev/null
----------------------------------------------
real command=cset shield -e /home/nrink/Projects/build/encode/encode/tests/quicksort/quicksort.perf.plain --  --cso /dev/null
key=plain, no.=13, <stderr>:
LENGTH=440
elapsed cycles: 4867968
hi(checksum)=0xD8A9BFE3A2309C82
lo(checksum)=0x54F3E165EB9BA2FA
key=plain, no.=13, <checksum>:
0xD8A9BFE3A2309C8254F3E165EB9BA2FA
key=plain, no.=13, cso file:
/dev/null
----------------------------------------------
real command=cset shield -e /home/nrink/Projects/build/encode/encode/tests/quicksort/quicksort.perf.plain --  --cso /dev/null
key=plain, no.=14, <stderr>:
LENGTH=440
elapsed cycles: 4822629
hi(checksum)=0xD8A9BFE3A2309C82
lo(checksum)=0x54F3E165EB9BA2FA
key=plain, no.=14, <checksum>:
0xD8A9BFE3A2309C8254F3E165EB9BA2FA
key=plain, no.=14, cso file:
/dev/null
----------------------------------------------
real command=cset shield -e /home/nrink/Projects/build/encode/encode/tests/quicksort/quicksort.perf.plain --  --cso /dev/null
key=plain, no.=15, <stderr>:
LENGTH=440
elapsed cycles: 4930869
hi(checksum)=0xD8A9BFE3A2309C82
lo(checksum)=0x54F3E165EB9BA2FA
key=plain, no.=15, <checksum>:
0xD8A9BFE3A2309C8254F3E165EB9BA2FA
key=plain, no.=15, cso file:
/dev/null
----------------------------------------------
real command=cset shield -e /home/nrink/Projects/build/encode/encode/tests/quicksort/quicksort.perf.plain --  --cso /dev/null
key=plain, no.=16, <stderr>:
LENGTH=440
elapsed cycles: 4940553
hi(checksum)=0xD8A9BFE3A2309C82
lo(checksum)=0x54F3E165EB9BA2FA
key=plain, no.=16, <checksum>:
0xD8A9BFE3A2309C8254F3E165EB9BA2FA
key=plain, no.=16, cso file:
/dev/null
----------------------------------------------
real command=cset shield -e /home/nrink/Projects/build/encode/encode/tests/quicksort/quicksort.perf.plain --  --cso /dev/null
key=plain, no.=17, <stderr>:
LENGTH=440
elapsed cycles: 5022324
hi(checksum)=0xD8A9BFE3A2309C82
lo(checksum)=0x54F3E165EB9BA2FA
key=plain, no.=17, <checksum>:
0xD8A9BFE3A2309C8254F3E165EB9BA2FA
key=plain, no.=17, cso file:
/dev/null
----------------------------------------------
real command=cset shield -e /home/nrink/Projects/build/encode/encode/tests/quicksort/quicksort.perf.plain --  --cso /dev/null
key=plain, no.=18, <stderr>:
LENGTH=440
elapsed cycles: 5089791
hi(checksum)=0xD8A9BFE3A2309C82
lo(checksum)=0x54F3E165EB9BA2FA
key=plain, no.=18, <checksum>:
0xD8A9BFE3A2309C8254F3E165EB9BA2FA
key=plain, no.=18, cso file:
/dev/null
----------------------------------------------
real command=cset shield -e /home/nrink/Projects/build/encode/encode/tests/quicksort/quicksort.perf.plain --  --cso /dev/null
key=plain, no.=19, <stderr>:
LENGTH=440
elapsed cycles: 4840890
hi(checksum)=0xD8A9BFE3A2309C82
lo(checksum)=0x54F3E165EB9BA2FA
key=plain, no.=19, <checksum>:
0xD8A9BFE3A2309C8254F3E165EB9BA2FA
key=plain, no.=19, cso file:
/dev/null
----------------------------------------------
real command=cset shield -e /home/nrink/Projects/build/encode/encode/tests/quicksort/quicksort.perf.plain --  --cso /dev/null
key=plain, no.=20, <stderr>:
LENGTH=440
elapsed cycles: 5307618
hi(checksum)=0xD8A9BFE3A2309C82
lo(checksum)=0x54F3E165EB9BA2FA
key=plain, no.=20, <checksum>:
0xD8A9BFE3A2309C8254F3E165EB9BA2FA
key=plain, no.=20, cso file:
/dev/null
----------------------------------------------
real command=cset shield -e /home/nrink/Projects/build/encode/encode/tests/quicksort/quicksort.perf.plain --  --cso /dev/null
key=plain, no.=21, <stderr>:
LENGTH=440
elapsed cycles: 5154876
hi(checksum)=0xD8A9BFE3A2309C82
lo(checksum)=0x54F3E165EB9BA2FA
key=plain, no.=21, <checksum>:
0xD8A9BFE3A2309C8254F3E165EB9BA2FA
key=plain, no.=21, cso file:
/dev/null
----------------------------------------------
real command=cset shield -e /home/nrink/Projects/build/encode/encode/tests/quicksort/quicksort.perf.plain --  --cso /dev/null
key=plain, no.=22, <stderr>:
LENGTH=440
elapsed cycles: 5065359
hi(checksum)=0xD8A9BFE3A2309C82
lo(checksum)=0x54F3E165EB9BA2FA
key=plain, no.=22, <checksum>:
0xD8A9BFE3A2309C8254F3E165EB9BA2FA
key=plain, no.=22, cso file:
/dev/null
----------------------------------------------
real command=cset shield -e /home/nrink/Projects/build/encode/encode/tests/quicksort/quicksort.perf.plain --  --cso /dev/null
key=plain, no.=23, <stderr>:
LENGTH=440
elapsed cycles: 5113329
hi(checksum)=0xD8A9BFE3A2309C82
lo(checksum)=0x54F3E165EB9BA2FA
key=plain, no.=23, <checksum>:
0xD8A9BFE3A2309C8254F3E165EB9BA2FA
key=plain, no.=23, cso file:
/dev/null
----------------------------------------------
real command=cset shield -e /home/nrink/Projects/build/encode/encode/tests/quicksort/quicksort.perf.plain --  --cso /dev/null
key=plain, no.=24, <stderr>:
LENGTH=440
elapsed cycles: 5399595
hi(checksum)=0xD8A9BFE3A2309C82
lo(checksum)=0x54F3E165EB9BA2FA
key=plain, no.=24, <checksum>:
0xD8A9BFE3A2309C8254F3E165EB9BA2FA
key=plain, no.=24, cso file:
/dev/null
----------------------------------------------
real command=cset shield -e /home/nrink/Projects/build/encode/encode/tests/quicksort/quicksort.perf.plain --  --cso /dev/null
key=plain, no.=25, <stderr>:
LENGTH=440
elapsed cycles: 5039283
hi(checksum)=0xD8A9BFE3A2309C82
lo(checksum)=0x54F3E165EB9BA2FA
key=plain, no.=25, <checksum>:
0xD8A9BFE3A2309C8254F3E165EB9BA2FA
key=plain, no.=25, cso file:
/dev/null
----------------------------------------------
real command=cset shield -e /home/nrink/Projects/build/encode/encode/tests/quicksort/quicksort.perf.plain --  --cso /dev/null
key=plain, no.=26, <stderr>:
LENGTH=440
elapsed cycles: 5064423
hi(checksum)=0xD8A9BFE3A2309C82
lo(checksum)=0x54F3E165EB9BA2FA
key=plain, no.=26, <checksum>:
0xD8A9BFE3A2309C8254F3E165EB9BA2FA
key=plain, no.=26, cso file:
/dev/null
----------------------------------------------
real command=cset shield -e /home/nrink/Projects/build/encode/encode/tests/quicksort/quicksort.perf.plain --  --cso /dev/null
key=plain, no.=27, <stderr>:
LENGTH=440
elapsed cycles: 4923828
hi(checksum)=0xD8A9BFE3A2309C82
lo(checksum)=0x54F3E165EB9BA2FA
key=plain, no.=27, <checksum>:
0xD8A9BFE3A2309C8254F3E165EB9BA2FA
key=plain, no.=27, cso file:
/dev/null
----------------------------------------------
real command=cset shield -e /home/nrink/Projects/build/encode/encode/tests/quicksort/quicksort.perf.plain --  --cso /dev/null
key=plain, no.=28, <stderr>:
LENGTH=440
elapsed cycles: 5580468
hi(checksum)=0xD8A9BFE3A2309C82
lo(checksum)=0x54F3E165EB9BA2FA
key=plain, no.=28, <checksum>:
0xD8A9BFE3A2309C8254F3E165EB9BA2FA
key=plain, no.=28, cso file:
/dev/null
----------------------------------------------
real command=cset shield -e /home/nrink/Projects/build/encode/encode/tests/quicksort/quicksort.perf.plain --  --cso /dev/null
key=plain, no.=29, <stderr>:
LENGTH=440
elapsed cycles: 5032632
hi(checksum)=0xD8A9BFE3A2309C82
lo(checksum)=0x54F3E165EB9BA2FA
key=plain, no.=29, <checksum>:
0xD8A9BFE3A2309C8254F3E165EB9BA2FA
key=plain, no.=29, cso file:
/dev/null
----------------------------------------------
real command=cset shield -e /home/nrink/Projects/build/encode/encode/tests/quicksort/quicksort.perf.plain --  --cso /dev/null
key=plain, no.=30, <stderr>:
LENGTH=440
elapsed cycles: 4978041
hi(checksum)=0xD8A9BFE3A2309C82
lo(checksum)=0x54F3E165EB9BA2FA
key=plain, no.=30, <checksum>:
0xD8A9BFE3A2309C8254F3E165EB9BA2FA
key=plain, no.=30, cso file:
/dev/null
----------------------------------------------
real command=cset shield -e /home/nrink/Projects/build/encode/encode/tests/quicksort/quicksort.perf.plain --  --cso /dev/null
key=plain, no.=31, <stderr>:
LENGTH=440
elapsed cycles: 4816602
hi(checksum)=0xD8A9BFE3A2309C82
lo(checksum)=0x54F3E165EB9BA2FA
key=plain, no.=31, <checksum>:
0xD8A9BFE3A2309C8254F3E165EB9BA2FA
key=plain, no.=31, cso file:
/dev/null
----------------------------------------------
real command=cset shield -e /home/nrink/Projects/build/encode/encode/tests/quicksort/quicksort.perf.plain --  --cso /dev/null
key=plain, no.=32, <stderr>:
LENGTH=440
elapsed cycles: 5265543
hi(checksum)=0xD8A9BFE3A2309C82
lo(checksum)=0x54F3E165EB9BA2FA
key=plain, no.=32, <checksum>:
0xD8A9BFE3A2309C8254F3E165EB9BA2FA
key=plain, no.=32, cso file:
/dev/null
----------------------------------------------
real command=cset shield -e /home/nrink/Projects/build/encode/encode/tests/quicksort/quicksort.perf.plain --  --cso /dev/null
key=plain, no.=33, <stderr>:
LENGTH=440
elapsed cycles: 4945926
hi(checksum)=0xD8A9BFE3A2309C82
lo(checksum)=0x54F3E165EB9BA2FA
key=plain, no.=33, <checksum>:
0xD8A9BFE3A2309C8254F3E165EB9BA2FA
key=plain, no.=33, cso file:
/dev/null
----------------------------------------------
real command=cset shield -e /home/nrink/Projects/build/encode/encode/tests/quicksort/quicksort.perf.plain --  --cso /dev/null
key=plain, no.=34, <stderr>:
LENGTH=440
elapsed cycles: 5023329
hi(checksum)=0xD8A9BFE3A2309C82
lo(checksum)=0x54F3E165EB9BA2FA
key=plain, no.=34, <checksum>:
0xD8A9BFE3A2309C8254F3E165EB9BA2FA
key=plain, no.=34, cso file:
/dev/null
----------------------------------------------
real command=cset shield -e /home/nrink/Projects/build/encode/encode/tests/quicksort/quicksort.perf.plain --  --cso /dev/null
key=plain, no.=35, <stderr>:
LENGTH=440
elapsed cycles: 4926237
hi(checksum)=0xD8A9BFE3A2309C82
lo(checksum)=0x54F3E165EB9BA2FA
key=plain, no.=35, <checksum>:
0xD8A9BFE3A2309C8254F3E165EB9BA2FA
key=plain, no.=35, cso file:
/dev/null
----------------------------------------------
real command=cset shield -e /home/nrink/Projects/build/encode/encode/tests/quicksort/quicksort.perf.plain --  --cso /dev/null
key=plain, no.=36, <stderr>:
LENGTH=440
elapsed cycles: 4820934
hi(checksum)=0xD8A9BFE3A2309C82
lo(checksum)=0x54F3E165EB9BA2FA
key=plain, no.=36, <checksum>:
0xD8A9BFE3A2309C8254F3E165EB9BA2FA
key=plain, no.=36, cso file:
/dev/null
----------------------------------------------
real command=cset shield -e /home/nrink/Projects/build/encode/encode/tests/quicksort/quicksort.perf.plain --  --cso /dev/null
key=plain, no.=37, <stderr>:
LENGTH=440
elapsed cycles: 4817091
hi(checksum)=0xD8A9BFE3A2309C82
lo(checksum)=0x54F3E165EB9BA2FA
key=plain, no.=37, <checksum>:
0xD8A9BFE3A2309C8254F3E165EB9BA2FA
key=plain, no.=37, cso file:
/dev/null
----------------------------------------------
real command=cset shield -e /home/nrink/Projects/build/encode/encode/tests/quicksort/quicksort.perf.plain --  --cso /dev/null
key=plain, no.=38, <stderr>:
LENGTH=440
elapsed cycles: 4864638
hi(checksum)=0xD8A9BFE3A2309C82
lo(checksum)=0x54F3E165EB9BA2FA
key=plain, no.=38, <checksum>:
0xD8A9BFE3A2309C8254F3E165EB9BA2FA
key=plain, no.=38, cso file:
/dev/null
----------------------------------------------
real command=cset shield -e /home/nrink/Projects/build/encode/encode/tests/quicksort/quicksort.perf.plain --  --cso /dev/null
key=plain, no.=39, <stderr>:
LENGTH=440
elapsed cycles: 4929156
hi(checksum)=0xD8A9BFE3A2309C82
lo(checksum)=0x54F3E165EB9BA2FA
key=plain, no.=39, <checksum>:
0xD8A9BFE3A2309C8254F3E165EB9BA2FA
key=plain, no.=39, cso file:
/dev/null
----------------------------------------------
real command=cset shield -e /home/nrink/Projects/build/encode/encode/tests/quicksort/quicksort.perf.plain --  --cso /dev/null
key=plain, no.=40, <stderr>:
LENGTH=440
elapsed cycles: 4942377
hi(checksum)=0xD8A9BFE3A2309C82
lo(checksum)=0x54F3E165EB9BA2FA
key=plain, no.=40, <checksum>:
0xD8A9BFE3A2309C8254F3E165EB9BA2FA
key=plain, no.=40, cso file:
/dev/null
----------------------------------------------
real command=cset shield -e /home/nrink/Projects/build/encode/encode/tests/quicksort/quicksort.perf.plain --  --cso /dev/null
key=plain, no.=41, <stderr>:
LENGTH=440
elapsed cycles: 5307048
hi(checksum)=0xD8A9BFE3A2309C82
lo(checksum)=0x54F3E165EB9BA2FA
key=plain, no.=41, <checksum>:
0xD8A9BFE3A2309C8254F3E165EB9BA2FA
key=plain, no.=41, cso file:
/dev/null
----------------------------------------------
real command=cset shield -e /home/nrink/Projects/build/encode/encode/tests/quicksort/quicksort.perf.plain --  --cso /dev/null
key=plain, no.=42, <stderr>:
LENGTH=440
elapsed cycles: 4951068
hi(checksum)=0xD8A9BFE3A2309C82
lo(checksum)=0x54F3E165EB9BA2FA
key=plain, no.=42, <checksum>:
0xD8A9BFE3A2309C8254F3E165EB9BA2FA
key=plain, no.=42, cso file:
/dev/null
----------------------------------------------
real command=cset shield -e /home/nrink/Projects/build/encode/encode/tests/quicksort/quicksort.perf.plain --  --cso /dev/null
key=plain, no.=43, <stderr>:
LENGTH=440
elapsed cycles: 4817634
hi(checksum)=0xD8A9BFE3A2309C82
lo(checksum)=0x54F3E165EB9BA2FA
key=plain, no.=43, <checksum>:
0xD8A9BFE3A2309C8254F3E165EB9BA2FA
key=plain, no.=43, cso file:
/dev/null
----------------------------------------------
real command=cset shield -e /home/nrink/Projects/build/encode/encode/tests/quicksort/quicksort.perf.plain --  --cso /dev/null
key=plain, no.=44, <stderr>:
LENGTH=440
elapsed cycles: 4946052
hi(checksum)=0xD8A9BFE3A2309C82
lo(checksum)=0x54F3E165EB9BA2FA
key=plain, no.=44, <checksum>:
0xD8A9BFE3A2309C8254F3E165EB9BA2FA
key=plain, no.=44, cso file:
/dev/null
----------------------------------------------
real command=cset shield -e /home/nrink/Projects/build/encode/encode/tests/quicksort/quicksort.perf.plain --  --cso /dev/null
key=plain, no.=45, <stderr>:
LENGTH=440
elapsed cycles: 4977516
hi(checksum)=0xD8A9BFE3A2309C82
lo(checksum)=0x54F3E165EB9BA2FA
key=plain, no.=45, <checksum>:
0xD8A9BFE3A2309C8254F3E165EB9BA2FA
key=plain, no.=45, cso file:
/dev/null
----------------------------------------------
real command=cset shield -e /home/nrink/Projects/build/encode/encode/tests/quicksort/quicksort.perf.plain --  --cso /dev/null
key=plain, no.=46, <stderr>:
LENGTH=440
elapsed cycles: 4949400
hi(checksum)=0xD8A9BFE3A2309C82
lo(checksum)=0x54F3E165EB9BA2FA
key=plain, no.=46, <checksum>:
0xD8A9BFE3A2309C8254F3E165EB9BA2FA
key=plain, no.=46, cso file:
/dev/null
----------------------------------------------
real command=cset shield -e /home/nrink/Projects/build/encode/encode/tests/quicksort/quicksort.perf.plain --  --cso /dev/null
key=plain, no.=47, <stderr>:
LENGTH=440
elapsed cycles: 5070057
hi(checksum)=0xD8A9BFE3A2309C82
lo(checksum)=0x54F3E165EB9BA2FA
key=plain, no.=47, <checksum>:
0xD8A9BFE3A2309C8254F3E165EB9BA2FA
key=plain, no.=47, cso file:
/dev/null
----------------------------------------------
real command=cset shield -e /home/nrink/Projects/build/encode/encode/tests/quicksort/quicksort.perf.plain --  --cso /dev/null
key=plain, no.=48, <stderr>:
LENGTH=440
elapsed cycles: 5069049
hi(checksum)=0xD8A9BFE3A2309C82
lo(checksum)=0x54F3E165EB9BA2FA
key=plain, no.=48, <checksum>:
0xD8A9BFE3A2309C8254F3E165EB9BA2FA
key=plain, no.=48, cso file:
/dev/null
----------------------------------------------
real command=cset shield -e /home/nrink/Projects/build/encode/encode/tests/quicksort/quicksort.perf.plain --  --cso /dev/null
key=plain, no.=49, <stderr>:
LENGTH=440
elapsed cycles: 4968774
hi(checksum)=0xD8A9BFE3A2309C82
lo(checksum)=0x54F3E165EB9BA2FA
key=plain, no.=49, <checksum>:
0xD8A9BFE3A2309C8254F3E165EB9BA2FA
key=plain, no.=49, cso file:
/dev/null
----------------------------------------------
real command=cset shield -e /home/nrink/Projects/build/encode/encode/tests/quicksort/quicksort.perf.plain --  --cso /dev/null
key=plain, no.=50, <stderr>:
LENGTH=440
elapsed cycles: 4869390
hi(checksum)=0xD8A9BFE3A2309C82
lo(checksum)=0x54F3E165EB9BA2FA
key=plain, no.=50, <checksum>:
0xD8A9BFE3A2309C8254F3E165EB9BA2FA
key=plain, no.=50, cso file:
/dev/null
----------------------------------------------
real command=cset shield -e /home/nrink/Projects/build/encode/encode/tests/quicksort/quicksort.perf.plain --  --cso /dev/null
key=plain, no.=51, <stderr>:
LENGTH=440
elapsed cycles: 4867434
hi(checksum)=0xD8A9BFE3A2309C82
lo(checksum)=0x54F3E165EB9BA2FA
key=plain, no.=51, <checksum>:
0xD8A9BFE3A2309C8254F3E165EB9BA2FA
key=plain, no.=51, cso file:
/dev/null
----------------------------------------------
real command=cset shield -e /home/nrink/Projects/build/encode/encode/tests/quicksort/quicksort.perf.plain --  --cso /dev/null
key=plain, no.=52, <stderr>:
LENGTH=440
elapsed cycles: 4808013
hi(checksum)=0xD8A9BFE3A2309C82
lo(checksum)=0x54F3E165EB9BA2FA
key=plain, no.=52, <checksum>:
0xD8A9BFE3A2309C8254F3E165EB9BA2FA
key=plain, no.=52, cso file:
/dev/null
----------------------------------------------
real command=cset shield -e /home/nrink/Projects/build/encode/encode/tests/quicksort/quicksort.perf.plain --  --cso /dev/null
key=plain, no.=53, <stderr>:
LENGTH=440
elapsed cycles: 4865049
hi(checksum)=0xD8A9BFE3A2309C82
lo(checksum)=0x54F3E165EB9BA2FA
key=plain, no.=53, <checksum>:
0xD8A9BFE3A2309C8254F3E165EB9BA2FA
key=plain, no.=53, cso file:
/dev/null
----------------------------------------------
real command=cset shield -e /home/nrink/Projects/build/encode/encode/tests/quicksort/quicksort.perf.plain --  --cso /dev/null
key=plain, no.=54, <stderr>:
LENGTH=440
elapsed cycles: 4815972
hi(checksum)=0xD8A9BFE3A2309C82
lo(checksum)=0x54F3E165EB9BA2FA
key=plain, no.=54, <checksum>:
0xD8A9BFE3A2309C8254F3E165EB9BA2FA
key=plain, no.=54, cso file:
/dev/null
----------------------------------------------
real command=cset shield -e /home/nrink/Projects/build/encode/encode/tests/quicksort/quicksort.perf.plain --  --cso /dev/null
key=plain, no.=55, <stderr>:
LENGTH=440
elapsed cycles: 4945722
hi(checksum)=0xD8A9BFE3A2309C82
lo(checksum)=0x54F3E165EB9BA2FA
key=plain, no.=55, <checksum>:
0xD8A9BFE3A2309C8254F3E165EB9BA2FA
key=plain, no.=55, cso file:
/dev/null
----------------------------------------------
real command=cset shield -e /home/nrink/Projects/build/encode/encode/tests/quicksort/quicksort.perf.plain --  --cso /dev/null
key=plain, no.=56, <stderr>:
LENGTH=440
elapsed cycles: 4989645
hi(checksum)=0xD8A9BFE3A2309C82
lo(checksum)=0x54F3E165EB9BA2FA
key=plain, no.=56, <checksum>:
0xD8A9BFE3A2309C8254F3E165EB9BA2FA
key=plain, no.=56, cso file:
/dev/null
----------------------------------------------
real command=cset shield -e /home/nrink/Projects/build/encode/encode/tests/quicksort/quicksort.perf.plain --  --cso /dev/null
key=plain, no.=57, <stderr>:
LENGTH=440
elapsed cycles: 4812786
hi(checksum)=0xD8A9BFE3A2309C82
lo(checksum)=0x54F3E165EB9BA2FA
key=plain, no.=57, <checksum>:
0xD8A9BFE3A2309C8254F3E165EB9BA2FA
key=plain, no.=57, cso file:
/dev/null
----------------------------------------------
real command=cset shield -e /home/nrink/Projects/build/encode/encode/tests/quicksort/quicksort.perf.plain --  --cso /dev/null
key=plain, no.=58, <stderr>:
LENGTH=440
elapsed cycles: 4876539
hi(checksum)=0xD8A9BFE3A2309C82
lo(checksum)=0x54F3E165EB9BA2FA
key=plain, no.=58, <checksum>:
0xD8A9BFE3A2309C8254F3E165EB9BA2FA
key=plain, no.=58, cso file:
/dev/null
----------------------------------------------
real command=cset shield -e /home/nrink/Projects/build/encode/encode/tests/quicksort/quicksort.perf.plain --  --cso /dev/null
key=plain, no.=59, <stderr>:
LENGTH=440
elapsed cycles: 4982682
hi(checksum)=0xD8A9BFE3A2309C82
lo(checksum)=0x54F3E165EB9BA2FA
key=plain, no.=59, <checksum>:
0xD8A9BFE3A2309C8254F3E165EB9BA2FA
key=plain, no.=59, cso file:
/dev/null
----------------------------------------------
real command=cset shield -e /home/nrink/Projects/build/encode/encode/tests/quicksort/quicksort.perf.plain --  --cso /dev/null
key=plain, no.=60, <stderr>:
LENGTH=440
elapsed cycles: 5056182
hi(checksum)=0xD8A9BFE3A2309C82
lo(checksum)=0x54F3E165EB9BA2FA
key=plain, no.=60, <checksum>:
0xD8A9BFE3A2309C8254F3E165EB9BA2FA
key=plain, no.=60, cso file:
/dev/null
----------------------------------------------
real command=cset shield -e /home/nrink/Projects/build/encode/encode/tests/quicksort/quicksort.perf.plain --  --cso /dev/null
key=plain, no.=61, <stderr>:
LENGTH=440
elapsed cycles: 4941507
hi(checksum)=0xD8A9BFE3A2309C82
lo(checksum)=0x54F3E165EB9BA2FA
key=plain, no.=61, <checksum>:
0xD8A9BFE3A2309C8254F3E165EB9BA2FA
key=plain, no.=61, cso file:
/dev/null
----------------------------------------------
real command=cset shield -e /home/nrink/Projects/build/encode/encode/tests/quicksort/quicksort.perf.plain --  --cso /dev/null
key=plain, no.=62, <stderr>:
LENGTH=440
elapsed cycles: 4942467
hi(checksum)=0xD8A9BFE3A2309C82
lo(checksum)=0x54F3E165EB9BA2FA
key=plain, no.=62, <checksum>:
0xD8A9BFE3A2309C8254F3E165EB9BA2FA
key=plain, no.=62, cso file:
/dev/null
----------------------------------------------
real command=cset shield -e /home/nrink/Projects/build/encode/encode/tests/quicksort/quicksort.perf.plain --  --cso /dev/null
key=plain, no.=63, <stderr>:
LENGTH=440
elapsed cycles: 5638899
hi(checksum)=0xD8A9BFE3A2309C82
lo(checksum)=0x54F3E165EB9BA2FA
key=plain, no.=63, <checksum>:
0xD8A9BFE3A2309C8254F3E165EB9BA2FA
key=plain, no.=63, cso file:
/dev/null
----------------------------------------------
real command=cset shield -e /home/nrink/Projects/build/encode/encode/tests/quicksort/quicksort.perf.plain --  --cso /dev/null
key=plain, no.=64, <stderr>:
LENGTH=440
elapsed cycles: 5361036
hi(checksum)=0xD8A9BFE3A2309C82
lo(checksum)=0x54F3E165EB9BA2FA
key=plain, no.=64, <checksum>:
0xD8A9BFE3A2309C8254F3E165EB9BA2FA
key=plain, no.=64, cso file:
/dev/null
----------------------------------------------
real command=cset shield -e /home/nrink/Projects/build/encode/encode/tests/quicksort/quicksort.perf.plain --  --cso /dev/null
key=plain, no.=65, <stderr>:
LENGTH=440
elapsed cycles: 6134172
hi(checksum)=0xD8A9BFE3A2309C82
lo(checksum)=0x54F3E165EB9BA2FA
key=plain, no.=65, <checksum>:
0xD8A9BFE3A2309C8254F3E165EB9BA2FA
key=plain, no.=65, cso file:
/dev/null
----------------------------------------------
real command=cset shield -e /home/nrink/Projects/build/encode/encode/tests/quicksort/quicksort.perf.plain --  --cso /dev/null
key=plain, no.=66, <stderr>:
LENGTH=440
elapsed cycles: 5240328
hi(checksum)=0xD8A9BFE3A2309C82
lo(checksum)=0x54F3E165EB9BA2FA
key=plain, no.=66, <checksum>:
0xD8A9BFE3A2309C8254F3E165EB9BA2FA
key=plain, no.=66, cso file:
/dev/null
----------------------------------------------
real command=cset shield -e /home/nrink/Projects/build/encode/encode/tests/quicksort/quicksort.perf.plain --  --cso /dev/null
key=plain, no.=67, <stderr>:
LENGTH=440
elapsed cycles: 5081406
hi(checksum)=0xD8A9BFE3A2309C82
lo(checksum)=0x54F3E165EB9BA2FA
key=plain, no.=67, <checksum>:
0xD8A9BFE3A2309C8254F3E165EB9BA2FA
key=plain, no.=67, cso file:
/dev/null
----------------------------------------------
real command=cset shield -e /home/nrink/Projects/build/encode/encode/tests/quicksort/quicksort.perf.plain --  --cso /dev/null
key=plain, no.=68, <stderr>:
LENGTH=440
elapsed cycles: 4941669
hi(checksum)=0xD8A9BFE3A2309C82
lo(checksum)=0x54F3E165EB9BA2FA
key=plain, no.=68, <checksum>:
0xD8A9BFE3A2309C8254F3E165EB9BA2FA
key=plain, no.=68, cso file:
/dev/null
----------------------------------------------
real command=cset shield -e /home/nrink/Projects/build/encode/encode/tests/quicksort/quicksort.perf.plain --  --cso /dev/null
key=plain, no.=69, <stderr>:
LENGTH=440
elapsed cycles: 5116839
hi(checksum)=0xD8A9BFE3A2309C82
lo(checksum)=0x54F3E165EB9BA2FA
key=plain, no.=69, <checksum>:
0xD8A9BFE3A2309C8254F3E165EB9BA2FA
key=plain, no.=69, cso file:
/dev/null
----------------------------------------------
real command=cset shield -e /home/nrink/Projects/build/encode/encode/tests/quicksort/quicksort.perf.plain --  --cso /dev/null
key=plain, no.=70, <stderr>:
LENGTH=440
elapsed cycles: 5041623
hi(checksum)=0xD8A9BFE3A2309C82
lo(checksum)=0x54F3E165EB9BA2FA
key=plain, no.=70, <checksum>:
0xD8A9BFE3A2309C8254F3E165EB9BA2FA
key=plain, no.=70, cso file:
/dev/null
----------------------------------------------
real command=cset shield -e /home/nrink/Projects/build/encode/encode/tests/quicksort/quicksort.perf.plain --  --cso /dev/null
key=plain, no.=71, <stderr>:
LENGTH=440
elapsed cycles: 5206854
hi(checksum)=0xD8A9BFE3A2309C82
lo(checksum)=0x54F3E165EB9BA2FA
key=plain, no.=71, <checksum>:
0xD8A9BFE3A2309C8254F3E165EB9BA2FA
key=plain, no.=71, cso file:
/dev/null
----------------------------------------------
real command=cset shield -e /home/nrink/Projects/build/encode/encode/tests/quicksort/quicksort.perf.plain --  --cso /dev/null
key=plain, no.=72, <stderr>:
LENGTH=440
elapsed cycles: 5069820
hi(checksum)=0xD8A9BFE3A2309C82
lo(checksum)=0x54F3E165EB9BA2FA
key=plain, no.=72, <checksum>:
0xD8A9BFE3A2309C8254F3E165EB9BA2FA
key=plain, no.=72, cso file:
/dev/null
----------------------------------------------
real command=cset shield -e /home/nrink/Projects/build/encode/encode/tests/quicksort/quicksort.perf.plain --  --cso /dev/null
key=plain, no.=73, <stderr>:
LENGTH=440
elapsed cycles: 4817286
hi(checksum)=0xD8A9BFE3A2309C82
lo(checksum)=0x54F3E165EB9BA2FA
key=plain, no.=73, <checksum>:
0xD8A9BFE3A2309C8254F3E165EB9BA2FA
key=plain, no.=73, cso file:
/dev/null
----------------------------------------------
real command=cset shield -e /home/nrink/Projects/build/encode/encode/tests/quicksort/quicksort.perf.plain --  --cso /dev/null
key=plain, no.=74, <stderr>:
LENGTH=440
elapsed cycles: 4817943
hi(checksum)=0xD8A9BFE3A2309C82
lo(checksum)=0x54F3E165EB9BA2FA
key=plain, no.=74, <checksum>:
0xD8A9BFE3A2309C8254F3E165EB9BA2FA
key=plain, no.=74, cso file:
/dev/null
----------------------------------------------
real command=cset shield -e /home/nrink/Projects/build/encode/encode/tests/quicksort/quicksort.perf.plain --  --cso /dev/null
key=plain, no.=75, <stderr>:
LENGTH=440
elapsed cycles: 4944738
hi(checksum)=0xD8A9BFE3A2309C82
lo(checksum)=0x54F3E165EB9BA2FA
key=plain, no.=75, <checksum>:
0xD8A9BFE3A2309C8254F3E165EB9BA2FA
key=plain, no.=75, cso file:
/dev/null
----------------------------------------------
real command=cset shield -e /home/nrink/Projects/build/encode/encode/tests/quicksort/quicksort.perf.plain --  --cso /dev/null
key=plain, no.=76, <stderr>:
LENGTH=440
elapsed cycles: 4937856
hi(checksum)=0xD8A9BFE3A2309C82
lo(checksum)=0x54F3E165EB9BA2FA
key=plain, no.=76, <checksum>:
0xD8A9BFE3A2309C8254F3E165EB9BA2FA
key=plain, no.=76, cso file:
/dev/null
----------------------------------------------
real command=cset shield -e /home/nrink/Projects/build/encode/encode/tests/quicksort/quicksort.perf.plain --  --cso /dev/null
key=plain, no.=77, <stderr>:
LENGTH=440
elapsed cycles: 4933377
hi(checksum)=0xD8A9BFE3A2309C82
lo(checksum)=0x54F3E165EB9BA2FA
key=plain, no.=77, <checksum>:
0xD8A9BFE3A2309C8254F3E165EB9BA2FA
key=plain, no.=77, cso file:
/dev/null
----------------------------------------------
real command=cset shield -e /home/nrink/Projects/build/encode/encode/tests/quicksort/quicksort.perf.plain --  --cso /dev/null
key=plain, no.=78, <stderr>:
LENGTH=440
elapsed cycles: 5003820
hi(checksum)=0xD8A9BFE3A2309C82
lo(checksum)=0x54F3E165EB9BA2FA
key=plain, no.=78, <checksum>:
0xD8A9BFE3A2309C8254F3E165EB9BA2FA
key=plain, no.=78, cso file:
/dev/null
----------------------------------------------
real command=cset shield -e /home/nrink/Projects/build/encode/encode/tests/quicksort/quicksort.perf.plain --  --cso /dev/null
key=plain, no.=79, <stderr>:
LENGTH=440
elapsed cycles: 4946688
hi(checksum)=0xD8A9BFE3A2309C82
lo(checksum)=0x54F3E165EB9BA2FA
key=plain, no.=79, <checksum>:
0xD8A9BFE3A2309C8254F3E165EB9BA2FA
key=plain, no.=79, cso file:
/dev/null
----------------------------------------------
real command=cset shield -e /home/nrink/Projects/build/encode/encode/tests/quicksort/quicksort.perf.plain --  --cso /dev/null
key=plain, no.=80, <stderr>:
LENGTH=440
elapsed cycles: 5000682
hi(checksum)=0xD8A9BFE3A2309C82
lo(checksum)=0x54F3E165EB9BA2FA
key=plain, no.=80, <checksum>:
0xD8A9BFE3A2309C8254F3E165EB9BA2FA
key=plain, no.=80, cso file:
/dev/null
----------------------------------------------
real command=cset shield -e /home/nrink/Projects/build/encode/encode/tests/quicksort/quicksort.perf.plain --  --cso /dev/null
key=plain, no.=81, <stderr>:
LENGTH=440
elapsed cycles: 4954731
hi(checksum)=0xD8A9BFE3A2309C82
lo(checksum)=0x54F3E165EB9BA2FA
key=plain, no.=81, <checksum>:
0xD8A9BFE3A2309C8254F3E165EB9BA2FA
key=plain, no.=81, cso file:
/dev/null
----------------------------------------------
real command=cset shield -e /home/nrink/Projects/build/encode/encode/tests/quicksort/quicksort.perf.plain --  --cso /dev/null
key=plain, no.=82, <stderr>:
LENGTH=440
elapsed cycles: 4983462
hi(checksum)=0xD8A9BFE3A2309C82
lo(checksum)=0x54F3E165EB9BA2FA
key=plain, no.=82, <checksum>:
0xD8A9BFE3A2309C8254F3E165EB9BA2FA
key=plain, no.=82, cso file:
/dev/null
----------------------------------------------
real command=cset shield -e /home/nrink/Projects/build/encode/encode/tests/quicksort/quicksort.perf.plain --  --cso /dev/null
key=plain, no.=83, <stderr>:
LENGTH=440
elapsed cycles: 4994874
hi(checksum)=0xD8A9BFE3A2309C82
lo(checksum)=0x54F3E165EB9BA2FA
key=plain, no.=83, <checksum>:
0xD8A9BFE3A2309C8254F3E165EB9BA2FA
key=plain, no.=83, cso file:
/dev/null
----------------------------------------------
real command=cset shield -e /home/nrink/Projects/build/encode/encode/tests/quicksort/quicksort.perf.plain --  --cso /dev/null
key=plain, no.=84, <stderr>:
LENGTH=440
elapsed cycles: 4993515
hi(checksum)=0xD8A9BFE3A2309C82
lo(checksum)=0x54F3E165EB9BA2FA
key=plain, no.=84, <checksum>:
0xD8A9BFE3A2309C8254F3E165EB9BA2FA
key=plain, no.=84, cso file:
/dev/null
----------------------------------------------
real command=cset shield -e /home/nrink/Projects/build/encode/encode/tests/quicksort/quicksort.perf.plain --  --cso /dev/null
key=plain, no.=85, <stderr>:
LENGTH=440
elapsed cycles: 4939263
hi(checksum)=0xD8A9BFE3A2309C82
lo(checksum)=0x54F3E165EB9BA2FA
key=plain, no.=85, <checksum>:
0xD8A9BFE3A2309C8254F3E165EB9BA2FA
key=plain, no.=85, cso file:
/dev/null
----------------------------------------------
real command=cset shield -e /home/nrink/Projects/build/encode/encode/tests/quicksort/quicksort.perf.plain --  --cso /dev/null
key=plain, no.=86, <stderr>:
LENGTH=440
elapsed cycles: 4989072
hi(checksum)=0xD8A9BFE3A2309C82
lo(checksum)=0x54F3E165EB9BA2FA
key=plain, no.=86, <checksum>:
0xD8A9BFE3A2309C8254F3E165EB9BA2FA
key=plain, no.=86, cso file:
/dev/null
----------------------------------------------
real command=cset shield -e /home/nrink/Projects/build/encode/encode/tests/quicksort/quicksort.perf.plain --  --cso /dev/null
key=plain, no.=87, <stderr>:
LENGTH=440
elapsed cycles: 4945251
hi(checksum)=0xD8A9BFE3A2309C82
lo(checksum)=0x54F3E165EB9BA2FA
key=plain, no.=87, <checksum>:
0xD8A9BFE3A2309C8254F3E165EB9BA2FA
key=plain, no.=87, cso file:
/dev/null
----------------------------------------------
real command=cset shield -e /home/nrink/Projects/build/encode/encode/tests/quicksort/quicksort.perf.plain --  --cso /dev/null
key=plain, no.=88, <stderr>:
LENGTH=440
elapsed cycles: 4933311
hi(checksum)=0xD8A9BFE3A2309C82
lo(checksum)=0x54F3E165EB9BA2FA
key=plain, no.=88, <checksum>:
0xD8A9BFE3A2309C8254F3E165EB9BA2FA
key=plain, no.=88, cso file:
/dev/null
----------------------------------------------
real command=cset shield -e /home/nrink/Projects/build/encode/encode/tests/quicksort/quicksort.perf.plain --  --cso /dev/null
key=plain, no.=89, <stderr>:
LENGTH=440
elapsed cycles: 5638971
hi(checksum)=0xD8A9BFE3A2309C82
lo(checksum)=0x54F3E165EB9BA2FA
key=plain, no.=89, <checksum>:
0xD8A9BFE3A2309C8254F3E165EB9BA2FA
key=plain, no.=89, cso file:
/dev/null
----------------------------------------------
real command=cset shield -e /home/nrink/Projects/build/encode/encode/tests/quicksort/quicksort.perf.plain --  --cso /dev/null
key=plain, no.=90, <stderr>:
LENGTH=440
elapsed cycles: 4868172
hi(checksum)=0xD8A9BFE3A2309C82
lo(checksum)=0x54F3E165EB9BA2FA
key=plain, no.=90, <checksum>:
0xD8A9BFE3A2309C8254F3E165EB9BA2FA
key=plain, no.=90, cso file:
/dev/null
----------------------------------------------
real command=cset shield -e /home/nrink/Projects/build/encode/encode/tests/quicksort/quicksort.perf.plain --  --cso /dev/null
key=plain, no.=91, <stderr>:
LENGTH=440
elapsed cycles: 5151744
hi(checksum)=0xD8A9BFE3A2309C82
lo(checksum)=0x54F3E165EB9BA2FA
key=plain, no.=91, <checksum>:
0xD8A9BFE3A2309C8254F3E165EB9BA2FA
key=plain, no.=91, cso file:
/dev/null
----------------------------------------------
real command=cset shield -e /home/nrink/Projects/build/encode/encode/tests/quicksort/quicksort.perf.plain --  --cso /dev/null
key=plain, no.=92, <stderr>:
LENGTH=440
elapsed cycles: 4951182
hi(checksum)=0xD8A9BFE3A2309C82
lo(checksum)=0x54F3E165EB9BA2FA
key=plain, no.=92, <checksum>:
0xD8A9BFE3A2309C8254F3E165EB9BA2FA
key=plain, no.=92, cso file:
/dev/null
----------------------------------------------
real command=cset shield -e /home/nrink/Projects/build/encode/encode/tests/quicksort/quicksort.perf.plain --  --cso /dev/null
key=plain, no.=93, <stderr>:
LENGTH=440
elapsed cycles: 4940109
hi(checksum)=0xD8A9BFE3A2309C82
lo(checksum)=0x54F3E165EB9BA2FA
key=plain, no.=93, <checksum>:
0xD8A9BFE3A2309C8254F3E165EB9BA2FA
key=plain, no.=93, cso file:
/dev/null
----------------------------------------------
real command=cset shield -e /home/nrink/Projects/build/encode/encode/tests/quicksort/quicksort.perf.plain --  --cso /dev/null
key=plain, no.=94, <stderr>:
LENGTH=440
elapsed cycles: 5007951
hi(checksum)=0xD8A9BFE3A2309C82
lo(checksum)=0x54F3E165EB9BA2FA
key=plain, no.=94, <checksum>:
0xD8A9BFE3A2309C8254F3E165EB9BA2FA
key=plain, no.=94, cso file:
/dev/null
----------------------------------------------
real command=cset shield -e /home/nrink/Projects/build/encode/encode/tests/quicksort/quicksort.perf.plain --  --cso /dev/null
key=plain, no.=95, <stderr>:
LENGTH=440
elapsed cycles: 5383569
hi(checksum)=0xD8A9BFE3A2309C82
lo(checksum)=0x54F3E165EB9BA2FA
key=plain, no.=95, <checksum>:
0xD8A9BFE3A2309C8254F3E165EB9BA2FA
key=plain, no.=95, cso file:
/dev/null
----------------------------------------------
real command=cset shield -e /home/nrink/Projects/build/encode/encode/tests/quicksort/quicksort.perf.plain --  --cso /dev/null
key=plain, no.=96, <stderr>:
LENGTH=440
elapsed cycles: 5291694
hi(checksum)=0xD8A9BFE3A2309C82
lo(checksum)=0x54F3E165EB9BA2FA
key=plain, no.=96, <checksum>:
0xD8A9BFE3A2309C8254F3E165EB9BA2FA
key=plain, no.=96, cso file:
/dev/null
----------------------------------------------
real command=cset shield -e /home/nrink/Projects/build/encode/encode/tests/quicksort/quicksort.perf.plain --  --cso /dev/null
key=plain, no.=97, <stderr>:
LENGTH=440
elapsed cycles: 4950543
hi(checksum)=0xD8A9BFE3A2309C82
lo(checksum)=0x54F3E165EB9BA2FA
key=plain, no.=97, <checksum>:
0xD8A9BFE3A2309C8254F3E165EB9BA2FA
key=plain, no.=97, cso file:
/dev/null
----------------------------------------------
real command=cset shield -e /home/nrink/Projects/build/encode/encode/tests/quicksort/quicksort.perf.plain --  --cso /dev/null
key=plain, no.=98, <stderr>:
LENGTH=440
elapsed cycles: 5017038
hi(checksum)=0xD8A9BFE3A2309C82
lo(checksum)=0x54F3E165EB9BA2FA
key=plain, no.=98, <checksum>:
0xD8A9BFE3A2309C8254F3E165EB9BA2FA
key=plain, no.=98, cso file:
/dev/null
----------------------------------------------
real command=cset shield -e /home/nrink/Projects/build/encode/encode/tests/quicksort/quicksort.perf.plain --  --cso /dev/null
key=plain, no.=99, <stderr>:
LENGTH=440
elapsed cycles: 4945140
hi(checksum)=0xD8A9BFE3A2309C82
lo(checksum)=0x54F3E165EB9BA2FA
key=plain, no.=99, <checksum>:
0xD8A9BFE3A2309C8254F3E165EB9BA2FA
key=plain, no.=99, cso file:
/dev/null
----------------------------------------------
key=encoded, runs=100 ...
command=/home/nrink/Projects/build/encode/encode/tests/quicksort/quicksort.perf.encoded
----------------------------------------------
real command=cset shield -e /home/nrink/Projects/build/encode/encode/tests/quicksort/quicksort.perf.encoded --  --cso /dev/null
key=encoded, no.=0, <stderr>:
LENGTH=440
elapsed cycles: 8008374
hi(checksum)=0xD8A9BFE3A2309C82
lo(checksum)=0x54F3E165EB9BA2FA
key=encoded, no.=0, <checksum>:
0xD8A9BFE3A2309C8254F3E165EB9BA2FA
key=encoded, no.=0, cso file:
/dev/null
----------------------------------------------
real command=cset shield -e /home/nrink/Projects/build/encode/encode/tests/quicksort/quicksort.perf.encoded --  --cso /dev/null
key=encoded, no.=1, <stderr>:
LENGTH=440
elapsed cycles: 7880925
hi(checksum)=0xD8A9BFE3A2309C82
lo(checksum)=0x54F3E165EB9BA2FA
key=encoded, no.=1, <checksum>:
0xD8A9BFE3A2309C8254F3E165EB9BA2FA
key=encoded, no.=1, cso file:
/dev/null
----------------------------------------------
real command=cset shield -e /home/nrink/Projects/build/encode/encode/tests/quicksort/quicksort.perf.encoded --  --cso /dev/null
key=encoded, no.=2, <stderr>:
LENGTH=440
elapsed cycles: 7494939
hi(checksum)=0xD8A9BFE3A2309C82
lo(checksum)=0x54F3E165EB9BA2FA
key=encoded, no.=2, <checksum>:
0xD8A9BFE3A2309C8254F3E165EB9BA2FA
key=encoded, no.=2, cso file:
/dev/null
----------------------------------------------
real command=cset shield -e /home/nrink/Projects/build/encode/encode/tests/quicksort/quicksort.perf.encoded --  --cso /dev/null
key=encoded, no.=3, <stderr>:
LENGTH=440
elapsed cycles: 7289235
hi(checksum)=0xD8A9BFE3A2309C82
lo(checksum)=0x54F3E165EB9BA2FA
key=encoded, no.=3, <checksum>:
0xD8A9BFE3A2309C8254F3E165EB9BA2FA
key=encoded, no.=3, cso file:
/dev/null
----------------------------------------------
real command=cset shield -e /home/nrink/Projects/build/encode/encode/tests/quicksort/quicksort.perf.encoded --  --cso /dev/null
key=encoded, no.=4, <stderr>:
LENGTH=440
elapsed cycles: 7545354
hi(checksum)=0xD8A9BFE3A2309C82
lo(checksum)=0x54F3E165EB9BA2FA
key=encoded, no.=4, <checksum>:
0xD8A9BFE3A2309C8254F3E165EB9BA2FA
key=encoded, no.=4, cso file:
/dev/null
----------------------------------------------
real command=cset shield -e /home/nrink/Projects/build/encode/encode/tests/quicksort/quicksort.perf.encoded --  --cso /dev/null
key=encoded, no.=5, <stderr>:
LENGTH=440
elapsed cycles: 8053485
hi(checksum)=0xD8A9BFE3A2309C82
lo(checksum)=0x54F3E165EB9BA2FA
key=encoded, no.=5, <checksum>:
0xD8A9BFE3A2309C8254F3E165EB9BA2FA
key=encoded, no.=5, cso file:
/dev/null
----------------------------------------------
real command=cset shield -e /home/nrink/Projects/build/encode/encode/tests/quicksort/quicksort.perf.encoded --  --cso /dev/null
key=encoded, no.=6, <stderr>:
LENGTH=440
elapsed cycles: 7671450
hi(checksum)=0xD8A9BFE3A2309C82
lo(checksum)=0x54F3E165EB9BA2FA
key=encoded, no.=6, <checksum>:
0xD8A9BFE3A2309C8254F3E165EB9BA2FA
key=encoded, no.=6, cso file:
/dev/null
----------------------------------------------
real command=cset shield -e /home/nrink/Projects/build/encode/encode/tests/quicksort/quicksort.perf.encoded --  --cso /dev/null
key=encoded, no.=7, <stderr>:
LENGTH=440
elapsed cycles: 7201458
hi(checksum)=0xD8A9BFE3A2309C82
lo(checksum)=0x54F3E165EB9BA2FA
key=encoded, no.=7, <checksum>:
0xD8A9BFE3A2309C8254F3E165EB9BA2FA
key=encoded, no.=7, cso file:
/dev/null
----------------------------------------------
real command=cset shield -e /home/nrink/Projects/build/encode/encode/tests/quicksort/quicksort.perf.encoded --  --cso /dev/null
key=encoded, no.=8, <stderr>:
LENGTH=440
elapsed cycles: 7251816
hi(checksum)=0xD8A9BFE3A2309C82
lo(checksum)=0x54F3E165EB9BA2FA
key=encoded, no.=8, <checksum>:
0xD8A9BFE3A2309C8254F3E165EB9BA2FA
key=encoded, no.=8, cso file:
/dev/null
----------------------------------------------
real command=cset shield -e /home/nrink/Projects/build/encode/encode/tests/quicksort/quicksort.perf.encoded --  --cso /dev/null
key=encoded, no.=9, <stderr>:
LENGTH=440
elapsed cycles: 7196199
hi(checksum)=0xD8A9BFE3A2309C82
lo(checksum)=0x54F3E165EB9BA2FA
key=encoded, no.=9, <checksum>:
0xD8A9BFE3A2309C8254F3E165EB9BA2FA
key=encoded, no.=9, cso file:
/dev/null
----------------------------------------------
real command=cset shield -e /home/nrink/Projects/build/encode/encode/tests/quicksort/quicksort.perf.encoded --  --cso /dev/null
key=encoded, no.=10, <stderr>:
LENGTH=440
elapsed cycles: 7373196
hi(checksum)=0xD8A9BFE3A2309C82
lo(checksum)=0x54F3E165EB9BA2FA
key=encoded, no.=10, <checksum>:
0xD8A9BFE3A2309C8254F3E165EB9BA2FA
key=encoded, no.=10, cso file:
/dev/null
----------------------------------------------
real command=cset shield -e /home/nrink/Projects/build/encode/encode/tests/quicksort/quicksort.perf.encoded --  --cso /dev/null
key=encoded, no.=11, <stderr>:
LENGTH=440
elapsed cycles: 7689525
hi(checksum)=0xD8A9BFE3A2309C82
lo(checksum)=0x54F3E165EB9BA2FA
key=encoded, no.=11, <checksum>:
0xD8A9BFE3A2309C8254F3E165EB9BA2FA
key=encoded, no.=11, cso file:
/dev/null
----------------------------------------------
real command=cset shield -e /home/nrink/Projects/build/encode/encode/tests/quicksort/quicksort.perf.encoded --  --cso /dev/null
key=encoded, no.=12, <stderr>:
LENGTH=440
elapsed cycles: 7305564
hi(checksum)=0xD8A9BFE3A2309C82
lo(checksum)=0x54F3E165EB9BA2FA
key=encoded, no.=12, <checksum>:
0xD8A9BFE3A2309C8254F3E165EB9BA2FA
key=encoded, no.=12, cso file:
/dev/null
----------------------------------------------
real command=cset shield -e /home/nrink/Projects/build/encode/encode/tests/quicksort/quicksort.perf.encoded --  --cso /dev/null
key=encoded, no.=13, <stderr>:
LENGTH=440
elapsed cycles: 7286610
hi(checksum)=0xD8A9BFE3A2309C82
lo(checksum)=0x54F3E165EB9BA2FA
key=encoded, no.=13, <checksum>:
0xD8A9BFE3A2309C8254F3E165EB9BA2FA
key=encoded, no.=13, cso file:
/dev/null
----------------------------------------------
real command=cset shield -e /home/nrink/Projects/build/encode/encode/tests/quicksort/quicksort.perf.encoded --  --cso /dev/null
key=encoded, no.=14, <stderr>:
LENGTH=440
elapsed cycles: 7192095
hi(checksum)=0xD8A9BFE3A2309C82
lo(checksum)=0x54F3E165EB9BA2FA
key=encoded, no.=14, <checksum>:
0xD8A9BFE3A2309C8254F3E165EB9BA2FA
key=encoded, no.=14, cso file:
/dev/null
----------------------------------------------
real command=cset shield -e /home/nrink/Projects/build/encode/encode/tests/quicksort/quicksort.perf.encoded --  --cso /dev/null
key=encoded, no.=15, <stderr>:
LENGTH=440
elapsed cycles: 7580937
hi(checksum)=0xD8A9BFE3A2309C82
lo(checksum)=0x54F3E165EB9BA2FA
key=encoded, no.=15, <checksum>:
0xD8A9BFE3A2309C8254F3E165EB9BA2FA
key=encoded, no.=15, cso file:
/dev/null
----------------------------------------------
real command=cset shield -e /home/nrink/Projects/build/encode/encode/tests/quicksort/quicksort.perf.encoded --  --cso /dev/null
key=encoded, no.=16, <stderr>:
LENGTH=440
elapsed cycles: 8093318
hi(checksum)=0xD8A9BFE3A2309C82
lo(checksum)=0x54F3E165EB9BA2FA
key=encoded, no.=16, <checksum>:
0xD8A9BFE3A2309C8254F3E165EB9BA2FA
key=encoded, no.=16, cso file:
/dev/null
----------------------------------------------
real command=cset shield -e /home/nrink/Projects/build/encode/encode/tests/quicksort/quicksort.perf.encoded --  --cso /dev/null
key=encoded, no.=17, <stderr>:
LENGTH=440
elapsed cycles: 8804625
hi(checksum)=0xD8A9BFE3A2309C82
lo(checksum)=0x54F3E165EB9BA2FA
key=encoded, no.=17, <checksum>:
0xD8A9BFE3A2309C8254F3E165EB9BA2FA
key=encoded, no.=17, cso file:
/dev/null
----------------------------------------------
real command=cset shield -e /home/nrink/Projects/build/encode/encode/tests/quicksort/quicksort.perf.encoded --  --cso /dev/null
key=encoded, no.=18, <stderr>:
LENGTH=440
elapsed cycles: 7187313
hi(checksum)=0xD8A9BFE3A2309C82
lo(checksum)=0x54F3E165EB9BA2FA
key=encoded, no.=18, <checksum>:
0xD8A9BFE3A2309C8254F3E165EB9BA2FA
key=encoded, no.=18, cso file:
/dev/null
----------------------------------------------
real command=cset shield -e /home/nrink/Projects/build/encode/encode/tests/quicksort/quicksort.perf.encoded --  --cso /dev/null
key=encoded, no.=19, <stderr>:
LENGTH=440
elapsed cycles: 7347897
hi(checksum)=0xD8A9BFE3A2309C82
lo(checksum)=0x54F3E165EB9BA2FA
key=encoded, no.=19, <checksum>:
0xD8A9BFE3A2309C8254F3E165EB9BA2FA
key=encoded, no.=19, cso file:
/dev/null
----------------------------------------------
real command=cset shield -e /home/nrink/Projects/build/encode/encode/tests/quicksort/quicksort.perf.encoded --  --cso /dev/null
key=encoded, no.=20, <stderr>:
LENGTH=440
elapsed cycles: 7544799
hi(checksum)=0xD8A9BFE3A2309C82
lo(checksum)=0x54F3E165EB9BA2FA
key=encoded, no.=20, <checksum>:
0xD8A9BFE3A2309C8254F3E165EB9BA2FA
key=encoded, no.=20, cso file:
/dev/null
----------------------------------------------
real command=cset shield -e /home/nrink/Projects/build/encode/encode/tests/quicksort/quicksort.perf.encoded --  --cso /dev/null
key=encoded, no.=21, <stderr>:
LENGTH=440
elapsed cycles: 7452111
hi(checksum)=0xD8A9BFE3A2309C82
lo(checksum)=0x54F3E165EB9BA2FA
key=encoded, no.=21, <checksum>:
0xD8A9BFE3A2309C8254F3E165EB9BA2FA
key=encoded, no.=21, cso file:
/dev/null
----------------------------------------------
real command=cset shield -e /home/nrink/Projects/build/encode/encode/tests/quicksort/quicksort.perf.encoded --  --cso /dev/null
key=encoded, no.=22, <stderr>:
LENGTH=440
elapsed cycles: 7198563
hi(checksum)=0xD8A9BFE3A2309C82
lo(checksum)=0x54F3E165EB9BA2FA
key=encoded, no.=22, <checksum>:
0xD8A9BFE3A2309C8254F3E165EB9BA2FA
key=encoded, no.=22, cso file:
/dev/null
----------------------------------------------
real command=cset shield -e /home/nrink/Projects/build/encode/encode/tests/quicksort/quicksort.perf.encoded --  --cso /dev/null
key=encoded, no.=23, <stderr>:
LENGTH=440
elapsed cycles: 7361994
hi(checksum)=0xD8A9BFE3A2309C82
lo(checksum)=0x54F3E165EB9BA2FA
key=encoded, no.=23, <checksum>:
0xD8A9BFE3A2309C8254F3E165EB9BA2FA
key=encoded, no.=23, cso file:
/dev/null
----------------------------------------------
real command=cset shield -e /home/nrink/Projects/build/encode/encode/tests/quicksort/quicksort.perf.encoded --  --cso /dev/null
key=encoded, no.=24, <stderr>:
LENGTH=440
elapsed cycles: 7664298
hi(checksum)=0xD8A9BFE3A2309C82
lo(checksum)=0x54F3E165EB9BA2FA
key=encoded, no.=24, <checksum>:
0xD8A9BFE3A2309C8254F3E165EB9BA2FA
key=encoded, no.=24, cso file:
/dev/null
----------------------------------------------
real command=cset shield -e /home/nrink/Projects/build/encode/encode/tests/quicksort/quicksort.perf.encoded --  --cso /dev/null
key=encoded, no.=25, <stderr>:
LENGTH=440
elapsed cycles: 7457538
hi(checksum)=0xD8A9BFE3A2309C82
lo(checksum)=0x54F3E165EB9BA2FA
key=encoded, no.=25, <checksum>:
0xD8A9BFE3A2309C8254F3E165EB9BA2FA
key=encoded, no.=25, cso file:
/dev/null
----------------------------------------------
real command=cset shield -e /home/nrink/Projects/build/encode/encode/tests/quicksort/quicksort.perf.encoded --  --cso /dev/null
key=encoded, no.=26, <stderr>:
LENGTH=440
elapsed cycles: 7244457
hi(checksum)=0xD8A9BFE3A2309C82
lo(checksum)=0x54F3E165EB9BA2FA
key=encoded, no.=26, <checksum>:
0xD8A9BFE3A2309C8254F3E165EB9BA2FA
key=encoded, no.=26, cso file:
/dev/null
----------------------------------------------
real command=cset shield -e /home/nrink/Projects/build/encode/encode/tests/quicksort/quicksort.perf.encoded --  --cso /dev/null
key=encoded, no.=27, <stderr>:
LENGTH=440
elapsed cycles: 7267914
hi(checksum)=0xD8A9BFE3A2309C82
lo(checksum)=0x54F3E165EB9BA2FA
key=encoded, no.=27, <checksum>:
0xD8A9BFE3A2309C8254F3E165EB9BA2FA
key=encoded, no.=27, cso file:
/dev/null
----------------------------------------------
real command=cset shield -e /home/nrink/Projects/build/encode/encode/tests/quicksort/quicksort.perf.encoded --  --cso /dev/null
key=encoded, no.=28, <stderr>:
LENGTH=440
elapsed cycles: 7411629
hi(checksum)=0xD8A9BFE3A2309C82
lo(checksum)=0x54F3E165EB9BA2FA
key=encoded, no.=28, <checksum>:
0xD8A9BFE3A2309C8254F3E165EB9BA2FA
key=encoded, no.=28, cso file:
/dev/null
----------------------------------------------
real command=cset shield -e /home/nrink/Projects/build/encode/encode/tests/quicksort/quicksort.perf.encoded --  --cso /dev/null
key=encoded, no.=29, <stderr>:
LENGTH=440
elapsed cycles: 7221171
hi(checksum)=0xD8A9BFE3A2309C82
lo(checksum)=0x54F3E165EB9BA2FA
key=encoded, no.=29, <checksum>:
0xD8A9BFE3A2309C8254F3E165EB9BA2FA
key=encoded, no.=29, cso file:
/dev/null
----------------------------------------------
real command=cset shield -e /home/nrink/Projects/build/encode/encode/tests/quicksort/quicksort.perf.encoded --  --cso /dev/null
key=encoded, no.=30, <stderr>:
LENGTH=440
elapsed cycles: 7272990
hi(checksum)=0xD8A9BFE3A2309C82
lo(checksum)=0x54F3E165EB9BA2FA
key=encoded, no.=30, <checksum>:
0xD8A9BFE3A2309C8254F3E165EB9BA2FA
key=encoded, no.=30, cso file:
/dev/null
----------------------------------------------
real command=cset shield -e /home/nrink/Projects/build/encode/encode/tests/quicksort/quicksort.perf.encoded --  --cso /dev/null
key=encoded, no.=31, <stderr>:
LENGTH=440
elapsed cycles: 7344993
hi(checksum)=0xD8A9BFE3A2309C82
lo(checksum)=0x54F3E165EB9BA2FA
key=encoded, no.=31, <checksum>:
0xD8A9BFE3A2309C8254F3E165EB9BA2FA
key=encoded, no.=31, cso file:
/dev/null
----------------------------------------------
real command=cset shield -e /home/nrink/Projects/build/encode/encode/tests/quicksort/quicksort.perf.encoded --  --cso /dev/null
key=encoded, no.=32, <stderr>:
LENGTH=440
elapsed cycles: 7290534
hi(checksum)=0xD8A9BFE3A2309C82
lo(checksum)=0x54F3E165EB9BA2FA
key=encoded, no.=32, <checksum>:
0xD8A9BFE3A2309C8254F3E165EB9BA2FA
key=encoded, no.=32, cso file:
/dev/null
----------------------------------------------
real command=cset shield -e /home/nrink/Projects/build/encode/encode/tests/quicksort/quicksort.perf.encoded --  --cso /dev/null
key=encoded, no.=33, <stderr>:
LENGTH=440
elapsed cycles: 7374174
hi(checksum)=0xD8A9BFE3A2309C82
lo(checksum)=0x54F3E165EB9BA2FA
key=encoded, no.=33, <checksum>:
0xD8A9BFE3A2309C8254F3E165EB9BA2FA
key=encoded, no.=33, cso file:
/dev/null
----------------------------------------------
real command=cset shield -e /home/nrink/Projects/build/encode/encode/tests/quicksort/quicksort.perf.encoded --  --cso /dev/null
key=encoded, no.=34, <stderr>:
LENGTH=440
elapsed cycles: 8045580
hi(checksum)=0xD8A9BFE3A2309C82
lo(checksum)=0x54F3E165EB9BA2FA
key=encoded, no.=34, <checksum>:
0xD8A9BFE3A2309C8254F3E165EB9BA2FA
key=encoded, no.=34, cso file:
/dev/null
----------------------------------------------
real command=cset shield -e /home/nrink/Projects/build/encode/encode/tests/quicksort/quicksort.perf.encoded --  --cso /dev/null
key=encoded, no.=35, <stderr>:
LENGTH=440
elapsed cycles: 7509348
hi(checksum)=0xD8A9BFE3A2309C82
lo(checksum)=0x54F3E165EB9BA2FA
key=encoded, no.=35, <checksum>:
0xD8A9BFE3A2309C8254F3E165EB9BA2FA
key=encoded, no.=35, cso file:
/dev/null
----------------------------------------------
real command=cset shield -e /home/nrink/Projects/build/encode/encode/tests/quicksort/quicksort.perf.encoded --  --cso /dev/null
key=encoded, no.=36, <stderr>:
LENGTH=440
elapsed cycles: 7231362
hi(checksum)=0xD8A9BFE3A2309C82
lo(checksum)=0x54F3E165EB9BA2FA
key=encoded, no.=36, <checksum>:
0xD8A9BFE3A2309C8254F3E165EB9BA2FA
key=encoded, no.=36, cso file:
/dev/null
----------------------------------------------
real command=cset shield -e /home/nrink/Projects/build/encode/encode/tests/quicksort/quicksort.perf.encoded --  --cso /dev/null
key=encoded, no.=37, <stderr>:
LENGTH=440
elapsed cycles: 7210431
hi(checksum)=0xD8A9BFE3A2309C82
lo(checksum)=0x54F3E165EB9BA2FA
key=encoded, no.=37, <checksum>:
0xD8A9BFE3A2309C8254F3E165EB9BA2FA
key=encoded, no.=37, cso file:
/dev/null
----------------------------------------------
real command=cset shield -e /home/nrink/Projects/build/encode/encode/tests/quicksort/quicksort.perf.encoded --  --cso /dev/null
key=encoded, no.=38, <stderr>:
LENGTH=440
elapsed cycles: 7179288
hi(checksum)=0xD8A9BFE3A2309C82
lo(checksum)=0x54F3E165EB9BA2FA
key=encoded, no.=38, <checksum>:
0xD8A9BFE3A2309C8254F3E165EB9BA2FA
key=encoded, no.=38, cso file:
/dev/null
----------------------------------------------
real command=cset shield -e /home/nrink/Projects/build/encode/encode/tests/quicksort/quicksort.perf.encoded --  --cso /dev/null
key=encoded, no.=39, <stderr>:
LENGTH=440
elapsed cycles: 7268913
hi(checksum)=0xD8A9BFE3A2309C82
lo(checksum)=0x54F3E165EB9BA2FA
key=encoded, no.=39, <checksum>:
0xD8A9BFE3A2309C8254F3E165EB9BA2FA
key=encoded, no.=39, cso file:
/dev/null
----------------------------------------------
real command=cset shield -e /home/nrink/Projects/build/encode/encode/tests/quicksort/quicksort.perf.encoded --  --cso /dev/null
key=encoded, no.=40, <stderr>:
LENGTH=440
elapsed cycles: 7206225
hi(checksum)=0xD8A9BFE3A2309C82
lo(checksum)=0x54F3E165EB9BA2FA
key=encoded, no.=40, <checksum>:
0xD8A9BFE3A2309C8254F3E165EB9BA2FA
key=encoded, no.=40, cso file:
/dev/null
----------------------------------------------
real command=cset shield -e /home/nrink/Projects/build/encode/encode/tests/quicksort/quicksort.perf.encoded --  --cso /dev/null
key=encoded, no.=41, <stderr>:
LENGTH=440
elapsed cycles: 7242264
hi(checksum)=0xD8A9BFE3A2309C82
lo(checksum)=0x54F3E165EB9BA2FA
key=encoded, no.=41, <checksum>:
0xD8A9BFE3A2309C8254F3E165EB9BA2FA
key=encoded, no.=41, cso file:
/dev/null
----------------------------------------------
real command=cset shield -e /home/nrink/Projects/build/encode/encode/tests/quicksort/quicksort.perf.encoded --  --cso /dev/null
key=encoded, no.=42, <stderr>:
LENGTH=440
elapsed cycles: 7320978
hi(checksum)=0xD8A9BFE3A2309C82
lo(checksum)=0x54F3E165EB9BA2FA
key=encoded, no.=42, <checksum>:
0xD8A9BFE3A2309C8254F3E165EB9BA2FA
key=encoded, no.=42, cso file:
/dev/null
----------------------------------------------
real command=cset shield -e /home/nrink/Projects/build/encode/encode/tests/quicksort/quicksort.perf.encoded --  --cso /dev/null
key=encoded, no.=43, <stderr>:
LENGTH=440
elapsed cycles: 7215204
hi(checksum)=0xD8A9BFE3A2309C82
lo(checksum)=0x54F3E165EB9BA2FA
key=encoded, no.=43, <checksum>:
0xD8A9BFE3A2309C8254F3E165EB9BA2FA
key=encoded, no.=43, cso file:
/dev/null
----------------------------------------------
real command=cset shield -e /home/nrink/Projects/build/encode/encode/tests/quicksort/quicksort.perf.encoded --  --cso /dev/null
key=encoded, no.=44, <stderr>:
LENGTH=440
elapsed cycles: 7417116
hi(checksum)=0xD8A9BFE3A2309C82
lo(checksum)=0x54F3E165EB9BA2FA
key=encoded, no.=44, <checksum>:
0xD8A9BFE3A2309C8254F3E165EB9BA2FA
key=encoded, no.=44, cso file:
/dev/null
----------------------------------------------
real command=cset shield -e /home/nrink/Projects/build/encode/encode/tests/quicksort/quicksort.perf.encoded --  --cso /dev/null
key=encoded, no.=45, <stderr>:
LENGTH=440
elapsed cycles: 7322382
hi(checksum)=0xD8A9BFE3A2309C82
lo(checksum)=0x54F3E165EB9BA2FA
key=encoded, no.=45, <checksum>:
0xD8A9BFE3A2309C8254F3E165EB9BA2FA
key=encoded, no.=45, cso file:
/dev/null
----------------------------------------------
real command=cset shield -e /home/nrink/Projects/build/encode/encode/tests/quicksort/quicksort.perf.encoded --  --cso /dev/null
key=encoded, no.=46, <stderr>:
LENGTH=440
elapsed cycles: 7402770
hi(checksum)=0xD8A9BFE3A2309C82
lo(checksum)=0x54F3E165EB9BA2FA
key=encoded, no.=46, <checksum>:
0xD8A9BFE3A2309C8254F3E165EB9BA2FA
key=encoded, no.=46, cso file:
/dev/null
----------------------------------------------
real command=cset shield -e /home/nrink/Projects/build/encode/encode/tests/quicksort/quicksort.perf.encoded --  --cso /dev/null
key=encoded, no.=47, <stderr>:
LENGTH=440
elapsed cycles: 7272969
hi(checksum)=0xD8A9BFE3A2309C82
lo(checksum)=0x54F3E165EB9BA2FA
key=encoded, no.=47, <checksum>:
0xD8A9BFE3A2309C8254F3E165EB9BA2FA
key=encoded, no.=47, cso file:
/dev/null
----------------------------------------------
real command=cset shield -e /home/nrink/Projects/build/encode/encode/tests/quicksort/quicksort.perf.encoded --  --cso /dev/null
key=encoded, no.=48, <stderr>:
LENGTH=440
elapsed cycles: 7186164
hi(checksum)=0xD8A9BFE3A2309C82
lo(checksum)=0x54F3E165EB9BA2FA
key=encoded, no.=48, <checksum>:
0xD8A9BFE3A2309C8254F3E165EB9BA2FA
key=encoded, no.=48, cso file:
/dev/null
----------------------------------------------
real command=cset shield -e /home/nrink/Projects/build/encode/encode/tests/quicksort/quicksort.perf.encoded --  --cso /dev/null
key=encoded, no.=49, <stderr>:
LENGTH=440
elapsed cycles: 7229781
hi(checksum)=0xD8A9BFE3A2309C82
lo(checksum)=0x54F3E165EB9BA2FA
key=encoded, no.=49, <checksum>:
0xD8A9BFE3A2309C8254F3E165EB9BA2FA
key=encoded, no.=49, cso file:
/dev/null
----------------------------------------------
real command=cset shield -e /home/nrink/Projects/build/encode/encode/tests/quicksort/quicksort.perf.encoded --  --cso /dev/null
key=encoded, no.=50, <stderr>:
LENGTH=440
elapsed cycles: 7163172
hi(checksum)=0xD8A9BFE3A2309C82
lo(checksum)=0x54F3E165EB9BA2FA
key=encoded, no.=50, <checksum>:
0xD8A9BFE3A2309C8254F3E165EB9BA2FA
key=encoded, no.=50, cso file:
/dev/null
----------------------------------------------
real command=cset shield -e /home/nrink/Projects/build/encode/encode/tests/quicksort/quicksort.perf.encoded --  --cso /dev/null
key=encoded, no.=51, <stderr>:
LENGTH=440
elapsed cycles: 7322937
hi(checksum)=0xD8A9BFE3A2309C82
lo(checksum)=0x54F3E165EB9BA2FA
key=encoded, no.=51, <checksum>:
0xD8A9BFE3A2309C8254F3E165EB9BA2FA
key=encoded, no.=51, cso file:
/dev/null
----------------------------------------------
real command=cset shield -e /home/nrink/Projects/build/encode/encode/tests/quicksort/quicksort.perf.encoded --  --cso /dev/null
key=encoded, no.=52, <stderr>:
LENGTH=440
elapsed cycles: 7371882
hi(checksum)=0xD8A9BFE3A2309C82
lo(checksum)=0x54F3E165EB9BA2FA
key=encoded, no.=52, <checksum>:
0xD8A9BFE3A2309C8254F3E165EB9BA2FA
key=encoded, no.=52, cso file:
/dev/null
----------------------------------------------
real command=cset shield -e /home/nrink/Projects/build/encode/encode/tests/quicksort/quicksort.perf.encoded --  --cso /dev/null
key=encoded, no.=53, <stderr>:
LENGTH=440
elapsed cycles: 7568058
hi(checksum)=0xD8A9BFE3A2309C82
lo(checksum)=0x54F3E165EB9BA2FA
key=encoded, no.=53, <checksum>:
0xD8A9BFE3A2309C8254F3E165EB9BA2FA
key=encoded, no.=53, cso file:
/dev/null
----------------------------------------------
real command=cset shield -e /home/nrink/Projects/build/encode/encode/tests/quicksort/quicksort.perf.encoded --  --cso /dev/null
key=encoded, no.=54, <stderr>:
LENGTH=440
elapsed cycles: 7418751
hi(checksum)=0xD8A9BFE3A2309C82
lo(checksum)=0x54F3E165EB9BA2FA
key=encoded, no.=54, <checksum>:
0xD8A9BFE3A2309C8254F3E165EB9BA2FA
key=encoded, no.=54, cso file:
/dev/null
----------------------------------------------
real command=cset shield -e /home/nrink/Projects/build/encode/encode/tests/quicksort/quicksort.perf.encoded --  --cso /dev/null
key=encoded, no.=55, <stderr>:
LENGTH=440
elapsed cycles: 7231311
hi(checksum)=0xD8A9BFE3A2309C82
lo(checksum)=0x54F3E165EB9BA2FA
key=encoded, no.=55, <checksum>:
0xD8A9BFE3A2309C8254F3E165EB9BA2FA
key=encoded, no.=55, cso file:
/dev/null
----------------------------------------------
real command=cset shield -e /home/nrink/Projects/build/encode/encode/tests/quicksort/quicksort.perf.encoded --  --cso /dev/null
key=encoded, no.=56, <stderr>:
LENGTH=440
elapsed cycles: 7235667
hi(checksum)=0xD8A9BFE3A2309C82
lo(checksum)=0x54F3E165EB9BA2FA
key=encoded, no.=56, <checksum>:
0xD8A9BFE3A2309C8254F3E165EB9BA2FA
key=encoded, no.=56, cso file:
/dev/null
----------------------------------------------
real command=cset shield -e /home/nrink/Projects/build/encode/encode/tests/quicksort/quicksort.perf.encoded --  --cso /dev/null
key=encoded, no.=57, <stderr>:
LENGTH=440
elapsed cycles: 7175106
hi(checksum)=0xD8A9BFE3A2309C82
lo(checksum)=0x54F3E165EB9BA2FA
key=encoded, no.=57, <checksum>:
0xD8A9BFE3A2309C8254F3E165EB9BA2FA
key=encoded, no.=57, cso file:
/dev/null
----------------------------------------------
real command=cset shield -e /home/nrink/Projects/build/encode/encode/tests/quicksort/quicksort.perf.encoded --  --cso /dev/null
key=encoded, no.=58, <stderr>:
LENGTH=440
elapsed cycles: 7356888
hi(checksum)=0xD8A9BFE3A2309C82
lo(checksum)=0x54F3E165EB9BA2FA
key=encoded, no.=58, <checksum>:
0xD8A9BFE3A2309C8254F3E165EB9BA2FA
key=encoded, no.=58, cso file:
/dev/null
----------------------------------------------
real command=cset shield -e /home/nrink/Projects/build/encode/encode/tests/quicksort/quicksort.perf.encoded --  --cso /dev/null
key=encoded, no.=59, <stderr>:
LENGTH=440
elapsed cycles: 7223877
hi(checksum)=0xD8A9BFE3A2309C82
lo(checksum)=0x54F3E165EB9BA2FA
key=encoded, no.=59, <checksum>:
0xD8A9BFE3A2309C8254F3E165EB9BA2FA
key=encoded, no.=59, cso file:
/dev/null
----------------------------------------------
real command=cset shield -e /home/nrink/Projects/build/encode/encode/tests/quicksort/quicksort.perf.encoded --  --cso /dev/null
key=encoded, no.=60, <stderr>:
LENGTH=440
elapsed cycles: 7213803
hi(checksum)=0xD8A9BFE3A2309C82
lo(checksum)=0x54F3E165EB9BA2FA
key=encoded, no.=60, <checksum>:
0xD8A9BFE3A2309C8254F3E165EB9BA2FA
key=encoded, no.=60, cso file:
/dev/null
----------------------------------------------
real command=cset shield -e /home/nrink/Projects/build/encode/encode/tests/quicksort/quicksort.perf.encoded --  --cso /dev/null
key=encoded, no.=61, <stderr>:
LENGTH=440
elapsed cycles: 7400832
hi(checksum)=0xD8A9BFE3A2309C82
lo(checksum)=0x54F3E165EB9BA2FA
key=encoded, no.=61, <checksum>:
0xD8A9BFE3A2309C8254F3E165EB9BA2FA
key=encoded, no.=61, cso file:
/dev/null
----------------------------------------------
real command=cset shield -e /home/nrink/Projects/build/encode/encode/tests/quicksort/quicksort.perf.encoded --  --cso /dev/null
key=encoded, no.=62, <stderr>:
LENGTH=440
elapsed cycles: 7779210
hi(checksum)=0xD8A9BFE3A2309C82
lo(checksum)=0x54F3E165EB9BA2FA
key=encoded, no.=62, <checksum>:
0xD8A9BFE3A2309C8254F3E165EB9BA2FA
key=encoded, no.=62, cso file:
/dev/null
----------------------------------------------
real command=cset shield -e /home/nrink/Projects/build/encode/encode/tests/quicksort/quicksort.perf.encoded --  --cso /dev/null
key=encoded, no.=63, <stderr>:
LENGTH=440
elapsed cycles: 7949082
hi(checksum)=0xD8A9BFE3A2309C82
lo(checksum)=0x54F3E165EB9BA2FA
key=encoded, no.=63, <checksum>:
0xD8A9BFE3A2309C8254F3E165EB9BA2FA
key=encoded, no.=63, cso file:
/dev/null
----------------------------------------------
real command=cset shield -e /home/nrink/Projects/build/encode/encode/tests/quicksort/quicksort.perf.encoded --  --cso /dev/null
key=encoded, no.=64, <stderr>:
LENGTH=440
elapsed cycles: 7406127
hi(checksum)=0xD8A9BFE3A2309C82
lo(checksum)=0x54F3E165EB9BA2FA
key=encoded, no.=64, <checksum>:
0xD8A9BFE3A2309C8254F3E165EB9BA2FA
key=encoded, no.=64, cso file:
/dev/null
----------------------------------------------
real command=cset shield -e /home/nrink/Projects/build/encode/encode/tests/quicksort/quicksort.perf.encoded --  --cso /dev/null
key=encoded, no.=65, <stderr>:
LENGTH=440
elapsed cycles: 7393614
hi(checksum)=0xD8A9BFE3A2309C82
lo(checksum)=0x54F3E165EB9BA2FA
key=encoded, no.=65, <checksum>:
0xD8A9BFE3A2309C8254F3E165EB9BA2FA
key=encoded, no.=65, cso file:
/dev/null
----------------------------------------------
real command=cset shield -e /home/nrink/Projects/build/encode/encode/tests/quicksort/quicksort.perf.encoded --  --cso /dev/null
key=encoded, no.=66, <stderr>:
LENGTH=440
elapsed cycles: 7551990
hi(checksum)=0xD8A9BFE3A2309C82
lo(checksum)=0x54F3E165EB9BA2FA
key=encoded, no.=66, <checksum>:
0xD8A9BFE3A2309C8254F3E165EB9BA2FA
key=encoded, no.=66, cso file:
/dev/null
----------------------------------------------
real command=cset shield -e /home/nrink/Projects/build/encode/encode/tests/quicksort/quicksort.perf.encoded --  --cso /dev/null
key=encoded, no.=67, <stderr>:
LENGTH=440
elapsed cycles: 7636431
hi(checksum)=0xD8A9BFE3A2309C82
lo(checksum)=0x54F3E165EB9BA2FA
key=encoded, no.=67, <checksum>:
0xD8A9BFE3A2309C8254F3E165EB9BA2FA
key=encoded, no.=67, cso file:
/dev/null
----------------------------------------------
real command=cset shield -e /home/nrink/Projects/build/encode/encode/tests/quicksort/quicksort.perf.encoded --  --cso /dev/null
key=encoded, no.=68, <stderr>:
LENGTH=440
elapsed cycles: 7486977
hi(checksum)=0xD8A9BFE3A2309C82
lo(checksum)=0x54F3E165EB9BA2FA
key=encoded, no.=68, <checksum>:
0xD8A9BFE3A2309C8254F3E165EB9BA2FA
key=encoded, no.=68, cso file:
/dev/null
----------------------------------------------
real command=cset shield -e /home/nrink/Projects/build/encode/encode/tests/quicksort/quicksort.perf.encoded --  --cso /dev/null
key=encoded, no.=69, <stderr>:
LENGTH=440
elapsed cycles: 7354704
hi(checksum)=0xD8A9BFE3A2309C82
lo(checksum)=0x54F3E165EB9BA2FA
key=encoded, no.=69, <checksum>:
0xD8A9BFE3A2309C8254F3E165EB9BA2FA
key=encoded, no.=69, cso file:
/dev/null
----------------------------------------------
real command=cset shield -e /home/nrink/Projects/build/encode/encode/tests/quicksort/quicksort.perf.encoded --  --cso /dev/null
key=encoded, no.=70, <stderr>:
LENGTH=440
elapsed cycles: 7547517
hi(checksum)=0xD8A9BFE3A2309C82
lo(checksum)=0x54F3E165EB9BA2FA
key=encoded, no.=70, <checksum>:
0xD8A9BFE3A2309C8254F3E165EB9BA2FA
key=encoded, no.=70, cso file:
/dev/null
----------------------------------------------
real command=cset shield -e /home/nrink/Projects/build/encode/encode/tests/quicksort/quicksort.perf.encoded --  --cso /dev/null
key=encoded, no.=71, <stderr>:
LENGTH=440
elapsed cycles: 7235250
hi(checksum)=0xD8A9BFE3A2309C82
lo(checksum)=0x54F3E165EB9BA2FA
key=encoded, no.=71, <checksum>:
0xD8A9BFE3A2309C8254F3E165EB9BA2FA
key=encoded, no.=71, cso file:
/dev/null
----------------------------------------------
real command=cset shield -e /home/nrink/Projects/build/encode/encode/tests/quicksort/quicksort.perf.encoded --  --cso /dev/null
key=encoded, no.=72, <stderr>:
LENGTH=440
elapsed cycles: 7318794
hi(checksum)=0xD8A9BFE3A2309C82
lo(checksum)=0x54F3E165EB9BA2FA
key=encoded, no.=72, <checksum>:
0xD8A9BFE3A2309C8254F3E165EB9BA2FA
key=encoded, no.=72, cso file:
/dev/null
----------------------------------------------
real command=cset shield -e /home/nrink/Projects/build/encode/encode/tests/quicksort/quicksort.perf.encoded --  --cso /dev/null
key=encoded, no.=73, <stderr>:
LENGTH=440
elapsed cycles: 7323162
hi(checksum)=0xD8A9BFE3A2309C82
lo(checksum)=0x54F3E165EB9BA2FA
key=encoded, no.=73, <checksum>:
0xD8A9BFE3A2309C8254F3E165EB9BA2FA
key=encoded, no.=73, cso file:
/dev/null
----------------------------------------------
real command=cset shield -e /home/nrink/Projects/build/encode/encode/tests/quicksort/quicksort.perf.encoded --  --cso /dev/null
key=encoded, no.=74, <stderr>:
LENGTH=440
elapsed cycles: 9028184
hi(checksum)=0xD8A9BFE3A2309C82
lo(checksum)=0x54F3E165EB9BA2FA
key=encoded, no.=74, <checksum>:
0xD8A9BFE3A2309C8254F3E165EB9BA2FA
key=encoded, no.=74, cso file:
/dev/null
----------------------------------------------
real command=cset shield -e /home/nrink/Projects/build/encode/encode/tests/quicksort/quicksort.perf.encoded --  --cso /dev/null
key=encoded, no.=75, <stderr>:
LENGTH=440
elapsed cycles: 7868625
hi(checksum)=0xD8A9BFE3A2309C82
lo(checksum)=0x54F3E165EB9BA2FA
key=encoded, no.=75, <checksum>:
0xD8A9BFE3A2309C8254F3E165EB9BA2FA
key=encoded, no.=75, cso file:
/dev/null
----------------------------------------------
real command=cset shield -e /home/nrink/Projects/build/encode/encode/tests/quicksort/quicksort.perf.encoded --  --cso /dev/null
key=encoded, no.=76, <stderr>:
LENGTH=440
elapsed cycles: 7663020
hi(checksum)=0xD8A9BFE3A2309C82
lo(checksum)=0x54F3E165EB9BA2FA
key=encoded, no.=76, <checksum>:
0xD8A9BFE3A2309C8254F3E165EB9BA2FA
key=encoded, no.=76, cso file:
/dev/null
----------------------------------------------
real command=cset shield -e /home/nrink/Projects/build/encode/encode/tests/quicksort/quicksort.perf.encoded --  --cso /dev/null
key=encoded, no.=77, <stderr>:
LENGTH=440
elapsed cycles: 8023389
hi(checksum)=0xD8A9BFE3A2309C82
lo(checksum)=0x54F3E165EB9BA2FA
key=encoded, no.=77, <checksum>:
0xD8A9BFE3A2309C8254F3E165EB9BA2FA
key=encoded, no.=77, cso file:
/dev/null
----------------------------------------------
real command=cset shield -e /home/nrink/Projects/build/encode/encode/tests/quicksort/quicksort.perf.encoded --  --cso /dev/null
key=encoded, no.=78, <stderr>:
LENGTH=440
elapsed cycles: 7781091
hi(checksum)=0xD8A9BFE3A2309C82
lo(checksum)=0x54F3E165EB9BA2FA
key=encoded, no.=78, <checksum>:
0xD8A9BFE3A2309C8254F3E165EB9BA2FA
key=encoded, no.=78, cso file:
/dev/null
----------------------------------------------
real command=cset shield -e /home/nrink/Projects/build/encode/encode/tests/quicksort/quicksort.perf.encoded --  --cso /dev/null
key=encoded, no.=79, <stderr>:
LENGTH=440
elapsed cycles: 8316438
hi(checksum)=0xD8A9BFE3A2309C82
lo(checksum)=0x54F3E165EB9BA2FA
key=encoded, no.=79, <checksum>:
0xD8A9BFE3A2309C8254F3E165EB9BA2FA
key=encoded, no.=79, cso file:
/dev/null
----------------------------------------------
real command=cset shield -e /home/nrink/Projects/build/encode/encode/tests/quicksort/quicksort.perf.encoded --  --cso /dev/null
key=encoded, no.=80, <stderr>:
LENGTH=440
elapsed cycles: 7940025
hi(checksum)=0xD8A9BFE3A2309C82
lo(checksum)=0x54F3E165EB9BA2FA
key=encoded, no.=80, <checksum>:
0xD8A9BFE3A2309C8254F3E165EB9BA2FA
key=encoded, no.=80, cso file:
/dev/null
----------------------------------------------
real command=cset shield -e /home/nrink/Projects/build/encode/encode/tests/quicksort/quicksort.perf.encoded --  --cso /dev/null
key=encoded, no.=81, <stderr>:
LENGTH=440
elapsed cycles: 8271924
hi(checksum)=0xD8A9BFE3A2309C82
lo(checksum)=0x54F3E165EB9BA2FA
key=encoded, no.=81, <checksum>:
0xD8A9BFE3A2309C8254F3E165EB9BA2FA
key=encoded, no.=81, cso file:
/dev/null
----------------------------------------------
real command=cset shield -e /home/nrink/Projects/build/encode/encode/tests/quicksort/quicksort.perf.encoded --  --cso /dev/null
key=encoded, no.=82, <stderr>:
LENGTH=440
elapsed cycles: 7944453
hi(checksum)=0xD8A9BFE3A2309C82
lo(checksum)=0x54F3E165EB9BA2FA
key=encoded, no.=82, <checksum>:
0xD8A9BFE3A2309C8254F3E165EB9BA2FA
key=encoded, no.=82, cso file:
/dev/null
----------------------------------------------
real command=cset shield -e /home/nrink/Projects/build/encode/encode/tests/quicksort/quicksort.perf.encoded --  --cso /dev/null
key=encoded, no.=83, <stderr>:
LENGTH=440
elapsed cycles: 7722099
hi(checksum)=0xD8A9BFE3A2309C82
lo(checksum)=0x54F3E165EB9BA2FA
key=encoded, no.=83, <checksum>:
0xD8A9BFE3A2309C8254F3E165EB9BA2FA
key=encoded, no.=83, cso file:
/dev/null
----------------------------------------------
real command=cset shield -e /home/nrink/Projects/build/encode/encode/tests/quicksort/quicksort.perf.encoded --  --cso /dev/null
key=encoded, no.=84, <stderr>:
LENGTH=440
elapsed cycles: 7521687
hi(checksum)=0xD8A9BFE3A2309C82
lo(checksum)=0x54F3E165EB9BA2FA
key=encoded, no.=84, <checksum>:
0xD8A9BFE3A2309C8254F3E165EB9BA2FA
key=encoded, no.=84, cso file:
/dev/null
----------------------------------------------
real command=cset shield -e /home/nrink/Projects/build/encode/encode/tests/quicksort/quicksort.perf.encoded --  --cso /dev/null
key=encoded, no.=85, <stderr>:
LENGTH=440
elapsed cycles: 7331688
hi(checksum)=0xD8A9BFE3A2309C82
lo(checksum)=0x54F3E165EB9BA2FA
key=encoded, no.=85, <checksum>:
0xD8A9BFE3A2309C8254F3E165EB9BA2FA
key=encoded, no.=85, cso file:
/dev/null
----------------------------------------------
real command=cset shield -e /home/nrink/Projects/build/encode/encode/tests/quicksort/quicksort.perf.encoded --  --cso /dev/null
key=encoded, no.=86, <stderr>:
LENGTH=440
elapsed cycles: 7479498
hi(checksum)=0xD8A9BFE3A2309C82
lo(checksum)=0x54F3E165EB9BA2FA
key=encoded, no.=86, <checksum>:
0xD8A9BFE3A2309C8254F3E165EB9BA2FA
key=encoded, no.=86, cso file:
/dev/null
----------------------------------------------
real command=cset shield -e /home/nrink/Projects/build/encode/encode/tests/quicksort/quicksort.perf.encoded --  --cso /dev/null
key=encoded, no.=87, <stderr>:
LENGTH=440
elapsed cycles: 7191228
hi(checksum)=0xD8A9BFE3A2309C82
lo(checksum)=0x54F3E165EB9BA2FA
key=encoded, no.=87, <checksum>:
0xD8A9BFE3A2309C8254F3E165EB9BA2FA
key=encoded, no.=87, cso file:
/dev/null
----------------------------------------------
real command=cset shield -e /home/nrink/Projects/build/encode/encode/tests/quicksort/quicksort.perf.encoded --  --cso /dev/null
key=encoded, no.=88, <stderr>:
LENGTH=440
elapsed cycles: 7251870
hi(checksum)=0xD8A9BFE3A2309C82
lo(checksum)=0x54F3E165EB9BA2FA
key=encoded, no.=88, <checksum>:
0xD8A9BFE3A2309C8254F3E165EB9BA2FA
key=encoded, no.=88, cso file:
/dev/null
----------------------------------------------
real command=cset shield -e /home/nrink/Projects/build/encode/encode/tests/quicksort/quicksort.perf.encoded --  --cso /dev/null
key=encoded, no.=89, <stderr>:
LENGTH=440
elapsed cycles: 7303734
hi(checksum)=0xD8A9BFE3A2309C82
lo(checksum)=0x54F3E165EB9BA2FA
key=encoded, no.=89, <checksum>:
0xD8A9BFE3A2309C8254F3E165EB9BA2FA
key=encoded, no.=89, cso file:
/dev/null
----------------------------------------------
real command=cset shield -e /home/nrink/Projects/build/encode/encode/tests/quicksort/quicksort.perf.encoded --  --cso /dev/null
key=encoded, no.=90, <stderr>:
LENGTH=440
elapsed cycles: 7232424
hi(checksum)=0xD8A9BFE3A2309C82
lo(checksum)=0x54F3E165EB9BA2FA
key=encoded, no.=90, <checksum>:
0xD8A9BFE3A2309C8254F3E165EB9BA2FA
key=encoded, no.=90, cso file:
/dev/null
----------------------------------------------
real command=cset shield -e /home/nrink/Projects/build/encode/encode/tests/quicksort/quicksort.perf.encoded --  --cso /dev/null
key=encoded, no.=91, <stderr>:
LENGTH=440
elapsed cycles: 7387539
hi(checksum)=0xD8A9BFE3A2309C82
lo(checksum)=0x54F3E165EB9BA2FA
key=encoded, no.=91, <checksum>:
0xD8A9BFE3A2309C8254F3E165EB9BA2FA
key=encoded, no.=91, cso file:
/dev/null
----------------------------------------------
real command=cset shield -e /home/nrink/Projects/build/encode/encode/tests/quicksort/quicksort.perf.encoded --  --cso /dev/null
key=encoded, no.=92, <stderr>:
LENGTH=440
elapsed cycles: 7595712
hi(checksum)=0xD8A9BFE3A2309C82
lo(checksum)=0x54F3E165EB9BA2FA
key=encoded, no.=92, <checksum>:
0xD8A9BFE3A2309C8254F3E165EB9BA2FA
key=encoded, no.=92, cso file:
/dev/null
----------------------------------------------
real command=cset shield -e /home/nrink/Projects/build/encode/encode/tests/quicksort/quicksort.perf.encoded --  --cso /dev/null
key=encoded, no.=93, <stderr>:
LENGTH=440
elapsed cycles: 7916115
hi(checksum)=0xD8A9BFE3A2309C82
lo(checksum)=0x54F3E165EB9BA2FA
key=encoded, no.=93, <checksum>:
0xD8A9BFE3A2309C8254F3E165EB9BA2FA
key=encoded, no.=93, cso file:
/dev/null
----------------------------------------------
real command=cset shield -e /home/nrink/Projects/build/encode/encode/tests/quicksort/quicksort.perf.encoded --  --cso /dev/null
key=encoded, no.=94, <stderr>:
LENGTH=440
elapsed cycles: 7346721
hi(checksum)=0xD8A9BFE3A2309C82
lo(checksum)=0x54F3E165EB9BA2FA
key=encoded, no.=94, <checksum>:
0xD8A9BFE3A2309C8254F3E165EB9BA2FA
key=encoded, no.=94, cso file:
/dev/null
----------------------------------------------
real command=cset shield -e /home/nrink/Projects/build/encode/encode/tests/quicksort/quicksort.perf.encoded --  --cso /dev/null
key=encoded, no.=95, <stderr>:
LENGTH=440
elapsed cycles: 7584582
hi(checksum)=0xD8A9BFE3A2309C82
lo(checksum)=0x54F3E165EB9BA2FA
key=encoded, no.=95, <checksum>:
0xD8A9BFE3A2309C8254F3E165EB9BA2FA
key=encoded, no.=95, cso file:
/dev/null
----------------------------------------------
real command=cset shield -e /home/nrink/Projects/build/encode/encode/tests/quicksort/quicksort.perf.encoded --  --cso /dev/null
key=encoded, no.=96, <stderr>:
LENGTH=440
elapsed cycles: 7290057
hi(checksum)=0xD8A9BFE3A2309C82
lo(checksum)=0x54F3E165EB9BA2FA
key=encoded, no.=96, <checksum>:
0xD8A9BFE3A2309C8254F3E165EB9BA2FA
key=encoded, no.=96, cso file:
/dev/null
----------------------------------------------
real command=cset shield -e /home/nrink/Projects/build/encode/encode/tests/quicksort/quicksort.perf.encoded --  --cso /dev/null
key=encoded, no.=97, <stderr>:
LENGTH=440
elapsed cycles: 7380258
hi(checksum)=0xD8A9BFE3A2309C82
lo(checksum)=0x54F3E165EB9BA2FA
key=encoded, no.=97, <checksum>:
0xD8A9BFE3A2309C8254F3E165EB9BA2FA
key=encoded, no.=97, cso file:
/dev/null
----------------------------------------------
real command=cset shield -e /home/nrink/Projects/build/encode/encode/tests/quicksort/quicksort.perf.encoded --  --cso /dev/null
key=encoded, no.=98, <stderr>:
LENGTH=440
elapsed cycles: 7303485
hi(checksum)=0xD8A9BFE3A2309C82
lo(checksum)=0x54F3E165EB9BA2FA
key=encoded, no.=98, <checksum>:
0xD8A9BFE3A2309C8254F3E165EB9BA2FA
key=encoded, no.=98, cso file:
/dev/null
----------------------------------------------
real command=cset shield -e /home/nrink/Projects/build/encode/encode/tests/quicksort/quicksort.perf.encoded --  --cso /dev/null
key=encoded, no.=99, <stderr>:
LENGTH=440
elapsed cycles: 7320000
hi(checksum)=0xD8A9BFE3A2309C82
lo(checksum)=0x54F3E165EB9BA2FA
key=encoded, no.=99, <checksum>:
0xD8A9BFE3A2309C8254F3E165EB9BA2FA
key=encoded, no.=99, cso file:
/dev/null
----------------------------------------------
