<stderr> from running /home/nrink/Projects/pin-2.14-71313-gcc.4.4.7-linux/pin.sh -t /home/nrink/Projects/bfi/obj-intel64/bfi.so -trigger 79361931 -cmd RREG -seed 1 -mask 77 -- /home/nrink/Projects/build/encode/encode/tests/dijkstra/dijkstra.cover.plain /home/nrink/Projects/build/encode/encode/tests/dijkstra/dijkstra_input.dat --cso ./2015-05-05_17:15:54/dijkstra/cover/cs/plain.1.cso --csl ./2015-05-05_17:15:54/dijkstra/cover/cs/plain.1.csl:
[.:    0, IP = 0x400fbb, i = 79361931, wa = 0, ra = 0, rr = 0, wr = 0, it = 0, t = 0]
	at ip 0x400fbb, rip = 0x400fbb, rip' = 0x400ff6
**********************
INSTR   = 79361932
WADDR   = 0
RADDR   = 0
RREG    = 0
WREG    = 0
ITER    = 0
TRIGGER = 79361931
TTYPE   = IN
COMMAND = RREG
SEL     = -1
SEED    = 1
MASK    = 0x4d
THREAD  = 0
ELAPSED = 2.90s
Segmentation fault (core dumped)
----------------------------------------------------------------
