<stderr> from running /home/nrink/Projects/pin-2.14-71313-gcc.4.4.7-linux/pin.sh -t /home/nrink/Projects/bfi/obj-intel64/bfi.so -trigger 163985 -cmd TXT -seed 1 -mask 41 -- /home/nrink/Projects/build/encode/encode/tests/bubblesort/bubblesort.cover.plain --cso ./2015-05-05_13:42:46/bubblesort/cover/cs/plain.78.cso --csl ./2015-05-05_13:42:46/bubblesort/cover/cs/plain.78.csl:
[.:    0, IP = 0x400ac3, i = 163985, wa = 0, ra = 0, rr = 0, wr = 0, it = 0, t = 0]
	ip' = 0x400ac6, size = 3, mask = 41, idx = 0, byte = 77, byte' = 100
elapsed cycles: 1023936870
hi(checksum)=0x0000000000000000
lo(checksum)=0x00007CDAE2B040F7
**********************
INSTR   = 174534
WADDR   = 0
RADDR   = 0
RREG    = 0
WREG    = 0
ITER    = 0
TRIGGER = 163985
TTYPE   = IN
COMMAND = TXT
SEL     = -1
SEED    = 1
MASK    = 0x29
THREAD  = 0
ELAPSED = 30.93s
----------------------------------------------------------------
