<stderr> from running /home/nrink/Projects/pin-2.14-71313-gcc.4.4.7-linux/pin.sh -t /home/nrink/Projects/bfi/obj-intel64/bfi.so -trigger 163761 -cmd WADDR -seed 1 -mask 167 -- /home/nrink/Projects/build/encode/encode/tests/bubblesort/bubblesort.cover.encoded --cso ./2015-05-05_13:42:46/bubblesort/cover/cs/encoded.28.cso --csl ./2015-05-05_13:42:46/bubblesort/cover/cs/encoded.28.csl:
[.:    0, IP = 0x400ce1, i = 163767, wa = 0, ra = 0, rr = 0, wr = 0, it = 0, t = 0]
	access = write, size = 8, addr = 0x6020a0, addr' = 0x602007, op = 0
**********************
INSTR   = 168374
WADDR   = 0
RADDR   = 0
RREG    = 0
WREG    = 0
ITER    = 0
TRIGGER = 163761
TTYPE   = IN
COMMAND = WADDR
SEL     = -1
SEED    = 1
MASK    = 0xa7
THREAD  = 0
ELAPSED = 13.16s
Segmentation fault (core dumped)
----------------------------------------------------------------
