<stderr> from running /home/nrink/Projects/pin-2.14-71313-gcc.4.4.7-linux/pin.sh -t /home/nrink/Projects/bfi/obj-intel64/bfi.so -trigger 164138 -cmd RADDR -seed 1 -mask 192 -- /home/nrink/Projects/build/encode/encode/tests/bubblesort/bubblesort.cover.plain --cso ./2015-05-05_13:42:46/bubblesort/cover/cs/plain.16.cso --csl ./2015-05-05_13:42:46/bubblesort/cover/cs/plain.16.csl:
[.:    0, IP = 0x400af5, i = 164141, wa = 0, ra = 0, rr = 0, wr = 0, it = 0, t = 0]
	access = read, size = 8, addr = 0x6020c8, addr' = 0x602008, op = 0
elapsed cycles: 385892553
hi(checksum)=0x0000000000000211
lo(checksum)=0x0D49EB887146A7C8
**********************
INSTR   = 174568
WADDR   = 0
RADDR   = 0
RREG    = 0
WREG    = 0
ITER    = 0
TRIGGER = 164138
TTYPE   = IN
COMMAND = RADDR
SEL     = -1
SEED    = 1
MASK    = 0xc0
THREAD  = 0
ELAPSED = 29.98s
----------------------------------------------------------------
