<stderr> from running /home/nrink/Projects/pin-2.14-71313-gcc.4.4.7-linux/pin.sh -t /home/nrink/Projects/bfi/obj-intel64/bfi.so -trigger 164473 -cmd RREG -seed 1 -mask 216 -- /home/nrink/Projects/build/encode/encode/tests/quicksort/quicksort.cover.encoded --cso ./2015-05-05_11:58:41/quicksort/cover/cs/encoded.70.cso --csl ./2015-05-05_11:58:41/quicksort/cover/cs/encoded.70.csl:
[.:    0, IP = 0x401032, i = 164473, wa = 0, ra = 0, rr = 0, wr = 0, it = 0, t = 0]
	at ip 0x401032, rsp = 0x7fffffffe0a0, rsp' = 0x7fffffffe078
**********************
INSTR   = 164479
WADDR   = 0
RADDR   = 0
RREG    = 0
WREG    = 0
ITER    = 0
TRIGGER = 164473
TTYPE   = IN
COMMAND = RREG
SEL     = -1
SEED    = 1
MASK    = 0xd8
THREAD  = 0
ELAPSED = 6.64s
Segmentation fault (core dumped)
----------------------------------------------------------------
