<stderr> from running /home/nrink/Projects/pin-2.14-71313-gcc.4.4.7-linux/pin.sh -t /home/nrink/Projects/bfi/obj-intel64/bfi.so -trigger 164124 -cmd TXT -seed 1 -mask 218 -- /home/nrink/Projects/build/encode/encode/tests/quicksort/quicksort.cover.plain --cso ./2015-05-05_11:58:41/quicksort/cover/cs/plain.3.cso --csl ./2015-05-05_11:58:41/quicksort/cover/cs/plain.3.csl:
[.:    0, IP = 0x400aba, i = 164124, wa = 0, ra = 0, rr = 0, wr = 0, it = 0, t = 0]
	ip' = 0x400abc, size = 2, mask = 218, idx = 1, byte = 14, byte' = 212
elapsed cycles: 519651459
hi(checksum)=0x0000000000000000
lo(checksum)=0x00007CDAE2B040F7
**********************
INSTR   = 174426
WADDR   = 0
RADDR   = 0
RREG    = 0
WREG    = 0
ITER    = 0
TRIGGER = 164124
TTYPE   = IN
COMMAND = TXT
SEL     = -1
SEED    = 1
MASK    = 0xda
THREAD  = 0
ELAPSED = 12.04s
----------------------------------------------------------------
