<stderr> from running /home/nrink/Projects/pin-2.14-71313-gcc.4.4.7-linux/pin.sh -t /home/nrink/Projects/bfi/obj-intel64/bfi.so -trigger 163955 -cmd RADDR -seed 1 -mask 13 -- /home/nrink/Projects/build/encode/encode/tests/quicksort/quicksort.cover.plain --cso ./2015-05-05_11:58:41/quicksort/cover/cs/plain.22.cso --csl ./2015-05-05_11:58:41/quicksort/cover/cs/plain.22.csl:
[.:    0, IP = 0x400aa4, i = 163959, wa = 0, ra = 0, rr = 0, wr = 0, it = 0, t = 0]
	access = read, size = 8, addr = 0x6020d8, addr' = 0x6020d5, op = 0
elapsed cycles: 532863591
hi(checksum)=0x0000000000000000
lo(checksum)=0x00010BD797214442
**********************
INSTR   = 174417
WADDR   = 0
RADDR   = 0
RREG    = 0
WREG    = 0
ITER    = 0
TRIGGER = 163955
TTYPE   = IN
COMMAND = RADDR
SEL     = -1
SEED    = 1
MASK    = 0xd
THREAD  = 0
ELAPSED = 14.02s
----------------------------------------------------------------
