<stderr> from running /home/nrink/Projects/pin-2.14-71313-gcc.4.4.7-linux/pin.sh -t /home/nrink/Projects/bfi/obj-intel64/bfi.so -trigger 165266 -cmd RVAL -seed 1 -mask 84 -- /home/nrink/Projects/build/encode/encode/tests/quicksort/quicksort.cover.encoded --cso ./2015-05-05_11:58:41/quicksort/cover/cs/encoded.9.cso --csl ./2015-05-05_11:58:41/quicksort/cover/cs/encoded.9.csl:
[.:    0, IP = 0x401031, i = 165275, wa = 0, ra = 0, rr = 0, wr = 0, it = 0, t = 0]
	access = read, size = 8, value = 84, value' = 0, addr = 0x7fffffffe108, op = 0
elapsed cycles: 353076528
hi(checksum)=0x0000000000000000
lo(checksum)=0x00007CDAE2B040F7
**********************
INSTR   = 177856
WADDR   = 0
RADDR   = 0
RREG    = 0
WREG    = 0
ITER    = 0
TRIGGER = 165266
TTYPE   = IN
COMMAND = RVAL
SEL     = -1
SEED    = 1
MASK    = 0x54
THREAD  = 0
ELAPSED = 3.99s
----------------------------------------------------------------
