<stderr> from running /home/nrink/Projects/pin-2.14-71313-gcc.4.4.7-linux/pin.sh -t /home/nrink/Projects/bfi/obj-intel64/bfi.so -trigger 164453 -cmd TXT -seed 1 -mask 8 -- /home/nrink/Projects/build/encode/encode/tests/quicksort/quicksort.cover.encoded --cso ./2015-05-05_11:58:41/quicksort/cover/cs/encoded.31.cso --csl ./2015-05-05_11:58:41/quicksort/cover/cs/encoded.31.csl:
[.:    0, IP = 0x400b51, i = 164453, wa = 0, ra = 0, rr = 0, wr = 0, it = 0, t = 0]
	ip' = 0x400b54, size = 3, mask = 8, idx = 0, byte = 73, byte' = 65
elapsed cycles: 2784018951
hi(checksum)=0x0000000000000000
lo(checksum)=0x00007CDAE2B040F7
**********************
INSTR   = 175929
WADDR   = 0
RADDR   = 0
RREG    = 0
WREG    = 0
ITER    = 0
TRIGGER = 164453
TTYPE   = IN
COMMAND = TXT
SEL     = -1
SEED    = 1
MASK    = 0x8
THREAD  = 0
ELAPSED = 14.26s
----------------------------------------------------------------
