key=plain, runs=100 ...
command=/home/nrink/Projects/build/encode/encode/tests/quicksort/quicksort.perf.plain
----------------------------------------------
real command=cset shield -e /home/nrink/Projects/build/encode/encode/tests/quicksort/quicksort.perf.plain --  --cso /dev/null
key=plain, no.=0, <stderr>:
LENGTH=440
elapsed cycles: 4989897
hi(checksum)=0xD8A9BFE3A2309C82
lo(checksum)=0x54F3E165EB9BA2FA
key=plain, no.=0, <checksum>:
0xD8A9BFE3A2309C8254F3E165EB9BA2FA
key=plain, no.=0, cso file:
/dev/null
----------------------------------------------
real command=cset shield -e /home/nrink/Projects/build/encode/encode/tests/quicksort/quicksort.perf.plain --  --cso /dev/null
key=plain, no.=1, <stderr>:
LENGTH=440
elapsed cycles: 5008011
hi(checksum)=0xD8A9BFE3A2309C82
lo(checksum)=0x54F3E165EB9BA2FA
key=plain, no.=1, <checksum>:
0xD8A9BFE3A2309C8254F3E165EB9BA2FA
key=plain, no.=1, cso file:
/dev/null
----------------------------------------------
real command=cset shield -e /home/nrink/Projects/build/encode/encode/tests/quicksort/quicksort.perf.plain --  --cso /dev/null
key=plain, no.=2, <stderr>:
LENGTH=440
elapsed cycles: 5008704
hi(checksum)=0xD8A9BFE3A2309C82
lo(checksum)=0x54F3E165EB9BA2FA
key=plain, no.=2, <checksum>:
0xD8A9BFE3A2309C8254F3E165EB9BA2FA
key=plain, no.=2, cso file:
/dev/null
----------------------------------------------
real command=cset shield -e /home/nrink/Projects/build/encode/encode/tests/quicksort/quicksort.perf.plain --  --cso /dev/null
key=plain, no.=3, <stderr>:
LENGTH=440
elapsed cycles: 4961673
hi(checksum)=0xD8A9BFE3A2309C82
lo(checksum)=0x54F3E165EB9BA2FA
key=plain, no.=3, <checksum>:
0xD8A9BFE3A2309C8254F3E165EB9BA2FA
key=plain, no.=3, cso file:
/dev/null
----------------------------------------------
real command=cset shield -e /home/nrink/Projects/build/encode/encode/tests/quicksort/quicksort.perf.plain --  --cso /dev/null
key=plain, no.=4, <stderr>:
LENGTH=440
elapsed cycles: 4980453
hi(checksum)=0xD8A9BFE3A2309C82
lo(checksum)=0x54F3E165EB9BA2FA
key=plain, no.=4, <checksum>:
0xD8A9BFE3A2309C8254F3E165EB9BA2FA
key=plain, no.=4, cso file:
/dev/null
----------------------------------------------
real command=cset shield -e /home/nrink/Projects/build/encode/encode/tests/quicksort/quicksort.perf.plain --  --cso /dev/null
key=plain, no.=5, <stderr>:
LENGTH=440
elapsed cycles: 4963779
hi(checksum)=0xD8A9BFE3A2309C82
lo(checksum)=0x54F3E165EB9BA2FA
key=plain, no.=5, <checksum>:
0xD8A9BFE3A2309C8254F3E165EB9BA2FA
key=plain, no.=5, cso file:
/dev/null
----------------------------------------------
real command=cset shield -e /home/nrink/Projects/build/encode/encode/tests/quicksort/quicksort.perf.plain --  --cso /dev/null
key=plain, no.=6, <stderr>:
LENGTH=440
elapsed cycles: 4999794
hi(checksum)=0xD8A9BFE3A2309C82
lo(checksum)=0x54F3E165EB9BA2FA
key=plain, no.=6, <checksum>:
0xD8A9BFE3A2309C8254F3E165EB9BA2FA
key=plain, no.=6, cso file:
/dev/null
----------------------------------------------
real command=cset shield -e /home/nrink/Projects/build/encode/encode/tests/quicksort/quicksort.perf.plain --  --cso /dev/null
key=plain, no.=7, <stderr>:
LENGTH=440
elapsed cycles: 5065278
hi(checksum)=0xD8A9BFE3A2309C82
lo(checksum)=0x54F3E165EB9BA2FA
key=plain, no.=7, <checksum>:
0xD8A9BFE3A2309C8254F3E165EB9BA2FA
key=plain, no.=7, cso file:
/dev/null
----------------------------------------------
real command=cset shield -e /home/nrink/Projects/build/encode/encode/tests/quicksort/quicksort.perf.plain --  --cso /dev/null
key=plain, no.=8, <stderr>:
LENGTH=440
elapsed cycles: 4999107
hi(checksum)=0xD8A9BFE3A2309C82
lo(checksum)=0x54F3E165EB9BA2FA
key=plain, no.=8, <checksum>:
0xD8A9BFE3A2309C8254F3E165EB9BA2FA
key=plain, no.=8, cso file:
/dev/null
----------------------------------------------
real command=cset shield -e /home/nrink/Projects/build/encode/encode/tests/quicksort/quicksort.perf.plain --  --cso /dev/null
key=plain, no.=9, <stderr>:
LENGTH=440
elapsed cycles: 4973019
hi(checksum)=0xD8A9BFE3A2309C82
lo(checksum)=0x54F3E165EB9BA2FA
key=plain, no.=9, <checksum>:
0xD8A9BFE3A2309C8254F3E165EB9BA2FA
key=plain, no.=9, cso file:
/dev/null
----------------------------------------------
real command=cset shield -e /home/nrink/Projects/build/encode/encode/tests/quicksort/quicksort.perf.plain --  --cso /dev/null
key=plain, no.=10, <stderr>:
LENGTH=440
elapsed cycles: 4985613
hi(checksum)=0xD8A9BFE3A2309C82
lo(checksum)=0x54F3E165EB9BA2FA
key=plain, no.=10, <checksum>:
0xD8A9BFE3A2309C8254F3E165EB9BA2FA
key=plain, no.=10, cso file:
/dev/null
----------------------------------------------
real command=cset shield -e /home/nrink/Projects/build/encode/encode/tests/quicksort/quicksort.perf.plain --  --cso /dev/null
key=plain, no.=11, <stderr>:
LENGTH=440
elapsed cycles: 5066541
hi(checksum)=0xD8A9BFE3A2309C82
lo(checksum)=0x54F3E165EB9BA2FA
key=plain, no.=11, <checksum>:
0xD8A9BFE3A2309C8254F3E165EB9BA2FA
key=plain, no.=11, cso file:
/dev/null
----------------------------------------------
real command=cset shield -e /home/nrink/Projects/build/encode/encode/tests/quicksort/quicksort.perf.plain --  --cso /dev/null
key=plain, no.=12, <stderr>:
LENGTH=440
elapsed cycles: 5000769
hi(checksum)=0xD8A9BFE3A2309C82
lo(checksum)=0x54F3E165EB9BA2FA
key=plain, no.=12, <checksum>:
0xD8A9BFE3A2309C8254F3E165EB9BA2FA
key=plain, no.=12, cso file:
/dev/null
----------------------------------------------
real command=cset shield -e /home/nrink/Projects/build/encode/encode/tests/quicksort/quicksort.perf.plain --  --cso /dev/null
key=plain, no.=13, <stderr>:
LENGTH=440
elapsed cycles: 5084664
hi(checksum)=0xD8A9BFE3A2309C82
lo(checksum)=0x54F3E165EB9BA2FA
key=plain, no.=13, <checksum>:
0xD8A9BFE3A2309C8254F3E165EB9BA2FA
key=plain, no.=13, cso file:
/dev/null
----------------------------------------------
real command=cset shield -e /home/nrink/Projects/build/encode/encode/tests/quicksort/quicksort.perf.plain --  --cso /dev/null
key=plain, no.=14, <stderr>:
LENGTH=440
elapsed cycles: 5013231
hi(checksum)=0xD8A9BFE3A2309C82
lo(checksum)=0x54F3E165EB9BA2FA
key=plain, no.=14, <checksum>:
0xD8A9BFE3A2309C8254F3E165EB9BA2FA
key=plain, no.=14, cso file:
/dev/null
----------------------------------------------
real command=cset shield -e /home/nrink/Projects/build/encode/encode/tests/quicksort/quicksort.perf.plain --  --cso /dev/null
key=plain, no.=15, <stderr>:
LENGTH=440
elapsed cycles: 4949355
hi(checksum)=0xD8A9BFE3A2309C82
lo(checksum)=0x54F3E165EB9BA2FA
key=plain, no.=15, <checksum>:
0xD8A9BFE3A2309C8254F3E165EB9BA2FA
key=plain, no.=15, cso file:
/dev/null
----------------------------------------------
real command=cset shield -e /home/nrink/Projects/build/encode/encode/tests/quicksort/quicksort.perf.plain --  --cso /dev/null
key=plain, no.=16, <stderr>:
LENGTH=440
elapsed cycles: 4996278
hi(checksum)=0xD8A9BFE3A2309C82
lo(checksum)=0x54F3E165EB9BA2FA
key=plain, no.=16, <checksum>:
0xD8A9BFE3A2309C8254F3E165EB9BA2FA
key=plain, no.=16, cso file:
/dev/null
----------------------------------------------
real command=cset shield -e /home/nrink/Projects/build/encode/encode/tests/quicksort/quicksort.perf.plain --  --cso /dev/null
key=plain, no.=17, <stderr>:
LENGTH=440
elapsed cycles: 4967493
hi(checksum)=0xD8A9BFE3A2309C82
lo(checksum)=0x54F3E165EB9BA2FA
key=plain, no.=17, <checksum>:
0xD8A9BFE3A2309C8254F3E165EB9BA2FA
key=plain, no.=17, cso file:
/dev/null
----------------------------------------------
real command=cset shield -e /home/nrink/Projects/build/encode/encode/tests/quicksort/quicksort.perf.plain --  --cso /dev/null
key=plain, no.=18, <stderr>:
LENGTH=440
elapsed cycles: 5069943
hi(checksum)=0xD8A9BFE3A2309C82
lo(checksum)=0x54F3E165EB9BA2FA
key=plain, no.=18, <checksum>:
0xD8A9BFE3A2309C8254F3E165EB9BA2FA
key=plain, no.=18, cso file:
/dev/null
----------------------------------------------
real command=cset shield -e /home/nrink/Projects/build/encode/encode/tests/quicksort/quicksort.perf.plain --  --cso /dev/null
key=plain, no.=19, <stderr>:
LENGTH=440
elapsed cycles: 4961520
hi(checksum)=0xD8A9BFE3A2309C82
lo(checksum)=0x54F3E165EB9BA2FA
key=plain, no.=19, <checksum>:
0xD8A9BFE3A2309C8254F3E165EB9BA2FA
key=plain, no.=19, cso file:
/dev/null
----------------------------------------------
real command=cset shield -e /home/nrink/Projects/build/encode/encode/tests/quicksort/quicksort.perf.plain --  --cso /dev/null
key=plain, no.=20, <stderr>:
LENGTH=440
elapsed cycles: 4992336
hi(checksum)=0xD8A9BFE3A2309C82
lo(checksum)=0x54F3E165EB9BA2FA
key=plain, no.=20, <checksum>:
0xD8A9BFE3A2309C8254F3E165EB9BA2FA
key=plain, no.=20, cso file:
/dev/null
----------------------------------------------
real command=cset shield -e /home/nrink/Projects/build/encode/encode/tests/quicksort/quicksort.perf.plain --  --cso /dev/null
key=plain, no.=21, <stderr>:
LENGTH=440
elapsed cycles: 5003082
hi(checksum)=0xD8A9BFE3A2309C82
lo(checksum)=0x54F3E165EB9BA2FA
key=plain, no.=21, <checksum>:
0xD8A9BFE3A2309C8254F3E165EB9BA2FA
key=plain, no.=21, cso file:
/dev/null
----------------------------------------------
real command=cset shield -e /home/nrink/Projects/build/encode/encode/tests/quicksort/quicksort.perf.plain --  --cso /dev/null
key=plain, no.=22, <stderr>:
LENGTH=440
elapsed cycles: 5021718
hi(checksum)=0xD8A9BFE3A2309C82
lo(checksum)=0x54F3E165EB9BA2FA
key=plain, no.=22, <checksum>:
0xD8A9BFE3A2309C8254F3E165EB9BA2FA
key=plain, no.=22, cso file:
/dev/null
----------------------------------------------
real command=cset shield -e /home/nrink/Projects/build/encode/encode/tests/quicksort/quicksort.perf.plain --  --cso /dev/null
key=plain, no.=23, <stderr>:
LENGTH=440
elapsed cycles: 5001312
hi(checksum)=0xD8A9BFE3A2309C82
lo(checksum)=0x54F3E165EB9BA2FA
key=plain, no.=23, <checksum>:
0xD8A9BFE3A2309C8254F3E165EB9BA2FA
key=plain, no.=23, cso file:
/dev/null
----------------------------------------------
real command=cset shield -e /home/nrink/Projects/build/encode/encode/tests/quicksort/quicksort.perf.plain --  --cso /dev/null
key=plain, no.=24, <stderr>:
LENGTH=440
elapsed cycles: 4971522
hi(checksum)=0xD8A9BFE3A2309C82
lo(checksum)=0x54F3E165EB9BA2FA
key=plain, no.=24, <checksum>:
0xD8A9BFE3A2309C8254F3E165EB9BA2FA
key=plain, no.=24, cso file:
/dev/null
----------------------------------------------
real command=cset shield -e /home/nrink/Projects/build/encode/encode/tests/quicksort/quicksort.perf.plain --  --cso /dev/null
key=plain, no.=25, <stderr>:
LENGTH=440
elapsed cycles: 4970205
hi(checksum)=0xD8A9BFE3A2309C82
lo(checksum)=0x54F3E165EB9BA2FA
key=plain, no.=25, <checksum>:
0xD8A9BFE3A2309C8254F3E165EB9BA2FA
key=plain, no.=25, cso file:
/dev/null
----------------------------------------------
real command=cset shield -e /home/nrink/Projects/build/encode/encode/tests/quicksort/quicksort.perf.plain --  --cso /dev/null
key=plain, no.=26, <stderr>:
LENGTH=440
elapsed cycles: 4964079
hi(checksum)=0xD8A9BFE3A2309C82
lo(checksum)=0x54F3E165EB9BA2FA
key=plain, no.=26, <checksum>:
0xD8A9BFE3A2309C8254F3E165EB9BA2FA
key=plain, no.=26, cso file:
/dev/null
----------------------------------------------
real command=cset shield -e /home/nrink/Projects/build/encode/encode/tests/quicksort/quicksort.perf.plain --  --cso /dev/null
key=plain, no.=27, <stderr>:
LENGTH=440
elapsed cycles: 4962789
hi(checksum)=0xD8A9BFE3A2309C82
lo(checksum)=0x54F3E165EB9BA2FA
key=plain, no.=27, <checksum>:
0xD8A9BFE3A2309C8254F3E165EB9BA2FA
key=plain, no.=27, cso file:
/dev/null
----------------------------------------------
real command=cset shield -e /home/nrink/Projects/build/encode/encode/tests/quicksort/quicksort.perf.plain --  --cso /dev/null
key=plain, no.=28, <stderr>:
LENGTH=440
elapsed cycles: 5011494
hi(checksum)=0xD8A9BFE3A2309C82
lo(checksum)=0x54F3E165EB9BA2FA
key=plain, no.=28, <checksum>:
0xD8A9BFE3A2309C8254F3E165EB9BA2FA
key=plain, no.=28, cso file:
/dev/null
----------------------------------------------
real command=cset shield -e /home/nrink/Projects/build/encode/encode/tests/quicksort/quicksort.perf.plain --  --cso /dev/null
key=plain, no.=29, <stderr>:
LENGTH=440
elapsed cycles: 5069577
hi(checksum)=0xD8A9BFE3A2309C82
lo(checksum)=0x54F3E165EB9BA2FA
key=plain, no.=29, <checksum>:
0xD8A9BFE3A2309C8254F3E165EB9BA2FA
key=plain, no.=29, cso file:
/dev/null
----------------------------------------------
real command=cset shield -e /home/nrink/Projects/build/encode/encode/tests/quicksort/quicksort.perf.plain --  --cso /dev/null
key=plain, no.=30, <stderr>:
LENGTH=440
elapsed cycles: 5009613
hi(checksum)=0xD8A9BFE3A2309C82
lo(checksum)=0x54F3E165EB9BA2FA
key=plain, no.=30, <checksum>:
0xD8A9BFE3A2309C8254F3E165EB9BA2FA
key=plain, no.=30, cso file:
/dev/null
----------------------------------------------
real command=cset shield -e /home/nrink/Projects/build/encode/encode/tests/quicksort/quicksort.perf.plain --  --cso /dev/null
key=plain, no.=31, <stderr>:
LENGTH=440
elapsed cycles: 5067870
hi(checksum)=0xD8A9BFE3A2309C82
lo(checksum)=0x54F3E165EB9BA2FA
key=plain, no.=31, <checksum>:
0xD8A9BFE3A2309C8254F3E165EB9BA2FA
key=plain, no.=31, cso file:
/dev/null
----------------------------------------------
real command=cset shield -e /home/nrink/Projects/build/encode/encode/tests/quicksort/quicksort.perf.plain --  --cso /dev/null
key=plain, no.=32, <stderr>:
LENGTH=440
elapsed cycles: 4955205
hi(checksum)=0xD8A9BFE3A2309C82
lo(checksum)=0x54F3E165EB9BA2FA
key=plain, no.=32, <checksum>:
0xD8A9BFE3A2309C8254F3E165EB9BA2FA
key=plain, no.=32, cso file:
/dev/null
----------------------------------------------
real command=cset shield -e /home/nrink/Projects/build/encode/encode/tests/quicksort/quicksort.perf.plain --  --cso /dev/null
key=plain, no.=33, <stderr>:
LENGTH=440
elapsed cycles: 4955604
hi(checksum)=0xD8A9BFE3A2309C82
lo(checksum)=0x54F3E165EB9BA2FA
key=plain, no.=33, <checksum>:
0xD8A9BFE3A2309C8254F3E165EB9BA2FA
key=plain, no.=33, cso file:
/dev/null
----------------------------------------------
real command=cset shield -e /home/nrink/Projects/build/encode/encode/tests/quicksort/quicksort.perf.plain --  --cso /dev/null
key=plain, no.=34, <stderr>:
LENGTH=440
elapsed cycles: 5099634
hi(checksum)=0xD8A9BFE3A2309C82
lo(checksum)=0x54F3E165EB9BA2FA
key=plain, no.=34, <checksum>:
0xD8A9BFE3A2309C8254F3E165EB9BA2FA
key=plain, no.=34, cso file:
/dev/null
----------------------------------------------
real command=cset shield -e /home/nrink/Projects/build/encode/encode/tests/quicksort/quicksort.perf.plain --  --cso /dev/null
key=plain, no.=35, <stderr>:
LENGTH=440
elapsed cycles: 4961247
hi(checksum)=0xD8A9BFE3A2309C82
lo(checksum)=0x54F3E165EB9BA2FA
key=plain, no.=35, <checksum>:
0xD8A9BFE3A2309C8254F3E165EB9BA2FA
key=plain, no.=35, cso file:
/dev/null
----------------------------------------------
real command=cset shield -e /home/nrink/Projects/build/encode/encode/tests/quicksort/quicksort.perf.plain --  --cso /dev/null
key=plain, no.=36, <stderr>:
LENGTH=440
elapsed cycles: 4968423
hi(checksum)=0xD8A9BFE3A2309C82
lo(checksum)=0x54F3E165EB9BA2FA
key=plain, no.=36, <checksum>:
0xD8A9BFE3A2309C8254F3E165EB9BA2FA
key=plain, no.=36, cso file:
/dev/null
----------------------------------------------
real command=cset shield -e /home/nrink/Projects/build/encode/encode/tests/quicksort/quicksort.perf.plain --  --cso /dev/null
key=plain, no.=37, <stderr>:
LENGTH=440
elapsed cycles: 4999776
hi(checksum)=0xD8A9BFE3A2309C82
lo(checksum)=0x54F3E165EB9BA2FA
key=plain, no.=37, <checksum>:
0xD8A9BFE3A2309C8254F3E165EB9BA2FA
key=plain, no.=37, cso file:
/dev/null
----------------------------------------------
real command=cset shield -e /home/nrink/Projects/build/encode/encode/tests/quicksort/quicksort.perf.plain --  --cso /dev/null
key=plain, no.=38, <stderr>:
LENGTH=440
elapsed cycles: 4953057
hi(checksum)=0xD8A9BFE3A2309C82
lo(checksum)=0x54F3E165EB9BA2FA
key=plain, no.=38, <checksum>:
0xD8A9BFE3A2309C8254F3E165EB9BA2FA
key=plain, no.=38, cso file:
/dev/null
----------------------------------------------
real command=cset shield -e /home/nrink/Projects/build/encode/encode/tests/quicksort/quicksort.perf.plain --  --cso /dev/null
key=plain, no.=39, <stderr>:
LENGTH=440
elapsed cycles: 5083647
hi(checksum)=0xD8A9BFE3A2309C82
lo(checksum)=0x54F3E165EB9BA2FA
key=plain, no.=39, <checksum>:
0xD8A9BFE3A2309C8254F3E165EB9BA2FA
key=plain, no.=39, cso file:
/dev/null
----------------------------------------------
real command=cset shield -e /home/nrink/Projects/build/encode/encode/tests/quicksort/quicksort.perf.plain --  --cso /dev/null
key=plain, no.=40, <stderr>:
LENGTH=440
elapsed cycles: 5058402
hi(checksum)=0xD8A9BFE3A2309C82
lo(checksum)=0x54F3E165EB9BA2FA
key=plain, no.=40, <checksum>:
0xD8A9BFE3A2309C8254F3E165EB9BA2FA
key=plain, no.=40, cso file:
/dev/null
----------------------------------------------
real command=cset shield -e /home/nrink/Projects/build/encode/encode/tests/quicksort/quicksort.perf.plain --  --cso /dev/null
key=plain, no.=41, <stderr>:
LENGTH=440
elapsed cycles: 5063781
hi(checksum)=0xD8A9BFE3A2309C82
lo(checksum)=0x54F3E165EB9BA2FA
key=plain, no.=41, <checksum>:
0xD8A9BFE3A2309C8254F3E165EB9BA2FA
key=plain, no.=41, cso file:
/dev/null
----------------------------------------------
real command=cset shield -e /home/nrink/Projects/build/encode/encode/tests/quicksort/quicksort.perf.plain --  --cso /dev/null
key=plain, no.=42, <stderr>:
LENGTH=440
elapsed cycles: 5003655
hi(checksum)=0xD8A9BFE3A2309C82
lo(checksum)=0x54F3E165EB9BA2FA
key=plain, no.=42, <checksum>:
0xD8A9BFE3A2309C8254F3E165EB9BA2FA
key=plain, no.=42, cso file:
/dev/null
----------------------------------------------
real command=cset shield -e /home/nrink/Projects/build/encode/encode/tests/quicksort/quicksort.perf.plain --  --cso /dev/null
key=plain, no.=43, <stderr>:
LENGTH=440
elapsed cycles: 5035023
hi(checksum)=0xD8A9BFE3A2309C82
lo(checksum)=0x54F3E165EB9BA2FA
key=plain, no.=43, <checksum>:
0xD8A9BFE3A2309C8254F3E165EB9BA2FA
key=plain, no.=43, cso file:
/dev/null
----------------------------------------------
real command=cset shield -e /home/nrink/Projects/build/encode/encode/tests/quicksort/quicksort.perf.plain --  --cso /dev/null
key=plain, no.=44, <stderr>:
LENGTH=440
elapsed cycles: 5076039
hi(checksum)=0xD8A9BFE3A2309C82
lo(checksum)=0x54F3E165EB9BA2FA
key=plain, no.=44, <checksum>:
0xD8A9BFE3A2309C8254F3E165EB9BA2FA
key=plain, no.=44, cso file:
/dev/null
----------------------------------------------
real command=cset shield -e /home/nrink/Projects/build/encode/encode/tests/quicksort/quicksort.perf.plain --  --cso /dev/null
key=plain, no.=45, <stderr>:
LENGTH=440
elapsed cycles: 4958109
hi(checksum)=0xD8A9BFE3A2309C82
lo(checksum)=0x54F3E165EB9BA2FA
key=plain, no.=45, <checksum>:
0xD8A9BFE3A2309C8254F3E165EB9BA2FA
key=plain, no.=45, cso file:
/dev/null
----------------------------------------------
real command=cset shield -e /home/nrink/Projects/build/encode/encode/tests/quicksort/quicksort.perf.plain --  --cso /dev/null
key=plain, no.=46, <stderr>:
LENGTH=440
elapsed cycles: 4968510
hi(checksum)=0xD8A9BFE3A2309C82
lo(checksum)=0x54F3E165EB9BA2FA
key=plain, no.=46, <checksum>:
0xD8A9BFE3A2309C8254F3E165EB9BA2FA
key=plain, no.=46, cso file:
/dev/null
----------------------------------------------
real command=cset shield -e /home/nrink/Projects/build/encode/encode/tests/quicksort/quicksort.perf.plain --  --cso /dev/null
key=plain, no.=47, <stderr>:
LENGTH=440
elapsed cycles: 4958133
hi(checksum)=0xD8A9BFE3A2309C82
lo(checksum)=0x54F3E165EB9BA2FA
key=plain, no.=47, <checksum>:
0xD8A9BFE3A2309C8254F3E165EB9BA2FA
key=plain, no.=47, cso file:
/dev/null
----------------------------------------------
real command=cset shield -e /home/nrink/Projects/build/encode/encode/tests/quicksort/quicksort.perf.plain --  --cso /dev/null
key=plain, no.=48, <stderr>:
LENGTH=440
elapsed cycles: 4955565
hi(checksum)=0xD8A9BFE3A2309C82
lo(checksum)=0x54F3E165EB9BA2FA
key=plain, no.=48, <checksum>:
0xD8A9BFE3A2309C8254F3E165EB9BA2FA
key=plain, no.=48, cso file:
/dev/null
----------------------------------------------
real command=cset shield -e /home/nrink/Projects/build/encode/encode/tests/quicksort/quicksort.perf.plain --  --cso /dev/null
key=plain, no.=49, <stderr>:
LENGTH=440
elapsed cycles: 4976019
hi(checksum)=0xD8A9BFE3A2309C82
lo(checksum)=0x54F3E165EB9BA2FA
key=plain, no.=49, <checksum>:
0xD8A9BFE3A2309C8254F3E165EB9BA2FA
key=plain, no.=49, cso file:
/dev/null
----------------------------------------------
real command=cset shield -e /home/nrink/Projects/build/encode/encode/tests/quicksort/quicksort.perf.plain --  --cso /dev/null
key=plain, no.=50, <stderr>:
LENGTH=440
elapsed cycles: 4959396
hi(checksum)=0xD8A9BFE3A2309C82
lo(checksum)=0x54F3E165EB9BA2FA
key=plain, no.=50, <checksum>:
0xD8A9BFE3A2309C8254F3E165EB9BA2FA
key=plain, no.=50, cso file:
/dev/null
----------------------------------------------
real command=cset shield -e /home/nrink/Projects/build/encode/encode/tests/quicksort/quicksort.perf.plain --  --cso /dev/null
key=plain, no.=51, <stderr>:
LENGTH=440
elapsed cycles: 5069769
hi(checksum)=0xD8A9BFE3A2309C82
lo(checksum)=0x54F3E165EB9BA2FA
key=plain, no.=51, <checksum>:
0xD8A9BFE3A2309C8254F3E165EB9BA2FA
key=plain, no.=51, cso file:
/dev/null
----------------------------------------------
real command=cset shield -e /home/nrink/Projects/build/encode/encode/tests/quicksort/quicksort.perf.plain --  --cso /dev/null
key=plain, no.=52, <stderr>:
LENGTH=440
elapsed cycles: 5031381
hi(checksum)=0xD8A9BFE3A2309C82
lo(checksum)=0x54F3E165EB9BA2FA
key=plain, no.=52, <checksum>:
0xD8A9BFE3A2309C8254F3E165EB9BA2FA
key=plain, no.=52, cso file:
/dev/null
----------------------------------------------
real command=cset shield -e /home/nrink/Projects/build/encode/encode/tests/quicksort/quicksort.perf.plain --  --cso /dev/null
key=plain, no.=53, <stderr>:
LENGTH=440
elapsed cycles: 5077458
hi(checksum)=0xD8A9BFE3A2309C82
lo(checksum)=0x54F3E165EB9BA2FA
key=plain, no.=53, <checksum>:
0xD8A9BFE3A2309C8254F3E165EB9BA2FA
key=plain, no.=53, cso file:
/dev/null
----------------------------------------------
real command=cset shield -e /home/nrink/Projects/build/encode/encode/tests/quicksort/quicksort.perf.plain --  --cso /dev/null
key=plain, no.=54, <stderr>:
LENGTH=440
elapsed cycles: 4988340
hi(checksum)=0xD8A9BFE3A2309C82
lo(checksum)=0x54F3E165EB9BA2FA
key=plain, no.=54, <checksum>:
0xD8A9BFE3A2309C8254F3E165EB9BA2FA
key=plain, no.=54, cso file:
/dev/null
----------------------------------------------
real command=cset shield -e /home/nrink/Projects/build/encode/encode/tests/quicksort/quicksort.perf.plain --  --cso /dev/null
key=plain, no.=55, <stderr>:
LENGTH=440
elapsed cycles: 5064312
hi(checksum)=0xD8A9BFE3A2309C82
lo(checksum)=0x54F3E165EB9BA2FA
key=plain, no.=55, <checksum>:
0xD8A9BFE3A2309C8254F3E165EB9BA2FA
key=plain, no.=55, cso file:
/dev/null
----------------------------------------------
real command=cset shield -e /home/nrink/Projects/build/encode/encode/tests/quicksort/quicksort.perf.plain --  --cso /dev/null
key=plain, no.=56, <stderr>:
LENGTH=440
elapsed cycles: 5009781
hi(checksum)=0xD8A9BFE3A2309C82
lo(checksum)=0x54F3E165EB9BA2FA
key=plain, no.=56, <checksum>:
0xD8A9BFE3A2309C8254F3E165EB9BA2FA
key=plain, no.=56, cso file:
/dev/null
----------------------------------------------
real command=cset shield -e /home/nrink/Projects/build/encode/encode/tests/quicksort/quicksort.perf.plain --  --cso /dev/null
key=plain, no.=57, <stderr>:
LENGTH=440
elapsed cycles: 4947966
hi(checksum)=0xD8A9BFE3A2309C82
lo(checksum)=0x54F3E165EB9BA2FA
key=plain, no.=57, <checksum>:
0xD8A9BFE3A2309C8254F3E165EB9BA2FA
key=plain, no.=57, cso file:
/dev/null
----------------------------------------------
real command=cset shield -e /home/nrink/Projects/build/encode/encode/tests/quicksort/quicksort.perf.plain --  --cso /dev/null
key=plain, no.=58, <stderr>:
LENGTH=440
elapsed cycles: 4973352
hi(checksum)=0xD8A9BFE3A2309C82
lo(checksum)=0x54F3E165EB9BA2FA
key=plain, no.=58, <checksum>:
0xD8A9BFE3A2309C8254F3E165EB9BA2FA
key=plain, no.=58, cso file:
/dev/null
----------------------------------------------
real command=cset shield -e /home/nrink/Projects/build/encode/encode/tests/quicksort/quicksort.perf.plain --  --cso /dev/null
key=plain, no.=59, <stderr>:
LENGTH=440
elapsed cycles: 4961370
hi(checksum)=0xD8A9BFE3A2309C82
lo(checksum)=0x54F3E165EB9BA2FA
key=plain, no.=59, <checksum>:
0xD8A9BFE3A2309C8254F3E165EB9BA2FA
key=plain, no.=59, cso file:
/dev/null
----------------------------------------------
real command=cset shield -e /home/nrink/Projects/build/encode/encode/tests/quicksort/quicksort.perf.plain --  --cso /dev/null
key=plain, no.=60, <stderr>:
LENGTH=440
elapsed cycles: 4961226
hi(checksum)=0xD8A9BFE3A2309C82
lo(checksum)=0x54F3E165EB9BA2FA
key=plain, no.=60, <checksum>:
0xD8A9BFE3A2309C8254F3E165EB9BA2FA
key=plain, no.=60, cso file:
/dev/null
----------------------------------------------
real command=cset shield -e /home/nrink/Projects/build/encode/encode/tests/quicksort/quicksort.perf.plain --  --cso /dev/null
key=plain, no.=61, <stderr>:
LENGTH=440
elapsed cycles: 4992192
hi(checksum)=0xD8A9BFE3A2309C82
lo(checksum)=0x54F3E165EB9BA2FA
key=plain, no.=61, <checksum>:
0xD8A9BFE3A2309C8254F3E165EB9BA2FA
key=plain, no.=61, cso file:
/dev/null
----------------------------------------------
real command=cset shield -e /home/nrink/Projects/build/encode/encode/tests/quicksort/quicksort.perf.plain --  --cso /dev/null
key=plain, no.=62, <stderr>:
LENGTH=440
elapsed cycles: 4990011
hi(checksum)=0xD8A9BFE3A2309C82
lo(checksum)=0x54F3E165EB9BA2FA
key=plain, no.=62, <checksum>:
0xD8A9BFE3A2309C8254F3E165EB9BA2FA
key=plain, no.=62, cso file:
/dev/null
----------------------------------------------
real command=cset shield -e /home/nrink/Projects/build/encode/encode/tests/quicksort/quicksort.perf.plain --  --cso /dev/null
key=plain, no.=63, <stderr>:
LENGTH=440
elapsed cycles: 5066952
hi(checksum)=0xD8A9BFE3A2309C82
lo(checksum)=0x54F3E165EB9BA2FA
key=plain, no.=63, <checksum>:
0xD8A9BFE3A2309C8254F3E165EB9BA2FA
key=plain, no.=63, cso file:
/dev/null
----------------------------------------------
real command=cset shield -e /home/nrink/Projects/build/encode/encode/tests/quicksort/quicksort.perf.plain --  --cso /dev/null
key=plain, no.=64, <stderr>:
LENGTH=440
elapsed cycles: 5087514
hi(checksum)=0xD8A9BFE3A2309C82
lo(checksum)=0x54F3E165EB9BA2FA
key=plain, no.=64, <checksum>:
0xD8A9BFE3A2309C8254F3E165EB9BA2FA
key=plain, no.=64, cso file:
/dev/null
----------------------------------------------
real command=cset shield -e /home/nrink/Projects/build/encode/encode/tests/quicksort/quicksort.perf.plain --  --cso /dev/null
key=plain, no.=65, <stderr>:
LENGTH=440
elapsed cycles: 4956513
hi(checksum)=0xD8A9BFE3A2309C82
lo(checksum)=0x54F3E165EB9BA2FA
key=plain, no.=65, <checksum>:
0xD8A9BFE3A2309C8254F3E165EB9BA2FA
key=plain, no.=65, cso file:
/dev/null
----------------------------------------------
real command=cset shield -e /home/nrink/Projects/build/encode/encode/tests/quicksort/quicksort.perf.plain --  --cso /dev/null
key=plain, no.=66, <stderr>:
LENGTH=440
elapsed cycles: 4962333
hi(checksum)=0xD8A9BFE3A2309C82
lo(checksum)=0x54F3E165EB9BA2FA
key=plain, no.=66, <checksum>:
0xD8A9BFE3A2309C8254F3E165EB9BA2FA
key=plain, no.=66, cso file:
/dev/null
----------------------------------------------
real command=cset shield -e /home/nrink/Projects/build/encode/encode/tests/quicksort/quicksort.perf.plain --  --cso /dev/null
key=plain, no.=67, <stderr>:
LENGTH=440
elapsed cycles: 4962123
hi(checksum)=0xD8A9BFE3A2309C82
lo(checksum)=0x54F3E165EB9BA2FA
key=plain, no.=67, <checksum>:
0xD8A9BFE3A2309C8254F3E165EB9BA2FA
key=plain, no.=67, cso file:
/dev/null
----------------------------------------------
real command=cset shield -e /home/nrink/Projects/build/encode/encode/tests/quicksort/quicksort.perf.plain --  --cso /dev/null
key=plain, no.=68, <stderr>:
LENGTH=440
elapsed cycles: 4994682
hi(checksum)=0xD8A9BFE3A2309C82
lo(checksum)=0x54F3E165EB9BA2FA
key=plain, no.=68, <checksum>:
0xD8A9BFE3A2309C8254F3E165EB9BA2FA
key=plain, no.=68, cso file:
/dev/null
----------------------------------------------
real command=cset shield -e /home/nrink/Projects/build/encode/encode/tests/quicksort/quicksort.perf.plain --  --cso /dev/null
key=plain, no.=69, <stderr>:
LENGTH=440
elapsed cycles: 5022705
hi(checksum)=0xD8A9BFE3A2309C82
lo(checksum)=0x54F3E165EB9BA2FA
key=plain, no.=69, <checksum>:
0xD8A9BFE3A2309C8254F3E165EB9BA2FA
key=plain, no.=69, cso file:
/dev/null
----------------------------------------------
real command=cset shield -e /home/nrink/Projects/build/encode/encode/tests/quicksort/quicksort.perf.plain --  --cso /dev/null
key=plain, no.=70, <stderr>:
LENGTH=440
elapsed cycles: 4977492
hi(checksum)=0xD8A9BFE3A2309C82
lo(checksum)=0x54F3E165EB9BA2FA
key=plain, no.=70, <checksum>:
0xD8A9BFE3A2309C8254F3E165EB9BA2FA
key=plain, no.=70, cso file:
/dev/null
----------------------------------------------
real command=cset shield -e /home/nrink/Projects/build/encode/encode/tests/quicksort/quicksort.perf.plain --  --cso /dev/null
key=plain, no.=71, <stderr>:
LENGTH=440
elapsed cycles: 4971468
hi(checksum)=0xD8A9BFE3A2309C82
lo(checksum)=0x54F3E165EB9BA2FA
key=plain, no.=71, <checksum>:
0xD8A9BFE3A2309C8254F3E165EB9BA2FA
key=plain, no.=71, cso file:
/dev/null
----------------------------------------------
real command=cset shield -e /home/nrink/Projects/build/encode/encode/tests/quicksort/quicksort.perf.plain --  --cso /dev/null
key=plain, no.=72, <stderr>:
LENGTH=440
elapsed cycles: 5044200
hi(checksum)=0xD8A9BFE3A2309C82
lo(checksum)=0x54F3E165EB9BA2FA
key=plain, no.=72, <checksum>:
0xD8A9BFE3A2309C8254F3E165EB9BA2FA
key=plain, no.=72, cso file:
/dev/null
----------------------------------------------
real command=cset shield -e /home/nrink/Projects/build/encode/encode/tests/quicksort/quicksort.perf.plain --  --cso /dev/null
key=plain, no.=73, <stderr>:
LENGTH=440
elapsed cycles: 4971435
hi(checksum)=0xD8A9BFE3A2309C82
lo(checksum)=0x54F3E165EB9BA2FA
key=plain, no.=73, <checksum>:
0xD8A9BFE3A2309C8254F3E165EB9BA2FA
key=plain, no.=73, cso file:
/dev/null
----------------------------------------------
real command=cset shield -e /home/nrink/Projects/build/encode/encode/tests/quicksort/quicksort.perf.plain --  --cso /dev/null
key=plain, no.=74, <stderr>:
LENGTH=440
elapsed cycles: 5001003
hi(checksum)=0xD8A9BFE3A2309C82
lo(checksum)=0x54F3E165EB9BA2FA
key=plain, no.=74, <checksum>:
0xD8A9BFE3A2309C8254F3E165EB9BA2FA
key=plain, no.=74, cso file:
/dev/null
----------------------------------------------
real command=cset shield -e /home/nrink/Projects/build/encode/encode/tests/quicksort/quicksort.perf.plain --  --cso /dev/null
key=plain, no.=75, <stderr>:
LENGTH=440
elapsed cycles: 4949463
hi(checksum)=0xD8A9BFE3A2309C82
lo(checksum)=0x54F3E165EB9BA2FA
key=plain, no.=75, <checksum>:
0xD8A9BFE3A2309C8254F3E165EB9BA2FA
key=plain, no.=75, cso file:
/dev/null
----------------------------------------------
real command=cset shield -e /home/nrink/Projects/build/encode/encode/tests/quicksort/quicksort.perf.plain --  --cso /dev/null
key=plain, no.=76, <stderr>:
LENGTH=440
elapsed cycles: 4997739
hi(checksum)=0xD8A9BFE3A2309C82
lo(checksum)=0x54F3E165EB9BA2FA
key=plain, no.=76, <checksum>:
0xD8A9BFE3A2309C8254F3E165EB9BA2FA
key=plain, no.=76, cso file:
/dev/null
----------------------------------------------
real command=cset shield -e /home/nrink/Projects/build/encode/encode/tests/quicksort/quicksort.perf.plain --  --cso /dev/null
key=plain, no.=77, <stderr>:
LENGTH=440
elapsed cycles: 4964874
hi(checksum)=0xD8A9BFE3A2309C82
lo(checksum)=0x54F3E165EB9BA2FA
key=plain, no.=77, <checksum>:
0xD8A9BFE3A2309C8254F3E165EB9BA2FA
key=plain, no.=77, cso file:
/dev/null
----------------------------------------------
real command=cset shield -e /home/nrink/Projects/build/encode/encode/tests/quicksort/quicksort.perf.plain --  --cso /dev/null
key=plain, no.=78, <stderr>:
LENGTH=440
elapsed cycles: 4983186
hi(checksum)=0xD8A9BFE3A2309C82
lo(checksum)=0x54F3E165EB9BA2FA
key=plain, no.=78, <checksum>:
0xD8A9BFE3A2309C8254F3E165EB9BA2FA
key=plain, no.=78, cso file:
/dev/null
----------------------------------------------
real command=cset shield -e /home/nrink/Projects/build/encode/encode/tests/quicksort/quicksort.perf.plain --  --cso /dev/null
key=plain, no.=79, <stderr>:
LENGTH=440
elapsed cycles: 4966845
hi(checksum)=0xD8A9BFE3A2309C82
lo(checksum)=0x54F3E165EB9BA2FA
key=plain, no.=79, <checksum>:
0xD8A9BFE3A2309C8254F3E165EB9BA2FA
key=plain, no.=79, cso file:
/dev/null
----------------------------------------------
real command=cset shield -e /home/nrink/Projects/build/encode/encode/tests/quicksort/quicksort.perf.plain --  --cso /dev/null
key=plain, no.=80, <stderr>:
LENGTH=440
elapsed cycles: 4964025
hi(checksum)=0xD8A9BFE3A2309C82
lo(checksum)=0x54F3E165EB9BA2FA
key=plain, no.=80, <checksum>:
0xD8A9BFE3A2309C8254F3E165EB9BA2FA
key=plain, no.=80, cso file:
/dev/null
----------------------------------------------
real command=cset shield -e /home/nrink/Projects/build/encode/encode/tests/quicksort/quicksort.perf.plain --  --cso /dev/null
key=plain, no.=81, <stderr>:
LENGTH=440
elapsed cycles: 4955598
hi(checksum)=0xD8A9BFE3A2309C82
lo(checksum)=0x54F3E165EB9BA2FA
key=plain, no.=81, <checksum>:
0xD8A9BFE3A2309C8254F3E165EB9BA2FA
key=plain, no.=81, cso file:
/dev/null
----------------------------------------------
real command=cset shield -e /home/nrink/Projects/build/encode/encode/tests/quicksort/quicksort.perf.plain --  --cso /dev/null
key=plain, no.=82, <stderr>:
LENGTH=440
elapsed cycles: 5001339
hi(checksum)=0xD8A9BFE3A2309C82
lo(checksum)=0x54F3E165EB9BA2FA
key=plain, no.=82, <checksum>:
0xD8A9BFE3A2309C8254F3E165EB9BA2FA
key=plain, no.=82, cso file:
/dev/null
----------------------------------------------
real command=cset shield -e /home/nrink/Projects/build/encode/encode/tests/quicksort/quicksort.perf.plain --  --cso /dev/null
key=plain, no.=83, <stderr>:
LENGTH=440
elapsed cycles: 5029176
hi(checksum)=0xD8A9BFE3A2309C82
lo(checksum)=0x54F3E165EB9BA2FA
key=plain, no.=83, <checksum>:
0xD8A9BFE3A2309C8254F3E165EB9BA2FA
key=plain, no.=83, cso file:
/dev/null
----------------------------------------------
real command=cset shield -e /home/nrink/Projects/build/encode/encode/tests/quicksort/quicksort.perf.plain --  --cso /dev/null
key=plain, no.=84, <stderr>:
LENGTH=440
elapsed cycles: 4983195
hi(checksum)=0xD8A9BFE3A2309C82
lo(checksum)=0x54F3E165EB9BA2FA
key=plain, no.=84, <checksum>:
0xD8A9BFE3A2309C8254F3E165EB9BA2FA
key=plain, no.=84, cso file:
/dev/null
----------------------------------------------
real command=cset shield -e /home/nrink/Projects/build/encode/encode/tests/quicksort/quicksort.perf.plain --  --cso /dev/null
key=plain, no.=85, <stderr>:
LENGTH=440
elapsed cycles: 5078757
hi(checksum)=0xD8A9BFE3A2309C82
lo(checksum)=0x54F3E165EB9BA2FA
key=plain, no.=85, <checksum>:
0xD8A9BFE3A2309C8254F3E165EB9BA2FA
key=plain, no.=85, cso file:
/dev/null
----------------------------------------------
real command=cset shield -e /home/nrink/Projects/build/encode/encode/tests/quicksort/quicksort.perf.plain --  --cso /dev/null
key=plain, no.=86, <stderr>:
LENGTH=440
elapsed cycles: 5069913
hi(checksum)=0xD8A9BFE3A2309C82
lo(checksum)=0x54F3E165EB9BA2FA
key=plain, no.=86, <checksum>:
0xD8A9BFE3A2309C8254F3E165EB9BA2FA
key=plain, no.=86, cso file:
/dev/null
----------------------------------------------
real command=cset shield -e /home/nrink/Projects/build/encode/encode/tests/quicksort/quicksort.perf.plain --  --cso /dev/null
key=plain, no.=87, <stderr>:
LENGTH=440
elapsed cycles: 4970190
hi(checksum)=0xD8A9BFE3A2309C82
lo(checksum)=0x54F3E165EB9BA2FA
key=plain, no.=87, <checksum>:
0xD8A9BFE3A2309C8254F3E165EB9BA2FA
key=plain, no.=87, cso file:
/dev/null
----------------------------------------------
real command=cset shield -e /home/nrink/Projects/build/encode/encode/tests/quicksort/quicksort.perf.plain --  --cso /dev/null
key=plain, no.=88, <stderr>:
LENGTH=440
elapsed cycles: 4980093
hi(checksum)=0xD8A9BFE3A2309C82
lo(checksum)=0x54F3E165EB9BA2FA
key=plain, no.=88, <checksum>:
0xD8A9BFE3A2309C8254F3E165EB9BA2FA
key=plain, no.=88, cso file:
/dev/null
----------------------------------------------
real command=cset shield -e /home/nrink/Projects/build/encode/encode/tests/quicksort/quicksort.perf.plain --  --cso /dev/null
key=plain, no.=89, <stderr>:
LENGTH=440
elapsed cycles: 4962141
hi(checksum)=0xD8A9BFE3A2309C82
lo(checksum)=0x54F3E165EB9BA2FA
key=plain, no.=89, <checksum>:
0xD8A9BFE3A2309C8254F3E165EB9BA2FA
key=plain, no.=89, cso file:
/dev/null
----------------------------------------------
real command=cset shield -e /home/nrink/Projects/build/encode/encode/tests/quicksort/quicksort.perf.plain --  --cso /dev/null
key=plain, no.=90, <stderr>:
LENGTH=440
elapsed cycles: 4998762
hi(checksum)=0xD8A9BFE3A2309C82
lo(checksum)=0x54F3E165EB9BA2FA
key=plain, no.=90, <checksum>:
0xD8A9BFE3A2309C8254F3E165EB9BA2FA
key=plain, no.=90, cso file:
/dev/null
----------------------------------------------
real command=cset shield -e /home/nrink/Projects/build/encode/encode/tests/quicksort/quicksort.perf.plain --  --cso /dev/null
key=plain, no.=91, <stderr>:
LENGTH=440
elapsed cycles: 5002398
hi(checksum)=0xD8A9BFE3A2309C82
lo(checksum)=0x54F3E165EB9BA2FA
key=plain, no.=91, <checksum>:
0xD8A9BFE3A2309C8254F3E165EB9BA2FA
key=plain, no.=91, cso file:
/dev/null
----------------------------------------------
real command=cset shield -e /home/nrink/Projects/build/encode/encode/tests/quicksort/quicksort.perf.plain --  --cso /dev/null
key=plain, no.=92, <stderr>:
LENGTH=440
elapsed cycles: 4989909
hi(checksum)=0xD8A9BFE3A2309C82
lo(checksum)=0x54F3E165EB9BA2FA
key=plain, no.=92, <checksum>:
0xD8A9BFE3A2309C8254F3E165EB9BA2FA
key=plain, no.=92, cso file:
/dev/null
----------------------------------------------
real command=cset shield -e /home/nrink/Projects/build/encode/encode/tests/quicksort/quicksort.perf.plain --  --cso /dev/null
key=plain, no.=93, <stderr>:
LENGTH=440
elapsed cycles: 4975635
hi(checksum)=0xD8A9BFE3A2309C82
lo(checksum)=0x54F3E165EB9BA2FA
key=plain, no.=93, <checksum>:
0xD8A9BFE3A2309C8254F3E165EB9BA2FA
key=plain, no.=93, cso file:
/dev/null
----------------------------------------------
real command=cset shield -e /home/nrink/Projects/build/encode/encode/tests/quicksort/quicksort.perf.plain --  --cso /dev/null
key=plain, no.=94, <stderr>:
LENGTH=440
elapsed cycles: 4976478
hi(checksum)=0xD8A9BFE3A2309C82
lo(checksum)=0x54F3E165EB9BA2FA
key=plain, no.=94, <checksum>:
0xD8A9BFE3A2309C8254F3E165EB9BA2FA
key=plain, no.=94, cso file:
/dev/null
----------------------------------------------
real command=cset shield -e /home/nrink/Projects/build/encode/encode/tests/quicksort/quicksort.perf.plain --  --cso /dev/null
key=plain, no.=95, <stderr>:
LENGTH=440
elapsed cycles: 4981365
hi(checksum)=0xD8A9BFE3A2309C82
lo(checksum)=0x54F3E165EB9BA2FA
key=plain, no.=95, <checksum>:
0xD8A9BFE3A2309C8254F3E165EB9BA2FA
key=plain, no.=95, cso file:
/dev/null
----------------------------------------------
real command=cset shield -e /home/nrink/Projects/build/encode/encode/tests/quicksort/quicksort.perf.plain --  --cso /dev/null
key=plain, no.=96, <stderr>:
LENGTH=440
elapsed cycles: 4968825
hi(checksum)=0xD8A9BFE3A2309C82
lo(checksum)=0x54F3E165EB9BA2FA
key=plain, no.=96, <checksum>:
0xD8A9BFE3A2309C8254F3E165EB9BA2FA
key=plain, no.=96, cso file:
/dev/null
----------------------------------------------
real command=cset shield -e /home/nrink/Projects/build/encode/encode/tests/quicksort/quicksort.perf.plain --  --cso /dev/null
key=plain, no.=97, <stderr>:
LENGTH=440
elapsed cycles: 4964466
hi(checksum)=0xD8A9BFE3A2309C82
lo(checksum)=0x54F3E165EB9BA2FA
key=plain, no.=97, <checksum>:
0xD8A9BFE3A2309C8254F3E165EB9BA2FA
key=plain, no.=97, cso file:
/dev/null
----------------------------------------------
real command=cset shield -e /home/nrink/Projects/build/encode/encode/tests/quicksort/quicksort.perf.plain --  --cso /dev/null
key=plain, no.=98, <stderr>:
LENGTH=440
elapsed cycles: 5005071
hi(checksum)=0xD8A9BFE3A2309C82
lo(checksum)=0x54F3E165EB9BA2FA
key=plain, no.=98, <checksum>:
0xD8A9BFE3A2309C8254F3E165EB9BA2FA
key=plain, no.=98, cso file:
/dev/null
----------------------------------------------
real command=cset shield -e /home/nrink/Projects/build/encode/encode/tests/quicksort/quicksort.perf.plain --  --cso /dev/null
key=plain, no.=99, <stderr>:
LENGTH=440
elapsed cycles: 5023584
hi(checksum)=0xD8A9BFE3A2309C82
lo(checksum)=0x54F3E165EB9BA2FA
key=plain, no.=99, <checksum>:
0xD8A9BFE3A2309C8254F3E165EB9BA2FA
key=plain, no.=99, cso file:
/dev/null
----------------------------------------------
key=encoded, runs=100 ...
command=/home/nrink/Projects/build/encode/encode/tests/quicksort/quicksort.perf.encoded
----------------------------------------------
real command=cset shield -e /home/nrink/Projects/build/encode/encode/tests/quicksort/quicksort.perf.encoded --  --cso /dev/null
key=encoded, no.=0, <stderr>:
LENGTH=440
elapsed cycles: 7717071
hi(checksum)=0xD8A9BFE3A2309C82
lo(checksum)=0x54F3E165EB9BA2FA
key=encoded, no.=0, <checksum>:
0xD8A9BFE3A2309C8254F3E165EB9BA2FA
key=encoded, no.=0, cso file:
/dev/null
----------------------------------------------
real command=cset shield -e /home/nrink/Projects/build/encode/encode/tests/quicksort/quicksort.perf.encoded --  --cso /dev/null
key=encoded, no.=1, <stderr>:
LENGTH=440
elapsed cycles: 7845285
hi(checksum)=0xD8A9BFE3A2309C82
lo(checksum)=0x54F3E165EB9BA2FA
key=encoded, no.=1, <checksum>:
0xD8A9BFE3A2309C8254F3E165EB9BA2FA
key=encoded, no.=1, cso file:
/dev/null
----------------------------------------------
real command=cset shield -e /home/nrink/Projects/build/encode/encode/tests/quicksort/quicksort.perf.encoded --  --cso /dev/null
key=encoded, no.=2, <stderr>:
LENGTH=440
elapsed cycles: 7732353
hi(checksum)=0xD8A9BFE3A2309C82
lo(checksum)=0x54F3E165EB9BA2FA
key=encoded, no.=2, <checksum>:
0xD8A9BFE3A2309C8254F3E165EB9BA2FA
key=encoded, no.=2, cso file:
/dev/null
----------------------------------------------
real command=cset shield -e /home/nrink/Projects/build/encode/encode/tests/quicksort/quicksort.perf.encoded --  --cso /dev/null
key=encoded, no.=3, <stderr>:
LENGTH=440
elapsed cycles: 7735356
hi(checksum)=0xD8A9BFE3A2309C82
lo(checksum)=0x54F3E165EB9BA2FA
key=encoded, no.=3, <checksum>:
0xD8A9BFE3A2309C8254F3E165EB9BA2FA
key=encoded, no.=3, cso file:
/dev/null
----------------------------------------------
real command=cset shield -e /home/nrink/Projects/build/encode/encode/tests/quicksort/quicksort.perf.encoded --  --cso /dev/null
key=encoded, no.=4, <stderr>:
LENGTH=440
elapsed cycles: 7813749
hi(checksum)=0xD8A9BFE3A2309C82
lo(checksum)=0x54F3E165EB9BA2FA
key=encoded, no.=4, <checksum>:
0xD8A9BFE3A2309C8254F3E165EB9BA2FA
key=encoded, no.=4, cso file:
/dev/null
----------------------------------------------
real command=cset shield -e /home/nrink/Projects/build/encode/encode/tests/quicksort/quicksort.perf.encoded --  --cso /dev/null
key=encoded, no.=5, <stderr>:
LENGTH=440
elapsed cycles: 7714386
hi(checksum)=0xD8A9BFE3A2309C82
lo(checksum)=0x54F3E165EB9BA2FA
key=encoded, no.=5, <checksum>:
0xD8A9BFE3A2309C8254F3E165EB9BA2FA
key=encoded, no.=5, cso file:
/dev/null
----------------------------------------------
real command=cset shield -e /home/nrink/Projects/build/encode/encode/tests/quicksort/quicksort.perf.encoded --  --cso /dev/null
key=encoded, no.=6, <stderr>:
LENGTH=440
elapsed cycles: 7663254
hi(checksum)=0xD8A9BFE3A2309C82
lo(checksum)=0x54F3E165EB9BA2FA
key=encoded, no.=6, <checksum>:
0xD8A9BFE3A2309C8254F3E165EB9BA2FA
key=encoded, no.=6, cso file:
/dev/null
----------------------------------------------
real command=cset shield -e /home/nrink/Projects/build/encode/encode/tests/quicksort/quicksort.perf.encoded --  --cso /dev/null
key=encoded, no.=7, <stderr>:
LENGTH=440
elapsed cycles: 7811352
hi(checksum)=0xD8A9BFE3A2309C82
lo(checksum)=0x54F3E165EB9BA2FA
key=encoded, no.=7, <checksum>:
0xD8A9BFE3A2309C8254F3E165EB9BA2FA
key=encoded, no.=7, cso file:
/dev/null
----------------------------------------------
real command=cset shield -e /home/nrink/Projects/build/encode/encode/tests/quicksort/quicksort.perf.encoded --  --cso /dev/null
key=encoded, no.=8, <stderr>:
LENGTH=440
elapsed cycles: 7777521
hi(checksum)=0xD8A9BFE3A2309C82
lo(checksum)=0x54F3E165EB9BA2FA
key=encoded, no.=8, <checksum>:
0xD8A9BFE3A2309C8254F3E165EB9BA2FA
key=encoded, no.=8, cso file:
/dev/null
----------------------------------------------
real command=cset shield -e /home/nrink/Projects/build/encode/encode/tests/quicksort/quicksort.perf.encoded --  --cso /dev/null
key=encoded, no.=9, <stderr>:
LENGTH=440
elapsed cycles: 7729212
hi(checksum)=0xD8A9BFE3A2309C82
lo(checksum)=0x54F3E165EB9BA2FA
key=encoded, no.=9, <checksum>:
0xD8A9BFE3A2309C8254F3E165EB9BA2FA
key=encoded, no.=9, cso file:
/dev/null
----------------------------------------------
real command=cset shield -e /home/nrink/Projects/build/encode/encode/tests/quicksort/quicksort.perf.encoded --  --cso /dev/null
key=encoded, no.=10, <stderr>:
LENGTH=440
elapsed cycles: 7678281
hi(checksum)=0xD8A9BFE3A2309C82
lo(checksum)=0x54F3E165EB9BA2FA
key=encoded, no.=10, <checksum>:
0xD8A9BFE3A2309C8254F3E165EB9BA2FA
key=encoded, no.=10, cso file:
/dev/null
----------------------------------------------
real command=cset shield -e /home/nrink/Projects/build/encode/encode/tests/quicksort/quicksort.perf.encoded --  --cso /dev/null
key=encoded, no.=11, <stderr>:
LENGTH=440
elapsed cycles: 7696740
hi(checksum)=0xD8A9BFE3A2309C82
lo(checksum)=0x54F3E165EB9BA2FA
key=encoded, no.=11, <checksum>:
0xD8A9BFE3A2309C8254F3E165EB9BA2FA
key=encoded, no.=11, cso file:
/dev/null
----------------------------------------------
real command=cset shield -e /home/nrink/Projects/build/encode/encode/tests/quicksort/quicksort.perf.encoded --  --cso /dev/null
key=encoded, no.=12, <stderr>:
LENGTH=440
elapsed cycles: 7695627
hi(checksum)=0xD8A9BFE3A2309C82
lo(checksum)=0x54F3E165EB9BA2FA
key=encoded, no.=12, <checksum>:
0xD8A9BFE3A2309C8254F3E165EB9BA2FA
key=encoded, no.=12, cso file:
/dev/null
----------------------------------------------
real command=cset shield -e /home/nrink/Projects/build/encode/encode/tests/quicksort/quicksort.perf.encoded --  --cso /dev/null
key=encoded, no.=13, <stderr>:
LENGTH=440
elapsed cycles: 7838865
hi(checksum)=0xD8A9BFE3A2309C82
lo(checksum)=0x54F3E165EB9BA2FA
key=encoded, no.=13, <checksum>:
0xD8A9BFE3A2309C8254F3E165EB9BA2FA
key=encoded, no.=13, cso file:
/dev/null
----------------------------------------------
real command=cset shield -e /home/nrink/Projects/build/encode/encode/tests/quicksort/quicksort.perf.encoded --  --cso /dev/null
key=encoded, no.=14, <stderr>:
LENGTH=440
elapsed cycles: 7705992
hi(checksum)=0xD8A9BFE3A2309C82
lo(checksum)=0x54F3E165EB9BA2FA
key=encoded, no.=14, <checksum>:
0xD8A9BFE3A2309C8254F3E165EB9BA2FA
key=encoded, no.=14, cso file:
/dev/null
----------------------------------------------
real command=cset shield -e /home/nrink/Projects/build/encode/encode/tests/quicksort/quicksort.perf.encoded --  --cso /dev/null
key=encoded, no.=15, <stderr>:
LENGTH=440
elapsed cycles: 7705959
hi(checksum)=0xD8A9BFE3A2309C82
lo(checksum)=0x54F3E165EB9BA2FA
key=encoded, no.=15, <checksum>:
0xD8A9BFE3A2309C8254F3E165EB9BA2FA
key=encoded, no.=15, cso file:
/dev/null
----------------------------------------------
real command=cset shield -e /home/nrink/Projects/build/encode/encode/tests/quicksort/quicksort.perf.encoded --  --cso /dev/null
key=encoded, no.=16, <stderr>:
LENGTH=440
elapsed cycles: 7711635
hi(checksum)=0xD8A9BFE3A2309C82
lo(checksum)=0x54F3E165EB9BA2FA
key=encoded, no.=16, <checksum>:
0xD8A9BFE3A2309C8254F3E165EB9BA2FA
key=encoded, no.=16, cso file:
/dev/null
----------------------------------------------
real command=cset shield -e /home/nrink/Projects/build/encode/encode/tests/quicksort/quicksort.perf.encoded --  --cso /dev/null
key=encoded, no.=17, <stderr>:
LENGTH=440
elapsed cycles: 7833429
hi(checksum)=0xD8A9BFE3A2309C82
lo(checksum)=0x54F3E165EB9BA2FA
key=encoded, no.=17, <checksum>:
0xD8A9BFE3A2309C8254F3E165EB9BA2FA
key=encoded, no.=17, cso file:
/dev/null
----------------------------------------------
real command=cset shield -e /home/nrink/Projects/build/encode/encode/tests/quicksort/quicksort.perf.encoded --  --cso /dev/null
key=encoded, no.=18, <stderr>:
LENGTH=440
elapsed cycles: 7755024
hi(checksum)=0xD8A9BFE3A2309C82
lo(checksum)=0x54F3E165EB9BA2FA
key=encoded, no.=18, <checksum>:
0xD8A9BFE3A2309C8254F3E165EB9BA2FA
key=encoded, no.=18, cso file:
/dev/null
----------------------------------------------
real command=cset shield -e /home/nrink/Projects/build/encode/encode/tests/quicksort/quicksort.perf.encoded --  --cso /dev/null
key=encoded, no.=19, <stderr>:
LENGTH=440
elapsed cycles: 7738188
hi(checksum)=0xD8A9BFE3A2309C82
lo(checksum)=0x54F3E165EB9BA2FA
key=encoded, no.=19, <checksum>:
0xD8A9BFE3A2309C8254F3E165EB9BA2FA
key=encoded, no.=19, cso file:
/dev/null
----------------------------------------------
real command=cset shield -e /home/nrink/Projects/build/encode/encode/tests/quicksort/quicksort.perf.encoded --  --cso /dev/null
key=encoded, no.=20, <stderr>:
LENGTH=440
elapsed cycles: 7792806
hi(checksum)=0xD8A9BFE3A2309C82
lo(checksum)=0x54F3E165EB9BA2FA
key=encoded, no.=20, <checksum>:
0xD8A9BFE3A2309C8254F3E165EB9BA2FA
key=encoded, no.=20, cso file:
/dev/null
----------------------------------------------
real command=cset shield -e /home/nrink/Projects/build/encode/encode/tests/quicksort/quicksort.perf.encoded --  --cso /dev/null
key=encoded, no.=21, <stderr>:
LENGTH=440
elapsed cycles: 7752237
hi(checksum)=0xD8A9BFE3A2309C82
lo(checksum)=0x54F3E165EB9BA2FA
key=encoded, no.=21, <checksum>:
0xD8A9BFE3A2309C8254F3E165EB9BA2FA
key=encoded, no.=21, cso file:
/dev/null
----------------------------------------------
real command=cset shield -e /home/nrink/Projects/build/encode/encode/tests/quicksort/quicksort.perf.encoded --  --cso /dev/null
key=encoded, no.=22, <stderr>:
LENGTH=440
elapsed cycles: 7752873
hi(checksum)=0xD8A9BFE3A2309C82
lo(checksum)=0x54F3E165EB9BA2FA
key=encoded, no.=22, <checksum>:
0xD8A9BFE3A2309C8254F3E165EB9BA2FA
key=encoded, no.=22, cso file:
/dev/null
----------------------------------------------
real command=cset shield -e /home/nrink/Projects/build/encode/encode/tests/quicksort/quicksort.perf.encoded --  --cso /dev/null
key=encoded, no.=23, <stderr>:
LENGTH=440
elapsed cycles: 7776870
hi(checksum)=0xD8A9BFE3A2309C82
lo(checksum)=0x54F3E165EB9BA2FA
key=encoded, no.=23, <checksum>:
0xD8A9BFE3A2309C8254F3E165EB9BA2FA
key=encoded, no.=23, cso file:
/dev/null
----------------------------------------------
real command=cset shield -e /home/nrink/Projects/build/encode/encode/tests/quicksort/quicksort.perf.encoded --  --cso /dev/null
key=encoded, no.=24, <stderr>:
LENGTH=440
elapsed cycles: 7724205
hi(checksum)=0xD8A9BFE3A2309C82
lo(checksum)=0x54F3E165EB9BA2FA
key=encoded, no.=24, <checksum>:
0xD8A9BFE3A2309C8254F3E165EB9BA2FA
key=encoded, no.=24, cso file:
/dev/null
----------------------------------------------
real command=cset shield -e /home/nrink/Projects/build/encode/encode/tests/quicksort/quicksort.perf.encoded --  --cso /dev/null
key=encoded, no.=25, <stderr>:
LENGTH=440
elapsed cycles: 7712631
hi(checksum)=0xD8A9BFE3A2309C82
lo(checksum)=0x54F3E165EB9BA2FA
key=encoded, no.=25, <checksum>:
0xD8A9BFE3A2309C8254F3E165EB9BA2FA
key=encoded, no.=25, cso file:
/dev/null
----------------------------------------------
real command=cset shield -e /home/nrink/Projects/build/encode/encode/tests/quicksort/quicksort.perf.encoded --  --cso /dev/null
key=encoded, no.=26, <stderr>:
LENGTH=440
elapsed cycles: 7701999
hi(checksum)=0xD8A9BFE3A2309C82
lo(checksum)=0x54F3E165EB9BA2FA
key=encoded, no.=26, <checksum>:
0xD8A9BFE3A2309C8254F3E165EB9BA2FA
key=encoded, no.=26, cso file:
/dev/null
----------------------------------------------
real command=cset shield -e /home/nrink/Projects/build/encode/encode/tests/quicksort/quicksort.perf.encoded --  --cso /dev/null
key=encoded, no.=27, <stderr>:
LENGTH=440
elapsed cycles: 7844805
hi(checksum)=0xD8A9BFE3A2309C82
lo(checksum)=0x54F3E165EB9BA2FA
key=encoded, no.=27, <checksum>:
0xD8A9BFE3A2309C8254F3E165EB9BA2FA
key=encoded, no.=27, cso file:
/dev/null
----------------------------------------------
real command=cset shield -e /home/nrink/Projects/build/encode/encode/tests/quicksort/quicksort.perf.encoded --  --cso /dev/null
key=encoded, no.=28, <stderr>:
LENGTH=440
elapsed cycles: 7766097
hi(checksum)=0xD8A9BFE3A2309C82
lo(checksum)=0x54F3E165EB9BA2FA
key=encoded, no.=28, <checksum>:
0xD8A9BFE3A2309C8254F3E165EB9BA2FA
key=encoded, no.=28, cso file:
/dev/null
----------------------------------------------
real command=cset shield -e /home/nrink/Projects/build/encode/encode/tests/quicksort/quicksort.perf.encoded --  --cso /dev/null
key=encoded, no.=29, <stderr>:
LENGTH=440
elapsed cycles: 7785534
hi(checksum)=0xD8A9BFE3A2309C82
lo(checksum)=0x54F3E165EB9BA2FA
key=encoded, no.=29, <checksum>:
0xD8A9BFE3A2309C8254F3E165EB9BA2FA
key=encoded, no.=29, cso file:
/dev/null
----------------------------------------------
real command=cset shield -e /home/nrink/Projects/build/encode/encode/tests/quicksort/quicksort.perf.encoded --  --cso /dev/null
key=encoded, no.=30, <stderr>:
LENGTH=440
elapsed cycles: 7712235
hi(checksum)=0xD8A9BFE3A2309C82
lo(checksum)=0x54F3E165EB9BA2FA
key=encoded, no.=30, <checksum>:
0xD8A9BFE3A2309C8254F3E165EB9BA2FA
key=encoded, no.=30, cso file:
/dev/null
----------------------------------------------
real command=cset shield -e /home/nrink/Projects/build/encode/encode/tests/quicksort/quicksort.perf.encoded --  --cso /dev/null
key=encoded, no.=31, <stderr>:
LENGTH=440
elapsed cycles: 7667412
hi(checksum)=0xD8A9BFE3A2309C82
lo(checksum)=0x54F3E165EB9BA2FA
key=encoded, no.=31, <checksum>:
0xD8A9BFE3A2309C8254F3E165EB9BA2FA
key=encoded, no.=31, cso file:
/dev/null
----------------------------------------------
real command=cset shield -e /home/nrink/Projects/build/encode/encode/tests/quicksort/quicksort.perf.encoded --  --cso /dev/null
key=encoded, no.=32, <stderr>:
LENGTH=440
elapsed cycles: 7761951
hi(checksum)=0xD8A9BFE3A2309C82
lo(checksum)=0x54F3E165EB9BA2FA
key=encoded, no.=32, <checksum>:
0xD8A9BFE3A2309C8254F3E165EB9BA2FA
key=encoded, no.=32, cso file:
/dev/null
----------------------------------------------
real command=cset shield -e /home/nrink/Projects/build/encode/encode/tests/quicksort/quicksort.perf.encoded --  --cso /dev/null
key=encoded, no.=33, <stderr>:
LENGTH=440
elapsed cycles: 7733379
hi(checksum)=0xD8A9BFE3A2309C82
lo(checksum)=0x54F3E165EB9BA2FA
key=encoded, no.=33, <checksum>:
0xD8A9BFE3A2309C8254F3E165EB9BA2FA
key=encoded, no.=33, cso file:
/dev/null
----------------------------------------------
real command=cset shield -e /home/nrink/Projects/build/encode/encode/tests/quicksort/quicksort.perf.encoded --  --cso /dev/null
key=encoded, no.=34, <stderr>:
LENGTH=440
elapsed cycles: 7761579
hi(checksum)=0xD8A9BFE3A2309C82
lo(checksum)=0x54F3E165EB9BA2FA
key=encoded, no.=34, <checksum>:
0xD8A9BFE3A2309C8254F3E165EB9BA2FA
key=encoded, no.=34, cso file:
/dev/null
----------------------------------------------
real command=cset shield -e /home/nrink/Projects/build/encode/encode/tests/quicksort/quicksort.perf.encoded --  --cso /dev/null
key=encoded, no.=35, <stderr>:
LENGTH=440
elapsed cycles: 7819791
hi(checksum)=0xD8A9BFE3A2309C82
lo(checksum)=0x54F3E165EB9BA2FA
key=encoded, no.=35, <checksum>:
0xD8A9BFE3A2309C8254F3E165EB9BA2FA
key=encoded, no.=35, cso file:
/dev/null
----------------------------------------------
real command=cset shield -e /home/nrink/Projects/build/encode/encode/tests/quicksort/quicksort.perf.encoded --  --cso /dev/null
key=encoded, no.=36, <stderr>:
LENGTH=440
elapsed cycles: 7722276
hi(checksum)=0xD8A9BFE3A2309C82
lo(checksum)=0x54F3E165EB9BA2FA
key=encoded, no.=36, <checksum>:
0xD8A9BFE3A2309C8254F3E165EB9BA2FA
key=encoded, no.=36, cso file:
/dev/null
----------------------------------------------
real command=cset shield -e /home/nrink/Projects/build/encode/encode/tests/quicksort/quicksort.perf.encoded --  --cso /dev/null
key=encoded, no.=37, <stderr>:
LENGTH=440
elapsed cycles: 7688706
hi(checksum)=0xD8A9BFE3A2309C82
lo(checksum)=0x54F3E165EB9BA2FA
key=encoded, no.=37, <checksum>:
0xD8A9BFE3A2309C8254F3E165EB9BA2FA
key=encoded, no.=37, cso file:
/dev/null
----------------------------------------------
real command=cset shield -e /home/nrink/Projects/build/encode/encode/tests/quicksort/quicksort.perf.encoded --  --cso /dev/null
key=encoded, no.=38, <stderr>:
LENGTH=440
elapsed cycles: 10724310
hi(checksum)=0xD8A9BFE3A2309C82
lo(checksum)=0x54F3E165EB9BA2FA
key=encoded, no.=38, <checksum>:
0xD8A9BFE3A2309C8254F3E165EB9BA2FA
key=encoded, no.=38, cso file:
/dev/null
----------------------------------------------
real command=cset shield -e /home/nrink/Projects/build/encode/encode/tests/quicksort/quicksort.perf.encoded --  --cso /dev/null
key=encoded, no.=39, <stderr>:
LENGTH=440
elapsed cycles: 10740069
hi(checksum)=0xD8A9BFE3A2309C82
lo(checksum)=0x54F3E165EB9BA2FA
key=encoded, no.=39, <checksum>:
0xD8A9BFE3A2309C8254F3E165EB9BA2FA
key=encoded, no.=39, cso file:
/dev/null
----------------------------------------------
real command=cset shield -e /home/nrink/Projects/build/encode/encode/tests/quicksort/quicksort.perf.encoded --  --cso /dev/null
key=encoded, no.=40, <stderr>:
LENGTH=440
elapsed cycles: 8830032
hi(checksum)=0xD8A9BFE3A2309C82
lo(checksum)=0x54F3E165EB9BA2FA
key=encoded, no.=40, <checksum>:
0xD8A9BFE3A2309C8254F3E165EB9BA2FA
key=encoded, no.=40, cso file:
/dev/null
----------------------------------------------
real command=cset shield -e /home/nrink/Projects/build/encode/encode/tests/quicksort/quicksort.perf.encoded --  --cso /dev/null
key=encoded, no.=41, <stderr>:
LENGTH=440
elapsed cycles: 9893457
hi(checksum)=0xD8A9BFE3A2309C82
lo(checksum)=0x54F3E165EB9BA2FA
key=encoded, no.=41, <checksum>:
0xD8A9BFE3A2309C8254F3E165EB9BA2FA
key=encoded, no.=41, cso file:
/dev/null
----------------------------------------------
real command=cset shield -e /home/nrink/Projects/build/encode/encode/tests/quicksort/quicksort.perf.encoded --  --cso /dev/null
key=encoded, no.=42, <stderr>:
LENGTH=440
elapsed cycles: 7679730
hi(checksum)=0xD8A9BFE3A2309C82
lo(checksum)=0x54F3E165EB9BA2FA
key=encoded, no.=42, <checksum>:
0xD8A9BFE3A2309C8254F3E165EB9BA2FA
key=encoded, no.=42, cso file:
/dev/null
----------------------------------------------
real command=cset shield -e /home/nrink/Projects/build/encode/encode/tests/quicksort/quicksort.perf.encoded --  --cso /dev/null
key=encoded, no.=43, <stderr>:
LENGTH=440
elapsed cycles: 7761438
hi(checksum)=0xD8A9BFE3A2309C82
lo(checksum)=0x54F3E165EB9BA2FA
key=encoded, no.=43, <checksum>:
0xD8A9BFE3A2309C8254F3E165EB9BA2FA
key=encoded, no.=43, cso file:
/dev/null
----------------------------------------------
real command=cset shield -e /home/nrink/Projects/build/encode/encode/tests/quicksort/quicksort.perf.encoded --  --cso /dev/null
key=encoded, no.=44, <stderr>:
LENGTH=440
elapsed cycles: 7735170
hi(checksum)=0xD8A9BFE3A2309C82
lo(checksum)=0x54F3E165EB9BA2FA
key=encoded, no.=44, <checksum>:
0xD8A9BFE3A2309C8254F3E165EB9BA2FA
key=encoded, no.=44, cso file:
/dev/null
----------------------------------------------
real command=cset shield -e /home/nrink/Projects/build/encode/encode/tests/quicksort/quicksort.perf.encoded --  --cso /dev/null
key=encoded, no.=45, <stderr>:
LENGTH=440
elapsed cycles: 7676622
hi(checksum)=0xD8A9BFE3A2309C82
lo(checksum)=0x54F3E165EB9BA2FA
key=encoded, no.=45, <checksum>:
0xD8A9BFE3A2309C8254F3E165EB9BA2FA
key=encoded, no.=45, cso file:
/dev/null
----------------------------------------------
real command=cset shield -e /home/nrink/Projects/build/encode/encode/tests/quicksort/quicksort.perf.encoded --  --cso /dev/null
key=encoded, no.=46, <stderr>:
LENGTH=440
elapsed cycles: 7717824
hi(checksum)=0xD8A9BFE3A2309C82
lo(checksum)=0x54F3E165EB9BA2FA
key=encoded, no.=46, <checksum>:
0xD8A9BFE3A2309C8254F3E165EB9BA2FA
key=encoded, no.=46, cso file:
/dev/null
----------------------------------------------
real command=cset shield -e /home/nrink/Projects/build/encode/encode/tests/quicksort/quicksort.perf.encoded --  --cso /dev/null
key=encoded, no.=47, <stderr>:
LENGTH=440
elapsed cycles: 7784556
hi(checksum)=0xD8A9BFE3A2309C82
lo(checksum)=0x54F3E165EB9BA2FA
key=encoded, no.=47, <checksum>:
0xD8A9BFE3A2309C8254F3E165EB9BA2FA
key=encoded, no.=47, cso file:
/dev/null
----------------------------------------------
real command=cset shield -e /home/nrink/Projects/build/encode/encode/tests/quicksort/quicksort.perf.encoded --  --cso /dev/null
key=encoded, no.=48, <stderr>:
LENGTH=440
elapsed cycles: 7704606
hi(checksum)=0xD8A9BFE3A2309C82
lo(checksum)=0x54F3E165EB9BA2FA
key=encoded, no.=48, <checksum>:
0xD8A9BFE3A2309C8254F3E165EB9BA2FA
key=encoded, no.=48, cso file:
/dev/null
----------------------------------------------
real command=cset shield -e /home/nrink/Projects/build/encode/encode/tests/quicksort/quicksort.perf.encoded --  --cso /dev/null
key=encoded, no.=49, <stderr>:
LENGTH=440
elapsed cycles: 7698018
hi(checksum)=0xD8A9BFE3A2309C82
lo(checksum)=0x54F3E165EB9BA2FA
key=encoded, no.=49, <checksum>:
0xD8A9BFE3A2309C8254F3E165EB9BA2FA
key=encoded, no.=49, cso file:
/dev/null
----------------------------------------------
real command=cset shield -e /home/nrink/Projects/build/encode/encode/tests/quicksort/quicksort.perf.encoded --  --cso /dev/null
key=encoded, no.=50, <stderr>:
LENGTH=440
elapsed cycles: 7683165
hi(checksum)=0xD8A9BFE3A2309C82
lo(checksum)=0x54F3E165EB9BA2FA
key=encoded, no.=50, <checksum>:
0xD8A9BFE3A2309C8254F3E165EB9BA2FA
key=encoded, no.=50, cso file:
/dev/null
----------------------------------------------
real command=cset shield -e /home/nrink/Projects/build/encode/encode/tests/quicksort/quicksort.perf.encoded --  --cso /dev/null
key=encoded, no.=51, <stderr>:
LENGTH=440
elapsed cycles: 7715028
hi(checksum)=0xD8A9BFE3A2309C82
lo(checksum)=0x54F3E165EB9BA2FA
key=encoded, no.=51, <checksum>:
0xD8A9BFE3A2309C8254F3E165EB9BA2FA
key=encoded, no.=51, cso file:
/dev/null
----------------------------------------------
real command=cset shield -e /home/nrink/Projects/build/encode/encode/tests/quicksort/quicksort.perf.encoded --  --cso /dev/null
key=encoded, no.=52, <stderr>:
LENGTH=440
elapsed cycles: 9141408
hi(checksum)=0xD8A9BFE3A2309C82
lo(checksum)=0x54F3E165EB9BA2FA
key=encoded, no.=52, <checksum>:
0xD8A9BFE3A2309C8254F3E165EB9BA2FA
key=encoded, no.=52, cso file:
/dev/null
----------------------------------------------
real command=cset shield -e /home/nrink/Projects/build/encode/encode/tests/quicksort/quicksort.perf.encoded --  --cso /dev/null
key=encoded, no.=53, <stderr>:
LENGTH=440
elapsed cycles: 7809096
hi(checksum)=0xD8A9BFE3A2309C82
lo(checksum)=0x54F3E165EB9BA2FA
key=encoded, no.=53, <checksum>:
0xD8A9BFE3A2309C8254F3E165EB9BA2FA
key=encoded, no.=53, cso file:
/dev/null
----------------------------------------------
real command=cset shield -e /home/nrink/Projects/build/encode/encode/tests/quicksort/quicksort.perf.encoded --  --cso /dev/null
key=encoded, no.=54, <stderr>:
LENGTH=440
elapsed cycles: 7891800
hi(checksum)=0xD8A9BFE3A2309C82
lo(checksum)=0x54F3E165EB9BA2FA
key=encoded, no.=54, <checksum>:
0xD8A9BFE3A2309C8254F3E165EB9BA2FA
key=encoded, no.=54, cso file:
/dev/null
----------------------------------------------
real command=cset shield -e /home/nrink/Projects/build/encode/encode/tests/quicksort/quicksort.perf.encoded --  --cso /dev/null
key=encoded, no.=55, <stderr>:
LENGTH=440
elapsed cycles: 7693911
hi(checksum)=0xD8A9BFE3A2309C82
lo(checksum)=0x54F3E165EB9BA2FA
key=encoded, no.=55, <checksum>:
0xD8A9BFE3A2309C8254F3E165EB9BA2FA
key=encoded, no.=55, cso file:
/dev/null
----------------------------------------------
real command=cset shield -e /home/nrink/Projects/build/encode/encode/tests/quicksort/quicksort.perf.encoded --  --cso /dev/null
key=encoded, no.=56, <stderr>:
LENGTH=440
elapsed cycles: 7735005
hi(checksum)=0xD8A9BFE3A2309C82
lo(checksum)=0x54F3E165EB9BA2FA
key=encoded, no.=56, <checksum>:
0xD8A9BFE3A2309C8254F3E165EB9BA2FA
key=encoded, no.=56, cso file:
/dev/null
----------------------------------------------
real command=cset shield -e /home/nrink/Projects/build/encode/encode/tests/quicksort/quicksort.perf.encoded --  --cso /dev/null
key=encoded, no.=57, <stderr>:
LENGTH=440
elapsed cycles: 7720950
hi(checksum)=0xD8A9BFE3A2309C82
lo(checksum)=0x54F3E165EB9BA2FA
key=encoded, no.=57, <checksum>:
0xD8A9BFE3A2309C8254F3E165EB9BA2FA
key=encoded, no.=57, cso file:
/dev/null
----------------------------------------------
real command=cset shield -e /home/nrink/Projects/build/encode/encode/tests/quicksort/quicksort.perf.encoded --  --cso /dev/null
key=encoded, no.=58, <stderr>:
LENGTH=440
elapsed cycles: 7692486
hi(checksum)=0xD8A9BFE3A2309C82
lo(checksum)=0x54F3E165EB9BA2FA
key=encoded, no.=58, <checksum>:
0xD8A9BFE3A2309C8254F3E165EB9BA2FA
key=encoded, no.=58, cso file:
/dev/null
----------------------------------------------
real command=cset shield -e /home/nrink/Projects/build/encode/encode/tests/quicksort/quicksort.perf.encoded --  --cso /dev/null
key=encoded, no.=59, <stderr>:
LENGTH=440
elapsed cycles: 7878582
hi(checksum)=0xD8A9BFE3A2309C82
lo(checksum)=0x54F3E165EB9BA2FA
key=encoded, no.=59, <checksum>:
0xD8A9BFE3A2309C8254F3E165EB9BA2FA
key=encoded, no.=59, cso file:
/dev/null
----------------------------------------------
real command=cset shield -e /home/nrink/Projects/build/encode/encode/tests/quicksort/quicksort.perf.encoded --  --cso /dev/null
key=encoded, no.=60, <stderr>:
LENGTH=440
elapsed cycles: 7802574
hi(checksum)=0xD8A9BFE3A2309C82
lo(checksum)=0x54F3E165EB9BA2FA
key=encoded, no.=60, <checksum>:
0xD8A9BFE3A2309C8254F3E165EB9BA2FA
key=encoded, no.=60, cso file:
/dev/null
----------------------------------------------
real command=cset shield -e /home/nrink/Projects/build/encode/encode/tests/quicksort/quicksort.perf.encoded --  --cso /dev/null
key=encoded, no.=61, <stderr>:
LENGTH=440
elapsed cycles: 7812624
hi(checksum)=0xD8A9BFE3A2309C82
lo(checksum)=0x54F3E165EB9BA2FA
key=encoded, no.=61, <checksum>:
0xD8A9BFE3A2309C8254F3E165EB9BA2FA
key=encoded, no.=61, cso file:
/dev/null
----------------------------------------------
real command=cset shield -e /home/nrink/Projects/build/encode/encode/tests/quicksort/quicksort.perf.encoded --  --cso /dev/null
key=encoded, no.=62, <stderr>:
LENGTH=440
elapsed cycles: 7801836
hi(checksum)=0xD8A9BFE3A2309C82
lo(checksum)=0x54F3E165EB9BA2FA
key=encoded, no.=62, <checksum>:
0xD8A9BFE3A2309C8254F3E165EB9BA2FA
key=encoded, no.=62, cso file:
/dev/null
----------------------------------------------
real command=cset shield -e /home/nrink/Projects/build/encode/encode/tests/quicksort/quicksort.perf.encoded --  --cso /dev/null
key=encoded, no.=63, <stderr>:
LENGTH=440
elapsed cycles: 7720638
hi(checksum)=0xD8A9BFE3A2309C82
lo(checksum)=0x54F3E165EB9BA2FA
key=encoded, no.=63, <checksum>:
0xD8A9BFE3A2309C8254F3E165EB9BA2FA
key=encoded, no.=63, cso file:
/dev/null
----------------------------------------------
real command=cset shield -e /home/nrink/Projects/build/encode/encode/tests/quicksort/quicksort.perf.encoded --  --cso /dev/null
key=encoded, no.=64, <stderr>:
LENGTH=440
elapsed cycles: 7733979
hi(checksum)=0xD8A9BFE3A2309C82
lo(checksum)=0x54F3E165EB9BA2FA
key=encoded, no.=64, <checksum>:
0xD8A9BFE3A2309C8254F3E165EB9BA2FA
key=encoded, no.=64, cso file:
/dev/null
----------------------------------------------
real command=cset shield -e /home/nrink/Projects/build/encode/encode/tests/quicksort/quicksort.perf.encoded --  --cso /dev/null
key=encoded, no.=65, <stderr>:
LENGTH=440
elapsed cycles: 7686384
hi(checksum)=0xD8A9BFE3A2309C82
lo(checksum)=0x54F3E165EB9BA2FA
key=encoded, no.=65, <checksum>:
0xD8A9BFE3A2309C8254F3E165EB9BA2FA
key=encoded, no.=65, cso file:
/dev/null
----------------------------------------------
real command=cset shield -e /home/nrink/Projects/build/encode/encode/tests/quicksort/quicksort.perf.encoded --  --cso /dev/null
key=encoded, no.=66, <stderr>:
LENGTH=440
elapsed cycles: 7692312
hi(checksum)=0xD8A9BFE3A2309C82
lo(checksum)=0x54F3E165EB9BA2FA
key=encoded, no.=66, <checksum>:
0xD8A9BFE3A2309C8254F3E165EB9BA2FA
key=encoded, no.=66, cso file:
/dev/null
----------------------------------------------
real command=cset shield -e /home/nrink/Projects/build/encode/encode/tests/quicksort/quicksort.perf.encoded --  --cso /dev/null
key=encoded, no.=67, <stderr>:
LENGTH=440
elapsed cycles: 7757187
hi(checksum)=0xD8A9BFE3A2309C82
lo(checksum)=0x54F3E165EB9BA2FA
key=encoded, no.=67, <checksum>:
0xD8A9BFE3A2309C8254F3E165EB9BA2FA
key=encoded, no.=67, cso file:
/dev/null
----------------------------------------------
real command=cset shield -e /home/nrink/Projects/build/encode/encode/tests/quicksort/quicksort.perf.encoded --  --cso /dev/null
key=encoded, no.=68, <stderr>:
LENGTH=440
elapsed cycles: 7693197
hi(checksum)=0xD8A9BFE3A2309C82
lo(checksum)=0x54F3E165EB9BA2FA
key=encoded, no.=68, <checksum>:
0xD8A9BFE3A2309C8254F3E165EB9BA2FA
key=encoded, no.=68, cso file:
/dev/null
----------------------------------------------
real command=cset shield -e /home/nrink/Projects/build/encode/encode/tests/quicksort/quicksort.perf.encoded --  --cso /dev/null
key=encoded, no.=69, <stderr>:
LENGTH=440
elapsed cycles: 7710390
hi(checksum)=0xD8A9BFE3A2309C82
lo(checksum)=0x54F3E165EB9BA2FA
key=encoded, no.=69, <checksum>:
0xD8A9BFE3A2309C8254F3E165EB9BA2FA
key=encoded, no.=69, cso file:
/dev/null
----------------------------------------------
real command=cset shield -e /home/nrink/Projects/build/encode/encode/tests/quicksort/quicksort.perf.encoded --  --cso /dev/null
key=encoded, no.=70, <stderr>:
LENGTH=440
elapsed cycles: 7690947
hi(checksum)=0xD8A9BFE3A2309C82
lo(checksum)=0x54F3E165EB9BA2FA
key=encoded, no.=70, <checksum>:
0xD8A9BFE3A2309C8254F3E165EB9BA2FA
key=encoded, no.=70, cso file:
/dev/null
----------------------------------------------
real command=cset shield -e /home/nrink/Projects/build/encode/encode/tests/quicksort/quicksort.perf.encoded --  --cso /dev/null
key=encoded, no.=71, <stderr>:
LENGTH=440
elapsed cycles: 7774068
hi(checksum)=0xD8A9BFE3A2309C82
lo(checksum)=0x54F3E165EB9BA2FA
key=encoded, no.=71, <checksum>:
0xD8A9BFE3A2309C8254F3E165EB9BA2FA
key=encoded, no.=71, cso file:
/dev/null
----------------------------------------------
real command=cset shield -e /home/nrink/Projects/build/encode/encode/tests/quicksort/quicksort.perf.encoded --  --cso /dev/null
key=encoded, no.=72, <stderr>:
LENGTH=440
elapsed cycles: 7678203
hi(checksum)=0xD8A9BFE3A2309C82
lo(checksum)=0x54F3E165EB9BA2FA
key=encoded, no.=72, <checksum>:
0xD8A9BFE3A2309C8254F3E165EB9BA2FA
key=encoded, no.=72, cso file:
/dev/null
----------------------------------------------
real command=cset shield -e /home/nrink/Projects/build/encode/encode/tests/quicksort/quicksort.perf.encoded --  --cso /dev/null
key=encoded, no.=73, <stderr>:
LENGTH=440
elapsed cycles: 7833627
hi(checksum)=0xD8A9BFE3A2309C82
lo(checksum)=0x54F3E165EB9BA2FA
key=encoded, no.=73, <checksum>:
0xD8A9BFE3A2309C8254F3E165EB9BA2FA
key=encoded, no.=73, cso file:
/dev/null
----------------------------------------------
real command=cset shield -e /home/nrink/Projects/build/encode/encode/tests/quicksort/quicksort.perf.encoded --  --cso /dev/null
key=encoded, no.=74, <stderr>:
LENGTH=440
elapsed cycles: 7768290
hi(checksum)=0xD8A9BFE3A2309C82
lo(checksum)=0x54F3E165EB9BA2FA
key=encoded, no.=74, <checksum>:
0xD8A9BFE3A2309C8254F3E165EB9BA2FA
key=encoded, no.=74, cso file:
/dev/null
----------------------------------------------
real command=cset shield -e /home/nrink/Projects/build/encode/encode/tests/quicksort/quicksort.perf.encoded --  --cso /dev/null
key=encoded, no.=75, <stderr>:
LENGTH=440
elapsed cycles: 7686066
hi(checksum)=0xD8A9BFE3A2309C82
lo(checksum)=0x54F3E165EB9BA2FA
key=encoded, no.=75, <checksum>:
0xD8A9BFE3A2309C8254F3E165EB9BA2FA
key=encoded, no.=75, cso file:
/dev/null
----------------------------------------------
real command=cset shield -e /home/nrink/Projects/build/encode/encode/tests/quicksort/quicksort.perf.encoded --  --cso /dev/null
key=encoded, no.=76, <stderr>:
LENGTH=440
elapsed cycles: 7737840
hi(checksum)=0xD8A9BFE3A2309C82
lo(checksum)=0x54F3E165EB9BA2FA
key=encoded, no.=76, <checksum>:
0xD8A9BFE3A2309C8254F3E165EB9BA2FA
key=encoded, no.=76, cso file:
/dev/null
----------------------------------------------
real command=cset shield -e /home/nrink/Projects/build/encode/encode/tests/quicksort/quicksort.perf.encoded --  --cso /dev/null
key=encoded, no.=77, <stderr>:
LENGTH=440
elapsed cycles: 7680102
hi(checksum)=0xD8A9BFE3A2309C82
lo(checksum)=0x54F3E165EB9BA2FA
key=encoded, no.=77, <checksum>:
0xD8A9BFE3A2309C8254F3E165EB9BA2FA
key=encoded, no.=77, cso file:
/dev/null
----------------------------------------------
real command=cset shield -e /home/nrink/Projects/build/encode/encode/tests/quicksort/quicksort.perf.encoded --  --cso /dev/null
key=encoded, no.=78, <stderr>:
LENGTH=440
elapsed cycles: 7836303
hi(checksum)=0xD8A9BFE3A2309C82
lo(checksum)=0x54F3E165EB9BA2FA
key=encoded, no.=78, <checksum>:
0xD8A9BFE3A2309C8254F3E165EB9BA2FA
key=encoded, no.=78, cso file:
/dev/null
----------------------------------------------
real command=cset shield -e /home/nrink/Projects/build/encode/encode/tests/quicksort/quicksort.perf.encoded --  --cso /dev/null
key=encoded, no.=79, <stderr>:
LENGTH=440
elapsed cycles: 7665201
hi(checksum)=0xD8A9BFE3A2309C82
lo(checksum)=0x54F3E165EB9BA2FA
key=encoded, no.=79, <checksum>:
0xD8A9BFE3A2309C8254F3E165EB9BA2FA
key=encoded, no.=79, cso file:
/dev/null
----------------------------------------------
real command=cset shield -e /home/nrink/Projects/build/encode/encode/tests/quicksort/quicksort.perf.encoded --  --cso /dev/null
key=encoded, no.=80, <stderr>:
LENGTH=440
elapsed cycles: 7671447
hi(checksum)=0xD8A9BFE3A2309C82
lo(checksum)=0x54F3E165EB9BA2FA
key=encoded, no.=80, <checksum>:
0xD8A9BFE3A2309C8254F3E165EB9BA2FA
key=encoded, no.=80, cso file:
/dev/null
----------------------------------------------
real command=cset shield -e /home/nrink/Projects/build/encode/encode/tests/quicksort/quicksort.perf.encoded --  --cso /dev/null
key=encoded, no.=81, <stderr>:
LENGTH=440
elapsed cycles: 7715616
hi(checksum)=0xD8A9BFE3A2309C82
lo(checksum)=0x54F3E165EB9BA2FA
key=encoded, no.=81, <checksum>:
0xD8A9BFE3A2309C8254F3E165EB9BA2FA
key=encoded, no.=81, cso file:
/dev/null
----------------------------------------------
real command=cset shield -e /home/nrink/Projects/build/encode/encode/tests/quicksort/quicksort.perf.encoded --  --cso /dev/null
key=encoded, no.=82, <stderr>:
LENGTH=440
elapsed cycles: 7733076
hi(checksum)=0xD8A9BFE3A2309C82
lo(checksum)=0x54F3E165EB9BA2FA
key=encoded, no.=82, <checksum>:
0xD8A9BFE3A2309C8254F3E165EB9BA2FA
key=encoded, no.=82, cso file:
/dev/null
----------------------------------------------
real command=cset shield -e /home/nrink/Projects/build/encode/encode/tests/quicksort/quicksort.perf.encoded --  --cso /dev/null
key=encoded, no.=83, <stderr>:
LENGTH=440
elapsed cycles: 7681134
hi(checksum)=0xD8A9BFE3A2309C82
lo(checksum)=0x54F3E165EB9BA2FA
key=encoded, no.=83, <checksum>:
0xD8A9BFE3A2309C8254F3E165EB9BA2FA
key=encoded, no.=83, cso file:
/dev/null
----------------------------------------------
real command=cset shield -e /home/nrink/Projects/build/encode/encode/tests/quicksort/quicksort.perf.encoded --  --cso /dev/null
key=encoded, no.=84, <stderr>:
LENGTH=440
elapsed cycles: 7675791
hi(checksum)=0xD8A9BFE3A2309C82
lo(checksum)=0x54F3E165EB9BA2FA
key=encoded, no.=84, <checksum>:
0xD8A9BFE3A2309C8254F3E165EB9BA2FA
key=encoded, no.=84, cso file:
/dev/null
----------------------------------------------
real command=cset shield -e /home/nrink/Projects/build/encode/encode/tests/quicksort/quicksort.perf.encoded --  --cso /dev/null
key=encoded, no.=85, <stderr>:
LENGTH=440
elapsed cycles: 7804317
hi(checksum)=0xD8A9BFE3A2309C82
lo(checksum)=0x54F3E165EB9BA2FA
key=encoded, no.=85, <checksum>:
0xD8A9BFE3A2309C8254F3E165EB9BA2FA
key=encoded, no.=85, cso file:
/dev/null
----------------------------------------------
real command=cset shield -e /home/nrink/Projects/build/encode/encode/tests/quicksort/quicksort.perf.encoded --  --cso /dev/null
key=encoded, no.=86, <stderr>:
LENGTH=440
elapsed cycles: 7745367
hi(checksum)=0xD8A9BFE3A2309C82
lo(checksum)=0x54F3E165EB9BA2FA
key=encoded, no.=86, <checksum>:
0xD8A9BFE3A2309C8254F3E165EB9BA2FA
key=encoded, no.=86, cso file:
/dev/null
----------------------------------------------
real command=cset shield -e /home/nrink/Projects/build/encode/encode/tests/quicksort/quicksort.perf.encoded --  --cso /dev/null
key=encoded, no.=87, <stderr>:
LENGTH=440
elapsed cycles: 7672875
hi(checksum)=0xD8A9BFE3A2309C82
lo(checksum)=0x54F3E165EB9BA2FA
key=encoded, no.=87, <checksum>:
0xD8A9BFE3A2309C8254F3E165EB9BA2FA
key=encoded, no.=87, cso file:
/dev/null
----------------------------------------------
real command=cset shield -e /home/nrink/Projects/build/encode/encode/tests/quicksort/quicksort.perf.encoded --  --cso /dev/null
key=encoded, no.=88, <stderr>:
LENGTH=440
elapsed cycles: 7701417
hi(checksum)=0xD8A9BFE3A2309C82
lo(checksum)=0x54F3E165EB9BA2FA
key=encoded, no.=88, <checksum>:
0xD8A9BFE3A2309C8254F3E165EB9BA2FA
key=encoded, no.=88, cso file:
/dev/null
----------------------------------------------
real command=cset shield -e /home/nrink/Projects/build/encode/encode/tests/quicksort/quicksort.perf.encoded --  --cso /dev/null
key=encoded, no.=89, <stderr>:
LENGTH=440
elapsed cycles: 7766358
hi(checksum)=0xD8A9BFE3A2309C82
lo(checksum)=0x54F3E165EB9BA2FA
key=encoded, no.=89, <checksum>:
0xD8A9BFE3A2309C8254F3E165EB9BA2FA
key=encoded, no.=89, cso file:
/dev/null
----------------------------------------------
real command=cset shield -e /home/nrink/Projects/build/encode/encode/tests/quicksort/quicksort.perf.encoded --  --cso /dev/null
key=encoded, no.=90, <stderr>:
LENGTH=440
elapsed cycles: 7765302
hi(checksum)=0xD8A9BFE3A2309C82
lo(checksum)=0x54F3E165EB9BA2FA
key=encoded, no.=90, <checksum>:
0xD8A9BFE3A2309C8254F3E165EB9BA2FA
key=encoded, no.=90, cso file:
/dev/null
----------------------------------------------
real command=cset shield -e /home/nrink/Projects/build/encode/encode/tests/quicksort/quicksort.perf.encoded --  --cso /dev/null
key=encoded, no.=91, <stderr>:
LENGTH=440
elapsed cycles: 7757733
hi(checksum)=0xD8A9BFE3A2309C82
lo(checksum)=0x54F3E165EB9BA2FA
key=encoded, no.=91, <checksum>:
0xD8A9BFE3A2309C8254F3E165EB9BA2FA
key=encoded, no.=91, cso file:
/dev/null
----------------------------------------------
real command=cset shield -e /home/nrink/Projects/build/encode/encode/tests/quicksort/quicksort.perf.encoded --  --cso /dev/null
key=encoded, no.=92, <stderr>:
LENGTH=440
elapsed cycles: 7687812
hi(checksum)=0xD8A9BFE3A2309C82
lo(checksum)=0x54F3E165EB9BA2FA
key=encoded, no.=92, <checksum>:
0xD8A9BFE3A2309C8254F3E165EB9BA2FA
key=encoded, no.=92, cso file:
/dev/null
----------------------------------------------
real command=cset shield -e /home/nrink/Projects/build/encode/encode/tests/quicksort/quicksort.perf.encoded --  --cso /dev/null
key=encoded, no.=93, <stderr>:
LENGTH=440
elapsed cycles: 7694211
hi(checksum)=0xD8A9BFE3A2309C82
lo(checksum)=0x54F3E165EB9BA2FA
key=encoded, no.=93, <checksum>:
0xD8A9BFE3A2309C8254F3E165EB9BA2FA
key=encoded, no.=93, cso file:
/dev/null
----------------------------------------------
real command=cset shield -e /home/nrink/Projects/build/encode/encode/tests/quicksort/quicksort.perf.encoded --  --cso /dev/null
key=encoded, no.=94, <stderr>:
LENGTH=440
elapsed cycles: 7788414
hi(checksum)=0xD8A9BFE3A2309C82
lo(checksum)=0x54F3E165EB9BA2FA
key=encoded, no.=94, <checksum>:
0xD8A9BFE3A2309C8254F3E165EB9BA2FA
key=encoded, no.=94, cso file:
/dev/null
----------------------------------------------
real command=cset shield -e /home/nrink/Projects/build/encode/encode/tests/quicksort/quicksort.perf.encoded --  --cso /dev/null
key=encoded, no.=95, <stderr>:
LENGTH=440
elapsed cycles: 7725798
hi(checksum)=0xD8A9BFE3A2309C82
lo(checksum)=0x54F3E165EB9BA2FA
key=encoded, no.=95, <checksum>:
0xD8A9BFE3A2309C8254F3E165EB9BA2FA
key=encoded, no.=95, cso file:
/dev/null
----------------------------------------------
real command=cset shield -e /home/nrink/Projects/build/encode/encode/tests/quicksort/quicksort.perf.encoded --  --cso /dev/null
key=encoded, no.=96, <stderr>:
LENGTH=440
elapsed cycles: 7732764
hi(checksum)=0xD8A9BFE3A2309C82
lo(checksum)=0x54F3E165EB9BA2FA
key=encoded, no.=96, <checksum>:
0xD8A9BFE3A2309C8254F3E165EB9BA2FA
key=encoded, no.=96, cso file:
/dev/null
----------------------------------------------
real command=cset shield -e /home/nrink/Projects/build/encode/encode/tests/quicksort/quicksort.perf.encoded --  --cso /dev/null
key=encoded, no.=97, <stderr>:
LENGTH=440
elapsed cycles: 7787109
hi(checksum)=0xD8A9BFE3A2309C82
lo(checksum)=0x54F3E165EB9BA2FA
key=encoded, no.=97, <checksum>:
0xD8A9BFE3A2309C8254F3E165EB9BA2FA
key=encoded, no.=97, cso file:
/dev/null
----------------------------------------------
real command=cset shield -e /home/nrink/Projects/build/encode/encode/tests/quicksort/quicksort.perf.encoded --  --cso /dev/null
key=encoded, no.=98, <stderr>:
LENGTH=440
elapsed cycles: 7716606
hi(checksum)=0xD8A9BFE3A2309C82
lo(checksum)=0x54F3E165EB9BA2FA
key=encoded, no.=98, <checksum>:
0xD8A9BFE3A2309C8254F3E165EB9BA2FA
key=encoded, no.=98, cso file:
/dev/null
----------------------------------------------
real command=cset shield -e /home/nrink/Projects/build/encode/encode/tests/quicksort/quicksort.perf.encoded --  --cso /dev/null
key=encoded, no.=99, <stderr>:
LENGTH=440
elapsed cycles: 7690179
hi(checksum)=0xD8A9BFE3A2309C82
lo(checksum)=0x54F3E165EB9BA2FA
key=encoded, no.=99, <checksum>:
0xD8A9BFE3A2309C8254F3E165EB9BA2FA
key=encoded, no.=99, cso file:
/dev/null
----------------------------------------------
