<stderr> from running /home/nrink/Projects/pin-2.14-71313-gcc.4.4.7-linux/pin.sh -t /home/nrink/Projects/bfi/obj-intel64/bfi.so -trigger 163730 -cmd WVAL -seed 1 -mask 208 -- /home/nrink/Projects/build/encode/encode/tests/quicksort/quicksort.cover.plain --cso ./2015-05-05_17:25:31/quicksort/cover/cs/plain.58.cso --csl ./2015-05-05_17:25:31/quicksort/cover/cs/plain.58.csl:
[.:    0, IP = 0x400b15, i = 163782, wa = 0, ra = 0, rr = 0, wr = 0, it = 0, t = 0]
	access = write, size = 8, value = 3, value' = 211, addr = 0x6020d0, op = 0
elapsed cycles: 30915321
hi(checksum)=0x0000000000000000
lo(checksum)=0x00008ED051E5DB87
**********************
INSTR   = 174392
WADDR   = 0
RADDR   = 0
RREG    = 0
WREG    = 0
ITER    = 0
TRIGGER = 163730
TTYPE   = IN
COMMAND = WVAL
SEL     = -1
SEED    = 1
MASK    = 0xd0
THREAD  = 0
ELAPSED = 0.70s
----------------------------------------------------------------
