<stderr> from running /home/nrink/Projects/pin-2.14-71313-gcc.4.4.7-linux/pin.sh -t /home/nrink/Projects/bfi/obj-intel64/bfi.so -trigger 163799 -cmd RVAL -seed 1 -mask 143 -- /home/nrink/Projects/build/encode/encode/tests/quicksort/quicksort.cover.plain --cso ./2015-05-05_17:25:31/quicksort/cover/cs/plain.99.cso --csl ./2015-05-05_17:25:31/quicksort/cover/cs/plain.99.csl:
[.:    0, IP = 0x400aa4, i = 163799, wa = 0, ra = 0, rr = 0, wr = 0, it = 0, t = 0]
	access = read, size = 8, value = 2, value' = 141, addr = 0x6020c0, op = 0
elapsed cycles: 42397782
hi(checksum)=0x0000000000000000
lo(checksum)=0x00008BF6EB54BCDA
**********************
INSTR   = 174393
WADDR   = 0
RADDR   = 0
RREG    = 0
WREG    = 0
ITER    = 0
TRIGGER = 163799
TTYPE   = IN
COMMAND = RVAL
SEL     = -1
SEED    = 1
MASK    = 0x8f
THREAD  = 0
ELAPSED = 0.89s
----------------------------------------------------------------
