<stderr> from running /home/nrink/Projects/pin-2.14-71313-gcc.4.4.7-linux/pin.sh -t /home/nrink/Projects/bfi/obj-intel64/bfi.so -trigger 165468 -cmd RREG -seed 1 -mask 107 -- /home/nrink/Projects/build/encode/encode/tests/quicksort/quicksort.cover.encoded --cso ./2015-05-05_17:25:31/quicksort/cover/cs/encoded.76.cso --csl ./2015-05-05_17:25:31/quicksort/cover/cs/encoded.76.csl:
[.:    0, IP = 0x400c34, i = 165468, wa = 0, ra = 0, rr = 0, wr = 0, it = 0, t = 0]
	at ip 0x400c34, rdx = 0xe, rdx' = 0x65
elapsed cycles: 248816685
hi(checksum)=0x0000000000000000
lo(checksum)=0x00007CDAE2B020E1
**********************
INSTR   = 175912
WADDR   = 0
RADDR   = 0
RREG    = 0
WREG    = 0
ITER    = 0
TRIGGER = 165468
TTYPE   = IN
COMMAND = RREG
SEL     = -1
SEED    = 1
MASK    = 0x6b
THREAD  = 0
ELAPSED = 2.05s
----------------------------------------------------------------
