<stderr> from running /home/nrink/Projects/pin-2.14-71313-gcc.4.4.7-linux/pin.sh -t /home/nrink/Projects/bfi/obj-intel64/bfi.so -trigger 163572 -cmd WADDR -seed 1 -mask 85 -- /home/nrink/Projects/build/encode/encode/tests/ptrarith/ptrarith.cover.plain --cso ./2015-05-05_16:31:56/ptrarith/cover/cs/plain.34.cso --csl ./2015-05-05_16:31:56/ptrarith/cover/cs/plain.34.csl:
[.:    0, IP = 0x400aa4, i = 163575, wa = 0, ra = 0, rr = 0, wr = 0, it = 0, t = 0]
	access = write, size = 8, addr = 0x603020, addr' = 0x603075, op = 0
elapsed cycles: 35071842
hi(checksum)=0x92888A1FEA523A2C
lo(checksum)=0xBA5F08BDE517EB06
**********************
INSTR   = 177509
WADDR   = 0
RADDR   = 0
RREG    = 0
WREG    = 0
ITER    = 0
TRIGGER = 163572
TTYPE   = IN
COMMAND = WADDR
SEL     = -1
SEED    = 1
MASK    = 0x55
THREAD  = 0
ELAPSED = 2.38s
----------------------------------------------------------------
