key=plain, runs=100 ...
command=/home/nrink/Projects/build/encode/encode/tests/quicksort/quicksort.perf.plain
----------------------------------------------
real command=cset shield -e /home/nrink/Projects/build/encode/encode/tests/quicksort/quicksort.perf.plain --  --cso /dev/null
key=plain, no.=0, <stderr>:
LENGTH=6600
elapsed cycles: 104822841
hi(checksum)=0x18728DCED539A9FF
lo(checksum)=0x7438CAF326DAAC4A
key=plain, no.=0, <checksum>:
0x18728DCED539A9FF7438CAF326DAAC4A
key=plain, no.=0, cso file:
/dev/null
----------------------------------------------
real command=cset shield -e /home/nrink/Projects/build/encode/encode/tests/quicksort/quicksort.perf.plain --  --cso /dev/null
key=plain, no.=1, <stderr>:
LENGTH=6600
elapsed cycles: 106747404
hi(checksum)=0x18728DCED539A9FF
lo(checksum)=0x7438CAF326DAAC4A
key=plain, no.=1, <checksum>:
0x18728DCED539A9FF7438CAF326DAAC4A
key=plain, no.=1, cso file:
/dev/null
----------------------------------------------
real command=cset shield -e /home/nrink/Projects/build/encode/encode/tests/quicksort/quicksort.perf.plain --  --cso /dev/null
key=plain, no.=2, <stderr>:
LENGTH=6600
elapsed cycles: 103535703
hi(checksum)=0x18728DCED539A9FF
lo(checksum)=0x7438CAF326DAAC4A
key=plain, no.=2, <checksum>:
0x18728DCED539A9FF7438CAF326DAAC4A
key=plain, no.=2, cso file:
/dev/null
----------------------------------------------
real command=cset shield -e /home/nrink/Projects/build/encode/encode/tests/quicksort/quicksort.perf.plain --  --cso /dev/null
key=plain, no.=3, <stderr>:
LENGTH=6600
elapsed cycles: 104958171
hi(checksum)=0x18728DCED539A9FF
lo(checksum)=0x7438CAF326DAAC4A
key=plain, no.=3, <checksum>:
0x18728DCED539A9FF7438CAF326DAAC4A
key=plain, no.=3, cso file:
/dev/null
----------------------------------------------
real command=cset shield -e /home/nrink/Projects/build/encode/encode/tests/quicksort/quicksort.perf.plain --  --cso /dev/null
key=plain, no.=4, <stderr>:
LENGTH=6600
elapsed cycles: 103401831
hi(checksum)=0x18728DCED539A9FF
lo(checksum)=0x7438CAF326DAAC4A
key=plain, no.=4, <checksum>:
0x18728DCED539A9FF7438CAF326DAAC4A
key=plain, no.=4, cso file:
/dev/null
----------------------------------------------
real command=cset shield -e /home/nrink/Projects/build/encode/encode/tests/quicksort/quicksort.perf.plain --  --cso /dev/null
key=plain, no.=5, <stderr>:
LENGTH=6600
elapsed cycles: 105637893
hi(checksum)=0x18728DCED539A9FF
lo(checksum)=0x7438CAF326DAAC4A
key=plain, no.=5, <checksum>:
0x18728DCED539A9FF7438CAF326DAAC4A
key=plain, no.=5, cso file:
/dev/null
----------------------------------------------
real command=cset shield -e /home/nrink/Projects/build/encode/encode/tests/quicksort/quicksort.perf.plain --  --cso /dev/null
key=plain, no.=6, <stderr>:
LENGTH=6600
elapsed cycles: 106181757
hi(checksum)=0x18728DCED539A9FF
lo(checksum)=0x7438CAF326DAAC4A
key=plain, no.=6, <checksum>:
0x18728DCED539A9FF7438CAF326DAAC4A
key=plain, no.=6, cso file:
/dev/null
----------------------------------------------
real command=cset shield -e /home/nrink/Projects/build/encode/encode/tests/quicksort/quicksort.perf.plain --  --cso /dev/null
key=plain, no.=7, <stderr>:
LENGTH=6600
elapsed cycles: 103213485
hi(checksum)=0x18728DCED539A9FF
lo(checksum)=0x7438CAF326DAAC4A
key=plain, no.=7, <checksum>:
0x18728DCED539A9FF7438CAF326DAAC4A
key=plain, no.=7, cso file:
/dev/null
----------------------------------------------
real command=cset shield -e /home/nrink/Projects/build/encode/encode/tests/quicksort/quicksort.perf.plain --  --cso /dev/null
key=plain, no.=8, <stderr>:
LENGTH=6600
elapsed cycles: 105012501
hi(checksum)=0x18728DCED539A9FF
lo(checksum)=0x7438CAF326DAAC4A
key=plain, no.=8, <checksum>:
0x18728DCED539A9FF7438CAF326DAAC4A
key=plain, no.=8, cso file:
/dev/null
----------------------------------------------
real command=cset shield -e /home/nrink/Projects/build/encode/encode/tests/quicksort/quicksort.perf.plain --  --cso /dev/null
key=plain, no.=9, <stderr>:
LENGTH=6600
elapsed cycles: 103667934
hi(checksum)=0x18728DCED539A9FF
lo(checksum)=0x7438CAF326DAAC4A
key=plain, no.=9, <checksum>:
0x18728DCED539A9FF7438CAF326DAAC4A
key=plain, no.=9, cso file:
/dev/null
----------------------------------------------
real command=cset shield -e /home/nrink/Projects/build/encode/encode/tests/quicksort/quicksort.perf.plain --  --cso /dev/null
key=plain, no.=10, <stderr>:
LENGTH=6600
elapsed cycles: 103037481
hi(checksum)=0x18728DCED539A9FF
lo(checksum)=0x7438CAF326DAAC4A
key=plain, no.=10, <checksum>:
0x18728DCED539A9FF7438CAF326DAAC4A
key=plain, no.=10, cso file:
/dev/null
----------------------------------------------
real command=cset shield -e /home/nrink/Projects/build/encode/encode/tests/quicksort/quicksort.perf.plain --  --cso /dev/null
key=plain, no.=11, <stderr>:
LENGTH=6600
elapsed cycles: 104235414
hi(checksum)=0x18728DCED539A9FF
lo(checksum)=0x7438CAF326DAAC4A
key=plain, no.=11, <checksum>:
0x18728DCED539A9FF7438CAF326DAAC4A
key=plain, no.=11, cso file:
/dev/null
----------------------------------------------
real command=cset shield -e /home/nrink/Projects/build/encode/encode/tests/quicksort/quicksort.perf.plain --  --cso /dev/null
key=plain, no.=12, <stderr>:
LENGTH=6600
elapsed cycles: 104592516
hi(checksum)=0x18728DCED539A9FF
lo(checksum)=0x7438CAF326DAAC4A
key=plain, no.=12, <checksum>:
0x18728DCED539A9FF7438CAF326DAAC4A
key=plain, no.=12, cso file:
/dev/null
----------------------------------------------
real command=cset shield -e /home/nrink/Projects/build/encode/encode/tests/quicksort/quicksort.perf.plain --  --cso /dev/null
key=plain, no.=13, <stderr>:
LENGTH=6600
elapsed cycles: 110684916
hi(checksum)=0x18728DCED539A9FF
lo(checksum)=0x7438CAF326DAAC4A
key=plain, no.=13, <checksum>:
0x18728DCED539A9FF7438CAF326DAAC4A
key=plain, no.=13, cso file:
/dev/null
----------------------------------------------
real command=cset shield -e /home/nrink/Projects/build/encode/encode/tests/quicksort/quicksort.perf.plain --  --cso /dev/null
key=plain, no.=14, <stderr>:
LENGTH=6600
elapsed cycles: 108938712
hi(checksum)=0x18728DCED539A9FF
lo(checksum)=0x7438CAF326DAAC4A
key=plain, no.=14, <checksum>:
0x18728DCED539A9FF7438CAF326DAAC4A
key=plain, no.=14, cso file:
/dev/null
----------------------------------------------
real command=cset shield -e /home/nrink/Projects/build/encode/encode/tests/quicksort/quicksort.perf.plain --  --cso /dev/null
key=plain, no.=15, <stderr>:
LENGTH=6600
elapsed cycles: 113983830
hi(checksum)=0x18728DCED539A9FF
lo(checksum)=0x7438CAF326DAAC4A
key=plain, no.=15, <checksum>:
0x18728DCED539A9FF7438CAF326DAAC4A
key=plain, no.=15, cso file:
/dev/null
----------------------------------------------
real command=cset shield -e /home/nrink/Projects/build/encode/encode/tests/quicksort/quicksort.perf.plain --  --cso /dev/null
key=plain, no.=16, <stderr>:
LENGTH=6600
elapsed cycles: 115935426
hi(checksum)=0x18728DCED539A9FF
lo(checksum)=0x7438CAF326DAAC4A
key=plain, no.=16, <checksum>:
0x18728DCED539A9FF7438CAF326DAAC4A
key=plain, no.=16, cso file:
/dev/null
----------------------------------------------
real command=cset shield -e /home/nrink/Projects/build/encode/encode/tests/quicksort/quicksort.perf.plain --  --cso /dev/null
key=plain, no.=17, <stderr>:
LENGTH=6600
elapsed cycles: 109014198
hi(checksum)=0x18728DCED539A9FF
lo(checksum)=0x7438CAF326DAAC4A
key=plain, no.=17, <checksum>:
0x18728DCED539A9FF7438CAF326DAAC4A
key=plain, no.=17, cso file:
/dev/null
----------------------------------------------
real command=cset shield -e /home/nrink/Projects/build/encode/encode/tests/quicksort/quicksort.perf.plain --  --cso /dev/null
key=plain, no.=18, <stderr>:
LENGTH=6600
elapsed cycles: 105288108
hi(checksum)=0x18728DCED539A9FF
lo(checksum)=0x7438CAF326DAAC4A
key=plain, no.=18, <checksum>:
0x18728DCED539A9FF7438CAF326DAAC4A
key=plain, no.=18, cso file:
/dev/null
----------------------------------------------
real command=cset shield -e /home/nrink/Projects/build/encode/encode/tests/quicksort/quicksort.perf.plain --  --cso /dev/null
key=plain, no.=19, <stderr>:
LENGTH=6600
elapsed cycles: 107960487
hi(checksum)=0x18728DCED539A9FF
lo(checksum)=0x7438CAF326DAAC4A
key=plain, no.=19, <checksum>:
0x18728DCED539A9FF7438CAF326DAAC4A
key=plain, no.=19, cso file:
/dev/null
----------------------------------------------
real command=cset shield -e /home/nrink/Projects/build/encode/encode/tests/quicksort/quicksort.perf.plain --  --cso /dev/null
key=plain, no.=20, <stderr>:
LENGTH=6600
elapsed cycles: 103156137
hi(checksum)=0x18728DCED539A9FF
lo(checksum)=0x7438CAF326DAAC4A
key=plain, no.=20, <checksum>:
0x18728DCED539A9FF7438CAF326DAAC4A
key=plain, no.=20, cso file:
/dev/null
----------------------------------------------
real command=cset shield -e /home/nrink/Projects/build/encode/encode/tests/quicksort/quicksort.perf.plain --  --cso /dev/null
key=plain, no.=21, <stderr>:
LENGTH=6600
elapsed cycles: 105495978
hi(checksum)=0x18728DCED539A9FF
lo(checksum)=0x7438CAF326DAAC4A
key=plain, no.=21, <checksum>:
0x18728DCED539A9FF7438CAF326DAAC4A
key=plain, no.=21, cso file:
/dev/null
----------------------------------------------
real command=cset shield -e /home/nrink/Projects/build/encode/encode/tests/quicksort/quicksort.perf.plain --  --cso /dev/null
key=plain, no.=22, <stderr>:
LENGTH=6600
elapsed cycles: 103907274
hi(checksum)=0x18728DCED539A9FF
lo(checksum)=0x7438CAF326DAAC4A
key=plain, no.=22, <checksum>:
0x18728DCED539A9FF7438CAF326DAAC4A
key=plain, no.=22, cso file:
/dev/null
----------------------------------------------
real command=cset shield -e /home/nrink/Projects/build/encode/encode/tests/quicksort/quicksort.perf.plain --  --cso /dev/null
key=plain, no.=23, <stderr>:
LENGTH=6600
elapsed cycles: 106170228
hi(checksum)=0x18728DCED539A9FF
lo(checksum)=0x7438CAF326DAAC4A
key=plain, no.=23, <checksum>:
0x18728DCED539A9FF7438CAF326DAAC4A
key=plain, no.=23, cso file:
/dev/null
----------------------------------------------
real command=cset shield -e /home/nrink/Projects/build/encode/encode/tests/quicksort/quicksort.perf.plain --  --cso /dev/null
key=plain, no.=24, <stderr>:
LENGTH=6600
elapsed cycles: 108802916
hi(checksum)=0x18728DCED539A9FF
lo(checksum)=0x7438CAF326DAAC4A
key=plain, no.=24, <checksum>:
0x18728DCED539A9FF7438CAF326DAAC4A
key=plain, no.=24, cso file:
/dev/null
----------------------------------------------
real command=cset shield -e /home/nrink/Projects/build/encode/encode/tests/quicksort/quicksort.perf.plain --  --cso /dev/null
key=plain, no.=25, <stderr>:
LENGTH=6600
elapsed cycles: 108671100
hi(checksum)=0x18728DCED539A9FF
lo(checksum)=0x7438CAF326DAAC4A
key=plain, no.=25, <checksum>:
0x18728DCED539A9FF7438CAF326DAAC4A
key=plain, no.=25, cso file:
/dev/null
----------------------------------------------
real command=cset shield -e /home/nrink/Projects/build/encode/encode/tests/quicksort/quicksort.perf.plain --  --cso /dev/null
key=plain, no.=26, <stderr>:
LENGTH=6600
elapsed cycles: 109239195
hi(checksum)=0x18728DCED539A9FF
lo(checksum)=0x7438CAF326DAAC4A
key=plain, no.=26, <checksum>:
0x18728DCED539A9FF7438CAF326DAAC4A
key=plain, no.=26, cso file:
/dev/null
----------------------------------------------
real command=cset shield -e /home/nrink/Projects/build/encode/encode/tests/quicksort/quicksort.perf.plain --  --cso /dev/null
key=plain, no.=27, <stderr>:
LENGTH=6600
elapsed cycles: 108725616
hi(checksum)=0x18728DCED539A9FF
lo(checksum)=0x7438CAF326DAAC4A
key=plain, no.=27, <checksum>:
0x18728DCED539A9FF7438CAF326DAAC4A
key=plain, no.=27, cso file:
/dev/null
----------------------------------------------
real command=cset shield -e /home/nrink/Projects/build/encode/encode/tests/quicksort/quicksort.perf.plain --  --cso /dev/null
key=plain, no.=28, <stderr>:
LENGTH=6600
elapsed cycles: 105437019
hi(checksum)=0x18728DCED539A9FF
lo(checksum)=0x7438CAF326DAAC4A
key=plain, no.=28, <checksum>:
0x18728DCED539A9FF7438CAF326DAAC4A
key=plain, no.=28, cso file:
/dev/null
----------------------------------------------
real command=cset shield -e /home/nrink/Projects/build/encode/encode/tests/quicksort/quicksort.perf.plain --  --cso /dev/null
key=plain, no.=29, <stderr>:
LENGTH=6600
elapsed cycles: 108870698
hi(checksum)=0x18728DCED539A9FF
lo(checksum)=0x7438CAF326DAAC4A
key=plain, no.=29, <checksum>:
0x18728DCED539A9FF7438CAF326DAAC4A
key=plain, no.=29, cso file:
/dev/null
----------------------------------------------
real command=cset shield -e /home/nrink/Projects/build/encode/encode/tests/quicksort/quicksort.perf.plain --  --cso /dev/null
key=plain, no.=30, <stderr>:
LENGTH=6600
elapsed cycles: 106711137
hi(checksum)=0x18728DCED539A9FF
lo(checksum)=0x7438CAF326DAAC4A
key=plain, no.=30, <checksum>:
0x18728DCED539A9FF7438CAF326DAAC4A
key=plain, no.=30, cso file:
/dev/null
----------------------------------------------
real command=cset shield -e /home/nrink/Projects/build/encode/encode/tests/quicksort/quicksort.perf.plain --  --cso /dev/null
key=plain, no.=31, <stderr>:
LENGTH=6600
elapsed cycles: 107097667
hi(checksum)=0x18728DCED539A9FF
lo(checksum)=0x7438CAF326DAAC4A
key=plain, no.=31, <checksum>:
0x18728DCED539A9FF7438CAF326DAAC4A
key=plain, no.=31, cso file:
/dev/null
----------------------------------------------
real command=cset shield -e /home/nrink/Projects/build/encode/encode/tests/quicksort/quicksort.perf.plain --  --cso /dev/null
key=plain, no.=32, <stderr>:
LENGTH=6600
elapsed cycles: 107713668
hi(checksum)=0x18728DCED539A9FF
lo(checksum)=0x7438CAF326DAAC4A
key=plain, no.=32, <checksum>:
0x18728DCED539A9FF7438CAF326DAAC4A
key=plain, no.=32, cso file:
/dev/null
----------------------------------------------
real command=cset shield -e /home/nrink/Projects/build/encode/encode/tests/quicksort/quicksort.perf.plain --  --cso /dev/null
key=plain, no.=33, <stderr>:
LENGTH=6600
elapsed cycles: 105679602
hi(checksum)=0x18728DCED539A9FF
lo(checksum)=0x7438CAF326DAAC4A
key=plain, no.=33, <checksum>:
0x18728DCED539A9FF7438CAF326DAAC4A
key=plain, no.=33, cso file:
/dev/null
----------------------------------------------
real command=cset shield -e /home/nrink/Projects/build/encode/encode/tests/quicksort/quicksort.perf.plain --  --cso /dev/null
key=plain, no.=34, <stderr>:
LENGTH=6600
elapsed cycles: 109018860
hi(checksum)=0x18728DCED539A9FF
lo(checksum)=0x7438CAF326DAAC4A
key=plain, no.=34, <checksum>:
0x18728DCED539A9FF7438CAF326DAAC4A
key=plain, no.=34, cso file:
/dev/null
----------------------------------------------
real command=cset shield -e /home/nrink/Projects/build/encode/encode/tests/quicksort/quicksort.perf.plain --  --cso /dev/null
key=plain, no.=35, <stderr>:
LENGTH=6600
elapsed cycles: 103230795
hi(checksum)=0x18728DCED539A9FF
lo(checksum)=0x7438CAF326DAAC4A
key=plain, no.=35, <checksum>:
0x18728DCED539A9FF7438CAF326DAAC4A
key=plain, no.=35, cso file:
/dev/null
----------------------------------------------
real command=cset shield -e /home/nrink/Projects/build/encode/encode/tests/quicksort/quicksort.perf.plain --  --cso /dev/null
key=plain, no.=36, <stderr>:
LENGTH=6600
elapsed cycles: 103076520
hi(checksum)=0x18728DCED539A9FF
lo(checksum)=0x7438CAF326DAAC4A
key=plain, no.=36, <checksum>:
0x18728DCED539A9FF7438CAF326DAAC4A
key=plain, no.=36, cso file:
/dev/null
----------------------------------------------
real command=cset shield -e /home/nrink/Projects/build/encode/encode/tests/quicksort/quicksort.perf.plain --  --cso /dev/null
key=plain, no.=37, <stderr>:
LENGTH=6600
elapsed cycles: 102870027
hi(checksum)=0x18728DCED539A9FF
lo(checksum)=0x7438CAF326DAAC4A
key=plain, no.=37, <checksum>:
0x18728DCED539A9FF7438CAF326DAAC4A
key=plain, no.=37, cso file:
/dev/null
----------------------------------------------
real command=cset shield -e /home/nrink/Projects/build/encode/encode/tests/quicksort/quicksort.perf.plain --  --cso /dev/null
key=plain, no.=38, <stderr>:
LENGTH=6600
elapsed cycles: 103644174
hi(checksum)=0x18728DCED539A9FF
lo(checksum)=0x7438CAF326DAAC4A
key=plain, no.=38, <checksum>:
0x18728DCED539A9FF7438CAF326DAAC4A
key=plain, no.=38, cso file:
/dev/null
----------------------------------------------
real command=cset shield -e /home/nrink/Projects/build/encode/encode/tests/quicksort/quicksort.perf.plain --  --cso /dev/null
key=plain, no.=39, <stderr>:
LENGTH=6600
elapsed cycles: 102901431
hi(checksum)=0x18728DCED539A9FF
lo(checksum)=0x7438CAF326DAAC4A
key=plain, no.=39, <checksum>:
0x18728DCED539A9FF7438CAF326DAAC4A
key=plain, no.=39, cso file:
/dev/null
----------------------------------------------
real command=cset shield -e /home/nrink/Projects/build/encode/encode/tests/quicksort/quicksort.perf.plain --  --cso /dev/null
key=plain, no.=40, <stderr>:
LENGTH=6600
elapsed cycles: 105045363
hi(checksum)=0x18728DCED539A9FF
lo(checksum)=0x7438CAF326DAAC4A
key=plain, no.=40, <checksum>:
0x18728DCED539A9FF7438CAF326DAAC4A
key=plain, no.=40, cso file:
/dev/null
----------------------------------------------
real command=cset shield -e /home/nrink/Projects/build/encode/encode/tests/quicksort/quicksort.perf.plain --  --cso /dev/null
key=plain, no.=41, <stderr>:
LENGTH=6600
elapsed cycles: 103871586
hi(checksum)=0x18728DCED539A9FF
lo(checksum)=0x7438CAF326DAAC4A
key=plain, no.=41, <checksum>:
0x18728DCED539A9FF7438CAF326DAAC4A
key=plain, no.=41, cso file:
/dev/null
----------------------------------------------
real command=cset shield -e /home/nrink/Projects/build/encode/encode/tests/quicksort/quicksort.perf.plain --  --cso /dev/null
key=plain, no.=42, <stderr>:
LENGTH=6600
elapsed cycles: 102879645
hi(checksum)=0x18728DCED539A9FF
lo(checksum)=0x7438CAF326DAAC4A
key=plain, no.=42, <checksum>:
0x18728DCED539A9FF7438CAF326DAAC4A
key=plain, no.=42, cso file:
/dev/null
----------------------------------------------
real command=cset shield -e /home/nrink/Projects/build/encode/encode/tests/quicksort/quicksort.perf.plain --  --cso /dev/null
key=plain, no.=43, <stderr>:
LENGTH=6600
elapsed cycles: 104190132
hi(checksum)=0x18728DCED539A9FF
lo(checksum)=0x7438CAF326DAAC4A
key=plain, no.=43, <checksum>:
0x18728DCED539A9FF7438CAF326DAAC4A
key=plain, no.=43, cso file:
/dev/null
----------------------------------------------
real command=cset shield -e /home/nrink/Projects/build/encode/encode/tests/quicksort/quicksort.perf.plain --  --cso /dev/null
key=plain, no.=44, <stderr>:
LENGTH=6600
elapsed cycles: 103018905
hi(checksum)=0x18728DCED539A9FF
lo(checksum)=0x7438CAF326DAAC4A
key=plain, no.=44, <checksum>:
0x18728DCED539A9FF7438CAF326DAAC4A
key=plain, no.=44, cso file:
/dev/null
----------------------------------------------
real command=cset shield -e /home/nrink/Projects/build/encode/encode/tests/quicksort/quicksort.perf.plain --  --cso /dev/null
key=plain, no.=45, <stderr>:
LENGTH=6600
elapsed cycles: 103362567
hi(checksum)=0x18728DCED539A9FF
lo(checksum)=0x7438CAF326DAAC4A
key=plain, no.=45, <checksum>:
0x18728DCED539A9FF7438CAF326DAAC4A
key=plain, no.=45, cso file:
/dev/null
----------------------------------------------
real command=cset shield -e /home/nrink/Projects/build/encode/encode/tests/quicksort/quicksort.perf.plain --  --cso /dev/null
key=plain, no.=46, <stderr>:
LENGTH=6600
elapsed cycles: 105677703
hi(checksum)=0x18728DCED539A9FF
lo(checksum)=0x7438CAF326DAAC4A
key=plain, no.=46, <checksum>:
0x18728DCED539A9FF7438CAF326DAAC4A
key=plain, no.=46, cso file:
/dev/null
----------------------------------------------
real command=cset shield -e /home/nrink/Projects/build/encode/encode/tests/quicksort/quicksort.perf.plain --  --cso /dev/null
key=plain, no.=47, <stderr>:
LENGTH=6600
elapsed cycles: 103063662
hi(checksum)=0x18728DCED539A9FF
lo(checksum)=0x7438CAF326DAAC4A
key=plain, no.=47, <checksum>:
0x18728DCED539A9FF7438CAF326DAAC4A
key=plain, no.=47, cso file:
/dev/null
----------------------------------------------
real command=cset shield -e /home/nrink/Projects/build/encode/encode/tests/quicksort/quicksort.perf.plain --  --cso /dev/null
key=plain, no.=48, <stderr>:
LENGTH=6600
elapsed cycles: 107050242
hi(checksum)=0x18728DCED539A9FF
lo(checksum)=0x7438CAF326DAAC4A
key=plain, no.=48, <checksum>:
0x18728DCED539A9FF7438CAF326DAAC4A
key=plain, no.=48, cso file:
/dev/null
----------------------------------------------
real command=cset shield -e /home/nrink/Projects/build/encode/encode/tests/quicksort/quicksort.perf.plain --  --cso /dev/null
key=plain, no.=49, <stderr>:
LENGTH=6600
elapsed cycles: 104439072
hi(checksum)=0x18728DCED539A9FF
lo(checksum)=0x7438CAF326DAAC4A
key=plain, no.=49, <checksum>:
0x18728DCED539A9FF7438CAF326DAAC4A
key=plain, no.=49, cso file:
/dev/null
----------------------------------------------
real command=cset shield -e /home/nrink/Projects/build/encode/encode/tests/quicksort/quicksort.perf.plain --  --cso /dev/null
key=plain, no.=50, <stderr>:
LENGTH=6600
elapsed cycles: 104700240
hi(checksum)=0x18728DCED539A9FF
lo(checksum)=0x7438CAF326DAAC4A
key=plain, no.=50, <checksum>:
0x18728DCED539A9FF7438CAF326DAAC4A
key=plain, no.=50, cso file:
/dev/null
----------------------------------------------
real command=cset shield -e /home/nrink/Projects/build/encode/encode/tests/quicksort/quicksort.perf.plain --  --cso /dev/null
key=plain, no.=51, <stderr>:
LENGTH=6600
elapsed cycles: 104377914
hi(checksum)=0x18728DCED539A9FF
lo(checksum)=0x7438CAF326DAAC4A
key=plain, no.=51, <checksum>:
0x18728DCED539A9FF7438CAF326DAAC4A
key=plain, no.=51, cso file:
/dev/null
----------------------------------------------
real command=cset shield -e /home/nrink/Projects/build/encode/encode/tests/quicksort/quicksort.perf.plain --  --cso /dev/null
key=plain, no.=52, <stderr>:
LENGTH=6600
elapsed cycles: 103058706
hi(checksum)=0x18728DCED539A9FF
lo(checksum)=0x7438CAF326DAAC4A
key=plain, no.=52, <checksum>:
0x18728DCED539A9FF7438CAF326DAAC4A
key=plain, no.=52, cso file:
/dev/null
----------------------------------------------
real command=cset shield -e /home/nrink/Projects/build/encode/encode/tests/quicksort/quicksort.perf.plain --  --cso /dev/null
key=plain, no.=53, <stderr>:
LENGTH=6600
elapsed cycles: 104620575
hi(checksum)=0x18728DCED539A9FF
lo(checksum)=0x7438CAF326DAAC4A
key=plain, no.=53, <checksum>:
0x18728DCED539A9FF7438CAF326DAAC4A
key=plain, no.=53, cso file:
/dev/null
----------------------------------------------
real command=cset shield -e /home/nrink/Projects/build/encode/encode/tests/quicksort/quicksort.perf.plain --  --cso /dev/null
key=plain, no.=54, <stderr>:
LENGTH=6600
elapsed cycles: 103171584
hi(checksum)=0x18728DCED539A9FF
lo(checksum)=0x7438CAF326DAAC4A
key=plain, no.=54, <checksum>:
0x18728DCED539A9FF7438CAF326DAAC4A
key=plain, no.=54, cso file:
/dev/null
----------------------------------------------
real command=cset shield -e /home/nrink/Projects/build/encode/encode/tests/quicksort/quicksort.perf.plain --  --cso /dev/null
key=plain, no.=55, <stderr>:
LENGTH=6600
elapsed cycles: 103627752
hi(checksum)=0x18728DCED539A9FF
lo(checksum)=0x7438CAF326DAAC4A
key=plain, no.=55, <checksum>:
0x18728DCED539A9FF7438CAF326DAAC4A
key=plain, no.=55, cso file:
/dev/null
----------------------------------------------
real command=cset shield -e /home/nrink/Projects/build/encode/encode/tests/quicksort/quicksort.perf.plain --  --cso /dev/null
key=plain, no.=56, <stderr>:
LENGTH=6600
elapsed cycles: 104826021
hi(checksum)=0x18728DCED539A9FF
lo(checksum)=0x7438CAF326DAAC4A
key=plain, no.=56, <checksum>:
0x18728DCED539A9FF7438CAF326DAAC4A
key=plain, no.=56, cso file:
/dev/null
----------------------------------------------
real command=cset shield -e /home/nrink/Projects/build/encode/encode/tests/quicksort/quicksort.perf.plain --  --cso /dev/null
key=plain, no.=57, <stderr>:
LENGTH=6600
elapsed cycles: 103077558
hi(checksum)=0x18728DCED539A9FF
lo(checksum)=0x7438CAF326DAAC4A
key=plain, no.=57, <checksum>:
0x18728DCED539A9FF7438CAF326DAAC4A
key=plain, no.=57, cso file:
/dev/null
----------------------------------------------
real command=cset shield -e /home/nrink/Projects/build/encode/encode/tests/quicksort/quicksort.perf.plain --  --cso /dev/null
key=plain, no.=58, <stderr>:
LENGTH=6600
elapsed cycles: 104466885
hi(checksum)=0x18728DCED539A9FF
lo(checksum)=0x7438CAF326DAAC4A
key=plain, no.=58, <checksum>:
0x18728DCED539A9FF7438CAF326DAAC4A
key=plain, no.=58, cso file:
/dev/null
----------------------------------------------
real command=cset shield -e /home/nrink/Projects/build/encode/encode/tests/quicksort/quicksort.perf.plain --  --cso /dev/null
key=plain, no.=59, <stderr>:
LENGTH=6600
elapsed cycles: 103235409
hi(checksum)=0x18728DCED539A9FF
lo(checksum)=0x7438CAF326DAAC4A
key=plain, no.=59, <checksum>:
0x18728DCED539A9FF7438CAF326DAAC4A
key=plain, no.=59, cso file:
/dev/null
----------------------------------------------
real command=cset shield -e /home/nrink/Projects/build/encode/encode/tests/quicksort/quicksort.perf.plain --  --cso /dev/null
key=plain, no.=60, <stderr>:
LENGTH=6600
elapsed cycles: 104021994
hi(checksum)=0x18728DCED539A9FF
lo(checksum)=0x7438CAF326DAAC4A
key=plain, no.=60, <checksum>:
0x18728DCED539A9FF7438CAF326DAAC4A
key=plain, no.=60, cso file:
/dev/null
----------------------------------------------
real command=cset shield -e /home/nrink/Projects/build/encode/encode/tests/quicksort/quicksort.perf.plain --  --cso /dev/null
key=plain, no.=61, <stderr>:
LENGTH=6600
elapsed cycles: 103785825
hi(checksum)=0x18728DCED539A9FF
lo(checksum)=0x7438CAF326DAAC4A
key=plain, no.=61, <checksum>:
0x18728DCED539A9FF7438CAF326DAAC4A
key=plain, no.=61, cso file:
/dev/null
----------------------------------------------
real command=cset shield -e /home/nrink/Projects/build/encode/encode/tests/quicksort/quicksort.perf.plain --  --cso /dev/null
key=plain, no.=62, <stderr>:
LENGTH=6600
elapsed cycles: 107882274
hi(checksum)=0x18728DCED539A9FF
lo(checksum)=0x7438CAF326DAAC4A
key=plain, no.=62, <checksum>:
0x18728DCED539A9FF7438CAF326DAAC4A
key=plain, no.=62, cso file:
/dev/null
----------------------------------------------
real command=cset shield -e /home/nrink/Projects/build/encode/encode/tests/quicksort/quicksort.perf.plain --  --cso /dev/null
key=plain, no.=63, <stderr>:
LENGTH=6600
elapsed cycles: 107858547
hi(checksum)=0x18728DCED539A9FF
lo(checksum)=0x7438CAF326DAAC4A
key=plain, no.=63, <checksum>:
0x18728DCED539A9FF7438CAF326DAAC4A
key=plain, no.=63, cso file:
/dev/null
----------------------------------------------
real command=cset shield -e /home/nrink/Projects/build/encode/encode/tests/quicksort/quicksort.perf.plain --  --cso /dev/null
key=plain, no.=64, <stderr>:
LENGTH=6600
elapsed cycles: 108054351
hi(checksum)=0x18728DCED539A9FF
lo(checksum)=0x7438CAF326DAAC4A
key=plain, no.=64, <checksum>:
0x18728DCED539A9FF7438CAF326DAAC4A
key=plain, no.=64, cso file:
/dev/null
----------------------------------------------
real command=cset shield -e /home/nrink/Projects/build/encode/encode/tests/quicksort/quicksort.perf.plain --  --cso /dev/null
key=plain, no.=65, <stderr>:
LENGTH=6600
elapsed cycles: 106533096
hi(checksum)=0x18728DCED539A9FF
lo(checksum)=0x7438CAF326DAAC4A
key=plain, no.=65, <checksum>:
0x18728DCED539A9FF7438CAF326DAAC4A
key=plain, no.=65, cso file:
/dev/null
----------------------------------------------
real command=cset shield -e /home/nrink/Projects/build/encode/encode/tests/quicksort/quicksort.perf.plain --  --cso /dev/null
key=plain, no.=66, <stderr>:
LENGTH=6600
elapsed cycles: 107362206
hi(checksum)=0x18728DCED539A9FF
lo(checksum)=0x7438CAF326DAAC4A
key=plain, no.=66, <checksum>:
0x18728DCED539A9FF7438CAF326DAAC4A
key=plain, no.=66, cso file:
/dev/null
----------------------------------------------
real command=cset shield -e /home/nrink/Projects/build/encode/encode/tests/quicksort/quicksort.perf.plain --  --cso /dev/null
key=plain, no.=67, <stderr>:
LENGTH=6600
elapsed cycles: 108268847
hi(checksum)=0x18728DCED539A9FF
lo(checksum)=0x7438CAF326DAAC4A
key=plain, no.=67, <checksum>:
0x18728DCED539A9FF7438CAF326DAAC4A
key=plain, no.=67, cso file:
/dev/null
----------------------------------------------
real command=cset shield -e /home/nrink/Projects/build/encode/encode/tests/quicksort/quicksort.perf.plain --  --cso /dev/null
key=plain, no.=68, <stderr>:
LENGTH=6600
elapsed cycles: 108719250
hi(checksum)=0x18728DCED539A9FF
lo(checksum)=0x7438CAF326DAAC4A
key=plain, no.=68, <checksum>:
0x18728DCED539A9FF7438CAF326DAAC4A
key=plain, no.=68, cso file:
/dev/null
----------------------------------------------
real command=cset shield -e /home/nrink/Projects/build/encode/encode/tests/quicksort/quicksort.perf.plain --  --cso /dev/null
key=plain, no.=69, <stderr>:
LENGTH=6600
elapsed cycles: 108113166
hi(checksum)=0x18728DCED539A9FF
lo(checksum)=0x7438CAF326DAAC4A
key=plain, no.=69, <checksum>:
0x18728DCED539A9FF7438CAF326DAAC4A
key=plain, no.=69, cso file:
/dev/null
----------------------------------------------
real command=cset shield -e /home/nrink/Projects/build/encode/encode/tests/quicksort/quicksort.perf.plain --  --cso /dev/null
key=plain, no.=70, <stderr>:
LENGTH=6600
elapsed cycles: 108650115
hi(checksum)=0x18728DCED539A9FF
lo(checksum)=0x7438CAF326DAAC4A
key=plain, no.=70, <checksum>:
0x18728DCED539A9FF7438CAF326DAAC4A
key=plain, no.=70, cso file:
/dev/null
----------------------------------------------
real command=cset shield -e /home/nrink/Projects/build/encode/encode/tests/quicksort/quicksort.perf.plain --  --cso /dev/null
key=plain, no.=71, <stderr>:
LENGTH=6600
elapsed cycles: 108449754
hi(checksum)=0x18728DCED539A9FF
lo(checksum)=0x7438CAF326DAAC4A
key=plain, no.=71, <checksum>:
0x18728DCED539A9FF7438CAF326DAAC4A
key=plain, no.=71, cso file:
/dev/null
----------------------------------------------
real command=cset shield -e /home/nrink/Projects/build/encode/encode/tests/quicksort/quicksort.perf.plain --  --cso /dev/null
key=plain, no.=72, <stderr>:
LENGTH=6600
elapsed cycles: 107783713
hi(checksum)=0x18728DCED539A9FF
lo(checksum)=0x7438CAF326DAAC4A
key=plain, no.=72, <checksum>:
0x18728DCED539A9FF7438CAF326DAAC4A
key=plain, no.=72, cso file:
/dev/null
----------------------------------------------
real command=cset shield -e /home/nrink/Projects/build/encode/encode/tests/quicksort/quicksort.perf.plain --  --cso /dev/null
key=plain, no.=73, <stderr>:
LENGTH=6600
elapsed cycles: 108765285
hi(checksum)=0x18728DCED539A9FF
lo(checksum)=0x7438CAF326DAAC4A
key=plain, no.=73, <checksum>:
0x18728DCED539A9FF7438CAF326DAAC4A
key=plain, no.=73, cso file:
/dev/null
----------------------------------------------
real command=cset shield -e /home/nrink/Projects/build/encode/encode/tests/quicksort/quicksort.perf.plain --  --cso /dev/null
key=plain, no.=74, <stderr>:
LENGTH=6600
elapsed cycles: 108523944
hi(checksum)=0x18728DCED539A9FF
lo(checksum)=0x7438CAF326DAAC4A
key=plain, no.=74, <checksum>:
0x18728DCED539A9FF7438CAF326DAAC4A
key=plain, no.=74, cso file:
/dev/null
----------------------------------------------
real command=cset shield -e /home/nrink/Projects/build/encode/encode/tests/quicksort/quicksort.perf.plain --  --cso /dev/null
key=plain, no.=75, <stderr>:
LENGTH=6600
elapsed cycles: 108407442
hi(checksum)=0x18728DCED539A9FF
lo(checksum)=0x7438CAF326DAAC4A
key=plain, no.=75, <checksum>:
0x18728DCED539A9FF7438CAF326DAAC4A
key=plain, no.=75, cso file:
/dev/null
----------------------------------------------
real command=cset shield -e /home/nrink/Projects/build/encode/encode/tests/quicksort/quicksort.perf.plain --  --cso /dev/null
key=plain, no.=76, <stderr>:
LENGTH=6600
elapsed cycles: 109109466
hi(checksum)=0x18728DCED539A9FF
lo(checksum)=0x7438CAF326DAAC4A
key=plain, no.=76, <checksum>:
0x18728DCED539A9FF7438CAF326DAAC4A
key=plain, no.=76, cso file:
/dev/null
----------------------------------------------
real command=cset shield -e /home/nrink/Projects/build/encode/encode/tests/quicksort/quicksort.perf.plain --  --cso /dev/null
key=plain, no.=77, <stderr>:
LENGTH=6600
elapsed cycles: 108228132
hi(checksum)=0x18728DCED539A9FF
lo(checksum)=0x7438CAF326DAAC4A
key=plain, no.=77, <checksum>:
0x18728DCED539A9FF7438CAF326DAAC4A
key=plain, no.=77, cso file:
/dev/null
----------------------------------------------
real command=cset shield -e /home/nrink/Projects/build/encode/encode/tests/quicksort/quicksort.perf.plain --  --cso /dev/null
key=plain, no.=78, <stderr>:
LENGTH=6600
elapsed cycles: 105951705
hi(checksum)=0x18728DCED539A9FF
lo(checksum)=0x7438CAF326DAAC4A
key=plain, no.=78, <checksum>:
0x18728DCED539A9FF7438CAF326DAAC4A
key=plain, no.=78, cso file:
/dev/null
----------------------------------------------
real command=cset shield -e /home/nrink/Projects/build/encode/encode/tests/quicksort/quicksort.perf.plain --  --cso /dev/null
key=plain, no.=79, <stderr>:
LENGTH=6600
elapsed cycles: 106775277
hi(checksum)=0x18728DCED539A9FF
lo(checksum)=0x7438CAF326DAAC4A
key=plain, no.=79, <checksum>:
0x18728DCED539A9FF7438CAF326DAAC4A
key=plain, no.=79, cso file:
/dev/null
----------------------------------------------
real command=cset shield -e /home/nrink/Projects/build/encode/encode/tests/quicksort/quicksort.perf.plain --  --cso /dev/null
key=plain, no.=80, <stderr>:
LENGTH=6600
elapsed cycles: 105647898
hi(checksum)=0x18728DCED539A9FF
lo(checksum)=0x7438CAF326DAAC4A
key=plain, no.=80, <checksum>:
0x18728DCED539A9FF7438CAF326DAAC4A
key=plain, no.=80, cso file:
/dev/null
----------------------------------------------
real command=cset shield -e /home/nrink/Projects/build/encode/encode/tests/quicksort/quicksort.perf.plain --  --cso /dev/null
key=plain, no.=81, <stderr>:
LENGTH=6600
elapsed cycles: 108330225
hi(checksum)=0x18728DCED539A9FF
lo(checksum)=0x7438CAF326DAAC4A
key=plain, no.=81, <checksum>:
0x18728DCED539A9FF7438CAF326DAAC4A
key=plain, no.=81, cso file:
/dev/null
----------------------------------------------
real command=cset shield -e /home/nrink/Projects/build/encode/encode/tests/quicksort/quicksort.perf.plain --  --cso /dev/null
key=plain, no.=82, <stderr>:
LENGTH=6600
elapsed cycles: 103186923
hi(checksum)=0x18728DCED539A9FF
lo(checksum)=0x7438CAF326DAAC4A
key=plain, no.=82, <checksum>:
0x18728DCED539A9FF7438CAF326DAAC4A
key=plain, no.=82, cso file:
/dev/null
----------------------------------------------
real command=cset shield -e /home/nrink/Projects/build/encode/encode/tests/quicksort/quicksort.perf.plain --  --cso /dev/null
key=plain, no.=83, <stderr>:
LENGTH=6600
elapsed cycles: 104723394
hi(checksum)=0x18728DCED539A9FF
lo(checksum)=0x7438CAF326DAAC4A
key=plain, no.=83, <checksum>:
0x18728DCED539A9FF7438CAF326DAAC4A
key=plain, no.=83, cso file:
/dev/null
----------------------------------------------
real command=cset shield -e /home/nrink/Projects/build/encode/encode/tests/quicksort/quicksort.perf.plain --  --cso /dev/null
key=plain, no.=84, <stderr>:
LENGTH=6600
elapsed cycles: 104556042
hi(checksum)=0x18728DCED539A9FF
lo(checksum)=0x7438CAF326DAAC4A
key=plain, no.=84, <checksum>:
0x18728DCED539A9FF7438CAF326DAAC4A
key=plain, no.=84, cso file:
/dev/null
----------------------------------------------
real command=cset shield -e /home/nrink/Projects/build/encode/encode/tests/quicksort/quicksort.perf.plain --  --cso /dev/null
key=plain, no.=85, <stderr>:
LENGTH=6600
elapsed cycles: 104089086
hi(checksum)=0x18728DCED539A9FF
lo(checksum)=0x7438CAF326DAAC4A
key=plain, no.=85, <checksum>:
0x18728DCED539A9FF7438CAF326DAAC4A
key=plain, no.=85, cso file:
/dev/null
----------------------------------------------
real command=cset shield -e /home/nrink/Projects/build/encode/encode/tests/quicksort/quicksort.perf.plain --  --cso /dev/null
key=plain, no.=86, <stderr>:
LENGTH=6600
elapsed cycles: 105005751
hi(checksum)=0x18728DCED539A9FF
lo(checksum)=0x7438CAF326DAAC4A
key=plain, no.=86, <checksum>:
0x18728DCED539A9FF7438CAF326DAAC4A
key=plain, no.=86, cso file:
/dev/null
----------------------------------------------
real command=cset shield -e /home/nrink/Projects/build/encode/encode/tests/quicksort/quicksort.perf.plain --  --cso /dev/null
key=plain, no.=87, <stderr>:
LENGTH=6600
elapsed cycles: 102904056
hi(checksum)=0x18728DCED539A9FF
lo(checksum)=0x7438CAF326DAAC4A
key=plain, no.=87, <checksum>:
0x18728DCED539A9FF7438CAF326DAAC4A
key=plain, no.=87, cso file:
/dev/null
----------------------------------------------
real command=cset shield -e /home/nrink/Projects/build/encode/encode/tests/quicksort/quicksort.perf.plain --  --cso /dev/null
key=plain, no.=88, <stderr>:
LENGTH=6600
elapsed cycles: 104652953
hi(checksum)=0x18728DCED539A9FF
lo(checksum)=0x7438CAF326DAAC4A
key=plain, no.=88, <checksum>:
0x18728DCED539A9FF7438CAF326DAAC4A
key=plain, no.=88, cso file:
/dev/null
----------------------------------------------
real command=cset shield -e /home/nrink/Projects/build/encode/encode/tests/quicksort/quicksort.perf.plain --  --cso /dev/null
key=plain, no.=89, <stderr>:
LENGTH=6600
elapsed cycles: 106113987
hi(checksum)=0x18728DCED539A9FF
lo(checksum)=0x7438CAF326DAAC4A
key=plain, no.=89, <checksum>:
0x18728DCED539A9FF7438CAF326DAAC4A
key=plain, no.=89, cso file:
/dev/null
----------------------------------------------
real command=cset shield -e /home/nrink/Projects/build/encode/encode/tests/quicksort/quicksort.perf.plain --  --cso /dev/null
key=plain, no.=90, <stderr>:
LENGTH=6600
elapsed cycles: 105685998
hi(checksum)=0x18728DCED539A9FF
lo(checksum)=0x7438CAF326DAAC4A
key=plain, no.=90, <checksum>:
0x18728DCED539A9FF7438CAF326DAAC4A
key=plain, no.=90, cso file:
/dev/null
----------------------------------------------
real command=cset shield -e /home/nrink/Projects/build/encode/encode/tests/quicksort/quicksort.perf.plain --  --cso /dev/null
key=plain, no.=91, <stderr>:
LENGTH=6600
elapsed cycles: 105614436
hi(checksum)=0x18728DCED539A9FF
lo(checksum)=0x7438CAF326DAAC4A
key=plain, no.=91, <checksum>:
0x18728DCED539A9FF7438CAF326DAAC4A
key=plain, no.=91, cso file:
/dev/null
----------------------------------------------
real command=cset shield -e /home/nrink/Projects/build/encode/encode/tests/quicksort/quicksort.perf.plain --  --cso /dev/null
key=plain, no.=92, <stderr>:
LENGTH=6600
elapsed cycles: 104804316
hi(checksum)=0x18728DCED539A9FF
lo(checksum)=0x7438CAF326DAAC4A
key=plain, no.=92, <checksum>:
0x18728DCED539A9FF7438CAF326DAAC4A
key=plain, no.=92, cso file:
/dev/null
----------------------------------------------
real command=cset shield -e /home/nrink/Projects/build/encode/encode/tests/quicksort/quicksort.perf.plain --  --cso /dev/null
key=plain, no.=93, <stderr>:
LENGTH=6600
elapsed cycles: 105164172
hi(checksum)=0x18728DCED539A9FF
lo(checksum)=0x7438CAF326DAAC4A
key=plain, no.=93, <checksum>:
0x18728DCED539A9FF7438CAF326DAAC4A
key=plain, no.=93, cso file:
/dev/null
----------------------------------------------
real command=cset shield -e /home/nrink/Projects/build/encode/encode/tests/quicksort/quicksort.perf.plain --  --cso /dev/null
key=plain, no.=94, <stderr>:
LENGTH=6600
elapsed cycles: 103781766
hi(checksum)=0x18728DCED539A9FF
lo(checksum)=0x7438CAF326DAAC4A
key=plain, no.=94, <checksum>:
0x18728DCED539A9FF7438CAF326DAAC4A
key=plain, no.=94, cso file:
/dev/null
----------------------------------------------
real command=cset shield -e /home/nrink/Projects/build/encode/encode/tests/quicksort/quicksort.perf.plain --  --cso /dev/null
key=plain, no.=95, <stderr>:
LENGTH=6600
elapsed cycles: 103175475
hi(checksum)=0x18728DCED539A9FF
lo(checksum)=0x7438CAF326DAAC4A
key=plain, no.=95, <checksum>:
0x18728DCED539A9FF7438CAF326DAAC4A
key=plain, no.=95, cso file:
/dev/null
----------------------------------------------
real command=cset shield -e /home/nrink/Projects/build/encode/encode/tests/quicksort/quicksort.perf.plain --  --cso /dev/null
key=plain, no.=96, <stderr>:
LENGTH=6600
elapsed cycles: 103348005
hi(checksum)=0x18728DCED539A9FF
lo(checksum)=0x7438CAF326DAAC4A
key=plain, no.=96, <checksum>:
0x18728DCED539A9FF7438CAF326DAAC4A
key=plain, no.=96, cso file:
/dev/null
----------------------------------------------
real command=cset shield -e /home/nrink/Projects/build/encode/encode/tests/quicksort/quicksort.perf.plain --  --cso /dev/null
key=plain, no.=97, <stderr>:
LENGTH=6600
elapsed cycles: 102757056
hi(checksum)=0x18728DCED539A9FF
lo(checksum)=0x7438CAF326DAAC4A
key=plain, no.=97, <checksum>:
0x18728DCED539A9FF7438CAF326DAAC4A
key=plain, no.=97, cso file:
/dev/null
----------------------------------------------
real command=cset shield -e /home/nrink/Projects/build/encode/encode/tests/quicksort/quicksort.perf.plain --  --cso /dev/null
key=plain, no.=98, <stderr>:
LENGTH=6600
elapsed cycles: 104234193
hi(checksum)=0x18728DCED539A9FF
lo(checksum)=0x7438CAF326DAAC4A
key=plain, no.=98, <checksum>:
0x18728DCED539A9FF7438CAF326DAAC4A
key=plain, no.=98, cso file:
/dev/null
----------------------------------------------
real command=cset shield -e /home/nrink/Projects/build/encode/encode/tests/quicksort/quicksort.perf.plain --  --cso /dev/null
key=plain, no.=99, <stderr>:
LENGTH=6600
elapsed cycles: 102766581
hi(checksum)=0x18728DCED539A9FF
lo(checksum)=0x7438CAF326DAAC4A
key=plain, no.=99, <checksum>:
0x18728DCED539A9FF7438CAF326DAAC4A
key=plain, no.=99, cso file:
/dev/null
----------------------------------------------
key=encoded, runs=100 ...
command=/home/nrink/Projects/build/encode/encode/tests/quicksort/quicksort.perf.encoded
----------------------------------------------
real command=cset shield -e /home/nrink/Projects/build/encode/encode/tests/quicksort/quicksort.perf.encoded --  --cso /dev/null
key=encoded, no.=0, <stderr>:
LENGTH=6600
elapsed cycles: 171086841
hi(checksum)=0x18728DCED539A9FF
lo(checksum)=0x7438CAF326DAAC4A
key=encoded, no.=0, <checksum>:
0x18728DCED539A9FF7438CAF326DAAC4A
key=encoded, no.=0, cso file:
/dev/null
----------------------------------------------
real command=cset shield -e /home/nrink/Projects/build/encode/encode/tests/quicksort/quicksort.perf.encoded --  --cso /dev/null
key=encoded, no.=1, <stderr>:
LENGTH=6600
elapsed cycles: 173611896
hi(checksum)=0x18728DCED539A9FF
lo(checksum)=0x7438CAF326DAAC4A
key=encoded, no.=1, <checksum>:
0x18728DCED539A9FF7438CAF326DAAC4A
key=encoded, no.=1, cso file:
/dev/null
----------------------------------------------
real command=cset shield -e /home/nrink/Projects/build/encode/encode/tests/quicksort/quicksort.perf.encoded --  --cso /dev/null
key=encoded, no.=2, <stderr>:
LENGTH=6600
elapsed cycles: 171384345
hi(checksum)=0x18728DCED539A9FF
lo(checksum)=0x7438CAF326DAAC4A
key=encoded, no.=2, <checksum>:
0x18728DCED539A9FF7438CAF326DAAC4A
key=encoded, no.=2, cso file:
/dev/null
----------------------------------------------
real command=cset shield -e /home/nrink/Projects/build/encode/encode/tests/quicksort/quicksort.perf.encoded --  --cso /dev/null
key=encoded, no.=3, <stderr>:
LENGTH=6600
elapsed cycles: 168076677
hi(checksum)=0x18728DCED539A9FF
lo(checksum)=0x7438CAF326DAAC4A
key=encoded, no.=3, <checksum>:
0x18728DCED539A9FF7438CAF326DAAC4A
key=encoded, no.=3, cso file:
/dev/null
----------------------------------------------
real command=cset shield -e /home/nrink/Projects/build/encode/encode/tests/quicksort/quicksort.perf.encoded --  --cso /dev/null
key=encoded, no.=4, <stderr>:
LENGTH=6600
elapsed cycles: 168722193
hi(checksum)=0x18728DCED539A9FF
lo(checksum)=0x7438CAF326DAAC4A
key=encoded, no.=4, <checksum>:
0x18728DCED539A9FF7438CAF326DAAC4A
key=encoded, no.=4, cso file:
/dev/null
----------------------------------------------
real command=cset shield -e /home/nrink/Projects/build/encode/encode/tests/quicksort/quicksort.perf.encoded --  --cso /dev/null
key=encoded, no.=5, <stderr>:
LENGTH=6600
elapsed cycles: 170211303
hi(checksum)=0x18728DCED539A9FF
lo(checksum)=0x7438CAF326DAAC4A
key=encoded, no.=5, <checksum>:
0x18728DCED539A9FF7438CAF326DAAC4A
key=encoded, no.=5, cso file:
/dev/null
----------------------------------------------
real command=cset shield -e /home/nrink/Projects/build/encode/encode/tests/quicksort/quicksort.perf.encoded --  --cso /dev/null
key=encoded, no.=6, <stderr>:
LENGTH=6600
elapsed cycles: 171012078
hi(checksum)=0x18728DCED539A9FF
lo(checksum)=0x7438CAF326DAAC4A
key=encoded, no.=6, <checksum>:
0x18728DCED539A9FF7438CAF326DAAC4A
key=encoded, no.=6, cso file:
/dev/null
----------------------------------------------
real command=cset shield -e /home/nrink/Projects/build/encode/encode/tests/quicksort/quicksort.perf.encoded --  --cso /dev/null
key=encoded, no.=7, <stderr>:
LENGTH=6600
elapsed cycles: 169735116
hi(checksum)=0x18728DCED539A9FF
lo(checksum)=0x7438CAF326DAAC4A
key=encoded, no.=7, <checksum>:
0x18728DCED539A9FF7438CAF326DAAC4A
key=encoded, no.=7, cso file:
/dev/null
----------------------------------------------
real command=cset shield -e /home/nrink/Projects/build/encode/encode/tests/quicksort/quicksort.perf.encoded --  --cso /dev/null
key=encoded, no.=8, <stderr>:
LENGTH=6600
elapsed cycles: 169538922
hi(checksum)=0x18728DCED539A9FF
lo(checksum)=0x7438CAF326DAAC4A
key=encoded, no.=8, <checksum>:
0x18728DCED539A9FF7438CAF326DAAC4A
key=encoded, no.=8, cso file:
/dev/null
----------------------------------------------
real command=cset shield -e /home/nrink/Projects/build/encode/encode/tests/quicksort/quicksort.perf.encoded --  --cso /dev/null
key=encoded, no.=9, <stderr>:
LENGTH=6600
elapsed cycles: 172794234
hi(checksum)=0x18728DCED539A9FF
lo(checksum)=0x7438CAF326DAAC4A
key=encoded, no.=9, <checksum>:
0x18728DCED539A9FF7438CAF326DAAC4A
key=encoded, no.=9, cso file:
/dev/null
----------------------------------------------
real command=cset shield -e /home/nrink/Projects/build/encode/encode/tests/quicksort/quicksort.perf.encoded --  --cso /dev/null
key=encoded, no.=10, <stderr>:
LENGTH=6600
elapsed cycles: 172988205
hi(checksum)=0x18728DCED539A9FF
lo(checksum)=0x7438CAF326DAAC4A
key=encoded, no.=10, <checksum>:
0x18728DCED539A9FF7438CAF326DAAC4A
key=encoded, no.=10, cso file:
/dev/null
----------------------------------------------
real command=cset shield -e /home/nrink/Projects/build/encode/encode/tests/quicksort/quicksort.perf.encoded --  --cso /dev/null
key=encoded, no.=11, <stderr>:
LENGTH=6600
elapsed cycles: 171356016
hi(checksum)=0x18728DCED539A9FF
lo(checksum)=0x7438CAF326DAAC4A
key=encoded, no.=11, <checksum>:
0x18728DCED539A9FF7438CAF326DAAC4A
key=encoded, no.=11, cso file:
/dev/null
----------------------------------------------
real command=cset shield -e /home/nrink/Projects/build/encode/encode/tests/quicksort/quicksort.perf.encoded --  --cso /dev/null
key=encoded, no.=12, <stderr>:
LENGTH=6600
elapsed cycles: 176209905
hi(checksum)=0x18728DCED539A9FF
lo(checksum)=0x7438CAF326DAAC4A
key=encoded, no.=12, <checksum>:
0x18728DCED539A9FF7438CAF326DAAC4A
key=encoded, no.=12, cso file:
/dev/null
----------------------------------------------
real command=cset shield -e /home/nrink/Projects/build/encode/encode/tests/quicksort/quicksort.perf.encoded --  --cso /dev/null
key=encoded, no.=13, <stderr>:
LENGTH=6600
elapsed cycles: 179179518
hi(checksum)=0x18728DCED539A9FF
lo(checksum)=0x7438CAF326DAAC4A
key=encoded, no.=13, <checksum>:
0x18728DCED539A9FF7438CAF326DAAC4A
key=encoded, no.=13, cso file:
/dev/null
----------------------------------------------
real command=cset shield -e /home/nrink/Projects/build/encode/encode/tests/quicksort/quicksort.perf.encoded --  --cso /dev/null
key=encoded, no.=14, <stderr>:
LENGTH=6600
elapsed cycles: 176389032
hi(checksum)=0x18728DCED539A9FF
lo(checksum)=0x7438CAF326DAAC4A
key=encoded, no.=14, <checksum>:
0x18728DCED539A9FF7438CAF326DAAC4A
key=encoded, no.=14, cso file:
/dev/null
----------------------------------------------
real command=cset shield -e /home/nrink/Projects/build/encode/encode/tests/quicksort/quicksort.perf.encoded --  --cso /dev/null
key=encoded, no.=15, <stderr>:
LENGTH=6600
elapsed cycles: 175015470
hi(checksum)=0x18728DCED539A9FF
lo(checksum)=0x7438CAF326DAAC4A
key=encoded, no.=15, <checksum>:
0x18728DCED539A9FF7438CAF326DAAC4A
key=encoded, no.=15, cso file:
/dev/null
----------------------------------------------
real command=cset shield -e /home/nrink/Projects/build/encode/encode/tests/quicksort/quicksort.perf.encoded --  --cso /dev/null
key=encoded, no.=16, <stderr>:
LENGTH=6600
elapsed cycles: 174879975
hi(checksum)=0x18728DCED539A9FF
lo(checksum)=0x7438CAF326DAAC4A
key=encoded, no.=16, <checksum>:
0x18728DCED539A9FF7438CAF326DAAC4A
key=encoded, no.=16, cso file:
/dev/null
----------------------------------------------
real command=cset shield -e /home/nrink/Projects/build/encode/encode/tests/quicksort/quicksort.perf.encoded --  --cso /dev/null
key=encoded, no.=17, <stderr>:
LENGTH=6600
elapsed cycles: 176608944
hi(checksum)=0x18728DCED539A9FF
lo(checksum)=0x7438CAF326DAAC4A
key=encoded, no.=17, <checksum>:
0x18728DCED539A9FF7438CAF326DAAC4A
key=encoded, no.=17, cso file:
/dev/null
----------------------------------------------
real command=cset shield -e /home/nrink/Projects/build/encode/encode/tests/quicksort/quicksort.perf.encoded --  --cso /dev/null
key=encoded, no.=18, <stderr>:
LENGTH=6600
elapsed cycles: 178124394
hi(checksum)=0x18728DCED539A9FF
lo(checksum)=0x7438CAF326DAAC4A
key=encoded, no.=18, <checksum>:
0x18728DCED539A9FF7438CAF326DAAC4A
key=encoded, no.=18, cso file:
/dev/null
----------------------------------------------
real command=cset shield -e /home/nrink/Projects/build/encode/encode/tests/quicksort/quicksort.perf.encoded --  --cso /dev/null
key=encoded, no.=19, <stderr>:
LENGTH=6600
elapsed cycles: 176976042
hi(checksum)=0x18728DCED539A9FF
lo(checksum)=0x7438CAF326DAAC4A
key=encoded, no.=19, <checksum>:
0x18728DCED539A9FF7438CAF326DAAC4A
key=encoded, no.=19, cso file:
/dev/null
----------------------------------------------
real command=cset shield -e /home/nrink/Projects/build/encode/encode/tests/quicksort/quicksort.perf.encoded --  --cso /dev/null
key=encoded, no.=20, <stderr>:
LENGTH=6600
elapsed cycles: 176739762
hi(checksum)=0x18728DCED539A9FF
lo(checksum)=0x7438CAF326DAAC4A
key=encoded, no.=20, <checksum>:
0x18728DCED539A9FF7438CAF326DAAC4A
key=encoded, no.=20, cso file:
/dev/null
----------------------------------------------
real command=cset shield -e /home/nrink/Projects/build/encode/encode/tests/quicksort/quicksort.perf.encoded --  --cso /dev/null
key=encoded, no.=21, <stderr>:
LENGTH=6600
elapsed cycles: 169962282
hi(checksum)=0x18728DCED539A9FF
lo(checksum)=0x7438CAF326DAAC4A
key=encoded, no.=21, <checksum>:
0x18728DCED539A9FF7438CAF326DAAC4A
key=encoded, no.=21, cso file:
/dev/null
----------------------------------------------
real command=cset shield -e /home/nrink/Projects/build/encode/encode/tests/quicksort/quicksort.perf.encoded --  --cso /dev/null
key=encoded, no.=22, <stderr>:
LENGTH=6600
elapsed cycles: 175108590
hi(checksum)=0x18728DCED539A9FF
lo(checksum)=0x7438CAF326DAAC4A
key=encoded, no.=22, <checksum>:
0x18728DCED539A9FF7438CAF326DAAC4A
key=encoded, no.=22, cso file:
/dev/null
----------------------------------------------
real command=cset shield -e /home/nrink/Projects/build/encode/encode/tests/quicksort/quicksort.perf.encoded --  --cso /dev/null
key=encoded, no.=23, <stderr>:
LENGTH=6600
elapsed cycles: 169207470
hi(checksum)=0x18728DCED539A9FF
lo(checksum)=0x7438CAF326DAAC4A
key=encoded, no.=23, <checksum>:
0x18728DCED539A9FF7438CAF326DAAC4A
key=encoded, no.=23, cso file:
/dev/null
----------------------------------------------
real command=cset shield -e /home/nrink/Projects/build/encode/encode/tests/quicksort/quicksort.perf.encoded --  --cso /dev/null
key=encoded, no.=24, <stderr>:
LENGTH=6600
elapsed cycles: 169696533
hi(checksum)=0x18728DCED539A9FF
lo(checksum)=0x7438CAF326DAAC4A
key=encoded, no.=24, <checksum>:
0x18728DCED539A9FF7438CAF326DAAC4A
key=encoded, no.=24, cso file:
/dev/null
----------------------------------------------
real command=cset shield -e /home/nrink/Projects/build/encode/encode/tests/quicksort/quicksort.perf.encoded --  --cso /dev/null
key=encoded, no.=25, <stderr>:
LENGTH=6600
elapsed cycles: 175027836
hi(checksum)=0x18728DCED539A9FF
lo(checksum)=0x7438CAF326DAAC4A
key=encoded, no.=25, <checksum>:
0x18728DCED539A9FF7438CAF326DAAC4A
key=encoded, no.=25, cso file:
/dev/null
----------------------------------------------
real command=cset shield -e /home/nrink/Projects/build/encode/encode/tests/quicksort/quicksort.perf.encoded --  --cso /dev/null
key=encoded, no.=26, <stderr>:
LENGTH=6600
elapsed cycles: 174442428
hi(checksum)=0x18728DCED539A9FF
lo(checksum)=0x7438CAF326DAAC4A
key=encoded, no.=26, <checksum>:
0x18728DCED539A9FF7438CAF326DAAC4A
key=encoded, no.=26, cso file:
/dev/null
----------------------------------------------
real command=cset shield -e /home/nrink/Projects/build/encode/encode/tests/quicksort/quicksort.perf.encoded --  --cso /dev/null
key=encoded, no.=27, <stderr>:
LENGTH=6600
elapsed cycles: 175381052
hi(checksum)=0x18728DCED539A9FF
lo(checksum)=0x7438CAF326DAAC4A
key=encoded, no.=27, <checksum>:
0x18728DCED539A9FF7438CAF326DAAC4A
key=encoded, no.=27, cso file:
/dev/null
----------------------------------------------
real command=cset shield -e /home/nrink/Projects/build/encode/encode/tests/quicksort/quicksort.perf.encoded --  --cso /dev/null
key=encoded, no.=28, <stderr>:
LENGTH=6600
elapsed cycles: 178597848
hi(checksum)=0x18728DCED539A9FF
lo(checksum)=0x7438CAF326DAAC4A
key=encoded, no.=28, <checksum>:
0x18728DCED539A9FF7438CAF326DAAC4A
key=encoded, no.=28, cso file:
/dev/null
----------------------------------------------
real command=cset shield -e /home/nrink/Projects/build/encode/encode/tests/quicksort/quicksort.perf.encoded --  --cso /dev/null
key=encoded, no.=29, <stderr>:
LENGTH=6600
elapsed cycles: 175592178
hi(checksum)=0x18728DCED539A9FF
lo(checksum)=0x7438CAF326DAAC4A
key=encoded, no.=29, <checksum>:
0x18728DCED539A9FF7438CAF326DAAC4A
key=encoded, no.=29, cso file:
/dev/null
----------------------------------------------
real command=cset shield -e /home/nrink/Projects/build/encode/encode/tests/quicksort/quicksort.perf.encoded --  --cso /dev/null
key=encoded, no.=30, <stderr>:
LENGTH=6600
elapsed cycles: 169205877
hi(checksum)=0x18728DCED539A9FF
lo(checksum)=0x7438CAF326DAAC4A
key=encoded, no.=30, <checksum>:
0x18728DCED539A9FF7438CAF326DAAC4A
key=encoded, no.=30, cso file:
/dev/null
----------------------------------------------
real command=cset shield -e /home/nrink/Projects/build/encode/encode/tests/quicksort/quicksort.perf.encoded --  --cso /dev/null
key=encoded, no.=31, <stderr>:
LENGTH=6600
elapsed cycles: 171638547
hi(checksum)=0x18728DCED539A9FF
lo(checksum)=0x7438CAF326DAAC4A
key=encoded, no.=31, <checksum>:
0x18728DCED539A9FF7438CAF326DAAC4A
key=encoded, no.=31, cso file:
/dev/null
----------------------------------------------
real command=cset shield -e /home/nrink/Projects/build/encode/encode/tests/quicksort/quicksort.perf.encoded --  --cso /dev/null
key=encoded, no.=32, <stderr>:
LENGTH=6600
elapsed cycles: 173272257
hi(checksum)=0x18728DCED539A9FF
lo(checksum)=0x7438CAF326DAAC4A
key=encoded, no.=32, <checksum>:
0x18728DCED539A9FF7438CAF326DAAC4A
key=encoded, no.=32, cso file:
/dev/null
----------------------------------------------
real command=cset shield -e /home/nrink/Projects/build/encode/encode/tests/quicksort/quicksort.perf.encoded --  --cso /dev/null
key=encoded, no.=33, <stderr>:
LENGTH=6600
elapsed cycles: 172299072
hi(checksum)=0x18728DCED539A9FF
lo(checksum)=0x7438CAF326DAAC4A
key=encoded, no.=33, <checksum>:
0x18728DCED539A9FF7438CAF326DAAC4A
key=encoded, no.=33, cso file:
/dev/null
----------------------------------------------
real command=cset shield -e /home/nrink/Projects/build/encode/encode/tests/quicksort/quicksort.perf.encoded --  --cso /dev/null
key=encoded, no.=34, <stderr>:
LENGTH=6600
elapsed cycles: 169280595
hi(checksum)=0x18728DCED539A9FF
lo(checksum)=0x7438CAF326DAAC4A
key=encoded, no.=34, <checksum>:
0x18728DCED539A9FF7438CAF326DAAC4A
key=encoded, no.=34, cso file:
/dev/null
----------------------------------------------
real command=cset shield -e /home/nrink/Projects/build/encode/encode/tests/quicksort/quicksort.perf.encoded --  --cso /dev/null
key=encoded, no.=35, <stderr>:
LENGTH=6600
elapsed cycles: 190963872
hi(checksum)=0x18728DCED539A9FF
lo(checksum)=0x7438CAF326DAAC4A
key=encoded, no.=35, <checksum>:
0x18728DCED539A9FF7438CAF326DAAC4A
key=encoded, no.=35, cso file:
/dev/null
----------------------------------------------
real command=cset shield -e /home/nrink/Projects/build/encode/encode/tests/quicksort/quicksort.perf.encoded --  --cso /dev/null
key=encoded, no.=36, <stderr>:
LENGTH=6600
elapsed cycles: 179818503
hi(checksum)=0x18728DCED539A9FF
lo(checksum)=0x7438CAF326DAAC4A
key=encoded, no.=36, <checksum>:
0x18728DCED539A9FF7438CAF326DAAC4A
key=encoded, no.=36, cso file:
/dev/null
----------------------------------------------
real command=cset shield -e /home/nrink/Projects/build/encode/encode/tests/quicksort/quicksort.perf.encoded --  --cso /dev/null
key=encoded, no.=37, <stderr>:
LENGTH=6600
elapsed cycles: 180242508
hi(checksum)=0x18728DCED539A9FF
lo(checksum)=0x7438CAF326DAAC4A
key=encoded, no.=37, <checksum>:
0x18728DCED539A9FF7438CAF326DAAC4A
key=encoded, no.=37, cso file:
/dev/null
----------------------------------------------
real command=cset shield -e /home/nrink/Projects/build/encode/encode/tests/quicksort/quicksort.perf.encoded --  --cso /dev/null
key=encoded, no.=38, <stderr>:
LENGTH=6600
elapsed cycles: 179623353
hi(checksum)=0x18728DCED539A9FF
lo(checksum)=0x7438CAF326DAAC4A
key=encoded, no.=38, <checksum>:
0x18728DCED539A9FF7438CAF326DAAC4A
key=encoded, no.=38, cso file:
/dev/null
----------------------------------------------
real command=cset shield -e /home/nrink/Projects/build/encode/encode/tests/quicksort/quicksort.perf.encoded --  --cso /dev/null
key=encoded, no.=39, <stderr>:
LENGTH=6600
elapsed cycles: 170396052
hi(checksum)=0x18728DCED539A9FF
lo(checksum)=0x7438CAF326DAAC4A
key=encoded, no.=39, <checksum>:
0x18728DCED539A9FF7438CAF326DAAC4A
key=encoded, no.=39, cso file:
/dev/null
----------------------------------------------
real command=cset shield -e /home/nrink/Projects/build/encode/encode/tests/quicksort/quicksort.perf.encoded --  --cso /dev/null
key=encoded, no.=40, <stderr>:
LENGTH=6600
elapsed cycles: 168790392
hi(checksum)=0x18728DCED539A9FF
lo(checksum)=0x7438CAF326DAAC4A
key=encoded, no.=40, <checksum>:
0x18728DCED539A9FF7438CAF326DAAC4A
key=encoded, no.=40, cso file:
/dev/null
----------------------------------------------
real command=cset shield -e /home/nrink/Projects/build/encode/encode/tests/quicksort/quicksort.perf.encoded --  --cso /dev/null
key=encoded, no.=41, <stderr>:
LENGTH=6600
elapsed cycles: 169030074
hi(checksum)=0x18728DCED539A9FF
lo(checksum)=0x7438CAF326DAAC4A
key=encoded, no.=41, <checksum>:
0x18728DCED539A9FF7438CAF326DAAC4A
key=encoded, no.=41, cso file:
/dev/null
----------------------------------------------
real command=cset shield -e /home/nrink/Projects/build/encode/encode/tests/quicksort/quicksort.perf.encoded --  --cso /dev/null
key=encoded, no.=42, <stderr>:
LENGTH=6600
elapsed cycles: 168617253
hi(checksum)=0x18728DCED539A9FF
lo(checksum)=0x7438CAF326DAAC4A
key=encoded, no.=42, <checksum>:
0x18728DCED539A9FF7438CAF326DAAC4A
key=encoded, no.=42, cso file:
/dev/null
----------------------------------------------
real command=cset shield -e /home/nrink/Projects/build/encode/encode/tests/quicksort/quicksort.perf.encoded --  --cso /dev/null
key=encoded, no.=43, <stderr>:
LENGTH=6600
elapsed cycles: 170241729
hi(checksum)=0x18728DCED539A9FF
lo(checksum)=0x7438CAF326DAAC4A
key=encoded, no.=43, <checksum>:
0x18728DCED539A9FF7438CAF326DAAC4A
key=encoded, no.=43, cso file:
/dev/null
----------------------------------------------
real command=cset shield -e /home/nrink/Projects/build/encode/encode/tests/quicksort/quicksort.perf.encoded --  --cso /dev/null
key=encoded, no.=44, <stderr>:
LENGTH=6600
elapsed cycles: 168777279
hi(checksum)=0x18728DCED539A9FF
lo(checksum)=0x7438CAF326DAAC4A
key=encoded, no.=44, <checksum>:
0x18728DCED539A9FF7438CAF326DAAC4A
key=encoded, no.=44, cso file:
/dev/null
----------------------------------------------
real command=cset shield -e /home/nrink/Projects/build/encode/encode/tests/quicksort/quicksort.perf.encoded --  --cso /dev/null
key=encoded, no.=45, <stderr>:
LENGTH=6600
elapsed cycles: 173194254
hi(checksum)=0x18728DCED539A9FF
lo(checksum)=0x7438CAF326DAAC4A
key=encoded, no.=45, <checksum>:
0x18728DCED539A9FF7438CAF326DAAC4A
key=encoded, no.=45, cso file:
/dev/null
----------------------------------------------
real command=cset shield -e /home/nrink/Projects/build/encode/encode/tests/quicksort/quicksort.perf.encoded --  --cso /dev/null
key=encoded, no.=46, <stderr>:
LENGTH=6600
elapsed cycles: 171986145
hi(checksum)=0x18728DCED539A9FF
lo(checksum)=0x7438CAF326DAAC4A
key=encoded, no.=46, <checksum>:
0x18728DCED539A9FF7438CAF326DAAC4A
key=encoded, no.=46, cso file:
/dev/null
----------------------------------------------
real command=cset shield -e /home/nrink/Projects/build/encode/encode/tests/quicksort/quicksort.perf.encoded --  --cso /dev/null
key=encoded, no.=47, <stderr>:
LENGTH=6600
elapsed cycles: 169196280
hi(checksum)=0x18728DCED539A9FF
lo(checksum)=0x7438CAF326DAAC4A
key=encoded, no.=47, <checksum>:
0x18728DCED539A9FF7438CAF326DAAC4A
key=encoded, no.=47, cso file:
/dev/null
----------------------------------------------
real command=cset shield -e /home/nrink/Projects/build/encode/encode/tests/quicksort/quicksort.perf.encoded --  --cso /dev/null
key=encoded, no.=48, <stderr>:
LENGTH=6600
elapsed cycles: 168949272
hi(checksum)=0x18728DCED539A9FF
lo(checksum)=0x7438CAF326DAAC4A
key=encoded, no.=48, <checksum>:
0x18728DCED539A9FF7438CAF326DAAC4A
key=encoded, no.=48, cso file:
/dev/null
----------------------------------------------
real command=cset shield -e /home/nrink/Projects/build/encode/encode/tests/quicksort/quicksort.perf.encoded --  --cso /dev/null
key=encoded, no.=49, <stderr>:
LENGTH=6600
elapsed cycles: 169928091
hi(checksum)=0x18728DCED539A9FF
lo(checksum)=0x7438CAF326DAAC4A
key=encoded, no.=49, <checksum>:
0x18728DCED539A9FF7438CAF326DAAC4A
key=encoded, no.=49, cso file:
/dev/null
----------------------------------------------
real command=cset shield -e /home/nrink/Projects/build/encode/encode/tests/quicksort/quicksort.perf.encoded --  --cso /dev/null
key=encoded, no.=50, <stderr>:
LENGTH=6600
elapsed cycles: 175983471
hi(checksum)=0x18728DCED539A9FF
lo(checksum)=0x7438CAF326DAAC4A
key=encoded, no.=50, <checksum>:
0x18728DCED539A9FF7438CAF326DAAC4A
key=encoded, no.=50, cso file:
/dev/null
----------------------------------------------
real command=cset shield -e /home/nrink/Projects/build/encode/encode/tests/quicksort/quicksort.perf.encoded --  --cso /dev/null
key=encoded, no.=51, <stderr>:
LENGTH=6600
elapsed cycles: 173744955
hi(checksum)=0x18728DCED539A9FF
lo(checksum)=0x7438CAF326DAAC4A
key=encoded, no.=51, <checksum>:
0x18728DCED539A9FF7438CAF326DAAC4A
key=encoded, no.=51, cso file:
/dev/null
----------------------------------------------
real command=cset shield -e /home/nrink/Projects/build/encode/encode/tests/quicksort/quicksort.perf.encoded --  --cso /dev/null
key=encoded, no.=52, <stderr>:
LENGTH=6600
elapsed cycles: 169792701
hi(checksum)=0x18728DCED539A9FF
lo(checksum)=0x7438CAF326DAAC4A
key=encoded, no.=52, <checksum>:
0x18728DCED539A9FF7438CAF326DAAC4A
key=encoded, no.=52, cso file:
/dev/null
----------------------------------------------
real command=cset shield -e /home/nrink/Projects/build/encode/encode/tests/quicksort/quicksort.perf.encoded --  --cso /dev/null
key=encoded, no.=53, <stderr>:
LENGTH=6600
elapsed cycles: 168874521
hi(checksum)=0x18728DCED539A9FF
lo(checksum)=0x7438CAF326DAAC4A
key=encoded, no.=53, <checksum>:
0x18728DCED539A9FF7438CAF326DAAC4A
key=encoded, no.=53, cso file:
/dev/null
----------------------------------------------
real command=cset shield -e /home/nrink/Projects/build/encode/encode/tests/quicksort/quicksort.perf.encoded --  --cso /dev/null
key=encoded, no.=54, <stderr>:
LENGTH=6600
elapsed cycles: 169851396
hi(checksum)=0x18728DCED539A9FF
lo(checksum)=0x7438CAF326DAAC4A
key=encoded, no.=54, <checksum>:
0x18728DCED539A9FF7438CAF326DAAC4A
key=encoded, no.=54, cso file:
/dev/null
----------------------------------------------
real command=cset shield -e /home/nrink/Projects/build/encode/encode/tests/quicksort/quicksort.perf.encoded --  --cso /dev/null
key=encoded, no.=55, <stderr>:
LENGTH=6600
elapsed cycles: 169265826
hi(checksum)=0x18728DCED539A9FF
lo(checksum)=0x7438CAF326DAAC4A
key=encoded, no.=55, <checksum>:
0x18728DCED539A9FF7438CAF326DAAC4A
key=encoded, no.=55, cso file:
/dev/null
----------------------------------------------
real command=cset shield -e /home/nrink/Projects/build/encode/encode/tests/quicksort/quicksort.perf.encoded --  --cso /dev/null
key=encoded, no.=56, <stderr>:
LENGTH=6600
elapsed cycles: 171013494
hi(checksum)=0x18728DCED539A9FF
lo(checksum)=0x7438CAF326DAAC4A
key=encoded, no.=56, <checksum>:
0x18728DCED539A9FF7438CAF326DAAC4A
key=encoded, no.=56, cso file:
/dev/null
----------------------------------------------
real command=cset shield -e /home/nrink/Projects/build/encode/encode/tests/quicksort/quicksort.perf.encoded --  --cso /dev/null
key=encoded, no.=57, <stderr>:
LENGTH=6600
elapsed cycles: 170479137
hi(checksum)=0x18728DCED539A9FF
lo(checksum)=0x7438CAF326DAAC4A
key=encoded, no.=57, <checksum>:
0x18728DCED539A9FF7438CAF326DAAC4A
key=encoded, no.=57, cso file:
/dev/null
----------------------------------------------
real command=cset shield -e /home/nrink/Projects/build/encode/encode/tests/quicksort/quicksort.perf.encoded --  --cso /dev/null
key=encoded, no.=58, <stderr>:
LENGTH=6600
elapsed cycles: 174537201
hi(checksum)=0x18728DCED539A9FF
lo(checksum)=0x7438CAF326DAAC4A
key=encoded, no.=58, <checksum>:
0x18728DCED539A9FF7438CAF326DAAC4A
key=encoded, no.=58, cso file:
/dev/null
----------------------------------------------
real command=cset shield -e /home/nrink/Projects/build/encode/encode/tests/quicksort/quicksort.perf.encoded --  --cso /dev/null
key=encoded, no.=59, <stderr>:
LENGTH=6600
elapsed cycles: 169323633
hi(checksum)=0x18728DCED539A9FF
lo(checksum)=0x7438CAF326DAAC4A
key=encoded, no.=59, <checksum>:
0x18728DCED539A9FF7438CAF326DAAC4A
key=encoded, no.=59, cso file:
/dev/null
----------------------------------------------
real command=cset shield -e /home/nrink/Projects/build/encode/encode/tests/quicksort/quicksort.perf.encoded --  --cso /dev/null
key=encoded, no.=60, <stderr>:
LENGTH=6600
elapsed cycles: 170670207
hi(checksum)=0x18728DCED539A9FF
lo(checksum)=0x7438CAF326DAAC4A
key=encoded, no.=60, <checksum>:
0x18728DCED539A9FF7438CAF326DAAC4A
key=encoded, no.=60, cso file:
/dev/null
----------------------------------------------
real command=cset shield -e /home/nrink/Projects/build/encode/encode/tests/quicksort/quicksort.perf.encoded --  --cso /dev/null
key=encoded, no.=61, <stderr>:
LENGTH=6600
elapsed cycles: 176981457
hi(checksum)=0x18728DCED539A9FF
lo(checksum)=0x7438CAF326DAAC4A
key=encoded, no.=61, <checksum>:
0x18728DCED539A9FF7438CAF326DAAC4A
key=encoded, no.=61, cso file:
/dev/null
----------------------------------------------
real command=cset shield -e /home/nrink/Projects/build/encode/encode/tests/quicksort/quicksort.perf.encoded --  --cso /dev/null
key=encoded, no.=62, <stderr>:
LENGTH=6600
elapsed cycles: 177751509
hi(checksum)=0x18728DCED539A9FF
lo(checksum)=0x7438CAF326DAAC4A
key=encoded, no.=62, <checksum>:
0x18728DCED539A9FF7438CAF326DAAC4A
key=encoded, no.=62, cso file:
/dev/null
----------------------------------------------
real command=cset shield -e /home/nrink/Projects/build/encode/encode/tests/quicksort/quicksort.perf.encoded --  --cso /dev/null
key=encoded, no.=63, <stderr>:
LENGTH=6600
elapsed cycles: 170997537
hi(checksum)=0x18728DCED539A9FF
lo(checksum)=0x7438CAF326DAAC4A
key=encoded, no.=63, <checksum>:
0x18728DCED539A9FF7438CAF326DAAC4A
key=encoded, no.=63, cso file:
/dev/null
----------------------------------------------
real command=cset shield -e /home/nrink/Projects/build/encode/encode/tests/quicksort/quicksort.perf.encoded --  --cso /dev/null
key=encoded, no.=64, <stderr>:
LENGTH=6600
elapsed cycles: 170141463
hi(checksum)=0x18728DCED539A9FF
lo(checksum)=0x7438CAF326DAAC4A
key=encoded, no.=64, <checksum>:
0x18728DCED539A9FF7438CAF326DAAC4A
key=encoded, no.=64, cso file:
/dev/null
----------------------------------------------
real command=cset shield -e /home/nrink/Projects/build/encode/encode/tests/quicksort/quicksort.perf.encoded --  --cso /dev/null
key=encoded, no.=65, <stderr>:
LENGTH=6600
elapsed cycles: 169684275
hi(checksum)=0x18728DCED539A9FF
lo(checksum)=0x7438CAF326DAAC4A
key=encoded, no.=65, <checksum>:
0x18728DCED539A9FF7438CAF326DAAC4A
key=encoded, no.=65, cso file:
/dev/null
----------------------------------------------
real command=cset shield -e /home/nrink/Projects/build/encode/encode/tests/quicksort/quicksort.perf.encoded --  --cso /dev/null
key=encoded, no.=66, <stderr>:
LENGTH=6600
elapsed cycles: 174856227
hi(checksum)=0x18728DCED539A9FF
lo(checksum)=0x7438CAF326DAAC4A
key=encoded, no.=66, <checksum>:
0x18728DCED539A9FF7438CAF326DAAC4A
key=encoded, no.=66, cso file:
/dev/null
----------------------------------------------
real command=cset shield -e /home/nrink/Projects/build/encode/encode/tests/quicksort/quicksort.perf.encoded --  --cso /dev/null
key=encoded, no.=67, <stderr>:
LENGTH=6600
elapsed cycles: 171826320
hi(checksum)=0x18728DCED539A9FF
lo(checksum)=0x7438CAF326DAAC4A
key=encoded, no.=67, <checksum>:
0x18728DCED539A9FF7438CAF326DAAC4A
key=encoded, no.=67, cso file:
/dev/null
----------------------------------------------
real command=cset shield -e /home/nrink/Projects/build/encode/encode/tests/quicksort/quicksort.perf.encoded --  --cso /dev/null
key=encoded, no.=68, <stderr>:
LENGTH=6600
elapsed cycles: 172222521
hi(checksum)=0x18728DCED539A9FF
lo(checksum)=0x7438CAF326DAAC4A
key=encoded, no.=68, <checksum>:
0x18728DCED539A9FF7438CAF326DAAC4A
key=encoded, no.=68, cso file:
/dev/null
----------------------------------------------
real command=cset shield -e /home/nrink/Projects/build/encode/encode/tests/quicksort/quicksort.perf.encoded --  --cso /dev/null
key=encoded, no.=69, <stderr>:
LENGTH=6600
elapsed cycles: 177683121
hi(checksum)=0x18728DCED539A9FF
lo(checksum)=0x7438CAF326DAAC4A
key=encoded, no.=69, <checksum>:
0x18728DCED539A9FF7438CAF326DAAC4A
key=encoded, no.=69, cso file:
/dev/null
----------------------------------------------
real command=cset shield -e /home/nrink/Projects/build/encode/encode/tests/quicksort/quicksort.perf.encoded --  --cso /dev/null
key=encoded, no.=70, <stderr>:
LENGTH=6600
elapsed cycles: 175764123
hi(checksum)=0x18728DCED539A9FF
lo(checksum)=0x7438CAF326DAAC4A
key=encoded, no.=70, <checksum>:
0x18728DCED539A9FF7438CAF326DAAC4A
key=encoded, no.=70, cso file:
/dev/null
----------------------------------------------
real command=cset shield -e /home/nrink/Projects/build/encode/encode/tests/quicksort/quicksort.perf.encoded --  --cso /dev/null
key=encoded, no.=71, <stderr>:
LENGTH=6600
elapsed cycles: 178523607
hi(checksum)=0x18728DCED539A9FF
lo(checksum)=0x7438CAF326DAAC4A
key=encoded, no.=71, <checksum>:
0x18728DCED539A9FF7438CAF326DAAC4A
key=encoded, no.=71, cso file:
/dev/null
----------------------------------------------
real command=cset shield -e /home/nrink/Projects/build/encode/encode/tests/quicksort/quicksort.perf.encoded --  --cso /dev/null
key=encoded, no.=72, <stderr>:
LENGTH=6600
elapsed cycles: 182543181
hi(checksum)=0x18728DCED539A9FF
lo(checksum)=0x7438CAF326DAAC4A
key=encoded, no.=72, <checksum>:
0x18728DCED539A9FF7438CAF326DAAC4A
key=encoded, no.=72, cso file:
/dev/null
----------------------------------------------
real command=cset shield -e /home/nrink/Projects/build/encode/encode/tests/quicksort/quicksort.perf.encoded --  --cso /dev/null
key=encoded, no.=73, <stderr>:
LENGTH=6600
elapsed cycles: 182233584
hi(checksum)=0x18728DCED539A9FF
lo(checksum)=0x7438CAF326DAAC4A
key=encoded, no.=73, <checksum>:
0x18728DCED539A9FF7438CAF326DAAC4A
key=encoded, no.=73, cso file:
/dev/null
----------------------------------------------
real command=cset shield -e /home/nrink/Projects/build/encode/encode/tests/quicksort/quicksort.perf.encoded --  --cso /dev/null
key=encoded, no.=74, <stderr>:
LENGTH=6600
elapsed cycles: 171665280
hi(checksum)=0x18728DCED539A9FF
lo(checksum)=0x7438CAF326DAAC4A
key=encoded, no.=74, <checksum>:
0x18728DCED539A9FF7438CAF326DAAC4A
key=encoded, no.=74, cso file:
/dev/null
----------------------------------------------
real command=cset shield -e /home/nrink/Projects/build/encode/encode/tests/quicksort/quicksort.perf.encoded --  --cso /dev/null
key=encoded, no.=75, <stderr>:
LENGTH=6600
elapsed cycles: 171944124
hi(checksum)=0x18728DCED539A9FF
lo(checksum)=0x7438CAF326DAAC4A
key=encoded, no.=75, <checksum>:
0x18728DCED539A9FF7438CAF326DAAC4A
key=encoded, no.=75, cso file:
/dev/null
----------------------------------------------
real command=cset shield -e /home/nrink/Projects/build/encode/encode/tests/quicksort/quicksort.perf.encoded --  --cso /dev/null
key=encoded, no.=76, <stderr>:
LENGTH=6600
elapsed cycles: 174306246
hi(checksum)=0x18728DCED539A9FF
lo(checksum)=0x7438CAF326DAAC4A
key=encoded, no.=76, <checksum>:
0x18728DCED539A9FF7438CAF326DAAC4A
key=encoded, no.=76, cso file:
/dev/null
----------------------------------------------
real command=cset shield -e /home/nrink/Projects/build/encode/encode/tests/quicksort/quicksort.perf.encoded --  --cso /dev/null
key=encoded, no.=77, <stderr>:
LENGTH=6600
elapsed cycles: 174293715
hi(checksum)=0x18728DCED539A9FF
lo(checksum)=0x7438CAF326DAAC4A
key=encoded, no.=77, <checksum>:
0x18728DCED539A9FF7438CAF326DAAC4A
key=encoded, no.=77, cso file:
/dev/null
----------------------------------------------
real command=cset shield -e /home/nrink/Projects/build/encode/encode/tests/quicksort/quicksort.perf.encoded --  --cso /dev/null
key=encoded, no.=78, <stderr>:
LENGTH=6600
elapsed cycles: 173408721
hi(checksum)=0x18728DCED539A9FF
lo(checksum)=0x7438CAF326DAAC4A
key=encoded, no.=78, <checksum>:
0x18728DCED539A9FF7438CAF326DAAC4A
key=encoded, no.=78, cso file:
/dev/null
----------------------------------------------
real command=cset shield -e /home/nrink/Projects/build/encode/encode/tests/quicksort/quicksort.perf.encoded --  --cso /dev/null
key=encoded, no.=79, <stderr>:
LENGTH=6600
elapsed cycles: 183984135
hi(checksum)=0x18728DCED539A9FF
lo(checksum)=0x7438CAF326DAAC4A
key=encoded, no.=79, <checksum>:
0x18728DCED539A9FF7438CAF326DAAC4A
key=encoded, no.=79, cso file:
/dev/null
----------------------------------------------
real command=cset shield -e /home/nrink/Projects/build/encode/encode/tests/quicksort/quicksort.perf.encoded --  --cso /dev/null
key=encoded, no.=80, <stderr>:
LENGTH=6600
elapsed cycles: 180437484
hi(checksum)=0x18728DCED539A9FF
lo(checksum)=0x7438CAF326DAAC4A
key=encoded, no.=80, <checksum>:
0x18728DCED539A9FF7438CAF326DAAC4A
key=encoded, no.=80, cso file:
/dev/null
----------------------------------------------
real command=cset shield -e /home/nrink/Projects/build/encode/encode/tests/quicksort/quicksort.perf.encoded --  --cso /dev/null
key=encoded, no.=81, <stderr>:
LENGTH=6600
elapsed cycles: 175841730
hi(checksum)=0x18728DCED539A9FF
lo(checksum)=0x7438CAF326DAAC4A
key=encoded, no.=81, <checksum>:
0x18728DCED539A9FF7438CAF326DAAC4A
key=encoded, no.=81, cso file:
/dev/null
----------------------------------------------
real command=cset shield -e /home/nrink/Projects/build/encode/encode/tests/quicksort/quicksort.perf.encoded --  --cso /dev/null
key=encoded, no.=82, <stderr>:
LENGTH=6600
elapsed cycles: 173793417
hi(checksum)=0x18728DCED539A9FF
lo(checksum)=0x7438CAF326DAAC4A
key=encoded, no.=82, <checksum>:
0x18728DCED539A9FF7438CAF326DAAC4A
key=encoded, no.=82, cso file:
/dev/null
----------------------------------------------
real command=cset shield -e /home/nrink/Projects/build/encode/encode/tests/quicksort/quicksort.perf.encoded --  --cso /dev/null
key=encoded, no.=83, <stderr>:
LENGTH=6600
elapsed cycles: 186296760
hi(checksum)=0x18728DCED539A9FF
lo(checksum)=0x7438CAF326DAAC4A
key=encoded, no.=83, <checksum>:
0x18728DCED539A9FF7438CAF326DAAC4A
key=encoded, no.=83, cso file:
/dev/null
----------------------------------------------
real command=cset shield -e /home/nrink/Projects/build/encode/encode/tests/quicksort/quicksort.perf.encoded --  --cso /dev/null
key=encoded, no.=84, <stderr>:
LENGTH=6600
elapsed cycles: 185786850
hi(checksum)=0x18728DCED539A9FF
lo(checksum)=0x7438CAF326DAAC4A
key=encoded, no.=84, <checksum>:
0x18728DCED539A9FF7438CAF326DAAC4A
key=encoded, no.=84, cso file:
/dev/null
----------------------------------------------
real command=cset shield -e /home/nrink/Projects/build/encode/encode/tests/quicksort/quicksort.perf.encoded --  --cso /dev/null
key=encoded, no.=85, <stderr>:
LENGTH=6600
elapsed cycles: 188486079
hi(checksum)=0x18728DCED539A9FF
lo(checksum)=0x7438CAF326DAAC4A
key=encoded, no.=85, <checksum>:
0x18728DCED539A9FF7438CAF326DAAC4A
key=encoded, no.=85, cso file:
/dev/null
----------------------------------------------
real command=cset shield -e /home/nrink/Projects/build/encode/encode/tests/quicksort/quicksort.perf.encoded --  --cso /dev/null
key=encoded, no.=86, <stderr>:
LENGTH=6600
elapsed cycles: 182056176
hi(checksum)=0x18728DCED539A9FF
lo(checksum)=0x7438CAF326DAAC4A
key=encoded, no.=86, <checksum>:
0x18728DCED539A9FF7438CAF326DAAC4A
key=encoded, no.=86, cso file:
/dev/null
----------------------------------------------
real command=cset shield -e /home/nrink/Projects/build/encode/encode/tests/quicksort/quicksort.perf.encoded --  --cso /dev/null
key=encoded, no.=87, <stderr>:
LENGTH=6600
elapsed cycles: 181054437
hi(checksum)=0x18728DCED539A9FF
lo(checksum)=0x7438CAF326DAAC4A
key=encoded, no.=87, <checksum>:
0x18728DCED539A9FF7438CAF326DAAC4A
key=encoded, no.=87, cso file:
/dev/null
----------------------------------------------
real command=cset shield -e /home/nrink/Projects/build/encode/encode/tests/quicksort/quicksort.perf.encoded --  --cso /dev/null
key=encoded, no.=88, <stderr>:
LENGTH=6600
elapsed cycles: 188492320
hi(checksum)=0x18728DCED539A9FF
lo(checksum)=0x7438CAF326DAAC4A
key=encoded, no.=88, <checksum>:
0x18728DCED539A9FF7438CAF326DAAC4A
key=encoded, no.=88, cso file:
/dev/null
----------------------------------------------
real command=cset shield -e /home/nrink/Projects/build/encode/encode/tests/quicksort/quicksort.perf.encoded --  --cso /dev/null
key=encoded, no.=89, <stderr>:
LENGTH=6600
elapsed cycles: 186159321
hi(checksum)=0x18728DCED539A9FF
lo(checksum)=0x7438CAF326DAAC4A
key=encoded, no.=89, <checksum>:
0x18728DCED539A9FF7438CAF326DAAC4A
key=encoded, no.=89, cso file:
/dev/null
----------------------------------------------
real command=cset shield -e /home/nrink/Projects/build/encode/encode/tests/quicksort/quicksort.perf.encoded --  --cso /dev/null
key=encoded, no.=90, <stderr>:
LENGTH=6600
elapsed cycles: 178522958
hi(checksum)=0x18728DCED539A9FF
lo(checksum)=0x7438CAF326DAAC4A
key=encoded, no.=90, <checksum>:
0x18728DCED539A9FF7438CAF326DAAC4A
key=encoded, no.=90, cso file:
/dev/null
----------------------------------------------
real command=cset shield -e /home/nrink/Projects/build/encode/encode/tests/quicksort/quicksort.perf.encoded --  --cso /dev/null
key=encoded, no.=91, <stderr>:
LENGTH=6600
elapsed cycles: 197762022
hi(checksum)=0x18728DCED539A9FF
lo(checksum)=0x7438CAF326DAAC4A
key=encoded, no.=91, <checksum>:
0x18728DCED539A9FF7438CAF326DAAC4A
key=encoded, no.=91, cso file:
/dev/null
----------------------------------------------
real command=cset shield -e /home/nrink/Projects/build/encode/encode/tests/quicksort/quicksort.perf.encoded --  --cso /dev/null
key=encoded, no.=92, <stderr>:
LENGTH=6600
elapsed cycles: 179149344
hi(checksum)=0x18728DCED539A9FF
lo(checksum)=0x7438CAF326DAAC4A
key=encoded, no.=92, <checksum>:
0x18728DCED539A9FF7438CAF326DAAC4A
key=encoded, no.=92, cso file:
/dev/null
----------------------------------------------
real command=cset shield -e /home/nrink/Projects/build/encode/encode/tests/quicksort/quicksort.perf.encoded --  --cso /dev/null
key=encoded, no.=93, <stderr>:
LENGTH=6600
elapsed cycles: 179176292
hi(checksum)=0x18728DCED539A9FF
lo(checksum)=0x7438CAF326DAAC4A
key=encoded, no.=93, <checksum>:
0x18728DCED539A9FF7438CAF326DAAC4A
key=encoded, no.=93, cso file:
/dev/null
----------------------------------------------
real command=cset shield -e /home/nrink/Projects/build/encode/encode/tests/quicksort/quicksort.perf.encoded --  --cso /dev/null
key=encoded, no.=94, <stderr>:
LENGTH=6600
elapsed cycles: 175336317
hi(checksum)=0x18728DCED539A9FF
lo(checksum)=0x7438CAF326DAAC4A
key=encoded, no.=94, <checksum>:
0x18728DCED539A9FF7438CAF326DAAC4A
key=encoded, no.=94, cso file:
/dev/null
----------------------------------------------
real command=cset shield -e /home/nrink/Projects/build/encode/encode/tests/quicksort/quicksort.perf.encoded --  --cso /dev/null
key=encoded, no.=95, <stderr>:
LENGTH=6600
elapsed cycles: 183832308
hi(checksum)=0x18728DCED539A9FF
lo(checksum)=0x7438CAF326DAAC4A
key=encoded, no.=95, <checksum>:
0x18728DCED539A9FF7438CAF326DAAC4A
key=encoded, no.=95, cso file:
/dev/null
----------------------------------------------
real command=cset shield -e /home/nrink/Projects/build/encode/encode/tests/quicksort/quicksort.perf.encoded --  --cso /dev/null
key=encoded, no.=96, <stderr>:
LENGTH=6600
elapsed cycles: 208363104
hi(checksum)=0x18728DCED539A9FF
lo(checksum)=0x7438CAF326DAAC4A
key=encoded, no.=96, <checksum>:
0x18728DCED539A9FF7438CAF326DAAC4A
key=encoded, no.=96, cso file:
/dev/null
----------------------------------------------
real command=cset shield -e /home/nrink/Projects/build/encode/encode/tests/quicksort/quicksort.perf.encoded --  --cso /dev/null
key=encoded, no.=97, <stderr>:
LENGTH=6600
elapsed cycles: 190838184
hi(checksum)=0x18728DCED539A9FF
lo(checksum)=0x7438CAF326DAAC4A
key=encoded, no.=97, <checksum>:
0x18728DCED539A9FF7438CAF326DAAC4A
key=encoded, no.=97, cso file:
/dev/null
----------------------------------------------
real command=cset shield -e /home/nrink/Projects/build/encode/encode/tests/quicksort/quicksort.perf.encoded --  --cso /dev/null
key=encoded, no.=98, <stderr>:
LENGTH=6600
elapsed cycles: 181194720
hi(checksum)=0x18728DCED539A9FF
lo(checksum)=0x7438CAF326DAAC4A
key=encoded, no.=98, <checksum>:
0x18728DCED539A9FF7438CAF326DAAC4A
key=encoded, no.=98, cso file:
/dev/null
----------------------------------------------
real command=cset shield -e /home/nrink/Projects/build/encode/encode/tests/quicksort/quicksort.perf.encoded --  --cso /dev/null
key=encoded, no.=99, <stderr>:
LENGTH=6600
elapsed cycles: 186214424
hi(checksum)=0x18728DCED539A9FF
lo(checksum)=0x7438CAF326DAAC4A
key=encoded, no.=99, <checksum>:
0x18728DCED539A9FF7438CAF326DAAC4A
key=encoded, no.=99, cso file:
/dev/null
----------------------------------------------
