<stderr> from running /home/nrink/Projects/pin-2.14-71313-gcc.4.4.7-linux/pin.sh -t /home/nrink/Projects/bfi/obj-intel64/bfi.so -trigger 163997 -cmd RVAL -seed 1 -mask 19 -- /home/nrink/Projects/build/encode/encode/tests/quicksort/quicksort.cover.plain --cso ./2015-05-05_12:10:21/quicksort/cover/cs/plain.84.cso --csl ./2015-05-05_12:10:21/quicksort/cover/cs/plain.84.csl:
[.:    0, IP = 0x400b10, i = 164001, wa = 0, ra = 0, rr = 0, wr = 0, it = 0, t = 0]
	access = read, size = 8, value = 3, value' = 16, addr = 0x6020d8, op = 0
elapsed cycles: 405966372
hi(checksum)=0x0000000000000000
lo(checksum)=0x00007CE2A6C4AB2C
**********************
INSTR   = 174410
WADDR   = 0
RADDR   = 0
RREG    = 0
WREG    = 0
ITER    = 0
TRIGGER = 163997
TTYPE   = IN
COMMAND = RVAL
SEL     = -1
SEED    = 1
MASK    = 0x13
THREAD  = 0
ELAPSED = 10.42s
----------------------------------------------------------------
