<stderr> from running /home/nrink/Projects/pin-2.14-71313-gcc.4.4.7-linux/pin.sh -t /home/nrink/Projects/bfi/obj-intel64/bfi.so -trigger 165459 -cmd WADDR -seed 1 -mask 102 -- /home/nrink/Projects/build/encode/encode/tests/quicksort/quicksort.cover.encoded --cso ./2015-05-05_12:10:21/quicksort/cover/cs/encoded.36.cso --csl ./2015-05-05_12:10:21/quicksort/cover/cs/encoded.36.csl:
[.:    0, IP = 0x400c1c, i = 165462, wa = 0, ra = 0, rr = 0, wr = 0, it = 0, t = 0]
	access = write, size = 8, addr = 0x6020a0, addr' = 0x6020c6, op = 0
**********************
INSTR   = 166299
WADDR   = 0
RADDR   = 0
RREG    = 0
WREG    = 0
ITER    = 0
TRIGGER = 165459
TTYPE   = IN
COMMAND = WADDR
SEL     = -1
SEED    = 1
MASK    = 0x66
THREAD  = 0
ELAPSED = 11.10s
Segmentation fault (core dumped)
----------------------------------------------------------------
