<stderr> from running /home/nrink/Projects/pin-2.14-71313-gcc.4.4.7-linux/pin.sh -t /home/nrink/Projects/bfi/obj-intel64/bfi.so -trigger 163990 -cmd RADDR -seed 1 -mask 32 -- /home/nrink/Projects/build/encode/encode/tests/quicksort/quicksort.cover.plain --cso ./2015-05-05_12:10:21/quicksort/cover/cs/plain.35.cso --csl ./2015-05-05_12:10:21/quicksort/cover/cs/plain.35.csl:
[.:    0, IP = 0x400aa4, i = 163993, wa = 0, ra = 0, rr = 0, wr = 0, it = 0, t = 0]
	access = read, size = 8, addr = 0x6020d8, addr' = 0x6020f8, op = 0
elapsed cycles: 904219824
hi(checksum)=0x0000000000000000
lo(checksum)=0x00007CDC1CD03833
**********************
INSTR   = 174409
WADDR   = 0
RADDR   = 0
RREG    = 0
WREG    = 0
ITER    = 0
TRIGGER = 163990
TTYPE   = IN
COMMAND = RADDR
SEL     = -1
SEED    = 1
MASK    = 0x20
THREAD  = 0
ELAPSED = 25.07s
----------------------------------------------------------------
