<stderr> from running /home/nrink/Projects/pin-2.14-71313-gcc.4.4.7-linux/pin.sh -t /home/nrink/Projects/bfi/obj-intel64/bfi.so -trigger 80142643 -cmd TXT -seed 1 -mask 97 -- /home/nrink/Projects/build/encode/encode/tests/dijkstra/dijkstra.cover.plain /home/nrink/Projects/build/encode/encode/tests/dijkstra/dijkstra_input.dat --cso ./2015-05-05_12:10:21/dijkstra/cover/cs/plain.1.cso --csl ./2015-05-05_12:10:21/dijkstra/cover/cs/plain.1.csl:
[.:    0, IP = 0x400fbb, i = 80142643, wa = 0, ra = 0, rr = 0, wr = 0, it = 0, t = 0]
	ip' = 0x400fbd, size = 2, mask = 97, idx = 1, byte = 116, byte' = 21
elapsed cycles: 345192233971
hi(checksum)=0x0651484E044488F0
lo(checksum)=0x8A61BB16A5A889BA
**********************
INSTR   = 195827442
WADDR   = 0
RADDR   = 0
RREG    = 0
WREG    = 0
ITER    = 0
TRIGGER = 80142643
TTYPE   = IN
COMMAND = TXT
SEL     = -1
SEED    = 1
MASK    = 0x61
THREAD  = 0
ELAPSED = 127.21s
----------------------------------------------------------------
