<stderr> from running /home/nrink/Projects/pin-2.14-71313-gcc.4.4.7-linux/pin.sh -t /home/nrink/Projects/bfi/obj-intel64/bfi.so -trigger 163780 -cmd WADDR -seed 1 -mask 249 -- /home/nrink/Projects/build/encode/encode/tests/bubblesort/bubblesort.cover.plain --cso ./2015-05-05_11:58:41/bubblesort/cover/cs/plain.13.cso --csl ./2015-05-05_11:58:41/bubblesort/cover/cs/plain.13.csl:
[.:    0, IP = 0x400ad0, i = 163812, wa = 0, ra = 0, rr = 0, wr = 0, it = 0, t = 0]
	access = write, size = 8, addr = 0x6020c8, addr' = 0x602031, op = 0
elapsed cycles: 84751173
hi(checksum)=0x0000000000000000
lo(checksum)=0x00007CDAE2CCD9E8
**********************
INSTR   = 174505
WADDR   = 0
RADDR   = 0
RREG    = 0
WREG    = 0
ITER    = 0
TRIGGER = 163780
TTYPE   = IN
COMMAND = WADDR
SEL     = -1
SEED    = 1
MASK    = 0xf9
THREAD  = 0
ELAPSED = 4.40s
----------------------------------------------------------------
