key=plain, runs=100 ...
command=/home/nrink/Projects/build/encode/encode/tests/array_sum/array_sum.perf.plain
----------------------------------------------
real command=cset shield -e /home/nrink/Projects/build/encode/encode/tests/array_sum/array_sum.perf.plain --  --cso /dev/null
key=plain, no.=0, <stderr>:
LENGTH=160
elapsed cycles: 31122
hi(checksum)=0x2230FCF9ED8B1A52
lo(checksum)=0x17AD706FEFB55700
key=plain, no.=0, <checksum>:
0x2230FCF9ED8B1A5217AD706FEFB55700
key=plain, no.=0, cso file:
/dev/null
----------------------------------------------
real command=cset shield -e /home/nrink/Projects/build/encode/encode/tests/array_sum/array_sum.perf.plain --  --cso /dev/null
key=plain, no.=1, <stderr>:
LENGTH=160
elapsed cycles: 63498
hi(checksum)=0x2230FCF9ED8B1A52
lo(checksum)=0x17AD706FEFB55700
key=plain, no.=1, <checksum>:
0x2230FCF9ED8B1A5217AD706FEFB55700
key=plain, no.=1, cso file:
/dev/null
----------------------------------------------
real command=cset shield -e /home/nrink/Projects/build/encode/encode/tests/array_sum/array_sum.perf.plain --  --cso /dev/null
key=plain, no.=2, <stderr>:
LENGTH=160
elapsed cycles: 31287
hi(checksum)=0x2230FCF9ED8B1A52
lo(checksum)=0x17AD706FEFB55700
key=plain, no.=2, <checksum>:
0x2230FCF9ED8B1A5217AD706FEFB55700
key=plain, no.=2, cso file:
/dev/null
----------------------------------------------
real command=cset shield -e /home/nrink/Projects/build/encode/encode/tests/array_sum/array_sum.perf.plain --  --cso /dev/null
key=plain, no.=3, <stderr>:
LENGTH=160
elapsed cycles: 31338
hi(checksum)=0x2230FCF9ED8B1A52
lo(checksum)=0x17AD706FEFB55700
key=plain, no.=3, <checksum>:
0x2230FCF9ED8B1A5217AD706FEFB55700
key=plain, no.=3, cso file:
/dev/null
----------------------------------------------
real command=cset shield -e /home/nrink/Projects/build/encode/encode/tests/array_sum/array_sum.perf.plain --  --cso /dev/null
key=plain, no.=4, <stderr>:
LENGTH=160
elapsed cycles: 31092
hi(checksum)=0x2230FCF9ED8B1A52
lo(checksum)=0x17AD706FEFB55700
key=plain, no.=4, <checksum>:
0x2230FCF9ED8B1A5217AD706FEFB55700
key=plain, no.=4, cso file:
/dev/null
----------------------------------------------
real command=cset shield -e /home/nrink/Projects/build/encode/encode/tests/array_sum/array_sum.perf.plain --  --cso /dev/null
key=plain, no.=5, <stderr>:
LENGTH=160
elapsed cycles: 32616
hi(checksum)=0x2230FCF9ED8B1A52
lo(checksum)=0x17AD706FEFB55700
key=plain, no.=5, <checksum>:
0x2230FCF9ED8B1A5217AD706FEFB55700
key=plain, no.=5, cso file:
/dev/null
----------------------------------------------
real command=cset shield -e /home/nrink/Projects/build/encode/encode/tests/array_sum/array_sum.perf.plain --  --cso /dev/null
key=plain, no.=6, <stderr>:
LENGTH=160
elapsed cycles: 31554
hi(checksum)=0x2230FCF9ED8B1A52
lo(checksum)=0x17AD706FEFB55700
key=plain, no.=6, <checksum>:
0x2230FCF9ED8B1A5217AD706FEFB55700
key=plain, no.=6, cso file:
/dev/null
----------------------------------------------
real command=cset shield -e /home/nrink/Projects/build/encode/encode/tests/array_sum/array_sum.perf.plain --  --cso /dev/null
key=plain, no.=7, <stderr>:
LENGTH=160
elapsed cycles: 31143
hi(checksum)=0x2230FCF9ED8B1A52
lo(checksum)=0x17AD706FEFB55700
key=plain, no.=7, <checksum>:
0x2230FCF9ED8B1A5217AD706FEFB55700
key=plain, no.=7, cso file:
/dev/null
----------------------------------------------
real command=cset shield -e /home/nrink/Projects/build/encode/encode/tests/array_sum/array_sum.perf.plain --  --cso /dev/null
key=plain, no.=8, <stderr>:
LENGTH=160
elapsed cycles: 31059
hi(checksum)=0x2230FCF9ED8B1A52
lo(checksum)=0x17AD706FEFB55700
key=plain, no.=8, <checksum>:
0x2230FCF9ED8B1A5217AD706FEFB55700
key=plain, no.=8, cso file:
/dev/null
----------------------------------------------
real command=cset shield -e /home/nrink/Projects/build/encode/encode/tests/array_sum/array_sum.perf.plain --  --cso /dev/null
key=plain, no.=9, <stderr>:
LENGTH=160
elapsed cycles: 63705
hi(checksum)=0x2230FCF9ED8B1A52
lo(checksum)=0x17AD706FEFB55700
key=plain, no.=9, <checksum>:
0x2230FCF9ED8B1A5217AD706FEFB55700
key=plain, no.=9, cso file:
/dev/null
----------------------------------------------
real command=cset shield -e /home/nrink/Projects/build/encode/encode/tests/array_sum/array_sum.perf.plain --  --cso /dev/null
key=plain, no.=10, <stderr>:
LENGTH=160
elapsed cycles: 31602
hi(checksum)=0x2230FCF9ED8B1A52
lo(checksum)=0x17AD706FEFB55700
key=plain, no.=10, <checksum>:
0x2230FCF9ED8B1A5217AD706FEFB55700
key=plain, no.=10, cso file:
/dev/null
----------------------------------------------
real command=cset shield -e /home/nrink/Projects/build/encode/encode/tests/array_sum/array_sum.perf.plain --  --cso /dev/null
key=plain, no.=11, <stderr>:
LENGTH=160
elapsed cycles: 31167
hi(checksum)=0x2230FCF9ED8B1A52
lo(checksum)=0x17AD706FEFB55700
key=plain, no.=11, <checksum>:
0x2230FCF9ED8B1A5217AD706FEFB55700
key=plain, no.=11, cso file:
/dev/null
----------------------------------------------
real command=cset shield -e /home/nrink/Projects/build/encode/encode/tests/array_sum/array_sum.perf.plain --  --cso /dev/null
key=plain, no.=12, <stderr>:
LENGTH=160
elapsed cycles: 32244
hi(checksum)=0x2230FCF9ED8B1A52
lo(checksum)=0x17AD706FEFB55700
key=plain, no.=12, <checksum>:
0x2230FCF9ED8B1A5217AD706FEFB55700
key=plain, no.=12, cso file:
/dev/null
----------------------------------------------
real command=cset shield -e /home/nrink/Projects/build/encode/encode/tests/array_sum/array_sum.perf.plain --  --cso /dev/null
key=plain, no.=13, <stderr>:
LENGTH=160
elapsed cycles: 32040
hi(checksum)=0x2230FCF9ED8B1A52
lo(checksum)=0x17AD706FEFB55700
key=plain, no.=13, <checksum>:
0x2230FCF9ED8B1A5217AD706FEFB55700
key=plain, no.=13, cso file:
/dev/null
----------------------------------------------
real command=cset shield -e /home/nrink/Projects/build/encode/encode/tests/array_sum/array_sum.perf.plain --  --cso /dev/null
key=plain, no.=14, <stderr>:
LENGTH=160
elapsed cycles: 31026
hi(checksum)=0x2230FCF9ED8B1A52
lo(checksum)=0x17AD706FEFB55700
key=plain, no.=14, <checksum>:
0x2230FCF9ED8B1A5217AD706FEFB55700
key=plain, no.=14, cso file:
/dev/null
----------------------------------------------
real command=cset shield -e /home/nrink/Projects/build/encode/encode/tests/array_sum/array_sum.perf.plain --  --cso /dev/null
key=plain, no.=15, <stderr>:
LENGTH=160
elapsed cycles: 31443
hi(checksum)=0x2230FCF9ED8B1A52
lo(checksum)=0x17AD706FEFB55700
key=plain, no.=15, <checksum>:
0x2230FCF9ED8B1A5217AD706FEFB55700
key=plain, no.=15, cso file:
/dev/null
----------------------------------------------
real command=cset shield -e /home/nrink/Projects/build/encode/encode/tests/array_sum/array_sum.perf.plain --  --cso /dev/null
key=plain, no.=16, <stderr>:
LENGTH=160
elapsed cycles: 31368
hi(checksum)=0x2230FCF9ED8B1A52
lo(checksum)=0x17AD706FEFB55700
key=plain, no.=16, <checksum>:
0x2230FCF9ED8B1A5217AD706FEFB55700
key=plain, no.=16, cso file:
/dev/null
----------------------------------------------
real command=cset shield -e /home/nrink/Projects/build/encode/encode/tests/array_sum/array_sum.perf.plain --  --cso /dev/null
key=plain, no.=17, <stderr>:
LENGTH=160
elapsed cycles: 31152
hi(checksum)=0x2230FCF9ED8B1A52
lo(checksum)=0x17AD706FEFB55700
key=plain, no.=17, <checksum>:
0x2230FCF9ED8B1A5217AD706FEFB55700
key=plain, no.=17, cso file:
/dev/null
----------------------------------------------
real command=cset shield -e /home/nrink/Projects/build/encode/encode/tests/array_sum/array_sum.perf.plain --  --cso /dev/null
key=plain, no.=18, <stderr>:
LENGTH=160
elapsed cycles: 31122
hi(checksum)=0x2230FCF9ED8B1A52
lo(checksum)=0x17AD706FEFB55700
key=plain, no.=18, <checksum>:
0x2230FCF9ED8B1A5217AD706FEFB55700
key=plain, no.=18, cso file:
/dev/null
----------------------------------------------
real command=cset shield -e /home/nrink/Projects/build/encode/encode/tests/array_sum/array_sum.perf.plain --  --cso /dev/null
key=plain, no.=19, <stderr>:
LENGTH=160
elapsed cycles: 31158
hi(checksum)=0x2230FCF9ED8B1A52
lo(checksum)=0x17AD706FEFB55700
key=plain, no.=19, <checksum>:
0x2230FCF9ED8B1A5217AD706FEFB55700
key=plain, no.=19, cso file:
/dev/null
----------------------------------------------
real command=cset shield -e /home/nrink/Projects/build/encode/encode/tests/array_sum/array_sum.perf.plain --  --cso /dev/null
key=plain, no.=20, <stderr>:
LENGTH=160
elapsed cycles: 31215
hi(checksum)=0x2230FCF9ED8B1A52
lo(checksum)=0x17AD706FEFB55700
key=plain, no.=20, <checksum>:
0x2230FCF9ED8B1A5217AD706FEFB55700
key=plain, no.=20, cso file:
/dev/null
----------------------------------------------
real command=cset shield -e /home/nrink/Projects/build/encode/encode/tests/array_sum/array_sum.perf.plain --  --cso /dev/null
key=plain, no.=21, <stderr>:
LENGTH=160
elapsed cycles: 31284
hi(checksum)=0x2230FCF9ED8B1A52
lo(checksum)=0x17AD706FEFB55700
key=plain, no.=21, <checksum>:
0x2230FCF9ED8B1A5217AD706FEFB55700
key=plain, no.=21, cso file:
/dev/null
----------------------------------------------
real command=cset shield -e /home/nrink/Projects/build/encode/encode/tests/array_sum/array_sum.perf.plain --  --cso /dev/null
key=plain, no.=22, <stderr>:
LENGTH=160
elapsed cycles: 31218
hi(checksum)=0x2230FCF9ED8B1A52
lo(checksum)=0x17AD706FEFB55700
key=plain, no.=22, <checksum>:
0x2230FCF9ED8B1A5217AD706FEFB55700
key=plain, no.=22, cso file:
/dev/null
----------------------------------------------
real command=cset shield -e /home/nrink/Projects/build/encode/encode/tests/array_sum/array_sum.perf.plain --  --cso /dev/null
key=plain, no.=23, <stderr>:
LENGTH=160
elapsed cycles: 31089
hi(checksum)=0x2230FCF9ED8B1A52
lo(checksum)=0x17AD706FEFB55700
key=plain, no.=23, <checksum>:
0x2230FCF9ED8B1A5217AD706FEFB55700
key=plain, no.=23, cso file:
/dev/null
----------------------------------------------
real command=cset shield -e /home/nrink/Projects/build/encode/encode/tests/array_sum/array_sum.perf.plain --  --cso /dev/null
key=plain, no.=24, <stderr>:
LENGTH=160
elapsed cycles: 31218
hi(checksum)=0x2230FCF9ED8B1A52
lo(checksum)=0x17AD706FEFB55700
key=plain, no.=24, <checksum>:
0x2230FCF9ED8B1A5217AD706FEFB55700
key=plain, no.=24, cso file:
/dev/null
----------------------------------------------
real command=cset shield -e /home/nrink/Projects/build/encode/encode/tests/array_sum/array_sum.perf.plain --  --cso /dev/null
key=plain, no.=25, <stderr>:
LENGTH=160
elapsed cycles: 31341
hi(checksum)=0x2230FCF9ED8B1A52
lo(checksum)=0x17AD706FEFB55700
key=plain, no.=25, <checksum>:
0x2230FCF9ED8B1A5217AD706FEFB55700
key=plain, no.=25, cso file:
/dev/null
----------------------------------------------
real command=cset shield -e /home/nrink/Projects/build/encode/encode/tests/array_sum/array_sum.perf.plain --  --cso /dev/null
key=plain, no.=26, <stderr>:
LENGTH=160
elapsed cycles: 31221
hi(checksum)=0x2230FCF9ED8B1A52
lo(checksum)=0x17AD706FEFB55700
key=plain, no.=26, <checksum>:
0x2230FCF9ED8B1A5217AD706FEFB55700
key=plain, no.=26, cso file:
/dev/null
----------------------------------------------
real command=cset shield -e /home/nrink/Projects/build/encode/encode/tests/array_sum/array_sum.perf.plain --  --cso /dev/null
key=plain, no.=27, <stderr>:
LENGTH=160
elapsed cycles: 31119
hi(checksum)=0x2230FCF9ED8B1A52
lo(checksum)=0x17AD706FEFB55700
key=plain, no.=27, <checksum>:
0x2230FCF9ED8B1A5217AD706FEFB55700
key=plain, no.=27, cso file:
/dev/null
----------------------------------------------
real command=cset shield -e /home/nrink/Projects/build/encode/encode/tests/array_sum/array_sum.perf.plain --  --cso /dev/null
key=plain, no.=28, <stderr>:
LENGTH=160
elapsed cycles: 31125
hi(checksum)=0x2230FCF9ED8B1A52
lo(checksum)=0x17AD706FEFB55700
key=plain, no.=28, <checksum>:
0x2230FCF9ED8B1A5217AD706FEFB55700
key=plain, no.=28, cso file:
/dev/null
----------------------------------------------
real command=cset shield -e /home/nrink/Projects/build/encode/encode/tests/array_sum/array_sum.perf.plain --  --cso /dev/null
key=plain, no.=29, <stderr>:
LENGTH=160
elapsed cycles: 31029
hi(checksum)=0x2230FCF9ED8B1A52
lo(checksum)=0x17AD706FEFB55700
key=plain, no.=29, <checksum>:
0x2230FCF9ED8B1A5217AD706FEFB55700
key=plain, no.=29, cso file:
/dev/null
----------------------------------------------
real command=cset shield -e /home/nrink/Projects/build/encode/encode/tests/array_sum/array_sum.perf.plain --  --cso /dev/null
key=plain, no.=30, <stderr>:
LENGTH=160
elapsed cycles: 31095
hi(checksum)=0x2230FCF9ED8B1A52
lo(checksum)=0x17AD706FEFB55700
key=plain, no.=30, <checksum>:
0x2230FCF9ED8B1A5217AD706FEFB55700
key=plain, no.=30, cso file:
/dev/null
----------------------------------------------
real command=cset shield -e /home/nrink/Projects/build/encode/encode/tests/array_sum/array_sum.perf.plain --  --cso /dev/null
key=plain, no.=31, <stderr>:
LENGTH=160
elapsed cycles: 31257
hi(checksum)=0x2230FCF9ED8B1A52
lo(checksum)=0x17AD706FEFB55700
key=plain, no.=31, <checksum>:
0x2230FCF9ED8B1A5217AD706FEFB55700
key=plain, no.=31, cso file:
/dev/null
----------------------------------------------
real command=cset shield -e /home/nrink/Projects/build/encode/encode/tests/array_sum/array_sum.perf.plain --  --cso /dev/null
key=plain, no.=32, <stderr>:
LENGTH=160
elapsed cycles: 31782
hi(checksum)=0x2230FCF9ED8B1A52
lo(checksum)=0x17AD706FEFB55700
key=plain, no.=32, <checksum>:
0x2230FCF9ED8B1A5217AD706FEFB55700
key=plain, no.=32, cso file:
/dev/null
----------------------------------------------
real command=cset shield -e /home/nrink/Projects/build/encode/encode/tests/array_sum/array_sum.perf.plain --  --cso /dev/null
key=plain, no.=33, <stderr>:
LENGTH=160
elapsed cycles: 31095
hi(checksum)=0x2230FCF9ED8B1A52
lo(checksum)=0x17AD706FEFB55700
key=plain, no.=33, <checksum>:
0x2230FCF9ED8B1A5217AD706FEFB55700
key=plain, no.=33, cso file:
/dev/null
----------------------------------------------
real command=cset shield -e /home/nrink/Projects/build/encode/encode/tests/array_sum/array_sum.perf.plain --  --cso /dev/null
key=plain, no.=34, <stderr>:
LENGTH=160
elapsed cycles: 31815
hi(checksum)=0x2230FCF9ED8B1A52
lo(checksum)=0x17AD706FEFB55700
key=plain, no.=34, <checksum>:
0x2230FCF9ED8B1A5217AD706FEFB55700
key=plain, no.=34, cso file:
/dev/null
----------------------------------------------
real command=cset shield -e /home/nrink/Projects/build/encode/encode/tests/array_sum/array_sum.perf.plain --  --cso /dev/null
key=plain, no.=35, <stderr>:
LENGTH=160
elapsed cycles: 31998
hi(checksum)=0x2230FCF9ED8B1A52
lo(checksum)=0x17AD706FEFB55700
key=plain, no.=35, <checksum>:
0x2230FCF9ED8B1A5217AD706FEFB55700
key=plain, no.=35, cso file:
/dev/null
----------------------------------------------
real command=cset shield -e /home/nrink/Projects/build/encode/encode/tests/array_sum/array_sum.perf.plain --  --cso /dev/null
key=plain, no.=36, <stderr>:
LENGTH=160
elapsed cycles: 31704
hi(checksum)=0x2230FCF9ED8B1A52
lo(checksum)=0x17AD706FEFB55700
key=plain, no.=36, <checksum>:
0x2230FCF9ED8B1A5217AD706FEFB55700
key=plain, no.=36, cso file:
/dev/null
----------------------------------------------
real command=cset shield -e /home/nrink/Projects/build/encode/encode/tests/array_sum/array_sum.perf.plain --  --cso /dev/null
key=plain, no.=37, <stderr>:
LENGTH=160
elapsed cycles: 31704
hi(checksum)=0x2230FCF9ED8B1A52
lo(checksum)=0x17AD706FEFB55700
key=plain, no.=37, <checksum>:
0x2230FCF9ED8B1A5217AD706FEFB55700
key=plain, no.=37, cso file:
/dev/null
----------------------------------------------
real command=cset shield -e /home/nrink/Projects/build/encode/encode/tests/array_sum/array_sum.perf.plain --  --cso /dev/null
key=plain, no.=38, <stderr>:
LENGTH=160
elapsed cycles: 31953
hi(checksum)=0x2230FCF9ED8B1A52
lo(checksum)=0x17AD706FEFB55700
key=plain, no.=38, <checksum>:
0x2230FCF9ED8B1A5217AD706FEFB55700
key=plain, no.=38, cso file:
/dev/null
----------------------------------------------
real command=cset shield -e /home/nrink/Projects/build/encode/encode/tests/array_sum/array_sum.perf.plain --  --cso /dev/null
key=plain, no.=39, <stderr>:
LENGTH=160
elapsed cycles: 31734
hi(checksum)=0x2230FCF9ED8B1A52
lo(checksum)=0x17AD706FEFB55700
key=plain, no.=39, <checksum>:
0x2230FCF9ED8B1A5217AD706FEFB55700
key=plain, no.=39, cso file:
/dev/null
----------------------------------------------
real command=cset shield -e /home/nrink/Projects/build/encode/encode/tests/array_sum/array_sum.perf.plain --  --cso /dev/null
key=plain, no.=40, <stderr>:
LENGTH=160
elapsed cycles: 31824
hi(checksum)=0x2230FCF9ED8B1A52
lo(checksum)=0x17AD706FEFB55700
key=plain, no.=40, <checksum>:
0x2230FCF9ED8B1A5217AD706FEFB55700
key=plain, no.=40, cso file:
/dev/null
----------------------------------------------
real command=cset shield -e /home/nrink/Projects/build/encode/encode/tests/array_sum/array_sum.perf.plain --  --cso /dev/null
key=plain, no.=41, <stderr>:
LENGTH=160
elapsed cycles: 31716
hi(checksum)=0x2230FCF9ED8B1A52
lo(checksum)=0x17AD706FEFB55700
key=plain, no.=41, <checksum>:
0x2230FCF9ED8B1A5217AD706FEFB55700
key=plain, no.=41, cso file:
/dev/null
----------------------------------------------
real command=cset shield -e /home/nrink/Projects/build/encode/encode/tests/array_sum/array_sum.perf.plain --  --cso /dev/null
key=plain, no.=42, <stderr>:
LENGTH=160
elapsed cycles: 31065
hi(checksum)=0x2230FCF9ED8B1A52
lo(checksum)=0x17AD706FEFB55700
key=plain, no.=42, <checksum>:
0x2230FCF9ED8B1A5217AD706FEFB55700
key=plain, no.=42, cso file:
/dev/null
----------------------------------------------
real command=cset shield -e /home/nrink/Projects/build/encode/encode/tests/array_sum/array_sum.perf.plain --  --cso /dev/null
key=plain, no.=43, <stderr>:
LENGTH=160
elapsed cycles: 31158
hi(checksum)=0x2230FCF9ED8B1A52
lo(checksum)=0x17AD706FEFB55700
key=plain, no.=43, <checksum>:
0x2230FCF9ED8B1A5217AD706FEFB55700
key=plain, no.=43, cso file:
/dev/null
----------------------------------------------
real command=cset shield -e /home/nrink/Projects/build/encode/encode/tests/array_sum/array_sum.perf.plain --  --cso /dev/null
key=plain, no.=44, <stderr>:
LENGTH=160
elapsed cycles: 31086
hi(checksum)=0x2230FCF9ED8B1A52
lo(checksum)=0x17AD706FEFB55700
key=plain, no.=44, <checksum>:
0x2230FCF9ED8B1A5217AD706FEFB55700
key=plain, no.=44, cso file:
/dev/null
----------------------------------------------
real command=cset shield -e /home/nrink/Projects/build/encode/encode/tests/array_sum/array_sum.perf.plain --  --cso /dev/null
key=plain, no.=45, <stderr>:
LENGTH=160
elapsed cycles: 31164
hi(checksum)=0x2230FCF9ED8B1A52
lo(checksum)=0x17AD706FEFB55700
key=plain, no.=45, <checksum>:
0x2230FCF9ED8B1A5217AD706FEFB55700
key=plain, no.=45, cso file:
/dev/null
----------------------------------------------
real command=cset shield -e /home/nrink/Projects/build/encode/encode/tests/array_sum/array_sum.perf.plain --  --cso /dev/null
key=plain, no.=46, <stderr>:
LENGTH=160
elapsed cycles: 31059
hi(checksum)=0x2230FCF9ED8B1A52
lo(checksum)=0x17AD706FEFB55700
key=plain, no.=46, <checksum>:
0x2230FCF9ED8B1A5217AD706FEFB55700
key=plain, no.=46, cso file:
/dev/null
----------------------------------------------
real command=cset shield -e /home/nrink/Projects/build/encode/encode/tests/array_sum/array_sum.perf.plain --  --cso /dev/null
key=plain, no.=47, <stderr>:
LENGTH=160
elapsed cycles: 31173
hi(checksum)=0x2230FCF9ED8B1A52
lo(checksum)=0x17AD706FEFB55700
key=plain, no.=47, <checksum>:
0x2230FCF9ED8B1A5217AD706FEFB55700
key=plain, no.=47, cso file:
/dev/null
----------------------------------------------
real command=cset shield -e /home/nrink/Projects/build/encode/encode/tests/array_sum/array_sum.perf.plain --  --cso /dev/null
key=plain, no.=48, <stderr>:
LENGTH=160
elapsed cycles: 31089
hi(checksum)=0x2230FCF9ED8B1A52
lo(checksum)=0x17AD706FEFB55700
key=plain, no.=48, <checksum>:
0x2230FCF9ED8B1A5217AD706FEFB55700
key=plain, no.=48, cso file:
/dev/null
----------------------------------------------
real command=cset shield -e /home/nrink/Projects/build/encode/encode/tests/array_sum/array_sum.perf.plain --  --cso /dev/null
key=plain, no.=49, <stderr>:
LENGTH=160
elapsed cycles: 31029
hi(checksum)=0x2230FCF9ED8B1A52
lo(checksum)=0x17AD706FEFB55700
key=plain, no.=49, <checksum>:
0x2230FCF9ED8B1A5217AD706FEFB55700
key=plain, no.=49, cso file:
/dev/null
----------------------------------------------
real command=cset shield -e /home/nrink/Projects/build/encode/encode/tests/array_sum/array_sum.perf.plain --  --cso /dev/null
key=plain, no.=50, <stderr>:
LENGTH=160
elapsed cycles: 31209
hi(checksum)=0x2230FCF9ED8B1A52
lo(checksum)=0x17AD706FEFB55700
key=plain, no.=50, <checksum>:
0x2230FCF9ED8B1A5217AD706FEFB55700
key=plain, no.=50, cso file:
/dev/null
----------------------------------------------
real command=cset shield -e /home/nrink/Projects/build/encode/encode/tests/array_sum/array_sum.perf.plain --  --cso /dev/null
key=plain, no.=51, <stderr>:
LENGTH=160
elapsed cycles: 31182
hi(checksum)=0x2230FCF9ED8B1A52
lo(checksum)=0x17AD706FEFB55700
key=plain, no.=51, <checksum>:
0x2230FCF9ED8B1A5217AD706FEFB55700
key=plain, no.=51, cso file:
/dev/null
----------------------------------------------
real command=cset shield -e /home/nrink/Projects/build/encode/encode/tests/array_sum/array_sum.perf.plain --  --cso /dev/null
key=plain, no.=52, <stderr>:
LENGTH=160
elapsed cycles: 31164
hi(checksum)=0x2230FCF9ED8B1A52
lo(checksum)=0x17AD706FEFB55700
key=plain, no.=52, <checksum>:
0x2230FCF9ED8B1A5217AD706FEFB55700
key=plain, no.=52, cso file:
/dev/null
----------------------------------------------
real command=cset shield -e /home/nrink/Projects/build/encode/encode/tests/array_sum/array_sum.perf.plain --  --cso /dev/null
key=plain, no.=53, <stderr>:
LENGTH=160
elapsed cycles: 31263
hi(checksum)=0x2230FCF9ED8B1A52
lo(checksum)=0x17AD706FEFB55700
key=plain, no.=53, <checksum>:
0x2230FCF9ED8B1A5217AD706FEFB55700
key=plain, no.=53, cso file:
/dev/null
----------------------------------------------
real command=cset shield -e /home/nrink/Projects/build/encode/encode/tests/array_sum/array_sum.perf.plain --  --cso /dev/null
key=plain, no.=54, <stderr>:
LENGTH=160
elapsed cycles: 31089
hi(checksum)=0x2230FCF9ED8B1A52
lo(checksum)=0x17AD706FEFB55700
key=plain, no.=54, <checksum>:
0x2230FCF9ED8B1A5217AD706FEFB55700
key=plain, no.=54, cso file:
/dev/null
----------------------------------------------
real command=cset shield -e /home/nrink/Projects/build/encode/encode/tests/array_sum/array_sum.perf.plain --  --cso /dev/null
key=plain, no.=55, <stderr>:
LENGTH=160
elapsed cycles: 31233
hi(checksum)=0x2230FCF9ED8B1A52
lo(checksum)=0x17AD706FEFB55700
key=plain, no.=55, <checksum>:
0x2230FCF9ED8B1A5217AD706FEFB55700
key=plain, no.=55, cso file:
/dev/null
----------------------------------------------
real command=cset shield -e /home/nrink/Projects/build/encode/encode/tests/array_sum/array_sum.perf.plain --  --cso /dev/null
key=plain, no.=56, <stderr>:
LENGTH=160
elapsed cycles: 31209
hi(checksum)=0x2230FCF9ED8B1A52
lo(checksum)=0x17AD706FEFB55700
key=plain, no.=56, <checksum>:
0x2230FCF9ED8B1A5217AD706FEFB55700
key=plain, no.=56, cso file:
/dev/null
----------------------------------------------
real command=cset shield -e /home/nrink/Projects/build/encode/encode/tests/array_sum/array_sum.perf.plain --  --cso /dev/null
key=plain, no.=57, <stderr>:
LENGTH=160
elapsed cycles: 31185
hi(checksum)=0x2230FCF9ED8B1A52
lo(checksum)=0x17AD706FEFB55700
key=plain, no.=57, <checksum>:
0x2230FCF9ED8B1A5217AD706FEFB55700
key=plain, no.=57, cso file:
/dev/null
----------------------------------------------
real command=cset shield -e /home/nrink/Projects/build/encode/encode/tests/array_sum/array_sum.perf.plain --  --cso /dev/null
key=plain, no.=58, <stderr>:
LENGTH=160
elapsed cycles: 31188
hi(checksum)=0x2230FCF9ED8B1A52
lo(checksum)=0x17AD706FEFB55700
key=plain, no.=58, <checksum>:
0x2230FCF9ED8B1A5217AD706FEFB55700
key=plain, no.=58, cso file:
/dev/null
----------------------------------------------
real command=cset shield -e /home/nrink/Projects/build/encode/encode/tests/array_sum/array_sum.perf.plain --  --cso /dev/null
key=plain, no.=59, <stderr>:
LENGTH=160
elapsed cycles: 31029
hi(checksum)=0x2230FCF9ED8B1A52
lo(checksum)=0x17AD706FEFB55700
key=plain, no.=59, <checksum>:
0x2230FCF9ED8B1A5217AD706FEFB55700
key=plain, no.=59, cso file:
/dev/null
----------------------------------------------
real command=cset shield -e /home/nrink/Projects/build/encode/encode/tests/array_sum/array_sum.perf.plain --  --cso /dev/null
key=plain, no.=60, <stderr>:
LENGTH=160
elapsed cycles: 31143
hi(checksum)=0x2230FCF9ED8B1A52
lo(checksum)=0x17AD706FEFB55700
key=plain, no.=60, <checksum>:
0x2230FCF9ED8B1A5217AD706FEFB55700
key=plain, no.=60, cso file:
/dev/null
----------------------------------------------
real command=cset shield -e /home/nrink/Projects/build/encode/encode/tests/array_sum/array_sum.perf.plain --  --cso /dev/null
key=plain, no.=61, <stderr>:
LENGTH=160
elapsed cycles: 31170
hi(checksum)=0x2230FCF9ED8B1A52
lo(checksum)=0x17AD706FEFB55700
key=plain, no.=61, <checksum>:
0x2230FCF9ED8B1A5217AD706FEFB55700
key=plain, no.=61, cso file:
/dev/null
----------------------------------------------
real command=cset shield -e /home/nrink/Projects/build/encode/encode/tests/array_sum/array_sum.perf.plain --  --cso /dev/null
key=plain, no.=62, <stderr>:
LENGTH=160
elapsed cycles: 31164
hi(checksum)=0x2230FCF9ED8B1A52
lo(checksum)=0x17AD706FEFB55700
key=plain, no.=62, <checksum>:
0x2230FCF9ED8B1A5217AD706FEFB55700
key=plain, no.=62, cso file:
/dev/null
----------------------------------------------
real command=cset shield -e /home/nrink/Projects/build/encode/encode/tests/array_sum/array_sum.perf.plain --  --cso /dev/null
key=plain, no.=63, <stderr>:
LENGTH=160
elapsed cycles: 31143
hi(checksum)=0x2230FCF9ED8B1A52
lo(checksum)=0x17AD706FEFB55700
key=plain, no.=63, <checksum>:
0x2230FCF9ED8B1A5217AD706FEFB55700
key=plain, no.=63, cso file:
/dev/null
----------------------------------------------
real command=cset shield -e /home/nrink/Projects/build/encode/encode/tests/array_sum/array_sum.perf.plain --  --cso /dev/null
key=plain, no.=64, <stderr>:
LENGTH=160
elapsed cycles: 31122
hi(checksum)=0x2230FCF9ED8B1A52
lo(checksum)=0x17AD706FEFB55700
key=plain, no.=64, <checksum>:
0x2230FCF9ED8B1A5217AD706FEFB55700
key=plain, no.=64, cso file:
/dev/null
----------------------------------------------
real command=cset shield -e /home/nrink/Projects/build/encode/encode/tests/array_sum/array_sum.perf.plain --  --cso /dev/null
key=plain, no.=65, <stderr>:
LENGTH=160
elapsed cycles: 31851
hi(checksum)=0x2230FCF9ED8B1A52
lo(checksum)=0x17AD706FEFB55700
key=plain, no.=65, <checksum>:
0x2230FCF9ED8B1A5217AD706FEFB55700
key=plain, no.=65, cso file:
/dev/null
----------------------------------------------
real command=cset shield -e /home/nrink/Projects/build/encode/encode/tests/array_sum/array_sum.perf.plain --  --cso /dev/null
key=plain, no.=66, <stderr>:
LENGTH=160
elapsed cycles: 31188
hi(checksum)=0x2230FCF9ED8B1A52
lo(checksum)=0x17AD706FEFB55700
key=plain, no.=66, <checksum>:
0x2230FCF9ED8B1A5217AD706FEFB55700
key=plain, no.=66, cso file:
/dev/null
----------------------------------------------
real command=cset shield -e /home/nrink/Projects/build/encode/encode/tests/array_sum/array_sum.perf.plain --  --cso /dev/null
key=plain, no.=67, <stderr>:
LENGTH=160
elapsed cycles: 44919
hi(checksum)=0x2230FCF9ED8B1A52
lo(checksum)=0x17AD706FEFB55700
key=plain, no.=67, <checksum>:
0x2230FCF9ED8B1A5217AD706FEFB55700
key=plain, no.=67, cso file:
/dev/null
----------------------------------------------
real command=cset shield -e /home/nrink/Projects/build/encode/encode/tests/array_sum/array_sum.perf.plain --  --cso /dev/null
key=plain, no.=68, <stderr>:
LENGTH=160
elapsed cycles: 34434
hi(checksum)=0x2230FCF9ED8B1A52
lo(checksum)=0x17AD706FEFB55700
key=plain, no.=68, <checksum>:
0x2230FCF9ED8B1A5217AD706FEFB55700
key=plain, no.=68, cso file:
/dev/null
----------------------------------------------
real command=cset shield -e /home/nrink/Projects/build/encode/encode/tests/array_sum/array_sum.perf.plain --  --cso /dev/null
key=plain, no.=69, <stderr>:
LENGTH=160
elapsed cycles: 31101
hi(checksum)=0x2230FCF9ED8B1A52
lo(checksum)=0x17AD706FEFB55700
key=plain, no.=69, <checksum>:
0x2230FCF9ED8B1A5217AD706FEFB55700
key=plain, no.=69, cso file:
/dev/null
----------------------------------------------
real command=cset shield -e /home/nrink/Projects/build/encode/encode/tests/array_sum/array_sum.perf.plain --  --cso /dev/null
key=plain, no.=70, <stderr>:
LENGTH=160
elapsed cycles: 31149
hi(checksum)=0x2230FCF9ED8B1A52
lo(checksum)=0x17AD706FEFB55700
key=plain, no.=70, <checksum>:
0x2230FCF9ED8B1A5217AD706FEFB55700
key=plain, no.=70, cso file:
/dev/null
----------------------------------------------
real command=cset shield -e /home/nrink/Projects/build/encode/encode/tests/array_sum/array_sum.perf.plain --  --cso /dev/null
key=plain, no.=71, <stderr>:
LENGTH=160
elapsed cycles: 31281
hi(checksum)=0x2230FCF9ED8B1A52
lo(checksum)=0x17AD706FEFB55700
key=plain, no.=71, <checksum>:
0x2230FCF9ED8B1A5217AD706FEFB55700
key=plain, no.=71, cso file:
/dev/null
----------------------------------------------
real command=cset shield -e /home/nrink/Projects/build/encode/encode/tests/array_sum/array_sum.perf.plain --  --cso /dev/null
key=plain, no.=72, <stderr>:
LENGTH=160
elapsed cycles: 31074
hi(checksum)=0x2230FCF9ED8B1A52
lo(checksum)=0x17AD706FEFB55700
key=plain, no.=72, <checksum>:
0x2230FCF9ED8B1A5217AD706FEFB55700
key=plain, no.=72, cso file:
/dev/null
----------------------------------------------
real command=cset shield -e /home/nrink/Projects/build/encode/encode/tests/array_sum/array_sum.perf.plain --  --cso /dev/null
key=plain, no.=73, <stderr>:
LENGTH=160
elapsed cycles: 31926
hi(checksum)=0x2230FCF9ED8B1A52
lo(checksum)=0x17AD706FEFB55700
key=plain, no.=73, <checksum>:
0x2230FCF9ED8B1A5217AD706FEFB55700
key=plain, no.=73, cso file:
/dev/null
----------------------------------------------
real command=cset shield -e /home/nrink/Projects/build/encode/encode/tests/array_sum/array_sum.perf.plain --  --cso /dev/null
key=plain, no.=74, <stderr>:
LENGTH=160
elapsed cycles: 30981
hi(checksum)=0x2230FCF9ED8B1A52
lo(checksum)=0x17AD706FEFB55700
key=plain, no.=74, <checksum>:
0x2230FCF9ED8B1A5217AD706FEFB55700
key=plain, no.=74, cso file:
/dev/null
----------------------------------------------
real command=cset shield -e /home/nrink/Projects/build/encode/encode/tests/array_sum/array_sum.perf.plain --  --cso /dev/null
key=plain, no.=75, <stderr>:
LENGTH=160
elapsed cycles: 31146
hi(checksum)=0x2230FCF9ED8B1A52
lo(checksum)=0x17AD706FEFB55700
key=plain, no.=75, <checksum>:
0x2230FCF9ED8B1A5217AD706FEFB55700
key=plain, no.=75, cso file:
/dev/null
----------------------------------------------
real command=cset shield -e /home/nrink/Projects/build/encode/encode/tests/array_sum/array_sum.perf.plain --  --cso /dev/null
key=plain, no.=76, <stderr>:
LENGTH=160
elapsed cycles: 31191
hi(checksum)=0x2230FCF9ED8B1A52
lo(checksum)=0x17AD706FEFB55700
key=plain, no.=76, <checksum>:
0x2230FCF9ED8B1A5217AD706FEFB55700
key=plain, no.=76, cso file:
/dev/null
----------------------------------------------
real command=cset shield -e /home/nrink/Projects/build/encode/encode/tests/array_sum/array_sum.perf.plain --  --cso /dev/null
key=plain, no.=77, <stderr>:
LENGTH=160
elapsed cycles: 31170
hi(checksum)=0x2230FCF9ED8B1A52
lo(checksum)=0x17AD706FEFB55700
key=plain, no.=77, <checksum>:
0x2230FCF9ED8B1A5217AD706FEFB55700
key=plain, no.=77, cso file:
/dev/null
----------------------------------------------
real command=cset shield -e /home/nrink/Projects/build/encode/encode/tests/array_sum/array_sum.perf.plain --  --cso /dev/null
key=plain, no.=78, <stderr>:
LENGTH=160
elapsed cycles: 31203
hi(checksum)=0x2230FCF9ED8B1A52
lo(checksum)=0x17AD706FEFB55700
key=plain, no.=78, <checksum>:
0x2230FCF9ED8B1A5217AD706FEFB55700
key=plain, no.=78, cso file:
/dev/null
----------------------------------------------
real command=cset shield -e /home/nrink/Projects/build/encode/encode/tests/array_sum/array_sum.perf.plain --  --cso /dev/null
key=plain, no.=79, <stderr>:
LENGTH=160
elapsed cycles: 31293
hi(checksum)=0x2230FCF9ED8B1A52
lo(checksum)=0x17AD706FEFB55700
key=plain, no.=79, <checksum>:
0x2230FCF9ED8B1A5217AD706FEFB55700
key=plain, no.=79, cso file:
/dev/null
----------------------------------------------
real command=cset shield -e /home/nrink/Projects/build/encode/encode/tests/array_sum/array_sum.perf.plain --  --cso /dev/null
key=plain, no.=80, <stderr>:
LENGTH=160
elapsed cycles: 31281
hi(checksum)=0x2230FCF9ED8B1A52
lo(checksum)=0x17AD706FEFB55700
key=plain, no.=80, <checksum>:
0x2230FCF9ED8B1A5217AD706FEFB55700
key=plain, no.=80, cso file:
/dev/null
----------------------------------------------
real command=cset shield -e /home/nrink/Projects/build/encode/encode/tests/array_sum/array_sum.perf.plain --  --cso /dev/null
key=plain, no.=81, <stderr>:
LENGTH=160
elapsed cycles: 31098
hi(checksum)=0x2230FCF9ED8B1A52
lo(checksum)=0x17AD706FEFB55700
key=plain, no.=81, <checksum>:
0x2230FCF9ED8B1A5217AD706FEFB55700
key=plain, no.=81, cso file:
/dev/null
----------------------------------------------
real command=cset shield -e /home/nrink/Projects/build/encode/encode/tests/array_sum/array_sum.perf.plain --  --cso /dev/null
key=plain, no.=82, <stderr>:
LENGTH=160
elapsed cycles: 31212
hi(checksum)=0x2230FCF9ED8B1A52
lo(checksum)=0x17AD706FEFB55700
key=plain, no.=82, <checksum>:
0x2230FCF9ED8B1A5217AD706FEFB55700
key=plain, no.=82, cso file:
/dev/null
----------------------------------------------
real command=cset shield -e /home/nrink/Projects/build/encode/encode/tests/array_sum/array_sum.perf.plain --  --cso /dev/null
key=plain, no.=83, <stderr>:
LENGTH=160
elapsed cycles: 31146
hi(checksum)=0x2230FCF9ED8B1A52
lo(checksum)=0x17AD706FEFB55700
key=plain, no.=83, <checksum>:
0x2230FCF9ED8B1A5217AD706FEFB55700
key=plain, no.=83, cso file:
/dev/null
----------------------------------------------
real command=cset shield -e /home/nrink/Projects/build/encode/encode/tests/array_sum/array_sum.perf.plain --  --cso /dev/null
key=plain, no.=84, <stderr>:
LENGTH=160
elapsed cycles: 64002
hi(checksum)=0x2230FCF9ED8B1A52
lo(checksum)=0x17AD706FEFB55700
key=plain, no.=84, <checksum>:
0x2230FCF9ED8B1A5217AD706FEFB55700
key=plain, no.=84, cso file:
/dev/null
----------------------------------------------
real command=cset shield -e /home/nrink/Projects/build/encode/encode/tests/array_sum/array_sum.perf.plain --  --cso /dev/null
key=plain, no.=85, <stderr>:
LENGTH=160
elapsed cycles: 31137
hi(checksum)=0x2230FCF9ED8B1A52
lo(checksum)=0x17AD706FEFB55700
key=plain, no.=85, <checksum>:
0x2230FCF9ED8B1A5217AD706FEFB55700
key=plain, no.=85, cso file:
/dev/null
----------------------------------------------
real command=cset shield -e /home/nrink/Projects/build/encode/encode/tests/array_sum/array_sum.perf.plain --  --cso /dev/null
key=plain, no.=86, <stderr>:
LENGTH=160
elapsed cycles: 31026
hi(checksum)=0x2230FCF9ED8B1A52
lo(checksum)=0x17AD706FEFB55700
key=plain, no.=86, <checksum>:
0x2230FCF9ED8B1A5217AD706FEFB55700
key=plain, no.=86, cso file:
/dev/null
----------------------------------------------
real command=cset shield -e /home/nrink/Projects/build/encode/encode/tests/array_sum/array_sum.perf.plain --  --cso /dev/null
key=plain, no.=87, <stderr>:
LENGTH=160
elapsed cycles: 31296
hi(checksum)=0x2230FCF9ED8B1A52
lo(checksum)=0x17AD706FEFB55700
key=plain, no.=87, <checksum>:
0x2230FCF9ED8B1A5217AD706FEFB55700
key=plain, no.=87, cso file:
/dev/null
----------------------------------------------
real command=cset shield -e /home/nrink/Projects/build/encode/encode/tests/array_sum/array_sum.perf.plain --  --cso /dev/null
key=plain, no.=88, <stderr>:
LENGTH=160
elapsed cycles: 31113
hi(checksum)=0x2230FCF9ED8B1A52
lo(checksum)=0x17AD706FEFB55700
key=plain, no.=88, <checksum>:
0x2230FCF9ED8B1A5217AD706FEFB55700
key=plain, no.=88, cso file:
/dev/null
----------------------------------------------
real command=cset shield -e /home/nrink/Projects/build/encode/encode/tests/array_sum/array_sum.perf.plain --  --cso /dev/null
key=plain, no.=89, <stderr>:
LENGTH=160
elapsed cycles: 31125
hi(checksum)=0x2230FCF9ED8B1A52
lo(checksum)=0x17AD706FEFB55700
key=plain, no.=89, <checksum>:
0x2230FCF9ED8B1A5217AD706FEFB55700
key=plain, no.=89, cso file:
/dev/null
----------------------------------------------
real command=cset shield -e /home/nrink/Projects/build/encode/encode/tests/array_sum/array_sum.perf.plain --  --cso /dev/null
key=plain, no.=90, <stderr>:
LENGTH=160
elapsed cycles: 31092
hi(checksum)=0x2230FCF9ED8B1A52
lo(checksum)=0x17AD706FEFB55700
key=plain, no.=90, <checksum>:
0x2230FCF9ED8B1A5217AD706FEFB55700
key=plain, no.=90, cso file:
/dev/null
----------------------------------------------
real command=cset shield -e /home/nrink/Projects/build/encode/encode/tests/array_sum/array_sum.perf.plain --  --cso /dev/null
key=plain, no.=91, <stderr>:
LENGTH=160
elapsed cycles: 31212
hi(checksum)=0x2230FCF9ED8B1A52
lo(checksum)=0x17AD706FEFB55700
key=plain, no.=91, <checksum>:
0x2230FCF9ED8B1A5217AD706FEFB55700
key=plain, no.=91, cso file:
/dev/null
----------------------------------------------
real command=cset shield -e /home/nrink/Projects/build/encode/encode/tests/array_sum/array_sum.perf.plain --  --cso /dev/null
key=plain, no.=92, <stderr>:
LENGTH=160
elapsed cycles: 31077
hi(checksum)=0x2230FCF9ED8B1A52
lo(checksum)=0x17AD706FEFB55700
key=plain, no.=92, <checksum>:
0x2230FCF9ED8B1A5217AD706FEFB55700
key=plain, no.=92, cso file:
/dev/null
----------------------------------------------
real command=cset shield -e /home/nrink/Projects/build/encode/encode/tests/array_sum/array_sum.perf.plain --  --cso /dev/null
key=plain, no.=93, <stderr>:
LENGTH=160
elapsed cycles: 31104
hi(checksum)=0x2230FCF9ED8B1A52
lo(checksum)=0x17AD706FEFB55700
key=plain, no.=93, <checksum>:
0x2230FCF9ED8B1A5217AD706FEFB55700
key=plain, no.=93, cso file:
/dev/null
----------------------------------------------
real command=cset shield -e /home/nrink/Projects/build/encode/encode/tests/array_sum/array_sum.perf.plain --  --cso /dev/null
key=plain, no.=94, <stderr>:
LENGTH=160
elapsed cycles: 31092
hi(checksum)=0x2230FCF9ED8B1A52
lo(checksum)=0x17AD706FEFB55700
key=plain, no.=94, <checksum>:
0x2230FCF9ED8B1A5217AD706FEFB55700
key=plain, no.=94, cso file:
/dev/null
----------------------------------------------
real command=cset shield -e /home/nrink/Projects/build/encode/encode/tests/array_sum/array_sum.perf.plain --  --cso /dev/null
key=plain, no.=95, <stderr>:
LENGTH=160
elapsed cycles: 31329
hi(checksum)=0x2230FCF9ED8B1A52
lo(checksum)=0x17AD706FEFB55700
key=plain, no.=95, <checksum>:
0x2230FCF9ED8B1A5217AD706FEFB55700
key=plain, no.=95, cso file:
/dev/null
----------------------------------------------
real command=cset shield -e /home/nrink/Projects/build/encode/encode/tests/array_sum/array_sum.perf.plain --  --cso /dev/null
key=plain, no.=96, <stderr>:
LENGTH=160
elapsed cycles: 31083
hi(checksum)=0x2230FCF9ED8B1A52
lo(checksum)=0x17AD706FEFB55700
key=plain, no.=96, <checksum>:
0x2230FCF9ED8B1A5217AD706FEFB55700
key=plain, no.=96, cso file:
/dev/null
----------------------------------------------
real command=cset shield -e /home/nrink/Projects/build/encode/encode/tests/array_sum/array_sum.perf.plain --  --cso /dev/null
key=plain, no.=97, <stderr>:
LENGTH=160
elapsed cycles: 31080
hi(checksum)=0x2230FCF9ED8B1A52
lo(checksum)=0x17AD706FEFB55700
key=plain, no.=97, <checksum>:
0x2230FCF9ED8B1A5217AD706FEFB55700
key=plain, no.=97, cso file:
/dev/null
----------------------------------------------
real command=cset shield -e /home/nrink/Projects/build/encode/encode/tests/array_sum/array_sum.perf.plain --  --cso /dev/null
key=plain, no.=98, <stderr>:
LENGTH=160
elapsed cycles: 31149
hi(checksum)=0x2230FCF9ED8B1A52
lo(checksum)=0x17AD706FEFB55700
key=plain, no.=98, <checksum>:
0x2230FCF9ED8B1A5217AD706FEFB55700
key=plain, no.=98, cso file:
/dev/null
----------------------------------------------
real command=cset shield -e /home/nrink/Projects/build/encode/encode/tests/array_sum/array_sum.perf.plain --  --cso /dev/null
key=plain, no.=99, <stderr>:
LENGTH=160
elapsed cycles: 286152
hi(checksum)=0x2230FCF9ED8B1A52
lo(checksum)=0x17AD706FEFB55700
key=plain, no.=99, <checksum>:
0x2230FCF9ED8B1A5217AD706FEFB55700
key=plain, no.=99, cso file:
/dev/null
----------------------------------------------
key=encoded, runs=100 ...
command=/home/nrink/Projects/build/encode/encode/tests/array_sum/array_sum.perf.encoded
----------------------------------------------
real command=cset shield -e /home/nrink/Projects/build/encode/encode/tests/array_sum/array_sum.perf.encoded --  --cso /dev/null
key=encoded, no.=0, <stderr>:
LENGTH=160
elapsed cycles: 142323
hi(checksum)=0x2230FCF9ED8B1A52
lo(checksum)=0x17AD706FEFB55700
key=encoded, no.=0, <checksum>:
0x2230FCF9ED8B1A5217AD706FEFB55700
key=encoded, no.=0, cso file:
/dev/null
----------------------------------------------
real command=cset shield -e /home/nrink/Projects/build/encode/encode/tests/array_sum/array_sum.perf.encoded --  --cso /dev/null
key=encoded, no.=1, <stderr>:
LENGTH=160
elapsed cycles: 142317
hi(checksum)=0x2230FCF9ED8B1A52
lo(checksum)=0x17AD706FEFB55700
key=encoded, no.=1, <checksum>:
0x2230FCF9ED8B1A5217AD706FEFB55700
key=encoded, no.=1, cso file:
/dev/null
----------------------------------------------
real command=cset shield -e /home/nrink/Projects/build/encode/encode/tests/array_sum/array_sum.perf.encoded --  --cso /dev/null
key=encoded, no.=2, <stderr>:
LENGTH=160
elapsed cycles: 142458
hi(checksum)=0x2230FCF9ED8B1A52
lo(checksum)=0x17AD706FEFB55700
key=encoded, no.=2, <checksum>:
0x2230FCF9ED8B1A5217AD706FEFB55700
key=encoded, no.=2, cso file:
/dev/null
----------------------------------------------
real command=cset shield -e /home/nrink/Projects/build/encode/encode/tests/array_sum/array_sum.perf.encoded --  --cso /dev/null
key=encoded, no.=3, <stderr>:
LENGTH=160
elapsed cycles: 142425
hi(checksum)=0x2230FCF9ED8B1A52
lo(checksum)=0x17AD706FEFB55700
key=encoded, no.=3, <checksum>:
0x2230FCF9ED8B1A5217AD706FEFB55700
key=encoded, no.=3, cso file:
/dev/null
----------------------------------------------
real command=cset shield -e /home/nrink/Projects/build/encode/encode/tests/array_sum/array_sum.perf.encoded --  --cso /dev/null
key=encoded, no.=4, <stderr>:
LENGTH=160
elapsed cycles: 142584
hi(checksum)=0x2230FCF9ED8B1A52
lo(checksum)=0x17AD706FEFB55700
key=encoded, no.=4, <checksum>:
0x2230FCF9ED8B1A5217AD706FEFB55700
key=encoded, no.=4, cso file:
/dev/null
----------------------------------------------
real command=cset shield -e /home/nrink/Projects/build/encode/encode/tests/array_sum/array_sum.perf.encoded --  --cso /dev/null
key=encoded, no.=5, <stderr>:
LENGTH=160
elapsed cycles: 143094
hi(checksum)=0x2230FCF9ED8B1A52
lo(checksum)=0x17AD706FEFB55700
key=encoded, no.=5, <checksum>:
0x2230FCF9ED8B1A5217AD706FEFB55700
key=encoded, no.=5, cso file:
/dev/null
----------------------------------------------
real command=cset shield -e /home/nrink/Projects/build/encode/encode/tests/array_sum/array_sum.perf.encoded --  --cso /dev/null
key=encoded, no.=6, <stderr>:
LENGTH=160
elapsed cycles: 142386
hi(checksum)=0x2230FCF9ED8B1A52
lo(checksum)=0x17AD706FEFB55700
key=encoded, no.=6, <checksum>:
0x2230FCF9ED8B1A5217AD706FEFB55700
key=encoded, no.=6, cso file:
/dev/null
----------------------------------------------
real command=cset shield -e /home/nrink/Projects/build/encode/encode/tests/array_sum/array_sum.perf.encoded --  --cso /dev/null
key=encoded, no.=7, <stderr>:
LENGTH=160
elapsed cycles: 142539
hi(checksum)=0x2230FCF9ED8B1A52
lo(checksum)=0x17AD706FEFB55700
key=encoded, no.=7, <checksum>:
0x2230FCF9ED8B1A5217AD706FEFB55700
key=encoded, no.=7, cso file:
/dev/null
----------------------------------------------
real command=cset shield -e /home/nrink/Projects/build/encode/encode/tests/array_sum/array_sum.perf.encoded --  --cso /dev/null
key=encoded, no.=8, <stderr>:
LENGTH=160
elapsed cycles: 142179
hi(checksum)=0x2230FCF9ED8B1A52
lo(checksum)=0x17AD706FEFB55700
key=encoded, no.=8, <checksum>:
0x2230FCF9ED8B1A5217AD706FEFB55700
key=encoded, no.=8, cso file:
/dev/null
----------------------------------------------
real command=cset shield -e /home/nrink/Projects/build/encode/encode/tests/array_sum/array_sum.perf.encoded --  --cso /dev/null
key=encoded, no.=9, <stderr>:
LENGTH=160
elapsed cycles: 142263
hi(checksum)=0x2230FCF9ED8B1A52
lo(checksum)=0x17AD706FEFB55700
key=encoded, no.=9, <checksum>:
0x2230FCF9ED8B1A5217AD706FEFB55700
key=encoded, no.=9, cso file:
/dev/null
----------------------------------------------
real command=cset shield -e /home/nrink/Projects/build/encode/encode/tests/array_sum/array_sum.perf.encoded --  --cso /dev/null
key=encoded, no.=10, <stderr>:
LENGTH=160
elapsed cycles: 142416
hi(checksum)=0x2230FCF9ED8B1A52
lo(checksum)=0x17AD706FEFB55700
key=encoded, no.=10, <checksum>:
0x2230FCF9ED8B1A5217AD706FEFB55700
key=encoded, no.=10, cso file:
/dev/null
----------------------------------------------
real command=cset shield -e /home/nrink/Projects/build/encode/encode/tests/array_sum/array_sum.perf.encoded --  --cso /dev/null
key=encoded, no.=11, <stderr>:
LENGTH=160
elapsed cycles: 142599
hi(checksum)=0x2230FCF9ED8B1A52
lo(checksum)=0x17AD706FEFB55700
key=encoded, no.=11, <checksum>:
0x2230FCF9ED8B1A5217AD706FEFB55700
key=encoded, no.=11, cso file:
/dev/null
----------------------------------------------
real command=cset shield -e /home/nrink/Projects/build/encode/encode/tests/array_sum/array_sum.perf.encoded --  --cso /dev/null
key=encoded, no.=12, <stderr>:
LENGTH=160
elapsed cycles: 142377
hi(checksum)=0x2230FCF9ED8B1A52
lo(checksum)=0x17AD706FEFB55700
key=encoded, no.=12, <checksum>:
0x2230FCF9ED8B1A5217AD706FEFB55700
key=encoded, no.=12, cso file:
/dev/null
----------------------------------------------
real command=cset shield -e /home/nrink/Projects/build/encode/encode/tests/array_sum/array_sum.perf.encoded --  --cso /dev/null
key=encoded, no.=13, <stderr>:
LENGTH=160
elapsed cycles: 142737
hi(checksum)=0x2230FCF9ED8B1A52
lo(checksum)=0x17AD706FEFB55700
key=encoded, no.=13, <checksum>:
0x2230FCF9ED8B1A5217AD706FEFB55700
key=encoded, no.=13, cso file:
/dev/null
----------------------------------------------
real command=cset shield -e /home/nrink/Projects/build/encode/encode/tests/array_sum/array_sum.perf.encoded --  --cso /dev/null
key=encoded, no.=14, <stderr>:
LENGTH=160
elapsed cycles: 273672
hi(checksum)=0x2230FCF9ED8B1A52
lo(checksum)=0x17AD706FEFB55700
key=encoded, no.=14, <checksum>:
0x2230FCF9ED8B1A5217AD706FEFB55700
key=encoded, no.=14, cso file:
/dev/null
----------------------------------------------
real command=cset shield -e /home/nrink/Projects/build/encode/encode/tests/array_sum/array_sum.perf.encoded --  --cso /dev/null
key=encoded, no.=15, <stderr>:
LENGTH=160
elapsed cycles: 175314
hi(checksum)=0x2230FCF9ED8B1A52
lo(checksum)=0x17AD706FEFB55700
key=encoded, no.=15, <checksum>:
0x2230FCF9ED8B1A5217AD706FEFB55700
key=encoded, no.=15, cso file:
/dev/null
----------------------------------------------
real command=cset shield -e /home/nrink/Projects/build/encode/encode/tests/array_sum/array_sum.perf.encoded --  --cso /dev/null
key=encoded, no.=16, <stderr>:
LENGTH=160
elapsed cycles: 142704
hi(checksum)=0x2230FCF9ED8B1A52
lo(checksum)=0x17AD706FEFB55700
key=encoded, no.=16, <checksum>:
0x2230FCF9ED8B1A5217AD706FEFB55700
key=encoded, no.=16, cso file:
/dev/null
----------------------------------------------
real command=cset shield -e /home/nrink/Projects/build/encode/encode/tests/array_sum/array_sum.perf.encoded --  --cso /dev/null
key=encoded, no.=17, <stderr>:
LENGTH=160
elapsed cycles: 175185
hi(checksum)=0x2230FCF9ED8B1A52
lo(checksum)=0x17AD706FEFB55700
key=encoded, no.=17, <checksum>:
0x2230FCF9ED8B1A5217AD706FEFB55700
key=encoded, no.=17, cso file:
/dev/null
----------------------------------------------
real command=cset shield -e /home/nrink/Projects/build/encode/encode/tests/array_sum/array_sum.perf.encoded --  --cso /dev/null
key=encoded, no.=18, <stderr>:
LENGTH=160
elapsed cycles: 175197
hi(checksum)=0x2230FCF9ED8B1A52
lo(checksum)=0x17AD706FEFB55700
key=encoded, no.=18, <checksum>:
0x2230FCF9ED8B1A5217AD706FEFB55700
key=encoded, no.=18, cso file:
/dev/null
----------------------------------------------
real command=cset shield -e /home/nrink/Projects/build/encode/encode/tests/array_sum/array_sum.perf.encoded --  --cso /dev/null
key=encoded, no.=19, <stderr>:
LENGTH=160
elapsed cycles: 175470
hi(checksum)=0x2230FCF9ED8B1A52
lo(checksum)=0x17AD706FEFB55700
key=encoded, no.=19, <checksum>:
0x2230FCF9ED8B1A5217AD706FEFB55700
key=encoded, no.=19, cso file:
/dev/null
----------------------------------------------
real command=cset shield -e /home/nrink/Projects/build/encode/encode/tests/array_sum/array_sum.perf.encoded --  --cso /dev/null
key=encoded, no.=20, <stderr>:
LENGTH=160
elapsed cycles: 142506
hi(checksum)=0x2230FCF9ED8B1A52
lo(checksum)=0x17AD706FEFB55700
key=encoded, no.=20, <checksum>:
0x2230FCF9ED8B1A5217AD706FEFB55700
key=encoded, no.=20, cso file:
/dev/null
----------------------------------------------
real command=cset shield -e /home/nrink/Projects/build/encode/encode/tests/array_sum/array_sum.perf.encoded --  --cso /dev/null
key=encoded, no.=21, <stderr>:
LENGTH=160
elapsed cycles: 174870
hi(checksum)=0x2230FCF9ED8B1A52
lo(checksum)=0x17AD706FEFB55700
key=encoded, no.=21, <checksum>:
0x2230FCF9ED8B1A5217AD706FEFB55700
key=encoded, no.=21, cso file:
/dev/null
----------------------------------------------
real command=cset shield -e /home/nrink/Projects/build/encode/encode/tests/array_sum/array_sum.perf.encoded --  --cso /dev/null
key=encoded, no.=22, <stderr>:
LENGTH=160
elapsed cycles: 142380
hi(checksum)=0x2230FCF9ED8B1A52
lo(checksum)=0x17AD706FEFB55700
key=encoded, no.=22, <checksum>:
0x2230FCF9ED8B1A5217AD706FEFB55700
key=encoded, no.=22, cso file:
/dev/null
----------------------------------------------
real command=cset shield -e /home/nrink/Projects/build/encode/encode/tests/array_sum/array_sum.perf.encoded --  --cso /dev/null
key=encoded, no.=23, <stderr>:
LENGTH=160
elapsed cycles: 143994
hi(checksum)=0x2230FCF9ED8B1A52
lo(checksum)=0x17AD706FEFB55700
key=encoded, no.=23, <checksum>:
0x2230FCF9ED8B1A5217AD706FEFB55700
key=encoded, no.=23, cso file:
/dev/null
----------------------------------------------
real command=cset shield -e /home/nrink/Projects/build/encode/encode/tests/array_sum/array_sum.perf.encoded --  --cso /dev/null
key=encoded, no.=24, <stderr>:
LENGTH=160
elapsed cycles: 142554
hi(checksum)=0x2230FCF9ED8B1A52
lo(checksum)=0x17AD706FEFB55700
key=encoded, no.=24, <checksum>:
0x2230FCF9ED8B1A5217AD706FEFB55700
key=encoded, no.=24, cso file:
/dev/null
----------------------------------------------
real command=cset shield -e /home/nrink/Projects/build/encode/encode/tests/array_sum/array_sum.perf.encoded --  --cso /dev/null
key=encoded, no.=25, <stderr>:
LENGTH=160
elapsed cycles: 142491
hi(checksum)=0x2230FCF9ED8B1A52
lo(checksum)=0x17AD706FEFB55700
key=encoded, no.=25, <checksum>:
0x2230FCF9ED8B1A5217AD706FEFB55700
key=encoded, no.=25, cso file:
/dev/null
----------------------------------------------
real command=cset shield -e /home/nrink/Projects/build/encode/encode/tests/array_sum/array_sum.perf.encoded --  --cso /dev/null
key=encoded, no.=26, <stderr>:
LENGTH=160
elapsed cycles: 142380
hi(checksum)=0x2230FCF9ED8B1A52
lo(checksum)=0x17AD706FEFB55700
key=encoded, no.=26, <checksum>:
0x2230FCF9ED8B1A5217AD706FEFB55700
key=encoded, no.=26, cso file:
/dev/null
----------------------------------------------
real command=cset shield -e /home/nrink/Projects/build/encode/encode/tests/array_sum/array_sum.perf.encoded --  --cso /dev/null
key=encoded, no.=27, <stderr>:
LENGTH=160
elapsed cycles: 142329
hi(checksum)=0x2230FCF9ED8B1A52
lo(checksum)=0x17AD706FEFB55700
key=encoded, no.=27, <checksum>:
0x2230FCF9ED8B1A5217AD706FEFB55700
key=encoded, no.=27, cso file:
/dev/null
----------------------------------------------
real command=cset shield -e /home/nrink/Projects/build/encode/encode/tests/array_sum/array_sum.perf.encoded --  --cso /dev/null
key=encoded, no.=28, <stderr>:
LENGTH=160
elapsed cycles: 142488
hi(checksum)=0x2230FCF9ED8B1A52
lo(checksum)=0x17AD706FEFB55700
key=encoded, no.=28, <checksum>:
0x2230FCF9ED8B1A5217AD706FEFB55700
key=encoded, no.=28, cso file:
/dev/null
----------------------------------------------
real command=cset shield -e /home/nrink/Projects/build/encode/encode/tests/array_sum/array_sum.perf.encoded --  --cso /dev/null
key=encoded, no.=29, <stderr>:
LENGTH=160
elapsed cycles: 142440
hi(checksum)=0x2230FCF9ED8B1A52
lo(checksum)=0x17AD706FEFB55700
key=encoded, no.=29, <checksum>:
0x2230FCF9ED8B1A5217AD706FEFB55700
key=encoded, no.=29, cso file:
/dev/null
----------------------------------------------
real command=cset shield -e /home/nrink/Projects/build/encode/encode/tests/array_sum/array_sum.perf.encoded --  --cso /dev/null
key=encoded, no.=30, <stderr>:
LENGTH=160
elapsed cycles: 145911
hi(checksum)=0x2230FCF9ED8B1A52
lo(checksum)=0x17AD706FEFB55700
key=encoded, no.=30, <checksum>:
0x2230FCF9ED8B1A5217AD706FEFB55700
key=encoded, no.=30, cso file:
/dev/null
----------------------------------------------
real command=cset shield -e /home/nrink/Projects/build/encode/encode/tests/array_sum/array_sum.perf.encoded --  --cso /dev/null
key=encoded, no.=31, <stderr>:
LENGTH=160
elapsed cycles: 142482
hi(checksum)=0x2230FCF9ED8B1A52
lo(checksum)=0x17AD706FEFB55700
key=encoded, no.=31, <checksum>:
0x2230FCF9ED8B1A5217AD706FEFB55700
key=encoded, no.=31, cso file:
/dev/null
----------------------------------------------
real command=cset shield -e /home/nrink/Projects/build/encode/encode/tests/array_sum/array_sum.perf.encoded --  --cso /dev/null
key=encoded, no.=32, <stderr>:
LENGTH=160
elapsed cycles: 175005
hi(checksum)=0x2230FCF9ED8B1A52
lo(checksum)=0x17AD706FEFB55700
key=encoded, no.=32, <checksum>:
0x2230FCF9ED8B1A5217AD706FEFB55700
key=encoded, no.=32, cso file:
/dev/null
----------------------------------------------
real command=cset shield -e /home/nrink/Projects/build/encode/encode/tests/array_sum/array_sum.perf.encoded --  --cso /dev/null
key=encoded, no.=33, <stderr>:
LENGTH=160
elapsed cycles: 142368
hi(checksum)=0x2230FCF9ED8B1A52
lo(checksum)=0x17AD706FEFB55700
key=encoded, no.=33, <checksum>:
0x2230FCF9ED8B1A5217AD706FEFB55700
key=encoded, no.=33, cso file:
/dev/null
----------------------------------------------
real command=cset shield -e /home/nrink/Projects/build/encode/encode/tests/array_sum/array_sum.perf.encoded --  --cso /dev/null
key=encoded, no.=34, <stderr>:
LENGTH=160
elapsed cycles: 142536
hi(checksum)=0x2230FCF9ED8B1A52
lo(checksum)=0x17AD706FEFB55700
key=encoded, no.=34, <checksum>:
0x2230FCF9ED8B1A5217AD706FEFB55700
key=encoded, no.=34, cso file:
/dev/null
----------------------------------------------
real command=cset shield -e /home/nrink/Projects/build/encode/encode/tests/array_sum/array_sum.perf.encoded --  --cso /dev/null
key=encoded, no.=35, <stderr>:
LENGTH=160
elapsed cycles: 142416
hi(checksum)=0x2230FCF9ED8B1A52
lo(checksum)=0x17AD706FEFB55700
key=encoded, no.=35, <checksum>:
0x2230FCF9ED8B1A5217AD706FEFB55700
key=encoded, no.=35, cso file:
/dev/null
----------------------------------------------
real command=cset shield -e /home/nrink/Projects/build/encode/encode/tests/array_sum/array_sum.perf.encoded --  --cso /dev/null
key=encoded, no.=36, <stderr>:
LENGTH=160
elapsed cycles: 142827
hi(checksum)=0x2230FCF9ED8B1A52
lo(checksum)=0x17AD706FEFB55700
key=encoded, no.=36, <checksum>:
0x2230FCF9ED8B1A5217AD706FEFB55700
key=encoded, no.=36, cso file:
/dev/null
----------------------------------------------
real command=cset shield -e /home/nrink/Projects/build/encode/encode/tests/array_sum/array_sum.perf.encoded --  --cso /dev/null
key=encoded, no.=37, <stderr>:
LENGTH=160
elapsed cycles: 142347
hi(checksum)=0x2230FCF9ED8B1A52
lo(checksum)=0x17AD706FEFB55700
key=encoded, no.=37, <checksum>:
0x2230FCF9ED8B1A5217AD706FEFB55700
key=encoded, no.=37, cso file:
/dev/null
----------------------------------------------
real command=cset shield -e /home/nrink/Projects/build/encode/encode/tests/array_sum/array_sum.perf.encoded --  --cso /dev/null
key=encoded, no.=38, <stderr>:
LENGTH=160
elapsed cycles: 142248
hi(checksum)=0x2230FCF9ED8B1A52
lo(checksum)=0x17AD706FEFB55700
key=encoded, no.=38, <checksum>:
0x2230FCF9ED8B1A5217AD706FEFB55700
key=encoded, no.=38, cso file:
/dev/null
----------------------------------------------
real command=cset shield -e /home/nrink/Projects/build/encode/encode/tests/array_sum/array_sum.perf.encoded --  --cso /dev/null
key=encoded, no.=39, <stderr>:
LENGTH=160
elapsed cycles: 142437
hi(checksum)=0x2230FCF9ED8B1A52
lo(checksum)=0x17AD706FEFB55700
key=encoded, no.=39, <checksum>:
0x2230FCF9ED8B1A5217AD706FEFB55700
key=encoded, no.=39, cso file:
/dev/null
----------------------------------------------
real command=cset shield -e /home/nrink/Projects/build/encode/encode/tests/array_sum/array_sum.perf.encoded --  --cso /dev/null
key=encoded, no.=40, <stderr>:
LENGTH=160
elapsed cycles: 142383
hi(checksum)=0x2230FCF9ED8B1A52
lo(checksum)=0x17AD706FEFB55700
key=encoded, no.=40, <checksum>:
0x2230FCF9ED8B1A5217AD706FEFB55700
key=encoded, no.=40, cso file:
/dev/null
----------------------------------------------
real command=cset shield -e /home/nrink/Projects/build/encode/encode/tests/array_sum/array_sum.perf.encoded --  --cso /dev/null
key=encoded, no.=41, <stderr>:
LENGTH=160
elapsed cycles: 142383
hi(checksum)=0x2230FCF9ED8B1A52
lo(checksum)=0x17AD706FEFB55700
key=encoded, no.=41, <checksum>:
0x2230FCF9ED8B1A5217AD706FEFB55700
key=encoded, no.=41, cso file:
/dev/null
----------------------------------------------
real command=cset shield -e /home/nrink/Projects/build/encode/encode/tests/array_sum/array_sum.perf.encoded --  --cso /dev/null
key=encoded, no.=42, <stderr>:
LENGTH=160
elapsed cycles: 146775
hi(checksum)=0x2230FCF9ED8B1A52
lo(checksum)=0x17AD706FEFB55700
key=encoded, no.=42, <checksum>:
0x2230FCF9ED8B1A5217AD706FEFB55700
key=encoded, no.=42, cso file:
/dev/null
----------------------------------------------
real command=cset shield -e /home/nrink/Projects/build/encode/encode/tests/array_sum/array_sum.perf.encoded --  --cso /dev/null
key=encoded, no.=43, <stderr>:
LENGTH=160
elapsed cycles: 174804
hi(checksum)=0x2230FCF9ED8B1A52
lo(checksum)=0x17AD706FEFB55700
key=encoded, no.=43, <checksum>:
0x2230FCF9ED8B1A5217AD706FEFB55700
key=encoded, no.=43, cso file:
/dev/null
----------------------------------------------
real command=cset shield -e /home/nrink/Projects/build/encode/encode/tests/array_sum/array_sum.perf.encoded --  --cso /dev/null
key=encoded, no.=44, <stderr>:
LENGTH=160
elapsed cycles: 143529
hi(checksum)=0x2230FCF9ED8B1A52
lo(checksum)=0x17AD706FEFB55700
key=encoded, no.=44, <checksum>:
0x2230FCF9ED8B1A5217AD706FEFB55700
key=encoded, no.=44, cso file:
/dev/null
----------------------------------------------
real command=cset shield -e /home/nrink/Projects/build/encode/encode/tests/array_sum/array_sum.perf.encoded --  --cso /dev/null
key=encoded, no.=45, <stderr>:
LENGTH=160
elapsed cycles: 142458
hi(checksum)=0x2230FCF9ED8B1A52
lo(checksum)=0x17AD706FEFB55700
key=encoded, no.=45, <checksum>:
0x2230FCF9ED8B1A5217AD706FEFB55700
key=encoded, no.=45, cso file:
/dev/null
----------------------------------------------
real command=cset shield -e /home/nrink/Projects/build/encode/encode/tests/array_sum/array_sum.perf.encoded --  --cso /dev/null
key=encoded, no.=46, <stderr>:
LENGTH=160
elapsed cycles: 142338
hi(checksum)=0x2230FCF9ED8B1A52
lo(checksum)=0x17AD706FEFB55700
key=encoded, no.=46, <checksum>:
0x2230FCF9ED8B1A5217AD706FEFB55700
key=encoded, no.=46, cso file:
/dev/null
----------------------------------------------
real command=cset shield -e /home/nrink/Projects/build/encode/encode/tests/array_sum/array_sum.perf.encoded --  --cso /dev/null
key=encoded, no.=47, <stderr>:
LENGTH=160
elapsed cycles: 142461
hi(checksum)=0x2230FCF9ED8B1A52
lo(checksum)=0x17AD706FEFB55700
key=encoded, no.=47, <checksum>:
0x2230FCF9ED8B1A5217AD706FEFB55700
key=encoded, no.=47, cso file:
/dev/null
----------------------------------------------
real command=cset shield -e /home/nrink/Projects/build/encode/encode/tests/array_sum/array_sum.perf.encoded --  --cso /dev/null
key=encoded, no.=48, <stderr>:
LENGTH=160
elapsed cycles: 175962
hi(checksum)=0x2230FCF9ED8B1A52
lo(checksum)=0x17AD706FEFB55700
key=encoded, no.=48, <checksum>:
0x2230FCF9ED8B1A5217AD706FEFB55700
key=encoded, no.=48, cso file:
/dev/null
----------------------------------------------
real command=cset shield -e /home/nrink/Projects/build/encode/encode/tests/array_sum/array_sum.perf.encoded --  --cso /dev/null
key=encoded, no.=49, <stderr>:
LENGTH=160
elapsed cycles: 142593
hi(checksum)=0x2230FCF9ED8B1A52
lo(checksum)=0x17AD706FEFB55700
key=encoded, no.=49, <checksum>:
0x2230FCF9ED8B1A5217AD706FEFB55700
key=encoded, no.=49, cso file:
/dev/null
----------------------------------------------
real command=cset shield -e /home/nrink/Projects/build/encode/encode/tests/array_sum/array_sum.perf.encoded --  --cso /dev/null
key=encoded, no.=50, <stderr>:
LENGTH=160
elapsed cycles: 142917
hi(checksum)=0x2230FCF9ED8B1A52
lo(checksum)=0x17AD706FEFB55700
key=encoded, no.=50, <checksum>:
0x2230FCF9ED8B1A5217AD706FEFB55700
key=encoded, no.=50, cso file:
/dev/null
----------------------------------------------
real command=cset shield -e /home/nrink/Projects/build/encode/encode/tests/array_sum/array_sum.perf.encoded --  --cso /dev/null
key=encoded, no.=51, <stderr>:
LENGTH=160
elapsed cycles: 142551
hi(checksum)=0x2230FCF9ED8B1A52
lo(checksum)=0x17AD706FEFB55700
key=encoded, no.=51, <checksum>:
0x2230FCF9ED8B1A5217AD706FEFB55700
key=encoded, no.=51, cso file:
/dev/null
----------------------------------------------
real command=cset shield -e /home/nrink/Projects/build/encode/encode/tests/array_sum/array_sum.perf.encoded --  --cso /dev/null
key=encoded, no.=52, <stderr>:
LENGTH=160
elapsed cycles: 174504
hi(checksum)=0x2230FCF9ED8B1A52
lo(checksum)=0x17AD706FEFB55700
key=encoded, no.=52, <checksum>:
0x2230FCF9ED8B1A5217AD706FEFB55700
key=encoded, no.=52, cso file:
/dev/null
----------------------------------------------
real command=cset shield -e /home/nrink/Projects/build/encode/encode/tests/array_sum/array_sum.perf.encoded --  --cso /dev/null
key=encoded, no.=53, <stderr>:
LENGTH=160
elapsed cycles: 146928
hi(checksum)=0x2230FCF9ED8B1A52
lo(checksum)=0x17AD706FEFB55700
key=encoded, no.=53, <checksum>:
0x2230FCF9ED8B1A5217AD706FEFB55700
key=encoded, no.=53, cso file:
/dev/null
----------------------------------------------
real command=cset shield -e /home/nrink/Projects/build/encode/encode/tests/array_sum/array_sum.perf.encoded --  --cso /dev/null
key=encoded, no.=54, <stderr>:
LENGTH=160
elapsed cycles: 142479
hi(checksum)=0x2230FCF9ED8B1A52
lo(checksum)=0x17AD706FEFB55700
key=encoded, no.=54, <checksum>:
0x2230FCF9ED8B1A5217AD706FEFB55700
key=encoded, no.=54, cso file:
/dev/null
----------------------------------------------
real command=cset shield -e /home/nrink/Projects/build/encode/encode/tests/array_sum/array_sum.perf.encoded --  --cso /dev/null
key=encoded, no.=55, <stderr>:
LENGTH=160
elapsed cycles: 142470
hi(checksum)=0x2230FCF9ED8B1A52
lo(checksum)=0x17AD706FEFB55700
key=encoded, no.=55, <checksum>:
0x2230FCF9ED8B1A5217AD706FEFB55700
key=encoded, no.=55, cso file:
/dev/null
----------------------------------------------
real command=cset shield -e /home/nrink/Projects/build/encode/encode/tests/array_sum/array_sum.perf.encoded --  --cso /dev/null
key=encoded, no.=56, <stderr>:
LENGTH=160
elapsed cycles: 143307
hi(checksum)=0x2230FCF9ED8B1A52
lo(checksum)=0x17AD706FEFB55700
key=encoded, no.=56, <checksum>:
0x2230FCF9ED8B1A5217AD706FEFB55700
key=encoded, no.=56, cso file:
/dev/null
----------------------------------------------
real command=cset shield -e /home/nrink/Projects/build/encode/encode/tests/array_sum/array_sum.perf.encoded --  --cso /dev/null
key=encoded, no.=57, <stderr>:
LENGTH=160
elapsed cycles: 142368
hi(checksum)=0x2230FCF9ED8B1A52
lo(checksum)=0x17AD706FEFB55700
key=encoded, no.=57, <checksum>:
0x2230FCF9ED8B1A5217AD706FEFB55700
key=encoded, no.=57, cso file:
/dev/null
----------------------------------------------
real command=cset shield -e /home/nrink/Projects/build/encode/encode/tests/array_sum/array_sum.perf.encoded --  --cso /dev/null
key=encoded, no.=58, <stderr>:
LENGTH=160
elapsed cycles: 142386
hi(checksum)=0x2230FCF9ED8B1A52
lo(checksum)=0x17AD706FEFB55700
key=encoded, no.=58, <checksum>:
0x2230FCF9ED8B1A5217AD706FEFB55700
key=encoded, no.=58, cso file:
/dev/null
----------------------------------------------
real command=cset shield -e /home/nrink/Projects/build/encode/encode/tests/array_sum/array_sum.perf.encoded --  --cso /dev/null
key=encoded, no.=59, <stderr>:
LENGTH=160
elapsed cycles: 142413
hi(checksum)=0x2230FCF9ED8B1A52
lo(checksum)=0x17AD706FEFB55700
key=encoded, no.=59, <checksum>:
0x2230FCF9ED8B1A5217AD706FEFB55700
key=encoded, no.=59, cso file:
/dev/null
----------------------------------------------
real command=cset shield -e /home/nrink/Projects/build/encode/encode/tests/array_sum/array_sum.perf.encoded --  --cso /dev/null
key=encoded, no.=60, <stderr>:
LENGTH=160
elapsed cycles: 142305
hi(checksum)=0x2230FCF9ED8B1A52
lo(checksum)=0x17AD706FEFB55700
key=encoded, no.=60, <checksum>:
0x2230FCF9ED8B1A5217AD706FEFB55700
key=encoded, no.=60, cso file:
/dev/null
----------------------------------------------
real command=cset shield -e /home/nrink/Projects/build/encode/encode/tests/array_sum/array_sum.perf.encoded --  --cso /dev/null
key=encoded, no.=61, <stderr>:
LENGTH=160
elapsed cycles: 142260
hi(checksum)=0x2230FCF9ED8B1A52
lo(checksum)=0x17AD706FEFB55700
key=encoded, no.=61, <checksum>:
0x2230FCF9ED8B1A5217AD706FEFB55700
key=encoded, no.=61, cso file:
/dev/null
----------------------------------------------
real command=cset shield -e /home/nrink/Projects/build/encode/encode/tests/array_sum/array_sum.perf.encoded --  --cso /dev/null
key=encoded, no.=62, <stderr>:
LENGTH=160
elapsed cycles: 142383
hi(checksum)=0x2230FCF9ED8B1A52
lo(checksum)=0x17AD706FEFB55700
key=encoded, no.=62, <checksum>:
0x2230FCF9ED8B1A5217AD706FEFB55700
key=encoded, no.=62, cso file:
/dev/null
----------------------------------------------
real command=cset shield -e /home/nrink/Projects/build/encode/encode/tests/array_sum/array_sum.perf.encoded --  --cso /dev/null
key=encoded, no.=63, <stderr>:
LENGTH=160
elapsed cycles: 142317
hi(checksum)=0x2230FCF9ED8B1A52
lo(checksum)=0x17AD706FEFB55700
key=encoded, no.=63, <checksum>:
0x2230FCF9ED8B1A5217AD706FEFB55700
key=encoded, no.=63, cso file:
/dev/null
----------------------------------------------
real command=cset shield -e /home/nrink/Projects/build/encode/encode/tests/array_sum/array_sum.perf.encoded --  --cso /dev/null
key=encoded, no.=64, <stderr>:
LENGTH=160
elapsed cycles: 142260
hi(checksum)=0x2230FCF9ED8B1A52
lo(checksum)=0x17AD706FEFB55700
key=encoded, no.=64, <checksum>:
0x2230FCF9ED8B1A5217AD706FEFB55700
key=encoded, no.=64, cso file:
/dev/null
----------------------------------------------
real command=cset shield -e /home/nrink/Projects/build/encode/encode/tests/array_sum/array_sum.perf.encoded --  --cso /dev/null
key=encoded, no.=65, <stderr>:
LENGTH=160
elapsed cycles: 142455
hi(checksum)=0x2230FCF9ED8B1A52
lo(checksum)=0x17AD706FEFB55700
key=encoded, no.=65, <checksum>:
0x2230FCF9ED8B1A5217AD706FEFB55700
key=encoded, no.=65, cso file:
/dev/null
----------------------------------------------
real command=cset shield -e /home/nrink/Projects/build/encode/encode/tests/array_sum/array_sum.perf.encoded --  --cso /dev/null
key=encoded, no.=66, <stderr>:
LENGTH=160
elapsed cycles: 143391
hi(checksum)=0x2230FCF9ED8B1A52
lo(checksum)=0x17AD706FEFB55700
key=encoded, no.=66, <checksum>:
0x2230FCF9ED8B1A5217AD706FEFB55700
key=encoded, no.=66, cso file:
/dev/null
----------------------------------------------
real command=cset shield -e /home/nrink/Projects/build/encode/encode/tests/array_sum/array_sum.perf.encoded --  --cso /dev/null
key=encoded, no.=67, <stderr>:
LENGTH=160
elapsed cycles: 142644
hi(checksum)=0x2230FCF9ED8B1A52
lo(checksum)=0x17AD706FEFB55700
key=encoded, no.=67, <checksum>:
0x2230FCF9ED8B1A5217AD706FEFB55700
key=encoded, no.=67, cso file:
/dev/null
----------------------------------------------
real command=cset shield -e /home/nrink/Projects/build/encode/encode/tests/array_sum/array_sum.perf.encoded --  --cso /dev/null
key=encoded, no.=68, <stderr>:
LENGTH=160
elapsed cycles: 174525
hi(checksum)=0x2230FCF9ED8B1A52
lo(checksum)=0x17AD706FEFB55700
key=encoded, no.=68, <checksum>:
0x2230FCF9ED8B1A5217AD706FEFB55700
key=encoded, no.=68, cso file:
/dev/null
----------------------------------------------
real command=cset shield -e /home/nrink/Projects/build/encode/encode/tests/array_sum/array_sum.perf.encoded --  --cso /dev/null
key=encoded, no.=69, <stderr>:
LENGTH=160
elapsed cycles: 142581
hi(checksum)=0x2230FCF9ED8B1A52
lo(checksum)=0x17AD706FEFB55700
key=encoded, no.=69, <checksum>:
0x2230FCF9ED8B1A5217AD706FEFB55700
key=encoded, no.=69, cso file:
/dev/null
----------------------------------------------
real command=cset shield -e /home/nrink/Projects/build/encode/encode/tests/array_sum/array_sum.perf.encoded --  --cso /dev/null
key=encoded, no.=70, <stderr>:
LENGTH=160
elapsed cycles: 142797
hi(checksum)=0x2230FCF9ED8B1A52
lo(checksum)=0x17AD706FEFB55700
key=encoded, no.=70, <checksum>:
0x2230FCF9ED8B1A5217AD706FEFB55700
key=encoded, no.=70, cso file:
/dev/null
----------------------------------------------
real command=cset shield -e /home/nrink/Projects/build/encode/encode/tests/array_sum/array_sum.perf.encoded --  --cso /dev/null
key=encoded, no.=71, <stderr>:
LENGTH=160
elapsed cycles: 142404
hi(checksum)=0x2230FCF9ED8B1A52
lo(checksum)=0x17AD706FEFB55700
key=encoded, no.=71, <checksum>:
0x2230FCF9ED8B1A5217AD706FEFB55700
key=encoded, no.=71, cso file:
/dev/null
----------------------------------------------
real command=cset shield -e /home/nrink/Projects/build/encode/encode/tests/array_sum/array_sum.perf.encoded --  --cso /dev/null
key=encoded, no.=72, <stderr>:
LENGTH=160
elapsed cycles: 142392
hi(checksum)=0x2230FCF9ED8B1A52
lo(checksum)=0x17AD706FEFB55700
key=encoded, no.=72, <checksum>:
0x2230FCF9ED8B1A5217AD706FEFB55700
key=encoded, no.=72, cso file:
/dev/null
----------------------------------------------
real command=cset shield -e /home/nrink/Projects/build/encode/encode/tests/array_sum/array_sum.perf.encoded --  --cso /dev/null
key=encoded, no.=73, <stderr>:
LENGTH=160
elapsed cycles: 174780
hi(checksum)=0x2230FCF9ED8B1A52
lo(checksum)=0x17AD706FEFB55700
key=encoded, no.=73, <checksum>:
0x2230FCF9ED8B1A5217AD706FEFB55700
key=encoded, no.=73, cso file:
/dev/null
----------------------------------------------
real command=cset shield -e /home/nrink/Projects/build/encode/encode/tests/array_sum/array_sum.perf.encoded --  --cso /dev/null
key=encoded, no.=74, <stderr>:
LENGTH=160
elapsed cycles: 142299
hi(checksum)=0x2230FCF9ED8B1A52
lo(checksum)=0x17AD706FEFB55700
key=encoded, no.=74, <checksum>:
0x2230FCF9ED8B1A5217AD706FEFB55700
key=encoded, no.=74, cso file:
/dev/null
----------------------------------------------
real command=cset shield -e /home/nrink/Projects/build/encode/encode/tests/array_sum/array_sum.perf.encoded --  --cso /dev/null
key=encoded, no.=75, <stderr>:
LENGTH=160
elapsed cycles: 142260
hi(checksum)=0x2230FCF9ED8B1A52
lo(checksum)=0x17AD706FEFB55700
key=encoded, no.=75, <checksum>:
0x2230FCF9ED8B1A5217AD706FEFB55700
key=encoded, no.=75, cso file:
/dev/null
----------------------------------------------
real command=cset shield -e /home/nrink/Projects/build/encode/encode/tests/array_sum/array_sum.perf.encoded --  --cso /dev/null
key=encoded, no.=76, <stderr>:
LENGTH=160
elapsed cycles: 146058
hi(checksum)=0x2230FCF9ED8B1A52
lo(checksum)=0x17AD706FEFB55700
key=encoded, no.=76, <checksum>:
0x2230FCF9ED8B1A5217AD706FEFB55700
key=encoded, no.=76, cso file:
/dev/null
----------------------------------------------
real command=cset shield -e /home/nrink/Projects/build/encode/encode/tests/array_sum/array_sum.perf.encoded --  --cso /dev/null
key=encoded, no.=77, <stderr>:
LENGTH=160
elapsed cycles: 142350
hi(checksum)=0x2230FCF9ED8B1A52
lo(checksum)=0x17AD706FEFB55700
key=encoded, no.=77, <checksum>:
0x2230FCF9ED8B1A5217AD706FEFB55700
key=encoded, no.=77, cso file:
/dev/null
----------------------------------------------
real command=cset shield -e /home/nrink/Projects/build/encode/encode/tests/array_sum/array_sum.perf.encoded --  --cso /dev/null
key=encoded, no.=78, <stderr>:
LENGTH=160
elapsed cycles: 142332
hi(checksum)=0x2230FCF9ED8B1A52
lo(checksum)=0x17AD706FEFB55700
key=encoded, no.=78, <checksum>:
0x2230FCF9ED8B1A5217AD706FEFB55700
key=encoded, no.=78, cso file:
/dev/null
----------------------------------------------
real command=cset shield -e /home/nrink/Projects/build/encode/encode/tests/array_sum/array_sum.perf.encoded --  --cso /dev/null
key=encoded, no.=79, <stderr>:
LENGTH=160
elapsed cycles: 174630
hi(checksum)=0x2230FCF9ED8B1A52
lo(checksum)=0x17AD706FEFB55700
key=encoded, no.=79, <checksum>:
0x2230FCF9ED8B1A5217AD706FEFB55700
key=encoded, no.=79, cso file:
/dev/null
----------------------------------------------
real command=cset shield -e /home/nrink/Projects/build/encode/encode/tests/array_sum/array_sum.perf.encoded --  --cso /dev/null
key=encoded, no.=80, <stderr>:
LENGTH=160
elapsed cycles: 175851
hi(checksum)=0x2230FCF9ED8B1A52
lo(checksum)=0x17AD706FEFB55700
key=encoded, no.=80, <checksum>:
0x2230FCF9ED8B1A5217AD706FEFB55700
key=encoded, no.=80, cso file:
/dev/null
----------------------------------------------
real command=cset shield -e /home/nrink/Projects/build/encode/encode/tests/array_sum/array_sum.perf.encoded --  --cso /dev/null
key=encoded, no.=81, <stderr>:
LENGTH=160
elapsed cycles: 142350
hi(checksum)=0x2230FCF9ED8B1A52
lo(checksum)=0x17AD706FEFB55700
key=encoded, no.=81, <checksum>:
0x2230FCF9ED8B1A5217AD706FEFB55700
key=encoded, no.=81, cso file:
/dev/null
----------------------------------------------
real command=cset shield -e /home/nrink/Projects/build/encode/encode/tests/array_sum/array_sum.perf.encoded --  --cso /dev/null
key=encoded, no.=82, <stderr>:
LENGTH=160
elapsed cycles: 142293
hi(checksum)=0x2230FCF9ED8B1A52
lo(checksum)=0x17AD706FEFB55700
key=encoded, no.=82, <checksum>:
0x2230FCF9ED8B1A5217AD706FEFB55700
key=encoded, no.=82, cso file:
/dev/null
----------------------------------------------
real command=cset shield -e /home/nrink/Projects/build/encode/encode/tests/array_sum/array_sum.perf.encoded --  --cso /dev/null
key=encoded, no.=83, <stderr>:
LENGTH=160
elapsed cycles: 142344
hi(checksum)=0x2230FCF9ED8B1A52
lo(checksum)=0x17AD706FEFB55700
key=encoded, no.=83, <checksum>:
0x2230FCF9ED8B1A5217AD706FEFB55700
key=encoded, no.=83, cso file:
/dev/null
----------------------------------------------
real command=cset shield -e /home/nrink/Projects/build/encode/encode/tests/array_sum/array_sum.perf.encoded --  --cso /dev/null
key=encoded, no.=84, <stderr>:
LENGTH=160
elapsed cycles: 142353
hi(checksum)=0x2230FCF9ED8B1A52
lo(checksum)=0x17AD706FEFB55700
key=encoded, no.=84, <checksum>:
0x2230FCF9ED8B1A5217AD706FEFB55700
key=encoded, no.=84, cso file:
/dev/null
----------------------------------------------
real command=cset shield -e /home/nrink/Projects/build/encode/encode/tests/array_sum/array_sum.perf.encoded --  --cso /dev/null
key=encoded, no.=85, <stderr>:
LENGTH=160
elapsed cycles: 142428
hi(checksum)=0x2230FCF9ED8B1A52
lo(checksum)=0x17AD706FEFB55700
key=encoded, no.=85, <checksum>:
0x2230FCF9ED8B1A5217AD706FEFB55700
key=encoded, no.=85, cso file:
/dev/null
----------------------------------------------
real command=cset shield -e /home/nrink/Projects/build/encode/encode/tests/array_sum/array_sum.perf.encoded --  --cso /dev/null
key=encoded, no.=86, <stderr>:
LENGTH=160
elapsed cycles: 142404
hi(checksum)=0x2230FCF9ED8B1A52
lo(checksum)=0x17AD706FEFB55700
key=encoded, no.=86, <checksum>:
0x2230FCF9ED8B1A5217AD706FEFB55700
key=encoded, no.=86, cso file:
/dev/null
----------------------------------------------
real command=cset shield -e /home/nrink/Projects/build/encode/encode/tests/array_sum/array_sum.perf.encoded --  --cso /dev/null
key=encoded, no.=87, <stderr>:
LENGTH=160
elapsed cycles: 142881
hi(checksum)=0x2230FCF9ED8B1A52
lo(checksum)=0x17AD706FEFB55700
key=encoded, no.=87, <checksum>:
0x2230FCF9ED8B1A5217AD706FEFB55700
key=encoded, no.=87, cso file:
/dev/null
----------------------------------------------
real command=cset shield -e /home/nrink/Projects/build/encode/encode/tests/array_sum/array_sum.perf.encoded --  --cso /dev/null
key=encoded, no.=88, <stderr>:
LENGTH=160
elapsed cycles: 142311
hi(checksum)=0x2230FCF9ED8B1A52
lo(checksum)=0x17AD706FEFB55700
key=encoded, no.=88, <checksum>:
0x2230FCF9ED8B1A5217AD706FEFB55700
key=encoded, no.=88, cso file:
/dev/null
----------------------------------------------
real command=cset shield -e /home/nrink/Projects/build/encode/encode/tests/array_sum/array_sum.perf.encoded --  --cso /dev/null
key=encoded, no.=89, <stderr>:
LENGTH=160
elapsed cycles: 142440
hi(checksum)=0x2230FCF9ED8B1A52
lo(checksum)=0x17AD706FEFB55700
key=encoded, no.=89, <checksum>:
0x2230FCF9ED8B1A5217AD706FEFB55700
key=encoded, no.=89, cso file:
/dev/null
----------------------------------------------
real command=cset shield -e /home/nrink/Projects/build/encode/encode/tests/array_sum/array_sum.perf.encoded --  --cso /dev/null
key=encoded, no.=90, <stderr>:
LENGTH=160
elapsed cycles: 174195
hi(checksum)=0x2230FCF9ED8B1A52
lo(checksum)=0x17AD706FEFB55700
key=encoded, no.=90, <checksum>:
0x2230FCF9ED8B1A5217AD706FEFB55700
key=encoded, no.=90, cso file:
/dev/null
----------------------------------------------
real command=cset shield -e /home/nrink/Projects/build/encode/encode/tests/array_sum/array_sum.perf.encoded --  --cso /dev/null
key=encoded, no.=91, <stderr>:
LENGTH=160
elapsed cycles: 174624
hi(checksum)=0x2230FCF9ED8B1A52
lo(checksum)=0x17AD706FEFB55700
key=encoded, no.=91, <checksum>:
0x2230FCF9ED8B1A5217AD706FEFB55700
key=encoded, no.=91, cso file:
/dev/null
----------------------------------------------
real command=cset shield -e /home/nrink/Projects/build/encode/encode/tests/array_sum/array_sum.perf.encoded --  --cso /dev/null
key=encoded, no.=92, <stderr>:
LENGTH=160
elapsed cycles: 142371
hi(checksum)=0x2230FCF9ED8B1A52
lo(checksum)=0x17AD706FEFB55700
key=encoded, no.=92, <checksum>:
0x2230FCF9ED8B1A5217AD706FEFB55700
key=encoded, no.=92, cso file:
/dev/null
----------------------------------------------
real command=cset shield -e /home/nrink/Projects/build/encode/encode/tests/array_sum/array_sum.perf.encoded --  --cso /dev/null
key=encoded, no.=93, <stderr>:
LENGTH=160
elapsed cycles: 142443
hi(checksum)=0x2230FCF9ED8B1A52
lo(checksum)=0x17AD706FEFB55700
key=encoded, no.=93, <checksum>:
0x2230FCF9ED8B1A5217AD706FEFB55700
key=encoded, no.=93, cso file:
/dev/null
----------------------------------------------
real command=cset shield -e /home/nrink/Projects/build/encode/encode/tests/array_sum/array_sum.perf.encoded --  --cso /dev/null
key=encoded, no.=94, <stderr>:
LENGTH=160
elapsed cycles: 142467
hi(checksum)=0x2230FCF9ED8B1A52
lo(checksum)=0x17AD706FEFB55700
key=encoded, no.=94, <checksum>:
0x2230FCF9ED8B1A5217AD706FEFB55700
key=encoded, no.=94, cso file:
/dev/null
----------------------------------------------
real command=cset shield -e /home/nrink/Projects/build/encode/encode/tests/array_sum/array_sum.perf.encoded --  --cso /dev/null
key=encoded, no.=95, <stderr>:
LENGTH=160
elapsed cycles: 174945
hi(checksum)=0x2230FCF9ED8B1A52
lo(checksum)=0x17AD706FEFB55700
key=encoded, no.=95, <checksum>:
0x2230FCF9ED8B1A5217AD706FEFB55700
key=encoded, no.=95, cso file:
/dev/null
----------------------------------------------
real command=cset shield -e /home/nrink/Projects/build/encode/encode/tests/array_sum/array_sum.perf.encoded --  --cso /dev/null
key=encoded, no.=96, <stderr>:
LENGTH=160
elapsed cycles: 142332
hi(checksum)=0x2230FCF9ED8B1A52
lo(checksum)=0x17AD706FEFB55700
key=encoded, no.=96, <checksum>:
0x2230FCF9ED8B1A5217AD706FEFB55700
key=encoded, no.=96, cso file:
/dev/null
----------------------------------------------
real command=cset shield -e /home/nrink/Projects/build/encode/encode/tests/array_sum/array_sum.perf.encoded --  --cso /dev/null
key=encoded, no.=97, <stderr>:
LENGTH=160
elapsed cycles: 174726
hi(checksum)=0x2230FCF9ED8B1A52
lo(checksum)=0x17AD706FEFB55700
key=encoded, no.=97, <checksum>:
0x2230FCF9ED8B1A5217AD706FEFB55700
key=encoded, no.=97, cso file:
/dev/null
----------------------------------------------
real command=cset shield -e /home/nrink/Projects/build/encode/encode/tests/array_sum/array_sum.perf.encoded --  --cso /dev/null
key=encoded, no.=98, <stderr>:
LENGTH=160
elapsed cycles: 142425
hi(checksum)=0x2230FCF9ED8B1A52
lo(checksum)=0x17AD706FEFB55700
key=encoded, no.=98, <checksum>:
0x2230FCF9ED8B1A5217AD706FEFB55700
key=encoded, no.=98, cso file:
/dev/null
----------------------------------------------
real command=cset shield -e /home/nrink/Projects/build/encode/encode/tests/array_sum/array_sum.perf.encoded --  --cso /dev/null
key=encoded, no.=99, <stderr>:
LENGTH=160
elapsed cycles: 142350
hi(checksum)=0x2230FCF9ED8B1A52
lo(checksum)=0x17AD706FEFB55700
key=encoded, no.=99, <checksum>:
0x2230FCF9ED8B1A5217AD706FEFB55700
key=encoded, no.=99, cso file:
/dev/null
----------------------------------------------
