<stderr> from running /home/nrink/Projects/pin-2.14-71313-gcc.4.4.7-linux/pin.sh -t /home/nrink/Projects/bfi/obj-intel64/bfi.so -trigger 8794606 -cmd WADDR -seed 1 -mask 191 -- /home/nrink/Projects/build/encode/encode/tests/matmul/matmul.cover.plain --cso ./2015-05-06_10:13:34/matmul/cover/cs/plain.7.cso --csl ./2015-05-06_10:13:34/matmul/cover/cs/plain.7.csl:
[.:    0, IP = 0x400a2f, i = 8794609, wa = 0, ra = 0, rr = 0, wr = 0, it = 0, t = 0]
	access = write, size = 8, addr = 0x604fd0, addr' = 0x604f6f, op = 0
elapsed cycles: 1459931703
hi(checksum)=0xFEE860516F63D4F8
lo(checksum)=0xAC65DA9E7505327C
**********************
INSTR   = 9022805
WADDR   = 0
RADDR   = 0
RREG    = 0
WREG    = 0
ITER    = 0
TRIGGER = 8794606
TTYPE   = IN
COMMAND = WADDR
SEL     = -1
SEED    = 1
MASK    = 0xbf
THREAD  = 0
ELAPSED = 5.15s
----------------------------------------------------------------
