<stderr> from running /home/nrink/Projects/pin-2.14-71313-gcc.4.4.7-linux/pin.sh -t /home/nrink/Projects/bfi/obj-intel64/bfi.so -trigger 69911252 -cmd RADDR -seed 1 -mask 45 -- /home/nrink/Projects/build/encode/encode/tests/dijkstra/dijkstra.cover.plain /home/nrink/Projects/build/encode/encode/tests/dijkstra/dijkstra_input.dat --cso ./2015-05-05_14:00:51/dijkstra/cover/cs/plain.4.cso --csl ./2015-05-05_14:00:51/dijkstra/cover/cs/plain.4.csl:
[.:    0, IP = 0x400f70, i = 69911254, wa = 0, ra = 0, rr = 0, wr = 0, it = 0, t = 0]
	access = read, size = 8, addr = 0x6020d8, addr' = 0x6020f5, op = 0
**********************
INSTR   = 69911256
WADDR   = 0
RADDR   = 0
RREG    = 0
WREG    = 0
ITER    = 0
TRIGGER = 69911252
TTYPE   = IN
COMMAND = RADDR
SEL     = -1
SEED    = 1
MASK    = 0x2d
THREAD  = 0
ELAPSED = 5.38s
Segmentation fault (core dumped)
----------------------------------------------------------------
