key=plain, runs=100 ...
command=/home/nrink/Projects/build/encode/encode/tests/ptrarith/ptrarith.perf.plain
----------------------------------------------
real command=cset shield -e /home/nrink/Projects/build/encode/encode/tests/ptrarith/ptrarith.perf.plain --  --cso /dev/null
key=plain, no.=0, <stderr>:
LENGTH=3700
elapsed cycles: 484080
hi(checksum)=0xC70E3C8C368B01CC
lo(checksum)=0x60042417F30B1BB8
key=plain, no.=0, <checksum>:
0xC70E3C8C368B01CC60042417F30B1BB8
key=plain, no.=0, cso file:
/dev/null
----------------------------------------------
real command=cset shield -e /home/nrink/Projects/build/encode/encode/tests/ptrarith/ptrarith.perf.plain --  --cso /dev/null
key=plain, no.=1, <stderr>:
LENGTH=3700
elapsed cycles: 483156
hi(checksum)=0xC70E3C8C368B01CC
lo(checksum)=0x60042417F30B1BB8
key=plain, no.=1, <checksum>:
0xC70E3C8C368B01CC60042417F30B1BB8
key=plain, no.=1, cso file:
/dev/null
----------------------------------------------
real command=cset shield -e /home/nrink/Projects/build/encode/encode/tests/ptrarith/ptrarith.perf.plain --  --cso /dev/null
key=plain, no.=2, <stderr>:
LENGTH=3700
elapsed cycles: 567474
hi(checksum)=0xC70E3C8C368B01CC
lo(checksum)=0x60042417F30B1BB8
key=plain, no.=2, <checksum>:
0xC70E3C8C368B01CC60042417F30B1BB8
key=plain, no.=2, cso file:
/dev/null
----------------------------------------------
real command=cset shield -e /home/nrink/Projects/build/encode/encode/tests/ptrarith/ptrarith.perf.plain --  --cso /dev/null
key=plain, no.=3, <stderr>:
LENGTH=3700
elapsed cycles: 495462
hi(checksum)=0xC70E3C8C368B01CC
lo(checksum)=0x60042417F30B1BB8
key=plain, no.=3, <checksum>:
0xC70E3C8C368B01CC60042417F30B1BB8
key=plain, no.=3, cso file:
/dev/null
----------------------------------------------
real command=cset shield -e /home/nrink/Projects/build/encode/encode/tests/ptrarith/ptrarith.perf.plain --  --cso /dev/null
key=plain, no.=4, <stderr>:
LENGTH=3700
elapsed cycles: 492573
hi(checksum)=0xC70E3C8C368B01CC
lo(checksum)=0x60042417F30B1BB8
key=plain, no.=4, <checksum>:
0xC70E3C8C368B01CC60042417F30B1BB8
key=plain, no.=4, cso file:
/dev/null
----------------------------------------------
real command=cset shield -e /home/nrink/Projects/build/encode/encode/tests/ptrarith/ptrarith.perf.plain --  --cso /dev/null
key=plain, no.=5, <stderr>:
LENGTH=3700
elapsed cycles: 484962
hi(checksum)=0xC70E3C8C368B01CC
lo(checksum)=0x60042417F30B1BB8
key=plain, no.=5, <checksum>:
0xC70E3C8C368B01CC60042417F30B1BB8
key=plain, no.=5, cso file:
/dev/null
----------------------------------------------
real command=cset shield -e /home/nrink/Projects/build/encode/encode/tests/ptrarith/ptrarith.perf.plain --  --cso /dev/null
key=plain, no.=6, <stderr>:
LENGTH=3700
elapsed cycles: 484695
hi(checksum)=0xC70E3C8C368B01CC
lo(checksum)=0x60042417F30B1BB8
key=plain, no.=6, <checksum>:
0xC70E3C8C368B01CC60042417F30B1BB8
key=plain, no.=6, cso file:
/dev/null
----------------------------------------------
real command=cset shield -e /home/nrink/Projects/build/encode/encode/tests/ptrarith/ptrarith.perf.plain --  --cso /dev/null
key=plain, no.=7, <stderr>:
LENGTH=3700
elapsed cycles: 484449
hi(checksum)=0xC70E3C8C368B01CC
lo(checksum)=0x60042417F30B1BB8
key=plain, no.=7, <checksum>:
0xC70E3C8C368B01CC60042417F30B1BB8
key=plain, no.=7, cso file:
/dev/null
----------------------------------------------
real command=cset shield -e /home/nrink/Projects/build/encode/encode/tests/ptrarith/ptrarith.perf.plain --  --cso /dev/null
key=plain, no.=8, <stderr>:
LENGTH=3700
elapsed cycles: 487950
hi(checksum)=0xC70E3C8C368B01CC
lo(checksum)=0x60042417F30B1BB8
key=plain, no.=8, <checksum>:
0xC70E3C8C368B01CC60042417F30B1BB8
key=plain, no.=8, cso file:
/dev/null
----------------------------------------------
real command=cset shield -e /home/nrink/Projects/build/encode/encode/tests/ptrarith/ptrarith.perf.plain --  --cso /dev/null
key=plain, no.=9, <stderr>:
LENGTH=3700
elapsed cycles: 488430
hi(checksum)=0xC70E3C8C368B01CC
lo(checksum)=0x60042417F30B1BB8
key=plain, no.=9, <checksum>:
0xC70E3C8C368B01CC60042417F30B1BB8
key=plain, no.=9, cso file:
/dev/null
----------------------------------------------
real command=cset shield -e /home/nrink/Projects/build/encode/encode/tests/ptrarith/ptrarith.perf.plain --  --cso /dev/null
key=plain, no.=10, <stderr>:
LENGTH=3700
elapsed cycles: 486078
hi(checksum)=0xC70E3C8C368B01CC
lo(checksum)=0x60042417F30B1BB8
key=plain, no.=10, <checksum>:
0xC70E3C8C368B01CC60042417F30B1BB8
key=plain, no.=10, cso file:
/dev/null
----------------------------------------------
real command=cset shield -e /home/nrink/Projects/build/encode/encode/tests/ptrarith/ptrarith.perf.plain --  --cso /dev/null
key=plain, no.=11, <stderr>:
LENGTH=3700
elapsed cycles: 491334
hi(checksum)=0xC70E3C8C368B01CC
lo(checksum)=0x60042417F30B1BB8
key=plain, no.=11, <checksum>:
0xC70E3C8C368B01CC60042417F30B1BB8
key=plain, no.=11, cso file:
/dev/null
----------------------------------------------
real command=cset shield -e /home/nrink/Projects/build/encode/encode/tests/ptrarith/ptrarith.perf.plain --  --cso /dev/null
key=plain, no.=12, <stderr>:
LENGTH=3700
elapsed cycles: 519963
hi(checksum)=0xC70E3C8C368B01CC
lo(checksum)=0x60042417F30B1BB8
key=plain, no.=12, <checksum>:
0xC70E3C8C368B01CC60042417F30B1BB8
key=plain, no.=12, cso file:
/dev/null
----------------------------------------------
real command=cset shield -e /home/nrink/Projects/build/encode/encode/tests/ptrarith/ptrarith.perf.plain --  --cso /dev/null
key=plain, no.=13, <stderr>:
LENGTH=3700
elapsed cycles: 486117
hi(checksum)=0xC70E3C8C368B01CC
lo(checksum)=0x60042417F30B1BB8
key=plain, no.=13, <checksum>:
0xC70E3C8C368B01CC60042417F30B1BB8
key=plain, no.=13, cso file:
/dev/null
----------------------------------------------
real command=cset shield -e /home/nrink/Projects/build/encode/encode/tests/ptrarith/ptrarith.perf.plain --  --cso /dev/null
key=plain, no.=14, <stderr>:
LENGTH=3700
elapsed cycles: 484851
hi(checksum)=0xC70E3C8C368B01CC
lo(checksum)=0x60042417F30B1BB8
key=plain, no.=14, <checksum>:
0xC70E3C8C368B01CC60042417F30B1BB8
key=plain, no.=14, cso file:
/dev/null
----------------------------------------------
real command=cset shield -e /home/nrink/Projects/build/encode/encode/tests/ptrarith/ptrarith.perf.plain --  --cso /dev/null
key=plain, no.=15, <stderr>:
LENGTH=3700
elapsed cycles: 484512
hi(checksum)=0xC70E3C8C368B01CC
lo(checksum)=0x60042417F30B1BB8
key=plain, no.=15, <checksum>:
0xC70E3C8C368B01CC60042417F30B1BB8
key=plain, no.=15, cso file:
/dev/null
----------------------------------------------
real command=cset shield -e /home/nrink/Projects/build/encode/encode/tests/ptrarith/ptrarith.perf.plain --  --cso /dev/null
key=plain, no.=16, <stderr>:
LENGTH=3700
elapsed cycles: 488796
hi(checksum)=0xC70E3C8C368B01CC
lo(checksum)=0x60042417F30B1BB8
key=plain, no.=16, <checksum>:
0xC70E3C8C368B01CC60042417F30B1BB8
key=plain, no.=16, cso file:
/dev/null
----------------------------------------------
real command=cset shield -e /home/nrink/Projects/build/encode/encode/tests/ptrarith/ptrarith.perf.plain --  --cso /dev/null
key=plain, no.=17, <stderr>:
LENGTH=3700
elapsed cycles: 484311
hi(checksum)=0xC70E3C8C368B01CC
lo(checksum)=0x60042417F30B1BB8
key=plain, no.=17, <checksum>:
0xC70E3C8C368B01CC60042417F30B1BB8
key=plain, no.=17, cso file:
/dev/null
----------------------------------------------
real command=cset shield -e /home/nrink/Projects/build/encode/encode/tests/ptrarith/ptrarith.perf.plain --  --cso /dev/null
key=plain, no.=18, <stderr>:
LENGTH=3700
elapsed cycles: 484536
hi(checksum)=0xC70E3C8C368B01CC
lo(checksum)=0x60042417F30B1BB8
key=plain, no.=18, <checksum>:
0xC70E3C8C368B01CC60042417F30B1BB8
key=plain, no.=18, cso file:
/dev/null
----------------------------------------------
real command=cset shield -e /home/nrink/Projects/build/encode/encode/tests/ptrarith/ptrarith.perf.plain --  --cso /dev/null
key=plain, no.=19, <stderr>:
LENGTH=3700
elapsed cycles: 528297
hi(checksum)=0xC70E3C8C368B01CC
lo(checksum)=0x60042417F30B1BB8
key=plain, no.=19, <checksum>:
0xC70E3C8C368B01CC60042417F30B1BB8
key=plain, no.=19, cso file:
/dev/null
----------------------------------------------
real command=cset shield -e /home/nrink/Projects/build/encode/encode/tests/ptrarith/ptrarith.perf.plain --  --cso /dev/null
key=plain, no.=20, <stderr>:
LENGTH=3700
elapsed cycles: 485256
hi(checksum)=0xC70E3C8C368B01CC
lo(checksum)=0x60042417F30B1BB8
key=plain, no.=20, <checksum>:
0xC70E3C8C368B01CC60042417F30B1BB8
key=plain, no.=20, cso file:
/dev/null
----------------------------------------------
real command=cset shield -e /home/nrink/Projects/build/encode/encode/tests/ptrarith/ptrarith.perf.plain --  --cso /dev/null
key=plain, no.=21, <stderr>:
LENGTH=3700
elapsed cycles: 518856
hi(checksum)=0xC70E3C8C368B01CC
lo(checksum)=0x60042417F30B1BB8
key=plain, no.=21, <checksum>:
0xC70E3C8C368B01CC60042417F30B1BB8
key=plain, no.=21, cso file:
/dev/null
----------------------------------------------
real command=cset shield -e /home/nrink/Projects/build/encode/encode/tests/ptrarith/ptrarith.perf.plain --  --cso /dev/null
key=plain, no.=22, <stderr>:
LENGTH=3700
elapsed cycles: 486183
hi(checksum)=0xC70E3C8C368B01CC
lo(checksum)=0x60042417F30B1BB8
key=plain, no.=22, <checksum>:
0xC70E3C8C368B01CC60042417F30B1BB8
key=plain, no.=22, cso file:
/dev/null
----------------------------------------------
real command=cset shield -e /home/nrink/Projects/build/encode/encode/tests/ptrarith/ptrarith.perf.plain --  --cso /dev/null
key=plain, no.=23, <stderr>:
LENGTH=3700
elapsed cycles: 520734
hi(checksum)=0xC70E3C8C368B01CC
lo(checksum)=0x60042417F30B1BB8
key=plain, no.=23, <checksum>:
0xC70E3C8C368B01CC60042417F30B1BB8
key=plain, no.=23, cso file:
/dev/null
----------------------------------------------
real command=cset shield -e /home/nrink/Projects/build/encode/encode/tests/ptrarith/ptrarith.perf.plain --  --cso /dev/null
key=plain, no.=24, <stderr>:
LENGTH=3700
elapsed cycles: 484785
hi(checksum)=0xC70E3C8C368B01CC
lo(checksum)=0x60042417F30B1BB8
key=plain, no.=24, <checksum>:
0xC70E3C8C368B01CC60042417F30B1BB8
key=plain, no.=24, cso file:
/dev/null
----------------------------------------------
real command=cset shield -e /home/nrink/Projects/build/encode/encode/tests/ptrarith/ptrarith.perf.plain --  --cso /dev/null
key=plain, no.=25, <stderr>:
LENGTH=3700
elapsed cycles: 486366
hi(checksum)=0xC70E3C8C368B01CC
lo(checksum)=0x60042417F30B1BB8
key=plain, no.=25, <checksum>:
0xC70E3C8C368B01CC60042417F30B1BB8
key=plain, no.=25, cso file:
/dev/null
----------------------------------------------
real command=cset shield -e /home/nrink/Projects/build/encode/encode/tests/ptrarith/ptrarith.perf.plain --  --cso /dev/null
key=plain, no.=26, <stderr>:
LENGTH=3700
elapsed cycles: 484878
hi(checksum)=0xC70E3C8C368B01CC
lo(checksum)=0x60042417F30B1BB8
key=plain, no.=26, <checksum>:
0xC70E3C8C368B01CC60042417F30B1BB8
key=plain, no.=26, cso file:
/dev/null
----------------------------------------------
real command=cset shield -e /home/nrink/Projects/build/encode/encode/tests/ptrarith/ptrarith.perf.plain --  --cso /dev/null
key=plain, no.=27, <stderr>:
LENGTH=3700
elapsed cycles: 484542
hi(checksum)=0xC70E3C8C368B01CC
lo(checksum)=0x60042417F30B1BB8
key=plain, no.=27, <checksum>:
0xC70E3C8C368B01CC60042417F30B1BB8
key=plain, no.=27, cso file:
/dev/null
----------------------------------------------
real command=cset shield -e /home/nrink/Projects/build/encode/encode/tests/ptrarith/ptrarith.perf.plain --  --cso /dev/null
key=plain, no.=28, <stderr>:
LENGTH=3700
elapsed cycles: 484461
hi(checksum)=0xC70E3C8C368B01CC
lo(checksum)=0x60042417F30B1BB8
key=plain, no.=28, <checksum>:
0xC70E3C8C368B01CC60042417F30B1BB8
key=plain, no.=28, cso file:
/dev/null
----------------------------------------------
real command=cset shield -e /home/nrink/Projects/build/encode/encode/tests/ptrarith/ptrarith.perf.plain --  --cso /dev/null
key=plain, no.=29, <stderr>:
LENGTH=3700
elapsed cycles: 484116
hi(checksum)=0xC70E3C8C368B01CC
lo(checksum)=0x60042417F30B1BB8
key=plain, no.=29, <checksum>:
0xC70E3C8C368B01CC60042417F30B1BB8
key=plain, no.=29, cso file:
/dev/null
----------------------------------------------
real command=cset shield -e /home/nrink/Projects/build/encode/encode/tests/ptrarith/ptrarith.perf.plain --  --cso /dev/null
key=plain, no.=30, <stderr>:
LENGTH=3700
elapsed cycles: 495618
hi(checksum)=0xC70E3C8C368B01CC
lo(checksum)=0x60042417F30B1BB8
key=plain, no.=30, <checksum>:
0xC70E3C8C368B01CC60042417F30B1BB8
key=plain, no.=30, cso file:
/dev/null
----------------------------------------------
real command=cset shield -e /home/nrink/Projects/build/encode/encode/tests/ptrarith/ptrarith.perf.plain --  --cso /dev/null
key=plain, no.=31, <stderr>:
LENGTH=3700
elapsed cycles: 483465
hi(checksum)=0xC70E3C8C368B01CC
lo(checksum)=0x60042417F30B1BB8
key=plain, no.=31, <checksum>:
0xC70E3C8C368B01CC60042417F30B1BB8
key=plain, no.=31, cso file:
/dev/null
----------------------------------------------
real command=cset shield -e /home/nrink/Projects/build/encode/encode/tests/ptrarith/ptrarith.perf.plain --  --cso /dev/null
key=plain, no.=32, <stderr>:
LENGTH=3700
elapsed cycles: 573204
hi(checksum)=0xC70E3C8C368B01CC
lo(checksum)=0x60042417F30B1BB8
key=plain, no.=32, <checksum>:
0xC70E3C8C368B01CC60042417F30B1BB8
key=plain, no.=32, cso file:
/dev/null
----------------------------------------------
real command=cset shield -e /home/nrink/Projects/build/encode/encode/tests/ptrarith/ptrarith.perf.plain --  --cso /dev/null
key=plain, no.=33, <stderr>:
LENGTH=3700
elapsed cycles: 517338
hi(checksum)=0xC70E3C8C368B01CC
lo(checksum)=0x60042417F30B1BB8
key=plain, no.=33, <checksum>:
0xC70E3C8C368B01CC60042417F30B1BB8
key=plain, no.=33, cso file:
/dev/null
----------------------------------------------
real command=cset shield -e /home/nrink/Projects/build/encode/encode/tests/ptrarith/ptrarith.perf.plain --  --cso /dev/null
key=plain, no.=34, <stderr>:
LENGTH=3700
elapsed cycles: 484572
hi(checksum)=0xC70E3C8C368B01CC
lo(checksum)=0x60042417F30B1BB8
key=plain, no.=34, <checksum>:
0xC70E3C8C368B01CC60042417F30B1BB8
key=plain, no.=34, cso file:
/dev/null
----------------------------------------------
real command=cset shield -e /home/nrink/Projects/build/encode/encode/tests/ptrarith/ptrarith.perf.plain --  --cso /dev/null
key=plain, no.=35, <stderr>:
LENGTH=3700
elapsed cycles: 484134
hi(checksum)=0xC70E3C8C368B01CC
lo(checksum)=0x60042417F30B1BB8
key=plain, no.=35, <checksum>:
0xC70E3C8C368B01CC60042417F30B1BB8
key=plain, no.=35, cso file:
/dev/null
----------------------------------------------
real command=cset shield -e /home/nrink/Projects/build/encode/encode/tests/ptrarith/ptrarith.perf.plain --  --cso /dev/null
key=plain, no.=36, <stderr>:
LENGTH=3700
elapsed cycles: 484032
hi(checksum)=0xC70E3C8C368B01CC
lo(checksum)=0x60042417F30B1BB8
key=plain, no.=36, <checksum>:
0xC70E3C8C368B01CC60042417F30B1BB8
key=plain, no.=36, cso file:
/dev/null
----------------------------------------------
real command=cset shield -e /home/nrink/Projects/build/encode/encode/tests/ptrarith/ptrarith.perf.plain --  --cso /dev/null
key=plain, no.=37, <stderr>:
LENGTH=3700
elapsed cycles: 484176
hi(checksum)=0xC70E3C8C368B01CC
lo(checksum)=0x60042417F30B1BB8
key=plain, no.=37, <checksum>:
0xC70E3C8C368B01CC60042417F30B1BB8
key=plain, no.=37, cso file:
/dev/null
----------------------------------------------
real command=cset shield -e /home/nrink/Projects/build/encode/encode/tests/ptrarith/ptrarith.perf.plain --  --cso /dev/null
key=plain, no.=38, <stderr>:
LENGTH=3700
elapsed cycles: 484068
hi(checksum)=0xC70E3C8C368B01CC
lo(checksum)=0x60042417F30B1BB8
key=plain, no.=38, <checksum>:
0xC70E3C8C368B01CC60042417F30B1BB8
key=plain, no.=38, cso file:
/dev/null
----------------------------------------------
real command=cset shield -e /home/nrink/Projects/build/encode/encode/tests/ptrarith/ptrarith.perf.plain --  --cso /dev/null
key=plain, no.=39, <stderr>:
LENGTH=3700
elapsed cycles: 483516
hi(checksum)=0xC70E3C8C368B01CC
lo(checksum)=0x60042417F30B1BB8
key=plain, no.=39, <checksum>:
0xC70E3C8C368B01CC60042417F30B1BB8
key=plain, no.=39, cso file:
/dev/null
----------------------------------------------
real command=cset shield -e /home/nrink/Projects/build/encode/encode/tests/ptrarith/ptrarith.perf.plain --  --cso /dev/null
key=plain, no.=40, <stderr>:
LENGTH=3700
elapsed cycles: 484230
hi(checksum)=0xC70E3C8C368B01CC
lo(checksum)=0x60042417F30B1BB8
key=plain, no.=40, <checksum>:
0xC70E3C8C368B01CC60042417F30B1BB8
key=plain, no.=40, cso file:
/dev/null
----------------------------------------------
real command=cset shield -e /home/nrink/Projects/build/encode/encode/tests/ptrarith/ptrarith.perf.plain --  --cso /dev/null
key=plain, no.=41, <stderr>:
LENGTH=3700
elapsed cycles: 484281
hi(checksum)=0xC70E3C8C368B01CC
lo(checksum)=0x60042417F30B1BB8
key=plain, no.=41, <checksum>:
0xC70E3C8C368B01CC60042417F30B1BB8
key=plain, no.=41, cso file:
/dev/null
----------------------------------------------
real command=cset shield -e /home/nrink/Projects/build/encode/encode/tests/ptrarith/ptrarith.perf.plain --  --cso /dev/null
key=plain, no.=42, <stderr>:
LENGTH=3700
elapsed cycles: 483966
hi(checksum)=0xC70E3C8C368B01CC
lo(checksum)=0x60042417F30B1BB8
key=plain, no.=42, <checksum>:
0xC70E3C8C368B01CC60042417F30B1BB8
key=plain, no.=42, cso file:
/dev/null
----------------------------------------------
real command=cset shield -e /home/nrink/Projects/build/encode/encode/tests/ptrarith/ptrarith.perf.plain --  --cso /dev/null
key=plain, no.=43, <stderr>:
LENGTH=3700
elapsed cycles: 483990
hi(checksum)=0xC70E3C8C368B01CC
lo(checksum)=0x60042417F30B1BB8
key=plain, no.=43, <checksum>:
0xC70E3C8C368B01CC60042417F30B1BB8
key=plain, no.=43, cso file:
/dev/null
----------------------------------------------
real command=cset shield -e /home/nrink/Projects/build/encode/encode/tests/ptrarith/ptrarith.perf.plain --  --cso /dev/null
key=plain, no.=44, <stderr>:
LENGTH=3700
elapsed cycles: 484086
hi(checksum)=0xC70E3C8C368B01CC
lo(checksum)=0x60042417F30B1BB8
key=plain, no.=44, <checksum>:
0xC70E3C8C368B01CC60042417F30B1BB8
key=plain, no.=44, cso file:
/dev/null
----------------------------------------------
real command=cset shield -e /home/nrink/Projects/build/encode/encode/tests/ptrarith/ptrarith.perf.plain --  --cso /dev/null
key=plain, no.=45, <stderr>:
LENGTH=3700
elapsed cycles: 494421
hi(checksum)=0xC70E3C8C368B01CC
lo(checksum)=0x60042417F30B1BB8
key=plain, no.=45, <checksum>:
0xC70E3C8C368B01CC60042417F30B1BB8
key=plain, no.=45, cso file:
/dev/null
----------------------------------------------
real command=cset shield -e /home/nrink/Projects/build/encode/encode/tests/ptrarith/ptrarith.perf.plain --  --cso /dev/null
key=plain, no.=46, <stderr>:
LENGTH=3700
elapsed cycles: 484098
hi(checksum)=0xC70E3C8C368B01CC
lo(checksum)=0x60042417F30B1BB8
key=plain, no.=46, <checksum>:
0xC70E3C8C368B01CC60042417F30B1BB8
key=plain, no.=46, cso file:
/dev/null
----------------------------------------------
real command=cset shield -e /home/nrink/Projects/build/encode/encode/tests/ptrarith/ptrarith.perf.plain --  --cso /dev/null
key=plain, no.=47, <stderr>:
LENGTH=3700
elapsed cycles: 484722
hi(checksum)=0xC70E3C8C368B01CC
lo(checksum)=0x60042417F30B1BB8
key=plain, no.=47, <checksum>:
0xC70E3C8C368B01CC60042417F30B1BB8
key=plain, no.=47, cso file:
/dev/null
----------------------------------------------
real command=cset shield -e /home/nrink/Projects/build/encode/encode/tests/ptrarith/ptrarith.perf.plain --  --cso /dev/null
key=plain, no.=48, <stderr>:
LENGTH=3700
elapsed cycles: 484023
hi(checksum)=0xC70E3C8C368B01CC
lo(checksum)=0x60042417F30B1BB8
key=plain, no.=48, <checksum>:
0xC70E3C8C368B01CC60042417F30B1BB8
key=plain, no.=48, cso file:
/dev/null
----------------------------------------------
real command=cset shield -e /home/nrink/Projects/build/encode/encode/tests/ptrarith/ptrarith.perf.plain --  --cso /dev/null
key=plain, no.=49, <stderr>:
LENGTH=3700
elapsed cycles: 484398
hi(checksum)=0xC70E3C8C368B01CC
lo(checksum)=0x60042417F30B1BB8
key=plain, no.=49, <checksum>:
0xC70E3C8C368B01CC60042417F30B1BB8
key=plain, no.=49, cso file:
/dev/null
----------------------------------------------
real command=cset shield -e /home/nrink/Projects/build/encode/encode/tests/ptrarith/ptrarith.perf.plain --  --cso /dev/null
key=plain, no.=50, <stderr>:
LENGTH=3700
elapsed cycles: 484482
hi(checksum)=0xC70E3C8C368B01CC
lo(checksum)=0x60042417F30B1BB8
key=plain, no.=50, <checksum>:
0xC70E3C8C368B01CC60042417F30B1BB8
key=plain, no.=50, cso file:
/dev/null
----------------------------------------------
real command=cset shield -e /home/nrink/Projects/build/encode/encode/tests/ptrarith/ptrarith.perf.plain --  --cso /dev/null
key=plain, no.=51, <stderr>:
LENGTH=3700
elapsed cycles: 484110
hi(checksum)=0xC70E3C8C368B01CC
lo(checksum)=0x60042417F30B1BB8
key=plain, no.=51, <checksum>:
0xC70E3C8C368B01CC60042417F30B1BB8
key=plain, no.=51, cso file:
/dev/null
----------------------------------------------
real command=cset shield -e /home/nrink/Projects/build/encode/encode/tests/ptrarith/ptrarith.perf.plain --  --cso /dev/null
key=plain, no.=52, <stderr>:
LENGTH=3700
elapsed cycles: 485505
hi(checksum)=0xC70E3C8C368B01CC
lo(checksum)=0x60042417F30B1BB8
key=plain, no.=52, <checksum>:
0xC70E3C8C368B01CC60042417F30B1BB8
key=plain, no.=52, cso file:
/dev/null
----------------------------------------------
real command=cset shield -e /home/nrink/Projects/build/encode/encode/tests/ptrarith/ptrarith.perf.plain --  --cso /dev/null
key=plain, no.=53, <stderr>:
LENGTH=3700
elapsed cycles: 484980
hi(checksum)=0xC70E3C8C368B01CC
lo(checksum)=0x60042417F30B1BB8
key=plain, no.=53, <checksum>:
0xC70E3C8C368B01CC60042417F30B1BB8
key=plain, no.=53, cso file:
/dev/null
----------------------------------------------
real command=cset shield -e /home/nrink/Projects/build/encode/encode/tests/ptrarith/ptrarith.perf.plain --  --cso /dev/null
key=plain, no.=54, <stderr>:
LENGTH=3700
elapsed cycles: 484902
hi(checksum)=0xC70E3C8C368B01CC
lo(checksum)=0x60042417F30B1BB8
key=plain, no.=54, <checksum>:
0xC70E3C8C368B01CC60042417F30B1BB8
key=plain, no.=54, cso file:
/dev/null
----------------------------------------------
real command=cset shield -e /home/nrink/Projects/build/encode/encode/tests/ptrarith/ptrarith.perf.plain --  --cso /dev/null
key=plain, no.=55, <stderr>:
LENGTH=3700
elapsed cycles: 484383
hi(checksum)=0xC70E3C8C368B01CC
lo(checksum)=0x60042417F30B1BB8
key=plain, no.=55, <checksum>:
0xC70E3C8C368B01CC60042417F30B1BB8
key=plain, no.=55, cso file:
/dev/null
----------------------------------------------
real command=cset shield -e /home/nrink/Projects/build/encode/encode/tests/ptrarith/ptrarith.perf.plain --  --cso /dev/null
key=plain, no.=56, <stderr>:
LENGTH=3700
elapsed cycles: 484392
hi(checksum)=0xC70E3C8C368B01CC
lo(checksum)=0x60042417F30B1BB8
key=plain, no.=56, <checksum>:
0xC70E3C8C368B01CC60042417F30B1BB8
key=plain, no.=56, cso file:
/dev/null
----------------------------------------------
real command=cset shield -e /home/nrink/Projects/build/encode/encode/tests/ptrarith/ptrarith.perf.plain --  --cso /dev/null
key=plain, no.=57, <stderr>:
LENGTH=3700
elapsed cycles: 486141
hi(checksum)=0xC70E3C8C368B01CC
lo(checksum)=0x60042417F30B1BB8
key=plain, no.=57, <checksum>:
0xC70E3C8C368B01CC60042417F30B1BB8
key=plain, no.=57, cso file:
/dev/null
----------------------------------------------
real command=cset shield -e /home/nrink/Projects/build/encode/encode/tests/ptrarith/ptrarith.perf.plain --  --cso /dev/null
key=plain, no.=58, <stderr>:
LENGTH=3700
elapsed cycles: 492405
hi(checksum)=0xC70E3C8C368B01CC
lo(checksum)=0x60042417F30B1BB8
key=plain, no.=58, <checksum>:
0xC70E3C8C368B01CC60042417F30B1BB8
key=plain, no.=58, cso file:
/dev/null
----------------------------------------------
real command=cset shield -e /home/nrink/Projects/build/encode/encode/tests/ptrarith/ptrarith.perf.plain --  --cso /dev/null
key=plain, no.=59, <stderr>:
LENGTH=3700
elapsed cycles: 484377
hi(checksum)=0xC70E3C8C368B01CC
lo(checksum)=0x60042417F30B1BB8
key=plain, no.=59, <checksum>:
0xC70E3C8C368B01CC60042417F30B1BB8
key=plain, no.=59, cso file:
/dev/null
----------------------------------------------
real command=cset shield -e /home/nrink/Projects/build/encode/encode/tests/ptrarith/ptrarith.perf.plain --  --cso /dev/null
key=plain, no.=60, <stderr>:
LENGTH=3700
elapsed cycles: 521247
hi(checksum)=0xC70E3C8C368B01CC
lo(checksum)=0x60042417F30B1BB8
key=plain, no.=60, <checksum>:
0xC70E3C8C368B01CC60042417F30B1BB8
key=plain, no.=60, cso file:
/dev/null
----------------------------------------------
real command=cset shield -e /home/nrink/Projects/build/encode/encode/tests/ptrarith/ptrarith.perf.plain --  --cso /dev/null
key=plain, no.=61, <stderr>:
LENGTH=3700
elapsed cycles: 486771
hi(checksum)=0xC70E3C8C368B01CC
lo(checksum)=0x60042417F30B1BB8
key=plain, no.=61, <checksum>:
0xC70E3C8C368B01CC60042417F30B1BB8
key=plain, no.=61, cso file:
/dev/null
----------------------------------------------
real command=cset shield -e /home/nrink/Projects/build/encode/encode/tests/ptrarith/ptrarith.perf.plain --  --cso /dev/null
key=plain, no.=62, <stderr>:
LENGTH=3700
elapsed cycles: 485427
hi(checksum)=0xC70E3C8C368B01CC
lo(checksum)=0x60042417F30B1BB8
key=plain, no.=62, <checksum>:
0xC70E3C8C368B01CC60042417F30B1BB8
key=plain, no.=62, cso file:
/dev/null
----------------------------------------------
real command=cset shield -e /home/nrink/Projects/build/encode/encode/tests/ptrarith/ptrarith.perf.plain --  --cso /dev/null
key=plain, no.=63, <stderr>:
LENGTH=3700
elapsed cycles: 484800
hi(checksum)=0xC70E3C8C368B01CC
lo(checksum)=0x60042417F30B1BB8
key=plain, no.=63, <checksum>:
0xC70E3C8C368B01CC60042417F30B1BB8
key=plain, no.=63, cso file:
/dev/null
----------------------------------------------
real command=cset shield -e /home/nrink/Projects/build/encode/encode/tests/ptrarith/ptrarith.perf.plain --  --cso /dev/null
key=plain, no.=64, <stderr>:
LENGTH=3700
elapsed cycles: 486003
hi(checksum)=0xC70E3C8C368B01CC
lo(checksum)=0x60042417F30B1BB8
key=plain, no.=64, <checksum>:
0xC70E3C8C368B01CC60042417F30B1BB8
key=plain, no.=64, cso file:
/dev/null
----------------------------------------------
real command=cset shield -e /home/nrink/Projects/build/encode/encode/tests/ptrarith/ptrarith.perf.plain --  --cso /dev/null
key=plain, no.=65, <stderr>:
LENGTH=3700
elapsed cycles: 484830
hi(checksum)=0xC70E3C8C368B01CC
lo(checksum)=0x60042417F30B1BB8
key=plain, no.=65, <checksum>:
0xC70E3C8C368B01CC60042417F30B1BB8
key=plain, no.=65, cso file:
/dev/null
----------------------------------------------
real command=cset shield -e /home/nrink/Projects/build/encode/encode/tests/ptrarith/ptrarith.perf.plain --  --cso /dev/null
key=plain, no.=66, <stderr>:
LENGTH=3700
elapsed cycles: 484290
hi(checksum)=0xC70E3C8C368B01CC
lo(checksum)=0x60042417F30B1BB8
key=plain, no.=66, <checksum>:
0xC70E3C8C368B01CC60042417F30B1BB8
key=plain, no.=66, cso file:
/dev/null
----------------------------------------------
real command=cset shield -e /home/nrink/Projects/build/encode/encode/tests/ptrarith/ptrarith.perf.plain --  --cso /dev/null
key=plain, no.=67, <stderr>:
LENGTH=3700
elapsed cycles: 485130
hi(checksum)=0xC70E3C8C368B01CC
lo(checksum)=0x60042417F30B1BB8
key=plain, no.=67, <checksum>:
0xC70E3C8C368B01CC60042417F30B1BB8
key=plain, no.=67, cso file:
/dev/null
----------------------------------------------
real command=cset shield -e /home/nrink/Projects/build/encode/encode/tests/ptrarith/ptrarith.perf.plain --  --cso /dev/null
key=plain, no.=68, <stderr>:
LENGTH=3700
elapsed cycles: 486468
hi(checksum)=0xC70E3C8C368B01CC
lo(checksum)=0x60042417F30B1BB8
key=plain, no.=68, <checksum>:
0xC70E3C8C368B01CC60042417F30B1BB8
key=plain, no.=68, cso file:
/dev/null
----------------------------------------------
real command=cset shield -e /home/nrink/Projects/build/encode/encode/tests/ptrarith/ptrarith.perf.plain --  --cso /dev/null
key=plain, no.=69, <stderr>:
LENGTH=3700
elapsed cycles: 485151
hi(checksum)=0xC70E3C8C368B01CC
lo(checksum)=0x60042417F30B1BB8
key=plain, no.=69, <checksum>:
0xC70E3C8C368B01CC60042417F30B1BB8
key=plain, no.=69, cso file:
/dev/null
----------------------------------------------
real command=cset shield -e /home/nrink/Projects/build/encode/encode/tests/ptrarith/ptrarith.perf.plain --  --cso /dev/null
key=plain, no.=70, <stderr>:
LENGTH=3700
elapsed cycles: 485067
hi(checksum)=0xC70E3C8C368B01CC
lo(checksum)=0x60042417F30B1BB8
key=plain, no.=70, <checksum>:
0xC70E3C8C368B01CC60042417F30B1BB8
key=plain, no.=70, cso file:
/dev/null
----------------------------------------------
real command=cset shield -e /home/nrink/Projects/build/encode/encode/tests/ptrarith/ptrarith.perf.plain --  --cso /dev/null
key=plain, no.=71, <stderr>:
LENGTH=3700
elapsed cycles: 483849
hi(checksum)=0xC70E3C8C368B01CC
lo(checksum)=0x60042417F30B1BB8
key=plain, no.=71, <checksum>:
0xC70E3C8C368B01CC60042417F30B1BB8
key=plain, no.=71, cso file:
/dev/null
----------------------------------------------
real command=cset shield -e /home/nrink/Projects/build/encode/encode/tests/ptrarith/ptrarith.perf.plain --  --cso /dev/null
key=plain, no.=72, <stderr>:
LENGTH=3700
elapsed cycles: 484038
hi(checksum)=0xC70E3C8C368B01CC
lo(checksum)=0x60042417F30B1BB8
key=plain, no.=72, <checksum>:
0xC70E3C8C368B01CC60042417F30B1BB8
key=plain, no.=72, cso file:
/dev/null
----------------------------------------------
real command=cset shield -e /home/nrink/Projects/build/encode/encode/tests/ptrarith/ptrarith.perf.plain --  --cso /dev/null
key=plain, no.=73, <stderr>:
LENGTH=3700
elapsed cycles: 517602
hi(checksum)=0xC70E3C8C368B01CC
lo(checksum)=0x60042417F30B1BB8
key=plain, no.=73, <checksum>:
0xC70E3C8C368B01CC60042417F30B1BB8
key=plain, no.=73, cso file:
/dev/null
----------------------------------------------
real command=cset shield -e /home/nrink/Projects/build/encode/encode/tests/ptrarith/ptrarith.perf.plain --  --cso /dev/null
key=plain, no.=74, <stderr>:
LENGTH=3700
elapsed cycles: 483597
hi(checksum)=0xC70E3C8C368B01CC
lo(checksum)=0x60042417F30B1BB8
key=plain, no.=74, <checksum>:
0xC70E3C8C368B01CC60042417F30B1BB8
key=plain, no.=74, cso file:
/dev/null
----------------------------------------------
real command=cset shield -e /home/nrink/Projects/build/encode/encode/tests/ptrarith/ptrarith.perf.plain --  --cso /dev/null
key=plain, no.=75, <stderr>:
LENGTH=3700
elapsed cycles: 485025
hi(checksum)=0xC70E3C8C368B01CC
lo(checksum)=0x60042417F30B1BB8
key=plain, no.=75, <checksum>:
0xC70E3C8C368B01CC60042417F30B1BB8
key=plain, no.=75, cso file:
/dev/null
----------------------------------------------
real command=cset shield -e /home/nrink/Projects/build/encode/encode/tests/ptrarith/ptrarith.perf.plain --  --cso /dev/null
key=plain, no.=76, <stderr>:
LENGTH=3700
elapsed cycles: 484299
hi(checksum)=0xC70E3C8C368B01CC
lo(checksum)=0x60042417F30B1BB8
key=plain, no.=76, <checksum>:
0xC70E3C8C368B01CC60042417F30B1BB8
key=plain, no.=76, cso file:
/dev/null
----------------------------------------------
real command=cset shield -e /home/nrink/Projects/build/encode/encode/tests/ptrarith/ptrarith.perf.plain --  --cso /dev/null
key=plain, no.=77, <stderr>:
LENGTH=3700
elapsed cycles: 517641
hi(checksum)=0xC70E3C8C368B01CC
lo(checksum)=0x60042417F30B1BB8
key=plain, no.=77, <checksum>:
0xC70E3C8C368B01CC60042417F30B1BB8
key=plain, no.=77, cso file:
/dev/null
----------------------------------------------
real command=cset shield -e /home/nrink/Projects/build/encode/encode/tests/ptrarith/ptrarith.perf.plain --  --cso /dev/null
key=plain, no.=78, <stderr>:
LENGTH=3700
elapsed cycles: 483792
hi(checksum)=0xC70E3C8C368B01CC
lo(checksum)=0x60042417F30B1BB8
key=plain, no.=78, <checksum>:
0xC70E3C8C368B01CC60042417F30B1BB8
key=plain, no.=78, cso file:
/dev/null
----------------------------------------------
real command=cset shield -e /home/nrink/Projects/build/encode/encode/tests/ptrarith/ptrarith.perf.plain --  --cso /dev/null
key=plain, no.=79, <stderr>:
LENGTH=3700
elapsed cycles: 483630
hi(checksum)=0xC70E3C8C368B01CC
lo(checksum)=0x60042417F30B1BB8
key=plain, no.=79, <checksum>:
0xC70E3C8C368B01CC60042417F30B1BB8
key=plain, no.=79, cso file:
/dev/null
----------------------------------------------
real command=cset shield -e /home/nrink/Projects/build/encode/encode/tests/ptrarith/ptrarith.perf.plain --  --cso /dev/null
key=plain, no.=80, <stderr>:
LENGTH=3700
elapsed cycles: 484197
hi(checksum)=0xC70E3C8C368B01CC
lo(checksum)=0x60042417F30B1BB8
key=plain, no.=80, <checksum>:
0xC70E3C8C368B01CC60042417F30B1BB8
key=plain, no.=80, cso file:
/dev/null
----------------------------------------------
real command=cset shield -e /home/nrink/Projects/build/encode/encode/tests/ptrarith/ptrarith.perf.plain --  --cso /dev/null
key=plain, no.=81, <stderr>:
LENGTH=3700
elapsed cycles: 485634
hi(checksum)=0xC70E3C8C368B01CC
lo(checksum)=0x60042417F30B1BB8
key=plain, no.=81, <checksum>:
0xC70E3C8C368B01CC60042417F30B1BB8
key=plain, no.=81, cso file:
/dev/null
----------------------------------------------
real command=cset shield -e /home/nrink/Projects/build/encode/encode/tests/ptrarith/ptrarith.perf.plain --  --cso /dev/null
key=plain, no.=82, <stderr>:
LENGTH=3700
elapsed cycles: 484599
hi(checksum)=0xC70E3C8C368B01CC
lo(checksum)=0x60042417F30B1BB8
key=plain, no.=82, <checksum>:
0xC70E3C8C368B01CC60042417F30B1BB8
key=plain, no.=82, cso file:
/dev/null
----------------------------------------------
real command=cset shield -e /home/nrink/Projects/build/encode/encode/tests/ptrarith/ptrarith.perf.plain --  --cso /dev/null
key=plain, no.=83, <stderr>:
LENGTH=3700
elapsed cycles: 483972
hi(checksum)=0xC70E3C8C368B01CC
lo(checksum)=0x60042417F30B1BB8
key=plain, no.=83, <checksum>:
0xC70E3C8C368B01CC60042417F30B1BB8
key=plain, no.=83, cso file:
/dev/null
----------------------------------------------
real command=cset shield -e /home/nrink/Projects/build/encode/encode/tests/ptrarith/ptrarith.perf.plain --  --cso /dev/null
key=plain, no.=84, <stderr>:
LENGTH=3700
elapsed cycles: 485361
hi(checksum)=0xC70E3C8C368B01CC
lo(checksum)=0x60042417F30B1BB8
key=plain, no.=84, <checksum>:
0xC70E3C8C368B01CC60042417F30B1BB8
key=plain, no.=84, cso file:
/dev/null
----------------------------------------------
real command=cset shield -e /home/nrink/Projects/build/encode/encode/tests/ptrarith/ptrarith.perf.plain --  --cso /dev/null
key=plain, no.=85, <stderr>:
LENGTH=3700
elapsed cycles: 484818
hi(checksum)=0xC70E3C8C368B01CC
lo(checksum)=0x60042417F30B1BB8
key=plain, no.=85, <checksum>:
0xC70E3C8C368B01CC60042417F30B1BB8
key=plain, no.=85, cso file:
/dev/null
----------------------------------------------
real command=cset shield -e /home/nrink/Projects/build/encode/encode/tests/ptrarith/ptrarith.perf.plain --  --cso /dev/null
key=plain, no.=86, <stderr>:
LENGTH=3700
elapsed cycles: 520809
hi(checksum)=0xC70E3C8C368B01CC
lo(checksum)=0x60042417F30B1BB8
key=plain, no.=86, <checksum>:
0xC70E3C8C368B01CC60042417F30B1BB8
key=plain, no.=86, cso file:
/dev/null
----------------------------------------------
real command=cset shield -e /home/nrink/Projects/build/encode/encode/tests/ptrarith/ptrarith.perf.plain --  --cso /dev/null
key=plain, no.=87, <stderr>:
LENGTH=3700
elapsed cycles: 484788
hi(checksum)=0xC70E3C8C368B01CC
lo(checksum)=0x60042417F30B1BB8
key=plain, no.=87, <checksum>:
0xC70E3C8C368B01CC60042417F30B1BB8
key=plain, no.=87, cso file:
/dev/null
----------------------------------------------
real command=cset shield -e /home/nrink/Projects/build/encode/encode/tests/ptrarith/ptrarith.perf.plain --  --cso /dev/null
key=plain, no.=88, <stderr>:
LENGTH=3700
elapsed cycles: 485034
hi(checksum)=0xC70E3C8C368B01CC
lo(checksum)=0x60042417F30B1BB8
key=plain, no.=88, <checksum>:
0xC70E3C8C368B01CC60042417F30B1BB8
key=plain, no.=88, cso file:
/dev/null
----------------------------------------------
real command=cset shield -e /home/nrink/Projects/build/encode/encode/tests/ptrarith/ptrarith.perf.plain --  --cso /dev/null
key=plain, no.=89, <stderr>:
LENGTH=3700
elapsed cycles: 484104
hi(checksum)=0xC70E3C8C368B01CC
lo(checksum)=0x60042417F30B1BB8
key=plain, no.=89, <checksum>:
0xC70E3C8C368B01CC60042417F30B1BB8
key=plain, no.=89, cso file:
/dev/null
----------------------------------------------
real command=cset shield -e /home/nrink/Projects/build/encode/encode/tests/ptrarith/ptrarith.perf.plain --  --cso /dev/null
key=plain, no.=90, <stderr>:
LENGTH=3700
elapsed cycles: 484065
hi(checksum)=0xC70E3C8C368B01CC
lo(checksum)=0x60042417F30B1BB8
key=plain, no.=90, <checksum>:
0xC70E3C8C368B01CC60042417F30B1BB8
key=plain, no.=90, cso file:
/dev/null
----------------------------------------------
real command=cset shield -e /home/nrink/Projects/build/encode/encode/tests/ptrarith/ptrarith.perf.plain --  --cso /dev/null
key=plain, no.=91, <stderr>:
LENGTH=3700
elapsed cycles: 485250
hi(checksum)=0xC70E3C8C368B01CC
lo(checksum)=0x60042417F30B1BB8
key=plain, no.=91, <checksum>:
0xC70E3C8C368B01CC60042417F30B1BB8
key=plain, no.=91, cso file:
/dev/null
----------------------------------------------
real command=cset shield -e /home/nrink/Projects/build/encode/encode/tests/ptrarith/ptrarith.perf.plain --  --cso /dev/null
key=plain, no.=92, <stderr>:
LENGTH=3700
elapsed cycles: 486006
hi(checksum)=0xC70E3C8C368B01CC
lo(checksum)=0x60042417F30B1BB8
key=plain, no.=92, <checksum>:
0xC70E3C8C368B01CC60042417F30B1BB8
key=plain, no.=92, cso file:
/dev/null
----------------------------------------------
real command=cset shield -e /home/nrink/Projects/build/encode/encode/tests/ptrarith/ptrarith.perf.plain --  --cso /dev/null
key=plain, no.=93, <stderr>:
LENGTH=3700
elapsed cycles: 562695
hi(checksum)=0xC70E3C8C368B01CC
lo(checksum)=0x60042417F30B1BB8
key=plain, no.=93, <checksum>:
0xC70E3C8C368B01CC60042417F30B1BB8
key=plain, no.=93, cso file:
/dev/null
----------------------------------------------
real command=cset shield -e /home/nrink/Projects/build/encode/encode/tests/ptrarith/ptrarith.perf.plain --  --cso /dev/null
key=plain, no.=94, <stderr>:
LENGTH=3700
elapsed cycles: 491229
hi(checksum)=0xC70E3C8C368B01CC
lo(checksum)=0x60042417F30B1BB8
key=plain, no.=94, <checksum>:
0xC70E3C8C368B01CC60042417F30B1BB8
key=plain, no.=94, cso file:
/dev/null
----------------------------------------------
real command=cset shield -e /home/nrink/Projects/build/encode/encode/tests/ptrarith/ptrarith.perf.plain --  --cso /dev/null
key=plain, no.=95, <stderr>:
LENGTH=3700
elapsed cycles: 517326
hi(checksum)=0xC70E3C8C368B01CC
lo(checksum)=0x60042417F30B1BB8
key=plain, no.=95, <checksum>:
0xC70E3C8C368B01CC60042417F30B1BB8
key=plain, no.=95, cso file:
/dev/null
----------------------------------------------
real command=cset shield -e /home/nrink/Projects/build/encode/encode/tests/ptrarith/ptrarith.perf.plain --  --cso /dev/null
key=plain, no.=96, <stderr>:
LENGTH=3700
elapsed cycles: 484647
hi(checksum)=0xC70E3C8C368B01CC
lo(checksum)=0x60042417F30B1BB8
key=plain, no.=96, <checksum>:
0xC70E3C8C368B01CC60042417F30B1BB8
key=plain, no.=96, cso file:
/dev/null
----------------------------------------------
real command=cset shield -e /home/nrink/Projects/build/encode/encode/tests/ptrarith/ptrarith.perf.plain --  --cso /dev/null
key=plain, no.=97, <stderr>:
LENGTH=3700
elapsed cycles: 561549
hi(checksum)=0xC70E3C8C368B01CC
lo(checksum)=0x60042417F30B1BB8
key=plain, no.=97, <checksum>:
0xC70E3C8C368B01CC60042417F30B1BB8
key=plain, no.=97, cso file:
/dev/null
----------------------------------------------
real command=cset shield -e /home/nrink/Projects/build/encode/encode/tests/ptrarith/ptrarith.perf.plain --  --cso /dev/null
key=plain, no.=98, <stderr>:
LENGTH=3700
elapsed cycles: 484002
hi(checksum)=0xC70E3C8C368B01CC
lo(checksum)=0x60042417F30B1BB8
key=plain, no.=98, <checksum>:
0xC70E3C8C368B01CC60042417F30B1BB8
key=plain, no.=98, cso file:
/dev/null
----------------------------------------------
real command=cset shield -e /home/nrink/Projects/build/encode/encode/tests/ptrarith/ptrarith.perf.plain --  --cso /dev/null
key=plain, no.=99, <stderr>:
LENGTH=3700
elapsed cycles: 485484
hi(checksum)=0xC70E3C8C368B01CC
lo(checksum)=0x60042417F30B1BB8
key=plain, no.=99, <checksum>:
0xC70E3C8C368B01CC60042417F30B1BB8
key=plain, no.=99, cso file:
/dev/null
----------------------------------------------
key=encoded, runs=100 ...
command=/home/nrink/Projects/build/encode/encode/tests/ptrarith/ptrarith.perf.encoded
----------------------------------------------
real command=cset shield -e /home/nrink/Projects/build/encode/encode/tests/ptrarith/ptrarith.perf.encoded --  --cso /dev/null
key=encoded, no.=0, <stderr>:
LENGTH=3700
elapsed cycles: 3208407
hi(checksum)=0xC70E3C8C368B01CC
lo(checksum)=0x60042417F30B1BB8
key=encoded, no.=0, <checksum>:
0xC70E3C8C368B01CC60042417F30B1BB8
key=encoded, no.=0, cso file:
/dev/null
----------------------------------------------
real command=cset shield -e /home/nrink/Projects/build/encode/encode/tests/ptrarith/ptrarith.perf.encoded --  --cso /dev/null
key=encoded, no.=1, <stderr>:
LENGTH=3700
elapsed cycles: 3083499
hi(checksum)=0xC70E3C8C368B01CC
lo(checksum)=0x60042417F30B1BB8
key=encoded, no.=1, <checksum>:
0xC70E3C8C368B01CC60042417F30B1BB8
key=encoded, no.=1, cso file:
/dev/null
----------------------------------------------
real command=cset shield -e /home/nrink/Projects/build/encode/encode/tests/ptrarith/ptrarith.perf.encoded --  --cso /dev/null
key=encoded, no.=2, <stderr>:
LENGTH=3700
elapsed cycles: 3098652
hi(checksum)=0xC70E3C8C368B01CC
lo(checksum)=0x60042417F30B1BB8
key=encoded, no.=2, <checksum>:
0xC70E3C8C368B01CC60042417F30B1BB8
key=encoded, no.=2, cso file:
/dev/null
----------------------------------------------
real command=cset shield -e /home/nrink/Projects/build/encode/encode/tests/ptrarith/ptrarith.perf.encoded --  --cso /dev/null
key=encoded, no.=3, <stderr>:
LENGTH=3700
elapsed cycles: 3117807
hi(checksum)=0xC70E3C8C368B01CC
lo(checksum)=0x60042417F30B1BB8
key=encoded, no.=3, <checksum>:
0xC70E3C8C368B01CC60042417F30B1BB8
key=encoded, no.=3, cso file:
/dev/null
----------------------------------------------
real command=cset shield -e /home/nrink/Projects/build/encode/encode/tests/ptrarith/ptrarith.perf.encoded --  --cso /dev/null
key=encoded, no.=4, <stderr>:
LENGTH=3700
elapsed cycles: 3204780
hi(checksum)=0xC70E3C8C368B01CC
lo(checksum)=0x60042417F30B1BB8
key=encoded, no.=4, <checksum>:
0xC70E3C8C368B01CC60042417F30B1BB8
key=encoded, no.=4, cso file:
/dev/null
----------------------------------------------
real command=cset shield -e /home/nrink/Projects/build/encode/encode/tests/ptrarith/ptrarith.perf.encoded --  --cso /dev/null
key=encoded, no.=5, <stderr>:
LENGTH=3700
elapsed cycles: 3079761
hi(checksum)=0xC70E3C8C368B01CC
lo(checksum)=0x60042417F30B1BB8
key=encoded, no.=5, <checksum>:
0xC70E3C8C368B01CC60042417F30B1BB8
key=encoded, no.=5, cso file:
/dev/null
----------------------------------------------
real command=cset shield -e /home/nrink/Projects/build/encode/encode/tests/ptrarith/ptrarith.perf.encoded --  --cso /dev/null
key=encoded, no.=6, <stderr>:
LENGTH=3700
elapsed cycles: 3115425
hi(checksum)=0xC70E3C8C368B01CC
lo(checksum)=0x60042417F30B1BB8
key=encoded, no.=6, <checksum>:
0xC70E3C8C368B01CC60042417F30B1BB8
key=encoded, no.=6, cso file:
/dev/null
----------------------------------------------
real command=cset shield -e /home/nrink/Projects/build/encode/encode/tests/ptrarith/ptrarith.perf.encoded --  --cso /dev/null
key=encoded, no.=7, <stderr>:
LENGTH=3700
elapsed cycles: 3110946
hi(checksum)=0xC70E3C8C368B01CC
lo(checksum)=0x60042417F30B1BB8
key=encoded, no.=7, <checksum>:
0xC70E3C8C368B01CC60042417F30B1BB8
key=encoded, no.=7, cso file:
/dev/null
----------------------------------------------
real command=cset shield -e /home/nrink/Projects/build/encode/encode/tests/ptrarith/ptrarith.perf.encoded --  --cso /dev/null
key=encoded, no.=8, <stderr>:
LENGTH=3700
elapsed cycles: 3119274
hi(checksum)=0xC70E3C8C368B01CC
lo(checksum)=0x60042417F30B1BB8
key=encoded, no.=8, <checksum>:
0xC70E3C8C368B01CC60042417F30B1BB8
key=encoded, no.=8, cso file:
/dev/null
----------------------------------------------
real command=cset shield -e /home/nrink/Projects/build/encode/encode/tests/ptrarith/ptrarith.perf.encoded --  --cso /dev/null
key=encoded, no.=9, <stderr>:
LENGTH=3700
elapsed cycles: 3110256
hi(checksum)=0xC70E3C8C368B01CC
lo(checksum)=0x60042417F30B1BB8
key=encoded, no.=9, <checksum>:
0xC70E3C8C368B01CC60042417F30B1BB8
key=encoded, no.=9, cso file:
/dev/null
----------------------------------------------
real command=cset shield -e /home/nrink/Projects/build/encode/encode/tests/ptrarith/ptrarith.perf.encoded --  --cso /dev/null
key=encoded, no.=10, <stderr>:
LENGTH=3700
elapsed cycles: 3083295
hi(checksum)=0xC70E3C8C368B01CC
lo(checksum)=0x60042417F30B1BB8
key=encoded, no.=10, <checksum>:
0xC70E3C8C368B01CC60042417F30B1BB8
key=encoded, no.=10, cso file:
/dev/null
----------------------------------------------
real command=cset shield -e /home/nrink/Projects/build/encode/encode/tests/ptrarith/ptrarith.perf.encoded --  --cso /dev/null
key=encoded, no.=11, <stderr>:
LENGTH=3700
elapsed cycles: 3081603
hi(checksum)=0xC70E3C8C368B01CC
lo(checksum)=0x60042417F30B1BB8
key=encoded, no.=11, <checksum>:
0xC70E3C8C368B01CC60042417F30B1BB8
key=encoded, no.=11, cso file:
/dev/null
----------------------------------------------
real command=cset shield -e /home/nrink/Projects/build/encode/encode/tests/ptrarith/ptrarith.perf.encoded --  --cso /dev/null
key=encoded, no.=12, <stderr>:
LENGTH=3700
elapsed cycles: 3088068
hi(checksum)=0xC70E3C8C368B01CC
lo(checksum)=0x60042417F30B1BB8
key=encoded, no.=12, <checksum>:
0xC70E3C8C368B01CC60042417F30B1BB8
key=encoded, no.=12, cso file:
/dev/null
----------------------------------------------
real command=cset shield -e /home/nrink/Projects/build/encode/encode/tests/ptrarith/ptrarith.perf.encoded --  --cso /dev/null
key=encoded, no.=13, <stderr>:
LENGTH=3700
elapsed cycles: 3101535
hi(checksum)=0xC70E3C8C368B01CC
lo(checksum)=0x60042417F30B1BB8
key=encoded, no.=13, <checksum>:
0xC70E3C8C368B01CC60042417F30B1BB8
key=encoded, no.=13, cso file:
/dev/null
----------------------------------------------
real command=cset shield -e /home/nrink/Projects/build/encode/encode/tests/ptrarith/ptrarith.perf.encoded --  --cso /dev/null
key=encoded, no.=14, <stderr>:
LENGTH=3700
elapsed cycles: 3162351
hi(checksum)=0xC70E3C8C368B01CC
lo(checksum)=0x60042417F30B1BB8
key=encoded, no.=14, <checksum>:
0xC70E3C8C368B01CC60042417F30B1BB8
key=encoded, no.=14, cso file:
/dev/null
----------------------------------------------
real command=cset shield -e /home/nrink/Projects/build/encode/encode/tests/ptrarith/ptrarith.perf.encoded --  --cso /dev/null
key=encoded, no.=15, <stderr>:
LENGTH=3700
elapsed cycles: 3137961
hi(checksum)=0xC70E3C8C368B01CC
lo(checksum)=0x60042417F30B1BB8
key=encoded, no.=15, <checksum>:
0xC70E3C8C368B01CC60042417F30B1BB8
key=encoded, no.=15, cso file:
/dev/null
----------------------------------------------
real command=cset shield -e /home/nrink/Projects/build/encode/encode/tests/ptrarith/ptrarith.perf.encoded --  --cso /dev/null
key=encoded, no.=16, <stderr>:
LENGTH=3700
elapsed cycles: 3112650
hi(checksum)=0xC70E3C8C368B01CC
lo(checksum)=0x60042417F30B1BB8
key=encoded, no.=16, <checksum>:
0xC70E3C8C368B01CC60042417F30B1BB8
key=encoded, no.=16, cso file:
/dev/null
----------------------------------------------
real command=cset shield -e /home/nrink/Projects/build/encode/encode/tests/ptrarith/ptrarith.perf.encoded --  --cso /dev/null
key=encoded, no.=17, <stderr>:
LENGTH=3700
elapsed cycles: 3082380
hi(checksum)=0xC70E3C8C368B01CC
lo(checksum)=0x60042417F30B1BB8
key=encoded, no.=17, <checksum>:
0xC70E3C8C368B01CC60042417F30B1BB8
key=encoded, no.=17, cso file:
/dev/null
----------------------------------------------
real command=cset shield -e /home/nrink/Projects/build/encode/encode/tests/ptrarith/ptrarith.perf.encoded --  --cso /dev/null
key=encoded, no.=18, <stderr>:
LENGTH=3700
elapsed cycles: 3256533
hi(checksum)=0xC70E3C8C368B01CC
lo(checksum)=0x60042417F30B1BB8
key=encoded, no.=18, <checksum>:
0xC70E3C8C368B01CC60042417F30B1BB8
key=encoded, no.=18, cso file:
/dev/null
----------------------------------------------
real command=cset shield -e /home/nrink/Projects/build/encode/encode/tests/ptrarith/ptrarith.perf.encoded --  --cso /dev/null
key=encoded, no.=19, <stderr>:
LENGTH=3700
elapsed cycles: 3115593
hi(checksum)=0xC70E3C8C368B01CC
lo(checksum)=0x60042417F30B1BB8
key=encoded, no.=19, <checksum>:
0xC70E3C8C368B01CC60042417F30B1BB8
key=encoded, no.=19, cso file:
/dev/null
----------------------------------------------
real command=cset shield -e /home/nrink/Projects/build/encode/encode/tests/ptrarith/ptrarith.perf.encoded --  --cso /dev/null
key=encoded, no.=20, <stderr>:
LENGTH=3700
elapsed cycles: 3210063
hi(checksum)=0xC70E3C8C368B01CC
lo(checksum)=0x60042417F30B1BB8
key=encoded, no.=20, <checksum>:
0xC70E3C8C368B01CC60042417F30B1BB8
key=encoded, no.=20, cso file:
/dev/null
----------------------------------------------
real command=cset shield -e /home/nrink/Projects/build/encode/encode/tests/ptrarith/ptrarith.perf.encoded --  --cso /dev/null
key=encoded, no.=21, <stderr>:
LENGTH=3700
elapsed cycles: 3112773
hi(checksum)=0xC70E3C8C368B01CC
lo(checksum)=0x60042417F30B1BB8
key=encoded, no.=21, <checksum>:
0xC70E3C8C368B01CC60042417F30B1BB8
key=encoded, no.=21, cso file:
/dev/null
----------------------------------------------
real command=cset shield -e /home/nrink/Projects/build/encode/encode/tests/ptrarith/ptrarith.perf.encoded --  --cso /dev/null
key=encoded, no.=22, <stderr>:
LENGTH=3700
elapsed cycles: 3112206
hi(checksum)=0xC70E3C8C368B01CC
lo(checksum)=0x60042417F30B1BB8
key=encoded, no.=22, <checksum>:
0xC70E3C8C368B01CC60042417F30B1BB8
key=encoded, no.=22, cso file:
/dev/null
----------------------------------------------
real command=cset shield -e /home/nrink/Projects/build/encode/encode/tests/ptrarith/ptrarith.perf.encoded --  --cso /dev/null
key=encoded, no.=23, <stderr>:
LENGTH=3700
elapsed cycles: 3176220
hi(checksum)=0xC70E3C8C368B01CC
lo(checksum)=0x60042417F30B1BB8
key=encoded, no.=23, <checksum>:
0xC70E3C8C368B01CC60042417F30B1BB8
key=encoded, no.=23, cso file:
/dev/null
----------------------------------------------
real command=cset shield -e /home/nrink/Projects/build/encode/encode/tests/ptrarith/ptrarith.perf.encoded --  --cso /dev/null
key=encoded, no.=24, <stderr>:
LENGTH=3700
elapsed cycles: 3174987
hi(checksum)=0xC70E3C8C368B01CC
lo(checksum)=0x60042417F30B1BB8
key=encoded, no.=24, <checksum>:
0xC70E3C8C368B01CC60042417F30B1BB8
key=encoded, no.=24, cso file:
/dev/null
----------------------------------------------
real command=cset shield -e /home/nrink/Projects/build/encode/encode/tests/ptrarith/ptrarith.perf.encoded --  --cso /dev/null
key=encoded, no.=25, <stderr>:
LENGTH=3700
elapsed cycles: 3111948
hi(checksum)=0xC70E3C8C368B01CC
lo(checksum)=0x60042417F30B1BB8
key=encoded, no.=25, <checksum>:
0xC70E3C8C368B01CC60042417F30B1BB8
key=encoded, no.=25, cso file:
/dev/null
----------------------------------------------
real command=cset shield -e /home/nrink/Projects/build/encode/encode/tests/ptrarith/ptrarith.perf.encoded --  --cso /dev/null
key=encoded, no.=26, <stderr>:
LENGTH=3700
elapsed cycles: 3088401
hi(checksum)=0xC70E3C8C368B01CC
lo(checksum)=0x60042417F30B1BB8
key=encoded, no.=26, <checksum>:
0xC70E3C8C368B01CC60042417F30B1BB8
key=encoded, no.=26, cso file:
/dev/null
----------------------------------------------
real command=cset shield -e /home/nrink/Projects/build/encode/encode/tests/ptrarith/ptrarith.perf.encoded --  --cso /dev/null
key=encoded, no.=27, <stderr>:
LENGTH=3700
elapsed cycles: 3111273
hi(checksum)=0xC70E3C8C368B01CC
lo(checksum)=0x60042417F30B1BB8
key=encoded, no.=27, <checksum>:
0xC70E3C8C368B01CC60042417F30B1BB8
key=encoded, no.=27, cso file:
/dev/null
----------------------------------------------
real command=cset shield -e /home/nrink/Projects/build/encode/encode/tests/ptrarith/ptrarith.perf.encoded --  --cso /dev/null
key=encoded, no.=28, <stderr>:
LENGTH=3700
elapsed cycles: 3117507
hi(checksum)=0xC70E3C8C368B01CC
lo(checksum)=0x60042417F30B1BB8
key=encoded, no.=28, <checksum>:
0xC70E3C8C368B01CC60042417F30B1BB8
key=encoded, no.=28, cso file:
/dev/null
----------------------------------------------
real command=cset shield -e /home/nrink/Projects/build/encode/encode/tests/ptrarith/ptrarith.perf.encoded --  --cso /dev/null
key=encoded, no.=29, <stderr>:
LENGTH=3700
elapsed cycles: 3152373
hi(checksum)=0xC70E3C8C368B01CC
lo(checksum)=0x60042417F30B1BB8
key=encoded, no.=29, <checksum>:
0xC70E3C8C368B01CC60042417F30B1BB8
key=encoded, no.=29, cso file:
/dev/null
----------------------------------------------
real command=cset shield -e /home/nrink/Projects/build/encode/encode/tests/ptrarith/ptrarith.perf.encoded --  --cso /dev/null
key=encoded, no.=30, <stderr>:
LENGTH=3700
elapsed cycles: 3078933
hi(checksum)=0xC70E3C8C368B01CC
lo(checksum)=0x60042417F30B1BB8
key=encoded, no.=30, <checksum>:
0xC70E3C8C368B01CC60042417F30B1BB8
key=encoded, no.=30, cso file:
/dev/null
----------------------------------------------
real command=cset shield -e /home/nrink/Projects/build/encode/encode/tests/ptrarith/ptrarith.perf.encoded --  --cso /dev/null
key=encoded, no.=31, <stderr>:
LENGTH=3700
elapsed cycles: 3088875
hi(checksum)=0xC70E3C8C368B01CC
lo(checksum)=0x60042417F30B1BB8
key=encoded, no.=31, <checksum>:
0xC70E3C8C368B01CC60042417F30B1BB8
key=encoded, no.=31, cso file:
/dev/null
----------------------------------------------
real command=cset shield -e /home/nrink/Projects/build/encode/encode/tests/ptrarith/ptrarith.perf.encoded --  --cso /dev/null
key=encoded, no.=32, <stderr>:
LENGTH=3700
elapsed cycles: 3117726
hi(checksum)=0xC70E3C8C368B01CC
lo(checksum)=0x60042417F30B1BB8
key=encoded, no.=32, <checksum>:
0xC70E3C8C368B01CC60042417F30B1BB8
key=encoded, no.=32, cso file:
/dev/null
----------------------------------------------
real command=cset shield -e /home/nrink/Projects/build/encode/encode/tests/ptrarith/ptrarith.perf.encoded --  --cso /dev/null
key=encoded, no.=33, <stderr>:
LENGTH=3700
elapsed cycles: 3077808
hi(checksum)=0xC70E3C8C368B01CC
lo(checksum)=0x60042417F30B1BB8
key=encoded, no.=33, <checksum>:
0xC70E3C8C368B01CC60042417F30B1BB8
key=encoded, no.=33, cso file:
/dev/null
----------------------------------------------
real command=cset shield -e /home/nrink/Projects/build/encode/encode/tests/ptrarith/ptrarith.perf.encoded --  --cso /dev/null
key=encoded, no.=34, <stderr>:
LENGTH=3700
elapsed cycles: 3077604
hi(checksum)=0xC70E3C8C368B01CC
lo(checksum)=0x60042417F30B1BB8
key=encoded, no.=34, <checksum>:
0xC70E3C8C368B01CC60042417F30B1BB8
key=encoded, no.=34, cso file:
/dev/null
----------------------------------------------
real command=cset shield -e /home/nrink/Projects/build/encode/encode/tests/ptrarith/ptrarith.perf.encoded --  --cso /dev/null
key=encoded, no.=35, <stderr>:
LENGTH=3700
elapsed cycles: 3082482
hi(checksum)=0xC70E3C8C368B01CC
lo(checksum)=0x60042417F30B1BB8
key=encoded, no.=35, <checksum>:
0xC70E3C8C368B01CC60042417F30B1BB8
key=encoded, no.=35, cso file:
/dev/null
----------------------------------------------
real command=cset shield -e /home/nrink/Projects/build/encode/encode/tests/ptrarith/ptrarith.perf.encoded --  --cso /dev/null
key=encoded, no.=36, <stderr>:
LENGTH=3700
elapsed cycles: 3179199
hi(checksum)=0xC70E3C8C368B01CC
lo(checksum)=0x60042417F30B1BB8
key=encoded, no.=36, <checksum>:
0xC70E3C8C368B01CC60042417F30B1BB8
key=encoded, no.=36, cso file:
/dev/null
----------------------------------------------
real command=cset shield -e /home/nrink/Projects/build/encode/encode/tests/ptrarith/ptrarith.perf.encoded --  --cso /dev/null
key=encoded, no.=37, <stderr>:
LENGTH=3700
elapsed cycles: 3078546
hi(checksum)=0xC70E3C8C368B01CC
lo(checksum)=0x60042417F30B1BB8
key=encoded, no.=37, <checksum>:
0xC70E3C8C368B01CC60042417F30B1BB8
key=encoded, no.=37, cso file:
/dev/null
----------------------------------------------
real command=cset shield -e /home/nrink/Projects/build/encode/encode/tests/ptrarith/ptrarith.perf.encoded --  --cso /dev/null
key=encoded, no.=38, <stderr>:
LENGTH=3700
elapsed cycles: 3114540
hi(checksum)=0xC70E3C8C368B01CC
lo(checksum)=0x60042417F30B1BB8
key=encoded, no.=38, <checksum>:
0xC70E3C8C368B01CC60042417F30B1BB8
key=encoded, no.=38, cso file:
/dev/null
----------------------------------------------
real command=cset shield -e /home/nrink/Projects/build/encode/encode/tests/ptrarith/ptrarith.perf.encoded --  --cso /dev/null
key=encoded, no.=39, <stderr>:
LENGTH=3700
elapsed cycles: 3433525
hi(checksum)=0xC70E3C8C368B01CC
lo(checksum)=0x60042417F30B1BB8
key=encoded, no.=39, <checksum>:
0xC70E3C8C368B01CC60042417F30B1BB8
key=encoded, no.=39, cso file:
/dev/null
----------------------------------------------
real command=cset shield -e /home/nrink/Projects/build/encode/encode/tests/ptrarith/ptrarith.perf.encoded --  --cso /dev/null
key=encoded, no.=40, <stderr>:
LENGTH=3700
elapsed cycles: 3083217
hi(checksum)=0xC70E3C8C368B01CC
lo(checksum)=0x60042417F30B1BB8
key=encoded, no.=40, <checksum>:
0xC70E3C8C368B01CC60042417F30B1BB8
key=encoded, no.=40, cso file:
/dev/null
----------------------------------------------
real command=cset shield -e /home/nrink/Projects/build/encode/encode/tests/ptrarith/ptrarith.perf.encoded --  --cso /dev/null
key=encoded, no.=41, <stderr>:
LENGTH=3700
elapsed cycles: 3114357
hi(checksum)=0xC70E3C8C368B01CC
lo(checksum)=0x60042417F30B1BB8
key=encoded, no.=41, <checksum>:
0xC70E3C8C368B01CC60042417F30B1BB8
key=encoded, no.=41, cso file:
/dev/null
----------------------------------------------
real command=cset shield -e /home/nrink/Projects/build/encode/encode/tests/ptrarith/ptrarith.perf.encoded --  --cso /dev/null
key=encoded, no.=42, <stderr>:
LENGTH=3700
elapsed cycles: 3101988
hi(checksum)=0xC70E3C8C368B01CC
lo(checksum)=0x60042417F30B1BB8
key=encoded, no.=42, <checksum>:
0xC70E3C8C368B01CC60042417F30B1BB8
key=encoded, no.=42, cso file:
/dev/null
----------------------------------------------
real command=cset shield -e /home/nrink/Projects/build/encode/encode/tests/ptrarith/ptrarith.perf.encoded --  --cso /dev/null
key=encoded, no.=43, <stderr>:
LENGTH=3700
elapsed cycles: 3118251
hi(checksum)=0xC70E3C8C368B01CC
lo(checksum)=0x60042417F30B1BB8
key=encoded, no.=43, <checksum>:
0xC70E3C8C368B01CC60042417F30B1BB8
key=encoded, no.=43, cso file:
/dev/null
----------------------------------------------
real command=cset shield -e /home/nrink/Projects/build/encode/encode/tests/ptrarith/ptrarith.perf.encoded --  --cso /dev/null
key=encoded, no.=44, <stderr>:
LENGTH=3700
elapsed cycles: 3087477
hi(checksum)=0xC70E3C8C368B01CC
lo(checksum)=0x60042417F30B1BB8
key=encoded, no.=44, <checksum>:
0xC70E3C8C368B01CC60042417F30B1BB8
key=encoded, no.=44, cso file:
/dev/null
----------------------------------------------
real command=cset shield -e /home/nrink/Projects/build/encode/encode/tests/ptrarith/ptrarith.perf.encoded --  --cso /dev/null
key=encoded, no.=45, <stderr>:
LENGTH=3700
elapsed cycles: 3093240
hi(checksum)=0xC70E3C8C368B01CC
lo(checksum)=0x60042417F30B1BB8
key=encoded, no.=45, <checksum>:
0xC70E3C8C368B01CC60042417F30B1BB8
key=encoded, no.=45, cso file:
/dev/null
----------------------------------------------
real command=cset shield -e /home/nrink/Projects/build/encode/encode/tests/ptrarith/ptrarith.perf.encoded --  --cso /dev/null
key=encoded, no.=46, <stderr>:
LENGTH=3700
elapsed cycles: 3119229
hi(checksum)=0xC70E3C8C368B01CC
lo(checksum)=0x60042417F30B1BB8
key=encoded, no.=46, <checksum>:
0xC70E3C8C368B01CC60042417F30B1BB8
key=encoded, no.=46, cso file:
/dev/null
----------------------------------------------
real command=cset shield -e /home/nrink/Projects/build/encode/encode/tests/ptrarith/ptrarith.perf.encoded --  --cso /dev/null
key=encoded, no.=47, <stderr>:
LENGTH=3700
elapsed cycles: 3080463
hi(checksum)=0xC70E3C8C368B01CC
lo(checksum)=0x60042417F30B1BB8
key=encoded, no.=47, <checksum>:
0xC70E3C8C368B01CC60042417F30B1BB8
key=encoded, no.=47, cso file:
/dev/null
----------------------------------------------
real command=cset shield -e /home/nrink/Projects/build/encode/encode/tests/ptrarith/ptrarith.perf.encoded --  --cso /dev/null
key=encoded, no.=48, <stderr>:
LENGTH=3700
elapsed cycles: 3081762
hi(checksum)=0xC70E3C8C368B01CC
lo(checksum)=0x60042417F30B1BB8
key=encoded, no.=48, <checksum>:
0xC70E3C8C368B01CC60042417F30B1BB8
key=encoded, no.=48, cso file:
/dev/null
----------------------------------------------
real command=cset shield -e /home/nrink/Projects/build/encode/encode/tests/ptrarith/ptrarith.perf.encoded --  --cso /dev/null
key=encoded, no.=49, <stderr>:
LENGTH=3700
elapsed cycles: 3081918
hi(checksum)=0xC70E3C8C368B01CC
lo(checksum)=0x60042417F30B1BB8
key=encoded, no.=49, <checksum>:
0xC70E3C8C368B01CC60042417F30B1BB8
key=encoded, no.=49, cso file:
/dev/null
----------------------------------------------
real command=cset shield -e /home/nrink/Projects/build/encode/encode/tests/ptrarith/ptrarith.perf.encoded --  --cso /dev/null
key=encoded, no.=50, <stderr>:
LENGTH=3700
elapsed cycles: 3177552
hi(checksum)=0xC70E3C8C368B01CC
lo(checksum)=0x60042417F30B1BB8
key=encoded, no.=50, <checksum>:
0xC70E3C8C368B01CC60042417F30B1BB8
key=encoded, no.=50, cso file:
/dev/null
----------------------------------------------
real command=cset shield -e /home/nrink/Projects/build/encode/encode/tests/ptrarith/ptrarith.perf.encoded --  --cso /dev/null
key=encoded, no.=51, <stderr>:
LENGTH=3700
elapsed cycles: 3082395
hi(checksum)=0xC70E3C8C368B01CC
lo(checksum)=0x60042417F30B1BB8
key=encoded, no.=51, <checksum>:
0xC70E3C8C368B01CC60042417F30B1BB8
key=encoded, no.=51, cso file:
/dev/null
----------------------------------------------
real command=cset shield -e /home/nrink/Projects/build/encode/encode/tests/ptrarith/ptrarith.perf.encoded --  --cso /dev/null
key=encoded, no.=52, <stderr>:
LENGTH=3700
elapsed cycles: 3126048
hi(checksum)=0xC70E3C8C368B01CC
lo(checksum)=0x60042417F30B1BB8
key=encoded, no.=52, <checksum>:
0xC70E3C8C368B01CC60042417F30B1BB8
key=encoded, no.=52, cso file:
/dev/null
----------------------------------------------
real command=cset shield -e /home/nrink/Projects/build/encode/encode/tests/ptrarith/ptrarith.perf.encoded --  --cso /dev/null
key=encoded, no.=53, <stderr>:
LENGTH=3700
elapsed cycles: 3079281
hi(checksum)=0xC70E3C8C368B01CC
lo(checksum)=0x60042417F30B1BB8
key=encoded, no.=53, <checksum>:
0xC70E3C8C368B01CC60042417F30B1BB8
key=encoded, no.=53, cso file:
/dev/null
----------------------------------------------
real command=cset shield -e /home/nrink/Projects/build/encode/encode/tests/ptrarith/ptrarith.perf.encoded --  --cso /dev/null
key=encoded, no.=54, <stderr>:
LENGTH=3700
elapsed cycles: 3079383
hi(checksum)=0xC70E3C8C368B01CC
lo(checksum)=0x60042417F30B1BB8
key=encoded, no.=54, <checksum>:
0xC70E3C8C368B01CC60042417F30B1BB8
key=encoded, no.=54, cso file:
/dev/null
----------------------------------------------
real command=cset shield -e /home/nrink/Projects/build/encode/encode/tests/ptrarith/ptrarith.perf.encoded --  --cso /dev/null
key=encoded, no.=55, <stderr>:
LENGTH=3700
elapsed cycles: 3079215
hi(checksum)=0xC70E3C8C368B01CC
lo(checksum)=0x60042417F30B1BB8
key=encoded, no.=55, <checksum>:
0xC70E3C8C368B01CC60042417F30B1BB8
key=encoded, no.=55, cso file:
/dev/null
----------------------------------------------
real command=cset shield -e /home/nrink/Projects/build/encode/encode/tests/ptrarith/ptrarith.perf.encoded --  --cso /dev/null
key=encoded, no.=56, <stderr>:
LENGTH=3700
elapsed cycles: 3097011
hi(checksum)=0xC70E3C8C368B01CC
lo(checksum)=0x60042417F30B1BB8
key=encoded, no.=56, <checksum>:
0xC70E3C8C368B01CC60042417F30B1BB8
key=encoded, no.=56, cso file:
/dev/null
----------------------------------------------
real command=cset shield -e /home/nrink/Projects/build/encode/encode/tests/ptrarith/ptrarith.perf.encoded --  --cso /dev/null
key=encoded, no.=57, <stderr>:
LENGTH=3700
elapsed cycles: 3137907
hi(checksum)=0xC70E3C8C368B01CC
lo(checksum)=0x60042417F30B1BB8
key=encoded, no.=57, <checksum>:
0xC70E3C8C368B01CC60042417F30B1BB8
key=encoded, no.=57, cso file:
/dev/null
----------------------------------------------
real command=cset shield -e /home/nrink/Projects/build/encode/encode/tests/ptrarith/ptrarith.perf.encoded --  --cso /dev/null
key=encoded, no.=58, <stderr>:
LENGTH=3700
elapsed cycles: 3080478
hi(checksum)=0xC70E3C8C368B01CC
lo(checksum)=0x60042417F30B1BB8
key=encoded, no.=58, <checksum>:
0xC70E3C8C368B01CC60042417F30B1BB8
key=encoded, no.=58, cso file:
/dev/null
----------------------------------------------
real command=cset shield -e /home/nrink/Projects/build/encode/encode/tests/ptrarith/ptrarith.perf.encoded --  --cso /dev/null
key=encoded, no.=59, <stderr>:
LENGTH=3700
elapsed cycles: 3079398
hi(checksum)=0xC70E3C8C368B01CC
lo(checksum)=0x60042417F30B1BB8
key=encoded, no.=59, <checksum>:
0xC70E3C8C368B01CC60042417F30B1BB8
key=encoded, no.=59, cso file:
/dev/null
----------------------------------------------
real command=cset shield -e /home/nrink/Projects/build/encode/encode/tests/ptrarith/ptrarith.perf.encoded --  --cso /dev/null
key=encoded, no.=60, <stderr>:
LENGTH=3700
elapsed cycles: 3080835
hi(checksum)=0xC70E3C8C368B01CC
lo(checksum)=0x60042417F30B1BB8
key=encoded, no.=60, <checksum>:
0xC70E3C8C368B01CC60042417F30B1BB8
key=encoded, no.=60, cso file:
/dev/null
----------------------------------------------
real command=cset shield -e /home/nrink/Projects/build/encode/encode/tests/ptrarith/ptrarith.perf.encoded --  --cso /dev/null
key=encoded, no.=61, <stderr>:
LENGTH=3700
elapsed cycles: 3080811
hi(checksum)=0xC70E3C8C368B01CC
lo(checksum)=0x60042417F30B1BB8
key=encoded, no.=61, <checksum>:
0xC70E3C8C368B01CC60042417F30B1BB8
key=encoded, no.=61, cso file:
/dev/null
----------------------------------------------
real command=cset shield -e /home/nrink/Projects/build/encode/encode/tests/ptrarith/ptrarith.perf.encoded --  --cso /dev/null
key=encoded, no.=62, <stderr>:
LENGTH=3700
elapsed cycles: 3080964
hi(checksum)=0xC70E3C8C368B01CC
lo(checksum)=0x60042417F30B1BB8
key=encoded, no.=62, <checksum>:
0xC70E3C8C368B01CC60042417F30B1BB8
key=encoded, no.=62, cso file:
/dev/null
----------------------------------------------
real command=cset shield -e /home/nrink/Projects/build/encode/encode/tests/ptrarith/ptrarith.perf.encoded --  --cso /dev/null
key=encoded, no.=63, <stderr>:
LENGTH=3700
elapsed cycles: 3169224
hi(checksum)=0xC70E3C8C368B01CC
lo(checksum)=0x60042417F30B1BB8
key=encoded, no.=63, <checksum>:
0xC70E3C8C368B01CC60042417F30B1BB8
key=encoded, no.=63, cso file:
/dev/null
----------------------------------------------
real command=cset shield -e /home/nrink/Projects/build/encode/encode/tests/ptrarith/ptrarith.perf.encoded --  --cso /dev/null
key=encoded, no.=64, <stderr>:
LENGTH=3700
elapsed cycles: 3090468
hi(checksum)=0xC70E3C8C368B01CC
lo(checksum)=0x60042417F30B1BB8
key=encoded, no.=64, <checksum>:
0xC70E3C8C368B01CC60042417F30B1BB8
key=encoded, no.=64, cso file:
/dev/null
----------------------------------------------
real command=cset shield -e /home/nrink/Projects/build/encode/encode/tests/ptrarith/ptrarith.perf.encoded --  --cso /dev/null
key=encoded, no.=65, <stderr>:
LENGTH=3700
elapsed cycles: 3081765
hi(checksum)=0xC70E3C8C368B01CC
lo(checksum)=0x60042417F30B1BB8
key=encoded, no.=65, <checksum>:
0xC70E3C8C368B01CC60042417F30B1BB8
key=encoded, no.=65, cso file:
/dev/null
----------------------------------------------
real command=cset shield -e /home/nrink/Projects/build/encode/encode/tests/ptrarith/ptrarith.perf.encoded --  --cso /dev/null
key=encoded, no.=66, <stderr>:
LENGTH=3700
elapsed cycles: 3119214
hi(checksum)=0xC70E3C8C368B01CC
lo(checksum)=0x60042417F30B1BB8
key=encoded, no.=66, <checksum>:
0xC70E3C8C368B01CC60042417F30B1BB8
key=encoded, no.=66, cso file:
/dev/null
----------------------------------------------
real command=cset shield -e /home/nrink/Projects/build/encode/encode/tests/ptrarith/ptrarith.perf.encoded --  --cso /dev/null
key=encoded, no.=67, <stderr>:
LENGTH=3700
elapsed cycles: 3080238
hi(checksum)=0xC70E3C8C368B01CC
lo(checksum)=0x60042417F30B1BB8
key=encoded, no.=67, <checksum>:
0xC70E3C8C368B01CC60042417F30B1BB8
key=encoded, no.=67, cso file:
/dev/null
----------------------------------------------
real command=cset shield -e /home/nrink/Projects/build/encode/encode/tests/ptrarith/ptrarith.perf.encoded --  --cso /dev/null
key=encoded, no.=68, <stderr>:
LENGTH=3700
elapsed cycles: 3150663
hi(checksum)=0xC70E3C8C368B01CC
lo(checksum)=0x60042417F30B1BB8
key=encoded, no.=68, <checksum>:
0xC70E3C8C368B01CC60042417F30B1BB8
key=encoded, no.=68, cso file:
/dev/null
----------------------------------------------
real command=cset shield -e /home/nrink/Projects/build/encode/encode/tests/ptrarith/ptrarith.perf.encoded --  --cso /dev/null
key=encoded, no.=69, <stderr>:
LENGTH=3700
elapsed cycles: 3170190
hi(checksum)=0xC70E3C8C368B01CC
lo(checksum)=0x60042417F30B1BB8
key=encoded, no.=69, <checksum>:
0xC70E3C8C368B01CC60042417F30B1BB8
key=encoded, no.=69, cso file:
/dev/null
----------------------------------------------
real command=cset shield -e /home/nrink/Projects/build/encode/encode/tests/ptrarith/ptrarith.perf.encoded --  --cso /dev/null
key=encoded, no.=70, <stderr>:
LENGTH=3700
elapsed cycles: 3081396
hi(checksum)=0xC70E3C8C368B01CC
lo(checksum)=0x60042417F30B1BB8
key=encoded, no.=70, <checksum>:
0xC70E3C8C368B01CC60042417F30B1BB8
key=encoded, no.=70, cso file:
/dev/null
----------------------------------------------
real command=cset shield -e /home/nrink/Projects/build/encode/encode/tests/ptrarith/ptrarith.perf.encoded --  --cso /dev/null
key=encoded, no.=71, <stderr>:
LENGTH=3700
elapsed cycles: 3143118
hi(checksum)=0xC70E3C8C368B01CC
lo(checksum)=0x60042417F30B1BB8
key=encoded, no.=71, <checksum>:
0xC70E3C8C368B01CC60042417F30B1BB8
key=encoded, no.=71, cso file:
/dev/null
----------------------------------------------
real command=cset shield -e /home/nrink/Projects/build/encode/encode/tests/ptrarith/ptrarith.perf.encoded --  --cso /dev/null
key=encoded, no.=72, <stderr>:
LENGTH=3700
elapsed cycles: 3080814
hi(checksum)=0xC70E3C8C368B01CC
lo(checksum)=0x60042417F30B1BB8
key=encoded, no.=72, <checksum>:
0xC70E3C8C368B01CC60042417F30B1BB8
key=encoded, no.=72, cso file:
/dev/null
----------------------------------------------
real command=cset shield -e /home/nrink/Projects/build/encode/encode/tests/ptrarith/ptrarith.perf.encoded --  --cso /dev/null
key=encoded, no.=73, <stderr>:
LENGTH=3700
elapsed cycles: 3089610
hi(checksum)=0xC70E3C8C368B01CC
lo(checksum)=0x60042417F30B1BB8
key=encoded, no.=73, <checksum>:
0xC70E3C8C368B01CC60042417F30B1BB8
key=encoded, no.=73, cso file:
/dev/null
----------------------------------------------
real command=cset shield -e /home/nrink/Projects/build/encode/encode/tests/ptrarith/ptrarith.perf.encoded --  --cso /dev/null
key=encoded, no.=74, <stderr>:
LENGTH=3700
elapsed cycles: 3116169
hi(checksum)=0xC70E3C8C368B01CC
lo(checksum)=0x60042417F30B1BB8
key=encoded, no.=74, <checksum>:
0xC70E3C8C368B01CC60042417F30B1BB8
key=encoded, no.=74, cso file:
/dev/null
----------------------------------------------
real command=cset shield -e /home/nrink/Projects/build/encode/encode/tests/ptrarith/ptrarith.perf.encoded --  --cso /dev/null
key=encoded, no.=75, <stderr>:
LENGTH=3700
elapsed cycles: 3175059
hi(checksum)=0xC70E3C8C368B01CC
lo(checksum)=0x60042417F30B1BB8
key=encoded, no.=75, <checksum>:
0xC70E3C8C368B01CC60042417F30B1BB8
key=encoded, no.=75, cso file:
/dev/null
----------------------------------------------
real command=cset shield -e /home/nrink/Projects/build/encode/encode/tests/ptrarith/ptrarith.perf.encoded --  --cso /dev/null
key=encoded, no.=76, <stderr>:
LENGTH=3700
elapsed cycles: 3091707
hi(checksum)=0xC70E3C8C368B01CC
lo(checksum)=0x60042417F30B1BB8
key=encoded, no.=76, <checksum>:
0xC70E3C8C368B01CC60042417F30B1BB8
key=encoded, no.=76, cso file:
/dev/null
----------------------------------------------
real command=cset shield -e /home/nrink/Projects/build/encode/encode/tests/ptrarith/ptrarith.perf.encoded --  --cso /dev/null
key=encoded, no.=77, <stderr>:
LENGTH=3700
elapsed cycles: 3078924
hi(checksum)=0xC70E3C8C368B01CC
lo(checksum)=0x60042417F30B1BB8
key=encoded, no.=77, <checksum>:
0xC70E3C8C368B01CC60042417F30B1BB8
key=encoded, no.=77, cso file:
/dev/null
----------------------------------------------
real command=cset shield -e /home/nrink/Projects/build/encode/encode/tests/ptrarith/ptrarith.perf.encoded --  --cso /dev/null
key=encoded, no.=78, <stderr>:
LENGTH=3700
elapsed cycles: 3128955
hi(checksum)=0xC70E3C8C368B01CC
lo(checksum)=0x60042417F30B1BB8
key=encoded, no.=78, <checksum>:
0xC70E3C8C368B01CC60042417F30B1BB8
key=encoded, no.=78, cso file:
/dev/null
----------------------------------------------
real command=cset shield -e /home/nrink/Projects/build/encode/encode/tests/ptrarith/ptrarith.perf.encoded --  --cso /dev/null
key=encoded, no.=79, <stderr>:
LENGTH=3700
elapsed cycles: 3078051
hi(checksum)=0xC70E3C8C368B01CC
lo(checksum)=0x60042417F30B1BB8
key=encoded, no.=79, <checksum>:
0xC70E3C8C368B01CC60042417F30B1BB8
key=encoded, no.=79, cso file:
/dev/null
----------------------------------------------
real command=cset shield -e /home/nrink/Projects/build/encode/encode/tests/ptrarith/ptrarith.perf.encoded --  --cso /dev/null
key=encoded, no.=80, <stderr>:
LENGTH=3700
elapsed cycles: 3079395
hi(checksum)=0xC70E3C8C368B01CC
lo(checksum)=0x60042417F30B1BB8
key=encoded, no.=80, <checksum>:
0xC70E3C8C368B01CC60042417F30B1BB8
key=encoded, no.=80, cso file:
/dev/null
----------------------------------------------
real command=cset shield -e /home/nrink/Projects/build/encode/encode/tests/ptrarith/ptrarith.perf.encoded --  --cso /dev/null
key=encoded, no.=81, <stderr>:
LENGTH=3700
elapsed cycles: 3125622
hi(checksum)=0xC70E3C8C368B01CC
lo(checksum)=0x60042417F30B1BB8
key=encoded, no.=81, <checksum>:
0xC70E3C8C368B01CC60042417F30B1BB8
key=encoded, no.=81, cso file:
/dev/null
----------------------------------------------
real command=cset shield -e /home/nrink/Projects/build/encode/encode/tests/ptrarith/ptrarith.perf.encoded --  --cso /dev/null
key=encoded, no.=82, <stderr>:
LENGTH=3700
elapsed cycles: 3084123
hi(checksum)=0xC70E3C8C368B01CC
lo(checksum)=0x60042417F30B1BB8
key=encoded, no.=82, <checksum>:
0xC70E3C8C368B01CC60042417F30B1BB8
key=encoded, no.=82, cso file:
/dev/null
----------------------------------------------
real command=cset shield -e /home/nrink/Projects/build/encode/encode/tests/ptrarith/ptrarith.perf.encoded --  --cso /dev/null
key=encoded, no.=83, <stderr>:
LENGTH=3700
elapsed cycles: 3078753
hi(checksum)=0xC70E3C8C368B01CC
lo(checksum)=0x60042417F30B1BB8
key=encoded, no.=83, <checksum>:
0xC70E3C8C368B01CC60042417F30B1BB8
key=encoded, no.=83, cso file:
/dev/null
----------------------------------------------
real command=cset shield -e /home/nrink/Projects/build/encode/encode/tests/ptrarith/ptrarith.perf.encoded --  --cso /dev/null
key=encoded, no.=84, <stderr>:
LENGTH=3700
elapsed cycles: 3090144
hi(checksum)=0xC70E3C8C368B01CC
lo(checksum)=0x60042417F30B1BB8
key=encoded, no.=84, <checksum>:
0xC70E3C8C368B01CC60042417F30B1BB8
key=encoded, no.=84, cso file:
/dev/null
----------------------------------------------
real command=cset shield -e /home/nrink/Projects/build/encode/encode/tests/ptrarith/ptrarith.perf.encoded --  --cso /dev/null
key=encoded, no.=85, <stderr>:
LENGTH=3700
elapsed cycles: 3090444
hi(checksum)=0xC70E3C8C368B01CC
lo(checksum)=0x60042417F30B1BB8
key=encoded, no.=85, <checksum>:
0xC70E3C8C368B01CC60042417F30B1BB8
key=encoded, no.=85, cso file:
/dev/null
----------------------------------------------
real command=cset shield -e /home/nrink/Projects/build/encode/encode/tests/ptrarith/ptrarith.perf.encoded --  --cso /dev/null
key=encoded, no.=86, <stderr>:
LENGTH=3700
elapsed cycles: 3129996
hi(checksum)=0xC70E3C8C368B01CC
lo(checksum)=0x60042417F30B1BB8
key=encoded, no.=86, <checksum>:
0xC70E3C8C368B01CC60042417F30B1BB8
key=encoded, no.=86, cso file:
/dev/null
----------------------------------------------
real command=cset shield -e /home/nrink/Projects/build/encode/encode/tests/ptrarith/ptrarith.perf.encoded --  --cso /dev/null
key=encoded, no.=87, <stderr>:
LENGTH=3700
elapsed cycles: 3146757
hi(checksum)=0xC70E3C8C368B01CC
lo(checksum)=0x60042417F30B1BB8
key=encoded, no.=87, <checksum>:
0xC70E3C8C368B01CC60042417F30B1BB8
key=encoded, no.=87, cso file:
/dev/null
----------------------------------------------
real command=cset shield -e /home/nrink/Projects/build/encode/encode/tests/ptrarith/ptrarith.perf.encoded --  --cso /dev/null
key=encoded, no.=88, <stderr>:
LENGTH=3700
elapsed cycles: 3129114
hi(checksum)=0xC70E3C8C368B01CC
lo(checksum)=0x60042417F30B1BB8
key=encoded, no.=88, <checksum>:
0xC70E3C8C368B01CC60042417F30B1BB8
key=encoded, no.=88, cso file:
/dev/null
----------------------------------------------
real command=cset shield -e /home/nrink/Projects/build/encode/encode/tests/ptrarith/ptrarith.perf.encoded --  --cso /dev/null
key=encoded, no.=89, <stderr>:
LENGTH=3700
elapsed cycles: 3083229
hi(checksum)=0xC70E3C8C368B01CC
lo(checksum)=0x60042417F30B1BB8
key=encoded, no.=89, <checksum>:
0xC70E3C8C368B01CC60042417F30B1BB8
key=encoded, no.=89, cso file:
/dev/null
----------------------------------------------
real command=cset shield -e /home/nrink/Projects/build/encode/encode/tests/ptrarith/ptrarith.perf.encoded --  --cso /dev/null
key=encoded, no.=90, <stderr>:
LENGTH=3700
elapsed cycles: 3086124
hi(checksum)=0xC70E3C8C368B01CC
lo(checksum)=0x60042417F30B1BB8
key=encoded, no.=90, <checksum>:
0xC70E3C8C368B01CC60042417F30B1BB8
key=encoded, no.=90, cso file:
/dev/null
----------------------------------------------
real command=cset shield -e /home/nrink/Projects/build/encode/encode/tests/ptrarith/ptrarith.perf.encoded --  --cso /dev/null
key=encoded, no.=91, <stderr>:
LENGTH=3700
elapsed cycles: 3113310
hi(checksum)=0xC70E3C8C368B01CC
lo(checksum)=0x60042417F30B1BB8
key=encoded, no.=91, <checksum>:
0xC70E3C8C368B01CC60042417F30B1BB8
key=encoded, no.=91, cso file:
/dev/null
----------------------------------------------
real command=cset shield -e /home/nrink/Projects/build/encode/encode/tests/ptrarith/ptrarith.perf.encoded --  --cso /dev/null
key=encoded, no.=92, <stderr>:
LENGTH=3700
elapsed cycles: 3080898
hi(checksum)=0xC70E3C8C368B01CC
lo(checksum)=0x60042417F30B1BB8
key=encoded, no.=92, <checksum>:
0xC70E3C8C368B01CC60042417F30B1BB8
key=encoded, no.=92, cso file:
/dev/null
----------------------------------------------
real command=cset shield -e /home/nrink/Projects/build/encode/encode/tests/ptrarith/ptrarith.perf.encoded --  --cso /dev/null
key=encoded, no.=93, <stderr>:
LENGTH=3700
elapsed cycles: 3082461
hi(checksum)=0xC70E3C8C368B01CC
lo(checksum)=0x60042417F30B1BB8
key=encoded, no.=93, <checksum>:
0xC70E3C8C368B01CC60042417F30B1BB8
key=encoded, no.=93, cso file:
/dev/null
----------------------------------------------
real command=cset shield -e /home/nrink/Projects/build/encode/encode/tests/ptrarith/ptrarith.perf.encoded --  --cso /dev/null
key=encoded, no.=94, <stderr>:
LENGTH=3700
elapsed cycles: 3088476
hi(checksum)=0xC70E3C8C368B01CC
lo(checksum)=0x60042417F30B1BB8
key=encoded, no.=94, <checksum>:
0xC70E3C8C368B01CC60042417F30B1BB8
key=encoded, no.=94, cso file:
/dev/null
----------------------------------------------
real command=cset shield -e /home/nrink/Projects/build/encode/encode/tests/ptrarith/ptrarith.perf.encoded --  --cso /dev/null
key=encoded, no.=95, <stderr>:
LENGTH=3700
elapsed cycles: 3090147
hi(checksum)=0xC70E3C8C368B01CC
lo(checksum)=0x60042417F30B1BB8
key=encoded, no.=95, <checksum>:
0xC70E3C8C368B01CC60042417F30B1BB8
key=encoded, no.=95, cso file:
/dev/null
----------------------------------------------
real command=cset shield -e /home/nrink/Projects/build/encode/encode/tests/ptrarith/ptrarith.perf.encoded --  --cso /dev/null
key=encoded, no.=96, <stderr>:
LENGTH=3700
elapsed cycles: 3142845
hi(checksum)=0xC70E3C8C368B01CC
lo(checksum)=0x60042417F30B1BB8
key=encoded, no.=96, <checksum>:
0xC70E3C8C368B01CC60042417F30B1BB8
key=encoded, no.=96, cso file:
/dev/null
----------------------------------------------
real command=cset shield -e /home/nrink/Projects/build/encode/encode/tests/ptrarith/ptrarith.perf.encoded --  --cso /dev/null
key=encoded, no.=97, <stderr>:
LENGTH=3700
elapsed cycles: 3079932
hi(checksum)=0xC70E3C8C368B01CC
lo(checksum)=0x60042417F30B1BB8
key=encoded, no.=97, <checksum>:
0xC70E3C8C368B01CC60042417F30B1BB8
key=encoded, no.=97, cso file:
/dev/null
----------------------------------------------
real command=cset shield -e /home/nrink/Projects/build/encode/encode/tests/ptrarith/ptrarith.perf.encoded --  --cso /dev/null
key=encoded, no.=98, <stderr>:
LENGTH=3700
elapsed cycles: 3106794
hi(checksum)=0xC70E3C8C368B01CC
lo(checksum)=0x60042417F30B1BB8
key=encoded, no.=98, <checksum>:
0xC70E3C8C368B01CC60042417F30B1BB8
key=encoded, no.=98, cso file:
/dev/null
----------------------------------------------
real command=cset shield -e /home/nrink/Projects/build/encode/encode/tests/ptrarith/ptrarith.perf.encoded --  --cso /dev/null
key=encoded, no.=99, <stderr>:
LENGTH=3700
elapsed cycles: 3128340
hi(checksum)=0xC70E3C8C368B01CC
lo(checksum)=0x60042417F30B1BB8
key=encoded, no.=99, <checksum>:
0xC70E3C8C368B01CC60042417F30B1BB8
key=encoded, no.=99, cso file:
/dev/null
----------------------------------------------
