<stderr> from running /home/nrink/Projects/pin-2.14-71313-gcc.4.4.7-linux/pin.sh -t /home/nrink/Projects/bfi/obj-intel64/bfi.so -trigger 152137373 -cmd WREG -seed 1 -mask 200 -- /home/nrink/Projects/build/encode/encode/tests/dijkstra/dijkstra.cover.plain /home/nrink/Projects/build/encode/encode/tests/dijkstra/dijkstra_input.dat --cso ./2015-05-05_14:16:24/dijkstra/cover/cs/plain.5.cso --csl ./2015-05-05_14:16:24/dijkstra/cover/cs/plain.5.csl:
[.:    0, IP = 0x400f8d, i = 152137373, wa = 0, ra = 0, rr = 0, wr = 0, it = 0, t = 0]
	at ip 0x400f94, rflags = 0x293, rflags' = 0x25b
elapsed cycles: 149419460613
hi(checksum)=0x0651484E044488F0
lo(checksum)=0x8A61BB16A5A889BA
**********************
INSTR   = 195827433
WADDR   = 0
RADDR   = 0
RREG    = 0
WREG    = 0
ITER    = 0
TRIGGER = 152137373
TTYPE   = IN
COMMAND = WREG
SEL     = -1
SEED    = 1
MASK    = 0xc8
THREAD  = 0
ELAPSED = 73.79s
----------------------------------------------------------------
