key=plain, runs=100 ...
command=/home/nrink/Projects/build/encode/encode/tests/quicksort/quicksort.perf.plain
----------------------------------------------
real command=cset shield -e /home/nrink/Projects/build/encode/encode/tests/quicksort/quicksort.perf.plain --  --cso /dev/null
key=plain, no.=0, <stderr>:
LENGTH=8000
elapsed cycles: 131449803
hi(checksum)=0x781AD80CEF3651F1
lo(checksum)=0x8017B1F2CA2EF61B
key=plain, no.=0, <checksum>:
0x781AD80CEF3651F18017B1F2CA2EF61B
key=plain, no.=0, cso file:
/dev/null
----------------------------------------------
real command=cset shield -e /home/nrink/Projects/build/encode/encode/tests/quicksort/quicksort.perf.plain --  --cso /dev/null
key=plain, no.=1, <stderr>:
LENGTH=8000
elapsed cycles: 131262768
hi(checksum)=0x781AD80CEF3651F1
lo(checksum)=0x8017B1F2CA2EF61B
key=plain, no.=1, <checksum>:
0x781AD80CEF3651F18017B1F2CA2EF61B
key=plain, no.=1, cso file:
/dev/null
----------------------------------------------
real command=cset shield -e /home/nrink/Projects/build/encode/encode/tests/quicksort/quicksort.perf.plain --  --cso /dev/null
key=plain, no.=2, <stderr>:
LENGTH=8000
elapsed cycles: 131171400
hi(checksum)=0x781AD80CEF3651F1
lo(checksum)=0x8017B1F2CA2EF61B
key=plain, no.=2, <checksum>:
0x781AD80CEF3651F18017B1F2CA2EF61B
key=plain, no.=2, cso file:
/dev/null
----------------------------------------------
real command=cset shield -e /home/nrink/Projects/build/encode/encode/tests/quicksort/quicksort.perf.plain --  --cso /dev/null
key=plain, no.=3, <stderr>:
LENGTH=8000
elapsed cycles: 131357988
hi(checksum)=0x781AD80CEF3651F1
lo(checksum)=0x8017B1F2CA2EF61B
key=plain, no.=3, <checksum>:
0x781AD80CEF3651F18017B1F2CA2EF61B
key=plain, no.=3, cso file:
/dev/null
----------------------------------------------
real command=cset shield -e /home/nrink/Projects/build/encode/encode/tests/quicksort/quicksort.perf.plain --  --cso /dev/null
key=plain, no.=4, <stderr>:
LENGTH=8000
elapsed cycles: 131203989
hi(checksum)=0x781AD80CEF3651F1
lo(checksum)=0x8017B1F2CA2EF61B
key=plain, no.=4, <checksum>:
0x781AD80CEF3651F18017B1F2CA2EF61B
key=plain, no.=4, cso file:
/dev/null
----------------------------------------------
real command=cset shield -e /home/nrink/Projects/build/encode/encode/tests/quicksort/quicksort.perf.plain --  --cso /dev/null
key=plain, no.=5, <stderr>:
LENGTH=8000
elapsed cycles: 132055209
hi(checksum)=0x781AD80CEF3651F1
lo(checksum)=0x8017B1F2CA2EF61B
key=plain, no.=5, <checksum>:
0x781AD80CEF3651F18017B1F2CA2EF61B
key=plain, no.=5, cso file:
/dev/null
----------------------------------------------
real command=cset shield -e /home/nrink/Projects/build/encode/encode/tests/quicksort/quicksort.perf.plain --  --cso /dev/null
key=plain, no.=6, <stderr>:
LENGTH=8000
elapsed cycles: 130893438
hi(checksum)=0x781AD80CEF3651F1
lo(checksum)=0x8017B1F2CA2EF61B
key=plain, no.=6, <checksum>:
0x781AD80CEF3651F18017B1F2CA2EF61B
key=plain, no.=6, cso file:
/dev/null
----------------------------------------------
real command=cset shield -e /home/nrink/Projects/build/encode/encode/tests/quicksort/quicksort.perf.plain --  --cso /dev/null
key=plain, no.=7, <stderr>:
LENGTH=8000
elapsed cycles: 131341893
hi(checksum)=0x781AD80CEF3651F1
lo(checksum)=0x8017B1F2CA2EF61B
key=plain, no.=7, <checksum>:
0x781AD80CEF3651F18017B1F2CA2EF61B
key=plain, no.=7, cso file:
/dev/null
----------------------------------------------
real command=cset shield -e /home/nrink/Projects/build/encode/encode/tests/quicksort/quicksort.perf.plain --  --cso /dev/null
key=plain, no.=8, <stderr>:
LENGTH=8000
elapsed cycles: 131132877
hi(checksum)=0x781AD80CEF3651F1
lo(checksum)=0x8017B1F2CA2EF61B
key=plain, no.=8, <checksum>:
0x781AD80CEF3651F18017B1F2CA2EF61B
key=plain, no.=8, cso file:
/dev/null
----------------------------------------------
real command=cset shield -e /home/nrink/Projects/build/encode/encode/tests/quicksort/quicksort.perf.plain --  --cso /dev/null
key=plain, no.=9, <stderr>:
LENGTH=8000
elapsed cycles: 133488159
hi(checksum)=0x781AD80CEF3651F1
lo(checksum)=0x8017B1F2CA2EF61B
key=plain, no.=9, <checksum>:
0x781AD80CEF3651F18017B1F2CA2EF61B
key=plain, no.=9, cso file:
/dev/null
----------------------------------------------
real command=cset shield -e /home/nrink/Projects/build/encode/encode/tests/quicksort/quicksort.perf.plain --  --cso /dev/null
key=plain, no.=10, <stderr>:
LENGTH=8000
elapsed cycles: 131444793
hi(checksum)=0x781AD80CEF3651F1
lo(checksum)=0x8017B1F2CA2EF61B
key=plain, no.=10, <checksum>:
0x781AD80CEF3651F18017B1F2CA2EF61B
key=plain, no.=10, cso file:
/dev/null
----------------------------------------------
real command=cset shield -e /home/nrink/Projects/build/encode/encode/tests/quicksort/quicksort.perf.plain --  --cso /dev/null
key=plain, no.=11, <stderr>:
LENGTH=8000
elapsed cycles: 131421006
hi(checksum)=0x781AD80CEF3651F1
lo(checksum)=0x8017B1F2CA2EF61B
key=plain, no.=11, <checksum>:
0x781AD80CEF3651F18017B1F2CA2EF61B
key=plain, no.=11, cso file:
/dev/null
----------------------------------------------
real command=cset shield -e /home/nrink/Projects/build/encode/encode/tests/quicksort/quicksort.perf.plain --  --cso /dev/null
key=plain, no.=12, <stderr>:
LENGTH=8000
elapsed cycles: 130904457
hi(checksum)=0x781AD80CEF3651F1
lo(checksum)=0x8017B1F2CA2EF61B
key=plain, no.=12, <checksum>:
0x781AD80CEF3651F18017B1F2CA2EF61B
key=plain, no.=12, cso file:
/dev/null
----------------------------------------------
real command=cset shield -e /home/nrink/Projects/build/encode/encode/tests/quicksort/quicksort.perf.plain --  --cso /dev/null
key=plain, no.=13, <stderr>:
LENGTH=8000
elapsed cycles: 131659134
hi(checksum)=0x781AD80CEF3651F1
lo(checksum)=0x8017B1F2CA2EF61B
key=plain, no.=13, <checksum>:
0x781AD80CEF3651F18017B1F2CA2EF61B
key=plain, no.=13, cso file:
/dev/null
----------------------------------------------
real command=cset shield -e /home/nrink/Projects/build/encode/encode/tests/quicksort/quicksort.perf.plain --  --cso /dev/null
key=plain, no.=14, <stderr>:
LENGTH=8000
elapsed cycles: 131063634
hi(checksum)=0x781AD80CEF3651F1
lo(checksum)=0x8017B1F2CA2EF61B
key=plain, no.=14, <checksum>:
0x781AD80CEF3651F18017B1F2CA2EF61B
key=plain, no.=14, cso file:
/dev/null
----------------------------------------------
real command=cset shield -e /home/nrink/Projects/build/encode/encode/tests/quicksort/quicksort.perf.plain --  --cso /dev/null
key=plain, no.=15, <stderr>:
LENGTH=8000
elapsed cycles: 131644740
hi(checksum)=0x781AD80CEF3651F1
lo(checksum)=0x8017B1F2CA2EF61B
key=plain, no.=15, <checksum>:
0x781AD80CEF3651F18017B1F2CA2EF61B
key=plain, no.=15, cso file:
/dev/null
----------------------------------------------
real command=cset shield -e /home/nrink/Projects/build/encode/encode/tests/quicksort/quicksort.perf.plain --  --cso /dev/null
key=plain, no.=16, <stderr>:
LENGTH=8000
elapsed cycles: 130954248
hi(checksum)=0x781AD80CEF3651F1
lo(checksum)=0x8017B1F2CA2EF61B
key=plain, no.=16, <checksum>:
0x781AD80CEF3651F18017B1F2CA2EF61B
key=plain, no.=16, cso file:
/dev/null
----------------------------------------------
real command=cset shield -e /home/nrink/Projects/build/encode/encode/tests/quicksort/quicksort.perf.plain --  --cso /dev/null
key=plain, no.=17, <stderr>:
LENGTH=8000
elapsed cycles: 131720508
hi(checksum)=0x781AD80CEF3651F1
lo(checksum)=0x8017B1F2CA2EF61B
key=plain, no.=17, <checksum>:
0x781AD80CEF3651F18017B1F2CA2EF61B
key=plain, no.=17, cso file:
/dev/null
----------------------------------------------
real command=cset shield -e /home/nrink/Projects/build/encode/encode/tests/quicksort/quicksort.perf.plain --  --cso /dev/null
key=plain, no.=18, <stderr>:
LENGTH=8000
elapsed cycles: 131173017
hi(checksum)=0x781AD80CEF3651F1
lo(checksum)=0x8017B1F2CA2EF61B
key=plain, no.=18, <checksum>:
0x781AD80CEF3651F18017B1F2CA2EF61B
key=plain, no.=18, cso file:
/dev/null
----------------------------------------------
real command=cset shield -e /home/nrink/Projects/build/encode/encode/tests/quicksort/quicksort.perf.plain --  --cso /dev/null
key=plain, no.=19, <stderr>:
LENGTH=8000
elapsed cycles: 131726994
hi(checksum)=0x781AD80CEF3651F1
lo(checksum)=0x8017B1F2CA2EF61B
key=plain, no.=19, <checksum>:
0x781AD80CEF3651F18017B1F2CA2EF61B
key=plain, no.=19, cso file:
/dev/null
----------------------------------------------
real command=cset shield -e /home/nrink/Projects/build/encode/encode/tests/quicksort/quicksort.perf.plain --  --cso /dev/null
key=plain, no.=20, <stderr>:
LENGTH=8000
elapsed cycles: 131128974
hi(checksum)=0x781AD80CEF3651F1
lo(checksum)=0x8017B1F2CA2EF61B
key=plain, no.=20, <checksum>:
0x781AD80CEF3651F18017B1F2CA2EF61B
key=plain, no.=20, cso file:
/dev/null
----------------------------------------------
real command=cset shield -e /home/nrink/Projects/build/encode/encode/tests/quicksort/quicksort.perf.plain --  --cso /dev/null
key=plain, no.=21, <stderr>:
LENGTH=8000
elapsed cycles: 131558853
hi(checksum)=0x781AD80CEF3651F1
lo(checksum)=0x8017B1F2CA2EF61B
key=plain, no.=21, <checksum>:
0x781AD80CEF3651F18017B1F2CA2EF61B
key=plain, no.=21, cso file:
/dev/null
----------------------------------------------
real command=cset shield -e /home/nrink/Projects/build/encode/encode/tests/quicksort/quicksort.perf.plain --  --cso /dev/null
key=plain, no.=22, <stderr>:
LENGTH=8000
elapsed cycles: 131096157
hi(checksum)=0x781AD80CEF3651F1
lo(checksum)=0x8017B1F2CA2EF61B
key=plain, no.=22, <checksum>:
0x781AD80CEF3651F18017B1F2CA2EF61B
key=plain, no.=22, cso file:
/dev/null
----------------------------------------------
real command=cset shield -e /home/nrink/Projects/build/encode/encode/tests/quicksort/quicksort.perf.plain --  --cso /dev/null
key=plain, no.=23, <stderr>:
LENGTH=8000
elapsed cycles: 131624895
hi(checksum)=0x781AD80CEF3651F1
lo(checksum)=0x8017B1F2CA2EF61B
key=plain, no.=23, <checksum>:
0x781AD80CEF3651F18017B1F2CA2EF61B
key=plain, no.=23, cso file:
/dev/null
----------------------------------------------
real command=cset shield -e /home/nrink/Projects/build/encode/encode/tests/quicksort/quicksort.perf.plain --  --cso /dev/null
key=plain, no.=24, <stderr>:
LENGTH=8000
elapsed cycles: 131347770
hi(checksum)=0x781AD80CEF3651F1
lo(checksum)=0x8017B1F2CA2EF61B
key=plain, no.=24, <checksum>:
0x781AD80CEF3651F18017B1F2CA2EF61B
key=plain, no.=24, cso file:
/dev/null
----------------------------------------------
real command=cset shield -e /home/nrink/Projects/build/encode/encode/tests/quicksort/quicksort.perf.plain --  --cso /dev/null
key=plain, no.=25, <stderr>:
LENGTH=8000
elapsed cycles: 131538357
hi(checksum)=0x781AD80CEF3651F1
lo(checksum)=0x8017B1F2CA2EF61B
key=plain, no.=25, <checksum>:
0x781AD80CEF3651F18017B1F2CA2EF61B
key=plain, no.=25, cso file:
/dev/null
----------------------------------------------
real command=cset shield -e /home/nrink/Projects/build/encode/encode/tests/quicksort/quicksort.perf.plain --  --cso /dev/null
key=plain, no.=26, <stderr>:
LENGTH=8000
elapsed cycles: 130967199
hi(checksum)=0x781AD80CEF3651F1
lo(checksum)=0x8017B1F2CA2EF61B
key=plain, no.=26, <checksum>:
0x781AD80CEF3651F18017B1F2CA2EF61B
key=plain, no.=26, cso file:
/dev/null
----------------------------------------------
real command=cset shield -e /home/nrink/Projects/build/encode/encode/tests/quicksort/quicksort.perf.plain --  --cso /dev/null
key=plain, no.=27, <stderr>:
LENGTH=8000
elapsed cycles: 131737824
hi(checksum)=0x781AD80CEF3651F1
lo(checksum)=0x8017B1F2CA2EF61B
key=plain, no.=27, <checksum>:
0x781AD80CEF3651F18017B1F2CA2EF61B
key=plain, no.=27, cso file:
/dev/null
----------------------------------------------
real command=cset shield -e /home/nrink/Projects/build/encode/encode/tests/quicksort/quicksort.perf.plain --  --cso /dev/null
key=plain, no.=28, <stderr>:
LENGTH=8000
elapsed cycles: 130912245
hi(checksum)=0x781AD80CEF3651F1
lo(checksum)=0x8017B1F2CA2EF61B
key=plain, no.=28, <checksum>:
0x781AD80CEF3651F18017B1F2CA2EF61B
key=plain, no.=28, cso file:
/dev/null
----------------------------------------------
real command=cset shield -e /home/nrink/Projects/build/encode/encode/tests/quicksort/quicksort.perf.plain --  --cso /dev/null
key=plain, no.=29, <stderr>:
LENGTH=8000
elapsed cycles: 131573052
hi(checksum)=0x781AD80CEF3651F1
lo(checksum)=0x8017B1F2CA2EF61B
key=plain, no.=29, <checksum>:
0x781AD80CEF3651F18017B1F2CA2EF61B
key=plain, no.=29, cso file:
/dev/null
----------------------------------------------
real command=cset shield -e /home/nrink/Projects/build/encode/encode/tests/quicksort/quicksort.perf.plain --  --cso /dev/null
key=plain, no.=30, <stderr>:
LENGTH=8000
elapsed cycles: 131016672
hi(checksum)=0x781AD80CEF3651F1
lo(checksum)=0x8017B1F2CA2EF61B
key=plain, no.=30, <checksum>:
0x781AD80CEF3651F18017B1F2CA2EF61B
key=plain, no.=30, cso file:
/dev/null
----------------------------------------------
real command=cset shield -e /home/nrink/Projects/build/encode/encode/tests/quicksort/quicksort.perf.plain --  --cso /dev/null
key=plain, no.=31, <stderr>:
LENGTH=8000
elapsed cycles: 131649204
hi(checksum)=0x781AD80CEF3651F1
lo(checksum)=0x8017B1F2CA2EF61B
key=plain, no.=31, <checksum>:
0x781AD80CEF3651F18017B1F2CA2EF61B
key=plain, no.=31, cso file:
/dev/null
----------------------------------------------
real command=cset shield -e /home/nrink/Projects/build/encode/encode/tests/quicksort/quicksort.perf.plain --  --cso /dev/null
key=plain, no.=32, <stderr>:
LENGTH=8000
elapsed cycles: 131177835
hi(checksum)=0x781AD80CEF3651F1
lo(checksum)=0x8017B1F2CA2EF61B
key=plain, no.=32, <checksum>:
0x781AD80CEF3651F18017B1F2CA2EF61B
key=plain, no.=32, cso file:
/dev/null
----------------------------------------------
real command=cset shield -e /home/nrink/Projects/build/encode/encode/tests/quicksort/quicksort.perf.plain --  --cso /dev/null
key=plain, no.=33, <stderr>:
LENGTH=8000
elapsed cycles: 131662893
hi(checksum)=0x781AD80CEF3651F1
lo(checksum)=0x8017B1F2CA2EF61B
key=plain, no.=33, <checksum>:
0x781AD80CEF3651F18017B1F2CA2EF61B
key=plain, no.=33, cso file:
/dev/null
----------------------------------------------
real command=cset shield -e /home/nrink/Projects/build/encode/encode/tests/quicksort/quicksort.perf.plain --  --cso /dev/null
key=plain, no.=34, <stderr>:
LENGTH=8000
elapsed cycles: 130787565
hi(checksum)=0x781AD80CEF3651F1
lo(checksum)=0x8017B1F2CA2EF61B
key=plain, no.=34, <checksum>:
0x781AD80CEF3651F18017B1F2CA2EF61B
key=plain, no.=34, cso file:
/dev/null
----------------------------------------------
real command=cset shield -e /home/nrink/Projects/build/encode/encode/tests/quicksort/quicksort.perf.plain --  --cso /dev/null
key=plain, no.=35, <stderr>:
LENGTH=8000
elapsed cycles: 131521830
hi(checksum)=0x781AD80CEF3651F1
lo(checksum)=0x8017B1F2CA2EF61B
key=plain, no.=35, <checksum>:
0x781AD80CEF3651F18017B1F2CA2EF61B
key=plain, no.=35, cso file:
/dev/null
----------------------------------------------
real command=cset shield -e /home/nrink/Projects/build/encode/encode/tests/quicksort/quicksort.perf.plain --  --cso /dev/null
key=plain, no.=36, <stderr>:
LENGTH=8000
elapsed cycles: 130913871
hi(checksum)=0x781AD80CEF3651F1
lo(checksum)=0x8017B1F2CA2EF61B
key=plain, no.=36, <checksum>:
0x781AD80CEF3651F18017B1F2CA2EF61B
key=plain, no.=36, cso file:
/dev/null
----------------------------------------------
real command=cset shield -e /home/nrink/Projects/build/encode/encode/tests/quicksort/quicksort.perf.plain --  --cso /dev/null
key=plain, no.=37, <stderr>:
LENGTH=8000
elapsed cycles: 131560515
hi(checksum)=0x781AD80CEF3651F1
lo(checksum)=0x8017B1F2CA2EF61B
key=plain, no.=37, <checksum>:
0x781AD80CEF3651F18017B1F2CA2EF61B
key=plain, no.=37, cso file:
/dev/null
----------------------------------------------
real command=cset shield -e /home/nrink/Projects/build/encode/encode/tests/quicksort/quicksort.perf.plain --  --cso /dev/null
key=plain, no.=38, <stderr>:
LENGTH=8000
elapsed cycles: 131149074
hi(checksum)=0x781AD80CEF3651F1
lo(checksum)=0x8017B1F2CA2EF61B
key=plain, no.=38, <checksum>:
0x781AD80CEF3651F18017B1F2CA2EF61B
key=plain, no.=38, cso file:
/dev/null
----------------------------------------------
real command=cset shield -e /home/nrink/Projects/build/encode/encode/tests/quicksort/quicksort.perf.plain --  --cso /dev/null
key=plain, no.=39, <stderr>:
LENGTH=8000
elapsed cycles: 131650455
hi(checksum)=0x781AD80CEF3651F1
lo(checksum)=0x8017B1F2CA2EF61B
key=plain, no.=39, <checksum>:
0x781AD80CEF3651F18017B1F2CA2EF61B
key=plain, no.=39, cso file:
/dev/null
----------------------------------------------
real command=cset shield -e /home/nrink/Projects/build/encode/encode/tests/quicksort/quicksort.perf.plain --  --cso /dev/null
key=plain, no.=40, <stderr>:
LENGTH=8000
elapsed cycles: 131201739
hi(checksum)=0x781AD80CEF3651F1
lo(checksum)=0x8017B1F2CA2EF61B
key=plain, no.=40, <checksum>:
0x781AD80CEF3651F18017B1F2CA2EF61B
key=plain, no.=40, cso file:
/dev/null
----------------------------------------------
real command=cset shield -e /home/nrink/Projects/build/encode/encode/tests/quicksort/quicksort.perf.plain --  --cso /dev/null
key=plain, no.=41, <stderr>:
LENGTH=8000
elapsed cycles: 131777826
hi(checksum)=0x781AD80CEF3651F1
lo(checksum)=0x8017B1F2CA2EF61B
key=plain, no.=41, <checksum>:
0x781AD80CEF3651F18017B1F2CA2EF61B
key=plain, no.=41, cso file:
/dev/null
----------------------------------------------
real command=cset shield -e /home/nrink/Projects/build/encode/encode/tests/quicksort/quicksort.perf.plain --  --cso /dev/null
key=plain, no.=42, <stderr>:
LENGTH=8000
elapsed cycles: 131251545
hi(checksum)=0x781AD80CEF3651F1
lo(checksum)=0x8017B1F2CA2EF61B
key=plain, no.=42, <checksum>:
0x781AD80CEF3651F18017B1F2CA2EF61B
key=plain, no.=42, cso file:
/dev/null
----------------------------------------------
real command=cset shield -e /home/nrink/Projects/build/encode/encode/tests/quicksort/quicksort.perf.plain --  --cso /dev/null
key=plain, no.=43, <stderr>:
LENGTH=8000
elapsed cycles: 131671203
hi(checksum)=0x781AD80CEF3651F1
lo(checksum)=0x8017B1F2CA2EF61B
key=plain, no.=43, <checksum>:
0x781AD80CEF3651F18017B1F2CA2EF61B
key=plain, no.=43, cso file:
/dev/null
----------------------------------------------
real command=cset shield -e /home/nrink/Projects/build/encode/encode/tests/quicksort/quicksort.perf.plain --  --cso /dev/null
key=plain, no.=44, <stderr>:
LENGTH=8000
elapsed cycles: 131023461
hi(checksum)=0x781AD80CEF3651F1
lo(checksum)=0x8017B1F2CA2EF61B
key=plain, no.=44, <checksum>:
0x781AD80CEF3651F18017B1F2CA2EF61B
key=plain, no.=44, cso file:
/dev/null
----------------------------------------------
real command=cset shield -e /home/nrink/Projects/build/encode/encode/tests/quicksort/quicksort.perf.plain --  --cso /dev/null
key=plain, no.=45, <stderr>:
LENGTH=8000
elapsed cycles: 131466558
hi(checksum)=0x781AD80CEF3651F1
lo(checksum)=0x8017B1F2CA2EF61B
key=plain, no.=45, <checksum>:
0x781AD80CEF3651F18017B1F2CA2EF61B
key=plain, no.=45, cso file:
/dev/null
----------------------------------------------
real command=cset shield -e /home/nrink/Projects/build/encode/encode/tests/quicksort/quicksort.perf.plain --  --cso /dev/null
key=plain, no.=46, <stderr>:
LENGTH=8000
elapsed cycles: 131095425
hi(checksum)=0x781AD80CEF3651F1
lo(checksum)=0x8017B1F2CA2EF61B
key=plain, no.=46, <checksum>:
0x781AD80CEF3651F18017B1F2CA2EF61B
key=plain, no.=46, cso file:
/dev/null
----------------------------------------------
real command=cset shield -e /home/nrink/Projects/build/encode/encode/tests/quicksort/quicksort.perf.plain --  --cso /dev/null
key=plain, no.=47, <stderr>:
LENGTH=8000
elapsed cycles: 131594631
hi(checksum)=0x781AD80CEF3651F1
lo(checksum)=0x8017B1F2CA2EF61B
key=plain, no.=47, <checksum>:
0x781AD80CEF3651F18017B1F2CA2EF61B
key=plain, no.=47, cso file:
/dev/null
----------------------------------------------
real command=cset shield -e /home/nrink/Projects/build/encode/encode/tests/quicksort/quicksort.perf.plain --  --cso /dev/null
key=plain, no.=48, <stderr>:
LENGTH=8000
elapsed cycles: 131174499
hi(checksum)=0x781AD80CEF3651F1
lo(checksum)=0x8017B1F2CA2EF61B
key=plain, no.=48, <checksum>:
0x781AD80CEF3651F18017B1F2CA2EF61B
key=plain, no.=48, cso file:
/dev/null
----------------------------------------------
real command=cset shield -e /home/nrink/Projects/build/encode/encode/tests/quicksort/quicksort.perf.plain --  --cso /dev/null
key=plain, no.=49, <stderr>:
LENGTH=8000
elapsed cycles: 132058377
hi(checksum)=0x781AD80CEF3651F1
lo(checksum)=0x8017B1F2CA2EF61B
key=plain, no.=49, <checksum>:
0x781AD80CEF3651F18017B1F2CA2EF61B
key=plain, no.=49, cso file:
/dev/null
----------------------------------------------
real command=cset shield -e /home/nrink/Projects/build/encode/encode/tests/quicksort/quicksort.perf.plain --  --cso /dev/null
key=plain, no.=50, <stderr>:
LENGTH=8000
elapsed cycles: 131634744
hi(checksum)=0x781AD80CEF3651F1
lo(checksum)=0x8017B1F2CA2EF61B
key=plain, no.=50, <checksum>:
0x781AD80CEF3651F18017B1F2CA2EF61B
key=plain, no.=50, cso file:
/dev/null
----------------------------------------------
real command=cset shield -e /home/nrink/Projects/build/encode/encode/tests/quicksort/quicksort.perf.plain --  --cso /dev/null
key=plain, no.=51, <stderr>:
LENGTH=8000
elapsed cycles: 130487127
hi(checksum)=0x781AD80CEF3651F1
lo(checksum)=0x8017B1F2CA2EF61B
key=plain, no.=51, <checksum>:
0x781AD80CEF3651F18017B1F2CA2EF61B
key=plain, no.=51, cso file:
/dev/null
----------------------------------------------
real command=cset shield -e /home/nrink/Projects/build/encode/encode/tests/quicksort/quicksort.perf.plain --  --cso /dev/null
key=plain, no.=52, <stderr>:
LENGTH=8000
elapsed cycles: 133454496
hi(checksum)=0x781AD80CEF3651F1
lo(checksum)=0x8017B1F2CA2EF61B
key=plain, no.=52, <checksum>:
0x781AD80CEF3651F18017B1F2CA2EF61B
key=plain, no.=52, cso file:
/dev/null
----------------------------------------------
real command=cset shield -e /home/nrink/Projects/build/encode/encode/tests/quicksort/quicksort.perf.plain --  --cso /dev/null
key=plain, no.=53, <stderr>:
LENGTH=8000
elapsed cycles: 131231481
hi(checksum)=0x781AD80CEF3651F1
lo(checksum)=0x8017B1F2CA2EF61B
key=plain, no.=53, <checksum>:
0x781AD80CEF3651F18017B1F2CA2EF61B
key=plain, no.=53, cso file:
/dev/null
----------------------------------------------
real command=cset shield -e /home/nrink/Projects/build/encode/encode/tests/quicksort/quicksort.perf.plain --  --cso /dev/null
key=plain, no.=54, <stderr>:
LENGTH=8000
elapsed cycles: 131564721
hi(checksum)=0x781AD80CEF3651F1
lo(checksum)=0x8017B1F2CA2EF61B
key=plain, no.=54, <checksum>:
0x781AD80CEF3651F18017B1F2CA2EF61B
key=plain, no.=54, cso file:
/dev/null
----------------------------------------------
real command=cset shield -e /home/nrink/Projects/build/encode/encode/tests/quicksort/quicksort.perf.plain --  --cso /dev/null
key=plain, no.=55, <stderr>:
LENGTH=8000
elapsed cycles: 131048037
hi(checksum)=0x781AD80CEF3651F1
lo(checksum)=0x8017B1F2CA2EF61B
key=plain, no.=55, <checksum>:
0x781AD80CEF3651F18017B1F2CA2EF61B
key=plain, no.=55, cso file:
/dev/null
----------------------------------------------
real command=cset shield -e /home/nrink/Projects/build/encode/encode/tests/quicksort/quicksort.perf.plain --  --cso /dev/null
key=plain, no.=56, <stderr>:
LENGTH=8000
elapsed cycles: 131300367
hi(checksum)=0x781AD80CEF3651F1
lo(checksum)=0x8017B1F2CA2EF61B
key=plain, no.=56, <checksum>:
0x781AD80CEF3651F18017B1F2CA2EF61B
key=plain, no.=56, cso file:
/dev/null
----------------------------------------------
real command=cset shield -e /home/nrink/Projects/build/encode/encode/tests/quicksort/quicksort.perf.plain --  --cso /dev/null
key=plain, no.=57, <stderr>:
LENGTH=8000
elapsed cycles: 132082476
hi(checksum)=0x781AD80CEF3651F1
lo(checksum)=0x8017B1F2CA2EF61B
key=plain, no.=57, <checksum>:
0x781AD80CEF3651F18017B1F2CA2EF61B
key=plain, no.=57, cso file:
/dev/null
----------------------------------------------
real command=cset shield -e /home/nrink/Projects/build/encode/encode/tests/quicksort/quicksort.perf.plain --  --cso /dev/null
key=plain, no.=58, <stderr>:
LENGTH=8000
elapsed cycles: 131323098
hi(checksum)=0x781AD80CEF3651F1
lo(checksum)=0x8017B1F2CA2EF61B
key=plain, no.=58, <checksum>:
0x781AD80CEF3651F18017B1F2CA2EF61B
key=plain, no.=58, cso file:
/dev/null
----------------------------------------------
real command=cset shield -e /home/nrink/Projects/build/encode/encode/tests/quicksort/quicksort.perf.plain --  --cso /dev/null
key=plain, no.=59, <stderr>:
LENGTH=8000
elapsed cycles: 131065230
hi(checksum)=0x781AD80CEF3651F1
lo(checksum)=0x8017B1F2CA2EF61B
key=plain, no.=59, <checksum>:
0x781AD80CEF3651F18017B1F2CA2EF61B
key=plain, no.=59, cso file:
/dev/null
----------------------------------------------
real command=cset shield -e /home/nrink/Projects/build/encode/encode/tests/quicksort/quicksort.perf.plain --  --cso /dev/null
key=plain, no.=60, <stderr>:
LENGTH=8000
elapsed cycles: 131433024
hi(checksum)=0x781AD80CEF3651F1
lo(checksum)=0x8017B1F2CA2EF61B
key=plain, no.=60, <checksum>:
0x781AD80CEF3651F18017B1F2CA2EF61B
key=plain, no.=60, cso file:
/dev/null
----------------------------------------------
real command=cset shield -e /home/nrink/Projects/build/encode/encode/tests/quicksort/quicksort.perf.plain --  --cso /dev/null
key=plain, no.=61, <stderr>:
LENGTH=8000
elapsed cycles: 131318949
hi(checksum)=0x781AD80CEF3651F1
lo(checksum)=0x8017B1F2CA2EF61B
key=plain, no.=61, <checksum>:
0x781AD80CEF3651F18017B1F2CA2EF61B
key=plain, no.=61, cso file:
/dev/null
----------------------------------------------
real command=cset shield -e /home/nrink/Projects/build/encode/encode/tests/quicksort/quicksort.perf.plain --  --cso /dev/null
key=plain, no.=62, <stderr>:
LENGTH=8000
elapsed cycles: 131243148
hi(checksum)=0x781AD80CEF3651F1
lo(checksum)=0x8017B1F2CA2EF61B
key=plain, no.=62, <checksum>:
0x781AD80CEF3651F18017B1F2CA2EF61B
key=plain, no.=62, cso file:
/dev/null
----------------------------------------------
real command=cset shield -e /home/nrink/Projects/build/encode/encode/tests/quicksort/quicksort.perf.plain --  --cso /dev/null
key=plain, no.=63, <stderr>:
LENGTH=8000
elapsed cycles: 131042538
hi(checksum)=0x781AD80CEF3651F1
lo(checksum)=0x8017B1F2CA2EF61B
key=plain, no.=63, <checksum>:
0x781AD80CEF3651F18017B1F2CA2EF61B
key=plain, no.=63, cso file:
/dev/null
----------------------------------------------
real command=cset shield -e /home/nrink/Projects/build/encode/encode/tests/quicksort/quicksort.perf.plain --  --cso /dev/null
key=plain, no.=64, <stderr>:
LENGTH=8000
elapsed cycles: 131445117
hi(checksum)=0x781AD80CEF3651F1
lo(checksum)=0x8017B1F2CA2EF61B
key=plain, no.=64, <checksum>:
0x781AD80CEF3651F18017B1F2CA2EF61B
key=plain, no.=64, cso file:
/dev/null
----------------------------------------------
real command=cset shield -e /home/nrink/Projects/build/encode/encode/tests/quicksort/quicksort.perf.plain --  --cso /dev/null
key=plain, no.=65, <stderr>:
LENGTH=8000
elapsed cycles: 131141709
hi(checksum)=0x781AD80CEF3651F1
lo(checksum)=0x8017B1F2CA2EF61B
key=plain, no.=65, <checksum>:
0x781AD80CEF3651F18017B1F2CA2EF61B
key=plain, no.=65, cso file:
/dev/null
----------------------------------------------
real command=cset shield -e /home/nrink/Projects/build/encode/encode/tests/quicksort/quicksort.perf.plain --  --cso /dev/null
key=plain, no.=66, <stderr>:
LENGTH=8000
elapsed cycles: 131618817
hi(checksum)=0x781AD80CEF3651F1
lo(checksum)=0x8017B1F2CA2EF61B
key=plain, no.=66, <checksum>:
0x781AD80CEF3651F18017B1F2CA2EF61B
key=plain, no.=66, cso file:
/dev/null
----------------------------------------------
real command=cset shield -e /home/nrink/Projects/build/encode/encode/tests/quicksort/quicksort.perf.plain --  --cso /dev/null
key=plain, no.=67, <stderr>:
LENGTH=8000
elapsed cycles: 131184735
hi(checksum)=0x781AD80CEF3651F1
lo(checksum)=0x8017B1F2CA2EF61B
key=plain, no.=67, <checksum>:
0x781AD80CEF3651F18017B1F2CA2EF61B
key=plain, no.=67, cso file:
/dev/null
----------------------------------------------
real command=cset shield -e /home/nrink/Projects/build/encode/encode/tests/quicksort/quicksort.perf.plain --  --cso /dev/null
key=plain, no.=68, <stderr>:
LENGTH=8000
elapsed cycles: 131299167
hi(checksum)=0x781AD80CEF3651F1
lo(checksum)=0x8017B1F2CA2EF61B
key=plain, no.=68, <checksum>:
0x781AD80CEF3651F18017B1F2CA2EF61B
key=plain, no.=68, cso file:
/dev/null
----------------------------------------------
real command=cset shield -e /home/nrink/Projects/build/encode/encode/tests/quicksort/quicksort.perf.plain --  --cso /dev/null
key=plain, no.=69, <stderr>:
LENGTH=8000
elapsed cycles: 131112150
hi(checksum)=0x781AD80CEF3651F1
lo(checksum)=0x8017B1F2CA2EF61B
key=plain, no.=69, <checksum>:
0x781AD80CEF3651F18017B1F2CA2EF61B
key=plain, no.=69, cso file:
/dev/null
----------------------------------------------
real command=cset shield -e /home/nrink/Projects/build/encode/encode/tests/quicksort/quicksort.perf.plain --  --cso /dev/null
key=plain, no.=70, <stderr>:
LENGTH=8000
elapsed cycles: 131362980
hi(checksum)=0x781AD80CEF3651F1
lo(checksum)=0x8017B1F2CA2EF61B
key=plain, no.=70, <checksum>:
0x781AD80CEF3651F18017B1F2CA2EF61B
key=plain, no.=70, cso file:
/dev/null
----------------------------------------------
real command=cset shield -e /home/nrink/Projects/build/encode/encode/tests/quicksort/quicksort.perf.plain --  --cso /dev/null
key=plain, no.=71, <stderr>:
LENGTH=8000
elapsed cycles: 131382006
hi(checksum)=0x781AD80CEF3651F1
lo(checksum)=0x8017B1F2CA2EF61B
key=plain, no.=71, <checksum>:
0x781AD80CEF3651F18017B1F2CA2EF61B
key=plain, no.=71, cso file:
/dev/null
----------------------------------------------
real command=cset shield -e /home/nrink/Projects/build/encode/encode/tests/quicksort/quicksort.perf.plain --  --cso /dev/null
key=plain, no.=72, <stderr>:
LENGTH=8000
elapsed cycles: 131210151
hi(checksum)=0x781AD80CEF3651F1
lo(checksum)=0x8017B1F2CA2EF61B
key=plain, no.=72, <checksum>:
0x781AD80CEF3651F18017B1F2CA2EF61B
key=plain, no.=72, cso file:
/dev/null
----------------------------------------------
real command=cset shield -e /home/nrink/Projects/build/encode/encode/tests/quicksort/quicksort.perf.plain --  --cso /dev/null
key=plain, no.=73, <stderr>:
LENGTH=8000
elapsed cycles: 130680207
hi(checksum)=0x781AD80CEF3651F1
lo(checksum)=0x8017B1F2CA2EF61B
key=plain, no.=73, <checksum>:
0x781AD80CEF3651F18017B1F2CA2EF61B
key=plain, no.=73, cso file:
/dev/null
----------------------------------------------
real command=cset shield -e /home/nrink/Projects/build/encode/encode/tests/quicksort/quicksort.perf.plain --  --cso /dev/null
key=plain, no.=74, <stderr>:
LENGTH=8000
elapsed cycles: 131219538
hi(checksum)=0x781AD80CEF3651F1
lo(checksum)=0x8017B1F2CA2EF61B
key=plain, no.=74, <checksum>:
0x781AD80CEF3651F18017B1F2CA2EF61B
key=plain, no.=74, cso file:
/dev/null
----------------------------------------------
real command=cset shield -e /home/nrink/Projects/build/encode/encode/tests/quicksort/quicksort.perf.plain --  --cso /dev/null
key=plain, no.=75, <stderr>:
LENGTH=8000
elapsed cycles: 131484333
hi(checksum)=0x781AD80CEF3651F1
lo(checksum)=0x8017B1F2CA2EF61B
key=plain, no.=75, <checksum>:
0x781AD80CEF3651F18017B1F2CA2EF61B
key=plain, no.=75, cso file:
/dev/null
----------------------------------------------
real command=cset shield -e /home/nrink/Projects/build/encode/encode/tests/quicksort/quicksort.perf.plain --  --cso /dev/null
key=plain, no.=76, <stderr>:
LENGTH=8000
elapsed cycles: 131241243
hi(checksum)=0x781AD80CEF3651F1
lo(checksum)=0x8017B1F2CA2EF61B
key=plain, no.=76, <checksum>:
0x781AD80CEF3651F18017B1F2CA2EF61B
key=plain, no.=76, cso file:
/dev/null
----------------------------------------------
real command=cset shield -e /home/nrink/Projects/build/encode/encode/tests/quicksort/quicksort.perf.plain --  --cso /dev/null
key=plain, no.=77, <stderr>:
LENGTH=8000
elapsed cycles: 131088738
hi(checksum)=0x781AD80CEF3651F1
lo(checksum)=0x8017B1F2CA2EF61B
key=plain, no.=77, <checksum>:
0x781AD80CEF3651F18017B1F2CA2EF61B
key=plain, no.=77, cso file:
/dev/null
----------------------------------------------
real command=cset shield -e /home/nrink/Projects/build/encode/encode/tests/quicksort/quicksort.perf.plain --  --cso /dev/null
key=plain, no.=78, <stderr>:
LENGTH=8000
elapsed cycles: 131159268
hi(checksum)=0x781AD80CEF3651F1
lo(checksum)=0x8017B1F2CA2EF61B
key=plain, no.=78, <checksum>:
0x781AD80CEF3651F18017B1F2CA2EF61B
key=plain, no.=78, cso file:
/dev/null
----------------------------------------------
real command=cset shield -e /home/nrink/Projects/build/encode/encode/tests/quicksort/quicksort.perf.plain --  --cso /dev/null
key=plain, no.=79, <stderr>:
LENGTH=8000
elapsed cycles: 131337765
hi(checksum)=0x781AD80CEF3651F1
lo(checksum)=0x8017B1F2CA2EF61B
key=plain, no.=79, <checksum>:
0x781AD80CEF3651F18017B1F2CA2EF61B
key=plain, no.=79, cso file:
/dev/null
----------------------------------------------
real command=cset shield -e /home/nrink/Projects/build/encode/encode/tests/quicksort/quicksort.perf.plain --  --cso /dev/null
key=plain, no.=80, <stderr>:
LENGTH=8000
elapsed cycles: 131168814
hi(checksum)=0x781AD80CEF3651F1
lo(checksum)=0x8017B1F2CA2EF61B
key=plain, no.=80, <checksum>:
0x781AD80CEF3651F18017B1F2CA2EF61B
key=plain, no.=80, cso file:
/dev/null
----------------------------------------------
real command=cset shield -e /home/nrink/Projects/build/encode/encode/tests/quicksort/quicksort.perf.plain --  --cso /dev/null
key=plain, no.=81, <stderr>:
LENGTH=8000
elapsed cycles: 131170119
hi(checksum)=0x781AD80CEF3651F1
lo(checksum)=0x8017B1F2CA2EF61B
key=plain, no.=81, <checksum>:
0x781AD80CEF3651F18017B1F2CA2EF61B
key=plain, no.=81, cso file:
/dev/null
----------------------------------------------
real command=cset shield -e /home/nrink/Projects/build/encode/encode/tests/quicksort/quicksort.perf.plain --  --cso /dev/null
key=plain, no.=82, <stderr>:
LENGTH=8000
elapsed cycles: 131314083
hi(checksum)=0x781AD80CEF3651F1
lo(checksum)=0x8017B1F2CA2EF61B
key=plain, no.=82, <checksum>:
0x781AD80CEF3651F18017B1F2CA2EF61B
key=plain, no.=82, cso file:
/dev/null
----------------------------------------------
real command=cset shield -e /home/nrink/Projects/build/encode/encode/tests/quicksort/quicksort.perf.plain --  --cso /dev/null
key=plain, no.=83, <stderr>:
LENGTH=8000
elapsed cycles: 130988526
hi(checksum)=0x781AD80CEF3651F1
lo(checksum)=0x8017B1F2CA2EF61B
key=plain, no.=83, <checksum>:
0x781AD80CEF3651F18017B1F2CA2EF61B
key=plain, no.=83, cso file:
/dev/null
----------------------------------------------
real command=cset shield -e /home/nrink/Projects/build/encode/encode/tests/quicksort/quicksort.perf.plain --  --cso /dev/null
key=plain, no.=84, <stderr>:
LENGTH=8000
elapsed cycles: 131097171
hi(checksum)=0x781AD80CEF3651F1
lo(checksum)=0x8017B1F2CA2EF61B
key=plain, no.=84, <checksum>:
0x781AD80CEF3651F18017B1F2CA2EF61B
key=plain, no.=84, cso file:
/dev/null
----------------------------------------------
real command=cset shield -e /home/nrink/Projects/build/encode/encode/tests/quicksort/quicksort.perf.plain --  --cso /dev/null
key=plain, no.=85, <stderr>:
LENGTH=8000
elapsed cycles: 131054166
hi(checksum)=0x781AD80CEF3651F1
lo(checksum)=0x8017B1F2CA2EF61B
key=plain, no.=85, <checksum>:
0x781AD80CEF3651F18017B1F2CA2EF61B
key=plain, no.=85, cso file:
/dev/null
----------------------------------------------
real command=cset shield -e /home/nrink/Projects/build/encode/encode/tests/quicksort/quicksort.perf.plain --  --cso /dev/null
key=plain, no.=86, <stderr>:
LENGTH=8000
elapsed cycles: 131047725
hi(checksum)=0x781AD80CEF3651F1
lo(checksum)=0x8017B1F2CA2EF61B
key=plain, no.=86, <checksum>:
0x781AD80CEF3651F18017B1F2CA2EF61B
key=plain, no.=86, cso file:
/dev/null
----------------------------------------------
real command=cset shield -e /home/nrink/Projects/build/encode/encode/tests/quicksort/quicksort.perf.plain --  --cso /dev/null
key=plain, no.=87, <stderr>:
LENGTH=8000
elapsed cycles: 131337366
hi(checksum)=0x781AD80CEF3651F1
lo(checksum)=0x8017B1F2CA2EF61B
key=plain, no.=87, <checksum>:
0x781AD80CEF3651F18017B1F2CA2EF61B
key=plain, no.=87, cso file:
/dev/null
----------------------------------------------
real command=cset shield -e /home/nrink/Projects/build/encode/encode/tests/quicksort/quicksort.perf.plain --  --cso /dev/null
key=plain, no.=88, <stderr>:
LENGTH=8000
elapsed cycles: 131199801
hi(checksum)=0x781AD80CEF3651F1
lo(checksum)=0x8017B1F2CA2EF61B
key=plain, no.=88, <checksum>:
0x781AD80CEF3651F18017B1F2CA2EF61B
key=plain, no.=88, cso file:
/dev/null
----------------------------------------------
real command=cset shield -e /home/nrink/Projects/build/encode/encode/tests/quicksort/quicksort.perf.plain --  --cso /dev/null
key=plain, no.=89, <stderr>:
LENGTH=8000
elapsed cycles: 131331762
hi(checksum)=0x781AD80CEF3651F1
lo(checksum)=0x8017B1F2CA2EF61B
key=plain, no.=89, <checksum>:
0x781AD80CEF3651F18017B1F2CA2EF61B
key=plain, no.=89, cso file:
/dev/null
----------------------------------------------
real command=cset shield -e /home/nrink/Projects/build/encode/encode/tests/quicksort/quicksort.perf.plain --  --cso /dev/null
key=plain, no.=90, <stderr>:
LENGTH=8000
elapsed cycles: 131013969
hi(checksum)=0x781AD80CEF3651F1
lo(checksum)=0x8017B1F2CA2EF61B
key=plain, no.=90, <checksum>:
0x781AD80CEF3651F18017B1F2CA2EF61B
key=plain, no.=90, cso file:
/dev/null
----------------------------------------------
real command=cset shield -e /home/nrink/Projects/build/encode/encode/tests/quicksort/quicksort.perf.plain --  --cso /dev/null
key=plain, no.=91, <stderr>:
LENGTH=8000
elapsed cycles: 131201826
hi(checksum)=0x781AD80CEF3651F1
lo(checksum)=0x8017B1F2CA2EF61B
key=plain, no.=91, <checksum>:
0x781AD80CEF3651F18017B1F2CA2EF61B
key=plain, no.=91, cso file:
/dev/null
----------------------------------------------
real command=cset shield -e /home/nrink/Projects/build/encode/encode/tests/quicksort/quicksort.perf.plain --  --cso /dev/null
key=plain, no.=92, <stderr>:
LENGTH=8000
elapsed cycles: 137338134
hi(checksum)=0x781AD80CEF3651F1
lo(checksum)=0x8017B1F2CA2EF61B
key=plain, no.=92, <checksum>:
0x781AD80CEF3651F18017B1F2CA2EF61B
key=plain, no.=92, cso file:
/dev/null
----------------------------------------------
real command=cset shield -e /home/nrink/Projects/build/encode/encode/tests/quicksort/quicksort.perf.plain --  --cso /dev/null
key=plain, no.=93, <stderr>:
LENGTH=8000
elapsed cycles: 131188251
hi(checksum)=0x781AD80CEF3651F1
lo(checksum)=0x8017B1F2CA2EF61B
key=plain, no.=93, <checksum>:
0x781AD80CEF3651F18017B1F2CA2EF61B
key=plain, no.=93, cso file:
/dev/null
----------------------------------------------
real command=cset shield -e /home/nrink/Projects/build/encode/encode/tests/quicksort/quicksort.perf.plain --  --cso /dev/null
key=plain, no.=94, <stderr>:
LENGTH=8000
elapsed cycles: 130520643
hi(checksum)=0x781AD80CEF3651F1
lo(checksum)=0x8017B1F2CA2EF61B
key=plain, no.=94, <checksum>:
0x781AD80CEF3651F18017B1F2CA2EF61B
key=plain, no.=94, cso file:
/dev/null
----------------------------------------------
real command=cset shield -e /home/nrink/Projects/build/encode/encode/tests/quicksort/quicksort.perf.plain --  --cso /dev/null
key=plain, no.=95, <stderr>:
LENGTH=8000
elapsed cycles: 133771035
hi(checksum)=0x781AD80CEF3651F1
lo(checksum)=0x8017B1F2CA2EF61B
key=plain, no.=95, <checksum>:
0x781AD80CEF3651F18017B1F2CA2EF61B
key=plain, no.=95, cso file:
/dev/null
----------------------------------------------
real command=cset shield -e /home/nrink/Projects/build/encode/encode/tests/quicksort/quicksort.perf.plain --  --cso /dev/null
key=plain, no.=96, <stderr>:
LENGTH=8000
elapsed cycles: 131486133
hi(checksum)=0x781AD80CEF3651F1
lo(checksum)=0x8017B1F2CA2EF61B
key=plain, no.=96, <checksum>:
0x781AD80CEF3651F18017B1F2CA2EF61B
key=plain, no.=96, cso file:
/dev/null
----------------------------------------------
real command=cset shield -e /home/nrink/Projects/build/encode/encode/tests/quicksort/quicksort.perf.plain --  --cso /dev/null
key=plain, no.=97, <stderr>:
LENGTH=8000
elapsed cycles: 131240910
hi(checksum)=0x781AD80CEF3651F1
lo(checksum)=0x8017B1F2CA2EF61B
key=plain, no.=97, <checksum>:
0x781AD80CEF3651F18017B1F2CA2EF61B
key=plain, no.=97, cso file:
/dev/null
----------------------------------------------
real command=cset shield -e /home/nrink/Projects/build/encode/encode/tests/quicksort/quicksort.perf.plain --  --cso /dev/null
key=plain, no.=98, <stderr>:
LENGTH=8000
elapsed cycles: 131010183
hi(checksum)=0x781AD80CEF3651F1
lo(checksum)=0x8017B1F2CA2EF61B
key=plain, no.=98, <checksum>:
0x781AD80CEF3651F18017B1F2CA2EF61B
key=plain, no.=98, cso file:
/dev/null
----------------------------------------------
real command=cset shield -e /home/nrink/Projects/build/encode/encode/tests/quicksort/quicksort.perf.plain --  --cso /dev/null
key=plain, no.=99, <stderr>:
LENGTH=8000
elapsed cycles: 131831112
hi(checksum)=0x781AD80CEF3651F1
lo(checksum)=0x8017B1F2CA2EF61B
key=plain, no.=99, <checksum>:
0x781AD80CEF3651F18017B1F2CA2EF61B
key=plain, no.=99, cso file:
/dev/null
----------------------------------------------
key=encoded, runs=100 ...
command=/home/nrink/Projects/build/encode/encode/tests/quicksort/quicksort.perf.encoded
----------------------------------------------
real command=cset shield -e /home/nrink/Projects/build/encode/encode/tests/quicksort/quicksort.perf.encoded --  --cso /dev/null
key=encoded, no.=0, <stderr>:
LENGTH=8000
elapsed cycles: 203879316
hi(checksum)=0x781AD80CEF3651F1
lo(checksum)=0x8017B1F2CA2EF61B
key=encoded, no.=0, <checksum>:
0x781AD80CEF3651F18017B1F2CA2EF61B
key=encoded, no.=0, cso file:
/dev/null
----------------------------------------------
real command=cset shield -e /home/nrink/Projects/build/encode/encode/tests/quicksort/quicksort.perf.encoded --  --cso /dev/null
key=encoded, no.=1, <stderr>:
LENGTH=8000
elapsed cycles: 203652342
hi(checksum)=0x781AD80CEF3651F1
lo(checksum)=0x8017B1F2CA2EF61B
key=encoded, no.=1, <checksum>:
0x781AD80CEF3651F18017B1F2CA2EF61B
key=encoded, no.=1, cso file:
/dev/null
----------------------------------------------
real command=cset shield -e /home/nrink/Projects/build/encode/encode/tests/quicksort/quicksort.perf.encoded --  --cso /dev/null
key=encoded, no.=2, <stderr>:
LENGTH=8000
elapsed cycles: 204354972
hi(checksum)=0x781AD80CEF3651F1
lo(checksum)=0x8017B1F2CA2EF61B
key=encoded, no.=2, <checksum>:
0x781AD80CEF3651F18017B1F2CA2EF61B
key=encoded, no.=2, cso file:
/dev/null
----------------------------------------------
real command=cset shield -e /home/nrink/Projects/build/encode/encode/tests/quicksort/quicksort.perf.encoded --  --cso /dev/null
key=encoded, no.=3, <stderr>:
LENGTH=8000
elapsed cycles: 203777739
hi(checksum)=0x781AD80CEF3651F1
lo(checksum)=0x8017B1F2CA2EF61B
key=encoded, no.=3, <checksum>:
0x781AD80CEF3651F18017B1F2CA2EF61B
key=encoded, no.=3, cso file:
/dev/null
----------------------------------------------
real command=cset shield -e /home/nrink/Projects/build/encode/encode/tests/quicksort/quicksort.perf.encoded --  --cso /dev/null
key=encoded, no.=4, <stderr>:
LENGTH=8000
elapsed cycles: 204302388
hi(checksum)=0x781AD80CEF3651F1
lo(checksum)=0x8017B1F2CA2EF61B
key=encoded, no.=4, <checksum>:
0x781AD80CEF3651F18017B1F2CA2EF61B
key=encoded, no.=4, cso file:
/dev/null
----------------------------------------------
real command=cset shield -e /home/nrink/Projects/build/encode/encode/tests/quicksort/quicksort.perf.encoded --  --cso /dev/null
key=encoded, no.=5, <stderr>:
LENGTH=8000
elapsed cycles: 203945046
hi(checksum)=0x781AD80CEF3651F1
lo(checksum)=0x8017B1F2CA2EF61B
key=encoded, no.=5, <checksum>:
0x781AD80CEF3651F18017B1F2CA2EF61B
key=encoded, no.=5, cso file:
/dev/null
----------------------------------------------
real command=cset shield -e /home/nrink/Projects/build/encode/encode/tests/quicksort/quicksort.perf.encoded --  --cso /dev/null
key=encoded, no.=6, <stderr>:
LENGTH=8000
elapsed cycles: 203569071
hi(checksum)=0x781AD80CEF3651F1
lo(checksum)=0x8017B1F2CA2EF61B
key=encoded, no.=6, <checksum>:
0x781AD80CEF3651F18017B1F2CA2EF61B
key=encoded, no.=6, cso file:
/dev/null
----------------------------------------------
real command=cset shield -e /home/nrink/Projects/build/encode/encode/tests/quicksort/quicksort.perf.encoded --  --cso /dev/null
key=encoded, no.=7, <stderr>:
LENGTH=8000
elapsed cycles: 203528940
hi(checksum)=0x781AD80CEF3651F1
lo(checksum)=0x8017B1F2CA2EF61B
key=encoded, no.=7, <checksum>:
0x781AD80CEF3651F18017B1F2CA2EF61B
key=encoded, no.=7, cso file:
/dev/null
----------------------------------------------
real command=cset shield -e /home/nrink/Projects/build/encode/encode/tests/quicksort/quicksort.perf.encoded --  --cso /dev/null
key=encoded, no.=8, <stderr>:
LENGTH=8000
elapsed cycles: 203665458
hi(checksum)=0x781AD80CEF3651F1
lo(checksum)=0x8017B1F2CA2EF61B
key=encoded, no.=8, <checksum>:
0x781AD80CEF3651F18017B1F2CA2EF61B
key=encoded, no.=8, cso file:
/dev/null
----------------------------------------------
real command=cset shield -e /home/nrink/Projects/build/encode/encode/tests/quicksort/quicksort.perf.encoded --  --cso /dev/null
key=encoded, no.=9, <stderr>:
LENGTH=8000
elapsed cycles: 203802351
hi(checksum)=0x781AD80CEF3651F1
lo(checksum)=0x8017B1F2CA2EF61B
key=encoded, no.=9, <checksum>:
0x781AD80CEF3651F18017B1F2CA2EF61B
key=encoded, no.=9, cso file:
/dev/null
----------------------------------------------
real command=cset shield -e /home/nrink/Projects/build/encode/encode/tests/quicksort/quicksort.perf.encoded --  --cso /dev/null
key=encoded, no.=10, <stderr>:
LENGTH=8000
elapsed cycles: 203382435
hi(checksum)=0x781AD80CEF3651F1
lo(checksum)=0x8017B1F2CA2EF61B
key=encoded, no.=10, <checksum>:
0x781AD80CEF3651F18017B1F2CA2EF61B
key=encoded, no.=10, cso file:
/dev/null
----------------------------------------------
real command=cset shield -e /home/nrink/Projects/build/encode/encode/tests/quicksort/quicksort.perf.encoded --  --cso /dev/null
key=encoded, no.=11, <stderr>:
LENGTH=8000
elapsed cycles: 203555622
hi(checksum)=0x781AD80CEF3651F1
lo(checksum)=0x8017B1F2CA2EF61B
key=encoded, no.=11, <checksum>:
0x781AD80CEF3651F18017B1F2CA2EF61B
key=encoded, no.=11, cso file:
/dev/null
----------------------------------------------
real command=cset shield -e /home/nrink/Projects/build/encode/encode/tests/quicksort/quicksort.perf.encoded --  --cso /dev/null
key=encoded, no.=12, <stderr>:
LENGTH=8000
elapsed cycles: 203682933
hi(checksum)=0x781AD80CEF3651F1
lo(checksum)=0x8017B1F2CA2EF61B
key=encoded, no.=12, <checksum>:
0x781AD80CEF3651F18017B1F2CA2EF61B
key=encoded, no.=12, cso file:
/dev/null
----------------------------------------------
real command=cset shield -e /home/nrink/Projects/build/encode/encode/tests/quicksort/quicksort.perf.encoded --  --cso /dev/null
key=encoded, no.=13, <stderr>:
LENGTH=8000
elapsed cycles: 203864985
hi(checksum)=0x781AD80CEF3651F1
lo(checksum)=0x8017B1F2CA2EF61B
key=encoded, no.=13, <checksum>:
0x781AD80CEF3651F18017B1F2CA2EF61B
key=encoded, no.=13, cso file:
/dev/null
----------------------------------------------
real command=cset shield -e /home/nrink/Projects/build/encode/encode/tests/quicksort/quicksort.perf.encoded --  --cso /dev/null
key=encoded, no.=14, <stderr>:
LENGTH=8000
elapsed cycles: 203566683
hi(checksum)=0x781AD80CEF3651F1
lo(checksum)=0x8017B1F2CA2EF61B
key=encoded, no.=14, <checksum>:
0x781AD80CEF3651F18017B1F2CA2EF61B
key=encoded, no.=14, cso file:
/dev/null
----------------------------------------------
real command=cset shield -e /home/nrink/Projects/build/encode/encode/tests/quicksort/quicksort.perf.encoded --  --cso /dev/null
key=encoded, no.=15, <stderr>:
LENGTH=8000
elapsed cycles: 203751816
hi(checksum)=0x781AD80CEF3651F1
lo(checksum)=0x8017B1F2CA2EF61B
key=encoded, no.=15, <checksum>:
0x781AD80CEF3651F18017B1F2CA2EF61B
key=encoded, no.=15, cso file:
/dev/null
----------------------------------------------
real command=cset shield -e /home/nrink/Projects/build/encode/encode/tests/quicksort/quicksort.perf.encoded --  --cso /dev/null
key=encoded, no.=16, <stderr>:
LENGTH=8000
elapsed cycles: 203782545
hi(checksum)=0x781AD80CEF3651F1
lo(checksum)=0x8017B1F2CA2EF61B
key=encoded, no.=16, <checksum>:
0x781AD80CEF3651F18017B1F2CA2EF61B
key=encoded, no.=16, cso file:
/dev/null
----------------------------------------------
real command=cset shield -e /home/nrink/Projects/build/encode/encode/tests/quicksort/quicksort.perf.encoded --  --cso /dev/null
key=encoded, no.=17, <stderr>:
LENGTH=8000
elapsed cycles: 203764416
hi(checksum)=0x781AD80CEF3651F1
lo(checksum)=0x8017B1F2CA2EF61B
key=encoded, no.=17, <checksum>:
0x781AD80CEF3651F18017B1F2CA2EF61B
key=encoded, no.=17, cso file:
/dev/null
----------------------------------------------
real command=cset shield -e /home/nrink/Projects/build/encode/encode/tests/quicksort/quicksort.perf.encoded --  --cso /dev/null
key=encoded, no.=18, <stderr>:
LENGTH=8000
elapsed cycles: 203837253
hi(checksum)=0x781AD80CEF3651F1
lo(checksum)=0x8017B1F2CA2EF61B
key=encoded, no.=18, <checksum>:
0x781AD80CEF3651F18017B1F2CA2EF61B
key=encoded, no.=18, cso file:
/dev/null
----------------------------------------------
real command=cset shield -e /home/nrink/Projects/build/encode/encode/tests/quicksort/quicksort.perf.encoded --  --cso /dev/null
key=encoded, no.=19, <stderr>:
LENGTH=8000
elapsed cycles: 203546868
hi(checksum)=0x781AD80CEF3651F1
lo(checksum)=0x8017B1F2CA2EF61B
key=encoded, no.=19, <checksum>:
0x781AD80CEF3651F18017B1F2CA2EF61B
key=encoded, no.=19, cso file:
/dev/null
----------------------------------------------
real command=cset shield -e /home/nrink/Projects/build/encode/encode/tests/quicksort/quicksort.perf.encoded --  --cso /dev/null
key=encoded, no.=20, <stderr>:
LENGTH=8000
elapsed cycles: 203843115
hi(checksum)=0x781AD80CEF3651F1
lo(checksum)=0x8017B1F2CA2EF61B
key=encoded, no.=20, <checksum>:
0x781AD80CEF3651F18017B1F2CA2EF61B
key=encoded, no.=20, cso file:
/dev/null
----------------------------------------------
real command=cset shield -e /home/nrink/Projects/build/encode/encode/tests/quicksort/quicksort.perf.encoded --  --cso /dev/null
key=encoded, no.=21, <stderr>:
LENGTH=8000
elapsed cycles: 203467098
hi(checksum)=0x781AD80CEF3651F1
lo(checksum)=0x8017B1F2CA2EF61B
key=encoded, no.=21, <checksum>:
0x781AD80CEF3651F18017B1F2CA2EF61B
key=encoded, no.=21, cso file:
/dev/null
----------------------------------------------
real command=cset shield -e /home/nrink/Projects/build/encode/encode/tests/quicksort/quicksort.perf.encoded --  --cso /dev/null
key=encoded, no.=22, <stderr>:
LENGTH=8000
elapsed cycles: 203828442
hi(checksum)=0x781AD80CEF3651F1
lo(checksum)=0x8017B1F2CA2EF61B
key=encoded, no.=22, <checksum>:
0x781AD80CEF3651F18017B1F2CA2EF61B
key=encoded, no.=22, cso file:
/dev/null
----------------------------------------------
real command=cset shield -e /home/nrink/Projects/build/encode/encode/tests/quicksort/quicksort.perf.encoded --  --cso /dev/null
key=encoded, no.=23, <stderr>:
LENGTH=8000
elapsed cycles: 203710359
hi(checksum)=0x781AD80CEF3651F1
lo(checksum)=0x8017B1F2CA2EF61B
key=encoded, no.=23, <checksum>:
0x781AD80CEF3651F18017B1F2CA2EF61B
key=encoded, no.=23, cso file:
/dev/null
----------------------------------------------
real command=cset shield -e /home/nrink/Projects/build/encode/encode/tests/quicksort/quicksort.perf.encoded --  --cso /dev/null
key=encoded, no.=24, <stderr>:
LENGTH=8000
elapsed cycles: 203662707
hi(checksum)=0x781AD80CEF3651F1
lo(checksum)=0x8017B1F2CA2EF61B
key=encoded, no.=24, <checksum>:
0x781AD80CEF3651F18017B1F2CA2EF61B
key=encoded, no.=24, cso file:
/dev/null
----------------------------------------------
real command=cset shield -e /home/nrink/Projects/build/encode/encode/tests/quicksort/quicksort.perf.encoded --  --cso /dev/null
key=encoded, no.=25, <stderr>:
LENGTH=8000
elapsed cycles: 203668392
hi(checksum)=0x781AD80CEF3651F1
lo(checksum)=0x8017B1F2CA2EF61B
key=encoded, no.=25, <checksum>:
0x781AD80CEF3651F18017B1F2CA2EF61B
key=encoded, no.=25, cso file:
/dev/null
----------------------------------------------
real command=cset shield -e /home/nrink/Projects/build/encode/encode/tests/quicksort/quicksort.perf.encoded --  --cso /dev/null
key=encoded, no.=26, <stderr>:
LENGTH=8000
elapsed cycles: 206809896
hi(checksum)=0x781AD80CEF3651F1
lo(checksum)=0x8017B1F2CA2EF61B
key=encoded, no.=26, <checksum>:
0x781AD80CEF3651F18017B1F2CA2EF61B
key=encoded, no.=26, cso file:
/dev/null
----------------------------------------------
real command=cset shield -e /home/nrink/Projects/build/encode/encode/tests/quicksort/quicksort.perf.encoded --  --cso /dev/null
key=encoded, no.=27, <stderr>:
LENGTH=8000
elapsed cycles: 203624808
hi(checksum)=0x781AD80CEF3651F1
lo(checksum)=0x8017B1F2CA2EF61B
key=encoded, no.=27, <checksum>:
0x781AD80CEF3651F18017B1F2CA2EF61B
key=encoded, no.=27, cso file:
/dev/null
----------------------------------------------
real command=cset shield -e /home/nrink/Projects/build/encode/encode/tests/quicksort/quicksort.perf.encoded --  --cso /dev/null
key=encoded, no.=28, <stderr>:
LENGTH=8000
elapsed cycles: 203731602
hi(checksum)=0x781AD80CEF3651F1
lo(checksum)=0x8017B1F2CA2EF61B
key=encoded, no.=28, <checksum>:
0x781AD80CEF3651F18017B1F2CA2EF61B
key=encoded, no.=28, cso file:
/dev/null
----------------------------------------------
real command=cset shield -e /home/nrink/Projects/build/encode/encode/tests/quicksort/quicksort.perf.encoded --  --cso /dev/null
key=encoded, no.=29, <stderr>:
LENGTH=8000
elapsed cycles: 206065065
hi(checksum)=0x781AD80CEF3651F1
lo(checksum)=0x8017B1F2CA2EF61B
key=encoded, no.=29, <checksum>:
0x781AD80CEF3651F18017B1F2CA2EF61B
key=encoded, no.=29, cso file:
/dev/null
----------------------------------------------
real command=cset shield -e /home/nrink/Projects/build/encode/encode/tests/quicksort/quicksort.perf.encoded --  --cso /dev/null
key=encoded, no.=30, <stderr>:
LENGTH=8000
elapsed cycles: 203382498
hi(checksum)=0x781AD80CEF3651F1
lo(checksum)=0x8017B1F2CA2EF61B
key=encoded, no.=30, <checksum>:
0x781AD80CEF3651F18017B1F2CA2EF61B
key=encoded, no.=30, cso file:
/dev/null
----------------------------------------------
real command=cset shield -e /home/nrink/Projects/build/encode/encode/tests/quicksort/quicksort.perf.encoded --  --cso /dev/null
key=encoded, no.=31, <stderr>:
LENGTH=8000
elapsed cycles: 203630004
hi(checksum)=0x781AD80CEF3651F1
lo(checksum)=0x8017B1F2CA2EF61B
key=encoded, no.=31, <checksum>:
0x781AD80CEF3651F18017B1F2CA2EF61B
key=encoded, no.=31, cso file:
/dev/null
----------------------------------------------
real command=cset shield -e /home/nrink/Projects/build/encode/encode/tests/quicksort/quicksort.perf.encoded --  --cso /dev/null
key=encoded, no.=32, <stderr>:
LENGTH=8000
elapsed cycles: 203909520
hi(checksum)=0x781AD80CEF3651F1
lo(checksum)=0x8017B1F2CA2EF61B
key=encoded, no.=32, <checksum>:
0x781AD80CEF3651F18017B1F2CA2EF61B
key=encoded, no.=32, cso file:
/dev/null
----------------------------------------------
real command=cset shield -e /home/nrink/Projects/build/encode/encode/tests/quicksort/quicksort.perf.encoded --  --cso /dev/null
key=encoded, no.=33, <stderr>:
LENGTH=8000
elapsed cycles: 203591907
hi(checksum)=0x781AD80CEF3651F1
lo(checksum)=0x8017B1F2CA2EF61B
key=encoded, no.=33, <checksum>:
0x781AD80CEF3651F18017B1F2CA2EF61B
key=encoded, no.=33, cso file:
/dev/null
----------------------------------------------
real command=cset shield -e /home/nrink/Projects/build/encode/encode/tests/quicksort/quicksort.perf.encoded --  --cso /dev/null
key=encoded, no.=34, <stderr>:
LENGTH=8000
elapsed cycles: 204353787
hi(checksum)=0x781AD80CEF3651F1
lo(checksum)=0x8017B1F2CA2EF61B
key=encoded, no.=34, <checksum>:
0x781AD80CEF3651F18017B1F2CA2EF61B
key=encoded, no.=34, cso file:
/dev/null
----------------------------------------------
real command=cset shield -e /home/nrink/Projects/build/encode/encode/tests/quicksort/quicksort.perf.encoded --  --cso /dev/null
key=encoded, no.=35, <stderr>:
LENGTH=8000
elapsed cycles: 203484603
hi(checksum)=0x781AD80CEF3651F1
lo(checksum)=0x8017B1F2CA2EF61B
key=encoded, no.=35, <checksum>:
0x781AD80CEF3651F18017B1F2CA2EF61B
key=encoded, no.=35, cso file:
/dev/null
----------------------------------------------
real command=cset shield -e /home/nrink/Projects/build/encode/encode/tests/quicksort/quicksort.perf.encoded --  --cso /dev/null
key=encoded, no.=36, <stderr>:
LENGTH=8000
elapsed cycles: 203887197
hi(checksum)=0x781AD80CEF3651F1
lo(checksum)=0x8017B1F2CA2EF61B
key=encoded, no.=36, <checksum>:
0x781AD80CEF3651F18017B1F2CA2EF61B
key=encoded, no.=36, cso file:
/dev/null
----------------------------------------------
real command=cset shield -e /home/nrink/Projects/build/encode/encode/tests/quicksort/quicksort.perf.encoded --  --cso /dev/null
key=encoded, no.=37, <stderr>:
LENGTH=8000
elapsed cycles: 203652138
hi(checksum)=0x781AD80CEF3651F1
lo(checksum)=0x8017B1F2CA2EF61B
key=encoded, no.=37, <checksum>:
0x781AD80CEF3651F18017B1F2CA2EF61B
key=encoded, no.=37, cso file:
/dev/null
----------------------------------------------
real command=cset shield -e /home/nrink/Projects/build/encode/encode/tests/quicksort/quicksort.perf.encoded --  --cso /dev/null
key=encoded, no.=38, <stderr>:
LENGTH=8000
elapsed cycles: 203722707
hi(checksum)=0x781AD80CEF3651F1
lo(checksum)=0x8017B1F2CA2EF61B
key=encoded, no.=38, <checksum>:
0x781AD80CEF3651F18017B1F2CA2EF61B
key=encoded, no.=38, cso file:
/dev/null
----------------------------------------------
real command=cset shield -e /home/nrink/Projects/build/encode/encode/tests/quicksort/quicksort.perf.encoded --  --cso /dev/null
key=encoded, no.=39, <stderr>:
LENGTH=8000
elapsed cycles: 203729199
hi(checksum)=0x781AD80CEF3651F1
lo(checksum)=0x8017B1F2CA2EF61B
key=encoded, no.=39, <checksum>:
0x781AD80CEF3651F18017B1F2CA2EF61B
key=encoded, no.=39, cso file:
/dev/null
----------------------------------------------
real command=cset shield -e /home/nrink/Projects/build/encode/encode/tests/quicksort/quicksort.perf.encoded --  --cso /dev/null
key=encoded, no.=40, <stderr>:
LENGTH=8000
elapsed cycles: 204056028
hi(checksum)=0x781AD80CEF3651F1
lo(checksum)=0x8017B1F2CA2EF61B
key=encoded, no.=40, <checksum>:
0x781AD80CEF3651F18017B1F2CA2EF61B
key=encoded, no.=40, cso file:
/dev/null
----------------------------------------------
real command=cset shield -e /home/nrink/Projects/build/encode/encode/tests/quicksort/quicksort.perf.encoded --  --cso /dev/null
key=encoded, no.=41, <stderr>:
LENGTH=8000
elapsed cycles: 203840247
hi(checksum)=0x781AD80CEF3651F1
lo(checksum)=0x8017B1F2CA2EF61B
key=encoded, no.=41, <checksum>:
0x781AD80CEF3651F18017B1F2CA2EF61B
key=encoded, no.=41, cso file:
/dev/null
----------------------------------------------
real command=cset shield -e /home/nrink/Projects/build/encode/encode/tests/quicksort/quicksort.perf.encoded --  --cso /dev/null
key=encoded, no.=42, <stderr>:
LENGTH=8000
elapsed cycles: 204242124
hi(checksum)=0x781AD80CEF3651F1
lo(checksum)=0x8017B1F2CA2EF61B
key=encoded, no.=42, <checksum>:
0x781AD80CEF3651F18017B1F2CA2EF61B
key=encoded, no.=42, cso file:
/dev/null
----------------------------------------------
real command=cset shield -e /home/nrink/Projects/build/encode/encode/tests/quicksort/quicksort.perf.encoded --  --cso /dev/null
key=encoded, no.=43, <stderr>:
LENGTH=8000
elapsed cycles: 203849220
hi(checksum)=0x781AD80CEF3651F1
lo(checksum)=0x8017B1F2CA2EF61B
key=encoded, no.=43, <checksum>:
0x781AD80CEF3651F18017B1F2CA2EF61B
key=encoded, no.=43, cso file:
/dev/null
----------------------------------------------
real command=cset shield -e /home/nrink/Projects/build/encode/encode/tests/quicksort/quicksort.perf.encoded --  --cso /dev/null
key=encoded, no.=44, <stderr>:
LENGTH=8000
elapsed cycles: 203694213
hi(checksum)=0x781AD80CEF3651F1
lo(checksum)=0x8017B1F2CA2EF61B
key=encoded, no.=44, <checksum>:
0x781AD80CEF3651F18017B1F2CA2EF61B
key=encoded, no.=44, cso file:
/dev/null
----------------------------------------------
real command=cset shield -e /home/nrink/Projects/build/encode/encode/tests/quicksort/quicksort.perf.encoded --  --cso /dev/null
key=encoded, no.=45, <stderr>:
LENGTH=8000
elapsed cycles: 203881299
hi(checksum)=0x781AD80CEF3651F1
lo(checksum)=0x8017B1F2CA2EF61B
key=encoded, no.=45, <checksum>:
0x781AD80CEF3651F18017B1F2CA2EF61B
key=encoded, no.=45, cso file:
/dev/null
----------------------------------------------
real command=cset shield -e /home/nrink/Projects/build/encode/encode/tests/quicksort/quicksort.perf.encoded --  --cso /dev/null
key=encoded, no.=46, <stderr>:
LENGTH=8000
elapsed cycles: 204208746
hi(checksum)=0x781AD80CEF3651F1
lo(checksum)=0x8017B1F2CA2EF61B
key=encoded, no.=46, <checksum>:
0x781AD80CEF3651F18017B1F2CA2EF61B
key=encoded, no.=46, cso file:
/dev/null
----------------------------------------------
real command=cset shield -e /home/nrink/Projects/build/encode/encode/tests/quicksort/quicksort.perf.encoded --  --cso /dev/null
key=encoded, no.=47, <stderr>:
LENGTH=8000
elapsed cycles: 203627310
hi(checksum)=0x781AD80CEF3651F1
lo(checksum)=0x8017B1F2CA2EF61B
key=encoded, no.=47, <checksum>:
0x781AD80CEF3651F18017B1F2CA2EF61B
key=encoded, no.=47, cso file:
/dev/null
----------------------------------------------
real command=cset shield -e /home/nrink/Projects/build/encode/encode/tests/quicksort/quicksort.perf.encoded --  --cso /dev/null
key=encoded, no.=48, <stderr>:
LENGTH=8000
elapsed cycles: 204282855
hi(checksum)=0x781AD80CEF3651F1
lo(checksum)=0x8017B1F2CA2EF61B
key=encoded, no.=48, <checksum>:
0x781AD80CEF3651F18017B1F2CA2EF61B
key=encoded, no.=48, cso file:
/dev/null
----------------------------------------------
real command=cset shield -e /home/nrink/Projects/build/encode/encode/tests/quicksort/quicksort.perf.encoded --  --cso /dev/null
key=encoded, no.=49, <stderr>:
LENGTH=8000
elapsed cycles: 203431458
hi(checksum)=0x781AD80CEF3651F1
lo(checksum)=0x8017B1F2CA2EF61B
key=encoded, no.=49, <checksum>:
0x781AD80CEF3651F18017B1F2CA2EF61B
key=encoded, no.=49, cso file:
/dev/null
----------------------------------------------
real command=cset shield -e /home/nrink/Projects/build/encode/encode/tests/quicksort/quicksort.perf.encoded --  --cso /dev/null
key=encoded, no.=50, <stderr>:
LENGTH=8000
elapsed cycles: 203746374
hi(checksum)=0x781AD80CEF3651F1
lo(checksum)=0x8017B1F2CA2EF61B
key=encoded, no.=50, <checksum>:
0x781AD80CEF3651F18017B1F2CA2EF61B
key=encoded, no.=50, cso file:
/dev/null
----------------------------------------------
real command=cset shield -e /home/nrink/Projects/build/encode/encode/tests/quicksort/quicksort.perf.encoded --  --cso /dev/null
key=encoded, no.=51, <stderr>:
LENGTH=8000
elapsed cycles: 203359218
hi(checksum)=0x781AD80CEF3651F1
lo(checksum)=0x8017B1F2CA2EF61B
key=encoded, no.=51, <checksum>:
0x781AD80CEF3651F18017B1F2CA2EF61B
key=encoded, no.=51, cso file:
/dev/null
----------------------------------------------
real command=cset shield -e /home/nrink/Projects/build/encode/encode/tests/quicksort/quicksort.perf.encoded --  --cso /dev/null
key=encoded, no.=52, <stderr>:
LENGTH=8000
elapsed cycles: 203566644
hi(checksum)=0x781AD80CEF3651F1
lo(checksum)=0x8017B1F2CA2EF61B
key=encoded, no.=52, <checksum>:
0x781AD80CEF3651F18017B1F2CA2EF61B
key=encoded, no.=52, cso file:
/dev/null
----------------------------------------------
real command=cset shield -e /home/nrink/Projects/build/encode/encode/tests/quicksort/quicksort.perf.encoded --  --cso /dev/null
key=encoded, no.=53, <stderr>:
LENGTH=8000
elapsed cycles: 203765976
hi(checksum)=0x781AD80CEF3651F1
lo(checksum)=0x8017B1F2CA2EF61B
key=encoded, no.=53, <checksum>:
0x781AD80CEF3651F18017B1F2CA2EF61B
key=encoded, no.=53, cso file:
/dev/null
----------------------------------------------
real command=cset shield -e /home/nrink/Projects/build/encode/encode/tests/quicksort/quicksort.perf.encoded --  --cso /dev/null
key=encoded, no.=54, <stderr>:
LENGTH=8000
elapsed cycles: 203566035
hi(checksum)=0x781AD80CEF3651F1
lo(checksum)=0x8017B1F2CA2EF61B
key=encoded, no.=54, <checksum>:
0x781AD80CEF3651F18017B1F2CA2EF61B
key=encoded, no.=54, cso file:
/dev/null
----------------------------------------------
real command=cset shield -e /home/nrink/Projects/build/encode/encode/tests/quicksort/quicksort.perf.encoded --  --cso /dev/null
key=encoded, no.=55, <stderr>:
LENGTH=8000
elapsed cycles: 203809860
hi(checksum)=0x781AD80CEF3651F1
lo(checksum)=0x8017B1F2CA2EF61B
key=encoded, no.=55, <checksum>:
0x781AD80CEF3651F18017B1F2CA2EF61B
key=encoded, no.=55, cso file:
/dev/null
----------------------------------------------
real command=cset shield -e /home/nrink/Projects/build/encode/encode/tests/quicksort/quicksort.perf.encoded --  --cso /dev/null
key=encoded, no.=56, <stderr>:
LENGTH=8000
elapsed cycles: 203653689
hi(checksum)=0x781AD80CEF3651F1
lo(checksum)=0x8017B1F2CA2EF61B
key=encoded, no.=56, <checksum>:
0x781AD80CEF3651F18017B1F2CA2EF61B
key=encoded, no.=56, cso file:
/dev/null
----------------------------------------------
real command=cset shield -e /home/nrink/Projects/build/encode/encode/tests/quicksort/quicksort.perf.encoded --  --cso /dev/null
key=encoded, no.=57, <stderr>:
LENGTH=8000
elapsed cycles: 203356401
hi(checksum)=0x781AD80CEF3651F1
lo(checksum)=0x8017B1F2CA2EF61B
key=encoded, no.=57, <checksum>:
0x781AD80CEF3651F18017B1F2CA2EF61B
key=encoded, no.=57, cso file:
/dev/null
----------------------------------------------
real command=cset shield -e /home/nrink/Projects/build/encode/encode/tests/quicksort/quicksort.perf.encoded --  --cso /dev/null
key=encoded, no.=58, <stderr>:
LENGTH=8000
elapsed cycles: 203646207
hi(checksum)=0x781AD80CEF3651F1
lo(checksum)=0x8017B1F2CA2EF61B
key=encoded, no.=58, <checksum>:
0x781AD80CEF3651F18017B1F2CA2EF61B
key=encoded, no.=58, cso file:
/dev/null
----------------------------------------------
real command=cset shield -e /home/nrink/Projects/build/encode/encode/tests/quicksort/quicksort.perf.encoded --  --cso /dev/null
key=encoded, no.=59, <stderr>:
LENGTH=8000
elapsed cycles: 204306663
hi(checksum)=0x781AD80CEF3651F1
lo(checksum)=0x8017B1F2CA2EF61B
key=encoded, no.=59, <checksum>:
0x781AD80CEF3651F18017B1F2CA2EF61B
key=encoded, no.=59, cso file:
/dev/null
----------------------------------------------
real command=cset shield -e /home/nrink/Projects/build/encode/encode/tests/quicksort/quicksort.perf.encoded --  --cso /dev/null
key=encoded, no.=60, <stderr>:
LENGTH=8000
elapsed cycles: 204149754
hi(checksum)=0x781AD80CEF3651F1
lo(checksum)=0x8017B1F2CA2EF61B
key=encoded, no.=60, <checksum>:
0x781AD80CEF3651F18017B1F2CA2EF61B
key=encoded, no.=60, cso file:
/dev/null
----------------------------------------------
real command=cset shield -e /home/nrink/Projects/build/encode/encode/tests/quicksort/quicksort.perf.encoded --  --cso /dev/null
key=encoded, no.=61, <stderr>:
LENGTH=8000
elapsed cycles: 204435327
hi(checksum)=0x781AD80CEF3651F1
lo(checksum)=0x8017B1F2CA2EF61B
key=encoded, no.=61, <checksum>:
0x781AD80CEF3651F18017B1F2CA2EF61B
key=encoded, no.=61, cso file:
/dev/null
----------------------------------------------
real command=cset shield -e /home/nrink/Projects/build/encode/encode/tests/quicksort/quicksort.perf.encoded --  --cso /dev/null
key=encoded, no.=62, <stderr>:
LENGTH=8000
elapsed cycles: 203387250
hi(checksum)=0x781AD80CEF3651F1
lo(checksum)=0x8017B1F2CA2EF61B
key=encoded, no.=62, <checksum>:
0x781AD80CEF3651F18017B1F2CA2EF61B
key=encoded, no.=62, cso file:
/dev/null
----------------------------------------------
real command=cset shield -e /home/nrink/Projects/build/encode/encode/tests/quicksort/quicksort.perf.encoded --  --cso /dev/null
key=encoded, no.=63, <stderr>:
LENGTH=8000
elapsed cycles: 206786073
hi(checksum)=0x781AD80CEF3651F1
lo(checksum)=0x8017B1F2CA2EF61B
key=encoded, no.=63, <checksum>:
0x781AD80CEF3651F18017B1F2CA2EF61B
key=encoded, no.=63, cso file:
/dev/null
----------------------------------------------
real command=cset shield -e /home/nrink/Projects/build/encode/encode/tests/quicksort/quicksort.perf.encoded --  --cso /dev/null
key=encoded, no.=64, <stderr>:
LENGTH=8000
elapsed cycles: 203894637
hi(checksum)=0x781AD80CEF3651F1
lo(checksum)=0x8017B1F2CA2EF61B
key=encoded, no.=64, <checksum>:
0x781AD80CEF3651F18017B1F2CA2EF61B
key=encoded, no.=64, cso file:
/dev/null
----------------------------------------------
real command=cset shield -e /home/nrink/Projects/build/encode/encode/tests/quicksort/quicksort.perf.encoded --  --cso /dev/null
key=encoded, no.=65, <stderr>:
LENGTH=8000
elapsed cycles: 203702472
hi(checksum)=0x781AD80CEF3651F1
lo(checksum)=0x8017B1F2CA2EF61B
key=encoded, no.=65, <checksum>:
0x781AD80CEF3651F18017B1F2CA2EF61B
key=encoded, no.=65, cso file:
/dev/null
----------------------------------------------
real command=cset shield -e /home/nrink/Projects/build/encode/encode/tests/quicksort/quicksort.perf.encoded --  --cso /dev/null
key=encoded, no.=66, <stderr>:
LENGTH=8000
elapsed cycles: 204223470
hi(checksum)=0x781AD80CEF3651F1
lo(checksum)=0x8017B1F2CA2EF61B
key=encoded, no.=66, <checksum>:
0x781AD80CEF3651F18017B1F2CA2EF61B
key=encoded, no.=66, cso file:
/dev/null
----------------------------------------------
real command=cset shield -e /home/nrink/Projects/build/encode/encode/tests/quicksort/quicksort.perf.encoded --  --cso /dev/null
key=encoded, no.=67, <stderr>:
LENGTH=8000
elapsed cycles: 204267561
hi(checksum)=0x781AD80CEF3651F1
lo(checksum)=0x8017B1F2CA2EF61B
key=encoded, no.=67, <checksum>:
0x781AD80CEF3651F18017B1F2CA2EF61B
key=encoded, no.=67, cso file:
/dev/null
----------------------------------------------
real command=cset shield -e /home/nrink/Projects/build/encode/encode/tests/quicksort/quicksort.perf.encoded --  --cso /dev/null
key=encoded, no.=68, <stderr>:
LENGTH=8000
elapsed cycles: 203878053
hi(checksum)=0x781AD80CEF3651F1
lo(checksum)=0x8017B1F2CA2EF61B
key=encoded, no.=68, <checksum>:
0x781AD80CEF3651F18017B1F2CA2EF61B
key=encoded, no.=68, cso file:
/dev/null
----------------------------------------------
real command=cset shield -e /home/nrink/Projects/build/encode/encode/tests/quicksort/quicksort.perf.encoded --  --cso /dev/null
key=encoded, no.=69, <stderr>:
LENGTH=8000
elapsed cycles: 203891625
hi(checksum)=0x781AD80CEF3651F1
lo(checksum)=0x8017B1F2CA2EF61B
key=encoded, no.=69, <checksum>:
0x781AD80CEF3651F18017B1F2CA2EF61B
key=encoded, no.=69, cso file:
/dev/null
----------------------------------------------
real command=cset shield -e /home/nrink/Projects/build/encode/encode/tests/quicksort/quicksort.perf.encoded --  --cso /dev/null
key=encoded, no.=70, <stderr>:
LENGTH=8000
elapsed cycles: 204366132
hi(checksum)=0x781AD80CEF3651F1
lo(checksum)=0x8017B1F2CA2EF61B
key=encoded, no.=70, <checksum>:
0x781AD80CEF3651F18017B1F2CA2EF61B
key=encoded, no.=70, cso file:
/dev/null
----------------------------------------------
real command=cset shield -e /home/nrink/Projects/build/encode/encode/tests/quicksort/quicksort.perf.encoded --  --cso /dev/null
key=encoded, no.=71, <stderr>:
LENGTH=8000
elapsed cycles: 204063711
hi(checksum)=0x781AD80CEF3651F1
lo(checksum)=0x8017B1F2CA2EF61B
key=encoded, no.=71, <checksum>:
0x781AD80CEF3651F18017B1F2CA2EF61B
key=encoded, no.=71, cso file:
/dev/null
----------------------------------------------
real command=cset shield -e /home/nrink/Projects/build/encode/encode/tests/quicksort/quicksort.perf.encoded --  --cso /dev/null
key=encoded, no.=72, <stderr>:
LENGTH=8000
elapsed cycles: 204303432
hi(checksum)=0x781AD80CEF3651F1
lo(checksum)=0x8017B1F2CA2EF61B
key=encoded, no.=72, <checksum>:
0x781AD80CEF3651F18017B1F2CA2EF61B
key=encoded, no.=72, cso file:
/dev/null
----------------------------------------------
real command=cset shield -e /home/nrink/Projects/build/encode/encode/tests/quicksort/quicksort.perf.encoded --  --cso /dev/null
key=encoded, no.=73, <stderr>:
LENGTH=8000
elapsed cycles: 203592393
hi(checksum)=0x781AD80CEF3651F1
lo(checksum)=0x8017B1F2CA2EF61B
key=encoded, no.=73, <checksum>:
0x781AD80CEF3651F18017B1F2CA2EF61B
key=encoded, no.=73, cso file:
/dev/null
----------------------------------------------
real command=cset shield -e /home/nrink/Projects/build/encode/encode/tests/quicksort/quicksort.perf.encoded --  --cso /dev/null
key=encoded, no.=74, <stderr>:
LENGTH=8000
elapsed cycles: 204155706
hi(checksum)=0x781AD80CEF3651F1
lo(checksum)=0x8017B1F2CA2EF61B
key=encoded, no.=74, <checksum>:
0x781AD80CEF3651F18017B1F2CA2EF61B
key=encoded, no.=74, cso file:
/dev/null
----------------------------------------------
real command=cset shield -e /home/nrink/Projects/build/encode/encode/tests/quicksort/quicksort.perf.encoded --  --cso /dev/null
key=encoded, no.=75, <stderr>:
LENGTH=8000
elapsed cycles: 204256509
hi(checksum)=0x781AD80CEF3651F1
lo(checksum)=0x8017B1F2CA2EF61B
key=encoded, no.=75, <checksum>:
0x781AD80CEF3651F18017B1F2CA2EF61B
key=encoded, no.=75, cso file:
/dev/null
----------------------------------------------
real command=cset shield -e /home/nrink/Projects/build/encode/encode/tests/quicksort/quicksort.perf.encoded --  --cso /dev/null
key=encoded, no.=76, <stderr>:
LENGTH=8000
elapsed cycles: 204380406
hi(checksum)=0x781AD80CEF3651F1
lo(checksum)=0x8017B1F2CA2EF61B
key=encoded, no.=76, <checksum>:
0x781AD80CEF3651F18017B1F2CA2EF61B
key=encoded, no.=76, cso file:
/dev/null
----------------------------------------------
real command=cset shield -e /home/nrink/Projects/build/encode/encode/tests/quicksort/quicksort.perf.encoded --  --cso /dev/null
key=encoded, no.=77, <stderr>:
LENGTH=8000
elapsed cycles: 204201981
hi(checksum)=0x781AD80CEF3651F1
lo(checksum)=0x8017B1F2CA2EF61B
key=encoded, no.=77, <checksum>:
0x781AD80CEF3651F18017B1F2CA2EF61B
key=encoded, no.=77, cso file:
/dev/null
----------------------------------------------
real command=cset shield -e /home/nrink/Projects/build/encode/encode/tests/quicksort/quicksort.perf.encoded --  --cso /dev/null
key=encoded, no.=78, <stderr>:
LENGTH=8000
elapsed cycles: 204334806
hi(checksum)=0x781AD80CEF3651F1
lo(checksum)=0x8017B1F2CA2EF61B
key=encoded, no.=78, <checksum>:
0x781AD80CEF3651F18017B1F2CA2EF61B
key=encoded, no.=78, cso file:
/dev/null
----------------------------------------------
real command=cset shield -e /home/nrink/Projects/build/encode/encode/tests/quicksort/quicksort.perf.encoded --  --cso /dev/null
key=encoded, no.=79, <stderr>:
LENGTH=8000
elapsed cycles: 204069540
hi(checksum)=0x781AD80CEF3651F1
lo(checksum)=0x8017B1F2CA2EF61B
key=encoded, no.=79, <checksum>:
0x781AD80CEF3651F18017B1F2CA2EF61B
key=encoded, no.=79, cso file:
/dev/null
----------------------------------------------
real command=cset shield -e /home/nrink/Projects/build/encode/encode/tests/quicksort/quicksort.perf.encoded --  --cso /dev/null
key=encoded, no.=80, <stderr>:
LENGTH=8000
elapsed cycles: 204256062
hi(checksum)=0x781AD80CEF3651F1
lo(checksum)=0x8017B1F2CA2EF61B
key=encoded, no.=80, <checksum>:
0x781AD80CEF3651F18017B1F2CA2EF61B
key=encoded, no.=80, cso file:
/dev/null
----------------------------------------------
real command=cset shield -e /home/nrink/Projects/build/encode/encode/tests/quicksort/quicksort.perf.encoded --  --cso /dev/null
key=encoded, no.=81, <stderr>:
LENGTH=8000
elapsed cycles: 204298479
hi(checksum)=0x781AD80CEF3651F1
lo(checksum)=0x8017B1F2CA2EF61B
key=encoded, no.=81, <checksum>:
0x781AD80CEF3651F18017B1F2CA2EF61B
key=encoded, no.=81, cso file:
/dev/null
----------------------------------------------
real command=cset shield -e /home/nrink/Projects/build/encode/encode/tests/quicksort/quicksort.perf.encoded --  --cso /dev/null
key=encoded, no.=82, <stderr>:
LENGTH=8000
elapsed cycles: 203976846
hi(checksum)=0x781AD80CEF3651F1
lo(checksum)=0x8017B1F2CA2EF61B
key=encoded, no.=82, <checksum>:
0x781AD80CEF3651F18017B1F2CA2EF61B
key=encoded, no.=82, cso file:
/dev/null
----------------------------------------------
real command=cset shield -e /home/nrink/Projects/build/encode/encode/tests/quicksort/quicksort.perf.encoded --  --cso /dev/null
key=encoded, no.=83, <stderr>:
LENGTH=8000
elapsed cycles: 204223110
hi(checksum)=0x781AD80CEF3651F1
lo(checksum)=0x8017B1F2CA2EF61B
key=encoded, no.=83, <checksum>:
0x781AD80CEF3651F18017B1F2CA2EF61B
key=encoded, no.=83, cso file:
/dev/null
----------------------------------------------
real command=cset shield -e /home/nrink/Projects/build/encode/encode/tests/quicksort/quicksort.perf.encoded --  --cso /dev/null
key=encoded, no.=84, <stderr>:
LENGTH=8000
elapsed cycles: 204227829
hi(checksum)=0x781AD80CEF3651F1
lo(checksum)=0x8017B1F2CA2EF61B
key=encoded, no.=84, <checksum>:
0x781AD80CEF3651F18017B1F2CA2EF61B
key=encoded, no.=84, cso file:
/dev/null
----------------------------------------------
real command=cset shield -e /home/nrink/Projects/build/encode/encode/tests/quicksort/quicksort.perf.encoded --  --cso /dev/null
key=encoded, no.=85, <stderr>:
LENGTH=8000
elapsed cycles: 204415005
hi(checksum)=0x781AD80CEF3651F1
lo(checksum)=0x8017B1F2CA2EF61B
key=encoded, no.=85, <checksum>:
0x781AD80CEF3651F18017B1F2CA2EF61B
key=encoded, no.=85, cso file:
/dev/null
----------------------------------------------
real command=cset shield -e /home/nrink/Projects/build/encode/encode/tests/quicksort/quicksort.perf.encoded --  --cso /dev/null
key=encoded, no.=86, <stderr>:
LENGTH=8000
elapsed cycles: 203771766
hi(checksum)=0x781AD80CEF3651F1
lo(checksum)=0x8017B1F2CA2EF61B
key=encoded, no.=86, <checksum>:
0x781AD80CEF3651F18017B1F2CA2EF61B
key=encoded, no.=86, cso file:
/dev/null
----------------------------------------------
real command=cset shield -e /home/nrink/Projects/build/encode/encode/tests/quicksort/quicksort.perf.encoded --  --cso /dev/null
key=encoded, no.=87, <stderr>:
LENGTH=8000
elapsed cycles: 204105390
hi(checksum)=0x781AD80CEF3651F1
lo(checksum)=0x8017B1F2CA2EF61B
key=encoded, no.=87, <checksum>:
0x781AD80CEF3651F18017B1F2CA2EF61B
key=encoded, no.=87, cso file:
/dev/null
----------------------------------------------
real command=cset shield -e /home/nrink/Projects/build/encode/encode/tests/quicksort/quicksort.perf.encoded --  --cso /dev/null
key=encoded, no.=88, <stderr>:
LENGTH=8000
elapsed cycles: 203991240
hi(checksum)=0x781AD80CEF3651F1
lo(checksum)=0x8017B1F2CA2EF61B
key=encoded, no.=88, <checksum>:
0x781AD80CEF3651F18017B1F2CA2EF61B
key=encoded, no.=88, cso file:
/dev/null
----------------------------------------------
real command=cset shield -e /home/nrink/Projects/build/encode/encode/tests/quicksort/quicksort.perf.encoded --  --cso /dev/null
key=encoded, no.=89, <stderr>:
LENGTH=8000
elapsed cycles: 204312225
hi(checksum)=0x781AD80CEF3651F1
lo(checksum)=0x8017B1F2CA2EF61B
key=encoded, no.=89, <checksum>:
0x781AD80CEF3651F18017B1F2CA2EF61B
key=encoded, no.=89, cso file:
/dev/null
----------------------------------------------
real command=cset shield -e /home/nrink/Projects/build/encode/encode/tests/quicksort/quicksort.perf.encoded --  --cso /dev/null
key=encoded, no.=90, <stderr>:
LENGTH=8000
elapsed cycles: 204320589
hi(checksum)=0x781AD80CEF3651F1
lo(checksum)=0x8017B1F2CA2EF61B
key=encoded, no.=90, <checksum>:
0x781AD80CEF3651F18017B1F2CA2EF61B
key=encoded, no.=90, cso file:
/dev/null
----------------------------------------------
real command=cset shield -e /home/nrink/Projects/build/encode/encode/tests/quicksort/quicksort.perf.encoded --  --cso /dev/null
key=encoded, no.=91, <stderr>:
LENGTH=8000
elapsed cycles: 204308892
hi(checksum)=0x781AD80CEF3651F1
lo(checksum)=0x8017B1F2CA2EF61B
key=encoded, no.=91, <checksum>:
0x781AD80CEF3651F18017B1F2CA2EF61B
key=encoded, no.=91, cso file:
/dev/null
----------------------------------------------
real command=cset shield -e /home/nrink/Projects/build/encode/encode/tests/quicksort/quicksort.perf.encoded --  --cso /dev/null
key=encoded, no.=92, <stderr>:
LENGTH=8000
elapsed cycles: 204330861
hi(checksum)=0x781AD80CEF3651F1
lo(checksum)=0x8017B1F2CA2EF61B
key=encoded, no.=92, <checksum>:
0x781AD80CEF3651F18017B1F2CA2EF61B
key=encoded, no.=92, cso file:
/dev/null
----------------------------------------------
real command=cset shield -e /home/nrink/Projects/build/encode/encode/tests/quicksort/quicksort.perf.encoded --  --cso /dev/null
key=encoded, no.=93, <stderr>:
LENGTH=8000
elapsed cycles: 203867574
hi(checksum)=0x781AD80CEF3651F1
lo(checksum)=0x8017B1F2CA2EF61B
key=encoded, no.=93, <checksum>:
0x781AD80CEF3651F18017B1F2CA2EF61B
key=encoded, no.=93, cso file:
/dev/null
----------------------------------------------
real command=cset shield -e /home/nrink/Projects/build/encode/encode/tests/quicksort/quicksort.perf.encoded --  --cso /dev/null
key=encoded, no.=94, <stderr>:
LENGTH=8000
elapsed cycles: 203969808
hi(checksum)=0x781AD80CEF3651F1
lo(checksum)=0x8017B1F2CA2EF61B
key=encoded, no.=94, <checksum>:
0x781AD80CEF3651F18017B1F2CA2EF61B
key=encoded, no.=94, cso file:
/dev/null
----------------------------------------------
real command=cset shield -e /home/nrink/Projects/build/encode/encode/tests/quicksort/quicksort.perf.encoded --  --cso /dev/null
key=encoded, no.=95, <stderr>:
LENGTH=8000
elapsed cycles: 204140325
hi(checksum)=0x781AD80CEF3651F1
lo(checksum)=0x8017B1F2CA2EF61B
key=encoded, no.=95, <checksum>:
0x781AD80CEF3651F18017B1F2CA2EF61B
key=encoded, no.=95, cso file:
/dev/null
----------------------------------------------
real command=cset shield -e /home/nrink/Projects/build/encode/encode/tests/quicksort/quicksort.perf.encoded --  --cso /dev/null
key=encoded, no.=96, <stderr>:
LENGTH=8000
elapsed cycles: 206682267
hi(checksum)=0x781AD80CEF3651F1
lo(checksum)=0x8017B1F2CA2EF61B
key=encoded, no.=96, <checksum>:
0x781AD80CEF3651F18017B1F2CA2EF61B
key=encoded, no.=96, cso file:
/dev/null
----------------------------------------------
real command=cset shield -e /home/nrink/Projects/build/encode/encode/tests/quicksort/quicksort.perf.encoded --  --cso /dev/null
key=encoded, no.=97, <stderr>:
LENGTH=8000
elapsed cycles: 203607477
hi(checksum)=0x781AD80CEF3651F1
lo(checksum)=0x8017B1F2CA2EF61B
key=encoded, no.=97, <checksum>:
0x781AD80CEF3651F18017B1F2CA2EF61B
key=encoded, no.=97, cso file:
/dev/null
----------------------------------------------
real command=cset shield -e /home/nrink/Projects/build/encode/encode/tests/quicksort/quicksort.perf.encoded --  --cso /dev/null
key=encoded, no.=98, <stderr>:
LENGTH=8000
elapsed cycles: 203907153
hi(checksum)=0x781AD80CEF3651F1
lo(checksum)=0x8017B1F2CA2EF61B
key=encoded, no.=98, <checksum>:
0x781AD80CEF3651F18017B1F2CA2EF61B
key=encoded, no.=98, cso file:
/dev/null
----------------------------------------------
real command=cset shield -e /home/nrink/Projects/build/encode/encode/tests/quicksort/quicksort.perf.encoded --  --cso /dev/null
key=encoded, no.=99, <stderr>:
LENGTH=8000
elapsed cycles: 203406195
hi(checksum)=0x781AD80CEF3651F1
lo(checksum)=0x8017B1F2CA2EF61B
key=encoded, no.=99, <checksum>:
0x781AD80CEF3651F18017B1F2CA2EF61B
key=encoded, no.=99, cso file:
/dev/null
----------------------------------------------
