<stderr> from running /home/nrink/Projects/pin-2.14-71313-gcc.4.4.7-linux/pin.sh -t /home/nrink/Projects/bfi/obj-intel64/bfi.so -trigger 164395 -cmd WADDR -seed 1 -mask 52 -- /home/nrink/Projects/build/encode/encode/tests/quicksort/quicksort.cover.encoded --cso ./2015-05-06_10:37:59/quicksort/cover/cs/encoded.31.cso --csl ./2015-05-06_10:37:59/quicksort/cover/cs/encoded.31.csl:
[.:    0, IP = 0x400fd4, i = 164427, wa = 0, ra = 0, rr = 0, wr = 0, it = 0, t = 0]
	access = write, size = 8, addr = 0x6020a0, addr' = 0x602094, op = 0
**********************
INSTR   = 169037
WADDR   = 0
RADDR   = 0
RREG    = 0
WREG    = 0
ITER    = 0
TRIGGER = 164395
TTYPE   = IN
COMMAND = WADDR
SEL     = -1
SEED    = 1
MASK    = 0x34
THREAD  = 0
ELAPSED = 1.11s
Segmentation fault (core dumped)
----------------------------------------------------------------
