<stderr> from running /home/nrink/Projects/pin-2.14-71313-gcc.4.4.7-linux/pin.sh -t /home/nrink/Projects/bfi/obj-intel64/bfi.so -trigger 163701 -cmd TXT -seed 1 -mask 32 -- /home/nrink/Projects/build/encode/encode/tests/bubblesort/bubblesort.cover.plain --cso ./2015-05-05_13:23:20/bubblesort/cover/cs/plain.94.cso --csl ./2015-05-05_13:23:20/bubblesort/cover/cs/plain.94.csl:
[.:    0, IP = 0x400add, i = 163701, wa = 0, ra = 0, rr = 0, wr = 0, it = 0, t = 0]
	ip' = 0x400ae1, size = 4, mask = 32, idx = 1, byte = 141, byte' = 173
elapsed cycles: 1068724764
hi(checksum)=0x0000000000000000
lo(checksum)=0x00007CDAE2B040F7
**********************
INSTR   = 174534
WADDR   = 0
RADDR   = 0
RREG    = 0
WREG    = 0
ITER    = 0
TRIGGER = 163701
TTYPE   = IN
COMMAND = TXT
SEL     = -1
SEED    = 1
MASK    = 0x20
THREAD  = 0
ELAPSED = 25.63s
----------------------------------------------------------------
