<stderr> from running /home/nrink/Projects/pin-2.14-71313-gcc.4.4.7-linux/pin.sh -t /home/nrink/Projects/bfi/obj-intel64/bfi.so -trigger 167568 -cmd RREG -seed 1 -mask 48 -- /home/nrink/Projects/build/encode/encode/tests/bubblesort/bubblesort.cover.encoded --cso ./2015-05-05_13:23:20/bubblesort/cover/cs/encoded.54.cso --csl ./2015-05-05_13:23:20/bubblesort/cover/cs/encoded.54.csl:
[.:    0, IP = 0x400fc5, i = 167568, wa = 0, ra = 0, rr = 0, wr = 0, it = 0, t = 0]
	at ip 0x400fc5, rip = 0x400fc5, rip' = 0x400ff5
**********************
INSTR   = 168294
WADDR   = 0
RADDR   = 0
RREG    = 0
WREG    = 0
ITER    = 0
TRIGGER = 167568
TTYPE   = IN
COMMAND = RREG
SEL     = -1
SEED    = 1
MASK    = 0x30
THREAD  = 0
ELAPSED = 15.00s
Segmentation fault (core dumped)
----------------------------------------------------------------
