<stderr> from running /home/nrink/Projects/pin-2.14-71313-gcc.4.4.7-linux/pin.sh -t /home/nrink/Projects/bfi/obj-intel64/bfi.so -trigger 165923 -cmd TXT -seed 1 -mask 57 -- /home/nrink/Projects/build/encode/encode/tests/bubblesort/bubblesort.cover.encoded --cso ./2015-05-05_13:23:20/bubblesort/cover/cs/encoded.11.cso --csl ./2015-05-05_13:23:20/bubblesort/cover/cs/encoded.11.csl:
[.:    0, IP = 0x400c6b, i = 165923, wa = 0, ra = 0, rr = 0, wr = 0, it = 0, t = 0]
	ip' = 0x400c6e, size = 3, mask = 57, idx = 0, byte = 77, byte' = 116
elapsed cycles: 3376958457
hi(checksum)=0x0000000000000000
lo(checksum)=0x00007CDAE2B040F7
**********************
INSTR   = 178669
WADDR   = 0
RADDR   = 0
RREG    = 0
WREG    = 0
ITER    = 0
TRIGGER = 165923
TTYPE   = IN
COMMAND = TXT
SEL     = -1
SEED    = 1
MASK    = 0x39
THREAD  = 0
ELAPSED = 28.93s
----------------------------------------------------------------
