<stderr> from running /home/nrink/Projects/pin-2.14-71313-gcc.4.4.7-linux/pin.sh -t /home/nrink/Projects/bfi/obj-intel64/bfi.so -trigger 163746 -cmd WVAL -seed 1 -mask 188 -- /home/nrink/Projects/build/encode/encode/tests/bubblesort/bubblesort.cover.plain --cso ./2015-05-05_13:23:20/bubblesort/cover/cs/plain.79.cso --csl ./2015-05-05_13:23:20/bubblesort/cover/cs/plain.79.csl:
[.:    0, IP = 0x400ad0, i = 163754, wa = 0, ra = 0, rr = 0, wr = 0, it = 0, t = 0]
	access = write, size = 8, value = 2, value' = 190, addr = 0x6020f0, op = 0
elapsed cycles: 312787503
hi(checksum)=0x0000000000000000
lo(checksum)=0x0000800DE4BFCE27
**********************
INSTR   = 174486
WADDR   = 0
RADDR   = 0
RREG    = 0
WREG    = 0
ITER    = 0
TRIGGER = 163746
TTYPE   = IN
COMMAND = WVAL
SEL     = -1
SEED    = 1
MASK    = 0xbc
THREAD  = 0
ELAPSED = 12.01s
----------------------------------------------------------------
