<stderr> from running /home/nrink/Projects/pin-2.14-71313-gcc.4.4.7-linux/pin.sh -t /home/nrink/Projects/bfi/obj-intel64/bfi.so -trigger 164066 -cmd RADDR -seed 1 -mask 8 -- /home/nrink/Projects/build/encode/encode/tests/bubblesort/bubblesort.cover.plain --cso ./2015-05-05_13:23:20/bubblesort/cover/cs/plain.99.cso --csl ./2015-05-05_13:23:20/bubblesort/cover/cs/plain.99.csl:
[.:    0, IP = 0x400af5, i = 164067, wa = 0, ra = 0, rr = 0, wr = 0, it = 0, t = 0]
	access = read, size = 8, addr = 0x6020c0, addr' = 0x6020c8, op = 0
elapsed cycles: 438814386
hi(checksum)=0x0000000000000000
lo(checksum)=0x00007CDAE2B040F7
**********************
INSTR   = 174516
WADDR   = 0
RADDR   = 0
RREG    = 0
WREG    = 0
ITER    = 0
TRIGGER = 164066
TTYPE   = IN
COMMAND = RADDR
SEL     = -1
SEED    = 1
MASK    = 0x8
THREAD  = 0
ELAPSED = 31.07s
----------------------------------------------------------------
