key=plain, runs=100 ...
command=/home/nrink/Projects/build/encode/encode/tests/array_sum/array_sum.perf.plain
----------------------------------------------
real command=cset shield -e /home/nrink/Projects/build/encode/encode/tests/array_sum/array_sum.perf.plain --  --cso /dev/null
key=plain, no.=0, <stderr>:
LENGTH=320
elapsed cycles: 61341
hi(checksum)=0x4461F9F3DB1634A4
lo(checksum)=0x2F5AE0DFDF6AAE00
key=plain, no.=0, <checksum>:
0x4461F9F3DB1634A42F5AE0DFDF6AAE00
key=plain, no.=0, cso file:
/dev/null
----------------------------------------------
real command=cset shield -e /home/nrink/Projects/build/encode/encode/tests/array_sum/array_sum.perf.plain --  --cso /dev/null
key=plain, no.=1, <stderr>:
LENGTH=320
elapsed cycles: 62880
hi(checksum)=0x4461F9F3DB1634A4
lo(checksum)=0x2F5AE0DFDF6AAE00
key=plain, no.=1, <checksum>:
0x4461F9F3DB1634A42F5AE0DFDF6AAE00
key=plain, no.=1, cso file:
/dev/null
----------------------------------------------
real command=cset shield -e /home/nrink/Projects/build/encode/encode/tests/array_sum/array_sum.perf.plain --  --cso /dev/null
key=plain, no.=2, <stderr>:
LENGTH=320
elapsed cycles: 61716
hi(checksum)=0x4461F9F3DB1634A4
lo(checksum)=0x2F5AE0DFDF6AAE00
key=plain, no.=2, <checksum>:
0x4461F9F3DB1634A42F5AE0DFDF6AAE00
key=plain, no.=2, cso file:
/dev/null
----------------------------------------------
real command=cset shield -e /home/nrink/Projects/build/encode/encode/tests/array_sum/array_sum.perf.plain --  --cso /dev/null
key=plain, no.=3, <stderr>:
LENGTH=320
elapsed cycles: 61464
hi(checksum)=0x4461F9F3DB1634A4
lo(checksum)=0x2F5AE0DFDF6AAE00
key=plain, no.=3, <checksum>:
0x4461F9F3DB1634A42F5AE0DFDF6AAE00
key=plain, no.=3, cso file:
/dev/null
----------------------------------------------
real command=cset shield -e /home/nrink/Projects/build/encode/encode/tests/array_sum/array_sum.perf.plain --  --cso /dev/null
key=plain, no.=4, <stderr>:
LENGTH=320
elapsed cycles: 61263
hi(checksum)=0x4461F9F3DB1634A4
lo(checksum)=0x2F5AE0DFDF6AAE00
key=plain, no.=4, <checksum>:
0x4461F9F3DB1634A42F5AE0DFDF6AAE00
key=plain, no.=4, cso file:
/dev/null
----------------------------------------------
real command=cset shield -e /home/nrink/Projects/build/encode/encode/tests/array_sum/array_sum.perf.plain --  --cso /dev/null
key=plain, no.=5, <stderr>:
LENGTH=320
elapsed cycles: 61467
hi(checksum)=0x4461F9F3DB1634A4
lo(checksum)=0x2F5AE0DFDF6AAE00
key=plain, no.=5, <checksum>:
0x4461F9F3DB1634A42F5AE0DFDF6AAE00
key=plain, no.=5, cso file:
/dev/null
----------------------------------------------
real command=cset shield -e /home/nrink/Projects/build/encode/encode/tests/array_sum/array_sum.perf.plain --  --cso /dev/null
key=plain, no.=6, <stderr>:
LENGTH=320
elapsed cycles: 61638
hi(checksum)=0x4461F9F3DB1634A4
lo(checksum)=0x2F5AE0DFDF6AAE00
key=plain, no.=6, <checksum>:
0x4461F9F3DB1634A42F5AE0DFDF6AAE00
key=plain, no.=6, cso file:
/dev/null
----------------------------------------------
real command=cset shield -e /home/nrink/Projects/build/encode/encode/tests/array_sum/array_sum.perf.plain --  --cso /dev/null
key=plain, no.=7, <stderr>:
LENGTH=320
elapsed cycles: 61173
hi(checksum)=0x4461F9F3DB1634A4
lo(checksum)=0x2F5AE0DFDF6AAE00
key=plain, no.=7, <checksum>:
0x4461F9F3DB1634A42F5AE0DFDF6AAE00
key=plain, no.=7, cso file:
/dev/null
----------------------------------------------
real command=cset shield -e /home/nrink/Projects/build/encode/encode/tests/array_sum/array_sum.perf.plain --  --cso /dev/null
key=plain, no.=8, <stderr>:
LENGTH=320
elapsed cycles: 61071
hi(checksum)=0x4461F9F3DB1634A4
lo(checksum)=0x2F5AE0DFDF6AAE00
key=plain, no.=8, <checksum>:
0x4461F9F3DB1634A42F5AE0DFDF6AAE00
key=plain, no.=8, cso file:
/dev/null
----------------------------------------------
real command=cset shield -e /home/nrink/Projects/build/encode/encode/tests/array_sum/array_sum.perf.plain --  --cso /dev/null
key=plain, no.=9, <stderr>:
LENGTH=320
elapsed cycles: 61335
hi(checksum)=0x4461F9F3DB1634A4
lo(checksum)=0x2F5AE0DFDF6AAE00
key=plain, no.=9, <checksum>:
0x4461F9F3DB1634A42F5AE0DFDF6AAE00
key=plain, no.=9, cso file:
/dev/null
----------------------------------------------
real command=cset shield -e /home/nrink/Projects/build/encode/encode/tests/array_sum/array_sum.perf.plain --  --cso /dev/null
key=plain, no.=10, <stderr>:
LENGTH=320
elapsed cycles: 61215
hi(checksum)=0x4461F9F3DB1634A4
lo(checksum)=0x2F5AE0DFDF6AAE00
key=plain, no.=10, <checksum>:
0x4461F9F3DB1634A42F5AE0DFDF6AAE00
key=plain, no.=10, cso file:
/dev/null
----------------------------------------------
real command=cset shield -e /home/nrink/Projects/build/encode/encode/tests/array_sum/array_sum.perf.plain --  --cso /dev/null
key=plain, no.=11, <stderr>:
LENGTH=320
elapsed cycles: 61278
hi(checksum)=0x4461F9F3DB1634A4
lo(checksum)=0x2F5AE0DFDF6AAE00
key=plain, no.=11, <checksum>:
0x4461F9F3DB1634A42F5AE0DFDF6AAE00
key=plain, no.=11, cso file:
/dev/null
----------------------------------------------
real command=cset shield -e /home/nrink/Projects/build/encode/encode/tests/array_sum/array_sum.perf.plain --  --cso /dev/null
key=plain, no.=12, <stderr>:
LENGTH=320
elapsed cycles: 61329
hi(checksum)=0x4461F9F3DB1634A4
lo(checksum)=0x2F5AE0DFDF6AAE00
key=plain, no.=12, <checksum>:
0x4461F9F3DB1634A42F5AE0DFDF6AAE00
key=plain, no.=12, cso file:
/dev/null
----------------------------------------------
real command=cset shield -e /home/nrink/Projects/build/encode/encode/tests/array_sum/array_sum.perf.plain --  --cso /dev/null
key=plain, no.=13, <stderr>:
LENGTH=320
elapsed cycles: 61401
hi(checksum)=0x4461F9F3DB1634A4
lo(checksum)=0x2F5AE0DFDF6AAE00
key=plain, no.=13, <checksum>:
0x4461F9F3DB1634A42F5AE0DFDF6AAE00
key=plain, no.=13, cso file:
/dev/null
----------------------------------------------
real command=cset shield -e /home/nrink/Projects/build/encode/encode/tests/array_sum/array_sum.perf.plain --  --cso /dev/null
key=plain, no.=14, <stderr>:
LENGTH=320
elapsed cycles: 61245
hi(checksum)=0x4461F9F3DB1634A4
lo(checksum)=0x2F5AE0DFDF6AAE00
key=plain, no.=14, <checksum>:
0x4461F9F3DB1634A42F5AE0DFDF6AAE00
key=plain, no.=14, cso file:
/dev/null
----------------------------------------------
real command=cset shield -e /home/nrink/Projects/build/encode/encode/tests/array_sum/array_sum.perf.plain --  --cso /dev/null
key=plain, no.=15, <stderr>:
LENGTH=320
elapsed cycles: 61149
hi(checksum)=0x4461F9F3DB1634A4
lo(checksum)=0x2F5AE0DFDF6AAE00
key=plain, no.=15, <checksum>:
0x4461F9F3DB1634A42F5AE0DFDF6AAE00
key=plain, no.=15, cso file:
/dev/null
----------------------------------------------
real command=cset shield -e /home/nrink/Projects/build/encode/encode/tests/array_sum/array_sum.perf.plain --  --cso /dev/null
key=plain, no.=16, <stderr>:
LENGTH=320
elapsed cycles: 61137
hi(checksum)=0x4461F9F3DB1634A4
lo(checksum)=0x2F5AE0DFDF6AAE00
key=plain, no.=16, <checksum>:
0x4461F9F3DB1634A42F5AE0DFDF6AAE00
key=plain, no.=16, cso file:
/dev/null
----------------------------------------------
real command=cset shield -e /home/nrink/Projects/build/encode/encode/tests/array_sum/array_sum.perf.plain --  --cso /dev/null
key=plain, no.=17, <stderr>:
LENGTH=320
elapsed cycles: 61308
hi(checksum)=0x4461F9F3DB1634A4
lo(checksum)=0x2F5AE0DFDF6AAE00
key=plain, no.=17, <checksum>:
0x4461F9F3DB1634A42F5AE0DFDF6AAE00
key=plain, no.=17, cso file:
/dev/null
----------------------------------------------
real command=cset shield -e /home/nrink/Projects/build/encode/encode/tests/array_sum/array_sum.perf.plain --  --cso /dev/null
key=plain, no.=18, <stderr>:
LENGTH=320
elapsed cycles: 61344
hi(checksum)=0x4461F9F3DB1634A4
lo(checksum)=0x2F5AE0DFDF6AAE00
key=plain, no.=18, <checksum>:
0x4461F9F3DB1634A42F5AE0DFDF6AAE00
key=plain, no.=18, cso file:
/dev/null
----------------------------------------------
real command=cset shield -e /home/nrink/Projects/build/encode/encode/tests/array_sum/array_sum.perf.plain --  --cso /dev/null
key=plain, no.=19, <stderr>:
LENGTH=320
elapsed cycles: 93903
hi(checksum)=0x4461F9F3DB1634A4
lo(checksum)=0x2F5AE0DFDF6AAE00
key=plain, no.=19, <checksum>:
0x4461F9F3DB1634A42F5AE0DFDF6AAE00
key=plain, no.=19, cso file:
/dev/null
----------------------------------------------
real command=cset shield -e /home/nrink/Projects/build/encode/encode/tests/array_sum/array_sum.perf.plain --  --cso /dev/null
key=plain, no.=20, <stderr>:
LENGTH=320
elapsed cycles: 61485
hi(checksum)=0x4461F9F3DB1634A4
lo(checksum)=0x2F5AE0DFDF6AAE00
key=plain, no.=20, <checksum>:
0x4461F9F3DB1634A42F5AE0DFDF6AAE00
key=plain, no.=20, cso file:
/dev/null
----------------------------------------------
real command=cset shield -e /home/nrink/Projects/build/encode/encode/tests/array_sum/array_sum.perf.plain --  --cso /dev/null
key=plain, no.=21, <stderr>:
LENGTH=320
elapsed cycles: 61329
hi(checksum)=0x4461F9F3DB1634A4
lo(checksum)=0x2F5AE0DFDF6AAE00
key=plain, no.=21, <checksum>:
0x4461F9F3DB1634A42F5AE0DFDF6AAE00
key=plain, no.=21, cso file:
/dev/null
----------------------------------------------
real command=cset shield -e /home/nrink/Projects/build/encode/encode/tests/array_sum/array_sum.perf.plain --  --cso /dev/null
key=plain, no.=22, <stderr>:
LENGTH=320
elapsed cycles: 61332
hi(checksum)=0x4461F9F3DB1634A4
lo(checksum)=0x2F5AE0DFDF6AAE00
key=plain, no.=22, <checksum>:
0x4461F9F3DB1634A42F5AE0DFDF6AAE00
key=plain, no.=22, cso file:
/dev/null
----------------------------------------------
real command=cset shield -e /home/nrink/Projects/build/encode/encode/tests/array_sum/array_sum.perf.plain --  --cso /dev/null
key=plain, no.=23, <stderr>:
LENGTH=320
elapsed cycles: 61365
hi(checksum)=0x4461F9F3DB1634A4
lo(checksum)=0x2F5AE0DFDF6AAE00
key=plain, no.=23, <checksum>:
0x4461F9F3DB1634A42F5AE0DFDF6AAE00
key=plain, no.=23, cso file:
/dev/null
----------------------------------------------
real command=cset shield -e /home/nrink/Projects/build/encode/encode/tests/array_sum/array_sum.perf.plain --  --cso /dev/null
key=plain, no.=24, <stderr>:
LENGTH=320
elapsed cycles: 61332
hi(checksum)=0x4461F9F3DB1634A4
lo(checksum)=0x2F5AE0DFDF6AAE00
key=plain, no.=24, <checksum>:
0x4461F9F3DB1634A42F5AE0DFDF6AAE00
key=plain, no.=24, cso file:
/dev/null
----------------------------------------------
real command=cset shield -e /home/nrink/Projects/build/encode/encode/tests/array_sum/array_sum.perf.plain --  --cso /dev/null
key=plain, no.=25, <stderr>:
LENGTH=320
elapsed cycles: 61263
hi(checksum)=0x4461F9F3DB1634A4
lo(checksum)=0x2F5AE0DFDF6AAE00
key=plain, no.=25, <checksum>:
0x4461F9F3DB1634A42F5AE0DFDF6AAE00
key=plain, no.=25, cso file:
/dev/null
----------------------------------------------
real command=cset shield -e /home/nrink/Projects/build/encode/encode/tests/array_sum/array_sum.perf.plain --  --cso /dev/null
key=plain, no.=26, <stderr>:
LENGTH=320
elapsed cycles: 61287
hi(checksum)=0x4461F9F3DB1634A4
lo(checksum)=0x2F5AE0DFDF6AAE00
key=plain, no.=26, <checksum>:
0x4461F9F3DB1634A42F5AE0DFDF6AAE00
key=plain, no.=26, cso file:
/dev/null
----------------------------------------------
real command=cset shield -e /home/nrink/Projects/build/encode/encode/tests/array_sum/array_sum.perf.plain --  --cso /dev/null
key=plain, no.=27, <stderr>:
LENGTH=320
elapsed cycles: 61449
hi(checksum)=0x4461F9F3DB1634A4
lo(checksum)=0x2F5AE0DFDF6AAE00
key=plain, no.=27, <checksum>:
0x4461F9F3DB1634A42F5AE0DFDF6AAE00
key=plain, no.=27, cso file:
/dev/null
----------------------------------------------
real command=cset shield -e /home/nrink/Projects/build/encode/encode/tests/array_sum/array_sum.perf.plain --  --cso /dev/null
key=plain, no.=28, <stderr>:
LENGTH=320
elapsed cycles: 61233
hi(checksum)=0x4461F9F3DB1634A4
lo(checksum)=0x2F5AE0DFDF6AAE00
key=plain, no.=28, <checksum>:
0x4461F9F3DB1634A42F5AE0DFDF6AAE00
key=plain, no.=28, cso file:
/dev/null
----------------------------------------------
real command=cset shield -e /home/nrink/Projects/build/encode/encode/tests/array_sum/array_sum.perf.plain --  --cso /dev/null
key=plain, no.=29, <stderr>:
LENGTH=320
elapsed cycles: 63033
hi(checksum)=0x4461F9F3DB1634A4
lo(checksum)=0x2F5AE0DFDF6AAE00
key=plain, no.=29, <checksum>:
0x4461F9F3DB1634A42F5AE0DFDF6AAE00
key=plain, no.=29, cso file:
/dev/null
----------------------------------------------
real command=cset shield -e /home/nrink/Projects/build/encode/encode/tests/array_sum/array_sum.perf.plain --  --cso /dev/null
key=plain, no.=30, <stderr>:
LENGTH=320
elapsed cycles: 62751
hi(checksum)=0x4461F9F3DB1634A4
lo(checksum)=0x2F5AE0DFDF6AAE00
key=plain, no.=30, <checksum>:
0x4461F9F3DB1634A42F5AE0DFDF6AAE00
key=plain, no.=30, cso file:
/dev/null
----------------------------------------------
real command=cset shield -e /home/nrink/Projects/build/encode/encode/tests/array_sum/array_sum.perf.plain --  --cso /dev/null
key=plain, no.=31, <stderr>:
LENGTH=320
elapsed cycles: 61329
hi(checksum)=0x4461F9F3DB1634A4
lo(checksum)=0x2F5AE0DFDF6AAE00
key=plain, no.=31, <checksum>:
0x4461F9F3DB1634A42F5AE0DFDF6AAE00
key=plain, no.=31, cso file:
/dev/null
----------------------------------------------
real command=cset shield -e /home/nrink/Projects/build/encode/encode/tests/array_sum/array_sum.perf.plain --  --cso /dev/null
key=plain, no.=32, <stderr>:
LENGTH=320
elapsed cycles: 61464
hi(checksum)=0x4461F9F3DB1634A4
lo(checksum)=0x2F5AE0DFDF6AAE00
key=plain, no.=32, <checksum>:
0x4461F9F3DB1634A42F5AE0DFDF6AAE00
key=plain, no.=32, cso file:
/dev/null
----------------------------------------------
real command=cset shield -e /home/nrink/Projects/build/encode/encode/tests/array_sum/array_sum.perf.plain --  --cso /dev/null
key=plain, no.=33, <stderr>:
LENGTH=320
elapsed cycles: 61197
hi(checksum)=0x4461F9F3DB1634A4
lo(checksum)=0x2F5AE0DFDF6AAE00
key=plain, no.=33, <checksum>:
0x4461F9F3DB1634A42F5AE0DFDF6AAE00
key=plain, no.=33, cso file:
/dev/null
----------------------------------------------
real command=cset shield -e /home/nrink/Projects/build/encode/encode/tests/array_sum/array_sum.perf.plain --  --cso /dev/null
key=plain, no.=34, <stderr>:
LENGTH=320
elapsed cycles: 61440
hi(checksum)=0x4461F9F3DB1634A4
lo(checksum)=0x2F5AE0DFDF6AAE00
key=plain, no.=34, <checksum>:
0x4461F9F3DB1634A42F5AE0DFDF6AAE00
key=plain, no.=34, cso file:
/dev/null
----------------------------------------------
real command=cset shield -e /home/nrink/Projects/build/encode/encode/tests/array_sum/array_sum.perf.plain --  --cso /dev/null
key=plain, no.=35, <stderr>:
LENGTH=320
elapsed cycles: 61311
hi(checksum)=0x4461F9F3DB1634A4
lo(checksum)=0x2F5AE0DFDF6AAE00
key=plain, no.=35, <checksum>:
0x4461F9F3DB1634A42F5AE0DFDF6AAE00
key=plain, no.=35, cso file:
/dev/null
----------------------------------------------
real command=cset shield -e /home/nrink/Projects/build/encode/encode/tests/array_sum/array_sum.perf.plain --  --cso /dev/null
key=plain, no.=36, <stderr>:
LENGTH=320
elapsed cycles: 61356
hi(checksum)=0x4461F9F3DB1634A4
lo(checksum)=0x2F5AE0DFDF6AAE00
key=plain, no.=36, <checksum>:
0x4461F9F3DB1634A42F5AE0DFDF6AAE00
key=plain, no.=36, cso file:
/dev/null
----------------------------------------------
real command=cset shield -e /home/nrink/Projects/build/encode/encode/tests/array_sum/array_sum.perf.plain --  --cso /dev/null
key=plain, no.=37, <stderr>:
LENGTH=320
elapsed cycles: 61329
hi(checksum)=0x4461F9F3DB1634A4
lo(checksum)=0x2F5AE0DFDF6AAE00
key=plain, no.=37, <checksum>:
0x4461F9F3DB1634A42F5AE0DFDF6AAE00
key=plain, no.=37, cso file:
/dev/null
----------------------------------------------
real command=cset shield -e /home/nrink/Projects/build/encode/encode/tests/array_sum/array_sum.perf.plain --  --cso /dev/null
key=plain, no.=38, <stderr>:
LENGTH=320
elapsed cycles: 61272
hi(checksum)=0x4461F9F3DB1634A4
lo(checksum)=0x2F5AE0DFDF6AAE00
key=plain, no.=38, <checksum>:
0x4461F9F3DB1634A42F5AE0DFDF6AAE00
key=plain, no.=38, cso file:
/dev/null
----------------------------------------------
real command=cset shield -e /home/nrink/Projects/build/encode/encode/tests/array_sum/array_sum.perf.plain --  --cso /dev/null
key=plain, no.=39, <stderr>:
LENGTH=320
elapsed cycles: 61167
hi(checksum)=0x4461F9F3DB1634A4
lo(checksum)=0x2F5AE0DFDF6AAE00
key=plain, no.=39, <checksum>:
0x4461F9F3DB1634A42F5AE0DFDF6AAE00
key=plain, no.=39, cso file:
/dev/null
----------------------------------------------
real command=cset shield -e /home/nrink/Projects/build/encode/encode/tests/array_sum/array_sum.perf.plain --  --cso /dev/null
key=plain, no.=40, <stderr>:
LENGTH=320
elapsed cycles: 61161
hi(checksum)=0x4461F9F3DB1634A4
lo(checksum)=0x2F5AE0DFDF6AAE00
key=plain, no.=40, <checksum>:
0x4461F9F3DB1634A42F5AE0DFDF6AAE00
key=plain, no.=40, cso file:
/dev/null
----------------------------------------------
real command=cset shield -e /home/nrink/Projects/build/encode/encode/tests/array_sum/array_sum.perf.plain --  --cso /dev/null
key=plain, no.=41, <stderr>:
LENGTH=320
elapsed cycles: 61308
hi(checksum)=0x4461F9F3DB1634A4
lo(checksum)=0x2F5AE0DFDF6AAE00
key=plain, no.=41, <checksum>:
0x4461F9F3DB1634A42F5AE0DFDF6AAE00
key=plain, no.=41, cso file:
/dev/null
----------------------------------------------
real command=cset shield -e /home/nrink/Projects/build/encode/encode/tests/array_sum/array_sum.perf.plain --  --cso /dev/null
key=plain, no.=42, <stderr>:
LENGTH=320
elapsed cycles: 61293
hi(checksum)=0x4461F9F3DB1634A4
lo(checksum)=0x2F5AE0DFDF6AAE00
key=plain, no.=42, <checksum>:
0x4461F9F3DB1634A42F5AE0DFDF6AAE00
key=plain, no.=42, cso file:
/dev/null
----------------------------------------------
real command=cset shield -e /home/nrink/Projects/build/encode/encode/tests/array_sum/array_sum.perf.plain --  --cso /dev/null
key=plain, no.=43, <stderr>:
LENGTH=320
elapsed cycles: 61272
hi(checksum)=0x4461F9F3DB1634A4
lo(checksum)=0x2F5AE0DFDF6AAE00
key=plain, no.=43, <checksum>:
0x4461F9F3DB1634A42F5AE0DFDF6AAE00
key=plain, no.=43, cso file:
/dev/null
----------------------------------------------
real command=cset shield -e /home/nrink/Projects/build/encode/encode/tests/array_sum/array_sum.perf.plain --  --cso /dev/null
key=plain, no.=44, <stderr>:
LENGTH=320
elapsed cycles: 63033
hi(checksum)=0x4461F9F3DB1634A4
lo(checksum)=0x2F5AE0DFDF6AAE00
key=plain, no.=44, <checksum>:
0x4461F9F3DB1634A42F5AE0DFDF6AAE00
key=plain, no.=44, cso file:
/dev/null
----------------------------------------------
real command=cset shield -e /home/nrink/Projects/build/encode/encode/tests/array_sum/array_sum.perf.plain --  --cso /dev/null
key=plain, no.=45, <stderr>:
LENGTH=320
elapsed cycles: 61230
hi(checksum)=0x4461F9F3DB1634A4
lo(checksum)=0x2F5AE0DFDF6AAE00
key=plain, no.=45, <checksum>:
0x4461F9F3DB1634A42F5AE0DFDF6AAE00
key=plain, no.=45, cso file:
/dev/null
----------------------------------------------
real command=cset shield -e /home/nrink/Projects/build/encode/encode/tests/array_sum/array_sum.perf.plain --  --cso /dev/null
key=plain, no.=46, <stderr>:
LENGTH=320
elapsed cycles: 61305
hi(checksum)=0x4461F9F3DB1634A4
lo(checksum)=0x2F5AE0DFDF6AAE00
key=plain, no.=46, <checksum>:
0x4461F9F3DB1634A42F5AE0DFDF6AAE00
key=plain, no.=46, cso file:
/dev/null
----------------------------------------------
real command=cset shield -e /home/nrink/Projects/build/encode/encode/tests/array_sum/array_sum.perf.plain --  --cso /dev/null
key=plain, no.=47, <stderr>:
LENGTH=320
elapsed cycles: 61260
hi(checksum)=0x4461F9F3DB1634A4
lo(checksum)=0x2F5AE0DFDF6AAE00
key=plain, no.=47, <checksum>:
0x4461F9F3DB1634A42F5AE0DFDF6AAE00
key=plain, no.=47, cso file:
/dev/null
----------------------------------------------
real command=cset shield -e /home/nrink/Projects/build/encode/encode/tests/array_sum/array_sum.perf.plain --  --cso /dev/null
key=plain, no.=48, <stderr>:
LENGTH=320
elapsed cycles: 61371
hi(checksum)=0x4461F9F3DB1634A4
lo(checksum)=0x2F5AE0DFDF6AAE00
key=plain, no.=48, <checksum>:
0x4461F9F3DB1634A42F5AE0DFDF6AAE00
key=plain, no.=48, cso file:
/dev/null
----------------------------------------------
real command=cset shield -e /home/nrink/Projects/build/encode/encode/tests/array_sum/array_sum.perf.plain --  --cso /dev/null
key=plain, no.=49, <stderr>:
LENGTH=320
elapsed cycles: 61392
hi(checksum)=0x4461F9F3DB1634A4
lo(checksum)=0x2F5AE0DFDF6AAE00
key=plain, no.=49, <checksum>:
0x4461F9F3DB1634A42F5AE0DFDF6AAE00
key=plain, no.=49, cso file:
/dev/null
----------------------------------------------
real command=cset shield -e /home/nrink/Projects/build/encode/encode/tests/array_sum/array_sum.perf.plain --  --cso /dev/null
key=plain, no.=50, <stderr>:
LENGTH=320
elapsed cycles: 61353
hi(checksum)=0x4461F9F3DB1634A4
lo(checksum)=0x2F5AE0DFDF6AAE00
key=plain, no.=50, <checksum>:
0x4461F9F3DB1634A42F5AE0DFDF6AAE00
key=plain, no.=50, cso file:
/dev/null
----------------------------------------------
real command=cset shield -e /home/nrink/Projects/build/encode/encode/tests/array_sum/array_sum.perf.plain --  --cso /dev/null
key=plain, no.=51, <stderr>:
LENGTH=320
elapsed cycles: 61191
hi(checksum)=0x4461F9F3DB1634A4
lo(checksum)=0x2F5AE0DFDF6AAE00
key=plain, no.=51, <checksum>:
0x4461F9F3DB1634A42F5AE0DFDF6AAE00
key=plain, no.=51, cso file:
/dev/null
----------------------------------------------
real command=cset shield -e /home/nrink/Projects/build/encode/encode/tests/array_sum/array_sum.perf.plain --  --cso /dev/null
key=plain, no.=52, <stderr>:
LENGTH=320
elapsed cycles: 61287
hi(checksum)=0x4461F9F3DB1634A4
lo(checksum)=0x2F5AE0DFDF6AAE00
key=plain, no.=52, <checksum>:
0x4461F9F3DB1634A42F5AE0DFDF6AAE00
key=plain, no.=52, cso file:
/dev/null
----------------------------------------------
real command=cset shield -e /home/nrink/Projects/build/encode/encode/tests/array_sum/array_sum.perf.plain --  --cso /dev/null
key=plain, no.=53, <stderr>:
LENGTH=320
elapsed cycles: 61104
hi(checksum)=0x4461F9F3DB1634A4
lo(checksum)=0x2F5AE0DFDF6AAE00
key=plain, no.=53, <checksum>:
0x4461F9F3DB1634A42F5AE0DFDF6AAE00
key=plain, no.=53, cso file:
/dev/null
----------------------------------------------
real command=cset shield -e /home/nrink/Projects/build/encode/encode/tests/array_sum/array_sum.perf.plain --  --cso /dev/null
key=plain, no.=54, <stderr>:
LENGTH=320
elapsed cycles: 61314
hi(checksum)=0x4461F9F3DB1634A4
lo(checksum)=0x2F5AE0DFDF6AAE00
key=plain, no.=54, <checksum>:
0x4461F9F3DB1634A42F5AE0DFDF6AAE00
key=plain, no.=54, cso file:
/dev/null
----------------------------------------------
real command=cset shield -e /home/nrink/Projects/build/encode/encode/tests/array_sum/array_sum.perf.plain --  --cso /dev/null
key=plain, no.=55, <stderr>:
LENGTH=320
elapsed cycles: 61266
hi(checksum)=0x4461F9F3DB1634A4
lo(checksum)=0x2F5AE0DFDF6AAE00
key=plain, no.=55, <checksum>:
0x4461F9F3DB1634A42F5AE0DFDF6AAE00
key=plain, no.=55, cso file:
/dev/null
----------------------------------------------
real command=cset shield -e /home/nrink/Projects/build/encode/encode/tests/array_sum/array_sum.perf.plain --  --cso /dev/null
key=plain, no.=56, <stderr>:
LENGTH=320
elapsed cycles: 61491
hi(checksum)=0x4461F9F3DB1634A4
lo(checksum)=0x2F5AE0DFDF6AAE00
key=plain, no.=56, <checksum>:
0x4461F9F3DB1634A42F5AE0DFDF6AAE00
key=plain, no.=56, cso file:
/dev/null
----------------------------------------------
real command=cset shield -e /home/nrink/Projects/build/encode/encode/tests/array_sum/array_sum.perf.plain --  --cso /dev/null
key=plain, no.=57, <stderr>:
LENGTH=320
elapsed cycles: 61368
hi(checksum)=0x4461F9F3DB1634A4
lo(checksum)=0x2F5AE0DFDF6AAE00
key=plain, no.=57, <checksum>:
0x4461F9F3DB1634A42F5AE0DFDF6AAE00
key=plain, no.=57, cso file:
/dev/null
----------------------------------------------
real command=cset shield -e /home/nrink/Projects/build/encode/encode/tests/array_sum/array_sum.perf.plain --  --cso /dev/null
key=plain, no.=58, <stderr>:
LENGTH=320
elapsed cycles: 61290
hi(checksum)=0x4461F9F3DB1634A4
lo(checksum)=0x2F5AE0DFDF6AAE00
key=plain, no.=58, <checksum>:
0x4461F9F3DB1634A42F5AE0DFDF6AAE00
key=plain, no.=58, cso file:
/dev/null
----------------------------------------------
real command=cset shield -e /home/nrink/Projects/build/encode/encode/tests/array_sum/array_sum.perf.plain --  --cso /dev/null
key=plain, no.=59, <stderr>:
LENGTH=320
elapsed cycles: 61476
hi(checksum)=0x4461F9F3DB1634A4
lo(checksum)=0x2F5AE0DFDF6AAE00
key=plain, no.=59, <checksum>:
0x4461F9F3DB1634A42F5AE0DFDF6AAE00
key=plain, no.=59, cso file:
/dev/null
----------------------------------------------
real command=cset shield -e /home/nrink/Projects/build/encode/encode/tests/array_sum/array_sum.perf.plain --  --cso /dev/null
key=plain, no.=60, <stderr>:
LENGTH=320
elapsed cycles: 61740
hi(checksum)=0x4461F9F3DB1634A4
lo(checksum)=0x2F5AE0DFDF6AAE00
key=plain, no.=60, <checksum>:
0x4461F9F3DB1634A42F5AE0DFDF6AAE00
key=plain, no.=60, cso file:
/dev/null
----------------------------------------------
real command=cset shield -e /home/nrink/Projects/build/encode/encode/tests/array_sum/array_sum.perf.plain --  --cso /dev/null
key=plain, no.=61, <stderr>:
LENGTH=320
elapsed cycles: 61311
hi(checksum)=0x4461F9F3DB1634A4
lo(checksum)=0x2F5AE0DFDF6AAE00
key=plain, no.=61, <checksum>:
0x4461F9F3DB1634A42F5AE0DFDF6AAE00
key=plain, no.=61, cso file:
/dev/null
----------------------------------------------
real command=cset shield -e /home/nrink/Projects/build/encode/encode/tests/array_sum/array_sum.perf.plain --  --cso /dev/null
key=plain, no.=62, <stderr>:
LENGTH=320
elapsed cycles: 61761
hi(checksum)=0x4461F9F3DB1634A4
lo(checksum)=0x2F5AE0DFDF6AAE00
key=plain, no.=62, <checksum>:
0x4461F9F3DB1634A42F5AE0DFDF6AAE00
key=plain, no.=62, cso file:
/dev/null
----------------------------------------------
real command=cset shield -e /home/nrink/Projects/build/encode/encode/tests/array_sum/array_sum.perf.plain --  --cso /dev/null
key=plain, no.=63, <stderr>:
LENGTH=320
elapsed cycles: 94524
hi(checksum)=0x4461F9F3DB1634A4
lo(checksum)=0x2F5AE0DFDF6AAE00
key=plain, no.=63, <checksum>:
0x4461F9F3DB1634A42F5AE0DFDF6AAE00
key=plain, no.=63, cso file:
/dev/null
----------------------------------------------
real command=cset shield -e /home/nrink/Projects/build/encode/encode/tests/array_sum/array_sum.perf.plain --  --cso /dev/null
key=plain, no.=64, <stderr>:
LENGTH=320
elapsed cycles: 61440
hi(checksum)=0x4461F9F3DB1634A4
lo(checksum)=0x2F5AE0DFDF6AAE00
key=plain, no.=64, <checksum>:
0x4461F9F3DB1634A42F5AE0DFDF6AAE00
key=plain, no.=64, cso file:
/dev/null
----------------------------------------------
real command=cset shield -e /home/nrink/Projects/build/encode/encode/tests/array_sum/array_sum.perf.plain --  --cso /dev/null
key=plain, no.=65, <stderr>:
LENGTH=320
elapsed cycles: 61317
hi(checksum)=0x4461F9F3DB1634A4
lo(checksum)=0x2F5AE0DFDF6AAE00
key=plain, no.=65, <checksum>:
0x4461F9F3DB1634A42F5AE0DFDF6AAE00
key=plain, no.=65, cso file:
/dev/null
----------------------------------------------
real command=cset shield -e /home/nrink/Projects/build/encode/encode/tests/array_sum/array_sum.perf.plain --  --cso /dev/null
key=plain, no.=66, <stderr>:
LENGTH=320
elapsed cycles: 61275
hi(checksum)=0x4461F9F3DB1634A4
lo(checksum)=0x2F5AE0DFDF6AAE00
key=plain, no.=66, <checksum>:
0x4461F9F3DB1634A42F5AE0DFDF6AAE00
key=plain, no.=66, cso file:
/dev/null
----------------------------------------------
real command=cset shield -e /home/nrink/Projects/build/encode/encode/tests/array_sum/array_sum.perf.plain --  --cso /dev/null
key=plain, no.=67, <stderr>:
LENGTH=320
elapsed cycles: 61368
hi(checksum)=0x4461F9F3DB1634A4
lo(checksum)=0x2F5AE0DFDF6AAE00
key=plain, no.=67, <checksum>:
0x4461F9F3DB1634A42F5AE0DFDF6AAE00
key=plain, no.=67, cso file:
/dev/null
----------------------------------------------
real command=cset shield -e /home/nrink/Projects/build/encode/encode/tests/array_sum/array_sum.perf.plain --  --cso /dev/null
key=plain, no.=68, <stderr>:
LENGTH=320
elapsed cycles: 61296
hi(checksum)=0x4461F9F3DB1634A4
lo(checksum)=0x2F5AE0DFDF6AAE00
key=plain, no.=68, <checksum>:
0x4461F9F3DB1634A42F5AE0DFDF6AAE00
key=plain, no.=68, cso file:
/dev/null
----------------------------------------------
real command=cset shield -e /home/nrink/Projects/build/encode/encode/tests/array_sum/array_sum.perf.plain --  --cso /dev/null
key=plain, no.=69, <stderr>:
LENGTH=320
elapsed cycles: 61341
hi(checksum)=0x4461F9F3DB1634A4
lo(checksum)=0x2F5AE0DFDF6AAE00
key=plain, no.=69, <checksum>:
0x4461F9F3DB1634A42F5AE0DFDF6AAE00
key=plain, no.=69, cso file:
/dev/null
----------------------------------------------
real command=cset shield -e /home/nrink/Projects/build/encode/encode/tests/array_sum/array_sum.perf.plain --  --cso /dev/null
key=plain, no.=70, <stderr>:
LENGTH=320
elapsed cycles: 61269
hi(checksum)=0x4461F9F3DB1634A4
lo(checksum)=0x2F5AE0DFDF6AAE00
key=plain, no.=70, <checksum>:
0x4461F9F3DB1634A42F5AE0DFDF6AAE00
key=plain, no.=70, cso file:
/dev/null
----------------------------------------------
real command=cset shield -e /home/nrink/Projects/build/encode/encode/tests/array_sum/array_sum.perf.plain --  --cso /dev/null
key=plain, no.=71, <stderr>:
LENGTH=320
elapsed cycles: 61326
hi(checksum)=0x4461F9F3DB1634A4
lo(checksum)=0x2F5AE0DFDF6AAE00
key=plain, no.=71, <checksum>:
0x4461F9F3DB1634A42F5AE0DFDF6AAE00
key=plain, no.=71, cso file:
/dev/null
----------------------------------------------
real command=cset shield -e /home/nrink/Projects/build/encode/encode/tests/array_sum/array_sum.perf.plain --  --cso /dev/null
key=plain, no.=72, <stderr>:
LENGTH=320
elapsed cycles: 61281
hi(checksum)=0x4461F9F3DB1634A4
lo(checksum)=0x2F5AE0DFDF6AAE00
key=plain, no.=72, <checksum>:
0x4461F9F3DB1634A42F5AE0DFDF6AAE00
key=plain, no.=72, cso file:
/dev/null
----------------------------------------------
real command=cset shield -e /home/nrink/Projects/build/encode/encode/tests/array_sum/array_sum.perf.plain --  --cso /dev/null
key=plain, no.=73, <stderr>:
LENGTH=320
elapsed cycles: 61302
hi(checksum)=0x4461F9F3DB1634A4
lo(checksum)=0x2F5AE0DFDF6AAE00
key=plain, no.=73, <checksum>:
0x4461F9F3DB1634A42F5AE0DFDF6AAE00
key=plain, no.=73, cso file:
/dev/null
----------------------------------------------
real command=cset shield -e /home/nrink/Projects/build/encode/encode/tests/array_sum/array_sum.perf.plain --  --cso /dev/null
key=plain, no.=74, <stderr>:
LENGTH=320
elapsed cycles: 61278
hi(checksum)=0x4461F9F3DB1634A4
lo(checksum)=0x2F5AE0DFDF6AAE00
key=plain, no.=74, <checksum>:
0x4461F9F3DB1634A42F5AE0DFDF6AAE00
key=plain, no.=74, cso file:
/dev/null
----------------------------------------------
real command=cset shield -e /home/nrink/Projects/build/encode/encode/tests/array_sum/array_sum.perf.plain --  --cso /dev/null
key=plain, no.=75, <stderr>:
LENGTH=320
elapsed cycles: 61281
hi(checksum)=0x4461F9F3DB1634A4
lo(checksum)=0x2F5AE0DFDF6AAE00
key=plain, no.=75, <checksum>:
0x4461F9F3DB1634A42F5AE0DFDF6AAE00
key=plain, no.=75, cso file:
/dev/null
----------------------------------------------
real command=cset shield -e /home/nrink/Projects/build/encode/encode/tests/array_sum/array_sum.perf.plain --  --cso /dev/null
key=plain, no.=76, <stderr>:
LENGTH=320
elapsed cycles: 136806
hi(checksum)=0x4461F9F3DB1634A4
lo(checksum)=0x2F5AE0DFDF6AAE00
key=plain, no.=76, <checksum>:
0x4461F9F3DB1634A42F5AE0DFDF6AAE00
key=plain, no.=76, cso file:
/dev/null
----------------------------------------------
real command=cset shield -e /home/nrink/Projects/build/encode/encode/tests/array_sum/array_sum.perf.plain --  --cso /dev/null
key=plain, no.=77, <stderr>:
LENGTH=320
elapsed cycles: 61314
hi(checksum)=0x4461F9F3DB1634A4
lo(checksum)=0x2F5AE0DFDF6AAE00
key=plain, no.=77, <checksum>:
0x4461F9F3DB1634A42F5AE0DFDF6AAE00
key=plain, no.=77, cso file:
/dev/null
----------------------------------------------
real command=cset shield -e /home/nrink/Projects/build/encode/encode/tests/array_sum/array_sum.perf.plain --  --cso /dev/null
key=plain, no.=78, <stderr>:
LENGTH=320
elapsed cycles: 61161
hi(checksum)=0x4461F9F3DB1634A4
lo(checksum)=0x2F5AE0DFDF6AAE00
key=plain, no.=78, <checksum>:
0x4461F9F3DB1634A42F5AE0DFDF6AAE00
key=plain, no.=78, cso file:
/dev/null
----------------------------------------------
real command=cset shield -e /home/nrink/Projects/build/encode/encode/tests/array_sum/array_sum.perf.plain --  --cso /dev/null
key=plain, no.=79, <stderr>:
LENGTH=320
elapsed cycles: 61080
hi(checksum)=0x4461F9F3DB1634A4
lo(checksum)=0x2F5AE0DFDF6AAE00
key=plain, no.=79, <checksum>:
0x4461F9F3DB1634A42F5AE0DFDF6AAE00
key=plain, no.=79, cso file:
/dev/null
----------------------------------------------
real command=cset shield -e /home/nrink/Projects/build/encode/encode/tests/array_sum/array_sum.perf.plain --  --cso /dev/null
key=plain, no.=80, <stderr>:
LENGTH=320
elapsed cycles: 61284
hi(checksum)=0x4461F9F3DB1634A4
lo(checksum)=0x2F5AE0DFDF6AAE00
key=plain, no.=80, <checksum>:
0x4461F9F3DB1634A42F5AE0DFDF6AAE00
key=plain, no.=80, cso file:
/dev/null
----------------------------------------------
real command=cset shield -e /home/nrink/Projects/build/encode/encode/tests/array_sum/array_sum.perf.plain --  --cso /dev/null
key=plain, no.=81, <stderr>:
LENGTH=320
elapsed cycles: 61245
hi(checksum)=0x4461F9F3DB1634A4
lo(checksum)=0x2F5AE0DFDF6AAE00
key=plain, no.=81, <checksum>:
0x4461F9F3DB1634A42F5AE0DFDF6AAE00
key=plain, no.=81, cso file:
/dev/null
----------------------------------------------
real command=cset shield -e /home/nrink/Projects/build/encode/encode/tests/array_sum/array_sum.perf.plain --  --cso /dev/null
key=plain, no.=82, <stderr>:
LENGTH=320
elapsed cycles: 61281
hi(checksum)=0x4461F9F3DB1634A4
lo(checksum)=0x2F5AE0DFDF6AAE00
key=plain, no.=82, <checksum>:
0x4461F9F3DB1634A42F5AE0DFDF6AAE00
key=plain, no.=82, cso file:
/dev/null
----------------------------------------------
real command=cset shield -e /home/nrink/Projects/build/encode/encode/tests/array_sum/array_sum.perf.plain --  --cso /dev/null
key=plain, no.=83, <stderr>:
LENGTH=320
elapsed cycles: 61212
hi(checksum)=0x4461F9F3DB1634A4
lo(checksum)=0x2F5AE0DFDF6AAE00
key=plain, no.=83, <checksum>:
0x4461F9F3DB1634A42F5AE0DFDF6AAE00
key=plain, no.=83, cso file:
/dev/null
----------------------------------------------
real command=cset shield -e /home/nrink/Projects/build/encode/encode/tests/array_sum/array_sum.perf.plain --  --cso /dev/null
key=plain, no.=84, <stderr>:
LENGTH=320
elapsed cycles: 61329
hi(checksum)=0x4461F9F3DB1634A4
lo(checksum)=0x2F5AE0DFDF6AAE00
key=plain, no.=84, <checksum>:
0x4461F9F3DB1634A42F5AE0DFDF6AAE00
key=plain, no.=84, cso file:
/dev/null
----------------------------------------------
real command=cset shield -e /home/nrink/Projects/build/encode/encode/tests/array_sum/array_sum.perf.plain --  --cso /dev/null
key=plain, no.=85, <stderr>:
LENGTH=320
elapsed cycles: 99027
hi(checksum)=0x4461F9F3DB1634A4
lo(checksum)=0x2F5AE0DFDF6AAE00
key=plain, no.=85, <checksum>:
0x4461F9F3DB1634A42F5AE0DFDF6AAE00
key=plain, no.=85, cso file:
/dev/null
----------------------------------------------
real command=cset shield -e /home/nrink/Projects/build/encode/encode/tests/array_sum/array_sum.perf.plain --  --cso /dev/null
key=plain, no.=86, <stderr>:
LENGTH=320
elapsed cycles: 61206
hi(checksum)=0x4461F9F3DB1634A4
lo(checksum)=0x2F5AE0DFDF6AAE00
key=plain, no.=86, <checksum>:
0x4461F9F3DB1634A42F5AE0DFDF6AAE00
key=plain, no.=86, cso file:
/dev/null
----------------------------------------------
real command=cset shield -e /home/nrink/Projects/build/encode/encode/tests/array_sum/array_sum.perf.plain --  --cso /dev/null
key=plain, no.=87, <stderr>:
LENGTH=320
elapsed cycles: 61299
hi(checksum)=0x4461F9F3DB1634A4
lo(checksum)=0x2F5AE0DFDF6AAE00
key=plain, no.=87, <checksum>:
0x4461F9F3DB1634A42F5AE0DFDF6AAE00
key=plain, no.=87, cso file:
/dev/null
----------------------------------------------
real command=cset shield -e /home/nrink/Projects/build/encode/encode/tests/array_sum/array_sum.perf.plain --  --cso /dev/null
key=plain, no.=88, <stderr>:
LENGTH=320
elapsed cycles: 61020
hi(checksum)=0x4461F9F3DB1634A4
lo(checksum)=0x2F5AE0DFDF6AAE00
key=plain, no.=88, <checksum>:
0x4461F9F3DB1634A42F5AE0DFDF6AAE00
key=plain, no.=88, cso file:
/dev/null
----------------------------------------------
real command=cset shield -e /home/nrink/Projects/build/encode/encode/tests/array_sum/array_sum.perf.plain --  --cso /dev/null
key=plain, no.=89, <stderr>:
LENGTH=320
elapsed cycles: 61221
hi(checksum)=0x4461F9F3DB1634A4
lo(checksum)=0x2F5AE0DFDF6AAE00
key=plain, no.=89, <checksum>:
0x4461F9F3DB1634A42F5AE0DFDF6AAE00
key=plain, no.=89, cso file:
/dev/null
----------------------------------------------
real command=cset shield -e /home/nrink/Projects/build/encode/encode/tests/array_sum/array_sum.perf.plain --  --cso /dev/null
key=plain, no.=90, <stderr>:
LENGTH=320
elapsed cycles: 61191
hi(checksum)=0x4461F9F3DB1634A4
lo(checksum)=0x2F5AE0DFDF6AAE00
key=plain, no.=90, <checksum>:
0x4461F9F3DB1634A42F5AE0DFDF6AAE00
key=plain, no.=90, cso file:
/dev/null
----------------------------------------------
real command=cset shield -e /home/nrink/Projects/build/encode/encode/tests/array_sum/array_sum.perf.plain --  --cso /dev/null
key=plain, no.=91, <stderr>:
LENGTH=320
elapsed cycles: 61227
hi(checksum)=0x4461F9F3DB1634A4
lo(checksum)=0x2F5AE0DFDF6AAE00
key=plain, no.=91, <checksum>:
0x4461F9F3DB1634A42F5AE0DFDF6AAE00
key=plain, no.=91, cso file:
/dev/null
----------------------------------------------
real command=cset shield -e /home/nrink/Projects/build/encode/encode/tests/array_sum/array_sum.perf.plain --  --cso /dev/null
key=plain, no.=92, <stderr>:
LENGTH=320
elapsed cycles: 61182
hi(checksum)=0x4461F9F3DB1634A4
lo(checksum)=0x2F5AE0DFDF6AAE00
key=plain, no.=92, <checksum>:
0x4461F9F3DB1634A42F5AE0DFDF6AAE00
key=plain, no.=92, cso file:
/dev/null
----------------------------------------------
real command=cset shield -e /home/nrink/Projects/build/encode/encode/tests/array_sum/array_sum.perf.plain --  --cso /dev/null
key=plain, no.=93, <stderr>:
LENGTH=320
elapsed cycles: 61122
hi(checksum)=0x4461F9F3DB1634A4
lo(checksum)=0x2F5AE0DFDF6AAE00
key=plain, no.=93, <checksum>:
0x4461F9F3DB1634A42F5AE0DFDF6AAE00
key=plain, no.=93, cso file:
/dev/null
----------------------------------------------
real command=cset shield -e /home/nrink/Projects/build/encode/encode/tests/array_sum/array_sum.perf.plain --  --cso /dev/null
key=plain, no.=94, <stderr>:
LENGTH=320
elapsed cycles: 61263
hi(checksum)=0x4461F9F3DB1634A4
lo(checksum)=0x2F5AE0DFDF6AAE00
key=plain, no.=94, <checksum>:
0x4461F9F3DB1634A42F5AE0DFDF6AAE00
key=plain, no.=94, cso file:
/dev/null
----------------------------------------------
real command=cset shield -e /home/nrink/Projects/build/encode/encode/tests/array_sum/array_sum.perf.plain --  --cso /dev/null
key=plain, no.=95, <stderr>:
LENGTH=320
elapsed cycles: 61227
hi(checksum)=0x4461F9F3DB1634A4
lo(checksum)=0x2F5AE0DFDF6AAE00
key=plain, no.=95, <checksum>:
0x4461F9F3DB1634A42F5AE0DFDF6AAE00
key=plain, no.=95, cso file:
/dev/null
----------------------------------------------
real command=cset shield -e /home/nrink/Projects/build/encode/encode/tests/array_sum/array_sum.perf.plain --  --cso /dev/null
key=plain, no.=96, <stderr>:
LENGTH=320
elapsed cycles: 62802
hi(checksum)=0x4461F9F3DB1634A4
lo(checksum)=0x2F5AE0DFDF6AAE00
key=plain, no.=96, <checksum>:
0x4461F9F3DB1634A42F5AE0DFDF6AAE00
key=plain, no.=96, cso file:
/dev/null
----------------------------------------------
real command=cset shield -e /home/nrink/Projects/build/encode/encode/tests/array_sum/array_sum.perf.plain --  --cso /dev/null
key=plain, no.=97, <stderr>:
LENGTH=320
elapsed cycles: 61161
hi(checksum)=0x4461F9F3DB1634A4
lo(checksum)=0x2F5AE0DFDF6AAE00
key=plain, no.=97, <checksum>:
0x4461F9F3DB1634A42F5AE0DFDF6AAE00
key=plain, no.=97, cso file:
/dev/null
----------------------------------------------
real command=cset shield -e /home/nrink/Projects/build/encode/encode/tests/array_sum/array_sum.perf.plain --  --cso /dev/null
key=plain, no.=98, <stderr>:
LENGTH=320
elapsed cycles: 61224
hi(checksum)=0x4461F9F3DB1634A4
lo(checksum)=0x2F5AE0DFDF6AAE00
key=plain, no.=98, <checksum>:
0x4461F9F3DB1634A42F5AE0DFDF6AAE00
key=plain, no.=98, cso file:
/dev/null
----------------------------------------------
real command=cset shield -e /home/nrink/Projects/build/encode/encode/tests/array_sum/array_sum.perf.plain --  --cso /dev/null
key=plain, no.=99, <stderr>:
LENGTH=320
elapsed cycles: 61308
hi(checksum)=0x4461F9F3DB1634A4
lo(checksum)=0x2F5AE0DFDF6AAE00
key=plain, no.=99, <checksum>:
0x4461F9F3DB1634A42F5AE0DFDF6AAE00
key=plain, no.=99, cso file:
/dev/null
----------------------------------------------
key=encoded, runs=100 ...
command=/home/nrink/Projects/build/encode/encode/tests/array_sum/array_sum.perf.encoded
----------------------------------------------
real command=cset shield -e /home/nrink/Projects/build/encode/encode/tests/array_sum/array_sum.perf.encoded --  --cso /dev/null
key=encoded, no.=0, <stderr>:
LENGTH=320
elapsed cycles: 272058
hi(checksum)=0x4461F9F3DB1634A4
lo(checksum)=0x2F5AE0DFDF6AAE00
key=encoded, no.=0, <checksum>:
0x4461F9F3DB1634A42F5AE0DFDF6AAE00
key=encoded, no.=0, cso file:
/dev/null
----------------------------------------------
real command=cset shield -e /home/nrink/Projects/build/encode/encode/tests/array_sum/array_sum.perf.encoded --  --cso /dev/null
key=encoded, no.=1, <stderr>:
LENGTH=320
elapsed cycles: 271875
hi(checksum)=0x4461F9F3DB1634A4
lo(checksum)=0x2F5AE0DFDF6AAE00
key=encoded, no.=1, <checksum>:
0x4461F9F3DB1634A42F5AE0DFDF6AAE00
key=encoded, no.=1, cso file:
/dev/null
----------------------------------------------
real command=cset shield -e /home/nrink/Projects/build/encode/encode/tests/array_sum/array_sum.perf.encoded --  --cso /dev/null
key=encoded, no.=2, <stderr>:
LENGTH=320
elapsed cycles: 272115
hi(checksum)=0x4461F9F3DB1634A4
lo(checksum)=0x2F5AE0DFDF6AAE00
key=encoded, no.=2, <checksum>:
0x4461F9F3DB1634A42F5AE0DFDF6AAE00
key=encoded, no.=2, cso file:
/dev/null
----------------------------------------------
real command=cset shield -e /home/nrink/Projects/build/encode/encode/tests/array_sum/array_sum.perf.encoded --  --cso /dev/null
key=encoded, no.=3, <stderr>:
LENGTH=320
elapsed cycles: 271995
hi(checksum)=0x4461F9F3DB1634A4
lo(checksum)=0x2F5AE0DFDF6AAE00
key=encoded, no.=3, <checksum>:
0x4461F9F3DB1634A42F5AE0DFDF6AAE00
key=encoded, no.=3, cso file:
/dev/null
----------------------------------------------
real command=cset shield -e /home/nrink/Projects/build/encode/encode/tests/array_sum/array_sum.perf.encoded --  --cso /dev/null
key=encoded, no.=4, <stderr>:
LENGTH=320
elapsed cycles: 271866
hi(checksum)=0x4461F9F3DB1634A4
lo(checksum)=0x2F5AE0DFDF6AAE00
key=encoded, no.=4, <checksum>:
0x4461F9F3DB1634A42F5AE0DFDF6AAE00
key=encoded, no.=4, cso file:
/dev/null
----------------------------------------------
real command=cset shield -e /home/nrink/Projects/build/encode/encode/tests/array_sum/array_sum.perf.encoded --  --cso /dev/null
key=encoded, no.=5, <stderr>:
LENGTH=320
elapsed cycles: 272817
hi(checksum)=0x4461F9F3DB1634A4
lo(checksum)=0x2F5AE0DFDF6AAE00
key=encoded, no.=5, <checksum>:
0x4461F9F3DB1634A42F5AE0DFDF6AAE00
key=encoded, no.=5, cso file:
/dev/null
----------------------------------------------
real command=cset shield -e /home/nrink/Projects/build/encode/encode/tests/array_sum/array_sum.perf.encoded --  --cso /dev/null
key=encoded, no.=6, <stderr>:
LENGTH=320
elapsed cycles: 311925
hi(checksum)=0x4461F9F3DB1634A4
lo(checksum)=0x2F5AE0DFDF6AAE00
key=encoded, no.=6, <checksum>:
0x4461F9F3DB1634A42F5AE0DFDF6AAE00
key=encoded, no.=6, cso file:
/dev/null
----------------------------------------------
real command=cset shield -e /home/nrink/Projects/build/encode/encode/tests/array_sum/array_sum.perf.encoded --  --cso /dev/null
key=encoded, no.=7, <stderr>:
LENGTH=320
elapsed cycles: 271968
hi(checksum)=0x4461F9F3DB1634A4
lo(checksum)=0x2F5AE0DFDF6AAE00
key=encoded, no.=7, <checksum>:
0x4461F9F3DB1634A42F5AE0DFDF6AAE00
key=encoded, no.=7, cso file:
/dev/null
----------------------------------------------
real command=cset shield -e /home/nrink/Projects/build/encode/encode/tests/array_sum/array_sum.perf.encoded --  --cso /dev/null
key=encoded, no.=8, <stderr>:
LENGTH=320
elapsed cycles: 272871
hi(checksum)=0x4461F9F3DB1634A4
lo(checksum)=0x2F5AE0DFDF6AAE00
key=encoded, no.=8, <checksum>:
0x4461F9F3DB1634A42F5AE0DFDF6AAE00
key=encoded, no.=8, cso file:
/dev/null
----------------------------------------------
real command=cset shield -e /home/nrink/Projects/build/encode/encode/tests/array_sum/array_sum.perf.encoded --  --cso /dev/null
key=encoded, no.=9, <stderr>:
LENGTH=320
elapsed cycles: 272109
hi(checksum)=0x4461F9F3DB1634A4
lo(checksum)=0x2F5AE0DFDF6AAE00
key=encoded, no.=9, <checksum>:
0x4461F9F3DB1634A42F5AE0DFDF6AAE00
key=encoded, no.=9, cso file:
/dev/null
----------------------------------------------
real command=cset shield -e /home/nrink/Projects/build/encode/encode/tests/array_sum/array_sum.perf.encoded --  --cso /dev/null
key=encoded, no.=10, <stderr>:
LENGTH=320
elapsed cycles: 272148
hi(checksum)=0x4461F9F3DB1634A4
lo(checksum)=0x2F5AE0DFDF6AAE00
key=encoded, no.=10, <checksum>:
0x4461F9F3DB1634A42F5AE0DFDF6AAE00
key=encoded, no.=10, cso file:
/dev/null
----------------------------------------------
real command=cset shield -e /home/nrink/Projects/build/encode/encode/tests/array_sum/array_sum.perf.encoded --  --cso /dev/null
key=encoded, no.=11, <stderr>:
LENGTH=320
elapsed cycles: 272091
hi(checksum)=0x4461F9F3DB1634A4
lo(checksum)=0x2F5AE0DFDF6AAE00
key=encoded, no.=11, <checksum>:
0x4461F9F3DB1634A42F5AE0DFDF6AAE00
key=encoded, no.=11, cso file:
/dev/null
----------------------------------------------
real command=cset shield -e /home/nrink/Projects/build/encode/encode/tests/array_sum/array_sum.perf.encoded --  --cso /dev/null
key=encoded, no.=12, <stderr>:
LENGTH=320
elapsed cycles: 272001
hi(checksum)=0x4461F9F3DB1634A4
lo(checksum)=0x2F5AE0DFDF6AAE00
key=encoded, no.=12, <checksum>:
0x4461F9F3DB1634A42F5AE0DFDF6AAE00
key=encoded, no.=12, cso file:
/dev/null
----------------------------------------------
real command=cset shield -e /home/nrink/Projects/build/encode/encode/tests/array_sum/array_sum.perf.encoded --  --cso /dev/null
key=encoded, no.=13, <stderr>:
LENGTH=320
elapsed cycles: 272151
hi(checksum)=0x4461F9F3DB1634A4
lo(checksum)=0x2F5AE0DFDF6AAE00
key=encoded, no.=13, <checksum>:
0x4461F9F3DB1634A42F5AE0DFDF6AAE00
key=encoded, no.=13, cso file:
/dev/null
----------------------------------------------
real command=cset shield -e /home/nrink/Projects/build/encode/encode/tests/array_sum/array_sum.perf.encoded --  --cso /dev/null
key=encoded, no.=14, <stderr>:
LENGTH=320
elapsed cycles: 272481
hi(checksum)=0x4461F9F3DB1634A4
lo(checksum)=0x2F5AE0DFDF6AAE00
key=encoded, no.=14, <checksum>:
0x4461F9F3DB1634A42F5AE0DFDF6AAE00
key=encoded, no.=14, cso file:
/dev/null
----------------------------------------------
real command=cset shield -e /home/nrink/Projects/build/encode/encode/tests/array_sum/array_sum.perf.encoded --  --cso /dev/null
key=encoded, no.=15, <stderr>:
LENGTH=320
elapsed cycles: 272196
hi(checksum)=0x4461F9F3DB1634A4
lo(checksum)=0x2F5AE0DFDF6AAE00
key=encoded, no.=15, <checksum>:
0x4461F9F3DB1634A42F5AE0DFDF6AAE00
key=encoded, no.=15, cso file:
/dev/null
----------------------------------------------
real command=cset shield -e /home/nrink/Projects/build/encode/encode/tests/array_sum/array_sum.perf.encoded --  --cso /dev/null
key=encoded, no.=16, <stderr>:
LENGTH=320
elapsed cycles: 272394
hi(checksum)=0x4461F9F3DB1634A4
lo(checksum)=0x2F5AE0DFDF6AAE00
key=encoded, no.=16, <checksum>:
0x4461F9F3DB1634A42F5AE0DFDF6AAE00
key=encoded, no.=16, cso file:
/dev/null
----------------------------------------------
real command=cset shield -e /home/nrink/Projects/build/encode/encode/tests/array_sum/array_sum.perf.encoded --  --cso /dev/null
key=encoded, no.=17, <stderr>:
LENGTH=320
elapsed cycles: 272055
hi(checksum)=0x4461F9F3DB1634A4
lo(checksum)=0x2F5AE0DFDF6AAE00
key=encoded, no.=17, <checksum>:
0x4461F9F3DB1634A42F5AE0DFDF6AAE00
key=encoded, no.=17, cso file:
/dev/null
----------------------------------------------
real command=cset shield -e /home/nrink/Projects/build/encode/encode/tests/array_sum/array_sum.perf.encoded --  --cso /dev/null
key=encoded, no.=18, <stderr>:
LENGTH=320
elapsed cycles: 272409
hi(checksum)=0x4461F9F3DB1634A4
lo(checksum)=0x2F5AE0DFDF6AAE00
key=encoded, no.=18, <checksum>:
0x4461F9F3DB1634A42F5AE0DFDF6AAE00
key=encoded, no.=18, cso file:
/dev/null
----------------------------------------------
real command=cset shield -e /home/nrink/Projects/build/encode/encode/tests/array_sum/array_sum.perf.encoded --  --cso /dev/null
key=encoded, no.=19, <stderr>:
LENGTH=320
elapsed cycles: 432990
hi(checksum)=0x4461F9F3DB1634A4
lo(checksum)=0x2F5AE0DFDF6AAE00
key=encoded, no.=19, <checksum>:
0x4461F9F3DB1634A42F5AE0DFDF6AAE00
key=encoded, no.=19, cso file:
/dev/null
----------------------------------------------
real command=cset shield -e /home/nrink/Projects/build/encode/encode/tests/array_sum/array_sum.perf.encoded --  --cso /dev/null
key=encoded, no.=20, <stderr>:
LENGTH=320
elapsed cycles: 272211
hi(checksum)=0x4461F9F3DB1634A4
lo(checksum)=0x2F5AE0DFDF6AAE00
key=encoded, no.=20, <checksum>:
0x4461F9F3DB1634A42F5AE0DFDF6AAE00
key=encoded, no.=20, cso file:
/dev/null
----------------------------------------------
real command=cset shield -e /home/nrink/Projects/build/encode/encode/tests/array_sum/array_sum.perf.encoded --  --cso /dev/null
key=encoded, no.=21, <stderr>:
LENGTH=320
elapsed cycles: 271992
hi(checksum)=0x4461F9F3DB1634A4
lo(checksum)=0x2F5AE0DFDF6AAE00
key=encoded, no.=21, <checksum>:
0x4461F9F3DB1634A42F5AE0DFDF6AAE00
key=encoded, no.=21, cso file:
/dev/null
----------------------------------------------
real command=cset shield -e /home/nrink/Projects/build/encode/encode/tests/array_sum/array_sum.perf.encoded --  --cso /dev/null
key=encoded, no.=22, <stderr>:
LENGTH=320
elapsed cycles: 272436
hi(checksum)=0x4461F9F3DB1634A4
lo(checksum)=0x2F5AE0DFDF6AAE00
key=encoded, no.=22, <checksum>:
0x4461F9F3DB1634A42F5AE0DFDF6AAE00
key=encoded, no.=22, cso file:
/dev/null
----------------------------------------------
real command=cset shield -e /home/nrink/Projects/build/encode/encode/tests/array_sum/array_sum.perf.encoded --  --cso /dev/null
key=encoded, no.=23, <stderr>:
LENGTH=320
elapsed cycles: 272274
hi(checksum)=0x4461F9F3DB1634A4
lo(checksum)=0x2F5AE0DFDF6AAE00
key=encoded, no.=23, <checksum>:
0x4461F9F3DB1634A42F5AE0DFDF6AAE00
key=encoded, no.=23, cso file:
/dev/null
----------------------------------------------
real command=cset shield -e /home/nrink/Projects/build/encode/encode/tests/array_sum/array_sum.perf.encoded --  --cso /dev/null
key=encoded, no.=24, <stderr>:
LENGTH=320
elapsed cycles: 273057
hi(checksum)=0x4461F9F3DB1634A4
lo(checksum)=0x2F5AE0DFDF6AAE00
key=encoded, no.=24, <checksum>:
0x4461F9F3DB1634A42F5AE0DFDF6AAE00
key=encoded, no.=24, cso file:
/dev/null
----------------------------------------------
real command=cset shield -e /home/nrink/Projects/build/encode/encode/tests/array_sum/array_sum.perf.encoded --  --cso /dev/null
key=encoded, no.=25, <stderr>:
LENGTH=320
elapsed cycles: 272121
hi(checksum)=0x4461F9F3DB1634A4
lo(checksum)=0x2F5AE0DFDF6AAE00
key=encoded, no.=25, <checksum>:
0x4461F9F3DB1634A42F5AE0DFDF6AAE00
key=encoded, no.=25, cso file:
/dev/null
----------------------------------------------
real command=cset shield -e /home/nrink/Projects/build/encode/encode/tests/array_sum/array_sum.perf.encoded --  --cso /dev/null
key=encoded, no.=26, <stderr>:
LENGTH=320
elapsed cycles: 273018
hi(checksum)=0x4461F9F3DB1634A4
lo(checksum)=0x2F5AE0DFDF6AAE00
key=encoded, no.=26, <checksum>:
0x4461F9F3DB1634A42F5AE0DFDF6AAE00
key=encoded, no.=26, cso file:
/dev/null
----------------------------------------------
real command=cset shield -e /home/nrink/Projects/build/encode/encode/tests/array_sum/array_sum.perf.encoded --  --cso /dev/null
key=encoded, no.=27, <stderr>:
LENGTH=320
elapsed cycles: 272112
hi(checksum)=0x4461F9F3DB1634A4
lo(checksum)=0x2F5AE0DFDF6AAE00
key=encoded, no.=27, <checksum>:
0x4461F9F3DB1634A42F5AE0DFDF6AAE00
key=encoded, no.=27, cso file:
/dev/null
----------------------------------------------
real command=cset shield -e /home/nrink/Projects/build/encode/encode/tests/array_sum/array_sum.perf.encoded --  --cso /dev/null
key=encoded, no.=28, <stderr>:
LENGTH=320
elapsed cycles: 271830
hi(checksum)=0x4461F9F3DB1634A4
lo(checksum)=0x2F5AE0DFDF6AAE00
key=encoded, no.=28, <checksum>:
0x4461F9F3DB1634A42F5AE0DFDF6AAE00
key=encoded, no.=28, cso file:
/dev/null
----------------------------------------------
real command=cset shield -e /home/nrink/Projects/build/encode/encode/tests/array_sum/array_sum.perf.encoded --  --cso /dev/null
key=encoded, no.=29, <stderr>:
LENGTH=320
elapsed cycles: 272271
hi(checksum)=0x4461F9F3DB1634A4
lo(checksum)=0x2F5AE0DFDF6AAE00
key=encoded, no.=29, <checksum>:
0x4461F9F3DB1634A42F5AE0DFDF6AAE00
key=encoded, no.=29, cso file:
/dev/null
----------------------------------------------
real command=cset shield -e /home/nrink/Projects/build/encode/encode/tests/array_sum/array_sum.perf.encoded --  --cso /dev/null
key=encoded, no.=30, <stderr>:
LENGTH=320
elapsed cycles: 272241
hi(checksum)=0x4461F9F3DB1634A4
lo(checksum)=0x2F5AE0DFDF6AAE00
key=encoded, no.=30, <checksum>:
0x4461F9F3DB1634A42F5AE0DFDF6AAE00
key=encoded, no.=30, cso file:
/dev/null
----------------------------------------------
real command=cset shield -e /home/nrink/Projects/build/encode/encode/tests/array_sum/array_sum.perf.encoded --  --cso /dev/null
key=encoded, no.=31, <stderr>:
LENGTH=320
elapsed cycles: 386247
hi(checksum)=0x4461F9F3DB1634A4
lo(checksum)=0x2F5AE0DFDF6AAE00
key=encoded, no.=31, <checksum>:
0x4461F9F3DB1634A42F5AE0DFDF6AAE00
key=encoded, no.=31, cso file:
/dev/null
----------------------------------------------
real command=cset shield -e /home/nrink/Projects/build/encode/encode/tests/array_sum/array_sum.perf.encoded --  --cso /dev/null
key=encoded, no.=32, <stderr>:
LENGTH=320
elapsed cycles: 384453
hi(checksum)=0x4461F9F3DB1634A4
lo(checksum)=0x2F5AE0DFDF6AAE00
key=encoded, no.=32, <checksum>:
0x4461F9F3DB1634A42F5AE0DFDF6AAE00
key=encoded, no.=32, cso file:
/dev/null
----------------------------------------------
real command=cset shield -e /home/nrink/Projects/build/encode/encode/tests/array_sum/array_sum.perf.encoded --  --cso /dev/null
key=encoded, no.=33, <stderr>:
LENGTH=320
elapsed cycles: 272130
hi(checksum)=0x4461F9F3DB1634A4
lo(checksum)=0x2F5AE0DFDF6AAE00
key=encoded, no.=33, <checksum>:
0x4461F9F3DB1634A42F5AE0DFDF6AAE00
key=encoded, no.=33, cso file:
/dev/null
----------------------------------------------
real command=cset shield -e /home/nrink/Projects/build/encode/encode/tests/array_sum/array_sum.perf.encoded --  --cso /dev/null
key=encoded, no.=34, <stderr>:
LENGTH=320
elapsed cycles: 272184
hi(checksum)=0x4461F9F3DB1634A4
lo(checksum)=0x2F5AE0DFDF6AAE00
key=encoded, no.=34, <checksum>:
0x4461F9F3DB1634A42F5AE0DFDF6AAE00
key=encoded, no.=34, cso file:
/dev/null
----------------------------------------------
real command=cset shield -e /home/nrink/Projects/build/encode/encode/tests/array_sum/array_sum.perf.encoded --  --cso /dev/null
key=encoded, no.=35, <stderr>:
LENGTH=320
elapsed cycles: 272871
hi(checksum)=0x4461F9F3DB1634A4
lo(checksum)=0x2F5AE0DFDF6AAE00
key=encoded, no.=35, <checksum>:
0x4461F9F3DB1634A42F5AE0DFDF6AAE00
key=encoded, no.=35, cso file:
/dev/null
----------------------------------------------
real command=cset shield -e /home/nrink/Projects/build/encode/encode/tests/array_sum/array_sum.perf.encoded --  --cso /dev/null
key=encoded, no.=36, <stderr>:
LENGTH=320
elapsed cycles: 272112
hi(checksum)=0x4461F9F3DB1634A4
lo(checksum)=0x2F5AE0DFDF6AAE00
key=encoded, no.=36, <checksum>:
0x4461F9F3DB1634A42F5AE0DFDF6AAE00
key=encoded, no.=36, cso file:
/dev/null
----------------------------------------------
real command=cset shield -e /home/nrink/Projects/build/encode/encode/tests/array_sum/array_sum.perf.encoded --  --cso /dev/null
key=encoded, no.=37, <stderr>:
LENGTH=320
elapsed cycles: 272421
hi(checksum)=0x4461F9F3DB1634A4
lo(checksum)=0x2F5AE0DFDF6AAE00
key=encoded, no.=37, <checksum>:
0x4461F9F3DB1634A42F5AE0DFDF6AAE00
key=encoded, no.=37, cso file:
/dev/null
----------------------------------------------
real command=cset shield -e /home/nrink/Projects/build/encode/encode/tests/array_sum/array_sum.perf.encoded --  --cso /dev/null
key=encoded, no.=38, <stderr>:
LENGTH=320
elapsed cycles: 271992
hi(checksum)=0x4461F9F3DB1634A4
lo(checksum)=0x2F5AE0DFDF6AAE00
key=encoded, no.=38, <checksum>:
0x4461F9F3DB1634A42F5AE0DFDF6AAE00
key=encoded, no.=38, cso file:
/dev/null
----------------------------------------------
real command=cset shield -e /home/nrink/Projects/build/encode/encode/tests/array_sum/array_sum.perf.encoded --  --cso /dev/null
key=encoded, no.=39, <stderr>:
LENGTH=320
elapsed cycles: 272001
hi(checksum)=0x4461F9F3DB1634A4
lo(checksum)=0x2F5AE0DFDF6AAE00
key=encoded, no.=39, <checksum>:
0x4461F9F3DB1634A42F5AE0DFDF6AAE00
key=encoded, no.=39, cso file:
/dev/null
----------------------------------------------
real command=cset shield -e /home/nrink/Projects/build/encode/encode/tests/array_sum/array_sum.perf.encoded --  --cso /dev/null
key=encoded, no.=40, <stderr>:
LENGTH=320
elapsed cycles: 271998
hi(checksum)=0x4461F9F3DB1634A4
lo(checksum)=0x2F5AE0DFDF6AAE00
key=encoded, no.=40, <checksum>:
0x4461F9F3DB1634A42F5AE0DFDF6AAE00
key=encoded, no.=40, cso file:
/dev/null
----------------------------------------------
real command=cset shield -e /home/nrink/Projects/build/encode/encode/tests/array_sum/array_sum.perf.encoded --  --cso /dev/null
key=encoded, no.=41, <stderr>:
LENGTH=320
elapsed cycles: 271968
hi(checksum)=0x4461F9F3DB1634A4
lo(checksum)=0x2F5AE0DFDF6AAE00
key=encoded, no.=41, <checksum>:
0x4461F9F3DB1634A42F5AE0DFDF6AAE00
key=encoded, no.=41, cso file:
/dev/null
----------------------------------------------
real command=cset shield -e /home/nrink/Projects/build/encode/encode/tests/array_sum/array_sum.perf.encoded --  --cso /dev/null
key=encoded, no.=42, <stderr>:
LENGTH=320
elapsed cycles: 272343
hi(checksum)=0x4461F9F3DB1634A4
lo(checksum)=0x2F5AE0DFDF6AAE00
key=encoded, no.=42, <checksum>:
0x4461F9F3DB1634A42F5AE0DFDF6AAE00
key=encoded, no.=42, cso file:
/dev/null
----------------------------------------------
real command=cset shield -e /home/nrink/Projects/build/encode/encode/tests/array_sum/array_sum.perf.encoded --  --cso /dev/null
key=encoded, no.=43, <stderr>:
LENGTH=320
elapsed cycles: 272046
hi(checksum)=0x4461F9F3DB1634A4
lo(checksum)=0x2F5AE0DFDF6AAE00
key=encoded, no.=43, <checksum>:
0x4461F9F3DB1634A42F5AE0DFDF6AAE00
key=encoded, no.=43, cso file:
/dev/null
----------------------------------------------
real command=cset shield -e /home/nrink/Projects/build/encode/encode/tests/array_sum/array_sum.perf.encoded --  --cso /dev/null
key=encoded, no.=44, <stderr>:
LENGTH=320
elapsed cycles: 272442
hi(checksum)=0x4461F9F3DB1634A4
lo(checksum)=0x2F5AE0DFDF6AAE00
key=encoded, no.=44, <checksum>:
0x4461F9F3DB1634A42F5AE0DFDF6AAE00
key=encoded, no.=44, cso file:
/dev/null
----------------------------------------------
real command=cset shield -e /home/nrink/Projects/build/encode/encode/tests/array_sum/array_sum.perf.encoded --  --cso /dev/null
key=encoded, no.=45, <stderr>:
LENGTH=320
elapsed cycles: 272013
hi(checksum)=0x4461F9F3DB1634A4
lo(checksum)=0x2F5AE0DFDF6AAE00
key=encoded, no.=45, <checksum>:
0x4461F9F3DB1634A42F5AE0DFDF6AAE00
key=encoded, no.=45, cso file:
/dev/null
----------------------------------------------
real command=cset shield -e /home/nrink/Projects/build/encode/encode/tests/array_sum/array_sum.perf.encoded --  --cso /dev/null
key=encoded, no.=46, <stderr>:
LENGTH=320
elapsed cycles: 272013
hi(checksum)=0x4461F9F3DB1634A4
lo(checksum)=0x2F5AE0DFDF6AAE00
key=encoded, no.=46, <checksum>:
0x4461F9F3DB1634A42F5AE0DFDF6AAE00
key=encoded, no.=46, cso file:
/dev/null
----------------------------------------------
real command=cset shield -e /home/nrink/Projects/build/encode/encode/tests/array_sum/array_sum.perf.encoded --  --cso /dev/null
key=encoded, no.=47, <stderr>:
LENGTH=320
elapsed cycles: 311856
hi(checksum)=0x4461F9F3DB1634A4
lo(checksum)=0x2F5AE0DFDF6AAE00
key=encoded, no.=47, <checksum>:
0x4461F9F3DB1634A42F5AE0DFDF6AAE00
key=encoded, no.=47, cso file:
/dev/null
----------------------------------------------
real command=cset shield -e /home/nrink/Projects/build/encode/encode/tests/array_sum/array_sum.perf.encoded --  --cso /dev/null
key=encoded, no.=48, <stderr>:
LENGTH=320
elapsed cycles: 272007
hi(checksum)=0x4461F9F3DB1634A4
lo(checksum)=0x2F5AE0DFDF6AAE00
key=encoded, no.=48, <checksum>:
0x4461F9F3DB1634A42F5AE0DFDF6AAE00
key=encoded, no.=48, cso file:
/dev/null
----------------------------------------------
real command=cset shield -e /home/nrink/Projects/build/encode/encode/tests/array_sum/array_sum.perf.encoded --  --cso /dev/null
key=encoded, no.=49, <stderr>:
LENGTH=320
elapsed cycles: 271941
hi(checksum)=0x4461F9F3DB1634A4
lo(checksum)=0x2F5AE0DFDF6AAE00
key=encoded, no.=49, <checksum>:
0x4461F9F3DB1634A42F5AE0DFDF6AAE00
key=encoded, no.=49, cso file:
/dev/null
----------------------------------------------
real command=cset shield -e /home/nrink/Projects/build/encode/encode/tests/array_sum/array_sum.perf.encoded --  --cso /dev/null
key=encoded, no.=50, <stderr>:
LENGTH=320
elapsed cycles: 272952
hi(checksum)=0x4461F9F3DB1634A4
lo(checksum)=0x2F5AE0DFDF6AAE00
key=encoded, no.=50, <checksum>:
0x4461F9F3DB1634A42F5AE0DFDF6AAE00
key=encoded, no.=50, cso file:
/dev/null
----------------------------------------------
real command=cset shield -e /home/nrink/Projects/build/encode/encode/tests/array_sum/array_sum.perf.encoded --  --cso /dev/null
key=encoded, no.=51, <stderr>:
LENGTH=320
elapsed cycles: 272043
hi(checksum)=0x4461F9F3DB1634A4
lo(checksum)=0x2F5AE0DFDF6AAE00
key=encoded, no.=51, <checksum>:
0x4461F9F3DB1634A42F5AE0DFDF6AAE00
key=encoded, no.=51, cso file:
/dev/null
----------------------------------------------
real command=cset shield -e /home/nrink/Projects/build/encode/encode/tests/array_sum/array_sum.perf.encoded --  --cso /dev/null
key=encoded, no.=52, <stderr>:
LENGTH=320
elapsed cycles: 272097
hi(checksum)=0x4461F9F3DB1634A4
lo(checksum)=0x2F5AE0DFDF6AAE00
key=encoded, no.=52, <checksum>:
0x4461F9F3DB1634A42F5AE0DFDF6AAE00
key=encoded, no.=52, cso file:
/dev/null
----------------------------------------------
real command=cset shield -e /home/nrink/Projects/build/encode/encode/tests/array_sum/array_sum.perf.encoded --  --cso /dev/null
key=encoded, no.=53, <stderr>:
LENGTH=320
elapsed cycles: 271794
hi(checksum)=0x4461F9F3DB1634A4
lo(checksum)=0x2F5AE0DFDF6AAE00
key=encoded, no.=53, <checksum>:
0x4461F9F3DB1634A42F5AE0DFDF6AAE00
key=encoded, no.=53, cso file:
/dev/null
----------------------------------------------
real command=cset shield -e /home/nrink/Projects/build/encode/encode/tests/array_sum/array_sum.perf.encoded --  --cso /dev/null
key=encoded, no.=54, <stderr>:
LENGTH=320
elapsed cycles: 272013
hi(checksum)=0x4461F9F3DB1634A4
lo(checksum)=0x2F5AE0DFDF6AAE00
key=encoded, no.=54, <checksum>:
0x4461F9F3DB1634A42F5AE0DFDF6AAE00
key=encoded, no.=54, cso file:
/dev/null
----------------------------------------------
real command=cset shield -e /home/nrink/Projects/build/encode/encode/tests/array_sum/array_sum.perf.encoded --  --cso /dev/null
key=encoded, no.=55, <stderr>:
LENGTH=320
elapsed cycles: 272034
hi(checksum)=0x4461F9F3DB1634A4
lo(checksum)=0x2F5AE0DFDF6AAE00
key=encoded, no.=55, <checksum>:
0x4461F9F3DB1634A42F5AE0DFDF6AAE00
key=encoded, no.=55, cso file:
/dev/null
----------------------------------------------
real command=cset shield -e /home/nrink/Projects/build/encode/encode/tests/array_sum/array_sum.perf.encoded --  --cso /dev/null
key=encoded, no.=56, <stderr>:
LENGTH=320
elapsed cycles: 271920
hi(checksum)=0x4461F9F3DB1634A4
lo(checksum)=0x2F5AE0DFDF6AAE00
key=encoded, no.=56, <checksum>:
0x4461F9F3DB1634A42F5AE0DFDF6AAE00
key=encoded, no.=56, cso file:
/dev/null
----------------------------------------------
real command=cset shield -e /home/nrink/Projects/build/encode/encode/tests/array_sum/array_sum.perf.encoded --  --cso /dev/null
key=encoded, no.=57, <stderr>:
LENGTH=320
elapsed cycles: 271875
hi(checksum)=0x4461F9F3DB1634A4
lo(checksum)=0x2F5AE0DFDF6AAE00
key=encoded, no.=57, <checksum>:
0x4461F9F3DB1634A42F5AE0DFDF6AAE00
key=encoded, no.=57, cso file:
/dev/null
----------------------------------------------
real command=cset shield -e /home/nrink/Projects/build/encode/encode/tests/array_sum/array_sum.perf.encoded --  --cso /dev/null
key=encoded, no.=58, <stderr>:
LENGTH=320
elapsed cycles: 271968
hi(checksum)=0x4461F9F3DB1634A4
lo(checksum)=0x2F5AE0DFDF6AAE00
key=encoded, no.=58, <checksum>:
0x4461F9F3DB1634A42F5AE0DFDF6AAE00
key=encoded, no.=58, cso file:
/dev/null
----------------------------------------------
real command=cset shield -e /home/nrink/Projects/build/encode/encode/tests/array_sum/array_sum.perf.encoded --  --cso /dev/null
key=encoded, no.=59, <stderr>:
LENGTH=320
elapsed cycles: 272841
hi(checksum)=0x4461F9F3DB1634A4
lo(checksum)=0x2F5AE0DFDF6AAE00
key=encoded, no.=59, <checksum>:
0x4461F9F3DB1634A42F5AE0DFDF6AAE00
key=encoded, no.=59, cso file:
/dev/null
----------------------------------------------
real command=cset shield -e /home/nrink/Projects/build/encode/encode/tests/array_sum/array_sum.perf.encoded --  --cso /dev/null
key=encoded, no.=60, <stderr>:
LENGTH=320
elapsed cycles: 271971
hi(checksum)=0x4461F9F3DB1634A4
lo(checksum)=0x2F5AE0DFDF6AAE00
key=encoded, no.=60, <checksum>:
0x4461F9F3DB1634A42F5AE0DFDF6AAE00
key=encoded, no.=60, cso file:
/dev/null
----------------------------------------------
real command=cset shield -e /home/nrink/Projects/build/encode/encode/tests/array_sum/array_sum.perf.encoded --  --cso /dev/null
key=encoded, no.=61, <stderr>:
LENGTH=320
elapsed cycles: 271887
hi(checksum)=0x4461F9F3DB1634A4
lo(checksum)=0x2F5AE0DFDF6AAE00
key=encoded, no.=61, <checksum>:
0x4461F9F3DB1634A42F5AE0DFDF6AAE00
key=encoded, no.=61, cso file:
/dev/null
----------------------------------------------
real command=cset shield -e /home/nrink/Projects/build/encode/encode/tests/array_sum/array_sum.perf.encoded --  --cso /dev/null
key=encoded, no.=62, <stderr>:
LENGTH=320
elapsed cycles: 272070
hi(checksum)=0x4461F9F3DB1634A4
lo(checksum)=0x2F5AE0DFDF6AAE00
key=encoded, no.=62, <checksum>:
0x4461F9F3DB1634A42F5AE0DFDF6AAE00
key=encoded, no.=62, cso file:
/dev/null
----------------------------------------------
real command=cset shield -e /home/nrink/Projects/build/encode/encode/tests/array_sum/array_sum.perf.encoded --  --cso /dev/null
key=encoded, no.=63, <stderr>:
LENGTH=320
elapsed cycles: 271971
hi(checksum)=0x4461F9F3DB1634A4
lo(checksum)=0x2F5AE0DFDF6AAE00
key=encoded, no.=63, <checksum>:
0x4461F9F3DB1634A42F5AE0DFDF6AAE00
key=encoded, no.=63, cso file:
/dev/null
----------------------------------------------
real command=cset shield -e /home/nrink/Projects/build/encode/encode/tests/array_sum/array_sum.perf.encoded --  --cso /dev/null
key=encoded, no.=64, <stderr>:
LENGTH=320
elapsed cycles: 272034
hi(checksum)=0x4461F9F3DB1634A4
lo(checksum)=0x2F5AE0DFDF6AAE00
key=encoded, no.=64, <checksum>:
0x4461F9F3DB1634A42F5AE0DFDF6AAE00
key=encoded, no.=64, cso file:
/dev/null
----------------------------------------------
real command=cset shield -e /home/nrink/Projects/build/encode/encode/tests/array_sum/array_sum.perf.encoded --  --cso /dev/null
key=encoded, no.=65, <stderr>:
LENGTH=320
elapsed cycles: 272049
hi(checksum)=0x4461F9F3DB1634A4
lo(checksum)=0x2F5AE0DFDF6AAE00
key=encoded, no.=65, <checksum>:
0x4461F9F3DB1634A42F5AE0DFDF6AAE00
key=encoded, no.=65, cso file:
/dev/null
----------------------------------------------
real command=cset shield -e /home/nrink/Projects/build/encode/encode/tests/array_sum/array_sum.perf.encoded --  --cso /dev/null
key=encoded, no.=66, <stderr>:
LENGTH=320
elapsed cycles: 272613
hi(checksum)=0x4461F9F3DB1634A4
lo(checksum)=0x2F5AE0DFDF6AAE00
key=encoded, no.=66, <checksum>:
0x4461F9F3DB1634A42F5AE0DFDF6AAE00
key=encoded, no.=66, cso file:
/dev/null
----------------------------------------------
real command=cset shield -e /home/nrink/Projects/build/encode/encode/tests/array_sum/array_sum.perf.encoded --  --cso /dev/null
key=encoded, no.=67, <stderr>:
LENGTH=320
elapsed cycles: 272169
hi(checksum)=0x4461F9F3DB1634A4
lo(checksum)=0x2F5AE0DFDF6AAE00
key=encoded, no.=67, <checksum>:
0x4461F9F3DB1634A42F5AE0DFDF6AAE00
key=encoded, no.=67, cso file:
/dev/null
----------------------------------------------
real command=cset shield -e /home/nrink/Projects/build/encode/encode/tests/array_sum/array_sum.perf.encoded --  --cso /dev/null
key=encoded, no.=68, <stderr>:
LENGTH=320
elapsed cycles: 272154
hi(checksum)=0x4461F9F3DB1634A4
lo(checksum)=0x2F5AE0DFDF6AAE00
key=encoded, no.=68, <checksum>:
0x4461F9F3DB1634A42F5AE0DFDF6AAE00
key=encoded, no.=68, cso file:
/dev/null
----------------------------------------------
real command=cset shield -e /home/nrink/Projects/build/encode/encode/tests/array_sum/array_sum.perf.encoded --  --cso /dev/null
key=encoded, no.=69, <stderr>:
LENGTH=320
elapsed cycles: 273411
hi(checksum)=0x4461F9F3DB1634A4
lo(checksum)=0x2F5AE0DFDF6AAE00
key=encoded, no.=69, <checksum>:
0x4461F9F3DB1634A42F5AE0DFDF6AAE00
key=encoded, no.=69, cso file:
/dev/null
----------------------------------------------
real command=cset shield -e /home/nrink/Projects/build/encode/encode/tests/array_sum/array_sum.perf.encoded --  --cso /dev/null
key=encoded, no.=70, <stderr>:
LENGTH=320
elapsed cycles: 272133
hi(checksum)=0x4461F9F3DB1634A4
lo(checksum)=0x2F5AE0DFDF6AAE00
key=encoded, no.=70, <checksum>:
0x4461F9F3DB1634A42F5AE0DFDF6AAE00
key=encoded, no.=70, cso file:
/dev/null
----------------------------------------------
real command=cset shield -e /home/nrink/Projects/build/encode/encode/tests/array_sum/array_sum.perf.encoded --  --cso /dev/null
key=encoded, no.=71, <stderr>:
LENGTH=320
elapsed cycles: 272142
hi(checksum)=0x4461F9F3DB1634A4
lo(checksum)=0x2F5AE0DFDF6AAE00
key=encoded, no.=71, <checksum>:
0x4461F9F3DB1634A42F5AE0DFDF6AAE00
key=encoded, no.=71, cso file:
/dev/null
----------------------------------------------
real command=cset shield -e /home/nrink/Projects/build/encode/encode/tests/array_sum/array_sum.perf.encoded --  --cso /dev/null
key=encoded, no.=72, <stderr>:
LENGTH=320
elapsed cycles: 272142
hi(checksum)=0x4461F9F3DB1634A4
lo(checksum)=0x2F5AE0DFDF6AAE00
key=encoded, no.=72, <checksum>:
0x4461F9F3DB1634A42F5AE0DFDF6AAE00
key=encoded, no.=72, cso file:
/dev/null
----------------------------------------------
real command=cset shield -e /home/nrink/Projects/build/encode/encode/tests/array_sum/array_sum.perf.encoded --  --cso /dev/null
key=encoded, no.=73, <stderr>:
LENGTH=320
elapsed cycles: 271824
hi(checksum)=0x4461F9F3DB1634A4
lo(checksum)=0x2F5AE0DFDF6AAE00
key=encoded, no.=73, <checksum>:
0x4461F9F3DB1634A42F5AE0DFDF6AAE00
key=encoded, no.=73, cso file:
/dev/null
----------------------------------------------
real command=cset shield -e /home/nrink/Projects/build/encode/encode/tests/array_sum/array_sum.perf.encoded --  --cso /dev/null
key=encoded, no.=74, <stderr>:
LENGTH=320
elapsed cycles: 272157
hi(checksum)=0x4461F9F3DB1634A4
lo(checksum)=0x2F5AE0DFDF6AAE00
key=encoded, no.=74, <checksum>:
0x4461F9F3DB1634A42F5AE0DFDF6AAE00
key=encoded, no.=74, cso file:
/dev/null
----------------------------------------------
real command=cset shield -e /home/nrink/Projects/build/encode/encode/tests/array_sum/array_sum.perf.encoded --  --cso /dev/null
key=encoded, no.=75, <stderr>:
LENGTH=320
elapsed cycles: 271941
hi(checksum)=0x4461F9F3DB1634A4
lo(checksum)=0x2F5AE0DFDF6AAE00
key=encoded, no.=75, <checksum>:
0x4461F9F3DB1634A42F5AE0DFDF6AAE00
key=encoded, no.=75, cso file:
/dev/null
----------------------------------------------
real command=cset shield -e /home/nrink/Projects/build/encode/encode/tests/array_sum/array_sum.perf.encoded --  --cso /dev/null
key=encoded, no.=76, <stderr>:
LENGTH=320
elapsed cycles: 271899
hi(checksum)=0x4461F9F3DB1634A4
lo(checksum)=0x2F5AE0DFDF6AAE00
key=encoded, no.=76, <checksum>:
0x4461F9F3DB1634A42F5AE0DFDF6AAE00
key=encoded, no.=76, cso file:
/dev/null
----------------------------------------------
real command=cset shield -e /home/nrink/Projects/build/encode/encode/tests/array_sum/array_sum.perf.encoded --  --cso /dev/null
key=encoded, no.=77, <stderr>:
LENGTH=320
elapsed cycles: 272391
hi(checksum)=0x4461F9F3DB1634A4
lo(checksum)=0x2F5AE0DFDF6AAE00
key=encoded, no.=77, <checksum>:
0x4461F9F3DB1634A42F5AE0DFDF6AAE00
key=encoded, no.=77, cso file:
/dev/null
----------------------------------------------
real command=cset shield -e /home/nrink/Projects/build/encode/encode/tests/array_sum/array_sum.perf.encoded --  --cso /dev/null
key=encoded, no.=78, <stderr>:
LENGTH=320
elapsed cycles: 306309
hi(checksum)=0x4461F9F3DB1634A4
lo(checksum)=0x2F5AE0DFDF6AAE00
key=encoded, no.=78, <checksum>:
0x4461F9F3DB1634A42F5AE0DFDF6AAE00
key=encoded, no.=78, cso file:
/dev/null
----------------------------------------------
real command=cset shield -e /home/nrink/Projects/build/encode/encode/tests/array_sum/array_sum.perf.encoded --  --cso /dev/null
key=encoded, no.=79, <stderr>:
LENGTH=320
elapsed cycles: 272757
hi(checksum)=0x4461F9F3DB1634A4
lo(checksum)=0x2F5AE0DFDF6AAE00
key=encoded, no.=79, <checksum>:
0x4461F9F3DB1634A42F5AE0DFDF6AAE00
key=encoded, no.=79, cso file:
/dev/null
----------------------------------------------
real command=cset shield -e /home/nrink/Projects/build/encode/encode/tests/array_sum/array_sum.perf.encoded --  --cso /dev/null
key=encoded, no.=80, <stderr>:
LENGTH=320
elapsed cycles: 272034
hi(checksum)=0x4461F9F3DB1634A4
lo(checksum)=0x2F5AE0DFDF6AAE00
key=encoded, no.=80, <checksum>:
0x4461F9F3DB1634A42F5AE0DFDF6AAE00
key=encoded, no.=80, cso file:
/dev/null
----------------------------------------------
real command=cset shield -e /home/nrink/Projects/build/encode/encode/tests/array_sum/array_sum.perf.encoded --  --cso /dev/null
key=encoded, no.=81, <stderr>:
LENGTH=320
elapsed cycles: 272295
hi(checksum)=0x4461F9F3DB1634A4
lo(checksum)=0x2F5AE0DFDF6AAE00
key=encoded, no.=81, <checksum>:
0x4461F9F3DB1634A42F5AE0DFDF6AAE00
key=encoded, no.=81, cso file:
/dev/null
----------------------------------------------
real command=cset shield -e /home/nrink/Projects/build/encode/encode/tests/array_sum/array_sum.perf.encoded --  --cso /dev/null
key=encoded, no.=82, <stderr>:
LENGTH=320
elapsed cycles: 272619
hi(checksum)=0x4461F9F3DB1634A4
lo(checksum)=0x2F5AE0DFDF6AAE00
key=encoded, no.=82, <checksum>:
0x4461F9F3DB1634A42F5AE0DFDF6AAE00
key=encoded, no.=82, cso file:
/dev/null
----------------------------------------------
real command=cset shield -e /home/nrink/Projects/build/encode/encode/tests/array_sum/array_sum.perf.encoded --  --cso /dev/null
key=encoded, no.=83, <stderr>:
LENGTH=320
elapsed cycles: 304746
hi(checksum)=0x4461F9F3DB1634A4
lo(checksum)=0x2F5AE0DFDF6AAE00
key=encoded, no.=83, <checksum>:
0x4461F9F3DB1634A42F5AE0DFDF6AAE00
key=encoded, no.=83, cso file:
/dev/null
----------------------------------------------
real command=cset shield -e /home/nrink/Projects/build/encode/encode/tests/array_sum/array_sum.perf.encoded --  --cso /dev/null
key=encoded, no.=84, <stderr>:
LENGTH=320
elapsed cycles: 273222
hi(checksum)=0x4461F9F3DB1634A4
lo(checksum)=0x2F5AE0DFDF6AAE00
key=encoded, no.=84, <checksum>:
0x4461F9F3DB1634A42F5AE0DFDF6AAE00
key=encoded, no.=84, cso file:
/dev/null
----------------------------------------------
real command=cset shield -e /home/nrink/Projects/build/encode/encode/tests/array_sum/array_sum.perf.encoded --  --cso /dev/null
key=encoded, no.=85, <stderr>:
LENGTH=320
elapsed cycles: 272232
hi(checksum)=0x4461F9F3DB1634A4
lo(checksum)=0x2F5AE0DFDF6AAE00
key=encoded, no.=85, <checksum>:
0x4461F9F3DB1634A42F5AE0DFDF6AAE00
key=encoded, no.=85, cso file:
/dev/null
----------------------------------------------
real command=cset shield -e /home/nrink/Projects/build/encode/encode/tests/array_sum/array_sum.perf.encoded --  --cso /dev/null
key=encoded, no.=86, <stderr>:
LENGTH=320
elapsed cycles: 272241
hi(checksum)=0x4461F9F3DB1634A4
lo(checksum)=0x2F5AE0DFDF6AAE00
key=encoded, no.=86, <checksum>:
0x4461F9F3DB1634A42F5AE0DFDF6AAE00
key=encoded, no.=86, cso file:
/dev/null
----------------------------------------------
real command=cset shield -e /home/nrink/Projects/build/encode/encode/tests/array_sum/array_sum.perf.encoded --  --cso /dev/null
key=encoded, no.=87, <stderr>:
LENGTH=320
elapsed cycles: 272196
hi(checksum)=0x4461F9F3DB1634A4
lo(checksum)=0x2F5AE0DFDF6AAE00
key=encoded, no.=87, <checksum>:
0x4461F9F3DB1634A42F5AE0DFDF6AAE00
key=encoded, no.=87, cso file:
/dev/null
----------------------------------------------
real command=cset shield -e /home/nrink/Projects/build/encode/encode/tests/array_sum/array_sum.perf.encoded --  --cso /dev/null
key=encoded, no.=88, <stderr>:
LENGTH=320
elapsed cycles: 271956
hi(checksum)=0x4461F9F3DB1634A4
lo(checksum)=0x2F5AE0DFDF6AAE00
key=encoded, no.=88, <checksum>:
0x4461F9F3DB1634A42F5AE0DFDF6AAE00
key=encoded, no.=88, cso file:
/dev/null
----------------------------------------------
real command=cset shield -e /home/nrink/Projects/build/encode/encode/tests/array_sum/array_sum.perf.encoded --  --cso /dev/null
key=encoded, no.=89, <stderr>:
LENGTH=320
elapsed cycles: 272001
hi(checksum)=0x4461F9F3DB1634A4
lo(checksum)=0x2F5AE0DFDF6AAE00
key=encoded, no.=89, <checksum>:
0x4461F9F3DB1634A42F5AE0DFDF6AAE00
key=encoded, no.=89, cso file:
/dev/null
----------------------------------------------
real command=cset shield -e /home/nrink/Projects/build/encode/encode/tests/array_sum/array_sum.perf.encoded --  --cso /dev/null
key=encoded, no.=90, <stderr>:
LENGTH=320
elapsed cycles: 304557
hi(checksum)=0x4461F9F3DB1634A4
lo(checksum)=0x2F5AE0DFDF6AAE00
key=encoded, no.=90, <checksum>:
0x4461F9F3DB1634A42F5AE0DFDF6AAE00
key=encoded, no.=90, cso file:
/dev/null
----------------------------------------------
real command=cset shield -e /home/nrink/Projects/build/encode/encode/tests/array_sum/array_sum.perf.encoded --  --cso /dev/null
key=encoded, no.=91, <stderr>:
LENGTH=320
elapsed cycles: 272013
hi(checksum)=0x4461F9F3DB1634A4
lo(checksum)=0x2F5AE0DFDF6AAE00
key=encoded, no.=91, <checksum>:
0x4461F9F3DB1634A42F5AE0DFDF6AAE00
key=encoded, no.=91, cso file:
/dev/null
----------------------------------------------
real command=cset shield -e /home/nrink/Projects/build/encode/encode/tests/array_sum/array_sum.perf.encoded --  --cso /dev/null
key=encoded, no.=92, <stderr>:
LENGTH=320
elapsed cycles: 272004
hi(checksum)=0x4461F9F3DB1634A4
lo(checksum)=0x2F5AE0DFDF6AAE00
key=encoded, no.=92, <checksum>:
0x4461F9F3DB1634A42F5AE0DFDF6AAE00
key=encoded, no.=92, cso file:
/dev/null
----------------------------------------------
real command=cset shield -e /home/nrink/Projects/build/encode/encode/tests/array_sum/array_sum.perf.encoded --  --cso /dev/null
key=encoded, no.=93, <stderr>:
LENGTH=320
elapsed cycles: 304422
hi(checksum)=0x4461F9F3DB1634A4
lo(checksum)=0x2F5AE0DFDF6AAE00
key=encoded, no.=93, <checksum>:
0x4461F9F3DB1634A42F5AE0DFDF6AAE00
key=encoded, no.=93, cso file:
/dev/null
----------------------------------------------
real command=cset shield -e /home/nrink/Projects/build/encode/encode/tests/array_sum/array_sum.perf.encoded --  --cso /dev/null
key=encoded, no.=94, <stderr>:
LENGTH=320
elapsed cycles: 304608
hi(checksum)=0x4461F9F3DB1634A4
lo(checksum)=0x2F5AE0DFDF6AAE00
key=encoded, no.=94, <checksum>:
0x4461F9F3DB1634A42F5AE0DFDF6AAE00
key=encoded, no.=94, cso file:
/dev/null
----------------------------------------------
real command=cset shield -e /home/nrink/Projects/build/encode/encode/tests/array_sum/array_sum.perf.encoded --  --cso /dev/null
key=encoded, no.=95, <stderr>:
LENGTH=320
elapsed cycles: 304530
hi(checksum)=0x4461F9F3DB1634A4
lo(checksum)=0x2F5AE0DFDF6AAE00
key=encoded, no.=95, <checksum>:
0x4461F9F3DB1634A42F5AE0DFDF6AAE00
key=encoded, no.=95, cso file:
/dev/null
----------------------------------------------
real command=cset shield -e /home/nrink/Projects/build/encode/encode/tests/array_sum/array_sum.perf.encoded --  --cso /dev/null
key=encoded, no.=96, <stderr>:
LENGTH=320
elapsed cycles: 272100
hi(checksum)=0x4461F9F3DB1634A4
lo(checksum)=0x2F5AE0DFDF6AAE00
key=encoded, no.=96, <checksum>:
0x4461F9F3DB1634A42F5AE0DFDF6AAE00
key=encoded, no.=96, cso file:
/dev/null
----------------------------------------------
real command=cset shield -e /home/nrink/Projects/build/encode/encode/tests/array_sum/array_sum.perf.encoded --  --cso /dev/null
key=encoded, no.=97, <stderr>:
LENGTH=320
elapsed cycles: 272070
hi(checksum)=0x4461F9F3DB1634A4
lo(checksum)=0x2F5AE0DFDF6AAE00
key=encoded, no.=97, <checksum>:
0x4461F9F3DB1634A42F5AE0DFDF6AAE00
key=encoded, no.=97, cso file:
/dev/null
----------------------------------------------
real command=cset shield -e /home/nrink/Projects/build/encode/encode/tests/array_sum/array_sum.perf.encoded --  --cso /dev/null
key=encoded, no.=98, <stderr>:
LENGTH=320
elapsed cycles: 304563
hi(checksum)=0x4461F9F3DB1634A4
lo(checksum)=0x2F5AE0DFDF6AAE00
key=encoded, no.=98, <checksum>:
0x4461F9F3DB1634A42F5AE0DFDF6AAE00
key=encoded, no.=98, cso file:
/dev/null
----------------------------------------------
real command=cset shield -e /home/nrink/Projects/build/encode/encode/tests/array_sum/array_sum.perf.encoded --  --cso /dev/null
key=encoded, no.=99, <stderr>:
LENGTH=320
elapsed cycles: 342234
hi(checksum)=0x4461F9F3DB1634A4
lo(checksum)=0x2F5AE0DFDF6AAE00
key=encoded, no.=99, <checksum>:
0x4461F9F3DB1634A42F5AE0DFDF6AAE00
key=encoded, no.=99, cso file:
/dev/null
----------------------------------------------
