<stderr> from running /home/nrink/Projects/pin-2.14-71313-gcc.4.4.7-linux/pin.sh -t /home/nrink/Projects/bfi/obj-intel64/bfi.so -trigger 151964 -cmd WREG -seed 1 -mask 142 -- /home/nrink/Projects/build/encode/encode/tests/array_sum/array_sum.cover.encoded --cso ./2015-05-05_15:21:14/array_sum/cover/cs/encoded.14.cso --csl ./2015-05-05_15:21:14/array_sum/cover/cs/encoded.14.csl:
[.:    0, IP = 0x4009b4, i = 151964, wa = 0, ra = 0, rr = 0, wr = 0, it = 0, t = 0]
	at ip 0x4009b7, rax = 0x5d48, rax' = 0x5dc6
elapsed cycles: 3426198924
hi(checksum)=0x0000000000000000
lo(checksum)=0x00000000000001A4
**********************
INSTR   = 161952
WADDR   = 0
RADDR   = 0
RREG    = 0
WREG    = 0
ITER    = 0
TRIGGER = 151964
TTYPE   = IN
COMMAND = WREG
SEL     = -1
SEED    = 1
MASK    = 0x8e
THREAD  = 0
ELAPSED = 6.03s
----------------------------------------------------------------
