<stderr> from running /home/nrink/Projects/pin-2.14-71313-gcc.4.4.7-linux/pin.sh -t /home/nrink/Projects/bfi/obj-intel64/bfi.so -trigger 151278 -cmd RREG -seed 1 -mask 27 -- /home/nrink/Projects/build/encode/encode/tests/array_sum/array_sum.cover.plain --cso ./2015-05-05_15:21:14/array_sum/cover/cs/plain.74.cso --csl ./2015-05-05_15:21:14/array_sum/cover/cs/plain.74.csl:
[.:    0, IP = 0x400972, i = 151278, wa = 0, ra = 0, rr = 0, wr = 0, it = 0, t = 0]
	at ip 0x400972, rax = 0x2, rax' = 0x19
**********************
INSTR   = 175187
WADDR   = 0
RADDR   = 0
RREG    = 0
WREG    = 0
ITER    = 0
TRIGGER = 151278
TTYPE   = IN
COMMAND = RREG
SEL     = -1
SEED    = 1
MASK    = 0x1b
THREAD  = 0
ELAPSED = 3.11s
Segmentation fault (core dumped)
----------------------------------------------------------------
