<stderr> from running /home/nrink/Projects/pin-2.14-71313-gcc.4.4.7-linux/pin.sh -t /home/nrink/Projects/bfi/obj-intel64/bfi.so -trigger 151773 -cmd TXT -seed 1 -mask 63 -- /home/nrink/Projects/build/encode/encode/tests/array_sum/array_sum.cover.encoded --cso ./2015-05-05_15:21:14/array_sum/cover/cs/encoded.1.cso --csl ./2015-05-05_15:21:14/array_sum/cover/cs/encoded.1.csl:
[.:    0, IP = 0x400a00, i = 151773, wa = 0, ra = 0, rr = 0, wr = 0, it = 0, t = 0]
	ip' = 0x400a04, size = 4, mask = 63, idx = 1, byte = 141, byte' = 178
elapsed cycles: 658009365
hi(checksum)=0x0000000000000000
lo(checksum)=0x00000000000001A4
**********************
INSTR   = 160642
WADDR   = 0
RADDR   = 0
RREG    = 0
WREG    = 0
ITER    = 0
TRIGGER = 151773
TTYPE   = IN
COMMAND = TXT
SEL     = -1
SEED    = 1
MASK    = 0x3f
THREAD  = 0
ELAPSED = 6.03s
----------------------------------------------------------------
