<stderr> from running /home/nrink/Projects/pin-2.14-71313-gcc.4.4.7-linux/pin.sh -t /home/nrink/Projects/bfi/obj-intel64/bfi.so -trigger 151164 -cmd WADDR -seed 1 -mask 225 -- /home/nrink/Projects/build/encode/encode/tests/array_sum/array_sum.cover.plain --cso ./2015-05-05_15:21:14/array_sum/cover/cs/plain.54.cso --csl ./2015-05-05_15:21:14/array_sum/cover/cs/plain.54.csl:
[.:    0, IP = 0x400c57, i = 151165, wa = 0, ra = 0, rr = 0, wr = 0, it = 0, t = 0]
	access = write, size = 8, addr = 0x6020a0, addr' = 0x602041, op = 0
**********************
INSTR   = 152050
WADDR   = 0
RADDR   = 0
RREG    = 0
WREG    = 0
ITER    = 0
TRIGGER = 151164
TTYPE   = IN
COMMAND = WADDR
SEL     = -1
SEED    = 1
MASK    = 0xe1
THREAD  = 0
ELAPSED = 3.23s
Segmentation fault (core dumped)
----------------------------------------------------------------
