<stderr> from running /home/nrink/Projects/pin-2.14-71313-gcc.4.4.7-linux/pin.sh -t /home/nrink/Projects/bfi/obj-intel64/bfi.so -trigger 163559 -cmd RREG -seed 1 -mask 165 -- /home/nrink/Projects/build/encode/encode/tests/ptrarith/ptrarith.cover.plain --cso ./2015-05-05_13:42:46/ptrarith/cover/cs/plain.33.cso --csl ./2015-05-05_13:42:46/ptrarith/cover/cs/plain.33.csl:
[.:    0, IP = 0x400a77, i = 163559, wa = 0, ra = 0, rr = 0, wr = 0, it = 0, t = 0]
	at ip 0x400a77, rip = 0x400a77, rip' = 0x400ad2
**********************
INSTR   = 164333
WADDR   = 0
RADDR   = 0
RREG    = 0
WREG    = 0
ITER    = 0
TRIGGER = 163559
TTYPE   = IN
COMMAND = RREG
SEL     = -1
SEED    = 1
MASK    = 0xa5
THREAD  = 0
ELAPSED = 3.78s
Segmentation fault (core dumped)
----------------------------------------------------------------
