<stderr> from running /home/nrink/Projects/pin-2.14-71313-gcc.4.4.7-linux/pin.sh -t /home/nrink/Projects/bfi/obj-intel64/bfi.so -trigger 163613 -cmd WREG -seed 1 -mask 156 -- /home/nrink/Projects/build/encode/encode/tests/ptrarith/ptrarith.cover.plain --cso ./2015-05-05_13:42:46/ptrarith/cover/cs/plain.93.cso --csl ./2015-05-05_13:42:46/ptrarith/cover/cs/plain.93.csl:
[.:    0, IP = 0x400aa0, i = 163614, wa = 0, ra = 0, rr = 0, wr = 0, it = 0, t = 0]
	at ip 0x400aa4, rsi = 0xc, rsi' = 0x90
elapsed cycles: 55002663
hi(checksum)=0xBF1698978B834875
lo(checksum)=0xA5C67DC1DA5EE3E4
**********************
INSTR   = 177509
WADDR   = 0
RADDR   = 0
RREG    = 0
WREG    = 0
ITER    = 0
TRIGGER = 163613
TTYPE   = IN
COMMAND = WREG
SEL     = -1
SEED    = 1
MASK    = 0x9c
THREAD  = 0
ELAPSED = 6.09s
----------------------------------------------------------------
