2015-05-05_16:08:36 $$ reference checksum=0xC538EDCF
2015-05-05_16:08:36 $$ reference file: ./2015-05-05_16:02:12/crc/cover/cs/golden.plain.cso
2015-05-05_16:08:36 $$ ----------------------------------------------------------------
2015-05-05_16:08:36 $$ Warming up ...
2015-05-05_16:08:36 $$ ... timing (0,3): $$ running /home/nrink/Projects/pin-2.14-71313-gcc.4.4.7-linux/pin.sh -t /home/nrink/Projects/bfi/obj-intel64/bfi.so -- /home/nrink/Projects/build/encode/encode/tests/crc/crc.cover.plain /home/nrink/Projects/build/encode/encode/tests/crc/crc_input_small.pcm --cso /dev/null --csl /dev/null ...
2015-05-05_16:08:36 $$ ... timing (0,3): $$ pid=12403: started process /home/nrink/Projects/pin-2.14-71313-gcc.4.4.7-linux/pin.sh -t /home/nrink/Projects/bfi/obj-intel64/bfi.so -- /home/nrink/Projects/build/encode/encode/tests/crc/crc.cover.plain /home/nrink/Projects/build/encode/encode/tests/crc/crc_input_small.pcm --cso /dev/null --csl /dev/null
2015-05-05_16:08:40 $$ ... timing (0,3): $$ pid=12403: communicated with process
2015-05-05_16:08:40 $$ ... timing (0,3): $$ finished running /home/nrink/Projects/pin-2.14-71313-gcc.4.4.7-linux/pin.sh -t /home/nrink/Projects/bfi/obj-intel64/bfi.so -- /home/nrink/Projects/build/encode/encode/tests/crc/crc.cover.plain /home/nrink/Projects/build/encode/encode/tests/crc/crc_input_small.pcm --cso /dev/null --csl /dev/null ...
2015-05-05_16:08:40 $$ ... timing (0,3): $$ writing <stderr> to ./2015-05-05_16:02:12/crc/cover/crc.cover.plain.timing.0.3.stderr ...
2015-05-05_16:08:40 $$ ... timing (0,3): $$ done writing <stderr> to ./2015-05-05_16:02:12/crc/cover/crc.cover.plain.timing.0.3.stderr ...
2015-05-05_16:08:40 $$ ... timing (0,3): $$ writing <stdout> to ./2015-05-05_16:02:12/crc/cover/crc.cover.plain.timing.0.3.stdout ...
2015-05-05_16:08:40 $$ ... timing (0,3): $$ done writing <stdout> to ./2015-05-05_16:02:12/crc/cover/crc.cover.plain.timing.0.3.stdout ...
2015-05-05_16:08:40 $$ ... timing (0,3): $$ None (retcode=0) /home/nrink/Projects/pin-2.14-71313-gcc.4.4.7-linux/pin.sh -t /home/nrink/Projects/bfi/obj-intel64/bfi.so -- /home/nrink/Projects/build/encode/encode/tests/crc/crc.cover.plain /home/nrink/Projects/build/encode/encode/tests/crc/crc_input_small.pcm --cso /dev/null --csl /dev/null ...
2015-05-05_16:08:36 $$ ... timing (0,1): $$ running /home/nrink/Projects/pin-2.14-71313-gcc.4.4.7-linux/pin.sh -t /home/nrink/Projects/bfi/obj-intel64/bfi.so -- /home/nrink/Projects/build/encode/encode/tests/crc/crc.cover.plain /home/nrink/Projects/build/encode/encode/tests/crc/crc_input_small.pcm --cso /dev/null --csl /dev/null ...
2015-05-05_16:08:36 $$ ... timing (0,1): $$ pid=12370: started process /home/nrink/Projects/pin-2.14-71313-gcc.4.4.7-linux/pin.sh -t /home/nrink/Projects/bfi/obj-intel64/bfi.so -- /home/nrink/Projects/build/encode/encode/tests/crc/crc.cover.plain /home/nrink/Projects/build/encode/encode/tests/crc/crc_input_small.pcm --cso /dev/null --csl /dev/null
2015-05-05_16:08:40 $$ ... timing (0,1): $$ pid=12370: communicated with process
2015-05-05_16:08:40 $$ ... timing (0,1): $$ finished running /home/nrink/Projects/pin-2.14-71313-gcc.4.4.7-linux/pin.sh -t /home/nrink/Projects/bfi/obj-intel64/bfi.so -- /home/nrink/Projects/build/encode/encode/tests/crc/crc.cover.plain /home/nrink/Projects/build/encode/encode/tests/crc/crc_input_small.pcm --cso /dev/null --csl /dev/null ...
2015-05-05_16:08:40 $$ ... timing (0,1): $$ writing <stderr> to ./2015-05-05_16:02:12/crc/cover/crc.cover.plain.timing.0.1.stderr ...
2015-05-05_16:08:40 $$ ... timing (0,1): $$ done writing <stderr> to ./2015-05-05_16:02:12/crc/cover/crc.cover.plain.timing.0.1.stderr ...
2015-05-05_16:08:40 $$ ... timing (0,1): $$ writing <stdout> to ./2015-05-05_16:02:12/crc/cover/crc.cover.plain.timing.0.1.stdout ...
2015-05-05_16:08:40 $$ ... timing (0,1): $$ done writing <stdout> to ./2015-05-05_16:02:12/crc/cover/crc.cover.plain.timing.0.1.stdout ...
2015-05-05_16:08:40 $$ ... timing (0,1): $$ None (retcode=0) /home/nrink/Projects/pin-2.14-71313-gcc.4.4.7-linux/pin.sh -t /home/nrink/Projects/bfi/obj-intel64/bfi.so -- /home/nrink/Projects/build/encode/encode/tests/crc/crc.cover.plain /home/nrink/Projects/build/encode/encode/tests/crc/crc_input_small.pcm --cso /dev/null --csl /dev/null ...
2015-05-05_16:08:36 $$ ... timing (0,0): $$ running /home/nrink/Projects/pin-2.14-71313-gcc.4.4.7-linux/pin.sh -t /home/nrink/Projects/bfi/obj-intel64/bfi.so -- /home/nrink/Projects/build/encode/encode/tests/crc/crc.cover.plain /home/nrink/Projects/build/encode/encode/tests/crc/crc_input_small.pcm --cso /dev/null --csl /dev/null ...
2015-05-05_16:08:36 $$ ... timing (0,0): $$ pid=12402: started process /home/nrink/Projects/pin-2.14-71313-gcc.4.4.7-linux/pin.sh -t /home/nrink/Projects/bfi/obj-intel64/bfi.so -- /home/nrink/Projects/build/encode/encode/tests/crc/crc.cover.plain /home/nrink/Projects/build/encode/encode/tests/crc/crc_input_small.pcm --cso /dev/null --csl /dev/null
2015-05-05_16:08:40 $$ ... timing (0,0): $$ pid=12402: communicated with process
2015-05-05_16:08:40 $$ ... timing (0,0): $$ finished running /home/nrink/Projects/pin-2.14-71313-gcc.4.4.7-linux/pin.sh -t /home/nrink/Projects/bfi/obj-intel64/bfi.so -- /home/nrink/Projects/build/encode/encode/tests/crc/crc.cover.plain /home/nrink/Projects/build/encode/encode/tests/crc/crc_input_small.pcm --cso /dev/null --csl /dev/null ...
2015-05-05_16:08:40 $$ ... timing (0,0): $$ writing <stderr> to ./2015-05-05_16:02:12/crc/cover/crc.cover.plain.timing.0.0.stderr ...
2015-05-05_16:08:40 $$ ... timing (0,0): $$ done writing <stderr> to ./2015-05-05_16:02:12/crc/cover/crc.cover.plain.timing.0.0.stderr ...
2015-05-05_16:08:40 $$ ... timing (0,0): $$ writing <stdout> to ./2015-05-05_16:02:12/crc/cover/crc.cover.plain.timing.0.0.stdout ...
2015-05-05_16:08:40 $$ ... timing (0,0): $$ done writing <stdout> to ./2015-05-05_16:02:12/crc/cover/crc.cover.plain.timing.0.0.stdout ...
2015-05-05_16:08:40 $$ ... timing (0,0): $$ None (retcode=0) /home/nrink/Projects/pin-2.14-71313-gcc.4.4.7-linux/pin.sh -t /home/nrink/Projects/bfi/obj-intel64/bfi.so -- /home/nrink/Projects/build/encode/encode/tests/crc/crc.cover.plain /home/nrink/Projects/build/encode/encode/tests/crc/crc_input_small.pcm --cso /dev/null --csl /dev/null ...
2015-05-05_16:08:36 $$ ... timing (0,2): $$ running /home/nrink/Projects/pin-2.14-71313-gcc.4.4.7-linux/pin.sh -t /home/nrink/Projects/bfi/obj-intel64/bfi.so -- /home/nrink/Projects/build/encode/encode/tests/crc/crc.cover.plain /home/nrink/Projects/build/encode/encode/tests/crc/crc_input_small.pcm --cso /dev/null --csl /dev/null ...
2015-05-05_16:08:36 $$ ... timing (0,2): $$ pid=12366: started process /home/nrink/Projects/pin-2.14-71313-gcc.4.4.7-linux/pin.sh -t /home/nrink/Projects/bfi/obj-intel64/bfi.so -- /home/nrink/Projects/build/encode/encode/tests/crc/crc.cover.plain /home/nrink/Projects/build/encode/encode/tests/crc/crc_input_small.pcm --cso /dev/null --csl /dev/null
2015-05-05_16:08:41 $$ ... timing (0,2): $$ pid=12366: communicated with process
2015-05-05_16:08:41 $$ ... timing (0,2): $$ finished running /home/nrink/Projects/pin-2.14-71313-gcc.4.4.7-linux/pin.sh -t /home/nrink/Projects/bfi/obj-intel64/bfi.so -- /home/nrink/Projects/build/encode/encode/tests/crc/crc.cover.plain /home/nrink/Projects/build/encode/encode/tests/crc/crc_input_small.pcm --cso /dev/null --csl /dev/null ...
2015-05-05_16:08:41 $$ ... timing (0,2): $$ writing <stderr> to ./2015-05-05_16:02:12/crc/cover/crc.cover.plain.timing.0.2.stderr ...
2015-05-05_16:08:41 $$ ... timing (0,2): $$ done writing <stderr> to ./2015-05-05_16:02:12/crc/cover/crc.cover.plain.timing.0.2.stderr ...
2015-05-05_16:08:41 $$ ... timing (0,2): $$ writing <stdout> to ./2015-05-05_16:02:12/crc/cover/crc.cover.plain.timing.0.2.stdout ...
2015-05-05_16:08:41 $$ ... timing (0,2): $$ done writing <stdout> to ./2015-05-05_16:02:12/crc/cover/crc.cover.plain.timing.0.2.stdout ...
2015-05-05_16:08:41 $$ ... timing (0,2): $$ None (retcode=0) /home/nrink/Projects/pin-2.14-71313-gcc.4.4.7-linux/pin.sh -t /home/nrink/Projects/bfi/obj-intel64/bfi.so -- /home/nrink/Projects/build/encode/encode/tests/crc/crc.cover.plain /home/nrink/Projects/build/encode/encode/tests/crc/crc_input_small.pcm --cso /dev/null --csl /dev/null ...
2015-05-05_16:08:41 $$ ... timing (1,3): $$ running /home/nrink/Projects/pin-2.14-71313-gcc.4.4.7-linux/pin.sh -t /home/nrink/Projects/bfi/obj-intel64/bfi.so -- /home/nrink/Projects/build/encode/encode/tests/crc/crc.cover.plain /home/nrink/Projects/build/encode/encode/tests/crc/crc_input_small.pcm --cso /dev/null --csl /dev/null ...
2015-05-05_16:08:41 $$ ... timing (1,3): $$ pid=12898: started process /home/nrink/Projects/pin-2.14-71313-gcc.4.4.7-linux/pin.sh -t /home/nrink/Projects/bfi/obj-intel64/bfi.so -- /home/nrink/Projects/build/encode/encode/tests/crc/crc.cover.plain /home/nrink/Projects/build/encode/encode/tests/crc/crc_input_small.pcm --cso /dev/null --csl /dev/null
2015-05-05_16:08:45 $$ ... timing (1,3): $$ pid=12898: communicated with process
2015-05-05_16:08:45 $$ ... timing (1,3): $$ finished running /home/nrink/Projects/pin-2.14-71313-gcc.4.4.7-linux/pin.sh -t /home/nrink/Projects/bfi/obj-intel64/bfi.so -- /home/nrink/Projects/build/encode/encode/tests/crc/crc.cover.plain /home/nrink/Projects/build/encode/encode/tests/crc/crc_input_small.pcm --cso /dev/null --csl /dev/null ...
2015-05-05_16:08:45 $$ ... timing (1,3): $$ writing <stderr> to ./2015-05-05_16:02:12/crc/cover/crc.cover.plain.timing.1.3.stderr ...
2015-05-05_16:08:45 $$ ... timing (1,3): $$ done writing <stderr> to ./2015-05-05_16:02:12/crc/cover/crc.cover.plain.timing.1.3.stderr ...
2015-05-05_16:08:45 $$ ... timing (1,3): $$ writing <stdout> to ./2015-05-05_16:02:12/crc/cover/crc.cover.plain.timing.1.3.stdout ...
2015-05-05_16:08:45 $$ ... timing (1,3): $$ done writing <stdout> to ./2015-05-05_16:02:12/crc/cover/crc.cover.plain.timing.1.3.stdout ...
2015-05-05_16:08:45 $$ ... timing (1,3): $$ None (retcode=0) /home/nrink/Projects/pin-2.14-71313-gcc.4.4.7-linux/pin.sh -t /home/nrink/Projects/bfi/obj-intel64/bfi.so -- /home/nrink/Projects/build/encode/encode/tests/crc/crc.cover.plain /home/nrink/Projects/build/encode/encode/tests/crc/crc_input_small.pcm --cso /dev/null --csl /dev/null ...
2015-05-05_16:08:41 $$ ... timing (1,1): $$ running /home/nrink/Projects/pin-2.14-71313-gcc.4.4.7-linux/pin.sh -t /home/nrink/Projects/bfi/obj-intel64/bfi.so -- /home/nrink/Projects/build/encode/encode/tests/crc/crc.cover.plain /home/nrink/Projects/build/encode/encode/tests/crc/crc_input_small.pcm --cso /dev/null --csl /dev/null ...
2015-05-05_16:08:41 $$ ... timing (1,1): $$ pid=12864: started process /home/nrink/Projects/pin-2.14-71313-gcc.4.4.7-linux/pin.sh -t /home/nrink/Projects/bfi/obj-intel64/bfi.so -- /home/nrink/Projects/build/encode/encode/tests/crc/crc.cover.plain /home/nrink/Projects/build/encode/encode/tests/crc/crc_input_small.pcm --cso /dev/null --csl /dev/null
2015-05-05_16:08:45 $$ ... timing (1,1): $$ pid=12864: communicated with process
2015-05-05_16:08:45 $$ ... timing (1,1): $$ finished running /home/nrink/Projects/pin-2.14-71313-gcc.4.4.7-linux/pin.sh -t /home/nrink/Projects/bfi/obj-intel64/bfi.so -- /home/nrink/Projects/build/encode/encode/tests/crc/crc.cover.plain /home/nrink/Projects/build/encode/encode/tests/crc/crc_input_small.pcm --cso /dev/null --csl /dev/null ...
2015-05-05_16:08:45 $$ ... timing (1,1): $$ writing <stderr> to ./2015-05-05_16:02:12/crc/cover/crc.cover.plain.timing.1.1.stderr ...
2015-05-05_16:08:45 $$ ... timing (1,1): $$ done writing <stderr> to ./2015-05-05_16:02:12/crc/cover/crc.cover.plain.timing.1.1.stderr ...
2015-05-05_16:08:45 $$ ... timing (1,1): $$ writing <stdout> to ./2015-05-05_16:02:12/crc/cover/crc.cover.plain.timing.1.1.stdout ...
2015-05-05_16:08:45 $$ ... timing (1,1): $$ done writing <stdout> to ./2015-05-05_16:02:12/crc/cover/crc.cover.plain.timing.1.1.stdout ...
2015-05-05_16:08:45 $$ ... timing (1,1): $$ None (retcode=0) /home/nrink/Projects/pin-2.14-71313-gcc.4.4.7-linux/pin.sh -t /home/nrink/Projects/bfi/obj-intel64/bfi.so -- /home/nrink/Projects/build/encode/encode/tests/crc/crc.cover.plain /home/nrink/Projects/build/encode/encode/tests/crc/crc_input_small.pcm --cso /dev/null --csl /dev/null ...
2015-05-05_16:08:41 $$ ... timing (1,2): $$ running /home/nrink/Projects/pin-2.14-71313-gcc.4.4.7-linux/pin.sh -t /home/nrink/Projects/bfi/obj-intel64/bfi.so -- /home/nrink/Projects/build/encode/encode/tests/crc/crc.cover.plain /home/nrink/Projects/build/encode/encode/tests/crc/crc_input_small.pcm --cso /dev/null --csl /dev/null ...
2015-05-05_16:08:41 $$ ... timing (1,2): $$ pid=12912: started process /home/nrink/Projects/pin-2.14-71313-gcc.4.4.7-linux/pin.sh -t /home/nrink/Projects/bfi/obj-intel64/bfi.so -- /home/nrink/Projects/build/encode/encode/tests/crc/crc.cover.plain /home/nrink/Projects/build/encode/encode/tests/crc/crc_input_small.pcm --cso /dev/null --csl /dev/null
2015-05-05_16:08:45 $$ ... timing (1,2): $$ pid=12912: communicated with process
2015-05-05_16:08:45 $$ ... timing (1,2): $$ finished running /home/nrink/Projects/pin-2.14-71313-gcc.4.4.7-linux/pin.sh -t /home/nrink/Projects/bfi/obj-intel64/bfi.so -- /home/nrink/Projects/build/encode/encode/tests/crc/crc.cover.plain /home/nrink/Projects/build/encode/encode/tests/crc/crc_input_small.pcm --cso /dev/null --csl /dev/null ...
2015-05-05_16:08:45 $$ ... timing (1,2): $$ writing <stderr> to ./2015-05-05_16:02:12/crc/cover/crc.cover.plain.timing.1.2.stderr ...
2015-05-05_16:08:45 $$ ... timing (1,2): $$ done writing <stderr> to ./2015-05-05_16:02:12/crc/cover/crc.cover.plain.timing.1.2.stderr ...
2015-05-05_16:08:45 $$ ... timing (1,2): $$ writing <stdout> to ./2015-05-05_16:02:12/crc/cover/crc.cover.plain.timing.1.2.stdout ...
2015-05-05_16:08:45 $$ ... timing (1,2): $$ done writing <stdout> to ./2015-05-05_16:02:12/crc/cover/crc.cover.plain.timing.1.2.stdout ...
2015-05-05_16:08:45 $$ ... timing (1,2): $$ None (retcode=0) /home/nrink/Projects/pin-2.14-71313-gcc.4.4.7-linux/pin.sh -t /home/nrink/Projects/bfi/obj-intel64/bfi.so -- /home/nrink/Projects/build/encode/encode/tests/crc/crc.cover.plain /home/nrink/Projects/build/encode/encode/tests/crc/crc_input_small.pcm --cso /dev/null --csl /dev/null ...
2015-05-05_16:08:41 $$ ... timing (1,0): $$ running /home/nrink/Projects/pin-2.14-71313-gcc.4.4.7-linux/pin.sh -t /home/nrink/Projects/bfi/obj-intel64/bfi.so -- /home/nrink/Projects/build/encode/encode/tests/crc/crc.cover.plain /home/nrink/Projects/build/encode/encode/tests/crc/crc_input_small.pcm --cso /dev/null --csl /dev/null ...
2015-05-05_16:08:41 $$ ... timing (1,0): $$ pid=12911: started process /home/nrink/Projects/pin-2.14-71313-gcc.4.4.7-linux/pin.sh -t /home/nrink/Projects/bfi/obj-intel64/bfi.so -- /home/nrink/Projects/build/encode/encode/tests/crc/crc.cover.plain /home/nrink/Projects/build/encode/encode/tests/crc/crc_input_small.pcm --cso /dev/null --csl /dev/null
2015-05-05_16:08:45 $$ ... timing (1,0): $$ pid=12911: communicated with process
2015-05-05_16:08:45 $$ ... timing (1,0): $$ finished running /home/nrink/Projects/pin-2.14-71313-gcc.4.4.7-linux/pin.sh -t /home/nrink/Projects/bfi/obj-intel64/bfi.so -- /home/nrink/Projects/build/encode/encode/tests/crc/crc.cover.plain /home/nrink/Projects/build/encode/encode/tests/crc/crc_input_small.pcm --cso /dev/null --csl /dev/null ...
2015-05-05_16:08:45 $$ ... timing (1,0): $$ writing <stderr> to ./2015-05-05_16:02:12/crc/cover/crc.cover.plain.timing.1.0.stderr ...
2015-05-05_16:08:45 $$ ... timing (1,0): $$ done writing <stderr> to ./2015-05-05_16:02:12/crc/cover/crc.cover.plain.timing.1.0.stderr ...
2015-05-05_16:08:45 $$ ... timing (1,0): $$ writing <stdout> to ./2015-05-05_16:02:12/crc/cover/crc.cover.plain.timing.1.0.stdout ...
2015-05-05_16:08:45 $$ ... timing (1,0): $$ done writing <stdout> to ./2015-05-05_16:02:12/crc/cover/crc.cover.plain.timing.1.0.stdout ...
2015-05-05_16:08:45 $$ ... timing (1,0): $$ None (retcode=0) /home/nrink/Projects/pin-2.14-71313-gcc.4.4.7-linux/pin.sh -t /home/nrink/Projects/bfi/obj-intel64/bfi.so -- /home/nrink/Projects/build/encode/encode/tests/crc/crc.cover.plain /home/nrink/Projects/build/encode/encode/tests/crc/crc_input_small.pcm --cso /dev/null --csl /dev/null ...
2015-05-05_16:08:46 $$ ... timing (2,1): $$ running /home/nrink/Projects/pin-2.14-71313-gcc.4.4.7-linux/pin.sh -t /home/nrink/Projects/bfi/obj-intel64/bfi.so -- /home/nrink/Projects/build/encode/encode/tests/crc/crc.cover.plain /home/nrink/Projects/build/encode/encode/tests/crc/crc_input_small.pcm --cso /dev/null --csl /dev/null ...
2015-05-05_16:08:46 $$ ... timing (2,1): $$ pid=13415: started process /home/nrink/Projects/pin-2.14-71313-gcc.4.4.7-linux/pin.sh -t /home/nrink/Projects/bfi/obj-intel64/bfi.so -- /home/nrink/Projects/build/encode/encode/tests/crc/crc.cover.plain /home/nrink/Projects/build/encode/encode/tests/crc/crc_input_small.pcm --cso /dev/null --csl /dev/null
2015-05-05_16:08:50 $$ ... timing (2,1): $$ pid=13415: communicated with process
2015-05-05_16:08:50 $$ ... timing (2,1): $$ finished running /home/nrink/Projects/pin-2.14-71313-gcc.4.4.7-linux/pin.sh -t /home/nrink/Projects/bfi/obj-intel64/bfi.so -- /home/nrink/Projects/build/encode/encode/tests/crc/crc.cover.plain /home/nrink/Projects/build/encode/encode/tests/crc/crc_input_small.pcm --cso /dev/null --csl /dev/null ...
2015-05-05_16:08:50 $$ ... timing (2,1): $$ writing <stderr> to ./2015-05-05_16:02:12/crc/cover/crc.cover.plain.timing.2.1.stderr ...
2015-05-05_16:08:50 $$ ... timing (2,1): $$ done writing <stderr> to ./2015-05-05_16:02:12/crc/cover/crc.cover.plain.timing.2.1.stderr ...
2015-05-05_16:08:50 $$ ... timing (2,1): $$ writing <stdout> to ./2015-05-05_16:02:12/crc/cover/crc.cover.plain.timing.2.1.stdout ...
2015-05-05_16:08:50 $$ ... timing (2,1): $$ done writing <stdout> to ./2015-05-05_16:02:12/crc/cover/crc.cover.plain.timing.2.1.stdout ...
2015-05-05_16:08:50 $$ ... timing (2,1): $$ None (retcode=0) /home/nrink/Projects/pin-2.14-71313-gcc.4.4.7-linux/pin.sh -t /home/nrink/Projects/bfi/obj-intel64/bfi.so -- /home/nrink/Projects/build/encode/encode/tests/crc/crc.cover.plain /home/nrink/Projects/build/encode/encode/tests/crc/crc_input_small.pcm --cso /dev/null --csl /dev/null ...
2015-05-05_16:08:46 $$ ... timing (2,2): $$ running /home/nrink/Projects/pin-2.14-71313-gcc.4.4.7-linux/pin.sh -t /home/nrink/Projects/bfi/obj-intel64/bfi.so -- /home/nrink/Projects/build/encode/encode/tests/crc/crc.cover.plain /home/nrink/Projects/build/encode/encode/tests/crc/crc_input_small.pcm --cso /dev/null --csl /dev/null ...
2015-05-05_16:08:46 $$ ... timing (2,2): $$ pid=13427: started process /home/nrink/Projects/pin-2.14-71313-gcc.4.4.7-linux/pin.sh -t /home/nrink/Projects/bfi/obj-intel64/bfi.so -- /home/nrink/Projects/build/encode/encode/tests/crc/crc.cover.plain /home/nrink/Projects/build/encode/encode/tests/crc/crc_input_small.pcm --cso /dev/null --csl /dev/null
2015-05-05_16:08:50 $$ ... timing (2,2): $$ pid=13427: communicated with process
2015-05-05_16:08:50 $$ ... timing (2,2): $$ finished running /home/nrink/Projects/pin-2.14-71313-gcc.4.4.7-linux/pin.sh -t /home/nrink/Projects/bfi/obj-intel64/bfi.so -- /home/nrink/Projects/build/encode/encode/tests/crc/crc.cover.plain /home/nrink/Projects/build/encode/encode/tests/crc/crc_input_small.pcm --cso /dev/null --csl /dev/null ...
2015-05-05_16:08:50 $$ ... timing (2,2): $$ writing <stderr> to ./2015-05-05_16:02:12/crc/cover/crc.cover.plain.timing.2.2.stderr ...
2015-05-05_16:08:50 $$ ... timing (2,2): $$ done writing <stderr> to ./2015-05-05_16:02:12/crc/cover/crc.cover.plain.timing.2.2.stderr ...
2015-05-05_16:08:50 $$ ... timing (2,2): $$ writing <stdout> to ./2015-05-05_16:02:12/crc/cover/crc.cover.plain.timing.2.2.stdout ...
2015-05-05_16:08:50 $$ ... timing (2,2): $$ done writing <stdout> to ./2015-05-05_16:02:12/crc/cover/crc.cover.plain.timing.2.2.stdout ...
2015-05-05_16:08:50 $$ ... timing (2,2): $$ None (retcode=0) /home/nrink/Projects/pin-2.14-71313-gcc.4.4.7-linux/pin.sh -t /home/nrink/Projects/bfi/obj-intel64/bfi.so -- /home/nrink/Projects/build/encode/encode/tests/crc/crc.cover.plain /home/nrink/Projects/build/encode/encode/tests/crc/crc_input_small.pcm --cso /dev/null --csl /dev/null ...
2015-05-05_16:08:46 $$ ... timing (2,0): $$ running /home/nrink/Projects/pin-2.14-71313-gcc.4.4.7-linux/pin.sh -t /home/nrink/Projects/bfi/obj-intel64/bfi.so -- /home/nrink/Projects/build/encode/encode/tests/crc/crc.cover.plain /home/nrink/Projects/build/encode/encode/tests/crc/crc_input_small.pcm --cso /dev/null --csl /dev/null ...
2015-05-05_16:08:46 $$ ... timing (2,0): $$ pid=13437: started process /home/nrink/Projects/pin-2.14-71313-gcc.4.4.7-linux/pin.sh -t /home/nrink/Projects/bfi/obj-intel64/bfi.so -- /home/nrink/Projects/build/encode/encode/tests/crc/crc.cover.plain /home/nrink/Projects/build/encode/encode/tests/crc/crc_input_small.pcm --cso /dev/null --csl /dev/null
2015-05-05_16:08:50 $$ ... timing (2,0): $$ pid=13437: communicated with process
2015-05-05_16:08:50 $$ ... timing (2,0): $$ finished running /home/nrink/Projects/pin-2.14-71313-gcc.4.4.7-linux/pin.sh -t /home/nrink/Projects/bfi/obj-intel64/bfi.so -- /home/nrink/Projects/build/encode/encode/tests/crc/crc.cover.plain /home/nrink/Projects/build/encode/encode/tests/crc/crc_input_small.pcm --cso /dev/null --csl /dev/null ...
2015-05-05_16:08:50 $$ ... timing (2,0): $$ writing <stderr> to ./2015-05-05_16:02:12/crc/cover/crc.cover.plain.timing.2.0.stderr ...
2015-05-05_16:08:50 $$ ... timing (2,0): $$ done writing <stderr> to ./2015-05-05_16:02:12/crc/cover/crc.cover.plain.timing.2.0.stderr ...
2015-05-05_16:08:50 $$ ... timing (2,0): $$ writing <stdout> to ./2015-05-05_16:02:12/crc/cover/crc.cover.plain.timing.2.0.stdout ...
2015-05-05_16:08:50 $$ ... timing (2,0): $$ done writing <stdout> to ./2015-05-05_16:02:12/crc/cover/crc.cover.plain.timing.2.0.stdout ...
2015-05-05_16:08:50 $$ ... timing (2,0): $$ None (retcode=0) /home/nrink/Projects/pin-2.14-71313-gcc.4.4.7-linux/pin.sh -t /home/nrink/Projects/bfi/obj-intel64/bfi.so -- /home/nrink/Projects/build/encode/encode/tests/crc/crc.cover.plain /home/nrink/Projects/build/encode/encode/tests/crc/crc_input_small.pcm --cso /dev/null --csl /dev/null ...
2015-05-05_16:08:46 $$ ... timing (2,3): $$ running /home/nrink/Projects/pin-2.14-71313-gcc.4.4.7-linux/pin.sh -t /home/nrink/Projects/bfi/obj-intel64/bfi.so -- /home/nrink/Projects/build/encode/encode/tests/crc/crc.cover.plain /home/nrink/Projects/build/encode/encode/tests/crc/crc_input_small.pcm --cso /dev/null --csl /dev/null ...
2015-05-05_16:08:46 $$ ... timing (2,3): $$ pid=13408: started process /home/nrink/Projects/pin-2.14-71313-gcc.4.4.7-linux/pin.sh -t /home/nrink/Projects/bfi/obj-intel64/bfi.so -- /home/nrink/Projects/build/encode/encode/tests/crc/crc.cover.plain /home/nrink/Projects/build/encode/encode/tests/crc/crc_input_small.pcm --cso /dev/null --csl /dev/null
2015-05-05_16:08:50 $$ ... timing (2,3): $$ pid=13408: communicated with process
2015-05-05_16:08:50 $$ ... timing (2,3): $$ finished running /home/nrink/Projects/pin-2.14-71313-gcc.4.4.7-linux/pin.sh -t /home/nrink/Projects/bfi/obj-intel64/bfi.so -- /home/nrink/Projects/build/encode/encode/tests/crc/crc.cover.plain /home/nrink/Projects/build/encode/encode/tests/crc/crc_input_small.pcm --cso /dev/null --csl /dev/null ...
2015-05-05_16:08:50 $$ ... timing (2,3): $$ writing <stderr> to ./2015-05-05_16:02:12/crc/cover/crc.cover.plain.timing.2.3.stderr ...
2015-05-05_16:08:50 $$ ... timing (2,3): $$ done writing <stderr> to ./2015-05-05_16:02:12/crc/cover/crc.cover.plain.timing.2.3.stderr ...
2015-05-05_16:08:50 $$ ... timing (2,3): $$ writing <stdout> to ./2015-05-05_16:02:12/crc/cover/crc.cover.plain.timing.2.3.stdout ...
2015-05-05_16:08:50 $$ ... timing (2,3): $$ done writing <stdout> to ./2015-05-05_16:02:12/crc/cover/crc.cover.plain.timing.2.3.stdout ...
2015-05-05_16:08:50 $$ ... timing (2,3): $$ None (retcode=0) /home/nrink/Projects/pin-2.14-71313-gcc.4.4.7-linux/pin.sh -t /home/nrink/Projects/bfi/obj-intel64/bfi.so -- /home/nrink/Projects/build/encode/encode/tests/crc/crc.cover.plain /home/nrink/Projects/build/encode/encode/tests/crc/crc_input_small.pcm --cso /dev/null --csl /dev/null ...
2015-05-05_16:08:51 $$ ... timing (3,1): $$ running /home/nrink/Projects/pin-2.14-71313-gcc.4.4.7-linux/pin.sh -t /home/nrink/Projects/bfi/obj-intel64/bfi.so -- /home/nrink/Projects/build/encode/encode/tests/crc/crc.cover.plain /home/nrink/Projects/build/encode/encode/tests/crc/crc_input_small.pcm --cso /dev/null --csl /dev/null ...
2015-05-05_16:08:51 $$ ... timing (3,1): $$ pid=13980: started process /home/nrink/Projects/pin-2.14-71313-gcc.4.4.7-linux/pin.sh -t /home/nrink/Projects/bfi/obj-intel64/bfi.so -- /home/nrink/Projects/build/encode/encode/tests/crc/crc.cover.plain /home/nrink/Projects/build/encode/encode/tests/crc/crc_input_small.pcm --cso /dev/null --csl /dev/null
2015-05-05_16:08:55 $$ ... timing (3,1): $$ pid=13980: communicated with process
2015-05-05_16:08:55 $$ ... timing (3,1): $$ finished running /home/nrink/Projects/pin-2.14-71313-gcc.4.4.7-linux/pin.sh -t /home/nrink/Projects/bfi/obj-intel64/bfi.so -- /home/nrink/Projects/build/encode/encode/tests/crc/crc.cover.plain /home/nrink/Projects/build/encode/encode/tests/crc/crc_input_small.pcm --cso /dev/null --csl /dev/null ...
2015-05-05_16:08:55 $$ ... timing (3,1): $$ writing <stderr> to ./2015-05-05_16:02:12/crc/cover/crc.cover.plain.timing.3.1.stderr ...
2015-05-05_16:08:55 $$ ... timing (3,1): $$ done writing <stderr> to ./2015-05-05_16:02:12/crc/cover/crc.cover.plain.timing.3.1.stderr ...
2015-05-05_16:08:55 $$ ... timing (3,1): $$ writing <stdout> to ./2015-05-05_16:02:12/crc/cover/crc.cover.plain.timing.3.1.stdout ...
2015-05-05_16:08:55 $$ ... timing (3,1): $$ done writing <stdout> to ./2015-05-05_16:02:12/crc/cover/crc.cover.plain.timing.3.1.stdout ...
2015-05-05_16:08:55 $$ ... timing (3,1): $$ None (retcode=0) /home/nrink/Projects/pin-2.14-71313-gcc.4.4.7-linux/pin.sh -t /home/nrink/Projects/bfi/obj-intel64/bfi.so -- /home/nrink/Projects/build/encode/encode/tests/crc/crc.cover.plain /home/nrink/Projects/build/encode/encode/tests/crc/crc_input_small.pcm --cso /dev/null --csl /dev/null ...
2015-05-05_16:08:51 $$ ... timing (3,3): $$ running /home/nrink/Projects/pin-2.14-71313-gcc.4.4.7-linux/pin.sh -t /home/nrink/Projects/bfi/obj-intel64/bfi.so -- /home/nrink/Projects/build/encode/encode/tests/crc/crc.cover.plain /home/nrink/Projects/build/encode/encode/tests/crc/crc_input_small.pcm --cso /dev/null --csl /dev/null ...
2015-05-05_16:08:51 $$ ... timing (3,3): $$ pid=13962: started process /home/nrink/Projects/pin-2.14-71313-gcc.4.4.7-linux/pin.sh -t /home/nrink/Projects/bfi/obj-intel64/bfi.so -- /home/nrink/Projects/build/encode/encode/tests/crc/crc.cover.plain /home/nrink/Projects/build/encode/encode/tests/crc/crc_input_small.pcm --cso /dev/null --csl /dev/null
2015-05-05_16:08:55 $$ ... timing (3,3): $$ pid=13962: communicated with process
2015-05-05_16:08:55 $$ ... timing (3,3): $$ finished running /home/nrink/Projects/pin-2.14-71313-gcc.4.4.7-linux/pin.sh -t /home/nrink/Projects/bfi/obj-intel64/bfi.so -- /home/nrink/Projects/build/encode/encode/tests/crc/crc.cover.plain /home/nrink/Projects/build/encode/encode/tests/crc/crc_input_small.pcm --cso /dev/null --csl /dev/null ...
2015-05-05_16:08:55 $$ ... timing (3,3): $$ writing <stderr> to ./2015-05-05_16:02:12/crc/cover/crc.cover.plain.timing.3.3.stderr ...
2015-05-05_16:08:55 $$ ... timing (3,3): $$ done writing <stderr> to ./2015-05-05_16:02:12/crc/cover/crc.cover.plain.timing.3.3.stderr ...
2015-05-05_16:08:55 $$ ... timing (3,3): $$ writing <stdout> to ./2015-05-05_16:02:12/crc/cover/crc.cover.plain.timing.3.3.stdout ...
2015-05-05_16:08:55 $$ ... timing (3,3): $$ done writing <stdout> to ./2015-05-05_16:02:12/crc/cover/crc.cover.plain.timing.3.3.stdout ...
2015-05-05_16:08:55 $$ ... timing (3,3): $$ None (retcode=0) /home/nrink/Projects/pin-2.14-71313-gcc.4.4.7-linux/pin.sh -t /home/nrink/Projects/bfi/obj-intel64/bfi.so -- /home/nrink/Projects/build/encode/encode/tests/crc/crc.cover.plain /home/nrink/Projects/build/encode/encode/tests/crc/crc_input_small.pcm --cso /dev/null --csl /dev/null ...
2015-05-05_16:08:51 $$ ... timing (3,2): $$ running /home/nrink/Projects/pin-2.14-71313-gcc.4.4.7-linux/pin.sh -t /home/nrink/Projects/bfi/obj-intel64/bfi.so -- /home/nrink/Projects/build/encode/encode/tests/crc/crc.cover.plain /home/nrink/Projects/build/encode/encode/tests/crc/crc_input_small.pcm --cso /dev/null --csl /dev/null ...
2015-05-05_16:08:51 $$ ... timing (3,2): $$ pid=13943: started process /home/nrink/Projects/pin-2.14-71313-gcc.4.4.7-linux/pin.sh -t /home/nrink/Projects/bfi/obj-intel64/bfi.so -- /home/nrink/Projects/build/encode/encode/tests/crc/crc.cover.plain /home/nrink/Projects/build/encode/encode/tests/crc/crc_input_small.pcm --cso /dev/null --csl /dev/null
2015-05-05_16:08:55 $$ ... timing (3,2): $$ pid=13943: communicated with process
2015-05-05_16:08:55 $$ ... timing (3,2): $$ finished running /home/nrink/Projects/pin-2.14-71313-gcc.4.4.7-linux/pin.sh -t /home/nrink/Projects/bfi/obj-intel64/bfi.so -- /home/nrink/Projects/build/encode/encode/tests/crc/crc.cover.plain /home/nrink/Projects/build/encode/encode/tests/crc/crc_input_small.pcm --cso /dev/null --csl /dev/null ...
2015-05-05_16:08:55 $$ ... timing (3,2): $$ writing <stderr> to ./2015-05-05_16:02:12/crc/cover/crc.cover.plain.timing.3.2.stderr ...
2015-05-05_16:08:55 $$ ... timing (3,2): $$ done writing <stderr> to ./2015-05-05_16:02:12/crc/cover/crc.cover.plain.timing.3.2.stderr ...
2015-05-05_16:08:55 $$ ... timing (3,2): $$ writing <stdout> to ./2015-05-05_16:02:12/crc/cover/crc.cover.plain.timing.3.2.stdout ...
2015-05-05_16:08:55 $$ ... timing (3,2): $$ done writing <stdout> to ./2015-05-05_16:02:12/crc/cover/crc.cover.plain.timing.3.2.stdout ...
2015-05-05_16:08:55 $$ ... timing (3,2): $$ None (retcode=0) /home/nrink/Projects/pin-2.14-71313-gcc.4.4.7-linux/pin.sh -t /home/nrink/Projects/bfi/obj-intel64/bfi.so -- /home/nrink/Projects/build/encode/encode/tests/crc/crc.cover.plain /home/nrink/Projects/build/encode/encode/tests/crc/crc_input_small.pcm --cso /dev/null --csl /dev/null ...
2015-05-05_16:08:51 $$ ... timing (3,0): $$ running /home/nrink/Projects/pin-2.14-71313-gcc.4.4.7-linux/pin.sh -t /home/nrink/Projects/bfi/obj-intel64/bfi.so -- /home/nrink/Projects/build/encode/encode/tests/crc/crc.cover.plain /home/nrink/Projects/build/encode/encode/tests/crc/crc_input_small.pcm --cso /dev/null --csl /dev/null ...
2015-05-05_16:08:51 $$ ... timing (3,0): $$ pid=13988: started process /home/nrink/Projects/pin-2.14-71313-gcc.4.4.7-linux/pin.sh -t /home/nrink/Projects/bfi/obj-intel64/bfi.so -- /home/nrink/Projects/build/encode/encode/tests/crc/crc.cover.plain /home/nrink/Projects/build/encode/encode/tests/crc/crc_input_small.pcm --cso /dev/null --csl /dev/null
2015-05-05_16:08:55 $$ ... timing (3,0): $$ pid=13988: communicated with process
2015-05-05_16:08:55 $$ ... timing (3,0): $$ finished running /home/nrink/Projects/pin-2.14-71313-gcc.4.4.7-linux/pin.sh -t /home/nrink/Projects/bfi/obj-intel64/bfi.so -- /home/nrink/Projects/build/encode/encode/tests/crc/crc.cover.plain /home/nrink/Projects/build/encode/encode/tests/crc/crc_input_small.pcm --cso /dev/null --csl /dev/null ...
2015-05-05_16:08:55 $$ ... timing (3,0): $$ writing <stderr> to ./2015-05-05_16:02:12/crc/cover/crc.cover.plain.timing.3.0.stderr ...
2015-05-05_16:08:55 $$ ... timing (3,0): $$ done writing <stderr> to ./2015-05-05_16:02:12/crc/cover/crc.cover.plain.timing.3.0.stderr ...
2015-05-05_16:08:55 $$ ... timing (3,0): $$ writing <stdout> to ./2015-05-05_16:02:12/crc/cover/crc.cover.plain.timing.3.0.stdout ...
2015-05-05_16:08:55 $$ ... timing (3,0): $$ done writing <stdout> to ./2015-05-05_16:02:12/crc/cover/crc.cover.plain.timing.3.0.stdout ...
2015-05-05_16:08:55 $$ ... timing (3,0): $$ None (retcode=0) /home/nrink/Projects/pin-2.14-71313-gcc.4.4.7-linux/pin.sh -t /home/nrink/Projects/bfi/obj-intel64/bfi.so -- /home/nrink/Projects/build/encode/encode/tests/crc/crc.cover.plain /home/nrink/Projects/build/encode/encode/tests/crc/crc_input_small.pcm --cso /dev/null --csl /dev/null ...
2015-05-05_16:08:55 $$ ... timing (4,3): $$ running /home/nrink/Projects/pin-2.14-71313-gcc.4.4.7-linux/pin.sh -t /home/nrink/Projects/bfi/obj-intel64/bfi.so -- /home/nrink/Projects/build/encode/encode/tests/crc/crc.cover.plain /home/nrink/Projects/build/encode/encode/tests/crc/crc_input_small.pcm --cso /dev/null --csl /dev/null ...
2015-05-05_16:08:55 $$ ... timing (4,3): $$ pid=14407: started process /home/nrink/Projects/pin-2.14-71313-gcc.4.4.7-linux/pin.sh -t /home/nrink/Projects/bfi/obj-intel64/bfi.so -- /home/nrink/Projects/build/encode/encode/tests/crc/crc.cover.plain /home/nrink/Projects/build/encode/encode/tests/crc/crc_input_small.pcm --cso /dev/null --csl /dev/null
2015-05-05_16:08:59 $$ ... timing (4,3): $$ pid=14407: communicated with process
2015-05-05_16:08:59 $$ ... timing (4,3): $$ finished running /home/nrink/Projects/pin-2.14-71313-gcc.4.4.7-linux/pin.sh -t /home/nrink/Projects/bfi/obj-intel64/bfi.so -- /home/nrink/Projects/build/encode/encode/tests/crc/crc.cover.plain /home/nrink/Projects/build/encode/encode/tests/crc/crc_input_small.pcm --cso /dev/null --csl /dev/null ...
2015-05-05_16:08:59 $$ ... timing (4,3): $$ writing <stderr> to ./2015-05-05_16:02:12/crc/cover/crc.cover.plain.timing.4.3.stderr ...
2015-05-05_16:08:59 $$ ... timing (4,3): $$ done writing <stderr> to ./2015-05-05_16:02:12/crc/cover/crc.cover.plain.timing.4.3.stderr ...
2015-05-05_16:08:59 $$ ... timing (4,3): $$ writing <stdout> to ./2015-05-05_16:02:12/crc/cover/crc.cover.plain.timing.4.3.stdout ...
2015-05-05_16:08:59 $$ ... timing (4,3): $$ done writing <stdout> to ./2015-05-05_16:02:12/crc/cover/crc.cover.plain.timing.4.3.stdout ...
2015-05-05_16:08:59 $$ ... timing (4,3): $$ None (retcode=0) /home/nrink/Projects/pin-2.14-71313-gcc.4.4.7-linux/pin.sh -t /home/nrink/Projects/bfi/obj-intel64/bfi.so -- /home/nrink/Projects/build/encode/encode/tests/crc/crc.cover.plain /home/nrink/Projects/build/encode/encode/tests/crc/crc_input_small.pcm --cso /dev/null --csl /dev/null ...
2015-05-05_16:08:55 $$ ... timing (4,2): $$ running /home/nrink/Projects/pin-2.14-71313-gcc.4.4.7-linux/pin.sh -t /home/nrink/Projects/bfi/obj-intel64/bfi.so -- /home/nrink/Projects/build/encode/encode/tests/crc/crc.cover.plain /home/nrink/Projects/build/encode/encode/tests/crc/crc_input_small.pcm --cso /dev/null --csl /dev/null ...
2015-05-05_16:08:55 $$ ... timing (4,2): $$ pid=14451: started process /home/nrink/Projects/pin-2.14-71313-gcc.4.4.7-linux/pin.sh -t /home/nrink/Projects/bfi/obj-intel64/bfi.so -- /home/nrink/Projects/build/encode/encode/tests/crc/crc.cover.plain /home/nrink/Projects/build/encode/encode/tests/crc/crc_input_small.pcm --cso /dev/null --csl /dev/null
2015-05-05_16:08:59 $$ ... timing (4,2): $$ pid=14451: communicated with process
2015-05-05_16:08:59 $$ ... timing (4,2): $$ finished running /home/nrink/Projects/pin-2.14-71313-gcc.4.4.7-linux/pin.sh -t /home/nrink/Projects/bfi/obj-intel64/bfi.so -- /home/nrink/Projects/build/encode/encode/tests/crc/crc.cover.plain /home/nrink/Projects/build/encode/encode/tests/crc/crc_input_small.pcm --cso /dev/null --csl /dev/null ...
2015-05-05_16:08:59 $$ ... timing (4,2): $$ writing <stderr> to ./2015-05-05_16:02:12/crc/cover/crc.cover.plain.timing.4.2.stderr ...
2015-05-05_16:08:59 $$ ... timing (4,2): $$ done writing <stderr> to ./2015-05-05_16:02:12/crc/cover/crc.cover.plain.timing.4.2.stderr ...
2015-05-05_16:08:59 $$ ... timing (4,2): $$ writing <stdout> to ./2015-05-05_16:02:12/crc/cover/crc.cover.plain.timing.4.2.stdout ...
2015-05-05_16:08:59 $$ ... timing (4,2): $$ done writing <stdout> to ./2015-05-05_16:02:12/crc/cover/crc.cover.plain.timing.4.2.stdout ...
2015-05-05_16:08:59 $$ ... timing (4,2): $$ None (retcode=0) /home/nrink/Projects/pin-2.14-71313-gcc.4.4.7-linux/pin.sh -t /home/nrink/Projects/bfi/obj-intel64/bfi.so -- /home/nrink/Projects/build/encode/encode/tests/crc/crc.cover.plain /home/nrink/Projects/build/encode/encode/tests/crc/crc_input_small.pcm --cso /dev/null --csl /dev/null ...
2015-05-05_16:08:55 $$ ... timing (4,1): $$ running /home/nrink/Projects/pin-2.14-71313-gcc.4.4.7-linux/pin.sh -t /home/nrink/Projects/bfi/obj-intel64/bfi.so -- /home/nrink/Projects/build/encode/encode/tests/crc/crc.cover.plain /home/nrink/Projects/build/encode/encode/tests/crc/crc_input_small.pcm --cso /dev/null --csl /dev/null ...
2015-05-05_16:08:55 $$ ... timing (4,1): $$ pid=14437: started process /home/nrink/Projects/pin-2.14-71313-gcc.4.4.7-linux/pin.sh -t /home/nrink/Projects/bfi/obj-intel64/bfi.so -- /home/nrink/Projects/build/encode/encode/tests/crc/crc.cover.plain /home/nrink/Projects/build/encode/encode/tests/crc/crc_input_small.pcm --cso /dev/null --csl /dev/null
2015-05-05_16:08:59 $$ ... timing (4,1): $$ pid=14437: communicated with process
2015-05-05_16:08:59 $$ ... timing (4,1): $$ finished running /home/nrink/Projects/pin-2.14-71313-gcc.4.4.7-linux/pin.sh -t /home/nrink/Projects/bfi/obj-intel64/bfi.so -- /home/nrink/Projects/build/encode/encode/tests/crc/crc.cover.plain /home/nrink/Projects/build/encode/encode/tests/crc/crc_input_small.pcm --cso /dev/null --csl /dev/null ...
2015-05-05_16:08:59 $$ ... timing (4,1): $$ writing <stderr> to ./2015-05-05_16:02:12/crc/cover/crc.cover.plain.timing.4.1.stderr ...
2015-05-05_16:08:59 $$ ... timing (4,1): $$ done writing <stderr> to ./2015-05-05_16:02:12/crc/cover/crc.cover.plain.timing.4.1.stderr ...
2015-05-05_16:08:59 $$ ... timing (4,1): $$ writing <stdout> to ./2015-05-05_16:02:12/crc/cover/crc.cover.plain.timing.4.1.stdout ...
2015-05-05_16:08:59 $$ ... timing (4,1): $$ done writing <stdout> to ./2015-05-05_16:02:12/crc/cover/crc.cover.plain.timing.4.1.stdout ...
2015-05-05_16:08:59 $$ ... timing (4,1): $$ None (retcode=0) /home/nrink/Projects/pin-2.14-71313-gcc.4.4.7-linux/pin.sh -t /home/nrink/Projects/bfi/obj-intel64/bfi.so -- /home/nrink/Projects/build/encode/encode/tests/crc/crc.cover.plain /home/nrink/Projects/build/encode/encode/tests/crc/crc_input_small.pcm --cso /dev/null --csl /dev/null ...
2015-05-05_16:08:55 $$ ... timing (4,0): $$ running /home/nrink/Projects/pin-2.14-71313-gcc.4.4.7-linux/pin.sh -t /home/nrink/Projects/bfi/obj-intel64/bfi.so -- /home/nrink/Projects/build/encode/encode/tests/crc/crc.cover.plain /home/nrink/Projects/build/encode/encode/tests/crc/crc_input_small.pcm --cso /dev/null --csl /dev/null ...
2015-05-05_16:08:55 $$ ... timing (4,0): $$ pid=14467: started process /home/nrink/Projects/pin-2.14-71313-gcc.4.4.7-linux/pin.sh -t /home/nrink/Projects/bfi/obj-intel64/bfi.so -- /home/nrink/Projects/build/encode/encode/tests/crc/crc.cover.plain /home/nrink/Projects/build/encode/encode/tests/crc/crc_input_small.pcm --cso /dev/null --csl /dev/null
2015-05-05_16:08:59 $$ ... timing (4,0): $$ pid=14467: communicated with process
2015-05-05_16:08:59 $$ ... timing (4,0): $$ finished running /home/nrink/Projects/pin-2.14-71313-gcc.4.4.7-linux/pin.sh -t /home/nrink/Projects/bfi/obj-intel64/bfi.so -- /home/nrink/Projects/build/encode/encode/tests/crc/crc.cover.plain /home/nrink/Projects/build/encode/encode/tests/crc/crc_input_small.pcm --cso /dev/null --csl /dev/null ...
2015-05-05_16:08:59 $$ ... timing (4,0): $$ writing <stderr> to ./2015-05-05_16:02:12/crc/cover/crc.cover.plain.timing.4.0.stderr ...
2015-05-05_16:08:59 $$ ... timing (4,0): $$ done writing <stderr> to ./2015-05-05_16:02:12/crc/cover/crc.cover.plain.timing.4.0.stderr ...
2015-05-05_16:08:59 $$ ... timing (4,0): $$ writing <stdout> to ./2015-05-05_16:02:12/crc/cover/crc.cover.plain.timing.4.0.stdout ...
2015-05-05_16:08:59 $$ ... timing (4,0): $$ done writing <stdout> to ./2015-05-05_16:02:12/crc/cover/crc.cover.plain.timing.4.0.stdout ...
2015-05-05_16:08:59 $$ ... timing (4,0): $$ None (retcode=0) /home/nrink/Projects/pin-2.14-71313-gcc.4.4.7-linux/pin.sh -t /home/nrink/Projects/bfi/obj-intel64/bfi.so -- /home/nrink/Projects/build/encode/encode/tests/crc/crc.cover.plain /home/nrink/Projects/build/encode/encode/tests/crc/crc_input_small.pcm --cso /dev/null --csl /dev/null ...
2015-05-05_16:08:59 $$ ... done with timing runs ...
2015-05-05_16:08:59 $$ timings: mean=4.572919, stdev=0.177495, timeout=46
2015-05-05_16:08:59 $$ ... done warming up
2015-05-05_16:08:59 $$ ----------------------------------------------------------------
2015-05-05_16:08:59 $$ Obtaining ranges of function ___enc_computation ...
2015-05-05_16:08:59 $$ pid=14783: started process /home/nrink/Projects/pin-2.14-71313-gcc.4.4.7-linux/pin.sh -t /home/nrink/Projects/bfi/obj-intel64/bfi.so -m ___enc_computation -- /home/nrink/Projects/build/encode/encode/tests/crc/crc.cover.plain /home/nrink/Projects/build/encode/encode/tests/crc/crc_input_small.pcm --cso /dev/null --csl /dev/null
2015-05-05_16:09:02 $$ pid=14783: communicated with process
2015-05-05_16:09:02 $$ ... finished running /home/nrink/Projects/pin-2.14-71313-gcc.4.4.7-linux/pin.sh -t /home/nrink/Projects/bfi/obj-intel64/bfi.so -m ___enc_computation -- /home/nrink/Projects/build/encode/encode/tests/crc/crc.cover.plain /home/nrink/Projects/build/encode/encode/tests/crc/crc_input_small.pcm --cso /dev/null --csl /dev/null ...
2015-05-05_16:09:02 $$ ... writing <stderr> to ./2015-05-05_16:02:12/crc/cover/crc.cover.plain.ranges ...
2015-05-05_16:09:02 $$ ... done writing <stderr> to ./2015-05-05_16:02:12/crc/cover/crc.cover.plain.ranges ...
2015-05-05_16:09:02 $$ ... done obtaining ranges of function ___enc_computation
2015-05-05_16:09:02 $$ ----------------------------------------------------------------
2015-05-05_16:09:02 $$ Performing fault injections ...
2015-05-05_16:09:03 $$ ... no. 0: cso file: ./2015-05-05_16:02:12/crc/cover/cs/plain.0.cso ...
2015-05-05_16:09:03 $$ ... no. 0: csl file: ./2015-05-05_16:02:12/crc/cover/cs/plain.0.csl ...
2015-05-05_16:09:03 $$ ... no. 1: cso file: ./2015-05-05_16:02:12/crc/cover/cs/plain.1.cso ...
2015-05-05_16:09:03 $$ ... no. 1: csl file: ./2015-05-05_16:02:12/crc/cover/cs/plain.1.csl ...
2015-05-05_16:09:03 $$ ... no. 2: cso file: ./2015-05-05_16:02:12/crc/cover/cs/plain.2.cso ...
2015-05-05_16:09:03 $$ ... no. 2: csl file: ./2015-05-05_16:02:12/crc/cover/cs/plain.2.csl ...
2015-05-05_16:09:03 $$ ... no. 3: cso file: ./2015-05-05_16:02:12/crc/cover/cs/plain.3.cso ...
2015-05-05_16:09:03 $$ ... no. 3: csl file: ./2015-05-05_16:02:12/crc/cover/cs/plain.3.csl ...
2015-05-05_16:09:03 $$ ... no. 4: cso file: ./2015-05-05_16:02:12/crc/cover/cs/plain.4.cso ...
2015-05-05_16:09:03 $$ ... no. 4: csl file: ./2015-05-05_16:02:12/crc/cover/cs/plain.4.csl ...
2015-05-05_16:09:03 $$ ... no. 5: cso file: ./2015-05-05_16:02:12/crc/cover/cs/plain.5.cso ...
2015-05-05_16:09:03 $$ ... no. 5: csl file: ./2015-05-05_16:02:12/crc/cover/cs/plain.5.csl ...
2015-05-05_16:09:03 $$ ... no. 6: cso file: ./2015-05-05_16:02:12/crc/cover/cs/plain.6.cso ...
2015-05-05_16:09:03 $$ ... no. 6: csl file: ./2015-05-05_16:02:12/crc/cover/cs/plain.6.csl ...
2015-05-05_16:09:03 $$ ... no. 7: cso file: ./2015-05-05_16:02:12/crc/cover/cs/plain.7.cso ...
2015-05-05_16:09:03 $$ ... no. 7: csl file: ./2015-05-05_16:02:12/crc/cover/cs/plain.7.csl ...
2015-05-05_16:09:03 $$ ... no. 8: cso file: ./2015-05-05_16:02:12/crc/cover/cs/plain.8.cso ...
2015-05-05_16:09:03 $$ ... no. 8: csl file: ./2015-05-05_16:02:12/crc/cover/cs/plain.8.csl ...
2015-05-05_16:09:03 $$ ... no. 9: cso file: ./2015-05-05_16:02:12/crc/cover/cs/plain.9.cso ...
2015-05-05_16:09:03 $$ ... no. 9: csl file: ./2015-05-05_16:02:12/crc/cover/cs/plain.9.csl ...
2015-05-05_16:09:03 $$ ... no. 7: $$ running /home/nrink/Projects/pin-2.14-71313-gcc.4.4.7-linux/pin.sh -t /home/nrink/Projects/bfi/obj-intel64/bfi.so -trigger 49946824 -cmd WVAL -seed 1 -mask 111 -- /home/nrink/Projects/build/encode/encode/tests/crc/crc.cover.plain /home/nrink/Projects/build/encode/encode/tests/crc/crc_input_small.pcm --cso ./2015-05-05_16:02:12/crc/cover/cs/plain.7.cso --csl ./2015-05-05_16:02:12/crc/cover/cs/plain.7.csl ...
2015-05-05_16:09:03 $$ ... no. 7: $$ pid=15197: started process /home/nrink/Projects/pin-2.14-71313-gcc.4.4.7-linux/pin.sh -t /home/nrink/Projects/bfi/obj-intel64/bfi.so -trigger 49946824 -cmd WVAL -seed 1 -mask 111 -- /home/nrink/Projects/build/encode/encode/tests/crc/crc.cover.plain /home/nrink/Projects/build/encode/encode/tests/crc/crc_input_small.pcm --cso ./2015-05-05_16:02:12/crc/cover/cs/plain.7.cso --csl ./2015-05-05_16:02:12/crc/cover/cs/plain.7.csl
2015-05-05_16:09:03 $$ ... no. 7: $$ pid=15197: timeout=46
2015-05-05_16:09:09 $$ ... no. 7: $$ pid=15197: communicated with process
2015-05-05_16:09:09 $$ ... no. 7: $$ finished running /home/nrink/Projects/pin-2.14-71313-gcc.4.4.7-linux/pin.sh -t /home/nrink/Projects/bfi/obj-intel64/bfi.so -trigger 49946824 -cmd WVAL -seed 1 -mask 111 -- /home/nrink/Projects/build/encode/encode/tests/crc/crc.cover.plain /home/nrink/Projects/build/encode/encode/tests/crc/crc_input_small.pcm --cso ./2015-05-05_16:02:12/crc/cover/cs/plain.7.cso --csl ./2015-05-05_16:02:12/crc/cover/cs/plain.7.csl ...
2015-05-05_16:09:09 $$ ... no. 7: $$ writing <stderr> to ./2015-05-05_16:02:12/crc/cover/crc.cover.plain.fi.7.stderr ...
2015-05-05_16:09:09 $$ ... no. 7: $$ done writing <stderr> to ./2015-05-05_16:02:12/crc/cover/crc.cover.plain.fi.7.stderr ...
2015-05-05_16:09:09 $$ ... no. 7: $$ writing <stdout> to ./2015-05-05_16:02:12/crc/cover/crc.cover.plain.fi.7.stdout ...
2015-05-05_16:09:09 $$ ... no. 7: $$ done writing <stdout> to ./2015-05-05_16:02:12/crc/cover/crc.cover.plain.fi.7.stdout ...
2015-05-05_16:09:09 $$ ... no. 7: $$ UNEXPECTED (checksum difference: 1) (retcode=0) /home/nrink/Projects/pin-2.14-71313-gcc.4.4.7-linux/pin.sh -t /home/nrink/Projects/bfi/obj-intel64/bfi.so -trigger 49946824 -cmd WVAL -seed 1 -mask 111 -- /home/nrink/Projects/build/encode/encode/tests/crc/crc.cover.plain /home/nrink/Projects/build/encode/encode/tests/crc/crc_input_small.pcm --cso ./2015-05-05_16:02:12/crc/cover/cs/plain.7.cso --csl ./2015-05-05_16:02:12/crc/cover/cs/plain.7.csl ...
2015-05-05_16:09:03 $$ ... no. 6: $$ running /home/nrink/Projects/pin-2.14-71313-gcc.4.4.7-linux/pin.sh -t /home/nrink/Projects/bfi/obj-intel64/bfi.so -trigger 70764757 -cmd RVAL -seed 1 -mask 63 -- /home/nrink/Projects/build/encode/encode/tests/crc/crc.cover.plain /home/nrink/Projects/build/encode/encode/tests/crc/crc_input_small.pcm --cso ./2015-05-05_16:02:12/crc/cover/cs/plain.6.cso --csl ./2015-05-05_16:02:12/crc/cover/cs/plain.6.csl ...
2015-05-05_16:09:03 $$ ... no. 6: $$ pid=15249: started process /home/nrink/Projects/pin-2.14-71313-gcc.4.4.7-linux/pin.sh -t /home/nrink/Projects/bfi/obj-intel64/bfi.so -trigger 70764757 -cmd RVAL -seed 1 -mask 63 -- /home/nrink/Projects/build/encode/encode/tests/crc/crc.cover.plain /home/nrink/Projects/build/encode/encode/tests/crc/crc_input_small.pcm --cso ./2015-05-05_16:02:12/crc/cover/cs/plain.6.cso --csl ./2015-05-05_16:02:12/crc/cover/cs/plain.6.csl
2015-05-05_16:09:03 $$ ... no. 6: $$ pid=15249: timeout=46
2015-05-05_16:09:09 $$ ... no. 6: $$ pid=15249: communicated with process
2015-05-05_16:09:09 $$ ... no. 6: $$ finished running /home/nrink/Projects/pin-2.14-71313-gcc.4.4.7-linux/pin.sh -t /home/nrink/Projects/bfi/obj-intel64/bfi.so -trigger 70764757 -cmd RVAL -seed 1 -mask 63 -- /home/nrink/Projects/build/encode/encode/tests/crc/crc.cover.plain /home/nrink/Projects/build/encode/encode/tests/crc/crc_input_small.pcm --cso ./2015-05-05_16:02:12/crc/cover/cs/plain.6.cso --csl ./2015-05-05_16:02:12/crc/cover/cs/plain.6.csl ...
2015-05-05_16:09:09 $$ ... no. 6: $$ writing <stderr> to ./2015-05-05_16:02:12/crc/cover/crc.cover.plain.fi.6.stderr ...
2015-05-05_16:09:09 $$ ... no. 6: $$ done writing <stderr> to ./2015-05-05_16:02:12/crc/cover/crc.cover.plain.fi.6.stderr ...
2015-05-05_16:09:09 $$ ... no. 6: $$ writing <stdout> to ./2015-05-05_16:02:12/crc/cover/crc.cover.plain.fi.6.stdout ...
2015-05-05_16:09:09 $$ ... no. 6: $$ done writing <stdout> to ./2015-05-05_16:02:12/crc/cover/crc.cover.plain.fi.6.stdout ...
2015-05-05_16:09:09 $$ ... no. 6: $$ UNEXPECTED (checksum difference: 1) (retcode=0) /home/nrink/Projects/pin-2.14-71313-gcc.4.4.7-linux/pin.sh -t /home/nrink/Projects/bfi/obj-intel64/bfi.so -trigger 70764757 -cmd RVAL -seed 1 -mask 63 -- /home/nrink/Projects/build/encode/encode/tests/crc/crc.cover.plain /home/nrink/Projects/build/encode/encode/tests/crc/crc_input_small.pcm --cso ./2015-05-05_16:02:12/crc/cover/cs/plain.6.cso --csl ./2015-05-05_16:02:12/crc/cover/cs/plain.6.csl ...
2015-05-05_16:09:09 $$ ... no. 4: $$ running /home/nrink/Projects/pin-2.14-71313-gcc.4.4.7-linux/pin.sh -t /home/nrink/Projects/bfi/obj-intel64/bfi.so -trigger 60758288 -cmd RVAL -seed 1 -mask 77 -- /home/nrink/Projects/build/encode/encode/tests/crc/crc.cover.plain /home/nrink/Projects/build/encode/encode/tests/crc/crc_input_small.pcm --cso ./2015-05-05_16:02:12/crc/cover/cs/plain.4.cso --csl ./2015-05-05_16:02:12/crc/cover/cs/plain.4.csl ...
2015-05-05_16:09:09 $$ ... no. 4: $$ pid=15622: started process /home/nrink/Projects/pin-2.14-71313-gcc.4.4.7-linux/pin.sh -t /home/nrink/Projects/bfi/obj-intel64/bfi.so -trigger 60758288 -cmd RVAL -seed 1 -mask 77 -- /home/nrink/Projects/build/encode/encode/tests/crc/crc.cover.plain /home/nrink/Projects/build/encode/encode/tests/crc/crc_input_small.pcm --cso ./2015-05-05_16:02:12/crc/cover/cs/plain.4.cso --csl ./2015-05-05_16:02:12/crc/cover/cs/plain.4.csl
2015-05-05_16:09:09 $$ ... no. 4: $$ pid=15622: timeout=46
2015-05-05_16:09:16 $$ ... no. 4: $$ pid=15622: communicated with process
2015-05-05_16:09:16 $$ ... no. 4: $$ finished running /home/nrink/Projects/pin-2.14-71313-gcc.4.4.7-linux/pin.sh -t /home/nrink/Projects/bfi/obj-intel64/bfi.so -trigger 60758288 -cmd RVAL -seed 1 -mask 77 -- /home/nrink/Projects/build/encode/encode/tests/crc/crc.cover.plain /home/nrink/Projects/build/encode/encode/tests/crc/crc_input_small.pcm --cso ./2015-05-05_16:02:12/crc/cover/cs/plain.4.cso --csl ./2015-05-05_16:02:12/crc/cover/cs/plain.4.csl ...
2015-05-05_16:09:16 $$ ... no. 4: $$ writing <stderr> to ./2015-05-05_16:02:12/crc/cover/crc.cover.plain.fi.4.stderr ...
2015-05-05_16:09:16 $$ ... no. 4: $$ done writing <stderr> to ./2015-05-05_16:02:12/crc/cover/crc.cover.plain.fi.4.stderr ...
2015-05-05_16:09:16 $$ ... no. 4: $$ writing <stdout> to ./2015-05-05_16:02:12/crc/cover/crc.cover.plain.fi.4.stdout ...
2015-05-05_16:09:16 $$ ... no. 4: $$ done writing <stdout> to ./2015-05-05_16:02:12/crc/cover/crc.cover.plain.fi.4.stdout ...
2015-05-05_16:09:16 $$ ... no. 4: $$ CORRECT (checksum difference: 0) (retcode=0) /home/nrink/Projects/pin-2.14-71313-gcc.4.4.7-linux/pin.sh -t /home/nrink/Projects/bfi/obj-intel64/bfi.so -trigger 60758288 -cmd RVAL -seed 1 -mask 77 -- /home/nrink/Projects/build/encode/encode/tests/crc/crc.cover.plain /home/nrink/Projects/build/encode/encode/tests/crc/crc_input_small.pcm --cso ./2015-05-05_16:02:12/crc/cover/cs/plain.4.cso --csl ./2015-05-05_16:02:12/crc/cover/cs/plain.4.csl ...
2015-05-05_16:09:03 $$ ... no. 5: $$ running /home/nrink/Projects/pin-2.14-71313-gcc.4.4.7-linux/pin.sh -t /home/nrink/Projects/bfi/obj-intel64/bfi.so -trigger 60116995 -cmd RREG -seed 1 -mask 63 -- /home/nrink/Projects/build/encode/encode/tests/crc/crc.cover.plain /home/nrink/Projects/build/encode/encode/tests/crc/crc_input_small.pcm --cso ./2015-05-05_16:02:12/crc/cover/cs/plain.5.cso --csl ./2015-05-05_16:02:12/crc/cover/cs/plain.5.csl ...
2015-05-05_16:09:03 $$ ... no. 5: $$ pid=15181: started process /home/nrink/Projects/pin-2.14-71313-gcc.4.4.7-linux/pin.sh -t /home/nrink/Projects/bfi/obj-intel64/bfi.so -trigger 60116995 -cmd RREG -seed 1 -mask 63 -- /home/nrink/Projects/build/encode/encode/tests/crc/crc.cover.plain /home/nrink/Projects/build/encode/encode/tests/crc/crc_input_small.pcm --cso ./2015-05-05_16:02:12/crc/cover/cs/plain.5.cso --csl ./2015-05-05_16:02:12/crc/cover/cs/plain.5.csl
2015-05-05_16:09:03 $$ ... no. 5: $$ pid=15181: timeout=46
2015-05-05_16:09:19 $$ ... no. 5: $$ pid=15181: communicated with process
2015-05-05_16:09:19 $$ ... no. 5: $$ finished running /home/nrink/Projects/pin-2.14-71313-gcc.4.4.7-linux/pin.sh -t /home/nrink/Projects/bfi/obj-intel64/bfi.so -trigger 60116995 -cmd RREG -seed 1 -mask 63 -- /home/nrink/Projects/build/encode/encode/tests/crc/crc.cover.plain /home/nrink/Projects/build/encode/encode/tests/crc/crc_input_small.pcm --cso ./2015-05-05_16:02:12/crc/cover/cs/plain.5.cso --csl ./2015-05-05_16:02:12/crc/cover/cs/plain.5.csl ...
2015-05-05_16:09:19 $$ ... no. 5: $$ writing <stderr> to ./2015-05-05_16:02:12/crc/cover/crc.cover.plain.fi.5.stderr ...
2015-05-05_16:09:19 $$ ... no. 5: $$ done writing <stderr> to ./2015-05-05_16:02:12/crc/cover/crc.cover.plain.fi.5.stderr ...
2015-05-05_16:09:19 $$ ... no. 5: $$ writing <stdout> to ./2015-05-05_16:02:12/crc/cover/crc.cover.plain.fi.5.stdout ...
2015-05-05_16:09:19 $$ ... no. 5: $$ done writing <stdout> to ./2015-05-05_16:02:12/crc/cover/crc.cover.plain.fi.5.stdout ...
2015-05-05_16:09:19 $$ ... no. 5: $$ UNEXPECTED (checksum difference: 1) (retcode=0) /home/nrink/Projects/pin-2.14-71313-gcc.4.4.7-linux/pin.sh -t /home/nrink/Projects/bfi/obj-intel64/bfi.so -trigger 60116995 -cmd RREG -seed 1 -mask 63 -- /home/nrink/Projects/build/encode/encode/tests/crc/crc.cover.plain /home/nrink/Projects/build/encode/encode/tests/crc/crc_input_small.pcm --cso ./2015-05-05_16:02:12/crc/cover/cs/plain.5.cso --csl ./2015-05-05_16:02:12/crc/cover/cs/plain.5.csl ...
2015-05-05_16:09:09 $$ ... no. 9: $$ running /home/nrink/Projects/pin-2.14-71313-gcc.4.4.7-linux/pin.sh -t /home/nrink/Projects/bfi/obj-intel64/bfi.so -trigger 41804823 -cmd RVAL -seed 1 -mask 12 -- /home/nrink/Projects/build/encode/encode/tests/crc/crc.cover.plain /home/nrink/Projects/build/encode/encode/tests/crc/crc_input_small.pcm --cso ./2015-05-05_16:02:12/crc/cover/cs/plain.9.cso --csl ./2015-05-05_16:02:12/crc/cover/cs/plain.9.csl ...
2015-05-05_16:09:09 $$ ... no. 9: $$ pid=15653: started process /home/nrink/Projects/pin-2.14-71313-gcc.4.4.7-linux/pin.sh -t /home/nrink/Projects/bfi/obj-intel64/bfi.so -trigger 41804823 -cmd RVAL -seed 1 -mask 12 -- /home/nrink/Projects/build/encode/encode/tests/crc/crc.cover.plain /home/nrink/Projects/build/encode/encode/tests/crc/crc_input_small.pcm --cso ./2015-05-05_16:02:12/crc/cover/cs/plain.9.cso --csl ./2015-05-05_16:02:12/crc/cover/cs/plain.9.csl
2015-05-05_16:09:09 $$ ... no. 9: $$ pid=15653: timeout=46
2015-05-05_16:09:20 $$ ... no. 9: $$ pid=15653: communicated with process
2015-05-05_16:09:20 $$ ... no. 9: $$ finished running /home/nrink/Projects/pin-2.14-71313-gcc.4.4.7-linux/pin.sh -t /home/nrink/Projects/bfi/obj-intel64/bfi.so -trigger 41804823 -cmd RVAL -seed 1 -mask 12 -- /home/nrink/Projects/build/encode/encode/tests/crc/crc.cover.plain /home/nrink/Projects/build/encode/encode/tests/crc/crc_input_small.pcm --cso ./2015-05-05_16:02:12/crc/cover/cs/plain.9.cso --csl ./2015-05-05_16:02:12/crc/cover/cs/plain.9.csl ...
2015-05-05_16:09:20 $$ ... no. 9: $$ writing <stderr> to ./2015-05-05_16:02:12/crc/cover/crc.cover.plain.fi.9.stderr ...
2015-05-05_16:09:20 $$ ... no. 9: $$ done writing <stderr> to ./2015-05-05_16:02:12/crc/cover/crc.cover.plain.fi.9.stderr ...
2015-05-05_16:09:20 $$ ... no. 9: $$ writing <stdout> to ./2015-05-05_16:02:12/crc/cover/crc.cover.plain.fi.9.stdout ...
2015-05-05_16:09:20 $$ ... no. 9: $$ done writing <stdout> to ./2015-05-05_16:02:12/crc/cover/crc.cover.plain.fi.9.stdout ...
2015-05-05_16:09:20 $$ ... no. 9: $$ CORRECT (checksum difference: 0) (retcode=0) /home/nrink/Projects/pin-2.14-71313-gcc.4.4.7-linux/pin.sh -t /home/nrink/Projects/bfi/obj-intel64/bfi.so -trigger 41804823 -cmd RVAL -seed 1 -mask 12 -- /home/nrink/Projects/build/encode/encode/tests/crc/crc.cover.plain /home/nrink/Projects/build/encode/encode/tests/crc/crc_input_small.pcm --cso ./2015-05-05_16:02:12/crc/cover/cs/plain.9.cso --csl ./2015-05-05_16:02:12/crc/cover/cs/plain.9.csl ...
2015-05-05_16:09:16 $$ ... no. 3: $$ running /home/nrink/Projects/pin-2.14-71313-gcc.4.4.7-linux/pin.sh -t /home/nrink/Projects/bfi/obj-intel64/bfi.so -trigger 70442669 -cmd RVAL -seed 1 -mask 169 -- /home/nrink/Projects/build/encode/encode/tests/crc/crc.cover.plain /home/nrink/Projects/build/encode/encode/tests/crc/crc_input_small.pcm --cso ./2015-05-05_16:02:12/crc/cover/cs/plain.3.cso --csl ./2015-05-05_16:02:12/crc/cover/cs/plain.3.csl ...
2015-05-05_16:09:16 $$ ... no. 3: $$ pid=16024: started process /home/nrink/Projects/pin-2.14-71313-gcc.4.4.7-linux/pin.sh -t /home/nrink/Projects/bfi/obj-intel64/bfi.so -trigger 70442669 -cmd RVAL -seed 1 -mask 169 -- /home/nrink/Projects/build/encode/encode/tests/crc/crc.cover.plain /home/nrink/Projects/build/encode/encode/tests/crc/crc_input_small.pcm --cso ./2015-05-05_16:02:12/crc/cover/cs/plain.3.cso --csl ./2015-05-05_16:02:12/crc/cover/cs/plain.3.csl
2015-05-05_16:09:16 $$ ... no. 3: $$ pid=16024: timeout=46
2015-05-05_16:09:21 $$ ... no. 3: $$ pid=16024: communicated with process
2015-05-05_16:09:21 $$ ... no. 3: $$ finished running /home/nrink/Projects/pin-2.14-71313-gcc.4.4.7-linux/pin.sh -t /home/nrink/Projects/bfi/obj-intel64/bfi.so -trigger 70442669 -cmd RVAL -seed 1 -mask 169 -- /home/nrink/Projects/build/encode/encode/tests/crc/crc.cover.plain /home/nrink/Projects/build/encode/encode/tests/crc/crc_input_small.pcm --cso ./2015-05-05_16:02:12/crc/cover/cs/plain.3.cso --csl ./2015-05-05_16:02:12/crc/cover/cs/plain.3.csl ...
2015-05-05_16:09:21 $$ ... no. 3: $$ writing <stderr> to ./2015-05-05_16:02:12/crc/cover/crc.cover.plain.fi.3.stderr ...
2015-05-05_16:09:21 $$ ... no. 3: $$ done writing <stderr> to ./2015-05-05_16:02:12/crc/cover/crc.cover.plain.fi.3.stderr ...
2015-05-05_16:09:21 $$ ... no. 3: $$ writing <stdout> to ./2015-05-05_16:02:12/crc/cover/crc.cover.plain.fi.3.stdout ...
2015-05-05_16:09:21 $$ ... no. 3: $$ done writing <stdout> to ./2015-05-05_16:02:12/crc/cover/crc.cover.plain.fi.3.stdout ...
2015-05-05_16:09:21 $$ ... no. 3: $$ UNEXPECTED (checksum difference: 1) (retcode=0) /home/nrink/Projects/pin-2.14-71313-gcc.4.4.7-linux/pin.sh -t /home/nrink/Projects/bfi/obj-intel64/bfi.so -trigger 70442669 -cmd RVAL -seed 1 -mask 169 -- /home/nrink/Projects/build/encode/encode/tests/crc/crc.cover.plain /home/nrink/Projects/build/encode/encode/tests/crc/crc_input_small.pcm --cso ./2015-05-05_16:02:12/crc/cover/cs/plain.3.cso --csl ./2015-05-05_16:02:12/crc/cover/cs/plain.3.csl ...
2015-05-05_16:09:20 $$ ... no. 0: $$ running /home/nrink/Projects/pin-2.14-71313-gcc.4.4.7-linux/pin.sh -t /home/nrink/Projects/bfi/obj-intel64/bfi.so -trigger 71539104 -cmd RREG -seed 1 -mask 211 -- /home/nrink/Projects/build/encode/encode/tests/crc/crc.cover.plain /home/nrink/Projects/build/encode/encode/tests/crc/crc_input_small.pcm --cso ./2015-05-05_16:02:12/crc/cover/cs/plain.0.cso --csl ./2015-05-05_16:02:12/crc/cover/cs/plain.0.csl ...
2015-05-05_16:09:20 $$ ... no. 0: $$ pid=16315: started process /home/nrink/Projects/pin-2.14-71313-gcc.4.4.7-linux/pin.sh -t /home/nrink/Projects/bfi/obj-intel64/bfi.so -trigger 71539104 -cmd RREG -seed 1 -mask 211 -- /home/nrink/Projects/build/encode/encode/tests/crc/crc.cover.plain /home/nrink/Projects/build/encode/encode/tests/crc/crc_input_small.pcm --cso ./2015-05-05_16:02:12/crc/cover/cs/plain.0.cso --csl ./2015-05-05_16:02:12/crc/cover/cs/plain.0.csl
2015-05-05_16:09:20 $$ ... no. 0: $$ pid=16315: timeout=46
2015-05-05_16:09:29 $$ ... no. 0: $$ pid=16315: communicated with process
2015-05-05_16:09:29 $$ ... no. 0: $$ finished running /home/nrink/Projects/pin-2.14-71313-gcc.4.4.7-linux/pin.sh -t /home/nrink/Projects/bfi/obj-intel64/bfi.so -trigger 71539104 -cmd RREG -seed 1 -mask 211 -- /home/nrink/Projects/build/encode/encode/tests/crc/crc.cover.plain /home/nrink/Projects/build/encode/encode/tests/crc/crc_input_small.pcm --cso ./2015-05-05_16:02:12/crc/cover/cs/plain.0.cso --csl ./2015-05-05_16:02:12/crc/cover/cs/plain.0.csl ...
2015-05-05_16:09:29 $$ ... no. 0: $$ writing <stderr> to ./2015-05-05_16:02:12/crc/cover/crc.cover.plain.fi.0.stderr ...
2015-05-05_16:09:29 $$ ... no. 0: $$ done writing <stderr> to ./2015-05-05_16:02:12/crc/cover/crc.cover.plain.fi.0.stderr ...
2015-05-05_16:09:29 $$ ... no. 0: $$ writing <stdout> to ./2015-05-05_16:02:12/crc/cover/crc.cover.plain.fi.0.stdout ...
2015-05-05_16:09:29 $$ ... no. 0: $$ done writing <stdout> to ./2015-05-05_16:02:12/crc/cover/crc.cover.plain.fi.0.stdout ...
2015-05-05_16:09:29 $$ ... no. 0: $$ CORRECT (checksum difference: 0) (retcode=0) /home/nrink/Projects/pin-2.14-71313-gcc.4.4.7-linux/pin.sh -t /home/nrink/Projects/bfi/obj-intel64/bfi.so -trigger 71539104 -cmd RREG -seed 1 -mask 211 -- /home/nrink/Projects/build/encode/encode/tests/crc/crc.cover.plain /home/nrink/Projects/build/encode/encode/tests/crc/crc_input_small.pcm --cso ./2015-05-05_16:02:12/crc/cover/cs/plain.0.cso --csl ./2015-05-05_16:02:12/crc/cover/cs/plain.0.csl ...
2015-05-05_16:09:19 $$ ... no. 1: $$ running /home/nrink/Projects/pin-2.14-71313-gcc.4.4.7-linux/pin.sh -t /home/nrink/Projects/bfi/obj-intel64/bfi.so -trigger 15896569 -cmd RVAL -seed 1 -mask 9 -- /home/nrink/Projects/build/encode/encode/tests/crc/crc.cover.plain /home/nrink/Projects/build/encode/encode/tests/crc/crc_input_small.pcm --cso ./2015-05-05_16:02:12/crc/cover/cs/plain.1.cso --csl ./2015-05-05_16:02:12/crc/cover/cs/plain.1.csl ...
2015-05-05_16:09:19 $$ ... no. 1: $$ pid=16270: started process /home/nrink/Projects/pin-2.14-71313-gcc.4.4.7-linux/pin.sh -t /home/nrink/Projects/bfi/obj-intel64/bfi.so -trigger 15896569 -cmd RVAL -seed 1 -mask 9 -- /home/nrink/Projects/build/encode/encode/tests/crc/crc.cover.plain /home/nrink/Projects/build/encode/encode/tests/crc/crc_input_small.pcm --cso ./2015-05-05_16:02:12/crc/cover/cs/plain.1.cso --csl ./2015-05-05_16:02:12/crc/cover/cs/plain.1.csl
2015-05-05_16:09:19 $$ ... no. 1: $$ pid=16270: timeout=46
2015-05-05_16:09:30 $$ ... no. 1: $$ pid=16270: communicated with process
2015-05-05_16:09:30 $$ ... no. 1: $$ finished running /home/nrink/Projects/pin-2.14-71313-gcc.4.4.7-linux/pin.sh -t /home/nrink/Projects/bfi/obj-intel64/bfi.so -trigger 15896569 -cmd RVAL -seed 1 -mask 9 -- /home/nrink/Projects/build/encode/encode/tests/crc/crc.cover.plain /home/nrink/Projects/build/encode/encode/tests/crc/crc_input_small.pcm --cso ./2015-05-05_16:02:12/crc/cover/cs/plain.1.cso --csl ./2015-05-05_16:02:12/crc/cover/cs/plain.1.csl ...
2015-05-05_16:09:30 $$ ... no. 1: $$ writing <stderr> to ./2015-05-05_16:02:12/crc/cover/crc.cover.plain.fi.1.stderr ...
2015-05-05_16:09:30 $$ ... no. 1: $$ done writing <stderr> to ./2015-05-05_16:02:12/crc/cover/crc.cover.plain.fi.1.stderr ...
2015-05-05_16:09:30 $$ ... no. 1: $$ writing <stdout> to ./2015-05-05_16:02:12/crc/cover/crc.cover.plain.fi.1.stdout ...
2015-05-05_16:09:30 $$ ... no. 1: $$ done writing <stdout> to ./2015-05-05_16:02:12/crc/cover/crc.cover.plain.fi.1.stdout ...
2015-05-05_16:09:30 $$ ... no. 1: $$ CORRECT (checksum difference: 0) (retcode=0) /home/nrink/Projects/pin-2.14-71313-gcc.4.4.7-linux/pin.sh -t /home/nrink/Projects/bfi/obj-intel64/bfi.so -trigger 15896569 -cmd RVAL -seed 1 -mask 9 -- /home/nrink/Projects/build/encode/encode/tests/crc/crc.cover.plain /home/nrink/Projects/build/encode/encode/tests/crc/crc_input_small.pcm --cso ./2015-05-05_16:02:12/crc/cover/cs/plain.1.cso --csl ./2015-05-05_16:02:12/crc/cover/cs/plain.1.csl ...
2015-05-05_16:09:21 $$ ... no. 2: $$ running /home/nrink/Projects/pin-2.14-71313-gcc.4.4.7-linux/pin.sh -t /home/nrink/Projects/bfi/obj-intel64/bfi.so -trigger 52893568 -cmd RREG -seed 1 -mask 208 -- /home/nrink/Projects/build/encode/encode/tests/crc/crc.cover.plain /home/nrink/Projects/build/encode/encode/tests/crc/crc_input_small.pcm --cso ./2015-05-05_16:02:12/crc/cover/cs/plain.2.cso --csl ./2015-05-05_16:02:12/crc/cover/cs/plain.2.csl ...
2015-05-05_16:09:21 $$ ... no. 2: $$ pid=16357: started process /home/nrink/Projects/pin-2.14-71313-gcc.4.4.7-linux/pin.sh -t /home/nrink/Projects/bfi/obj-intel64/bfi.so -trigger 52893568 -cmd RREG -seed 1 -mask 208 -- /home/nrink/Projects/build/encode/encode/tests/crc/crc.cover.plain /home/nrink/Projects/build/encode/encode/tests/crc/crc_input_small.pcm --cso ./2015-05-05_16:02:12/crc/cover/cs/plain.2.cso --csl ./2015-05-05_16:02:12/crc/cover/cs/plain.2.csl
2015-05-05_16:09:21 $$ ... no. 2: $$ pid=16357: timeout=46
2015-05-05_16:09:33 $$ ... no. 2: $$ pid=16357: communicated with process
2015-05-05_16:09:33 $$ ... no. 2: $$ finished running /home/nrink/Projects/pin-2.14-71313-gcc.4.4.7-linux/pin.sh -t /home/nrink/Projects/bfi/obj-intel64/bfi.so -trigger 52893568 -cmd RREG -seed 1 -mask 208 -- /home/nrink/Projects/build/encode/encode/tests/crc/crc.cover.plain /home/nrink/Projects/build/encode/encode/tests/crc/crc_input_small.pcm --cso ./2015-05-05_16:02:12/crc/cover/cs/plain.2.cso --csl ./2015-05-05_16:02:12/crc/cover/cs/plain.2.csl ...
2015-05-05_16:09:33 $$ ... no. 2: $$ writing <stderr> to ./2015-05-05_16:02:12/crc/cover/crc.cover.plain.fi.2.stderr ...
2015-05-05_16:09:33 $$ ... no. 2: $$ done writing <stderr> to ./2015-05-05_16:02:12/crc/cover/crc.cover.plain.fi.2.stderr ...
2015-05-05_16:09:33 $$ ... no. 2: $$ writing <stdout> to ./2015-05-05_16:02:12/crc/cover/crc.cover.plain.fi.2.stdout ...
2015-05-05_16:09:33 $$ ... no. 2: $$ done writing <stdout> to ./2015-05-05_16:02:12/crc/cover/crc.cover.plain.fi.2.stdout ...
2015-05-05_16:09:33 $$ ... no. 2: $$ UNEXPECTED (checksum difference: 1) (retcode=0) /home/nrink/Projects/pin-2.14-71313-gcc.4.4.7-linux/pin.sh -t /home/nrink/Projects/bfi/obj-intel64/bfi.so -trigger 52893568 -cmd RREG -seed 1 -mask 208 -- /home/nrink/Projects/build/encode/encode/tests/crc/crc.cover.plain /home/nrink/Projects/build/encode/encode/tests/crc/crc_input_small.pcm --cso ./2015-05-05_16:02:12/crc/cover/cs/plain.2.cso --csl ./2015-05-05_16:02:12/crc/cover/cs/plain.2.csl ...
2015-05-05_16:09:03 $$ ... no. 8: $$ running /home/nrink/Projects/pin-2.14-71313-gcc.4.4.7-linux/pin.sh -t /home/nrink/Projects/bfi/obj-intel64/bfi.so -trigger 8200131 -cmd WADDR -seed 1 -mask 122 -- /home/nrink/Projects/build/encode/encode/tests/crc/crc.cover.plain /home/nrink/Projects/build/encode/encode/tests/crc/crc_input_small.pcm --cso ./2015-05-05_16:02:12/crc/cover/cs/plain.8.cso --csl ./2015-05-05_16:02:12/crc/cover/cs/plain.8.csl ...
2015-05-05_16:09:03 $$ ... no. 8: $$ pid=15206: started process /home/nrink/Projects/pin-2.14-71313-gcc.4.4.7-linux/pin.sh -t /home/nrink/Projects/bfi/obj-intel64/bfi.so -trigger 8200131 -cmd WADDR -seed 1 -mask 122 -- /home/nrink/Projects/build/encode/encode/tests/crc/crc.cover.plain /home/nrink/Projects/build/encode/encode/tests/crc/crc_input_small.pcm --cso ./2015-05-05_16:02:12/crc/cover/cs/plain.8.cso --csl ./2015-05-05_16:02:12/crc/cover/cs/plain.8.csl
2015-05-05_16:09:03 $$ ... no. 8: $$ pid=15206: timeout=46
2015-05-05_16:09:49 $$ ... no. 8: $$ pid=15206: killed process
2015-05-05_16:09:49 $$ ... no. 8: $$ finished running /home/nrink/Projects/pin-2.14-71313-gcc.4.4.7-linux/pin.sh -t /home/nrink/Projects/bfi/obj-intel64/bfi.so -trigger 8200131 -cmd WADDR -seed 1 -mask 122 -- /home/nrink/Projects/build/encode/encode/tests/crc/crc.cover.plain /home/nrink/Projects/build/encode/encode/tests/crc/crc_input_small.pcm --cso ./2015-05-05_16:02:12/crc/cover/cs/plain.8.cso --csl ./2015-05-05_16:02:12/crc/cover/cs/plain.8.csl ...
2015-05-05_16:09:49 $$ ... no. 8: $$ writing <stderr> to ./2015-05-05_16:02:12/crc/cover/crc.cover.plain.fi.8.stderr ...
2015-05-05_16:09:49 $$ ... no. 8: $$ done writing <stderr> to ./2015-05-05_16:02:12/crc/cover/crc.cover.plain.fi.8.stderr ...
2015-05-05_16:09:49 $$ ... no. 8: $$ writing <stdout> to ./2015-05-05_16:02:12/crc/cover/crc.cover.plain.fi.8.stdout ...
2015-05-05_16:09:49 $$ ... no. 8: $$ done writing <stdout> to ./2015-05-05_16:02:12/crc/cover/crc.cover.plain.fi.8.stdout ...
2015-05-05_16:09:49 $$ ... no. 8: $$ HANG (retcode=None) /home/nrink/Projects/pin-2.14-71313-gcc.4.4.7-linux/pin.sh -t /home/nrink/Projects/bfi/obj-intel64/bfi.so -trigger 8200131 -cmd WADDR -seed 1 -mask 122 -- /home/nrink/Projects/build/encode/encode/tests/crc/crc.cover.plain /home/nrink/Projects/build/encode/encode/tests/crc/crc_input_small.pcm --cso ./2015-05-05_16:02:12/crc/cover/cs/plain.8.cso --csl ./2015-05-05_16:02:12/crc/cover/cs/plain.8.csl ...
2015-05-05_16:09:49 $$ ... finished fault injections.
2015-05-05_16:09:49 $$ ----------------------------------------------------------------
2015-05-05_16:09:49 $$ Result:
2015-05-05_16:09:49 $$ total   = 10
2015-05-05_16:09:49 $$ valid   = 10
2015-05-05_16:09:49 $$ correct = 4
2015-05-05_16:09:49 $$ AN success = 0
2015-05-05_16:09:49 $$     OS crashes  = 0
2015-05-05_16:09:49 $$     AN crashes  = 0
2015-05-05_16:09:49 $$     undiagnosed = 0
2015-05-05_16:09:49 $$ AN failed = 6
2015-05-05_16:09:49 $$     unexpected = 5
2015-05-05_16:09:49 $$     hang       = 1
2015-05-05_16:09:49 $$ ----------------------------------------------------------------
