key=plain, runs=100 ...
command=/home/nrink/Projects/build/encode/encode/tests/array_sum/array_sum.perf.plain
----------------------------------------------
real command=cset shield -e /home/nrink/Projects/build/encode/encode/tests/array_sum/array_sum.perf.plain --  --cso /dev/null
key=plain, no.=0, <stderr>:
LENGTH=3900
elapsed cycles: 775404
hi(checksum)=0x216A164BFE1EA191
lo(checksum)=0x012394A872E428A0
key=plain, no.=0, <checksum>:
0x216A164BFE1EA191012394A872E428A0
key=plain, no.=0, cso file:
/dev/null
----------------------------------------------
real command=cset shield -e /home/nrink/Projects/build/encode/encode/tests/array_sum/array_sum.perf.plain --  --cso /dev/null
key=plain, no.=1, <stderr>:
LENGTH=3900
elapsed cycles: 776631
hi(checksum)=0x216A164BFE1EA191
lo(checksum)=0x012394A872E428A0
key=plain, no.=1, <checksum>:
0x216A164BFE1EA191012394A872E428A0
key=plain, no.=1, cso file:
/dev/null
----------------------------------------------
real command=cset shield -e /home/nrink/Projects/build/encode/encode/tests/array_sum/array_sum.perf.plain --  --cso /dev/null
key=plain, no.=2, <stderr>:
LENGTH=3900
elapsed cycles: 832395
hi(checksum)=0x216A164BFE1EA191
lo(checksum)=0x012394A872E428A0
key=plain, no.=2, <checksum>:
0x216A164BFE1EA191012394A872E428A0
key=plain, no.=2, cso file:
/dev/null
----------------------------------------------
real command=cset shield -e /home/nrink/Projects/build/encode/encode/tests/array_sum/array_sum.perf.plain --  --cso /dev/null
key=plain, no.=3, <stderr>:
LENGTH=3900
elapsed cycles: 775740
hi(checksum)=0x216A164BFE1EA191
lo(checksum)=0x012394A872E428A0
key=plain, no.=3, <checksum>:
0x216A164BFE1EA191012394A872E428A0
key=plain, no.=3, cso file:
/dev/null
----------------------------------------------
real command=cset shield -e /home/nrink/Projects/build/encode/encode/tests/array_sum/array_sum.perf.plain --  --cso /dev/null
key=plain, no.=4, <stderr>:
LENGTH=3900
elapsed cycles: 776016
hi(checksum)=0x216A164BFE1EA191
lo(checksum)=0x012394A872E428A0
key=plain, no.=4, <checksum>:
0x216A164BFE1EA191012394A872E428A0
key=plain, no.=4, cso file:
/dev/null
----------------------------------------------
real command=cset shield -e /home/nrink/Projects/build/encode/encode/tests/array_sum/array_sum.perf.plain --  --cso /dev/null
key=plain, no.=5, <stderr>:
LENGTH=3900
elapsed cycles: 776289
hi(checksum)=0x216A164BFE1EA191
lo(checksum)=0x012394A872E428A0
key=plain, no.=5, <checksum>:
0x216A164BFE1EA191012394A872E428A0
key=plain, no.=5, cso file:
/dev/null
----------------------------------------------
real command=cset shield -e /home/nrink/Projects/build/encode/encode/tests/array_sum/array_sum.perf.plain --  --cso /dev/null
key=plain, no.=6, <stderr>:
LENGTH=3900
elapsed cycles: 774621
hi(checksum)=0x216A164BFE1EA191
lo(checksum)=0x012394A872E428A0
key=plain, no.=6, <checksum>:
0x216A164BFE1EA191012394A872E428A0
key=plain, no.=6, cso file:
/dev/null
----------------------------------------------
real command=cset shield -e /home/nrink/Projects/build/encode/encode/tests/array_sum/array_sum.perf.plain --  --cso /dev/null
key=plain, no.=7, <stderr>:
LENGTH=3900
elapsed cycles: 777996
hi(checksum)=0x216A164BFE1EA191
lo(checksum)=0x012394A872E428A0
key=plain, no.=7, <checksum>:
0x216A164BFE1EA191012394A872E428A0
key=plain, no.=7, cso file:
/dev/null
----------------------------------------------
real command=cset shield -e /home/nrink/Projects/build/encode/encode/tests/array_sum/array_sum.perf.plain --  --cso /dev/null
key=plain, no.=8, <stderr>:
LENGTH=3900
elapsed cycles: 774813
hi(checksum)=0x216A164BFE1EA191
lo(checksum)=0x012394A872E428A0
key=plain, no.=8, <checksum>:
0x216A164BFE1EA191012394A872E428A0
key=plain, no.=8, cso file:
/dev/null
----------------------------------------------
real command=cset shield -e /home/nrink/Projects/build/encode/encode/tests/array_sum/array_sum.perf.plain --  --cso /dev/null
key=plain, no.=9, <stderr>:
LENGTH=3900
elapsed cycles: 777345
hi(checksum)=0x216A164BFE1EA191
lo(checksum)=0x012394A872E428A0
key=plain, no.=9, <checksum>:
0x216A164BFE1EA191012394A872E428A0
key=plain, no.=9, cso file:
/dev/null
----------------------------------------------
real command=cset shield -e /home/nrink/Projects/build/encode/encode/tests/array_sum/array_sum.perf.plain --  --cso /dev/null
key=plain, no.=10, <stderr>:
LENGTH=3900
elapsed cycles: 775656
hi(checksum)=0x216A164BFE1EA191
lo(checksum)=0x012394A872E428A0
key=plain, no.=10, <checksum>:
0x216A164BFE1EA191012394A872E428A0
key=plain, no.=10, cso file:
/dev/null
----------------------------------------------
real command=cset shield -e /home/nrink/Projects/build/encode/encode/tests/array_sum/array_sum.perf.plain --  --cso /dev/null
key=plain, no.=11, <stderr>:
LENGTH=3900
elapsed cycles: 775509
hi(checksum)=0x216A164BFE1EA191
lo(checksum)=0x012394A872E428A0
key=plain, no.=11, <checksum>:
0x216A164BFE1EA191012394A872E428A0
key=plain, no.=11, cso file:
/dev/null
----------------------------------------------
real command=cset shield -e /home/nrink/Projects/build/encode/encode/tests/array_sum/array_sum.perf.plain --  --cso /dev/null
key=plain, no.=12, <stderr>:
LENGTH=3900
elapsed cycles: 775947
hi(checksum)=0x216A164BFE1EA191
lo(checksum)=0x012394A872E428A0
key=plain, no.=12, <checksum>:
0x216A164BFE1EA191012394A872E428A0
key=plain, no.=12, cso file:
/dev/null
----------------------------------------------
real command=cset shield -e /home/nrink/Projects/build/encode/encode/tests/array_sum/array_sum.perf.plain --  --cso /dev/null
key=plain, no.=13, <stderr>:
LENGTH=3900
elapsed cycles: 775524
hi(checksum)=0x216A164BFE1EA191
lo(checksum)=0x012394A872E428A0
key=plain, no.=13, <checksum>:
0x216A164BFE1EA191012394A872E428A0
key=plain, no.=13, cso file:
/dev/null
----------------------------------------------
real command=cset shield -e /home/nrink/Projects/build/encode/encode/tests/array_sum/array_sum.perf.plain --  --cso /dev/null
key=plain, no.=14, <stderr>:
LENGTH=3900
elapsed cycles: 776550
hi(checksum)=0x216A164BFE1EA191
lo(checksum)=0x012394A872E428A0
key=plain, no.=14, <checksum>:
0x216A164BFE1EA191012394A872E428A0
key=plain, no.=14, cso file:
/dev/null
----------------------------------------------
real command=cset shield -e /home/nrink/Projects/build/encode/encode/tests/array_sum/array_sum.perf.plain --  --cso /dev/null
key=plain, no.=15, <stderr>:
LENGTH=3900
elapsed cycles: 776061
hi(checksum)=0x216A164BFE1EA191
lo(checksum)=0x012394A872E428A0
key=plain, no.=15, <checksum>:
0x216A164BFE1EA191012394A872E428A0
key=plain, no.=15, cso file:
/dev/null
----------------------------------------------
real command=cset shield -e /home/nrink/Projects/build/encode/encode/tests/array_sum/array_sum.perf.plain --  --cso /dev/null
key=plain, no.=16, <stderr>:
LENGTH=3900
elapsed cycles: 776004
hi(checksum)=0x216A164BFE1EA191
lo(checksum)=0x012394A872E428A0
key=plain, no.=16, <checksum>:
0x216A164BFE1EA191012394A872E428A0
key=plain, no.=16, cso file:
/dev/null
----------------------------------------------
real command=cset shield -e /home/nrink/Projects/build/encode/encode/tests/array_sum/array_sum.perf.plain --  --cso /dev/null
key=plain, no.=17, <stderr>:
LENGTH=3900
elapsed cycles: 775446
hi(checksum)=0x216A164BFE1EA191
lo(checksum)=0x012394A872E428A0
key=plain, no.=17, <checksum>:
0x216A164BFE1EA191012394A872E428A0
key=plain, no.=17, cso file:
/dev/null
----------------------------------------------
real command=cset shield -e /home/nrink/Projects/build/encode/encode/tests/array_sum/array_sum.perf.plain --  --cso /dev/null
key=plain, no.=18, <stderr>:
LENGTH=3900
elapsed cycles: 775104
hi(checksum)=0x216A164BFE1EA191
lo(checksum)=0x012394A872E428A0
key=plain, no.=18, <checksum>:
0x216A164BFE1EA191012394A872E428A0
key=plain, no.=18, cso file:
/dev/null
----------------------------------------------
real command=cset shield -e /home/nrink/Projects/build/encode/encode/tests/array_sum/array_sum.perf.plain --  --cso /dev/null
key=plain, no.=19, <stderr>:
LENGTH=3900
elapsed cycles: 776721
hi(checksum)=0x216A164BFE1EA191
lo(checksum)=0x012394A872E428A0
key=plain, no.=19, <checksum>:
0x216A164BFE1EA191012394A872E428A0
key=plain, no.=19, cso file:
/dev/null
----------------------------------------------
real command=cset shield -e /home/nrink/Projects/build/encode/encode/tests/array_sum/array_sum.perf.plain --  --cso /dev/null
key=plain, no.=20, <stderr>:
LENGTH=3900
elapsed cycles: 774942
hi(checksum)=0x216A164BFE1EA191
lo(checksum)=0x012394A872E428A0
key=plain, no.=20, <checksum>:
0x216A164BFE1EA191012394A872E428A0
key=plain, no.=20, cso file:
/dev/null
----------------------------------------------
real command=cset shield -e /home/nrink/Projects/build/encode/encode/tests/array_sum/array_sum.perf.plain --  --cso /dev/null
key=plain, no.=21, <stderr>:
LENGTH=3900
elapsed cycles: 775653
hi(checksum)=0x216A164BFE1EA191
lo(checksum)=0x012394A872E428A0
key=plain, no.=21, <checksum>:
0x216A164BFE1EA191012394A872E428A0
key=plain, no.=21, cso file:
/dev/null
----------------------------------------------
real command=cset shield -e /home/nrink/Projects/build/encode/encode/tests/array_sum/array_sum.perf.plain --  --cso /dev/null
key=plain, no.=22, <stderr>:
LENGTH=3900
elapsed cycles: 774960
hi(checksum)=0x216A164BFE1EA191
lo(checksum)=0x012394A872E428A0
key=plain, no.=22, <checksum>:
0x216A164BFE1EA191012394A872E428A0
key=plain, no.=22, cso file:
/dev/null
----------------------------------------------
real command=cset shield -e /home/nrink/Projects/build/encode/encode/tests/array_sum/array_sum.perf.plain --  --cso /dev/null
key=plain, no.=23, <stderr>:
LENGTH=3900
elapsed cycles: 862920
hi(checksum)=0x216A164BFE1EA191
lo(checksum)=0x012394A872E428A0
key=plain, no.=23, <checksum>:
0x216A164BFE1EA191012394A872E428A0
key=plain, no.=23, cso file:
/dev/null
----------------------------------------------
real command=cset shield -e /home/nrink/Projects/build/encode/encode/tests/array_sum/array_sum.perf.plain --  --cso /dev/null
key=plain, no.=24, <stderr>:
LENGTH=3900
elapsed cycles: 775257
hi(checksum)=0x216A164BFE1EA191
lo(checksum)=0x012394A872E428A0
key=plain, no.=24, <checksum>:
0x216A164BFE1EA191012394A872E428A0
key=plain, no.=24, cso file:
/dev/null
----------------------------------------------
real command=cset shield -e /home/nrink/Projects/build/encode/encode/tests/array_sum/array_sum.perf.plain --  --cso /dev/null
key=plain, no.=25, <stderr>:
LENGTH=3900
elapsed cycles: 775020
hi(checksum)=0x216A164BFE1EA191
lo(checksum)=0x012394A872E428A0
key=plain, no.=25, <checksum>:
0x216A164BFE1EA191012394A872E428A0
key=plain, no.=25, cso file:
/dev/null
----------------------------------------------
real command=cset shield -e /home/nrink/Projects/build/encode/encode/tests/array_sum/array_sum.perf.plain --  --cso /dev/null
key=plain, no.=26, <stderr>:
LENGTH=3900
elapsed cycles: 775221
hi(checksum)=0x216A164BFE1EA191
lo(checksum)=0x012394A872E428A0
key=plain, no.=26, <checksum>:
0x216A164BFE1EA191012394A872E428A0
key=plain, no.=26, cso file:
/dev/null
----------------------------------------------
real command=cset shield -e /home/nrink/Projects/build/encode/encode/tests/array_sum/array_sum.perf.plain --  --cso /dev/null
key=plain, no.=27, <stderr>:
LENGTH=3900
elapsed cycles: 777801
hi(checksum)=0x216A164BFE1EA191
lo(checksum)=0x012394A872E428A0
key=plain, no.=27, <checksum>:
0x216A164BFE1EA191012394A872E428A0
key=plain, no.=27, cso file:
/dev/null
----------------------------------------------
real command=cset shield -e /home/nrink/Projects/build/encode/encode/tests/array_sum/array_sum.perf.plain --  --cso /dev/null
key=plain, no.=28, <stderr>:
LENGTH=3900
elapsed cycles: 775245
hi(checksum)=0x216A164BFE1EA191
lo(checksum)=0x012394A872E428A0
key=plain, no.=28, <checksum>:
0x216A164BFE1EA191012394A872E428A0
key=plain, no.=28, cso file:
/dev/null
----------------------------------------------
real command=cset shield -e /home/nrink/Projects/build/encode/encode/tests/array_sum/array_sum.perf.plain --  --cso /dev/null
key=plain, no.=29, <stderr>:
LENGTH=3900
elapsed cycles: 775794
hi(checksum)=0x216A164BFE1EA191
lo(checksum)=0x012394A872E428A0
key=plain, no.=29, <checksum>:
0x216A164BFE1EA191012394A872E428A0
key=plain, no.=29, cso file:
/dev/null
----------------------------------------------
real command=cset shield -e /home/nrink/Projects/build/encode/encode/tests/array_sum/array_sum.perf.plain --  --cso /dev/null
key=plain, no.=30, <stderr>:
LENGTH=3900
elapsed cycles: 775860
hi(checksum)=0x216A164BFE1EA191
lo(checksum)=0x012394A872E428A0
key=plain, no.=30, <checksum>:
0x216A164BFE1EA191012394A872E428A0
key=plain, no.=30, cso file:
/dev/null
----------------------------------------------
real command=cset shield -e /home/nrink/Projects/build/encode/encode/tests/array_sum/array_sum.perf.plain --  --cso /dev/null
key=plain, no.=31, <stderr>:
LENGTH=3900
elapsed cycles: 776157
hi(checksum)=0x216A164BFE1EA191
lo(checksum)=0x012394A872E428A0
key=plain, no.=31, <checksum>:
0x216A164BFE1EA191012394A872E428A0
key=plain, no.=31, cso file:
/dev/null
----------------------------------------------
real command=cset shield -e /home/nrink/Projects/build/encode/encode/tests/array_sum/array_sum.perf.plain --  --cso /dev/null
key=plain, no.=32, <stderr>:
LENGTH=3900
elapsed cycles: 895374
hi(checksum)=0x216A164BFE1EA191
lo(checksum)=0x012394A872E428A0
key=plain, no.=32, <checksum>:
0x216A164BFE1EA191012394A872E428A0
key=plain, no.=32, cso file:
/dev/null
----------------------------------------------
real command=cset shield -e /home/nrink/Projects/build/encode/encode/tests/array_sum/array_sum.perf.plain --  --cso /dev/null
key=plain, no.=33, <stderr>:
LENGTH=3900
elapsed cycles: 775206
hi(checksum)=0x216A164BFE1EA191
lo(checksum)=0x012394A872E428A0
key=plain, no.=33, <checksum>:
0x216A164BFE1EA191012394A872E428A0
key=plain, no.=33, cso file:
/dev/null
----------------------------------------------
real command=cset shield -e /home/nrink/Projects/build/encode/encode/tests/array_sum/array_sum.perf.plain --  --cso /dev/null
key=plain, no.=34, <stderr>:
LENGTH=3900
elapsed cycles: 775611
hi(checksum)=0x216A164BFE1EA191
lo(checksum)=0x012394A872E428A0
key=plain, no.=34, <checksum>:
0x216A164BFE1EA191012394A872E428A0
key=plain, no.=34, cso file:
/dev/null
----------------------------------------------
real command=cset shield -e /home/nrink/Projects/build/encode/encode/tests/array_sum/array_sum.perf.plain --  --cso /dev/null
key=plain, no.=35, <stderr>:
LENGTH=3900
elapsed cycles: 776358
hi(checksum)=0x216A164BFE1EA191
lo(checksum)=0x012394A872E428A0
key=plain, no.=35, <checksum>:
0x216A164BFE1EA191012394A872E428A0
key=plain, no.=35, cso file:
/dev/null
----------------------------------------------
real command=cset shield -e /home/nrink/Projects/build/encode/encode/tests/array_sum/array_sum.perf.plain --  --cso /dev/null
key=plain, no.=36, <stderr>:
LENGTH=3900
elapsed cycles: 775077
hi(checksum)=0x216A164BFE1EA191
lo(checksum)=0x012394A872E428A0
key=plain, no.=36, <checksum>:
0x216A164BFE1EA191012394A872E428A0
key=plain, no.=36, cso file:
/dev/null
----------------------------------------------
real command=cset shield -e /home/nrink/Projects/build/encode/encode/tests/array_sum/array_sum.perf.plain --  --cso /dev/null
key=plain, no.=37, <stderr>:
LENGTH=3900
elapsed cycles: 774951
hi(checksum)=0x216A164BFE1EA191
lo(checksum)=0x012394A872E428A0
key=plain, no.=37, <checksum>:
0x216A164BFE1EA191012394A872E428A0
key=plain, no.=37, cso file:
/dev/null
----------------------------------------------
real command=cset shield -e /home/nrink/Projects/build/encode/encode/tests/array_sum/array_sum.perf.plain --  --cso /dev/null
key=plain, no.=38, <stderr>:
LENGTH=3900
elapsed cycles: 776178
hi(checksum)=0x216A164BFE1EA191
lo(checksum)=0x012394A872E428A0
key=plain, no.=38, <checksum>:
0x216A164BFE1EA191012394A872E428A0
key=plain, no.=38, cso file:
/dev/null
----------------------------------------------
real command=cset shield -e /home/nrink/Projects/build/encode/encode/tests/array_sum/array_sum.perf.plain --  --cso /dev/null
key=plain, no.=39, <stderr>:
LENGTH=3900
elapsed cycles: 775794
hi(checksum)=0x216A164BFE1EA191
lo(checksum)=0x012394A872E428A0
key=plain, no.=39, <checksum>:
0x216A164BFE1EA191012394A872E428A0
key=plain, no.=39, cso file:
/dev/null
----------------------------------------------
real command=cset shield -e /home/nrink/Projects/build/encode/encode/tests/array_sum/array_sum.perf.plain --  --cso /dev/null
key=plain, no.=40, <stderr>:
LENGTH=3900
elapsed cycles: 775911
hi(checksum)=0x216A164BFE1EA191
lo(checksum)=0x012394A872E428A0
key=plain, no.=40, <checksum>:
0x216A164BFE1EA191012394A872E428A0
key=plain, no.=40, cso file:
/dev/null
----------------------------------------------
real command=cset shield -e /home/nrink/Projects/build/encode/encode/tests/array_sum/array_sum.perf.plain --  --cso /dev/null
key=plain, no.=41, <stderr>:
LENGTH=3900
elapsed cycles: 896634
hi(checksum)=0x216A164BFE1EA191
lo(checksum)=0x012394A872E428A0
key=plain, no.=41, <checksum>:
0x216A164BFE1EA191012394A872E428A0
key=plain, no.=41, cso file:
/dev/null
----------------------------------------------
real command=cset shield -e /home/nrink/Projects/build/encode/encode/tests/array_sum/array_sum.perf.plain --  --cso /dev/null
key=plain, no.=42, <stderr>:
LENGTH=3900
elapsed cycles: 775821
hi(checksum)=0x216A164BFE1EA191
lo(checksum)=0x012394A872E428A0
key=plain, no.=42, <checksum>:
0x216A164BFE1EA191012394A872E428A0
key=plain, no.=42, cso file:
/dev/null
----------------------------------------------
real command=cset shield -e /home/nrink/Projects/build/encode/encode/tests/array_sum/array_sum.perf.plain --  --cso /dev/null
key=plain, no.=43, <stderr>:
LENGTH=3900
elapsed cycles: 775626
hi(checksum)=0x216A164BFE1EA191
lo(checksum)=0x012394A872E428A0
key=plain, no.=43, <checksum>:
0x216A164BFE1EA191012394A872E428A0
key=plain, no.=43, cso file:
/dev/null
----------------------------------------------
real command=cset shield -e /home/nrink/Projects/build/encode/encode/tests/array_sum/array_sum.perf.plain --  --cso /dev/null
key=plain, no.=44, <stderr>:
LENGTH=3900
elapsed cycles: 775701
hi(checksum)=0x216A164BFE1EA191
lo(checksum)=0x012394A872E428A0
key=plain, no.=44, <checksum>:
0x216A164BFE1EA191012394A872E428A0
key=plain, no.=44, cso file:
/dev/null
----------------------------------------------
real command=cset shield -e /home/nrink/Projects/build/encode/encode/tests/array_sum/array_sum.perf.plain --  --cso /dev/null
key=plain, no.=45, <stderr>:
LENGTH=3900
elapsed cycles: 775710
hi(checksum)=0x216A164BFE1EA191
lo(checksum)=0x012394A872E428A0
key=plain, no.=45, <checksum>:
0x216A164BFE1EA191012394A872E428A0
key=plain, no.=45, cso file:
/dev/null
----------------------------------------------
real command=cset shield -e /home/nrink/Projects/build/encode/encode/tests/array_sum/array_sum.perf.plain --  --cso /dev/null
key=plain, no.=46, <stderr>:
LENGTH=3900
elapsed cycles: 776058
hi(checksum)=0x216A164BFE1EA191
lo(checksum)=0x012394A872E428A0
key=plain, no.=46, <checksum>:
0x216A164BFE1EA191012394A872E428A0
key=plain, no.=46, cso file:
/dev/null
----------------------------------------------
real command=cset shield -e /home/nrink/Projects/build/encode/encode/tests/array_sum/array_sum.perf.plain --  --cso /dev/null
key=plain, no.=47, <stderr>:
LENGTH=3900
elapsed cycles: 776391
hi(checksum)=0x216A164BFE1EA191
lo(checksum)=0x012394A872E428A0
key=plain, no.=47, <checksum>:
0x216A164BFE1EA191012394A872E428A0
key=plain, no.=47, cso file:
/dev/null
----------------------------------------------
real command=cset shield -e /home/nrink/Projects/build/encode/encode/tests/array_sum/array_sum.perf.plain --  --cso /dev/null
key=plain, no.=48, <stderr>:
LENGTH=3900
elapsed cycles: 775563
hi(checksum)=0x216A164BFE1EA191
lo(checksum)=0x012394A872E428A0
key=plain, no.=48, <checksum>:
0x216A164BFE1EA191012394A872E428A0
key=plain, no.=48, cso file:
/dev/null
----------------------------------------------
real command=cset shield -e /home/nrink/Projects/build/encode/encode/tests/array_sum/array_sum.perf.plain --  --cso /dev/null
key=plain, no.=49, <stderr>:
LENGTH=3900
elapsed cycles: 775392
hi(checksum)=0x216A164BFE1EA191
lo(checksum)=0x012394A872E428A0
key=plain, no.=49, <checksum>:
0x216A164BFE1EA191012394A872E428A0
key=plain, no.=49, cso file:
/dev/null
----------------------------------------------
real command=cset shield -e /home/nrink/Projects/build/encode/encode/tests/array_sum/array_sum.perf.plain --  --cso /dev/null
key=plain, no.=50, <stderr>:
LENGTH=3900
elapsed cycles: 775242
hi(checksum)=0x216A164BFE1EA191
lo(checksum)=0x012394A872E428A0
key=plain, no.=50, <checksum>:
0x216A164BFE1EA191012394A872E428A0
key=plain, no.=50, cso file:
/dev/null
----------------------------------------------
real command=cset shield -e /home/nrink/Projects/build/encode/encode/tests/array_sum/array_sum.perf.plain --  --cso /dev/null
key=plain, no.=51, <stderr>:
LENGTH=3900
elapsed cycles: 776121
hi(checksum)=0x216A164BFE1EA191
lo(checksum)=0x012394A872E428A0
key=plain, no.=51, <checksum>:
0x216A164BFE1EA191012394A872E428A0
key=plain, no.=51, cso file:
/dev/null
----------------------------------------------
real command=cset shield -e /home/nrink/Projects/build/encode/encode/tests/array_sum/array_sum.perf.plain --  --cso /dev/null
key=plain, no.=52, <stderr>:
LENGTH=3900
elapsed cycles: 775935
hi(checksum)=0x216A164BFE1EA191
lo(checksum)=0x012394A872E428A0
key=plain, no.=52, <checksum>:
0x216A164BFE1EA191012394A872E428A0
key=plain, no.=52, cso file:
/dev/null
----------------------------------------------
real command=cset shield -e /home/nrink/Projects/build/encode/encode/tests/array_sum/array_sum.perf.plain --  --cso /dev/null
key=plain, no.=53, <stderr>:
LENGTH=3900
elapsed cycles: 775167
hi(checksum)=0x216A164BFE1EA191
lo(checksum)=0x012394A872E428A0
key=plain, no.=53, <checksum>:
0x216A164BFE1EA191012394A872E428A0
key=plain, no.=53, cso file:
/dev/null
----------------------------------------------
real command=cset shield -e /home/nrink/Projects/build/encode/encode/tests/array_sum/array_sum.perf.plain --  --cso /dev/null
key=plain, no.=54, <stderr>:
LENGTH=3900
elapsed cycles: 775878
hi(checksum)=0x216A164BFE1EA191
lo(checksum)=0x012394A872E428A0
key=plain, no.=54, <checksum>:
0x216A164BFE1EA191012394A872E428A0
key=plain, no.=54, cso file:
/dev/null
----------------------------------------------
real command=cset shield -e /home/nrink/Projects/build/encode/encode/tests/array_sum/array_sum.perf.plain --  --cso /dev/null
key=plain, no.=55, <stderr>:
LENGTH=3900
elapsed cycles: 775101
hi(checksum)=0x216A164BFE1EA191
lo(checksum)=0x012394A872E428A0
key=plain, no.=55, <checksum>:
0x216A164BFE1EA191012394A872E428A0
key=plain, no.=55, cso file:
/dev/null
----------------------------------------------
real command=cset shield -e /home/nrink/Projects/build/encode/encode/tests/array_sum/array_sum.perf.plain --  --cso /dev/null
key=plain, no.=56, <stderr>:
LENGTH=3900
elapsed cycles: 810093
hi(checksum)=0x216A164BFE1EA191
lo(checksum)=0x012394A872E428A0
key=plain, no.=56, <checksum>:
0x216A164BFE1EA191012394A872E428A0
key=plain, no.=56, cso file:
/dev/null
----------------------------------------------
real command=cset shield -e /home/nrink/Projects/build/encode/encode/tests/array_sum/array_sum.perf.plain --  --cso /dev/null
key=plain, no.=57, <stderr>:
LENGTH=3900
elapsed cycles: 775722
hi(checksum)=0x216A164BFE1EA191
lo(checksum)=0x012394A872E428A0
key=plain, no.=57, <checksum>:
0x216A164BFE1EA191012394A872E428A0
key=plain, no.=57, cso file:
/dev/null
----------------------------------------------
real command=cset shield -e /home/nrink/Projects/build/encode/encode/tests/array_sum/array_sum.perf.plain --  --cso /dev/null
key=plain, no.=58, <stderr>:
LENGTH=3900
elapsed cycles: 775170
hi(checksum)=0x216A164BFE1EA191
lo(checksum)=0x012394A872E428A0
key=plain, no.=58, <checksum>:
0x216A164BFE1EA191012394A872E428A0
key=plain, no.=58, cso file:
/dev/null
----------------------------------------------
real command=cset shield -e /home/nrink/Projects/build/encode/encode/tests/array_sum/array_sum.perf.plain --  --cso /dev/null
key=plain, no.=59, <stderr>:
LENGTH=3900
elapsed cycles: 775188
hi(checksum)=0x216A164BFE1EA191
lo(checksum)=0x012394A872E428A0
key=plain, no.=59, <checksum>:
0x216A164BFE1EA191012394A872E428A0
key=plain, no.=59, cso file:
/dev/null
----------------------------------------------
real command=cset shield -e /home/nrink/Projects/build/encode/encode/tests/array_sum/array_sum.perf.plain --  --cso /dev/null
key=plain, no.=60, <stderr>:
LENGTH=3900
elapsed cycles: 775338
hi(checksum)=0x216A164BFE1EA191
lo(checksum)=0x012394A872E428A0
key=plain, no.=60, <checksum>:
0x216A164BFE1EA191012394A872E428A0
key=plain, no.=60, cso file:
/dev/null
----------------------------------------------
real command=cset shield -e /home/nrink/Projects/build/encode/encode/tests/array_sum/array_sum.perf.plain --  --cso /dev/null
key=plain, no.=61, <stderr>:
LENGTH=3900
elapsed cycles: 802182
hi(checksum)=0x216A164BFE1EA191
lo(checksum)=0x012394A872E428A0
key=plain, no.=61, <checksum>:
0x216A164BFE1EA191012394A872E428A0
key=plain, no.=61, cso file:
/dev/null
----------------------------------------------
real command=cset shield -e /home/nrink/Projects/build/encode/encode/tests/array_sum/array_sum.perf.plain --  --cso /dev/null
key=plain, no.=62, <stderr>:
LENGTH=3900
elapsed cycles: 774990
hi(checksum)=0x216A164BFE1EA191
lo(checksum)=0x012394A872E428A0
key=plain, no.=62, <checksum>:
0x216A164BFE1EA191012394A872E428A0
key=plain, no.=62, cso file:
/dev/null
----------------------------------------------
real command=cset shield -e /home/nrink/Projects/build/encode/encode/tests/array_sum/array_sum.perf.plain --  --cso /dev/null
key=plain, no.=63, <stderr>:
LENGTH=3900
elapsed cycles: 776391
hi(checksum)=0x216A164BFE1EA191
lo(checksum)=0x012394A872E428A0
key=plain, no.=63, <checksum>:
0x216A164BFE1EA191012394A872E428A0
key=plain, no.=63, cso file:
/dev/null
----------------------------------------------
real command=cset shield -e /home/nrink/Projects/build/encode/encode/tests/array_sum/array_sum.perf.plain --  --cso /dev/null
key=plain, no.=64, <stderr>:
LENGTH=3900
elapsed cycles: 862479
hi(checksum)=0x216A164BFE1EA191
lo(checksum)=0x012394A872E428A0
key=plain, no.=64, <checksum>:
0x216A164BFE1EA191012394A872E428A0
key=plain, no.=64, cso file:
/dev/null
----------------------------------------------
real command=cset shield -e /home/nrink/Projects/build/encode/encode/tests/array_sum/array_sum.perf.plain --  --cso /dev/null
key=plain, no.=65, <stderr>:
LENGTH=3900
elapsed cycles: 831231
hi(checksum)=0x216A164BFE1EA191
lo(checksum)=0x012394A872E428A0
key=plain, no.=65, <checksum>:
0x216A164BFE1EA191012394A872E428A0
key=plain, no.=65, cso file:
/dev/null
----------------------------------------------
real command=cset shield -e /home/nrink/Projects/build/encode/encode/tests/array_sum/array_sum.perf.plain --  --cso /dev/null
key=plain, no.=66, <stderr>:
LENGTH=3900
elapsed cycles: 810276
hi(checksum)=0x216A164BFE1EA191
lo(checksum)=0x012394A872E428A0
key=plain, no.=66, <checksum>:
0x216A164BFE1EA191012394A872E428A0
key=plain, no.=66, cso file:
/dev/null
----------------------------------------------
real command=cset shield -e /home/nrink/Projects/build/encode/encode/tests/array_sum/array_sum.perf.plain --  --cso /dev/null
key=plain, no.=67, <stderr>:
LENGTH=3900
elapsed cycles: 794958
hi(checksum)=0x216A164BFE1EA191
lo(checksum)=0x012394A872E428A0
key=plain, no.=67, <checksum>:
0x216A164BFE1EA191012394A872E428A0
key=plain, no.=67, cso file:
/dev/null
----------------------------------------------
real command=cset shield -e /home/nrink/Projects/build/encode/encode/tests/array_sum/array_sum.perf.plain --  --cso /dev/null
key=plain, no.=68, <stderr>:
LENGTH=3900
elapsed cycles: 828603
hi(checksum)=0x216A164BFE1EA191
lo(checksum)=0x012394A872E428A0
key=plain, no.=68, <checksum>:
0x216A164BFE1EA191012394A872E428A0
key=plain, no.=68, cso file:
/dev/null
----------------------------------------------
real command=cset shield -e /home/nrink/Projects/build/encode/encode/tests/array_sum/array_sum.perf.plain --  --cso /dev/null
key=plain, no.=69, <stderr>:
LENGTH=3900
elapsed cycles: 804024
hi(checksum)=0x216A164BFE1EA191
lo(checksum)=0x012394A872E428A0
key=plain, no.=69, <checksum>:
0x216A164BFE1EA191012394A872E428A0
key=plain, no.=69, cso file:
/dev/null
----------------------------------------------
real command=cset shield -e /home/nrink/Projects/build/encode/encode/tests/array_sum/array_sum.perf.plain --  --cso /dev/null
key=plain, no.=70, <stderr>:
LENGTH=3900
elapsed cycles: 801339
hi(checksum)=0x216A164BFE1EA191
lo(checksum)=0x012394A872E428A0
key=plain, no.=70, <checksum>:
0x216A164BFE1EA191012394A872E428A0
key=plain, no.=70, cso file:
/dev/null
----------------------------------------------
real command=cset shield -e /home/nrink/Projects/build/encode/encode/tests/array_sum/array_sum.perf.plain --  --cso /dev/null
key=plain, no.=71, <stderr>:
LENGTH=3900
elapsed cycles: 792306
hi(checksum)=0x216A164BFE1EA191
lo(checksum)=0x012394A872E428A0
key=plain, no.=71, <checksum>:
0x216A164BFE1EA191012394A872E428A0
key=plain, no.=71, cso file:
/dev/null
----------------------------------------------
real command=cset shield -e /home/nrink/Projects/build/encode/encode/tests/array_sum/array_sum.perf.plain --  --cso /dev/null
key=plain, no.=72, <stderr>:
LENGTH=3900
elapsed cycles: 813843
hi(checksum)=0x216A164BFE1EA191
lo(checksum)=0x012394A872E428A0
key=plain, no.=72, <checksum>:
0x216A164BFE1EA191012394A872E428A0
key=plain, no.=72, cso file:
/dev/null
----------------------------------------------
real command=cset shield -e /home/nrink/Projects/build/encode/encode/tests/array_sum/array_sum.perf.plain --  --cso /dev/null
key=plain, no.=73, <stderr>:
LENGTH=3900
elapsed cycles: 776871
hi(checksum)=0x216A164BFE1EA191
lo(checksum)=0x012394A872E428A0
key=plain, no.=73, <checksum>:
0x216A164BFE1EA191012394A872E428A0
key=plain, no.=73, cso file:
/dev/null
----------------------------------------------
real command=cset shield -e /home/nrink/Projects/build/encode/encode/tests/array_sum/array_sum.perf.plain --  --cso /dev/null
key=plain, no.=74, <stderr>:
LENGTH=3900
elapsed cycles: 884871
hi(checksum)=0x216A164BFE1EA191
lo(checksum)=0x012394A872E428A0
key=plain, no.=74, <checksum>:
0x216A164BFE1EA191012394A872E428A0
key=plain, no.=74, cso file:
/dev/null
----------------------------------------------
real command=cset shield -e /home/nrink/Projects/build/encode/encode/tests/array_sum/array_sum.perf.plain --  --cso /dev/null
key=plain, no.=75, <stderr>:
LENGTH=3900
elapsed cycles: 801948
hi(checksum)=0x216A164BFE1EA191
lo(checksum)=0x012394A872E428A0
key=plain, no.=75, <checksum>:
0x216A164BFE1EA191012394A872E428A0
key=plain, no.=75, cso file:
/dev/null
----------------------------------------------
real command=cset shield -e /home/nrink/Projects/build/encode/encode/tests/array_sum/array_sum.perf.plain --  --cso /dev/null
key=plain, no.=76, <stderr>:
LENGTH=3900
elapsed cycles: 824907
hi(checksum)=0x216A164BFE1EA191
lo(checksum)=0x012394A872E428A0
key=plain, no.=76, <checksum>:
0x216A164BFE1EA191012394A872E428A0
key=plain, no.=76, cso file:
/dev/null
----------------------------------------------
real command=cset shield -e /home/nrink/Projects/build/encode/encode/tests/array_sum/array_sum.perf.plain --  --cso /dev/null
key=plain, no.=77, <stderr>:
LENGTH=3900
elapsed cycles: 786015
hi(checksum)=0x216A164BFE1EA191
lo(checksum)=0x012394A872E428A0
key=plain, no.=77, <checksum>:
0x216A164BFE1EA191012394A872E428A0
key=plain, no.=77, cso file:
/dev/null
----------------------------------------------
real command=cset shield -e /home/nrink/Projects/build/encode/encode/tests/array_sum/array_sum.perf.plain --  --cso /dev/null
key=plain, no.=78, <stderr>:
LENGTH=3900
elapsed cycles: 775548
hi(checksum)=0x216A164BFE1EA191
lo(checksum)=0x012394A872E428A0
key=plain, no.=78, <checksum>:
0x216A164BFE1EA191012394A872E428A0
key=plain, no.=78, cso file:
/dev/null
----------------------------------------------
real command=cset shield -e /home/nrink/Projects/build/encode/encode/tests/array_sum/array_sum.perf.plain --  --cso /dev/null
key=plain, no.=79, <stderr>:
LENGTH=3900
elapsed cycles: 776040
hi(checksum)=0x216A164BFE1EA191
lo(checksum)=0x012394A872E428A0
key=plain, no.=79, <checksum>:
0x216A164BFE1EA191012394A872E428A0
key=plain, no.=79, cso file:
/dev/null
----------------------------------------------
real command=cset shield -e /home/nrink/Projects/build/encode/encode/tests/array_sum/array_sum.perf.plain --  --cso /dev/null
key=plain, no.=80, <stderr>:
LENGTH=3900
elapsed cycles: 775506
hi(checksum)=0x216A164BFE1EA191
lo(checksum)=0x012394A872E428A0
key=plain, no.=80, <checksum>:
0x216A164BFE1EA191012394A872E428A0
key=plain, no.=80, cso file:
/dev/null
----------------------------------------------
real command=cset shield -e /home/nrink/Projects/build/encode/encode/tests/array_sum/array_sum.perf.plain --  --cso /dev/null
key=plain, no.=81, <stderr>:
LENGTH=3900
elapsed cycles: 774945
hi(checksum)=0x216A164BFE1EA191
lo(checksum)=0x012394A872E428A0
key=plain, no.=81, <checksum>:
0x216A164BFE1EA191012394A872E428A0
key=plain, no.=81, cso file:
/dev/null
----------------------------------------------
real command=cset shield -e /home/nrink/Projects/build/encode/encode/tests/array_sum/array_sum.perf.plain --  --cso /dev/null
key=plain, no.=82, <stderr>:
LENGTH=3900
elapsed cycles: 775167
hi(checksum)=0x216A164BFE1EA191
lo(checksum)=0x012394A872E428A0
key=plain, no.=82, <checksum>:
0x216A164BFE1EA191012394A872E428A0
key=plain, no.=82, cso file:
/dev/null
----------------------------------------------
real command=cset shield -e /home/nrink/Projects/build/encode/encode/tests/array_sum/array_sum.perf.plain --  --cso /dev/null
key=plain, no.=83, <stderr>:
LENGTH=3900
elapsed cycles: 776277
hi(checksum)=0x216A164BFE1EA191
lo(checksum)=0x012394A872E428A0
key=plain, no.=83, <checksum>:
0x216A164BFE1EA191012394A872E428A0
key=plain, no.=83, cso file:
/dev/null
----------------------------------------------
real command=cset shield -e /home/nrink/Projects/build/encode/encode/tests/array_sum/array_sum.perf.plain --  --cso /dev/null
key=plain, no.=84, <stderr>:
LENGTH=3900
elapsed cycles: 775095
hi(checksum)=0x216A164BFE1EA191
lo(checksum)=0x012394A872E428A0
key=plain, no.=84, <checksum>:
0x216A164BFE1EA191012394A872E428A0
key=plain, no.=84, cso file:
/dev/null
----------------------------------------------
real command=cset shield -e /home/nrink/Projects/build/encode/encode/tests/array_sum/array_sum.perf.plain --  --cso /dev/null
key=plain, no.=85, <stderr>:
LENGTH=3900
elapsed cycles: 775287
hi(checksum)=0x216A164BFE1EA191
lo(checksum)=0x012394A872E428A0
key=plain, no.=85, <checksum>:
0x216A164BFE1EA191012394A872E428A0
key=plain, no.=85, cso file:
/dev/null
----------------------------------------------
real command=cset shield -e /home/nrink/Projects/build/encode/encode/tests/array_sum/array_sum.perf.plain --  --cso /dev/null
key=plain, no.=86, <stderr>:
LENGTH=3900
elapsed cycles: 816864
hi(checksum)=0x216A164BFE1EA191
lo(checksum)=0x012394A872E428A0
key=plain, no.=86, <checksum>:
0x216A164BFE1EA191012394A872E428A0
key=plain, no.=86, cso file:
/dev/null
----------------------------------------------
real command=cset shield -e /home/nrink/Projects/build/encode/encode/tests/array_sum/array_sum.perf.plain --  --cso /dev/null
key=plain, no.=87, <stderr>:
LENGTH=3900
elapsed cycles: 774615
hi(checksum)=0x216A164BFE1EA191
lo(checksum)=0x012394A872E428A0
key=plain, no.=87, <checksum>:
0x216A164BFE1EA191012394A872E428A0
key=plain, no.=87, cso file:
/dev/null
----------------------------------------------
real command=cset shield -e /home/nrink/Projects/build/encode/encode/tests/array_sum/array_sum.perf.plain --  --cso /dev/null
key=plain, no.=88, <stderr>:
LENGTH=3900
elapsed cycles: 775260
hi(checksum)=0x216A164BFE1EA191
lo(checksum)=0x012394A872E428A0
key=plain, no.=88, <checksum>:
0x216A164BFE1EA191012394A872E428A0
key=plain, no.=88, cso file:
/dev/null
----------------------------------------------
real command=cset shield -e /home/nrink/Projects/build/encode/encode/tests/array_sum/array_sum.perf.plain --  --cso /dev/null
key=plain, no.=89, <stderr>:
LENGTH=3900
elapsed cycles: 774798
hi(checksum)=0x216A164BFE1EA191
lo(checksum)=0x012394A872E428A0
key=plain, no.=89, <checksum>:
0x216A164BFE1EA191012394A872E428A0
key=plain, no.=89, cso file:
/dev/null
----------------------------------------------
real command=cset shield -e /home/nrink/Projects/build/encode/encode/tests/array_sum/array_sum.perf.plain --  --cso /dev/null
key=plain, no.=90, <stderr>:
LENGTH=3900
elapsed cycles: 776061
hi(checksum)=0x216A164BFE1EA191
lo(checksum)=0x012394A872E428A0
key=plain, no.=90, <checksum>:
0x216A164BFE1EA191012394A872E428A0
key=plain, no.=90, cso file:
/dev/null
----------------------------------------------
real command=cset shield -e /home/nrink/Projects/build/encode/encode/tests/array_sum/array_sum.perf.plain --  --cso /dev/null
key=plain, no.=91, <stderr>:
LENGTH=3900
elapsed cycles: 775704
hi(checksum)=0x216A164BFE1EA191
lo(checksum)=0x012394A872E428A0
key=plain, no.=91, <checksum>:
0x216A164BFE1EA191012394A872E428A0
key=plain, no.=91, cso file:
/dev/null
----------------------------------------------
real command=cset shield -e /home/nrink/Projects/build/encode/encode/tests/array_sum/array_sum.perf.plain --  --cso /dev/null
key=plain, no.=92, <stderr>:
LENGTH=3900
elapsed cycles: 806340
hi(checksum)=0x216A164BFE1EA191
lo(checksum)=0x012394A872E428A0
key=plain, no.=92, <checksum>:
0x216A164BFE1EA191012394A872E428A0
key=plain, no.=92, cso file:
/dev/null
----------------------------------------------
real command=cset shield -e /home/nrink/Projects/build/encode/encode/tests/array_sum/array_sum.perf.plain --  --cso /dev/null
key=plain, no.=93, <stderr>:
LENGTH=3900
elapsed cycles: 830016
hi(checksum)=0x216A164BFE1EA191
lo(checksum)=0x012394A872E428A0
key=plain, no.=93, <checksum>:
0x216A164BFE1EA191012394A872E428A0
key=plain, no.=93, cso file:
/dev/null
----------------------------------------------
real command=cset shield -e /home/nrink/Projects/build/encode/encode/tests/array_sum/array_sum.perf.plain --  --cso /dev/null
key=plain, no.=94, <stderr>:
LENGTH=3900
elapsed cycles: 779172
hi(checksum)=0x216A164BFE1EA191
lo(checksum)=0x012394A872E428A0
key=plain, no.=94, <checksum>:
0x216A164BFE1EA191012394A872E428A0
key=plain, no.=94, cso file:
/dev/null
----------------------------------------------
real command=cset shield -e /home/nrink/Projects/build/encode/encode/tests/array_sum/array_sum.perf.plain --  --cso /dev/null
key=plain, no.=95, <stderr>:
LENGTH=3900
elapsed cycles: 792855
hi(checksum)=0x216A164BFE1EA191
lo(checksum)=0x012394A872E428A0
key=plain, no.=95, <checksum>:
0x216A164BFE1EA191012394A872E428A0
key=plain, no.=95, cso file:
/dev/null
----------------------------------------------
real command=cset shield -e /home/nrink/Projects/build/encode/encode/tests/array_sum/array_sum.perf.plain --  --cso /dev/null
key=plain, no.=96, <stderr>:
LENGTH=3900
elapsed cycles: 787707
hi(checksum)=0x216A164BFE1EA191
lo(checksum)=0x012394A872E428A0
key=plain, no.=96, <checksum>:
0x216A164BFE1EA191012394A872E428A0
key=plain, no.=96, cso file:
/dev/null
----------------------------------------------
real command=cset shield -e /home/nrink/Projects/build/encode/encode/tests/array_sum/array_sum.perf.plain --  --cso /dev/null
key=plain, no.=97, <stderr>:
LENGTH=3900
elapsed cycles: 789570
hi(checksum)=0x216A164BFE1EA191
lo(checksum)=0x012394A872E428A0
key=plain, no.=97, <checksum>:
0x216A164BFE1EA191012394A872E428A0
key=plain, no.=97, cso file:
/dev/null
----------------------------------------------
real command=cset shield -e /home/nrink/Projects/build/encode/encode/tests/array_sum/array_sum.perf.plain --  --cso /dev/null
key=plain, no.=98, <stderr>:
LENGTH=3900
elapsed cycles: 790467
hi(checksum)=0x216A164BFE1EA191
lo(checksum)=0x012394A872E428A0
key=plain, no.=98, <checksum>:
0x216A164BFE1EA191012394A872E428A0
key=plain, no.=98, cso file:
/dev/null
----------------------------------------------
real command=cset shield -e /home/nrink/Projects/build/encode/encode/tests/array_sum/array_sum.perf.plain --  --cso /dev/null
key=plain, no.=99, <stderr>:
LENGTH=3900
elapsed cycles: 820236
hi(checksum)=0x216A164BFE1EA191
lo(checksum)=0x012394A872E428A0
key=plain, no.=99, <checksum>:
0x216A164BFE1EA191012394A872E428A0
key=plain, no.=99, cso file:
/dev/null
----------------------------------------------
key=encoded, runs=100 ...
command=/home/nrink/Projects/build/encode/encode/tests/array_sum/array_sum.perf.encoded
----------------------------------------------
real command=cset shield -e /home/nrink/Projects/build/encode/encode/tests/array_sum/array_sum.perf.encoded --  --cso /dev/null
key=encoded, no.=0, <stderr>:
LENGTH=3900
elapsed cycles: 5595546
hi(checksum)=0x216A164BFE1EA191
lo(checksum)=0x012394A872E428A0
key=encoded, no.=0, <checksum>:
0x216A164BFE1EA191012394A872E428A0
key=encoded, no.=0, cso file:
/dev/null
----------------------------------------------
real command=cset shield -e /home/nrink/Projects/build/encode/encode/tests/array_sum/array_sum.perf.encoded --  --cso /dev/null
key=encoded, no.=1, <stderr>:
LENGTH=3900
elapsed cycles: 5634630
hi(checksum)=0x216A164BFE1EA191
lo(checksum)=0x012394A872E428A0
key=encoded, no.=1, <checksum>:
0x216A164BFE1EA191012394A872E428A0
key=encoded, no.=1, cso file:
/dev/null
----------------------------------------------
real command=cset shield -e /home/nrink/Projects/build/encode/encode/tests/array_sum/array_sum.perf.encoded --  --cso /dev/null
key=encoded, no.=2, <stderr>:
LENGTH=3900
elapsed cycles: 5591787
hi(checksum)=0x216A164BFE1EA191
lo(checksum)=0x012394A872E428A0
key=encoded, no.=2, <checksum>:
0x216A164BFE1EA191012394A872E428A0
key=encoded, no.=2, cso file:
/dev/null
----------------------------------------------
real command=cset shield -e /home/nrink/Projects/build/encode/encode/tests/array_sum/array_sum.perf.encoded --  --cso /dev/null
key=encoded, no.=3, <stderr>:
LENGTH=3900
elapsed cycles: 5589885
hi(checksum)=0x216A164BFE1EA191
lo(checksum)=0x012394A872E428A0
key=encoded, no.=3, <checksum>:
0x216A164BFE1EA191012394A872E428A0
key=encoded, no.=3, cso file:
/dev/null
----------------------------------------------
real command=cset shield -e /home/nrink/Projects/build/encode/encode/tests/array_sum/array_sum.perf.encoded --  --cso /dev/null
key=encoded, no.=4, <stderr>:
LENGTH=3900
elapsed cycles: 5618121
hi(checksum)=0x216A164BFE1EA191
lo(checksum)=0x012394A872E428A0
key=encoded, no.=4, <checksum>:
0x216A164BFE1EA191012394A872E428A0
key=encoded, no.=4, cso file:
/dev/null
----------------------------------------------
real command=cset shield -e /home/nrink/Projects/build/encode/encode/tests/array_sum/array_sum.perf.encoded --  --cso /dev/null
key=encoded, no.=5, <stderr>:
LENGTH=3900
elapsed cycles: 5590194
hi(checksum)=0x216A164BFE1EA191
lo(checksum)=0x012394A872E428A0
key=encoded, no.=5, <checksum>:
0x216A164BFE1EA191012394A872E428A0
key=encoded, no.=5, cso file:
/dev/null
----------------------------------------------
real command=cset shield -e /home/nrink/Projects/build/encode/encode/tests/array_sum/array_sum.perf.encoded --  --cso /dev/null
key=encoded, no.=6, <stderr>:
LENGTH=3900
elapsed cycles: 5738613
hi(checksum)=0x216A164BFE1EA191
lo(checksum)=0x012394A872E428A0
key=encoded, no.=6, <checksum>:
0x216A164BFE1EA191012394A872E428A0
key=encoded, no.=6, cso file:
/dev/null
----------------------------------------------
real command=cset shield -e /home/nrink/Projects/build/encode/encode/tests/array_sum/array_sum.perf.encoded --  --cso /dev/null
key=encoded, no.=7, <stderr>:
LENGTH=3900
elapsed cycles: 5672547
hi(checksum)=0x216A164BFE1EA191
lo(checksum)=0x012394A872E428A0
key=encoded, no.=7, <checksum>:
0x216A164BFE1EA191012394A872E428A0
key=encoded, no.=7, cso file:
/dev/null
----------------------------------------------
real command=cset shield -e /home/nrink/Projects/build/encode/encode/tests/array_sum/array_sum.perf.encoded --  --cso /dev/null
key=encoded, no.=8, <stderr>:
LENGTH=3900
elapsed cycles: 5628231
hi(checksum)=0x216A164BFE1EA191
lo(checksum)=0x012394A872E428A0
key=encoded, no.=8, <checksum>:
0x216A164BFE1EA191012394A872E428A0
key=encoded, no.=8, cso file:
/dev/null
----------------------------------------------
real command=cset shield -e /home/nrink/Projects/build/encode/encode/tests/array_sum/array_sum.perf.encoded --  --cso /dev/null
key=encoded, no.=9, <stderr>:
LENGTH=3900
elapsed cycles: 5739774
hi(checksum)=0x216A164BFE1EA191
lo(checksum)=0x012394A872E428A0
key=encoded, no.=9, <checksum>:
0x216A164BFE1EA191012394A872E428A0
key=encoded, no.=9, cso file:
/dev/null
----------------------------------------------
real command=cset shield -e /home/nrink/Projects/build/encode/encode/tests/array_sum/array_sum.perf.encoded --  --cso /dev/null
key=encoded, no.=10, <stderr>:
LENGTH=3900
elapsed cycles: 5637252
hi(checksum)=0x216A164BFE1EA191
lo(checksum)=0x012394A872E428A0
key=encoded, no.=10, <checksum>:
0x216A164BFE1EA191012394A872E428A0
key=encoded, no.=10, cso file:
/dev/null
----------------------------------------------
real command=cset shield -e /home/nrink/Projects/build/encode/encode/tests/array_sum/array_sum.perf.encoded --  --cso /dev/null
key=encoded, no.=11, <stderr>:
LENGTH=3900
elapsed cycles: 5664786
hi(checksum)=0x216A164BFE1EA191
lo(checksum)=0x012394A872E428A0
key=encoded, no.=11, <checksum>:
0x216A164BFE1EA191012394A872E428A0
key=encoded, no.=11, cso file:
/dev/null
----------------------------------------------
real command=cset shield -e /home/nrink/Projects/build/encode/encode/tests/array_sum/array_sum.perf.encoded --  --cso /dev/null
key=encoded, no.=12, <stderr>:
LENGTH=3900
elapsed cycles: 5629482
hi(checksum)=0x216A164BFE1EA191
lo(checksum)=0x012394A872E428A0
key=encoded, no.=12, <checksum>:
0x216A164BFE1EA191012394A872E428A0
key=encoded, no.=12, cso file:
/dev/null
----------------------------------------------
real command=cset shield -e /home/nrink/Projects/build/encode/encode/tests/array_sum/array_sum.perf.encoded --  --cso /dev/null
key=encoded, no.=13, <stderr>:
LENGTH=3900
elapsed cycles: 5696583
hi(checksum)=0x216A164BFE1EA191
lo(checksum)=0x012394A872E428A0
key=encoded, no.=13, <checksum>:
0x216A164BFE1EA191012394A872E428A0
key=encoded, no.=13, cso file:
/dev/null
----------------------------------------------
real command=cset shield -e /home/nrink/Projects/build/encode/encode/tests/array_sum/array_sum.perf.encoded --  --cso /dev/null
key=encoded, no.=14, <stderr>:
LENGTH=3900
elapsed cycles: 5599551
hi(checksum)=0x216A164BFE1EA191
lo(checksum)=0x012394A872E428A0
key=encoded, no.=14, <checksum>:
0x216A164BFE1EA191012394A872E428A0
key=encoded, no.=14, cso file:
/dev/null
----------------------------------------------
real command=cset shield -e /home/nrink/Projects/build/encode/encode/tests/array_sum/array_sum.perf.encoded --  --cso /dev/null
key=encoded, no.=15, <stderr>:
LENGTH=3900
elapsed cycles: 5700012
hi(checksum)=0x216A164BFE1EA191
lo(checksum)=0x012394A872E428A0
key=encoded, no.=15, <checksum>:
0x216A164BFE1EA191012394A872E428A0
key=encoded, no.=15, cso file:
/dev/null
----------------------------------------------
real command=cset shield -e /home/nrink/Projects/build/encode/encode/tests/array_sum/array_sum.perf.encoded --  --cso /dev/null
key=encoded, no.=16, <stderr>:
LENGTH=3900
elapsed cycles: 5595825
hi(checksum)=0x216A164BFE1EA191
lo(checksum)=0x012394A872E428A0
key=encoded, no.=16, <checksum>:
0x216A164BFE1EA191012394A872E428A0
key=encoded, no.=16, cso file:
/dev/null
----------------------------------------------
real command=cset shield -e /home/nrink/Projects/build/encode/encode/tests/array_sum/array_sum.perf.encoded --  --cso /dev/null
key=encoded, no.=17, <stderr>:
LENGTH=3900
elapsed cycles: 5633100
hi(checksum)=0x216A164BFE1EA191
lo(checksum)=0x012394A872E428A0
key=encoded, no.=17, <checksum>:
0x216A164BFE1EA191012394A872E428A0
key=encoded, no.=17, cso file:
/dev/null
----------------------------------------------
real command=cset shield -e /home/nrink/Projects/build/encode/encode/tests/array_sum/array_sum.perf.encoded --  --cso /dev/null
key=encoded, no.=18, <stderr>:
LENGTH=3900
elapsed cycles: 5595459
hi(checksum)=0x216A164BFE1EA191
lo(checksum)=0x012394A872E428A0
key=encoded, no.=18, <checksum>:
0x216A164BFE1EA191012394A872E428A0
key=encoded, no.=18, cso file:
/dev/null
----------------------------------------------
real command=cset shield -e /home/nrink/Projects/build/encode/encode/tests/array_sum/array_sum.perf.encoded --  --cso /dev/null
key=encoded, no.=19, <stderr>:
LENGTH=3900
elapsed cycles: 5712060
hi(checksum)=0x216A164BFE1EA191
lo(checksum)=0x012394A872E428A0
key=encoded, no.=19, <checksum>:
0x216A164BFE1EA191012394A872E428A0
key=encoded, no.=19, cso file:
/dev/null
----------------------------------------------
real command=cset shield -e /home/nrink/Projects/build/encode/encode/tests/array_sum/array_sum.perf.encoded --  --cso /dev/null
key=encoded, no.=20, <stderr>:
LENGTH=3900
elapsed cycles: 5585112
hi(checksum)=0x216A164BFE1EA191
lo(checksum)=0x012394A872E428A0
key=encoded, no.=20, <checksum>:
0x216A164BFE1EA191012394A872E428A0
key=encoded, no.=20, cso file:
/dev/null
----------------------------------------------
real command=cset shield -e /home/nrink/Projects/build/encode/encode/tests/array_sum/array_sum.perf.encoded --  --cso /dev/null
key=encoded, no.=21, <stderr>:
LENGTH=3900
elapsed cycles: 5592207
hi(checksum)=0x216A164BFE1EA191
lo(checksum)=0x012394A872E428A0
key=encoded, no.=21, <checksum>:
0x216A164BFE1EA191012394A872E428A0
key=encoded, no.=21, cso file:
/dev/null
----------------------------------------------
real command=cset shield -e /home/nrink/Projects/build/encode/encode/tests/array_sum/array_sum.perf.encoded --  --cso /dev/null
key=encoded, no.=22, <stderr>:
LENGTH=3900
elapsed cycles: 5591895
hi(checksum)=0x216A164BFE1EA191
lo(checksum)=0x012394A872E428A0
key=encoded, no.=22, <checksum>:
0x216A164BFE1EA191012394A872E428A0
key=encoded, no.=22, cso file:
/dev/null
----------------------------------------------
real command=cset shield -e /home/nrink/Projects/build/encode/encode/tests/array_sum/array_sum.perf.encoded --  --cso /dev/null
key=encoded, no.=23, <stderr>:
LENGTH=3900
elapsed cycles: 5635668
hi(checksum)=0x216A164BFE1EA191
lo(checksum)=0x012394A872E428A0
key=encoded, no.=23, <checksum>:
0x216A164BFE1EA191012394A872E428A0
key=encoded, no.=23, cso file:
/dev/null
----------------------------------------------
real command=cset shield -e /home/nrink/Projects/build/encode/encode/tests/array_sum/array_sum.perf.encoded --  --cso /dev/null
key=encoded, no.=24, <stderr>:
LENGTH=3900
elapsed cycles: 5587158
hi(checksum)=0x216A164BFE1EA191
lo(checksum)=0x012394A872E428A0
key=encoded, no.=24, <checksum>:
0x216A164BFE1EA191012394A872E428A0
key=encoded, no.=24, cso file:
/dev/null
----------------------------------------------
real command=cset shield -e /home/nrink/Projects/build/encode/encode/tests/array_sum/array_sum.perf.encoded --  --cso /dev/null
key=encoded, no.=25, <stderr>:
LENGTH=3900
elapsed cycles: 5626848
hi(checksum)=0x216A164BFE1EA191
lo(checksum)=0x012394A872E428A0
key=encoded, no.=25, <checksum>:
0x216A164BFE1EA191012394A872E428A0
key=encoded, no.=25, cso file:
/dev/null
----------------------------------------------
real command=cset shield -e /home/nrink/Projects/build/encode/encode/tests/array_sum/array_sum.perf.encoded --  --cso /dev/null
key=encoded, no.=26, <stderr>:
LENGTH=3900
elapsed cycles: 5594895
hi(checksum)=0x216A164BFE1EA191
lo(checksum)=0x012394A872E428A0
key=encoded, no.=26, <checksum>:
0x216A164BFE1EA191012394A872E428A0
key=encoded, no.=26, cso file:
/dev/null
----------------------------------------------
real command=cset shield -e /home/nrink/Projects/build/encode/encode/tests/array_sum/array_sum.perf.encoded --  --cso /dev/null
key=encoded, no.=27, <stderr>:
LENGTH=3900
elapsed cycles: 5629200
hi(checksum)=0x216A164BFE1EA191
lo(checksum)=0x012394A872E428A0
key=encoded, no.=27, <checksum>:
0x216A164BFE1EA191012394A872E428A0
key=encoded, no.=27, cso file:
/dev/null
----------------------------------------------
real command=cset shield -e /home/nrink/Projects/build/encode/encode/tests/array_sum/array_sum.perf.encoded --  --cso /dev/null
key=encoded, no.=28, <stderr>:
LENGTH=3900
elapsed cycles: 5595408
hi(checksum)=0x216A164BFE1EA191
lo(checksum)=0x012394A872E428A0
key=encoded, no.=28, <checksum>:
0x216A164BFE1EA191012394A872E428A0
key=encoded, no.=28, cso file:
/dev/null
----------------------------------------------
real command=cset shield -e /home/nrink/Projects/build/encode/encode/tests/array_sum/array_sum.perf.encoded --  --cso /dev/null
key=encoded, no.=29, <stderr>:
LENGTH=3900
elapsed cycles: 5627868
hi(checksum)=0x216A164BFE1EA191
lo(checksum)=0x012394A872E428A0
key=encoded, no.=29, <checksum>:
0x216A164BFE1EA191012394A872E428A0
key=encoded, no.=29, cso file:
/dev/null
----------------------------------------------
real command=cset shield -e /home/nrink/Projects/build/encode/encode/tests/array_sum/array_sum.perf.encoded --  --cso /dev/null
key=encoded, no.=30, <stderr>:
LENGTH=3900
elapsed cycles: 5588910
hi(checksum)=0x216A164BFE1EA191
lo(checksum)=0x012394A872E428A0
key=encoded, no.=30, <checksum>:
0x216A164BFE1EA191012394A872E428A0
key=encoded, no.=30, cso file:
/dev/null
----------------------------------------------
real command=cset shield -e /home/nrink/Projects/build/encode/encode/tests/array_sum/array_sum.perf.encoded --  --cso /dev/null
key=encoded, no.=31, <stderr>:
LENGTH=3900
elapsed cycles: 5588253
hi(checksum)=0x216A164BFE1EA191
lo(checksum)=0x012394A872E428A0
key=encoded, no.=31, <checksum>:
0x216A164BFE1EA191012394A872E428A0
key=encoded, no.=31, cso file:
/dev/null
----------------------------------------------
real command=cset shield -e /home/nrink/Projects/build/encode/encode/tests/array_sum/array_sum.perf.encoded --  --cso /dev/null
key=encoded, no.=32, <stderr>:
LENGTH=3900
elapsed cycles: 5600934
hi(checksum)=0x216A164BFE1EA191
lo(checksum)=0x012394A872E428A0
key=encoded, no.=32, <checksum>:
0x216A164BFE1EA191012394A872E428A0
key=encoded, no.=32, cso file:
/dev/null
----------------------------------------------
real command=cset shield -e /home/nrink/Projects/build/encode/encode/tests/array_sum/array_sum.perf.encoded --  --cso /dev/null
key=encoded, no.=33, <stderr>:
LENGTH=3900
elapsed cycles: 5701617
hi(checksum)=0x216A164BFE1EA191
lo(checksum)=0x012394A872E428A0
key=encoded, no.=33, <checksum>:
0x216A164BFE1EA191012394A872E428A0
key=encoded, no.=33, cso file:
/dev/null
----------------------------------------------
real command=cset shield -e /home/nrink/Projects/build/encode/encode/tests/array_sum/array_sum.perf.encoded --  --cso /dev/null
key=encoded, no.=34, <stderr>:
LENGTH=3900
elapsed cycles: 5648025
hi(checksum)=0x216A164BFE1EA191
lo(checksum)=0x012394A872E428A0
key=encoded, no.=34, <checksum>:
0x216A164BFE1EA191012394A872E428A0
key=encoded, no.=34, cso file:
/dev/null
----------------------------------------------
real command=cset shield -e /home/nrink/Projects/build/encode/encode/tests/array_sum/array_sum.perf.encoded --  --cso /dev/null
key=encoded, no.=35, <stderr>:
LENGTH=3900
elapsed cycles: 5771052
hi(checksum)=0x216A164BFE1EA191
lo(checksum)=0x012394A872E428A0
key=encoded, no.=35, <checksum>:
0x216A164BFE1EA191012394A872E428A0
key=encoded, no.=35, cso file:
/dev/null
----------------------------------------------
real command=cset shield -e /home/nrink/Projects/build/encode/encode/tests/array_sum/array_sum.perf.encoded --  --cso /dev/null
key=encoded, no.=36, <stderr>:
LENGTH=3900
elapsed cycles: 5593686
hi(checksum)=0x216A164BFE1EA191
lo(checksum)=0x012394A872E428A0
key=encoded, no.=36, <checksum>:
0x216A164BFE1EA191012394A872E428A0
key=encoded, no.=36, cso file:
/dev/null
----------------------------------------------
real command=cset shield -e /home/nrink/Projects/build/encode/encode/tests/array_sum/array_sum.perf.encoded --  --cso /dev/null
key=encoded, no.=37, <stderr>:
LENGTH=3900
elapsed cycles: 5664225
hi(checksum)=0x216A164BFE1EA191
lo(checksum)=0x012394A872E428A0
key=encoded, no.=37, <checksum>:
0x216A164BFE1EA191012394A872E428A0
key=encoded, no.=37, cso file:
/dev/null
----------------------------------------------
real command=cset shield -e /home/nrink/Projects/build/encode/encode/tests/array_sum/array_sum.perf.encoded --  --cso /dev/null
key=encoded, no.=38, <stderr>:
LENGTH=3900
elapsed cycles: 5589306
hi(checksum)=0x216A164BFE1EA191
lo(checksum)=0x012394A872E428A0
key=encoded, no.=38, <checksum>:
0x216A164BFE1EA191012394A872E428A0
key=encoded, no.=38, cso file:
/dev/null
----------------------------------------------
real command=cset shield -e /home/nrink/Projects/build/encode/encode/tests/array_sum/array_sum.perf.encoded --  --cso /dev/null
key=encoded, no.=39, <stderr>:
LENGTH=3900
elapsed cycles: 5694492
hi(checksum)=0x216A164BFE1EA191
lo(checksum)=0x012394A872E428A0
key=encoded, no.=39, <checksum>:
0x216A164BFE1EA191012394A872E428A0
key=encoded, no.=39, cso file:
/dev/null
----------------------------------------------
real command=cset shield -e /home/nrink/Projects/build/encode/encode/tests/array_sum/array_sum.perf.encoded --  --cso /dev/null
key=encoded, no.=40, <stderr>:
LENGTH=3900
elapsed cycles: 5595138
hi(checksum)=0x216A164BFE1EA191
lo(checksum)=0x012394A872E428A0
key=encoded, no.=40, <checksum>:
0x216A164BFE1EA191012394A872E428A0
key=encoded, no.=40, cso file:
/dev/null
----------------------------------------------
real command=cset shield -e /home/nrink/Projects/build/encode/encode/tests/array_sum/array_sum.perf.encoded --  --cso /dev/null
key=encoded, no.=41, <stderr>:
LENGTH=3900
elapsed cycles: 5700459
hi(checksum)=0x216A164BFE1EA191
lo(checksum)=0x012394A872E428A0
key=encoded, no.=41, <checksum>:
0x216A164BFE1EA191012394A872E428A0
key=encoded, no.=41, cso file:
/dev/null
----------------------------------------------
real command=cset shield -e /home/nrink/Projects/build/encode/encode/tests/array_sum/array_sum.perf.encoded --  --cso /dev/null
key=encoded, no.=42, <stderr>:
LENGTH=3900
elapsed cycles: 5595519
hi(checksum)=0x216A164BFE1EA191
lo(checksum)=0x012394A872E428A0
key=encoded, no.=42, <checksum>:
0x216A164BFE1EA191012394A872E428A0
key=encoded, no.=42, cso file:
/dev/null
----------------------------------------------
real command=cset shield -e /home/nrink/Projects/build/encode/encode/tests/array_sum/array_sum.perf.encoded --  --cso /dev/null
key=encoded, no.=43, <stderr>:
LENGTH=3900
elapsed cycles: 5700453
hi(checksum)=0x216A164BFE1EA191
lo(checksum)=0x012394A872E428A0
key=encoded, no.=43, <checksum>:
0x216A164BFE1EA191012394A872E428A0
key=encoded, no.=43, cso file:
/dev/null
----------------------------------------------
real command=cset shield -e /home/nrink/Projects/build/encode/encode/tests/array_sum/array_sum.perf.encoded --  --cso /dev/null
key=encoded, no.=44, <stderr>:
LENGTH=3900
elapsed cycles: 5666808
hi(checksum)=0x216A164BFE1EA191
lo(checksum)=0x012394A872E428A0
key=encoded, no.=44, <checksum>:
0x216A164BFE1EA191012394A872E428A0
key=encoded, no.=44, cso file:
/dev/null
----------------------------------------------
real command=cset shield -e /home/nrink/Projects/build/encode/encode/tests/array_sum/array_sum.perf.encoded --  --cso /dev/null
key=encoded, no.=45, <stderr>:
LENGTH=3900
elapsed cycles: 5742060
hi(checksum)=0x216A164BFE1EA191
lo(checksum)=0x012394A872E428A0
key=encoded, no.=45, <checksum>:
0x216A164BFE1EA191012394A872E428A0
key=encoded, no.=45, cso file:
/dev/null
----------------------------------------------
real command=cset shield -e /home/nrink/Projects/build/encode/encode/tests/array_sum/array_sum.perf.encoded --  --cso /dev/null
key=encoded, no.=46, <stderr>:
LENGTH=3900
elapsed cycles: 5613036
hi(checksum)=0x216A164BFE1EA191
lo(checksum)=0x012394A872E428A0
key=encoded, no.=46, <checksum>:
0x216A164BFE1EA191012394A872E428A0
key=encoded, no.=46, cso file:
/dev/null
----------------------------------------------
real command=cset shield -e /home/nrink/Projects/build/encode/encode/tests/array_sum/array_sum.perf.encoded --  --cso /dev/null
key=encoded, no.=47, <stderr>:
LENGTH=3900
elapsed cycles: 5772585
hi(checksum)=0x216A164BFE1EA191
lo(checksum)=0x012394A872E428A0
key=encoded, no.=47, <checksum>:
0x216A164BFE1EA191012394A872E428A0
key=encoded, no.=47, cso file:
/dev/null
----------------------------------------------
real command=cset shield -e /home/nrink/Projects/build/encode/encode/tests/array_sum/array_sum.perf.encoded --  --cso /dev/null
key=encoded, no.=48, <stderr>:
LENGTH=3900
elapsed cycles: 5713911
hi(checksum)=0x216A164BFE1EA191
lo(checksum)=0x012394A872E428A0
key=encoded, no.=48, <checksum>:
0x216A164BFE1EA191012394A872E428A0
key=encoded, no.=48, cso file:
/dev/null
----------------------------------------------
real command=cset shield -e /home/nrink/Projects/build/encode/encode/tests/array_sum/array_sum.perf.encoded --  --cso /dev/null
key=encoded, no.=49, <stderr>:
LENGTH=3900
elapsed cycles: 5623545
hi(checksum)=0x216A164BFE1EA191
lo(checksum)=0x012394A872E428A0
key=encoded, no.=49, <checksum>:
0x216A164BFE1EA191012394A872E428A0
key=encoded, no.=49, cso file:
/dev/null
----------------------------------------------
real command=cset shield -e /home/nrink/Projects/build/encode/encode/tests/array_sum/array_sum.perf.encoded --  --cso /dev/null
key=encoded, no.=50, <stderr>:
LENGTH=3900
elapsed cycles: 5583549
hi(checksum)=0x216A164BFE1EA191
lo(checksum)=0x012394A872E428A0
key=encoded, no.=50, <checksum>:
0x216A164BFE1EA191012394A872E428A0
key=encoded, no.=50, cso file:
/dev/null
----------------------------------------------
real command=cset shield -e /home/nrink/Projects/build/encode/encode/tests/array_sum/array_sum.perf.encoded --  --cso /dev/null
key=encoded, no.=51, <stderr>:
LENGTH=3900
elapsed cycles: 5626956
hi(checksum)=0x216A164BFE1EA191
lo(checksum)=0x012394A872E428A0
key=encoded, no.=51, <checksum>:
0x216A164BFE1EA191012394A872E428A0
key=encoded, no.=51, cso file:
/dev/null
----------------------------------------------
real command=cset shield -e /home/nrink/Projects/build/encode/encode/tests/array_sum/array_sum.perf.encoded --  --cso /dev/null
key=encoded, no.=52, <stderr>:
LENGTH=3900
elapsed cycles: 5594328
hi(checksum)=0x216A164BFE1EA191
lo(checksum)=0x012394A872E428A0
key=encoded, no.=52, <checksum>:
0x216A164BFE1EA191012394A872E428A0
key=encoded, no.=52, cso file:
/dev/null
----------------------------------------------
real command=cset shield -e /home/nrink/Projects/build/encode/encode/tests/array_sum/array_sum.perf.encoded --  --cso /dev/null
key=encoded, no.=53, <stderr>:
LENGTH=3900
elapsed cycles: 5690877
hi(checksum)=0x216A164BFE1EA191
lo(checksum)=0x012394A872E428A0
key=encoded, no.=53, <checksum>:
0x216A164BFE1EA191012394A872E428A0
key=encoded, no.=53, cso file:
/dev/null
----------------------------------------------
real command=cset shield -e /home/nrink/Projects/build/encode/encode/tests/array_sum/array_sum.perf.encoded --  --cso /dev/null
key=encoded, no.=54, <stderr>:
LENGTH=3900
elapsed cycles: 5584527
hi(checksum)=0x216A164BFE1EA191
lo(checksum)=0x012394A872E428A0
key=encoded, no.=54, <checksum>:
0x216A164BFE1EA191012394A872E428A0
key=encoded, no.=54, cso file:
/dev/null
----------------------------------------------
real command=cset shield -e /home/nrink/Projects/build/encode/encode/tests/array_sum/array_sum.perf.encoded --  --cso /dev/null
key=encoded, no.=55, <stderr>:
LENGTH=3900
elapsed cycles: 5620335
hi(checksum)=0x216A164BFE1EA191
lo(checksum)=0x012394A872E428A0
key=encoded, no.=55, <checksum>:
0x216A164BFE1EA191012394A872E428A0
key=encoded, no.=55, cso file:
/dev/null
----------------------------------------------
real command=cset shield -e /home/nrink/Projects/build/encode/encode/tests/array_sum/array_sum.perf.encoded --  --cso /dev/null
key=encoded, no.=56, <stderr>:
LENGTH=3900
elapsed cycles: 5582346
hi(checksum)=0x216A164BFE1EA191
lo(checksum)=0x012394A872E428A0
key=encoded, no.=56, <checksum>:
0x216A164BFE1EA191012394A872E428A0
key=encoded, no.=56, cso file:
/dev/null
----------------------------------------------
real command=cset shield -e /home/nrink/Projects/build/encode/encode/tests/array_sum/array_sum.perf.encoded --  --cso /dev/null
key=encoded, no.=57, <stderr>:
LENGTH=3900
elapsed cycles: 5626599
hi(checksum)=0x216A164BFE1EA191
lo(checksum)=0x012394A872E428A0
key=encoded, no.=57, <checksum>:
0x216A164BFE1EA191012394A872E428A0
key=encoded, no.=57, cso file:
/dev/null
----------------------------------------------
real command=cset shield -e /home/nrink/Projects/build/encode/encode/tests/array_sum/array_sum.perf.encoded --  --cso /dev/null
key=encoded, no.=58, <stderr>:
LENGTH=3900
elapsed cycles: 5584530
hi(checksum)=0x216A164BFE1EA191
lo(checksum)=0x012394A872E428A0
key=encoded, no.=58, <checksum>:
0x216A164BFE1EA191012394A872E428A0
key=encoded, no.=58, cso file:
/dev/null
----------------------------------------------
real command=cset shield -e /home/nrink/Projects/build/encode/encode/tests/array_sum/array_sum.perf.encoded --  --cso /dev/null
key=encoded, no.=59, <stderr>:
LENGTH=3900
elapsed cycles: 5628222
hi(checksum)=0x216A164BFE1EA191
lo(checksum)=0x012394A872E428A0
key=encoded, no.=59, <checksum>:
0x216A164BFE1EA191012394A872E428A0
key=encoded, no.=59, cso file:
/dev/null
----------------------------------------------
real command=cset shield -e /home/nrink/Projects/build/encode/encode/tests/array_sum/array_sum.perf.encoded --  --cso /dev/null
key=encoded, no.=60, <stderr>:
LENGTH=3900
elapsed cycles: 7297161
hi(checksum)=0x216A164BFE1EA191
lo(checksum)=0x012394A872E428A0
key=encoded, no.=60, <checksum>:
0x216A164BFE1EA191012394A872E428A0
key=encoded, no.=60, cso file:
/dev/null
----------------------------------------------
real command=cset shield -e /home/nrink/Projects/build/encode/encode/tests/array_sum/array_sum.perf.encoded --  --cso /dev/null
key=encoded, no.=61, <stderr>:
LENGTH=3900
elapsed cycles: 5595984
hi(checksum)=0x216A164BFE1EA191
lo(checksum)=0x012394A872E428A0
key=encoded, no.=61, <checksum>:
0x216A164BFE1EA191012394A872E428A0
key=encoded, no.=61, cso file:
/dev/null
----------------------------------------------
real command=cset shield -e /home/nrink/Projects/build/encode/encode/tests/array_sum/array_sum.perf.encoded --  --cso /dev/null
key=encoded, no.=62, <stderr>:
LENGTH=3900
elapsed cycles: 5748360
hi(checksum)=0x216A164BFE1EA191
lo(checksum)=0x012394A872E428A0
key=encoded, no.=62, <checksum>:
0x216A164BFE1EA191012394A872E428A0
key=encoded, no.=62, cso file:
/dev/null
----------------------------------------------
real command=cset shield -e /home/nrink/Projects/build/encode/encode/tests/array_sum/array_sum.perf.encoded --  --cso /dev/null
key=encoded, no.=63, <stderr>:
LENGTH=3900
elapsed cycles: 5626590
hi(checksum)=0x216A164BFE1EA191
lo(checksum)=0x012394A872E428A0
key=encoded, no.=63, <checksum>:
0x216A164BFE1EA191012394A872E428A0
key=encoded, no.=63, cso file:
/dev/null
----------------------------------------------
real command=cset shield -e /home/nrink/Projects/build/encode/encode/tests/array_sum/array_sum.perf.encoded --  --cso /dev/null
key=encoded, no.=64, <stderr>:
LENGTH=3900
elapsed cycles: 5670342
hi(checksum)=0x216A164BFE1EA191
lo(checksum)=0x012394A872E428A0
key=encoded, no.=64, <checksum>:
0x216A164BFE1EA191012394A872E428A0
key=encoded, no.=64, cso file:
/dev/null
----------------------------------------------
real command=cset shield -e /home/nrink/Projects/build/encode/encode/tests/array_sum/array_sum.perf.encoded --  --cso /dev/null
key=encoded, no.=65, <stderr>:
LENGTH=3900
elapsed cycles: 5728920
hi(checksum)=0x216A164BFE1EA191
lo(checksum)=0x012394A872E428A0
key=encoded, no.=65, <checksum>:
0x216A164BFE1EA191012394A872E428A0
key=encoded, no.=65, cso file:
/dev/null
----------------------------------------------
real command=cset shield -e /home/nrink/Projects/build/encode/encode/tests/array_sum/array_sum.perf.encoded --  --cso /dev/null
key=encoded, no.=66, <stderr>:
LENGTH=3900
elapsed cycles: 5598375
hi(checksum)=0x216A164BFE1EA191
lo(checksum)=0x012394A872E428A0
key=encoded, no.=66, <checksum>:
0x216A164BFE1EA191012394A872E428A0
key=encoded, no.=66, cso file:
/dev/null
----------------------------------------------
real command=cset shield -e /home/nrink/Projects/build/encode/encode/tests/array_sum/array_sum.perf.encoded --  --cso /dev/null
key=encoded, no.=67, <stderr>:
LENGTH=3900
elapsed cycles: 5755845
hi(checksum)=0x216A164BFE1EA191
lo(checksum)=0x012394A872E428A0
key=encoded, no.=67, <checksum>:
0x216A164BFE1EA191012394A872E428A0
key=encoded, no.=67, cso file:
/dev/null
----------------------------------------------
real command=cset shield -e /home/nrink/Projects/build/encode/encode/tests/array_sum/array_sum.perf.encoded --  --cso /dev/null
key=encoded, no.=68, <stderr>:
LENGTH=3900
elapsed cycles: 5643867
hi(checksum)=0x216A164BFE1EA191
lo(checksum)=0x012394A872E428A0
key=encoded, no.=68, <checksum>:
0x216A164BFE1EA191012394A872E428A0
key=encoded, no.=68, cso file:
/dev/null
----------------------------------------------
real command=cset shield -e /home/nrink/Projects/build/encode/encode/tests/array_sum/array_sum.perf.encoded --  --cso /dev/null
key=encoded, no.=69, <stderr>:
LENGTH=3900
elapsed cycles: 5624172
hi(checksum)=0x216A164BFE1EA191
lo(checksum)=0x012394A872E428A0
key=encoded, no.=69, <checksum>:
0x216A164BFE1EA191012394A872E428A0
key=encoded, no.=69, cso file:
/dev/null
----------------------------------------------
real command=cset shield -e /home/nrink/Projects/build/encode/encode/tests/array_sum/array_sum.perf.encoded --  --cso /dev/null
key=encoded, no.=70, <stderr>:
LENGTH=3900
elapsed cycles: 5755131
hi(checksum)=0x216A164BFE1EA191
lo(checksum)=0x012394A872E428A0
key=encoded, no.=70, <checksum>:
0x216A164BFE1EA191012394A872E428A0
key=encoded, no.=70, cso file:
/dev/null
----------------------------------------------
real command=cset shield -e /home/nrink/Projects/build/encode/encode/tests/array_sum/array_sum.perf.encoded --  --cso /dev/null
key=encoded, no.=71, <stderr>:
LENGTH=3900
elapsed cycles: 5629155
hi(checksum)=0x216A164BFE1EA191
lo(checksum)=0x012394A872E428A0
key=encoded, no.=71, <checksum>:
0x216A164BFE1EA191012394A872E428A0
key=encoded, no.=71, cso file:
/dev/null
----------------------------------------------
real command=cset shield -e /home/nrink/Projects/build/encode/encode/tests/array_sum/array_sum.perf.encoded --  --cso /dev/null
key=encoded, no.=72, <stderr>:
LENGTH=3900
elapsed cycles: 5660022
hi(checksum)=0x216A164BFE1EA191
lo(checksum)=0x012394A872E428A0
key=encoded, no.=72, <checksum>:
0x216A164BFE1EA191012394A872E428A0
key=encoded, no.=72, cso file:
/dev/null
----------------------------------------------
real command=cset shield -e /home/nrink/Projects/build/encode/encode/tests/array_sum/array_sum.perf.encoded --  --cso /dev/null
key=encoded, no.=73, <stderr>:
LENGTH=3900
elapsed cycles: 5648781
hi(checksum)=0x216A164BFE1EA191
lo(checksum)=0x012394A872E428A0
key=encoded, no.=73, <checksum>:
0x216A164BFE1EA191012394A872E428A0
key=encoded, no.=73, cso file:
/dev/null
----------------------------------------------
real command=cset shield -e /home/nrink/Projects/build/encode/encode/tests/array_sum/array_sum.perf.encoded --  --cso /dev/null
key=encoded, no.=74, <stderr>:
LENGTH=3900
elapsed cycles: 5632896
hi(checksum)=0x216A164BFE1EA191
lo(checksum)=0x012394A872E428A0
key=encoded, no.=74, <checksum>:
0x216A164BFE1EA191012394A872E428A0
key=encoded, no.=74, cso file:
/dev/null
----------------------------------------------
real command=cset shield -e /home/nrink/Projects/build/encode/encode/tests/array_sum/array_sum.perf.encoded --  --cso /dev/null
key=encoded, no.=75, <stderr>:
LENGTH=3900
elapsed cycles: 5679687
hi(checksum)=0x216A164BFE1EA191
lo(checksum)=0x012394A872E428A0
key=encoded, no.=75, <checksum>:
0x216A164BFE1EA191012394A872E428A0
key=encoded, no.=75, cso file:
/dev/null
----------------------------------------------
real command=cset shield -e /home/nrink/Projects/build/encode/encode/tests/array_sum/array_sum.perf.encoded --  --cso /dev/null
key=encoded, no.=76, <stderr>:
LENGTH=3900
elapsed cycles: 5618604
hi(checksum)=0x216A164BFE1EA191
lo(checksum)=0x012394A872E428A0
key=encoded, no.=76, <checksum>:
0x216A164BFE1EA191012394A872E428A0
key=encoded, no.=76, cso file:
/dev/null
----------------------------------------------
real command=cset shield -e /home/nrink/Projects/build/encode/encode/tests/array_sum/array_sum.perf.encoded --  --cso /dev/null
key=encoded, no.=77, <stderr>:
LENGTH=3900
elapsed cycles: 5594631
hi(checksum)=0x216A164BFE1EA191
lo(checksum)=0x012394A872E428A0
key=encoded, no.=77, <checksum>:
0x216A164BFE1EA191012394A872E428A0
key=encoded, no.=77, cso file:
/dev/null
----------------------------------------------
real command=cset shield -e /home/nrink/Projects/build/encode/encode/tests/array_sum/array_sum.perf.encoded --  --cso /dev/null
key=encoded, no.=78, <stderr>:
LENGTH=3900
elapsed cycles: 5726655
hi(checksum)=0x216A164BFE1EA191
lo(checksum)=0x012394A872E428A0
key=encoded, no.=78, <checksum>:
0x216A164BFE1EA191012394A872E428A0
key=encoded, no.=78, cso file:
/dev/null
----------------------------------------------
real command=cset shield -e /home/nrink/Projects/build/encode/encode/tests/array_sum/array_sum.perf.encoded --  --cso /dev/null
key=encoded, no.=79, <stderr>:
LENGTH=3900
elapsed cycles: 5589090
hi(checksum)=0x216A164BFE1EA191
lo(checksum)=0x012394A872E428A0
key=encoded, no.=79, <checksum>:
0x216A164BFE1EA191012394A872E428A0
key=encoded, no.=79, cso file:
/dev/null
----------------------------------------------
real command=cset shield -e /home/nrink/Projects/build/encode/encode/tests/array_sum/array_sum.perf.encoded --  --cso /dev/null
key=encoded, no.=80, <stderr>:
LENGTH=3900
elapsed cycles: 5766684
hi(checksum)=0x216A164BFE1EA191
lo(checksum)=0x012394A872E428A0
key=encoded, no.=80, <checksum>:
0x216A164BFE1EA191012394A872E428A0
key=encoded, no.=80, cso file:
/dev/null
----------------------------------------------
real command=cset shield -e /home/nrink/Projects/build/encode/encode/tests/array_sum/array_sum.perf.encoded --  --cso /dev/null
key=encoded, no.=81, <stderr>:
LENGTH=3900
elapsed cycles: 5622978
hi(checksum)=0x216A164BFE1EA191
lo(checksum)=0x012394A872E428A0
key=encoded, no.=81, <checksum>:
0x216A164BFE1EA191012394A872E428A0
key=encoded, no.=81, cso file:
/dev/null
----------------------------------------------
real command=cset shield -e /home/nrink/Projects/build/encode/encode/tests/array_sum/array_sum.perf.encoded --  --cso /dev/null
key=encoded, no.=82, <stderr>:
LENGTH=3900
elapsed cycles: 5667228
hi(checksum)=0x216A164BFE1EA191
lo(checksum)=0x012394A872E428A0
key=encoded, no.=82, <checksum>:
0x216A164BFE1EA191012394A872E428A0
key=encoded, no.=82, cso file:
/dev/null
----------------------------------------------
real command=cset shield -e /home/nrink/Projects/build/encode/encode/tests/array_sum/array_sum.perf.encoded --  --cso /dev/null
key=encoded, no.=83, <stderr>:
LENGTH=3900
elapsed cycles: 5726967
hi(checksum)=0x216A164BFE1EA191
lo(checksum)=0x012394A872E428A0
key=encoded, no.=83, <checksum>:
0x216A164BFE1EA191012394A872E428A0
key=encoded, no.=83, cso file:
/dev/null
----------------------------------------------
real command=cset shield -e /home/nrink/Projects/build/encode/encode/tests/array_sum/array_sum.perf.encoded --  --cso /dev/null
key=encoded, no.=84, <stderr>:
LENGTH=3900
elapsed cycles: 5591817
hi(checksum)=0x216A164BFE1EA191
lo(checksum)=0x012394A872E428A0
key=encoded, no.=84, <checksum>:
0x216A164BFE1EA191012394A872E428A0
key=encoded, no.=84, cso file:
/dev/null
----------------------------------------------
real command=cset shield -e /home/nrink/Projects/build/encode/encode/tests/array_sum/array_sum.perf.encoded --  --cso /dev/null
key=encoded, no.=85, <stderr>:
LENGTH=3900
elapsed cycles: 5767926
hi(checksum)=0x216A164BFE1EA191
lo(checksum)=0x012394A872E428A0
key=encoded, no.=85, <checksum>:
0x216A164BFE1EA191012394A872E428A0
key=encoded, no.=85, cso file:
/dev/null
----------------------------------------------
real command=cset shield -e /home/nrink/Projects/build/encode/encode/tests/array_sum/array_sum.perf.encoded --  --cso /dev/null
key=encoded, no.=86, <stderr>:
LENGTH=3900
elapsed cycles: 5628966
hi(checksum)=0x216A164BFE1EA191
lo(checksum)=0x012394A872E428A0
key=encoded, no.=86, <checksum>:
0x216A164BFE1EA191012394A872E428A0
key=encoded, no.=86, cso file:
/dev/null
----------------------------------------------
real command=cset shield -e /home/nrink/Projects/build/encode/encode/tests/array_sum/array_sum.perf.encoded --  --cso /dev/null
key=encoded, no.=87, <stderr>:
LENGTH=3900
elapsed cycles: 5644851
hi(checksum)=0x216A164BFE1EA191
lo(checksum)=0x012394A872E428A0
key=encoded, no.=87, <checksum>:
0x216A164BFE1EA191012394A872E428A0
key=encoded, no.=87, cso file:
/dev/null
----------------------------------------------
real command=cset shield -e /home/nrink/Projects/build/encode/encode/tests/array_sum/array_sum.perf.encoded --  --cso /dev/null
key=encoded, no.=88, <stderr>:
LENGTH=3900
elapsed cycles: 5753268
hi(checksum)=0x216A164BFE1EA191
lo(checksum)=0x012394A872E428A0
key=encoded, no.=88, <checksum>:
0x216A164BFE1EA191012394A872E428A0
key=encoded, no.=88, cso file:
/dev/null
----------------------------------------------
real command=cset shield -e /home/nrink/Projects/build/encode/encode/tests/array_sum/array_sum.perf.encoded --  --cso /dev/null
key=encoded, no.=89, <stderr>:
LENGTH=3900
elapsed cycles: 5635059
hi(checksum)=0x216A164BFE1EA191
lo(checksum)=0x012394A872E428A0
key=encoded, no.=89, <checksum>:
0x216A164BFE1EA191012394A872E428A0
key=encoded, no.=89, cso file:
/dev/null
----------------------------------------------
real command=cset shield -e /home/nrink/Projects/build/encode/encode/tests/array_sum/array_sum.perf.encoded --  --cso /dev/null
key=encoded, no.=90, <stderr>:
LENGTH=3900
elapsed cycles: 5623350
hi(checksum)=0x216A164BFE1EA191
lo(checksum)=0x012394A872E428A0
key=encoded, no.=90, <checksum>:
0x216A164BFE1EA191012394A872E428A0
key=encoded, no.=90, cso file:
/dev/null
----------------------------------------------
real command=cset shield -e /home/nrink/Projects/build/encode/encode/tests/array_sum/array_sum.perf.encoded --  --cso /dev/null
key=encoded, no.=91, <stderr>:
LENGTH=3900
elapsed cycles: 5661705
hi(checksum)=0x216A164BFE1EA191
lo(checksum)=0x012394A872E428A0
key=encoded, no.=91, <checksum>:
0x216A164BFE1EA191012394A872E428A0
key=encoded, no.=91, cso file:
/dev/null
----------------------------------------------
real command=cset shield -e /home/nrink/Projects/build/encode/encode/tests/array_sum/array_sum.perf.encoded --  --cso /dev/null
key=encoded, no.=92, <stderr>:
LENGTH=3900
elapsed cycles: 5587794
hi(checksum)=0x216A164BFE1EA191
lo(checksum)=0x012394A872E428A0
key=encoded, no.=92, <checksum>:
0x216A164BFE1EA191012394A872E428A0
key=encoded, no.=92, cso file:
/dev/null
----------------------------------------------
real command=cset shield -e /home/nrink/Projects/build/encode/encode/tests/array_sum/array_sum.perf.encoded --  --cso /dev/null
key=encoded, no.=93, <stderr>:
LENGTH=3900
elapsed cycles: 5755008
hi(checksum)=0x216A164BFE1EA191
lo(checksum)=0x012394A872E428A0
key=encoded, no.=93, <checksum>:
0x216A164BFE1EA191012394A872E428A0
key=encoded, no.=93, cso file:
/dev/null
----------------------------------------------
real command=cset shield -e /home/nrink/Projects/build/encode/encode/tests/array_sum/array_sum.perf.encoded --  --cso /dev/null
key=encoded, no.=94, <stderr>:
LENGTH=3900
elapsed cycles: 5625048
hi(checksum)=0x216A164BFE1EA191
lo(checksum)=0x012394A872E428A0
key=encoded, no.=94, <checksum>:
0x216A164BFE1EA191012394A872E428A0
key=encoded, no.=94, cso file:
/dev/null
----------------------------------------------
real command=cset shield -e /home/nrink/Projects/build/encode/encode/tests/array_sum/array_sum.perf.encoded --  --cso /dev/null
key=encoded, no.=95, <stderr>:
LENGTH=3900
elapsed cycles: 5652327
hi(checksum)=0x216A164BFE1EA191
lo(checksum)=0x012394A872E428A0
key=encoded, no.=95, <checksum>:
0x216A164BFE1EA191012394A872E428A0
key=encoded, no.=95, cso file:
/dev/null
----------------------------------------------
real command=cset shield -e /home/nrink/Projects/build/encode/encode/tests/array_sum/array_sum.perf.encoded --  --cso /dev/null
key=encoded, no.=96, <stderr>:
LENGTH=3900
elapsed cycles: 5735703
hi(checksum)=0x216A164BFE1EA191
lo(checksum)=0x012394A872E428A0
key=encoded, no.=96, <checksum>:
0x216A164BFE1EA191012394A872E428A0
key=encoded, no.=96, cso file:
/dev/null
----------------------------------------------
real command=cset shield -e /home/nrink/Projects/build/encode/encode/tests/array_sum/array_sum.perf.encoded --  --cso /dev/null
key=encoded, no.=97, <stderr>:
LENGTH=3900
elapsed cycles: 5628294
hi(checksum)=0x216A164BFE1EA191
lo(checksum)=0x012394A872E428A0
key=encoded, no.=97, <checksum>:
0x216A164BFE1EA191012394A872E428A0
key=encoded, no.=97, cso file:
/dev/null
----------------------------------------------
real command=cset shield -e /home/nrink/Projects/build/encode/encode/tests/array_sum/array_sum.perf.encoded --  --cso /dev/null
key=encoded, no.=98, <stderr>:
LENGTH=3900
elapsed cycles: 5666946
hi(checksum)=0x216A164BFE1EA191
lo(checksum)=0x012394A872E428A0
key=encoded, no.=98, <checksum>:
0x216A164BFE1EA191012394A872E428A0
key=encoded, no.=98, cso file:
/dev/null
----------------------------------------------
real command=cset shield -e /home/nrink/Projects/build/encode/encode/tests/array_sum/array_sum.perf.encoded --  --cso /dev/null
key=encoded, no.=99, <stderr>:
LENGTH=3900
elapsed cycles: 5626182
hi(checksum)=0x216A164BFE1EA191
lo(checksum)=0x012394A872E428A0
key=encoded, no.=99, <checksum>:
0x216A164BFE1EA191012394A872E428A0
key=encoded, no.=99, cso file:
/dev/null
----------------------------------------------
