<stderr> from running /home/nrink/Projects/pin-2.14-71313-gcc.4.4.7-linux/pin.sh -t /home/nrink/Projects/bfi/obj-intel64/bfi.so -trigger 163885 -cmd RADDR -seed 1 -mask 72 -- /home/nrink/Projects/build/encode/encode/tests/bubblesort/bubblesort.cover.plain --cso ./2015-05-05_14:16:24/bubblesort/cover/cs/plain.12.cso --csl ./2015-05-05_14:16:24/bubblesort/cover/cs/plain.12.csl:
[.:    0, IP = 0x400af8, i = 163885, wa = 0, ra = 0, rr = 0, wr = 0, it = 0, t = 0]
	access = read, size = 8, addr = 0x6020c8, addr' = 0x602080, op = 0
elapsed cycles: 584252634
hi(checksum)=0x0000000000000000
lo(checksum)=0x0000035FDC9DC0DA
**********************
INSTR   = 174472
WADDR   = 0
RADDR   = 0
RREG    = 0
WREG    = 0
ITER    = 0
TRIGGER = 163885
TTYPE   = IN
COMMAND = RADDR
SEL     = -1
SEED    = 1
MASK    = 0x48
THREAD  = 0
ELAPSED = 39.21s
----------------------------------------------------------------
