<stderr> from running /home/nrink/Projects/pin-2.14-71313-gcc.4.4.7-linux/pin.sh -t /home/nrink/Projects/bfi/obj-intel64/bfi.so -trigger 165851 -cmd WREG -seed 1 -mask 198 -- /home/nrink/Projects/build/encode/encode/tests/bubblesort/bubblesort.cover.encoded --cso ./2015-05-05_14:16:24/bubblesort/cover/cs/encoded.61.cso --csl ./2015-05-05_14:16:24/bubblesort/cover/cs/encoded.61.csl:
[.:    0, IP = 0x400d73, i = 165851, wa = 0, ra = 0, rr = 0, wr = 0, it = 0, t = 0]
	at ip 0x400d76, rax = 0x17c4, rax' = 0x1702
elapsed cycles: 3536817366
hi(checksum)=0x0000000000000000
lo(checksum)=0x00007CDAE2B040F7
**********************
INSTR   = 178668
WADDR   = 0
RADDR   = 0
RREG    = 0
WREG    = 0
ITER    = 0
TRIGGER = 165851
TTYPE   = IN
COMMAND = WREG
SEL     = -1
SEED    = 1
MASK    = 0xc6
THREAD  = 0
ELAPSED = 30.58s
----------------------------------------------------------------
