<stderr> from running /home/nrink/Projects/pin-2.14-71313-gcc.4.4.7-linux/pin.sh -t /home/nrink/Projects/bfi/obj-intel64/bfi.so -trigger 164002 -cmd WVAL -seed 1 -mask 68 -- /home/nrink/Projects/build/encode/encode/tests/bubblesort/bubblesort.cover.plain --cso ./2015-05-05_14:16:24/bubblesort/cover/cs/plain.74.cso --csl ./2015-05-05_14:16:24/bubblesort/cover/cs/plain.74.csl:
[.:    0, IP = 0x400ad0, i = 164003, wa = 0, ra = 0, rr = 0, wr = 0, it = 0, t = 0]
	access = write, size = 8, value = 2, value' = 70, addr = 0x6020d8, op = 0
elapsed cycles: 274685031
hi(checksum)=0x0000000000000000
lo(checksum)=0x0000800DEBE5EA9B
**********************
INSTR   = 174483
WADDR   = 0
RADDR   = 0
RREG    = 0
WREG    = 0
ITER    = 0
TRIGGER = 164002
TTYPE   = IN
COMMAND = WVAL
SEL     = -1
SEED    = 1
MASK    = 0x44
THREAD  = 0
ELAPSED = 8.81s
----------------------------------------------------------------
