key=plain, runs=100 ...
command=/home/nrink/Projects/build/encode/encode/tests/quicksort/quicksort.perf.plain
----------------------------------------------
real command=cset shield -e /home/nrink/Projects/build/encode/encode/tests/quicksort/quicksort.perf.plain --  --cso /dev/null
key=plain, no.=0, <stderr>:
LENGTH=180
elapsed cycles: 1791225
hi(checksum)=0x706A46AD01EEA04E
lo(checksum)=0x9C87FEE1F7DE7BF5
key=plain, no.=0, <checksum>:
0x706A46AD01EEA04E9C87FEE1F7DE7BF5
key=plain, no.=0, cso file:
/dev/null
----------------------------------------------
real command=cset shield -e /home/nrink/Projects/build/encode/encode/tests/quicksort/quicksort.perf.plain --  --cso /dev/null
key=plain, no.=1, <stderr>:
LENGTH=180
elapsed cycles: 1751922
hi(checksum)=0x706A46AD01EEA04E
lo(checksum)=0x9C87FEE1F7DE7BF5
key=plain, no.=1, <checksum>:
0x706A46AD01EEA04E9C87FEE1F7DE7BF5
key=plain, no.=1, cso file:
/dev/null
----------------------------------------------
real command=cset shield -e /home/nrink/Projects/build/encode/encode/tests/quicksort/quicksort.perf.plain --  --cso /dev/null
key=plain, no.=2, <stderr>:
LENGTH=180
elapsed cycles: 1754403
hi(checksum)=0x706A46AD01EEA04E
lo(checksum)=0x9C87FEE1F7DE7BF5
key=plain, no.=2, <checksum>:
0x706A46AD01EEA04E9C87FEE1F7DE7BF5
key=plain, no.=2, cso file:
/dev/null
----------------------------------------------
real command=cset shield -e /home/nrink/Projects/build/encode/encode/tests/quicksort/quicksort.perf.plain --  --cso /dev/null
key=plain, no.=3, <stderr>:
LENGTH=180
elapsed cycles: 1751418
hi(checksum)=0x706A46AD01EEA04E
lo(checksum)=0x9C87FEE1F7DE7BF5
key=plain, no.=3, <checksum>:
0x706A46AD01EEA04E9C87FEE1F7DE7BF5
key=plain, no.=3, cso file:
/dev/null
----------------------------------------------
real command=cset shield -e /home/nrink/Projects/build/encode/encode/tests/quicksort/quicksort.perf.plain --  --cso /dev/null
key=plain, no.=4, <stderr>:
LENGTH=180
elapsed cycles: 1752909
hi(checksum)=0x706A46AD01EEA04E
lo(checksum)=0x9C87FEE1F7DE7BF5
key=plain, no.=4, <checksum>:
0x706A46AD01EEA04E9C87FEE1F7DE7BF5
key=plain, no.=4, cso file:
/dev/null
----------------------------------------------
real command=cset shield -e /home/nrink/Projects/build/encode/encode/tests/quicksort/quicksort.perf.plain --  --cso /dev/null
key=plain, no.=5, <stderr>:
LENGTH=180
elapsed cycles: 1753035
hi(checksum)=0x706A46AD01EEA04E
lo(checksum)=0x9C87FEE1F7DE7BF5
key=plain, no.=5, <checksum>:
0x706A46AD01EEA04E9C87FEE1F7DE7BF5
key=plain, no.=5, cso file:
/dev/null
----------------------------------------------
real command=cset shield -e /home/nrink/Projects/build/encode/encode/tests/quicksort/quicksort.perf.plain --  --cso /dev/null
key=plain, no.=6, <stderr>:
LENGTH=180
elapsed cycles: 1748328
hi(checksum)=0x706A46AD01EEA04E
lo(checksum)=0x9C87FEE1F7DE7BF5
key=plain, no.=6, <checksum>:
0x706A46AD01EEA04E9C87FEE1F7DE7BF5
key=plain, no.=6, cso file:
/dev/null
----------------------------------------------
real command=cset shield -e /home/nrink/Projects/build/encode/encode/tests/quicksort/quicksort.perf.plain --  --cso /dev/null
key=plain, no.=7, <stderr>:
LENGTH=180
elapsed cycles: 1753065
hi(checksum)=0x706A46AD01EEA04E
lo(checksum)=0x9C87FEE1F7DE7BF5
key=plain, no.=7, <checksum>:
0x706A46AD01EEA04E9C87FEE1F7DE7BF5
key=plain, no.=7, cso file:
/dev/null
----------------------------------------------
real command=cset shield -e /home/nrink/Projects/build/encode/encode/tests/quicksort/quicksort.perf.plain --  --cso /dev/null
key=plain, no.=8, <stderr>:
LENGTH=180
elapsed cycles: 1749705
hi(checksum)=0x706A46AD01EEA04E
lo(checksum)=0x9C87FEE1F7DE7BF5
key=plain, no.=8, <checksum>:
0x706A46AD01EEA04E9C87FEE1F7DE7BF5
key=plain, no.=8, cso file:
/dev/null
----------------------------------------------
real command=cset shield -e /home/nrink/Projects/build/encode/encode/tests/quicksort/quicksort.perf.plain --  --cso /dev/null
key=plain, no.=9, <stderr>:
LENGTH=180
elapsed cycles: 1828116
hi(checksum)=0x706A46AD01EEA04E
lo(checksum)=0x9C87FEE1F7DE7BF5
key=plain, no.=9, <checksum>:
0x706A46AD01EEA04E9C87FEE1F7DE7BF5
key=plain, no.=9, cso file:
/dev/null
----------------------------------------------
real command=cset shield -e /home/nrink/Projects/build/encode/encode/tests/quicksort/quicksort.perf.plain --  --cso /dev/null
key=plain, no.=10, <stderr>:
LENGTH=180
elapsed cycles: 1750089
hi(checksum)=0x706A46AD01EEA04E
lo(checksum)=0x9C87FEE1F7DE7BF5
key=plain, no.=10, <checksum>:
0x706A46AD01EEA04E9C87FEE1F7DE7BF5
key=plain, no.=10, cso file:
/dev/null
----------------------------------------------
real command=cset shield -e /home/nrink/Projects/build/encode/encode/tests/quicksort/quicksort.perf.plain --  --cso /dev/null
key=plain, no.=11, <stderr>:
LENGTH=180
elapsed cycles: 1755996
hi(checksum)=0x706A46AD01EEA04E
lo(checksum)=0x9C87FEE1F7DE7BF5
key=plain, no.=11, <checksum>:
0x706A46AD01EEA04E9C87FEE1F7DE7BF5
key=plain, no.=11, cso file:
/dev/null
----------------------------------------------
real command=cset shield -e /home/nrink/Projects/build/encode/encode/tests/quicksort/quicksort.perf.plain --  --cso /dev/null
key=plain, no.=12, <stderr>:
LENGTH=180
elapsed cycles: 1786410
hi(checksum)=0x706A46AD01EEA04E
lo(checksum)=0x9C87FEE1F7DE7BF5
key=plain, no.=12, <checksum>:
0x706A46AD01EEA04E9C87FEE1F7DE7BF5
key=plain, no.=12, cso file:
/dev/null
----------------------------------------------
real command=cset shield -e /home/nrink/Projects/build/encode/encode/tests/quicksort/quicksort.perf.plain --  --cso /dev/null
key=plain, no.=13, <stderr>:
LENGTH=180
elapsed cycles: 1749747
hi(checksum)=0x706A46AD01EEA04E
lo(checksum)=0x9C87FEE1F7DE7BF5
key=plain, no.=13, <checksum>:
0x706A46AD01EEA04E9C87FEE1F7DE7BF5
key=plain, no.=13, cso file:
/dev/null
----------------------------------------------
real command=cset shield -e /home/nrink/Projects/build/encode/encode/tests/quicksort/quicksort.perf.plain --  --cso /dev/null
key=plain, no.=14, <stderr>:
LENGTH=180
elapsed cycles: 1751856
hi(checksum)=0x706A46AD01EEA04E
lo(checksum)=0x9C87FEE1F7DE7BF5
key=plain, no.=14, <checksum>:
0x706A46AD01EEA04E9C87FEE1F7DE7BF5
key=plain, no.=14, cso file:
/dev/null
----------------------------------------------
real command=cset shield -e /home/nrink/Projects/build/encode/encode/tests/quicksort/quicksort.perf.plain --  --cso /dev/null
key=plain, no.=15, <stderr>:
LENGTH=180
elapsed cycles: 1749858
hi(checksum)=0x706A46AD01EEA04E
lo(checksum)=0x9C87FEE1F7DE7BF5
key=plain, no.=15, <checksum>:
0x706A46AD01EEA04E9C87FEE1F7DE7BF5
key=plain, no.=15, cso file:
/dev/null
----------------------------------------------
real command=cset shield -e /home/nrink/Projects/build/encode/encode/tests/quicksort/quicksort.perf.plain --  --cso /dev/null
key=plain, no.=16, <stderr>:
LENGTH=180
elapsed cycles: 1751826
hi(checksum)=0x706A46AD01EEA04E
lo(checksum)=0x9C87FEE1F7DE7BF5
key=plain, no.=16, <checksum>:
0x706A46AD01EEA04E9C87FEE1F7DE7BF5
key=plain, no.=16, cso file:
/dev/null
----------------------------------------------
real command=cset shield -e /home/nrink/Projects/build/encode/encode/tests/quicksort/quicksort.perf.plain --  --cso /dev/null
key=plain, no.=17, <stderr>:
LENGTH=180
elapsed cycles: 1758567
hi(checksum)=0x706A46AD01EEA04E
lo(checksum)=0x9C87FEE1F7DE7BF5
key=plain, no.=17, <checksum>:
0x706A46AD01EEA04E9C87FEE1F7DE7BF5
key=plain, no.=17, cso file:
/dev/null
----------------------------------------------
real command=cset shield -e /home/nrink/Projects/build/encode/encode/tests/quicksort/quicksort.perf.plain --  --cso /dev/null
key=plain, no.=18, <stderr>:
LENGTH=180
elapsed cycles: 1752507
hi(checksum)=0x706A46AD01EEA04E
lo(checksum)=0x9C87FEE1F7DE7BF5
key=plain, no.=18, <checksum>:
0x706A46AD01EEA04E9C87FEE1F7DE7BF5
key=plain, no.=18, cso file:
/dev/null
----------------------------------------------
real command=cset shield -e /home/nrink/Projects/build/encode/encode/tests/quicksort/quicksort.perf.plain --  --cso /dev/null
key=plain, no.=19, <stderr>:
LENGTH=180
elapsed cycles: 1753056
hi(checksum)=0x706A46AD01EEA04E
lo(checksum)=0x9C87FEE1F7DE7BF5
key=plain, no.=19, <checksum>:
0x706A46AD01EEA04E9C87FEE1F7DE7BF5
key=plain, no.=19, cso file:
/dev/null
----------------------------------------------
real command=cset shield -e /home/nrink/Projects/build/encode/encode/tests/quicksort/quicksort.perf.plain --  --cso /dev/null
key=plain, no.=20, <stderr>:
LENGTH=180
elapsed cycles: 1752339
hi(checksum)=0x706A46AD01EEA04E
lo(checksum)=0x9C87FEE1F7DE7BF5
key=plain, no.=20, <checksum>:
0x706A46AD01EEA04E9C87FEE1F7DE7BF5
key=plain, no.=20, cso file:
/dev/null
----------------------------------------------
real command=cset shield -e /home/nrink/Projects/build/encode/encode/tests/quicksort/quicksort.perf.plain --  --cso /dev/null
key=plain, no.=21, <stderr>:
LENGTH=180
elapsed cycles: 1796817
hi(checksum)=0x706A46AD01EEA04E
lo(checksum)=0x9C87FEE1F7DE7BF5
key=plain, no.=21, <checksum>:
0x706A46AD01EEA04E9C87FEE1F7DE7BF5
key=plain, no.=21, cso file:
/dev/null
----------------------------------------------
real command=cset shield -e /home/nrink/Projects/build/encode/encode/tests/quicksort/quicksort.perf.plain --  --cso /dev/null
key=plain, no.=22, <stderr>:
LENGTH=180
elapsed cycles: 1750656
hi(checksum)=0x706A46AD01EEA04E
lo(checksum)=0x9C87FEE1F7DE7BF5
key=plain, no.=22, <checksum>:
0x706A46AD01EEA04E9C87FEE1F7DE7BF5
key=plain, no.=22, cso file:
/dev/null
----------------------------------------------
real command=cset shield -e /home/nrink/Projects/build/encode/encode/tests/quicksort/quicksort.perf.plain --  --cso /dev/null
key=plain, no.=23, <stderr>:
LENGTH=180
elapsed cycles: 1754415
hi(checksum)=0x706A46AD01EEA04E
lo(checksum)=0x9C87FEE1F7DE7BF5
key=plain, no.=23, <checksum>:
0x706A46AD01EEA04E9C87FEE1F7DE7BF5
key=plain, no.=23, cso file:
/dev/null
----------------------------------------------
real command=cset shield -e /home/nrink/Projects/build/encode/encode/tests/quicksort/quicksort.perf.plain --  --cso /dev/null
key=plain, no.=24, <stderr>:
LENGTH=180
elapsed cycles: 1753932
hi(checksum)=0x706A46AD01EEA04E
lo(checksum)=0x9C87FEE1F7DE7BF5
key=plain, no.=24, <checksum>:
0x706A46AD01EEA04E9C87FEE1F7DE7BF5
key=plain, no.=24, cso file:
/dev/null
----------------------------------------------
real command=cset shield -e /home/nrink/Projects/build/encode/encode/tests/quicksort/quicksort.perf.plain --  --cso /dev/null
key=plain, no.=25, <stderr>:
LENGTH=180
elapsed cycles: 1866957
hi(checksum)=0x706A46AD01EEA04E
lo(checksum)=0x9C87FEE1F7DE7BF5
key=plain, no.=25, <checksum>:
0x706A46AD01EEA04E9C87FEE1F7DE7BF5
key=plain, no.=25, cso file:
/dev/null
----------------------------------------------
real command=cset shield -e /home/nrink/Projects/build/encode/encode/tests/quicksort/quicksort.perf.plain --  --cso /dev/null
key=plain, no.=26, <stderr>:
LENGTH=180
elapsed cycles: 1757475
hi(checksum)=0x706A46AD01EEA04E
lo(checksum)=0x9C87FEE1F7DE7BF5
key=plain, no.=26, <checksum>:
0x706A46AD01EEA04E9C87FEE1F7DE7BF5
key=plain, no.=26, cso file:
/dev/null
----------------------------------------------
real command=cset shield -e /home/nrink/Projects/build/encode/encode/tests/quicksort/quicksort.perf.plain --  --cso /dev/null
key=plain, no.=27, <stderr>:
LENGTH=180
elapsed cycles: 1752468
hi(checksum)=0x706A46AD01EEA04E
lo(checksum)=0x9C87FEE1F7DE7BF5
key=plain, no.=27, <checksum>:
0x706A46AD01EEA04E9C87FEE1F7DE7BF5
key=plain, no.=27, cso file:
/dev/null
----------------------------------------------
real command=cset shield -e /home/nrink/Projects/build/encode/encode/tests/quicksort/quicksort.perf.plain --  --cso /dev/null
key=plain, no.=28, <stderr>:
LENGTH=180
elapsed cycles: 1751592
hi(checksum)=0x706A46AD01EEA04E
lo(checksum)=0x9C87FEE1F7DE7BF5
key=plain, no.=28, <checksum>:
0x706A46AD01EEA04E9C87FEE1F7DE7BF5
key=plain, no.=28, cso file:
/dev/null
----------------------------------------------
real command=cset shield -e /home/nrink/Projects/build/encode/encode/tests/quicksort/quicksort.perf.plain --  --cso /dev/null
key=plain, no.=29, <stderr>:
LENGTH=180
elapsed cycles: 1750893
hi(checksum)=0x706A46AD01EEA04E
lo(checksum)=0x9C87FEE1F7DE7BF5
key=plain, no.=29, <checksum>:
0x706A46AD01EEA04E9C87FEE1F7DE7BF5
key=plain, no.=29, cso file:
/dev/null
----------------------------------------------
real command=cset shield -e /home/nrink/Projects/build/encode/encode/tests/quicksort/quicksort.perf.plain --  --cso /dev/null
key=plain, no.=30, <stderr>:
LENGTH=180
elapsed cycles: 1751109
hi(checksum)=0x706A46AD01EEA04E
lo(checksum)=0x9C87FEE1F7DE7BF5
key=plain, no.=30, <checksum>:
0x706A46AD01EEA04E9C87FEE1F7DE7BF5
key=plain, no.=30, cso file:
/dev/null
----------------------------------------------
real command=cset shield -e /home/nrink/Projects/build/encode/encode/tests/quicksort/quicksort.perf.plain --  --cso /dev/null
key=plain, no.=31, <stderr>:
LENGTH=180
elapsed cycles: 1751940
hi(checksum)=0x706A46AD01EEA04E
lo(checksum)=0x9C87FEE1F7DE7BF5
key=plain, no.=31, <checksum>:
0x706A46AD01EEA04E9C87FEE1F7DE7BF5
key=plain, no.=31, cso file:
/dev/null
----------------------------------------------
real command=cset shield -e /home/nrink/Projects/build/encode/encode/tests/quicksort/quicksort.perf.plain --  --cso /dev/null
key=plain, no.=32, <stderr>:
LENGTH=180
elapsed cycles: 1751145
hi(checksum)=0x706A46AD01EEA04E
lo(checksum)=0x9C87FEE1F7DE7BF5
key=plain, no.=32, <checksum>:
0x706A46AD01EEA04E9C87FEE1F7DE7BF5
key=plain, no.=32, cso file:
/dev/null
----------------------------------------------
real command=cset shield -e /home/nrink/Projects/build/encode/encode/tests/quicksort/quicksort.perf.plain --  --cso /dev/null
key=plain, no.=33, <stderr>:
LENGTH=180
elapsed cycles: 1821885
hi(checksum)=0x706A46AD01EEA04E
lo(checksum)=0x9C87FEE1F7DE7BF5
key=plain, no.=33, <checksum>:
0x706A46AD01EEA04E9C87FEE1F7DE7BF5
key=plain, no.=33, cso file:
/dev/null
----------------------------------------------
real command=cset shield -e /home/nrink/Projects/build/encode/encode/tests/quicksort/quicksort.perf.plain --  --cso /dev/null
key=plain, no.=34, <stderr>:
LENGTH=180
elapsed cycles: 1755318
hi(checksum)=0x706A46AD01EEA04E
lo(checksum)=0x9C87FEE1F7DE7BF5
key=plain, no.=34, <checksum>:
0x706A46AD01EEA04E9C87FEE1F7DE7BF5
key=plain, no.=34, cso file:
/dev/null
----------------------------------------------
real command=cset shield -e /home/nrink/Projects/build/encode/encode/tests/quicksort/quicksort.perf.plain --  --cso /dev/null
key=plain, no.=35, <stderr>:
LENGTH=180
elapsed cycles: 1747575
hi(checksum)=0x706A46AD01EEA04E
lo(checksum)=0x9C87FEE1F7DE7BF5
key=plain, no.=35, <checksum>:
0x706A46AD01EEA04E9C87FEE1F7DE7BF5
key=plain, no.=35, cso file:
/dev/null
----------------------------------------------
real command=cset shield -e /home/nrink/Projects/build/encode/encode/tests/quicksort/quicksort.perf.plain --  --cso /dev/null
key=plain, no.=36, <stderr>:
LENGTH=180
elapsed cycles: 1757250
hi(checksum)=0x706A46AD01EEA04E
lo(checksum)=0x9C87FEE1F7DE7BF5
key=plain, no.=36, <checksum>:
0x706A46AD01EEA04E9C87FEE1F7DE7BF5
key=plain, no.=36, cso file:
/dev/null
----------------------------------------------
real command=cset shield -e /home/nrink/Projects/build/encode/encode/tests/quicksort/quicksort.perf.plain --  --cso /dev/null
key=plain, no.=37, <stderr>:
LENGTH=180
elapsed cycles: 1751082
hi(checksum)=0x706A46AD01EEA04E
lo(checksum)=0x9C87FEE1F7DE7BF5
key=plain, no.=37, <checksum>:
0x706A46AD01EEA04E9C87FEE1F7DE7BF5
key=plain, no.=37, cso file:
/dev/null
----------------------------------------------
real command=cset shield -e /home/nrink/Projects/build/encode/encode/tests/quicksort/quicksort.perf.plain --  --cso /dev/null
key=plain, no.=38, <stderr>:
LENGTH=180
elapsed cycles: 1752717
hi(checksum)=0x706A46AD01EEA04E
lo(checksum)=0x9C87FEE1F7DE7BF5
key=plain, no.=38, <checksum>:
0x706A46AD01EEA04E9C87FEE1F7DE7BF5
key=plain, no.=38, cso file:
/dev/null
----------------------------------------------
real command=cset shield -e /home/nrink/Projects/build/encode/encode/tests/quicksort/quicksort.perf.plain --  --cso /dev/null
key=plain, no.=39, <stderr>:
LENGTH=180
elapsed cycles: 1756620
hi(checksum)=0x706A46AD01EEA04E
lo(checksum)=0x9C87FEE1F7DE7BF5
key=plain, no.=39, <checksum>:
0x706A46AD01EEA04E9C87FEE1F7DE7BF5
key=plain, no.=39, cso file:
/dev/null
----------------------------------------------
real command=cset shield -e /home/nrink/Projects/build/encode/encode/tests/quicksort/quicksort.perf.plain --  --cso /dev/null
key=plain, no.=40, <stderr>:
LENGTH=180
elapsed cycles: 1750797
hi(checksum)=0x706A46AD01EEA04E
lo(checksum)=0x9C87FEE1F7DE7BF5
key=plain, no.=40, <checksum>:
0x706A46AD01EEA04E9C87FEE1F7DE7BF5
key=plain, no.=40, cso file:
/dev/null
----------------------------------------------
real command=cset shield -e /home/nrink/Projects/build/encode/encode/tests/quicksort/quicksort.perf.plain --  --cso /dev/null
key=plain, no.=41, <stderr>:
LENGTH=180
elapsed cycles: 1787259
hi(checksum)=0x706A46AD01EEA04E
lo(checksum)=0x9C87FEE1F7DE7BF5
key=plain, no.=41, <checksum>:
0x706A46AD01EEA04E9C87FEE1F7DE7BF5
key=plain, no.=41, cso file:
/dev/null
----------------------------------------------
real command=cset shield -e /home/nrink/Projects/build/encode/encode/tests/quicksort/quicksort.perf.plain --  --cso /dev/null
key=plain, no.=42, <stderr>:
LENGTH=180
elapsed cycles: 1789287
hi(checksum)=0x706A46AD01EEA04E
lo(checksum)=0x9C87FEE1F7DE7BF5
key=plain, no.=42, <checksum>:
0x706A46AD01EEA04E9C87FEE1F7DE7BF5
key=plain, no.=42, cso file:
/dev/null
----------------------------------------------
real command=cset shield -e /home/nrink/Projects/build/encode/encode/tests/quicksort/quicksort.perf.plain --  --cso /dev/null
key=plain, no.=43, <stderr>:
LENGTH=180
elapsed cycles: 1750605
hi(checksum)=0x706A46AD01EEA04E
lo(checksum)=0x9C87FEE1F7DE7BF5
key=plain, no.=43, <checksum>:
0x706A46AD01EEA04E9C87FEE1F7DE7BF5
key=plain, no.=43, cso file:
/dev/null
----------------------------------------------
real command=cset shield -e /home/nrink/Projects/build/encode/encode/tests/quicksort/quicksort.perf.plain --  --cso /dev/null
key=plain, no.=44, <stderr>:
LENGTH=180
elapsed cycles: 1753983
hi(checksum)=0x706A46AD01EEA04E
lo(checksum)=0x9C87FEE1F7DE7BF5
key=plain, no.=44, <checksum>:
0x706A46AD01EEA04E9C87FEE1F7DE7BF5
key=plain, no.=44, cso file:
/dev/null
----------------------------------------------
real command=cset shield -e /home/nrink/Projects/build/encode/encode/tests/quicksort/quicksort.perf.plain --  --cso /dev/null
key=plain, no.=45, <stderr>:
LENGTH=180
elapsed cycles: 1756206
hi(checksum)=0x706A46AD01EEA04E
lo(checksum)=0x9C87FEE1F7DE7BF5
key=plain, no.=45, <checksum>:
0x706A46AD01EEA04E9C87FEE1F7DE7BF5
key=plain, no.=45, cso file:
/dev/null
----------------------------------------------
real command=cset shield -e /home/nrink/Projects/build/encode/encode/tests/quicksort/quicksort.perf.plain --  --cso /dev/null
key=plain, no.=46, <stderr>:
LENGTH=180
elapsed cycles: 1757250
hi(checksum)=0x706A46AD01EEA04E
lo(checksum)=0x9C87FEE1F7DE7BF5
key=plain, no.=46, <checksum>:
0x706A46AD01EEA04E9C87FEE1F7DE7BF5
key=plain, no.=46, cso file:
/dev/null
----------------------------------------------
real command=cset shield -e /home/nrink/Projects/build/encode/encode/tests/quicksort/quicksort.perf.plain --  --cso /dev/null
key=plain, no.=47, <stderr>:
LENGTH=180
elapsed cycles: 1746543
hi(checksum)=0x706A46AD01EEA04E
lo(checksum)=0x9C87FEE1F7DE7BF5
key=plain, no.=47, <checksum>:
0x706A46AD01EEA04E9C87FEE1F7DE7BF5
key=plain, no.=47, cso file:
/dev/null
----------------------------------------------
real command=cset shield -e /home/nrink/Projects/build/encode/encode/tests/quicksort/quicksort.perf.plain --  --cso /dev/null
key=plain, no.=48, <stderr>:
LENGTH=180
elapsed cycles: 1749066
hi(checksum)=0x706A46AD01EEA04E
lo(checksum)=0x9C87FEE1F7DE7BF5
key=plain, no.=48, <checksum>:
0x706A46AD01EEA04E9C87FEE1F7DE7BF5
key=plain, no.=48, cso file:
/dev/null
----------------------------------------------
real command=cset shield -e /home/nrink/Projects/build/encode/encode/tests/quicksort/quicksort.perf.plain --  --cso /dev/null
key=plain, no.=49, <stderr>:
LENGTH=180
elapsed cycles: 1745223
hi(checksum)=0x706A46AD01EEA04E
lo(checksum)=0x9C87FEE1F7DE7BF5
key=plain, no.=49, <checksum>:
0x706A46AD01EEA04E9C87FEE1F7DE7BF5
key=plain, no.=49, cso file:
/dev/null
----------------------------------------------
real command=cset shield -e /home/nrink/Projects/build/encode/encode/tests/quicksort/quicksort.perf.plain --  --cso /dev/null
key=plain, no.=50, <stderr>:
LENGTH=180
elapsed cycles: 1756191
hi(checksum)=0x706A46AD01EEA04E
lo(checksum)=0x9C87FEE1F7DE7BF5
key=plain, no.=50, <checksum>:
0x706A46AD01EEA04E9C87FEE1F7DE7BF5
key=plain, no.=50, cso file:
/dev/null
----------------------------------------------
real command=cset shield -e /home/nrink/Projects/build/encode/encode/tests/quicksort/quicksort.perf.plain --  --cso /dev/null
key=plain, no.=51, <stderr>:
LENGTH=180
elapsed cycles: 1754745
hi(checksum)=0x706A46AD01EEA04E
lo(checksum)=0x9C87FEE1F7DE7BF5
key=plain, no.=51, <checksum>:
0x706A46AD01EEA04E9C87FEE1F7DE7BF5
key=plain, no.=51, cso file:
/dev/null
----------------------------------------------
real command=cset shield -e /home/nrink/Projects/build/encode/encode/tests/quicksort/quicksort.perf.plain --  --cso /dev/null
key=plain, no.=52, <stderr>:
LENGTH=180
elapsed cycles: 1748781
hi(checksum)=0x706A46AD01EEA04E
lo(checksum)=0x9C87FEE1F7DE7BF5
key=plain, no.=52, <checksum>:
0x706A46AD01EEA04E9C87FEE1F7DE7BF5
key=plain, no.=52, cso file:
/dev/null
----------------------------------------------
real command=cset shield -e /home/nrink/Projects/build/encode/encode/tests/quicksort/quicksort.perf.plain --  --cso /dev/null
key=plain, no.=53, <stderr>:
LENGTH=180
elapsed cycles: 1748883
hi(checksum)=0x706A46AD01EEA04E
lo(checksum)=0x9C87FEE1F7DE7BF5
key=plain, no.=53, <checksum>:
0x706A46AD01EEA04E9C87FEE1F7DE7BF5
key=plain, no.=53, cso file:
/dev/null
----------------------------------------------
real command=cset shield -e /home/nrink/Projects/build/encode/encode/tests/quicksort/quicksort.perf.plain --  --cso /dev/null
key=plain, no.=54, <stderr>:
LENGTH=180
elapsed cycles: 1761669
hi(checksum)=0x706A46AD01EEA04E
lo(checksum)=0x9C87FEE1F7DE7BF5
key=plain, no.=54, <checksum>:
0x706A46AD01EEA04E9C87FEE1F7DE7BF5
key=plain, no.=54, cso file:
/dev/null
----------------------------------------------
real command=cset shield -e /home/nrink/Projects/build/encode/encode/tests/quicksort/quicksort.perf.plain --  --cso /dev/null
key=plain, no.=55, <stderr>:
LENGTH=180
elapsed cycles: 1751346
hi(checksum)=0x706A46AD01EEA04E
lo(checksum)=0x9C87FEE1F7DE7BF5
key=plain, no.=55, <checksum>:
0x706A46AD01EEA04E9C87FEE1F7DE7BF5
key=plain, no.=55, cso file:
/dev/null
----------------------------------------------
real command=cset shield -e /home/nrink/Projects/build/encode/encode/tests/quicksort/quicksort.perf.plain --  --cso /dev/null
key=plain, no.=56, <stderr>:
LENGTH=180
elapsed cycles: 1757550
hi(checksum)=0x706A46AD01EEA04E
lo(checksum)=0x9C87FEE1F7DE7BF5
key=plain, no.=56, <checksum>:
0x706A46AD01EEA04E9C87FEE1F7DE7BF5
key=plain, no.=56, cso file:
/dev/null
----------------------------------------------
real command=cset shield -e /home/nrink/Projects/build/encode/encode/tests/quicksort/quicksort.perf.plain --  --cso /dev/null
key=plain, no.=57, <stderr>:
LENGTH=180
elapsed cycles: 1751991
hi(checksum)=0x706A46AD01EEA04E
lo(checksum)=0x9C87FEE1F7DE7BF5
key=plain, no.=57, <checksum>:
0x706A46AD01EEA04E9C87FEE1F7DE7BF5
key=plain, no.=57, cso file:
/dev/null
----------------------------------------------
real command=cset shield -e /home/nrink/Projects/build/encode/encode/tests/quicksort/quicksort.perf.plain --  --cso /dev/null
key=plain, no.=58, <stderr>:
LENGTH=180
elapsed cycles: 1751379
hi(checksum)=0x706A46AD01EEA04E
lo(checksum)=0x9C87FEE1F7DE7BF5
key=plain, no.=58, <checksum>:
0x706A46AD01EEA04E9C87FEE1F7DE7BF5
key=plain, no.=58, cso file:
/dev/null
----------------------------------------------
real command=cset shield -e /home/nrink/Projects/build/encode/encode/tests/quicksort/quicksort.perf.plain --  --cso /dev/null
key=plain, no.=59, <stderr>:
LENGTH=180
elapsed cycles: 1753710
hi(checksum)=0x706A46AD01EEA04E
lo(checksum)=0x9C87FEE1F7DE7BF5
key=plain, no.=59, <checksum>:
0x706A46AD01EEA04E9C87FEE1F7DE7BF5
key=plain, no.=59, cso file:
/dev/null
----------------------------------------------
real command=cset shield -e /home/nrink/Projects/build/encode/encode/tests/quicksort/quicksort.perf.plain --  --cso /dev/null
key=plain, no.=60, <stderr>:
LENGTH=180
elapsed cycles: 1755183
hi(checksum)=0x706A46AD01EEA04E
lo(checksum)=0x9C87FEE1F7DE7BF5
key=plain, no.=60, <checksum>:
0x706A46AD01EEA04E9C87FEE1F7DE7BF5
key=plain, no.=60, cso file:
/dev/null
----------------------------------------------
real command=cset shield -e /home/nrink/Projects/build/encode/encode/tests/quicksort/quicksort.perf.plain --  --cso /dev/null
key=plain, no.=61, <stderr>:
LENGTH=180
elapsed cycles: 1751949
hi(checksum)=0x706A46AD01EEA04E
lo(checksum)=0x9C87FEE1F7DE7BF5
key=plain, no.=61, <checksum>:
0x706A46AD01EEA04E9C87FEE1F7DE7BF5
key=plain, no.=61, cso file:
/dev/null
----------------------------------------------
real command=cset shield -e /home/nrink/Projects/build/encode/encode/tests/quicksort/quicksort.perf.plain --  --cso /dev/null
key=plain, no.=62, <stderr>:
LENGTH=180
elapsed cycles: 1795527
hi(checksum)=0x706A46AD01EEA04E
lo(checksum)=0x9C87FEE1F7DE7BF5
key=plain, no.=62, <checksum>:
0x706A46AD01EEA04E9C87FEE1F7DE7BF5
key=plain, no.=62, cso file:
/dev/null
----------------------------------------------
real command=cset shield -e /home/nrink/Projects/build/encode/encode/tests/quicksort/quicksort.perf.plain --  --cso /dev/null
key=plain, no.=63, <stderr>:
LENGTH=180
elapsed cycles: 1750989
hi(checksum)=0x706A46AD01EEA04E
lo(checksum)=0x9C87FEE1F7DE7BF5
key=plain, no.=63, <checksum>:
0x706A46AD01EEA04E9C87FEE1F7DE7BF5
key=plain, no.=63, cso file:
/dev/null
----------------------------------------------
real command=cset shield -e /home/nrink/Projects/build/encode/encode/tests/quicksort/quicksort.perf.plain --  --cso /dev/null
key=plain, no.=64, <stderr>:
LENGTH=180
elapsed cycles: 1756665
hi(checksum)=0x706A46AD01EEA04E
lo(checksum)=0x9C87FEE1F7DE7BF5
key=plain, no.=64, <checksum>:
0x706A46AD01EEA04E9C87FEE1F7DE7BF5
key=plain, no.=64, cso file:
/dev/null
----------------------------------------------
real command=cset shield -e /home/nrink/Projects/build/encode/encode/tests/quicksort/quicksort.perf.plain --  --cso /dev/null
key=plain, no.=65, <stderr>:
LENGTH=180
elapsed cycles: 1752183
hi(checksum)=0x706A46AD01EEA04E
lo(checksum)=0x9C87FEE1F7DE7BF5
key=plain, no.=65, <checksum>:
0x706A46AD01EEA04E9C87FEE1F7DE7BF5
key=plain, no.=65, cso file:
/dev/null
----------------------------------------------
real command=cset shield -e /home/nrink/Projects/build/encode/encode/tests/quicksort/quicksort.perf.plain --  --cso /dev/null
key=plain, no.=66, <stderr>:
LENGTH=180
elapsed cycles: 1754634
hi(checksum)=0x706A46AD01EEA04E
lo(checksum)=0x9C87FEE1F7DE7BF5
key=plain, no.=66, <checksum>:
0x706A46AD01EEA04E9C87FEE1F7DE7BF5
key=plain, no.=66, cso file:
/dev/null
----------------------------------------------
real command=cset shield -e /home/nrink/Projects/build/encode/encode/tests/quicksort/quicksort.perf.plain --  --cso /dev/null
key=plain, no.=67, <stderr>:
LENGTH=180
elapsed cycles: 1754382
hi(checksum)=0x706A46AD01EEA04E
lo(checksum)=0x9C87FEE1F7DE7BF5
key=plain, no.=67, <checksum>:
0x706A46AD01EEA04E9C87FEE1F7DE7BF5
key=plain, no.=67, cso file:
/dev/null
----------------------------------------------
real command=cset shield -e /home/nrink/Projects/build/encode/encode/tests/quicksort/quicksort.perf.plain --  --cso /dev/null
key=plain, no.=68, <stderr>:
LENGTH=180
elapsed cycles: 1749288
hi(checksum)=0x706A46AD01EEA04E
lo(checksum)=0x9C87FEE1F7DE7BF5
key=plain, no.=68, <checksum>:
0x706A46AD01EEA04E9C87FEE1F7DE7BF5
key=plain, no.=68, cso file:
/dev/null
----------------------------------------------
real command=cset shield -e /home/nrink/Projects/build/encode/encode/tests/quicksort/quicksort.perf.plain --  --cso /dev/null
key=plain, no.=69, <stderr>:
LENGTH=180
elapsed cycles: 1751790
hi(checksum)=0x706A46AD01EEA04E
lo(checksum)=0x9C87FEE1F7DE7BF5
key=plain, no.=69, <checksum>:
0x706A46AD01EEA04E9C87FEE1F7DE7BF5
key=plain, no.=69, cso file:
/dev/null
----------------------------------------------
real command=cset shield -e /home/nrink/Projects/build/encode/encode/tests/quicksort/quicksort.perf.plain --  --cso /dev/null
key=plain, no.=70, <stderr>:
LENGTH=180
elapsed cycles: 1754103
hi(checksum)=0x706A46AD01EEA04E
lo(checksum)=0x9C87FEE1F7DE7BF5
key=plain, no.=70, <checksum>:
0x706A46AD01EEA04E9C87FEE1F7DE7BF5
key=plain, no.=70, cso file:
/dev/null
----------------------------------------------
real command=cset shield -e /home/nrink/Projects/build/encode/encode/tests/quicksort/quicksort.perf.plain --  --cso /dev/null
key=plain, no.=71, <stderr>:
LENGTH=180
elapsed cycles: 1751190
hi(checksum)=0x706A46AD01EEA04E
lo(checksum)=0x9C87FEE1F7DE7BF5
key=plain, no.=71, <checksum>:
0x706A46AD01EEA04E9C87FEE1F7DE7BF5
key=plain, no.=71, cso file:
/dev/null
----------------------------------------------
real command=cset shield -e /home/nrink/Projects/build/encode/encode/tests/quicksort/quicksort.perf.plain --  --cso /dev/null
key=plain, no.=72, <stderr>:
LENGTH=180
elapsed cycles: 1754967
hi(checksum)=0x706A46AD01EEA04E
lo(checksum)=0x9C87FEE1F7DE7BF5
key=plain, no.=72, <checksum>:
0x706A46AD01EEA04E9C87FEE1F7DE7BF5
key=plain, no.=72, cso file:
/dev/null
----------------------------------------------
real command=cset shield -e /home/nrink/Projects/build/encode/encode/tests/quicksort/quicksort.perf.plain --  --cso /dev/null
key=plain, no.=73, <stderr>:
LENGTH=180
elapsed cycles: 1754265
hi(checksum)=0x706A46AD01EEA04E
lo(checksum)=0x9C87FEE1F7DE7BF5
key=plain, no.=73, <checksum>:
0x706A46AD01EEA04E9C87FEE1F7DE7BF5
key=plain, no.=73, cso file:
/dev/null
----------------------------------------------
real command=cset shield -e /home/nrink/Projects/build/encode/encode/tests/quicksort/quicksort.perf.plain --  --cso /dev/null
key=plain, no.=74, <stderr>:
LENGTH=180
elapsed cycles: 1794729
hi(checksum)=0x706A46AD01EEA04E
lo(checksum)=0x9C87FEE1F7DE7BF5
key=plain, no.=74, <checksum>:
0x706A46AD01EEA04E9C87FEE1F7DE7BF5
key=plain, no.=74, cso file:
/dev/null
----------------------------------------------
real command=cset shield -e /home/nrink/Projects/build/encode/encode/tests/quicksort/quicksort.perf.plain --  --cso /dev/null
key=plain, no.=75, <stderr>:
LENGTH=180
elapsed cycles: 1747779
hi(checksum)=0x706A46AD01EEA04E
lo(checksum)=0x9C87FEE1F7DE7BF5
key=plain, no.=75, <checksum>:
0x706A46AD01EEA04E9C87FEE1F7DE7BF5
key=plain, no.=75, cso file:
/dev/null
----------------------------------------------
real command=cset shield -e /home/nrink/Projects/build/encode/encode/tests/quicksort/quicksort.perf.plain --  --cso /dev/null
key=plain, no.=76, <stderr>:
LENGTH=180
elapsed cycles: 1750959
hi(checksum)=0x706A46AD01EEA04E
lo(checksum)=0x9C87FEE1F7DE7BF5
key=plain, no.=76, <checksum>:
0x706A46AD01EEA04E9C87FEE1F7DE7BF5
key=plain, no.=76, cso file:
/dev/null
----------------------------------------------
real command=cset shield -e /home/nrink/Projects/build/encode/encode/tests/quicksort/quicksort.perf.plain --  --cso /dev/null
key=plain, no.=77, <stderr>:
LENGTH=180
elapsed cycles: 1752258
hi(checksum)=0x706A46AD01EEA04E
lo(checksum)=0x9C87FEE1F7DE7BF5
key=plain, no.=77, <checksum>:
0x706A46AD01EEA04E9C87FEE1F7DE7BF5
key=plain, no.=77, cso file:
/dev/null
----------------------------------------------
real command=cset shield -e /home/nrink/Projects/build/encode/encode/tests/quicksort/quicksort.perf.plain --  --cso /dev/null
key=plain, no.=78, <stderr>:
LENGTH=180
elapsed cycles: 1756860
hi(checksum)=0x706A46AD01EEA04E
lo(checksum)=0x9C87FEE1F7DE7BF5
key=plain, no.=78, <checksum>:
0x706A46AD01EEA04E9C87FEE1F7DE7BF5
key=plain, no.=78, cso file:
/dev/null
----------------------------------------------
real command=cset shield -e /home/nrink/Projects/build/encode/encode/tests/quicksort/quicksort.perf.plain --  --cso /dev/null
key=plain, no.=79, <stderr>:
LENGTH=180
elapsed cycles: 1752840
hi(checksum)=0x706A46AD01EEA04E
lo(checksum)=0x9C87FEE1F7DE7BF5
key=plain, no.=79, <checksum>:
0x706A46AD01EEA04E9C87FEE1F7DE7BF5
key=plain, no.=79, cso file:
/dev/null
----------------------------------------------
real command=cset shield -e /home/nrink/Projects/build/encode/encode/tests/quicksort/quicksort.perf.plain --  --cso /dev/null
key=plain, no.=80, <stderr>:
LENGTH=180
elapsed cycles: 1756524
hi(checksum)=0x706A46AD01EEA04E
lo(checksum)=0x9C87FEE1F7DE7BF5
key=plain, no.=80, <checksum>:
0x706A46AD01EEA04E9C87FEE1F7DE7BF5
key=plain, no.=80, cso file:
/dev/null
----------------------------------------------
real command=cset shield -e /home/nrink/Projects/build/encode/encode/tests/quicksort/quicksort.perf.plain --  --cso /dev/null
key=plain, no.=81, <stderr>:
LENGTH=180
elapsed cycles: 1754613
hi(checksum)=0x706A46AD01EEA04E
lo(checksum)=0x9C87FEE1F7DE7BF5
key=plain, no.=81, <checksum>:
0x706A46AD01EEA04E9C87FEE1F7DE7BF5
key=plain, no.=81, cso file:
/dev/null
----------------------------------------------
real command=cset shield -e /home/nrink/Projects/build/encode/encode/tests/quicksort/quicksort.perf.plain --  --cso /dev/null
key=plain, no.=82, <stderr>:
LENGTH=180
elapsed cycles: 1789830
hi(checksum)=0x706A46AD01EEA04E
lo(checksum)=0x9C87FEE1F7DE7BF5
key=plain, no.=82, <checksum>:
0x706A46AD01EEA04E9C87FEE1F7DE7BF5
key=plain, no.=82, cso file:
/dev/null
----------------------------------------------
real command=cset shield -e /home/nrink/Projects/build/encode/encode/tests/quicksort/quicksort.perf.plain --  --cso /dev/null
key=plain, no.=83, <stderr>:
LENGTH=180
elapsed cycles: 1753671
hi(checksum)=0x706A46AD01EEA04E
lo(checksum)=0x9C87FEE1F7DE7BF5
key=plain, no.=83, <checksum>:
0x706A46AD01EEA04E9C87FEE1F7DE7BF5
key=plain, no.=83, cso file:
/dev/null
----------------------------------------------
real command=cset shield -e /home/nrink/Projects/build/encode/encode/tests/quicksort/quicksort.perf.plain --  --cso /dev/null
key=plain, no.=84, <stderr>:
LENGTH=180
elapsed cycles: 1750677
hi(checksum)=0x706A46AD01EEA04E
lo(checksum)=0x9C87FEE1F7DE7BF5
key=plain, no.=84, <checksum>:
0x706A46AD01EEA04E9C87FEE1F7DE7BF5
key=plain, no.=84, cso file:
/dev/null
----------------------------------------------
real command=cset shield -e /home/nrink/Projects/build/encode/encode/tests/quicksort/quicksort.perf.plain --  --cso /dev/null
key=plain, no.=85, <stderr>:
LENGTH=180
elapsed cycles: 1761915
hi(checksum)=0x706A46AD01EEA04E
lo(checksum)=0x9C87FEE1F7DE7BF5
key=plain, no.=85, <checksum>:
0x706A46AD01EEA04E9C87FEE1F7DE7BF5
key=plain, no.=85, cso file:
/dev/null
----------------------------------------------
real command=cset shield -e /home/nrink/Projects/build/encode/encode/tests/quicksort/quicksort.perf.plain --  --cso /dev/null
key=plain, no.=86, <stderr>:
LENGTH=180
elapsed cycles: 1758888
hi(checksum)=0x706A46AD01EEA04E
lo(checksum)=0x9C87FEE1F7DE7BF5
key=plain, no.=86, <checksum>:
0x706A46AD01EEA04E9C87FEE1F7DE7BF5
key=plain, no.=86, cso file:
/dev/null
----------------------------------------------
real command=cset shield -e /home/nrink/Projects/build/encode/encode/tests/quicksort/quicksort.perf.plain --  --cso /dev/null
key=plain, no.=87, <stderr>:
LENGTH=180
elapsed cycles: 1752321
hi(checksum)=0x706A46AD01EEA04E
lo(checksum)=0x9C87FEE1F7DE7BF5
key=plain, no.=87, <checksum>:
0x706A46AD01EEA04E9C87FEE1F7DE7BF5
key=plain, no.=87, cso file:
/dev/null
----------------------------------------------
real command=cset shield -e /home/nrink/Projects/build/encode/encode/tests/quicksort/quicksort.perf.plain --  --cso /dev/null
key=plain, no.=88, <stderr>:
LENGTH=180
elapsed cycles: 1762887
hi(checksum)=0x706A46AD01EEA04E
lo(checksum)=0x9C87FEE1F7DE7BF5
key=plain, no.=88, <checksum>:
0x706A46AD01EEA04E9C87FEE1F7DE7BF5
key=plain, no.=88, cso file:
/dev/null
----------------------------------------------
real command=cset shield -e /home/nrink/Projects/build/encode/encode/tests/quicksort/quicksort.perf.plain --  --cso /dev/null
key=plain, no.=89, <stderr>:
LENGTH=180
elapsed cycles: 1756212
hi(checksum)=0x706A46AD01EEA04E
lo(checksum)=0x9C87FEE1F7DE7BF5
key=plain, no.=89, <checksum>:
0x706A46AD01EEA04E9C87FEE1F7DE7BF5
key=plain, no.=89, cso file:
/dev/null
----------------------------------------------
real command=cset shield -e /home/nrink/Projects/build/encode/encode/tests/quicksort/quicksort.perf.plain --  --cso /dev/null
key=plain, no.=90, <stderr>:
LENGTH=180
elapsed cycles: 1796487
hi(checksum)=0x706A46AD01EEA04E
lo(checksum)=0x9C87FEE1F7DE7BF5
key=plain, no.=90, <checksum>:
0x706A46AD01EEA04E9C87FEE1F7DE7BF5
key=plain, no.=90, cso file:
/dev/null
----------------------------------------------
real command=cset shield -e /home/nrink/Projects/build/encode/encode/tests/quicksort/quicksort.perf.plain --  --cso /dev/null
key=plain, no.=91, <stderr>:
LENGTH=180
elapsed cycles: 1764879
hi(checksum)=0x706A46AD01EEA04E
lo(checksum)=0x9C87FEE1F7DE7BF5
key=plain, no.=91, <checksum>:
0x706A46AD01EEA04E9C87FEE1F7DE7BF5
key=plain, no.=91, cso file:
/dev/null
----------------------------------------------
real command=cset shield -e /home/nrink/Projects/build/encode/encode/tests/quicksort/quicksort.perf.plain --  --cso /dev/null
key=plain, no.=92, <stderr>:
LENGTH=180
elapsed cycles: 1779603
hi(checksum)=0x706A46AD01EEA04E
lo(checksum)=0x9C87FEE1F7DE7BF5
key=plain, no.=92, <checksum>:
0x706A46AD01EEA04E9C87FEE1F7DE7BF5
key=plain, no.=92, cso file:
/dev/null
----------------------------------------------
real command=cset shield -e /home/nrink/Projects/build/encode/encode/tests/quicksort/quicksort.perf.plain --  --cso /dev/null
key=plain, no.=93, <stderr>:
LENGTH=180
elapsed cycles: 1756734
hi(checksum)=0x706A46AD01EEA04E
lo(checksum)=0x9C87FEE1F7DE7BF5
key=plain, no.=93, <checksum>:
0x706A46AD01EEA04E9C87FEE1F7DE7BF5
key=plain, no.=93, cso file:
/dev/null
----------------------------------------------
real command=cset shield -e /home/nrink/Projects/build/encode/encode/tests/quicksort/quicksort.perf.plain --  --cso /dev/null
key=plain, no.=94, <stderr>:
LENGTH=180
elapsed cycles: 1756377
hi(checksum)=0x706A46AD01EEA04E
lo(checksum)=0x9C87FEE1F7DE7BF5
key=plain, no.=94, <checksum>:
0x706A46AD01EEA04E9C87FEE1F7DE7BF5
key=plain, no.=94, cso file:
/dev/null
----------------------------------------------
real command=cset shield -e /home/nrink/Projects/build/encode/encode/tests/quicksort/quicksort.perf.plain --  --cso /dev/null
key=plain, no.=95, <stderr>:
LENGTH=180
elapsed cycles: 1793898
hi(checksum)=0x706A46AD01EEA04E
lo(checksum)=0x9C87FEE1F7DE7BF5
key=plain, no.=95, <checksum>:
0x706A46AD01EEA04E9C87FEE1F7DE7BF5
key=plain, no.=95, cso file:
/dev/null
----------------------------------------------
real command=cset shield -e /home/nrink/Projects/build/encode/encode/tests/quicksort/quicksort.perf.plain --  --cso /dev/null
key=plain, no.=96, <stderr>:
LENGTH=180
elapsed cycles: 1785087
hi(checksum)=0x706A46AD01EEA04E
lo(checksum)=0x9C87FEE1F7DE7BF5
key=plain, no.=96, <checksum>:
0x706A46AD01EEA04E9C87FEE1F7DE7BF5
key=plain, no.=96, cso file:
/dev/null
----------------------------------------------
real command=cset shield -e /home/nrink/Projects/build/encode/encode/tests/quicksort/quicksort.perf.plain --  --cso /dev/null
key=plain, no.=97, <stderr>:
LENGTH=180
elapsed cycles: 1751142
hi(checksum)=0x706A46AD01EEA04E
lo(checksum)=0x9C87FEE1F7DE7BF5
key=plain, no.=97, <checksum>:
0x706A46AD01EEA04E9C87FEE1F7DE7BF5
key=plain, no.=97, cso file:
/dev/null
----------------------------------------------
real command=cset shield -e /home/nrink/Projects/build/encode/encode/tests/quicksort/quicksort.perf.plain --  --cso /dev/null
key=plain, no.=98, <stderr>:
LENGTH=180
elapsed cycles: 1784799
hi(checksum)=0x706A46AD01EEA04E
lo(checksum)=0x9C87FEE1F7DE7BF5
key=plain, no.=98, <checksum>:
0x706A46AD01EEA04E9C87FEE1F7DE7BF5
key=plain, no.=98, cso file:
/dev/null
----------------------------------------------
real command=cset shield -e /home/nrink/Projects/build/encode/encode/tests/quicksort/quicksort.perf.plain --  --cso /dev/null
key=plain, no.=99, <stderr>:
LENGTH=180
elapsed cycles: 1756419
hi(checksum)=0x706A46AD01EEA04E
lo(checksum)=0x9C87FEE1F7DE7BF5
key=plain, no.=99, <checksum>:
0x706A46AD01EEA04E9C87FEE1F7DE7BF5
key=plain, no.=99, cso file:
/dev/null
----------------------------------------------
key=encoded, runs=100 ...
command=/home/nrink/Projects/build/encode/encode/tests/quicksort/quicksort.perf.encoded
----------------------------------------------
real command=cset shield -e /home/nrink/Projects/build/encode/encode/tests/quicksort/quicksort.perf.encoded --  --cso /dev/null
key=encoded, no.=0, <stderr>:
LENGTH=180
elapsed cycles: 2926014
hi(checksum)=0x706A46AD01EEA04E
lo(checksum)=0x9C87FEE1F7DE7BF5
key=encoded, no.=0, <checksum>:
0x706A46AD01EEA04E9C87FEE1F7DE7BF5
key=encoded, no.=0, cso file:
/dev/null
----------------------------------------------
real command=cset shield -e /home/nrink/Projects/build/encode/encode/tests/quicksort/quicksort.perf.encoded --  --cso /dev/null
key=encoded, no.=1, <stderr>:
LENGTH=180
elapsed cycles: 2788164
hi(checksum)=0x706A46AD01EEA04E
lo(checksum)=0x9C87FEE1F7DE7BF5
key=encoded, no.=1, <checksum>:
0x706A46AD01EEA04E9C87FEE1F7DE7BF5
key=encoded, no.=1, cso file:
/dev/null
----------------------------------------------
real command=cset shield -e /home/nrink/Projects/build/encode/encode/tests/quicksort/quicksort.perf.encoded --  --cso /dev/null
key=encoded, no.=2, <stderr>:
LENGTH=180
elapsed cycles: 2822919
hi(checksum)=0x706A46AD01EEA04E
lo(checksum)=0x9C87FEE1F7DE7BF5
key=encoded, no.=2, <checksum>:
0x706A46AD01EEA04E9C87FEE1F7DE7BF5
key=encoded, no.=2, cso file:
/dev/null
----------------------------------------------
real command=cset shield -e /home/nrink/Projects/build/encode/encode/tests/quicksort/quicksort.perf.encoded --  --cso /dev/null
key=encoded, no.=3, <stderr>:
LENGTH=180
elapsed cycles: 2949930
hi(checksum)=0x706A46AD01EEA04E
lo(checksum)=0x9C87FEE1F7DE7BF5
key=encoded, no.=3, <checksum>:
0x706A46AD01EEA04E9C87FEE1F7DE7BF5
key=encoded, no.=3, cso file:
/dev/null
----------------------------------------------
real command=cset shield -e /home/nrink/Projects/build/encode/encode/tests/quicksort/quicksort.perf.encoded --  --cso /dev/null
key=encoded, no.=4, <stderr>:
LENGTH=180
elapsed cycles: 2833119
hi(checksum)=0x706A46AD01EEA04E
lo(checksum)=0x9C87FEE1F7DE7BF5
key=encoded, no.=4, <checksum>:
0x706A46AD01EEA04E9C87FEE1F7DE7BF5
key=encoded, no.=4, cso file:
/dev/null
----------------------------------------------
real command=cset shield -e /home/nrink/Projects/build/encode/encode/tests/quicksort/quicksort.perf.encoded --  --cso /dev/null
key=encoded, no.=5, <stderr>:
LENGTH=180
elapsed cycles: 2791305
hi(checksum)=0x706A46AD01EEA04E
lo(checksum)=0x9C87FEE1F7DE7BF5
key=encoded, no.=5, <checksum>:
0x706A46AD01EEA04E9C87FEE1F7DE7BF5
key=encoded, no.=5, cso file:
/dev/null
----------------------------------------------
real command=cset shield -e /home/nrink/Projects/build/encode/encode/tests/quicksort/quicksort.perf.encoded --  --cso /dev/null
key=encoded, no.=6, <stderr>:
LENGTH=180
elapsed cycles: 2912925
hi(checksum)=0x706A46AD01EEA04E
lo(checksum)=0x9C87FEE1F7DE7BF5
key=encoded, no.=6, <checksum>:
0x706A46AD01EEA04E9C87FEE1F7DE7BF5
key=encoded, no.=6, cso file:
/dev/null
----------------------------------------------
real command=cset shield -e /home/nrink/Projects/build/encode/encode/tests/quicksort/quicksort.perf.encoded --  --cso /dev/null
key=encoded, no.=7, <stderr>:
LENGTH=180
elapsed cycles: 2825709
hi(checksum)=0x706A46AD01EEA04E
lo(checksum)=0x9C87FEE1F7DE7BF5
key=encoded, no.=7, <checksum>:
0x706A46AD01EEA04E9C87FEE1F7DE7BF5
key=encoded, no.=7, cso file:
/dev/null
----------------------------------------------
real command=cset shield -e /home/nrink/Projects/build/encode/encode/tests/quicksort/quicksort.perf.encoded --  --cso /dev/null
key=encoded, no.=8, <stderr>:
LENGTH=180
elapsed cycles: 2790741
hi(checksum)=0x706A46AD01EEA04E
lo(checksum)=0x9C87FEE1F7DE7BF5
key=encoded, no.=8, <checksum>:
0x706A46AD01EEA04E9C87FEE1F7DE7BF5
key=encoded, no.=8, cso file:
/dev/null
----------------------------------------------
real command=cset shield -e /home/nrink/Projects/build/encode/encode/tests/quicksort/quicksort.perf.encoded --  --cso /dev/null
key=encoded, no.=9, <stderr>:
LENGTH=180
elapsed cycles: 2828799
hi(checksum)=0x706A46AD01EEA04E
lo(checksum)=0x9C87FEE1F7DE7BF5
key=encoded, no.=9, <checksum>:
0x706A46AD01EEA04E9C87FEE1F7DE7BF5
key=encoded, no.=9, cso file:
/dev/null
----------------------------------------------
real command=cset shield -e /home/nrink/Projects/build/encode/encode/tests/quicksort/quicksort.perf.encoded --  --cso /dev/null
key=encoded, no.=10, <stderr>:
LENGTH=180
elapsed cycles: 2950593
hi(checksum)=0x706A46AD01EEA04E
lo(checksum)=0x9C87FEE1F7DE7BF5
key=encoded, no.=10, <checksum>:
0x706A46AD01EEA04E9C87FEE1F7DE7BF5
key=encoded, no.=10, cso file:
/dev/null
----------------------------------------------
real command=cset shield -e /home/nrink/Projects/build/encode/encode/tests/quicksort/quicksort.perf.encoded --  --cso /dev/null
key=encoded, no.=11, <stderr>:
LENGTH=180
elapsed cycles: 2789856
hi(checksum)=0x706A46AD01EEA04E
lo(checksum)=0x9C87FEE1F7DE7BF5
key=encoded, no.=11, <checksum>:
0x706A46AD01EEA04E9C87FEE1F7DE7BF5
key=encoded, no.=11, cso file:
/dev/null
----------------------------------------------
real command=cset shield -e /home/nrink/Projects/build/encode/encode/tests/quicksort/quicksort.perf.encoded --  --cso /dev/null
key=encoded, no.=12, <stderr>:
LENGTH=180
elapsed cycles: 2785815
hi(checksum)=0x706A46AD01EEA04E
lo(checksum)=0x9C87FEE1F7DE7BF5
key=encoded, no.=12, <checksum>:
0x706A46AD01EEA04E9C87FEE1F7DE7BF5
key=encoded, no.=12, cso file:
/dev/null
----------------------------------------------
real command=cset shield -e /home/nrink/Projects/build/encode/encode/tests/quicksort/quicksort.perf.encoded --  --cso /dev/null
key=encoded, no.=13, <stderr>:
LENGTH=180
elapsed cycles: 2910846
hi(checksum)=0x706A46AD01EEA04E
lo(checksum)=0x9C87FEE1F7DE7BF5
key=encoded, no.=13, <checksum>:
0x706A46AD01EEA04E9C87FEE1F7DE7BF5
key=encoded, no.=13, cso file:
/dev/null
----------------------------------------------
real command=cset shield -e /home/nrink/Projects/build/encode/encode/tests/quicksort/quicksort.perf.encoded --  --cso /dev/null
key=encoded, no.=14, <stderr>:
LENGTH=180
elapsed cycles: 2832252
hi(checksum)=0x706A46AD01EEA04E
lo(checksum)=0x9C87FEE1F7DE7BF5
key=encoded, no.=14, <checksum>:
0x706A46AD01EEA04E9C87FEE1F7DE7BF5
key=encoded, no.=14, cso file:
/dev/null
----------------------------------------------
real command=cset shield -e /home/nrink/Projects/build/encode/encode/tests/quicksort/quicksort.perf.encoded --  --cso /dev/null
key=encoded, no.=15, <stderr>:
LENGTH=180
elapsed cycles: 2787936
hi(checksum)=0x706A46AD01EEA04E
lo(checksum)=0x9C87FEE1F7DE7BF5
key=encoded, no.=15, <checksum>:
0x706A46AD01EEA04E9C87FEE1F7DE7BF5
key=encoded, no.=15, cso file:
/dev/null
----------------------------------------------
real command=cset shield -e /home/nrink/Projects/build/encode/encode/tests/quicksort/quicksort.perf.encoded --  --cso /dev/null
key=encoded, no.=16, <stderr>:
LENGTH=180
elapsed cycles: 2824110
hi(checksum)=0x706A46AD01EEA04E
lo(checksum)=0x9C87FEE1F7DE7BF5
key=encoded, no.=16, <checksum>:
0x706A46AD01EEA04E9C87FEE1F7DE7BF5
key=encoded, no.=16, cso file:
/dev/null
----------------------------------------------
real command=cset shield -e /home/nrink/Projects/build/encode/encode/tests/quicksort/quicksort.perf.encoded --  --cso /dev/null
key=encoded, no.=17, <stderr>:
LENGTH=180
elapsed cycles: 2788659
hi(checksum)=0x706A46AD01EEA04E
lo(checksum)=0x9C87FEE1F7DE7BF5
key=encoded, no.=17, <checksum>:
0x706A46AD01EEA04E9C87FEE1F7DE7BF5
key=encoded, no.=17, cso file:
/dev/null
----------------------------------------------
real command=cset shield -e /home/nrink/Projects/build/encode/encode/tests/quicksort/quicksort.perf.encoded --  --cso /dev/null
key=encoded, no.=18, <stderr>:
LENGTH=180
elapsed cycles: 2825322
hi(checksum)=0x706A46AD01EEA04E
lo(checksum)=0x9C87FEE1F7DE7BF5
key=encoded, no.=18, <checksum>:
0x706A46AD01EEA04E9C87FEE1F7DE7BF5
key=encoded, no.=18, cso file:
/dev/null
----------------------------------------------
real command=cset shield -e /home/nrink/Projects/build/encode/encode/tests/quicksort/quicksort.perf.encoded --  --cso /dev/null
key=encoded, no.=19, <stderr>:
LENGTH=180
elapsed cycles: 2979153
hi(checksum)=0x706A46AD01EEA04E
lo(checksum)=0x9C87FEE1F7DE7BF5
key=encoded, no.=19, <checksum>:
0x706A46AD01EEA04E9C87FEE1F7DE7BF5
key=encoded, no.=19, cso file:
/dev/null
----------------------------------------------
real command=cset shield -e /home/nrink/Projects/build/encode/encode/tests/quicksort/quicksort.perf.encoded --  --cso /dev/null
key=encoded, no.=20, <stderr>:
LENGTH=180
elapsed cycles: 2826309
hi(checksum)=0x706A46AD01EEA04E
lo(checksum)=0x9C87FEE1F7DE7BF5
key=encoded, no.=20, <checksum>:
0x706A46AD01EEA04E9C87FEE1F7DE7BF5
key=encoded, no.=20, cso file:
/dev/null
----------------------------------------------
real command=cset shield -e /home/nrink/Projects/build/encode/encode/tests/quicksort/quicksort.perf.encoded --  --cso /dev/null
key=encoded, no.=21, <stderr>:
LENGTH=180
elapsed cycles: 2863374
hi(checksum)=0x706A46AD01EEA04E
lo(checksum)=0x9C87FEE1F7DE7BF5
key=encoded, no.=21, <checksum>:
0x706A46AD01EEA04E9C87FEE1F7DE7BF5
key=encoded, no.=21, cso file:
/dev/null
----------------------------------------------
real command=cset shield -e /home/nrink/Projects/build/encode/encode/tests/quicksort/quicksort.perf.encoded --  --cso /dev/null
key=encoded, no.=22, <stderr>:
LENGTH=180
elapsed cycles: 2828010
hi(checksum)=0x706A46AD01EEA04E
lo(checksum)=0x9C87FEE1F7DE7BF5
key=encoded, no.=22, <checksum>:
0x706A46AD01EEA04E9C87FEE1F7DE7BF5
key=encoded, no.=22, cso file:
/dev/null
----------------------------------------------
real command=cset shield -e /home/nrink/Projects/build/encode/encode/tests/quicksort/quicksort.perf.encoded --  --cso /dev/null
key=encoded, no.=23, <stderr>:
LENGTH=180
elapsed cycles: 2787378
hi(checksum)=0x706A46AD01EEA04E
lo(checksum)=0x9C87FEE1F7DE7BF5
key=encoded, no.=23, <checksum>:
0x706A46AD01EEA04E9C87FEE1F7DE7BF5
key=encoded, no.=23, cso file:
/dev/null
----------------------------------------------
real command=cset shield -e /home/nrink/Projects/build/encode/encode/tests/quicksort/quicksort.perf.encoded --  --cso /dev/null
key=encoded, no.=24, <stderr>:
LENGTH=180
elapsed cycles: 2786532
hi(checksum)=0x706A46AD01EEA04E
lo(checksum)=0x9C87FEE1F7DE7BF5
key=encoded, no.=24, <checksum>:
0x706A46AD01EEA04E9C87FEE1F7DE7BF5
key=encoded, no.=24, cso file:
/dev/null
----------------------------------------------
real command=cset shield -e /home/nrink/Projects/build/encode/encode/tests/quicksort/quicksort.perf.encoded --  --cso /dev/null
key=encoded, no.=25, <stderr>:
LENGTH=180
elapsed cycles: 2908446
hi(checksum)=0x706A46AD01EEA04E
lo(checksum)=0x9C87FEE1F7DE7BF5
key=encoded, no.=25, <checksum>:
0x706A46AD01EEA04E9C87FEE1F7DE7BF5
key=encoded, no.=25, cso file:
/dev/null
----------------------------------------------
real command=cset shield -e /home/nrink/Projects/build/encode/encode/tests/quicksort/quicksort.perf.encoded --  --cso /dev/null
key=encoded, no.=26, <stderr>:
LENGTH=180
elapsed cycles: 2827152
hi(checksum)=0x706A46AD01EEA04E
lo(checksum)=0x9C87FEE1F7DE7BF5
key=encoded, no.=26, <checksum>:
0x706A46AD01EEA04E9C87FEE1F7DE7BF5
key=encoded, no.=26, cso file:
/dev/null
----------------------------------------------
real command=cset shield -e /home/nrink/Projects/build/encode/encode/tests/quicksort/quicksort.perf.encoded --  --cso /dev/null
key=encoded, no.=27, <stderr>:
LENGTH=180
elapsed cycles: 2906499
hi(checksum)=0x706A46AD01EEA04E
lo(checksum)=0x9C87FEE1F7DE7BF5
key=encoded, no.=27, <checksum>:
0x706A46AD01EEA04E9C87FEE1F7DE7BF5
key=encoded, no.=27, cso file:
/dev/null
----------------------------------------------
real command=cset shield -e /home/nrink/Projects/build/encode/encode/tests/quicksort/quicksort.perf.encoded --  --cso /dev/null
key=encoded, no.=28, <stderr>:
LENGTH=180
elapsed cycles: 2794119
hi(checksum)=0x706A46AD01EEA04E
lo(checksum)=0x9C87FEE1F7DE7BF5
key=encoded, no.=28, <checksum>:
0x706A46AD01EEA04E9C87FEE1F7DE7BF5
key=encoded, no.=28, cso file:
/dev/null
----------------------------------------------
real command=cset shield -e /home/nrink/Projects/build/encode/encode/tests/quicksort/quicksort.perf.encoded --  --cso /dev/null
key=encoded, no.=29, <stderr>:
LENGTH=180
elapsed cycles: 2830737
hi(checksum)=0x706A46AD01EEA04E
lo(checksum)=0x9C87FEE1F7DE7BF5
key=encoded, no.=29, <checksum>:
0x706A46AD01EEA04E9C87FEE1F7DE7BF5
key=encoded, no.=29, cso file:
/dev/null
----------------------------------------------
real command=cset shield -e /home/nrink/Projects/build/encode/encode/tests/quicksort/quicksort.perf.encoded --  --cso /dev/null
key=encoded, no.=30, <stderr>:
LENGTH=180
elapsed cycles: 2950515
hi(checksum)=0x706A46AD01EEA04E
lo(checksum)=0x9C87FEE1F7DE7BF5
key=encoded, no.=30, <checksum>:
0x706A46AD01EEA04E9C87FEE1F7DE7BF5
key=encoded, no.=30, cso file:
/dev/null
----------------------------------------------
real command=cset shield -e /home/nrink/Projects/build/encode/encode/tests/quicksort/quicksort.perf.encoded --  --cso /dev/null
key=encoded, no.=31, <stderr>:
LENGTH=180
elapsed cycles: 2830374
hi(checksum)=0x706A46AD01EEA04E
lo(checksum)=0x9C87FEE1F7DE7BF5
key=encoded, no.=31, <checksum>:
0x706A46AD01EEA04E9C87FEE1F7DE7BF5
key=encoded, no.=31, cso file:
/dev/null
----------------------------------------------
real command=cset shield -e /home/nrink/Projects/build/encode/encode/tests/quicksort/quicksort.perf.encoded --  --cso /dev/null
key=encoded, no.=32, <stderr>:
LENGTH=180
elapsed cycles: 2785743
hi(checksum)=0x706A46AD01EEA04E
lo(checksum)=0x9C87FEE1F7DE7BF5
key=encoded, no.=32, <checksum>:
0x706A46AD01EEA04E9C87FEE1F7DE7BF5
key=encoded, no.=32, cso file:
/dev/null
----------------------------------------------
real command=cset shield -e /home/nrink/Projects/build/encode/encode/tests/quicksort/quicksort.perf.encoded --  --cso /dev/null
key=encoded, no.=33, <stderr>:
LENGTH=180
elapsed cycles: 2791692
hi(checksum)=0x706A46AD01EEA04E
lo(checksum)=0x9C87FEE1F7DE7BF5
key=encoded, no.=33, <checksum>:
0x706A46AD01EEA04E9C87FEE1F7DE7BF5
key=encoded, no.=33, cso file:
/dev/null
----------------------------------------------
real command=cset shield -e /home/nrink/Projects/build/encode/encode/tests/quicksort/quicksort.perf.encoded --  --cso /dev/null
key=encoded, no.=34, <stderr>:
LENGTH=180
elapsed cycles: 2787990
hi(checksum)=0x706A46AD01EEA04E
lo(checksum)=0x9C87FEE1F7DE7BF5
key=encoded, no.=34, <checksum>:
0x706A46AD01EEA04E9C87FEE1F7DE7BF5
key=encoded, no.=34, cso file:
/dev/null
----------------------------------------------
real command=cset shield -e /home/nrink/Projects/build/encode/encode/tests/quicksort/quicksort.perf.encoded --  --cso /dev/null
key=encoded, no.=35, <stderr>:
LENGTH=180
elapsed cycles: 2790273
hi(checksum)=0x706A46AD01EEA04E
lo(checksum)=0x9C87FEE1F7DE7BF5
key=encoded, no.=35, <checksum>:
0x706A46AD01EEA04E9C87FEE1F7DE7BF5
key=encoded, no.=35, cso file:
/dev/null
----------------------------------------------
real command=cset shield -e /home/nrink/Projects/build/encode/encode/tests/quicksort/quicksort.perf.encoded --  --cso /dev/null
key=encoded, no.=36, <stderr>:
LENGTH=180
elapsed cycles: 2888919
hi(checksum)=0x706A46AD01EEA04E
lo(checksum)=0x9C87FEE1F7DE7BF5
key=encoded, no.=36, <checksum>:
0x706A46AD01EEA04E9C87FEE1F7DE7BF5
key=encoded, no.=36, cso file:
/dev/null
----------------------------------------------
real command=cset shield -e /home/nrink/Projects/build/encode/encode/tests/quicksort/quicksort.perf.encoded --  --cso /dev/null
key=encoded, no.=37, <stderr>:
LENGTH=180
elapsed cycles: 2793897
hi(checksum)=0x706A46AD01EEA04E
lo(checksum)=0x9C87FEE1F7DE7BF5
key=encoded, no.=37, <checksum>:
0x706A46AD01EEA04E9C87FEE1F7DE7BF5
key=encoded, no.=37, cso file:
/dev/null
----------------------------------------------
real command=cset shield -e /home/nrink/Projects/build/encode/encode/tests/quicksort/quicksort.perf.encoded --  --cso /dev/null
key=encoded, no.=38, <stderr>:
LENGTH=180
elapsed cycles: 2828415
hi(checksum)=0x706A46AD01EEA04E
lo(checksum)=0x9C87FEE1F7DE7BF5
key=encoded, no.=38, <checksum>:
0x706A46AD01EEA04E9C87FEE1F7DE7BF5
key=encoded, no.=38, cso file:
/dev/null
----------------------------------------------
real command=cset shield -e /home/nrink/Projects/build/encode/encode/tests/quicksort/quicksort.perf.encoded --  --cso /dev/null
key=encoded, no.=39, <stderr>:
LENGTH=180
elapsed cycles: 2933964
hi(checksum)=0x706A46AD01EEA04E
lo(checksum)=0x9C87FEE1F7DE7BF5
key=encoded, no.=39, <checksum>:
0x706A46AD01EEA04E9C87FEE1F7DE7BF5
key=encoded, no.=39, cso file:
/dev/null
----------------------------------------------
real command=cset shield -e /home/nrink/Projects/build/encode/encode/tests/quicksort/quicksort.perf.encoded --  --cso /dev/null
key=encoded, no.=40, <stderr>:
LENGTH=180
elapsed cycles: 2837877
hi(checksum)=0x706A46AD01EEA04E
lo(checksum)=0x9C87FEE1F7DE7BF5
key=encoded, no.=40, <checksum>:
0x706A46AD01EEA04E9C87FEE1F7DE7BF5
key=encoded, no.=40, cso file:
/dev/null
----------------------------------------------
real command=cset shield -e /home/nrink/Projects/build/encode/encode/tests/quicksort/quicksort.perf.encoded --  --cso /dev/null
key=encoded, no.=41, <stderr>:
LENGTH=180
elapsed cycles: 2787282
hi(checksum)=0x706A46AD01EEA04E
lo(checksum)=0x9C87FEE1F7DE7BF5
key=encoded, no.=41, <checksum>:
0x706A46AD01EEA04E9C87FEE1F7DE7BF5
key=encoded, no.=41, cso file:
/dev/null
----------------------------------------------
real command=cset shield -e /home/nrink/Projects/build/encode/encode/tests/quicksort/quicksort.perf.encoded --  --cso /dev/null
key=encoded, no.=42, <stderr>:
LENGTH=180
elapsed cycles: 2783862
hi(checksum)=0x706A46AD01EEA04E
lo(checksum)=0x9C87FEE1F7DE7BF5
key=encoded, no.=42, <checksum>:
0x706A46AD01EEA04E9C87FEE1F7DE7BF5
key=encoded, no.=42, cso file:
/dev/null
----------------------------------------------
real command=cset shield -e /home/nrink/Projects/build/encode/encode/tests/quicksort/quicksort.perf.encoded --  --cso /dev/null
key=encoded, no.=43, <stderr>:
LENGTH=180
elapsed cycles: 2785821
hi(checksum)=0x706A46AD01EEA04E
lo(checksum)=0x9C87FEE1F7DE7BF5
key=encoded, no.=43, <checksum>:
0x706A46AD01EEA04E9C87FEE1F7DE7BF5
key=encoded, no.=43, cso file:
/dev/null
----------------------------------------------
real command=cset shield -e /home/nrink/Projects/build/encode/encode/tests/quicksort/quicksort.perf.encoded --  --cso /dev/null
key=encoded, no.=44, <stderr>:
LENGTH=180
elapsed cycles: 2826462
hi(checksum)=0x706A46AD01EEA04E
lo(checksum)=0x9C87FEE1F7DE7BF5
key=encoded, no.=44, <checksum>:
0x706A46AD01EEA04E9C87FEE1F7DE7BF5
key=encoded, no.=44, cso file:
/dev/null
----------------------------------------------
real command=cset shield -e /home/nrink/Projects/build/encode/encode/tests/quicksort/quicksort.perf.encoded --  --cso /dev/null
key=encoded, no.=45, <stderr>:
LENGTH=180
elapsed cycles: 2828610
hi(checksum)=0x706A46AD01EEA04E
lo(checksum)=0x9C87FEE1F7DE7BF5
key=encoded, no.=45, <checksum>:
0x706A46AD01EEA04E9C87FEE1F7DE7BF5
key=encoded, no.=45, cso file:
/dev/null
----------------------------------------------
real command=cset shield -e /home/nrink/Projects/build/encode/encode/tests/quicksort/quicksort.perf.encoded --  --cso /dev/null
key=encoded, no.=46, <stderr>:
LENGTH=180
elapsed cycles: 2789745
hi(checksum)=0x706A46AD01EEA04E
lo(checksum)=0x9C87FEE1F7DE7BF5
key=encoded, no.=46, <checksum>:
0x706A46AD01EEA04E9C87FEE1F7DE7BF5
key=encoded, no.=46, cso file:
/dev/null
----------------------------------------------
real command=cset shield -e /home/nrink/Projects/build/encode/encode/tests/quicksort/quicksort.perf.encoded --  --cso /dev/null
key=encoded, no.=47, <stderr>:
LENGTH=180
elapsed cycles: 2867166
hi(checksum)=0x706A46AD01EEA04E
lo(checksum)=0x9C87FEE1F7DE7BF5
key=encoded, no.=47, <checksum>:
0x706A46AD01EEA04E9C87FEE1F7DE7BF5
key=encoded, no.=47, cso file:
/dev/null
----------------------------------------------
real command=cset shield -e /home/nrink/Projects/build/encode/encode/tests/quicksort/quicksort.perf.encoded --  --cso /dev/null
key=encoded, no.=48, <stderr>:
LENGTH=180
elapsed cycles: 2828535
hi(checksum)=0x706A46AD01EEA04E
lo(checksum)=0x9C87FEE1F7DE7BF5
key=encoded, no.=48, <checksum>:
0x706A46AD01EEA04E9C87FEE1F7DE7BF5
key=encoded, no.=48, cso file:
/dev/null
----------------------------------------------
real command=cset shield -e /home/nrink/Projects/build/encode/encode/tests/quicksort/quicksort.perf.encoded --  --cso /dev/null
key=encoded, no.=49, <stderr>:
LENGTH=180
elapsed cycles: 2784132
hi(checksum)=0x706A46AD01EEA04E
lo(checksum)=0x9C87FEE1F7DE7BF5
key=encoded, no.=49, <checksum>:
0x706A46AD01EEA04E9C87FEE1F7DE7BF5
key=encoded, no.=49, cso file:
/dev/null
----------------------------------------------
real command=cset shield -e /home/nrink/Projects/build/encode/encode/tests/quicksort/quicksort.perf.encoded --  --cso /dev/null
key=encoded, no.=50, <stderr>:
LENGTH=180
elapsed cycles: 2856255
hi(checksum)=0x706A46AD01EEA04E
lo(checksum)=0x9C87FEE1F7DE7BF5
key=encoded, no.=50, <checksum>:
0x706A46AD01EEA04E9C87FEE1F7DE7BF5
key=encoded, no.=50, cso file:
/dev/null
----------------------------------------------
real command=cset shield -e /home/nrink/Projects/build/encode/encode/tests/quicksort/quicksort.perf.encoded --  --cso /dev/null
key=encoded, no.=51, <stderr>:
LENGTH=180
elapsed cycles: 2828595
hi(checksum)=0x706A46AD01EEA04E
lo(checksum)=0x9C87FEE1F7DE7BF5
key=encoded, no.=51, <checksum>:
0x706A46AD01EEA04E9C87FEE1F7DE7BF5
key=encoded, no.=51, cso file:
/dev/null
----------------------------------------------
real command=cset shield -e /home/nrink/Projects/build/encode/encode/tests/quicksort/quicksort.perf.encoded --  --cso /dev/null
key=encoded, no.=52, <stderr>:
LENGTH=180
elapsed cycles: 2833326
hi(checksum)=0x706A46AD01EEA04E
lo(checksum)=0x9C87FEE1F7DE7BF5
key=encoded, no.=52, <checksum>:
0x706A46AD01EEA04E9C87FEE1F7DE7BF5
key=encoded, no.=52, cso file:
/dev/null
----------------------------------------------
real command=cset shield -e /home/nrink/Projects/build/encode/encode/tests/quicksort/quicksort.perf.encoded --  --cso /dev/null
key=encoded, no.=53, <stderr>:
LENGTH=180
elapsed cycles: 2827860
hi(checksum)=0x706A46AD01EEA04E
lo(checksum)=0x9C87FEE1F7DE7BF5
key=encoded, no.=53, <checksum>:
0x706A46AD01EEA04E9C87FEE1F7DE7BF5
key=encoded, no.=53, cso file:
/dev/null
----------------------------------------------
real command=cset shield -e /home/nrink/Projects/build/encode/encode/tests/quicksort/quicksort.perf.encoded --  --cso /dev/null
key=encoded, no.=54, <stderr>:
LENGTH=180
elapsed cycles: 2827614
hi(checksum)=0x706A46AD01EEA04E
lo(checksum)=0x9C87FEE1F7DE7BF5
key=encoded, no.=54, <checksum>:
0x706A46AD01EEA04E9C87FEE1F7DE7BF5
key=encoded, no.=54, cso file:
/dev/null
----------------------------------------------
real command=cset shield -e /home/nrink/Projects/build/encode/encode/tests/quicksort/quicksort.perf.encoded --  --cso /dev/null
key=encoded, no.=55, <stderr>:
LENGTH=180
elapsed cycles: 2826558
hi(checksum)=0x706A46AD01EEA04E
lo(checksum)=0x9C87FEE1F7DE7BF5
key=encoded, no.=55, <checksum>:
0x706A46AD01EEA04E9C87FEE1F7DE7BF5
key=encoded, no.=55, cso file:
/dev/null
----------------------------------------------
real command=cset shield -e /home/nrink/Projects/build/encode/encode/tests/quicksort/quicksort.perf.encoded --  --cso /dev/null
key=encoded, no.=56, <stderr>:
LENGTH=180
elapsed cycles: 2862762
hi(checksum)=0x706A46AD01EEA04E
lo(checksum)=0x9C87FEE1F7DE7BF5
key=encoded, no.=56, <checksum>:
0x706A46AD01EEA04E9C87FEE1F7DE7BF5
key=encoded, no.=56, cso file:
/dev/null
----------------------------------------------
real command=cset shield -e /home/nrink/Projects/build/encode/encode/tests/quicksort/quicksort.perf.encoded --  --cso /dev/null
key=encoded, no.=57, <stderr>:
LENGTH=180
elapsed cycles: 2831871
hi(checksum)=0x706A46AD01EEA04E
lo(checksum)=0x9C87FEE1F7DE7BF5
key=encoded, no.=57, <checksum>:
0x706A46AD01EEA04E9C87FEE1F7DE7BF5
key=encoded, no.=57, cso file:
/dev/null
----------------------------------------------
real command=cset shield -e /home/nrink/Projects/build/encode/encode/tests/quicksort/quicksort.perf.encoded --  --cso /dev/null
key=encoded, no.=58, <stderr>:
LENGTH=180
elapsed cycles: 2825592
hi(checksum)=0x706A46AD01EEA04E
lo(checksum)=0x9C87FEE1F7DE7BF5
key=encoded, no.=58, <checksum>:
0x706A46AD01EEA04E9C87FEE1F7DE7BF5
key=encoded, no.=58, cso file:
/dev/null
----------------------------------------------
real command=cset shield -e /home/nrink/Projects/build/encode/encode/tests/quicksort/quicksort.perf.encoded --  --cso /dev/null
key=encoded, no.=59, <stderr>:
LENGTH=180
elapsed cycles: 2779323
hi(checksum)=0x706A46AD01EEA04E
lo(checksum)=0x9C87FEE1F7DE7BF5
key=encoded, no.=59, <checksum>:
0x706A46AD01EEA04E9C87FEE1F7DE7BF5
key=encoded, no.=59, cso file:
/dev/null
----------------------------------------------
real command=cset shield -e /home/nrink/Projects/build/encode/encode/tests/quicksort/quicksort.perf.encoded --  --cso /dev/null
key=encoded, no.=60, <stderr>:
LENGTH=180
elapsed cycles: 2829528
hi(checksum)=0x706A46AD01EEA04E
lo(checksum)=0x9C87FEE1F7DE7BF5
key=encoded, no.=60, <checksum>:
0x706A46AD01EEA04E9C87FEE1F7DE7BF5
key=encoded, no.=60, cso file:
/dev/null
----------------------------------------------
real command=cset shield -e /home/nrink/Projects/build/encode/encode/tests/quicksort/quicksort.perf.encoded --  --cso /dev/null
key=encoded, no.=61, <stderr>:
LENGTH=180
elapsed cycles: 2899854
hi(checksum)=0x706A46AD01EEA04E
lo(checksum)=0x9C87FEE1F7DE7BF5
key=encoded, no.=61, <checksum>:
0x706A46AD01EEA04E9C87FEE1F7DE7BF5
key=encoded, no.=61, cso file:
/dev/null
----------------------------------------------
real command=cset shield -e /home/nrink/Projects/build/encode/encode/tests/quicksort/quicksort.perf.encoded --  --cso /dev/null
key=encoded, no.=62, <stderr>:
LENGTH=180
elapsed cycles: 2826960
hi(checksum)=0x706A46AD01EEA04E
lo(checksum)=0x9C87FEE1F7DE7BF5
key=encoded, no.=62, <checksum>:
0x706A46AD01EEA04E9C87FEE1F7DE7BF5
key=encoded, no.=62, cso file:
/dev/null
----------------------------------------------
real command=cset shield -e /home/nrink/Projects/build/encode/encode/tests/quicksort/quicksort.perf.encoded --  --cso /dev/null
key=encoded, no.=63, <stderr>:
LENGTH=180
elapsed cycles: 2824875
hi(checksum)=0x706A46AD01EEA04E
lo(checksum)=0x9C87FEE1F7DE7BF5
key=encoded, no.=63, <checksum>:
0x706A46AD01EEA04E9C87FEE1F7DE7BF5
key=encoded, no.=63, cso file:
/dev/null
----------------------------------------------
real command=cset shield -e /home/nrink/Projects/build/encode/encode/tests/quicksort/quicksort.perf.encoded --  --cso /dev/null
key=encoded, no.=64, <stderr>:
LENGTH=180
elapsed cycles: 2814561
hi(checksum)=0x706A46AD01EEA04E
lo(checksum)=0x9C87FEE1F7DE7BF5
key=encoded, no.=64, <checksum>:
0x706A46AD01EEA04E9C87FEE1F7DE7BF5
key=encoded, no.=64, cso file:
/dev/null
----------------------------------------------
real command=cset shield -e /home/nrink/Projects/build/encode/encode/tests/quicksort/quicksort.perf.encoded --  --cso /dev/null
key=encoded, no.=65, <stderr>:
LENGTH=180
elapsed cycles: 2787216
hi(checksum)=0x706A46AD01EEA04E
lo(checksum)=0x9C87FEE1F7DE7BF5
key=encoded, no.=65, <checksum>:
0x706A46AD01EEA04E9C87FEE1F7DE7BF5
key=encoded, no.=65, cso file:
/dev/null
----------------------------------------------
real command=cset shield -e /home/nrink/Projects/build/encode/encode/tests/quicksort/quicksort.perf.encoded --  --cso /dev/null
key=encoded, no.=66, <stderr>:
LENGTH=180
elapsed cycles: 2829519
hi(checksum)=0x706A46AD01EEA04E
lo(checksum)=0x9C87FEE1F7DE7BF5
key=encoded, no.=66, <checksum>:
0x706A46AD01EEA04E9C87FEE1F7DE7BF5
key=encoded, no.=66, cso file:
/dev/null
----------------------------------------------
real command=cset shield -e /home/nrink/Projects/build/encode/encode/tests/quicksort/quicksort.perf.encoded --  --cso /dev/null
key=encoded, no.=67, <stderr>:
LENGTH=180
elapsed cycles: 2821656
hi(checksum)=0x706A46AD01EEA04E
lo(checksum)=0x9C87FEE1F7DE7BF5
key=encoded, no.=67, <checksum>:
0x706A46AD01EEA04E9C87FEE1F7DE7BF5
key=encoded, no.=67, cso file:
/dev/null
----------------------------------------------
real command=cset shield -e /home/nrink/Projects/build/encode/encode/tests/quicksort/quicksort.perf.encoded --  --cso /dev/null
key=encoded, no.=68, <stderr>:
LENGTH=180
elapsed cycles: 2824641
hi(checksum)=0x706A46AD01EEA04E
lo(checksum)=0x9C87FEE1F7DE7BF5
key=encoded, no.=68, <checksum>:
0x706A46AD01EEA04E9C87FEE1F7DE7BF5
key=encoded, no.=68, cso file:
/dev/null
----------------------------------------------
real command=cset shield -e /home/nrink/Projects/build/encode/encode/tests/quicksort/quicksort.perf.encoded --  --cso /dev/null
key=encoded, no.=69, <stderr>:
LENGTH=180
elapsed cycles: 2789193
hi(checksum)=0x706A46AD01EEA04E
lo(checksum)=0x9C87FEE1F7DE7BF5
key=encoded, no.=69, <checksum>:
0x706A46AD01EEA04E9C87FEE1F7DE7BF5
key=encoded, no.=69, cso file:
/dev/null
----------------------------------------------
real command=cset shield -e /home/nrink/Projects/build/encode/encode/tests/quicksort/quicksort.perf.encoded --  --cso /dev/null
key=encoded, no.=70, <stderr>:
LENGTH=180
elapsed cycles: 2865258
hi(checksum)=0x706A46AD01EEA04E
lo(checksum)=0x9C87FEE1F7DE7BF5
key=encoded, no.=70, <checksum>:
0x706A46AD01EEA04E9C87FEE1F7DE7BF5
key=encoded, no.=70, cso file:
/dev/null
----------------------------------------------
real command=cset shield -e /home/nrink/Projects/build/encode/encode/tests/quicksort/quicksort.perf.encoded --  --cso /dev/null
key=encoded, no.=71, <stderr>:
LENGTH=180
elapsed cycles: 2831490
hi(checksum)=0x706A46AD01EEA04E
lo(checksum)=0x9C87FEE1F7DE7BF5
key=encoded, no.=71, <checksum>:
0x706A46AD01EEA04E9C87FEE1F7DE7BF5
key=encoded, no.=71, cso file:
/dev/null
----------------------------------------------
real command=cset shield -e /home/nrink/Projects/build/encode/encode/tests/quicksort/quicksort.perf.encoded --  --cso /dev/null
key=encoded, no.=72, <stderr>:
LENGTH=180
elapsed cycles: 2829096
hi(checksum)=0x706A46AD01EEA04E
lo(checksum)=0x9C87FEE1F7DE7BF5
key=encoded, no.=72, <checksum>:
0x706A46AD01EEA04E9C87FEE1F7DE7BF5
key=encoded, no.=72, cso file:
/dev/null
----------------------------------------------
real command=cset shield -e /home/nrink/Projects/build/encode/encode/tests/quicksort/quicksort.perf.encoded --  --cso /dev/null
key=encoded, no.=73, <stderr>:
LENGTH=180
elapsed cycles: 2831919
hi(checksum)=0x706A46AD01EEA04E
lo(checksum)=0x9C87FEE1F7DE7BF5
key=encoded, no.=73, <checksum>:
0x706A46AD01EEA04E9C87FEE1F7DE7BF5
key=encoded, no.=73, cso file:
/dev/null
----------------------------------------------
real command=cset shield -e /home/nrink/Projects/build/encode/encode/tests/quicksort/quicksort.perf.encoded --  --cso /dev/null
key=encoded, no.=74, <stderr>:
LENGTH=180
elapsed cycles: 2827335
hi(checksum)=0x706A46AD01EEA04E
lo(checksum)=0x9C87FEE1F7DE7BF5
key=encoded, no.=74, <checksum>:
0x706A46AD01EEA04E9C87FEE1F7DE7BF5
key=encoded, no.=74, cso file:
/dev/null
----------------------------------------------
real command=cset shield -e /home/nrink/Projects/build/encode/encode/tests/quicksort/quicksort.perf.encoded --  --cso /dev/null
key=encoded, no.=75, <stderr>:
LENGTH=180
elapsed cycles: 2900022
hi(checksum)=0x706A46AD01EEA04E
lo(checksum)=0x9C87FEE1F7DE7BF5
key=encoded, no.=75, <checksum>:
0x706A46AD01EEA04E9C87FEE1F7DE7BF5
key=encoded, no.=75, cso file:
/dev/null
----------------------------------------------
real command=cset shield -e /home/nrink/Projects/build/encode/encode/tests/quicksort/quicksort.perf.encoded --  --cso /dev/null
key=encoded, no.=76, <stderr>:
LENGTH=180
elapsed cycles: 2827041
hi(checksum)=0x706A46AD01EEA04E
lo(checksum)=0x9C87FEE1F7DE7BF5
key=encoded, no.=76, <checksum>:
0x706A46AD01EEA04E9C87FEE1F7DE7BF5
key=encoded, no.=76, cso file:
/dev/null
----------------------------------------------
real command=cset shield -e /home/nrink/Projects/build/encode/encode/tests/quicksort/quicksort.perf.encoded --  --cso /dev/null
key=encoded, no.=77, <stderr>:
LENGTH=180
elapsed cycles: 2785905
hi(checksum)=0x706A46AD01EEA04E
lo(checksum)=0x9C87FEE1F7DE7BF5
key=encoded, no.=77, <checksum>:
0x706A46AD01EEA04E9C87FEE1F7DE7BF5
key=encoded, no.=77, cso file:
/dev/null
----------------------------------------------
real command=cset shield -e /home/nrink/Projects/build/encode/encode/tests/quicksort/quicksort.perf.encoded --  --cso /dev/null
key=encoded, no.=78, <stderr>:
LENGTH=180
elapsed cycles: 2940687
hi(checksum)=0x706A46AD01EEA04E
lo(checksum)=0x9C87FEE1F7DE7BF5
key=encoded, no.=78, <checksum>:
0x706A46AD01EEA04E9C87FEE1F7DE7BF5
key=encoded, no.=78, cso file:
/dev/null
----------------------------------------------
real command=cset shield -e /home/nrink/Projects/build/encode/encode/tests/quicksort/quicksort.perf.encoded --  --cso /dev/null
key=encoded, no.=79, <stderr>:
LENGTH=180
elapsed cycles: 2789784
hi(checksum)=0x706A46AD01EEA04E
lo(checksum)=0x9C87FEE1F7DE7BF5
key=encoded, no.=79, <checksum>:
0x706A46AD01EEA04E9C87FEE1F7DE7BF5
key=encoded, no.=79, cso file:
/dev/null
----------------------------------------------
real command=cset shield -e /home/nrink/Projects/build/encode/encode/tests/quicksort/quicksort.perf.encoded --  --cso /dev/null
key=encoded, no.=80, <stderr>:
LENGTH=180
elapsed cycles: 2825088
hi(checksum)=0x706A46AD01EEA04E
lo(checksum)=0x9C87FEE1F7DE7BF5
key=encoded, no.=80, <checksum>:
0x706A46AD01EEA04E9C87FEE1F7DE7BF5
key=encoded, no.=80, cso file:
/dev/null
----------------------------------------------
real command=cset shield -e /home/nrink/Projects/build/encode/encode/tests/quicksort/quicksort.perf.encoded --  --cso /dev/null
key=encoded, no.=81, <stderr>:
LENGTH=180
elapsed cycles: 2787864
hi(checksum)=0x706A46AD01EEA04E
lo(checksum)=0x9C87FEE1F7DE7BF5
key=encoded, no.=81, <checksum>:
0x706A46AD01EEA04E9C87FEE1F7DE7BF5
key=encoded, no.=81, cso file:
/dev/null
----------------------------------------------
real command=cset shield -e /home/nrink/Projects/build/encode/encode/tests/quicksort/quicksort.perf.encoded --  --cso /dev/null
key=encoded, no.=82, <stderr>:
LENGTH=180
elapsed cycles: 2823183
hi(checksum)=0x706A46AD01EEA04E
lo(checksum)=0x9C87FEE1F7DE7BF5
key=encoded, no.=82, <checksum>:
0x706A46AD01EEA04E9C87FEE1F7DE7BF5
key=encoded, no.=82, cso file:
/dev/null
----------------------------------------------
real command=cset shield -e /home/nrink/Projects/build/encode/encode/tests/quicksort/quicksort.perf.encoded --  --cso /dev/null
key=encoded, no.=83, <stderr>:
LENGTH=180
elapsed cycles: 2930385
hi(checksum)=0x706A46AD01EEA04E
lo(checksum)=0x9C87FEE1F7DE7BF5
key=encoded, no.=83, <checksum>:
0x706A46AD01EEA04E9C87FEE1F7DE7BF5
key=encoded, no.=83, cso file:
/dev/null
----------------------------------------------
real command=cset shield -e /home/nrink/Projects/build/encode/encode/tests/quicksort/quicksort.perf.encoded --  --cso /dev/null
key=encoded, no.=84, <stderr>:
LENGTH=180
elapsed cycles: 2785002
hi(checksum)=0x706A46AD01EEA04E
lo(checksum)=0x9C87FEE1F7DE7BF5
key=encoded, no.=84, <checksum>:
0x706A46AD01EEA04E9C87FEE1F7DE7BF5
key=encoded, no.=84, cso file:
/dev/null
----------------------------------------------
real command=cset shield -e /home/nrink/Projects/build/encode/encode/tests/quicksort/quicksort.perf.encoded --  --cso /dev/null
key=encoded, no.=85, <stderr>:
LENGTH=180
elapsed cycles: 2789925
hi(checksum)=0x706A46AD01EEA04E
lo(checksum)=0x9C87FEE1F7DE7BF5
key=encoded, no.=85, <checksum>:
0x706A46AD01EEA04E9C87FEE1F7DE7BF5
key=encoded, no.=85, cso file:
/dev/null
----------------------------------------------
real command=cset shield -e /home/nrink/Projects/build/encode/encode/tests/quicksort/quicksort.perf.encoded --  --cso /dev/null
key=encoded, no.=86, <stderr>:
LENGTH=180
elapsed cycles: 2901984
hi(checksum)=0x706A46AD01EEA04E
lo(checksum)=0x9C87FEE1F7DE7BF5
key=encoded, no.=86, <checksum>:
0x706A46AD01EEA04E9C87FEE1F7DE7BF5
key=encoded, no.=86, cso file:
/dev/null
----------------------------------------------
real command=cset shield -e /home/nrink/Projects/build/encode/encode/tests/quicksort/quicksort.perf.encoded --  --cso /dev/null
key=encoded, no.=87, <stderr>:
LENGTH=180
elapsed cycles: 2824314
hi(checksum)=0x706A46AD01EEA04E
lo(checksum)=0x9C87FEE1F7DE7BF5
key=encoded, no.=87, <checksum>:
0x706A46AD01EEA04E9C87FEE1F7DE7BF5
key=encoded, no.=87, cso file:
/dev/null
----------------------------------------------
real command=cset shield -e /home/nrink/Projects/build/encode/encode/tests/quicksort/quicksort.perf.encoded --  --cso /dev/null
key=encoded, no.=88, <stderr>:
LENGTH=180
elapsed cycles: 2825028
hi(checksum)=0x706A46AD01EEA04E
lo(checksum)=0x9C87FEE1F7DE7BF5
key=encoded, no.=88, <checksum>:
0x706A46AD01EEA04E9C87FEE1F7DE7BF5
key=encoded, no.=88, cso file:
/dev/null
----------------------------------------------
real command=cset shield -e /home/nrink/Projects/build/encode/encode/tests/quicksort/quicksort.perf.encoded --  --cso /dev/null
key=encoded, no.=89, <stderr>:
LENGTH=180
elapsed cycles: 2855508
hi(checksum)=0x706A46AD01EEA04E
lo(checksum)=0x9C87FEE1F7DE7BF5
key=encoded, no.=89, <checksum>:
0x706A46AD01EEA04E9C87FEE1F7DE7BF5
key=encoded, no.=89, cso file:
/dev/null
----------------------------------------------
real command=cset shield -e /home/nrink/Projects/build/encode/encode/tests/quicksort/quicksort.perf.encoded --  --cso /dev/null
key=encoded, no.=90, <stderr>:
LENGTH=180
elapsed cycles: 2827782
hi(checksum)=0x706A46AD01EEA04E
lo(checksum)=0x9C87FEE1F7DE7BF5
key=encoded, no.=90, <checksum>:
0x706A46AD01EEA04E9C87FEE1F7DE7BF5
key=encoded, no.=90, cso file:
/dev/null
----------------------------------------------
real command=cset shield -e /home/nrink/Projects/build/encode/encode/tests/quicksort/quicksort.perf.encoded --  --cso /dev/null
key=encoded, no.=91, <stderr>:
LENGTH=180
elapsed cycles: 2827638
hi(checksum)=0x706A46AD01EEA04E
lo(checksum)=0x9C87FEE1F7DE7BF5
key=encoded, no.=91, <checksum>:
0x706A46AD01EEA04E9C87FEE1F7DE7BF5
key=encoded, no.=91, cso file:
/dev/null
----------------------------------------------
real command=cset shield -e /home/nrink/Projects/build/encode/encode/tests/quicksort/quicksort.perf.encoded --  --cso /dev/null
key=encoded, no.=92, <stderr>:
LENGTH=180
elapsed cycles: 2824803
hi(checksum)=0x706A46AD01EEA04E
lo(checksum)=0x9C87FEE1F7DE7BF5
key=encoded, no.=92, <checksum>:
0x706A46AD01EEA04E9C87FEE1F7DE7BF5
key=encoded, no.=92, cso file:
/dev/null
----------------------------------------------
real command=cset shield -e /home/nrink/Projects/build/encode/encode/tests/quicksort/quicksort.perf.encoded --  --cso /dev/null
key=encoded, no.=93, <stderr>:
LENGTH=180
elapsed cycles: 2832339
hi(checksum)=0x706A46AD01EEA04E
lo(checksum)=0x9C87FEE1F7DE7BF5
key=encoded, no.=93, <checksum>:
0x706A46AD01EEA04E9C87FEE1F7DE7BF5
key=encoded, no.=93, cso file:
/dev/null
----------------------------------------------
real command=cset shield -e /home/nrink/Projects/build/encode/encode/tests/quicksort/quicksort.perf.encoded --  --cso /dev/null
key=encoded, no.=94, <stderr>:
LENGTH=180
elapsed cycles: 2787723
hi(checksum)=0x706A46AD01EEA04E
lo(checksum)=0x9C87FEE1F7DE7BF5
key=encoded, no.=94, <checksum>:
0x706A46AD01EEA04E9C87FEE1F7DE7BF5
key=encoded, no.=94, cso file:
/dev/null
----------------------------------------------
real command=cset shield -e /home/nrink/Projects/build/encode/encode/tests/quicksort/quicksort.perf.encoded --  --cso /dev/null
key=encoded, no.=95, <stderr>:
LENGTH=180
elapsed cycles: 2798868
hi(checksum)=0x706A46AD01EEA04E
lo(checksum)=0x9C87FEE1F7DE7BF5
key=encoded, no.=95, <checksum>:
0x706A46AD01EEA04E9C87FEE1F7DE7BF5
key=encoded, no.=95, cso file:
/dev/null
----------------------------------------------
real command=cset shield -e /home/nrink/Projects/build/encode/encode/tests/quicksort/quicksort.perf.encoded --  --cso /dev/null
key=encoded, no.=96, <stderr>:
LENGTH=180
elapsed cycles: 2785326
hi(checksum)=0x706A46AD01EEA04E
lo(checksum)=0x9C87FEE1F7DE7BF5
key=encoded, no.=96, <checksum>:
0x706A46AD01EEA04E9C87FEE1F7DE7BF5
key=encoded, no.=96, cso file:
/dev/null
----------------------------------------------
real command=cset shield -e /home/nrink/Projects/build/encode/encode/tests/quicksort/quicksort.perf.encoded --  --cso /dev/null
key=encoded, no.=97, <stderr>:
LENGTH=180
elapsed cycles: 2828625
hi(checksum)=0x706A46AD01EEA04E
lo(checksum)=0x9C87FEE1F7DE7BF5
key=encoded, no.=97, <checksum>:
0x706A46AD01EEA04E9C87FEE1F7DE7BF5
key=encoded, no.=97, cso file:
/dev/null
----------------------------------------------
real command=cset shield -e /home/nrink/Projects/build/encode/encode/tests/quicksort/quicksort.perf.encoded --  --cso /dev/null
key=encoded, no.=98, <stderr>:
LENGTH=180
elapsed cycles: 2898384
hi(checksum)=0x706A46AD01EEA04E
lo(checksum)=0x9C87FEE1F7DE7BF5
key=encoded, no.=98, <checksum>:
0x706A46AD01EEA04E9C87FEE1F7DE7BF5
key=encoded, no.=98, cso file:
/dev/null
----------------------------------------------
real command=cset shield -e /home/nrink/Projects/build/encode/encode/tests/quicksort/quicksort.perf.encoded --  --cso /dev/null
key=encoded, no.=99, <stderr>:
LENGTH=180
elapsed cycles: 2833035
hi(checksum)=0x706A46AD01EEA04E
lo(checksum)=0x9C87FEE1F7DE7BF5
key=encoded, no.=99, <checksum>:
0x706A46AD01EEA04E9C87FEE1F7DE7BF5
key=encoded, no.=99, cso file:
/dev/null
----------------------------------------------
