key=plain, runs=100 ...
command=/home/nrink/Projects/build/encode/encode/tests/array_sum/array_sum.perf.plain
----------------------------------------------
real command=cset shield -e /home/nrink/Projects/build/encode/encode/tests/array_sum/array_sum.perf.plain --  --cso /dev/null
key=plain, no.=0, <stderr>:
LENGTH=6400
elapsed cycles: 1262151
hi(checksum)=0x57A7870D1DBC1CD3
lo(checksum)=0xB319917D74559800
key=plain, no.=0, <checksum>:
0x57A7870D1DBC1CD3B319917D74559800
key=plain, no.=0, cso file:
/dev/null
----------------------------------------------
real command=cset shield -e /home/nrink/Projects/build/encode/encode/tests/array_sum/array_sum.perf.plain --  --cso /dev/null
key=plain, no.=1, <stderr>:
LENGTH=6400
elapsed cycles: 1259028
hi(checksum)=0x57A7870D1DBC1CD3
lo(checksum)=0xB319917D74559800
key=plain, no.=1, <checksum>:
0x57A7870D1DBC1CD3B319917D74559800
key=plain, no.=1, cso file:
/dev/null
----------------------------------------------
real command=cset shield -e /home/nrink/Projects/build/encode/encode/tests/array_sum/array_sum.perf.plain --  --cso /dev/null
key=plain, no.=2, <stderr>:
LENGTH=6400
elapsed cycles: 1262859
hi(checksum)=0x57A7870D1DBC1CD3
lo(checksum)=0xB319917D74559800
key=plain, no.=2, <checksum>:
0x57A7870D1DBC1CD3B319917D74559800
key=plain, no.=2, cso file:
/dev/null
----------------------------------------------
real command=cset shield -e /home/nrink/Projects/build/encode/encode/tests/array_sum/array_sum.perf.plain --  --cso /dev/null
key=plain, no.=3, <stderr>:
LENGTH=6400
elapsed cycles: 1260444
hi(checksum)=0x57A7870D1DBC1CD3
lo(checksum)=0xB319917D74559800
key=plain, no.=3, <checksum>:
0x57A7870D1DBC1CD3B319917D74559800
key=plain, no.=3, cso file:
/dev/null
----------------------------------------------
real command=cset shield -e /home/nrink/Projects/build/encode/encode/tests/array_sum/array_sum.perf.plain --  --cso /dev/null
key=plain, no.=4, <stderr>:
LENGTH=6400
elapsed cycles: 1266684
hi(checksum)=0x57A7870D1DBC1CD3
lo(checksum)=0xB319917D74559800
key=plain, no.=4, <checksum>:
0x57A7870D1DBC1CD3B319917D74559800
key=plain, no.=4, cso file:
/dev/null
----------------------------------------------
real command=cset shield -e /home/nrink/Projects/build/encode/encode/tests/array_sum/array_sum.perf.plain --  --cso /dev/null
key=plain, no.=5, <stderr>:
LENGTH=6400
elapsed cycles: 1260240
hi(checksum)=0x57A7870D1DBC1CD3
lo(checksum)=0xB319917D74559800
key=plain, no.=5, <checksum>:
0x57A7870D1DBC1CD3B319917D74559800
key=plain, no.=5, cso file:
/dev/null
----------------------------------------------
real command=cset shield -e /home/nrink/Projects/build/encode/encode/tests/array_sum/array_sum.perf.plain --  --cso /dev/null
key=plain, no.=6, <stderr>:
LENGTH=6400
elapsed cycles: 1259949
hi(checksum)=0x57A7870D1DBC1CD3
lo(checksum)=0xB319917D74559800
key=plain, no.=6, <checksum>:
0x57A7870D1DBC1CD3B319917D74559800
key=plain, no.=6, cso file:
/dev/null
----------------------------------------------
real command=cset shield -e /home/nrink/Projects/build/encode/encode/tests/array_sum/array_sum.perf.plain --  --cso /dev/null
key=plain, no.=7, <stderr>:
LENGTH=6400
elapsed cycles: 1292685
hi(checksum)=0x57A7870D1DBC1CD3
lo(checksum)=0xB319917D74559800
key=plain, no.=7, <checksum>:
0x57A7870D1DBC1CD3B319917D74559800
key=plain, no.=7, cso file:
/dev/null
----------------------------------------------
real command=cset shield -e /home/nrink/Projects/build/encode/encode/tests/array_sum/array_sum.perf.plain --  --cso /dev/null
key=plain, no.=8, <stderr>:
LENGTH=6400
elapsed cycles: 1260183
hi(checksum)=0x57A7870D1DBC1CD3
lo(checksum)=0xB319917D74559800
key=plain, no.=8, <checksum>:
0x57A7870D1DBC1CD3B319917D74559800
key=plain, no.=8, cso file:
/dev/null
----------------------------------------------
real command=cset shield -e /home/nrink/Projects/build/encode/encode/tests/array_sum/array_sum.perf.plain --  --cso /dev/null
key=plain, no.=9, <stderr>:
LENGTH=6400
elapsed cycles: 1259580
hi(checksum)=0x57A7870D1DBC1CD3
lo(checksum)=0xB319917D74559800
key=plain, no.=9, <checksum>:
0x57A7870D1DBC1CD3B319917D74559800
key=plain, no.=9, cso file:
/dev/null
----------------------------------------------
real command=cset shield -e /home/nrink/Projects/build/encode/encode/tests/array_sum/array_sum.perf.plain --  --cso /dev/null
key=plain, no.=10, <stderr>:
LENGTH=6400
elapsed cycles: 1259739
hi(checksum)=0x57A7870D1DBC1CD3
lo(checksum)=0xB319917D74559800
key=plain, no.=10, <checksum>:
0x57A7870D1DBC1CD3B319917D74559800
key=plain, no.=10, cso file:
/dev/null
----------------------------------------------
real command=cset shield -e /home/nrink/Projects/build/encode/encode/tests/array_sum/array_sum.perf.plain --  --cso /dev/null
key=plain, no.=11, <stderr>:
LENGTH=6400
elapsed cycles: 1292331
hi(checksum)=0x57A7870D1DBC1CD3
lo(checksum)=0xB319917D74559800
key=plain, no.=11, <checksum>:
0x57A7870D1DBC1CD3B319917D74559800
key=plain, no.=11, cso file:
/dev/null
----------------------------------------------
real command=cset shield -e /home/nrink/Projects/build/encode/encode/tests/array_sum/array_sum.perf.plain --  --cso /dev/null
key=plain, no.=12, <stderr>:
LENGTH=6400
elapsed cycles: 1261929
hi(checksum)=0x57A7870D1DBC1CD3
lo(checksum)=0xB319917D74559800
key=plain, no.=12, <checksum>:
0x57A7870D1DBC1CD3B319917D74559800
key=plain, no.=12, cso file:
/dev/null
----------------------------------------------
real command=cset shield -e /home/nrink/Projects/build/encode/encode/tests/array_sum/array_sum.perf.plain --  --cso /dev/null
key=plain, no.=13, <stderr>:
LENGTH=6400
elapsed cycles: 1258875
hi(checksum)=0x57A7870D1DBC1CD3
lo(checksum)=0xB319917D74559800
key=plain, no.=13, <checksum>:
0x57A7870D1DBC1CD3B319917D74559800
key=plain, no.=13, cso file:
/dev/null
----------------------------------------------
real command=cset shield -e /home/nrink/Projects/build/encode/encode/tests/array_sum/array_sum.perf.plain --  --cso /dev/null
key=plain, no.=14, <stderr>:
LENGTH=6400
elapsed cycles: 1290909
hi(checksum)=0x57A7870D1DBC1CD3
lo(checksum)=0xB319917D74559800
key=plain, no.=14, <checksum>:
0x57A7870D1DBC1CD3B319917D74559800
key=plain, no.=14, cso file:
/dev/null
----------------------------------------------
real command=cset shield -e /home/nrink/Projects/build/encode/encode/tests/array_sum/array_sum.perf.plain --  --cso /dev/null
key=plain, no.=15, <stderr>:
LENGTH=6400
elapsed cycles: 1447269
hi(checksum)=0x57A7870D1DBC1CD3
lo(checksum)=0xB319917D74559800
key=plain, no.=15, <checksum>:
0x57A7870D1DBC1CD3B319917D74559800
key=plain, no.=15, cso file:
/dev/null
----------------------------------------------
real command=cset shield -e /home/nrink/Projects/build/encode/encode/tests/array_sum/array_sum.perf.plain --  --cso /dev/null
key=plain, no.=16, <stderr>:
LENGTH=6400
elapsed cycles: 1256928
hi(checksum)=0x57A7870D1DBC1CD3
lo(checksum)=0xB319917D74559800
key=plain, no.=16, <checksum>:
0x57A7870D1DBC1CD3B319917D74559800
key=plain, no.=16, cso file:
/dev/null
----------------------------------------------
real command=cset shield -e /home/nrink/Projects/build/encode/encode/tests/array_sum/array_sum.perf.plain --  --cso /dev/null
key=plain, no.=17, <stderr>:
LENGTH=6400
elapsed cycles: 1258779
hi(checksum)=0x57A7870D1DBC1CD3
lo(checksum)=0xB319917D74559800
key=plain, no.=17, <checksum>:
0x57A7870D1DBC1CD3B319917D74559800
key=plain, no.=17, cso file:
/dev/null
----------------------------------------------
real command=cset shield -e /home/nrink/Projects/build/encode/encode/tests/array_sum/array_sum.perf.plain --  --cso /dev/null
key=plain, no.=18, <stderr>:
LENGTH=6400
elapsed cycles: 1273938
hi(checksum)=0x57A7870D1DBC1CD3
lo(checksum)=0xB319917D74559800
key=plain, no.=18, <checksum>:
0x57A7870D1DBC1CD3B319917D74559800
key=plain, no.=18, cso file:
/dev/null
----------------------------------------------
real command=cset shield -e /home/nrink/Projects/build/encode/encode/tests/array_sum/array_sum.perf.plain --  --cso /dev/null
key=plain, no.=19, <stderr>:
LENGTH=6400
elapsed cycles: 1296012
hi(checksum)=0x57A7870D1DBC1CD3
lo(checksum)=0xB319917D74559800
key=plain, no.=19, <checksum>:
0x57A7870D1DBC1CD3B319917D74559800
key=plain, no.=19, cso file:
/dev/null
----------------------------------------------
real command=cset shield -e /home/nrink/Projects/build/encode/encode/tests/array_sum/array_sum.perf.plain --  --cso /dev/null
key=plain, no.=20, <stderr>:
LENGTH=6400
elapsed cycles: 1264563
hi(checksum)=0x57A7870D1DBC1CD3
lo(checksum)=0xB319917D74559800
key=plain, no.=20, <checksum>:
0x57A7870D1DBC1CD3B319917D74559800
key=plain, no.=20, cso file:
/dev/null
----------------------------------------------
real command=cset shield -e /home/nrink/Projects/build/encode/encode/tests/array_sum/array_sum.perf.plain --  --cso /dev/null
key=plain, no.=21, <stderr>:
LENGTH=6400
elapsed cycles: 1265196
hi(checksum)=0x57A7870D1DBC1CD3
lo(checksum)=0xB319917D74559800
key=plain, no.=21, <checksum>:
0x57A7870D1DBC1CD3B319917D74559800
key=plain, no.=21, cso file:
/dev/null
----------------------------------------------
real command=cset shield -e /home/nrink/Projects/build/encode/encode/tests/array_sum/array_sum.perf.plain --  --cso /dev/null
key=plain, no.=22, <stderr>:
LENGTH=6400
elapsed cycles: 1259982
hi(checksum)=0x57A7870D1DBC1CD3
lo(checksum)=0xB319917D74559800
key=plain, no.=22, <checksum>:
0x57A7870D1DBC1CD3B319917D74559800
key=plain, no.=22, cso file:
/dev/null
----------------------------------------------
real command=cset shield -e /home/nrink/Projects/build/encode/encode/tests/array_sum/array_sum.perf.plain --  --cso /dev/null
key=plain, no.=23, <stderr>:
LENGTH=6400
elapsed cycles: 1263816
hi(checksum)=0x57A7870D1DBC1CD3
lo(checksum)=0xB319917D74559800
key=plain, no.=23, <checksum>:
0x57A7870D1DBC1CD3B319917D74559800
key=plain, no.=23, cso file:
/dev/null
----------------------------------------------
real command=cset shield -e /home/nrink/Projects/build/encode/encode/tests/array_sum/array_sum.perf.plain --  --cso /dev/null
key=plain, no.=24, <stderr>:
LENGTH=6400
elapsed cycles: 1260156
hi(checksum)=0x57A7870D1DBC1CD3
lo(checksum)=0xB319917D74559800
key=plain, no.=24, <checksum>:
0x57A7870D1DBC1CD3B319917D74559800
key=plain, no.=24, cso file:
/dev/null
----------------------------------------------
real command=cset shield -e /home/nrink/Projects/build/encode/encode/tests/array_sum/array_sum.perf.plain --  --cso /dev/null
key=plain, no.=25, <stderr>:
LENGTH=6400
elapsed cycles: 1260192
hi(checksum)=0x57A7870D1DBC1CD3
lo(checksum)=0xB319917D74559800
key=plain, no.=25, <checksum>:
0x57A7870D1DBC1CD3B319917D74559800
key=plain, no.=25, cso file:
/dev/null
----------------------------------------------
real command=cset shield -e /home/nrink/Projects/build/encode/encode/tests/array_sum/array_sum.perf.plain --  --cso /dev/null
key=plain, no.=26, <stderr>:
LENGTH=6400
elapsed cycles: 1260453
hi(checksum)=0x57A7870D1DBC1CD3
lo(checksum)=0xB319917D74559800
key=plain, no.=26, <checksum>:
0x57A7870D1DBC1CD3B319917D74559800
key=plain, no.=26, cso file:
/dev/null
----------------------------------------------
real command=cset shield -e /home/nrink/Projects/build/encode/encode/tests/array_sum/array_sum.perf.plain --  --cso /dev/null
key=plain, no.=27, <stderr>:
LENGTH=6400
elapsed cycles: 1260147
hi(checksum)=0x57A7870D1DBC1CD3
lo(checksum)=0xB319917D74559800
key=plain, no.=27, <checksum>:
0x57A7870D1DBC1CD3B319917D74559800
key=plain, no.=27, cso file:
/dev/null
----------------------------------------------
real command=cset shield -e /home/nrink/Projects/build/encode/encode/tests/array_sum/array_sum.perf.plain --  --cso /dev/null
key=plain, no.=28, <stderr>:
LENGTH=6400
elapsed cycles: 1612392
hi(checksum)=0x57A7870D1DBC1CD3
lo(checksum)=0xB319917D74559800
key=plain, no.=28, <checksum>:
0x57A7870D1DBC1CD3B319917D74559800
key=plain, no.=28, cso file:
/dev/null
----------------------------------------------
real command=cset shield -e /home/nrink/Projects/build/encode/encode/tests/array_sum/array_sum.perf.plain --  --cso /dev/null
key=plain, no.=29, <stderr>:
LENGTH=6400
elapsed cycles: 1304841
hi(checksum)=0x57A7870D1DBC1CD3
lo(checksum)=0xB319917D74559800
key=plain, no.=29, <checksum>:
0x57A7870D1DBC1CD3B319917D74559800
key=plain, no.=29, cso file:
/dev/null
----------------------------------------------
real command=cset shield -e /home/nrink/Projects/build/encode/encode/tests/array_sum/array_sum.perf.plain --  --cso /dev/null
key=plain, no.=30, <stderr>:
LENGTH=6400
elapsed cycles: 1267518
hi(checksum)=0x57A7870D1DBC1CD3
lo(checksum)=0xB319917D74559800
key=plain, no.=30, <checksum>:
0x57A7870D1DBC1CD3B319917D74559800
key=plain, no.=30, cso file:
/dev/null
----------------------------------------------
real command=cset shield -e /home/nrink/Projects/build/encode/encode/tests/array_sum/array_sum.perf.plain --  --cso /dev/null
key=plain, no.=31, <stderr>:
LENGTH=6400
elapsed cycles: 1264581
hi(checksum)=0x57A7870D1DBC1CD3
lo(checksum)=0xB319917D74559800
key=plain, no.=31, <checksum>:
0x57A7870D1DBC1CD3B319917D74559800
key=plain, no.=31, cso file:
/dev/null
----------------------------------------------
real command=cset shield -e /home/nrink/Projects/build/encode/encode/tests/array_sum/array_sum.perf.plain --  --cso /dev/null
key=plain, no.=32, <stderr>:
LENGTH=6400
elapsed cycles: 1292568
hi(checksum)=0x57A7870D1DBC1CD3
lo(checksum)=0xB319917D74559800
key=plain, no.=32, <checksum>:
0x57A7870D1DBC1CD3B319917D74559800
key=plain, no.=32, cso file:
/dev/null
----------------------------------------------
real command=cset shield -e /home/nrink/Projects/build/encode/encode/tests/array_sum/array_sum.perf.plain --  --cso /dev/null
key=plain, no.=33, <stderr>:
LENGTH=6400
elapsed cycles: 1291572
hi(checksum)=0x57A7870D1DBC1CD3
lo(checksum)=0xB319917D74559800
key=plain, no.=33, <checksum>:
0x57A7870D1DBC1CD3B319917D74559800
key=plain, no.=33, cso file:
/dev/null
----------------------------------------------
real command=cset shield -e /home/nrink/Projects/build/encode/encode/tests/array_sum/array_sum.perf.plain --  --cso /dev/null
key=plain, no.=34, <stderr>:
LENGTH=6400
elapsed cycles: 1262874
hi(checksum)=0x57A7870D1DBC1CD3
lo(checksum)=0xB319917D74559800
key=plain, no.=34, <checksum>:
0x57A7870D1DBC1CD3B319917D74559800
key=plain, no.=34, cso file:
/dev/null
----------------------------------------------
real command=cset shield -e /home/nrink/Projects/build/encode/encode/tests/array_sum/array_sum.perf.plain --  --cso /dev/null
key=plain, no.=35, <stderr>:
LENGTH=6400
elapsed cycles: 1281912
hi(checksum)=0x57A7870D1DBC1CD3
lo(checksum)=0xB319917D74559800
key=plain, no.=35, <checksum>:
0x57A7870D1DBC1CD3B319917D74559800
key=plain, no.=35, cso file:
/dev/null
----------------------------------------------
real command=cset shield -e /home/nrink/Projects/build/encode/encode/tests/array_sum/array_sum.perf.plain --  --cso /dev/null
key=plain, no.=36, <stderr>:
LENGTH=6400
elapsed cycles: 1275483
hi(checksum)=0x57A7870D1DBC1CD3
lo(checksum)=0xB319917D74559800
key=plain, no.=36, <checksum>:
0x57A7870D1DBC1CD3B319917D74559800
key=plain, no.=36, cso file:
/dev/null
----------------------------------------------
real command=cset shield -e /home/nrink/Projects/build/encode/encode/tests/array_sum/array_sum.perf.plain --  --cso /dev/null
key=plain, no.=37, <stderr>:
LENGTH=6400
elapsed cycles: 1384923
hi(checksum)=0x57A7870D1DBC1CD3
lo(checksum)=0xB319917D74559800
key=plain, no.=37, <checksum>:
0x57A7870D1DBC1CD3B319917D74559800
key=plain, no.=37, cso file:
/dev/null
----------------------------------------------
real command=cset shield -e /home/nrink/Projects/build/encode/encode/tests/array_sum/array_sum.perf.plain --  --cso /dev/null
key=plain, no.=38, <stderr>:
LENGTH=6400
elapsed cycles: 1262838
hi(checksum)=0x57A7870D1DBC1CD3
lo(checksum)=0xB319917D74559800
key=plain, no.=38, <checksum>:
0x57A7870D1DBC1CD3B319917D74559800
key=plain, no.=38, cso file:
/dev/null
----------------------------------------------
real command=cset shield -e /home/nrink/Projects/build/encode/encode/tests/array_sum/array_sum.perf.plain --  --cso /dev/null
key=plain, no.=39, <stderr>:
LENGTH=6400
elapsed cycles: 1470189
hi(checksum)=0x57A7870D1DBC1CD3
lo(checksum)=0xB319917D74559800
key=plain, no.=39, <checksum>:
0x57A7870D1DBC1CD3B319917D74559800
key=plain, no.=39, cso file:
/dev/null
----------------------------------------------
real command=cset shield -e /home/nrink/Projects/build/encode/encode/tests/array_sum/array_sum.perf.plain --  --cso /dev/null
key=plain, no.=40, <stderr>:
LENGTH=6400
elapsed cycles: 1263900
hi(checksum)=0x57A7870D1DBC1CD3
lo(checksum)=0xB319917D74559800
key=plain, no.=40, <checksum>:
0x57A7870D1DBC1CD3B319917D74559800
key=plain, no.=40, cso file:
/dev/null
----------------------------------------------
real command=cset shield -e /home/nrink/Projects/build/encode/encode/tests/array_sum/array_sum.perf.plain --  --cso /dev/null
key=plain, no.=41, <stderr>:
LENGTH=6400
elapsed cycles: 1259547
hi(checksum)=0x57A7870D1DBC1CD3
lo(checksum)=0xB319917D74559800
key=plain, no.=41, <checksum>:
0x57A7870D1DBC1CD3B319917D74559800
key=plain, no.=41, cso file:
/dev/null
----------------------------------------------
real command=cset shield -e /home/nrink/Projects/build/encode/encode/tests/array_sum/array_sum.perf.plain --  --cso /dev/null
key=plain, no.=42, <stderr>:
LENGTH=6400
elapsed cycles: 1295796
hi(checksum)=0x57A7870D1DBC1CD3
lo(checksum)=0xB319917D74559800
key=plain, no.=42, <checksum>:
0x57A7870D1DBC1CD3B319917D74559800
key=plain, no.=42, cso file:
/dev/null
----------------------------------------------
real command=cset shield -e /home/nrink/Projects/build/encode/encode/tests/array_sum/array_sum.perf.plain --  --cso /dev/null
key=plain, no.=43, <stderr>:
LENGTH=6400
elapsed cycles: 1294827
hi(checksum)=0x57A7870D1DBC1CD3
lo(checksum)=0xB319917D74559800
key=plain, no.=43, <checksum>:
0x57A7870D1DBC1CD3B319917D74559800
key=plain, no.=43, cso file:
/dev/null
----------------------------------------------
real command=cset shield -e /home/nrink/Projects/build/encode/encode/tests/array_sum/array_sum.perf.plain --  --cso /dev/null
key=plain, no.=44, <stderr>:
LENGTH=6400
elapsed cycles: 1294083
hi(checksum)=0x57A7870D1DBC1CD3
lo(checksum)=0xB319917D74559800
key=plain, no.=44, <checksum>:
0x57A7870D1DBC1CD3B319917D74559800
key=plain, no.=44, cso file:
/dev/null
----------------------------------------------
real command=cset shield -e /home/nrink/Projects/build/encode/encode/tests/array_sum/array_sum.perf.plain --  --cso /dev/null
key=plain, no.=45, <stderr>:
LENGTH=6400
elapsed cycles: 1295442
hi(checksum)=0x57A7870D1DBC1CD3
lo(checksum)=0xB319917D74559800
key=plain, no.=45, <checksum>:
0x57A7870D1DBC1CD3B319917D74559800
key=plain, no.=45, cso file:
/dev/null
----------------------------------------------
real command=cset shield -e /home/nrink/Projects/build/encode/encode/tests/array_sum/array_sum.perf.plain --  --cso /dev/null
key=plain, no.=46, <stderr>:
LENGTH=6400
elapsed cycles: 1293915
hi(checksum)=0x57A7870D1DBC1CD3
lo(checksum)=0xB319917D74559800
key=plain, no.=46, <checksum>:
0x57A7870D1DBC1CD3B319917D74559800
key=plain, no.=46, cso file:
/dev/null
----------------------------------------------
real command=cset shield -e /home/nrink/Projects/build/encode/encode/tests/array_sum/array_sum.perf.plain --  --cso /dev/null
key=plain, no.=47, <stderr>:
LENGTH=6400
elapsed cycles: 1407843
hi(checksum)=0x57A7870D1DBC1CD3
lo(checksum)=0xB319917D74559800
key=plain, no.=47, <checksum>:
0x57A7870D1DBC1CD3B319917D74559800
key=plain, no.=47, cso file:
/dev/null
----------------------------------------------
real command=cset shield -e /home/nrink/Projects/build/encode/encode/tests/array_sum/array_sum.perf.plain --  --cso /dev/null
key=plain, no.=48, <stderr>:
LENGTH=6400
elapsed cycles: 1261830
hi(checksum)=0x57A7870D1DBC1CD3
lo(checksum)=0xB319917D74559800
key=plain, no.=48, <checksum>:
0x57A7870D1DBC1CD3B319917D74559800
key=plain, no.=48, cso file:
/dev/null
----------------------------------------------
real command=cset shield -e /home/nrink/Projects/build/encode/encode/tests/array_sum/array_sum.perf.plain --  --cso /dev/null
key=plain, no.=49, <stderr>:
LENGTH=6400
elapsed cycles: 1295052
hi(checksum)=0x57A7870D1DBC1CD3
lo(checksum)=0xB319917D74559800
key=plain, no.=49, <checksum>:
0x57A7870D1DBC1CD3B319917D74559800
key=plain, no.=49, cso file:
/dev/null
----------------------------------------------
real command=cset shield -e /home/nrink/Projects/build/encode/encode/tests/array_sum/array_sum.perf.plain --  --cso /dev/null
key=plain, no.=50, <stderr>:
LENGTH=6400
elapsed cycles: 1261224
hi(checksum)=0x57A7870D1DBC1CD3
lo(checksum)=0xB319917D74559800
key=plain, no.=50, <checksum>:
0x57A7870D1DBC1CD3B319917D74559800
key=plain, no.=50, cso file:
/dev/null
----------------------------------------------
real command=cset shield -e /home/nrink/Projects/build/encode/encode/tests/array_sum/array_sum.perf.plain --  --cso /dev/null
key=plain, no.=51, <stderr>:
LENGTH=6400
elapsed cycles: 1292910
hi(checksum)=0x57A7870D1DBC1CD3
lo(checksum)=0xB319917D74559800
key=plain, no.=51, <checksum>:
0x57A7870D1DBC1CD3B319917D74559800
key=plain, no.=51, cso file:
/dev/null
----------------------------------------------
real command=cset shield -e /home/nrink/Projects/build/encode/encode/tests/array_sum/array_sum.perf.plain --  --cso /dev/null
key=plain, no.=52, <stderr>:
LENGTH=6400
elapsed cycles: 1293147
hi(checksum)=0x57A7870D1DBC1CD3
lo(checksum)=0xB319917D74559800
key=plain, no.=52, <checksum>:
0x57A7870D1DBC1CD3B319917D74559800
key=plain, no.=52, cso file:
/dev/null
----------------------------------------------
real command=cset shield -e /home/nrink/Projects/build/encode/encode/tests/array_sum/array_sum.perf.plain --  --cso /dev/null
key=plain, no.=53, <stderr>:
LENGTH=6400
elapsed cycles: 1262769
hi(checksum)=0x57A7870D1DBC1CD3
lo(checksum)=0xB319917D74559800
key=plain, no.=53, <checksum>:
0x57A7870D1DBC1CD3B319917D74559800
key=plain, no.=53, cso file:
/dev/null
----------------------------------------------
real command=cset shield -e /home/nrink/Projects/build/encode/encode/tests/array_sum/array_sum.perf.plain --  --cso /dev/null
key=plain, no.=54, <stderr>:
LENGTH=6400
elapsed cycles: 1295820
hi(checksum)=0x57A7870D1DBC1CD3
lo(checksum)=0xB319917D74559800
key=plain, no.=54, <checksum>:
0x57A7870D1DBC1CD3B319917D74559800
key=plain, no.=54, cso file:
/dev/null
----------------------------------------------
real command=cset shield -e /home/nrink/Projects/build/encode/encode/tests/array_sum/array_sum.perf.plain --  --cso /dev/null
key=plain, no.=55, <stderr>:
LENGTH=6400
elapsed cycles: 1294467
hi(checksum)=0x57A7870D1DBC1CD3
lo(checksum)=0xB319917D74559800
key=plain, no.=55, <checksum>:
0x57A7870D1DBC1CD3B319917D74559800
key=plain, no.=55, cso file:
/dev/null
----------------------------------------------
real command=cset shield -e /home/nrink/Projects/build/encode/encode/tests/array_sum/array_sum.perf.plain --  --cso /dev/null
key=plain, no.=56, <stderr>:
LENGTH=6400
elapsed cycles: 1262340
hi(checksum)=0x57A7870D1DBC1CD3
lo(checksum)=0xB319917D74559800
key=plain, no.=56, <checksum>:
0x57A7870D1DBC1CD3B319917D74559800
key=plain, no.=56, cso file:
/dev/null
----------------------------------------------
real command=cset shield -e /home/nrink/Projects/build/encode/encode/tests/array_sum/array_sum.perf.plain --  --cso /dev/null
key=plain, no.=57, <stderr>:
LENGTH=6400
elapsed cycles: 1259904
hi(checksum)=0x57A7870D1DBC1CD3
lo(checksum)=0xB319917D74559800
key=plain, no.=57, <checksum>:
0x57A7870D1DBC1CD3B319917D74559800
key=plain, no.=57, cso file:
/dev/null
----------------------------------------------
real command=cset shield -e /home/nrink/Projects/build/encode/encode/tests/array_sum/array_sum.perf.plain --  --cso /dev/null
key=plain, no.=58, <stderr>:
LENGTH=6400
elapsed cycles: 1261200
hi(checksum)=0x57A7870D1DBC1CD3
lo(checksum)=0xB319917D74559800
key=plain, no.=58, <checksum>:
0x57A7870D1DBC1CD3B319917D74559800
key=plain, no.=58, cso file:
/dev/null
----------------------------------------------
real command=cset shield -e /home/nrink/Projects/build/encode/encode/tests/array_sum/array_sum.perf.plain --  --cso /dev/null
key=plain, no.=59, <stderr>:
LENGTH=6400
elapsed cycles: 1263324
hi(checksum)=0x57A7870D1DBC1CD3
lo(checksum)=0xB319917D74559800
key=plain, no.=59, <checksum>:
0x57A7870D1DBC1CD3B319917D74559800
key=plain, no.=59, cso file:
/dev/null
----------------------------------------------
real command=cset shield -e /home/nrink/Projects/build/encode/encode/tests/array_sum/array_sum.perf.plain --  --cso /dev/null
key=plain, no.=60, <stderr>:
LENGTH=6400
elapsed cycles: 1261341
hi(checksum)=0x57A7870D1DBC1CD3
lo(checksum)=0xB319917D74559800
key=plain, no.=60, <checksum>:
0x57A7870D1DBC1CD3B319917D74559800
key=plain, no.=60, cso file:
/dev/null
----------------------------------------------
real command=cset shield -e /home/nrink/Projects/build/encode/encode/tests/array_sum/array_sum.perf.plain --  --cso /dev/null
key=plain, no.=61, <stderr>:
LENGTH=6400
elapsed cycles: 1407918
hi(checksum)=0x57A7870D1DBC1CD3
lo(checksum)=0xB319917D74559800
key=plain, no.=61, <checksum>:
0x57A7870D1DBC1CD3B319917D74559800
key=plain, no.=61, cso file:
/dev/null
----------------------------------------------
real command=cset shield -e /home/nrink/Projects/build/encode/encode/tests/array_sum/array_sum.perf.plain --  --cso /dev/null
key=plain, no.=62, <stderr>:
LENGTH=6400
elapsed cycles: 1313001
hi(checksum)=0x57A7870D1DBC1CD3
lo(checksum)=0xB319917D74559800
key=plain, no.=62, <checksum>:
0x57A7870D1DBC1CD3B319917D74559800
key=plain, no.=62, cso file:
/dev/null
----------------------------------------------
real command=cset shield -e /home/nrink/Projects/build/encode/encode/tests/array_sum/array_sum.perf.plain --  --cso /dev/null
key=plain, no.=63, <stderr>:
LENGTH=6400
elapsed cycles: 1279269
hi(checksum)=0x57A7870D1DBC1CD3
lo(checksum)=0xB319917D74559800
key=plain, no.=63, <checksum>:
0x57A7870D1DBC1CD3B319917D74559800
key=plain, no.=63, cso file:
/dev/null
----------------------------------------------
real command=cset shield -e /home/nrink/Projects/build/encode/encode/tests/array_sum/array_sum.perf.plain --  --cso /dev/null
key=plain, no.=64, <stderr>:
LENGTH=6400
elapsed cycles: 1263774
hi(checksum)=0x57A7870D1DBC1CD3
lo(checksum)=0xB319917D74559800
key=plain, no.=64, <checksum>:
0x57A7870D1DBC1CD3B319917D74559800
key=plain, no.=64, cso file:
/dev/null
----------------------------------------------
real command=cset shield -e /home/nrink/Projects/build/encode/encode/tests/array_sum/array_sum.perf.plain --  --cso /dev/null
key=plain, no.=65, <stderr>:
LENGTH=6400
elapsed cycles: 1268418
hi(checksum)=0x57A7870D1DBC1CD3
lo(checksum)=0xB319917D74559800
key=plain, no.=65, <checksum>:
0x57A7870D1DBC1CD3B319917D74559800
key=plain, no.=65, cso file:
/dev/null
----------------------------------------------
real command=cset shield -e /home/nrink/Projects/build/encode/encode/tests/array_sum/array_sum.perf.plain --  --cso /dev/null
key=plain, no.=66, <stderr>:
LENGTH=6400
elapsed cycles: 1272732
hi(checksum)=0x57A7870D1DBC1CD3
lo(checksum)=0xB319917D74559800
key=plain, no.=66, <checksum>:
0x57A7870D1DBC1CD3B319917D74559800
key=plain, no.=66, cso file:
/dev/null
----------------------------------------------
real command=cset shield -e /home/nrink/Projects/build/encode/encode/tests/array_sum/array_sum.perf.plain --  --cso /dev/null
key=plain, no.=67, <stderr>:
LENGTH=6400
elapsed cycles: 1273287
hi(checksum)=0x57A7870D1DBC1CD3
lo(checksum)=0xB319917D74559800
key=plain, no.=67, <checksum>:
0x57A7870D1DBC1CD3B319917D74559800
key=plain, no.=67, cso file:
/dev/null
----------------------------------------------
real command=cset shield -e /home/nrink/Projects/build/encode/encode/tests/array_sum/array_sum.perf.plain --  --cso /dev/null
key=plain, no.=68, <stderr>:
LENGTH=6400
elapsed cycles: 1280760
hi(checksum)=0x57A7870D1DBC1CD3
lo(checksum)=0xB319917D74559800
key=plain, no.=68, <checksum>:
0x57A7870D1DBC1CD3B319917D74559800
key=plain, no.=68, cso file:
/dev/null
----------------------------------------------
real command=cset shield -e /home/nrink/Projects/build/encode/encode/tests/array_sum/array_sum.perf.plain --  --cso /dev/null
key=plain, no.=69, <stderr>:
LENGTH=6400
elapsed cycles: 1265463
hi(checksum)=0x57A7870D1DBC1CD3
lo(checksum)=0xB319917D74559800
key=plain, no.=69, <checksum>:
0x57A7870D1DBC1CD3B319917D74559800
key=plain, no.=69, cso file:
/dev/null
----------------------------------------------
real command=cset shield -e /home/nrink/Projects/build/encode/encode/tests/array_sum/array_sum.perf.plain --  --cso /dev/null
key=plain, no.=70, <stderr>:
LENGTH=6400
elapsed cycles: 1261233
hi(checksum)=0x57A7870D1DBC1CD3
lo(checksum)=0xB319917D74559800
key=plain, no.=70, <checksum>:
0x57A7870D1DBC1CD3B319917D74559800
key=plain, no.=70, cso file:
/dev/null
----------------------------------------------
real command=cset shield -e /home/nrink/Projects/build/encode/encode/tests/array_sum/array_sum.perf.plain --  --cso /dev/null
key=plain, no.=71, <stderr>:
LENGTH=6400
elapsed cycles: 1292562
hi(checksum)=0x57A7870D1DBC1CD3
lo(checksum)=0xB319917D74559800
key=plain, no.=71, <checksum>:
0x57A7870D1DBC1CD3B319917D74559800
key=plain, no.=71, cso file:
/dev/null
----------------------------------------------
real command=cset shield -e /home/nrink/Projects/build/encode/encode/tests/array_sum/array_sum.perf.plain --  --cso /dev/null
key=plain, no.=72, <stderr>:
LENGTH=6400
elapsed cycles: 1294902
hi(checksum)=0x57A7870D1DBC1CD3
lo(checksum)=0xB319917D74559800
key=plain, no.=72, <checksum>:
0x57A7870D1DBC1CD3B319917D74559800
key=plain, no.=72, cso file:
/dev/null
----------------------------------------------
real command=cset shield -e /home/nrink/Projects/build/encode/encode/tests/array_sum/array_sum.perf.plain --  --cso /dev/null
key=plain, no.=73, <stderr>:
LENGTH=6400
elapsed cycles: 1262268
hi(checksum)=0x57A7870D1DBC1CD3
lo(checksum)=0xB319917D74559800
key=plain, no.=73, <checksum>:
0x57A7870D1DBC1CD3B319917D74559800
key=plain, no.=73, cso file:
/dev/null
----------------------------------------------
real command=cset shield -e /home/nrink/Projects/build/encode/encode/tests/array_sum/array_sum.perf.plain --  --cso /dev/null
key=plain, no.=74, <stderr>:
LENGTH=6400
elapsed cycles: 1407453
hi(checksum)=0x57A7870D1DBC1CD3
lo(checksum)=0xB319917D74559800
key=plain, no.=74, <checksum>:
0x57A7870D1DBC1CD3B319917D74559800
key=plain, no.=74, cso file:
/dev/null
----------------------------------------------
real command=cset shield -e /home/nrink/Projects/build/encode/encode/tests/array_sum/array_sum.perf.plain --  --cso /dev/null
key=plain, no.=75, <stderr>:
LENGTH=6400
elapsed cycles: 1262220
hi(checksum)=0x57A7870D1DBC1CD3
lo(checksum)=0xB319917D74559800
key=plain, no.=75, <checksum>:
0x57A7870D1DBC1CD3B319917D74559800
key=plain, no.=75, cso file:
/dev/null
----------------------------------------------
real command=cset shield -e /home/nrink/Projects/build/encode/encode/tests/array_sum/array_sum.perf.plain --  --cso /dev/null
key=plain, no.=76, <stderr>:
LENGTH=6400
elapsed cycles: 1262829
hi(checksum)=0x57A7870D1DBC1CD3
lo(checksum)=0xB319917D74559800
key=plain, no.=76, <checksum>:
0x57A7870D1DBC1CD3B319917D74559800
key=plain, no.=76, cso file:
/dev/null
----------------------------------------------
real command=cset shield -e /home/nrink/Projects/build/encode/encode/tests/array_sum/array_sum.perf.plain --  --cso /dev/null
key=plain, no.=77, <stderr>:
LENGTH=6400
elapsed cycles: 1316961
hi(checksum)=0x57A7870D1DBC1CD3
lo(checksum)=0xB319917D74559800
key=plain, no.=77, <checksum>:
0x57A7870D1DBC1CD3B319917D74559800
key=plain, no.=77, cso file:
/dev/null
----------------------------------------------
real command=cset shield -e /home/nrink/Projects/build/encode/encode/tests/array_sum/array_sum.perf.plain --  --cso /dev/null
key=plain, no.=78, <stderr>:
LENGTH=6400
elapsed cycles: 1262076
hi(checksum)=0x57A7870D1DBC1CD3
lo(checksum)=0xB319917D74559800
key=plain, no.=78, <checksum>:
0x57A7870D1DBC1CD3B319917D74559800
key=plain, no.=78, cso file:
/dev/null
----------------------------------------------
real command=cset shield -e /home/nrink/Projects/build/encode/encode/tests/array_sum/array_sum.perf.plain --  --cso /dev/null
key=plain, no.=79, <stderr>:
LENGTH=6400
elapsed cycles: 1296177
hi(checksum)=0x57A7870D1DBC1CD3
lo(checksum)=0xB319917D74559800
key=plain, no.=79, <checksum>:
0x57A7870D1DBC1CD3B319917D74559800
key=plain, no.=79, cso file:
/dev/null
----------------------------------------------
real command=cset shield -e /home/nrink/Projects/build/encode/encode/tests/array_sum/array_sum.perf.plain --  --cso /dev/null
key=plain, no.=80, <stderr>:
LENGTH=6400
elapsed cycles: 1372995
hi(checksum)=0x57A7870D1DBC1CD3
lo(checksum)=0xB319917D74559800
key=plain, no.=80, <checksum>:
0x57A7870D1DBC1CD3B319917D74559800
key=plain, no.=80, cso file:
/dev/null
----------------------------------------------
real command=cset shield -e /home/nrink/Projects/build/encode/encode/tests/array_sum/array_sum.perf.plain --  --cso /dev/null
key=plain, no.=81, <stderr>:
LENGTH=6400
elapsed cycles: 1296984
hi(checksum)=0x57A7870D1DBC1CD3
lo(checksum)=0xB319917D74559800
key=plain, no.=81, <checksum>:
0x57A7870D1DBC1CD3B319917D74559800
key=plain, no.=81, cso file:
/dev/null
----------------------------------------------
real command=cset shield -e /home/nrink/Projects/build/encode/encode/tests/array_sum/array_sum.perf.plain --  --cso /dev/null
key=plain, no.=82, <stderr>:
LENGTH=6400
elapsed cycles: 1293792
hi(checksum)=0x57A7870D1DBC1CD3
lo(checksum)=0xB319917D74559800
key=plain, no.=82, <checksum>:
0x57A7870D1DBC1CD3B319917D74559800
key=plain, no.=82, cso file:
/dev/null
----------------------------------------------
real command=cset shield -e /home/nrink/Projects/build/encode/encode/tests/array_sum/array_sum.perf.plain --  --cso /dev/null
key=plain, no.=83, <stderr>:
LENGTH=6400
elapsed cycles: 1297002
hi(checksum)=0x57A7870D1DBC1CD3
lo(checksum)=0xB319917D74559800
key=plain, no.=83, <checksum>:
0x57A7870D1DBC1CD3B319917D74559800
key=plain, no.=83, cso file:
/dev/null
----------------------------------------------
real command=cset shield -e /home/nrink/Projects/build/encode/encode/tests/array_sum/array_sum.perf.plain --  --cso /dev/null
key=plain, no.=84, <stderr>:
LENGTH=6400
elapsed cycles: 1294581
hi(checksum)=0x57A7870D1DBC1CD3
lo(checksum)=0xB319917D74559800
key=plain, no.=84, <checksum>:
0x57A7870D1DBC1CD3B319917D74559800
key=plain, no.=84, cso file:
/dev/null
----------------------------------------------
real command=cset shield -e /home/nrink/Projects/build/encode/encode/tests/array_sum/array_sum.perf.plain --  --cso /dev/null
key=plain, no.=85, <stderr>:
LENGTH=6400
elapsed cycles: 1261887
hi(checksum)=0x57A7870D1DBC1CD3
lo(checksum)=0xB319917D74559800
key=plain, no.=85, <checksum>:
0x57A7870D1DBC1CD3B319917D74559800
key=plain, no.=85, cso file:
/dev/null
----------------------------------------------
real command=cset shield -e /home/nrink/Projects/build/encode/encode/tests/array_sum/array_sum.perf.plain --  --cso /dev/null
key=plain, no.=86, <stderr>:
LENGTH=6400
elapsed cycles: 1421982
hi(checksum)=0x57A7870D1DBC1CD3
lo(checksum)=0xB319917D74559800
key=plain, no.=86, <checksum>:
0x57A7870D1DBC1CD3B319917D74559800
key=plain, no.=86, cso file:
/dev/null
----------------------------------------------
real command=cset shield -e /home/nrink/Projects/build/encode/encode/tests/array_sum/array_sum.perf.plain --  --cso /dev/null
key=plain, no.=87, <stderr>:
LENGTH=6400
elapsed cycles: 1262469
hi(checksum)=0x57A7870D1DBC1CD3
lo(checksum)=0xB319917D74559800
key=plain, no.=87, <checksum>:
0x57A7870D1DBC1CD3B319917D74559800
key=plain, no.=87, cso file:
/dev/null
----------------------------------------------
real command=cset shield -e /home/nrink/Projects/build/encode/encode/tests/array_sum/array_sum.perf.plain --  --cso /dev/null
key=plain, no.=88, <stderr>:
LENGTH=6400
elapsed cycles: 1261086
hi(checksum)=0x57A7870D1DBC1CD3
lo(checksum)=0xB319917D74559800
key=plain, no.=88, <checksum>:
0x57A7870D1DBC1CD3B319917D74559800
key=plain, no.=88, cso file:
/dev/null
----------------------------------------------
real command=cset shield -e /home/nrink/Projects/build/encode/encode/tests/array_sum/array_sum.perf.plain --  --cso /dev/null
key=plain, no.=89, <stderr>:
LENGTH=6400
elapsed cycles: 1259892
hi(checksum)=0x57A7870D1DBC1CD3
lo(checksum)=0xB319917D74559800
key=plain, no.=89, <checksum>:
0x57A7870D1DBC1CD3B319917D74559800
key=plain, no.=89, cso file:
/dev/null
----------------------------------------------
real command=cset shield -e /home/nrink/Projects/build/encode/encode/tests/array_sum/array_sum.perf.plain --  --cso /dev/null
key=plain, no.=90, <stderr>:
LENGTH=6400
elapsed cycles: 1295370
hi(checksum)=0x57A7870D1DBC1CD3
lo(checksum)=0xB319917D74559800
key=plain, no.=90, <checksum>:
0x57A7870D1DBC1CD3B319917D74559800
key=plain, no.=90, cso file:
/dev/null
----------------------------------------------
real command=cset shield -e /home/nrink/Projects/build/encode/encode/tests/array_sum/array_sum.perf.plain --  --cso /dev/null
key=plain, no.=91, <stderr>:
LENGTH=6400
elapsed cycles: 1259919
hi(checksum)=0x57A7870D1DBC1CD3
lo(checksum)=0xB319917D74559800
key=plain, no.=91, <checksum>:
0x57A7870D1DBC1CD3B319917D74559800
key=plain, no.=91, cso file:
/dev/null
----------------------------------------------
real command=cset shield -e /home/nrink/Projects/build/encode/encode/tests/array_sum/array_sum.perf.plain --  --cso /dev/null
key=plain, no.=92, <stderr>:
LENGTH=6400
elapsed cycles: 1262121
hi(checksum)=0x57A7870D1DBC1CD3
lo(checksum)=0xB319917D74559800
key=plain, no.=92, <checksum>:
0x57A7870D1DBC1CD3B319917D74559800
key=plain, no.=92, cso file:
/dev/null
----------------------------------------------
real command=cset shield -e /home/nrink/Projects/build/encode/encode/tests/array_sum/array_sum.perf.plain --  --cso /dev/null
key=plain, no.=93, <stderr>:
LENGTH=6400
elapsed cycles: 1259646
hi(checksum)=0x57A7870D1DBC1CD3
lo(checksum)=0xB319917D74559800
key=plain, no.=93, <checksum>:
0x57A7870D1DBC1CD3B319917D74559800
key=plain, no.=93, cso file:
/dev/null
----------------------------------------------
real command=cset shield -e /home/nrink/Projects/build/encode/encode/tests/array_sum/array_sum.perf.plain --  --cso /dev/null
key=plain, no.=94, <stderr>:
LENGTH=6400
elapsed cycles: 1262751
hi(checksum)=0x57A7870D1DBC1CD3
lo(checksum)=0xB319917D74559800
key=plain, no.=94, <checksum>:
0x57A7870D1DBC1CD3B319917D74559800
key=plain, no.=94, cso file:
/dev/null
----------------------------------------------
real command=cset shield -e /home/nrink/Projects/build/encode/encode/tests/array_sum/array_sum.perf.plain --  --cso /dev/null
key=plain, no.=95, <stderr>:
LENGTH=6400
elapsed cycles: 1264401
hi(checksum)=0x57A7870D1DBC1CD3
lo(checksum)=0xB319917D74559800
key=plain, no.=95, <checksum>:
0x57A7870D1DBC1CD3B319917D74559800
key=plain, no.=95, cso file:
/dev/null
----------------------------------------------
real command=cset shield -e /home/nrink/Projects/build/encode/encode/tests/array_sum/array_sum.perf.plain --  --cso /dev/null
key=plain, no.=96, <stderr>:
LENGTH=6400
elapsed cycles: 1262532
hi(checksum)=0x57A7870D1DBC1CD3
lo(checksum)=0xB319917D74559800
key=plain, no.=96, <checksum>:
0x57A7870D1DBC1CD3B319917D74559800
key=plain, no.=96, cso file:
/dev/null
----------------------------------------------
real command=cset shield -e /home/nrink/Projects/build/encode/encode/tests/array_sum/array_sum.perf.plain --  --cso /dev/null
key=plain, no.=97, <stderr>:
LENGTH=6400
elapsed cycles: 1262679
hi(checksum)=0x57A7870D1DBC1CD3
lo(checksum)=0xB319917D74559800
key=plain, no.=97, <checksum>:
0x57A7870D1DBC1CD3B319917D74559800
key=plain, no.=97, cso file:
/dev/null
----------------------------------------------
real command=cset shield -e /home/nrink/Projects/build/encode/encode/tests/array_sum/array_sum.perf.plain --  --cso /dev/null
key=plain, no.=98, <stderr>:
LENGTH=6400
elapsed cycles: 1274355
hi(checksum)=0x57A7870D1DBC1CD3
lo(checksum)=0xB319917D74559800
key=plain, no.=98, <checksum>:
0x57A7870D1DBC1CD3B319917D74559800
key=plain, no.=98, cso file:
/dev/null
----------------------------------------------
real command=cset shield -e /home/nrink/Projects/build/encode/encode/tests/array_sum/array_sum.perf.plain --  --cso /dev/null
key=plain, no.=99, <stderr>:
LENGTH=6400
elapsed cycles: 1295619
hi(checksum)=0x57A7870D1DBC1CD3
lo(checksum)=0xB319917D74559800
key=plain, no.=99, <checksum>:
0x57A7870D1DBC1CD3B319917D74559800
key=plain, no.=99, cso file:
/dev/null
----------------------------------------------
key=encoded, runs=100 ...
command=/home/nrink/Projects/build/encode/encode/tests/array_sum/array_sum.perf.encoded
----------------------------------------------
real command=cset shield -e /home/nrink/Projects/build/encode/encode/tests/array_sum/array_sum.perf.encoded --  --cso /dev/null
key=encoded, no.=0, <stderr>:
LENGTH=6400
elapsed cycles: 4549437
hi(checksum)=0x57A7870D1DBC1CD3
lo(checksum)=0xB319917D74559800
key=encoded, no.=0, <checksum>:
0x57A7870D1DBC1CD3B319917D74559800
key=encoded, no.=0, cso file:
/dev/null
----------------------------------------------
real command=cset shield -e /home/nrink/Projects/build/encode/encode/tests/array_sum/array_sum.perf.encoded --  --cso /dev/null
key=encoded, no.=1, <stderr>:
LENGTH=6400
elapsed cycles: 4513278
hi(checksum)=0x57A7870D1DBC1CD3
lo(checksum)=0xB319917D74559800
key=encoded, no.=1, <checksum>:
0x57A7870D1DBC1CD3B319917D74559800
key=encoded, no.=1, cso file:
/dev/null
----------------------------------------------
real command=cset shield -e /home/nrink/Projects/build/encode/encode/tests/array_sum/array_sum.perf.encoded --  --cso /dev/null
key=encoded, no.=2, <stderr>:
LENGTH=6400
elapsed cycles: 4403088
hi(checksum)=0x57A7870D1DBC1CD3
lo(checksum)=0xB319917D74559800
key=encoded, no.=2, <checksum>:
0x57A7870D1DBC1CD3B319917D74559800
key=encoded, no.=2, cso file:
/dev/null
----------------------------------------------
real command=cset shield -e /home/nrink/Projects/build/encode/encode/tests/array_sum/array_sum.perf.encoded --  --cso /dev/null
key=encoded, no.=3, <stderr>:
LENGTH=6400
elapsed cycles: 4404633
hi(checksum)=0x57A7870D1DBC1CD3
lo(checksum)=0xB319917D74559800
key=encoded, no.=3, <checksum>:
0x57A7870D1DBC1CD3B319917D74559800
key=encoded, no.=3, cso file:
/dev/null
----------------------------------------------
real command=cset shield -e /home/nrink/Projects/build/encode/encode/tests/array_sum/array_sum.perf.encoded --  --cso /dev/null
key=encoded, no.=4, <stderr>:
LENGTH=6400
elapsed cycles: 4405170
hi(checksum)=0x57A7870D1DBC1CD3
lo(checksum)=0xB319917D74559800
key=encoded, no.=4, <checksum>:
0x57A7870D1DBC1CD3B319917D74559800
key=encoded, no.=4, cso file:
/dev/null
----------------------------------------------
real command=cset shield -e /home/nrink/Projects/build/encode/encode/tests/array_sum/array_sum.perf.encoded --  --cso /dev/null
key=encoded, no.=5, <stderr>:
LENGTH=6400
elapsed cycles: 4409289
hi(checksum)=0x57A7870D1DBC1CD3
lo(checksum)=0xB319917D74559800
key=encoded, no.=5, <checksum>:
0x57A7870D1DBC1CD3B319917D74559800
key=encoded, no.=5, cso file:
/dev/null
----------------------------------------------
real command=cset shield -e /home/nrink/Projects/build/encode/encode/tests/array_sum/array_sum.perf.encoded --  --cso /dev/null
key=encoded, no.=6, <stderr>:
LENGTH=6400
elapsed cycles: 4589544
hi(checksum)=0x57A7870D1DBC1CD3
lo(checksum)=0xB319917D74559800
key=encoded, no.=6, <checksum>:
0x57A7870D1DBC1CD3B319917D74559800
key=encoded, no.=6, cso file:
/dev/null
----------------------------------------------
real command=cset shield -e /home/nrink/Projects/build/encode/encode/tests/array_sum/array_sum.perf.encoded --  --cso /dev/null
key=encoded, no.=7, <stderr>:
LENGTH=6400
elapsed cycles: 4517418
hi(checksum)=0x57A7870D1DBC1CD3
lo(checksum)=0xB319917D74559800
key=encoded, no.=7, <checksum>:
0x57A7870D1DBC1CD3B319917D74559800
key=encoded, no.=7, cso file:
/dev/null
----------------------------------------------
real command=cset shield -e /home/nrink/Projects/build/encode/encode/tests/array_sum/array_sum.perf.encoded --  --cso /dev/null
key=encoded, no.=8, <stderr>:
LENGTH=6400
elapsed cycles: 4515024
hi(checksum)=0x57A7870D1DBC1CD3
lo(checksum)=0xB319917D74559800
key=encoded, no.=8, <checksum>:
0x57A7870D1DBC1CD3B319917D74559800
key=encoded, no.=8, cso file:
/dev/null
----------------------------------------------
real command=cset shield -e /home/nrink/Projects/build/encode/encode/tests/array_sum/array_sum.perf.encoded --  --cso /dev/null
key=encoded, no.=9, <stderr>:
LENGTH=6400
elapsed cycles: 4404744
hi(checksum)=0x57A7870D1DBC1CD3
lo(checksum)=0xB319917D74559800
key=encoded, no.=9, <checksum>:
0x57A7870D1DBC1CD3B319917D74559800
key=encoded, no.=9, cso file:
/dev/null
----------------------------------------------
real command=cset shield -e /home/nrink/Projects/build/encode/encode/tests/array_sum/array_sum.perf.encoded --  --cso /dev/null
key=encoded, no.=10, <stderr>:
LENGTH=6400
elapsed cycles: 4404141
hi(checksum)=0x57A7870D1DBC1CD3
lo(checksum)=0xB319917D74559800
key=encoded, no.=10, <checksum>:
0x57A7870D1DBC1CD3B319917D74559800
key=encoded, no.=10, cso file:
/dev/null
----------------------------------------------
real command=cset shield -e /home/nrink/Projects/build/encode/encode/tests/array_sum/array_sum.perf.encoded --  --cso /dev/null
key=encoded, no.=11, <stderr>:
LENGTH=6400
elapsed cycles: 4520529
hi(checksum)=0x57A7870D1DBC1CD3
lo(checksum)=0xB319917D74559800
key=encoded, no.=11, <checksum>:
0x57A7870D1DBC1CD3B319917D74559800
key=encoded, no.=11, cso file:
/dev/null
----------------------------------------------
real command=cset shield -e /home/nrink/Projects/build/encode/encode/tests/array_sum/array_sum.perf.encoded --  --cso /dev/null
key=encoded, no.=12, <stderr>:
LENGTH=6400
elapsed cycles: 4405602
hi(checksum)=0x57A7870D1DBC1CD3
lo(checksum)=0xB319917D74559800
key=encoded, no.=12, <checksum>:
0x57A7870D1DBC1CD3B319917D74559800
key=encoded, no.=12, cso file:
/dev/null
----------------------------------------------
real command=cset shield -e /home/nrink/Projects/build/encode/encode/tests/array_sum/array_sum.perf.encoded --  --cso /dev/null
key=encoded, no.=13, <stderr>:
LENGTH=6400
elapsed cycles: 4409571
hi(checksum)=0x57A7870D1DBC1CD3
lo(checksum)=0xB319917D74559800
key=encoded, no.=13, <checksum>:
0x57A7870D1DBC1CD3B319917D74559800
key=encoded, no.=13, cso file:
/dev/null
----------------------------------------------
real command=cset shield -e /home/nrink/Projects/build/encode/encode/tests/array_sum/array_sum.perf.encoded --  --cso /dev/null
key=encoded, no.=14, <stderr>:
LENGTH=6400
elapsed cycles: 4517247
hi(checksum)=0x57A7870D1DBC1CD3
lo(checksum)=0xB319917D74559800
key=encoded, no.=14, <checksum>:
0x57A7870D1DBC1CD3B319917D74559800
key=encoded, no.=14, cso file:
/dev/null
----------------------------------------------
real command=cset shield -e /home/nrink/Projects/build/encode/encode/tests/array_sum/array_sum.perf.encoded --  --cso /dev/null
key=encoded, no.=15, <stderr>:
LENGTH=6400
elapsed cycles: 4402557
hi(checksum)=0x57A7870D1DBC1CD3
lo(checksum)=0xB319917D74559800
key=encoded, no.=15, <checksum>:
0x57A7870D1DBC1CD3B319917D74559800
key=encoded, no.=15, cso file:
/dev/null
----------------------------------------------
real command=cset shield -e /home/nrink/Projects/build/encode/encode/tests/array_sum/array_sum.perf.encoded --  --cso /dev/null
key=encoded, no.=16, <stderr>:
LENGTH=6400
elapsed cycles: 4434207
hi(checksum)=0x57A7870D1DBC1CD3
lo(checksum)=0xB319917D74559800
key=encoded, no.=16, <checksum>:
0x57A7870D1DBC1CD3B319917D74559800
key=encoded, no.=16, cso file:
/dev/null
----------------------------------------------
real command=cset shield -e /home/nrink/Projects/build/encode/encode/tests/array_sum/array_sum.perf.encoded --  --cso /dev/null
key=encoded, no.=17, <stderr>:
LENGTH=6400
elapsed cycles: 4406211
hi(checksum)=0x57A7870D1DBC1CD3
lo(checksum)=0xB319917D74559800
key=encoded, no.=17, <checksum>:
0x57A7870D1DBC1CD3B319917D74559800
key=encoded, no.=17, cso file:
/dev/null
----------------------------------------------
real command=cset shield -e /home/nrink/Projects/build/encode/encode/tests/array_sum/array_sum.perf.encoded --  --cso /dev/null
key=encoded, no.=18, <stderr>:
LENGTH=6400
elapsed cycles: 4660878
hi(checksum)=0x57A7870D1DBC1CD3
lo(checksum)=0xB319917D74559800
key=encoded, no.=18, <checksum>:
0x57A7870D1DBC1CD3B319917D74559800
key=encoded, no.=18, cso file:
/dev/null
----------------------------------------------
real command=cset shield -e /home/nrink/Projects/build/encode/encode/tests/array_sum/array_sum.perf.encoded --  --cso /dev/null
key=encoded, no.=19, <stderr>:
LENGTH=6400
elapsed cycles: 4518300
hi(checksum)=0x57A7870D1DBC1CD3
lo(checksum)=0xB319917D74559800
key=encoded, no.=19, <checksum>:
0x57A7870D1DBC1CD3B319917D74559800
key=encoded, no.=19, cso file:
/dev/null
----------------------------------------------
real command=cset shield -e /home/nrink/Projects/build/encode/encode/tests/array_sum/array_sum.perf.encoded --  --cso /dev/null
key=encoded, no.=20, <stderr>:
LENGTH=6400
elapsed cycles: 4408170
hi(checksum)=0x57A7870D1DBC1CD3
lo(checksum)=0xB319917D74559800
key=encoded, no.=20, <checksum>:
0x57A7870D1DBC1CD3B319917D74559800
key=encoded, no.=20, cso file:
/dev/null
----------------------------------------------
real command=cset shield -e /home/nrink/Projects/build/encode/encode/tests/array_sum/array_sum.perf.encoded --  --cso /dev/null
key=encoded, no.=21, <stderr>:
LENGTH=6400
elapsed cycles: 4407978
hi(checksum)=0x57A7870D1DBC1CD3
lo(checksum)=0xB319917D74559800
key=encoded, no.=21, <checksum>:
0x57A7870D1DBC1CD3B319917D74559800
key=encoded, no.=21, cso file:
/dev/null
----------------------------------------------
real command=cset shield -e /home/nrink/Projects/build/encode/encode/tests/array_sum/array_sum.perf.encoded --  --cso /dev/null
key=encoded, no.=22, <stderr>:
LENGTH=6400
elapsed cycles: 4410579
hi(checksum)=0x57A7870D1DBC1CD3
lo(checksum)=0xB319917D74559800
key=encoded, no.=22, <checksum>:
0x57A7870D1DBC1CD3B319917D74559800
key=encoded, no.=22, cso file:
/dev/null
----------------------------------------------
real command=cset shield -e /home/nrink/Projects/build/encode/encode/tests/array_sum/array_sum.perf.encoded --  --cso /dev/null
key=encoded, no.=23, <stderr>:
LENGTH=6400
elapsed cycles: 4477860
hi(checksum)=0x57A7870D1DBC1CD3
lo(checksum)=0xB319917D74559800
key=encoded, no.=23, <checksum>:
0x57A7870D1DBC1CD3B319917D74559800
key=encoded, no.=23, cso file:
/dev/null
----------------------------------------------
real command=cset shield -e /home/nrink/Projects/build/encode/encode/tests/array_sum/array_sum.perf.encoded --  --cso /dev/null
key=encoded, no.=24, <stderr>:
LENGTH=6400
elapsed cycles: 4407261
hi(checksum)=0x57A7870D1DBC1CD3
lo(checksum)=0xB319917D74559800
key=encoded, no.=24, <checksum>:
0x57A7870D1DBC1CD3B319917D74559800
key=encoded, no.=24, cso file:
/dev/null
----------------------------------------------
real command=cset shield -e /home/nrink/Projects/build/encode/encode/tests/array_sum/array_sum.perf.encoded --  --cso /dev/null
key=encoded, no.=25, <stderr>:
LENGTH=6400
elapsed cycles: 4518654
hi(checksum)=0x57A7870D1DBC1CD3
lo(checksum)=0xB319917D74559800
key=encoded, no.=25, <checksum>:
0x57A7870D1DBC1CD3B319917D74559800
key=encoded, no.=25, cso file:
/dev/null
----------------------------------------------
real command=cset shield -e /home/nrink/Projects/build/encode/encode/tests/array_sum/array_sum.perf.encoded --  --cso /dev/null
key=encoded, no.=26, <stderr>:
LENGTH=6400
elapsed cycles: 4525782
hi(checksum)=0x57A7870D1DBC1CD3
lo(checksum)=0xB319917D74559800
key=encoded, no.=26, <checksum>:
0x57A7870D1DBC1CD3B319917D74559800
key=encoded, no.=26, cso file:
/dev/null
----------------------------------------------
real command=cset shield -e /home/nrink/Projects/build/encode/encode/tests/array_sum/array_sum.perf.encoded --  --cso /dev/null
key=encoded, no.=27, <stderr>:
LENGTH=6400
elapsed cycles: 4520544
hi(checksum)=0x57A7870D1DBC1CD3
lo(checksum)=0xB319917D74559800
key=encoded, no.=27, <checksum>:
0x57A7870D1DBC1CD3B319917D74559800
key=encoded, no.=27, cso file:
/dev/null
----------------------------------------------
real command=cset shield -e /home/nrink/Projects/build/encode/encode/tests/array_sum/array_sum.perf.encoded --  --cso /dev/null
key=encoded, no.=28, <stderr>:
LENGTH=6400
elapsed cycles: 4407486
hi(checksum)=0x57A7870D1DBC1CD3
lo(checksum)=0xB319917D74559800
key=encoded, no.=28, <checksum>:
0x57A7870D1DBC1CD3B319917D74559800
key=encoded, no.=28, cso file:
/dev/null
----------------------------------------------
real command=cset shield -e /home/nrink/Projects/build/encode/encode/tests/array_sum/array_sum.perf.encoded --  --cso /dev/null
key=encoded, no.=29, <stderr>:
LENGTH=6400
elapsed cycles: 4406349
hi(checksum)=0x57A7870D1DBC1CD3
lo(checksum)=0xB319917D74559800
key=encoded, no.=29, <checksum>:
0x57A7870D1DBC1CD3B319917D74559800
key=encoded, no.=29, cso file:
/dev/null
----------------------------------------------
real command=cset shield -e /home/nrink/Projects/build/encode/encode/tests/array_sum/array_sum.perf.encoded --  --cso /dev/null
key=encoded, no.=30, <stderr>:
LENGTH=6400
elapsed cycles: 4403442
hi(checksum)=0x57A7870D1DBC1CD3
lo(checksum)=0xB319917D74559800
key=encoded, no.=30, <checksum>:
0x57A7870D1DBC1CD3B319917D74559800
key=encoded, no.=30, cso file:
/dev/null
----------------------------------------------
real command=cset shield -e /home/nrink/Projects/build/encode/encode/tests/array_sum/array_sum.perf.encoded --  --cso /dev/null
key=encoded, no.=31, <stderr>:
LENGTH=6400
elapsed cycles: 4404846
hi(checksum)=0x57A7870D1DBC1CD3
lo(checksum)=0xB319917D74559800
key=encoded, no.=31, <checksum>:
0x57A7870D1DBC1CD3B319917D74559800
key=encoded, no.=31, cso file:
/dev/null
----------------------------------------------
real command=cset shield -e /home/nrink/Projects/build/encode/encode/tests/array_sum/array_sum.perf.encoded --  --cso /dev/null
key=encoded, no.=32, <stderr>:
LENGTH=6400
elapsed cycles: 4437330
hi(checksum)=0x57A7870D1DBC1CD3
lo(checksum)=0xB319917D74559800
key=encoded, no.=32, <checksum>:
0x57A7870D1DBC1CD3B319917D74559800
key=encoded, no.=32, cso file:
/dev/null
----------------------------------------------
real command=cset shield -e /home/nrink/Projects/build/encode/encode/tests/array_sum/array_sum.perf.encoded --  --cso /dev/null
key=encoded, no.=33, <stderr>:
LENGTH=6400
elapsed cycles: 4435923
hi(checksum)=0x57A7870D1DBC1CD3
lo(checksum)=0xB319917D74559800
key=encoded, no.=33, <checksum>:
0x57A7870D1DBC1CD3B319917D74559800
key=encoded, no.=33, cso file:
/dev/null
----------------------------------------------
real command=cset shield -e /home/nrink/Projects/build/encode/encode/tests/array_sum/array_sum.perf.encoded --  --cso /dev/null
key=encoded, no.=34, <stderr>:
LENGTH=6400
elapsed cycles: 4595844
hi(checksum)=0x57A7870D1DBC1CD3
lo(checksum)=0xB319917D74559800
key=encoded, no.=34, <checksum>:
0x57A7870D1DBC1CD3B319917D74559800
key=encoded, no.=34, cso file:
/dev/null
----------------------------------------------
real command=cset shield -e /home/nrink/Projects/build/encode/encode/tests/array_sum/array_sum.perf.encoded --  --cso /dev/null
key=encoded, no.=35, <stderr>:
LENGTH=6400
elapsed cycles: 4588269
hi(checksum)=0x57A7870D1DBC1CD3
lo(checksum)=0xB319917D74559800
key=encoded, no.=35, <checksum>:
0x57A7870D1DBC1CD3B319917D74559800
key=encoded, no.=35, cso file:
/dev/null
----------------------------------------------
real command=cset shield -e /home/nrink/Projects/build/encode/encode/tests/array_sum/array_sum.perf.encoded --  --cso /dev/null
key=encoded, no.=36, <stderr>:
LENGTH=6400
elapsed cycles: 4624383
hi(checksum)=0x57A7870D1DBC1CD3
lo(checksum)=0xB319917D74559800
key=encoded, no.=36, <checksum>:
0x57A7870D1DBC1CD3B319917D74559800
key=encoded, no.=36, cso file:
/dev/null
----------------------------------------------
real command=cset shield -e /home/nrink/Projects/build/encode/encode/tests/array_sum/array_sum.perf.encoded --  --cso /dev/null
key=encoded, no.=37, <stderr>:
LENGTH=6400
elapsed cycles: 4596321
hi(checksum)=0x57A7870D1DBC1CD3
lo(checksum)=0xB319917D74559800
key=encoded, no.=37, <checksum>:
0x57A7870D1DBC1CD3B319917D74559800
key=encoded, no.=37, cso file:
/dev/null
----------------------------------------------
real command=cset shield -e /home/nrink/Projects/build/encode/encode/tests/array_sum/array_sum.perf.encoded --  --cso /dev/null
key=encoded, no.=38, <stderr>:
LENGTH=6400
elapsed cycles: 4552641
hi(checksum)=0x57A7870D1DBC1CD3
lo(checksum)=0xB319917D74559800
key=encoded, no.=38, <checksum>:
0x57A7870D1DBC1CD3B319917D74559800
key=encoded, no.=38, cso file:
/dev/null
----------------------------------------------
real command=cset shield -e /home/nrink/Projects/build/encode/encode/tests/array_sum/array_sum.perf.encoded --  --cso /dev/null
key=encoded, no.=39, <stderr>:
LENGTH=6400
elapsed cycles: 4436358
hi(checksum)=0x57A7870D1DBC1CD3
lo(checksum)=0xB319917D74559800
key=encoded, no.=39, <checksum>:
0x57A7870D1DBC1CD3B319917D74559800
key=encoded, no.=39, cso file:
/dev/null
----------------------------------------------
real command=cset shield -e /home/nrink/Projects/build/encode/encode/tests/array_sum/array_sum.perf.encoded --  --cso /dev/null
key=encoded, no.=40, <stderr>:
LENGTH=6400
elapsed cycles: 4411893
hi(checksum)=0x57A7870D1DBC1CD3
lo(checksum)=0xB319917D74559800
key=encoded, no.=40, <checksum>:
0x57A7870D1DBC1CD3B319917D74559800
key=encoded, no.=40, cso file:
/dev/null
----------------------------------------------
real command=cset shield -e /home/nrink/Projects/build/encode/encode/tests/array_sum/array_sum.perf.encoded --  --cso /dev/null
key=encoded, no.=41, <stderr>:
LENGTH=6400
elapsed cycles: 4403859
hi(checksum)=0x57A7870D1DBC1CD3
lo(checksum)=0xB319917D74559800
key=encoded, no.=41, <checksum>:
0x57A7870D1DBC1CD3B319917D74559800
key=encoded, no.=41, cso file:
/dev/null
----------------------------------------------
real command=cset shield -e /home/nrink/Projects/build/encode/encode/tests/array_sum/array_sum.perf.encoded --  --cso /dev/null
key=encoded, no.=42, <stderr>:
LENGTH=6400
elapsed cycles: 4405674
hi(checksum)=0x57A7870D1DBC1CD3
lo(checksum)=0xB319917D74559800
key=encoded, no.=42, <checksum>:
0x57A7870D1DBC1CD3B319917D74559800
key=encoded, no.=42, cso file:
/dev/null
----------------------------------------------
real command=cset shield -e /home/nrink/Projects/build/encode/encode/tests/array_sum/array_sum.perf.encoded --  --cso /dev/null
key=encoded, no.=43, <stderr>:
LENGTH=6400
elapsed cycles: 4513263
hi(checksum)=0x57A7870D1DBC1CD3
lo(checksum)=0xB319917D74559800
key=encoded, no.=43, <checksum>:
0x57A7870D1DBC1CD3B319917D74559800
key=encoded, no.=43, cso file:
/dev/null
----------------------------------------------
real command=cset shield -e /home/nrink/Projects/build/encode/encode/tests/array_sum/array_sum.perf.encoded --  --cso /dev/null
key=encoded, no.=44, <stderr>:
LENGTH=6400
elapsed cycles: 4413822
hi(checksum)=0x57A7870D1DBC1CD3
lo(checksum)=0xB319917D74559800
key=encoded, no.=44, <checksum>:
0x57A7870D1DBC1CD3B319917D74559800
key=encoded, no.=44, cso file:
/dev/null
----------------------------------------------
real command=cset shield -e /home/nrink/Projects/build/encode/encode/tests/array_sum/array_sum.perf.encoded --  --cso /dev/null
key=encoded, no.=45, <stderr>:
LENGTH=6400
elapsed cycles: 4554963
hi(checksum)=0x57A7870D1DBC1CD3
lo(checksum)=0xB319917D74559800
key=encoded, no.=45, <checksum>:
0x57A7870D1DBC1CD3B319917D74559800
key=encoded, no.=45, cso file:
/dev/null
----------------------------------------------
real command=cset shield -e /home/nrink/Projects/build/encode/encode/tests/array_sum/array_sum.perf.encoded --  --cso /dev/null
key=encoded, no.=46, <stderr>:
LENGTH=6400
elapsed cycles: 4593678
hi(checksum)=0x57A7870D1DBC1CD3
lo(checksum)=0xB319917D74559800
key=encoded, no.=46, <checksum>:
0x57A7870D1DBC1CD3B319917D74559800
key=encoded, no.=46, cso file:
/dev/null
----------------------------------------------
real command=cset shield -e /home/nrink/Projects/build/encode/encode/tests/array_sum/array_sum.perf.encoded --  --cso /dev/null
key=encoded, no.=47, <stderr>:
LENGTH=6400
elapsed cycles: 4417365
hi(checksum)=0x57A7870D1DBC1CD3
lo(checksum)=0xB319917D74559800
key=encoded, no.=47, <checksum>:
0x57A7870D1DBC1CD3B319917D74559800
key=encoded, no.=47, cso file:
/dev/null
----------------------------------------------
real command=cset shield -e /home/nrink/Projects/build/encode/encode/tests/array_sum/array_sum.perf.encoded --  --cso /dev/null
key=encoded, no.=48, <stderr>:
LENGTH=6400
elapsed cycles: 4436661
hi(checksum)=0x57A7870D1DBC1CD3
lo(checksum)=0xB319917D74559800
key=encoded, no.=48, <checksum>:
0x57A7870D1DBC1CD3B319917D74559800
key=encoded, no.=48, cso file:
/dev/null
----------------------------------------------
real command=cset shield -e /home/nrink/Projects/build/encode/encode/tests/array_sum/array_sum.perf.encoded --  --cso /dev/null
key=encoded, no.=49, <stderr>:
LENGTH=6400
elapsed cycles: 4401774
hi(checksum)=0x57A7870D1DBC1CD3
lo(checksum)=0xB319917D74559800
key=encoded, no.=49, <checksum>:
0x57A7870D1DBC1CD3B319917D74559800
key=encoded, no.=49, cso file:
/dev/null
----------------------------------------------
real command=cset shield -e /home/nrink/Projects/build/encode/encode/tests/array_sum/array_sum.perf.encoded --  --cso /dev/null
key=encoded, no.=50, <stderr>:
LENGTH=6400
elapsed cycles: 4436778
hi(checksum)=0x57A7870D1DBC1CD3
lo(checksum)=0xB319917D74559800
key=encoded, no.=50, <checksum>:
0x57A7870D1DBC1CD3B319917D74559800
key=encoded, no.=50, cso file:
/dev/null
----------------------------------------------
real command=cset shield -e /home/nrink/Projects/build/encode/encode/tests/array_sum/array_sum.perf.encoded --  --cso /dev/null
key=encoded, no.=51, <stderr>:
LENGTH=6400
elapsed cycles: 4439664
hi(checksum)=0x57A7870D1DBC1CD3
lo(checksum)=0xB319917D74559800
key=encoded, no.=51, <checksum>:
0x57A7870D1DBC1CD3B319917D74559800
key=encoded, no.=51, cso file:
/dev/null
----------------------------------------------
real command=cset shield -e /home/nrink/Projects/build/encode/encode/tests/array_sum/array_sum.perf.encoded --  --cso /dev/null
key=encoded, no.=52, <stderr>:
LENGTH=6400
elapsed cycles: 4436037
hi(checksum)=0x57A7870D1DBC1CD3
lo(checksum)=0xB319917D74559800
key=encoded, no.=52, <checksum>:
0x57A7870D1DBC1CD3B319917D74559800
key=encoded, no.=52, cso file:
/dev/null
----------------------------------------------
real command=cset shield -e /home/nrink/Projects/build/encode/encode/tests/array_sum/array_sum.perf.encoded --  --cso /dev/null
key=encoded, no.=53, <stderr>:
LENGTH=6400
elapsed cycles: 4404513
hi(checksum)=0x57A7870D1DBC1CD3
lo(checksum)=0xB319917D74559800
key=encoded, no.=53, <checksum>:
0x57A7870D1DBC1CD3B319917D74559800
key=encoded, no.=53, cso file:
/dev/null
----------------------------------------------
real command=cset shield -e /home/nrink/Projects/build/encode/encode/tests/array_sum/array_sum.perf.encoded --  --cso /dev/null
key=encoded, no.=54, <stderr>:
LENGTH=6400
elapsed cycles: 4438032
hi(checksum)=0x57A7870D1DBC1CD3
lo(checksum)=0xB319917D74559800
key=encoded, no.=54, <checksum>:
0x57A7870D1DBC1CD3B319917D74559800
key=encoded, no.=54, cso file:
/dev/null
----------------------------------------------
real command=cset shield -e /home/nrink/Projects/build/encode/encode/tests/array_sum/array_sum.perf.encoded --  --cso /dev/null
key=encoded, no.=55, <stderr>:
LENGTH=6400
elapsed cycles: 4435368
hi(checksum)=0x57A7870D1DBC1CD3
lo(checksum)=0xB319917D74559800
key=encoded, no.=55, <checksum>:
0x57A7870D1DBC1CD3B319917D74559800
key=encoded, no.=55, cso file:
/dev/null
----------------------------------------------
real command=cset shield -e /home/nrink/Projects/build/encode/encode/tests/array_sum/array_sum.perf.encoded --  --cso /dev/null
key=encoded, no.=56, <stderr>:
LENGTH=6400
elapsed cycles: 4402767
hi(checksum)=0x57A7870D1DBC1CD3
lo(checksum)=0xB319917D74559800
key=encoded, no.=56, <checksum>:
0x57A7870D1DBC1CD3B319917D74559800
key=encoded, no.=56, cso file:
/dev/null
----------------------------------------------
real command=cset shield -e /home/nrink/Projects/build/encode/encode/tests/array_sum/array_sum.perf.encoded --  --cso /dev/null
key=encoded, no.=57, <stderr>:
LENGTH=6400
elapsed cycles: 4582434
hi(checksum)=0x57A7870D1DBC1CD3
lo(checksum)=0xB319917D74559800
key=encoded, no.=57, <checksum>:
0x57A7870D1DBC1CD3B319917D74559800
key=encoded, no.=57, cso file:
/dev/null
----------------------------------------------
real command=cset shield -e /home/nrink/Projects/build/encode/encode/tests/array_sum/array_sum.perf.encoded --  --cso /dev/null
key=encoded, no.=58, <stderr>:
LENGTH=6400
elapsed cycles: 4437315
hi(checksum)=0x57A7870D1DBC1CD3
lo(checksum)=0xB319917D74559800
key=encoded, no.=58, <checksum>:
0x57A7870D1DBC1CD3B319917D74559800
key=encoded, no.=58, cso file:
/dev/null
----------------------------------------------
real command=cset shield -e /home/nrink/Projects/build/encode/encode/tests/array_sum/array_sum.perf.encoded --  --cso /dev/null
key=encoded, no.=59, <stderr>:
LENGTH=6400
elapsed cycles: 4404621
hi(checksum)=0x57A7870D1DBC1CD3
lo(checksum)=0xB319917D74559800
key=encoded, no.=59, <checksum>:
0x57A7870D1DBC1CD3B319917D74559800
key=encoded, no.=59, cso file:
/dev/null
----------------------------------------------
real command=cset shield -e /home/nrink/Projects/build/encode/encode/tests/array_sum/array_sum.perf.encoded --  --cso /dev/null
key=encoded, no.=60, <stderr>:
LENGTH=6400
elapsed cycles: 4435578
hi(checksum)=0x57A7870D1DBC1CD3
lo(checksum)=0xB319917D74559800
key=encoded, no.=60, <checksum>:
0x57A7870D1DBC1CD3B319917D74559800
key=encoded, no.=60, cso file:
/dev/null
----------------------------------------------
real command=cset shield -e /home/nrink/Projects/build/encode/encode/tests/array_sum/array_sum.perf.encoded --  --cso /dev/null
key=encoded, no.=61, <stderr>:
LENGTH=6400
elapsed cycles: 4437057
hi(checksum)=0x57A7870D1DBC1CD3
lo(checksum)=0xB319917D74559800
key=encoded, no.=61, <checksum>:
0x57A7870D1DBC1CD3B319917D74559800
key=encoded, no.=61, cso file:
/dev/null
----------------------------------------------
real command=cset shield -e /home/nrink/Projects/build/encode/encode/tests/array_sum/array_sum.perf.encoded --  --cso /dev/null
key=encoded, no.=62, <stderr>:
LENGTH=6400
elapsed cycles: 4404360
hi(checksum)=0x57A7870D1DBC1CD3
lo(checksum)=0xB319917D74559800
key=encoded, no.=62, <checksum>:
0x57A7870D1DBC1CD3B319917D74559800
key=encoded, no.=62, cso file:
/dev/null
----------------------------------------------
real command=cset shield -e /home/nrink/Projects/build/encode/encode/tests/array_sum/array_sum.perf.encoded --  --cso /dev/null
key=encoded, no.=63, <stderr>:
LENGTH=6400
elapsed cycles: 4437435
hi(checksum)=0x57A7870D1DBC1CD3
lo(checksum)=0xB319917D74559800
key=encoded, no.=63, <checksum>:
0x57A7870D1DBC1CD3B319917D74559800
key=encoded, no.=63, cso file:
/dev/null
----------------------------------------------
real command=cset shield -e /home/nrink/Projects/build/encode/encode/tests/array_sum/array_sum.perf.encoded --  --cso /dev/null
key=encoded, no.=64, <stderr>:
LENGTH=6400
elapsed cycles: 4403661
hi(checksum)=0x57A7870D1DBC1CD3
lo(checksum)=0xB319917D74559800
key=encoded, no.=64, <checksum>:
0x57A7870D1DBC1CD3B319917D74559800
key=encoded, no.=64, cso file:
/dev/null
----------------------------------------------
real command=cset shield -e /home/nrink/Projects/build/encode/encode/tests/array_sum/array_sum.perf.encoded --  --cso /dev/null
key=encoded, no.=65, <stderr>:
LENGTH=6400
elapsed cycles: 4590444
hi(checksum)=0x57A7870D1DBC1CD3
lo(checksum)=0xB319917D74559800
key=encoded, no.=65, <checksum>:
0x57A7870D1DBC1CD3B319917D74559800
key=encoded, no.=65, cso file:
/dev/null
----------------------------------------------
real command=cset shield -e /home/nrink/Projects/build/encode/encode/tests/array_sum/array_sum.perf.encoded --  --cso /dev/null
key=encoded, no.=66, <stderr>:
LENGTH=6400
elapsed cycles: 4592574
hi(checksum)=0x57A7870D1DBC1CD3
lo(checksum)=0xB319917D74559800
key=encoded, no.=66, <checksum>:
0x57A7870D1DBC1CD3B319917D74559800
key=encoded, no.=66, cso file:
/dev/null
----------------------------------------------
real command=cset shield -e /home/nrink/Projects/build/encode/encode/tests/array_sum/array_sum.perf.encoded --  --cso /dev/null
key=encoded, no.=67, <stderr>:
LENGTH=6400
elapsed cycles: 4628385
hi(checksum)=0x57A7870D1DBC1CD3
lo(checksum)=0xB319917D74559800
key=encoded, no.=67, <checksum>:
0x57A7870D1DBC1CD3B319917D74559800
key=encoded, no.=67, cso file:
/dev/null
----------------------------------------------
real command=cset shield -e /home/nrink/Projects/build/encode/encode/tests/array_sum/array_sum.perf.encoded --  --cso /dev/null
key=encoded, no.=68, <stderr>:
LENGTH=6400
elapsed cycles: 4404138
hi(checksum)=0x57A7870D1DBC1CD3
lo(checksum)=0xB319917D74559800
key=encoded, no.=68, <checksum>:
0x57A7870D1DBC1CD3B319917D74559800
key=encoded, no.=68, cso file:
/dev/null
----------------------------------------------
real command=cset shield -e /home/nrink/Projects/build/encode/encode/tests/array_sum/array_sum.perf.encoded --  --cso /dev/null
key=encoded, no.=69, <stderr>:
LENGTH=6400
elapsed cycles: 4436622
hi(checksum)=0x57A7870D1DBC1CD3
lo(checksum)=0xB319917D74559800
key=encoded, no.=69, <checksum>:
0x57A7870D1DBC1CD3B319917D74559800
key=encoded, no.=69, cso file:
/dev/null
----------------------------------------------
real command=cset shield -e /home/nrink/Projects/build/encode/encode/tests/array_sum/array_sum.perf.encoded --  --cso /dev/null
key=encoded, no.=70, <stderr>:
LENGTH=6400
elapsed cycles: 4407087
hi(checksum)=0x57A7870D1DBC1CD3
lo(checksum)=0xB319917D74559800
key=encoded, no.=70, <checksum>:
0x57A7870D1DBC1CD3B319917D74559800
key=encoded, no.=70, cso file:
/dev/null
----------------------------------------------
real command=cset shield -e /home/nrink/Projects/build/encode/encode/tests/array_sum/array_sum.perf.encoded --  --cso /dev/null
key=encoded, no.=71, <stderr>:
LENGTH=6400
elapsed cycles: 4520511
hi(checksum)=0x57A7870D1DBC1CD3
lo(checksum)=0xB319917D74559800
key=encoded, no.=71, <checksum>:
0x57A7870D1DBC1CD3B319917D74559800
key=encoded, no.=71, cso file:
/dev/null
----------------------------------------------
real command=cset shield -e /home/nrink/Projects/build/encode/encode/tests/array_sum/array_sum.perf.encoded --  --cso /dev/null
key=encoded, no.=72, <stderr>:
LENGTH=6400
elapsed cycles: 4402836
hi(checksum)=0x57A7870D1DBC1CD3
lo(checksum)=0xB319917D74559800
key=encoded, no.=72, <checksum>:
0x57A7870D1DBC1CD3B319917D74559800
key=encoded, no.=72, cso file:
/dev/null
----------------------------------------------
real command=cset shield -e /home/nrink/Projects/build/encode/encode/tests/array_sum/array_sum.perf.encoded --  --cso /dev/null
key=encoded, no.=73, <stderr>:
LENGTH=6400
elapsed cycles: 4437750
hi(checksum)=0x57A7870D1DBC1CD3
lo(checksum)=0xB319917D74559800
key=encoded, no.=73, <checksum>:
0x57A7870D1DBC1CD3B319917D74559800
key=encoded, no.=73, cso file:
/dev/null
----------------------------------------------
real command=cset shield -e /home/nrink/Projects/build/encode/encode/tests/array_sum/array_sum.perf.encoded --  --cso /dev/null
key=encoded, no.=74, <stderr>:
LENGTH=6400
elapsed cycles: 4401579
hi(checksum)=0x57A7870D1DBC1CD3
lo(checksum)=0xB319917D74559800
key=encoded, no.=74, <checksum>:
0x57A7870D1DBC1CD3B319917D74559800
key=encoded, no.=74, cso file:
/dev/null
----------------------------------------------
real command=cset shield -e /home/nrink/Projects/build/encode/encode/tests/array_sum/array_sum.perf.encoded --  --cso /dev/null
key=encoded, no.=75, <stderr>:
LENGTH=6400
elapsed cycles: 4523520
hi(checksum)=0x57A7870D1DBC1CD3
lo(checksum)=0xB319917D74559800
key=encoded, no.=75, <checksum>:
0x57A7870D1DBC1CD3B319917D74559800
key=encoded, no.=75, cso file:
/dev/null
----------------------------------------------
real command=cset shield -e /home/nrink/Projects/build/encode/encode/tests/array_sum/array_sum.perf.encoded --  --cso /dev/null
key=encoded, no.=76, <stderr>:
LENGTH=6400
elapsed cycles: 4546461
hi(checksum)=0x57A7870D1DBC1CD3
lo(checksum)=0xB319917D74559800
key=encoded, no.=76, <checksum>:
0x57A7870D1DBC1CD3B319917D74559800
key=encoded, no.=76, cso file:
/dev/null
----------------------------------------------
real command=cset shield -e /home/nrink/Projects/build/encode/encode/tests/array_sum/array_sum.perf.encoded --  --cso /dev/null
key=encoded, no.=77, <stderr>:
LENGTH=6400
elapsed cycles: 4439538
hi(checksum)=0x57A7870D1DBC1CD3
lo(checksum)=0xB319917D74559800
key=encoded, no.=77, <checksum>:
0x57A7870D1DBC1CD3B319917D74559800
key=encoded, no.=77, cso file:
/dev/null
----------------------------------------------
real command=cset shield -e /home/nrink/Projects/build/encode/encode/tests/array_sum/array_sum.perf.encoded --  --cso /dev/null
key=encoded, no.=78, <stderr>:
LENGTH=6400
elapsed cycles: 4396053
hi(checksum)=0x57A7870D1DBC1CD3
lo(checksum)=0xB319917D74559800
key=encoded, no.=78, <checksum>:
0x57A7870D1DBC1CD3B319917D74559800
key=encoded, no.=78, cso file:
/dev/null
----------------------------------------------
real command=cset shield -e /home/nrink/Projects/build/encode/encode/tests/array_sum/array_sum.perf.encoded --  --cso /dev/null
key=encoded, no.=79, <stderr>:
LENGTH=6400
elapsed cycles: 4489551
hi(checksum)=0x57A7870D1DBC1CD3
lo(checksum)=0xB319917D74559800
key=encoded, no.=79, <checksum>:
0x57A7870D1DBC1CD3B319917D74559800
key=encoded, no.=79, cso file:
/dev/null
----------------------------------------------
real command=cset shield -e /home/nrink/Projects/build/encode/encode/tests/array_sum/array_sum.perf.encoded --  --cso /dev/null
key=encoded, no.=80, <stderr>:
LENGTH=6400
elapsed cycles: 4404678
hi(checksum)=0x57A7870D1DBC1CD3
lo(checksum)=0xB319917D74559800
key=encoded, no.=80, <checksum>:
0x57A7870D1DBC1CD3B319917D74559800
key=encoded, no.=80, cso file:
/dev/null
----------------------------------------------
real command=cset shield -e /home/nrink/Projects/build/encode/encode/tests/array_sum/array_sum.perf.encoded --  --cso /dev/null
key=encoded, no.=81, <stderr>:
LENGTH=6400
elapsed cycles: 4403991
hi(checksum)=0x57A7870D1DBC1CD3
lo(checksum)=0xB319917D74559800
key=encoded, no.=81, <checksum>:
0x57A7870D1DBC1CD3B319917D74559800
key=encoded, no.=81, cso file:
/dev/null
----------------------------------------------
real command=cset shield -e /home/nrink/Projects/build/encode/encode/tests/array_sum/array_sum.perf.encoded --  --cso /dev/null
key=encoded, no.=82, <stderr>:
LENGTH=6400
elapsed cycles: 4404351
hi(checksum)=0x57A7870D1DBC1CD3
lo(checksum)=0xB319917D74559800
key=encoded, no.=82, <checksum>:
0x57A7870D1DBC1CD3B319917D74559800
key=encoded, no.=82, cso file:
/dev/null
----------------------------------------------
real command=cset shield -e /home/nrink/Projects/build/encode/encode/tests/array_sum/array_sum.perf.encoded --  --cso /dev/null
key=encoded, no.=83, <stderr>:
LENGTH=6400
elapsed cycles: 4406721
hi(checksum)=0x57A7870D1DBC1CD3
lo(checksum)=0xB319917D74559800
key=encoded, no.=83, <checksum>:
0x57A7870D1DBC1CD3B319917D74559800
key=encoded, no.=83, cso file:
/dev/null
----------------------------------------------
real command=cset shield -e /home/nrink/Projects/build/encode/encode/tests/array_sum/array_sum.perf.encoded --  --cso /dev/null
key=encoded, no.=84, <stderr>:
LENGTH=6400
elapsed cycles: 4410081
hi(checksum)=0x57A7870D1DBC1CD3
lo(checksum)=0xB319917D74559800
key=encoded, no.=84, <checksum>:
0x57A7870D1DBC1CD3B319917D74559800
key=encoded, no.=84, cso file:
/dev/null
----------------------------------------------
real command=cset shield -e /home/nrink/Projects/build/encode/encode/tests/array_sum/array_sum.perf.encoded --  --cso /dev/null
key=encoded, no.=85, <stderr>:
LENGTH=6400
elapsed cycles: 4592574
hi(checksum)=0x57A7870D1DBC1CD3
lo(checksum)=0xB319917D74559800
key=encoded, no.=85, <checksum>:
0x57A7870D1DBC1CD3B319917D74559800
key=encoded, no.=85, cso file:
/dev/null
----------------------------------------------
real command=cset shield -e /home/nrink/Projects/build/encode/encode/tests/array_sum/array_sum.perf.encoded --  --cso /dev/null
key=encoded, no.=86, <stderr>:
LENGTH=6400
elapsed cycles: 4548246
hi(checksum)=0x57A7870D1DBC1CD3
lo(checksum)=0xB319917D74559800
key=encoded, no.=86, <checksum>:
0x57A7870D1DBC1CD3B319917D74559800
key=encoded, no.=86, cso file:
/dev/null
----------------------------------------------
real command=cset shield -e /home/nrink/Projects/build/encode/encode/tests/array_sum/array_sum.perf.encoded --  --cso /dev/null
key=encoded, no.=87, <stderr>:
LENGTH=6400
elapsed cycles: 4516938
hi(checksum)=0x57A7870D1DBC1CD3
lo(checksum)=0xB319917D74559800
key=encoded, no.=87, <checksum>:
0x57A7870D1DBC1CD3B319917D74559800
key=encoded, no.=87, cso file:
/dev/null
----------------------------------------------
real command=cset shield -e /home/nrink/Projects/build/encode/encode/tests/array_sum/array_sum.perf.encoded --  --cso /dev/null
key=encoded, no.=88, <stderr>:
LENGTH=6400
elapsed cycles: 4543503
hi(checksum)=0x57A7870D1DBC1CD3
lo(checksum)=0xB319917D74559800
key=encoded, no.=88, <checksum>:
0x57A7870D1DBC1CD3B319917D74559800
key=encoded, no.=88, cso file:
/dev/null
----------------------------------------------
real command=cset shield -e /home/nrink/Projects/build/encode/encode/tests/array_sum/array_sum.perf.encoded --  --cso /dev/null
key=encoded, no.=89, <stderr>:
LENGTH=6400
elapsed cycles: 4438569
hi(checksum)=0x57A7870D1DBC1CD3
lo(checksum)=0xB319917D74559800
key=encoded, no.=89, <checksum>:
0x57A7870D1DBC1CD3B319917D74559800
key=encoded, no.=89, cso file:
/dev/null
----------------------------------------------
real command=cset shield -e /home/nrink/Projects/build/encode/encode/tests/array_sum/array_sum.perf.encoded --  --cso /dev/null
key=encoded, no.=90, <stderr>:
LENGTH=6400
elapsed cycles: 4438401
hi(checksum)=0x57A7870D1DBC1CD3
lo(checksum)=0xB319917D74559800
key=encoded, no.=90, <checksum>:
0x57A7870D1DBC1CD3B319917D74559800
key=encoded, no.=90, cso file:
/dev/null
----------------------------------------------
real command=cset shield -e /home/nrink/Projects/build/encode/encode/tests/array_sum/array_sum.perf.encoded --  --cso /dev/null
key=encoded, no.=91, <stderr>:
LENGTH=6400
elapsed cycles: 4437795
hi(checksum)=0x57A7870D1DBC1CD3
lo(checksum)=0xB319917D74559800
key=encoded, no.=91, <checksum>:
0x57A7870D1DBC1CD3B319917D74559800
key=encoded, no.=91, cso file:
/dev/null
----------------------------------------------
real command=cset shield -e /home/nrink/Projects/build/encode/encode/tests/array_sum/array_sum.perf.encoded --  --cso /dev/null
key=encoded, no.=92, <stderr>:
LENGTH=6400
elapsed cycles: 5155804
hi(checksum)=0x57A7870D1DBC1CD3
lo(checksum)=0xB319917D74559800
key=encoded, no.=92, <checksum>:
0x57A7870D1DBC1CD3B319917D74559800
key=encoded, no.=92, cso file:
/dev/null
----------------------------------------------
real command=cset shield -e /home/nrink/Projects/build/encode/encode/tests/array_sum/array_sum.perf.encoded --  --cso /dev/null
key=encoded, no.=93, <stderr>:
LENGTH=6400
elapsed cycles: 4436304
hi(checksum)=0x57A7870D1DBC1CD3
lo(checksum)=0xB319917D74559800
key=encoded, no.=93, <checksum>:
0x57A7870D1DBC1CD3B319917D74559800
key=encoded, no.=93, cso file:
/dev/null
----------------------------------------------
real command=cset shield -e /home/nrink/Projects/build/encode/encode/tests/array_sum/array_sum.perf.encoded --  --cso /dev/null
key=encoded, no.=94, <stderr>:
LENGTH=6400
elapsed cycles: 4519764
hi(checksum)=0x57A7870D1DBC1CD3
lo(checksum)=0xB319917D74559800
key=encoded, no.=94, <checksum>:
0x57A7870D1DBC1CD3B319917D74559800
key=encoded, no.=94, cso file:
/dev/null
----------------------------------------------
real command=cset shield -e /home/nrink/Projects/build/encode/encode/tests/array_sum/array_sum.perf.encoded --  --cso /dev/null
key=encoded, no.=95, <stderr>:
LENGTH=6400
elapsed cycles: 4404228
hi(checksum)=0x57A7870D1DBC1CD3
lo(checksum)=0xB319917D74559800
key=encoded, no.=95, <checksum>:
0x57A7870D1DBC1CD3B319917D74559800
key=encoded, no.=95, cso file:
/dev/null
----------------------------------------------
real command=cset shield -e /home/nrink/Projects/build/encode/encode/tests/array_sum/array_sum.perf.encoded --  --cso /dev/null
key=encoded, no.=96, <stderr>:
LENGTH=6400
elapsed cycles: 4414965
hi(checksum)=0x57A7870D1DBC1CD3
lo(checksum)=0xB319917D74559800
key=encoded, no.=96, <checksum>:
0x57A7870D1DBC1CD3B319917D74559800
key=encoded, no.=96, cso file:
/dev/null
----------------------------------------------
real command=cset shield -e /home/nrink/Projects/build/encode/encode/tests/array_sum/array_sum.perf.encoded --  --cso /dev/null
key=encoded, no.=97, <stderr>:
LENGTH=6400
elapsed cycles: 4480734
hi(checksum)=0x57A7870D1DBC1CD3
lo(checksum)=0xB319917D74559800
key=encoded, no.=97, <checksum>:
0x57A7870D1DBC1CD3B319917D74559800
key=encoded, no.=97, cso file:
/dev/null
----------------------------------------------
real command=cset shield -e /home/nrink/Projects/build/encode/encode/tests/array_sum/array_sum.perf.encoded --  --cso /dev/null
key=encoded, no.=98, <stderr>:
LENGTH=6400
elapsed cycles: 4409514
hi(checksum)=0x57A7870D1DBC1CD3
lo(checksum)=0xB319917D74559800
key=encoded, no.=98, <checksum>:
0x57A7870D1DBC1CD3B319917D74559800
key=encoded, no.=98, cso file:
/dev/null
----------------------------------------------
real command=cset shield -e /home/nrink/Projects/build/encode/encode/tests/array_sum/array_sum.perf.encoded --  --cso /dev/null
key=encoded, no.=99, <stderr>:
LENGTH=6400
elapsed cycles: 4402377
hi(checksum)=0x57A7870D1DBC1CD3
lo(checksum)=0xB319917D74559800
key=encoded, no.=99, <checksum>:
0x57A7870D1DBC1CD3B319917D74559800
key=encoded, no.=99, cso file:
/dev/null
----------------------------------------------
