key=plain, runs=100 ...
command=/home/nrink/Projects/build/encode/encode/tests/array_sum/array_sum.perf.plain
----------------------------------------------
real command=cset shield -e /home/nrink/Projects/build/encode/encode/tests/array_sum/array_sum.perf.plain --  --cso /dev/null
key=plain, no.=0, <stderr>:
LENGTH=7400
elapsed cycles: 1458333
hi(checksum)=0x6D59B4272A618154
lo(checksum)=0xC71590390E82F7C0
key=plain, no.=0, <checksum>:
0x6D59B4272A618154C71590390E82F7C0
key=plain, no.=0, cso file:
/dev/null
----------------------------------------------
real command=cset shield -e /home/nrink/Projects/build/encode/encode/tests/array_sum/array_sum.perf.plain --  --cso /dev/null
key=plain, no.=1, <stderr>:
LENGTH=7400
elapsed cycles: 1487442
hi(checksum)=0x6D59B4272A618154
lo(checksum)=0xC71590390E82F7C0
key=plain, no.=1, <checksum>:
0x6D59B4272A618154C71590390E82F7C0
key=plain, no.=1, cso file:
/dev/null
----------------------------------------------
real command=cset shield -e /home/nrink/Projects/build/encode/encode/tests/array_sum/array_sum.perf.plain --  --cso /dev/null
key=plain, no.=2, <stderr>:
LENGTH=7400
elapsed cycles: 1456386
hi(checksum)=0x6D59B4272A618154
lo(checksum)=0xC71590390E82F7C0
key=plain, no.=2, <checksum>:
0x6D59B4272A618154C71590390E82F7C0
key=plain, no.=2, cso file:
/dev/null
----------------------------------------------
real command=cset shield -e /home/nrink/Projects/build/encode/encode/tests/array_sum/array_sum.perf.plain --  --cso /dev/null
key=plain, no.=3, <stderr>:
LENGTH=7400
elapsed cycles: 1457316
hi(checksum)=0x6D59B4272A618154
lo(checksum)=0xC71590390E82F7C0
key=plain, no.=3, <checksum>:
0x6D59B4272A618154C71590390E82F7C0
key=plain, no.=3, cso file:
/dev/null
----------------------------------------------
real command=cset shield -e /home/nrink/Projects/build/encode/encode/tests/array_sum/array_sum.perf.plain --  --cso /dev/null
key=plain, no.=4, <stderr>:
LENGTH=7400
elapsed cycles: 1455027
hi(checksum)=0x6D59B4272A618154
lo(checksum)=0xC71590390E82F7C0
key=plain, no.=4, <checksum>:
0x6D59B4272A618154C71590390E82F7C0
key=plain, no.=4, cso file:
/dev/null
----------------------------------------------
real command=cset shield -e /home/nrink/Projects/build/encode/encode/tests/array_sum/array_sum.perf.plain --  --cso /dev/null
key=plain, no.=5, <stderr>:
LENGTH=7400
elapsed cycles: 1454805
hi(checksum)=0x6D59B4272A618154
lo(checksum)=0xC71590390E82F7C0
key=plain, no.=5, <checksum>:
0x6D59B4272A618154C71590390E82F7C0
key=plain, no.=5, cso file:
/dev/null
----------------------------------------------
real command=cset shield -e /home/nrink/Projects/build/encode/encode/tests/array_sum/array_sum.perf.plain --  --cso /dev/null
key=plain, no.=6, <stderr>:
LENGTH=7400
elapsed cycles: 1502484
hi(checksum)=0x6D59B4272A618154
lo(checksum)=0xC71590390E82F7C0
key=plain, no.=6, <checksum>:
0x6D59B4272A618154C71590390E82F7C0
key=plain, no.=6, cso file:
/dev/null
----------------------------------------------
real command=cset shield -e /home/nrink/Projects/build/encode/encode/tests/array_sum/array_sum.perf.plain --  --cso /dev/null
key=plain, no.=7, <stderr>:
LENGTH=7400
elapsed cycles: 1498785
hi(checksum)=0x6D59B4272A618154
lo(checksum)=0xC71590390E82F7C0
key=plain, no.=7, <checksum>:
0x6D59B4272A618154C71590390E82F7C0
key=plain, no.=7, cso file:
/dev/null
----------------------------------------------
real command=cset shield -e /home/nrink/Projects/build/encode/encode/tests/array_sum/array_sum.perf.plain --  --cso /dev/null
key=plain, no.=8, <stderr>:
LENGTH=7400
elapsed cycles: 1542255
hi(checksum)=0x6D59B4272A618154
lo(checksum)=0xC71590390E82F7C0
key=plain, no.=8, <checksum>:
0x6D59B4272A618154C71590390E82F7C0
key=plain, no.=8, cso file:
/dev/null
----------------------------------------------
real command=cset shield -e /home/nrink/Projects/build/encode/encode/tests/array_sum/array_sum.perf.plain --  --cso /dev/null
key=plain, no.=9, <stderr>:
LENGTH=7400
elapsed cycles: 1496001
hi(checksum)=0x6D59B4272A618154
lo(checksum)=0xC71590390E82F7C0
key=plain, no.=9, <checksum>:
0x6D59B4272A618154C71590390E82F7C0
key=plain, no.=9, cso file:
/dev/null
----------------------------------------------
real command=cset shield -e /home/nrink/Projects/build/encode/encode/tests/array_sum/array_sum.perf.plain --  --cso /dev/null
key=plain, no.=10, <stderr>:
LENGTH=7400
elapsed cycles: 1568301
hi(checksum)=0x6D59B4272A618154
lo(checksum)=0xC71590390E82F7C0
key=plain, no.=10, <checksum>:
0x6D59B4272A618154C71590390E82F7C0
key=plain, no.=10, cso file:
/dev/null
----------------------------------------------
real command=cset shield -e /home/nrink/Projects/build/encode/encode/tests/array_sum/array_sum.perf.plain --  --cso /dev/null
key=plain, no.=11, <stderr>:
LENGTH=7400
elapsed cycles: 1506219
hi(checksum)=0x6D59B4272A618154
lo(checksum)=0xC71590390E82F7C0
key=plain, no.=11, <checksum>:
0x6D59B4272A618154C71590390E82F7C0
key=plain, no.=11, cso file:
/dev/null
----------------------------------------------
real command=cset shield -e /home/nrink/Projects/build/encode/encode/tests/array_sum/array_sum.perf.plain --  --cso /dev/null
key=plain, no.=12, <stderr>:
LENGTH=7400
elapsed cycles: 1510620
hi(checksum)=0x6D59B4272A618154
lo(checksum)=0xC71590390E82F7C0
key=plain, no.=12, <checksum>:
0x6D59B4272A618154C71590390E82F7C0
key=plain, no.=12, cso file:
/dev/null
----------------------------------------------
real command=cset shield -e /home/nrink/Projects/build/encode/encode/tests/array_sum/array_sum.perf.plain --  --cso /dev/null
key=plain, no.=13, <stderr>:
LENGTH=7400
elapsed cycles: 1512747
hi(checksum)=0x6D59B4272A618154
lo(checksum)=0xC71590390E82F7C0
key=plain, no.=13, <checksum>:
0x6D59B4272A618154C71590390E82F7C0
key=plain, no.=13, cso file:
/dev/null
----------------------------------------------
real command=cset shield -e /home/nrink/Projects/build/encode/encode/tests/array_sum/array_sum.perf.plain --  --cso /dev/null
key=plain, no.=14, <stderr>:
LENGTH=7400
elapsed cycles: 1463319
hi(checksum)=0x6D59B4272A618154
lo(checksum)=0xC71590390E82F7C0
key=plain, no.=14, <checksum>:
0x6D59B4272A618154C71590390E82F7C0
key=plain, no.=14, cso file:
/dev/null
----------------------------------------------
real command=cset shield -e /home/nrink/Projects/build/encode/encode/tests/array_sum/array_sum.perf.plain --  --cso /dev/null
key=plain, no.=15, <stderr>:
LENGTH=7400
elapsed cycles: 1512147
hi(checksum)=0x6D59B4272A618154
lo(checksum)=0xC71590390E82F7C0
key=plain, no.=15, <checksum>:
0x6D59B4272A618154C71590390E82F7C0
key=plain, no.=15, cso file:
/dev/null
----------------------------------------------
real command=cset shield -e /home/nrink/Projects/build/encode/encode/tests/array_sum/array_sum.perf.plain --  --cso /dev/null
key=plain, no.=16, <stderr>:
LENGTH=7400
elapsed cycles: 1507599
hi(checksum)=0x6D59B4272A618154
lo(checksum)=0xC71590390E82F7C0
key=plain, no.=16, <checksum>:
0x6D59B4272A618154C71590390E82F7C0
key=plain, no.=16, cso file:
/dev/null
----------------------------------------------
real command=cset shield -e /home/nrink/Projects/build/encode/encode/tests/array_sum/array_sum.perf.plain --  --cso /dev/null
key=plain, no.=17, <stderr>:
LENGTH=7400
elapsed cycles: 1497957
hi(checksum)=0x6D59B4272A618154
lo(checksum)=0xC71590390E82F7C0
key=plain, no.=17, <checksum>:
0x6D59B4272A618154C71590390E82F7C0
key=plain, no.=17, cso file:
/dev/null
----------------------------------------------
real command=cset shield -e /home/nrink/Projects/build/encode/encode/tests/array_sum/array_sum.perf.plain --  --cso /dev/null
key=plain, no.=18, <stderr>:
LENGTH=7400
elapsed cycles: 1582008
hi(checksum)=0x6D59B4272A618154
lo(checksum)=0xC71590390E82F7C0
key=plain, no.=18, <checksum>:
0x6D59B4272A618154C71590390E82F7C0
key=plain, no.=18, cso file:
/dev/null
----------------------------------------------
real command=cset shield -e /home/nrink/Projects/build/encode/encode/tests/array_sum/array_sum.perf.plain --  --cso /dev/null
key=plain, no.=19, <stderr>:
LENGTH=7400
elapsed cycles: 1528287
hi(checksum)=0x6D59B4272A618154
lo(checksum)=0xC71590390E82F7C0
key=plain, no.=19, <checksum>:
0x6D59B4272A618154C71590390E82F7C0
key=plain, no.=19, cso file:
/dev/null
----------------------------------------------
real command=cset shield -e /home/nrink/Projects/build/encode/encode/tests/array_sum/array_sum.perf.plain --  --cso /dev/null
key=plain, no.=20, <stderr>:
LENGTH=7400
elapsed cycles: 1489941
hi(checksum)=0x6D59B4272A618154
lo(checksum)=0xC71590390E82F7C0
key=plain, no.=20, <checksum>:
0x6D59B4272A618154C71590390E82F7C0
key=plain, no.=20, cso file:
/dev/null
----------------------------------------------
real command=cset shield -e /home/nrink/Projects/build/encode/encode/tests/array_sum/array_sum.perf.plain --  --cso /dev/null
key=plain, no.=21, <stderr>:
LENGTH=7400
elapsed cycles: 1490697
hi(checksum)=0x6D59B4272A618154
lo(checksum)=0xC71590390E82F7C0
key=plain, no.=21, <checksum>:
0x6D59B4272A618154C71590390E82F7C0
key=plain, no.=21, cso file:
/dev/null
----------------------------------------------
real command=cset shield -e /home/nrink/Projects/build/encode/encode/tests/array_sum/array_sum.perf.plain --  --cso /dev/null
key=plain, no.=22, <stderr>:
LENGTH=7400
elapsed cycles: 1487349
hi(checksum)=0x6D59B4272A618154
lo(checksum)=0xC71590390E82F7C0
key=plain, no.=22, <checksum>:
0x6D59B4272A618154C71590390E82F7C0
key=plain, no.=22, cso file:
/dev/null
----------------------------------------------
real command=cset shield -e /home/nrink/Projects/build/encode/encode/tests/array_sum/array_sum.perf.plain --  --cso /dev/null
key=plain, no.=23, <stderr>:
LENGTH=7400
elapsed cycles: 1486986
hi(checksum)=0x6D59B4272A618154
lo(checksum)=0xC71590390E82F7C0
key=plain, no.=23, <checksum>:
0x6D59B4272A618154C71590390E82F7C0
key=plain, no.=23, cso file:
/dev/null
----------------------------------------------
real command=cset shield -e /home/nrink/Projects/build/encode/encode/tests/array_sum/array_sum.perf.plain --  --cso /dev/null
key=plain, no.=24, <stderr>:
LENGTH=7400
elapsed cycles: 1488114
hi(checksum)=0x6D59B4272A618154
lo(checksum)=0xC71590390E82F7C0
key=plain, no.=24, <checksum>:
0x6D59B4272A618154C71590390E82F7C0
key=plain, no.=24, cso file:
/dev/null
----------------------------------------------
real command=cset shield -e /home/nrink/Projects/build/encode/encode/tests/array_sum/array_sum.perf.plain --  --cso /dev/null
key=plain, no.=25, <stderr>:
LENGTH=7400
elapsed cycles: 1454823
hi(checksum)=0x6D59B4272A618154
lo(checksum)=0xC71590390E82F7C0
key=plain, no.=25, <checksum>:
0x6D59B4272A618154C71590390E82F7C0
key=plain, no.=25, cso file:
/dev/null
----------------------------------------------
real command=cset shield -e /home/nrink/Projects/build/encode/encode/tests/array_sum/array_sum.perf.plain --  --cso /dev/null
key=plain, no.=26, <stderr>:
LENGTH=7400
elapsed cycles: 1488033
hi(checksum)=0x6D59B4272A618154
lo(checksum)=0xC71590390E82F7C0
key=plain, no.=26, <checksum>:
0x6D59B4272A618154C71590390E82F7C0
key=plain, no.=26, cso file:
/dev/null
----------------------------------------------
real command=cset shield -e /home/nrink/Projects/build/encode/encode/tests/array_sum/array_sum.perf.plain --  --cso /dev/null
key=plain, no.=27, <stderr>:
LENGTH=7400
elapsed cycles: 1454985
hi(checksum)=0x6D59B4272A618154
lo(checksum)=0xC71590390E82F7C0
key=plain, no.=27, <checksum>:
0x6D59B4272A618154C71590390E82F7C0
key=plain, no.=27, cso file:
/dev/null
----------------------------------------------
real command=cset shield -e /home/nrink/Projects/build/encode/encode/tests/array_sum/array_sum.perf.plain --  --cso /dev/null
key=plain, no.=28, <stderr>:
LENGTH=7400
elapsed cycles: 1488657
hi(checksum)=0x6D59B4272A618154
lo(checksum)=0xC71590390E82F7C0
key=plain, no.=28, <checksum>:
0x6D59B4272A618154C71590390E82F7C0
key=plain, no.=28, cso file:
/dev/null
----------------------------------------------
real command=cset shield -e /home/nrink/Projects/build/encode/encode/tests/array_sum/array_sum.perf.plain --  --cso /dev/null
key=plain, no.=29, <stderr>:
LENGTH=7400
elapsed cycles: 1516587
hi(checksum)=0x6D59B4272A618154
lo(checksum)=0xC71590390E82F7C0
key=plain, no.=29, <checksum>:
0x6D59B4272A618154C71590390E82F7C0
key=plain, no.=29, cso file:
/dev/null
----------------------------------------------
real command=cset shield -e /home/nrink/Projects/build/encode/encode/tests/array_sum/array_sum.perf.plain --  --cso /dev/null
key=plain, no.=30, <stderr>:
LENGTH=7400
elapsed cycles: 1487469
hi(checksum)=0x6D59B4272A618154
lo(checksum)=0xC71590390E82F7C0
key=plain, no.=30, <checksum>:
0x6D59B4272A618154C71590390E82F7C0
key=plain, no.=30, cso file:
/dev/null
----------------------------------------------
real command=cset shield -e /home/nrink/Projects/build/encode/encode/tests/array_sum/array_sum.perf.plain --  --cso /dev/null
key=plain, no.=31, <stderr>:
LENGTH=7400
elapsed cycles: 1538214
hi(checksum)=0x6D59B4272A618154
lo(checksum)=0xC71590390E82F7C0
key=plain, no.=31, <checksum>:
0x6D59B4272A618154C71590390E82F7C0
key=plain, no.=31, cso file:
/dev/null
----------------------------------------------
real command=cset shield -e /home/nrink/Projects/build/encode/encode/tests/array_sum/array_sum.perf.plain --  --cso /dev/null
key=plain, no.=32, <stderr>:
LENGTH=7400
elapsed cycles: 1487460
hi(checksum)=0x6D59B4272A618154
lo(checksum)=0xC71590390E82F7C0
key=plain, no.=32, <checksum>:
0x6D59B4272A618154C71590390E82F7C0
key=plain, no.=32, cso file:
/dev/null
----------------------------------------------
real command=cset shield -e /home/nrink/Projects/build/encode/encode/tests/array_sum/array_sum.perf.plain --  --cso /dev/null
key=plain, no.=33, <stderr>:
LENGTH=7400
elapsed cycles: 1486443
hi(checksum)=0x6D59B4272A618154
lo(checksum)=0xC71590390E82F7C0
key=plain, no.=33, <checksum>:
0x6D59B4272A618154C71590390E82F7C0
key=plain, no.=33, cso file:
/dev/null
----------------------------------------------
real command=cset shield -e /home/nrink/Projects/build/encode/encode/tests/array_sum/array_sum.perf.plain --  --cso /dev/null
key=plain, no.=34, <stderr>:
LENGTH=7400
elapsed cycles: 1487538
hi(checksum)=0x6D59B4272A618154
lo(checksum)=0xC71590390E82F7C0
key=plain, no.=34, <checksum>:
0x6D59B4272A618154C71590390E82F7C0
key=plain, no.=34, cso file:
/dev/null
----------------------------------------------
real command=cset shield -e /home/nrink/Projects/build/encode/encode/tests/array_sum/array_sum.perf.plain --  --cso /dev/null
key=plain, no.=35, <stderr>:
LENGTH=7400
elapsed cycles: 1489392
hi(checksum)=0x6D59B4272A618154
lo(checksum)=0xC71590390E82F7C0
key=plain, no.=35, <checksum>:
0x6D59B4272A618154C71590390E82F7C0
key=plain, no.=35, cso file:
/dev/null
----------------------------------------------
real command=cset shield -e /home/nrink/Projects/build/encode/encode/tests/array_sum/array_sum.perf.plain --  --cso /dev/null
key=plain, no.=36, <stderr>:
LENGTH=7400
elapsed cycles: 1489263
hi(checksum)=0x6D59B4272A618154
lo(checksum)=0xC71590390E82F7C0
key=plain, no.=36, <checksum>:
0x6D59B4272A618154C71590390E82F7C0
key=plain, no.=36, cso file:
/dev/null
----------------------------------------------
real command=cset shield -e /home/nrink/Projects/build/encode/encode/tests/array_sum/array_sum.perf.plain --  --cso /dev/null
key=plain, no.=37, <stderr>:
LENGTH=7400
elapsed cycles: 1488363
hi(checksum)=0x6D59B4272A618154
lo(checksum)=0xC71590390E82F7C0
key=plain, no.=37, <checksum>:
0x6D59B4272A618154C71590390E82F7C0
key=plain, no.=37, cso file:
/dev/null
----------------------------------------------
real command=cset shield -e /home/nrink/Projects/build/encode/encode/tests/array_sum/array_sum.perf.plain --  --cso /dev/null
key=plain, no.=38, <stderr>:
LENGTH=7400
elapsed cycles: 1487793
hi(checksum)=0x6D59B4272A618154
lo(checksum)=0xC71590390E82F7C0
key=plain, no.=38, <checksum>:
0x6D59B4272A618154C71590390E82F7C0
key=plain, no.=38, cso file:
/dev/null
----------------------------------------------
real command=cset shield -e /home/nrink/Projects/build/encode/encode/tests/array_sum/array_sum.perf.plain --  --cso /dev/null
key=plain, no.=39, <stderr>:
LENGTH=7400
elapsed cycles: 1488762
hi(checksum)=0x6D59B4272A618154
lo(checksum)=0xC71590390E82F7C0
key=plain, no.=39, <checksum>:
0x6D59B4272A618154C71590390E82F7C0
key=plain, no.=39, cso file:
/dev/null
----------------------------------------------
real command=cset shield -e /home/nrink/Projects/build/encode/encode/tests/array_sum/array_sum.perf.plain --  --cso /dev/null
key=plain, no.=40, <stderr>:
LENGTH=7400
elapsed cycles: 1487424
hi(checksum)=0x6D59B4272A618154
lo(checksum)=0xC71590390E82F7C0
key=plain, no.=40, <checksum>:
0x6D59B4272A618154C71590390E82F7C0
key=plain, no.=40, cso file:
/dev/null
----------------------------------------------
real command=cset shield -e /home/nrink/Projects/build/encode/encode/tests/array_sum/array_sum.perf.plain --  --cso /dev/null
key=plain, no.=41, <stderr>:
LENGTH=7400
elapsed cycles: 1489227
hi(checksum)=0x6D59B4272A618154
lo(checksum)=0xC71590390E82F7C0
key=plain, no.=41, <checksum>:
0x6D59B4272A618154C71590390E82F7C0
key=plain, no.=41, cso file:
/dev/null
----------------------------------------------
real command=cset shield -e /home/nrink/Projects/build/encode/encode/tests/array_sum/array_sum.perf.plain --  --cso /dev/null
key=plain, no.=42, <stderr>:
LENGTH=7400
elapsed cycles: 1488261
hi(checksum)=0x6D59B4272A618154
lo(checksum)=0xC71590390E82F7C0
key=plain, no.=42, <checksum>:
0x6D59B4272A618154C71590390E82F7C0
key=plain, no.=42, cso file:
/dev/null
----------------------------------------------
real command=cset shield -e /home/nrink/Projects/build/encode/encode/tests/array_sum/array_sum.perf.plain --  --cso /dev/null
key=plain, no.=43, <stderr>:
LENGTH=7400
elapsed cycles: 1490046
hi(checksum)=0x6D59B4272A618154
lo(checksum)=0xC71590390E82F7C0
key=plain, no.=43, <checksum>:
0x6D59B4272A618154C71590390E82F7C0
key=plain, no.=43, cso file:
/dev/null
----------------------------------------------
real command=cset shield -e /home/nrink/Projects/build/encode/encode/tests/array_sum/array_sum.perf.plain --  --cso /dev/null
key=plain, no.=44, <stderr>:
LENGTH=7400
elapsed cycles: 1489674
hi(checksum)=0x6D59B4272A618154
lo(checksum)=0xC71590390E82F7C0
key=plain, no.=44, <checksum>:
0x6D59B4272A618154C71590390E82F7C0
key=plain, no.=44, cso file:
/dev/null
----------------------------------------------
real command=cset shield -e /home/nrink/Projects/build/encode/encode/tests/array_sum/array_sum.perf.plain --  --cso /dev/null
key=plain, no.=45, <stderr>:
LENGTH=7400
elapsed cycles: 1455975
hi(checksum)=0x6D59B4272A618154
lo(checksum)=0xC71590390E82F7C0
key=plain, no.=45, <checksum>:
0x6D59B4272A618154C71590390E82F7C0
key=plain, no.=45, cso file:
/dev/null
----------------------------------------------
real command=cset shield -e /home/nrink/Projects/build/encode/encode/tests/array_sum/array_sum.perf.plain --  --cso /dev/null
key=plain, no.=46, <stderr>:
LENGTH=7400
elapsed cycles: 1581909
hi(checksum)=0x6D59B4272A618154
lo(checksum)=0xC71590390E82F7C0
key=plain, no.=46, <checksum>:
0x6D59B4272A618154C71590390E82F7C0
key=plain, no.=46, cso file:
/dev/null
----------------------------------------------
real command=cset shield -e /home/nrink/Projects/build/encode/encode/tests/array_sum/array_sum.perf.plain --  --cso /dev/null
key=plain, no.=47, <stderr>:
LENGTH=7400
elapsed cycles: 1568052
hi(checksum)=0x6D59B4272A618154
lo(checksum)=0xC71590390E82F7C0
key=plain, no.=47, <checksum>:
0x6D59B4272A618154C71590390E82F7C0
key=plain, no.=47, cso file:
/dev/null
----------------------------------------------
real command=cset shield -e /home/nrink/Projects/build/encode/encode/tests/array_sum/array_sum.perf.plain --  --cso /dev/null
key=plain, no.=48, <stderr>:
LENGTH=7400
elapsed cycles: 1489122
hi(checksum)=0x6D59B4272A618154
lo(checksum)=0xC71590390E82F7C0
key=plain, no.=48, <checksum>:
0x6D59B4272A618154C71590390E82F7C0
key=plain, no.=48, cso file:
/dev/null
----------------------------------------------
real command=cset shield -e /home/nrink/Projects/build/encode/encode/tests/array_sum/array_sum.perf.plain --  --cso /dev/null
key=plain, no.=49, <stderr>:
LENGTH=7400
elapsed cycles: 1456512
hi(checksum)=0x6D59B4272A618154
lo(checksum)=0xC71590390E82F7C0
key=plain, no.=49, <checksum>:
0x6D59B4272A618154C71590390E82F7C0
key=plain, no.=49, cso file:
/dev/null
----------------------------------------------
real command=cset shield -e /home/nrink/Projects/build/encode/encode/tests/array_sum/array_sum.perf.plain --  --cso /dev/null
key=plain, no.=50, <stderr>:
LENGTH=7400
elapsed cycles: 1486953
hi(checksum)=0x6D59B4272A618154
lo(checksum)=0xC71590390E82F7C0
key=plain, no.=50, <checksum>:
0x6D59B4272A618154C71590390E82F7C0
key=plain, no.=50, cso file:
/dev/null
----------------------------------------------
real command=cset shield -e /home/nrink/Projects/build/encode/encode/tests/array_sum/array_sum.perf.plain --  --cso /dev/null
key=plain, no.=51, <stderr>:
LENGTH=7400
elapsed cycles: 1487064
hi(checksum)=0x6D59B4272A618154
lo(checksum)=0xC71590390E82F7C0
key=plain, no.=51, <checksum>:
0x6D59B4272A618154C71590390E82F7C0
key=plain, no.=51, cso file:
/dev/null
----------------------------------------------
real command=cset shield -e /home/nrink/Projects/build/encode/encode/tests/array_sum/array_sum.perf.plain --  --cso /dev/null
key=plain, no.=52, <stderr>:
LENGTH=7400
elapsed cycles: 1538874
hi(checksum)=0x6D59B4272A618154
lo(checksum)=0xC71590390E82F7C0
key=plain, no.=52, <checksum>:
0x6D59B4272A618154C71590390E82F7C0
key=plain, no.=52, cso file:
/dev/null
----------------------------------------------
real command=cset shield -e /home/nrink/Projects/build/encode/encode/tests/array_sum/array_sum.perf.plain --  --cso /dev/null
key=plain, no.=53, <stderr>:
LENGTH=7400
elapsed cycles: 1487067
hi(checksum)=0x6D59B4272A618154
lo(checksum)=0xC71590390E82F7C0
key=plain, no.=53, <checksum>:
0x6D59B4272A618154C71590390E82F7C0
key=plain, no.=53, cso file:
/dev/null
----------------------------------------------
real command=cset shield -e /home/nrink/Projects/build/encode/encode/tests/array_sum/array_sum.perf.plain --  --cso /dev/null
key=plain, no.=54, <stderr>:
LENGTH=7400
elapsed cycles: 1455468
hi(checksum)=0x6D59B4272A618154
lo(checksum)=0xC71590390E82F7C0
key=plain, no.=54, <checksum>:
0x6D59B4272A618154C71590390E82F7C0
key=plain, no.=54, cso file:
/dev/null
----------------------------------------------
real command=cset shield -e /home/nrink/Projects/build/encode/encode/tests/array_sum/array_sum.perf.plain --  --cso /dev/null
key=plain, no.=55, <stderr>:
LENGTH=7400
elapsed cycles: 1489008
hi(checksum)=0x6D59B4272A618154
lo(checksum)=0xC71590390E82F7C0
key=plain, no.=55, <checksum>:
0x6D59B4272A618154C71590390E82F7C0
key=plain, no.=55, cso file:
/dev/null
----------------------------------------------
real command=cset shield -e /home/nrink/Projects/build/encode/encode/tests/array_sum/array_sum.perf.plain --  --cso /dev/null
key=plain, no.=56, <stderr>:
LENGTH=7400
elapsed cycles: 1486152
hi(checksum)=0x6D59B4272A618154
lo(checksum)=0xC71590390E82F7C0
key=plain, no.=56, <checksum>:
0x6D59B4272A618154C71590390E82F7C0
key=plain, no.=56, cso file:
/dev/null
----------------------------------------------
real command=cset shield -e /home/nrink/Projects/build/encode/encode/tests/array_sum/array_sum.perf.plain --  --cso /dev/null
key=plain, no.=57, <stderr>:
LENGTH=7400
elapsed cycles: 1488981
hi(checksum)=0x6D59B4272A618154
lo(checksum)=0xC71590390E82F7C0
key=plain, no.=57, <checksum>:
0x6D59B4272A618154C71590390E82F7C0
key=plain, no.=57, cso file:
/dev/null
----------------------------------------------
real command=cset shield -e /home/nrink/Projects/build/encode/encode/tests/array_sum/array_sum.perf.plain --  --cso /dev/null
key=plain, no.=58, <stderr>:
LENGTH=7400
elapsed cycles: 1489269
hi(checksum)=0x6D59B4272A618154
lo(checksum)=0xC71590390E82F7C0
key=plain, no.=58, <checksum>:
0x6D59B4272A618154C71590390E82F7C0
key=plain, no.=58, cso file:
/dev/null
----------------------------------------------
real command=cset shield -e /home/nrink/Projects/build/encode/encode/tests/array_sum/array_sum.perf.plain --  --cso /dev/null
key=plain, no.=59, <stderr>:
LENGTH=7400
elapsed cycles: 1487538
hi(checksum)=0x6D59B4272A618154
lo(checksum)=0xC71590390E82F7C0
key=plain, no.=59, <checksum>:
0x6D59B4272A618154C71590390E82F7C0
key=plain, no.=59, cso file:
/dev/null
----------------------------------------------
real command=cset shield -e /home/nrink/Projects/build/encode/encode/tests/array_sum/array_sum.perf.plain --  --cso /dev/null
key=plain, no.=60, <stderr>:
LENGTH=7400
elapsed cycles: 1489845
hi(checksum)=0x6D59B4272A618154
lo(checksum)=0xC71590390E82F7C0
key=plain, no.=60, <checksum>:
0x6D59B4272A618154C71590390E82F7C0
key=plain, no.=60, cso file:
/dev/null
----------------------------------------------
real command=cset shield -e /home/nrink/Projects/build/encode/encode/tests/array_sum/array_sum.perf.plain --  --cso /dev/null
key=plain, no.=61, <stderr>:
LENGTH=7400
elapsed cycles: 1513980
hi(checksum)=0x6D59B4272A618154
lo(checksum)=0xC71590390E82F7C0
key=plain, no.=61, <checksum>:
0x6D59B4272A618154C71590390E82F7C0
key=plain, no.=61, cso file:
/dev/null
----------------------------------------------
real command=cset shield -e /home/nrink/Projects/build/encode/encode/tests/array_sum/array_sum.perf.plain --  --cso /dev/null
key=plain, no.=62, <stderr>:
LENGTH=7400
elapsed cycles: 1488393
hi(checksum)=0x6D59B4272A618154
lo(checksum)=0xC71590390E82F7C0
key=plain, no.=62, <checksum>:
0x6D59B4272A618154C71590390E82F7C0
key=plain, no.=62, cso file:
/dev/null
----------------------------------------------
real command=cset shield -e /home/nrink/Projects/build/encode/encode/tests/array_sum/array_sum.perf.plain --  --cso /dev/null
key=plain, no.=63, <stderr>:
LENGTH=7400
elapsed cycles: 1487586
hi(checksum)=0x6D59B4272A618154
lo(checksum)=0xC71590390E82F7C0
key=plain, no.=63, <checksum>:
0x6D59B4272A618154C71590390E82F7C0
key=plain, no.=63, cso file:
/dev/null
----------------------------------------------
real command=cset shield -e /home/nrink/Projects/build/encode/encode/tests/array_sum/array_sum.perf.plain --  --cso /dev/null
key=plain, no.=64, <stderr>:
LENGTH=7400
elapsed cycles: 1488240
hi(checksum)=0x6D59B4272A618154
lo(checksum)=0xC71590390E82F7C0
key=plain, no.=64, <checksum>:
0x6D59B4272A618154C71590390E82F7C0
key=plain, no.=64, cso file:
/dev/null
----------------------------------------------
real command=cset shield -e /home/nrink/Projects/build/encode/encode/tests/array_sum/array_sum.perf.plain --  --cso /dev/null
key=plain, no.=65, <stderr>:
LENGTH=7400
elapsed cycles: 1457814
hi(checksum)=0x6D59B4272A618154
lo(checksum)=0xC71590390E82F7C0
key=plain, no.=65, <checksum>:
0x6D59B4272A618154C71590390E82F7C0
key=plain, no.=65, cso file:
/dev/null
----------------------------------------------
real command=cset shield -e /home/nrink/Projects/build/encode/encode/tests/array_sum/array_sum.perf.plain --  --cso /dev/null
key=plain, no.=66, <stderr>:
LENGTH=7400
elapsed cycles: 1486989
hi(checksum)=0x6D59B4272A618154
lo(checksum)=0xC71590390E82F7C0
key=plain, no.=66, <checksum>:
0x6D59B4272A618154C71590390E82F7C0
key=plain, no.=66, cso file:
/dev/null
----------------------------------------------
real command=cset shield -e /home/nrink/Projects/build/encode/encode/tests/array_sum/array_sum.perf.plain --  --cso /dev/null
key=plain, no.=67, <stderr>:
LENGTH=7400
elapsed cycles: 1488627
hi(checksum)=0x6D59B4272A618154
lo(checksum)=0xC71590390E82F7C0
key=plain, no.=67, <checksum>:
0x6D59B4272A618154C71590390E82F7C0
key=plain, no.=67, cso file:
/dev/null
----------------------------------------------
real command=cset shield -e /home/nrink/Projects/build/encode/encode/tests/array_sum/array_sum.perf.plain --  --cso /dev/null
key=plain, no.=68, <stderr>:
LENGTH=7400
elapsed cycles: 1487883
hi(checksum)=0x6D59B4272A618154
lo(checksum)=0xC71590390E82F7C0
key=plain, no.=68, <checksum>:
0x6D59B4272A618154C71590390E82F7C0
key=plain, no.=68, cso file:
/dev/null
----------------------------------------------
real command=cset shield -e /home/nrink/Projects/build/encode/encode/tests/array_sum/array_sum.perf.plain --  --cso /dev/null
key=plain, no.=69, <stderr>:
LENGTH=7400
elapsed cycles: 1488375
hi(checksum)=0x6D59B4272A618154
lo(checksum)=0xC71590390E82F7C0
key=plain, no.=69, <checksum>:
0x6D59B4272A618154C71590390E82F7C0
key=plain, no.=69, cso file:
/dev/null
----------------------------------------------
real command=cset shield -e /home/nrink/Projects/build/encode/encode/tests/array_sum/array_sum.perf.plain --  --cso /dev/null
key=plain, no.=70, <stderr>:
LENGTH=7400
elapsed cycles: 1487373
hi(checksum)=0x6D59B4272A618154
lo(checksum)=0xC71590390E82F7C0
key=plain, no.=70, <checksum>:
0x6D59B4272A618154C71590390E82F7C0
key=plain, no.=70, cso file:
/dev/null
----------------------------------------------
real command=cset shield -e /home/nrink/Projects/build/encode/encode/tests/array_sum/array_sum.perf.plain --  --cso /dev/null
key=plain, no.=71, <stderr>:
LENGTH=7400
elapsed cycles: 1488594
hi(checksum)=0x6D59B4272A618154
lo(checksum)=0xC71590390E82F7C0
key=plain, no.=71, <checksum>:
0x6D59B4272A618154C71590390E82F7C0
key=plain, no.=71, cso file:
/dev/null
----------------------------------------------
real command=cset shield -e /home/nrink/Projects/build/encode/encode/tests/array_sum/array_sum.perf.plain --  --cso /dev/null
key=plain, no.=72, <stderr>:
LENGTH=7400
elapsed cycles: 1489860
hi(checksum)=0x6D59B4272A618154
lo(checksum)=0xC71590390E82F7C0
key=plain, no.=72, <checksum>:
0x6D59B4272A618154C71590390E82F7C0
key=plain, no.=72, cso file:
/dev/null
----------------------------------------------
real command=cset shield -e /home/nrink/Projects/build/encode/encode/tests/array_sum/array_sum.perf.plain --  --cso /dev/null
key=plain, no.=73, <stderr>:
LENGTH=7400
elapsed cycles: 1489074
hi(checksum)=0x6D59B4272A618154
lo(checksum)=0xC71590390E82F7C0
key=plain, no.=73, <checksum>:
0x6D59B4272A618154C71590390E82F7C0
key=plain, no.=73, cso file:
/dev/null
----------------------------------------------
real command=cset shield -e /home/nrink/Projects/build/encode/encode/tests/array_sum/array_sum.perf.plain --  --cso /dev/null
key=plain, no.=74, <stderr>:
LENGTH=7400
elapsed cycles: 1488096
hi(checksum)=0x6D59B4272A618154
lo(checksum)=0xC71590390E82F7C0
key=plain, no.=74, <checksum>:
0x6D59B4272A618154C71590390E82F7C0
key=plain, no.=74, cso file:
/dev/null
----------------------------------------------
real command=cset shield -e /home/nrink/Projects/build/encode/encode/tests/array_sum/array_sum.perf.plain --  --cso /dev/null
key=plain, no.=75, <stderr>:
LENGTH=7400
elapsed cycles: 1709058
hi(checksum)=0x6D59B4272A618154
lo(checksum)=0xC71590390E82F7C0
key=plain, no.=75, <checksum>:
0x6D59B4272A618154C71590390E82F7C0
key=plain, no.=75, cso file:
/dev/null
----------------------------------------------
real command=cset shield -e /home/nrink/Projects/build/encode/encode/tests/array_sum/array_sum.perf.plain --  --cso /dev/null
key=plain, no.=76, <stderr>:
LENGTH=7400
elapsed cycles: 1488351
hi(checksum)=0x6D59B4272A618154
lo(checksum)=0xC71590390E82F7C0
key=plain, no.=76, <checksum>:
0x6D59B4272A618154C71590390E82F7C0
key=plain, no.=76, cso file:
/dev/null
----------------------------------------------
real command=cset shield -e /home/nrink/Projects/build/encode/encode/tests/array_sum/array_sum.perf.plain --  --cso /dev/null
key=plain, no.=77, <stderr>:
LENGTH=7400
elapsed cycles: 1488666
hi(checksum)=0x6D59B4272A618154
lo(checksum)=0xC71590390E82F7C0
key=plain, no.=77, <checksum>:
0x6D59B4272A618154C71590390E82F7C0
key=plain, no.=77, cso file:
/dev/null
----------------------------------------------
real command=cset shield -e /home/nrink/Projects/build/encode/encode/tests/array_sum/array_sum.perf.plain --  --cso /dev/null
key=plain, no.=78, <stderr>:
LENGTH=7400
elapsed cycles: 2055192
hi(checksum)=0x6D59B4272A618154
lo(checksum)=0xC71590390E82F7C0
key=plain, no.=78, <checksum>:
0x6D59B4272A618154C71590390E82F7C0
key=plain, no.=78, cso file:
/dev/null
----------------------------------------------
real command=cset shield -e /home/nrink/Projects/build/encode/encode/tests/array_sum/array_sum.perf.plain --  --cso /dev/null
key=plain, no.=79, <stderr>:
LENGTH=7400
elapsed cycles: 1454928
hi(checksum)=0x6D59B4272A618154
lo(checksum)=0xC71590390E82F7C0
key=plain, no.=79, <checksum>:
0x6D59B4272A618154C71590390E82F7C0
key=plain, no.=79, cso file:
/dev/null
----------------------------------------------
real command=cset shield -e /home/nrink/Projects/build/encode/encode/tests/array_sum/array_sum.perf.plain --  --cso /dev/null
key=plain, no.=80, <stderr>:
LENGTH=7400
elapsed cycles: 1455006
hi(checksum)=0x6D59B4272A618154
lo(checksum)=0xC71590390E82F7C0
key=plain, no.=80, <checksum>:
0x6D59B4272A618154C71590390E82F7C0
key=plain, no.=80, cso file:
/dev/null
----------------------------------------------
real command=cset shield -e /home/nrink/Projects/build/encode/encode/tests/array_sum/array_sum.perf.plain --  --cso /dev/null
key=plain, no.=81, <stderr>:
LENGTH=7400
elapsed cycles: 1455504
hi(checksum)=0x6D59B4272A618154
lo(checksum)=0xC71590390E82F7C0
key=plain, no.=81, <checksum>:
0x6D59B4272A618154C71590390E82F7C0
key=plain, no.=81, cso file:
/dev/null
----------------------------------------------
real command=cset shield -e /home/nrink/Projects/build/encode/encode/tests/array_sum/array_sum.perf.plain --  --cso /dev/null
key=plain, no.=82, <stderr>:
LENGTH=7400
elapsed cycles: 1455231
hi(checksum)=0x6D59B4272A618154
lo(checksum)=0xC71590390E82F7C0
key=plain, no.=82, <checksum>:
0x6D59B4272A618154C71590390E82F7C0
key=plain, no.=82, cso file:
/dev/null
----------------------------------------------
real command=cset shield -e /home/nrink/Projects/build/encode/encode/tests/array_sum/array_sum.perf.plain --  --cso /dev/null
key=plain, no.=83, <stderr>:
LENGTH=7400
elapsed cycles: 1455747
hi(checksum)=0x6D59B4272A618154
lo(checksum)=0xC71590390E82F7C0
key=plain, no.=83, <checksum>:
0x6D59B4272A618154C71590390E82F7C0
key=plain, no.=83, cso file:
/dev/null
----------------------------------------------
real command=cset shield -e /home/nrink/Projects/build/encode/encode/tests/array_sum/array_sum.perf.plain --  --cso /dev/null
key=plain, no.=84, <stderr>:
LENGTH=7400
elapsed cycles: 1454988
hi(checksum)=0x6D59B4272A618154
lo(checksum)=0xC71590390E82F7C0
key=plain, no.=84, <checksum>:
0x6D59B4272A618154C71590390E82F7C0
key=plain, no.=84, cso file:
/dev/null
----------------------------------------------
real command=cset shield -e /home/nrink/Projects/build/encode/encode/tests/array_sum/array_sum.perf.plain --  --cso /dev/null
key=plain, no.=85, <stderr>:
LENGTH=7400
elapsed cycles: 1455015
hi(checksum)=0x6D59B4272A618154
lo(checksum)=0xC71590390E82F7C0
key=plain, no.=85, <checksum>:
0x6D59B4272A618154C71590390E82F7C0
key=plain, no.=85, cso file:
/dev/null
----------------------------------------------
real command=cset shield -e /home/nrink/Projects/build/encode/encode/tests/array_sum/array_sum.perf.plain --  --cso /dev/null
key=plain, no.=86, <stderr>:
LENGTH=7400
elapsed cycles: 1455543
hi(checksum)=0x6D59B4272A618154
lo(checksum)=0xC71590390E82F7C0
key=plain, no.=86, <checksum>:
0x6D59B4272A618154C71590390E82F7C0
key=plain, no.=86, cso file:
/dev/null
----------------------------------------------
real command=cset shield -e /home/nrink/Projects/build/encode/encode/tests/array_sum/array_sum.perf.plain --  --cso /dev/null
key=plain, no.=87, <stderr>:
LENGTH=7400
elapsed cycles: 1644192
hi(checksum)=0x6D59B4272A618154
lo(checksum)=0xC71590390E82F7C0
key=plain, no.=87, <checksum>:
0x6D59B4272A618154C71590390E82F7C0
key=plain, no.=87, cso file:
/dev/null
----------------------------------------------
real command=cset shield -e /home/nrink/Projects/build/encode/encode/tests/array_sum/array_sum.perf.plain --  --cso /dev/null
key=plain, no.=88, <stderr>:
LENGTH=7400
elapsed cycles: 1458633
hi(checksum)=0x6D59B4272A618154
lo(checksum)=0xC71590390E82F7C0
key=plain, no.=88, <checksum>:
0x6D59B4272A618154C71590390E82F7C0
key=plain, no.=88, cso file:
/dev/null
----------------------------------------------
real command=cset shield -e /home/nrink/Projects/build/encode/encode/tests/array_sum/array_sum.perf.plain --  --cso /dev/null
key=plain, no.=89, <stderr>:
LENGTH=7400
elapsed cycles: 1454958
hi(checksum)=0x6D59B4272A618154
lo(checksum)=0xC71590390E82F7C0
key=plain, no.=89, <checksum>:
0x6D59B4272A618154C71590390E82F7C0
key=plain, no.=89, cso file:
/dev/null
----------------------------------------------
real command=cset shield -e /home/nrink/Projects/build/encode/encode/tests/array_sum/array_sum.perf.plain --  --cso /dev/null
key=plain, no.=90, <stderr>:
LENGTH=7400
elapsed cycles: 1455075
hi(checksum)=0x6D59B4272A618154
lo(checksum)=0xC71590390E82F7C0
key=plain, no.=90, <checksum>:
0x6D59B4272A618154C71590390E82F7C0
key=plain, no.=90, cso file:
/dev/null
----------------------------------------------
real command=cset shield -e /home/nrink/Projects/build/encode/encode/tests/array_sum/array_sum.perf.plain --  --cso /dev/null
key=plain, no.=91, <stderr>:
LENGTH=7400
elapsed cycles: 1454118
hi(checksum)=0x6D59B4272A618154
lo(checksum)=0xC71590390E82F7C0
key=plain, no.=91, <checksum>:
0x6D59B4272A618154C71590390E82F7C0
key=plain, no.=91, cso file:
/dev/null
----------------------------------------------
real command=cset shield -e /home/nrink/Projects/build/encode/encode/tests/array_sum/array_sum.perf.plain --  --cso /dev/null
key=plain, no.=92, <stderr>:
LENGTH=7400
elapsed cycles: 1455873
hi(checksum)=0x6D59B4272A618154
lo(checksum)=0xC71590390E82F7C0
key=plain, no.=92, <checksum>:
0x6D59B4272A618154C71590390E82F7C0
key=plain, no.=92, cso file:
/dev/null
----------------------------------------------
real command=cset shield -e /home/nrink/Projects/build/encode/encode/tests/array_sum/array_sum.perf.plain --  --cso /dev/null
key=plain, no.=93, <stderr>:
LENGTH=7400
elapsed cycles: 1454490
hi(checksum)=0x6D59B4272A618154
lo(checksum)=0xC71590390E82F7C0
key=plain, no.=93, <checksum>:
0x6D59B4272A618154C71590390E82F7C0
key=plain, no.=93, cso file:
/dev/null
----------------------------------------------
real command=cset shield -e /home/nrink/Projects/build/encode/encode/tests/array_sum/array_sum.perf.plain --  --cso /dev/null
key=plain, no.=94, <stderr>:
LENGTH=7400
elapsed cycles: 1455474
hi(checksum)=0x6D59B4272A618154
lo(checksum)=0xC71590390E82F7C0
key=plain, no.=94, <checksum>:
0x6D59B4272A618154C71590390E82F7C0
key=plain, no.=94, cso file:
/dev/null
----------------------------------------------
real command=cset shield -e /home/nrink/Projects/build/encode/encode/tests/array_sum/array_sum.perf.plain --  --cso /dev/null
key=plain, no.=95, <stderr>:
LENGTH=7400
elapsed cycles: 1456068
hi(checksum)=0x6D59B4272A618154
lo(checksum)=0xC71590390E82F7C0
key=plain, no.=95, <checksum>:
0x6D59B4272A618154C71590390E82F7C0
key=plain, no.=95, cso file:
/dev/null
----------------------------------------------
real command=cset shield -e /home/nrink/Projects/build/encode/encode/tests/array_sum/array_sum.perf.plain --  --cso /dev/null
key=plain, no.=96, <stderr>:
LENGTH=7400
elapsed cycles: 1480572
hi(checksum)=0x6D59B4272A618154
lo(checksum)=0xC71590390E82F7C0
key=plain, no.=96, <checksum>:
0x6D59B4272A618154C71590390E82F7C0
key=plain, no.=96, cso file:
/dev/null
----------------------------------------------
real command=cset shield -e /home/nrink/Projects/build/encode/encode/tests/array_sum/array_sum.perf.plain --  --cso /dev/null
key=plain, no.=97, <stderr>:
LENGTH=7400
elapsed cycles: 1454382
hi(checksum)=0x6D59B4272A618154
lo(checksum)=0xC71590390E82F7C0
key=plain, no.=97, <checksum>:
0x6D59B4272A618154C71590390E82F7C0
key=plain, no.=97, cso file:
/dev/null
----------------------------------------------
real command=cset shield -e /home/nrink/Projects/build/encode/encode/tests/array_sum/array_sum.perf.plain --  --cso /dev/null
key=plain, no.=98, <stderr>:
LENGTH=7400
elapsed cycles: 1455495
hi(checksum)=0x6D59B4272A618154
lo(checksum)=0xC71590390E82F7C0
key=plain, no.=98, <checksum>:
0x6D59B4272A618154C71590390E82F7C0
key=plain, no.=98, cso file:
/dev/null
----------------------------------------------
real command=cset shield -e /home/nrink/Projects/build/encode/encode/tests/array_sum/array_sum.perf.plain --  --cso /dev/null
key=plain, no.=99, <stderr>:
LENGTH=7400
elapsed cycles: 1570176
hi(checksum)=0x6D59B4272A618154
lo(checksum)=0xC71590390E82F7C0
key=plain, no.=99, <checksum>:
0x6D59B4272A618154C71590390E82F7C0
key=plain, no.=99, cso file:
/dev/null
----------------------------------------------
key=encoded, runs=100 ...
command=/home/nrink/Projects/build/encode/encode/tests/array_sum/array_sum.perf.encoded
----------------------------------------------
real command=cset shield -e /home/nrink/Projects/build/encode/encode/tests/array_sum/array_sum.perf.encoded --  --cso /dev/null
key=encoded, no.=0, <stderr>:
LENGTH=7400
elapsed cycles: 6250572
hi(checksum)=0x6D59B4272A618154
lo(checksum)=0xC71590390E82F7C0
key=encoded, no.=0, <checksum>:
0x6D59B4272A618154C71590390E82F7C0
key=encoded, no.=0, cso file:
/dev/null
----------------------------------------------
real command=cset shield -e /home/nrink/Projects/build/encode/encode/tests/array_sum/array_sum.perf.encoded --  --cso /dev/null
key=encoded, no.=1, <stderr>:
LENGTH=7400
elapsed cycles: 6258285
hi(checksum)=0x6D59B4272A618154
lo(checksum)=0xC71590390E82F7C0
key=encoded, no.=1, <checksum>:
0x6D59B4272A618154C71590390E82F7C0
key=encoded, no.=1, cso file:
/dev/null
----------------------------------------------
real command=cset shield -e /home/nrink/Projects/build/encode/encode/tests/array_sum/array_sum.perf.encoded --  --cso /dev/null
key=encoded, no.=2, <stderr>:
LENGTH=7400
elapsed cycles: 6216516
hi(checksum)=0x6D59B4272A618154
lo(checksum)=0xC71590390E82F7C0
key=encoded, no.=2, <checksum>:
0x6D59B4272A618154C71590390E82F7C0
key=encoded, no.=2, cso file:
/dev/null
----------------------------------------------
real command=cset shield -e /home/nrink/Projects/build/encode/encode/tests/array_sum/array_sum.perf.encoded --  --cso /dev/null
key=encoded, no.=3, <stderr>:
LENGTH=7400
elapsed cycles: 6216453
hi(checksum)=0x6D59B4272A618154
lo(checksum)=0xC71590390E82F7C0
key=encoded, no.=3, <checksum>:
0x6D59B4272A618154C71590390E82F7C0
key=encoded, no.=3, cso file:
/dev/null
----------------------------------------------
real command=cset shield -e /home/nrink/Projects/build/encode/encode/tests/array_sum/array_sum.perf.encoded --  --cso /dev/null
key=encoded, no.=4, <stderr>:
LENGTH=7400
elapsed cycles: 6341586
hi(checksum)=0x6D59B4272A618154
lo(checksum)=0xC71590390E82F7C0
key=encoded, no.=4, <checksum>:
0x6D59B4272A618154C71590390E82F7C0
key=encoded, no.=4, cso file:
/dev/null
----------------------------------------------
real command=cset shield -e /home/nrink/Projects/build/encode/encode/tests/array_sum/array_sum.perf.encoded --  --cso /dev/null
key=encoded, no.=5, <stderr>:
LENGTH=7400
elapsed cycles: 6344181
hi(checksum)=0x6D59B4272A618154
lo(checksum)=0xC71590390E82F7C0
key=encoded, no.=5, <checksum>:
0x6D59B4272A618154C71590390E82F7C0
key=encoded, no.=5, cso file:
/dev/null
----------------------------------------------
real command=cset shield -e /home/nrink/Projects/build/encode/encode/tests/array_sum/array_sum.perf.encoded --  --cso /dev/null
key=encoded, no.=6, <stderr>:
LENGTH=7400
elapsed cycles: 6213951
hi(checksum)=0x6D59B4272A618154
lo(checksum)=0xC71590390E82F7C0
key=encoded, no.=6, <checksum>:
0x6D59B4272A618154C71590390E82F7C0
key=encoded, no.=6, cso file:
/dev/null
----------------------------------------------
real command=cset shield -e /home/nrink/Projects/build/encode/encode/tests/array_sum/array_sum.perf.encoded --  --cso /dev/null
key=encoded, no.=7, <stderr>:
LENGTH=7400
elapsed cycles: 6055299
hi(checksum)=0x6D59B4272A618154
lo(checksum)=0xC71590390E82F7C0
key=encoded, no.=7, <checksum>:
0x6D59B4272A618154C71590390E82F7C0
key=encoded, no.=7, cso file:
/dev/null
----------------------------------------------
real command=cset shield -e /home/nrink/Projects/build/encode/encode/tests/array_sum/array_sum.perf.encoded --  --cso /dev/null
key=encoded, no.=8, <stderr>:
LENGTH=7400
elapsed cycles: 6212667
hi(checksum)=0x6D59B4272A618154
lo(checksum)=0xC71590390E82F7C0
key=encoded, no.=8, <checksum>:
0x6D59B4272A618154C71590390E82F7C0
key=encoded, no.=8, cso file:
/dev/null
----------------------------------------------
real command=cset shield -e /home/nrink/Projects/build/encode/encode/tests/array_sum/array_sum.perf.encoded --  --cso /dev/null
key=encoded, no.=9, <stderr>:
LENGTH=7400
elapsed cycles: 6267468
hi(checksum)=0x6D59B4272A618154
lo(checksum)=0xC71590390E82F7C0
key=encoded, no.=9, <checksum>:
0x6D59B4272A618154C71590390E82F7C0
key=encoded, no.=9, cso file:
/dev/null
----------------------------------------------
real command=cset shield -e /home/nrink/Projects/build/encode/encode/tests/array_sum/array_sum.perf.encoded --  --cso /dev/null
key=encoded, no.=10, <stderr>:
LENGTH=7400
elapsed cycles: 6344874
hi(checksum)=0x6D59B4272A618154
lo(checksum)=0xC71590390E82F7C0
key=encoded, no.=10, <checksum>:
0x6D59B4272A618154C71590390E82F7C0
key=encoded, no.=10, cso file:
/dev/null
----------------------------------------------
real command=cset shield -e /home/nrink/Projects/build/encode/encode/tests/array_sum/array_sum.perf.encoded --  --cso /dev/null
key=encoded, no.=11, <stderr>:
LENGTH=7400
elapsed cycles: 6297090
hi(checksum)=0x6D59B4272A618154
lo(checksum)=0xC71590390E82F7C0
key=encoded, no.=11, <checksum>:
0x6D59B4272A618154C71590390E82F7C0
key=encoded, no.=11, cso file:
/dev/null
----------------------------------------------
real command=cset shield -e /home/nrink/Projects/build/encode/encode/tests/array_sum/array_sum.perf.encoded --  --cso /dev/null
key=encoded, no.=12, <stderr>:
LENGTH=7400
elapsed cycles: 6218673
hi(checksum)=0x6D59B4272A618154
lo(checksum)=0xC71590390E82F7C0
key=encoded, no.=12, <checksum>:
0x6D59B4272A618154C71590390E82F7C0
key=encoded, no.=12, cso file:
/dev/null
----------------------------------------------
real command=cset shield -e /home/nrink/Projects/build/encode/encode/tests/array_sum/array_sum.perf.encoded --  --cso /dev/null
key=encoded, no.=13, <stderr>:
LENGTH=7400
elapsed cycles: 6212988
hi(checksum)=0x6D59B4272A618154
lo(checksum)=0xC71590390E82F7C0
key=encoded, no.=13, <checksum>:
0x6D59B4272A618154C71590390E82F7C0
key=encoded, no.=13, cso file:
/dev/null
----------------------------------------------
real command=cset shield -e /home/nrink/Projects/build/encode/encode/tests/array_sum/array_sum.perf.encoded --  --cso /dev/null
key=encoded, no.=14, <stderr>:
LENGTH=7400
elapsed cycles: 6251568
hi(checksum)=0x6D59B4272A618154
lo(checksum)=0xC71590390E82F7C0
key=encoded, no.=14, <checksum>:
0x6D59B4272A618154C71590390E82F7C0
key=encoded, no.=14, cso file:
/dev/null
----------------------------------------------
real command=cset shield -e /home/nrink/Projects/build/encode/encode/tests/array_sum/array_sum.perf.encoded --  --cso /dev/null
key=encoded, no.=15, <stderr>:
LENGTH=7400
elapsed cycles: 6254277
hi(checksum)=0x6D59B4272A618154
lo(checksum)=0xC71590390E82F7C0
key=encoded, no.=15, <checksum>:
0x6D59B4272A618154C71590390E82F7C0
key=encoded, no.=15, cso file:
/dev/null
----------------------------------------------
real command=cset shield -e /home/nrink/Projects/build/encode/encode/tests/array_sum/array_sum.perf.encoded --  --cso /dev/null
key=encoded, no.=16, <stderr>:
LENGTH=7400
elapsed cycles: 6408828
hi(checksum)=0x6D59B4272A618154
lo(checksum)=0xC71590390E82F7C0
key=encoded, no.=16, <checksum>:
0x6D59B4272A618154C71590390E82F7C0
key=encoded, no.=16, cso file:
/dev/null
----------------------------------------------
real command=cset shield -e /home/nrink/Projects/build/encode/encode/tests/array_sum/array_sum.perf.encoded --  --cso /dev/null
key=encoded, no.=17, <stderr>:
LENGTH=7400
elapsed cycles: 6215946
hi(checksum)=0x6D59B4272A618154
lo(checksum)=0xC71590390E82F7C0
key=encoded, no.=17, <checksum>:
0x6D59B4272A618154C71590390E82F7C0
key=encoded, no.=17, cso file:
/dev/null
----------------------------------------------
real command=cset shield -e /home/nrink/Projects/build/encode/encode/tests/array_sum/array_sum.perf.encoded --  --cso /dev/null
key=encoded, no.=18, <stderr>:
LENGTH=7400
elapsed cycles: 6058434
hi(checksum)=0x6D59B4272A618154
lo(checksum)=0xC71590390E82F7C0
key=encoded, no.=18, <checksum>:
0x6D59B4272A618154C71590390E82F7C0
key=encoded, no.=18, cso file:
/dev/null
----------------------------------------------
real command=cset shield -e /home/nrink/Projects/build/encode/encode/tests/array_sum/array_sum.perf.encoded --  --cso /dev/null
key=encoded, no.=19, <stderr>:
LENGTH=7400
elapsed cycles: 6219048
hi(checksum)=0x6D59B4272A618154
lo(checksum)=0xC71590390E82F7C0
key=encoded, no.=19, <checksum>:
0x6D59B4272A618154C71590390E82F7C0
key=encoded, no.=19, cso file:
/dev/null
----------------------------------------------
real command=cset shield -e /home/nrink/Projects/build/encode/encode/tests/array_sum/array_sum.perf.encoded --  --cso /dev/null
key=encoded, no.=20, <stderr>:
LENGTH=7400
elapsed cycles: 6472437
hi(checksum)=0x6D59B4272A618154
lo(checksum)=0xC71590390E82F7C0
key=encoded, no.=20, <checksum>:
0x6D59B4272A618154C71590390E82F7C0
key=encoded, no.=20, cso file:
/dev/null
----------------------------------------------
real command=cset shield -e /home/nrink/Projects/build/encode/encode/tests/array_sum/array_sum.perf.encoded --  --cso /dev/null
key=encoded, no.=21, <stderr>:
LENGTH=7400
elapsed cycles: 6216603
hi(checksum)=0x6D59B4272A618154
lo(checksum)=0xC71590390E82F7C0
key=encoded, no.=21, <checksum>:
0x6D59B4272A618154C71590390E82F7C0
key=encoded, no.=21, cso file:
/dev/null
----------------------------------------------
real command=cset shield -e /home/nrink/Projects/build/encode/encode/tests/array_sum/array_sum.perf.encoded --  --cso /dev/null
key=encoded, no.=22, <stderr>:
LENGTH=7400
elapsed cycles: 6211239
hi(checksum)=0x6D59B4272A618154
lo(checksum)=0xC71590390E82F7C0
key=encoded, no.=22, <checksum>:
0x6D59B4272A618154C71590390E82F7C0
key=encoded, no.=22, cso file:
/dev/null
----------------------------------------------
real command=cset shield -e /home/nrink/Projects/build/encode/encode/tests/array_sum/array_sum.perf.encoded --  --cso /dev/null
key=encoded, no.=23, <stderr>:
LENGTH=7400
elapsed cycles: 6213543
hi(checksum)=0x6D59B4272A618154
lo(checksum)=0xC71590390E82F7C0
key=encoded, no.=23, <checksum>:
0x6D59B4272A618154C71590390E82F7C0
key=encoded, no.=23, cso file:
/dev/null
----------------------------------------------
real command=cset shield -e /home/nrink/Projects/build/encode/encode/tests/array_sum/array_sum.perf.encoded --  --cso /dev/null
key=encoded, no.=24, <stderr>:
LENGTH=7400
elapsed cycles: 6427638
hi(checksum)=0x6D59B4272A618154
lo(checksum)=0xC71590390E82F7C0
key=encoded, no.=24, <checksum>:
0x6D59B4272A618154C71590390E82F7C0
key=encoded, no.=24, cso file:
/dev/null
----------------------------------------------
real command=cset shield -e /home/nrink/Projects/build/encode/encode/tests/array_sum/array_sum.perf.encoded --  --cso /dev/null
key=encoded, no.=25, <stderr>:
LENGTH=7400
elapsed cycles: 6419214
hi(checksum)=0x6D59B4272A618154
lo(checksum)=0xC71590390E82F7C0
key=encoded, no.=25, <checksum>:
0x6D59B4272A618154C71590390E82F7C0
key=encoded, no.=25, cso file:
/dev/null
----------------------------------------------
real command=cset shield -e /home/nrink/Projects/build/encode/encode/tests/array_sum/array_sum.perf.encoded --  --cso /dev/null
key=encoded, no.=26, <stderr>:
LENGTH=7400
elapsed cycles: 6254118
hi(checksum)=0x6D59B4272A618154
lo(checksum)=0xC71590390E82F7C0
key=encoded, no.=26, <checksum>:
0x6D59B4272A618154C71590390E82F7C0
key=encoded, no.=26, cso file:
/dev/null
----------------------------------------------
real command=cset shield -e /home/nrink/Projects/build/encode/encode/tests/array_sum/array_sum.perf.encoded --  --cso /dev/null
key=encoded, no.=27, <stderr>:
LENGTH=7400
elapsed cycles: 6245340
hi(checksum)=0x6D59B4272A618154
lo(checksum)=0xC71590390E82F7C0
key=encoded, no.=27, <checksum>:
0x6D59B4272A618154C71590390E82F7C0
key=encoded, no.=27, cso file:
/dev/null
----------------------------------------------
real command=cset shield -e /home/nrink/Projects/build/encode/encode/tests/array_sum/array_sum.perf.encoded --  --cso /dev/null
key=encoded, no.=28, <stderr>:
LENGTH=7400
elapsed cycles: 6259848
hi(checksum)=0x6D59B4272A618154
lo(checksum)=0xC71590390E82F7C0
key=encoded, no.=28, <checksum>:
0x6D59B4272A618154C71590390E82F7C0
key=encoded, no.=28, cso file:
/dev/null
----------------------------------------------
real command=cset shield -e /home/nrink/Projects/build/encode/encode/tests/array_sum/array_sum.perf.encoded --  --cso /dev/null
key=encoded, no.=29, <stderr>:
LENGTH=7400
elapsed cycles: 6484122
hi(checksum)=0x6D59B4272A618154
lo(checksum)=0xC71590390E82F7C0
key=encoded, no.=29, <checksum>:
0x6D59B4272A618154C71590390E82F7C0
key=encoded, no.=29, cso file:
/dev/null
----------------------------------------------
real command=cset shield -e /home/nrink/Projects/build/encode/encode/tests/array_sum/array_sum.perf.encoded --  --cso /dev/null
key=encoded, no.=30, <stderr>:
LENGTH=7400
elapsed cycles: 6468567
hi(checksum)=0x6D59B4272A618154
lo(checksum)=0xC71590390E82F7C0
key=encoded, no.=30, <checksum>:
0x6D59B4272A618154C71590390E82F7C0
key=encoded, no.=30, cso file:
/dev/null
----------------------------------------------
real command=cset shield -e /home/nrink/Projects/build/encode/encode/tests/array_sum/array_sum.perf.encoded --  --cso /dev/null
key=encoded, no.=31, <stderr>:
LENGTH=7400
elapsed cycles: 6256269
hi(checksum)=0x6D59B4272A618154
lo(checksum)=0xC71590390E82F7C0
key=encoded, no.=31, <checksum>:
0x6D59B4272A618154C71590390E82F7C0
key=encoded, no.=31, cso file:
/dev/null
----------------------------------------------
real command=cset shield -e /home/nrink/Projects/build/encode/encode/tests/array_sum/array_sum.perf.encoded --  --cso /dev/null
key=encoded, no.=32, <stderr>:
LENGTH=7400
elapsed cycles: 6414159
hi(checksum)=0x6D59B4272A618154
lo(checksum)=0xC71590390E82F7C0
key=encoded, no.=32, <checksum>:
0x6D59B4272A618154C71590390E82F7C0
key=encoded, no.=32, cso file:
/dev/null
----------------------------------------------
real command=cset shield -e /home/nrink/Projects/build/encode/encode/tests/array_sum/array_sum.perf.encoded --  --cso /dev/null
key=encoded, no.=33, <stderr>:
LENGTH=7400
elapsed cycles: 6306282
hi(checksum)=0x6D59B4272A618154
lo(checksum)=0xC71590390E82F7C0
key=encoded, no.=33, <checksum>:
0x6D59B4272A618154C71590390E82F7C0
key=encoded, no.=33, cso file:
/dev/null
----------------------------------------------
real command=cset shield -e /home/nrink/Projects/build/encode/encode/tests/array_sum/array_sum.perf.encoded --  --cso /dev/null
key=encoded, no.=34, <stderr>:
LENGTH=7400
elapsed cycles: 6132582
hi(checksum)=0x6D59B4272A618154
lo(checksum)=0xC71590390E82F7C0
key=encoded, no.=34, <checksum>:
0x6D59B4272A618154C71590390E82F7C0
key=encoded, no.=34, cso file:
/dev/null
----------------------------------------------
real command=cset shield -e /home/nrink/Projects/build/encode/encode/tests/array_sum/array_sum.perf.encoded --  --cso /dev/null
key=encoded, no.=35, <stderr>:
LENGTH=7400
elapsed cycles: 6306654
hi(checksum)=0x6D59B4272A618154
lo(checksum)=0xC71590390E82F7C0
key=encoded, no.=35, <checksum>:
0x6D59B4272A618154C71590390E82F7C0
key=encoded, no.=35, cso file:
/dev/null
----------------------------------------------
real command=cset shield -e /home/nrink/Projects/build/encode/encode/tests/array_sum/array_sum.perf.encoded --  --cso /dev/null
key=encoded, no.=36, <stderr>:
LENGTH=7400
elapsed cycles: 6098424
hi(checksum)=0x6D59B4272A618154
lo(checksum)=0xC71590390E82F7C0
key=encoded, no.=36, <checksum>:
0x6D59B4272A618154C71590390E82F7C0
key=encoded, no.=36, cso file:
/dev/null
----------------------------------------------
real command=cset shield -e /home/nrink/Projects/build/encode/encode/tests/array_sum/array_sum.perf.encoded --  --cso /dev/null
key=encoded, no.=37, <stderr>:
LENGTH=7400
elapsed cycles: 6254991
hi(checksum)=0x6D59B4272A618154
lo(checksum)=0xC71590390E82F7C0
key=encoded, no.=37, <checksum>:
0x6D59B4272A618154C71590390E82F7C0
key=encoded, no.=37, cso file:
/dev/null
----------------------------------------------
real command=cset shield -e /home/nrink/Projects/build/encode/encode/tests/array_sum/array_sum.perf.encoded --  --cso /dev/null
key=encoded, no.=38, <stderr>:
LENGTH=7400
elapsed cycles: 6269739
hi(checksum)=0x6D59B4272A618154
lo(checksum)=0xC71590390E82F7C0
key=encoded, no.=38, <checksum>:
0x6D59B4272A618154C71590390E82F7C0
key=encoded, no.=38, cso file:
/dev/null
----------------------------------------------
real command=cset shield -e /home/nrink/Projects/build/encode/encode/tests/array_sum/array_sum.perf.encoded --  --cso /dev/null
key=encoded, no.=39, <stderr>:
LENGTH=7400
elapsed cycles: 7236207
hi(checksum)=0x6D59B4272A618154
lo(checksum)=0xC71590390E82F7C0
key=encoded, no.=39, <checksum>:
0x6D59B4272A618154C71590390E82F7C0
key=encoded, no.=39, cso file:
/dev/null
----------------------------------------------
real command=cset shield -e /home/nrink/Projects/build/encode/encode/tests/array_sum/array_sum.perf.encoded --  --cso /dev/null
key=encoded, no.=40, <stderr>:
LENGTH=7400
elapsed cycles: 7188246
hi(checksum)=0x6D59B4272A618154
lo(checksum)=0xC71590390E82F7C0
key=encoded, no.=40, <checksum>:
0x6D59B4272A618154C71590390E82F7C0
key=encoded, no.=40, cso file:
/dev/null
----------------------------------------------
real command=cset shield -e /home/nrink/Projects/build/encode/encode/tests/array_sum/array_sum.perf.encoded --  --cso /dev/null
key=encoded, no.=41, <stderr>:
LENGTH=7400
elapsed cycles: 6266058
hi(checksum)=0x6D59B4272A618154
lo(checksum)=0xC71590390E82F7C0
key=encoded, no.=41, <checksum>:
0x6D59B4272A618154C71590390E82F7C0
key=encoded, no.=41, cso file:
/dev/null
----------------------------------------------
real command=cset shield -e /home/nrink/Projects/build/encode/encode/tests/array_sum/array_sum.perf.encoded --  --cso /dev/null
key=encoded, no.=42, <stderr>:
LENGTH=7400
elapsed cycles: 6314361
hi(checksum)=0x6D59B4272A618154
lo(checksum)=0xC71590390E82F7C0
key=encoded, no.=42, <checksum>:
0x6D59B4272A618154C71590390E82F7C0
key=encoded, no.=42, cso file:
/dev/null
----------------------------------------------
real command=cset shield -e /home/nrink/Projects/build/encode/encode/tests/array_sum/array_sum.perf.encoded --  --cso /dev/null
key=encoded, no.=43, <stderr>:
LENGTH=7400
elapsed cycles: 6312126
hi(checksum)=0x6D59B4272A618154
lo(checksum)=0xC71590390E82F7C0
key=encoded, no.=43, <checksum>:
0x6D59B4272A618154C71590390E82F7C0
key=encoded, no.=43, cso file:
/dev/null
----------------------------------------------
real command=cset shield -e /home/nrink/Projects/build/encode/encode/tests/array_sum/array_sum.perf.encoded --  --cso /dev/null
key=encoded, no.=44, <stderr>:
LENGTH=7400
elapsed cycles: 6106827
hi(checksum)=0x6D59B4272A618154
lo(checksum)=0xC71590390E82F7C0
key=encoded, no.=44, <checksum>:
0x6D59B4272A618154C71590390E82F7C0
key=encoded, no.=44, cso file:
/dev/null
----------------------------------------------
real command=cset shield -e /home/nrink/Projects/build/encode/encode/tests/array_sum/array_sum.perf.encoded --  --cso /dev/null
key=encoded, no.=45, <stderr>:
LENGTH=7400
elapsed cycles: 6193011
hi(checksum)=0x6D59B4272A618154
lo(checksum)=0xC71590390E82F7C0
key=encoded, no.=45, <checksum>:
0x6D59B4272A618154C71590390E82F7C0
key=encoded, no.=45, cso file:
/dev/null
----------------------------------------------
real command=cset shield -e /home/nrink/Projects/build/encode/encode/tests/array_sum/array_sum.perf.encoded --  --cso /dev/null
key=encoded, no.=46, <stderr>:
LENGTH=7400
elapsed cycles: 6266016
hi(checksum)=0x6D59B4272A618154
lo(checksum)=0xC71590390E82F7C0
key=encoded, no.=46, <checksum>:
0x6D59B4272A618154C71590390E82F7C0
key=encoded, no.=46, cso file:
/dev/null
----------------------------------------------
real command=cset shield -e /home/nrink/Projects/build/encode/encode/tests/array_sum/array_sum.perf.encoded --  --cso /dev/null
key=encoded, no.=47, <stderr>:
LENGTH=7400
elapsed cycles: 6484581
hi(checksum)=0x6D59B4272A618154
lo(checksum)=0xC71590390E82F7C0
key=encoded, no.=47, <checksum>:
0x6D59B4272A618154C71590390E82F7C0
key=encoded, no.=47, cso file:
/dev/null
----------------------------------------------
real command=cset shield -e /home/nrink/Projects/build/encode/encode/tests/array_sum/array_sum.perf.encoded --  --cso /dev/null
key=encoded, no.=48, <stderr>:
LENGTH=7400
elapsed cycles: 6266163
hi(checksum)=0x6D59B4272A618154
lo(checksum)=0xC71590390E82F7C0
key=encoded, no.=48, <checksum>:
0x6D59B4272A618154C71590390E82F7C0
key=encoded, no.=48, cso file:
/dev/null
----------------------------------------------
real command=cset shield -e /home/nrink/Projects/build/encode/encode/tests/array_sum/array_sum.perf.encoded --  --cso /dev/null
key=encoded, no.=49, <stderr>:
LENGTH=7400
elapsed cycles: 6108609
hi(checksum)=0x6D59B4272A618154
lo(checksum)=0xC71590390E82F7C0
key=encoded, no.=49, <checksum>:
0x6D59B4272A618154C71590390E82F7C0
key=encoded, no.=49, cso file:
/dev/null
----------------------------------------------
real command=cset shield -e /home/nrink/Projects/build/encode/encode/tests/array_sum/array_sum.perf.encoded --  --cso /dev/null
key=encoded, no.=50, <stderr>:
LENGTH=7400
elapsed cycles: 6261486
hi(checksum)=0x6D59B4272A618154
lo(checksum)=0xC71590390E82F7C0
key=encoded, no.=50, <checksum>:
0x6D59B4272A618154C71590390E82F7C0
key=encoded, no.=50, cso file:
/dev/null
----------------------------------------------
real command=cset shield -e /home/nrink/Projects/build/encode/encode/tests/array_sum/array_sum.perf.encoded --  --cso /dev/null
key=encoded, no.=51, <stderr>:
LENGTH=7400
elapsed cycles: 6274407
hi(checksum)=0x6D59B4272A618154
lo(checksum)=0xC71590390E82F7C0
key=encoded, no.=51, <checksum>:
0x6D59B4272A618154C71590390E82F7C0
key=encoded, no.=51, cso file:
/dev/null
----------------------------------------------
real command=cset shield -e /home/nrink/Projects/build/encode/encode/tests/array_sum/array_sum.perf.encoded --  --cso /dev/null
key=encoded, no.=52, <stderr>:
LENGTH=7400
elapsed cycles: 6449907
hi(checksum)=0x6D59B4272A618154
lo(checksum)=0xC71590390E82F7C0
key=encoded, no.=52, <checksum>:
0x6D59B4272A618154C71590390E82F7C0
key=encoded, no.=52, cso file:
/dev/null
----------------------------------------------
real command=cset shield -e /home/nrink/Projects/build/encode/encode/tests/array_sum/array_sum.perf.encoded --  --cso /dev/null
key=encoded, no.=53, <stderr>:
LENGTH=7400
elapsed cycles: 6268284
hi(checksum)=0x6D59B4272A618154
lo(checksum)=0xC71590390E82F7C0
key=encoded, no.=53, <checksum>:
0x6D59B4272A618154C71590390E82F7C0
key=encoded, no.=53, cso file:
/dev/null
----------------------------------------------
real command=cset shield -e /home/nrink/Projects/build/encode/encode/tests/array_sum/array_sum.perf.encoded --  --cso /dev/null
key=encoded, no.=54, <stderr>:
LENGTH=7400
elapsed cycles: 6448242
hi(checksum)=0x6D59B4272A618154
lo(checksum)=0xC71590390E82F7C0
key=encoded, no.=54, <checksum>:
0x6D59B4272A618154C71590390E82F7C0
key=encoded, no.=54, cso file:
/dev/null
----------------------------------------------
real command=cset shield -e /home/nrink/Projects/build/encode/encode/tests/array_sum/array_sum.perf.encoded --  --cso /dev/null
key=encoded, no.=55, <stderr>:
LENGTH=7400
elapsed cycles: 6086973
hi(checksum)=0x6D59B4272A618154
lo(checksum)=0xC71590390E82F7C0
key=encoded, no.=55, <checksum>:
0x6D59B4272A618154C71590390E82F7C0
key=encoded, no.=55, cso file:
/dev/null
----------------------------------------------
real command=cset shield -e /home/nrink/Projects/build/encode/encode/tests/array_sum/array_sum.perf.encoded --  --cso /dev/null
key=encoded, no.=56, <stderr>:
LENGTH=7400
elapsed cycles: 6350166
hi(checksum)=0x6D59B4272A618154
lo(checksum)=0xC71590390E82F7C0
key=encoded, no.=56, <checksum>:
0x6D59B4272A618154C71590390E82F7C0
key=encoded, no.=56, cso file:
/dev/null
----------------------------------------------
real command=cset shield -e /home/nrink/Projects/build/encode/encode/tests/array_sum/array_sum.perf.encoded --  --cso /dev/null
key=encoded, no.=57, <stderr>:
LENGTH=7400
elapsed cycles: 6230127
hi(checksum)=0x6D59B4272A618154
lo(checksum)=0xC71590390E82F7C0
key=encoded, no.=57, <checksum>:
0x6D59B4272A618154C71590390E82F7C0
key=encoded, no.=57, cso file:
/dev/null
----------------------------------------------
real command=cset shield -e /home/nrink/Projects/build/encode/encode/tests/array_sum/array_sum.perf.encoded --  --cso /dev/null
key=encoded, no.=58, <stderr>:
LENGTH=7400
elapsed cycles: 6216546
hi(checksum)=0x6D59B4272A618154
lo(checksum)=0xC71590390E82F7C0
key=encoded, no.=58, <checksum>:
0x6D59B4272A618154C71590390E82F7C0
key=encoded, no.=58, cso file:
/dev/null
----------------------------------------------
real command=cset shield -e /home/nrink/Projects/build/encode/encode/tests/array_sum/array_sum.perf.encoded --  --cso /dev/null
key=encoded, no.=59, <stderr>:
LENGTH=7400
elapsed cycles: 6332415
hi(checksum)=0x6D59B4272A618154
lo(checksum)=0xC71590390E82F7C0
key=encoded, no.=59, <checksum>:
0x6D59B4272A618154C71590390E82F7C0
key=encoded, no.=59, cso file:
/dev/null
----------------------------------------------
real command=cset shield -e /home/nrink/Projects/build/encode/encode/tests/array_sum/array_sum.perf.encoded --  --cso /dev/null
key=encoded, no.=60, <stderr>:
LENGTH=7400
elapsed cycles: 6332487
hi(checksum)=0x6D59B4272A618154
lo(checksum)=0xC71590390E82F7C0
key=encoded, no.=60, <checksum>:
0x6D59B4272A618154C71590390E82F7C0
key=encoded, no.=60, cso file:
/dev/null
----------------------------------------------
real command=cset shield -e /home/nrink/Projects/build/encode/encode/tests/array_sum/array_sum.perf.encoded --  --cso /dev/null
key=encoded, no.=61, <stderr>:
LENGTH=7400
elapsed cycles: 6242544
hi(checksum)=0x6D59B4272A618154
lo(checksum)=0xC71590390E82F7C0
key=encoded, no.=61, <checksum>:
0x6D59B4272A618154C71590390E82F7C0
key=encoded, no.=61, cso file:
/dev/null
----------------------------------------------
real command=cset shield -e /home/nrink/Projects/build/encode/encode/tests/array_sum/array_sum.perf.encoded --  --cso /dev/null
key=encoded, no.=62, <stderr>:
LENGTH=7400
elapsed cycles: 6240708
hi(checksum)=0x6D59B4272A618154
lo(checksum)=0xC71590390E82F7C0
key=encoded, no.=62, <checksum>:
0x6D59B4272A618154C71590390E82F7C0
key=encoded, no.=62, cso file:
/dev/null
----------------------------------------------
real command=cset shield -e /home/nrink/Projects/build/encode/encode/tests/array_sum/array_sum.perf.encoded --  --cso /dev/null
key=encoded, no.=63, <stderr>:
LENGTH=7400
elapsed cycles: 6246771
hi(checksum)=0x6D59B4272A618154
lo(checksum)=0xC71590390E82F7C0
key=encoded, no.=63, <checksum>:
0x6D59B4272A618154C71590390E82F7C0
key=encoded, no.=63, cso file:
/dev/null
----------------------------------------------
real command=cset shield -e /home/nrink/Projects/build/encode/encode/tests/array_sum/array_sum.perf.encoded --  --cso /dev/null
key=encoded, no.=64, <stderr>:
LENGTH=7400
elapsed cycles: 6446334
hi(checksum)=0x6D59B4272A618154
lo(checksum)=0xC71590390E82F7C0
key=encoded, no.=64, <checksum>:
0x6D59B4272A618154C71590390E82F7C0
key=encoded, no.=64, cso file:
/dev/null
----------------------------------------------
real command=cset shield -e /home/nrink/Projects/build/encode/encode/tests/array_sum/array_sum.perf.encoded --  --cso /dev/null
key=encoded, no.=65, <stderr>:
LENGTH=7400
elapsed cycles: 6234927
hi(checksum)=0x6D59B4272A618154
lo(checksum)=0xC71590390E82F7C0
key=encoded, no.=65, <checksum>:
0x6D59B4272A618154C71590390E82F7C0
key=encoded, no.=65, cso file:
/dev/null
----------------------------------------------
real command=cset shield -e /home/nrink/Projects/build/encode/encode/tests/array_sum/array_sum.perf.encoded --  --cso /dev/null
key=encoded, no.=66, <stderr>:
LENGTH=7400
elapsed cycles: 6232173
hi(checksum)=0x6D59B4272A618154
lo(checksum)=0xC71590390E82F7C0
key=encoded, no.=66, <checksum>:
0x6D59B4272A618154C71590390E82F7C0
key=encoded, no.=66, cso file:
/dev/null
----------------------------------------------
real command=cset shield -e /home/nrink/Projects/build/encode/encode/tests/array_sum/array_sum.perf.encoded --  --cso /dev/null
key=encoded, no.=67, <stderr>:
LENGTH=7400
elapsed cycles: 6236502
hi(checksum)=0x6D59B4272A618154
lo(checksum)=0xC71590390E82F7C0
key=encoded, no.=67, <checksum>:
0x6D59B4272A618154C71590390E82F7C0
key=encoded, no.=67, cso file:
/dev/null
----------------------------------------------
real command=cset shield -e /home/nrink/Projects/build/encode/encode/tests/array_sum/array_sum.perf.encoded --  --cso /dev/null
key=encoded, no.=68, <stderr>:
LENGTH=7400
elapsed cycles: 6305541
hi(checksum)=0x6D59B4272A618154
lo(checksum)=0xC71590390E82F7C0
key=encoded, no.=68, <checksum>:
0x6D59B4272A618154C71590390E82F7C0
key=encoded, no.=68, cso file:
/dev/null
----------------------------------------------
real command=cset shield -e /home/nrink/Projects/build/encode/encode/tests/array_sum/array_sum.perf.encoded --  --cso /dev/null
key=encoded, no.=69, <stderr>:
LENGTH=7400
elapsed cycles: 6895610
hi(checksum)=0x6D59B4272A618154
lo(checksum)=0xC71590390E82F7C0
key=encoded, no.=69, <checksum>:
0x6D59B4272A618154C71590390E82F7C0
key=encoded, no.=69, cso file:
/dev/null
----------------------------------------------
real command=cset shield -e /home/nrink/Projects/build/encode/encode/tests/array_sum/array_sum.perf.encoded --  --cso /dev/null
key=encoded, no.=70, <stderr>:
LENGTH=7400
elapsed cycles: 6271119
hi(checksum)=0x6D59B4272A618154
lo(checksum)=0xC71590390E82F7C0
key=encoded, no.=70, <checksum>:
0x6D59B4272A618154C71590390E82F7C0
key=encoded, no.=70, cso file:
/dev/null
----------------------------------------------
real command=cset shield -e /home/nrink/Projects/build/encode/encode/tests/array_sum/array_sum.perf.encoded --  --cso /dev/null
key=encoded, no.=71, <stderr>:
LENGTH=7400
elapsed cycles: 6295122
hi(checksum)=0x6D59B4272A618154
lo(checksum)=0xC71590390E82F7C0
key=encoded, no.=71, <checksum>:
0x6D59B4272A618154C71590390E82F7C0
key=encoded, no.=71, cso file:
/dev/null
----------------------------------------------
real command=cset shield -e /home/nrink/Projects/build/encode/encode/tests/array_sum/array_sum.perf.encoded --  --cso /dev/null
key=encoded, no.=72, <stderr>:
LENGTH=7400
elapsed cycles: 6413922
hi(checksum)=0x6D59B4272A618154
lo(checksum)=0xC71590390E82F7C0
key=encoded, no.=72, <checksum>:
0x6D59B4272A618154C71590390E82F7C0
key=encoded, no.=72, cso file:
/dev/null
----------------------------------------------
real command=cset shield -e /home/nrink/Projects/build/encode/encode/tests/array_sum/array_sum.perf.encoded --  --cso /dev/null
key=encoded, no.=73, <stderr>:
LENGTH=7400
elapsed cycles: 6241965
hi(checksum)=0x6D59B4272A618154
lo(checksum)=0xC71590390E82F7C0
key=encoded, no.=73, <checksum>:
0x6D59B4272A618154C71590390E82F7C0
key=encoded, no.=73, cso file:
/dev/null
----------------------------------------------
real command=cset shield -e /home/nrink/Projects/build/encode/encode/tests/array_sum/array_sum.perf.encoded --  --cso /dev/null
key=encoded, no.=74, <stderr>:
LENGTH=7400
elapsed cycles: 7558806
hi(checksum)=0x6D59B4272A618154
lo(checksum)=0xC71590390E82F7C0
key=encoded, no.=74, <checksum>:
0x6D59B4272A618154C71590390E82F7C0
key=encoded, no.=74, cso file:
/dev/null
----------------------------------------------
real command=cset shield -e /home/nrink/Projects/build/encode/encode/tests/array_sum/array_sum.perf.encoded --  --cso /dev/null
key=encoded, no.=75, <stderr>:
LENGTH=7400
elapsed cycles: 6422325
hi(checksum)=0x6D59B4272A618154
lo(checksum)=0xC71590390E82F7C0
key=encoded, no.=75, <checksum>:
0x6D59B4272A618154C71590390E82F7C0
key=encoded, no.=75, cso file:
/dev/null
----------------------------------------------
real command=cset shield -e /home/nrink/Projects/build/encode/encode/tests/array_sum/array_sum.perf.encoded --  --cso /dev/null
key=encoded, no.=76, <stderr>:
LENGTH=7400
elapsed cycles: 6304695
hi(checksum)=0x6D59B4272A618154
lo(checksum)=0xC71590390E82F7C0
key=encoded, no.=76, <checksum>:
0x6D59B4272A618154C71590390E82F7C0
key=encoded, no.=76, cso file:
/dev/null
----------------------------------------------
real command=cset shield -e /home/nrink/Projects/build/encode/encode/tests/array_sum/array_sum.perf.encoded --  --cso /dev/null
key=encoded, no.=77, <stderr>:
LENGTH=7400
elapsed cycles: 6105303
hi(checksum)=0x6D59B4272A618154
lo(checksum)=0xC71590390E82F7C0
key=encoded, no.=77, <checksum>:
0x6D59B4272A618154C71590390E82F7C0
key=encoded, no.=77, cso file:
/dev/null
----------------------------------------------
real command=cset shield -e /home/nrink/Projects/build/encode/encode/tests/array_sum/array_sum.perf.encoded --  --cso /dev/null
key=encoded, no.=78, <stderr>:
LENGTH=7400
elapsed cycles: 6143733
hi(checksum)=0x6D59B4272A618154
lo(checksum)=0xC71590390E82F7C0
key=encoded, no.=78, <checksum>:
0x6D59B4272A618154C71590390E82F7C0
key=encoded, no.=78, cso file:
/dev/null
----------------------------------------------
real command=cset shield -e /home/nrink/Projects/build/encode/encode/tests/array_sum/array_sum.perf.encoded --  --cso /dev/null
key=encoded, no.=79, <stderr>:
LENGTH=7400
elapsed cycles: 6267213
hi(checksum)=0x6D59B4272A618154
lo(checksum)=0xC71590390E82F7C0
key=encoded, no.=79, <checksum>:
0x6D59B4272A618154C71590390E82F7C0
key=encoded, no.=79, cso file:
/dev/null
----------------------------------------------
real command=cset shield -e /home/nrink/Projects/build/encode/encode/tests/array_sum/array_sum.perf.encoded --  --cso /dev/null
key=encoded, no.=80, <stderr>:
LENGTH=7400
elapsed cycles: 6122331
hi(checksum)=0x6D59B4272A618154
lo(checksum)=0xC71590390E82F7C0
key=encoded, no.=80, <checksum>:
0x6D59B4272A618154C71590390E82F7C0
key=encoded, no.=80, cso file:
/dev/null
----------------------------------------------
real command=cset shield -e /home/nrink/Projects/build/encode/encode/tests/array_sum/array_sum.perf.encoded --  --cso /dev/null
key=encoded, no.=81, <stderr>:
LENGTH=7400
elapsed cycles: 6271113
hi(checksum)=0x6D59B4272A618154
lo(checksum)=0xC71590390E82F7C0
key=encoded, no.=81, <checksum>:
0x6D59B4272A618154C71590390E82F7C0
key=encoded, no.=81, cso file:
/dev/null
----------------------------------------------
real command=cset shield -e /home/nrink/Projects/build/encode/encode/tests/array_sum/array_sum.perf.encoded --  --cso /dev/null
key=encoded, no.=82, <stderr>:
LENGTH=7400
elapsed cycles: 6234147
hi(checksum)=0x6D59B4272A618154
lo(checksum)=0xC71590390E82F7C0
key=encoded, no.=82, <checksum>:
0x6D59B4272A618154C71590390E82F7C0
key=encoded, no.=82, cso file:
/dev/null
----------------------------------------------
real command=cset shield -e /home/nrink/Projects/build/encode/encode/tests/array_sum/array_sum.perf.encoded --  --cso /dev/null
key=encoded, no.=83, <stderr>:
LENGTH=7400
elapsed cycles: 6239130
hi(checksum)=0x6D59B4272A618154
lo(checksum)=0xC71590390E82F7C0
key=encoded, no.=83, <checksum>:
0x6D59B4272A618154C71590390E82F7C0
key=encoded, no.=83, cso file:
/dev/null
----------------------------------------------
real command=cset shield -e /home/nrink/Projects/build/encode/encode/tests/array_sum/array_sum.perf.encoded --  --cso /dev/null
key=encoded, no.=84, <stderr>:
LENGTH=7400
elapsed cycles: 6356037
hi(checksum)=0x6D59B4272A618154
lo(checksum)=0xC71590390E82F7C0
key=encoded, no.=84, <checksum>:
0x6D59B4272A618154C71590390E82F7C0
key=encoded, no.=84, cso file:
/dev/null
----------------------------------------------
real command=cset shield -e /home/nrink/Projects/build/encode/encode/tests/array_sum/array_sum.perf.encoded --  --cso /dev/null
key=encoded, no.=85, <stderr>:
LENGTH=7400
elapsed cycles: 6235773
hi(checksum)=0x6D59B4272A618154
lo(checksum)=0xC71590390E82F7C0
key=encoded, no.=85, <checksum>:
0x6D59B4272A618154C71590390E82F7C0
key=encoded, no.=85, cso file:
/dev/null
----------------------------------------------
real command=cset shield -e /home/nrink/Projects/build/encode/encode/tests/array_sum/array_sum.perf.encoded --  --cso /dev/null
key=encoded, no.=86, <stderr>:
LENGTH=7400
elapsed cycles: 6253116
hi(checksum)=0x6D59B4272A618154
lo(checksum)=0xC71590390E82F7C0
key=encoded, no.=86, <checksum>:
0x6D59B4272A618154C71590390E82F7C0
key=encoded, no.=86, cso file:
/dev/null
----------------------------------------------
real command=cset shield -e /home/nrink/Projects/build/encode/encode/tests/array_sum/array_sum.perf.encoded --  --cso /dev/null
key=encoded, no.=87, <stderr>:
LENGTH=7400
elapsed cycles: 6298980
hi(checksum)=0x6D59B4272A618154
lo(checksum)=0xC71590390E82F7C0
key=encoded, no.=87, <checksum>:
0x6D59B4272A618154C71590390E82F7C0
key=encoded, no.=87, cso file:
/dev/null
----------------------------------------------
real command=cset shield -e /home/nrink/Projects/build/encode/encode/tests/array_sum/array_sum.perf.encoded --  --cso /dev/null
key=encoded, no.=88, <stderr>:
LENGTH=7400
elapsed cycles: 6474885
hi(checksum)=0x6D59B4272A618154
lo(checksum)=0xC71590390E82F7C0
key=encoded, no.=88, <checksum>:
0x6D59B4272A618154C71590390E82F7C0
key=encoded, no.=88, cso file:
/dev/null
----------------------------------------------
real command=cset shield -e /home/nrink/Projects/build/encode/encode/tests/array_sum/array_sum.perf.encoded --  --cso /dev/null
key=encoded, no.=89, <stderr>:
LENGTH=7400
elapsed cycles: 6079452
hi(checksum)=0x6D59B4272A618154
lo(checksum)=0xC71590390E82F7C0
key=encoded, no.=89, <checksum>:
0x6D59B4272A618154C71590390E82F7C0
key=encoded, no.=89, cso file:
/dev/null
----------------------------------------------
real command=cset shield -e /home/nrink/Projects/build/encode/encode/tests/array_sum/array_sum.perf.encoded --  --cso /dev/null
key=encoded, no.=90, <stderr>:
LENGTH=7400
elapsed cycles: 6107541
hi(checksum)=0x6D59B4272A618154
lo(checksum)=0xC71590390E82F7C0
key=encoded, no.=90, <checksum>:
0x6D59B4272A618154C71590390E82F7C0
key=encoded, no.=90, cso file:
/dev/null
----------------------------------------------
real command=cset shield -e /home/nrink/Projects/build/encode/encode/tests/array_sum/array_sum.perf.encoded --  --cso /dev/null
key=encoded, no.=91, <stderr>:
LENGTH=7400
elapsed cycles: 6285555
hi(checksum)=0x6D59B4272A618154
lo(checksum)=0xC71590390E82F7C0
key=encoded, no.=91, <checksum>:
0x6D59B4272A618154C71590390E82F7C0
key=encoded, no.=91, cso file:
/dev/null
----------------------------------------------
real command=cset shield -e /home/nrink/Projects/build/encode/encode/tests/array_sum/array_sum.perf.encoded --  --cso /dev/null
key=encoded, no.=92, <stderr>:
LENGTH=7400
elapsed cycles: 6139053
hi(checksum)=0x6D59B4272A618154
lo(checksum)=0xC71590390E82F7C0
key=encoded, no.=92, <checksum>:
0x6D59B4272A618154C71590390E82F7C0
key=encoded, no.=92, cso file:
/dev/null
----------------------------------------------
real command=cset shield -e /home/nrink/Projects/build/encode/encode/tests/array_sum/array_sum.perf.encoded --  --cso /dev/null
key=encoded, no.=93, <stderr>:
LENGTH=7400
elapsed cycles: 6104364
hi(checksum)=0x6D59B4272A618154
lo(checksum)=0xC71590390E82F7C0
key=encoded, no.=93, <checksum>:
0x6D59B4272A618154C71590390E82F7C0
key=encoded, no.=93, cso file:
/dev/null
----------------------------------------------
real command=cset shield -e /home/nrink/Projects/build/encode/encode/tests/array_sum/array_sum.perf.encoded --  --cso /dev/null
key=encoded, no.=94, <stderr>:
LENGTH=7400
elapsed cycles: 6393165
hi(checksum)=0x6D59B4272A618154
lo(checksum)=0xC71590390E82F7C0
key=encoded, no.=94, <checksum>:
0x6D59B4272A618154C71590390E82F7C0
key=encoded, no.=94, cso file:
/dev/null
----------------------------------------------
real command=cset shield -e /home/nrink/Projects/build/encode/encode/tests/array_sum/array_sum.perf.encoded --  --cso /dev/null
key=encoded, no.=95, <stderr>:
LENGTH=7400
elapsed cycles: 6420537
hi(checksum)=0x6D59B4272A618154
lo(checksum)=0xC71590390E82F7C0
key=encoded, no.=95, <checksum>:
0x6D59B4272A618154C71590390E82F7C0
key=encoded, no.=95, cso file:
/dev/null
----------------------------------------------
real command=cset shield -e /home/nrink/Projects/build/encode/encode/tests/array_sum/array_sum.perf.encoded --  --cso /dev/null
key=encoded, no.=96, <stderr>:
LENGTH=7400
elapsed cycles: 6261831
hi(checksum)=0x6D59B4272A618154
lo(checksum)=0xC71590390E82F7C0
key=encoded, no.=96, <checksum>:
0x6D59B4272A618154C71590390E82F7C0
key=encoded, no.=96, cso file:
/dev/null
----------------------------------------------
real command=cset shield -e /home/nrink/Projects/build/encode/encode/tests/array_sum/array_sum.perf.encoded --  --cso /dev/null
key=encoded, no.=97, <stderr>:
LENGTH=7400
elapsed cycles: 6403797
hi(checksum)=0x6D59B4272A618154
lo(checksum)=0xC71590390E82F7C0
key=encoded, no.=97, <checksum>:
0x6D59B4272A618154C71590390E82F7C0
key=encoded, no.=97, cso file:
/dev/null
----------------------------------------------
real command=cset shield -e /home/nrink/Projects/build/encode/encode/tests/array_sum/array_sum.perf.encoded --  --cso /dev/null
key=encoded, no.=98, <stderr>:
LENGTH=7400
elapsed cycles: 6423669
hi(checksum)=0x6D59B4272A618154
lo(checksum)=0xC71590390E82F7C0
key=encoded, no.=98, <checksum>:
0x6D59B4272A618154C71590390E82F7C0
key=encoded, no.=98, cso file:
/dev/null
----------------------------------------------
real command=cset shield -e /home/nrink/Projects/build/encode/encode/tests/array_sum/array_sum.perf.encoded --  --cso /dev/null
key=encoded, no.=99, <stderr>:
LENGTH=7400
elapsed cycles: 6231411
hi(checksum)=0x6D59B4272A618154
lo(checksum)=0xC71590390E82F7C0
key=encoded, no.=99, <checksum>:
0x6D59B4272A618154C71590390E82F7C0
key=encoded, no.=99, cso file:
/dev/null
----------------------------------------------
