key=plain, runs=100 ...
command=/home/nrink/Projects/build/encode/encode/tests/array_sum/array_sum.perf.plain
----------------------------------------------
real command=cset shield -e /home/nrink/Projects/build/encode/encode/tests/array_sum/array_sum.perf.plain --  --cso /dev/null
key=plain, no.=0, <stderr>:
LENGTH=3900
elapsed cycles: 756612
hi(checksum)=0x216A164BFE1EA191
lo(checksum)=0x012394A872E428A0
key=plain, no.=0, <checksum>:
0x216A164BFE1EA191012394A872E428A0
key=plain, no.=0, cso file:
/dev/null
----------------------------------------------
real command=cset shield -e /home/nrink/Projects/build/encode/encode/tests/array_sum/array_sum.perf.plain --  --cso /dev/null
key=plain, no.=1, <stderr>:
LENGTH=3900
elapsed cycles: 770280
hi(checksum)=0x216A164BFE1EA191
lo(checksum)=0x012394A872E428A0
key=plain, no.=1, <checksum>:
0x216A164BFE1EA191012394A872E428A0
key=plain, no.=1, cso file:
/dev/null
----------------------------------------------
real command=cset shield -e /home/nrink/Projects/build/encode/encode/tests/array_sum/array_sum.perf.plain --  --cso /dev/null
key=plain, no.=2, <stderr>:
LENGTH=3900
elapsed cycles: 756441
hi(checksum)=0x216A164BFE1EA191
lo(checksum)=0x012394A872E428A0
key=plain, no.=2, <checksum>:
0x216A164BFE1EA191012394A872E428A0
key=plain, no.=2, cso file:
/dev/null
----------------------------------------------
real command=cset shield -e /home/nrink/Projects/build/encode/encode/tests/array_sum/array_sum.perf.plain --  --cso /dev/null
key=plain, no.=3, <stderr>:
LENGTH=3900
elapsed cycles: 756078
hi(checksum)=0x216A164BFE1EA191
lo(checksum)=0x012394A872E428A0
key=plain, no.=3, <checksum>:
0x216A164BFE1EA191012394A872E428A0
key=plain, no.=3, cso file:
/dev/null
----------------------------------------------
real command=cset shield -e /home/nrink/Projects/build/encode/encode/tests/array_sum/array_sum.perf.plain --  --cso /dev/null
key=plain, no.=4, <stderr>:
LENGTH=3900
elapsed cycles: 789063
hi(checksum)=0x216A164BFE1EA191
lo(checksum)=0x012394A872E428A0
key=plain, no.=4, <checksum>:
0x216A164BFE1EA191012394A872E428A0
key=plain, no.=4, cso file:
/dev/null
----------------------------------------------
real command=cset shield -e /home/nrink/Projects/build/encode/encode/tests/array_sum/array_sum.perf.plain --  --cso /dev/null
key=plain, no.=5, <stderr>:
LENGTH=3900
elapsed cycles: 825240
hi(checksum)=0x216A164BFE1EA191
lo(checksum)=0x012394A872E428A0
key=plain, no.=5, <checksum>:
0x216A164BFE1EA191012394A872E428A0
key=plain, no.=5, cso file:
/dev/null
----------------------------------------------
real command=cset shield -e /home/nrink/Projects/build/encode/encode/tests/array_sum/array_sum.perf.plain --  --cso /dev/null
key=plain, no.=6, <stderr>:
LENGTH=3900
elapsed cycles: 789903
hi(checksum)=0x216A164BFE1EA191
lo(checksum)=0x012394A872E428A0
key=plain, no.=6, <checksum>:
0x216A164BFE1EA191012394A872E428A0
key=plain, no.=6, cso file:
/dev/null
----------------------------------------------
real command=cset shield -e /home/nrink/Projects/build/encode/encode/tests/array_sum/array_sum.perf.plain --  --cso /dev/null
key=plain, no.=7, <stderr>:
LENGTH=3900
elapsed cycles: 788610
hi(checksum)=0x216A164BFE1EA191
lo(checksum)=0x012394A872E428A0
key=plain, no.=7, <checksum>:
0x216A164BFE1EA191012394A872E428A0
key=plain, no.=7, cso file:
/dev/null
----------------------------------------------
real command=cset shield -e /home/nrink/Projects/build/encode/encode/tests/array_sum/array_sum.perf.plain --  --cso /dev/null
key=plain, no.=8, <stderr>:
LENGTH=3900
elapsed cycles: 788616
hi(checksum)=0x216A164BFE1EA191
lo(checksum)=0x012394A872E428A0
key=plain, no.=8, <checksum>:
0x216A164BFE1EA191012394A872E428A0
key=plain, no.=8, cso file:
/dev/null
----------------------------------------------
real command=cset shield -e /home/nrink/Projects/build/encode/encode/tests/array_sum/array_sum.perf.plain --  --cso /dev/null
key=plain, no.=9, <stderr>:
LENGTH=3900
elapsed cycles: 788154
hi(checksum)=0x216A164BFE1EA191
lo(checksum)=0x012394A872E428A0
key=plain, no.=9, <checksum>:
0x216A164BFE1EA191012394A872E428A0
key=plain, no.=9, cso file:
/dev/null
----------------------------------------------
real command=cset shield -e /home/nrink/Projects/build/encode/encode/tests/array_sum/array_sum.perf.plain --  --cso /dev/null
key=plain, no.=10, <stderr>:
LENGTH=3900
elapsed cycles: 787842
hi(checksum)=0x216A164BFE1EA191
lo(checksum)=0x012394A872E428A0
key=plain, no.=10, <checksum>:
0x216A164BFE1EA191012394A872E428A0
key=plain, no.=10, cso file:
/dev/null
----------------------------------------------
real command=cset shield -e /home/nrink/Projects/build/encode/encode/tests/array_sum/array_sum.perf.plain --  --cso /dev/null
key=plain, no.=11, <stderr>:
LENGTH=3900
elapsed cycles: 788277
hi(checksum)=0x216A164BFE1EA191
lo(checksum)=0x012394A872E428A0
key=plain, no.=11, <checksum>:
0x216A164BFE1EA191012394A872E428A0
key=plain, no.=11, cso file:
/dev/null
----------------------------------------------
real command=cset shield -e /home/nrink/Projects/build/encode/encode/tests/array_sum/array_sum.perf.plain --  --cso /dev/null
key=plain, no.=12, <stderr>:
LENGTH=3900
elapsed cycles: 786924
hi(checksum)=0x216A164BFE1EA191
lo(checksum)=0x012394A872E428A0
key=plain, no.=12, <checksum>:
0x216A164BFE1EA191012394A872E428A0
key=plain, no.=12, cso file:
/dev/null
----------------------------------------------
real command=cset shield -e /home/nrink/Projects/build/encode/encode/tests/array_sum/array_sum.perf.plain --  --cso /dev/null
key=plain, no.=13, <stderr>:
LENGTH=3900
elapsed cycles: 788091
hi(checksum)=0x216A164BFE1EA191
lo(checksum)=0x012394A872E428A0
key=plain, no.=13, <checksum>:
0x216A164BFE1EA191012394A872E428A0
key=plain, no.=13, cso file:
/dev/null
----------------------------------------------
real command=cset shield -e /home/nrink/Projects/build/encode/encode/tests/array_sum/array_sum.perf.plain --  --cso /dev/null
key=plain, no.=14, <stderr>:
LENGTH=3900
elapsed cycles: 788637
hi(checksum)=0x216A164BFE1EA191
lo(checksum)=0x012394A872E428A0
key=plain, no.=14, <checksum>:
0x216A164BFE1EA191012394A872E428A0
key=plain, no.=14, cso file:
/dev/null
----------------------------------------------
real command=cset shield -e /home/nrink/Projects/build/encode/encode/tests/array_sum/array_sum.perf.plain --  --cso /dev/null
key=plain, no.=15, <stderr>:
LENGTH=3900
elapsed cycles: 755283
hi(checksum)=0x216A164BFE1EA191
lo(checksum)=0x012394A872E428A0
key=plain, no.=15, <checksum>:
0x216A164BFE1EA191012394A872E428A0
key=plain, no.=15, cso file:
/dev/null
----------------------------------------------
real command=cset shield -e /home/nrink/Projects/build/encode/encode/tests/array_sum/array_sum.perf.plain --  --cso /dev/null
key=plain, no.=16, <stderr>:
LENGTH=3900
elapsed cycles: 825771
hi(checksum)=0x216A164BFE1EA191
lo(checksum)=0x012394A872E428A0
key=plain, no.=16, <checksum>:
0x216A164BFE1EA191012394A872E428A0
key=plain, no.=16, cso file:
/dev/null
----------------------------------------------
real command=cset shield -e /home/nrink/Projects/build/encode/encode/tests/array_sum/array_sum.perf.plain --  --cso /dev/null
key=plain, no.=17, <stderr>:
LENGTH=3900
elapsed cycles: 757827
hi(checksum)=0x216A164BFE1EA191
lo(checksum)=0x012394A872E428A0
key=plain, no.=17, <checksum>:
0x216A164BFE1EA191012394A872E428A0
key=plain, no.=17, cso file:
/dev/null
----------------------------------------------
real command=cset shield -e /home/nrink/Projects/build/encode/encode/tests/array_sum/array_sum.perf.plain --  --cso /dev/null
key=plain, no.=18, <stderr>:
LENGTH=3900
elapsed cycles: 788697
hi(checksum)=0x216A164BFE1EA191
lo(checksum)=0x012394A872E428A0
key=plain, no.=18, <checksum>:
0x216A164BFE1EA191012394A872E428A0
key=plain, no.=18, cso file:
/dev/null
----------------------------------------------
real command=cset shield -e /home/nrink/Projects/build/encode/encode/tests/array_sum/array_sum.perf.plain --  --cso /dev/null
key=plain, no.=19, <stderr>:
LENGTH=3900
elapsed cycles: 787749
hi(checksum)=0x216A164BFE1EA191
lo(checksum)=0x012394A872E428A0
key=plain, no.=19, <checksum>:
0x216A164BFE1EA191012394A872E428A0
key=plain, no.=19, cso file:
/dev/null
----------------------------------------------
real command=cset shield -e /home/nrink/Projects/build/encode/encode/tests/array_sum/array_sum.perf.plain --  --cso /dev/null
key=plain, no.=20, <stderr>:
LENGTH=3900
elapsed cycles: 787959
hi(checksum)=0x216A164BFE1EA191
lo(checksum)=0x012394A872E428A0
key=plain, no.=20, <checksum>:
0x216A164BFE1EA191012394A872E428A0
key=plain, no.=20, cso file:
/dev/null
----------------------------------------------
real command=cset shield -e /home/nrink/Projects/build/encode/encode/tests/array_sum/array_sum.perf.plain --  --cso /dev/null
key=plain, no.=21, <stderr>:
LENGTH=3900
elapsed cycles: 788328
hi(checksum)=0x216A164BFE1EA191
lo(checksum)=0x012394A872E428A0
key=plain, no.=21, <checksum>:
0x216A164BFE1EA191012394A872E428A0
key=plain, no.=21, cso file:
/dev/null
----------------------------------------------
real command=cset shield -e /home/nrink/Projects/build/encode/encode/tests/array_sum/array_sum.perf.plain --  --cso /dev/null
key=plain, no.=22, <stderr>:
LENGTH=3900
elapsed cycles: 789237
hi(checksum)=0x216A164BFE1EA191
lo(checksum)=0x012394A872E428A0
key=plain, no.=22, <checksum>:
0x216A164BFE1EA191012394A872E428A0
key=plain, no.=22, cso file:
/dev/null
----------------------------------------------
real command=cset shield -e /home/nrink/Projects/build/encode/encode/tests/array_sum/array_sum.perf.plain --  --cso /dev/null
key=plain, no.=23, <stderr>:
LENGTH=3900
elapsed cycles: 789195
hi(checksum)=0x216A164BFE1EA191
lo(checksum)=0x012394A872E428A0
key=plain, no.=23, <checksum>:
0x216A164BFE1EA191012394A872E428A0
key=plain, no.=23, cso file:
/dev/null
----------------------------------------------
real command=cset shield -e /home/nrink/Projects/build/encode/encode/tests/array_sum/array_sum.perf.plain --  --cso /dev/null
key=plain, no.=24, <stderr>:
LENGTH=3900
elapsed cycles: 788481
hi(checksum)=0x216A164BFE1EA191
lo(checksum)=0x012394A872E428A0
key=plain, no.=24, <checksum>:
0x216A164BFE1EA191012394A872E428A0
key=plain, no.=24, cso file:
/dev/null
----------------------------------------------
real command=cset shield -e /home/nrink/Projects/build/encode/encode/tests/array_sum/array_sum.perf.plain --  --cso /dev/null
key=plain, no.=25, <stderr>:
LENGTH=3900
elapsed cycles: 755784
hi(checksum)=0x216A164BFE1EA191
lo(checksum)=0x012394A872E428A0
key=plain, no.=25, <checksum>:
0x216A164BFE1EA191012394A872E428A0
key=plain, no.=25, cso file:
/dev/null
----------------------------------------------
real command=cset shield -e /home/nrink/Projects/build/encode/encode/tests/array_sum/array_sum.perf.plain --  --cso /dev/null
key=plain, no.=26, <stderr>:
LENGTH=3900
elapsed cycles: 760176
hi(checksum)=0x216A164BFE1EA191
lo(checksum)=0x012394A872E428A0
key=plain, no.=26, <checksum>:
0x216A164BFE1EA191012394A872E428A0
key=plain, no.=26, cso file:
/dev/null
----------------------------------------------
real command=cset shield -e /home/nrink/Projects/build/encode/encode/tests/array_sum/array_sum.perf.plain --  --cso /dev/null
key=plain, no.=27, <stderr>:
LENGTH=3900
elapsed cycles: 789567
hi(checksum)=0x216A164BFE1EA191
lo(checksum)=0x012394A872E428A0
key=plain, no.=27, <checksum>:
0x216A164BFE1EA191012394A872E428A0
key=plain, no.=27, cso file:
/dev/null
----------------------------------------------
real command=cset shield -e /home/nrink/Projects/build/encode/encode/tests/array_sum/array_sum.perf.plain --  --cso /dev/null
key=plain, no.=28, <stderr>:
LENGTH=3900
elapsed cycles: 757644
hi(checksum)=0x216A164BFE1EA191
lo(checksum)=0x012394A872E428A0
key=plain, no.=28, <checksum>:
0x216A164BFE1EA191012394A872E428A0
key=plain, no.=28, cso file:
/dev/null
----------------------------------------------
real command=cset shield -e /home/nrink/Projects/build/encode/encode/tests/array_sum/array_sum.perf.plain --  --cso /dev/null
key=plain, no.=29, <stderr>:
LENGTH=3900
elapsed cycles: 775851
hi(checksum)=0x216A164BFE1EA191
lo(checksum)=0x012394A872E428A0
key=plain, no.=29, <checksum>:
0x216A164BFE1EA191012394A872E428A0
key=plain, no.=29, cso file:
/dev/null
----------------------------------------------
real command=cset shield -e /home/nrink/Projects/build/encode/encode/tests/array_sum/array_sum.perf.plain --  --cso /dev/null
key=plain, no.=30, <stderr>:
LENGTH=3900
elapsed cycles: 788802
hi(checksum)=0x216A164BFE1EA191
lo(checksum)=0x012394A872E428A0
key=plain, no.=30, <checksum>:
0x216A164BFE1EA191012394A872E428A0
key=plain, no.=30, cso file:
/dev/null
----------------------------------------------
real command=cset shield -e /home/nrink/Projects/build/encode/encode/tests/array_sum/array_sum.perf.plain --  --cso /dev/null
key=plain, no.=31, <stderr>:
LENGTH=3900
elapsed cycles: 829185
hi(checksum)=0x216A164BFE1EA191
lo(checksum)=0x012394A872E428A0
key=plain, no.=31, <checksum>:
0x216A164BFE1EA191012394A872E428A0
key=plain, no.=31, cso file:
/dev/null
----------------------------------------------
real command=cset shield -e /home/nrink/Projects/build/encode/encode/tests/array_sum/array_sum.perf.plain --  --cso /dev/null
key=plain, no.=32, <stderr>:
LENGTH=3900
elapsed cycles: 762330
hi(checksum)=0x216A164BFE1EA191
lo(checksum)=0x012394A872E428A0
key=plain, no.=32, <checksum>:
0x216A164BFE1EA191012394A872E428A0
key=plain, no.=32, cso file:
/dev/null
----------------------------------------------
real command=cset shield -e /home/nrink/Projects/build/encode/encode/tests/array_sum/array_sum.perf.plain --  --cso /dev/null
key=plain, no.=33, <stderr>:
LENGTH=3900
elapsed cycles: 755772
hi(checksum)=0x216A164BFE1EA191
lo(checksum)=0x012394A872E428A0
key=plain, no.=33, <checksum>:
0x216A164BFE1EA191012394A872E428A0
key=plain, no.=33, cso file:
/dev/null
----------------------------------------------
real command=cset shield -e /home/nrink/Projects/build/encode/encode/tests/array_sum/array_sum.perf.plain --  --cso /dev/null
key=plain, no.=34, <stderr>:
LENGTH=3900
elapsed cycles: 787671
hi(checksum)=0x216A164BFE1EA191
lo(checksum)=0x012394A872E428A0
key=plain, no.=34, <checksum>:
0x216A164BFE1EA191012394A872E428A0
key=plain, no.=34, cso file:
/dev/null
----------------------------------------------
real command=cset shield -e /home/nrink/Projects/build/encode/encode/tests/array_sum/array_sum.perf.plain --  --cso /dev/null
key=plain, no.=35, <stderr>:
LENGTH=3900
elapsed cycles: 788514
hi(checksum)=0x216A164BFE1EA191
lo(checksum)=0x012394A872E428A0
key=plain, no.=35, <checksum>:
0x216A164BFE1EA191012394A872E428A0
key=plain, no.=35, cso file:
/dev/null
----------------------------------------------
real command=cset shield -e /home/nrink/Projects/build/encode/encode/tests/array_sum/array_sum.perf.plain --  --cso /dev/null
key=plain, no.=36, <stderr>:
LENGTH=3900
elapsed cycles: 812712
hi(checksum)=0x216A164BFE1EA191
lo(checksum)=0x012394A872E428A0
key=plain, no.=36, <checksum>:
0x216A164BFE1EA191012394A872E428A0
key=plain, no.=36, cso file:
/dev/null
----------------------------------------------
real command=cset shield -e /home/nrink/Projects/build/encode/encode/tests/array_sum/array_sum.perf.plain --  --cso /dev/null
key=plain, no.=37, <stderr>:
LENGTH=3900
elapsed cycles: 778680
hi(checksum)=0x216A164BFE1EA191
lo(checksum)=0x012394A872E428A0
key=plain, no.=37, <checksum>:
0x216A164BFE1EA191012394A872E428A0
key=plain, no.=37, cso file:
/dev/null
----------------------------------------------
real command=cset shield -e /home/nrink/Projects/build/encode/encode/tests/array_sum/array_sum.perf.plain --  --cso /dev/null
key=plain, no.=38, <stderr>:
LENGTH=3900
elapsed cycles: 843318
hi(checksum)=0x216A164BFE1EA191
lo(checksum)=0x012394A872E428A0
key=plain, no.=38, <checksum>:
0x216A164BFE1EA191012394A872E428A0
key=plain, no.=38, cso file:
/dev/null
----------------------------------------------
real command=cset shield -e /home/nrink/Projects/build/encode/encode/tests/array_sum/array_sum.perf.plain --  --cso /dev/null
key=plain, no.=39, <stderr>:
LENGTH=3900
elapsed cycles: 757095
hi(checksum)=0x216A164BFE1EA191
lo(checksum)=0x012394A872E428A0
key=plain, no.=39, <checksum>:
0x216A164BFE1EA191012394A872E428A0
key=plain, no.=39, cso file:
/dev/null
----------------------------------------------
real command=cset shield -e /home/nrink/Projects/build/encode/encode/tests/array_sum/array_sum.perf.plain --  --cso /dev/null
key=plain, no.=40, <stderr>:
LENGTH=3900
elapsed cycles: 756219
hi(checksum)=0x216A164BFE1EA191
lo(checksum)=0x012394A872E428A0
key=plain, no.=40, <checksum>:
0x216A164BFE1EA191012394A872E428A0
key=plain, no.=40, cso file:
/dev/null
----------------------------------------------
real command=cset shield -e /home/nrink/Projects/build/encode/encode/tests/array_sum/array_sum.perf.plain --  --cso /dev/null
key=plain, no.=41, <stderr>:
LENGTH=3900
elapsed cycles: 757599
hi(checksum)=0x216A164BFE1EA191
lo(checksum)=0x012394A872E428A0
key=plain, no.=41, <checksum>:
0x216A164BFE1EA191012394A872E428A0
key=plain, no.=41, cso file:
/dev/null
----------------------------------------------
real command=cset shield -e /home/nrink/Projects/build/encode/encode/tests/array_sum/array_sum.perf.plain --  --cso /dev/null
key=plain, no.=42, <stderr>:
LENGTH=3900
elapsed cycles: 757254
hi(checksum)=0x216A164BFE1EA191
lo(checksum)=0x012394A872E428A0
key=plain, no.=42, <checksum>:
0x216A164BFE1EA191012394A872E428A0
key=plain, no.=42, cso file:
/dev/null
----------------------------------------------
real command=cset shield -e /home/nrink/Projects/build/encode/encode/tests/array_sum/array_sum.perf.plain --  --cso /dev/null
key=plain, no.=43, <stderr>:
LENGTH=3900
elapsed cycles: 757230
hi(checksum)=0x216A164BFE1EA191
lo(checksum)=0x012394A872E428A0
key=plain, no.=43, <checksum>:
0x216A164BFE1EA191012394A872E428A0
key=plain, no.=43, cso file:
/dev/null
----------------------------------------------
real command=cset shield -e /home/nrink/Projects/build/encode/encode/tests/array_sum/array_sum.perf.plain --  --cso /dev/null
key=plain, no.=44, <stderr>:
LENGTH=3900
elapsed cycles: 805443
hi(checksum)=0x216A164BFE1EA191
lo(checksum)=0x012394A872E428A0
key=plain, no.=44, <checksum>:
0x216A164BFE1EA191012394A872E428A0
key=plain, no.=44, cso file:
/dev/null
----------------------------------------------
real command=cset shield -e /home/nrink/Projects/build/encode/encode/tests/array_sum/array_sum.perf.plain --  --cso /dev/null
key=plain, no.=45, <stderr>:
LENGTH=3900
elapsed cycles: 756882
hi(checksum)=0x216A164BFE1EA191
lo(checksum)=0x012394A872E428A0
key=plain, no.=45, <checksum>:
0x216A164BFE1EA191012394A872E428A0
key=plain, no.=45, cso file:
/dev/null
----------------------------------------------
real command=cset shield -e /home/nrink/Projects/build/encode/encode/tests/array_sum/array_sum.perf.plain --  --cso /dev/null
key=plain, no.=46, <stderr>:
LENGTH=3900
elapsed cycles: 788412
hi(checksum)=0x216A164BFE1EA191
lo(checksum)=0x012394A872E428A0
key=plain, no.=46, <checksum>:
0x216A164BFE1EA191012394A872E428A0
key=plain, no.=46, cso file:
/dev/null
----------------------------------------------
real command=cset shield -e /home/nrink/Projects/build/encode/encode/tests/array_sum/array_sum.perf.plain --  --cso /dev/null
key=plain, no.=47, <stderr>:
LENGTH=3900
elapsed cycles: 788799
hi(checksum)=0x216A164BFE1EA191
lo(checksum)=0x012394A872E428A0
key=plain, no.=47, <checksum>:
0x216A164BFE1EA191012394A872E428A0
key=plain, no.=47, cso file:
/dev/null
----------------------------------------------
real command=cset shield -e /home/nrink/Projects/build/encode/encode/tests/array_sum/array_sum.perf.plain --  --cso /dev/null
key=plain, no.=48, <stderr>:
LENGTH=3900
elapsed cycles: 788892
hi(checksum)=0x216A164BFE1EA191
lo(checksum)=0x012394A872E428A0
key=plain, no.=48, <checksum>:
0x216A164BFE1EA191012394A872E428A0
key=plain, no.=48, cso file:
/dev/null
----------------------------------------------
real command=cset shield -e /home/nrink/Projects/build/encode/encode/tests/array_sum/array_sum.perf.plain --  --cso /dev/null
key=plain, no.=49, <stderr>:
LENGTH=3900
elapsed cycles: 823233
hi(checksum)=0x216A164BFE1EA191
lo(checksum)=0x012394A872E428A0
key=plain, no.=49, <checksum>:
0x216A164BFE1EA191012394A872E428A0
key=plain, no.=49, cso file:
/dev/null
----------------------------------------------
real command=cset shield -e /home/nrink/Projects/build/encode/encode/tests/array_sum/array_sum.perf.plain --  --cso /dev/null
key=plain, no.=50, <stderr>:
LENGTH=3900
elapsed cycles: 788946
hi(checksum)=0x216A164BFE1EA191
lo(checksum)=0x012394A872E428A0
key=plain, no.=50, <checksum>:
0x216A164BFE1EA191012394A872E428A0
key=plain, no.=50, cso file:
/dev/null
----------------------------------------------
real command=cset shield -e /home/nrink/Projects/build/encode/encode/tests/array_sum/array_sum.perf.plain --  --cso /dev/null
key=plain, no.=51, <stderr>:
LENGTH=3900
elapsed cycles: 788943
hi(checksum)=0x216A164BFE1EA191
lo(checksum)=0x012394A872E428A0
key=plain, no.=51, <checksum>:
0x216A164BFE1EA191012394A872E428A0
key=plain, no.=51, cso file:
/dev/null
----------------------------------------------
real command=cset shield -e /home/nrink/Projects/build/encode/encode/tests/array_sum/array_sum.perf.plain --  --cso /dev/null
key=plain, no.=52, <stderr>:
LENGTH=3900
elapsed cycles: 878163
hi(checksum)=0x216A164BFE1EA191
lo(checksum)=0x012394A872E428A0
key=plain, no.=52, <checksum>:
0x216A164BFE1EA191012394A872E428A0
key=plain, no.=52, cso file:
/dev/null
----------------------------------------------
real command=cset shield -e /home/nrink/Projects/build/encode/encode/tests/array_sum/array_sum.perf.plain --  --cso /dev/null
key=plain, no.=53, <stderr>:
LENGTH=3900
elapsed cycles: 788217
hi(checksum)=0x216A164BFE1EA191
lo(checksum)=0x012394A872E428A0
key=plain, no.=53, <checksum>:
0x216A164BFE1EA191012394A872E428A0
key=plain, no.=53, cso file:
/dev/null
----------------------------------------------
real command=cset shield -e /home/nrink/Projects/build/encode/encode/tests/array_sum/array_sum.perf.plain --  --cso /dev/null
key=plain, no.=54, <stderr>:
LENGTH=3900
elapsed cycles: 756084
hi(checksum)=0x216A164BFE1EA191
lo(checksum)=0x012394A872E428A0
key=plain, no.=54, <checksum>:
0x216A164BFE1EA191012394A872E428A0
key=plain, no.=54, cso file:
/dev/null
----------------------------------------------
real command=cset shield -e /home/nrink/Projects/build/encode/encode/tests/array_sum/array_sum.perf.plain --  --cso /dev/null
key=plain, no.=55, <stderr>:
LENGTH=3900
elapsed cycles: 789264
hi(checksum)=0x216A164BFE1EA191
lo(checksum)=0x012394A872E428A0
key=plain, no.=55, <checksum>:
0x216A164BFE1EA191012394A872E428A0
key=plain, no.=55, cso file:
/dev/null
----------------------------------------------
real command=cset shield -e /home/nrink/Projects/build/encode/encode/tests/array_sum/array_sum.perf.plain --  --cso /dev/null
key=plain, no.=56, <stderr>:
LENGTH=3900
elapsed cycles: 789492
hi(checksum)=0x216A164BFE1EA191
lo(checksum)=0x012394A872E428A0
key=plain, no.=56, <checksum>:
0x216A164BFE1EA191012394A872E428A0
key=plain, no.=56, cso file:
/dev/null
----------------------------------------------
real command=cset shield -e /home/nrink/Projects/build/encode/encode/tests/array_sum/array_sum.perf.plain --  --cso /dev/null
key=plain, no.=57, <stderr>:
LENGTH=3900
elapsed cycles: 789123
hi(checksum)=0x216A164BFE1EA191
lo(checksum)=0x012394A872E428A0
key=plain, no.=57, <checksum>:
0x216A164BFE1EA191012394A872E428A0
key=plain, no.=57, cso file:
/dev/null
----------------------------------------------
real command=cset shield -e /home/nrink/Projects/build/encode/encode/tests/array_sum/array_sum.perf.plain --  --cso /dev/null
key=plain, no.=58, <stderr>:
LENGTH=3900
elapsed cycles: 791172
hi(checksum)=0x216A164BFE1EA191
lo(checksum)=0x012394A872E428A0
key=plain, no.=58, <checksum>:
0x216A164BFE1EA191012394A872E428A0
key=plain, no.=58, cso file:
/dev/null
----------------------------------------------
real command=cset shield -e /home/nrink/Projects/build/encode/encode/tests/array_sum/array_sum.perf.plain --  --cso /dev/null
key=plain, no.=59, <stderr>:
LENGTH=3900
elapsed cycles: 844242
hi(checksum)=0x216A164BFE1EA191
lo(checksum)=0x012394A872E428A0
key=plain, no.=59, <checksum>:
0x216A164BFE1EA191012394A872E428A0
key=plain, no.=59, cso file:
/dev/null
----------------------------------------------
real command=cset shield -e /home/nrink/Projects/build/encode/encode/tests/array_sum/array_sum.perf.plain --  --cso /dev/null
key=plain, no.=60, <stderr>:
LENGTH=3900
elapsed cycles: 789660
hi(checksum)=0x216A164BFE1EA191
lo(checksum)=0x012394A872E428A0
key=plain, no.=60, <checksum>:
0x216A164BFE1EA191012394A872E428A0
key=plain, no.=60, cso file:
/dev/null
----------------------------------------------
real command=cset shield -e /home/nrink/Projects/build/encode/encode/tests/array_sum/array_sum.perf.plain --  --cso /dev/null
key=plain, no.=61, <stderr>:
LENGTH=3900
elapsed cycles: 787473
hi(checksum)=0x216A164BFE1EA191
lo(checksum)=0x012394A872E428A0
key=plain, no.=61, <checksum>:
0x216A164BFE1EA191012394A872E428A0
key=plain, no.=61, cso file:
/dev/null
----------------------------------------------
real command=cset shield -e /home/nrink/Projects/build/encode/encode/tests/array_sum/array_sum.perf.plain --  --cso /dev/null
key=plain, no.=62, <stderr>:
LENGTH=3900
elapsed cycles: 755553
hi(checksum)=0x216A164BFE1EA191
lo(checksum)=0x012394A872E428A0
key=plain, no.=62, <checksum>:
0x216A164BFE1EA191012394A872E428A0
key=plain, no.=62, cso file:
/dev/null
----------------------------------------------
real command=cset shield -e /home/nrink/Projects/build/encode/encode/tests/array_sum/array_sum.perf.plain --  --cso /dev/null
key=plain, no.=63, <stderr>:
LENGTH=3900
elapsed cycles: 787821
hi(checksum)=0x216A164BFE1EA191
lo(checksum)=0x012394A872E428A0
key=plain, no.=63, <checksum>:
0x216A164BFE1EA191012394A872E428A0
key=plain, no.=63, cso file:
/dev/null
----------------------------------------------
real command=cset shield -e /home/nrink/Projects/build/encode/encode/tests/array_sum/array_sum.perf.plain --  --cso /dev/null
key=plain, no.=64, <stderr>:
LENGTH=3900
elapsed cycles: 790365
hi(checksum)=0x216A164BFE1EA191
lo(checksum)=0x012394A872E428A0
key=plain, no.=64, <checksum>:
0x216A164BFE1EA191012394A872E428A0
key=plain, no.=64, cso file:
/dev/null
----------------------------------------------
real command=cset shield -e /home/nrink/Projects/build/encode/encode/tests/array_sum/array_sum.perf.plain --  --cso /dev/null
key=plain, no.=65, <stderr>:
LENGTH=3900
elapsed cycles: 755322
hi(checksum)=0x216A164BFE1EA191
lo(checksum)=0x012394A872E428A0
key=plain, no.=65, <checksum>:
0x216A164BFE1EA191012394A872E428A0
key=plain, no.=65, cso file:
/dev/null
----------------------------------------------
real command=cset shield -e /home/nrink/Projects/build/encode/encode/tests/array_sum/array_sum.perf.plain --  --cso /dev/null
key=plain, no.=66, <stderr>:
LENGTH=3900
elapsed cycles: 789150
hi(checksum)=0x216A164BFE1EA191
lo(checksum)=0x012394A872E428A0
key=plain, no.=66, <checksum>:
0x216A164BFE1EA191012394A872E428A0
key=plain, no.=66, cso file:
/dev/null
----------------------------------------------
real command=cset shield -e /home/nrink/Projects/build/encode/encode/tests/array_sum/array_sum.perf.plain --  --cso /dev/null
key=plain, no.=67, <stderr>:
LENGTH=3900
elapsed cycles: 792099
hi(checksum)=0x216A164BFE1EA191
lo(checksum)=0x012394A872E428A0
key=plain, no.=67, <checksum>:
0x216A164BFE1EA191012394A872E428A0
key=plain, no.=67, cso file:
/dev/null
----------------------------------------------
real command=cset shield -e /home/nrink/Projects/build/encode/encode/tests/array_sum/array_sum.perf.plain --  --cso /dev/null
key=plain, no.=68, <stderr>:
LENGTH=3900
elapsed cycles: 787935
hi(checksum)=0x216A164BFE1EA191
lo(checksum)=0x012394A872E428A0
key=plain, no.=68, <checksum>:
0x216A164BFE1EA191012394A872E428A0
key=plain, no.=68, cso file:
/dev/null
----------------------------------------------
real command=cset shield -e /home/nrink/Projects/build/encode/encode/tests/array_sum/array_sum.perf.plain --  --cso /dev/null
key=plain, no.=69, <stderr>:
LENGTH=3900
elapsed cycles: 787059
hi(checksum)=0x216A164BFE1EA191
lo(checksum)=0x012394A872E428A0
key=plain, no.=69, <checksum>:
0x216A164BFE1EA191012394A872E428A0
key=plain, no.=69, cso file:
/dev/null
----------------------------------------------
real command=cset shield -e /home/nrink/Projects/build/encode/encode/tests/array_sum/array_sum.perf.plain --  --cso /dev/null
key=plain, no.=70, <stderr>:
LENGTH=3900
elapsed cycles: 755388
hi(checksum)=0x216A164BFE1EA191
lo(checksum)=0x012394A872E428A0
key=plain, no.=70, <checksum>:
0x216A164BFE1EA191012394A872E428A0
key=plain, no.=70, cso file:
/dev/null
----------------------------------------------
real command=cset shield -e /home/nrink/Projects/build/encode/encode/tests/array_sum/array_sum.perf.plain --  --cso /dev/null
key=plain, no.=71, <stderr>:
LENGTH=3900
elapsed cycles: 787803
hi(checksum)=0x216A164BFE1EA191
lo(checksum)=0x012394A872E428A0
key=plain, no.=71, <checksum>:
0x216A164BFE1EA191012394A872E428A0
key=plain, no.=71, cso file:
/dev/null
----------------------------------------------
real command=cset shield -e /home/nrink/Projects/build/encode/encode/tests/array_sum/array_sum.perf.plain --  --cso /dev/null
key=plain, no.=72, <stderr>:
LENGTH=3900
elapsed cycles: 759147
hi(checksum)=0x216A164BFE1EA191
lo(checksum)=0x012394A872E428A0
key=plain, no.=72, <checksum>:
0x216A164BFE1EA191012394A872E428A0
key=plain, no.=72, cso file:
/dev/null
----------------------------------------------
real command=cset shield -e /home/nrink/Projects/build/encode/encode/tests/array_sum/array_sum.perf.plain --  --cso /dev/null
key=plain, no.=73, <stderr>:
LENGTH=3900
elapsed cycles: 789117
hi(checksum)=0x216A164BFE1EA191
lo(checksum)=0x012394A872E428A0
key=plain, no.=73, <checksum>:
0x216A164BFE1EA191012394A872E428A0
key=plain, no.=73, cso file:
/dev/null
----------------------------------------------
real command=cset shield -e /home/nrink/Projects/build/encode/encode/tests/array_sum/array_sum.perf.plain --  --cso /dev/null
key=plain, no.=74, <stderr>:
LENGTH=3900
elapsed cycles: 811344
hi(checksum)=0x216A164BFE1EA191
lo(checksum)=0x012394A872E428A0
key=plain, no.=74, <checksum>:
0x216A164BFE1EA191012394A872E428A0
key=plain, no.=74, cso file:
/dev/null
----------------------------------------------
real command=cset shield -e /home/nrink/Projects/build/encode/encode/tests/array_sum/array_sum.perf.plain --  --cso /dev/null
key=plain, no.=75, <stderr>:
LENGTH=3900
elapsed cycles: 881694
hi(checksum)=0x216A164BFE1EA191
lo(checksum)=0x012394A872E428A0
key=plain, no.=75, <checksum>:
0x216A164BFE1EA191012394A872E428A0
key=plain, no.=75, cso file:
/dev/null
----------------------------------------------
real command=cset shield -e /home/nrink/Projects/build/encode/encode/tests/array_sum/array_sum.perf.plain --  --cso /dev/null
key=plain, no.=76, <stderr>:
LENGTH=3900
elapsed cycles: 755628
hi(checksum)=0x216A164BFE1EA191
lo(checksum)=0x012394A872E428A0
key=plain, no.=76, <checksum>:
0x216A164BFE1EA191012394A872E428A0
key=plain, no.=76, cso file:
/dev/null
----------------------------------------------
real command=cset shield -e /home/nrink/Projects/build/encode/encode/tests/array_sum/array_sum.perf.plain --  --cso /dev/null
key=plain, no.=77, <stderr>:
LENGTH=3900
elapsed cycles: 788148
hi(checksum)=0x216A164BFE1EA191
lo(checksum)=0x012394A872E428A0
key=plain, no.=77, <checksum>:
0x216A164BFE1EA191012394A872E428A0
key=plain, no.=77, cso file:
/dev/null
----------------------------------------------
real command=cset shield -e /home/nrink/Projects/build/encode/encode/tests/array_sum/array_sum.perf.plain --  --cso /dev/null
key=plain, no.=78, <stderr>:
LENGTH=3900
elapsed cycles: 787893
hi(checksum)=0x216A164BFE1EA191
lo(checksum)=0x012394A872E428A0
key=plain, no.=78, <checksum>:
0x216A164BFE1EA191012394A872E428A0
key=plain, no.=78, cso file:
/dev/null
----------------------------------------------
real command=cset shield -e /home/nrink/Projects/build/encode/encode/tests/array_sum/array_sum.perf.plain --  --cso /dev/null
key=plain, no.=79, <stderr>:
LENGTH=3900
elapsed cycles: 880404
hi(checksum)=0x216A164BFE1EA191
lo(checksum)=0x012394A872E428A0
key=plain, no.=79, <checksum>:
0x216A164BFE1EA191012394A872E428A0
key=plain, no.=79, cso file:
/dev/null
----------------------------------------------
real command=cset shield -e /home/nrink/Projects/build/encode/encode/tests/array_sum/array_sum.perf.plain --  --cso /dev/null
key=plain, no.=80, <stderr>:
LENGTH=3900
elapsed cycles: 799230
hi(checksum)=0x216A164BFE1EA191
lo(checksum)=0x012394A872E428A0
key=plain, no.=80, <checksum>:
0x216A164BFE1EA191012394A872E428A0
key=plain, no.=80, cso file:
/dev/null
----------------------------------------------
real command=cset shield -e /home/nrink/Projects/build/encode/encode/tests/array_sum/array_sum.perf.plain --  --cso /dev/null
key=plain, no.=81, <stderr>:
LENGTH=3900
elapsed cycles: 789546
hi(checksum)=0x216A164BFE1EA191
lo(checksum)=0x012394A872E428A0
key=plain, no.=81, <checksum>:
0x216A164BFE1EA191012394A872E428A0
key=plain, no.=81, cso file:
/dev/null
----------------------------------------------
real command=cset shield -e /home/nrink/Projects/build/encode/encode/tests/array_sum/array_sum.perf.plain --  --cso /dev/null
key=plain, no.=82, <stderr>:
LENGTH=3900
elapsed cycles: 822420
hi(checksum)=0x216A164BFE1EA191
lo(checksum)=0x012394A872E428A0
key=plain, no.=82, <checksum>:
0x216A164BFE1EA191012394A872E428A0
key=plain, no.=82, cso file:
/dev/null
----------------------------------------------
real command=cset shield -e /home/nrink/Projects/build/encode/encode/tests/array_sum/array_sum.perf.plain --  --cso /dev/null
key=plain, no.=83, <stderr>:
LENGTH=3900
elapsed cycles: 879537
hi(checksum)=0x216A164BFE1EA191
lo(checksum)=0x012394A872E428A0
key=plain, no.=83, <checksum>:
0x216A164BFE1EA191012394A872E428A0
key=plain, no.=83, cso file:
/dev/null
----------------------------------------------
real command=cset shield -e /home/nrink/Projects/build/encode/encode/tests/array_sum/array_sum.perf.plain --  --cso /dev/null
key=plain, no.=84, <stderr>:
LENGTH=3900
elapsed cycles: 789519
hi(checksum)=0x216A164BFE1EA191
lo(checksum)=0x012394A872E428A0
key=plain, no.=84, <checksum>:
0x216A164BFE1EA191012394A872E428A0
key=plain, no.=84, cso file:
/dev/null
----------------------------------------------
real command=cset shield -e /home/nrink/Projects/build/encode/encode/tests/array_sum/array_sum.perf.plain --  --cso /dev/null
key=plain, no.=85, <stderr>:
LENGTH=3900
elapsed cycles: 756177
hi(checksum)=0x216A164BFE1EA191
lo(checksum)=0x012394A872E428A0
key=plain, no.=85, <checksum>:
0x216A164BFE1EA191012394A872E428A0
key=plain, no.=85, cso file:
/dev/null
----------------------------------------------
real command=cset shield -e /home/nrink/Projects/build/encode/encode/tests/array_sum/array_sum.perf.plain --  --cso /dev/null
key=plain, no.=86, <stderr>:
LENGTH=3900
elapsed cycles: 786804
hi(checksum)=0x216A164BFE1EA191
lo(checksum)=0x012394A872E428A0
key=plain, no.=86, <checksum>:
0x216A164BFE1EA191012394A872E428A0
key=plain, no.=86, cso file:
/dev/null
----------------------------------------------
real command=cset shield -e /home/nrink/Projects/build/encode/encode/tests/array_sum/array_sum.perf.plain --  --cso /dev/null
key=plain, no.=87, <stderr>:
LENGTH=3900
elapsed cycles: 799884
hi(checksum)=0x216A164BFE1EA191
lo(checksum)=0x012394A872E428A0
key=plain, no.=87, <checksum>:
0x216A164BFE1EA191012394A872E428A0
key=plain, no.=87, cso file:
/dev/null
----------------------------------------------
real command=cset shield -e /home/nrink/Projects/build/encode/encode/tests/array_sum/array_sum.perf.plain --  --cso /dev/null
key=plain, no.=88, <stderr>:
LENGTH=3900
elapsed cycles: 756210
hi(checksum)=0x216A164BFE1EA191
lo(checksum)=0x012394A872E428A0
key=plain, no.=88, <checksum>:
0x216A164BFE1EA191012394A872E428A0
key=plain, no.=88, cso file:
/dev/null
----------------------------------------------
real command=cset shield -e /home/nrink/Projects/build/encode/encode/tests/array_sum/array_sum.perf.plain --  --cso /dev/null
key=plain, no.=89, <stderr>:
LENGTH=3900
elapsed cycles: 756012
hi(checksum)=0x216A164BFE1EA191
lo(checksum)=0x012394A872E428A0
key=plain, no.=89, <checksum>:
0x216A164BFE1EA191012394A872E428A0
key=plain, no.=89, cso file:
/dev/null
----------------------------------------------
real command=cset shield -e /home/nrink/Projects/build/encode/encode/tests/array_sum/array_sum.perf.plain --  --cso /dev/null
key=plain, no.=90, <stderr>:
LENGTH=3900
elapsed cycles: 788055
hi(checksum)=0x216A164BFE1EA191
lo(checksum)=0x012394A872E428A0
key=plain, no.=90, <checksum>:
0x216A164BFE1EA191012394A872E428A0
key=plain, no.=90, cso file:
/dev/null
----------------------------------------------
real command=cset shield -e /home/nrink/Projects/build/encode/encode/tests/array_sum/array_sum.perf.plain --  --cso /dev/null
key=plain, no.=91, <stderr>:
LENGTH=3900
elapsed cycles: 835968
hi(checksum)=0x216A164BFE1EA191
lo(checksum)=0x012394A872E428A0
key=plain, no.=91, <checksum>:
0x216A164BFE1EA191012394A872E428A0
key=plain, no.=91, cso file:
/dev/null
----------------------------------------------
real command=cset shield -e /home/nrink/Projects/build/encode/encode/tests/array_sum/array_sum.perf.plain --  --cso /dev/null
key=plain, no.=92, <stderr>:
LENGTH=3900
elapsed cycles: 757578
hi(checksum)=0x216A164BFE1EA191
lo(checksum)=0x012394A872E428A0
key=plain, no.=92, <checksum>:
0x216A164BFE1EA191012394A872E428A0
key=plain, no.=92, cso file:
/dev/null
----------------------------------------------
real command=cset shield -e /home/nrink/Projects/build/encode/encode/tests/array_sum/array_sum.perf.plain --  --cso /dev/null
key=plain, no.=93, <stderr>:
LENGTH=3900
elapsed cycles: 755067
hi(checksum)=0x216A164BFE1EA191
lo(checksum)=0x012394A872E428A0
key=plain, no.=93, <checksum>:
0x216A164BFE1EA191012394A872E428A0
key=plain, no.=93, cso file:
/dev/null
----------------------------------------------
real command=cset shield -e /home/nrink/Projects/build/encode/encode/tests/array_sum/array_sum.perf.plain --  --cso /dev/null
key=plain, no.=94, <stderr>:
LENGTH=3900
elapsed cycles: 790119
hi(checksum)=0x216A164BFE1EA191
lo(checksum)=0x012394A872E428A0
key=plain, no.=94, <checksum>:
0x216A164BFE1EA191012394A872E428A0
key=plain, no.=94, cso file:
/dev/null
----------------------------------------------
real command=cset shield -e /home/nrink/Projects/build/encode/encode/tests/array_sum/array_sum.perf.plain --  --cso /dev/null
key=plain, no.=95, <stderr>:
LENGTH=3900
elapsed cycles: 789192
hi(checksum)=0x216A164BFE1EA191
lo(checksum)=0x012394A872E428A0
key=plain, no.=95, <checksum>:
0x216A164BFE1EA191012394A872E428A0
key=plain, no.=95, cso file:
/dev/null
----------------------------------------------
real command=cset shield -e /home/nrink/Projects/build/encode/encode/tests/array_sum/array_sum.perf.plain --  --cso /dev/null
key=plain, no.=96, <stderr>:
LENGTH=3900
elapsed cycles: 787443
hi(checksum)=0x216A164BFE1EA191
lo(checksum)=0x012394A872E428A0
key=plain, no.=96, <checksum>:
0x216A164BFE1EA191012394A872E428A0
key=plain, no.=96, cso file:
/dev/null
----------------------------------------------
real command=cset shield -e /home/nrink/Projects/build/encode/encode/tests/array_sum/array_sum.perf.plain --  --cso /dev/null
key=plain, no.=97, <stderr>:
LENGTH=3900
elapsed cycles: 787398
hi(checksum)=0x216A164BFE1EA191
lo(checksum)=0x012394A872E428A0
key=plain, no.=97, <checksum>:
0x216A164BFE1EA191012394A872E428A0
key=plain, no.=97, cso file:
/dev/null
----------------------------------------------
real command=cset shield -e /home/nrink/Projects/build/encode/encode/tests/array_sum/array_sum.perf.plain --  --cso /dev/null
key=plain, no.=98, <stderr>:
LENGTH=3900
elapsed cycles: 754644
hi(checksum)=0x216A164BFE1EA191
lo(checksum)=0x012394A872E428A0
key=plain, no.=98, <checksum>:
0x216A164BFE1EA191012394A872E428A0
key=plain, no.=98, cso file:
/dev/null
----------------------------------------------
real command=cset shield -e /home/nrink/Projects/build/encode/encode/tests/array_sum/array_sum.perf.plain --  --cso /dev/null
key=plain, no.=99, <stderr>:
LENGTH=3900
elapsed cycles: 837783
hi(checksum)=0x216A164BFE1EA191
lo(checksum)=0x012394A872E428A0
key=plain, no.=99, <checksum>:
0x216A164BFE1EA191012394A872E428A0
key=plain, no.=99, cso file:
/dev/null
----------------------------------------------
key=encoded, runs=100 ...
command=/home/nrink/Projects/build/encode/encode/tests/array_sum/array_sum.perf.encoded
----------------------------------------------
real command=cset shield -e /home/nrink/Projects/build/encode/encode/tests/array_sum/array_sum.perf.encoded --  --cso /dev/null
key=encoded, no.=0, <stderr>:
LENGTH=3900
elapsed cycles: 3266679
hi(checksum)=0x216A164BFE1EA191
lo(checksum)=0x012394A872E428A0
key=encoded, no.=0, <checksum>:
0x216A164BFE1EA191012394A872E428A0
key=encoded, no.=0, cso file:
/dev/null
----------------------------------------------
real command=cset shield -e /home/nrink/Projects/build/encode/encode/tests/array_sum/array_sum.perf.encoded --  --cso /dev/null
key=encoded, no.=1, <stderr>:
LENGTH=3900
elapsed cycles: 3228054
hi(checksum)=0x216A164BFE1EA191
lo(checksum)=0x012394A872E428A0
key=encoded, no.=1, <checksum>:
0x216A164BFE1EA191012394A872E428A0
key=encoded, no.=1, cso file:
/dev/null
----------------------------------------------
real command=cset shield -e /home/nrink/Projects/build/encode/encode/tests/array_sum/array_sum.perf.encoded --  --cso /dev/null
key=encoded, no.=2, <stderr>:
LENGTH=3900
elapsed cycles: 3228513
hi(checksum)=0x216A164BFE1EA191
lo(checksum)=0x012394A872E428A0
key=encoded, no.=2, <checksum>:
0x216A164BFE1EA191012394A872E428A0
key=encoded, no.=2, cso file:
/dev/null
----------------------------------------------
real command=cset shield -e /home/nrink/Projects/build/encode/encode/tests/array_sum/array_sum.perf.encoded --  --cso /dev/null
key=encoded, no.=3, <stderr>:
LENGTH=3900
elapsed cycles: 3319095
hi(checksum)=0x216A164BFE1EA191
lo(checksum)=0x012394A872E428A0
key=encoded, no.=3, <checksum>:
0x216A164BFE1EA191012394A872E428A0
key=encoded, no.=3, cso file:
/dev/null
----------------------------------------------
real command=cset shield -e /home/nrink/Projects/build/encode/encode/tests/array_sum/array_sum.perf.encoded --  --cso /dev/null
key=encoded, no.=4, <stderr>:
LENGTH=3900
elapsed cycles: 3284223
hi(checksum)=0x216A164BFE1EA191
lo(checksum)=0x012394A872E428A0
key=encoded, no.=4, <checksum>:
0x216A164BFE1EA191012394A872E428A0
key=encoded, no.=4, cso file:
/dev/null
----------------------------------------------
real command=cset shield -e /home/nrink/Projects/build/encode/encode/tests/array_sum/array_sum.perf.encoded --  --cso /dev/null
key=encoded, no.=5, <stderr>:
LENGTH=3900
elapsed cycles: 3277188
hi(checksum)=0x216A164BFE1EA191
lo(checksum)=0x012394A872E428A0
key=encoded, no.=5, <checksum>:
0x216A164BFE1EA191012394A872E428A0
key=encoded, no.=5, cso file:
/dev/null
----------------------------------------------
real command=cset shield -e /home/nrink/Projects/build/encode/encode/tests/array_sum/array_sum.perf.encoded --  --cso /dev/null
key=encoded, no.=6, <stderr>:
LENGTH=3900
elapsed cycles: 3300405
hi(checksum)=0x216A164BFE1EA191
lo(checksum)=0x012394A872E428A0
key=encoded, no.=6, <checksum>:
0x216A164BFE1EA191012394A872E428A0
key=encoded, no.=6, cso file:
/dev/null
----------------------------------------------
real command=cset shield -e /home/nrink/Projects/build/encode/encode/tests/array_sum/array_sum.perf.encoded --  --cso /dev/null
key=encoded, no.=7, <stderr>:
LENGTH=3900
elapsed cycles: 3201003
hi(checksum)=0x216A164BFE1EA191
lo(checksum)=0x012394A872E428A0
key=encoded, no.=7, <checksum>:
0x216A164BFE1EA191012394A872E428A0
key=encoded, no.=7, cso file:
/dev/null
----------------------------------------------
real command=cset shield -e /home/nrink/Projects/build/encode/encode/tests/array_sum/array_sum.perf.encoded --  --cso /dev/null
key=encoded, no.=8, <stderr>:
LENGTH=3900
elapsed cycles: 3316176
hi(checksum)=0x216A164BFE1EA191
lo(checksum)=0x012394A872E428A0
key=encoded, no.=8, <checksum>:
0x216A164BFE1EA191012394A872E428A0
key=encoded, no.=8, cso file:
/dev/null
----------------------------------------------
real command=cset shield -e /home/nrink/Projects/build/encode/encode/tests/array_sum/array_sum.perf.encoded --  --cso /dev/null
key=encoded, no.=9, <stderr>:
LENGTH=3900
elapsed cycles: 3232545
hi(checksum)=0x216A164BFE1EA191
lo(checksum)=0x012394A872E428A0
key=encoded, no.=9, <checksum>:
0x216A164BFE1EA191012394A872E428A0
key=encoded, no.=9, cso file:
/dev/null
----------------------------------------------
real command=cset shield -e /home/nrink/Projects/build/encode/encode/tests/array_sum/array_sum.perf.encoded --  --cso /dev/null
key=encoded, no.=10, <stderr>:
LENGTH=3900
elapsed cycles: 3283194
hi(checksum)=0x216A164BFE1EA191
lo(checksum)=0x012394A872E428A0
key=encoded, no.=10, <checksum>:
0x216A164BFE1EA191012394A872E428A0
key=encoded, no.=10, cso file:
/dev/null
----------------------------------------------
real command=cset shield -e /home/nrink/Projects/build/encode/encode/tests/array_sum/array_sum.perf.encoded --  --cso /dev/null
key=encoded, no.=11, <stderr>:
LENGTH=3900
elapsed cycles: 3514248
hi(checksum)=0x216A164BFE1EA191
lo(checksum)=0x012394A872E428A0
key=encoded, no.=11, <checksum>:
0x216A164BFE1EA191012394A872E428A0
key=encoded, no.=11, cso file:
/dev/null
----------------------------------------------
real command=cset shield -e /home/nrink/Projects/build/encode/encode/tests/array_sum/array_sum.perf.encoded --  --cso /dev/null
key=encoded, no.=12, <stderr>:
LENGTH=3900
elapsed cycles: 3263220
hi(checksum)=0x216A164BFE1EA191
lo(checksum)=0x012394A872E428A0
key=encoded, no.=12, <checksum>:
0x216A164BFE1EA191012394A872E428A0
key=encoded, no.=12, cso file:
/dev/null
----------------------------------------------
real command=cset shield -e /home/nrink/Projects/build/encode/encode/tests/array_sum/array_sum.perf.encoded --  --cso /dev/null
key=encoded, no.=13, <stderr>:
LENGTH=3900
elapsed cycles: 3503829
hi(checksum)=0x216A164BFE1EA191
lo(checksum)=0x012394A872E428A0
key=encoded, no.=13, <checksum>:
0x216A164BFE1EA191012394A872E428A0
key=encoded, no.=13, cso file:
/dev/null
----------------------------------------------
real command=cset shield -e /home/nrink/Projects/build/encode/encode/tests/array_sum/array_sum.perf.encoded --  --cso /dev/null
key=encoded, no.=14, <stderr>:
LENGTH=3900
elapsed cycles: 3328245
hi(checksum)=0x216A164BFE1EA191
lo(checksum)=0x012394A872E428A0
key=encoded, no.=14, <checksum>:
0x216A164BFE1EA191012394A872E428A0
key=encoded, no.=14, cso file:
/dev/null
----------------------------------------------
real command=cset shield -e /home/nrink/Projects/build/encode/encode/tests/array_sum/array_sum.perf.encoded --  --cso /dev/null
key=encoded, no.=15, <stderr>:
LENGTH=3900
elapsed cycles: 3266274
hi(checksum)=0x216A164BFE1EA191
lo(checksum)=0x012394A872E428A0
key=encoded, no.=15, <checksum>:
0x216A164BFE1EA191012394A872E428A0
key=encoded, no.=15, cso file:
/dev/null
----------------------------------------------
real command=cset shield -e /home/nrink/Projects/build/encode/encode/tests/array_sum/array_sum.perf.encoded --  --cso /dev/null
key=encoded, no.=16, <stderr>:
LENGTH=3900
elapsed cycles: 3230481
hi(checksum)=0x216A164BFE1EA191
lo(checksum)=0x012394A872E428A0
key=encoded, no.=16, <checksum>:
0x216A164BFE1EA191012394A872E428A0
key=encoded, no.=16, cso file:
/dev/null
----------------------------------------------
real command=cset shield -e /home/nrink/Projects/build/encode/encode/tests/array_sum/array_sum.perf.encoded --  --cso /dev/null
key=encoded, no.=17, <stderr>:
LENGTH=3900
elapsed cycles: 3398460
hi(checksum)=0x216A164BFE1EA191
lo(checksum)=0x012394A872E428A0
key=encoded, no.=17, <checksum>:
0x216A164BFE1EA191012394A872E428A0
key=encoded, no.=17, cso file:
/dev/null
----------------------------------------------
real command=cset shield -e /home/nrink/Projects/build/encode/encode/tests/array_sum/array_sum.perf.encoded --  --cso /dev/null
key=encoded, no.=18, <stderr>:
LENGTH=3900
elapsed cycles: 3391476
hi(checksum)=0x216A164BFE1EA191
lo(checksum)=0x012394A872E428A0
key=encoded, no.=18, <checksum>:
0x216A164BFE1EA191012394A872E428A0
key=encoded, no.=18, cso file:
/dev/null
----------------------------------------------
real command=cset shield -e /home/nrink/Projects/build/encode/encode/tests/array_sum/array_sum.perf.encoded --  --cso /dev/null
key=encoded, no.=19, <stderr>:
LENGTH=3900
elapsed cycles: 3316239
hi(checksum)=0x216A164BFE1EA191
lo(checksum)=0x012394A872E428A0
key=encoded, no.=19, <checksum>:
0x216A164BFE1EA191012394A872E428A0
key=encoded, no.=19, cso file:
/dev/null
----------------------------------------------
real command=cset shield -e /home/nrink/Projects/build/encode/encode/tests/array_sum/array_sum.perf.encoded --  --cso /dev/null
key=encoded, no.=20, <stderr>:
LENGTH=3900
elapsed cycles: 3232662
hi(checksum)=0x216A164BFE1EA191
lo(checksum)=0x012394A872E428A0
key=encoded, no.=20, <checksum>:
0x216A164BFE1EA191012394A872E428A0
key=encoded, no.=20, cso file:
/dev/null
----------------------------------------------
real command=cset shield -e /home/nrink/Projects/build/encode/encode/tests/array_sum/array_sum.perf.encoded --  --cso /dev/null
key=encoded, no.=21, <stderr>:
LENGTH=3900
elapsed cycles: 3230985
hi(checksum)=0x216A164BFE1EA191
lo(checksum)=0x012394A872E428A0
key=encoded, no.=21, <checksum>:
0x216A164BFE1EA191012394A872E428A0
key=encoded, no.=21, cso file:
/dev/null
----------------------------------------------
real command=cset shield -e /home/nrink/Projects/build/encode/encode/tests/array_sum/array_sum.perf.encoded --  --cso /dev/null
key=encoded, no.=22, <stderr>:
LENGTH=3900
elapsed cycles: 3316224
hi(checksum)=0x216A164BFE1EA191
lo(checksum)=0x012394A872E428A0
key=encoded, no.=22, <checksum>:
0x216A164BFE1EA191012394A872E428A0
key=encoded, no.=22, cso file:
/dev/null
----------------------------------------------
real command=cset shield -e /home/nrink/Projects/build/encode/encode/tests/array_sum/array_sum.perf.encoded --  --cso /dev/null
key=encoded, no.=23, <stderr>:
LENGTH=3900
elapsed cycles: 3282336
hi(checksum)=0x216A164BFE1EA191
lo(checksum)=0x012394A872E428A0
key=encoded, no.=23, <checksum>:
0x216A164BFE1EA191012394A872E428A0
key=encoded, no.=23, cso file:
/dev/null
----------------------------------------------
real command=cset shield -e /home/nrink/Projects/build/encode/encode/tests/array_sum/array_sum.perf.encoded --  --cso /dev/null
key=encoded, no.=24, <stderr>:
LENGTH=3900
elapsed cycles: 3317715
hi(checksum)=0x216A164BFE1EA191
lo(checksum)=0x012394A872E428A0
key=encoded, no.=24, <checksum>:
0x216A164BFE1EA191012394A872E428A0
key=encoded, no.=24, cso file:
/dev/null
----------------------------------------------
real command=cset shield -e /home/nrink/Projects/build/encode/encode/tests/array_sum/array_sum.perf.encoded --  --cso /dev/null
key=encoded, no.=25, <stderr>:
LENGTH=3900
elapsed cycles: 3232026
hi(checksum)=0x216A164BFE1EA191
lo(checksum)=0x012394A872E428A0
key=encoded, no.=25, <checksum>:
0x216A164BFE1EA191012394A872E428A0
key=encoded, no.=25, cso file:
/dev/null
----------------------------------------------
real command=cset shield -e /home/nrink/Projects/build/encode/encode/tests/array_sum/array_sum.perf.encoded --  --cso /dev/null
key=encoded, no.=26, <stderr>:
LENGTH=3900
elapsed cycles: 3441609
hi(checksum)=0x216A164BFE1EA191
lo(checksum)=0x012394A872E428A0
key=encoded, no.=26, <checksum>:
0x216A164BFE1EA191012394A872E428A0
key=encoded, no.=26, cso file:
/dev/null
----------------------------------------------
real command=cset shield -e /home/nrink/Projects/build/encode/encode/tests/array_sum/array_sum.perf.encoded --  --cso /dev/null
key=encoded, no.=27, <stderr>:
LENGTH=3900
elapsed cycles: 3463761
hi(checksum)=0x216A164BFE1EA191
lo(checksum)=0x012394A872E428A0
key=encoded, no.=27, <checksum>:
0x216A164BFE1EA191012394A872E428A0
key=encoded, no.=27, cso file:
/dev/null
----------------------------------------------
real command=cset shield -e /home/nrink/Projects/build/encode/encode/tests/array_sum/array_sum.perf.encoded --  --cso /dev/null
key=encoded, no.=28, <stderr>:
LENGTH=3900
elapsed cycles: 3463107
hi(checksum)=0x216A164BFE1EA191
lo(checksum)=0x012394A872E428A0
key=encoded, no.=28, <checksum>:
0x216A164BFE1EA191012394A872E428A0
key=encoded, no.=28, cso file:
/dev/null
----------------------------------------------
real command=cset shield -e /home/nrink/Projects/build/encode/encode/tests/array_sum/array_sum.perf.encoded --  --cso /dev/null
key=encoded, no.=29, <stderr>:
LENGTH=3900
elapsed cycles: 3415785
hi(checksum)=0x216A164BFE1EA191
lo(checksum)=0x012394A872E428A0
key=encoded, no.=29, <checksum>:
0x216A164BFE1EA191012394A872E428A0
key=encoded, no.=29, cso file:
/dev/null
----------------------------------------------
real command=cset shield -e /home/nrink/Projects/build/encode/encode/tests/array_sum/array_sum.perf.encoded --  --cso /dev/null
key=encoded, no.=30, <stderr>:
LENGTH=3900
elapsed cycles: 3313110
hi(checksum)=0x216A164BFE1EA191
lo(checksum)=0x012394A872E428A0
key=encoded, no.=30, <checksum>:
0x216A164BFE1EA191012394A872E428A0
key=encoded, no.=30, cso file:
/dev/null
----------------------------------------------
real command=cset shield -e /home/nrink/Projects/build/encode/encode/tests/array_sum/array_sum.perf.encoded --  --cso /dev/null
key=encoded, no.=31, <stderr>:
LENGTH=3900
elapsed cycles: 3315930
hi(checksum)=0x216A164BFE1EA191
lo(checksum)=0x012394A872E428A0
key=encoded, no.=31, <checksum>:
0x216A164BFE1EA191012394A872E428A0
key=encoded, no.=31, cso file:
/dev/null
----------------------------------------------
real command=cset shield -e /home/nrink/Projects/build/encode/encode/tests/array_sum/array_sum.perf.encoded --  --cso /dev/null
key=encoded, no.=32, <stderr>:
LENGTH=3900
elapsed cycles: 3283689
hi(checksum)=0x216A164BFE1EA191
lo(checksum)=0x012394A872E428A0
key=encoded, no.=32, <checksum>:
0x216A164BFE1EA191012394A872E428A0
key=encoded, no.=32, cso file:
/dev/null
----------------------------------------------
real command=cset shield -e /home/nrink/Projects/build/encode/encode/tests/array_sum/array_sum.perf.encoded --  --cso /dev/null
key=encoded, no.=33, <stderr>:
LENGTH=3900
elapsed cycles: 3310065
hi(checksum)=0x216A164BFE1EA191
lo(checksum)=0x012394A872E428A0
key=encoded, no.=33, <checksum>:
0x216A164BFE1EA191012394A872E428A0
key=encoded, no.=33, cso file:
/dev/null
----------------------------------------------
real command=cset shield -e /home/nrink/Projects/build/encode/encode/tests/array_sum/array_sum.perf.encoded --  --cso /dev/null
key=encoded, no.=34, <stderr>:
LENGTH=3900
elapsed cycles: 3313317
hi(checksum)=0x216A164BFE1EA191
lo(checksum)=0x012394A872E428A0
key=encoded, no.=34, <checksum>:
0x216A164BFE1EA191012394A872E428A0
key=encoded, no.=34, cso file:
/dev/null
----------------------------------------------
real command=cset shield -e /home/nrink/Projects/build/encode/encode/tests/array_sum/array_sum.perf.encoded --  --cso /dev/null
key=encoded, no.=35, <stderr>:
LENGTH=3900
elapsed cycles: 3311916
hi(checksum)=0x216A164BFE1EA191
lo(checksum)=0x012394A872E428A0
key=encoded, no.=35, <checksum>:
0x216A164BFE1EA191012394A872E428A0
key=encoded, no.=35, cso file:
/dev/null
----------------------------------------------
real command=cset shield -e /home/nrink/Projects/build/encode/encode/tests/array_sum/array_sum.perf.encoded --  --cso /dev/null
key=encoded, no.=36, <stderr>:
LENGTH=3900
elapsed cycles: 3249465
hi(checksum)=0x216A164BFE1EA191
lo(checksum)=0x012394A872E428A0
key=encoded, no.=36, <checksum>:
0x216A164BFE1EA191012394A872E428A0
key=encoded, no.=36, cso file:
/dev/null
----------------------------------------------
real command=cset shield -e /home/nrink/Projects/build/encode/encode/tests/array_sum/array_sum.perf.encoded --  --cso /dev/null
key=encoded, no.=37, <stderr>:
LENGTH=3900
elapsed cycles: 3318027
hi(checksum)=0x216A164BFE1EA191
lo(checksum)=0x012394A872E428A0
key=encoded, no.=37, <checksum>:
0x216A164BFE1EA191012394A872E428A0
key=encoded, no.=37, cso file:
/dev/null
----------------------------------------------
real command=cset shield -e /home/nrink/Projects/build/encode/encode/tests/array_sum/array_sum.perf.encoded --  --cso /dev/null
key=encoded, no.=38, <stderr>:
LENGTH=3900
elapsed cycles: 3267717
hi(checksum)=0x216A164BFE1EA191
lo(checksum)=0x012394A872E428A0
key=encoded, no.=38, <checksum>:
0x216A164BFE1EA191012394A872E428A0
key=encoded, no.=38, cso file:
/dev/null
----------------------------------------------
real command=cset shield -e /home/nrink/Projects/build/encode/encode/tests/array_sum/array_sum.perf.encoded --  --cso /dev/null
key=encoded, no.=39, <stderr>:
LENGTH=3900
elapsed cycles: 3347619
hi(checksum)=0x216A164BFE1EA191
lo(checksum)=0x012394A872E428A0
key=encoded, no.=39, <checksum>:
0x216A164BFE1EA191012394A872E428A0
key=encoded, no.=39, cso file:
/dev/null
----------------------------------------------
real command=cset shield -e /home/nrink/Projects/build/encode/encode/tests/array_sum/array_sum.perf.encoded --  --cso /dev/null
key=encoded, no.=40, <stderr>:
LENGTH=3900
elapsed cycles: 3395919
hi(checksum)=0x216A164BFE1EA191
lo(checksum)=0x012394A872E428A0
key=encoded, no.=40, <checksum>:
0x216A164BFE1EA191012394A872E428A0
key=encoded, no.=40, cso file:
/dev/null
----------------------------------------------
real command=cset shield -e /home/nrink/Projects/build/encode/encode/tests/array_sum/array_sum.perf.encoded --  --cso /dev/null
key=encoded, no.=41, <stderr>:
LENGTH=3900
elapsed cycles: 3337245
hi(checksum)=0x216A164BFE1EA191
lo(checksum)=0x012394A872E428A0
key=encoded, no.=41, <checksum>:
0x216A164BFE1EA191012394A872E428A0
key=encoded, no.=41, cso file:
/dev/null
----------------------------------------------
real command=cset shield -e /home/nrink/Projects/build/encode/encode/tests/array_sum/array_sum.perf.encoded --  --cso /dev/null
key=encoded, no.=42, <stderr>:
LENGTH=3900
elapsed cycles: 3423330
hi(checksum)=0x216A164BFE1EA191
lo(checksum)=0x012394A872E428A0
key=encoded, no.=42, <checksum>:
0x216A164BFE1EA191012394A872E428A0
key=encoded, no.=42, cso file:
/dev/null
----------------------------------------------
real command=cset shield -e /home/nrink/Projects/build/encode/encode/tests/array_sum/array_sum.perf.encoded --  --cso /dev/null
key=encoded, no.=43, <stderr>:
LENGTH=3900
elapsed cycles: 3350781
hi(checksum)=0x216A164BFE1EA191
lo(checksum)=0x012394A872E428A0
key=encoded, no.=43, <checksum>:
0x216A164BFE1EA191012394A872E428A0
key=encoded, no.=43, cso file:
/dev/null
----------------------------------------------
real command=cset shield -e /home/nrink/Projects/build/encode/encode/tests/array_sum/array_sum.perf.encoded --  --cso /dev/null
key=encoded, no.=44, <stderr>:
LENGTH=3900
elapsed cycles: 3316323
hi(checksum)=0x216A164BFE1EA191
lo(checksum)=0x012394A872E428A0
key=encoded, no.=44, <checksum>:
0x216A164BFE1EA191012394A872E428A0
key=encoded, no.=44, cso file:
/dev/null
----------------------------------------------
real command=cset shield -e /home/nrink/Projects/build/encode/encode/tests/array_sum/array_sum.perf.encoded --  --cso /dev/null
key=encoded, no.=45, <stderr>:
LENGTH=3900
elapsed cycles: 3311577
hi(checksum)=0x216A164BFE1EA191
lo(checksum)=0x012394A872E428A0
key=encoded, no.=45, <checksum>:
0x216A164BFE1EA191012394A872E428A0
key=encoded, no.=45, cso file:
/dev/null
----------------------------------------------
real command=cset shield -e /home/nrink/Projects/build/encode/encode/tests/array_sum/array_sum.perf.encoded --  --cso /dev/null
key=encoded, no.=46, <stderr>:
LENGTH=3900
elapsed cycles: 3275931
hi(checksum)=0x216A164BFE1EA191
lo(checksum)=0x012394A872E428A0
key=encoded, no.=46, <checksum>:
0x216A164BFE1EA191012394A872E428A0
key=encoded, no.=46, cso file:
/dev/null
----------------------------------------------
real command=cset shield -e /home/nrink/Projects/build/encode/encode/tests/array_sum/array_sum.perf.encoded --  --cso /dev/null
key=encoded, no.=47, <stderr>:
LENGTH=3900
elapsed cycles: 3269172
hi(checksum)=0x216A164BFE1EA191
lo(checksum)=0x012394A872E428A0
key=encoded, no.=47, <checksum>:
0x216A164BFE1EA191012394A872E428A0
key=encoded, no.=47, cso file:
/dev/null
----------------------------------------------
real command=cset shield -e /home/nrink/Projects/build/encode/encode/tests/array_sum/array_sum.perf.encoded --  --cso /dev/null
key=encoded, no.=48, <stderr>:
LENGTH=3900
elapsed cycles: 3349407
hi(checksum)=0x216A164BFE1EA191
lo(checksum)=0x012394A872E428A0
key=encoded, no.=48, <checksum>:
0x216A164BFE1EA191012394A872E428A0
key=encoded, no.=48, cso file:
/dev/null
----------------------------------------------
real command=cset shield -e /home/nrink/Projects/build/encode/encode/tests/array_sum/array_sum.perf.encoded --  --cso /dev/null
key=encoded, no.=49, <stderr>:
LENGTH=3900
elapsed cycles: 3455580
hi(checksum)=0x216A164BFE1EA191
lo(checksum)=0x012394A872E428A0
key=encoded, no.=49, <checksum>:
0x216A164BFE1EA191012394A872E428A0
key=encoded, no.=49, cso file:
/dev/null
----------------------------------------------
real command=cset shield -e /home/nrink/Projects/build/encode/encode/tests/array_sum/array_sum.perf.encoded --  --cso /dev/null
key=encoded, no.=50, <stderr>:
LENGTH=3900
elapsed cycles: 3310293
hi(checksum)=0x216A164BFE1EA191
lo(checksum)=0x012394A872E428A0
key=encoded, no.=50, <checksum>:
0x216A164BFE1EA191012394A872E428A0
key=encoded, no.=50, cso file:
/dev/null
----------------------------------------------
real command=cset shield -e /home/nrink/Projects/build/encode/encode/tests/array_sum/array_sum.perf.encoded --  --cso /dev/null
key=encoded, no.=51, <stderr>:
LENGTH=3900
elapsed cycles: 3313701
hi(checksum)=0x216A164BFE1EA191
lo(checksum)=0x012394A872E428A0
key=encoded, no.=51, <checksum>:
0x216A164BFE1EA191012394A872E428A0
key=encoded, no.=51, cso file:
/dev/null
----------------------------------------------
real command=cset shield -e /home/nrink/Projects/build/encode/encode/tests/array_sum/array_sum.perf.encoded --  --cso /dev/null
key=encoded, no.=52, <stderr>:
LENGTH=3900
elapsed cycles: 3316998
hi(checksum)=0x216A164BFE1EA191
lo(checksum)=0x012394A872E428A0
key=encoded, no.=52, <checksum>:
0x216A164BFE1EA191012394A872E428A0
key=encoded, no.=52, cso file:
/dev/null
----------------------------------------------
real command=cset shield -e /home/nrink/Projects/build/encode/encode/tests/array_sum/array_sum.perf.encoded --  --cso /dev/null
key=encoded, no.=53, <stderr>:
LENGTH=3900
elapsed cycles: 3281112
hi(checksum)=0x216A164BFE1EA191
lo(checksum)=0x012394A872E428A0
key=encoded, no.=53, <checksum>:
0x216A164BFE1EA191012394A872E428A0
key=encoded, no.=53, cso file:
/dev/null
----------------------------------------------
real command=cset shield -e /home/nrink/Projects/build/encode/encode/tests/array_sum/array_sum.perf.encoded --  --cso /dev/null
key=encoded, no.=54, <stderr>:
LENGTH=3900
elapsed cycles: 3315399
hi(checksum)=0x216A164BFE1EA191
lo(checksum)=0x012394A872E428A0
key=encoded, no.=54, <checksum>:
0x216A164BFE1EA191012394A872E428A0
key=encoded, no.=54, cso file:
/dev/null
----------------------------------------------
real command=cset shield -e /home/nrink/Projects/build/encode/encode/tests/array_sum/array_sum.perf.encoded --  --cso /dev/null
key=encoded, no.=55, <stderr>:
LENGTH=3900
elapsed cycles: 3315267
hi(checksum)=0x216A164BFE1EA191
lo(checksum)=0x012394A872E428A0
key=encoded, no.=55, <checksum>:
0x216A164BFE1EA191012394A872E428A0
key=encoded, no.=55, cso file:
/dev/null
----------------------------------------------
real command=cset shield -e /home/nrink/Projects/build/encode/encode/tests/array_sum/array_sum.perf.encoded --  --cso /dev/null
key=encoded, no.=56, <stderr>:
LENGTH=3900
elapsed cycles: 3315876
hi(checksum)=0x216A164BFE1EA191
lo(checksum)=0x012394A872E428A0
key=encoded, no.=56, <checksum>:
0x216A164BFE1EA191012394A872E428A0
key=encoded, no.=56, cso file:
/dev/null
----------------------------------------------
real command=cset shield -e /home/nrink/Projects/build/encode/encode/tests/array_sum/array_sum.perf.encoded --  --cso /dev/null
key=encoded, no.=57, <stderr>:
LENGTH=3900
elapsed cycles: 3313707
hi(checksum)=0x216A164BFE1EA191
lo(checksum)=0x012394A872E428A0
key=encoded, no.=57, <checksum>:
0x216A164BFE1EA191012394A872E428A0
key=encoded, no.=57, cso file:
/dev/null
----------------------------------------------
real command=cset shield -e /home/nrink/Projects/build/encode/encode/tests/array_sum/array_sum.perf.encoded --  --cso /dev/null
key=encoded, no.=58, <stderr>:
LENGTH=3900
elapsed cycles: 3312237
hi(checksum)=0x216A164BFE1EA191
lo(checksum)=0x012394A872E428A0
key=encoded, no.=58, <checksum>:
0x216A164BFE1EA191012394A872E428A0
key=encoded, no.=58, cso file:
/dev/null
----------------------------------------------
real command=cset shield -e /home/nrink/Projects/build/encode/encode/tests/array_sum/array_sum.perf.encoded --  --cso /dev/null
key=encoded, no.=59, <stderr>:
LENGTH=3900
elapsed cycles: 3312681
hi(checksum)=0x216A164BFE1EA191
lo(checksum)=0x012394A872E428A0
key=encoded, no.=59, <checksum>:
0x216A164BFE1EA191012394A872E428A0
key=encoded, no.=59, cso file:
/dev/null
----------------------------------------------
real command=cset shield -e /home/nrink/Projects/build/encode/encode/tests/array_sum/array_sum.perf.encoded --  --cso /dev/null
key=encoded, no.=60, <stderr>:
LENGTH=3900
elapsed cycles: 3312438
hi(checksum)=0x216A164BFE1EA191
lo(checksum)=0x012394A872E428A0
key=encoded, no.=60, <checksum>:
0x216A164BFE1EA191012394A872E428A0
key=encoded, no.=60, cso file:
/dev/null
----------------------------------------------
real command=cset shield -e /home/nrink/Projects/build/encode/encode/tests/array_sum/array_sum.perf.encoded --  --cso /dev/null
key=encoded, no.=61, <stderr>:
LENGTH=3900
elapsed cycles: 3308034
hi(checksum)=0x216A164BFE1EA191
lo(checksum)=0x012394A872E428A0
key=encoded, no.=61, <checksum>:
0x216A164BFE1EA191012394A872E428A0
key=encoded, no.=61, cso file:
/dev/null
----------------------------------------------
real command=cset shield -e /home/nrink/Projects/build/encode/encode/tests/array_sum/array_sum.perf.encoded --  --cso /dev/null
key=encoded, no.=62, <stderr>:
LENGTH=3900
elapsed cycles: 3316242
hi(checksum)=0x216A164BFE1EA191
lo(checksum)=0x012394A872E428A0
key=encoded, no.=62, <checksum>:
0x216A164BFE1EA191012394A872E428A0
key=encoded, no.=62, cso file:
/dev/null
----------------------------------------------
real command=cset shield -e /home/nrink/Projects/build/encode/encode/tests/array_sum/array_sum.perf.encoded --  --cso /dev/null
key=encoded, no.=63, <stderr>:
LENGTH=3900
elapsed cycles: 3352680
hi(checksum)=0x216A164BFE1EA191
lo(checksum)=0x012394A872E428A0
key=encoded, no.=63, <checksum>:
0x216A164BFE1EA191012394A872E428A0
key=encoded, no.=63, cso file:
/dev/null
----------------------------------------------
real command=cset shield -e /home/nrink/Projects/build/encode/encode/tests/array_sum/array_sum.perf.encoded --  --cso /dev/null
key=encoded, no.=64, <stderr>:
LENGTH=3900
elapsed cycles: 3352884
hi(checksum)=0x216A164BFE1EA191
lo(checksum)=0x012394A872E428A0
key=encoded, no.=64, <checksum>:
0x216A164BFE1EA191012394A872E428A0
key=encoded, no.=64, cso file:
/dev/null
----------------------------------------------
real command=cset shield -e /home/nrink/Projects/build/encode/encode/tests/array_sum/array_sum.perf.encoded --  --cso /dev/null
key=encoded, no.=65, <stderr>:
LENGTH=3900
elapsed cycles: 3516018
hi(checksum)=0x216A164BFE1EA191
lo(checksum)=0x012394A872E428A0
key=encoded, no.=65, <checksum>:
0x216A164BFE1EA191012394A872E428A0
key=encoded, no.=65, cso file:
/dev/null
----------------------------------------------
real command=cset shield -e /home/nrink/Projects/build/encode/encode/tests/array_sum/array_sum.perf.encoded --  --cso /dev/null
key=encoded, no.=66, <stderr>:
LENGTH=3900
elapsed cycles: 3195540
hi(checksum)=0x216A164BFE1EA191
lo(checksum)=0x012394A872E428A0
key=encoded, no.=66, <checksum>:
0x216A164BFE1EA191012394A872E428A0
key=encoded, no.=66, cso file:
/dev/null
----------------------------------------------
real command=cset shield -e /home/nrink/Projects/build/encode/encode/tests/array_sum/array_sum.perf.encoded --  --cso /dev/null
key=encoded, no.=67, <stderr>:
LENGTH=3900
elapsed cycles: 3316212
hi(checksum)=0x216A164BFE1EA191
lo(checksum)=0x012394A872E428A0
key=encoded, no.=67, <checksum>:
0x216A164BFE1EA191012394A872E428A0
key=encoded, no.=67, cso file:
/dev/null
----------------------------------------------
real command=cset shield -e /home/nrink/Projects/build/encode/encode/tests/array_sum/array_sum.perf.encoded --  --cso /dev/null
key=encoded, no.=68, <stderr>:
LENGTH=3900
elapsed cycles: 3310290
hi(checksum)=0x216A164BFE1EA191
lo(checksum)=0x012394A872E428A0
key=encoded, no.=68, <checksum>:
0x216A164BFE1EA191012394A872E428A0
key=encoded, no.=68, cso file:
/dev/null
----------------------------------------------
real command=cset shield -e /home/nrink/Projects/build/encode/encode/tests/array_sum/array_sum.perf.encoded --  --cso /dev/null
key=encoded, no.=69, <stderr>:
LENGTH=3900
elapsed cycles: 3305973
hi(checksum)=0x216A164BFE1EA191
lo(checksum)=0x012394A872E428A0
key=encoded, no.=69, <checksum>:
0x216A164BFE1EA191012394A872E428A0
key=encoded, no.=69, cso file:
/dev/null
----------------------------------------------
real command=cset shield -e /home/nrink/Projects/build/encode/encode/tests/array_sum/array_sum.perf.encoded --  --cso /dev/null
key=encoded, no.=70, <stderr>:
LENGTH=3900
elapsed cycles: 3231483
hi(checksum)=0x216A164BFE1EA191
lo(checksum)=0x012394A872E428A0
key=encoded, no.=70, <checksum>:
0x216A164BFE1EA191012394A872E428A0
key=encoded, no.=70, cso file:
/dev/null
----------------------------------------------
real command=cset shield -e /home/nrink/Projects/build/encode/encode/tests/array_sum/array_sum.perf.encoded --  --cso /dev/null
key=encoded, no.=71, <stderr>:
LENGTH=3900
elapsed cycles: 3316143
hi(checksum)=0x216A164BFE1EA191
lo(checksum)=0x012394A872E428A0
key=encoded, no.=71, <checksum>:
0x216A164BFE1EA191012394A872E428A0
key=encoded, no.=71, cso file:
/dev/null
----------------------------------------------
real command=cset shield -e /home/nrink/Projects/build/encode/encode/tests/array_sum/array_sum.perf.encoded --  --cso /dev/null
key=encoded, no.=72, <stderr>:
LENGTH=3900
elapsed cycles: 3317955
hi(checksum)=0x216A164BFE1EA191
lo(checksum)=0x012394A872E428A0
key=encoded, no.=72, <checksum>:
0x216A164BFE1EA191012394A872E428A0
key=encoded, no.=72, cso file:
/dev/null
----------------------------------------------
real command=cset shield -e /home/nrink/Projects/build/encode/encode/tests/array_sum/array_sum.perf.encoded --  --cso /dev/null
key=encoded, no.=73, <stderr>:
LENGTH=3900
elapsed cycles: 3229761
hi(checksum)=0x216A164BFE1EA191
lo(checksum)=0x012394A872E428A0
key=encoded, no.=73, <checksum>:
0x216A164BFE1EA191012394A872E428A0
key=encoded, no.=73, cso file:
/dev/null
----------------------------------------------
real command=cset shield -e /home/nrink/Projects/build/encode/encode/tests/array_sum/array_sum.perf.encoded --  --cso /dev/null
key=encoded, no.=74, <stderr>:
LENGTH=3900
elapsed cycles: 3227562
hi(checksum)=0x216A164BFE1EA191
lo(checksum)=0x012394A872E428A0
key=encoded, no.=74, <checksum>:
0x216A164BFE1EA191012394A872E428A0
key=encoded, no.=74, cso file:
/dev/null
----------------------------------------------
real command=cset shield -e /home/nrink/Projects/build/encode/encode/tests/array_sum/array_sum.perf.encoded --  --cso /dev/null
key=encoded, no.=75, <stderr>:
LENGTH=3900
elapsed cycles: 3281916
hi(checksum)=0x216A164BFE1EA191
lo(checksum)=0x012394A872E428A0
key=encoded, no.=75, <checksum>:
0x216A164BFE1EA191012394A872E428A0
key=encoded, no.=75, cso file:
/dev/null
----------------------------------------------
real command=cset shield -e /home/nrink/Projects/build/encode/encode/tests/array_sum/array_sum.perf.encoded --  --cso /dev/null
key=encoded, no.=76, <stderr>:
LENGTH=3900
elapsed cycles: 3314871
hi(checksum)=0x216A164BFE1EA191
lo(checksum)=0x012394A872E428A0
key=encoded, no.=76, <checksum>:
0x216A164BFE1EA191012394A872E428A0
key=encoded, no.=76, cso file:
/dev/null
----------------------------------------------
real command=cset shield -e /home/nrink/Projects/build/encode/encode/tests/array_sum/array_sum.perf.encoded --  --cso /dev/null
key=encoded, no.=77, <stderr>:
LENGTH=3900
elapsed cycles: 3341826
hi(checksum)=0x216A164BFE1EA191
lo(checksum)=0x012394A872E428A0
key=encoded, no.=77, <checksum>:
0x216A164BFE1EA191012394A872E428A0
key=encoded, no.=77, cso file:
/dev/null
----------------------------------------------
real command=cset shield -e /home/nrink/Projects/build/encode/encode/tests/array_sum/array_sum.perf.encoded --  --cso /dev/null
key=encoded, no.=78, <stderr>:
LENGTH=3900
elapsed cycles: 3346092
hi(checksum)=0x216A164BFE1EA191
lo(checksum)=0x012394A872E428A0
key=encoded, no.=78, <checksum>:
0x216A164BFE1EA191012394A872E428A0
key=encoded, no.=78, cso file:
/dev/null
----------------------------------------------
real command=cset shield -e /home/nrink/Projects/build/encode/encode/tests/array_sum/array_sum.perf.encoded --  --cso /dev/null
key=encoded, no.=79, <stderr>:
LENGTH=3900
elapsed cycles: 3348279
hi(checksum)=0x216A164BFE1EA191
lo(checksum)=0x012394A872E428A0
key=encoded, no.=79, <checksum>:
0x216A164BFE1EA191012394A872E428A0
key=encoded, no.=79, cso file:
/dev/null
----------------------------------------------
real command=cset shield -e /home/nrink/Projects/build/encode/encode/tests/array_sum/array_sum.perf.encoded --  --cso /dev/null
key=encoded, no.=80, <stderr>:
LENGTH=3900
elapsed cycles: 3359865
hi(checksum)=0x216A164BFE1EA191
lo(checksum)=0x012394A872E428A0
key=encoded, no.=80, <checksum>:
0x216A164BFE1EA191012394A872E428A0
key=encoded, no.=80, cso file:
/dev/null
----------------------------------------------
real command=cset shield -e /home/nrink/Projects/build/encode/encode/tests/array_sum/array_sum.perf.encoded --  --cso /dev/null
key=encoded, no.=81, <stderr>:
LENGTH=3900
elapsed cycles: 3228306
hi(checksum)=0x216A164BFE1EA191
lo(checksum)=0x012394A872E428A0
key=encoded, no.=81, <checksum>:
0x216A164BFE1EA191012394A872E428A0
key=encoded, no.=81, cso file:
/dev/null
----------------------------------------------
real command=cset shield -e /home/nrink/Projects/build/encode/encode/tests/array_sum/array_sum.perf.encoded --  --cso /dev/null
key=encoded, no.=82, <stderr>:
LENGTH=3900
elapsed cycles: 3227070
hi(checksum)=0x216A164BFE1EA191
lo(checksum)=0x012394A872E428A0
key=encoded, no.=82, <checksum>:
0x216A164BFE1EA191012394A872E428A0
key=encoded, no.=82, cso file:
/dev/null
----------------------------------------------
real command=cset shield -e /home/nrink/Projects/build/encode/encode/tests/array_sum/array_sum.perf.encoded --  --cso /dev/null
key=encoded, no.=83, <stderr>:
LENGTH=3900
elapsed cycles: 3282960
hi(checksum)=0x216A164BFE1EA191
lo(checksum)=0x012394A872E428A0
key=encoded, no.=83, <checksum>:
0x216A164BFE1EA191012394A872E428A0
key=encoded, no.=83, cso file:
/dev/null
----------------------------------------------
real command=cset shield -e /home/nrink/Projects/build/encode/encode/tests/array_sum/array_sum.perf.encoded --  --cso /dev/null
key=encoded, no.=84, <stderr>:
LENGTH=3900
elapsed cycles: 3408441
hi(checksum)=0x216A164BFE1EA191
lo(checksum)=0x012394A872E428A0
key=encoded, no.=84, <checksum>:
0x216A164BFE1EA191012394A872E428A0
key=encoded, no.=84, cso file:
/dev/null
----------------------------------------------
real command=cset shield -e /home/nrink/Projects/build/encode/encode/tests/array_sum/array_sum.perf.encoded --  --cso /dev/null
key=encoded, no.=85, <stderr>:
LENGTH=3900
elapsed cycles: 3408306
hi(checksum)=0x216A164BFE1EA191
lo(checksum)=0x012394A872E428A0
key=encoded, no.=85, <checksum>:
0x216A164BFE1EA191012394A872E428A0
key=encoded, no.=85, cso file:
/dev/null
----------------------------------------------
real command=cset shield -e /home/nrink/Projects/build/encode/encode/tests/array_sum/array_sum.perf.encoded --  --cso /dev/null
key=encoded, no.=86, <stderr>:
LENGTH=3900
elapsed cycles: 3330960
hi(checksum)=0x216A164BFE1EA191
lo(checksum)=0x012394A872E428A0
key=encoded, no.=86, <checksum>:
0x216A164BFE1EA191012394A872E428A0
key=encoded, no.=86, cso file:
/dev/null
----------------------------------------------
real command=cset shield -e /home/nrink/Projects/build/encode/encode/tests/array_sum/array_sum.perf.encoded --  --cso /dev/null
key=encoded, no.=87, <stderr>:
LENGTH=3900
elapsed cycles: 3325281
hi(checksum)=0x216A164BFE1EA191
lo(checksum)=0x012394A872E428A0
key=encoded, no.=87, <checksum>:
0x216A164BFE1EA191012394A872E428A0
key=encoded, no.=87, cso file:
/dev/null
----------------------------------------------
real command=cset shield -e /home/nrink/Projects/build/encode/encode/tests/array_sum/array_sum.perf.encoded --  --cso /dev/null
key=encoded, no.=88, <stderr>:
LENGTH=3900
elapsed cycles: 3316143
hi(checksum)=0x216A164BFE1EA191
lo(checksum)=0x012394A872E428A0
key=encoded, no.=88, <checksum>:
0x216A164BFE1EA191012394A872E428A0
key=encoded, no.=88, cso file:
/dev/null
----------------------------------------------
real command=cset shield -e /home/nrink/Projects/build/encode/encode/tests/array_sum/array_sum.perf.encoded --  --cso /dev/null
key=encoded, no.=89, <stderr>:
LENGTH=3900
elapsed cycles: 3282855
hi(checksum)=0x216A164BFE1EA191
lo(checksum)=0x012394A872E428A0
key=encoded, no.=89, <checksum>:
0x216A164BFE1EA191012394A872E428A0
key=encoded, no.=89, cso file:
/dev/null
----------------------------------------------
real command=cset shield -e /home/nrink/Projects/build/encode/encode/tests/array_sum/array_sum.perf.encoded --  --cso /dev/null
key=encoded, no.=90, <stderr>:
LENGTH=3900
elapsed cycles: 3284052
hi(checksum)=0x216A164BFE1EA191
lo(checksum)=0x012394A872E428A0
key=encoded, no.=90, <checksum>:
0x216A164BFE1EA191012394A872E428A0
key=encoded, no.=90, cso file:
/dev/null
----------------------------------------------
real command=cset shield -e /home/nrink/Projects/build/encode/encode/tests/array_sum/array_sum.perf.encoded --  --cso /dev/null
key=encoded, no.=91, <stderr>:
LENGTH=3900
elapsed cycles: 3287415
hi(checksum)=0x216A164BFE1EA191
lo(checksum)=0x012394A872E428A0
key=encoded, no.=91, <checksum>:
0x216A164BFE1EA191012394A872E428A0
key=encoded, no.=91, cso file:
/dev/null
----------------------------------------------
real command=cset shield -e /home/nrink/Projects/build/encode/encode/tests/array_sum/array_sum.perf.encoded --  --cso /dev/null
key=encoded, no.=92, <stderr>:
LENGTH=3900
elapsed cycles: 3195702
hi(checksum)=0x216A164BFE1EA191
lo(checksum)=0x012394A872E428A0
key=encoded, no.=92, <checksum>:
0x216A164BFE1EA191012394A872E428A0
key=encoded, no.=92, cso file:
/dev/null
----------------------------------------------
real command=cset shield -e /home/nrink/Projects/build/encode/encode/tests/array_sum/array_sum.perf.encoded --  --cso /dev/null
key=encoded, no.=93, <stderr>:
LENGTH=3900
elapsed cycles: 3282177
hi(checksum)=0x216A164BFE1EA191
lo(checksum)=0x012394A872E428A0
key=encoded, no.=93, <checksum>:
0x216A164BFE1EA191012394A872E428A0
key=encoded, no.=93, cso file:
/dev/null
----------------------------------------------
real command=cset shield -e /home/nrink/Projects/build/encode/encode/tests/array_sum/array_sum.perf.encoded --  --cso /dev/null
key=encoded, no.=94, <stderr>:
LENGTH=3900
elapsed cycles: 3285705
hi(checksum)=0x216A164BFE1EA191
lo(checksum)=0x012394A872E428A0
key=encoded, no.=94, <checksum>:
0x216A164BFE1EA191012394A872E428A0
key=encoded, no.=94, cso file:
/dev/null
----------------------------------------------
real command=cset shield -e /home/nrink/Projects/build/encode/encode/tests/array_sum/array_sum.perf.encoded --  --cso /dev/null
key=encoded, no.=95, <stderr>:
LENGTH=3900
elapsed cycles: 3277545
hi(checksum)=0x216A164BFE1EA191
lo(checksum)=0x012394A872E428A0
key=encoded, no.=95, <checksum>:
0x216A164BFE1EA191012394A872E428A0
key=encoded, no.=95, cso file:
/dev/null
----------------------------------------------
real command=cset shield -e /home/nrink/Projects/build/encode/encode/tests/array_sum/array_sum.perf.encoded --  --cso /dev/null
key=encoded, no.=96, <stderr>:
LENGTH=3900
elapsed cycles: 3194016
hi(checksum)=0x216A164BFE1EA191
lo(checksum)=0x012394A872E428A0
key=encoded, no.=96, <checksum>:
0x216A164BFE1EA191012394A872E428A0
key=encoded, no.=96, cso file:
/dev/null
----------------------------------------------
real command=cset shield -e /home/nrink/Projects/build/encode/encode/tests/array_sum/array_sum.perf.encoded --  --cso /dev/null
key=encoded, no.=97, <stderr>:
LENGTH=3900
elapsed cycles: 3277956
hi(checksum)=0x216A164BFE1EA191
lo(checksum)=0x012394A872E428A0
key=encoded, no.=97, <checksum>:
0x216A164BFE1EA191012394A872E428A0
key=encoded, no.=97, cso file:
/dev/null
----------------------------------------------
real command=cset shield -e /home/nrink/Projects/build/encode/encode/tests/array_sum/array_sum.perf.encoded --  --cso /dev/null
key=encoded, no.=98, <stderr>:
LENGTH=3900
elapsed cycles: 3439269
hi(checksum)=0x216A164BFE1EA191
lo(checksum)=0x012394A872E428A0
key=encoded, no.=98, <checksum>:
0x216A164BFE1EA191012394A872E428A0
key=encoded, no.=98, cso file:
/dev/null
----------------------------------------------
real command=cset shield -e /home/nrink/Projects/build/encode/encode/tests/array_sum/array_sum.perf.encoded --  --cso /dev/null
key=encoded, no.=99, <stderr>:
LENGTH=3900
elapsed cycles: 3476967
hi(checksum)=0x216A164BFE1EA191
lo(checksum)=0x012394A872E428A0
key=encoded, no.=99, <checksum>:
0x216A164BFE1EA191012394A872E428A0
key=encoded, no.=99, cso file:
/dev/null
----------------------------------------------
