key=plain, runs=100 ...
command=/home/nrink/Projects/build/encode/encode/tests/ptrarith/ptrarith.perf.plain
----------------------------------------------
real command=cset shield -e /home/nrink/Projects/build/encode/encode/tests/ptrarith/ptrarith.perf.plain --  --cso /dev/null
key=plain, no.=0, <stderr>:
LENGTH=800
elapsed cycles: 76848
hi(checksum)=0x05FACDBE99279292
lo(checksum)=0x489F562A570FDFC0
key=plain, no.=0, <checksum>:
0x5FACDBE99279292489F562A570FDFC0
key=plain, no.=0, cso file:
/dev/null
----------------------------------------------
real command=cset shield -e /home/nrink/Projects/build/encode/encode/tests/ptrarith/ptrarith.perf.plain --  --cso /dev/null
key=plain, no.=1, <stderr>:
LENGTH=800
elapsed cycles: 77028
hi(checksum)=0x05FACDBE99279292
lo(checksum)=0x489F562A570FDFC0
key=plain, no.=1, <checksum>:
0x5FACDBE99279292489F562A570FDFC0
key=plain, no.=1, cso file:
/dev/null
----------------------------------------------
real command=cset shield -e /home/nrink/Projects/build/encode/encode/tests/ptrarith/ptrarith.perf.plain --  --cso /dev/null
key=plain, no.=2, <stderr>:
LENGTH=800
elapsed cycles: 76827
hi(checksum)=0x05FACDBE99279292
lo(checksum)=0x489F562A570FDFC0
key=plain, no.=2, <checksum>:
0x5FACDBE99279292489F562A570FDFC0
key=plain, no.=2, cso file:
/dev/null
----------------------------------------------
real command=cset shield -e /home/nrink/Projects/build/encode/encode/tests/ptrarith/ptrarith.perf.plain --  --cso /dev/null
key=plain, no.=3, <stderr>:
LENGTH=800
elapsed cycles: 76758
hi(checksum)=0x05FACDBE99279292
lo(checksum)=0x489F562A570FDFC0
key=plain, no.=3, <checksum>:
0x5FACDBE99279292489F562A570FDFC0
key=plain, no.=3, cso file:
/dev/null
----------------------------------------------
real command=cset shield -e /home/nrink/Projects/build/encode/encode/tests/ptrarith/ptrarith.perf.plain --  --cso /dev/null
key=plain, no.=4, <stderr>:
LENGTH=800
elapsed cycles: 76848
hi(checksum)=0x05FACDBE99279292
lo(checksum)=0x489F562A570FDFC0
key=plain, no.=4, <checksum>:
0x5FACDBE99279292489F562A570FDFC0
key=plain, no.=4, cso file:
/dev/null
----------------------------------------------
real command=cset shield -e /home/nrink/Projects/build/encode/encode/tests/ptrarith/ptrarith.perf.plain --  --cso /dev/null
key=plain, no.=5, <stderr>:
LENGTH=800
elapsed cycles: 77160
hi(checksum)=0x05FACDBE99279292
lo(checksum)=0x489F562A570FDFC0
key=plain, no.=5, <checksum>:
0x5FACDBE99279292489F562A570FDFC0
key=plain, no.=5, cso file:
/dev/null
----------------------------------------------
real command=cset shield -e /home/nrink/Projects/build/encode/encode/tests/ptrarith/ptrarith.perf.plain --  --cso /dev/null
key=plain, no.=6, <stderr>:
LENGTH=800
elapsed cycles: 77088
hi(checksum)=0x05FACDBE99279292
lo(checksum)=0x489F562A570FDFC0
key=plain, no.=6, <checksum>:
0x5FACDBE99279292489F562A570FDFC0
key=plain, no.=6, cso file:
/dev/null
----------------------------------------------
real command=cset shield -e /home/nrink/Projects/build/encode/encode/tests/ptrarith/ptrarith.perf.plain --  --cso /dev/null
key=plain, no.=7, <stderr>:
LENGTH=800
elapsed cycles: 76860
hi(checksum)=0x05FACDBE99279292
lo(checksum)=0x489F562A570FDFC0
key=plain, no.=7, <checksum>:
0x5FACDBE99279292489F562A570FDFC0
key=plain, no.=7, cso file:
/dev/null
----------------------------------------------
real command=cset shield -e /home/nrink/Projects/build/encode/encode/tests/ptrarith/ptrarith.perf.plain --  --cso /dev/null
key=plain, no.=8, <stderr>:
LENGTH=800
elapsed cycles: 77136
hi(checksum)=0x05FACDBE99279292
lo(checksum)=0x489F562A570FDFC0
key=plain, no.=8, <checksum>:
0x5FACDBE99279292489F562A570FDFC0
key=plain, no.=8, cso file:
/dev/null
----------------------------------------------
real command=cset shield -e /home/nrink/Projects/build/encode/encode/tests/ptrarith/ptrarith.perf.plain --  --cso /dev/null
key=plain, no.=9, <stderr>:
LENGTH=800
elapsed cycles: 76845
hi(checksum)=0x05FACDBE99279292
lo(checksum)=0x489F562A570FDFC0
key=plain, no.=9, <checksum>:
0x5FACDBE99279292489F562A570FDFC0
key=plain, no.=9, cso file:
/dev/null
----------------------------------------------
real command=cset shield -e /home/nrink/Projects/build/encode/encode/tests/ptrarith/ptrarith.perf.plain --  --cso /dev/null
key=plain, no.=10, <stderr>:
LENGTH=800
elapsed cycles: 78264
hi(checksum)=0x05FACDBE99279292
lo(checksum)=0x489F562A570FDFC0
key=plain, no.=10, <checksum>:
0x5FACDBE99279292489F562A570FDFC0
key=plain, no.=10, cso file:
/dev/null
----------------------------------------------
real command=cset shield -e /home/nrink/Projects/build/encode/encode/tests/ptrarith/ptrarith.perf.plain --  --cso /dev/null
key=plain, no.=11, <stderr>:
LENGTH=800
elapsed cycles: 76794
hi(checksum)=0x05FACDBE99279292
lo(checksum)=0x489F562A570FDFC0
key=plain, no.=11, <checksum>:
0x5FACDBE99279292489F562A570FDFC0
key=plain, no.=11, cso file:
/dev/null
----------------------------------------------
real command=cset shield -e /home/nrink/Projects/build/encode/encode/tests/ptrarith/ptrarith.perf.plain --  --cso /dev/null
key=plain, no.=12, <stderr>:
LENGTH=800
elapsed cycles: 77241
hi(checksum)=0x05FACDBE99279292
lo(checksum)=0x489F562A570FDFC0
key=plain, no.=12, <checksum>:
0x5FACDBE99279292489F562A570FDFC0
key=plain, no.=12, cso file:
/dev/null
----------------------------------------------
real command=cset shield -e /home/nrink/Projects/build/encode/encode/tests/ptrarith/ptrarith.perf.plain --  --cso /dev/null
key=plain, no.=13, <stderr>:
LENGTH=800
elapsed cycles: 76752
hi(checksum)=0x05FACDBE99279292
lo(checksum)=0x489F562A570FDFC0
key=plain, no.=13, <checksum>:
0x5FACDBE99279292489F562A570FDFC0
key=plain, no.=13, cso file:
/dev/null
----------------------------------------------
real command=cset shield -e /home/nrink/Projects/build/encode/encode/tests/ptrarith/ptrarith.perf.plain --  --cso /dev/null
key=plain, no.=14, <stderr>:
LENGTH=800
elapsed cycles: 76818
hi(checksum)=0x05FACDBE99279292
lo(checksum)=0x489F562A570FDFC0
key=plain, no.=14, <checksum>:
0x5FACDBE99279292489F562A570FDFC0
key=plain, no.=14, cso file:
/dev/null
----------------------------------------------
real command=cset shield -e /home/nrink/Projects/build/encode/encode/tests/ptrarith/ptrarith.perf.plain --  --cso /dev/null
key=plain, no.=15, <stderr>:
LENGTH=800
elapsed cycles: 76950
hi(checksum)=0x05FACDBE99279292
lo(checksum)=0x489F562A570FDFC0
key=plain, no.=15, <checksum>:
0x5FACDBE99279292489F562A570FDFC0
key=plain, no.=15, cso file:
/dev/null
----------------------------------------------
real command=cset shield -e /home/nrink/Projects/build/encode/encode/tests/ptrarith/ptrarith.perf.plain --  --cso /dev/null
key=plain, no.=16, <stderr>:
LENGTH=800
elapsed cycles: 76782
hi(checksum)=0x05FACDBE99279292
lo(checksum)=0x489F562A570FDFC0
key=plain, no.=16, <checksum>:
0x5FACDBE99279292489F562A570FDFC0
key=plain, no.=16, cso file:
/dev/null
----------------------------------------------
real command=cset shield -e /home/nrink/Projects/build/encode/encode/tests/ptrarith/ptrarith.perf.plain --  --cso /dev/null
key=plain, no.=17, <stderr>:
LENGTH=800
elapsed cycles: 76869
hi(checksum)=0x05FACDBE99279292
lo(checksum)=0x489F562A570FDFC0
key=plain, no.=17, <checksum>:
0x5FACDBE99279292489F562A570FDFC0
key=plain, no.=17, cso file:
/dev/null
----------------------------------------------
real command=cset shield -e /home/nrink/Projects/build/encode/encode/tests/ptrarith/ptrarith.perf.plain --  --cso /dev/null
key=plain, no.=18, <stderr>:
LENGTH=800
elapsed cycles: 76824
hi(checksum)=0x05FACDBE99279292
lo(checksum)=0x489F562A570FDFC0
key=plain, no.=18, <checksum>:
0x5FACDBE99279292489F562A570FDFC0
key=plain, no.=18, cso file:
/dev/null
----------------------------------------------
real command=cset shield -e /home/nrink/Projects/build/encode/encode/tests/ptrarith/ptrarith.perf.plain --  --cso /dev/null
key=plain, no.=19, <stderr>:
LENGTH=800
elapsed cycles: 77019
hi(checksum)=0x05FACDBE99279292
lo(checksum)=0x489F562A570FDFC0
key=plain, no.=19, <checksum>:
0x5FACDBE99279292489F562A570FDFC0
key=plain, no.=19, cso file:
/dev/null
----------------------------------------------
real command=cset shield -e /home/nrink/Projects/build/encode/encode/tests/ptrarith/ptrarith.perf.plain --  --cso /dev/null
key=plain, no.=20, <stderr>:
LENGTH=800
elapsed cycles: 129120
hi(checksum)=0x05FACDBE99279292
lo(checksum)=0x489F562A570FDFC0
key=plain, no.=20, <checksum>:
0x5FACDBE99279292489F562A570FDFC0
key=plain, no.=20, cso file:
/dev/null
----------------------------------------------
real command=cset shield -e /home/nrink/Projects/build/encode/encode/tests/ptrarith/ptrarith.perf.plain --  --cso /dev/null
key=plain, no.=21, <stderr>:
LENGTH=800
elapsed cycles: 80724
hi(checksum)=0x05FACDBE99279292
lo(checksum)=0x489F562A570FDFC0
key=plain, no.=21, <checksum>:
0x5FACDBE99279292489F562A570FDFC0
key=plain, no.=21, cso file:
/dev/null
----------------------------------------------
real command=cset shield -e /home/nrink/Projects/build/encode/encode/tests/ptrarith/ptrarith.perf.plain --  --cso /dev/null
key=plain, no.=22, <stderr>:
LENGTH=800
elapsed cycles: 77676
hi(checksum)=0x05FACDBE99279292
lo(checksum)=0x489F562A570FDFC0
key=plain, no.=22, <checksum>:
0x5FACDBE99279292489F562A570FDFC0
key=plain, no.=22, cso file:
/dev/null
----------------------------------------------
real command=cset shield -e /home/nrink/Projects/build/encode/encode/tests/ptrarith/ptrarith.perf.plain --  --cso /dev/null
key=plain, no.=23, <stderr>:
LENGTH=800
elapsed cycles: 77676
hi(checksum)=0x05FACDBE99279292
lo(checksum)=0x489F562A570FDFC0
key=plain, no.=23, <checksum>:
0x5FACDBE99279292489F562A570FDFC0
key=plain, no.=23, cso file:
/dev/null
----------------------------------------------
real command=cset shield -e /home/nrink/Projects/build/encode/encode/tests/ptrarith/ptrarith.perf.plain --  --cso /dev/null
key=plain, no.=24, <stderr>:
LENGTH=800
elapsed cycles: 76827
hi(checksum)=0x05FACDBE99279292
lo(checksum)=0x489F562A570FDFC0
key=plain, no.=24, <checksum>:
0x5FACDBE99279292489F562A570FDFC0
key=plain, no.=24, cso file:
/dev/null
----------------------------------------------
real command=cset shield -e /home/nrink/Projects/build/encode/encode/tests/ptrarith/ptrarith.perf.plain --  --cso /dev/null
key=plain, no.=25, <stderr>:
LENGTH=800
elapsed cycles: 77292
hi(checksum)=0x05FACDBE99279292
lo(checksum)=0x489F562A570FDFC0
key=plain, no.=25, <checksum>:
0x5FACDBE99279292489F562A570FDFC0
key=plain, no.=25, cso file:
/dev/null
----------------------------------------------
real command=cset shield -e /home/nrink/Projects/build/encode/encode/tests/ptrarith/ptrarith.perf.plain --  --cso /dev/null
key=plain, no.=26, <stderr>:
LENGTH=800
elapsed cycles: 77085
hi(checksum)=0x05FACDBE99279292
lo(checksum)=0x489F562A570FDFC0
key=plain, no.=26, <checksum>:
0x5FACDBE99279292489F562A570FDFC0
key=plain, no.=26, cso file:
/dev/null
----------------------------------------------
real command=cset shield -e /home/nrink/Projects/build/encode/encode/tests/ptrarith/ptrarith.perf.plain --  --cso /dev/null
key=plain, no.=27, <stderr>:
LENGTH=800
elapsed cycles: 76908
hi(checksum)=0x05FACDBE99279292
lo(checksum)=0x489F562A570FDFC0
key=plain, no.=27, <checksum>:
0x5FACDBE99279292489F562A570FDFC0
key=plain, no.=27, cso file:
/dev/null
----------------------------------------------
real command=cset shield -e /home/nrink/Projects/build/encode/encode/tests/ptrarith/ptrarith.perf.plain --  --cso /dev/null
key=plain, no.=28, <stderr>:
LENGTH=800
elapsed cycles: 77358
hi(checksum)=0x05FACDBE99279292
lo(checksum)=0x489F562A570FDFC0
key=plain, no.=28, <checksum>:
0x5FACDBE99279292489F562A570FDFC0
key=plain, no.=28, cso file:
/dev/null
----------------------------------------------
real command=cset shield -e /home/nrink/Projects/build/encode/encode/tests/ptrarith/ptrarith.perf.plain --  --cso /dev/null
key=plain, no.=29, <stderr>:
LENGTH=800
elapsed cycles: 76905
hi(checksum)=0x05FACDBE99279292
lo(checksum)=0x489F562A570FDFC0
key=plain, no.=29, <checksum>:
0x5FACDBE99279292489F562A570FDFC0
key=plain, no.=29, cso file:
/dev/null
----------------------------------------------
real command=cset shield -e /home/nrink/Projects/build/encode/encode/tests/ptrarith/ptrarith.perf.plain --  --cso /dev/null
key=plain, no.=30, <stderr>:
LENGTH=800
elapsed cycles: 76809
hi(checksum)=0x05FACDBE99279292
lo(checksum)=0x489F562A570FDFC0
key=plain, no.=30, <checksum>:
0x5FACDBE99279292489F562A570FDFC0
key=plain, no.=30, cso file:
/dev/null
----------------------------------------------
real command=cset shield -e /home/nrink/Projects/build/encode/encode/tests/ptrarith/ptrarith.perf.plain --  --cso /dev/null
key=plain, no.=31, <stderr>:
LENGTH=800
elapsed cycles: 78240
hi(checksum)=0x05FACDBE99279292
lo(checksum)=0x489F562A570FDFC0
key=plain, no.=31, <checksum>:
0x5FACDBE99279292489F562A570FDFC0
key=plain, no.=31, cso file:
/dev/null
----------------------------------------------
real command=cset shield -e /home/nrink/Projects/build/encode/encode/tests/ptrarith/ptrarith.perf.plain --  --cso /dev/null
key=plain, no.=32, <stderr>:
LENGTH=800
elapsed cycles: 76830
hi(checksum)=0x05FACDBE99279292
lo(checksum)=0x489F562A570FDFC0
key=plain, no.=32, <checksum>:
0x5FACDBE99279292489F562A570FDFC0
key=plain, no.=32, cso file:
/dev/null
----------------------------------------------
real command=cset shield -e /home/nrink/Projects/build/encode/encode/tests/ptrarith/ptrarith.perf.plain --  --cso /dev/null
key=plain, no.=33, <stderr>:
LENGTH=800
elapsed cycles: 76743
hi(checksum)=0x05FACDBE99279292
lo(checksum)=0x489F562A570FDFC0
key=plain, no.=33, <checksum>:
0x5FACDBE99279292489F562A570FDFC0
key=plain, no.=33, cso file:
/dev/null
----------------------------------------------
real command=cset shield -e /home/nrink/Projects/build/encode/encode/tests/ptrarith/ptrarith.perf.plain --  --cso /dev/null
key=plain, no.=34, <stderr>:
LENGTH=800
elapsed cycles: 76755
hi(checksum)=0x05FACDBE99279292
lo(checksum)=0x489F562A570FDFC0
key=plain, no.=34, <checksum>:
0x5FACDBE99279292489F562A570FDFC0
key=plain, no.=34, cso file:
/dev/null
----------------------------------------------
real command=cset shield -e /home/nrink/Projects/build/encode/encode/tests/ptrarith/ptrarith.perf.plain --  --cso /dev/null
key=plain, no.=35, <stderr>:
LENGTH=800
elapsed cycles: 77223
hi(checksum)=0x05FACDBE99279292
lo(checksum)=0x489F562A570FDFC0
key=plain, no.=35, <checksum>:
0x5FACDBE99279292489F562A570FDFC0
key=plain, no.=35, cso file:
/dev/null
----------------------------------------------
real command=cset shield -e /home/nrink/Projects/build/encode/encode/tests/ptrarith/ptrarith.perf.plain --  --cso /dev/null
key=plain, no.=36, <stderr>:
LENGTH=800
elapsed cycles: 77805
hi(checksum)=0x05FACDBE99279292
lo(checksum)=0x489F562A570FDFC0
key=plain, no.=36, <checksum>:
0x5FACDBE99279292489F562A570FDFC0
key=plain, no.=36, cso file:
/dev/null
----------------------------------------------
real command=cset shield -e /home/nrink/Projects/build/encode/encode/tests/ptrarith/ptrarith.perf.plain --  --cso /dev/null
key=plain, no.=37, <stderr>:
LENGTH=800
elapsed cycles: 76833
hi(checksum)=0x05FACDBE99279292
lo(checksum)=0x489F562A570FDFC0
key=plain, no.=37, <checksum>:
0x5FACDBE99279292489F562A570FDFC0
key=plain, no.=37, cso file:
/dev/null
----------------------------------------------
real command=cset shield -e /home/nrink/Projects/build/encode/encode/tests/ptrarith/ptrarith.perf.plain --  --cso /dev/null
key=plain, no.=38, <stderr>:
LENGTH=800
elapsed cycles: 76902
hi(checksum)=0x05FACDBE99279292
lo(checksum)=0x489F562A570FDFC0
key=plain, no.=38, <checksum>:
0x5FACDBE99279292489F562A570FDFC0
key=plain, no.=38, cso file:
/dev/null
----------------------------------------------
real command=cset shield -e /home/nrink/Projects/build/encode/encode/tests/ptrarith/ptrarith.perf.plain --  --cso /dev/null
key=plain, no.=39, <stderr>:
LENGTH=800
elapsed cycles: 77355
hi(checksum)=0x05FACDBE99279292
lo(checksum)=0x489F562A570FDFC0
key=plain, no.=39, <checksum>:
0x5FACDBE99279292489F562A570FDFC0
key=plain, no.=39, cso file:
/dev/null
----------------------------------------------
real command=cset shield -e /home/nrink/Projects/build/encode/encode/tests/ptrarith/ptrarith.perf.plain --  --cso /dev/null
key=plain, no.=40, <stderr>:
LENGTH=800
elapsed cycles: 76842
hi(checksum)=0x05FACDBE99279292
lo(checksum)=0x489F562A570FDFC0
key=plain, no.=40, <checksum>:
0x5FACDBE99279292489F562A570FDFC0
key=plain, no.=40, cso file:
/dev/null
----------------------------------------------
real command=cset shield -e /home/nrink/Projects/build/encode/encode/tests/ptrarith/ptrarith.perf.plain --  --cso /dev/null
key=plain, no.=41, <stderr>:
LENGTH=800
elapsed cycles: 76836
hi(checksum)=0x05FACDBE99279292
lo(checksum)=0x489F562A570FDFC0
key=plain, no.=41, <checksum>:
0x5FACDBE99279292489F562A570FDFC0
key=plain, no.=41, cso file:
/dev/null
----------------------------------------------
real command=cset shield -e /home/nrink/Projects/build/encode/encode/tests/ptrarith/ptrarith.perf.plain --  --cso /dev/null
key=plain, no.=42, <stderr>:
LENGTH=800
elapsed cycles: 76839
hi(checksum)=0x05FACDBE99279292
lo(checksum)=0x489F562A570FDFC0
key=plain, no.=42, <checksum>:
0x5FACDBE99279292489F562A570FDFC0
key=plain, no.=42, cso file:
/dev/null
----------------------------------------------
real command=cset shield -e /home/nrink/Projects/build/encode/encode/tests/ptrarith/ptrarith.perf.plain --  --cso /dev/null
key=plain, no.=43, <stderr>:
LENGTH=800
elapsed cycles: 77079
hi(checksum)=0x05FACDBE99279292
lo(checksum)=0x489F562A570FDFC0
key=plain, no.=43, <checksum>:
0x5FACDBE99279292489F562A570FDFC0
key=plain, no.=43, cso file:
/dev/null
----------------------------------------------
real command=cset shield -e /home/nrink/Projects/build/encode/encode/tests/ptrarith/ptrarith.perf.plain --  --cso /dev/null
key=plain, no.=44, <stderr>:
LENGTH=800
elapsed cycles: 77688
hi(checksum)=0x05FACDBE99279292
lo(checksum)=0x489F562A570FDFC0
key=plain, no.=44, <checksum>:
0x5FACDBE99279292489F562A570FDFC0
key=plain, no.=44, cso file:
/dev/null
----------------------------------------------
real command=cset shield -e /home/nrink/Projects/build/encode/encode/tests/ptrarith/ptrarith.perf.plain --  --cso /dev/null
key=plain, no.=45, <stderr>:
LENGTH=800
elapsed cycles: 76773
hi(checksum)=0x05FACDBE99279292
lo(checksum)=0x489F562A570FDFC0
key=plain, no.=45, <checksum>:
0x5FACDBE99279292489F562A570FDFC0
key=plain, no.=45, cso file:
/dev/null
----------------------------------------------
real command=cset shield -e /home/nrink/Projects/build/encode/encode/tests/ptrarith/ptrarith.perf.plain --  --cso /dev/null
key=plain, no.=46, <stderr>:
LENGTH=800
elapsed cycles: 76881
hi(checksum)=0x05FACDBE99279292
lo(checksum)=0x489F562A570FDFC0
key=plain, no.=46, <checksum>:
0x5FACDBE99279292489F562A570FDFC0
key=plain, no.=46, cso file:
/dev/null
----------------------------------------------
real command=cset shield -e /home/nrink/Projects/build/encode/encode/tests/ptrarith/ptrarith.perf.plain --  --cso /dev/null
key=plain, no.=47, <stderr>:
LENGTH=800
elapsed cycles: 76815
hi(checksum)=0x05FACDBE99279292
lo(checksum)=0x489F562A570FDFC0
key=plain, no.=47, <checksum>:
0x5FACDBE99279292489F562A570FDFC0
key=plain, no.=47, cso file:
/dev/null
----------------------------------------------
real command=cset shield -e /home/nrink/Projects/build/encode/encode/tests/ptrarith/ptrarith.perf.plain --  --cso /dev/null
key=plain, no.=48, <stderr>:
LENGTH=800
elapsed cycles: 76839
hi(checksum)=0x05FACDBE99279292
lo(checksum)=0x489F562A570FDFC0
key=plain, no.=48, <checksum>:
0x5FACDBE99279292489F562A570FDFC0
key=plain, no.=48, cso file:
/dev/null
----------------------------------------------
real command=cset shield -e /home/nrink/Projects/build/encode/encode/tests/ptrarith/ptrarith.perf.plain --  --cso /dev/null
key=plain, no.=49, <stderr>:
LENGTH=800
elapsed cycles: 155001
hi(checksum)=0x05FACDBE99279292
lo(checksum)=0x489F562A570FDFC0
key=plain, no.=49, <checksum>:
0x5FACDBE99279292489F562A570FDFC0
key=plain, no.=49, cso file:
/dev/null
----------------------------------------------
real command=cset shield -e /home/nrink/Projects/build/encode/encode/tests/ptrarith/ptrarith.perf.plain --  --cso /dev/null
key=plain, no.=50, <stderr>:
LENGTH=800
elapsed cycles: 76926
hi(checksum)=0x05FACDBE99279292
lo(checksum)=0x489F562A570FDFC0
key=plain, no.=50, <checksum>:
0x5FACDBE99279292489F562A570FDFC0
key=plain, no.=50, cso file:
/dev/null
----------------------------------------------
real command=cset shield -e /home/nrink/Projects/build/encode/encode/tests/ptrarith/ptrarith.perf.plain --  --cso /dev/null
key=plain, no.=51, <stderr>:
LENGTH=800
elapsed cycles: 76791
hi(checksum)=0x05FACDBE99279292
lo(checksum)=0x489F562A570FDFC0
key=plain, no.=51, <checksum>:
0x5FACDBE99279292489F562A570FDFC0
key=plain, no.=51, cso file:
/dev/null
----------------------------------------------
real command=cset shield -e /home/nrink/Projects/build/encode/encode/tests/ptrarith/ptrarith.perf.plain --  --cso /dev/null
key=plain, no.=52, <stderr>:
LENGTH=800
elapsed cycles: 76848
hi(checksum)=0x05FACDBE99279292
lo(checksum)=0x489F562A570FDFC0
key=plain, no.=52, <checksum>:
0x5FACDBE99279292489F562A570FDFC0
key=plain, no.=52, cso file:
/dev/null
----------------------------------------------
real command=cset shield -e /home/nrink/Projects/build/encode/encode/tests/ptrarith/ptrarith.perf.plain --  --cso /dev/null
key=plain, no.=53, <stderr>:
LENGTH=800
elapsed cycles: 76947
hi(checksum)=0x05FACDBE99279292
lo(checksum)=0x489F562A570FDFC0
key=plain, no.=53, <checksum>:
0x5FACDBE99279292489F562A570FDFC0
key=plain, no.=53, cso file:
/dev/null
----------------------------------------------
real command=cset shield -e /home/nrink/Projects/build/encode/encode/tests/ptrarith/ptrarith.perf.plain --  --cso /dev/null
key=plain, no.=54, <stderr>:
LENGTH=800
elapsed cycles: 76797
hi(checksum)=0x05FACDBE99279292
lo(checksum)=0x489F562A570FDFC0
key=plain, no.=54, <checksum>:
0x5FACDBE99279292489F562A570FDFC0
key=plain, no.=54, cso file:
/dev/null
----------------------------------------------
real command=cset shield -e /home/nrink/Projects/build/encode/encode/tests/ptrarith/ptrarith.perf.plain --  --cso /dev/null
key=plain, no.=55, <stderr>:
LENGTH=800
elapsed cycles: 77049
hi(checksum)=0x05FACDBE99279292
lo(checksum)=0x489F562A570FDFC0
key=plain, no.=55, <checksum>:
0x5FACDBE99279292489F562A570FDFC0
key=plain, no.=55, cso file:
/dev/null
----------------------------------------------
real command=cset shield -e /home/nrink/Projects/build/encode/encode/tests/ptrarith/ptrarith.perf.plain --  --cso /dev/null
key=plain, no.=56, <stderr>:
LENGTH=800
elapsed cycles: 77247
hi(checksum)=0x05FACDBE99279292
lo(checksum)=0x489F562A570FDFC0
key=plain, no.=56, <checksum>:
0x5FACDBE99279292489F562A570FDFC0
key=plain, no.=56, cso file:
/dev/null
----------------------------------------------
real command=cset shield -e /home/nrink/Projects/build/encode/encode/tests/ptrarith/ptrarith.perf.plain --  --cso /dev/null
key=plain, no.=57, <stderr>:
LENGTH=800
elapsed cycles: 78489
hi(checksum)=0x05FACDBE99279292
lo(checksum)=0x489F562A570FDFC0
key=plain, no.=57, <checksum>:
0x5FACDBE99279292489F562A570FDFC0
key=plain, no.=57, cso file:
/dev/null
----------------------------------------------
real command=cset shield -e /home/nrink/Projects/build/encode/encode/tests/ptrarith/ptrarith.perf.plain --  --cso /dev/null
key=plain, no.=58, <stderr>:
LENGTH=800
elapsed cycles: 76743
hi(checksum)=0x05FACDBE99279292
lo(checksum)=0x489F562A570FDFC0
key=plain, no.=58, <checksum>:
0x5FACDBE99279292489F562A570FDFC0
key=plain, no.=58, cso file:
/dev/null
----------------------------------------------
real command=cset shield -e /home/nrink/Projects/build/encode/encode/tests/ptrarith/ptrarith.perf.plain --  --cso /dev/null
key=plain, no.=59, <stderr>:
LENGTH=800
elapsed cycles: 78402
hi(checksum)=0x05FACDBE99279292
lo(checksum)=0x489F562A570FDFC0
key=plain, no.=59, <checksum>:
0x5FACDBE99279292489F562A570FDFC0
key=plain, no.=59, cso file:
/dev/null
----------------------------------------------
real command=cset shield -e /home/nrink/Projects/build/encode/encode/tests/ptrarith/ptrarith.perf.plain --  --cso /dev/null
key=plain, no.=60, <stderr>:
LENGTH=800
elapsed cycles: 77358
hi(checksum)=0x05FACDBE99279292
lo(checksum)=0x489F562A570FDFC0
key=plain, no.=60, <checksum>:
0x5FACDBE99279292489F562A570FDFC0
key=plain, no.=60, cso file:
/dev/null
----------------------------------------------
real command=cset shield -e /home/nrink/Projects/build/encode/encode/tests/ptrarith/ptrarith.perf.plain --  --cso /dev/null
key=plain, no.=61, <stderr>:
LENGTH=800
elapsed cycles: 77400
hi(checksum)=0x05FACDBE99279292
lo(checksum)=0x489F562A570FDFC0
key=plain, no.=61, <checksum>:
0x5FACDBE99279292489F562A570FDFC0
key=plain, no.=61, cso file:
/dev/null
----------------------------------------------
real command=cset shield -e /home/nrink/Projects/build/encode/encode/tests/ptrarith/ptrarith.perf.plain --  --cso /dev/null
key=plain, no.=62, <stderr>:
LENGTH=800
elapsed cycles: 76824
hi(checksum)=0x05FACDBE99279292
lo(checksum)=0x489F562A570FDFC0
key=plain, no.=62, <checksum>:
0x5FACDBE99279292489F562A570FDFC0
key=plain, no.=62, cso file:
/dev/null
----------------------------------------------
real command=cset shield -e /home/nrink/Projects/build/encode/encode/tests/ptrarith/ptrarith.perf.plain --  --cso /dev/null
key=plain, no.=63, <stderr>:
LENGTH=800
elapsed cycles: 76851
hi(checksum)=0x05FACDBE99279292
lo(checksum)=0x489F562A570FDFC0
key=plain, no.=63, <checksum>:
0x5FACDBE99279292489F562A570FDFC0
key=plain, no.=63, cso file:
/dev/null
----------------------------------------------
real command=cset shield -e /home/nrink/Projects/build/encode/encode/tests/ptrarith/ptrarith.perf.plain --  --cso /dev/null
key=plain, no.=64, <stderr>:
LENGTH=800
elapsed cycles: 76860
hi(checksum)=0x05FACDBE99279292
lo(checksum)=0x489F562A570FDFC0
key=plain, no.=64, <checksum>:
0x5FACDBE99279292489F562A570FDFC0
key=plain, no.=64, cso file:
/dev/null
----------------------------------------------
real command=cset shield -e /home/nrink/Projects/build/encode/encode/tests/ptrarith/ptrarith.perf.plain --  --cso /dev/null
key=plain, no.=65, <stderr>:
LENGTH=800
elapsed cycles: 76788
hi(checksum)=0x05FACDBE99279292
lo(checksum)=0x489F562A570FDFC0
key=plain, no.=65, <checksum>:
0x5FACDBE99279292489F562A570FDFC0
key=plain, no.=65, cso file:
/dev/null
----------------------------------------------
real command=cset shield -e /home/nrink/Projects/build/encode/encode/tests/ptrarith/ptrarith.perf.plain --  --cso /dev/null
key=plain, no.=66, <stderr>:
LENGTH=800
elapsed cycles: 76755
hi(checksum)=0x05FACDBE99279292
lo(checksum)=0x489F562A570FDFC0
key=plain, no.=66, <checksum>:
0x5FACDBE99279292489F562A570FDFC0
key=plain, no.=66, cso file:
/dev/null
----------------------------------------------
real command=cset shield -e /home/nrink/Projects/build/encode/encode/tests/ptrarith/ptrarith.perf.plain --  --cso /dev/null
key=plain, no.=67, <stderr>:
LENGTH=800
elapsed cycles: 76830
hi(checksum)=0x05FACDBE99279292
lo(checksum)=0x489F562A570FDFC0
key=plain, no.=67, <checksum>:
0x5FACDBE99279292489F562A570FDFC0
key=plain, no.=67, cso file:
/dev/null
----------------------------------------------
real command=cset shield -e /home/nrink/Projects/build/encode/encode/tests/ptrarith/ptrarith.perf.plain --  --cso /dev/null
key=plain, no.=68, <stderr>:
LENGTH=800
elapsed cycles: 77019
hi(checksum)=0x05FACDBE99279292
lo(checksum)=0x489F562A570FDFC0
key=plain, no.=68, <checksum>:
0x5FACDBE99279292489F562A570FDFC0
key=plain, no.=68, cso file:
/dev/null
----------------------------------------------
real command=cset shield -e /home/nrink/Projects/build/encode/encode/tests/ptrarith/ptrarith.perf.plain --  --cso /dev/null
key=plain, no.=69, <stderr>:
LENGTH=800
elapsed cycles: 76890
hi(checksum)=0x05FACDBE99279292
lo(checksum)=0x489F562A570FDFC0
key=plain, no.=69, <checksum>:
0x5FACDBE99279292489F562A570FDFC0
key=plain, no.=69, cso file:
/dev/null
----------------------------------------------
real command=cset shield -e /home/nrink/Projects/build/encode/encode/tests/ptrarith/ptrarith.perf.plain --  --cso /dev/null
key=plain, no.=70, <stderr>:
LENGTH=800
elapsed cycles: 76923
hi(checksum)=0x05FACDBE99279292
lo(checksum)=0x489F562A570FDFC0
key=plain, no.=70, <checksum>:
0x5FACDBE99279292489F562A570FDFC0
key=plain, no.=70, cso file:
/dev/null
----------------------------------------------
real command=cset shield -e /home/nrink/Projects/build/encode/encode/tests/ptrarith/ptrarith.perf.plain --  --cso /dev/null
key=plain, no.=71, <stderr>:
LENGTH=800
elapsed cycles: 76890
hi(checksum)=0x05FACDBE99279292
lo(checksum)=0x489F562A570FDFC0
key=plain, no.=71, <checksum>:
0x5FACDBE99279292489F562A570FDFC0
key=plain, no.=71, cso file:
/dev/null
----------------------------------------------
real command=cset shield -e /home/nrink/Projects/build/encode/encode/tests/ptrarith/ptrarith.perf.plain --  --cso /dev/null
key=plain, no.=72, <stderr>:
LENGTH=800
elapsed cycles: 77043
hi(checksum)=0x05FACDBE99279292
lo(checksum)=0x489F562A570FDFC0
key=plain, no.=72, <checksum>:
0x5FACDBE99279292489F562A570FDFC0
key=plain, no.=72, cso file:
/dev/null
----------------------------------------------
real command=cset shield -e /home/nrink/Projects/build/encode/encode/tests/ptrarith/ptrarith.perf.plain --  --cso /dev/null
key=plain, no.=73, <stderr>:
LENGTH=800
elapsed cycles: 76860
hi(checksum)=0x05FACDBE99279292
lo(checksum)=0x489F562A570FDFC0
key=plain, no.=73, <checksum>:
0x5FACDBE99279292489F562A570FDFC0
key=plain, no.=73, cso file:
/dev/null
----------------------------------------------
real command=cset shield -e /home/nrink/Projects/build/encode/encode/tests/ptrarith/ptrarith.perf.plain --  --cso /dev/null
key=plain, no.=74, <stderr>:
LENGTH=800
elapsed cycles: 76737
hi(checksum)=0x05FACDBE99279292
lo(checksum)=0x489F562A570FDFC0
key=plain, no.=74, <checksum>:
0x5FACDBE99279292489F562A570FDFC0
key=plain, no.=74, cso file:
/dev/null
----------------------------------------------
real command=cset shield -e /home/nrink/Projects/build/encode/encode/tests/ptrarith/ptrarith.perf.plain --  --cso /dev/null
key=plain, no.=75, <stderr>:
LENGTH=800
elapsed cycles: 77019
hi(checksum)=0x05FACDBE99279292
lo(checksum)=0x489F562A570FDFC0
key=plain, no.=75, <checksum>:
0x5FACDBE99279292489F562A570FDFC0
key=plain, no.=75, cso file:
/dev/null
----------------------------------------------
real command=cset shield -e /home/nrink/Projects/build/encode/encode/tests/ptrarith/ptrarith.perf.plain --  --cso /dev/null
key=plain, no.=76, <stderr>:
LENGTH=800
elapsed cycles: 77031
hi(checksum)=0x05FACDBE99279292
lo(checksum)=0x489F562A570FDFC0
key=plain, no.=76, <checksum>:
0x5FACDBE99279292489F562A570FDFC0
key=plain, no.=76, cso file:
/dev/null
----------------------------------------------
real command=cset shield -e /home/nrink/Projects/build/encode/encode/tests/ptrarith/ptrarith.perf.plain --  --cso /dev/null
key=plain, no.=77, <stderr>:
LENGTH=800
elapsed cycles: 77604
hi(checksum)=0x05FACDBE99279292
lo(checksum)=0x489F562A570FDFC0
key=plain, no.=77, <checksum>:
0x5FACDBE99279292489F562A570FDFC0
key=plain, no.=77, cso file:
/dev/null
----------------------------------------------
real command=cset shield -e /home/nrink/Projects/build/encode/encode/tests/ptrarith/ptrarith.perf.plain --  --cso /dev/null
key=plain, no.=78, <stderr>:
LENGTH=800
elapsed cycles: 76773
hi(checksum)=0x05FACDBE99279292
lo(checksum)=0x489F562A570FDFC0
key=plain, no.=78, <checksum>:
0x5FACDBE99279292489F562A570FDFC0
key=plain, no.=78, cso file:
/dev/null
----------------------------------------------
real command=cset shield -e /home/nrink/Projects/build/encode/encode/tests/ptrarith/ptrarith.perf.plain --  --cso /dev/null
key=plain, no.=79, <stderr>:
LENGTH=800
elapsed cycles: 78588
hi(checksum)=0x05FACDBE99279292
lo(checksum)=0x489F562A570FDFC0
key=plain, no.=79, <checksum>:
0x5FACDBE99279292489F562A570FDFC0
key=plain, no.=79, cso file:
/dev/null
----------------------------------------------
real command=cset shield -e /home/nrink/Projects/build/encode/encode/tests/ptrarith/ptrarith.perf.plain --  --cso /dev/null
key=plain, no.=80, <stderr>:
LENGTH=800
elapsed cycles: 77736
hi(checksum)=0x05FACDBE99279292
lo(checksum)=0x489F562A570FDFC0
key=plain, no.=80, <checksum>:
0x5FACDBE99279292489F562A570FDFC0
key=plain, no.=80, cso file:
/dev/null
----------------------------------------------
real command=cset shield -e /home/nrink/Projects/build/encode/encode/tests/ptrarith/ptrarith.perf.plain --  --cso /dev/null
key=plain, no.=81, <stderr>:
LENGTH=800
elapsed cycles: 76761
hi(checksum)=0x05FACDBE99279292
lo(checksum)=0x489F562A570FDFC0
key=plain, no.=81, <checksum>:
0x5FACDBE99279292489F562A570FDFC0
key=plain, no.=81, cso file:
/dev/null
----------------------------------------------
real command=cset shield -e /home/nrink/Projects/build/encode/encode/tests/ptrarith/ptrarith.perf.plain --  --cso /dev/null
key=plain, no.=82, <stderr>:
LENGTH=800
elapsed cycles: 76746
hi(checksum)=0x05FACDBE99279292
lo(checksum)=0x489F562A570FDFC0
key=plain, no.=82, <checksum>:
0x5FACDBE99279292489F562A570FDFC0
key=plain, no.=82, cso file:
/dev/null
----------------------------------------------
real command=cset shield -e /home/nrink/Projects/build/encode/encode/tests/ptrarith/ptrarith.perf.plain --  --cso /dev/null
key=plain, no.=83, <stderr>:
LENGTH=800
elapsed cycles: 76839
hi(checksum)=0x05FACDBE99279292
lo(checksum)=0x489F562A570FDFC0
key=plain, no.=83, <checksum>:
0x5FACDBE99279292489F562A570FDFC0
key=plain, no.=83, cso file:
/dev/null
----------------------------------------------
real command=cset shield -e /home/nrink/Projects/build/encode/encode/tests/ptrarith/ptrarith.perf.plain --  --cso /dev/null
key=plain, no.=84, <stderr>:
LENGTH=800
elapsed cycles: 76737
hi(checksum)=0x05FACDBE99279292
lo(checksum)=0x489F562A570FDFC0
key=plain, no.=84, <checksum>:
0x5FACDBE99279292489F562A570FDFC0
key=plain, no.=84, cso file:
/dev/null
----------------------------------------------
real command=cset shield -e /home/nrink/Projects/build/encode/encode/tests/ptrarith/ptrarith.perf.plain --  --cso /dev/null
key=plain, no.=85, <stderr>:
LENGTH=800
elapsed cycles: 77178
hi(checksum)=0x05FACDBE99279292
lo(checksum)=0x489F562A570FDFC0
key=plain, no.=85, <checksum>:
0x5FACDBE99279292489F562A570FDFC0
key=plain, no.=85, cso file:
/dev/null
----------------------------------------------
real command=cset shield -e /home/nrink/Projects/build/encode/encode/tests/ptrarith/ptrarith.perf.plain --  --cso /dev/null
key=plain, no.=86, <stderr>:
LENGTH=800
elapsed cycles: 80565
hi(checksum)=0x05FACDBE99279292
lo(checksum)=0x489F562A570FDFC0
key=plain, no.=86, <checksum>:
0x5FACDBE99279292489F562A570FDFC0
key=plain, no.=86, cso file:
/dev/null
----------------------------------------------
real command=cset shield -e /home/nrink/Projects/build/encode/encode/tests/ptrarith/ptrarith.perf.plain --  --cso /dev/null
key=plain, no.=87, <stderr>:
LENGTH=800
elapsed cycles: 77013
hi(checksum)=0x05FACDBE99279292
lo(checksum)=0x489F562A570FDFC0
key=plain, no.=87, <checksum>:
0x5FACDBE99279292489F562A570FDFC0
key=plain, no.=87, cso file:
/dev/null
----------------------------------------------
real command=cset shield -e /home/nrink/Projects/build/encode/encode/tests/ptrarith/ptrarith.perf.plain --  --cso /dev/null
key=plain, no.=88, <stderr>:
LENGTH=800
elapsed cycles: 76935
hi(checksum)=0x05FACDBE99279292
lo(checksum)=0x489F562A570FDFC0
key=plain, no.=88, <checksum>:
0x5FACDBE99279292489F562A570FDFC0
key=plain, no.=88, cso file:
/dev/null
----------------------------------------------
real command=cset shield -e /home/nrink/Projects/build/encode/encode/tests/ptrarith/ptrarith.perf.plain --  --cso /dev/null
key=plain, no.=89, <stderr>:
LENGTH=800
elapsed cycles: 76860
hi(checksum)=0x05FACDBE99279292
lo(checksum)=0x489F562A570FDFC0
key=plain, no.=89, <checksum>:
0x5FACDBE99279292489F562A570FDFC0
key=plain, no.=89, cso file:
/dev/null
----------------------------------------------
real command=cset shield -e /home/nrink/Projects/build/encode/encode/tests/ptrarith/ptrarith.perf.plain --  --cso /dev/null
key=plain, no.=90, <stderr>:
LENGTH=800
elapsed cycles: 77250
hi(checksum)=0x05FACDBE99279292
lo(checksum)=0x489F562A570FDFC0
key=plain, no.=90, <checksum>:
0x5FACDBE99279292489F562A570FDFC0
key=plain, no.=90, cso file:
/dev/null
----------------------------------------------
real command=cset shield -e /home/nrink/Projects/build/encode/encode/tests/ptrarith/ptrarith.perf.plain --  --cso /dev/null
key=plain, no.=91, <stderr>:
LENGTH=800
elapsed cycles: 77061
hi(checksum)=0x05FACDBE99279292
lo(checksum)=0x489F562A570FDFC0
key=plain, no.=91, <checksum>:
0x5FACDBE99279292489F562A570FDFC0
key=plain, no.=91, cso file:
/dev/null
----------------------------------------------
real command=cset shield -e /home/nrink/Projects/build/encode/encode/tests/ptrarith/ptrarith.perf.plain --  --cso /dev/null
key=plain, no.=92, <stderr>:
LENGTH=800
elapsed cycles: 76860
hi(checksum)=0x05FACDBE99279292
lo(checksum)=0x489F562A570FDFC0
key=plain, no.=92, <checksum>:
0x5FACDBE99279292489F562A570FDFC0
key=plain, no.=92, cso file:
/dev/null
----------------------------------------------
real command=cset shield -e /home/nrink/Projects/build/encode/encode/tests/ptrarith/ptrarith.perf.plain --  --cso /dev/null
key=plain, no.=93, <stderr>:
LENGTH=800
elapsed cycles: 78612
hi(checksum)=0x05FACDBE99279292
lo(checksum)=0x489F562A570FDFC0
key=plain, no.=93, <checksum>:
0x5FACDBE99279292489F562A570FDFC0
key=plain, no.=93, cso file:
/dev/null
----------------------------------------------
real command=cset shield -e /home/nrink/Projects/build/encode/encode/tests/ptrarith/ptrarith.perf.plain --  --cso /dev/null
key=plain, no.=94, <stderr>:
LENGTH=800
elapsed cycles: 78558
hi(checksum)=0x05FACDBE99279292
lo(checksum)=0x489F562A570FDFC0
key=plain, no.=94, <checksum>:
0x5FACDBE99279292489F562A570FDFC0
key=plain, no.=94, cso file:
/dev/null
----------------------------------------------
real command=cset shield -e /home/nrink/Projects/build/encode/encode/tests/ptrarith/ptrarith.perf.plain --  --cso /dev/null
key=plain, no.=95, <stderr>:
LENGTH=800
elapsed cycles: 76821
hi(checksum)=0x05FACDBE99279292
lo(checksum)=0x489F562A570FDFC0
key=plain, no.=95, <checksum>:
0x5FACDBE99279292489F562A570FDFC0
key=plain, no.=95, cso file:
/dev/null
----------------------------------------------
real command=cset shield -e /home/nrink/Projects/build/encode/encode/tests/ptrarith/ptrarith.perf.plain --  --cso /dev/null
key=plain, no.=96, <stderr>:
LENGTH=800
elapsed cycles: 76806
hi(checksum)=0x05FACDBE99279292
lo(checksum)=0x489F562A570FDFC0
key=plain, no.=96, <checksum>:
0x5FACDBE99279292489F562A570FDFC0
key=plain, no.=96, cso file:
/dev/null
----------------------------------------------
real command=cset shield -e /home/nrink/Projects/build/encode/encode/tests/ptrarith/ptrarith.perf.plain --  --cso /dev/null
key=plain, no.=97, <stderr>:
LENGTH=800
elapsed cycles: 76929
hi(checksum)=0x05FACDBE99279292
lo(checksum)=0x489F562A570FDFC0
key=plain, no.=97, <checksum>:
0x5FACDBE99279292489F562A570FDFC0
key=plain, no.=97, cso file:
/dev/null
----------------------------------------------
real command=cset shield -e /home/nrink/Projects/build/encode/encode/tests/ptrarith/ptrarith.perf.plain --  --cso /dev/null
key=plain, no.=98, <stderr>:
LENGTH=800
elapsed cycles: 76893
hi(checksum)=0x05FACDBE99279292
lo(checksum)=0x489F562A570FDFC0
key=plain, no.=98, <checksum>:
0x5FACDBE99279292489F562A570FDFC0
key=plain, no.=98, cso file:
/dev/null
----------------------------------------------
real command=cset shield -e /home/nrink/Projects/build/encode/encode/tests/ptrarith/ptrarith.perf.plain --  --cso /dev/null
key=plain, no.=99, <stderr>:
LENGTH=800
elapsed cycles: 76857
hi(checksum)=0x05FACDBE99279292
lo(checksum)=0x489F562A570FDFC0
key=plain, no.=99, <checksum>:
0x5FACDBE99279292489F562A570FDFC0
key=plain, no.=99, cso file:
/dev/null
----------------------------------------------
key=encoded, runs=100 ...
command=/home/nrink/Projects/build/encode/encode/tests/ptrarith/ptrarith.perf.encoded
----------------------------------------------
real command=cset shield -e /home/nrink/Projects/build/encode/encode/tests/ptrarith/ptrarith.perf.encoded --  --cso /dev/null
key=encoded, no.=0, <stderr>:
LENGTH=800
elapsed cycles: 914412
hi(checksum)=0x05FACDBE99279292
lo(checksum)=0x489F562A570FDFC0
key=encoded, no.=0, <checksum>:
0x5FACDBE99279292489F562A570FDFC0
key=encoded, no.=0, cso file:
/dev/null
----------------------------------------------
real command=cset shield -e /home/nrink/Projects/build/encode/encode/tests/ptrarith/ptrarith.perf.encoded --  --cso /dev/null
key=encoded, no.=1, <stderr>:
LENGTH=800
elapsed cycles: 913341
hi(checksum)=0x05FACDBE99279292
lo(checksum)=0x489F562A570FDFC0
key=encoded, no.=1, <checksum>:
0x5FACDBE99279292489F562A570FDFC0
key=encoded, no.=1, cso file:
/dev/null
----------------------------------------------
real command=cset shield -e /home/nrink/Projects/build/encode/encode/tests/ptrarith/ptrarith.perf.encoded --  --cso /dev/null
key=encoded, no.=2, <stderr>:
LENGTH=800
elapsed cycles: 915756
hi(checksum)=0x05FACDBE99279292
lo(checksum)=0x489F562A570FDFC0
key=encoded, no.=2, <checksum>:
0x5FACDBE99279292489F562A570FDFC0
key=encoded, no.=2, cso file:
/dev/null
----------------------------------------------
real command=cset shield -e /home/nrink/Projects/build/encode/encode/tests/ptrarith/ptrarith.perf.encoded --  --cso /dev/null
key=encoded, no.=3, <stderr>:
LENGTH=800
elapsed cycles: 914883
hi(checksum)=0x05FACDBE99279292
lo(checksum)=0x489F562A570FDFC0
key=encoded, no.=3, <checksum>:
0x5FACDBE99279292489F562A570FDFC0
key=encoded, no.=3, cso file:
/dev/null
----------------------------------------------
real command=cset shield -e /home/nrink/Projects/build/encode/encode/tests/ptrarith/ptrarith.perf.encoded --  --cso /dev/null
key=encoded, no.=4, <stderr>:
LENGTH=800
elapsed cycles: 913050
hi(checksum)=0x05FACDBE99279292
lo(checksum)=0x489F562A570FDFC0
key=encoded, no.=4, <checksum>:
0x5FACDBE99279292489F562A570FDFC0
key=encoded, no.=4, cso file:
/dev/null
----------------------------------------------
real command=cset shield -e /home/nrink/Projects/build/encode/encode/tests/ptrarith/ptrarith.perf.encoded --  --cso /dev/null
key=encoded, no.=5, <stderr>:
LENGTH=800
elapsed cycles: 914478
hi(checksum)=0x05FACDBE99279292
lo(checksum)=0x489F562A570FDFC0
key=encoded, no.=5, <checksum>:
0x5FACDBE99279292489F562A570FDFC0
key=encoded, no.=5, cso file:
/dev/null
----------------------------------------------
real command=cset shield -e /home/nrink/Projects/build/encode/encode/tests/ptrarith/ptrarith.perf.encoded --  --cso /dev/null
key=encoded, no.=6, <stderr>:
LENGTH=800
elapsed cycles: 913965
hi(checksum)=0x05FACDBE99279292
lo(checksum)=0x489F562A570FDFC0
key=encoded, no.=6, <checksum>:
0x5FACDBE99279292489F562A570FDFC0
key=encoded, no.=6, cso file:
/dev/null
----------------------------------------------
real command=cset shield -e /home/nrink/Projects/build/encode/encode/tests/ptrarith/ptrarith.perf.encoded --  --cso /dev/null
key=encoded, no.=7, <stderr>:
LENGTH=800
elapsed cycles: 946194
hi(checksum)=0x05FACDBE99279292
lo(checksum)=0x489F562A570FDFC0
key=encoded, no.=7, <checksum>:
0x5FACDBE99279292489F562A570FDFC0
key=encoded, no.=7, cso file:
/dev/null
----------------------------------------------
real command=cset shield -e /home/nrink/Projects/build/encode/encode/tests/ptrarith/ptrarith.perf.encoded --  --cso /dev/null
key=encoded, no.=8, <stderr>:
LENGTH=800
elapsed cycles: 913083
hi(checksum)=0x05FACDBE99279292
lo(checksum)=0x489F562A570FDFC0
key=encoded, no.=8, <checksum>:
0x5FACDBE99279292489F562A570FDFC0
key=encoded, no.=8, cso file:
/dev/null
----------------------------------------------
real command=cset shield -e /home/nrink/Projects/build/encode/encode/tests/ptrarith/ptrarith.perf.encoded --  --cso /dev/null
key=encoded, no.=9, <stderr>:
LENGTH=800
elapsed cycles: 951084
hi(checksum)=0x05FACDBE99279292
lo(checksum)=0x489F562A570FDFC0
key=encoded, no.=9, <checksum>:
0x5FACDBE99279292489F562A570FDFC0
key=encoded, no.=9, cso file:
/dev/null
----------------------------------------------
real command=cset shield -e /home/nrink/Projects/build/encode/encode/tests/ptrarith/ptrarith.perf.encoded --  --cso /dev/null
key=encoded, no.=10, <stderr>:
LENGTH=800
elapsed cycles: 916179
hi(checksum)=0x05FACDBE99279292
lo(checksum)=0x489F562A570FDFC0
key=encoded, no.=10, <checksum>:
0x5FACDBE99279292489F562A570FDFC0
key=encoded, no.=10, cso file:
/dev/null
----------------------------------------------
real command=cset shield -e /home/nrink/Projects/build/encode/encode/tests/ptrarith/ptrarith.perf.encoded --  --cso /dev/null
key=encoded, no.=11, <stderr>:
LENGTH=800
elapsed cycles: 915825
hi(checksum)=0x05FACDBE99279292
lo(checksum)=0x489F562A570FDFC0
key=encoded, no.=11, <checksum>:
0x5FACDBE99279292489F562A570FDFC0
key=encoded, no.=11, cso file:
/dev/null
----------------------------------------------
real command=cset shield -e /home/nrink/Projects/build/encode/encode/tests/ptrarith/ptrarith.perf.encoded --  --cso /dev/null
key=encoded, no.=12, <stderr>:
LENGTH=800
elapsed cycles: 914064
hi(checksum)=0x05FACDBE99279292
lo(checksum)=0x489F562A570FDFC0
key=encoded, no.=12, <checksum>:
0x5FACDBE99279292489F562A570FDFC0
key=encoded, no.=12, cso file:
/dev/null
----------------------------------------------
real command=cset shield -e /home/nrink/Projects/build/encode/encode/tests/ptrarith/ptrarith.perf.encoded --  --cso /dev/null
key=encoded, no.=13, <stderr>:
LENGTH=800
elapsed cycles: 915663
hi(checksum)=0x05FACDBE99279292
lo(checksum)=0x489F562A570FDFC0
key=encoded, no.=13, <checksum>:
0x5FACDBE99279292489F562A570FDFC0
key=encoded, no.=13, cso file:
/dev/null
----------------------------------------------
real command=cset shield -e /home/nrink/Projects/build/encode/encode/tests/ptrarith/ptrarith.perf.encoded --  --cso /dev/null
key=encoded, no.=14, <stderr>:
LENGTH=800
elapsed cycles: 953997
hi(checksum)=0x05FACDBE99279292
lo(checksum)=0x489F562A570FDFC0
key=encoded, no.=14, <checksum>:
0x5FACDBE99279292489F562A570FDFC0
key=encoded, no.=14, cso file:
/dev/null
----------------------------------------------
real command=cset shield -e /home/nrink/Projects/build/encode/encode/tests/ptrarith/ptrarith.perf.encoded --  --cso /dev/null
key=encoded, no.=15, <stderr>:
LENGTH=800
elapsed cycles: 919020
hi(checksum)=0x05FACDBE99279292
lo(checksum)=0x489F562A570FDFC0
key=encoded, no.=15, <checksum>:
0x5FACDBE99279292489F562A570FDFC0
key=encoded, no.=15, cso file:
/dev/null
----------------------------------------------
real command=cset shield -e /home/nrink/Projects/build/encode/encode/tests/ptrarith/ptrarith.perf.encoded --  --cso /dev/null
key=encoded, no.=16, <stderr>:
LENGTH=800
elapsed cycles: 914607
hi(checksum)=0x05FACDBE99279292
lo(checksum)=0x489F562A570FDFC0
key=encoded, no.=16, <checksum>:
0x5FACDBE99279292489F562A570FDFC0
key=encoded, no.=16, cso file:
/dev/null
----------------------------------------------
real command=cset shield -e /home/nrink/Projects/build/encode/encode/tests/ptrarith/ptrarith.perf.encoded --  --cso /dev/null
key=encoded, no.=17, <stderr>:
LENGTH=800
elapsed cycles: 918048
hi(checksum)=0x05FACDBE99279292
lo(checksum)=0x489F562A570FDFC0
key=encoded, no.=17, <checksum>:
0x5FACDBE99279292489F562A570FDFC0
key=encoded, no.=17, cso file:
/dev/null
----------------------------------------------
real command=cset shield -e /home/nrink/Projects/build/encode/encode/tests/ptrarith/ptrarith.perf.encoded --  --cso /dev/null
key=encoded, no.=18, <stderr>:
LENGTH=800
elapsed cycles: 913215
hi(checksum)=0x05FACDBE99279292
lo(checksum)=0x489F562A570FDFC0
key=encoded, no.=18, <checksum>:
0x5FACDBE99279292489F562A570FDFC0
key=encoded, no.=18, cso file:
/dev/null
----------------------------------------------
real command=cset shield -e /home/nrink/Projects/build/encode/encode/tests/ptrarith/ptrarith.perf.encoded --  --cso /dev/null
key=encoded, no.=19, <stderr>:
LENGTH=800
elapsed cycles: 913695
hi(checksum)=0x05FACDBE99279292
lo(checksum)=0x489F562A570FDFC0
key=encoded, no.=19, <checksum>:
0x5FACDBE99279292489F562A570FDFC0
key=encoded, no.=19, cso file:
/dev/null
----------------------------------------------
real command=cset shield -e /home/nrink/Projects/build/encode/encode/tests/ptrarith/ptrarith.perf.encoded --  --cso /dev/null
key=encoded, no.=20, <stderr>:
LENGTH=800
elapsed cycles: 914361
hi(checksum)=0x05FACDBE99279292
lo(checksum)=0x489F562A570FDFC0
key=encoded, no.=20, <checksum>:
0x5FACDBE99279292489F562A570FDFC0
key=encoded, no.=20, cso file:
/dev/null
----------------------------------------------
real command=cset shield -e /home/nrink/Projects/build/encode/encode/tests/ptrarith/ptrarith.perf.encoded --  --cso /dev/null
key=encoded, no.=21, <stderr>:
LENGTH=800
elapsed cycles: 913647
hi(checksum)=0x05FACDBE99279292
lo(checksum)=0x489F562A570FDFC0
key=encoded, no.=21, <checksum>:
0x5FACDBE99279292489F562A570FDFC0
key=encoded, no.=21, cso file:
/dev/null
----------------------------------------------
real command=cset shield -e /home/nrink/Projects/build/encode/encode/tests/ptrarith/ptrarith.perf.encoded --  --cso /dev/null
key=encoded, no.=22, <stderr>:
LENGTH=800
elapsed cycles: 912618
hi(checksum)=0x05FACDBE99279292
lo(checksum)=0x489F562A570FDFC0
key=encoded, no.=22, <checksum>:
0x5FACDBE99279292489F562A570FDFC0
key=encoded, no.=22, cso file:
/dev/null
----------------------------------------------
real command=cset shield -e /home/nrink/Projects/build/encode/encode/tests/ptrarith/ptrarith.perf.encoded --  --cso /dev/null
key=encoded, no.=23, <stderr>:
LENGTH=800
elapsed cycles: 913419
hi(checksum)=0x05FACDBE99279292
lo(checksum)=0x489F562A570FDFC0
key=encoded, no.=23, <checksum>:
0x5FACDBE99279292489F562A570FDFC0
key=encoded, no.=23, cso file:
/dev/null
----------------------------------------------
real command=cset shield -e /home/nrink/Projects/build/encode/encode/tests/ptrarith/ptrarith.perf.encoded --  --cso /dev/null
key=encoded, no.=24, <stderr>:
LENGTH=800
elapsed cycles: 913035
hi(checksum)=0x05FACDBE99279292
lo(checksum)=0x489F562A570FDFC0
key=encoded, no.=24, <checksum>:
0x5FACDBE99279292489F562A570FDFC0
key=encoded, no.=24, cso file:
/dev/null
----------------------------------------------
real command=cset shield -e /home/nrink/Projects/build/encode/encode/tests/ptrarith/ptrarith.perf.encoded --  --cso /dev/null
key=encoded, no.=25, <stderr>:
LENGTH=800
elapsed cycles: 913407
hi(checksum)=0x05FACDBE99279292
lo(checksum)=0x489F562A570FDFC0
key=encoded, no.=25, <checksum>:
0x5FACDBE99279292489F562A570FDFC0
key=encoded, no.=25, cso file:
/dev/null
----------------------------------------------
real command=cset shield -e /home/nrink/Projects/build/encode/encode/tests/ptrarith/ptrarith.perf.encoded --  --cso /dev/null
key=encoded, no.=26, <stderr>:
LENGTH=800
elapsed cycles: 913617
hi(checksum)=0x05FACDBE99279292
lo(checksum)=0x489F562A570FDFC0
key=encoded, no.=26, <checksum>:
0x5FACDBE99279292489F562A570FDFC0
key=encoded, no.=26, cso file:
/dev/null
----------------------------------------------
real command=cset shield -e /home/nrink/Projects/build/encode/encode/tests/ptrarith/ptrarith.perf.encoded --  --cso /dev/null
key=encoded, no.=27, <stderr>:
LENGTH=800
elapsed cycles: 912933
hi(checksum)=0x05FACDBE99279292
lo(checksum)=0x489F562A570FDFC0
key=encoded, no.=27, <checksum>:
0x5FACDBE99279292489F562A570FDFC0
key=encoded, no.=27, cso file:
/dev/null
----------------------------------------------
real command=cset shield -e /home/nrink/Projects/build/encode/encode/tests/ptrarith/ptrarith.perf.encoded --  --cso /dev/null
key=encoded, no.=28, <stderr>:
LENGTH=800
elapsed cycles: 914961
hi(checksum)=0x05FACDBE99279292
lo(checksum)=0x489F562A570FDFC0
key=encoded, no.=28, <checksum>:
0x5FACDBE99279292489F562A570FDFC0
key=encoded, no.=28, cso file:
/dev/null
----------------------------------------------
real command=cset shield -e /home/nrink/Projects/build/encode/encode/tests/ptrarith/ptrarith.perf.encoded --  --cso /dev/null
key=encoded, no.=29, <stderr>:
LENGTH=800
elapsed cycles: 913485
hi(checksum)=0x05FACDBE99279292
lo(checksum)=0x489F562A570FDFC0
key=encoded, no.=29, <checksum>:
0x5FACDBE99279292489F562A570FDFC0
key=encoded, no.=29, cso file:
/dev/null
----------------------------------------------
real command=cset shield -e /home/nrink/Projects/build/encode/encode/tests/ptrarith/ptrarith.perf.encoded --  --cso /dev/null
key=encoded, no.=30, <stderr>:
LENGTH=800
elapsed cycles: 992067
hi(checksum)=0x05FACDBE99279292
lo(checksum)=0x489F562A570FDFC0
key=encoded, no.=30, <checksum>:
0x5FACDBE99279292489F562A570FDFC0
key=encoded, no.=30, cso file:
/dev/null
----------------------------------------------
real command=cset shield -e /home/nrink/Projects/build/encode/encode/tests/ptrarith/ptrarith.perf.encoded --  --cso /dev/null
key=encoded, no.=31, <stderr>:
LENGTH=800
elapsed cycles: 945741
hi(checksum)=0x05FACDBE99279292
lo(checksum)=0x489F562A570FDFC0
key=encoded, no.=31, <checksum>:
0x5FACDBE99279292489F562A570FDFC0
key=encoded, no.=31, cso file:
/dev/null
----------------------------------------------
real command=cset shield -e /home/nrink/Projects/build/encode/encode/tests/ptrarith/ptrarith.perf.encoded --  --cso /dev/null
key=encoded, no.=32, <stderr>:
LENGTH=800
elapsed cycles: 912885
hi(checksum)=0x05FACDBE99279292
lo(checksum)=0x489F562A570FDFC0
key=encoded, no.=32, <checksum>:
0x5FACDBE99279292489F562A570FDFC0
key=encoded, no.=32, cso file:
/dev/null
----------------------------------------------
real command=cset shield -e /home/nrink/Projects/build/encode/encode/tests/ptrarith/ptrarith.perf.encoded --  --cso /dev/null
key=encoded, no.=33, <stderr>:
LENGTH=800
elapsed cycles: 913188
hi(checksum)=0x05FACDBE99279292
lo(checksum)=0x489F562A570FDFC0
key=encoded, no.=33, <checksum>:
0x5FACDBE99279292489F562A570FDFC0
key=encoded, no.=33, cso file:
/dev/null
----------------------------------------------
real command=cset shield -e /home/nrink/Projects/build/encode/encode/tests/ptrarith/ptrarith.perf.encoded --  --cso /dev/null
key=encoded, no.=34, <stderr>:
LENGTH=800
elapsed cycles: 912762
hi(checksum)=0x05FACDBE99279292
lo(checksum)=0x489F562A570FDFC0
key=encoded, no.=34, <checksum>:
0x5FACDBE99279292489F562A570FDFC0
key=encoded, no.=34, cso file:
/dev/null
----------------------------------------------
real command=cset shield -e /home/nrink/Projects/build/encode/encode/tests/ptrarith/ptrarith.perf.encoded --  --cso /dev/null
key=encoded, no.=35, <stderr>:
LENGTH=800
elapsed cycles: 990555
hi(checksum)=0x05FACDBE99279292
lo(checksum)=0x489F562A570FDFC0
key=encoded, no.=35, <checksum>:
0x5FACDBE99279292489F562A570FDFC0
key=encoded, no.=35, cso file:
/dev/null
----------------------------------------------
real command=cset shield -e /home/nrink/Projects/build/encode/encode/tests/ptrarith/ptrarith.perf.encoded --  --cso /dev/null
key=encoded, no.=36, <stderr>:
LENGTH=800
elapsed cycles: 913656
hi(checksum)=0x05FACDBE99279292
lo(checksum)=0x489F562A570FDFC0
key=encoded, no.=36, <checksum>:
0x5FACDBE99279292489F562A570FDFC0
key=encoded, no.=36, cso file:
/dev/null
----------------------------------------------
real command=cset shield -e /home/nrink/Projects/build/encode/encode/tests/ptrarith/ptrarith.perf.encoded --  --cso /dev/null
key=encoded, no.=37, <stderr>:
LENGTH=800
elapsed cycles: 912702
hi(checksum)=0x05FACDBE99279292
lo(checksum)=0x489F562A570FDFC0
key=encoded, no.=37, <checksum>:
0x5FACDBE99279292489F562A570FDFC0
key=encoded, no.=37, cso file:
/dev/null
----------------------------------------------
real command=cset shield -e /home/nrink/Projects/build/encode/encode/tests/ptrarith/ptrarith.perf.encoded --  --cso /dev/null
key=encoded, no.=38, <stderr>:
LENGTH=800
elapsed cycles: 913509
hi(checksum)=0x05FACDBE99279292
lo(checksum)=0x489F562A570FDFC0
key=encoded, no.=38, <checksum>:
0x5FACDBE99279292489F562A570FDFC0
key=encoded, no.=38, cso file:
/dev/null
----------------------------------------------
real command=cset shield -e /home/nrink/Projects/build/encode/encode/tests/ptrarith/ptrarith.perf.encoded --  --cso /dev/null
key=encoded, no.=39, <stderr>:
LENGTH=800
elapsed cycles: 913107
hi(checksum)=0x05FACDBE99279292
lo(checksum)=0x489F562A570FDFC0
key=encoded, no.=39, <checksum>:
0x5FACDBE99279292489F562A570FDFC0
key=encoded, no.=39, cso file:
/dev/null
----------------------------------------------
real command=cset shield -e /home/nrink/Projects/build/encode/encode/tests/ptrarith/ptrarith.perf.encoded --  --cso /dev/null
key=encoded, no.=40, <stderr>:
LENGTH=800
elapsed cycles: 913689
hi(checksum)=0x05FACDBE99279292
lo(checksum)=0x489F562A570FDFC0
key=encoded, no.=40, <checksum>:
0x5FACDBE99279292489F562A570FDFC0
key=encoded, no.=40, cso file:
/dev/null
----------------------------------------------
real command=cset shield -e /home/nrink/Projects/build/encode/encode/tests/ptrarith/ptrarith.perf.encoded --  --cso /dev/null
key=encoded, no.=41, <stderr>:
LENGTH=800
elapsed cycles: 946509
hi(checksum)=0x05FACDBE99279292
lo(checksum)=0x489F562A570FDFC0
key=encoded, no.=41, <checksum>:
0x5FACDBE99279292489F562A570FDFC0
key=encoded, no.=41, cso file:
/dev/null
----------------------------------------------
real command=cset shield -e /home/nrink/Projects/build/encode/encode/tests/ptrarith/ptrarith.perf.encoded --  --cso /dev/null
key=encoded, no.=42, <stderr>:
LENGTH=800
elapsed cycles: 913020
hi(checksum)=0x05FACDBE99279292
lo(checksum)=0x489F562A570FDFC0
key=encoded, no.=42, <checksum>:
0x5FACDBE99279292489F562A570FDFC0
key=encoded, no.=42, cso file:
/dev/null
----------------------------------------------
real command=cset shield -e /home/nrink/Projects/build/encode/encode/tests/ptrarith/ptrarith.perf.encoded --  --cso /dev/null
key=encoded, no.=43, <stderr>:
LENGTH=800
elapsed cycles: 912774
hi(checksum)=0x05FACDBE99279292
lo(checksum)=0x489F562A570FDFC0
key=encoded, no.=43, <checksum>:
0x5FACDBE99279292489F562A570FDFC0
key=encoded, no.=43, cso file:
/dev/null
----------------------------------------------
real command=cset shield -e /home/nrink/Projects/build/encode/encode/tests/ptrarith/ptrarith.perf.encoded --  --cso /dev/null
key=encoded, no.=44, <stderr>:
LENGTH=800
elapsed cycles: 990840
hi(checksum)=0x05FACDBE99279292
lo(checksum)=0x489F562A570FDFC0
key=encoded, no.=44, <checksum>:
0x5FACDBE99279292489F562A570FDFC0
key=encoded, no.=44, cso file:
/dev/null
----------------------------------------------
real command=cset shield -e /home/nrink/Projects/build/encode/encode/tests/ptrarith/ptrarith.perf.encoded --  --cso /dev/null
key=encoded, no.=45, <stderr>:
LENGTH=800
elapsed cycles: 919536
hi(checksum)=0x05FACDBE99279292
lo(checksum)=0x489F562A570FDFC0
key=encoded, no.=45, <checksum>:
0x5FACDBE99279292489F562A570FDFC0
key=encoded, no.=45, cso file:
/dev/null
----------------------------------------------
real command=cset shield -e /home/nrink/Projects/build/encode/encode/tests/ptrarith/ptrarith.perf.encoded --  --cso /dev/null
key=encoded, no.=46, <stderr>:
LENGTH=800
elapsed cycles: 1024854
hi(checksum)=0x05FACDBE99279292
lo(checksum)=0x489F562A570FDFC0
key=encoded, no.=46, <checksum>:
0x5FACDBE99279292489F562A570FDFC0
key=encoded, no.=46, cso file:
/dev/null
----------------------------------------------
real command=cset shield -e /home/nrink/Projects/build/encode/encode/tests/ptrarith/ptrarith.perf.encoded --  --cso /dev/null
key=encoded, no.=47, <stderr>:
LENGTH=800
elapsed cycles: 913314
hi(checksum)=0x05FACDBE99279292
lo(checksum)=0x489F562A570FDFC0
key=encoded, no.=47, <checksum>:
0x5FACDBE99279292489F562A570FDFC0
key=encoded, no.=47, cso file:
/dev/null
----------------------------------------------
real command=cset shield -e /home/nrink/Projects/build/encode/encode/tests/ptrarith/ptrarith.perf.encoded --  --cso /dev/null
key=encoded, no.=48, <stderr>:
LENGTH=800
elapsed cycles: 913968
hi(checksum)=0x05FACDBE99279292
lo(checksum)=0x489F562A570FDFC0
key=encoded, no.=48, <checksum>:
0x5FACDBE99279292489F562A570FDFC0
key=encoded, no.=48, cso file:
/dev/null
----------------------------------------------
real command=cset shield -e /home/nrink/Projects/build/encode/encode/tests/ptrarith/ptrarith.perf.encoded --  --cso /dev/null
key=encoded, no.=49, <stderr>:
LENGTH=800
elapsed cycles: 913767
hi(checksum)=0x05FACDBE99279292
lo(checksum)=0x489F562A570FDFC0
key=encoded, no.=49, <checksum>:
0x5FACDBE99279292489F562A570FDFC0
key=encoded, no.=49, cso file:
/dev/null
----------------------------------------------
real command=cset shield -e /home/nrink/Projects/build/encode/encode/tests/ptrarith/ptrarith.perf.encoded --  --cso /dev/null
key=encoded, no.=50, <stderr>:
LENGTH=800
elapsed cycles: 914625
hi(checksum)=0x05FACDBE99279292
lo(checksum)=0x489F562A570FDFC0
key=encoded, no.=50, <checksum>:
0x5FACDBE99279292489F562A570FDFC0
key=encoded, no.=50, cso file:
/dev/null
----------------------------------------------
real command=cset shield -e /home/nrink/Projects/build/encode/encode/tests/ptrarith/ptrarith.perf.encoded --  --cso /dev/null
key=encoded, no.=51, <stderr>:
LENGTH=800
elapsed cycles: 914175
hi(checksum)=0x05FACDBE99279292
lo(checksum)=0x489F562A570FDFC0
key=encoded, no.=51, <checksum>:
0x5FACDBE99279292489F562A570FDFC0
key=encoded, no.=51, cso file:
/dev/null
----------------------------------------------
real command=cset shield -e /home/nrink/Projects/build/encode/encode/tests/ptrarith/ptrarith.perf.encoded --  --cso /dev/null
key=encoded, no.=52, <stderr>:
LENGTH=800
elapsed cycles: 912885
hi(checksum)=0x05FACDBE99279292
lo(checksum)=0x489F562A570FDFC0
key=encoded, no.=52, <checksum>:
0x5FACDBE99279292489F562A570FDFC0
key=encoded, no.=52, cso file:
/dev/null
----------------------------------------------
real command=cset shield -e /home/nrink/Projects/build/encode/encode/tests/ptrarith/ptrarith.perf.encoded --  --cso /dev/null
key=encoded, no.=53, <stderr>:
LENGTH=800
elapsed cycles: 913251
hi(checksum)=0x05FACDBE99279292
lo(checksum)=0x489F562A570FDFC0
key=encoded, no.=53, <checksum>:
0x5FACDBE99279292489F562A570FDFC0
key=encoded, no.=53, cso file:
/dev/null
----------------------------------------------
real command=cset shield -e /home/nrink/Projects/build/encode/encode/tests/ptrarith/ptrarith.perf.encoded --  --cso /dev/null
key=encoded, no.=54, <stderr>:
LENGTH=800
elapsed cycles: 913983
hi(checksum)=0x05FACDBE99279292
lo(checksum)=0x489F562A570FDFC0
key=encoded, no.=54, <checksum>:
0x5FACDBE99279292489F562A570FDFC0
key=encoded, no.=54, cso file:
/dev/null
----------------------------------------------
real command=cset shield -e /home/nrink/Projects/build/encode/encode/tests/ptrarith/ptrarith.perf.encoded --  --cso /dev/null
key=encoded, no.=55, <stderr>:
LENGTH=800
elapsed cycles: 912942
hi(checksum)=0x05FACDBE99279292
lo(checksum)=0x489F562A570FDFC0
key=encoded, no.=55, <checksum>:
0x5FACDBE99279292489F562A570FDFC0
key=encoded, no.=55, cso file:
/dev/null
----------------------------------------------
real command=cset shield -e /home/nrink/Projects/build/encode/encode/tests/ptrarith/ptrarith.perf.encoded --  --cso /dev/null
key=encoded, no.=56, <stderr>:
LENGTH=800
elapsed cycles: 950433
hi(checksum)=0x05FACDBE99279292
lo(checksum)=0x489F562A570FDFC0
key=encoded, no.=56, <checksum>:
0x5FACDBE99279292489F562A570FDFC0
key=encoded, no.=56, cso file:
/dev/null
----------------------------------------------
real command=cset shield -e /home/nrink/Projects/build/encode/encode/tests/ptrarith/ptrarith.perf.encoded --  --cso /dev/null
key=encoded, no.=57, <stderr>:
LENGTH=800
elapsed cycles: 913524
hi(checksum)=0x05FACDBE99279292
lo(checksum)=0x489F562A570FDFC0
key=encoded, no.=57, <checksum>:
0x5FACDBE99279292489F562A570FDFC0
key=encoded, no.=57, cso file:
/dev/null
----------------------------------------------
real command=cset shield -e /home/nrink/Projects/build/encode/encode/tests/ptrarith/ptrarith.perf.encoded --  --cso /dev/null
key=encoded, no.=58, <stderr>:
LENGTH=800
elapsed cycles: 913044
hi(checksum)=0x05FACDBE99279292
lo(checksum)=0x489F562A570FDFC0
key=encoded, no.=58, <checksum>:
0x5FACDBE99279292489F562A570FDFC0
key=encoded, no.=58, cso file:
/dev/null
----------------------------------------------
real command=cset shield -e /home/nrink/Projects/build/encode/encode/tests/ptrarith/ptrarith.perf.encoded --  --cso /dev/null
key=encoded, no.=59, <stderr>:
LENGTH=800
elapsed cycles: 948042
hi(checksum)=0x05FACDBE99279292
lo(checksum)=0x489F562A570FDFC0
key=encoded, no.=59, <checksum>:
0x5FACDBE99279292489F562A570FDFC0
key=encoded, no.=59, cso file:
/dev/null
----------------------------------------------
real command=cset shield -e /home/nrink/Projects/build/encode/encode/tests/ptrarith/ptrarith.perf.encoded --  --cso /dev/null
key=encoded, no.=60, <stderr>:
LENGTH=800
elapsed cycles: 912900
hi(checksum)=0x05FACDBE99279292
lo(checksum)=0x489F562A570FDFC0
key=encoded, no.=60, <checksum>:
0x5FACDBE99279292489F562A570FDFC0
key=encoded, no.=60, cso file:
/dev/null
----------------------------------------------
real command=cset shield -e /home/nrink/Projects/build/encode/encode/tests/ptrarith/ptrarith.perf.encoded --  --cso /dev/null
key=encoded, no.=61, <stderr>:
LENGTH=800
elapsed cycles: 916260
hi(checksum)=0x05FACDBE99279292
lo(checksum)=0x489F562A570FDFC0
key=encoded, no.=61, <checksum>:
0x5FACDBE99279292489F562A570FDFC0
key=encoded, no.=61, cso file:
/dev/null
----------------------------------------------
real command=cset shield -e /home/nrink/Projects/build/encode/encode/tests/ptrarith/ptrarith.perf.encoded --  --cso /dev/null
key=encoded, no.=62, <stderr>:
LENGTH=800
elapsed cycles: 912975
hi(checksum)=0x05FACDBE99279292
lo(checksum)=0x489F562A570FDFC0
key=encoded, no.=62, <checksum>:
0x5FACDBE99279292489F562A570FDFC0
key=encoded, no.=62, cso file:
/dev/null
----------------------------------------------
real command=cset shield -e /home/nrink/Projects/build/encode/encode/tests/ptrarith/ptrarith.perf.encoded --  --cso /dev/null
key=encoded, no.=63, <stderr>:
LENGTH=800
elapsed cycles: 914457
hi(checksum)=0x05FACDBE99279292
lo(checksum)=0x489F562A570FDFC0
key=encoded, no.=63, <checksum>:
0x5FACDBE99279292489F562A570FDFC0
key=encoded, no.=63, cso file:
/dev/null
----------------------------------------------
real command=cset shield -e /home/nrink/Projects/build/encode/encode/tests/ptrarith/ptrarith.perf.encoded --  --cso /dev/null
key=encoded, no.=64, <stderr>:
LENGTH=800
elapsed cycles: 913170
hi(checksum)=0x05FACDBE99279292
lo(checksum)=0x489F562A570FDFC0
key=encoded, no.=64, <checksum>:
0x5FACDBE99279292489F562A570FDFC0
key=encoded, no.=64, cso file:
/dev/null
----------------------------------------------
real command=cset shield -e /home/nrink/Projects/build/encode/encode/tests/ptrarith/ptrarith.perf.encoded --  --cso /dev/null
key=encoded, no.=65, <stderr>:
LENGTH=800
elapsed cycles: 914331
hi(checksum)=0x05FACDBE99279292
lo(checksum)=0x489F562A570FDFC0
key=encoded, no.=65, <checksum>:
0x5FACDBE99279292489F562A570FDFC0
key=encoded, no.=65, cso file:
/dev/null
----------------------------------------------
real command=cset shield -e /home/nrink/Projects/build/encode/encode/tests/ptrarith/ptrarith.perf.encoded --  --cso /dev/null
key=encoded, no.=66, <stderr>:
LENGTH=800
elapsed cycles: 914346
hi(checksum)=0x05FACDBE99279292
lo(checksum)=0x489F562A570FDFC0
key=encoded, no.=66, <checksum>:
0x5FACDBE99279292489F562A570FDFC0
key=encoded, no.=66, cso file:
/dev/null
----------------------------------------------
real command=cset shield -e /home/nrink/Projects/build/encode/encode/tests/ptrarith/ptrarith.perf.encoded --  --cso /dev/null
key=encoded, no.=67, <stderr>:
LENGTH=800
elapsed cycles: 915180
hi(checksum)=0x05FACDBE99279292
lo(checksum)=0x489F562A570FDFC0
key=encoded, no.=67, <checksum>:
0x5FACDBE99279292489F562A570FDFC0
key=encoded, no.=67, cso file:
/dev/null
----------------------------------------------
real command=cset shield -e /home/nrink/Projects/build/encode/encode/tests/ptrarith/ptrarith.perf.encoded --  --cso /dev/null
key=encoded, no.=68, <stderr>:
LENGTH=800
elapsed cycles: 979176
hi(checksum)=0x05FACDBE99279292
lo(checksum)=0x489F562A570FDFC0
key=encoded, no.=68, <checksum>:
0x5FACDBE99279292489F562A570FDFC0
key=encoded, no.=68, cso file:
/dev/null
----------------------------------------------
real command=cset shield -e /home/nrink/Projects/build/encode/encode/tests/ptrarith/ptrarith.perf.encoded --  --cso /dev/null
key=encoded, no.=69, <stderr>:
LENGTH=800
elapsed cycles: 913413
hi(checksum)=0x05FACDBE99279292
lo(checksum)=0x489F562A570FDFC0
key=encoded, no.=69, <checksum>:
0x5FACDBE99279292489F562A570FDFC0
key=encoded, no.=69, cso file:
/dev/null
----------------------------------------------
real command=cset shield -e /home/nrink/Projects/build/encode/encode/tests/ptrarith/ptrarith.perf.encoded --  --cso /dev/null
key=encoded, no.=70, <stderr>:
LENGTH=800
elapsed cycles: 913053
hi(checksum)=0x05FACDBE99279292
lo(checksum)=0x489F562A570FDFC0
key=encoded, no.=70, <checksum>:
0x5FACDBE99279292489F562A570FDFC0
key=encoded, no.=70, cso file:
/dev/null
----------------------------------------------
real command=cset shield -e /home/nrink/Projects/build/encode/encode/tests/ptrarith/ptrarith.perf.encoded --  --cso /dev/null
key=encoded, no.=71, <stderr>:
LENGTH=800
elapsed cycles: 915297
hi(checksum)=0x05FACDBE99279292
lo(checksum)=0x489F562A570FDFC0
key=encoded, no.=71, <checksum>:
0x5FACDBE99279292489F562A570FDFC0
key=encoded, no.=71, cso file:
/dev/null
----------------------------------------------
real command=cset shield -e /home/nrink/Projects/build/encode/encode/tests/ptrarith/ptrarith.perf.encoded --  --cso /dev/null
key=encoded, no.=72, <stderr>:
LENGTH=800
elapsed cycles: 916533
hi(checksum)=0x05FACDBE99279292
lo(checksum)=0x489F562A570FDFC0
key=encoded, no.=72, <checksum>:
0x5FACDBE99279292489F562A570FDFC0
key=encoded, no.=72, cso file:
/dev/null
----------------------------------------------
real command=cset shield -e /home/nrink/Projects/build/encode/encode/tests/ptrarith/ptrarith.perf.encoded --  --cso /dev/null
key=encoded, no.=73, <stderr>:
LENGTH=800
elapsed cycles: 915711
hi(checksum)=0x05FACDBE99279292
lo(checksum)=0x489F562A570FDFC0
key=encoded, no.=73, <checksum>:
0x5FACDBE99279292489F562A570FDFC0
key=encoded, no.=73, cso file:
/dev/null
----------------------------------------------
real command=cset shield -e /home/nrink/Projects/build/encode/encode/tests/ptrarith/ptrarith.perf.encoded --  --cso /dev/null
key=encoded, no.=74, <stderr>:
LENGTH=800
elapsed cycles: 913158
hi(checksum)=0x05FACDBE99279292
lo(checksum)=0x489F562A570FDFC0
key=encoded, no.=74, <checksum>:
0x5FACDBE99279292489F562A570FDFC0
key=encoded, no.=74, cso file:
/dev/null
----------------------------------------------
real command=cset shield -e /home/nrink/Projects/build/encode/encode/tests/ptrarith/ptrarith.perf.encoded --  --cso /dev/null
key=encoded, no.=75, <stderr>:
LENGTH=800
elapsed cycles: 915390
hi(checksum)=0x05FACDBE99279292
lo(checksum)=0x489F562A570FDFC0
key=encoded, no.=75, <checksum>:
0x5FACDBE99279292489F562A570FDFC0
key=encoded, no.=75, cso file:
/dev/null
----------------------------------------------
real command=cset shield -e /home/nrink/Projects/build/encode/encode/tests/ptrarith/ptrarith.perf.encoded --  --cso /dev/null
key=encoded, no.=76, <stderr>:
LENGTH=800
elapsed cycles: 1142456
hi(checksum)=0x05FACDBE99279292
lo(checksum)=0x489F562A570FDFC0
key=encoded, no.=76, <checksum>:
0x5FACDBE99279292489F562A570FDFC0
key=encoded, no.=76, cso file:
/dev/null
----------------------------------------------
real command=cset shield -e /home/nrink/Projects/build/encode/encode/tests/ptrarith/ptrarith.perf.encoded --  --cso /dev/null
key=encoded, no.=77, <stderr>:
LENGTH=800
elapsed cycles: 913506
hi(checksum)=0x05FACDBE99279292
lo(checksum)=0x489F562A570FDFC0
key=encoded, no.=77, <checksum>:
0x5FACDBE99279292489F562A570FDFC0
key=encoded, no.=77, cso file:
/dev/null
----------------------------------------------
real command=cset shield -e /home/nrink/Projects/build/encode/encode/tests/ptrarith/ptrarith.perf.encoded --  --cso /dev/null
key=encoded, no.=78, <stderr>:
LENGTH=800
elapsed cycles: 915306
hi(checksum)=0x05FACDBE99279292
lo(checksum)=0x489F562A570FDFC0
key=encoded, no.=78, <checksum>:
0x5FACDBE99279292489F562A570FDFC0
key=encoded, no.=78, cso file:
/dev/null
----------------------------------------------
real command=cset shield -e /home/nrink/Projects/build/encode/encode/tests/ptrarith/ptrarith.perf.encoded --  --cso /dev/null
key=encoded, no.=79, <stderr>:
LENGTH=800
elapsed cycles: 1023543
hi(checksum)=0x05FACDBE99279292
lo(checksum)=0x489F562A570FDFC0
key=encoded, no.=79, <checksum>:
0x5FACDBE99279292489F562A570FDFC0
key=encoded, no.=79, cso file:
/dev/null
----------------------------------------------
real command=cset shield -e /home/nrink/Projects/build/encode/encode/tests/ptrarith/ptrarith.perf.encoded --  --cso /dev/null
key=encoded, no.=80, <stderr>:
LENGTH=800
elapsed cycles: 983823
hi(checksum)=0x05FACDBE99279292
lo(checksum)=0x489F562A570FDFC0
key=encoded, no.=80, <checksum>:
0x5FACDBE99279292489F562A570FDFC0
key=encoded, no.=80, cso file:
/dev/null
----------------------------------------------
real command=cset shield -e /home/nrink/Projects/build/encode/encode/tests/ptrarith/ptrarith.perf.encoded --  --cso /dev/null
key=encoded, no.=81, <stderr>:
LENGTH=800
elapsed cycles: 913152
hi(checksum)=0x05FACDBE99279292
lo(checksum)=0x489F562A570FDFC0
key=encoded, no.=81, <checksum>:
0x5FACDBE99279292489F562A570FDFC0
key=encoded, no.=81, cso file:
/dev/null
----------------------------------------------
real command=cset shield -e /home/nrink/Projects/build/encode/encode/tests/ptrarith/ptrarith.perf.encoded --  --cso /dev/null
key=encoded, no.=82, <stderr>:
LENGTH=800
elapsed cycles: 913326
hi(checksum)=0x05FACDBE99279292
lo(checksum)=0x489F562A570FDFC0
key=encoded, no.=82, <checksum>:
0x5FACDBE99279292489F562A570FDFC0
key=encoded, no.=82, cso file:
/dev/null
----------------------------------------------
real command=cset shield -e /home/nrink/Projects/build/encode/encode/tests/ptrarith/ptrarith.perf.encoded --  --cso /dev/null
key=encoded, no.=83, <stderr>:
LENGTH=800
elapsed cycles: 913800
hi(checksum)=0x05FACDBE99279292
lo(checksum)=0x489F562A570FDFC0
key=encoded, no.=83, <checksum>:
0x5FACDBE99279292489F562A570FDFC0
key=encoded, no.=83, cso file:
/dev/null
----------------------------------------------
real command=cset shield -e /home/nrink/Projects/build/encode/encode/tests/ptrarith/ptrarith.perf.encoded --  --cso /dev/null
key=encoded, no.=84, <stderr>:
LENGTH=800
elapsed cycles: 913350
hi(checksum)=0x05FACDBE99279292
lo(checksum)=0x489F562A570FDFC0
key=encoded, no.=84, <checksum>:
0x5FACDBE99279292489F562A570FDFC0
key=encoded, no.=84, cso file:
/dev/null
----------------------------------------------
real command=cset shield -e /home/nrink/Projects/build/encode/encode/tests/ptrarith/ptrarith.perf.encoded --  --cso /dev/null
key=encoded, no.=85, <stderr>:
LENGTH=800
elapsed cycles: 914040
hi(checksum)=0x05FACDBE99279292
lo(checksum)=0x489F562A570FDFC0
key=encoded, no.=85, <checksum>:
0x5FACDBE99279292489F562A570FDFC0
key=encoded, no.=85, cso file:
/dev/null
----------------------------------------------
real command=cset shield -e /home/nrink/Projects/build/encode/encode/tests/ptrarith/ptrarith.perf.encoded --  --cso /dev/null
key=encoded, no.=86, <stderr>:
LENGTH=800
elapsed cycles: 913311
hi(checksum)=0x05FACDBE99279292
lo(checksum)=0x489F562A570FDFC0
key=encoded, no.=86, <checksum>:
0x5FACDBE99279292489F562A570FDFC0
key=encoded, no.=86, cso file:
/dev/null
----------------------------------------------
real command=cset shield -e /home/nrink/Projects/build/encode/encode/tests/ptrarith/ptrarith.perf.encoded --  --cso /dev/null
key=encoded, no.=87, <stderr>:
LENGTH=800
elapsed cycles: 912978
hi(checksum)=0x05FACDBE99279292
lo(checksum)=0x489F562A570FDFC0
key=encoded, no.=87, <checksum>:
0x5FACDBE99279292489F562A570FDFC0
key=encoded, no.=87, cso file:
/dev/null
----------------------------------------------
real command=cset shield -e /home/nrink/Projects/build/encode/encode/tests/ptrarith/ptrarith.perf.encoded --  --cso /dev/null
key=encoded, no.=88, <stderr>:
LENGTH=800
elapsed cycles: 913131
hi(checksum)=0x05FACDBE99279292
lo(checksum)=0x489F562A570FDFC0
key=encoded, no.=88, <checksum>:
0x5FACDBE99279292489F562A570FDFC0
key=encoded, no.=88, cso file:
/dev/null
----------------------------------------------
real command=cset shield -e /home/nrink/Projects/build/encode/encode/tests/ptrarith/ptrarith.perf.encoded --  --cso /dev/null
key=encoded, no.=89, <stderr>:
LENGTH=800
elapsed cycles: 1363476
hi(checksum)=0x05FACDBE99279292
lo(checksum)=0x489F562A570FDFC0
key=encoded, no.=89, <checksum>:
0x5FACDBE99279292489F562A570FDFC0
key=encoded, no.=89, cso file:
/dev/null
----------------------------------------------
real command=cset shield -e /home/nrink/Projects/build/encode/encode/tests/ptrarith/ptrarith.perf.encoded --  --cso /dev/null
key=encoded, no.=90, <stderr>:
LENGTH=800
elapsed cycles: 914832
hi(checksum)=0x05FACDBE99279292
lo(checksum)=0x489F562A570FDFC0
key=encoded, no.=90, <checksum>:
0x5FACDBE99279292489F562A570FDFC0
key=encoded, no.=90, cso file:
/dev/null
----------------------------------------------
real command=cset shield -e /home/nrink/Projects/build/encode/encode/tests/ptrarith/ptrarith.perf.encoded --  --cso /dev/null
key=encoded, no.=91, <stderr>:
LENGTH=800
elapsed cycles: 912813
hi(checksum)=0x05FACDBE99279292
lo(checksum)=0x489F562A570FDFC0
key=encoded, no.=91, <checksum>:
0x5FACDBE99279292489F562A570FDFC0
key=encoded, no.=91, cso file:
/dev/null
----------------------------------------------
real command=cset shield -e /home/nrink/Projects/build/encode/encode/tests/ptrarith/ptrarith.perf.encoded --  --cso /dev/null
key=encoded, no.=92, <stderr>:
LENGTH=800
elapsed cycles: 913449
hi(checksum)=0x05FACDBE99279292
lo(checksum)=0x489F562A570FDFC0
key=encoded, no.=92, <checksum>:
0x5FACDBE99279292489F562A570FDFC0
key=encoded, no.=92, cso file:
/dev/null
----------------------------------------------
real command=cset shield -e /home/nrink/Projects/build/encode/encode/tests/ptrarith/ptrarith.perf.encoded --  --cso /dev/null
key=encoded, no.=93, <stderr>:
LENGTH=800
elapsed cycles: 916200
hi(checksum)=0x05FACDBE99279292
lo(checksum)=0x489F562A570FDFC0
key=encoded, no.=93, <checksum>:
0x5FACDBE99279292489F562A570FDFC0
key=encoded, no.=93, cso file:
/dev/null
----------------------------------------------
real command=cset shield -e /home/nrink/Projects/build/encode/encode/tests/ptrarith/ptrarith.perf.encoded --  --cso /dev/null
key=encoded, no.=94, <stderr>:
LENGTH=800
elapsed cycles: 915954
hi(checksum)=0x05FACDBE99279292
lo(checksum)=0x489F562A570FDFC0
key=encoded, no.=94, <checksum>:
0x5FACDBE99279292489F562A570FDFC0
key=encoded, no.=94, cso file:
/dev/null
----------------------------------------------
real command=cset shield -e /home/nrink/Projects/build/encode/encode/tests/ptrarith/ptrarith.perf.encoded --  --cso /dev/null
key=encoded, no.=95, <stderr>:
LENGTH=800
elapsed cycles: 915006
hi(checksum)=0x05FACDBE99279292
lo(checksum)=0x489F562A570FDFC0
key=encoded, no.=95, <checksum>:
0x5FACDBE99279292489F562A570FDFC0
key=encoded, no.=95, cso file:
/dev/null
----------------------------------------------
real command=cset shield -e /home/nrink/Projects/build/encode/encode/tests/ptrarith/ptrarith.perf.encoded --  --cso /dev/null
key=encoded, no.=96, <stderr>:
LENGTH=800
elapsed cycles: 913029
hi(checksum)=0x05FACDBE99279292
lo(checksum)=0x489F562A570FDFC0
key=encoded, no.=96, <checksum>:
0x5FACDBE99279292489F562A570FDFC0
key=encoded, no.=96, cso file:
/dev/null
----------------------------------------------
real command=cset shield -e /home/nrink/Projects/build/encode/encode/tests/ptrarith/ptrarith.perf.encoded --  --cso /dev/null
key=encoded, no.=97, <stderr>:
LENGTH=800
elapsed cycles: 918837
hi(checksum)=0x05FACDBE99279292
lo(checksum)=0x489F562A570FDFC0
key=encoded, no.=97, <checksum>:
0x5FACDBE99279292489F562A570FDFC0
key=encoded, no.=97, cso file:
/dev/null
----------------------------------------------
real command=cset shield -e /home/nrink/Projects/build/encode/encode/tests/ptrarith/ptrarith.perf.encoded --  --cso /dev/null
key=encoded, no.=98, <stderr>:
LENGTH=800
elapsed cycles: 915240
hi(checksum)=0x05FACDBE99279292
lo(checksum)=0x489F562A570FDFC0
key=encoded, no.=98, <checksum>:
0x5FACDBE99279292489F562A570FDFC0
key=encoded, no.=98, cso file:
/dev/null
----------------------------------------------
real command=cset shield -e /home/nrink/Projects/build/encode/encode/tests/ptrarith/ptrarith.perf.encoded --  --cso /dev/null
key=encoded, no.=99, <stderr>:
LENGTH=800
elapsed cycles: 962244
hi(checksum)=0x05FACDBE99279292
lo(checksum)=0x489F562A570FDFC0
key=encoded, no.=99, <checksum>:
0x5FACDBE99279292489F562A570FDFC0
key=encoded, no.=99, cso file:
/dev/null
----------------------------------------------
