key=plain, runs=100 ...
command=/home/nrink/Projects/build/encode/encode/tests/array_sum/array_sum.perf.plain
----------------------------------------------
real command=cset shield -e /home/nrink/Projects/build/encode/encode/tests/array_sum/array_sum.perf.plain --  --cso /dev/null
key=plain, no.=0, <stderr>:
LENGTH=5800
elapsed cycles: 1142430
hi(checksum)=0x176FD263E2F27A1F
lo(checksum)=0xDA4F2BD9B16D91C0
key=plain, no.=0, <checksum>:
0x176FD263E2F27A1FDA4F2BD9B16D91C0
key=plain, no.=0, cso file:
/dev/null
----------------------------------------------
real command=cset shield -e /home/nrink/Projects/build/encode/encode/tests/array_sum/array_sum.perf.plain --  --cso /dev/null
key=plain, no.=1, <stderr>:
LENGTH=5800
elapsed cycles: 1209783
hi(checksum)=0x176FD263E2F27A1F
lo(checksum)=0xDA4F2BD9B16D91C0
key=plain, no.=1, <checksum>:
0x176FD263E2F27A1FDA4F2BD9B16D91C0
key=plain, no.=1, cso file:
/dev/null
----------------------------------------------
real command=cset shield -e /home/nrink/Projects/build/encode/encode/tests/array_sum/array_sum.perf.plain --  --cso /dev/null
key=plain, no.=2, <stderr>:
LENGTH=5800
elapsed cycles: 1176306
hi(checksum)=0x176FD263E2F27A1F
lo(checksum)=0xDA4F2BD9B16D91C0
key=plain, no.=2, <checksum>:
0x176FD263E2F27A1FDA4F2BD9B16D91C0
key=plain, no.=2, cso file:
/dev/null
----------------------------------------------
real command=cset shield -e /home/nrink/Projects/build/encode/encode/tests/array_sum/array_sum.perf.plain --  --cso /dev/null
key=plain, no.=3, <stderr>:
LENGTH=5800
elapsed cycles: 1176132
hi(checksum)=0x176FD263E2F27A1F
lo(checksum)=0xDA4F2BD9B16D91C0
key=plain, no.=3, <checksum>:
0x176FD263E2F27A1FDA4F2BD9B16D91C0
key=plain, no.=3, cso file:
/dev/null
----------------------------------------------
real command=cset shield -e /home/nrink/Projects/build/encode/encode/tests/array_sum/array_sum.perf.plain --  --cso /dev/null
key=plain, no.=4, <stderr>:
LENGTH=5800
elapsed cycles: 1291710
hi(checksum)=0x176FD263E2F27A1F
lo(checksum)=0xDA4F2BD9B16D91C0
key=plain, no.=4, <checksum>:
0x176FD263E2F27A1FDA4F2BD9B16D91C0
key=plain, no.=4, cso file:
/dev/null
----------------------------------------------
real command=cset shield -e /home/nrink/Projects/build/encode/encode/tests/array_sum/array_sum.perf.plain --  --cso /dev/null
key=plain, no.=5, <stderr>:
LENGTH=5800
elapsed cycles: 1141614
hi(checksum)=0x176FD263E2F27A1F
lo(checksum)=0xDA4F2BD9B16D91C0
key=plain, no.=5, <checksum>:
0x176FD263E2F27A1FDA4F2BD9B16D91C0
key=plain, no.=5, cso file:
/dev/null
----------------------------------------------
real command=cset shield -e /home/nrink/Projects/build/encode/encode/tests/array_sum/array_sum.perf.plain --  --cso /dev/null
key=plain, no.=6, <stderr>:
LENGTH=5800
elapsed cycles: 1145334
hi(checksum)=0x176FD263E2F27A1F
lo(checksum)=0xDA4F2BD9B16D91C0
key=plain, no.=6, <checksum>:
0x176FD263E2F27A1FDA4F2BD9B16D91C0
key=plain, no.=6, cso file:
/dev/null
----------------------------------------------
real command=cset shield -e /home/nrink/Projects/build/encode/encode/tests/array_sum/array_sum.perf.plain --  --cso /dev/null
key=plain, no.=7, <stderr>:
LENGTH=5800
elapsed cycles: 1176027
hi(checksum)=0x176FD263E2F27A1F
lo(checksum)=0xDA4F2BD9B16D91C0
key=plain, no.=7, <checksum>:
0x176FD263E2F27A1FDA4F2BD9B16D91C0
key=plain, no.=7, cso file:
/dev/null
----------------------------------------------
real command=cset shield -e /home/nrink/Projects/build/encode/encode/tests/array_sum/array_sum.perf.plain --  --cso /dev/null
key=plain, no.=8, <stderr>:
LENGTH=5800
elapsed cycles: 1337388
hi(checksum)=0x176FD263E2F27A1F
lo(checksum)=0xDA4F2BD9B16D91C0
key=plain, no.=8, <checksum>:
0x176FD263E2F27A1FDA4F2BD9B16D91C0
key=plain, no.=8, cso file:
/dev/null
----------------------------------------------
real command=cset shield -e /home/nrink/Projects/build/encode/encode/tests/array_sum/array_sum.perf.plain --  --cso /dev/null
key=plain, no.=9, <stderr>:
LENGTH=5800
elapsed cycles: 1176459
hi(checksum)=0x176FD263E2F27A1F
lo(checksum)=0xDA4F2BD9B16D91C0
key=plain, no.=9, <checksum>:
0x176FD263E2F27A1FDA4F2BD9B16D91C0
key=plain, no.=9, cso file:
/dev/null
----------------------------------------------
real command=cset shield -e /home/nrink/Projects/build/encode/encode/tests/array_sum/array_sum.perf.plain --  --cso /dev/null
key=plain, no.=10, <stderr>:
LENGTH=5800
elapsed cycles: 1144233
hi(checksum)=0x176FD263E2F27A1F
lo(checksum)=0xDA4F2BD9B16D91C0
key=plain, no.=10, <checksum>:
0x176FD263E2F27A1FDA4F2BD9B16D91C0
key=plain, no.=10, cso file:
/dev/null
----------------------------------------------
real command=cset shield -e /home/nrink/Projects/build/encode/encode/tests/array_sum/array_sum.perf.plain --  --cso /dev/null
key=plain, no.=11, <stderr>:
LENGTH=5800
elapsed cycles: 1144035
hi(checksum)=0x176FD263E2F27A1F
lo(checksum)=0xDA4F2BD9B16D91C0
key=plain, no.=11, <checksum>:
0x176FD263E2F27A1FDA4F2BD9B16D91C0
key=plain, no.=11, cso file:
/dev/null
----------------------------------------------
real command=cset shield -e /home/nrink/Projects/build/encode/encode/tests/array_sum/array_sum.perf.plain --  --cso /dev/null
key=plain, no.=12, <stderr>:
LENGTH=5800
elapsed cycles: 1144251
hi(checksum)=0x176FD263E2F27A1F
lo(checksum)=0xDA4F2BD9B16D91C0
key=plain, no.=12, <checksum>:
0x176FD263E2F27A1FDA4F2BD9B16D91C0
key=plain, no.=12, cso file:
/dev/null
----------------------------------------------
real command=cset shield -e /home/nrink/Projects/build/encode/encode/tests/array_sum/array_sum.perf.plain --  --cso /dev/null
key=plain, no.=13, <stderr>:
LENGTH=5800
elapsed cycles: 1158552
hi(checksum)=0x176FD263E2F27A1F
lo(checksum)=0xDA4F2BD9B16D91C0
key=plain, no.=13, <checksum>:
0x176FD263E2F27A1FDA4F2BD9B16D91C0
key=plain, no.=13, cso file:
/dev/null
----------------------------------------------
real command=cset shield -e /home/nrink/Projects/build/encode/encode/tests/array_sum/array_sum.perf.plain --  --cso /dev/null
key=plain, no.=14, <stderr>:
LENGTH=5800
elapsed cycles: 1146792
hi(checksum)=0x176FD263E2F27A1F
lo(checksum)=0xDA4F2BD9B16D91C0
key=plain, no.=14, <checksum>:
0x176FD263E2F27A1FDA4F2BD9B16D91C0
key=plain, no.=14, cso file:
/dev/null
----------------------------------------------
real command=cset shield -e /home/nrink/Projects/build/encode/encode/tests/array_sum/array_sum.perf.plain --  --cso /dev/null
key=plain, no.=15, <stderr>:
LENGTH=5800
elapsed cycles: 1152918
hi(checksum)=0x176FD263E2F27A1F
lo(checksum)=0xDA4F2BD9B16D91C0
key=plain, no.=15, <checksum>:
0x176FD263E2F27A1FDA4F2BD9B16D91C0
key=plain, no.=15, cso file:
/dev/null
----------------------------------------------
real command=cset shield -e /home/nrink/Projects/build/encode/encode/tests/array_sum/array_sum.perf.plain --  --cso /dev/null
key=plain, no.=16, <stderr>:
LENGTH=5800
elapsed cycles: 1145799
hi(checksum)=0x176FD263E2F27A1F
lo(checksum)=0xDA4F2BD9B16D91C0
key=plain, no.=16, <checksum>:
0x176FD263E2F27A1FDA4F2BD9B16D91C0
key=plain, no.=16, cso file:
/dev/null
----------------------------------------------
real command=cset shield -e /home/nrink/Projects/build/encode/encode/tests/array_sum/array_sum.perf.plain --  --cso /dev/null
key=plain, no.=17, <stderr>:
LENGTH=5800
elapsed cycles: 1202103
hi(checksum)=0x176FD263E2F27A1F
lo(checksum)=0xDA4F2BD9B16D91C0
key=plain, no.=17, <checksum>:
0x176FD263E2F27A1FDA4F2BD9B16D91C0
key=plain, no.=17, cso file:
/dev/null
----------------------------------------------
real command=cset shield -e /home/nrink/Projects/build/encode/encode/tests/array_sum/array_sum.perf.plain --  --cso /dev/null
key=plain, no.=18, <stderr>:
LENGTH=5800
elapsed cycles: 1144107
hi(checksum)=0x176FD263E2F27A1F
lo(checksum)=0xDA4F2BD9B16D91C0
key=plain, no.=18, <checksum>:
0x176FD263E2F27A1FDA4F2BD9B16D91C0
key=plain, no.=18, cso file:
/dev/null
----------------------------------------------
real command=cset shield -e /home/nrink/Projects/build/encode/encode/tests/array_sum/array_sum.perf.plain --  --cso /dev/null
key=plain, no.=19, <stderr>:
LENGTH=5800
elapsed cycles: 1143426
hi(checksum)=0x176FD263E2F27A1F
lo(checksum)=0xDA4F2BD9B16D91C0
key=plain, no.=19, <checksum>:
0x176FD263E2F27A1FDA4F2BD9B16D91C0
key=plain, no.=19, cso file:
/dev/null
----------------------------------------------
real command=cset shield -e /home/nrink/Projects/build/encode/encode/tests/array_sum/array_sum.perf.plain --  --cso /dev/null
key=plain, no.=20, <stderr>:
LENGTH=5800
elapsed cycles: 1147278
hi(checksum)=0x176FD263E2F27A1F
lo(checksum)=0xDA4F2BD9B16D91C0
key=plain, no.=20, <checksum>:
0x176FD263E2F27A1FDA4F2BD9B16D91C0
key=plain, no.=20, cso file:
/dev/null
----------------------------------------------
real command=cset shield -e /home/nrink/Projects/build/encode/encode/tests/array_sum/array_sum.perf.plain --  --cso /dev/null
key=plain, no.=21, <stderr>:
LENGTH=5800
elapsed cycles: 1151760
hi(checksum)=0x176FD263E2F27A1F
lo(checksum)=0xDA4F2BD9B16D91C0
key=plain, no.=21, <checksum>:
0x176FD263E2F27A1FDA4F2BD9B16D91C0
key=plain, no.=21, cso file:
/dev/null
----------------------------------------------
real command=cset shield -e /home/nrink/Projects/build/encode/encode/tests/array_sum/array_sum.perf.plain --  --cso /dev/null
key=plain, no.=22, <stderr>:
LENGTH=5800
elapsed cycles: 1162389
hi(checksum)=0x176FD263E2F27A1F
lo(checksum)=0xDA4F2BD9B16D91C0
key=plain, no.=22, <checksum>:
0x176FD263E2F27A1FDA4F2BD9B16D91C0
key=plain, no.=22, cso file:
/dev/null
----------------------------------------------
real command=cset shield -e /home/nrink/Projects/build/encode/encode/tests/array_sum/array_sum.perf.plain --  --cso /dev/null
key=plain, no.=23, <stderr>:
LENGTH=5800
elapsed cycles: 1177890
hi(checksum)=0x176FD263E2F27A1F
lo(checksum)=0xDA4F2BD9B16D91C0
key=plain, no.=23, <checksum>:
0x176FD263E2F27A1FDA4F2BD9B16D91C0
key=plain, no.=23, cso file:
/dev/null
----------------------------------------------
real command=cset shield -e /home/nrink/Projects/build/encode/encode/tests/array_sum/array_sum.perf.plain --  --cso /dev/null
key=plain, no.=24, <stderr>:
LENGTH=5800
elapsed cycles: 1176456
hi(checksum)=0x176FD263E2F27A1F
lo(checksum)=0xDA4F2BD9B16D91C0
key=plain, no.=24, <checksum>:
0x176FD263E2F27A1FDA4F2BD9B16D91C0
key=plain, no.=24, cso file:
/dev/null
----------------------------------------------
real command=cset shield -e /home/nrink/Projects/build/encode/encode/tests/array_sum/array_sum.perf.plain --  --cso /dev/null
key=plain, no.=25, <stderr>:
LENGTH=5800
elapsed cycles: 1142568
hi(checksum)=0x176FD263E2F27A1F
lo(checksum)=0xDA4F2BD9B16D91C0
key=plain, no.=25, <checksum>:
0x176FD263E2F27A1FDA4F2BD9B16D91C0
key=plain, no.=25, cso file:
/dev/null
----------------------------------------------
real command=cset shield -e /home/nrink/Projects/build/encode/encode/tests/array_sum/array_sum.perf.plain --  --cso /dev/null
key=plain, no.=26, <stderr>:
LENGTH=5800
elapsed cycles: 1176093
hi(checksum)=0x176FD263E2F27A1F
lo(checksum)=0xDA4F2BD9B16D91C0
key=plain, no.=26, <checksum>:
0x176FD263E2F27A1FDA4F2BD9B16D91C0
key=plain, no.=26, cso file:
/dev/null
----------------------------------------------
real command=cset shield -e /home/nrink/Projects/build/encode/encode/tests/array_sum/array_sum.perf.plain --  --cso /dev/null
key=plain, no.=27, <stderr>:
LENGTH=5800
elapsed cycles: 1146363
hi(checksum)=0x176FD263E2F27A1F
lo(checksum)=0xDA4F2BD9B16D91C0
key=plain, no.=27, <checksum>:
0x176FD263E2F27A1FDA4F2BD9B16D91C0
key=plain, no.=27, cso file:
/dev/null
----------------------------------------------
real command=cset shield -e /home/nrink/Projects/build/encode/encode/tests/array_sum/array_sum.perf.plain --  --cso /dev/null
key=plain, no.=28, <stderr>:
LENGTH=5800
elapsed cycles: 1176849
hi(checksum)=0x176FD263E2F27A1F
lo(checksum)=0xDA4F2BD9B16D91C0
key=plain, no.=28, <checksum>:
0x176FD263E2F27A1FDA4F2BD9B16D91C0
key=plain, no.=28, cso file:
/dev/null
----------------------------------------------
real command=cset shield -e /home/nrink/Projects/build/encode/encode/tests/array_sum/array_sum.perf.plain --  --cso /dev/null
key=plain, no.=29, <stderr>:
LENGTH=5800
elapsed cycles: 1176840
hi(checksum)=0x176FD263E2F27A1F
lo(checksum)=0xDA4F2BD9B16D91C0
key=plain, no.=29, <checksum>:
0x176FD263E2F27A1FDA4F2BD9B16D91C0
key=plain, no.=29, cso file:
/dev/null
----------------------------------------------
real command=cset shield -e /home/nrink/Projects/build/encode/encode/tests/array_sum/array_sum.perf.plain --  --cso /dev/null
key=plain, no.=30, <stderr>:
LENGTH=5800
elapsed cycles: 1146738
hi(checksum)=0x176FD263E2F27A1F
lo(checksum)=0xDA4F2BD9B16D91C0
key=plain, no.=30, <checksum>:
0x176FD263E2F27A1FDA4F2BD9B16D91C0
key=plain, no.=30, cso file:
/dev/null
----------------------------------------------
real command=cset shield -e /home/nrink/Projects/build/encode/encode/tests/array_sum/array_sum.perf.plain --  --cso /dev/null
key=plain, no.=31, <stderr>:
LENGTH=5800
elapsed cycles: 1176507
hi(checksum)=0x176FD263E2F27A1F
lo(checksum)=0xDA4F2BD9B16D91C0
key=plain, no.=31, <checksum>:
0x176FD263E2F27A1FDA4F2BD9B16D91C0
key=plain, no.=31, cso file:
/dev/null
----------------------------------------------
real command=cset shield -e /home/nrink/Projects/build/encode/encode/tests/array_sum/array_sum.perf.plain --  --cso /dev/null
key=plain, no.=32, <stderr>:
LENGTH=5800
elapsed cycles: 1147098
hi(checksum)=0x176FD263E2F27A1F
lo(checksum)=0xDA4F2BD9B16D91C0
key=plain, no.=32, <checksum>:
0x176FD263E2F27A1FDA4F2BD9B16D91C0
key=plain, no.=32, cso file:
/dev/null
----------------------------------------------
real command=cset shield -e /home/nrink/Projects/build/encode/encode/tests/array_sum/array_sum.perf.plain --  --cso /dev/null
key=plain, no.=33, <stderr>:
LENGTH=5800
elapsed cycles: 1145706
hi(checksum)=0x176FD263E2F27A1F
lo(checksum)=0xDA4F2BD9B16D91C0
key=plain, no.=33, <checksum>:
0x176FD263E2F27A1FDA4F2BD9B16D91C0
key=plain, no.=33, cso file:
/dev/null
----------------------------------------------
real command=cset shield -e /home/nrink/Projects/build/encode/encode/tests/array_sum/array_sum.perf.plain --  --cso /dev/null
key=plain, no.=34, <stderr>:
LENGTH=5800
elapsed cycles: 1190682
hi(checksum)=0x176FD263E2F27A1F
lo(checksum)=0xDA4F2BD9B16D91C0
key=plain, no.=34, <checksum>:
0x176FD263E2F27A1FDA4F2BD9B16D91C0
key=plain, no.=34, cso file:
/dev/null
----------------------------------------------
real command=cset shield -e /home/nrink/Projects/build/encode/encode/tests/array_sum/array_sum.perf.plain --  --cso /dev/null
key=plain, no.=35, <stderr>:
LENGTH=5800
elapsed cycles: 1146000
hi(checksum)=0x176FD263E2F27A1F
lo(checksum)=0xDA4F2BD9B16D91C0
key=plain, no.=35, <checksum>:
0x176FD263E2F27A1FDA4F2BD9B16D91C0
key=plain, no.=35, cso file:
/dev/null
----------------------------------------------
real command=cset shield -e /home/nrink/Projects/build/encode/encode/tests/array_sum/array_sum.perf.plain --  --cso /dev/null
key=plain, no.=36, <stderr>:
LENGTH=5800
elapsed cycles: 1306302
hi(checksum)=0x176FD263E2F27A1F
lo(checksum)=0xDA4F2BD9B16D91C0
key=plain, no.=36, <checksum>:
0x176FD263E2F27A1FDA4F2BD9B16D91C0
key=plain, no.=36, cso file:
/dev/null
----------------------------------------------
real command=cset shield -e /home/nrink/Projects/build/encode/encode/tests/array_sum/array_sum.perf.plain --  --cso /dev/null
key=plain, no.=37, <stderr>:
LENGTH=5800
elapsed cycles: 1143876
hi(checksum)=0x176FD263E2F27A1F
lo(checksum)=0xDA4F2BD9B16D91C0
key=plain, no.=37, <checksum>:
0x176FD263E2F27A1FDA4F2BD9B16D91C0
key=plain, no.=37, cso file:
/dev/null
----------------------------------------------
real command=cset shield -e /home/nrink/Projects/build/encode/encode/tests/array_sum/array_sum.perf.plain --  --cso /dev/null
key=plain, no.=38, <stderr>:
LENGTH=5800
elapsed cycles: 1152933
hi(checksum)=0x176FD263E2F27A1F
lo(checksum)=0xDA4F2BD9B16D91C0
key=plain, no.=38, <checksum>:
0x176FD263E2F27A1FDA4F2BD9B16D91C0
key=plain, no.=38, cso file:
/dev/null
----------------------------------------------
real command=cset shield -e /home/nrink/Projects/build/encode/encode/tests/array_sum/array_sum.perf.plain --  --cso /dev/null
key=plain, no.=39, <stderr>:
LENGTH=5800
elapsed cycles: 1146975
hi(checksum)=0x176FD263E2F27A1F
lo(checksum)=0xDA4F2BD9B16D91C0
key=plain, no.=39, <checksum>:
0x176FD263E2F27A1FDA4F2BD9B16D91C0
key=plain, no.=39, cso file:
/dev/null
----------------------------------------------
real command=cset shield -e /home/nrink/Projects/build/encode/encode/tests/array_sum/array_sum.perf.plain --  --cso /dev/null
key=plain, no.=40, <stderr>:
LENGTH=5800
elapsed cycles: 1266051
hi(checksum)=0x176FD263E2F27A1F
lo(checksum)=0xDA4F2BD9B16D91C0
key=plain, no.=40, <checksum>:
0x176FD263E2F27A1FDA4F2BD9B16D91C0
key=plain, no.=40, cso file:
/dev/null
----------------------------------------------
real command=cset shield -e /home/nrink/Projects/build/encode/encode/tests/array_sum/array_sum.perf.plain --  --cso /dev/null
key=plain, no.=41, <stderr>:
LENGTH=5800
elapsed cycles: 1144572
hi(checksum)=0x176FD263E2F27A1F
lo(checksum)=0xDA4F2BD9B16D91C0
key=plain, no.=41, <checksum>:
0x176FD263E2F27A1FDA4F2BD9B16D91C0
key=plain, no.=41, cso file:
/dev/null
----------------------------------------------
real command=cset shield -e /home/nrink/Projects/build/encode/encode/tests/array_sum/array_sum.perf.plain --  --cso /dev/null
key=plain, no.=42, <stderr>:
LENGTH=5800
elapsed cycles: 1144296
hi(checksum)=0x176FD263E2F27A1F
lo(checksum)=0xDA4F2BD9B16D91C0
key=plain, no.=42, <checksum>:
0x176FD263E2F27A1FDA4F2BD9B16D91C0
key=plain, no.=42, cso file:
/dev/null
----------------------------------------------
real command=cset shield -e /home/nrink/Projects/build/encode/encode/tests/array_sum/array_sum.perf.plain --  --cso /dev/null
key=plain, no.=43, <stderr>:
LENGTH=5800
elapsed cycles: 1149012
hi(checksum)=0x176FD263E2F27A1F
lo(checksum)=0xDA4F2BD9B16D91C0
key=plain, no.=43, <checksum>:
0x176FD263E2F27A1FDA4F2BD9B16D91C0
key=plain, no.=43, cso file:
/dev/null
----------------------------------------------
real command=cset shield -e /home/nrink/Projects/build/encode/encode/tests/array_sum/array_sum.perf.plain --  --cso /dev/null
key=plain, no.=44, <stderr>:
LENGTH=5800
elapsed cycles: 1147197
hi(checksum)=0x176FD263E2F27A1F
lo(checksum)=0xDA4F2BD9B16D91C0
key=plain, no.=44, <checksum>:
0x176FD263E2F27A1FDA4F2BD9B16D91C0
key=plain, no.=44, cso file:
/dev/null
----------------------------------------------
real command=cset shield -e /home/nrink/Projects/build/encode/encode/tests/array_sum/array_sum.perf.plain --  --cso /dev/null
key=plain, no.=45, <stderr>:
LENGTH=5800
elapsed cycles: 1205850
hi(checksum)=0x176FD263E2F27A1F
lo(checksum)=0xDA4F2BD9B16D91C0
key=plain, no.=45, <checksum>:
0x176FD263E2F27A1FDA4F2BD9B16D91C0
key=plain, no.=45, cso file:
/dev/null
----------------------------------------------
real command=cset shield -e /home/nrink/Projects/build/encode/encode/tests/array_sum/array_sum.perf.plain --  --cso /dev/null
key=plain, no.=46, <stderr>:
LENGTH=5800
elapsed cycles: 1179909
hi(checksum)=0x176FD263E2F27A1F
lo(checksum)=0xDA4F2BD9B16D91C0
key=plain, no.=46, <checksum>:
0x176FD263E2F27A1FDA4F2BD9B16D91C0
key=plain, no.=46, cso file:
/dev/null
----------------------------------------------
real command=cset shield -e /home/nrink/Projects/build/encode/encode/tests/array_sum/array_sum.perf.plain --  --cso /dev/null
key=plain, no.=47, <stderr>:
LENGTH=5800
elapsed cycles: 1143708
hi(checksum)=0x176FD263E2F27A1F
lo(checksum)=0xDA4F2BD9B16D91C0
key=plain, no.=47, <checksum>:
0x176FD263E2F27A1FDA4F2BD9B16D91C0
key=plain, no.=47, cso file:
/dev/null
----------------------------------------------
real command=cset shield -e /home/nrink/Projects/build/encode/encode/tests/array_sum/array_sum.perf.plain --  --cso /dev/null
key=plain, no.=48, <stderr>:
LENGTH=5800
elapsed cycles: 1146594
hi(checksum)=0x176FD263E2F27A1F
lo(checksum)=0xDA4F2BD9B16D91C0
key=plain, no.=48, <checksum>:
0x176FD263E2F27A1FDA4F2BD9B16D91C0
key=plain, no.=48, cso file:
/dev/null
----------------------------------------------
real command=cset shield -e /home/nrink/Projects/build/encode/encode/tests/array_sum/array_sum.perf.plain --  --cso /dev/null
key=plain, no.=49, <stderr>:
LENGTH=5800
elapsed cycles: 1145076
hi(checksum)=0x176FD263E2F27A1F
lo(checksum)=0xDA4F2BD9B16D91C0
key=plain, no.=49, <checksum>:
0x176FD263E2F27A1FDA4F2BD9B16D91C0
key=plain, no.=49, cso file:
/dev/null
----------------------------------------------
real command=cset shield -e /home/nrink/Projects/build/encode/encode/tests/array_sum/array_sum.perf.plain --  --cso /dev/null
key=plain, no.=50, <stderr>:
LENGTH=5800
elapsed cycles: 1176579
hi(checksum)=0x176FD263E2F27A1F
lo(checksum)=0xDA4F2BD9B16D91C0
key=plain, no.=50, <checksum>:
0x176FD263E2F27A1FDA4F2BD9B16D91C0
key=plain, no.=50, cso file:
/dev/null
----------------------------------------------
real command=cset shield -e /home/nrink/Projects/build/encode/encode/tests/array_sum/array_sum.perf.plain --  --cso /dev/null
key=plain, no.=51, <stderr>:
LENGTH=5800
elapsed cycles: 1176915
hi(checksum)=0x176FD263E2F27A1F
lo(checksum)=0xDA4F2BD9B16D91C0
key=plain, no.=51, <checksum>:
0x176FD263E2F27A1FDA4F2BD9B16D91C0
key=plain, no.=51, cso file:
/dev/null
----------------------------------------------
real command=cset shield -e /home/nrink/Projects/build/encode/encode/tests/array_sum/array_sum.perf.plain --  --cso /dev/null
key=plain, no.=52, <stderr>:
LENGTH=5800
elapsed cycles: 1144962
hi(checksum)=0x176FD263E2F27A1F
lo(checksum)=0xDA4F2BD9B16D91C0
key=plain, no.=52, <checksum>:
0x176FD263E2F27A1FDA4F2BD9B16D91C0
key=plain, no.=52, cso file:
/dev/null
----------------------------------------------
real command=cset shield -e /home/nrink/Projects/build/encode/encode/tests/array_sum/array_sum.perf.plain --  --cso /dev/null
key=plain, no.=53, <stderr>:
LENGTH=5800
elapsed cycles: 1176642
hi(checksum)=0x176FD263E2F27A1F
lo(checksum)=0xDA4F2BD9B16D91C0
key=plain, no.=53, <checksum>:
0x176FD263E2F27A1FDA4F2BD9B16D91C0
key=plain, no.=53, cso file:
/dev/null
----------------------------------------------
real command=cset shield -e /home/nrink/Projects/build/encode/encode/tests/array_sum/array_sum.perf.plain --  --cso /dev/null
key=plain, no.=54, <stderr>:
LENGTH=5800
elapsed cycles: 1267185
hi(checksum)=0x176FD263E2F27A1F
lo(checksum)=0xDA4F2BD9B16D91C0
key=plain, no.=54, <checksum>:
0x176FD263E2F27A1FDA4F2BD9B16D91C0
key=plain, no.=54, cso file:
/dev/null
----------------------------------------------
real command=cset shield -e /home/nrink/Projects/build/encode/encode/tests/array_sum/array_sum.perf.plain --  --cso /dev/null
key=plain, no.=55, <stderr>:
LENGTH=5800
elapsed cycles: 1177830
hi(checksum)=0x176FD263E2F27A1F
lo(checksum)=0xDA4F2BD9B16D91C0
key=plain, no.=55, <checksum>:
0x176FD263E2F27A1FDA4F2BD9B16D91C0
key=plain, no.=55, cso file:
/dev/null
----------------------------------------------
real command=cset shield -e /home/nrink/Projects/build/encode/encode/tests/array_sum/array_sum.perf.plain --  --cso /dev/null
key=plain, no.=56, <stderr>:
LENGTH=5800
elapsed cycles: 1143111
hi(checksum)=0x176FD263E2F27A1F
lo(checksum)=0xDA4F2BD9B16D91C0
key=plain, no.=56, <checksum>:
0x176FD263E2F27A1FDA4F2BD9B16D91C0
key=plain, no.=56, cso file:
/dev/null
----------------------------------------------
real command=cset shield -e /home/nrink/Projects/build/encode/encode/tests/array_sum/array_sum.perf.plain --  --cso /dev/null
key=plain, no.=57, <stderr>:
LENGTH=5800
elapsed cycles: 1176717
hi(checksum)=0x176FD263E2F27A1F
lo(checksum)=0xDA4F2BD9B16D91C0
key=plain, no.=57, <checksum>:
0x176FD263E2F27A1FDA4F2BD9B16D91C0
key=plain, no.=57, cso file:
/dev/null
----------------------------------------------
real command=cset shield -e /home/nrink/Projects/build/encode/encode/tests/array_sum/array_sum.perf.plain --  --cso /dev/null
key=plain, no.=58, <stderr>:
LENGTH=5800
elapsed cycles: 1187766
hi(checksum)=0x176FD263E2F27A1F
lo(checksum)=0xDA4F2BD9B16D91C0
key=plain, no.=58, <checksum>:
0x176FD263E2F27A1FDA4F2BD9B16D91C0
key=plain, no.=58, cso file:
/dev/null
----------------------------------------------
real command=cset shield -e /home/nrink/Projects/build/encode/encode/tests/array_sum/array_sum.perf.plain --  --cso /dev/null
key=plain, no.=59, <stderr>:
LENGTH=5800
elapsed cycles: 1146492
hi(checksum)=0x176FD263E2F27A1F
lo(checksum)=0xDA4F2BD9B16D91C0
key=plain, no.=59, <checksum>:
0x176FD263E2F27A1FDA4F2BD9B16D91C0
key=plain, no.=59, cso file:
/dev/null
----------------------------------------------
real command=cset shield -e /home/nrink/Projects/build/encode/encode/tests/array_sum/array_sum.perf.plain --  --cso /dev/null
key=plain, no.=60, <stderr>:
LENGTH=5800
elapsed cycles: 1176381
hi(checksum)=0x176FD263E2F27A1F
lo(checksum)=0xDA4F2BD9B16D91C0
key=plain, no.=60, <checksum>:
0x176FD263E2F27A1FDA4F2BD9B16D91C0
key=plain, no.=60, cso file:
/dev/null
----------------------------------------------
real command=cset shield -e /home/nrink/Projects/build/encode/encode/tests/array_sum/array_sum.perf.plain --  --cso /dev/null
key=plain, no.=61, <stderr>:
LENGTH=5800
elapsed cycles: 1177242
hi(checksum)=0x176FD263E2F27A1F
lo(checksum)=0xDA4F2BD9B16D91C0
key=plain, no.=61, <checksum>:
0x176FD263E2F27A1FDA4F2BD9B16D91C0
key=plain, no.=61, cso file:
/dev/null
----------------------------------------------
real command=cset shield -e /home/nrink/Projects/build/encode/encode/tests/array_sum/array_sum.perf.plain --  --cso /dev/null
key=plain, no.=62, <stderr>:
LENGTH=5800
elapsed cycles: 1176024
hi(checksum)=0x176FD263E2F27A1F
lo(checksum)=0xDA4F2BD9B16D91C0
key=plain, no.=62, <checksum>:
0x176FD263E2F27A1FDA4F2BD9B16D91C0
key=plain, no.=62, cso file:
/dev/null
----------------------------------------------
real command=cset shield -e /home/nrink/Projects/build/encode/encode/tests/array_sum/array_sum.perf.plain --  --cso /dev/null
key=plain, no.=63, <stderr>:
LENGTH=5800
elapsed cycles: 1144698
hi(checksum)=0x176FD263E2F27A1F
lo(checksum)=0xDA4F2BD9B16D91C0
key=plain, no.=63, <checksum>:
0x176FD263E2F27A1FDA4F2BD9B16D91C0
key=plain, no.=63, cso file:
/dev/null
----------------------------------------------
real command=cset shield -e /home/nrink/Projects/build/encode/encode/tests/array_sum/array_sum.perf.plain --  --cso /dev/null
key=plain, no.=64, <stderr>:
LENGTH=5800
elapsed cycles: 1176000
hi(checksum)=0x176FD263E2F27A1F
lo(checksum)=0xDA4F2BD9B16D91C0
key=plain, no.=64, <checksum>:
0x176FD263E2F27A1FDA4F2BD9B16D91C0
key=plain, no.=64, cso file:
/dev/null
----------------------------------------------
real command=cset shield -e /home/nrink/Projects/build/encode/encode/tests/array_sum/array_sum.perf.plain --  --cso /dev/null
key=plain, no.=65, <stderr>:
LENGTH=5800
elapsed cycles: 1144950
hi(checksum)=0x176FD263E2F27A1F
lo(checksum)=0xDA4F2BD9B16D91C0
key=plain, no.=65, <checksum>:
0x176FD263E2F27A1FDA4F2BD9B16D91C0
key=plain, no.=65, cso file:
/dev/null
----------------------------------------------
real command=cset shield -e /home/nrink/Projects/build/encode/encode/tests/array_sum/array_sum.perf.plain --  --cso /dev/null
key=plain, no.=66, <stderr>:
LENGTH=5800
elapsed cycles: 1177515
hi(checksum)=0x176FD263E2F27A1F
lo(checksum)=0xDA4F2BD9B16D91C0
key=plain, no.=66, <checksum>:
0x176FD263E2F27A1FDA4F2BD9B16D91C0
key=plain, no.=66, cso file:
/dev/null
----------------------------------------------
real command=cset shield -e /home/nrink/Projects/build/encode/encode/tests/array_sum/array_sum.perf.plain --  --cso /dev/null
key=plain, no.=67, <stderr>:
LENGTH=5800
elapsed cycles: 1178163
hi(checksum)=0x176FD263E2F27A1F
lo(checksum)=0xDA4F2BD9B16D91C0
key=plain, no.=67, <checksum>:
0x176FD263E2F27A1FDA4F2BD9B16D91C0
key=plain, no.=67, cso file:
/dev/null
----------------------------------------------
real command=cset shield -e /home/nrink/Projects/build/encode/encode/tests/array_sum/array_sum.perf.plain --  --cso /dev/null
key=plain, no.=68, <stderr>:
LENGTH=5800
elapsed cycles: 1143711
hi(checksum)=0x176FD263E2F27A1F
lo(checksum)=0xDA4F2BD9B16D91C0
key=plain, no.=68, <checksum>:
0x176FD263E2F27A1FDA4F2BD9B16D91C0
key=plain, no.=68, cso file:
/dev/null
----------------------------------------------
real command=cset shield -e /home/nrink/Projects/build/encode/encode/tests/array_sum/array_sum.perf.plain --  --cso /dev/null
key=plain, no.=69, <stderr>:
LENGTH=5800
elapsed cycles: 1176597
hi(checksum)=0x176FD263E2F27A1F
lo(checksum)=0xDA4F2BD9B16D91C0
key=plain, no.=69, <checksum>:
0x176FD263E2F27A1FDA4F2BD9B16D91C0
key=plain, no.=69, cso file:
/dev/null
----------------------------------------------
real command=cset shield -e /home/nrink/Projects/build/encode/encode/tests/array_sum/array_sum.perf.plain --  --cso /dev/null
key=plain, no.=70, <stderr>:
LENGTH=5800
elapsed cycles: 1177848
hi(checksum)=0x176FD263E2F27A1F
lo(checksum)=0xDA4F2BD9B16D91C0
key=plain, no.=70, <checksum>:
0x176FD263E2F27A1FDA4F2BD9B16D91C0
key=plain, no.=70, cso file:
/dev/null
----------------------------------------------
real command=cset shield -e /home/nrink/Projects/build/encode/encode/tests/array_sum/array_sum.perf.plain --  --cso /dev/null
key=plain, no.=71, <stderr>:
LENGTH=5800
elapsed cycles: 1176063
hi(checksum)=0x176FD263E2F27A1F
lo(checksum)=0xDA4F2BD9B16D91C0
key=plain, no.=71, <checksum>:
0x176FD263E2F27A1FDA4F2BD9B16D91C0
key=plain, no.=71, cso file:
/dev/null
----------------------------------------------
real command=cset shield -e /home/nrink/Projects/build/encode/encode/tests/array_sum/array_sum.perf.plain --  --cso /dev/null
key=plain, no.=72, <stderr>:
LENGTH=5800
elapsed cycles: 1177962
hi(checksum)=0x176FD263E2F27A1F
lo(checksum)=0xDA4F2BD9B16D91C0
key=plain, no.=72, <checksum>:
0x176FD263E2F27A1FDA4F2BD9B16D91C0
key=plain, no.=72, cso file:
/dev/null
----------------------------------------------
real command=cset shield -e /home/nrink/Projects/build/encode/encode/tests/array_sum/array_sum.perf.plain --  --cso /dev/null
key=plain, no.=73, <stderr>:
LENGTH=5800
elapsed cycles: 1177908
hi(checksum)=0x176FD263E2F27A1F
lo(checksum)=0xDA4F2BD9B16D91C0
key=plain, no.=73, <checksum>:
0x176FD263E2F27A1FDA4F2BD9B16D91C0
key=plain, no.=73, cso file:
/dev/null
----------------------------------------------
real command=cset shield -e /home/nrink/Projects/build/encode/encode/tests/array_sum/array_sum.perf.plain --  --cso /dev/null
key=plain, no.=74, <stderr>:
LENGTH=5800
elapsed cycles: 1220127
hi(checksum)=0x176FD263E2F27A1F
lo(checksum)=0xDA4F2BD9B16D91C0
key=plain, no.=74, <checksum>:
0x176FD263E2F27A1FDA4F2BD9B16D91C0
key=plain, no.=74, cso file:
/dev/null
----------------------------------------------
real command=cset shield -e /home/nrink/Projects/build/encode/encode/tests/array_sum/array_sum.perf.plain --  --cso /dev/null
key=plain, no.=75, <stderr>:
LENGTH=5800
elapsed cycles: 1179177
hi(checksum)=0x176FD263E2F27A1F
lo(checksum)=0xDA4F2BD9B16D91C0
key=plain, no.=75, <checksum>:
0x176FD263E2F27A1FDA4F2BD9B16D91C0
key=plain, no.=75, cso file:
/dev/null
----------------------------------------------
real command=cset shield -e /home/nrink/Projects/build/encode/encode/tests/array_sum/array_sum.perf.plain --  --cso /dev/null
key=plain, no.=76, <stderr>:
LENGTH=5800
elapsed cycles: 1178685
hi(checksum)=0x176FD263E2F27A1F
lo(checksum)=0xDA4F2BD9B16D91C0
key=plain, no.=76, <checksum>:
0x176FD263E2F27A1FDA4F2BD9B16D91C0
key=plain, no.=76, cso file:
/dev/null
----------------------------------------------
real command=cset shield -e /home/nrink/Projects/build/encode/encode/tests/array_sum/array_sum.perf.plain --  --cso /dev/null
key=plain, no.=77, <stderr>:
LENGTH=5800
elapsed cycles: 1142319
hi(checksum)=0x176FD263E2F27A1F
lo(checksum)=0xDA4F2BD9B16D91C0
key=plain, no.=77, <checksum>:
0x176FD263E2F27A1FDA4F2BD9B16D91C0
key=plain, no.=77, cso file:
/dev/null
----------------------------------------------
real command=cset shield -e /home/nrink/Projects/build/encode/encode/tests/array_sum/array_sum.perf.plain --  --cso /dev/null
key=plain, no.=78, <stderr>:
LENGTH=5800
elapsed cycles: 1142985
hi(checksum)=0x176FD263E2F27A1F
lo(checksum)=0xDA4F2BD9B16D91C0
key=plain, no.=78, <checksum>:
0x176FD263E2F27A1FDA4F2BD9B16D91C0
key=plain, no.=78, cso file:
/dev/null
----------------------------------------------
real command=cset shield -e /home/nrink/Projects/build/encode/encode/tests/array_sum/array_sum.perf.plain --  --cso /dev/null
key=plain, no.=79, <stderr>:
LENGTH=5800
elapsed cycles: 1143864
hi(checksum)=0x176FD263E2F27A1F
lo(checksum)=0xDA4F2BD9B16D91C0
key=plain, no.=79, <checksum>:
0x176FD263E2F27A1FDA4F2BD9B16D91C0
key=plain, no.=79, cso file:
/dev/null
----------------------------------------------
real command=cset shield -e /home/nrink/Projects/build/encode/encode/tests/array_sum/array_sum.perf.plain --  --cso /dev/null
key=plain, no.=80, <stderr>:
LENGTH=5800
elapsed cycles: 1143015
hi(checksum)=0x176FD263E2F27A1F
lo(checksum)=0xDA4F2BD9B16D91C0
key=plain, no.=80, <checksum>:
0x176FD263E2F27A1FDA4F2BD9B16D91C0
key=plain, no.=80, cso file:
/dev/null
----------------------------------------------
real command=cset shield -e /home/nrink/Projects/build/encode/encode/tests/array_sum/array_sum.perf.plain --  --cso /dev/null
key=plain, no.=81, <stderr>:
LENGTH=5800
elapsed cycles: 1142571
hi(checksum)=0x176FD263E2F27A1F
lo(checksum)=0xDA4F2BD9B16D91C0
key=plain, no.=81, <checksum>:
0x176FD263E2F27A1FDA4F2BD9B16D91C0
key=plain, no.=81, cso file:
/dev/null
----------------------------------------------
real command=cset shield -e /home/nrink/Projects/build/encode/encode/tests/array_sum/array_sum.perf.plain --  --cso /dev/null
key=plain, no.=82, <stderr>:
LENGTH=5800
elapsed cycles: 1143054
hi(checksum)=0x176FD263E2F27A1F
lo(checksum)=0xDA4F2BD9B16D91C0
key=plain, no.=82, <checksum>:
0x176FD263E2F27A1FDA4F2BD9B16D91C0
key=plain, no.=82, cso file:
/dev/null
----------------------------------------------
real command=cset shield -e /home/nrink/Projects/build/encode/encode/tests/array_sum/array_sum.perf.plain --  --cso /dev/null
key=plain, no.=83, <stderr>:
LENGTH=5800
elapsed cycles: 1144092
hi(checksum)=0x176FD263E2F27A1F
lo(checksum)=0xDA4F2BD9B16D91C0
key=plain, no.=83, <checksum>:
0x176FD263E2F27A1FDA4F2BD9B16D91C0
key=plain, no.=83, cso file:
/dev/null
----------------------------------------------
real command=cset shield -e /home/nrink/Projects/build/encode/encode/tests/array_sum/array_sum.perf.plain --  --cso /dev/null
key=plain, no.=84, <stderr>:
LENGTH=5800
elapsed cycles: 1142292
hi(checksum)=0x176FD263E2F27A1F
lo(checksum)=0xDA4F2BD9B16D91C0
key=plain, no.=84, <checksum>:
0x176FD263E2F27A1FDA4F2BD9B16D91C0
key=plain, no.=84, cso file:
/dev/null
----------------------------------------------
real command=cset shield -e /home/nrink/Projects/build/encode/encode/tests/array_sum/array_sum.perf.plain --  --cso /dev/null
key=plain, no.=85, <stderr>:
LENGTH=5800
elapsed cycles: 1141080
hi(checksum)=0x176FD263E2F27A1F
lo(checksum)=0xDA4F2BD9B16D91C0
key=plain, no.=85, <checksum>:
0x176FD263E2F27A1FDA4F2BD9B16D91C0
key=plain, no.=85, cso file:
/dev/null
----------------------------------------------
real command=cset shield -e /home/nrink/Projects/build/encode/encode/tests/array_sum/array_sum.perf.plain --  --cso /dev/null
key=plain, no.=86, <stderr>:
LENGTH=5800
elapsed cycles: 1161930
hi(checksum)=0x176FD263E2F27A1F
lo(checksum)=0xDA4F2BD9B16D91C0
key=plain, no.=86, <checksum>:
0x176FD263E2F27A1FDA4F2BD9B16D91C0
key=plain, no.=86, cso file:
/dev/null
----------------------------------------------
real command=cset shield -e /home/nrink/Projects/build/encode/encode/tests/array_sum/array_sum.perf.plain --  --cso /dev/null
key=plain, no.=87, <stderr>:
LENGTH=5800
elapsed cycles: 1143411
hi(checksum)=0x176FD263E2F27A1F
lo(checksum)=0xDA4F2BD9B16D91C0
key=plain, no.=87, <checksum>:
0x176FD263E2F27A1FDA4F2BD9B16D91C0
key=plain, no.=87, cso file:
/dev/null
----------------------------------------------
real command=cset shield -e /home/nrink/Projects/build/encode/encode/tests/array_sum/array_sum.perf.plain --  --cso /dev/null
key=plain, no.=88, <stderr>:
LENGTH=5800
elapsed cycles: 1219812
hi(checksum)=0x176FD263E2F27A1F
lo(checksum)=0xDA4F2BD9B16D91C0
key=plain, no.=88, <checksum>:
0x176FD263E2F27A1FDA4F2BD9B16D91C0
key=plain, no.=88, cso file:
/dev/null
----------------------------------------------
real command=cset shield -e /home/nrink/Projects/build/encode/encode/tests/array_sum/array_sum.perf.plain --  --cso /dev/null
key=plain, no.=89, <stderr>:
LENGTH=5800
elapsed cycles: 1142367
hi(checksum)=0x176FD263E2F27A1F
lo(checksum)=0xDA4F2BD9B16D91C0
key=plain, no.=89, <checksum>:
0x176FD263E2F27A1FDA4F2BD9B16D91C0
key=plain, no.=89, cso file:
/dev/null
----------------------------------------------
real command=cset shield -e /home/nrink/Projects/build/encode/encode/tests/array_sum/array_sum.perf.plain --  --cso /dev/null
key=plain, no.=90, <stderr>:
LENGTH=5800
elapsed cycles: 1141506
hi(checksum)=0x176FD263E2F27A1F
lo(checksum)=0xDA4F2BD9B16D91C0
key=plain, no.=90, <checksum>:
0x176FD263E2F27A1FDA4F2BD9B16D91C0
key=plain, no.=90, cso file:
/dev/null
----------------------------------------------
real command=cset shield -e /home/nrink/Projects/build/encode/encode/tests/array_sum/array_sum.perf.plain --  --cso /dev/null
key=plain, no.=91, <stderr>:
LENGTH=5800
elapsed cycles: 1143126
hi(checksum)=0x176FD263E2F27A1F
lo(checksum)=0xDA4F2BD9B16D91C0
key=plain, no.=91, <checksum>:
0x176FD263E2F27A1FDA4F2BD9B16D91C0
key=plain, no.=91, cso file:
/dev/null
----------------------------------------------
real command=cset shield -e /home/nrink/Projects/build/encode/encode/tests/array_sum/array_sum.perf.plain --  --cso /dev/null
key=plain, no.=92, <stderr>:
LENGTH=5800
elapsed cycles: 1143153
hi(checksum)=0x176FD263E2F27A1F
lo(checksum)=0xDA4F2BD9B16D91C0
key=plain, no.=92, <checksum>:
0x176FD263E2F27A1FDA4F2BD9B16D91C0
key=plain, no.=92, cso file:
/dev/null
----------------------------------------------
real command=cset shield -e /home/nrink/Projects/build/encode/encode/tests/array_sum/array_sum.perf.plain --  --cso /dev/null
key=plain, no.=93, <stderr>:
LENGTH=5800
elapsed cycles: 1141680
hi(checksum)=0x176FD263E2F27A1F
lo(checksum)=0xDA4F2BD9B16D91C0
key=plain, no.=93, <checksum>:
0x176FD263E2F27A1FDA4F2BD9B16D91C0
key=plain, no.=93, cso file:
/dev/null
----------------------------------------------
real command=cset shield -e /home/nrink/Projects/build/encode/encode/tests/array_sum/array_sum.perf.plain --  --cso /dev/null
key=plain, no.=94, <stderr>:
LENGTH=5800
elapsed cycles: 1141515
hi(checksum)=0x176FD263E2F27A1F
lo(checksum)=0xDA4F2BD9B16D91C0
key=plain, no.=94, <checksum>:
0x176FD263E2F27A1FDA4F2BD9B16D91C0
key=plain, no.=94, cso file:
/dev/null
----------------------------------------------
real command=cset shield -e /home/nrink/Projects/build/encode/encode/tests/array_sum/array_sum.perf.plain --  --cso /dev/null
key=plain, no.=95, <stderr>:
LENGTH=5800
elapsed cycles: 1143189
hi(checksum)=0x176FD263E2F27A1F
lo(checksum)=0xDA4F2BD9B16D91C0
key=plain, no.=95, <checksum>:
0x176FD263E2F27A1FDA4F2BD9B16D91C0
key=plain, no.=95, cso file:
/dev/null
----------------------------------------------
real command=cset shield -e /home/nrink/Projects/build/encode/encode/tests/array_sum/array_sum.perf.plain --  --cso /dev/null
key=plain, no.=96, <stderr>:
LENGTH=5800
elapsed cycles: 1143213
hi(checksum)=0x176FD263E2F27A1F
lo(checksum)=0xDA4F2BD9B16D91C0
key=plain, no.=96, <checksum>:
0x176FD263E2F27A1FDA4F2BD9B16D91C0
key=plain, no.=96, cso file:
/dev/null
----------------------------------------------
real command=cset shield -e /home/nrink/Projects/build/encode/encode/tests/array_sum/array_sum.perf.plain --  --cso /dev/null
key=plain, no.=97, <stderr>:
LENGTH=5800
elapsed cycles: 1143075
hi(checksum)=0x176FD263E2F27A1F
lo(checksum)=0xDA4F2BD9B16D91C0
key=plain, no.=97, <checksum>:
0x176FD263E2F27A1FDA4F2BD9B16D91C0
key=plain, no.=97, cso file:
/dev/null
----------------------------------------------
real command=cset shield -e /home/nrink/Projects/build/encode/encode/tests/array_sum/array_sum.perf.plain --  --cso /dev/null
key=plain, no.=98, <stderr>:
LENGTH=5800
elapsed cycles: 1141821
hi(checksum)=0x176FD263E2F27A1F
lo(checksum)=0xDA4F2BD9B16D91C0
key=plain, no.=98, <checksum>:
0x176FD263E2F27A1FDA4F2BD9B16D91C0
key=plain, no.=98, cso file:
/dev/null
----------------------------------------------
real command=cset shield -e /home/nrink/Projects/build/encode/encode/tests/array_sum/array_sum.perf.plain --  --cso /dev/null
key=plain, no.=99, <stderr>:
LENGTH=5800
elapsed cycles: 1142124
hi(checksum)=0x176FD263E2F27A1F
lo(checksum)=0xDA4F2BD9B16D91C0
key=plain, no.=99, <checksum>:
0x176FD263E2F27A1FDA4F2BD9B16D91C0
key=plain, no.=99, cso file:
/dev/null
----------------------------------------------
key=encoded, runs=100 ...
command=/home/nrink/Projects/build/encode/encode/tests/array_sum/array_sum.perf.encoded
----------------------------------------------
real command=cset shield -e /home/nrink/Projects/build/encode/encode/tests/array_sum/array_sum.perf.encoded --  --cso /dev/null
key=encoded, no.=0, <stderr>:
LENGTH=5800
elapsed cycles: 3851475
hi(checksum)=0x176FD263E2F27A1F
lo(checksum)=0xDA4F2BD9B16D91C0
key=encoded, no.=0, <checksum>:
0x176FD263E2F27A1FDA4F2BD9B16D91C0
key=encoded, no.=0, cso file:
/dev/null
----------------------------------------------
real command=cset shield -e /home/nrink/Projects/build/encode/encode/tests/array_sum/array_sum.perf.encoded --  --cso /dev/null
key=encoded, no.=1, <stderr>:
LENGTH=5800
elapsed cycles: 3851895
hi(checksum)=0x176FD263E2F27A1F
lo(checksum)=0xDA4F2BD9B16D91C0
key=encoded, no.=1, <checksum>:
0x176FD263E2F27A1FDA4F2BD9B16D91C0
key=encoded, no.=1, cso file:
/dev/null
----------------------------------------------
real command=cset shield -e /home/nrink/Projects/build/encode/encode/tests/array_sum/array_sum.perf.encoded --  --cso /dev/null
key=encoded, no.=2, <stderr>:
LENGTH=5800
elapsed cycles: 3850530
hi(checksum)=0x176FD263E2F27A1F
lo(checksum)=0xDA4F2BD9B16D91C0
key=encoded, no.=2, <checksum>:
0x176FD263E2F27A1FDA4F2BD9B16D91C0
key=encoded, no.=2, cso file:
/dev/null
----------------------------------------------
real command=cset shield -e /home/nrink/Projects/build/encode/encode/tests/array_sum/array_sum.perf.encoded --  --cso /dev/null
key=encoded, no.=3, <stderr>:
LENGTH=5800
elapsed cycles: 3851751
hi(checksum)=0x176FD263E2F27A1F
lo(checksum)=0xDA4F2BD9B16D91C0
key=encoded, no.=3, <checksum>:
0x176FD263E2F27A1FDA4F2BD9B16D91C0
key=encoded, no.=3, cso file:
/dev/null
----------------------------------------------
real command=cset shield -e /home/nrink/Projects/build/encode/encode/tests/array_sum/array_sum.perf.encoded --  --cso /dev/null
key=encoded, no.=4, <stderr>:
LENGTH=5800
elapsed cycles: 3850539
hi(checksum)=0x176FD263E2F27A1F
lo(checksum)=0xDA4F2BD9B16D91C0
key=encoded, no.=4, <checksum>:
0x176FD263E2F27A1FDA4F2BD9B16D91C0
key=encoded, no.=4, cso file:
/dev/null
----------------------------------------------
real command=cset shield -e /home/nrink/Projects/build/encode/encode/tests/array_sum/array_sum.perf.encoded --  --cso /dev/null
key=encoded, no.=5, <stderr>:
LENGTH=5800
elapsed cycles: 3851046
hi(checksum)=0x176FD263E2F27A1F
lo(checksum)=0xDA4F2BD9B16D91C0
key=encoded, no.=5, <checksum>:
0x176FD263E2F27A1FDA4F2BD9B16D91C0
key=encoded, no.=5, cso file:
/dev/null
----------------------------------------------
real command=cset shield -e /home/nrink/Projects/build/encode/encode/tests/array_sum/array_sum.perf.encoded --  --cso /dev/null
key=encoded, no.=6, <stderr>:
LENGTH=5800
elapsed cycles: 3852651
hi(checksum)=0x176FD263E2F27A1F
lo(checksum)=0xDA4F2BD9B16D91C0
key=encoded, no.=6, <checksum>:
0x176FD263E2F27A1FDA4F2BD9B16D91C0
key=encoded, no.=6, cso file:
/dev/null
----------------------------------------------
real command=cset shield -e /home/nrink/Projects/build/encode/encode/tests/array_sum/array_sum.perf.encoded --  --cso /dev/null
key=encoded, no.=7, <stderr>:
LENGTH=5800
elapsed cycles: 3851523
hi(checksum)=0x176FD263E2F27A1F
lo(checksum)=0xDA4F2BD9B16D91C0
key=encoded, no.=7, <checksum>:
0x176FD263E2F27A1FDA4F2BD9B16D91C0
key=encoded, no.=7, cso file:
/dev/null
----------------------------------------------
real command=cset shield -e /home/nrink/Projects/build/encode/encode/tests/array_sum/array_sum.perf.encoded --  --cso /dev/null
key=encoded, no.=8, <stderr>:
LENGTH=5800
elapsed cycles: 3852009
hi(checksum)=0x176FD263E2F27A1F
lo(checksum)=0xDA4F2BD9B16D91C0
key=encoded, no.=8, <checksum>:
0x176FD263E2F27A1FDA4F2BD9B16D91C0
key=encoded, no.=8, cso file:
/dev/null
----------------------------------------------
real command=cset shield -e /home/nrink/Projects/build/encode/encode/tests/array_sum/array_sum.perf.encoded --  --cso /dev/null
key=encoded, no.=9, <stderr>:
LENGTH=5800
elapsed cycles: 3914466
hi(checksum)=0x176FD263E2F27A1F
lo(checksum)=0xDA4F2BD9B16D91C0
key=encoded, no.=9, <checksum>:
0x176FD263E2F27A1FDA4F2BD9B16D91C0
key=encoded, no.=9, cso file:
/dev/null
----------------------------------------------
real command=cset shield -e /home/nrink/Projects/build/encode/encode/tests/array_sum/array_sum.perf.encoded --  --cso /dev/null
key=encoded, no.=10, <stderr>:
LENGTH=5800
elapsed cycles: 3891423
hi(checksum)=0x176FD263E2F27A1F
lo(checksum)=0xDA4F2BD9B16D91C0
key=encoded, no.=10, <checksum>:
0x176FD263E2F27A1FDA4F2BD9B16D91C0
key=encoded, no.=10, cso file:
/dev/null
----------------------------------------------
real command=cset shield -e /home/nrink/Projects/build/encode/encode/tests/array_sum/array_sum.perf.encoded --  --cso /dev/null
key=encoded, no.=11, <stderr>:
LENGTH=5800
elapsed cycles: 3890517
hi(checksum)=0x176FD263E2F27A1F
lo(checksum)=0xDA4F2BD9B16D91C0
key=encoded, no.=11, <checksum>:
0x176FD263E2F27A1FDA4F2BD9B16D91C0
key=encoded, no.=11, cso file:
/dev/null
----------------------------------------------
real command=cset shield -e /home/nrink/Projects/build/encode/encode/tests/array_sum/array_sum.perf.encoded --  --cso /dev/null
key=encoded, no.=12, <stderr>:
LENGTH=5800
elapsed cycles: 4039230
hi(checksum)=0x176FD263E2F27A1F
lo(checksum)=0xDA4F2BD9B16D91C0
key=encoded, no.=12, <checksum>:
0x176FD263E2F27A1FDA4F2BD9B16D91C0
key=encoded, no.=12, cso file:
/dev/null
----------------------------------------------
real command=cset shield -e /home/nrink/Projects/build/encode/encode/tests/array_sum/array_sum.perf.encoded --  --cso /dev/null
key=encoded, no.=13, <stderr>:
LENGTH=5800
elapsed cycles: 3851034
hi(checksum)=0x176FD263E2F27A1F
lo(checksum)=0xDA4F2BD9B16D91C0
key=encoded, no.=13, <checksum>:
0x176FD263E2F27A1FDA4F2BD9B16D91C0
key=encoded, no.=13, cso file:
/dev/null
----------------------------------------------
real command=cset shield -e /home/nrink/Projects/build/encode/encode/tests/array_sum/array_sum.perf.encoded --  --cso /dev/null
key=encoded, no.=14, <stderr>:
LENGTH=5800
elapsed cycles: 3853494
hi(checksum)=0x176FD263E2F27A1F
lo(checksum)=0xDA4F2BD9B16D91C0
key=encoded, no.=14, <checksum>:
0x176FD263E2F27A1FDA4F2BD9B16D91C0
key=encoded, no.=14, cso file:
/dev/null
----------------------------------------------
real command=cset shield -e /home/nrink/Projects/build/encode/encode/tests/array_sum/array_sum.perf.encoded --  --cso /dev/null
key=encoded, no.=15, <stderr>:
LENGTH=5800
elapsed cycles: 3852381
hi(checksum)=0x176FD263E2F27A1F
lo(checksum)=0xDA4F2BD9B16D91C0
key=encoded, no.=15, <checksum>:
0x176FD263E2F27A1FDA4F2BD9B16D91C0
key=encoded, no.=15, cso file:
/dev/null
----------------------------------------------
real command=cset shield -e /home/nrink/Projects/build/encode/encode/tests/array_sum/array_sum.perf.encoded --  --cso /dev/null
key=encoded, no.=16, <stderr>:
LENGTH=5800
elapsed cycles: 3854562
hi(checksum)=0x176FD263E2F27A1F
lo(checksum)=0xDA4F2BD9B16D91C0
key=encoded, no.=16, <checksum>:
0x176FD263E2F27A1FDA4F2BD9B16D91C0
key=encoded, no.=16, cso file:
/dev/null
----------------------------------------------
real command=cset shield -e /home/nrink/Projects/build/encode/encode/tests/array_sum/array_sum.perf.encoded --  --cso /dev/null
key=encoded, no.=17, <stderr>:
LENGTH=5800
elapsed cycles: 3852798
hi(checksum)=0x176FD263E2F27A1F
lo(checksum)=0xDA4F2BD9B16D91C0
key=encoded, no.=17, <checksum>:
0x176FD263E2F27A1FDA4F2BD9B16D91C0
key=encoded, no.=17, cso file:
/dev/null
----------------------------------------------
real command=cset shield -e /home/nrink/Projects/build/encode/encode/tests/array_sum/array_sum.perf.encoded --  --cso /dev/null
key=encoded, no.=18, <stderr>:
LENGTH=5800
elapsed cycles: 3850275
hi(checksum)=0x176FD263E2F27A1F
lo(checksum)=0xDA4F2BD9B16D91C0
key=encoded, no.=18, <checksum>:
0x176FD263E2F27A1FDA4F2BD9B16D91C0
key=encoded, no.=18, cso file:
/dev/null
----------------------------------------------
real command=cset shield -e /home/nrink/Projects/build/encode/encode/tests/array_sum/array_sum.perf.encoded --  --cso /dev/null
key=encoded, no.=19, <stderr>:
LENGTH=5800
elapsed cycles: 3853071
hi(checksum)=0x176FD263E2F27A1F
lo(checksum)=0xDA4F2BD9B16D91C0
key=encoded, no.=19, <checksum>:
0x176FD263E2F27A1FDA4F2BD9B16D91C0
key=encoded, no.=19, cso file:
/dev/null
----------------------------------------------
real command=cset shield -e /home/nrink/Projects/build/encode/encode/tests/array_sum/array_sum.perf.encoded --  --cso /dev/null
key=encoded, no.=20, <stderr>:
LENGTH=5800
elapsed cycles: 3855459
hi(checksum)=0x176FD263E2F27A1F
lo(checksum)=0xDA4F2BD9B16D91C0
key=encoded, no.=20, <checksum>:
0x176FD263E2F27A1FDA4F2BD9B16D91C0
key=encoded, no.=20, cso file:
/dev/null
----------------------------------------------
real command=cset shield -e /home/nrink/Projects/build/encode/encode/tests/array_sum/array_sum.perf.encoded --  --cso /dev/null
key=encoded, no.=21, <stderr>:
LENGTH=5800
elapsed cycles: 3850446
hi(checksum)=0x176FD263E2F27A1F
lo(checksum)=0xDA4F2BD9B16D91C0
key=encoded, no.=21, <checksum>:
0x176FD263E2F27A1FDA4F2BD9B16D91C0
key=encoded, no.=21, cso file:
/dev/null
----------------------------------------------
real command=cset shield -e /home/nrink/Projects/build/encode/encode/tests/array_sum/array_sum.perf.encoded --  --cso /dev/null
key=encoded, no.=22, <stderr>:
LENGTH=5800
elapsed cycles: 3850614
hi(checksum)=0x176FD263E2F27A1F
lo(checksum)=0xDA4F2BD9B16D91C0
key=encoded, no.=22, <checksum>:
0x176FD263E2F27A1FDA4F2BD9B16D91C0
key=encoded, no.=22, cso file:
/dev/null
----------------------------------------------
real command=cset shield -e /home/nrink/Projects/build/encode/encode/tests/array_sum/array_sum.perf.encoded --  --cso /dev/null
key=encoded, no.=23, <stderr>:
LENGTH=5800
elapsed cycles: 3900027
hi(checksum)=0x176FD263E2F27A1F
lo(checksum)=0xDA4F2BD9B16D91C0
key=encoded, no.=23, <checksum>:
0x176FD263E2F27A1FDA4F2BD9B16D91C0
key=encoded, no.=23, cso file:
/dev/null
----------------------------------------------
real command=cset shield -e /home/nrink/Projects/build/encode/encode/tests/array_sum/array_sum.perf.encoded --  --cso /dev/null
key=encoded, no.=24, <stderr>:
LENGTH=5800
elapsed cycles: 3896046
hi(checksum)=0x176FD263E2F27A1F
lo(checksum)=0xDA4F2BD9B16D91C0
key=encoded, no.=24, <checksum>:
0x176FD263E2F27A1FDA4F2BD9B16D91C0
key=encoded, no.=24, cso file:
/dev/null
----------------------------------------------
real command=cset shield -e /home/nrink/Projects/build/encode/encode/tests/array_sum/array_sum.perf.encoded --  --cso /dev/null
key=encoded, no.=25, <stderr>:
LENGTH=5800
elapsed cycles: 3851496
hi(checksum)=0x176FD263E2F27A1F
lo(checksum)=0xDA4F2BD9B16D91C0
key=encoded, no.=25, <checksum>:
0x176FD263E2F27A1FDA4F2BD9B16D91C0
key=encoded, no.=25, cso file:
/dev/null
----------------------------------------------
real command=cset shield -e /home/nrink/Projects/build/encode/encode/tests/array_sum/array_sum.perf.encoded --  --cso /dev/null
key=encoded, no.=26, <stderr>:
LENGTH=5800
elapsed cycles: 3925101
hi(checksum)=0x176FD263E2F27A1F
lo(checksum)=0xDA4F2BD9B16D91C0
key=encoded, no.=26, <checksum>:
0x176FD263E2F27A1FDA4F2BD9B16D91C0
key=encoded, no.=26, cso file:
/dev/null
----------------------------------------------
real command=cset shield -e /home/nrink/Projects/build/encode/encode/tests/array_sum/array_sum.perf.encoded --  --cso /dev/null
key=encoded, no.=27, <stderr>:
LENGTH=5800
elapsed cycles: 3919614
hi(checksum)=0x176FD263E2F27A1F
lo(checksum)=0xDA4F2BD9B16D91C0
key=encoded, no.=27, <checksum>:
0x176FD263E2F27A1FDA4F2BD9B16D91C0
key=encoded, no.=27, cso file:
/dev/null
----------------------------------------------
real command=cset shield -e /home/nrink/Projects/build/encode/encode/tests/array_sum/array_sum.perf.encoded --  --cso /dev/null
key=encoded, no.=28, <stderr>:
LENGTH=5800
elapsed cycles: 3852153
hi(checksum)=0x176FD263E2F27A1F
lo(checksum)=0xDA4F2BD9B16D91C0
key=encoded, no.=28, <checksum>:
0x176FD263E2F27A1FDA4F2BD9B16D91C0
key=encoded, no.=28, cso file:
/dev/null
----------------------------------------------
real command=cset shield -e /home/nrink/Projects/build/encode/encode/tests/array_sum/array_sum.perf.encoded --  --cso /dev/null
key=encoded, no.=29, <stderr>:
LENGTH=5800
elapsed cycles: 3852420
hi(checksum)=0x176FD263E2F27A1F
lo(checksum)=0xDA4F2BD9B16D91C0
key=encoded, no.=29, <checksum>:
0x176FD263E2F27A1FDA4F2BD9B16D91C0
key=encoded, no.=29, cso file:
/dev/null
----------------------------------------------
real command=cset shield -e /home/nrink/Projects/build/encode/encode/tests/array_sum/array_sum.perf.encoded --  --cso /dev/null
key=encoded, no.=30, <stderr>:
LENGTH=5800
elapsed cycles: 3852852
hi(checksum)=0x176FD263E2F27A1F
lo(checksum)=0xDA4F2BD9B16D91C0
key=encoded, no.=30, <checksum>:
0x176FD263E2F27A1FDA4F2BD9B16D91C0
key=encoded, no.=30, cso file:
/dev/null
----------------------------------------------
real command=cset shield -e /home/nrink/Projects/build/encode/encode/tests/array_sum/array_sum.perf.encoded --  --cso /dev/null
key=encoded, no.=31, <stderr>:
LENGTH=5800
elapsed cycles: 3985851
hi(checksum)=0x176FD263E2F27A1F
lo(checksum)=0xDA4F2BD9B16D91C0
key=encoded, no.=31, <checksum>:
0x176FD263E2F27A1FDA4F2BD9B16D91C0
key=encoded, no.=31, cso file:
/dev/null
----------------------------------------------
real command=cset shield -e /home/nrink/Projects/build/encode/encode/tests/array_sum/array_sum.perf.encoded --  --cso /dev/null
key=encoded, no.=32, <stderr>:
LENGTH=5800
elapsed cycles: 3889572
hi(checksum)=0x176FD263E2F27A1F
lo(checksum)=0xDA4F2BD9B16D91C0
key=encoded, no.=32, <checksum>:
0x176FD263E2F27A1FDA4F2BD9B16D91C0
key=encoded, no.=32, cso file:
/dev/null
----------------------------------------------
real command=cset shield -e /home/nrink/Projects/build/encode/encode/tests/array_sum/array_sum.perf.encoded --  --cso /dev/null
key=encoded, no.=33, <stderr>:
LENGTH=5800
elapsed cycles: 3892614
hi(checksum)=0x176FD263E2F27A1F
lo(checksum)=0xDA4F2BD9B16D91C0
key=encoded, no.=33, <checksum>:
0x176FD263E2F27A1FDA4F2BD9B16D91C0
key=encoded, no.=33, cso file:
/dev/null
----------------------------------------------
real command=cset shield -e /home/nrink/Projects/build/encode/encode/tests/array_sum/array_sum.perf.encoded --  --cso /dev/null
key=encoded, no.=34, <stderr>:
LENGTH=5800
elapsed cycles: 3946968
hi(checksum)=0x176FD263E2F27A1F
lo(checksum)=0xDA4F2BD9B16D91C0
key=encoded, no.=34, <checksum>:
0x176FD263E2F27A1FDA4F2BD9B16D91C0
key=encoded, no.=34, cso file:
/dev/null
----------------------------------------------
real command=cset shield -e /home/nrink/Projects/build/encode/encode/tests/array_sum/array_sum.perf.encoded --  --cso /dev/null
key=encoded, no.=35, <stderr>:
LENGTH=5800
elapsed cycles: 3853122
hi(checksum)=0x176FD263E2F27A1F
lo(checksum)=0xDA4F2BD9B16D91C0
key=encoded, no.=35, <checksum>:
0x176FD263E2F27A1FDA4F2BD9B16D91C0
key=encoded, no.=35, cso file:
/dev/null
----------------------------------------------
real command=cset shield -e /home/nrink/Projects/build/encode/encode/tests/array_sum/array_sum.perf.encoded --  --cso /dev/null
key=encoded, no.=36, <stderr>:
LENGTH=5800
elapsed cycles: 4071699
hi(checksum)=0x176FD263E2F27A1F
lo(checksum)=0xDA4F2BD9B16D91C0
key=encoded, no.=36, <checksum>:
0x176FD263E2F27A1FDA4F2BD9B16D91C0
key=encoded, no.=36, cso file:
/dev/null
----------------------------------------------
real command=cset shield -e /home/nrink/Projects/build/encode/encode/tests/array_sum/array_sum.perf.encoded --  --cso /dev/null
key=encoded, no.=37, <stderr>:
LENGTH=5800
elapsed cycles: 5202537
hi(checksum)=0x176FD263E2F27A1F
lo(checksum)=0xDA4F2BD9B16D91C0
key=encoded, no.=37, <checksum>:
0x176FD263E2F27A1FDA4F2BD9B16D91C0
key=encoded, no.=37, cso file:
/dev/null
----------------------------------------------
real command=cset shield -e /home/nrink/Projects/build/encode/encode/tests/array_sum/array_sum.perf.encoded --  --cso /dev/null
key=encoded, no.=38, <stderr>:
LENGTH=5800
elapsed cycles: 3848106
hi(checksum)=0x176FD263E2F27A1F
lo(checksum)=0xDA4F2BD9B16D91C0
key=encoded, no.=38, <checksum>:
0x176FD263E2F27A1FDA4F2BD9B16D91C0
key=encoded, no.=38, cso file:
/dev/null
----------------------------------------------
real command=cset shield -e /home/nrink/Projects/build/encode/encode/tests/array_sum/array_sum.perf.encoded --  --cso /dev/null
key=encoded, no.=39, <stderr>:
LENGTH=5800
elapsed cycles: 3883311
hi(checksum)=0x176FD263E2F27A1F
lo(checksum)=0xDA4F2BD9B16D91C0
key=encoded, no.=39, <checksum>:
0x176FD263E2F27A1FDA4F2BD9B16D91C0
key=encoded, no.=39, cso file:
/dev/null
----------------------------------------------
real command=cset shield -e /home/nrink/Projects/build/encode/encode/tests/array_sum/array_sum.perf.encoded --  --cso /dev/null
key=encoded, no.=40, <stderr>:
LENGTH=5800
elapsed cycles: 4064505
hi(checksum)=0x176FD263E2F27A1F
lo(checksum)=0xDA4F2BD9B16D91C0
key=encoded, no.=40, <checksum>:
0x176FD263E2F27A1FDA4F2BD9B16D91C0
key=encoded, no.=40, cso file:
/dev/null
----------------------------------------------
real command=cset shield -e /home/nrink/Projects/build/encode/encode/tests/array_sum/array_sum.perf.encoded --  --cso /dev/null
key=encoded, no.=41, <stderr>:
LENGTH=5800
elapsed cycles: 3845262
hi(checksum)=0x176FD263E2F27A1F
lo(checksum)=0xDA4F2BD9B16D91C0
key=encoded, no.=41, <checksum>:
0x176FD263E2F27A1FDA4F2BD9B16D91C0
key=encoded, no.=41, cso file:
/dev/null
----------------------------------------------
real command=cset shield -e /home/nrink/Projects/build/encode/encode/tests/array_sum/array_sum.perf.encoded --  --cso /dev/null
key=encoded, no.=42, <stderr>:
LENGTH=5800
elapsed cycles: 3879852
hi(checksum)=0x176FD263E2F27A1F
lo(checksum)=0xDA4F2BD9B16D91C0
key=encoded, no.=42, <checksum>:
0x176FD263E2F27A1FDA4F2BD9B16D91C0
key=encoded, no.=42, cso file:
/dev/null
----------------------------------------------
real command=cset shield -e /home/nrink/Projects/build/encode/encode/tests/array_sum/array_sum.perf.encoded --  --cso /dev/null
key=encoded, no.=43, <stderr>:
LENGTH=5800
elapsed cycles: 3880035
hi(checksum)=0x176FD263E2F27A1F
lo(checksum)=0xDA4F2BD9B16D91C0
key=encoded, no.=43, <checksum>:
0x176FD263E2F27A1FDA4F2BD9B16D91C0
key=encoded, no.=43, cso file:
/dev/null
----------------------------------------------
real command=cset shield -e /home/nrink/Projects/build/encode/encode/tests/array_sum/array_sum.perf.encoded --  --cso /dev/null
key=encoded, no.=44, <stderr>:
LENGTH=5800
elapsed cycles: 4075035
hi(checksum)=0x176FD263E2F27A1F
lo(checksum)=0xDA4F2BD9B16D91C0
key=encoded, no.=44, <checksum>:
0x176FD263E2F27A1FDA4F2BD9B16D91C0
key=encoded, no.=44, cso file:
/dev/null
----------------------------------------------
real command=cset shield -e /home/nrink/Projects/build/encode/encode/tests/array_sum/array_sum.perf.encoded --  --cso /dev/null
key=encoded, no.=45, <stderr>:
LENGTH=5800
elapsed cycles: 4065996
hi(checksum)=0x176FD263E2F27A1F
lo(checksum)=0xDA4F2BD9B16D91C0
key=encoded, no.=45, <checksum>:
0x176FD263E2F27A1FDA4F2BD9B16D91C0
key=encoded, no.=45, cso file:
/dev/null
----------------------------------------------
real command=cset shield -e /home/nrink/Projects/build/encode/encode/tests/array_sum/array_sum.perf.encoded --  --cso /dev/null
key=encoded, no.=46, <stderr>:
LENGTH=5800
elapsed cycles: 4067475
hi(checksum)=0x176FD263E2F27A1F
lo(checksum)=0xDA4F2BD9B16D91C0
key=encoded, no.=46, <checksum>:
0x176FD263E2F27A1FDA4F2BD9B16D91C0
key=encoded, no.=46, cso file:
/dev/null
----------------------------------------------
real command=cset shield -e /home/nrink/Projects/build/encode/encode/tests/array_sum/array_sum.perf.encoded --  --cso /dev/null
key=encoded, no.=47, <stderr>:
LENGTH=5800
elapsed cycles: 4064172
hi(checksum)=0x176FD263E2F27A1F
lo(checksum)=0xDA4F2BD9B16D91C0
key=encoded, no.=47, <checksum>:
0x176FD263E2F27A1FDA4F2BD9B16D91C0
key=encoded, no.=47, cso file:
/dev/null
----------------------------------------------
real command=cset shield -e /home/nrink/Projects/build/encode/encode/tests/array_sum/array_sum.perf.encoded --  --cso /dev/null
key=encoded, no.=48, <stderr>:
LENGTH=5800
elapsed cycles: 4059828
hi(checksum)=0x176FD263E2F27A1F
lo(checksum)=0xDA4F2BD9B16D91C0
key=encoded, no.=48, <checksum>:
0x176FD263E2F27A1FDA4F2BD9B16D91C0
key=encoded, no.=48, cso file:
/dev/null
----------------------------------------------
real command=cset shield -e /home/nrink/Projects/build/encode/encode/tests/array_sum/array_sum.perf.encoded --  --cso /dev/null
key=encoded, no.=49, <stderr>:
LENGTH=5800
elapsed cycles: 3986688
hi(checksum)=0x176FD263E2F27A1F
lo(checksum)=0xDA4F2BD9B16D91C0
key=encoded, no.=49, <checksum>:
0x176FD263E2F27A1FDA4F2BD9B16D91C0
key=encoded, no.=49, cso file:
/dev/null
----------------------------------------------
real command=cset shield -e /home/nrink/Projects/build/encode/encode/tests/array_sum/array_sum.perf.encoded --  --cso /dev/null
key=encoded, no.=50, <stderr>:
LENGTH=5800
elapsed cycles: 3974928
hi(checksum)=0x176FD263E2F27A1F
lo(checksum)=0xDA4F2BD9B16D91C0
key=encoded, no.=50, <checksum>:
0x176FD263E2F27A1FDA4F2BD9B16D91C0
key=encoded, no.=50, cso file:
/dev/null
----------------------------------------------
real command=cset shield -e /home/nrink/Projects/build/encode/encode/tests/array_sum/array_sum.perf.encoded --  --cso /dev/null
key=encoded, no.=51, <stderr>:
LENGTH=5800
elapsed cycles: 3888075
hi(checksum)=0x176FD263E2F27A1F
lo(checksum)=0xDA4F2BD9B16D91C0
key=encoded, no.=51, <checksum>:
0x176FD263E2F27A1FDA4F2BD9B16D91C0
key=encoded, no.=51, cso file:
/dev/null
----------------------------------------------
real command=cset shield -e /home/nrink/Projects/build/encode/encode/tests/array_sum/array_sum.perf.encoded --  --cso /dev/null
key=encoded, no.=52, <stderr>:
LENGTH=5800
elapsed cycles: 3884895
hi(checksum)=0x176FD263E2F27A1F
lo(checksum)=0xDA4F2BD9B16D91C0
key=encoded, no.=52, <checksum>:
0x176FD263E2F27A1FDA4F2BD9B16D91C0
key=encoded, no.=52, cso file:
/dev/null
----------------------------------------------
real command=cset shield -e /home/nrink/Projects/build/encode/encode/tests/array_sum/array_sum.perf.encoded --  --cso /dev/null
key=encoded, no.=53, <stderr>:
LENGTH=5800
elapsed cycles: 3856608
hi(checksum)=0x176FD263E2F27A1F
lo(checksum)=0xDA4F2BD9B16D91C0
key=encoded, no.=53, <checksum>:
0x176FD263E2F27A1FDA4F2BD9B16D91C0
key=encoded, no.=53, cso file:
/dev/null
----------------------------------------------
real command=cset shield -e /home/nrink/Projects/build/encode/encode/tests/array_sum/array_sum.perf.encoded --  --cso /dev/null
key=encoded, no.=54, <stderr>:
LENGTH=5800
elapsed cycles: 3850896
hi(checksum)=0x176FD263E2F27A1F
lo(checksum)=0xDA4F2BD9B16D91C0
key=encoded, no.=54, <checksum>:
0x176FD263E2F27A1FDA4F2BD9B16D91C0
key=encoded, no.=54, cso file:
/dev/null
----------------------------------------------
real command=cset shield -e /home/nrink/Projects/build/encode/encode/tests/array_sum/array_sum.perf.encoded --  --cso /dev/null
key=encoded, no.=55, <stderr>:
LENGTH=5800
elapsed cycles: 3845883
hi(checksum)=0x176FD263E2F27A1F
lo(checksum)=0xDA4F2BD9B16D91C0
key=encoded, no.=55, <checksum>:
0x176FD263E2F27A1FDA4F2BD9B16D91C0
key=encoded, no.=55, cso file:
/dev/null
----------------------------------------------
real command=cset shield -e /home/nrink/Projects/build/encode/encode/tests/array_sum/array_sum.perf.encoded --  --cso /dev/null
key=encoded, no.=56, <stderr>:
LENGTH=5800
elapsed cycles: 3877968
hi(checksum)=0x176FD263E2F27A1F
lo(checksum)=0xDA4F2BD9B16D91C0
key=encoded, no.=56, <checksum>:
0x176FD263E2F27A1FDA4F2BD9B16D91C0
key=encoded, no.=56, cso file:
/dev/null
----------------------------------------------
real command=cset shield -e /home/nrink/Projects/build/encode/encode/tests/array_sum/array_sum.perf.encoded --  --cso /dev/null
key=encoded, no.=57, <stderr>:
LENGTH=5800
elapsed cycles: 3852858
hi(checksum)=0x176FD263E2F27A1F
lo(checksum)=0xDA4F2BD9B16D91C0
key=encoded, no.=57, <checksum>:
0x176FD263E2F27A1FDA4F2BD9B16D91C0
key=encoded, no.=57, cso file:
/dev/null
----------------------------------------------
real command=cset shield -e /home/nrink/Projects/build/encode/encode/tests/array_sum/array_sum.perf.encoded --  --cso /dev/null
key=encoded, no.=58, <stderr>:
LENGTH=5800
elapsed cycles: 3877701
hi(checksum)=0x176FD263E2F27A1F
lo(checksum)=0xDA4F2BD9B16D91C0
key=encoded, no.=58, <checksum>:
0x176FD263E2F27A1FDA4F2BD9B16D91C0
key=encoded, no.=58, cso file:
/dev/null
----------------------------------------------
real command=cset shield -e /home/nrink/Projects/build/encode/encode/tests/array_sum/array_sum.perf.encoded --  --cso /dev/null
key=encoded, no.=59, <stderr>:
LENGTH=5800
elapsed cycles: 3848760
hi(checksum)=0x176FD263E2F27A1F
lo(checksum)=0xDA4F2BD9B16D91C0
key=encoded, no.=59, <checksum>:
0x176FD263E2F27A1FDA4F2BD9B16D91C0
key=encoded, no.=59, cso file:
/dev/null
----------------------------------------------
real command=cset shield -e /home/nrink/Projects/build/encode/encode/tests/array_sum/array_sum.perf.encoded --  --cso /dev/null
key=encoded, no.=60, <stderr>:
LENGTH=5800
elapsed cycles: 3846387
hi(checksum)=0x176FD263E2F27A1F
lo(checksum)=0xDA4F2BD9B16D91C0
key=encoded, no.=60, <checksum>:
0x176FD263E2F27A1FDA4F2BD9B16D91C0
key=encoded, no.=60, cso file:
/dev/null
----------------------------------------------
real command=cset shield -e /home/nrink/Projects/build/encode/encode/tests/array_sum/array_sum.perf.encoded --  --cso /dev/null
key=encoded, no.=61, <stderr>:
LENGTH=5800
elapsed cycles: 3848160
hi(checksum)=0x176FD263E2F27A1F
lo(checksum)=0xDA4F2BD9B16D91C0
key=encoded, no.=61, <checksum>:
0x176FD263E2F27A1FDA4F2BD9B16D91C0
key=encoded, no.=61, cso file:
/dev/null
----------------------------------------------
real command=cset shield -e /home/nrink/Projects/build/encode/encode/tests/array_sum/array_sum.perf.encoded --  --cso /dev/null
key=encoded, no.=62, <stderr>:
LENGTH=5800
elapsed cycles: 3848199
hi(checksum)=0x176FD263E2F27A1F
lo(checksum)=0xDA4F2BD9B16D91C0
key=encoded, no.=62, <checksum>:
0x176FD263E2F27A1FDA4F2BD9B16D91C0
key=encoded, no.=62, cso file:
/dev/null
----------------------------------------------
real command=cset shield -e /home/nrink/Projects/build/encode/encode/tests/array_sum/array_sum.perf.encoded --  --cso /dev/null
key=encoded, no.=63, <stderr>:
LENGTH=5800
elapsed cycles: 3848559
hi(checksum)=0x176FD263E2F27A1F
lo(checksum)=0xDA4F2BD9B16D91C0
key=encoded, no.=63, <checksum>:
0x176FD263E2F27A1FDA4F2BD9B16D91C0
key=encoded, no.=63, cso file:
/dev/null
----------------------------------------------
real command=cset shield -e /home/nrink/Projects/build/encode/encode/tests/array_sum/array_sum.perf.encoded --  --cso /dev/null
key=encoded, no.=64, <stderr>:
LENGTH=5800
elapsed cycles: 3846654
hi(checksum)=0x176FD263E2F27A1F
lo(checksum)=0xDA4F2BD9B16D91C0
key=encoded, no.=64, <checksum>:
0x176FD263E2F27A1FDA4F2BD9B16D91C0
key=encoded, no.=64, cso file:
/dev/null
----------------------------------------------
real command=cset shield -e /home/nrink/Projects/build/encode/encode/tests/array_sum/array_sum.perf.encoded --  --cso /dev/null
key=encoded, no.=65, <stderr>:
LENGTH=5800
elapsed cycles: 3847611
hi(checksum)=0x176FD263E2F27A1F
lo(checksum)=0xDA4F2BD9B16D91C0
key=encoded, no.=65, <checksum>:
0x176FD263E2F27A1FDA4F2BD9B16D91C0
key=encoded, no.=65, cso file:
/dev/null
----------------------------------------------
real command=cset shield -e /home/nrink/Projects/build/encode/encode/tests/array_sum/array_sum.perf.encoded --  --cso /dev/null
key=encoded, no.=66, <stderr>:
LENGTH=5800
elapsed cycles: 3851223
hi(checksum)=0x176FD263E2F27A1F
lo(checksum)=0xDA4F2BD9B16D91C0
key=encoded, no.=66, <checksum>:
0x176FD263E2F27A1FDA4F2BD9B16D91C0
key=encoded, no.=66, cso file:
/dev/null
----------------------------------------------
real command=cset shield -e /home/nrink/Projects/build/encode/encode/tests/array_sum/array_sum.perf.encoded --  --cso /dev/null
key=encoded, no.=67, <stderr>:
LENGTH=5800
elapsed cycles: 3852822
hi(checksum)=0x176FD263E2F27A1F
lo(checksum)=0xDA4F2BD9B16D91C0
key=encoded, no.=67, <checksum>:
0x176FD263E2F27A1FDA4F2BD9B16D91C0
key=encoded, no.=67, cso file:
/dev/null
----------------------------------------------
real command=cset shield -e /home/nrink/Projects/build/encode/encode/tests/array_sum/array_sum.perf.encoded --  --cso /dev/null
key=encoded, no.=68, <stderr>:
LENGTH=5800
elapsed cycles: 3965439
hi(checksum)=0x176FD263E2F27A1F
lo(checksum)=0xDA4F2BD9B16D91C0
key=encoded, no.=68, <checksum>:
0x176FD263E2F27A1FDA4F2BD9B16D91C0
key=encoded, no.=68, cso file:
/dev/null
----------------------------------------------
real command=cset shield -e /home/nrink/Projects/build/encode/encode/tests/array_sum/array_sum.perf.encoded --  --cso /dev/null
key=encoded, no.=69, <stderr>:
LENGTH=5800
elapsed cycles: 3987549
hi(checksum)=0x176FD263E2F27A1F
lo(checksum)=0xDA4F2BD9B16D91C0
key=encoded, no.=69, <checksum>:
0x176FD263E2F27A1FDA4F2BD9B16D91C0
key=encoded, no.=69, cso file:
/dev/null
----------------------------------------------
real command=cset shield -e /home/nrink/Projects/build/encode/encode/tests/array_sum/array_sum.perf.encoded --  --cso /dev/null
key=encoded, no.=70, <stderr>:
LENGTH=5800
elapsed cycles: 3985827
hi(checksum)=0x176FD263E2F27A1F
lo(checksum)=0xDA4F2BD9B16D91C0
key=encoded, no.=70, <checksum>:
0x176FD263E2F27A1FDA4F2BD9B16D91C0
key=encoded, no.=70, cso file:
/dev/null
----------------------------------------------
real command=cset shield -e /home/nrink/Projects/build/encode/encode/tests/array_sum/array_sum.perf.encoded --  --cso /dev/null
key=encoded, no.=71, <stderr>:
LENGTH=5800
elapsed cycles: 4076052
hi(checksum)=0x176FD263E2F27A1F
lo(checksum)=0xDA4F2BD9B16D91C0
key=encoded, no.=71, <checksum>:
0x176FD263E2F27A1FDA4F2BD9B16D91C0
key=encoded, no.=71, cso file:
/dev/null
----------------------------------------------
real command=cset shield -e /home/nrink/Projects/build/encode/encode/tests/array_sum/array_sum.perf.encoded --  --cso /dev/null
key=encoded, no.=72, <stderr>:
LENGTH=5800
elapsed cycles: 3922503
hi(checksum)=0x176FD263E2F27A1F
lo(checksum)=0xDA4F2BD9B16D91C0
key=encoded, no.=72, <checksum>:
0x176FD263E2F27A1FDA4F2BD9B16D91C0
key=encoded, no.=72, cso file:
/dev/null
----------------------------------------------
real command=cset shield -e /home/nrink/Projects/build/encode/encode/tests/array_sum/array_sum.perf.encoded --  --cso /dev/null
key=encoded, no.=73, <stderr>:
LENGTH=5800
elapsed cycles: 3947916
hi(checksum)=0x176FD263E2F27A1F
lo(checksum)=0xDA4F2BD9B16D91C0
key=encoded, no.=73, <checksum>:
0x176FD263E2F27A1FDA4F2BD9B16D91C0
key=encoded, no.=73, cso file:
/dev/null
----------------------------------------------
real command=cset shield -e /home/nrink/Projects/build/encode/encode/tests/array_sum/array_sum.perf.encoded --  --cso /dev/null
key=encoded, no.=74, <stderr>:
LENGTH=5800
elapsed cycles: 3955521
hi(checksum)=0x176FD263E2F27A1F
lo(checksum)=0xDA4F2BD9B16D91C0
key=encoded, no.=74, <checksum>:
0x176FD263E2F27A1FDA4F2BD9B16D91C0
key=encoded, no.=74, cso file:
/dev/null
----------------------------------------------
real command=cset shield -e /home/nrink/Projects/build/encode/encode/tests/array_sum/array_sum.perf.encoded --  --cso /dev/null
key=encoded, no.=75, <stderr>:
LENGTH=5800
elapsed cycles: 3986151
hi(checksum)=0x176FD263E2F27A1F
lo(checksum)=0xDA4F2BD9B16D91C0
key=encoded, no.=75, <checksum>:
0x176FD263E2F27A1FDA4F2BD9B16D91C0
key=encoded, no.=75, cso file:
/dev/null
----------------------------------------------
real command=cset shield -e /home/nrink/Projects/build/encode/encode/tests/array_sum/array_sum.perf.encoded --  --cso /dev/null
key=encoded, no.=76, <stderr>:
LENGTH=5800
elapsed cycles: 3952893
hi(checksum)=0x176FD263E2F27A1F
lo(checksum)=0xDA4F2BD9B16D91C0
key=encoded, no.=76, <checksum>:
0x176FD263E2F27A1FDA4F2BD9B16D91C0
key=encoded, no.=76, cso file:
/dev/null
----------------------------------------------
real command=cset shield -e /home/nrink/Projects/build/encode/encode/tests/array_sum/array_sum.perf.encoded --  --cso /dev/null
key=encoded, no.=77, <stderr>:
LENGTH=5800
elapsed cycles: 3984513
hi(checksum)=0x176FD263E2F27A1F
lo(checksum)=0xDA4F2BD9B16D91C0
key=encoded, no.=77, <checksum>:
0x176FD263E2F27A1FDA4F2BD9B16D91C0
key=encoded, no.=77, cso file:
/dev/null
----------------------------------------------
real command=cset shield -e /home/nrink/Projects/build/encode/encode/tests/array_sum/array_sum.perf.encoded --  --cso /dev/null
key=encoded, no.=78, <stderr>:
LENGTH=5800
elapsed cycles: 3958032
hi(checksum)=0x176FD263E2F27A1F
lo(checksum)=0xDA4F2BD9B16D91C0
key=encoded, no.=78, <checksum>:
0x176FD263E2F27A1FDA4F2BD9B16D91C0
key=encoded, no.=78, cso file:
/dev/null
----------------------------------------------
real command=cset shield -e /home/nrink/Projects/build/encode/encode/tests/array_sum/array_sum.perf.encoded --  --cso /dev/null
key=encoded, no.=79, <stderr>:
LENGTH=5800
elapsed cycles: 3950361
hi(checksum)=0x176FD263E2F27A1F
lo(checksum)=0xDA4F2BD9B16D91C0
key=encoded, no.=79, <checksum>:
0x176FD263E2F27A1FDA4F2BD9B16D91C0
key=encoded, no.=79, cso file:
/dev/null
----------------------------------------------
real command=cset shield -e /home/nrink/Projects/build/encode/encode/tests/array_sum/array_sum.perf.encoded --  --cso /dev/null
key=encoded, no.=80, <stderr>:
LENGTH=5800
elapsed cycles: 3987129
hi(checksum)=0x176FD263E2F27A1F
lo(checksum)=0xDA4F2BD9B16D91C0
key=encoded, no.=80, <checksum>:
0x176FD263E2F27A1FDA4F2BD9B16D91C0
key=encoded, no.=80, cso file:
/dev/null
----------------------------------------------
real command=cset shield -e /home/nrink/Projects/build/encode/encode/tests/array_sum/array_sum.perf.encoded --  --cso /dev/null
key=encoded, no.=81, <stderr>:
LENGTH=5800
elapsed cycles: 3989775
hi(checksum)=0x176FD263E2F27A1F
lo(checksum)=0xDA4F2BD9B16D91C0
key=encoded, no.=81, <checksum>:
0x176FD263E2F27A1FDA4F2BD9B16D91C0
key=encoded, no.=81, cso file:
/dev/null
----------------------------------------------
real command=cset shield -e /home/nrink/Projects/build/encode/encode/tests/array_sum/array_sum.perf.encoded --  --cso /dev/null
key=encoded, no.=82, <stderr>:
LENGTH=5800
elapsed cycles: 3950403
hi(checksum)=0x176FD263E2F27A1F
lo(checksum)=0xDA4F2BD9B16D91C0
key=encoded, no.=82, <checksum>:
0x176FD263E2F27A1FDA4F2BD9B16D91C0
key=encoded, no.=82, cso file:
/dev/null
----------------------------------------------
real command=cset shield -e /home/nrink/Projects/build/encode/encode/tests/array_sum/array_sum.perf.encoded --  --cso /dev/null
key=encoded, no.=83, <stderr>:
LENGTH=5800
elapsed cycles: 3956514
hi(checksum)=0x176FD263E2F27A1F
lo(checksum)=0xDA4F2BD9B16D91C0
key=encoded, no.=83, <checksum>:
0x176FD263E2F27A1FDA4F2BD9B16D91C0
key=encoded, no.=83, cso file:
/dev/null
----------------------------------------------
real command=cset shield -e /home/nrink/Projects/build/encode/encode/tests/array_sum/array_sum.perf.encoded --  --cso /dev/null
key=encoded, no.=84, <stderr>:
LENGTH=5800
elapsed cycles: 3958524
hi(checksum)=0x176FD263E2F27A1F
lo(checksum)=0xDA4F2BD9B16D91C0
key=encoded, no.=84, <checksum>:
0x176FD263E2F27A1FDA4F2BD9B16D91C0
key=encoded, no.=84, cso file:
/dev/null
----------------------------------------------
real command=cset shield -e /home/nrink/Projects/build/encode/encode/tests/array_sum/array_sum.perf.encoded --  --cso /dev/null
key=encoded, no.=85, <stderr>:
LENGTH=5800
elapsed cycles: 3982023
hi(checksum)=0x176FD263E2F27A1F
lo(checksum)=0xDA4F2BD9B16D91C0
key=encoded, no.=85, <checksum>:
0x176FD263E2F27A1FDA4F2BD9B16D91C0
key=encoded, no.=85, cso file:
/dev/null
----------------------------------------------
real command=cset shield -e /home/nrink/Projects/build/encode/encode/tests/array_sum/array_sum.perf.encoded --  --cso /dev/null
key=encoded, no.=86, <stderr>:
LENGTH=5800
elapsed cycles: 4031391
hi(checksum)=0x176FD263E2F27A1F
lo(checksum)=0xDA4F2BD9B16D91C0
key=encoded, no.=86, <checksum>:
0x176FD263E2F27A1FDA4F2BD9B16D91C0
key=encoded, no.=86, cso file:
/dev/null
----------------------------------------------
real command=cset shield -e /home/nrink/Projects/build/encode/encode/tests/array_sum/array_sum.perf.encoded --  --cso /dev/null
key=encoded, no.=87, <stderr>:
LENGTH=5800
elapsed cycles: 4063926
hi(checksum)=0x176FD263E2F27A1F
lo(checksum)=0xDA4F2BD9B16D91C0
key=encoded, no.=87, <checksum>:
0x176FD263E2F27A1FDA4F2BD9B16D91C0
key=encoded, no.=87, cso file:
/dev/null
----------------------------------------------
real command=cset shield -e /home/nrink/Projects/build/encode/encode/tests/array_sum/array_sum.perf.encoded --  --cso /dev/null
key=encoded, no.=88, <stderr>:
LENGTH=5800
elapsed cycles: 3985395
hi(checksum)=0x176FD263E2F27A1F
lo(checksum)=0xDA4F2BD9B16D91C0
key=encoded, no.=88, <checksum>:
0x176FD263E2F27A1FDA4F2BD9B16D91C0
key=encoded, no.=88, cso file:
/dev/null
----------------------------------------------
real command=cset shield -e /home/nrink/Projects/build/encode/encode/tests/array_sum/array_sum.perf.encoded --  --cso /dev/null
key=encoded, no.=89, <stderr>:
LENGTH=5800
elapsed cycles: 3956748
hi(checksum)=0x176FD263E2F27A1F
lo(checksum)=0xDA4F2BD9B16D91C0
key=encoded, no.=89, <checksum>:
0x176FD263E2F27A1FDA4F2BD9B16D91C0
key=encoded, no.=89, cso file:
/dev/null
----------------------------------------------
real command=cset shield -e /home/nrink/Projects/build/encode/encode/tests/array_sum/array_sum.perf.encoded --  --cso /dev/null
key=encoded, no.=90, <stderr>:
LENGTH=5800
elapsed cycles: 4095483
hi(checksum)=0x176FD263E2F27A1F
lo(checksum)=0xDA4F2BD9B16D91C0
key=encoded, no.=90, <checksum>:
0x176FD263E2F27A1FDA4F2BD9B16D91C0
key=encoded, no.=90, cso file:
/dev/null
----------------------------------------------
real command=cset shield -e /home/nrink/Projects/build/encode/encode/tests/array_sum/array_sum.perf.encoded --  --cso /dev/null
key=encoded, no.=91, <stderr>:
LENGTH=5800
elapsed cycles: 4094388
hi(checksum)=0x176FD263E2F27A1F
lo(checksum)=0xDA4F2BD9B16D91C0
key=encoded, no.=91, <checksum>:
0x176FD263E2F27A1FDA4F2BD9B16D91C0
key=encoded, no.=91, cso file:
/dev/null
----------------------------------------------
real command=cset shield -e /home/nrink/Projects/build/encode/encode/tests/array_sum/array_sum.perf.encoded --  --cso /dev/null
key=encoded, no.=92, <stderr>:
LENGTH=5800
elapsed cycles: 4026906
hi(checksum)=0x176FD263E2F27A1F
lo(checksum)=0xDA4F2BD9B16D91C0
key=encoded, no.=92, <checksum>:
0x176FD263E2F27A1FDA4F2BD9B16D91C0
key=encoded, no.=92, cso file:
/dev/null
----------------------------------------------
real command=cset shield -e /home/nrink/Projects/build/encode/encode/tests/array_sum/array_sum.perf.encoded --  --cso /dev/null
key=encoded, no.=93, <stderr>:
LENGTH=5800
elapsed cycles: 3954273
hi(checksum)=0x176FD263E2F27A1F
lo(checksum)=0xDA4F2BD9B16D91C0
key=encoded, no.=93, <checksum>:
0x176FD263E2F27A1FDA4F2BD9B16D91C0
key=encoded, no.=93, cso file:
/dev/null
----------------------------------------------
real command=cset shield -e /home/nrink/Projects/build/encode/encode/tests/array_sum/array_sum.perf.encoded --  --cso /dev/null
key=encoded, no.=94, <stderr>:
LENGTH=5800
elapsed cycles: 3950505
hi(checksum)=0x176FD263E2F27A1F
lo(checksum)=0xDA4F2BD9B16D91C0
key=encoded, no.=94, <checksum>:
0x176FD263E2F27A1FDA4F2BD9B16D91C0
key=encoded, no.=94, cso file:
/dev/null
----------------------------------------------
real command=cset shield -e /home/nrink/Projects/build/encode/encode/tests/array_sum/array_sum.perf.encoded --  --cso /dev/null
key=encoded, no.=95, <stderr>:
LENGTH=5800
elapsed cycles: 4035123
hi(checksum)=0x176FD263E2F27A1F
lo(checksum)=0xDA4F2BD9B16D91C0
key=encoded, no.=95, <checksum>:
0x176FD263E2F27A1FDA4F2BD9B16D91C0
key=encoded, no.=95, cso file:
/dev/null
----------------------------------------------
real command=cset shield -e /home/nrink/Projects/build/encode/encode/tests/array_sum/array_sum.perf.encoded --  --cso /dev/null
key=encoded, no.=96, <stderr>:
LENGTH=5800
elapsed cycles: 3845691
hi(checksum)=0x176FD263E2F27A1F
lo(checksum)=0xDA4F2BD9B16D91C0
key=encoded, no.=96, <checksum>:
0x176FD263E2F27A1FDA4F2BD9B16D91C0
key=encoded, no.=96, cso file:
/dev/null
----------------------------------------------
real command=cset shield -e /home/nrink/Projects/build/encode/encode/tests/array_sum/array_sum.perf.encoded --  --cso /dev/null
key=encoded, no.=97, <stderr>:
LENGTH=5800
elapsed cycles: 3879732
hi(checksum)=0x176FD263E2F27A1F
lo(checksum)=0xDA4F2BD9B16D91C0
key=encoded, no.=97, <checksum>:
0x176FD263E2F27A1FDA4F2BD9B16D91C0
key=encoded, no.=97, cso file:
/dev/null
----------------------------------------------
real command=cset shield -e /home/nrink/Projects/build/encode/encode/tests/array_sum/array_sum.perf.encoded --  --cso /dev/null
key=encoded, no.=98, <stderr>:
LENGTH=5800
elapsed cycles: 3880872
hi(checksum)=0x176FD263E2F27A1F
lo(checksum)=0xDA4F2BD9B16D91C0
key=encoded, no.=98, <checksum>:
0x176FD263E2F27A1FDA4F2BD9B16D91C0
key=encoded, no.=98, cso file:
/dev/null
----------------------------------------------
real command=cset shield -e /home/nrink/Projects/build/encode/encode/tests/array_sum/array_sum.perf.encoded --  --cso /dev/null
key=encoded, no.=99, <stderr>:
LENGTH=5800
elapsed cycles: 3847740
hi(checksum)=0x176FD263E2F27A1F
lo(checksum)=0xDA4F2BD9B16D91C0
key=encoded, no.=99, <checksum>:
0x176FD263E2F27A1FDA4F2BD9B16D91C0
key=encoded, no.=99, cso file:
/dev/null
----------------------------------------------
