key=plain, runs=100 ...
command=/home/nrink/Projects/build/encode/encode/tests/ptrarith/ptrarith.perf.plain
----------------------------------------------
real command=cset shield -e /home/nrink/Projects/build/encode/encode/tests/ptrarith/ptrarith.perf.plain --  --cso /dev/null
key=plain, no.=0, <stderr>:
LENGTH=5800
elapsed cycles: 737772
hi(checksum)=0xCFB02AE9BABA63E6
lo(checksum)=0x26750CC35AEFDBB0
key=plain, no.=0, <checksum>:
0xCFB02AE9BABA63E626750CC35AEFDBB0
key=plain, no.=0, cso file:
/dev/null
----------------------------------------------
real command=cset shield -e /home/nrink/Projects/build/encode/encode/tests/ptrarith/ptrarith.perf.plain --  --cso /dev/null
key=plain, no.=1, <stderr>:
LENGTH=5800
elapsed cycles: 738429
hi(checksum)=0xCFB02AE9BABA63E6
lo(checksum)=0x26750CC35AEFDBB0
key=plain, no.=1, <checksum>:
0xCFB02AE9BABA63E626750CC35AEFDBB0
key=plain, no.=1, cso file:
/dev/null
----------------------------------------------
real command=cset shield -e /home/nrink/Projects/build/encode/encode/tests/ptrarith/ptrarith.perf.plain --  --cso /dev/null
key=plain, no.=2, <stderr>:
LENGTH=5800
elapsed cycles: 761043
hi(checksum)=0xCFB02AE9BABA63E6
lo(checksum)=0x26750CC35AEFDBB0
key=plain, no.=2, <checksum>:
0xCFB02AE9BABA63E626750CC35AEFDBB0
key=plain, no.=2, cso file:
/dev/null
----------------------------------------------
real command=cset shield -e /home/nrink/Projects/build/encode/encode/tests/ptrarith/ptrarith.perf.plain --  --cso /dev/null
key=plain, no.=3, <stderr>:
LENGTH=5800
elapsed cycles: 765186
hi(checksum)=0xCFB02AE9BABA63E6
lo(checksum)=0x26750CC35AEFDBB0
key=plain, no.=3, <checksum>:
0xCFB02AE9BABA63E626750CC35AEFDBB0
key=plain, no.=3, cso file:
/dev/null
----------------------------------------------
real command=cset shield -e /home/nrink/Projects/build/encode/encode/tests/ptrarith/ptrarith.perf.plain --  --cso /dev/null
key=plain, no.=4, <stderr>:
LENGTH=5800
elapsed cycles: 735795
hi(checksum)=0xCFB02AE9BABA63E6
lo(checksum)=0x26750CC35AEFDBB0
key=plain, no.=4, <checksum>:
0xCFB02AE9BABA63E626750CC35AEFDBB0
key=plain, no.=4, cso file:
/dev/null
----------------------------------------------
real command=cset shield -e /home/nrink/Projects/build/encode/encode/tests/ptrarith/ptrarith.perf.plain --  --cso /dev/null
key=plain, no.=5, <stderr>:
LENGTH=5800
elapsed cycles: 748383
hi(checksum)=0xCFB02AE9BABA63E6
lo(checksum)=0x26750CC35AEFDBB0
key=plain, no.=5, <checksum>:
0xCFB02AE9BABA63E626750CC35AEFDBB0
key=plain, no.=5, cso file:
/dev/null
----------------------------------------------
real command=cset shield -e /home/nrink/Projects/build/encode/encode/tests/ptrarith/ptrarith.perf.plain --  --cso /dev/null
key=plain, no.=6, <stderr>:
LENGTH=5800
elapsed cycles: 737112
hi(checksum)=0xCFB02AE9BABA63E6
lo(checksum)=0x26750CC35AEFDBB0
key=plain, no.=6, <checksum>:
0xCFB02AE9BABA63E626750CC35AEFDBB0
key=plain, no.=6, cso file:
/dev/null
----------------------------------------------
real command=cset shield -e /home/nrink/Projects/build/encode/encode/tests/ptrarith/ptrarith.perf.plain --  --cso /dev/null
key=plain, no.=7, <stderr>:
LENGTH=5800
elapsed cycles: 736437
hi(checksum)=0xCFB02AE9BABA63E6
lo(checksum)=0x26750CC35AEFDBB0
key=plain, no.=7, <checksum>:
0xCFB02AE9BABA63E626750CC35AEFDBB0
key=plain, no.=7, cso file:
/dev/null
----------------------------------------------
real command=cset shield -e /home/nrink/Projects/build/encode/encode/tests/ptrarith/ptrarith.perf.plain --  --cso /dev/null
key=plain, no.=8, <stderr>:
LENGTH=5800
elapsed cycles: 736080
hi(checksum)=0xCFB02AE9BABA63E6
lo(checksum)=0x26750CC35AEFDBB0
key=plain, no.=8, <checksum>:
0xCFB02AE9BABA63E626750CC35AEFDBB0
key=plain, no.=8, cso file:
/dev/null
----------------------------------------------
real command=cset shield -e /home/nrink/Projects/build/encode/encode/tests/ptrarith/ptrarith.perf.plain --  --cso /dev/null
key=plain, no.=9, <stderr>:
LENGTH=5800
elapsed cycles: 739494
hi(checksum)=0xCFB02AE9BABA63E6
lo(checksum)=0x26750CC35AEFDBB0
key=plain, no.=9, <checksum>:
0xCFB02AE9BABA63E626750CC35AEFDBB0
key=plain, no.=9, cso file:
/dev/null
----------------------------------------------
real command=cset shield -e /home/nrink/Projects/build/encode/encode/tests/ptrarith/ptrarith.perf.plain --  --cso /dev/null
key=plain, no.=10, <stderr>:
LENGTH=5800
elapsed cycles: 736968
hi(checksum)=0xCFB02AE9BABA63E6
lo(checksum)=0x26750CC35AEFDBB0
key=plain, no.=10, <checksum>:
0xCFB02AE9BABA63E626750CC35AEFDBB0
key=plain, no.=10, cso file:
/dev/null
----------------------------------------------
real command=cset shield -e /home/nrink/Projects/build/encode/encode/tests/ptrarith/ptrarith.perf.plain --  --cso /dev/null
key=plain, no.=11, <stderr>:
LENGTH=5800
elapsed cycles: 738033
hi(checksum)=0xCFB02AE9BABA63E6
lo(checksum)=0x26750CC35AEFDBB0
key=plain, no.=11, <checksum>:
0xCFB02AE9BABA63E626750CC35AEFDBB0
key=plain, no.=11, cso file:
/dev/null
----------------------------------------------
real command=cset shield -e /home/nrink/Projects/build/encode/encode/tests/ptrarith/ptrarith.perf.plain --  --cso /dev/null
key=plain, no.=12, <stderr>:
LENGTH=5800
elapsed cycles: 843402
hi(checksum)=0xCFB02AE9BABA63E6
lo(checksum)=0x26750CC35AEFDBB0
key=plain, no.=12, <checksum>:
0xCFB02AE9BABA63E626750CC35AEFDBB0
key=plain, no.=12, cso file:
/dev/null
----------------------------------------------
real command=cset shield -e /home/nrink/Projects/build/encode/encode/tests/ptrarith/ptrarith.perf.plain --  --cso /dev/null
key=plain, no.=13, <stderr>:
LENGTH=5800
elapsed cycles: 738363
hi(checksum)=0xCFB02AE9BABA63E6
lo(checksum)=0x26750CC35AEFDBB0
key=plain, no.=13, <checksum>:
0xCFB02AE9BABA63E626750CC35AEFDBB0
key=plain, no.=13, cso file:
/dev/null
----------------------------------------------
real command=cset shield -e /home/nrink/Projects/build/encode/encode/tests/ptrarith/ptrarith.perf.plain --  --cso /dev/null
key=plain, no.=14, <stderr>:
LENGTH=5800
elapsed cycles: 737100
hi(checksum)=0xCFB02AE9BABA63E6
lo(checksum)=0x26750CC35AEFDBB0
key=plain, no.=14, <checksum>:
0xCFB02AE9BABA63E626750CC35AEFDBB0
key=plain, no.=14, cso file:
/dev/null
----------------------------------------------
real command=cset shield -e /home/nrink/Projects/build/encode/encode/tests/ptrarith/ptrarith.perf.plain --  --cso /dev/null
key=plain, no.=15, <stderr>:
LENGTH=5800
elapsed cycles: 747186
hi(checksum)=0xCFB02AE9BABA63E6
lo(checksum)=0x26750CC35AEFDBB0
key=plain, no.=15, <checksum>:
0xCFB02AE9BABA63E626750CC35AEFDBB0
key=plain, no.=15, cso file:
/dev/null
----------------------------------------------
real command=cset shield -e /home/nrink/Projects/build/encode/encode/tests/ptrarith/ptrarith.perf.plain --  --cso /dev/null
key=plain, no.=16, <stderr>:
LENGTH=5800
elapsed cycles: 739041
hi(checksum)=0xCFB02AE9BABA63E6
lo(checksum)=0x26750CC35AEFDBB0
key=plain, no.=16, <checksum>:
0xCFB02AE9BABA63E626750CC35AEFDBB0
key=plain, no.=16, cso file:
/dev/null
----------------------------------------------
real command=cset shield -e /home/nrink/Projects/build/encode/encode/tests/ptrarith/ptrarith.perf.plain --  --cso /dev/null
key=plain, no.=17, <stderr>:
LENGTH=5800
elapsed cycles: 739080
hi(checksum)=0xCFB02AE9BABA63E6
lo(checksum)=0x26750CC35AEFDBB0
key=plain, no.=17, <checksum>:
0xCFB02AE9BABA63E626750CC35AEFDBB0
key=plain, no.=17, cso file:
/dev/null
----------------------------------------------
real command=cset shield -e /home/nrink/Projects/build/encode/encode/tests/ptrarith/ptrarith.perf.plain --  --cso /dev/null
key=plain, no.=18, <stderr>:
LENGTH=5800
elapsed cycles: 737103
hi(checksum)=0xCFB02AE9BABA63E6
lo(checksum)=0x26750CC35AEFDBB0
key=plain, no.=18, <checksum>:
0xCFB02AE9BABA63E626750CC35AEFDBB0
key=plain, no.=18, cso file:
/dev/null
----------------------------------------------
real command=cset shield -e /home/nrink/Projects/build/encode/encode/tests/ptrarith/ptrarith.perf.plain --  --cso /dev/null
key=plain, no.=19, <stderr>:
LENGTH=5800
elapsed cycles: 738186
hi(checksum)=0xCFB02AE9BABA63E6
lo(checksum)=0x26750CC35AEFDBB0
key=plain, no.=19, <checksum>:
0xCFB02AE9BABA63E626750CC35AEFDBB0
key=plain, no.=19, cso file:
/dev/null
----------------------------------------------
real command=cset shield -e /home/nrink/Projects/build/encode/encode/tests/ptrarith/ptrarith.perf.plain --  --cso /dev/null
key=plain, no.=20, <stderr>:
LENGTH=5800
elapsed cycles: 737832
hi(checksum)=0xCFB02AE9BABA63E6
lo(checksum)=0x26750CC35AEFDBB0
key=plain, no.=20, <checksum>:
0xCFB02AE9BABA63E626750CC35AEFDBB0
key=plain, no.=20, cso file:
/dev/null
----------------------------------------------
real command=cset shield -e /home/nrink/Projects/build/encode/encode/tests/ptrarith/ptrarith.perf.plain --  --cso /dev/null
key=plain, no.=21, <stderr>:
LENGTH=5800
elapsed cycles: 738258
hi(checksum)=0xCFB02AE9BABA63E6
lo(checksum)=0x26750CC35AEFDBB0
key=plain, no.=21, <checksum>:
0xCFB02AE9BABA63E626750CC35AEFDBB0
key=plain, no.=21, cso file:
/dev/null
----------------------------------------------
real command=cset shield -e /home/nrink/Projects/build/encode/encode/tests/ptrarith/ptrarith.perf.plain --  --cso /dev/null
key=plain, no.=22, <stderr>:
LENGTH=5800
elapsed cycles: 739443
hi(checksum)=0xCFB02AE9BABA63E6
lo(checksum)=0x26750CC35AEFDBB0
key=plain, no.=22, <checksum>:
0xCFB02AE9BABA63E626750CC35AEFDBB0
key=plain, no.=22, cso file:
/dev/null
----------------------------------------------
real command=cset shield -e /home/nrink/Projects/build/encode/encode/tests/ptrarith/ptrarith.perf.plain --  --cso /dev/null
key=plain, no.=23, <stderr>:
LENGTH=5800
elapsed cycles: 737097
hi(checksum)=0xCFB02AE9BABA63E6
lo(checksum)=0x26750CC35AEFDBB0
key=plain, no.=23, <checksum>:
0xCFB02AE9BABA63E626750CC35AEFDBB0
key=plain, no.=23, cso file:
/dev/null
----------------------------------------------
real command=cset shield -e /home/nrink/Projects/build/encode/encode/tests/ptrarith/ptrarith.perf.plain --  --cso /dev/null
key=plain, no.=24, <stderr>:
LENGTH=5800
elapsed cycles: 737229
hi(checksum)=0xCFB02AE9BABA63E6
lo(checksum)=0x26750CC35AEFDBB0
key=plain, no.=24, <checksum>:
0xCFB02AE9BABA63E626750CC35AEFDBB0
key=plain, no.=24, cso file:
/dev/null
----------------------------------------------
real command=cset shield -e /home/nrink/Projects/build/encode/encode/tests/ptrarith/ptrarith.perf.plain --  --cso /dev/null
key=plain, no.=25, <stderr>:
LENGTH=5800
elapsed cycles: 737343
hi(checksum)=0xCFB02AE9BABA63E6
lo(checksum)=0x26750CC35AEFDBB0
key=plain, no.=25, <checksum>:
0xCFB02AE9BABA63E626750CC35AEFDBB0
key=plain, no.=25, cso file:
/dev/null
----------------------------------------------
real command=cset shield -e /home/nrink/Projects/build/encode/encode/tests/ptrarith/ptrarith.perf.plain --  --cso /dev/null
key=plain, no.=26, <stderr>:
LENGTH=5800
elapsed cycles: 737685
hi(checksum)=0xCFB02AE9BABA63E6
lo(checksum)=0x26750CC35AEFDBB0
key=plain, no.=26, <checksum>:
0xCFB02AE9BABA63E626750CC35AEFDBB0
key=plain, no.=26, cso file:
/dev/null
----------------------------------------------
real command=cset shield -e /home/nrink/Projects/build/encode/encode/tests/ptrarith/ptrarith.perf.plain --  --cso /dev/null
key=plain, no.=27, <stderr>:
LENGTH=5800
elapsed cycles: 810258
hi(checksum)=0xCFB02AE9BABA63E6
lo(checksum)=0x26750CC35AEFDBB0
key=plain, no.=27, <checksum>:
0xCFB02AE9BABA63E626750CC35AEFDBB0
key=plain, no.=27, cso file:
/dev/null
----------------------------------------------
real command=cset shield -e /home/nrink/Projects/build/encode/encode/tests/ptrarith/ptrarith.perf.plain --  --cso /dev/null
key=plain, no.=28, <stderr>:
LENGTH=5800
elapsed cycles: 736887
hi(checksum)=0xCFB02AE9BABA63E6
lo(checksum)=0x26750CC35AEFDBB0
key=plain, no.=28, <checksum>:
0xCFB02AE9BABA63E626750CC35AEFDBB0
key=plain, no.=28, cso file:
/dev/null
----------------------------------------------
real command=cset shield -e /home/nrink/Projects/build/encode/encode/tests/ptrarith/ptrarith.perf.plain --  --cso /dev/null
key=plain, no.=29, <stderr>:
LENGTH=5800
elapsed cycles: 737841
hi(checksum)=0xCFB02AE9BABA63E6
lo(checksum)=0x26750CC35AEFDBB0
key=plain, no.=29, <checksum>:
0xCFB02AE9BABA63E626750CC35AEFDBB0
key=plain, no.=29, cso file:
/dev/null
----------------------------------------------
real command=cset shield -e /home/nrink/Projects/build/encode/encode/tests/ptrarith/ptrarith.perf.plain --  --cso /dev/null
key=plain, no.=30, <stderr>:
LENGTH=5800
elapsed cycles: 737028
hi(checksum)=0xCFB02AE9BABA63E6
lo(checksum)=0x26750CC35AEFDBB0
key=plain, no.=30, <checksum>:
0xCFB02AE9BABA63E626750CC35AEFDBB0
key=plain, no.=30, cso file:
/dev/null
----------------------------------------------
real command=cset shield -e /home/nrink/Projects/build/encode/encode/tests/ptrarith/ptrarith.perf.plain --  --cso /dev/null
key=plain, no.=31, <stderr>:
LENGTH=5800
elapsed cycles: 737214
hi(checksum)=0xCFB02AE9BABA63E6
lo(checksum)=0x26750CC35AEFDBB0
key=plain, no.=31, <checksum>:
0xCFB02AE9BABA63E626750CC35AEFDBB0
key=plain, no.=31, cso file:
/dev/null
----------------------------------------------
real command=cset shield -e /home/nrink/Projects/build/encode/encode/tests/ptrarith/ptrarith.perf.plain --  --cso /dev/null
key=plain, no.=32, <stderr>:
LENGTH=5800
elapsed cycles: 739662
hi(checksum)=0xCFB02AE9BABA63E6
lo(checksum)=0x26750CC35AEFDBB0
key=plain, no.=32, <checksum>:
0xCFB02AE9BABA63E626750CC35AEFDBB0
key=plain, no.=32, cso file:
/dev/null
----------------------------------------------
real command=cset shield -e /home/nrink/Projects/build/encode/encode/tests/ptrarith/ptrarith.perf.plain --  --cso /dev/null
key=plain, no.=33, <stderr>:
LENGTH=5800
elapsed cycles: 736719
hi(checksum)=0xCFB02AE9BABA63E6
lo(checksum)=0x26750CC35AEFDBB0
key=plain, no.=33, <checksum>:
0xCFB02AE9BABA63E626750CC35AEFDBB0
key=plain, no.=33, cso file:
/dev/null
----------------------------------------------
real command=cset shield -e /home/nrink/Projects/build/encode/encode/tests/ptrarith/ptrarith.perf.plain --  --cso /dev/null
key=plain, no.=34, <stderr>:
LENGTH=5800
elapsed cycles: 737742
hi(checksum)=0xCFB02AE9BABA63E6
lo(checksum)=0x26750CC35AEFDBB0
key=plain, no.=34, <checksum>:
0xCFB02AE9BABA63E626750CC35AEFDBB0
key=plain, no.=34, cso file:
/dev/null
----------------------------------------------
real command=cset shield -e /home/nrink/Projects/build/encode/encode/tests/ptrarith/ptrarith.perf.plain --  --cso /dev/null
key=plain, no.=35, <stderr>:
LENGTH=5800
elapsed cycles: 737316
hi(checksum)=0xCFB02AE9BABA63E6
lo(checksum)=0x26750CC35AEFDBB0
key=plain, no.=35, <checksum>:
0xCFB02AE9BABA63E626750CC35AEFDBB0
key=plain, no.=35, cso file:
/dev/null
----------------------------------------------
real command=cset shield -e /home/nrink/Projects/build/encode/encode/tests/ptrarith/ptrarith.perf.plain --  --cso /dev/null
key=plain, no.=36, <stderr>:
LENGTH=5800
elapsed cycles: 737784
hi(checksum)=0xCFB02AE9BABA63E6
lo(checksum)=0x26750CC35AEFDBB0
key=plain, no.=36, <checksum>:
0xCFB02AE9BABA63E626750CC35AEFDBB0
key=plain, no.=36, cso file:
/dev/null
----------------------------------------------
real command=cset shield -e /home/nrink/Projects/build/encode/encode/tests/ptrarith/ptrarith.perf.plain --  --cso /dev/null
key=plain, no.=37, <stderr>:
LENGTH=5800
elapsed cycles: 737913
hi(checksum)=0xCFB02AE9BABA63E6
lo(checksum)=0x26750CC35AEFDBB0
key=plain, no.=37, <checksum>:
0xCFB02AE9BABA63E626750CC35AEFDBB0
key=plain, no.=37, cso file:
/dev/null
----------------------------------------------
real command=cset shield -e /home/nrink/Projects/build/encode/encode/tests/ptrarith/ptrarith.perf.plain --  --cso /dev/null
key=plain, no.=38, <stderr>:
LENGTH=5800
elapsed cycles: 743619
hi(checksum)=0xCFB02AE9BABA63E6
lo(checksum)=0x26750CC35AEFDBB0
key=plain, no.=38, <checksum>:
0xCFB02AE9BABA63E626750CC35AEFDBB0
key=plain, no.=38, cso file:
/dev/null
----------------------------------------------
real command=cset shield -e /home/nrink/Projects/build/encode/encode/tests/ptrarith/ptrarith.perf.plain --  --cso /dev/null
key=plain, no.=39, <stderr>:
LENGTH=5800
elapsed cycles: 736815
hi(checksum)=0xCFB02AE9BABA63E6
lo(checksum)=0x26750CC35AEFDBB0
key=plain, no.=39, <checksum>:
0xCFB02AE9BABA63E626750CC35AEFDBB0
key=plain, no.=39, cso file:
/dev/null
----------------------------------------------
real command=cset shield -e /home/nrink/Projects/build/encode/encode/tests/ptrarith/ptrarith.perf.plain --  --cso /dev/null
key=plain, no.=40, <stderr>:
LENGTH=5800
elapsed cycles: 736998
hi(checksum)=0xCFB02AE9BABA63E6
lo(checksum)=0x26750CC35AEFDBB0
key=plain, no.=40, <checksum>:
0xCFB02AE9BABA63E626750CC35AEFDBB0
key=plain, no.=40, cso file:
/dev/null
----------------------------------------------
real command=cset shield -e /home/nrink/Projects/build/encode/encode/tests/ptrarith/ptrarith.perf.plain --  --cso /dev/null
key=plain, no.=41, <stderr>:
LENGTH=5800
elapsed cycles: 769671
hi(checksum)=0xCFB02AE9BABA63E6
lo(checksum)=0x26750CC35AEFDBB0
key=plain, no.=41, <checksum>:
0xCFB02AE9BABA63E626750CC35AEFDBB0
key=plain, no.=41, cso file:
/dev/null
----------------------------------------------
real command=cset shield -e /home/nrink/Projects/build/encode/encode/tests/ptrarith/ptrarith.perf.plain --  --cso /dev/null
key=plain, no.=42, <stderr>:
LENGTH=5800
elapsed cycles: 738066
hi(checksum)=0xCFB02AE9BABA63E6
lo(checksum)=0x26750CC35AEFDBB0
key=plain, no.=42, <checksum>:
0xCFB02AE9BABA63E626750CC35AEFDBB0
key=plain, no.=42, cso file:
/dev/null
----------------------------------------------
real command=cset shield -e /home/nrink/Projects/build/encode/encode/tests/ptrarith/ptrarith.perf.plain --  --cso /dev/null
key=plain, no.=43, <stderr>:
LENGTH=5800
elapsed cycles: 737646
hi(checksum)=0xCFB02AE9BABA63E6
lo(checksum)=0x26750CC35AEFDBB0
key=plain, no.=43, <checksum>:
0xCFB02AE9BABA63E626750CC35AEFDBB0
key=plain, no.=43, cso file:
/dev/null
----------------------------------------------
real command=cset shield -e /home/nrink/Projects/build/encode/encode/tests/ptrarith/ptrarith.perf.plain --  --cso /dev/null
key=plain, no.=44, <stderr>:
LENGTH=5800
elapsed cycles: 736866
hi(checksum)=0xCFB02AE9BABA63E6
lo(checksum)=0x26750CC35AEFDBB0
key=plain, no.=44, <checksum>:
0xCFB02AE9BABA63E626750CC35AEFDBB0
key=plain, no.=44, cso file:
/dev/null
----------------------------------------------
real command=cset shield -e /home/nrink/Projects/build/encode/encode/tests/ptrarith/ptrarith.perf.plain --  --cso /dev/null
key=plain, no.=45, <stderr>:
LENGTH=5800
elapsed cycles: 739335
hi(checksum)=0xCFB02AE9BABA63E6
lo(checksum)=0x26750CC35AEFDBB0
key=plain, no.=45, <checksum>:
0xCFB02AE9BABA63E626750CC35AEFDBB0
key=plain, no.=45, cso file:
/dev/null
----------------------------------------------
real command=cset shield -e /home/nrink/Projects/build/encode/encode/tests/ptrarith/ptrarith.perf.plain --  --cso /dev/null
key=plain, no.=46, <stderr>:
LENGTH=5800
elapsed cycles: 736464
hi(checksum)=0xCFB02AE9BABA63E6
lo(checksum)=0x26750CC35AEFDBB0
key=plain, no.=46, <checksum>:
0xCFB02AE9BABA63E626750CC35AEFDBB0
key=plain, no.=46, cso file:
/dev/null
----------------------------------------------
real command=cset shield -e /home/nrink/Projects/build/encode/encode/tests/ptrarith/ptrarith.perf.plain --  --cso /dev/null
key=plain, no.=47, <stderr>:
LENGTH=5800
elapsed cycles: 737469
hi(checksum)=0xCFB02AE9BABA63E6
lo(checksum)=0x26750CC35AEFDBB0
key=plain, no.=47, <checksum>:
0xCFB02AE9BABA63E626750CC35AEFDBB0
key=plain, no.=47, cso file:
/dev/null
----------------------------------------------
real command=cset shield -e /home/nrink/Projects/build/encode/encode/tests/ptrarith/ptrarith.perf.plain --  --cso /dev/null
key=plain, no.=48, <stderr>:
LENGTH=5800
elapsed cycles: 736404
hi(checksum)=0xCFB02AE9BABA63E6
lo(checksum)=0x26750CC35AEFDBB0
key=plain, no.=48, <checksum>:
0xCFB02AE9BABA63E626750CC35AEFDBB0
key=plain, no.=48, cso file:
/dev/null
----------------------------------------------
real command=cset shield -e /home/nrink/Projects/build/encode/encode/tests/ptrarith/ptrarith.perf.plain --  --cso /dev/null
key=plain, no.=49, <stderr>:
LENGTH=5800
elapsed cycles: 738024
hi(checksum)=0xCFB02AE9BABA63E6
lo(checksum)=0x26750CC35AEFDBB0
key=plain, no.=49, <checksum>:
0xCFB02AE9BABA63E626750CC35AEFDBB0
key=plain, no.=49, cso file:
/dev/null
----------------------------------------------
real command=cset shield -e /home/nrink/Projects/build/encode/encode/tests/ptrarith/ptrarith.perf.plain --  --cso /dev/null
key=plain, no.=50, <stderr>:
LENGTH=5800
elapsed cycles: 737301
hi(checksum)=0xCFB02AE9BABA63E6
lo(checksum)=0x26750CC35AEFDBB0
key=plain, no.=50, <checksum>:
0xCFB02AE9BABA63E626750CC35AEFDBB0
key=plain, no.=50, cso file:
/dev/null
----------------------------------------------
real command=cset shield -e /home/nrink/Projects/build/encode/encode/tests/ptrarith/ptrarith.perf.plain --  --cso /dev/null
key=plain, no.=51, <stderr>:
LENGTH=5800
elapsed cycles: 737082
hi(checksum)=0xCFB02AE9BABA63E6
lo(checksum)=0x26750CC35AEFDBB0
key=plain, no.=51, <checksum>:
0xCFB02AE9BABA63E626750CC35AEFDBB0
key=plain, no.=51, cso file:
/dev/null
----------------------------------------------
real command=cset shield -e /home/nrink/Projects/build/encode/encode/tests/ptrarith/ptrarith.perf.plain --  --cso /dev/null
key=plain, no.=52, <stderr>:
LENGTH=5800
elapsed cycles: 738657
hi(checksum)=0xCFB02AE9BABA63E6
lo(checksum)=0x26750CC35AEFDBB0
key=plain, no.=52, <checksum>:
0xCFB02AE9BABA63E626750CC35AEFDBB0
key=plain, no.=52, cso file:
/dev/null
----------------------------------------------
real command=cset shield -e /home/nrink/Projects/build/encode/encode/tests/ptrarith/ptrarith.perf.plain --  --cso /dev/null
key=plain, no.=53, <stderr>:
LENGTH=5800
elapsed cycles: 738663
hi(checksum)=0xCFB02AE9BABA63E6
lo(checksum)=0x26750CC35AEFDBB0
key=plain, no.=53, <checksum>:
0xCFB02AE9BABA63E626750CC35AEFDBB0
key=plain, no.=53, cso file:
/dev/null
----------------------------------------------
real command=cset shield -e /home/nrink/Projects/build/encode/encode/tests/ptrarith/ptrarith.perf.plain --  --cso /dev/null
key=plain, no.=54, <stderr>:
LENGTH=5800
elapsed cycles: 736929
hi(checksum)=0xCFB02AE9BABA63E6
lo(checksum)=0x26750CC35AEFDBB0
key=plain, no.=54, <checksum>:
0xCFB02AE9BABA63E626750CC35AEFDBB0
key=plain, no.=54, cso file:
/dev/null
----------------------------------------------
real command=cset shield -e /home/nrink/Projects/build/encode/encode/tests/ptrarith/ptrarith.perf.plain --  --cso /dev/null
key=plain, no.=55, <stderr>:
LENGTH=5800
elapsed cycles: 738201
hi(checksum)=0xCFB02AE9BABA63E6
lo(checksum)=0x26750CC35AEFDBB0
key=plain, no.=55, <checksum>:
0xCFB02AE9BABA63E626750CC35AEFDBB0
key=plain, no.=55, cso file:
/dev/null
----------------------------------------------
real command=cset shield -e /home/nrink/Projects/build/encode/encode/tests/ptrarith/ptrarith.perf.plain --  --cso /dev/null
key=plain, no.=56, <stderr>:
LENGTH=5800
elapsed cycles: 737814
hi(checksum)=0xCFB02AE9BABA63E6
lo(checksum)=0x26750CC35AEFDBB0
key=plain, no.=56, <checksum>:
0xCFB02AE9BABA63E626750CC35AEFDBB0
key=plain, no.=56, cso file:
/dev/null
----------------------------------------------
real command=cset shield -e /home/nrink/Projects/build/encode/encode/tests/ptrarith/ptrarith.perf.plain --  --cso /dev/null
key=plain, no.=57, <stderr>:
LENGTH=5800
elapsed cycles: 770088
hi(checksum)=0xCFB02AE9BABA63E6
lo(checksum)=0x26750CC35AEFDBB0
key=plain, no.=57, <checksum>:
0xCFB02AE9BABA63E626750CC35AEFDBB0
key=plain, no.=57, cso file:
/dev/null
----------------------------------------------
real command=cset shield -e /home/nrink/Projects/build/encode/encode/tests/ptrarith/ptrarith.perf.plain --  --cso /dev/null
key=plain, no.=58, <stderr>:
LENGTH=5800
elapsed cycles: 736989
hi(checksum)=0xCFB02AE9BABA63E6
lo(checksum)=0x26750CC35AEFDBB0
key=plain, no.=58, <checksum>:
0xCFB02AE9BABA63E626750CC35AEFDBB0
key=plain, no.=58, cso file:
/dev/null
----------------------------------------------
real command=cset shield -e /home/nrink/Projects/build/encode/encode/tests/ptrarith/ptrarith.perf.plain --  --cso /dev/null
key=plain, no.=59, <stderr>:
LENGTH=5800
elapsed cycles: 737361
hi(checksum)=0xCFB02AE9BABA63E6
lo(checksum)=0x26750CC35AEFDBB0
key=plain, no.=59, <checksum>:
0xCFB02AE9BABA63E626750CC35AEFDBB0
key=plain, no.=59, cso file:
/dev/null
----------------------------------------------
real command=cset shield -e /home/nrink/Projects/build/encode/encode/tests/ptrarith/ptrarith.perf.plain --  --cso /dev/null
key=plain, no.=60, <stderr>:
LENGTH=5800
elapsed cycles: 737109
hi(checksum)=0xCFB02AE9BABA63E6
lo(checksum)=0x26750CC35AEFDBB0
key=plain, no.=60, <checksum>:
0xCFB02AE9BABA63E626750CC35AEFDBB0
key=plain, no.=60, cso file:
/dev/null
----------------------------------------------
real command=cset shield -e /home/nrink/Projects/build/encode/encode/tests/ptrarith/ptrarith.perf.plain --  --cso /dev/null
key=plain, no.=61, <stderr>:
LENGTH=5800
elapsed cycles: 742170
hi(checksum)=0xCFB02AE9BABA63E6
lo(checksum)=0x26750CC35AEFDBB0
key=plain, no.=61, <checksum>:
0xCFB02AE9BABA63E626750CC35AEFDBB0
key=plain, no.=61, cso file:
/dev/null
----------------------------------------------
real command=cset shield -e /home/nrink/Projects/build/encode/encode/tests/ptrarith/ptrarith.perf.plain --  --cso /dev/null
key=plain, no.=62, <stderr>:
LENGTH=5800
elapsed cycles: 736677
hi(checksum)=0xCFB02AE9BABA63E6
lo(checksum)=0x26750CC35AEFDBB0
key=plain, no.=62, <checksum>:
0xCFB02AE9BABA63E626750CC35AEFDBB0
key=plain, no.=62, cso file:
/dev/null
----------------------------------------------
real command=cset shield -e /home/nrink/Projects/build/encode/encode/tests/ptrarith/ptrarith.perf.plain --  --cso /dev/null
key=plain, no.=63, <stderr>:
LENGTH=5800
elapsed cycles: 737778
hi(checksum)=0xCFB02AE9BABA63E6
lo(checksum)=0x26750CC35AEFDBB0
key=plain, no.=63, <checksum>:
0xCFB02AE9BABA63E626750CC35AEFDBB0
key=plain, no.=63, cso file:
/dev/null
----------------------------------------------
real command=cset shield -e /home/nrink/Projects/build/encode/encode/tests/ptrarith/ptrarith.perf.plain --  --cso /dev/null
key=plain, no.=64, <stderr>:
LENGTH=5800
elapsed cycles: 736938
hi(checksum)=0xCFB02AE9BABA63E6
lo(checksum)=0x26750CC35AEFDBB0
key=plain, no.=64, <checksum>:
0xCFB02AE9BABA63E626750CC35AEFDBB0
key=plain, no.=64, cso file:
/dev/null
----------------------------------------------
real command=cset shield -e /home/nrink/Projects/build/encode/encode/tests/ptrarith/ptrarith.perf.plain --  --cso /dev/null
key=plain, no.=65, <stderr>:
LENGTH=5800
elapsed cycles: 737790
hi(checksum)=0xCFB02AE9BABA63E6
lo(checksum)=0x26750CC35AEFDBB0
key=plain, no.=65, <checksum>:
0xCFB02AE9BABA63E626750CC35AEFDBB0
key=plain, no.=65, cso file:
/dev/null
----------------------------------------------
real command=cset shield -e /home/nrink/Projects/build/encode/encode/tests/ptrarith/ptrarith.perf.plain --  --cso /dev/null
key=plain, no.=66, <stderr>:
LENGTH=5800
elapsed cycles: 805680
hi(checksum)=0xCFB02AE9BABA63E6
lo(checksum)=0x26750CC35AEFDBB0
key=plain, no.=66, <checksum>:
0xCFB02AE9BABA63E626750CC35AEFDBB0
key=plain, no.=66, cso file:
/dev/null
----------------------------------------------
real command=cset shield -e /home/nrink/Projects/build/encode/encode/tests/ptrarith/ptrarith.perf.plain --  --cso /dev/null
key=plain, no.=67, <stderr>:
LENGTH=5800
elapsed cycles: 747264
hi(checksum)=0xCFB02AE9BABA63E6
lo(checksum)=0x26750CC35AEFDBB0
key=plain, no.=67, <checksum>:
0xCFB02AE9BABA63E626750CC35AEFDBB0
key=plain, no.=67, cso file:
/dev/null
----------------------------------------------
real command=cset shield -e /home/nrink/Projects/build/encode/encode/tests/ptrarith/ptrarith.perf.plain --  --cso /dev/null
key=plain, no.=68, <stderr>:
LENGTH=5800
elapsed cycles: 738933
hi(checksum)=0xCFB02AE9BABA63E6
lo(checksum)=0x26750CC35AEFDBB0
key=plain, no.=68, <checksum>:
0xCFB02AE9BABA63E626750CC35AEFDBB0
key=plain, no.=68, cso file:
/dev/null
----------------------------------------------
real command=cset shield -e /home/nrink/Projects/build/encode/encode/tests/ptrarith/ptrarith.perf.plain --  --cso /dev/null
key=plain, no.=69, <stderr>:
LENGTH=5800
elapsed cycles: 741270
hi(checksum)=0xCFB02AE9BABA63E6
lo(checksum)=0x26750CC35AEFDBB0
key=plain, no.=69, <checksum>:
0xCFB02AE9BABA63E626750CC35AEFDBB0
key=plain, no.=69, cso file:
/dev/null
----------------------------------------------
real command=cset shield -e /home/nrink/Projects/build/encode/encode/tests/ptrarith/ptrarith.perf.plain --  --cso /dev/null
key=plain, no.=70, <stderr>:
LENGTH=5800
elapsed cycles: 741075
hi(checksum)=0xCFB02AE9BABA63E6
lo(checksum)=0x26750CC35AEFDBB0
key=plain, no.=70, <checksum>:
0xCFB02AE9BABA63E626750CC35AEFDBB0
key=plain, no.=70, cso file:
/dev/null
----------------------------------------------
real command=cset shield -e /home/nrink/Projects/build/encode/encode/tests/ptrarith/ptrarith.perf.plain --  --cso /dev/null
key=plain, no.=71, <stderr>:
LENGTH=5800
elapsed cycles: 738771
hi(checksum)=0xCFB02AE9BABA63E6
lo(checksum)=0x26750CC35AEFDBB0
key=plain, no.=71, <checksum>:
0xCFB02AE9BABA63E626750CC35AEFDBB0
key=plain, no.=71, cso file:
/dev/null
----------------------------------------------
real command=cset shield -e /home/nrink/Projects/build/encode/encode/tests/ptrarith/ptrarith.perf.plain --  --cso /dev/null
key=plain, no.=72, <stderr>:
LENGTH=5800
elapsed cycles: 748350
hi(checksum)=0xCFB02AE9BABA63E6
lo(checksum)=0x26750CC35AEFDBB0
key=plain, no.=72, <checksum>:
0xCFB02AE9BABA63E626750CC35AEFDBB0
key=plain, no.=72, cso file:
/dev/null
----------------------------------------------
real command=cset shield -e /home/nrink/Projects/build/encode/encode/tests/ptrarith/ptrarith.perf.plain --  --cso /dev/null
key=plain, no.=73, <stderr>:
LENGTH=5800
elapsed cycles: 738672
hi(checksum)=0xCFB02AE9BABA63E6
lo(checksum)=0x26750CC35AEFDBB0
key=plain, no.=73, <checksum>:
0xCFB02AE9BABA63E626750CC35AEFDBB0
key=plain, no.=73, cso file:
/dev/null
----------------------------------------------
real command=cset shield -e /home/nrink/Projects/build/encode/encode/tests/ptrarith/ptrarith.perf.plain --  --cso /dev/null
key=plain, no.=74, <stderr>:
LENGTH=5800
elapsed cycles: 797235
hi(checksum)=0xCFB02AE9BABA63E6
lo(checksum)=0x26750CC35AEFDBB0
key=plain, no.=74, <checksum>:
0xCFB02AE9BABA63E626750CC35AEFDBB0
key=plain, no.=74, cso file:
/dev/null
----------------------------------------------
real command=cset shield -e /home/nrink/Projects/build/encode/encode/tests/ptrarith/ptrarith.perf.plain --  --cso /dev/null
key=plain, no.=75, <stderr>:
LENGTH=5800
elapsed cycles: 738900
hi(checksum)=0xCFB02AE9BABA63E6
lo(checksum)=0x26750CC35AEFDBB0
key=plain, no.=75, <checksum>:
0xCFB02AE9BABA63E626750CC35AEFDBB0
key=plain, no.=75, cso file:
/dev/null
----------------------------------------------
real command=cset shield -e /home/nrink/Projects/build/encode/encode/tests/ptrarith/ptrarith.perf.plain --  --cso /dev/null
key=plain, no.=76, <stderr>:
LENGTH=5800
elapsed cycles: 797184
hi(checksum)=0xCFB02AE9BABA63E6
lo(checksum)=0x26750CC35AEFDBB0
key=plain, no.=76, <checksum>:
0xCFB02AE9BABA63E626750CC35AEFDBB0
key=plain, no.=76, cso file:
/dev/null
----------------------------------------------
real command=cset shield -e /home/nrink/Projects/build/encode/encode/tests/ptrarith/ptrarith.perf.plain --  --cso /dev/null
key=plain, no.=77, <stderr>:
LENGTH=5800
elapsed cycles: 738789
hi(checksum)=0xCFB02AE9BABA63E6
lo(checksum)=0x26750CC35AEFDBB0
key=plain, no.=77, <checksum>:
0xCFB02AE9BABA63E626750CC35AEFDBB0
key=plain, no.=77, cso file:
/dev/null
----------------------------------------------
real command=cset shield -e /home/nrink/Projects/build/encode/encode/tests/ptrarith/ptrarith.perf.plain --  --cso /dev/null
key=plain, no.=78, <stderr>:
LENGTH=5800
elapsed cycles: 738282
hi(checksum)=0xCFB02AE9BABA63E6
lo(checksum)=0x26750CC35AEFDBB0
key=plain, no.=78, <checksum>:
0xCFB02AE9BABA63E626750CC35AEFDBB0
key=plain, no.=78, cso file:
/dev/null
----------------------------------------------
real command=cset shield -e /home/nrink/Projects/build/encode/encode/tests/ptrarith/ptrarith.perf.plain --  --cso /dev/null
key=plain, no.=79, <stderr>:
LENGTH=5800
elapsed cycles: 739077
hi(checksum)=0xCFB02AE9BABA63E6
lo(checksum)=0x26750CC35AEFDBB0
key=plain, no.=79, <checksum>:
0xCFB02AE9BABA63E626750CC35AEFDBB0
key=plain, no.=79, cso file:
/dev/null
----------------------------------------------
real command=cset shield -e /home/nrink/Projects/build/encode/encode/tests/ptrarith/ptrarith.perf.plain --  --cso /dev/null
key=plain, no.=80, <stderr>:
LENGTH=5800
elapsed cycles: 739458
hi(checksum)=0xCFB02AE9BABA63E6
lo(checksum)=0x26750CC35AEFDBB0
key=plain, no.=80, <checksum>:
0xCFB02AE9BABA63E626750CC35AEFDBB0
key=plain, no.=80, cso file:
/dev/null
----------------------------------------------
real command=cset shield -e /home/nrink/Projects/build/encode/encode/tests/ptrarith/ptrarith.perf.plain --  --cso /dev/null
key=plain, no.=81, <stderr>:
LENGTH=5800
elapsed cycles: 738138
hi(checksum)=0xCFB02AE9BABA63E6
lo(checksum)=0x26750CC35AEFDBB0
key=plain, no.=81, <checksum>:
0xCFB02AE9BABA63E626750CC35AEFDBB0
key=plain, no.=81, cso file:
/dev/null
----------------------------------------------
real command=cset shield -e /home/nrink/Projects/build/encode/encode/tests/ptrarith/ptrarith.perf.plain --  --cso /dev/null
key=plain, no.=82, <stderr>:
LENGTH=5800
elapsed cycles: 738537
hi(checksum)=0xCFB02AE9BABA63E6
lo(checksum)=0x26750CC35AEFDBB0
key=plain, no.=82, <checksum>:
0xCFB02AE9BABA63E626750CC35AEFDBB0
key=plain, no.=82, cso file:
/dev/null
----------------------------------------------
real command=cset shield -e /home/nrink/Projects/build/encode/encode/tests/ptrarith/ptrarith.perf.plain --  --cso /dev/null
key=plain, no.=83, <stderr>:
LENGTH=5800
elapsed cycles: 760995
hi(checksum)=0xCFB02AE9BABA63E6
lo(checksum)=0x26750CC35AEFDBB0
key=plain, no.=83, <checksum>:
0xCFB02AE9BABA63E626750CC35AEFDBB0
key=plain, no.=83, cso file:
/dev/null
----------------------------------------------
real command=cset shield -e /home/nrink/Projects/build/encode/encode/tests/ptrarith/ptrarith.perf.plain --  --cso /dev/null
key=plain, no.=84, <stderr>:
LENGTH=5800
elapsed cycles: 738186
hi(checksum)=0xCFB02AE9BABA63E6
lo(checksum)=0x26750CC35AEFDBB0
key=plain, no.=84, <checksum>:
0xCFB02AE9BABA63E626750CC35AEFDBB0
key=plain, no.=84, cso file:
/dev/null
----------------------------------------------
real command=cset shield -e /home/nrink/Projects/build/encode/encode/tests/ptrarith/ptrarith.perf.plain --  --cso /dev/null
key=plain, no.=85, <stderr>:
LENGTH=5800
elapsed cycles: 738036
hi(checksum)=0xCFB02AE9BABA63E6
lo(checksum)=0x26750CC35AEFDBB0
key=plain, no.=85, <checksum>:
0xCFB02AE9BABA63E626750CC35AEFDBB0
key=plain, no.=85, cso file:
/dev/null
----------------------------------------------
real command=cset shield -e /home/nrink/Projects/build/encode/encode/tests/ptrarith/ptrarith.perf.plain --  --cso /dev/null
key=plain, no.=86, <stderr>:
LENGTH=5800
elapsed cycles: 737823
hi(checksum)=0xCFB02AE9BABA63E6
lo(checksum)=0x26750CC35AEFDBB0
key=plain, no.=86, <checksum>:
0xCFB02AE9BABA63E626750CC35AEFDBB0
key=plain, no.=86, cso file:
/dev/null
----------------------------------------------
real command=cset shield -e /home/nrink/Projects/build/encode/encode/tests/ptrarith/ptrarith.perf.plain --  --cso /dev/null
key=plain, no.=87, <stderr>:
LENGTH=5800
elapsed cycles: 738534
hi(checksum)=0xCFB02AE9BABA63E6
lo(checksum)=0x26750CC35AEFDBB0
key=plain, no.=87, <checksum>:
0xCFB02AE9BABA63E626750CC35AEFDBB0
key=plain, no.=87, cso file:
/dev/null
----------------------------------------------
real command=cset shield -e /home/nrink/Projects/build/encode/encode/tests/ptrarith/ptrarith.perf.plain --  --cso /dev/null
key=plain, no.=88, <stderr>:
LENGTH=5800
elapsed cycles: 775020
hi(checksum)=0xCFB02AE9BABA63E6
lo(checksum)=0x26750CC35AEFDBB0
key=plain, no.=88, <checksum>:
0xCFB02AE9BABA63E626750CC35AEFDBB0
key=plain, no.=88, cso file:
/dev/null
----------------------------------------------
real command=cset shield -e /home/nrink/Projects/build/encode/encode/tests/ptrarith/ptrarith.perf.plain --  --cso /dev/null
key=plain, no.=89, <stderr>:
LENGTH=5800
elapsed cycles: 738468
hi(checksum)=0xCFB02AE9BABA63E6
lo(checksum)=0x26750CC35AEFDBB0
key=plain, no.=89, <checksum>:
0xCFB02AE9BABA63E626750CC35AEFDBB0
key=plain, no.=89, cso file:
/dev/null
----------------------------------------------
real command=cset shield -e /home/nrink/Projects/build/encode/encode/tests/ptrarith/ptrarith.perf.plain --  --cso /dev/null
key=plain, no.=90, <stderr>:
LENGTH=5800
elapsed cycles: 737478
hi(checksum)=0xCFB02AE9BABA63E6
lo(checksum)=0x26750CC35AEFDBB0
key=plain, no.=90, <checksum>:
0xCFB02AE9BABA63E626750CC35AEFDBB0
key=plain, no.=90, cso file:
/dev/null
----------------------------------------------
real command=cset shield -e /home/nrink/Projects/build/encode/encode/tests/ptrarith/ptrarith.perf.plain --  --cso /dev/null
key=plain, no.=91, <stderr>:
LENGTH=5800
elapsed cycles: 770790
hi(checksum)=0xCFB02AE9BABA63E6
lo(checksum)=0x26750CC35AEFDBB0
key=plain, no.=91, <checksum>:
0xCFB02AE9BABA63E626750CC35AEFDBB0
key=plain, no.=91, cso file:
/dev/null
----------------------------------------------
real command=cset shield -e /home/nrink/Projects/build/encode/encode/tests/ptrarith/ptrarith.perf.plain --  --cso /dev/null
key=plain, no.=92, <stderr>:
LENGTH=5800
elapsed cycles: 738534
hi(checksum)=0xCFB02AE9BABA63E6
lo(checksum)=0x26750CC35AEFDBB0
key=plain, no.=92, <checksum>:
0xCFB02AE9BABA63E626750CC35AEFDBB0
key=plain, no.=92, cso file:
/dev/null
----------------------------------------------
real command=cset shield -e /home/nrink/Projects/build/encode/encode/tests/ptrarith/ptrarith.perf.plain --  --cso /dev/null
key=plain, no.=93, <stderr>:
LENGTH=5800
elapsed cycles: 737808
hi(checksum)=0xCFB02AE9BABA63E6
lo(checksum)=0x26750CC35AEFDBB0
key=plain, no.=93, <checksum>:
0xCFB02AE9BABA63E626750CC35AEFDBB0
key=plain, no.=93, cso file:
/dev/null
----------------------------------------------
real command=cset shield -e /home/nrink/Projects/build/encode/encode/tests/ptrarith/ptrarith.perf.plain --  --cso /dev/null
key=plain, no.=94, <stderr>:
LENGTH=5800
elapsed cycles: 739647
hi(checksum)=0xCFB02AE9BABA63E6
lo(checksum)=0x26750CC35AEFDBB0
key=plain, no.=94, <checksum>:
0xCFB02AE9BABA63E626750CC35AEFDBB0
key=plain, no.=94, cso file:
/dev/null
----------------------------------------------
real command=cset shield -e /home/nrink/Projects/build/encode/encode/tests/ptrarith/ptrarith.perf.plain --  --cso /dev/null
key=plain, no.=95, <stderr>:
LENGTH=5800
elapsed cycles: 737862
hi(checksum)=0xCFB02AE9BABA63E6
lo(checksum)=0x26750CC35AEFDBB0
key=plain, no.=95, <checksum>:
0xCFB02AE9BABA63E626750CC35AEFDBB0
key=plain, no.=95, cso file:
/dev/null
----------------------------------------------
real command=cset shield -e /home/nrink/Projects/build/encode/encode/tests/ptrarith/ptrarith.perf.plain --  --cso /dev/null
key=plain, no.=96, <stderr>:
LENGTH=5800
elapsed cycles: 739854
hi(checksum)=0xCFB02AE9BABA63E6
lo(checksum)=0x26750CC35AEFDBB0
key=plain, no.=96, <checksum>:
0xCFB02AE9BABA63E626750CC35AEFDBB0
key=plain, no.=96, cso file:
/dev/null
----------------------------------------------
real command=cset shield -e /home/nrink/Projects/build/encode/encode/tests/ptrarith/ptrarith.perf.plain --  --cso /dev/null
key=plain, no.=97, <stderr>:
LENGTH=5800
elapsed cycles: 738615
hi(checksum)=0xCFB02AE9BABA63E6
lo(checksum)=0x26750CC35AEFDBB0
key=plain, no.=97, <checksum>:
0xCFB02AE9BABA63E626750CC35AEFDBB0
key=plain, no.=97, cso file:
/dev/null
----------------------------------------------
real command=cset shield -e /home/nrink/Projects/build/encode/encode/tests/ptrarith/ptrarith.perf.plain --  --cso /dev/null
key=plain, no.=98, <stderr>:
LENGTH=5800
elapsed cycles: 809940
hi(checksum)=0xCFB02AE9BABA63E6
lo(checksum)=0x26750CC35AEFDBB0
key=plain, no.=98, <checksum>:
0xCFB02AE9BABA63E626750CC35AEFDBB0
key=plain, no.=98, cso file:
/dev/null
----------------------------------------------
real command=cset shield -e /home/nrink/Projects/build/encode/encode/tests/ptrarith/ptrarith.perf.plain --  --cso /dev/null
key=plain, no.=99, <stderr>:
LENGTH=5800
elapsed cycles: 737943
hi(checksum)=0xCFB02AE9BABA63E6
lo(checksum)=0x26750CC35AEFDBB0
key=plain, no.=99, <checksum>:
0xCFB02AE9BABA63E626750CC35AEFDBB0
key=plain, no.=99, cso file:
/dev/null
----------------------------------------------
key=encoded, runs=100 ...
command=/home/nrink/Projects/build/encode/encode/tests/ptrarith/ptrarith.perf.encoded
----------------------------------------------
real command=cset shield -e /home/nrink/Projects/build/encode/encode/tests/ptrarith/ptrarith.perf.encoded --  --cso /dev/null
key=encoded, no.=0, <stderr>:
LENGTH=5800
elapsed cycles: 5017977
hi(checksum)=0xCFB02AE9BABA63E6
lo(checksum)=0x26750CC35AEFDBB0
key=encoded, no.=0, <checksum>:
0xCFB02AE9BABA63E626750CC35AEFDBB0
key=encoded, no.=0, cso file:
/dev/null
----------------------------------------------
real command=cset shield -e /home/nrink/Projects/build/encode/encode/tests/ptrarith/ptrarith.perf.encoded --  --cso /dev/null
key=encoded, no.=1, <stderr>:
LENGTH=5800
elapsed cycles: 5017467
hi(checksum)=0xCFB02AE9BABA63E6
lo(checksum)=0x26750CC35AEFDBB0
key=encoded, no.=1, <checksum>:
0xCFB02AE9BABA63E626750CC35AEFDBB0
key=encoded, no.=1, cso file:
/dev/null
----------------------------------------------
real command=cset shield -e /home/nrink/Projects/build/encode/encode/tests/ptrarith/ptrarith.perf.encoded --  --cso /dev/null
key=encoded, no.=2, <stderr>:
LENGTH=5800
elapsed cycles: 5056398
hi(checksum)=0xCFB02AE9BABA63E6
lo(checksum)=0x26750CC35AEFDBB0
key=encoded, no.=2, <checksum>:
0xCFB02AE9BABA63E626750CC35AEFDBB0
key=encoded, no.=2, cso file:
/dev/null
----------------------------------------------
real command=cset shield -e /home/nrink/Projects/build/encode/encode/tests/ptrarith/ptrarith.perf.encoded --  --cso /dev/null
key=encoded, no.=3, <stderr>:
LENGTH=5800
elapsed cycles: 5012703
hi(checksum)=0xCFB02AE9BABA63E6
lo(checksum)=0x26750CC35AEFDBB0
key=encoded, no.=3, <checksum>:
0xCFB02AE9BABA63E626750CC35AEFDBB0
key=encoded, no.=3, cso file:
/dev/null
----------------------------------------------
real command=cset shield -e /home/nrink/Projects/build/encode/encode/tests/ptrarith/ptrarith.perf.encoded --  --cso /dev/null
key=encoded, no.=4, <stderr>:
LENGTH=5800
elapsed cycles: 5050848
hi(checksum)=0xCFB02AE9BABA63E6
lo(checksum)=0x26750CC35AEFDBB0
key=encoded, no.=4, <checksum>:
0xCFB02AE9BABA63E626750CC35AEFDBB0
key=encoded, no.=4, cso file:
/dev/null
----------------------------------------------
real command=cset shield -e /home/nrink/Projects/build/encode/encode/tests/ptrarith/ptrarith.perf.encoded --  --cso /dev/null
key=encoded, no.=5, <stderr>:
LENGTH=5800
elapsed cycles: 5015484
hi(checksum)=0xCFB02AE9BABA63E6
lo(checksum)=0x26750CC35AEFDBB0
key=encoded, no.=5, <checksum>:
0xCFB02AE9BABA63E626750CC35AEFDBB0
key=encoded, no.=5, cso file:
/dev/null
----------------------------------------------
real command=cset shield -e /home/nrink/Projects/build/encode/encode/tests/ptrarith/ptrarith.perf.encoded --  --cso /dev/null
key=encoded, no.=6, <stderr>:
LENGTH=5800
elapsed cycles: 4981749
hi(checksum)=0xCFB02AE9BABA63E6
lo(checksum)=0x26750CC35AEFDBB0
key=encoded, no.=6, <checksum>:
0xCFB02AE9BABA63E626750CC35AEFDBB0
key=encoded, no.=6, cso file:
/dev/null
----------------------------------------------
real command=cset shield -e /home/nrink/Projects/build/encode/encode/tests/ptrarith/ptrarith.perf.encoded --  --cso /dev/null
key=encoded, no.=7, <stderr>:
LENGTH=5800
elapsed cycles: 4979517
hi(checksum)=0xCFB02AE9BABA63E6
lo(checksum)=0x26750CC35AEFDBB0
key=encoded, no.=7, <checksum>:
0xCFB02AE9BABA63E626750CC35AEFDBB0
key=encoded, no.=7, cso file:
/dev/null
----------------------------------------------
real command=cset shield -e /home/nrink/Projects/build/encode/encode/tests/ptrarith/ptrarith.perf.encoded --  --cso /dev/null
key=encoded, no.=8, <stderr>:
LENGTH=5800
elapsed cycles: 4977105
hi(checksum)=0xCFB02AE9BABA63E6
lo(checksum)=0x26750CC35AEFDBB0
key=encoded, no.=8, <checksum>:
0xCFB02AE9BABA63E626750CC35AEFDBB0
key=encoded, no.=8, cso file:
/dev/null
----------------------------------------------
real command=cset shield -e /home/nrink/Projects/build/encode/encode/tests/ptrarith/ptrarith.perf.encoded --  --cso /dev/null
key=encoded, no.=9, <stderr>:
LENGTH=5800
elapsed cycles: 5023233
hi(checksum)=0xCFB02AE9BABA63E6
lo(checksum)=0x26750CC35AEFDBB0
key=encoded, no.=9, <checksum>:
0xCFB02AE9BABA63E626750CC35AEFDBB0
key=encoded, no.=9, cso file:
/dev/null
----------------------------------------------
real command=cset shield -e /home/nrink/Projects/build/encode/encode/tests/ptrarith/ptrarith.perf.encoded --  --cso /dev/null
key=encoded, no.=10, <stderr>:
LENGTH=5800
elapsed cycles: 5035791
hi(checksum)=0xCFB02AE9BABA63E6
lo(checksum)=0x26750CC35AEFDBB0
key=encoded, no.=10, <checksum>:
0xCFB02AE9BABA63E626750CC35AEFDBB0
key=encoded, no.=10, cso file:
/dev/null
----------------------------------------------
real command=cset shield -e /home/nrink/Projects/build/encode/encode/tests/ptrarith/ptrarith.perf.encoded --  --cso /dev/null
key=encoded, no.=11, <stderr>:
LENGTH=5800
elapsed cycles: 4982562
hi(checksum)=0xCFB02AE9BABA63E6
lo(checksum)=0x26750CC35AEFDBB0
key=encoded, no.=11, <checksum>:
0xCFB02AE9BABA63E626750CC35AEFDBB0
key=encoded, no.=11, cso file:
/dev/null
----------------------------------------------
real command=cset shield -e /home/nrink/Projects/build/encode/encode/tests/ptrarith/ptrarith.perf.encoded --  --cso /dev/null
key=encoded, no.=12, <stderr>:
LENGTH=5800
elapsed cycles: 5020482
hi(checksum)=0xCFB02AE9BABA63E6
lo(checksum)=0x26750CC35AEFDBB0
key=encoded, no.=12, <checksum>:
0xCFB02AE9BABA63E626750CC35AEFDBB0
key=encoded, no.=12, cso file:
/dev/null
----------------------------------------------
real command=cset shield -e /home/nrink/Projects/build/encode/encode/tests/ptrarith/ptrarith.perf.encoded --  --cso /dev/null
key=encoded, no.=13, <stderr>:
LENGTH=5800
elapsed cycles: 5044062
hi(checksum)=0xCFB02AE9BABA63E6
lo(checksum)=0x26750CC35AEFDBB0
key=encoded, no.=13, <checksum>:
0xCFB02AE9BABA63E626750CC35AEFDBB0
key=encoded, no.=13, cso file:
/dev/null
----------------------------------------------
real command=cset shield -e /home/nrink/Projects/build/encode/encode/tests/ptrarith/ptrarith.perf.encoded --  --cso /dev/null
key=encoded, no.=14, <stderr>:
LENGTH=5800
elapsed cycles: 5031852
hi(checksum)=0xCFB02AE9BABA63E6
lo(checksum)=0x26750CC35AEFDBB0
key=encoded, no.=14, <checksum>:
0xCFB02AE9BABA63E626750CC35AEFDBB0
key=encoded, no.=14, cso file:
/dev/null
----------------------------------------------
real command=cset shield -e /home/nrink/Projects/build/encode/encode/tests/ptrarith/ptrarith.perf.encoded --  --cso /dev/null
key=encoded, no.=15, <stderr>:
LENGTH=5800
elapsed cycles: 4980516
hi(checksum)=0xCFB02AE9BABA63E6
lo(checksum)=0x26750CC35AEFDBB0
key=encoded, no.=15, <checksum>:
0xCFB02AE9BABA63E626750CC35AEFDBB0
key=encoded, no.=15, cso file:
/dev/null
----------------------------------------------
real command=cset shield -e /home/nrink/Projects/build/encode/encode/tests/ptrarith/ptrarith.perf.encoded --  --cso /dev/null
key=encoded, no.=16, <stderr>:
LENGTH=5800
elapsed cycles: 4984947
hi(checksum)=0xCFB02AE9BABA63E6
lo(checksum)=0x26750CC35AEFDBB0
key=encoded, no.=16, <checksum>:
0xCFB02AE9BABA63E626750CC35AEFDBB0
key=encoded, no.=16, cso file:
/dev/null
----------------------------------------------
real command=cset shield -e /home/nrink/Projects/build/encode/encode/tests/ptrarith/ptrarith.perf.encoded --  --cso /dev/null
key=encoded, no.=17, <stderr>:
LENGTH=5800
elapsed cycles: 5017215
hi(checksum)=0xCFB02AE9BABA63E6
lo(checksum)=0x26750CC35AEFDBB0
key=encoded, no.=17, <checksum>:
0xCFB02AE9BABA63E626750CC35AEFDBB0
key=encoded, no.=17, cso file:
/dev/null
----------------------------------------------
real command=cset shield -e /home/nrink/Projects/build/encode/encode/tests/ptrarith/ptrarith.perf.encoded --  --cso /dev/null
key=encoded, no.=18, <stderr>:
LENGTH=5800
elapsed cycles: 5014554
hi(checksum)=0xCFB02AE9BABA63E6
lo(checksum)=0x26750CC35AEFDBB0
key=encoded, no.=18, <checksum>:
0xCFB02AE9BABA63E626750CC35AEFDBB0
key=encoded, no.=18, cso file:
/dev/null
----------------------------------------------
real command=cset shield -e /home/nrink/Projects/build/encode/encode/tests/ptrarith/ptrarith.perf.encoded --  --cso /dev/null
key=encoded, no.=19, <stderr>:
LENGTH=5800
elapsed cycles: 6121606
hi(checksum)=0xCFB02AE9BABA63E6
lo(checksum)=0x26750CC35AEFDBB0
key=encoded, no.=19, <checksum>:
0xCFB02AE9BABA63E626750CC35AEFDBB0
key=encoded, no.=19, cso file:
/dev/null
----------------------------------------------
real command=cset shield -e /home/nrink/Projects/build/encode/encode/tests/ptrarith/ptrarith.perf.encoded --  --cso /dev/null
key=encoded, no.=20, <stderr>:
LENGTH=5800
elapsed cycles: 4973790
hi(checksum)=0xCFB02AE9BABA63E6
lo(checksum)=0x26750CC35AEFDBB0
key=encoded, no.=20, <checksum>:
0xCFB02AE9BABA63E626750CC35AEFDBB0
key=encoded, no.=20, cso file:
/dev/null
----------------------------------------------
real command=cset shield -e /home/nrink/Projects/build/encode/encode/tests/ptrarith/ptrarith.perf.encoded --  --cso /dev/null
key=encoded, no.=21, <stderr>:
LENGTH=5800
elapsed cycles: 4973019
hi(checksum)=0xCFB02AE9BABA63E6
lo(checksum)=0x26750CC35AEFDBB0
key=encoded, no.=21, <checksum>:
0xCFB02AE9BABA63E626750CC35AEFDBB0
key=encoded, no.=21, cso file:
/dev/null
----------------------------------------------
real command=cset shield -e /home/nrink/Projects/build/encode/encode/tests/ptrarith/ptrarith.perf.encoded --  --cso /dev/null
key=encoded, no.=22, <stderr>:
LENGTH=5800
elapsed cycles: 4978986
hi(checksum)=0xCFB02AE9BABA63E6
lo(checksum)=0x26750CC35AEFDBB0
key=encoded, no.=22, <checksum>:
0xCFB02AE9BABA63E626750CC35AEFDBB0
key=encoded, no.=22, cso file:
/dev/null
----------------------------------------------
real command=cset shield -e /home/nrink/Projects/build/encode/encode/tests/ptrarith/ptrarith.perf.encoded --  --cso /dev/null
key=encoded, no.=23, <stderr>:
LENGTH=5800
elapsed cycles: 5067447
hi(checksum)=0xCFB02AE9BABA63E6
lo(checksum)=0x26750CC35AEFDBB0
key=encoded, no.=23, <checksum>:
0xCFB02AE9BABA63E626750CC35AEFDBB0
key=encoded, no.=23, cso file:
/dev/null
----------------------------------------------
real command=cset shield -e /home/nrink/Projects/build/encode/encode/tests/ptrarith/ptrarith.perf.encoded --  --cso /dev/null
key=encoded, no.=24, <stderr>:
LENGTH=5800
elapsed cycles: 4979079
hi(checksum)=0xCFB02AE9BABA63E6
lo(checksum)=0x26750CC35AEFDBB0
key=encoded, no.=24, <checksum>:
0xCFB02AE9BABA63E626750CC35AEFDBB0
key=encoded, no.=24, cso file:
/dev/null
----------------------------------------------
real command=cset shield -e /home/nrink/Projects/build/encode/encode/tests/ptrarith/ptrarith.perf.encoded --  --cso /dev/null
key=encoded, no.=25, <stderr>:
LENGTH=5800
elapsed cycles: 4980048
hi(checksum)=0xCFB02AE9BABA63E6
lo(checksum)=0x26750CC35AEFDBB0
key=encoded, no.=25, <checksum>:
0xCFB02AE9BABA63E626750CC35AEFDBB0
key=encoded, no.=25, cso file:
/dev/null
----------------------------------------------
real command=cset shield -e /home/nrink/Projects/build/encode/encode/tests/ptrarith/ptrarith.perf.encoded --  --cso /dev/null
key=encoded, no.=26, <stderr>:
LENGTH=5800
elapsed cycles: 5044386
hi(checksum)=0xCFB02AE9BABA63E6
lo(checksum)=0x26750CC35AEFDBB0
key=encoded, no.=26, <checksum>:
0xCFB02AE9BABA63E626750CC35AEFDBB0
key=encoded, no.=26, cso file:
/dev/null
----------------------------------------------
real command=cset shield -e /home/nrink/Projects/build/encode/encode/tests/ptrarith/ptrarith.perf.encoded --  --cso /dev/null
key=encoded, no.=27, <stderr>:
LENGTH=5800
elapsed cycles: 5361144
hi(checksum)=0xCFB02AE9BABA63E6
lo(checksum)=0x26750CC35AEFDBB0
key=encoded, no.=27, <checksum>:
0xCFB02AE9BABA63E626750CC35AEFDBB0
key=encoded, no.=27, cso file:
/dev/null
----------------------------------------------
real command=cset shield -e /home/nrink/Projects/build/encode/encode/tests/ptrarith/ptrarith.perf.encoded --  --cso /dev/null
key=encoded, no.=28, <stderr>:
LENGTH=5800
elapsed cycles: 5161158
hi(checksum)=0xCFB02AE9BABA63E6
lo(checksum)=0x26750CC35AEFDBB0
key=encoded, no.=28, <checksum>:
0xCFB02AE9BABA63E626750CC35AEFDBB0
key=encoded, no.=28, cso file:
/dev/null
----------------------------------------------
real command=cset shield -e /home/nrink/Projects/build/encode/encode/tests/ptrarith/ptrarith.perf.encoded --  --cso /dev/null
key=encoded, no.=29, <stderr>:
LENGTH=5800
elapsed cycles: 5016864
hi(checksum)=0xCFB02AE9BABA63E6
lo(checksum)=0x26750CC35AEFDBB0
key=encoded, no.=29, <checksum>:
0xCFB02AE9BABA63E626750CC35AEFDBB0
key=encoded, no.=29, cso file:
/dev/null
----------------------------------------------
real command=cset shield -e /home/nrink/Projects/build/encode/encode/tests/ptrarith/ptrarith.perf.encoded --  --cso /dev/null
key=encoded, no.=30, <stderr>:
LENGTH=5800
elapsed cycles: 5203488
hi(checksum)=0xCFB02AE9BABA63E6
lo(checksum)=0x26750CC35AEFDBB0
key=encoded, no.=30, <checksum>:
0xCFB02AE9BABA63E626750CC35AEFDBB0
key=encoded, no.=30, cso file:
/dev/null
----------------------------------------------
real command=cset shield -e /home/nrink/Projects/build/encode/encode/tests/ptrarith/ptrarith.perf.encoded --  --cso /dev/null
key=encoded, no.=31, <stderr>:
LENGTH=5800
elapsed cycles: 5044470
hi(checksum)=0xCFB02AE9BABA63E6
lo(checksum)=0x26750CC35AEFDBB0
key=encoded, no.=31, <checksum>:
0xCFB02AE9BABA63E626750CC35AEFDBB0
key=encoded, no.=31, cso file:
/dev/null
----------------------------------------------
real command=cset shield -e /home/nrink/Projects/build/encode/encode/tests/ptrarith/ptrarith.perf.encoded --  --cso /dev/null
key=encoded, no.=32, <stderr>:
LENGTH=5800
elapsed cycles: 5025009
hi(checksum)=0xCFB02AE9BABA63E6
lo(checksum)=0x26750CC35AEFDBB0
key=encoded, no.=32, <checksum>:
0xCFB02AE9BABA63E626750CC35AEFDBB0
key=encoded, no.=32, cso file:
/dev/null
----------------------------------------------
real command=cset shield -e /home/nrink/Projects/build/encode/encode/tests/ptrarith/ptrarith.perf.encoded --  --cso /dev/null
key=encoded, no.=33, <stderr>:
LENGTH=5800
elapsed cycles: 5159544
hi(checksum)=0xCFB02AE9BABA63E6
lo(checksum)=0x26750CC35AEFDBB0
key=encoded, no.=33, <checksum>:
0xCFB02AE9BABA63E626750CC35AEFDBB0
key=encoded, no.=33, cso file:
/dev/null
----------------------------------------------
real command=cset shield -e /home/nrink/Projects/build/encode/encode/tests/ptrarith/ptrarith.perf.encoded --  --cso /dev/null
key=encoded, no.=34, <stderr>:
LENGTH=5800
elapsed cycles: 4987218
hi(checksum)=0xCFB02AE9BABA63E6
lo(checksum)=0x26750CC35AEFDBB0
key=encoded, no.=34, <checksum>:
0xCFB02AE9BABA63E626750CC35AEFDBB0
key=encoded, no.=34, cso file:
/dev/null
----------------------------------------------
real command=cset shield -e /home/nrink/Projects/build/encode/encode/tests/ptrarith/ptrarith.perf.encoded --  --cso /dev/null
key=encoded, no.=35, <stderr>:
LENGTH=5800
elapsed cycles: 5018397
hi(checksum)=0xCFB02AE9BABA63E6
lo(checksum)=0x26750CC35AEFDBB0
key=encoded, no.=35, <checksum>:
0xCFB02AE9BABA63E626750CC35AEFDBB0
key=encoded, no.=35, cso file:
/dev/null
----------------------------------------------
real command=cset shield -e /home/nrink/Projects/build/encode/encode/tests/ptrarith/ptrarith.perf.encoded --  --cso /dev/null
key=encoded, no.=36, <stderr>:
LENGTH=5800
elapsed cycles: 5024892
hi(checksum)=0xCFB02AE9BABA63E6
lo(checksum)=0x26750CC35AEFDBB0
key=encoded, no.=36, <checksum>:
0xCFB02AE9BABA63E626750CC35AEFDBB0
key=encoded, no.=36, cso file:
/dev/null
----------------------------------------------
real command=cset shield -e /home/nrink/Projects/build/encode/encode/tests/ptrarith/ptrarith.perf.encoded --  --cso /dev/null
key=encoded, no.=37, <stderr>:
LENGTH=5800
elapsed cycles: 5040648
hi(checksum)=0xCFB02AE9BABA63E6
lo(checksum)=0x26750CC35AEFDBB0
key=encoded, no.=37, <checksum>:
0xCFB02AE9BABA63E626750CC35AEFDBB0
key=encoded, no.=37, cso file:
/dev/null
----------------------------------------------
real command=cset shield -e /home/nrink/Projects/build/encode/encode/tests/ptrarith/ptrarith.perf.encoded --  --cso /dev/null
key=encoded, no.=38, <stderr>:
LENGTH=5800
elapsed cycles: 4980090
hi(checksum)=0xCFB02AE9BABA63E6
lo(checksum)=0x26750CC35AEFDBB0
key=encoded, no.=38, <checksum>:
0xCFB02AE9BABA63E626750CC35AEFDBB0
key=encoded, no.=38, cso file:
/dev/null
----------------------------------------------
real command=cset shield -e /home/nrink/Projects/build/encode/encode/tests/ptrarith/ptrarith.perf.encoded --  --cso /dev/null
key=encoded, no.=39, <stderr>:
LENGTH=5800
elapsed cycles: 5118480
hi(checksum)=0xCFB02AE9BABA63E6
lo(checksum)=0x26750CC35AEFDBB0
key=encoded, no.=39, <checksum>:
0xCFB02AE9BABA63E626750CC35AEFDBB0
key=encoded, no.=39, cso file:
/dev/null
----------------------------------------------
real command=cset shield -e /home/nrink/Projects/build/encode/encode/tests/ptrarith/ptrarith.perf.encoded --  --cso /dev/null
key=encoded, no.=40, <stderr>:
LENGTH=5800
elapsed cycles: 4982058
hi(checksum)=0xCFB02AE9BABA63E6
lo(checksum)=0x26750CC35AEFDBB0
key=encoded, no.=40, <checksum>:
0xCFB02AE9BABA63E626750CC35AEFDBB0
key=encoded, no.=40, cso file:
/dev/null
----------------------------------------------
real command=cset shield -e /home/nrink/Projects/build/encode/encode/tests/ptrarith/ptrarith.perf.encoded --  --cso /dev/null
key=encoded, no.=41, <stderr>:
LENGTH=5800
elapsed cycles: 4983900
hi(checksum)=0xCFB02AE9BABA63E6
lo(checksum)=0x26750CC35AEFDBB0
key=encoded, no.=41, <checksum>:
0xCFB02AE9BABA63E626750CC35AEFDBB0
key=encoded, no.=41, cso file:
/dev/null
----------------------------------------------
real command=cset shield -e /home/nrink/Projects/build/encode/encode/tests/ptrarith/ptrarith.perf.encoded --  --cso /dev/null
key=encoded, no.=42, <stderr>:
LENGTH=5800
elapsed cycles: 5017839
hi(checksum)=0xCFB02AE9BABA63E6
lo(checksum)=0x26750CC35AEFDBB0
key=encoded, no.=42, <checksum>:
0xCFB02AE9BABA63E626750CC35AEFDBB0
key=encoded, no.=42, cso file:
/dev/null
----------------------------------------------
real command=cset shield -e /home/nrink/Projects/build/encode/encode/tests/ptrarith/ptrarith.perf.encoded --  --cso /dev/null
key=encoded, no.=43, <stderr>:
LENGTH=5800
elapsed cycles: 5018682
hi(checksum)=0xCFB02AE9BABA63E6
lo(checksum)=0x26750CC35AEFDBB0
key=encoded, no.=43, <checksum>:
0xCFB02AE9BABA63E626750CC35AEFDBB0
key=encoded, no.=43, cso file:
/dev/null
----------------------------------------------
real command=cset shield -e /home/nrink/Projects/build/encode/encode/tests/ptrarith/ptrarith.perf.encoded --  --cso /dev/null
key=encoded, no.=44, <stderr>:
LENGTH=5800
elapsed cycles: 4976943
hi(checksum)=0xCFB02AE9BABA63E6
lo(checksum)=0x26750CC35AEFDBB0
key=encoded, no.=44, <checksum>:
0xCFB02AE9BABA63E626750CC35AEFDBB0
key=encoded, no.=44, cso file:
/dev/null
----------------------------------------------
real command=cset shield -e /home/nrink/Projects/build/encode/encode/tests/ptrarith/ptrarith.perf.encoded --  --cso /dev/null
key=encoded, no.=45, <stderr>:
LENGTH=5800
elapsed cycles: 5018856
hi(checksum)=0xCFB02AE9BABA63E6
lo(checksum)=0x26750CC35AEFDBB0
key=encoded, no.=45, <checksum>:
0xCFB02AE9BABA63E626750CC35AEFDBB0
key=encoded, no.=45, cso file:
/dev/null
----------------------------------------------
real command=cset shield -e /home/nrink/Projects/build/encode/encode/tests/ptrarith/ptrarith.perf.encoded --  --cso /dev/null
key=encoded, no.=46, <stderr>:
LENGTH=5800
elapsed cycles: 5085774
hi(checksum)=0xCFB02AE9BABA63E6
lo(checksum)=0x26750CC35AEFDBB0
key=encoded, no.=46, <checksum>:
0xCFB02AE9BABA63E626750CC35AEFDBB0
key=encoded, no.=46, cso file:
/dev/null
----------------------------------------------
real command=cset shield -e /home/nrink/Projects/build/encode/encode/tests/ptrarith/ptrarith.perf.encoded --  --cso /dev/null
key=encoded, no.=47, <stderr>:
LENGTH=5800
elapsed cycles: 4978728
hi(checksum)=0xCFB02AE9BABA63E6
lo(checksum)=0x26750CC35AEFDBB0
key=encoded, no.=47, <checksum>:
0xCFB02AE9BABA63E626750CC35AEFDBB0
key=encoded, no.=47, cso file:
/dev/null
----------------------------------------------
real command=cset shield -e /home/nrink/Projects/build/encode/encode/tests/ptrarith/ptrarith.perf.encoded --  --cso /dev/null
key=encoded, no.=48, <stderr>:
LENGTH=5800
elapsed cycles: 5104380
hi(checksum)=0xCFB02AE9BABA63E6
lo(checksum)=0x26750CC35AEFDBB0
key=encoded, no.=48, <checksum>:
0xCFB02AE9BABA63E626750CC35AEFDBB0
key=encoded, no.=48, cso file:
/dev/null
----------------------------------------------
real command=cset shield -e /home/nrink/Projects/build/encode/encode/tests/ptrarith/ptrarith.perf.encoded --  --cso /dev/null
key=encoded, no.=49, <stderr>:
LENGTH=5800
elapsed cycles: 5011812
hi(checksum)=0xCFB02AE9BABA63E6
lo(checksum)=0x26750CC35AEFDBB0
key=encoded, no.=49, <checksum>:
0xCFB02AE9BABA63E626750CC35AEFDBB0
key=encoded, no.=49, cso file:
/dev/null
----------------------------------------------
real command=cset shield -e /home/nrink/Projects/build/encode/encode/tests/ptrarith/ptrarith.perf.encoded --  --cso /dev/null
key=encoded, no.=50, <stderr>:
LENGTH=5800
elapsed cycles: 5094384
hi(checksum)=0xCFB02AE9BABA63E6
lo(checksum)=0x26750CC35AEFDBB0
key=encoded, no.=50, <checksum>:
0xCFB02AE9BABA63E626750CC35AEFDBB0
key=encoded, no.=50, cso file:
/dev/null
----------------------------------------------
real command=cset shield -e /home/nrink/Projects/build/encode/encode/tests/ptrarith/ptrarith.perf.encoded --  --cso /dev/null
key=encoded, no.=51, <stderr>:
LENGTH=5800
elapsed cycles: 5034558
hi(checksum)=0xCFB02AE9BABA63E6
lo(checksum)=0x26750CC35AEFDBB0
key=encoded, no.=51, <checksum>:
0xCFB02AE9BABA63E626750CC35AEFDBB0
key=encoded, no.=51, cso file:
/dev/null
----------------------------------------------
real command=cset shield -e /home/nrink/Projects/build/encode/encode/tests/ptrarith/ptrarith.perf.encoded --  --cso /dev/null
key=encoded, no.=52, <stderr>:
LENGTH=5800
elapsed cycles: 4978830
hi(checksum)=0xCFB02AE9BABA63E6
lo(checksum)=0x26750CC35AEFDBB0
key=encoded, no.=52, <checksum>:
0xCFB02AE9BABA63E626750CC35AEFDBB0
key=encoded, no.=52, cso file:
/dev/null
----------------------------------------------
real command=cset shield -e /home/nrink/Projects/build/encode/encode/tests/ptrarith/ptrarith.perf.encoded --  --cso /dev/null
key=encoded, no.=53, <stderr>:
LENGTH=5800
elapsed cycles: 4983018
hi(checksum)=0xCFB02AE9BABA63E6
lo(checksum)=0x26750CC35AEFDBB0
key=encoded, no.=53, <checksum>:
0xCFB02AE9BABA63E626750CC35AEFDBB0
key=encoded, no.=53, cso file:
/dev/null
----------------------------------------------
real command=cset shield -e /home/nrink/Projects/build/encode/encode/tests/ptrarith/ptrarith.perf.encoded --  --cso /dev/null
key=encoded, no.=54, <stderr>:
LENGTH=5800
elapsed cycles: 4983603
hi(checksum)=0xCFB02AE9BABA63E6
lo(checksum)=0x26750CC35AEFDBB0
key=encoded, no.=54, <checksum>:
0xCFB02AE9BABA63E626750CC35AEFDBB0
key=encoded, no.=54, cso file:
/dev/null
----------------------------------------------
real command=cset shield -e /home/nrink/Projects/build/encode/encode/tests/ptrarith/ptrarith.perf.encoded --  --cso /dev/null
key=encoded, no.=55, <stderr>:
LENGTH=5800
elapsed cycles: 4979778
hi(checksum)=0xCFB02AE9BABA63E6
lo(checksum)=0x26750CC35AEFDBB0
key=encoded, no.=55, <checksum>:
0xCFB02AE9BABA63E626750CC35AEFDBB0
key=encoded, no.=55, cso file:
/dev/null
----------------------------------------------
real command=cset shield -e /home/nrink/Projects/build/encode/encode/tests/ptrarith/ptrarith.perf.encoded --  --cso /dev/null
key=encoded, no.=56, <stderr>:
LENGTH=5800
elapsed cycles: 4983264
hi(checksum)=0xCFB02AE9BABA63E6
lo(checksum)=0x26750CC35AEFDBB0
key=encoded, no.=56, <checksum>:
0xCFB02AE9BABA63E626750CC35AEFDBB0
key=encoded, no.=56, cso file:
/dev/null
----------------------------------------------
real command=cset shield -e /home/nrink/Projects/build/encode/encode/tests/ptrarith/ptrarith.perf.encoded --  --cso /dev/null
key=encoded, no.=57, <stderr>:
LENGTH=5800
elapsed cycles: 5064090
hi(checksum)=0xCFB02AE9BABA63E6
lo(checksum)=0x26750CC35AEFDBB0
key=encoded, no.=57, <checksum>:
0xCFB02AE9BABA63E626750CC35AEFDBB0
key=encoded, no.=57, cso file:
/dev/null
----------------------------------------------
real command=cset shield -e /home/nrink/Projects/build/encode/encode/tests/ptrarith/ptrarith.perf.encoded --  --cso /dev/null
key=encoded, no.=58, <stderr>:
LENGTH=5800
elapsed cycles: 5017266
hi(checksum)=0xCFB02AE9BABA63E6
lo(checksum)=0x26750CC35AEFDBB0
key=encoded, no.=58, <checksum>:
0xCFB02AE9BABA63E626750CC35AEFDBB0
key=encoded, no.=58, cso file:
/dev/null
----------------------------------------------
real command=cset shield -e /home/nrink/Projects/build/encode/encode/tests/ptrarith/ptrarith.perf.encoded --  --cso /dev/null
key=encoded, no.=59, <stderr>:
LENGTH=5800
elapsed cycles: 5111958
hi(checksum)=0xCFB02AE9BABA63E6
lo(checksum)=0x26750CC35AEFDBB0
key=encoded, no.=59, <checksum>:
0xCFB02AE9BABA63E626750CC35AEFDBB0
key=encoded, no.=59, cso file:
/dev/null
----------------------------------------------
real command=cset shield -e /home/nrink/Projects/build/encode/encode/tests/ptrarith/ptrarith.perf.encoded --  --cso /dev/null
key=encoded, no.=60, <stderr>:
LENGTH=5800
elapsed cycles: 5012037
hi(checksum)=0xCFB02AE9BABA63E6
lo(checksum)=0x26750CC35AEFDBB0
key=encoded, no.=60, <checksum>:
0xCFB02AE9BABA63E626750CC35AEFDBB0
key=encoded, no.=60, cso file:
/dev/null
----------------------------------------------
real command=cset shield -e /home/nrink/Projects/build/encode/encode/tests/ptrarith/ptrarith.perf.encoded --  --cso /dev/null
key=encoded, no.=61, <stderr>:
LENGTH=5800
elapsed cycles: 5004579
hi(checksum)=0xCFB02AE9BABA63E6
lo(checksum)=0x26750CC35AEFDBB0
key=encoded, no.=61, <checksum>:
0xCFB02AE9BABA63E626750CC35AEFDBB0
key=encoded, no.=61, cso file:
/dev/null
----------------------------------------------
real command=cset shield -e /home/nrink/Projects/build/encode/encode/tests/ptrarith/ptrarith.perf.encoded --  --cso /dev/null
key=encoded, no.=62, <stderr>:
LENGTH=5800
elapsed cycles: 5017554
hi(checksum)=0xCFB02AE9BABA63E6
lo(checksum)=0x26750CC35AEFDBB0
key=encoded, no.=62, <checksum>:
0xCFB02AE9BABA63E626750CC35AEFDBB0
key=encoded, no.=62, cso file:
/dev/null
----------------------------------------------
real command=cset shield -e /home/nrink/Projects/build/encode/encode/tests/ptrarith/ptrarith.perf.encoded --  --cso /dev/null
key=encoded, no.=63, <stderr>:
LENGTH=5800
elapsed cycles: 4981203
hi(checksum)=0xCFB02AE9BABA63E6
lo(checksum)=0x26750CC35AEFDBB0
key=encoded, no.=63, <checksum>:
0xCFB02AE9BABA63E626750CC35AEFDBB0
key=encoded, no.=63, cso file:
/dev/null
----------------------------------------------
real command=cset shield -e /home/nrink/Projects/build/encode/encode/tests/ptrarith/ptrarith.perf.encoded --  --cso /dev/null
key=encoded, no.=64, <stderr>:
LENGTH=5800
elapsed cycles: 5085411
hi(checksum)=0xCFB02AE9BABA63E6
lo(checksum)=0x26750CC35AEFDBB0
key=encoded, no.=64, <checksum>:
0xCFB02AE9BABA63E626750CC35AEFDBB0
key=encoded, no.=64, cso file:
/dev/null
----------------------------------------------
real command=cset shield -e /home/nrink/Projects/build/encode/encode/tests/ptrarith/ptrarith.perf.encoded --  --cso /dev/null
key=encoded, no.=65, <stderr>:
LENGTH=5800
elapsed cycles: 4981164
hi(checksum)=0xCFB02AE9BABA63E6
lo(checksum)=0x26750CC35AEFDBB0
key=encoded, no.=65, <checksum>:
0xCFB02AE9BABA63E626750CC35AEFDBB0
key=encoded, no.=65, cso file:
/dev/null
----------------------------------------------
real command=cset shield -e /home/nrink/Projects/build/encode/encode/tests/ptrarith/ptrarith.perf.encoded --  --cso /dev/null
key=encoded, no.=66, <stderr>:
LENGTH=5800
elapsed cycles: 4984812
hi(checksum)=0xCFB02AE9BABA63E6
lo(checksum)=0x26750CC35AEFDBB0
key=encoded, no.=66, <checksum>:
0xCFB02AE9BABA63E626750CC35AEFDBB0
key=encoded, no.=66, cso file:
/dev/null
----------------------------------------------
real command=cset shield -e /home/nrink/Projects/build/encode/encode/tests/ptrarith/ptrarith.perf.encoded --  --cso /dev/null
key=encoded, no.=67, <stderr>:
LENGTH=5800
elapsed cycles: 4983024
hi(checksum)=0xCFB02AE9BABA63E6
lo(checksum)=0x26750CC35AEFDBB0
key=encoded, no.=67, <checksum>:
0xCFB02AE9BABA63E626750CC35AEFDBB0
key=encoded, no.=67, cso file:
/dev/null
----------------------------------------------
real command=cset shield -e /home/nrink/Projects/build/encode/encode/tests/ptrarith/ptrarith.perf.encoded --  --cso /dev/null
key=encoded, no.=68, <stderr>:
LENGTH=5800
elapsed cycles: 5019441
hi(checksum)=0xCFB02AE9BABA63E6
lo(checksum)=0x26750CC35AEFDBB0
key=encoded, no.=68, <checksum>:
0xCFB02AE9BABA63E626750CC35AEFDBB0
key=encoded, no.=68, cso file:
/dev/null
----------------------------------------------
real command=cset shield -e /home/nrink/Projects/build/encode/encode/tests/ptrarith/ptrarith.perf.encoded --  --cso /dev/null
key=encoded, no.=69, <stderr>:
LENGTH=5800
elapsed cycles: 5021403
hi(checksum)=0xCFB02AE9BABA63E6
lo(checksum)=0x26750CC35AEFDBB0
key=encoded, no.=69, <checksum>:
0xCFB02AE9BABA63E626750CC35AEFDBB0
key=encoded, no.=69, cso file:
/dev/null
----------------------------------------------
real command=cset shield -e /home/nrink/Projects/build/encode/encode/tests/ptrarith/ptrarith.perf.encoded --  --cso /dev/null
key=encoded, no.=70, <stderr>:
LENGTH=5800
elapsed cycles: 5125356
hi(checksum)=0xCFB02AE9BABA63E6
lo(checksum)=0x26750CC35AEFDBB0
key=encoded, no.=70, <checksum>:
0xCFB02AE9BABA63E626750CC35AEFDBB0
key=encoded, no.=70, cso file:
/dev/null
----------------------------------------------
real command=cset shield -e /home/nrink/Projects/build/encode/encode/tests/ptrarith/ptrarith.perf.encoded --  --cso /dev/null
key=encoded, no.=71, <stderr>:
LENGTH=5800
elapsed cycles: 4979016
hi(checksum)=0xCFB02AE9BABA63E6
lo(checksum)=0x26750CC35AEFDBB0
key=encoded, no.=71, <checksum>:
0xCFB02AE9BABA63E626750CC35AEFDBB0
key=encoded, no.=71, cso file:
/dev/null
----------------------------------------------
real command=cset shield -e /home/nrink/Projects/build/encode/encode/tests/ptrarith/ptrarith.perf.encoded --  --cso /dev/null
key=encoded, no.=72, <stderr>:
LENGTH=5800
elapsed cycles: 5022222
hi(checksum)=0xCFB02AE9BABA63E6
lo(checksum)=0x26750CC35AEFDBB0
key=encoded, no.=72, <checksum>:
0xCFB02AE9BABA63E626750CC35AEFDBB0
key=encoded, no.=72, cso file:
/dev/null
----------------------------------------------
real command=cset shield -e /home/nrink/Projects/build/encode/encode/tests/ptrarith/ptrarith.perf.encoded --  --cso /dev/null
key=encoded, no.=73, <stderr>:
LENGTH=5800
elapsed cycles: 4984476
hi(checksum)=0xCFB02AE9BABA63E6
lo(checksum)=0x26750CC35AEFDBB0
key=encoded, no.=73, <checksum>:
0xCFB02AE9BABA63E626750CC35AEFDBB0
key=encoded, no.=73, cso file:
/dev/null
----------------------------------------------
real command=cset shield -e /home/nrink/Projects/build/encode/encode/tests/ptrarith/ptrarith.perf.encoded --  --cso /dev/null
key=encoded, no.=74, <stderr>:
LENGTH=5800
elapsed cycles: 5026050
hi(checksum)=0xCFB02AE9BABA63E6
lo(checksum)=0x26750CC35AEFDBB0
key=encoded, no.=74, <checksum>:
0xCFB02AE9BABA63E626750CC35AEFDBB0
key=encoded, no.=74, cso file:
/dev/null
----------------------------------------------
real command=cset shield -e /home/nrink/Projects/build/encode/encode/tests/ptrarith/ptrarith.perf.encoded --  --cso /dev/null
key=encoded, no.=75, <stderr>:
LENGTH=5800
elapsed cycles: 5078265
hi(checksum)=0xCFB02AE9BABA63E6
lo(checksum)=0x26750CC35AEFDBB0
key=encoded, no.=75, <checksum>:
0xCFB02AE9BABA63E626750CC35AEFDBB0
key=encoded, no.=75, cso file:
/dev/null
----------------------------------------------
real command=cset shield -e /home/nrink/Projects/build/encode/encode/tests/ptrarith/ptrarith.perf.encoded --  --cso /dev/null
key=encoded, no.=76, <stderr>:
LENGTH=5800
elapsed cycles: 5008479
hi(checksum)=0xCFB02AE9BABA63E6
lo(checksum)=0x26750CC35AEFDBB0
key=encoded, no.=76, <checksum>:
0xCFB02AE9BABA63E626750CC35AEFDBB0
key=encoded, no.=76, cso file:
/dev/null
----------------------------------------------
real command=cset shield -e /home/nrink/Projects/build/encode/encode/tests/ptrarith/ptrarith.perf.encoded --  --cso /dev/null
key=encoded, no.=77, <stderr>:
LENGTH=5800
elapsed cycles: 5148405
hi(checksum)=0xCFB02AE9BABA63E6
lo(checksum)=0x26750CC35AEFDBB0
key=encoded, no.=77, <checksum>:
0xCFB02AE9BABA63E626750CC35AEFDBB0
key=encoded, no.=77, cso file:
/dev/null
----------------------------------------------
real command=cset shield -e /home/nrink/Projects/build/encode/encode/tests/ptrarith/ptrarith.perf.encoded --  --cso /dev/null
key=encoded, no.=78, <stderr>:
LENGTH=5800
elapsed cycles: 5020377
hi(checksum)=0xCFB02AE9BABA63E6
lo(checksum)=0x26750CC35AEFDBB0
key=encoded, no.=78, <checksum>:
0xCFB02AE9BABA63E626750CC35AEFDBB0
key=encoded, no.=78, cso file:
/dev/null
----------------------------------------------
real command=cset shield -e /home/nrink/Projects/build/encode/encode/tests/ptrarith/ptrarith.perf.encoded --  --cso /dev/null
key=encoded, no.=79, <stderr>:
LENGTH=5800
elapsed cycles: 5032701
hi(checksum)=0xCFB02AE9BABA63E6
lo(checksum)=0x26750CC35AEFDBB0
key=encoded, no.=79, <checksum>:
0xCFB02AE9BABA63E626750CC35AEFDBB0
key=encoded, no.=79, cso file:
/dev/null
----------------------------------------------
real command=cset shield -e /home/nrink/Projects/build/encode/encode/tests/ptrarith/ptrarith.perf.encoded --  --cso /dev/null
key=encoded, no.=80, <stderr>:
LENGTH=5800
elapsed cycles: 5017038
hi(checksum)=0xCFB02AE9BABA63E6
lo(checksum)=0x26750CC35AEFDBB0
key=encoded, no.=80, <checksum>:
0xCFB02AE9BABA63E626750CC35AEFDBB0
key=encoded, no.=80, cso file:
/dev/null
----------------------------------------------
real command=cset shield -e /home/nrink/Projects/build/encode/encode/tests/ptrarith/ptrarith.perf.encoded --  --cso /dev/null
key=encoded, no.=81, <stderr>:
LENGTH=5800
elapsed cycles: 5052036
hi(checksum)=0xCFB02AE9BABA63E6
lo(checksum)=0x26750CC35AEFDBB0
key=encoded, no.=81, <checksum>:
0xCFB02AE9BABA63E626750CC35AEFDBB0
key=encoded, no.=81, cso file:
/dev/null
----------------------------------------------
real command=cset shield -e /home/nrink/Projects/build/encode/encode/tests/ptrarith/ptrarith.perf.encoded --  --cso /dev/null
key=encoded, no.=82, <stderr>:
LENGTH=5800
elapsed cycles: 4987335
hi(checksum)=0xCFB02AE9BABA63E6
lo(checksum)=0x26750CC35AEFDBB0
key=encoded, no.=82, <checksum>:
0xCFB02AE9BABA63E626750CC35AEFDBB0
key=encoded, no.=82, cso file:
/dev/null
----------------------------------------------
real command=cset shield -e /home/nrink/Projects/build/encode/encode/tests/ptrarith/ptrarith.perf.encoded --  --cso /dev/null
key=encoded, no.=83, <stderr>:
LENGTH=5800
elapsed cycles: 4984287
hi(checksum)=0xCFB02AE9BABA63E6
lo(checksum)=0x26750CC35AEFDBB0
key=encoded, no.=83, <checksum>:
0xCFB02AE9BABA63E626750CC35AEFDBB0
key=encoded, no.=83, cso file:
/dev/null
----------------------------------------------
real command=cset shield -e /home/nrink/Projects/build/encode/encode/tests/ptrarith/ptrarith.perf.encoded --  --cso /dev/null
key=encoded, no.=84, <stderr>:
LENGTH=5800
elapsed cycles: 5020587
hi(checksum)=0xCFB02AE9BABA63E6
lo(checksum)=0x26750CC35AEFDBB0
key=encoded, no.=84, <checksum>:
0xCFB02AE9BABA63E626750CC35AEFDBB0
key=encoded, no.=84, cso file:
/dev/null
----------------------------------------------
real command=cset shield -e /home/nrink/Projects/build/encode/encode/tests/ptrarith/ptrarith.perf.encoded --  --cso /dev/null
key=encoded, no.=85, <stderr>:
LENGTH=5800
elapsed cycles: 5043189
hi(checksum)=0xCFB02AE9BABA63E6
lo(checksum)=0x26750CC35AEFDBB0
key=encoded, no.=85, <checksum>:
0xCFB02AE9BABA63E626750CC35AEFDBB0
key=encoded, no.=85, cso file:
/dev/null
----------------------------------------------
real command=cset shield -e /home/nrink/Projects/build/encode/encode/tests/ptrarith/ptrarith.perf.encoded --  --cso /dev/null
key=encoded, no.=86, <stderr>:
LENGTH=5800
elapsed cycles: 4982478
hi(checksum)=0xCFB02AE9BABA63E6
lo(checksum)=0x26750CC35AEFDBB0
key=encoded, no.=86, <checksum>:
0xCFB02AE9BABA63E626750CC35AEFDBB0
key=encoded, no.=86, cso file:
/dev/null
----------------------------------------------
real command=cset shield -e /home/nrink/Projects/build/encode/encode/tests/ptrarith/ptrarith.perf.encoded --  --cso /dev/null
key=encoded, no.=87, <stderr>:
LENGTH=5800
elapsed cycles: 5101260
hi(checksum)=0xCFB02AE9BABA63E6
lo(checksum)=0x26750CC35AEFDBB0
key=encoded, no.=87, <checksum>:
0xCFB02AE9BABA63E626750CC35AEFDBB0
key=encoded, no.=87, cso file:
/dev/null
----------------------------------------------
real command=cset shield -e /home/nrink/Projects/build/encode/encode/tests/ptrarith/ptrarith.perf.encoded --  --cso /dev/null
key=encoded, no.=88, <stderr>:
LENGTH=5800
elapsed cycles: 4979097
hi(checksum)=0xCFB02AE9BABA63E6
lo(checksum)=0x26750CC35AEFDBB0
key=encoded, no.=88, <checksum>:
0xCFB02AE9BABA63E626750CC35AEFDBB0
key=encoded, no.=88, cso file:
/dev/null
----------------------------------------------
real command=cset shield -e /home/nrink/Projects/build/encode/encode/tests/ptrarith/ptrarith.perf.encoded --  --cso /dev/null
key=encoded, no.=89, <stderr>:
LENGTH=5800
elapsed cycles: 5005965
hi(checksum)=0xCFB02AE9BABA63E6
lo(checksum)=0x26750CC35AEFDBB0
key=encoded, no.=89, <checksum>:
0xCFB02AE9BABA63E626750CC35AEFDBB0
key=encoded, no.=89, cso file:
/dev/null
----------------------------------------------
real command=cset shield -e /home/nrink/Projects/build/encode/encode/tests/ptrarith/ptrarith.perf.encoded --  --cso /dev/null
key=encoded, no.=90, <stderr>:
LENGTH=5800
elapsed cycles: 4996824
hi(checksum)=0xCFB02AE9BABA63E6
lo(checksum)=0x26750CC35AEFDBB0
key=encoded, no.=90, <checksum>:
0xCFB02AE9BABA63E626750CC35AEFDBB0
key=encoded, no.=90, cso file:
/dev/null
----------------------------------------------
real command=cset shield -e /home/nrink/Projects/build/encode/encode/tests/ptrarith/ptrarith.perf.encoded --  --cso /dev/null
key=encoded, no.=91, <stderr>:
LENGTH=5800
elapsed cycles: 4984788
hi(checksum)=0xCFB02AE9BABA63E6
lo(checksum)=0x26750CC35AEFDBB0
key=encoded, no.=91, <checksum>:
0xCFB02AE9BABA63E626750CC35AEFDBB0
key=encoded, no.=91, cso file:
/dev/null
----------------------------------------------
real command=cset shield -e /home/nrink/Projects/build/encode/encode/tests/ptrarith/ptrarith.perf.encoded --  --cso /dev/null
key=encoded, no.=92, <stderr>:
LENGTH=5800
elapsed cycles: 5042982
hi(checksum)=0xCFB02AE9BABA63E6
lo(checksum)=0x26750CC35AEFDBB0
key=encoded, no.=92, <checksum>:
0xCFB02AE9BABA63E626750CC35AEFDBB0
key=encoded, no.=92, cso file:
/dev/null
----------------------------------------------
real command=cset shield -e /home/nrink/Projects/build/encode/encode/tests/ptrarith/ptrarith.perf.encoded --  --cso /dev/null
key=encoded, no.=93, <stderr>:
LENGTH=5800
elapsed cycles: 5018067
hi(checksum)=0xCFB02AE9BABA63E6
lo(checksum)=0x26750CC35AEFDBB0
key=encoded, no.=93, <checksum>:
0xCFB02AE9BABA63E626750CC35AEFDBB0
key=encoded, no.=93, cso file:
/dev/null
----------------------------------------------
real command=cset shield -e /home/nrink/Projects/build/encode/encode/tests/ptrarith/ptrarith.perf.encoded --  --cso /dev/null
key=encoded, no.=94, <stderr>:
LENGTH=5800
elapsed cycles: 5010633
hi(checksum)=0xCFB02AE9BABA63E6
lo(checksum)=0x26750CC35AEFDBB0
key=encoded, no.=94, <checksum>:
0xCFB02AE9BABA63E626750CC35AEFDBB0
key=encoded, no.=94, cso file:
/dev/null
----------------------------------------------
real command=cset shield -e /home/nrink/Projects/build/encode/encode/tests/ptrarith/ptrarith.perf.encoded --  --cso /dev/null
key=encoded, no.=95, <stderr>:
LENGTH=5800
elapsed cycles: 5004630
hi(checksum)=0xCFB02AE9BABA63E6
lo(checksum)=0x26750CC35AEFDBB0
key=encoded, no.=95, <checksum>:
0xCFB02AE9BABA63E626750CC35AEFDBB0
key=encoded, no.=95, cso file:
/dev/null
----------------------------------------------
real command=cset shield -e /home/nrink/Projects/build/encode/encode/tests/ptrarith/ptrarith.perf.encoded --  --cso /dev/null
key=encoded, no.=96, <stderr>:
LENGTH=5800
elapsed cycles: 5032605
hi(checksum)=0xCFB02AE9BABA63E6
lo(checksum)=0x26750CC35AEFDBB0
key=encoded, no.=96, <checksum>:
0xCFB02AE9BABA63E626750CC35AEFDBB0
key=encoded, no.=96, cso file:
/dev/null
----------------------------------------------
real command=cset shield -e /home/nrink/Projects/build/encode/encode/tests/ptrarith/ptrarith.perf.encoded --  --cso /dev/null
key=encoded, no.=97, <stderr>:
LENGTH=5800
elapsed cycles: 5050002
hi(checksum)=0xCFB02AE9BABA63E6
lo(checksum)=0x26750CC35AEFDBB0
key=encoded, no.=97, <checksum>:
0xCFB02AE9BABA63E626750CC35AEFDBB0
key=encoded, no.=97, cso file:
/dev/null
----------------------------------------------
real command=cset shield -e /home/nrink/Projects/build/encode/encode/tests/ptrarith/ptrarith.perf.encoded --  --cso /dev/null
key=encoded, no.=98, <stderr>:
LENGTH=5800
elapsed cycles: 5017179
hi(checksum)=0xCFB02AE9BABA63E6
lo(checksum)=0x26750CC35AEFDBB0
key=encoded, no.=98, <checksum>:
0xCFB02AE9BABA63E626750CC35AEFDBB0
key=encoded, no.=98, cso file:
/dev/null
----------------------------------------------
real command=cset shield -e /home/nrink/Projects/build/encode/encode/tests/ptrarith/ptrarith.perf.encoded --  --cso /dev/null
key=encoded, no.=99, <stderr>:
LENGTH=5800
elapsed cycles: 5049561
hi(checksum)=0xCFB02AE9BABA63E6
lo(checksum)=0x26750CC35AEFDBB0
key=encoded, no.=99, <checksum>:
0xCFB02AE9BABA63E626750CC35AEFDBB0
key=encoded, no.=99, cso file:
/dev/null
----------------------------------------------
