<stderr> from running /home/nrink/Projects/pin-2.14-71313-gcc.4.4.7-linux/pin.sh -t /home/nrink/Projects/bfi/obj-intel64/bfi.so -trigger 163823 -cmd TXT -seed 1 -mask 11 -- /home/nrink/Projects/build/encode/encode/tests/quicksort/quicksort.cover.plain --cso ./2015-05-05_14:16:24/quicksort/cover/cs/plain.1.cso --csl ./2015-05-05_14:16:24/quicksort/cover/cs/plain.1.csl:
[.:    0, IP = 0x400a84, i = 163823, wa = 0, ra = 0, rr = 0, wr = 0, it = 0, t = 0]
	ip' = 0x400a86, size = 2, mask = 11, idx = 1, byte = 87, byte' = 92
elapsed cycles: 2525352372
hi(checksum)=0x0000000000000000
lo(checksum)=0x00007CDAE2B040F7
**********************
INSTR   = 174427
WADDR   = 0
RADDR   = 0
RREG    = 0
WREG    = 0
ITER    = 0
TRIGGER = 163823
TTYPE   = IN
COMMAND = TXT
SEL     = -1
SEED    = 1
MASK    = 0xb
THREAD  = 0
ELAPSED = 36.86s
----------------------------------------------------------------
