key=plain, runs=100 ...
command=/home/nrink/Projects/build/encode/encode/tests/quicksort/quicksort.perf.plain
----------------------------------------------
real command=cset shield -e /home/nrink/Projects/build/encode/encode/tests/quicksort/quicksort.perf.plain --  --cso /dev/null
key=plain, no.=0, <stderr>:
LENGTH=860
elapsed cycles: 10557588
hi(checksum)=0xBFA29052EAEF7F68
lo(checksum)=0xBB3E35397F6F65D7
key=plain, no.=0, <checksum>:
0xBFA29052EAEF7F68BB3E35397F6F65D7
key=plain, no.=0, cso file:
/dev/null
----------------------------------------------
real command=cset shield -e /home/nrink/Projects/build/encode/encode/tests/quicksort/quicksort.perf.plain --  --cso /dev/null
key=plain, no.=1, <stderr>:
LENGTH=860
elapsed cycles: 10616481
hi(checksum)=0xBFA29052EAEF7F68
lo(checksum)=0xBB3E35397F6F65D7
key=plain, no.=1, <checksum>:
0xBFA29052EAEF7F68BB3E35397F6F65D7
key=plain, no.=1, cso file:
/dev/null
----------------------------------------------
real command=cset shield -e /home/nrink/Projects/build/encode/encode/tests/quicksort/quicksort.perf.plain --  --cso /dev/null
key=plain, no.=2, <stderr>:
LENGTH=860
elapsed cycles: 10481763
hi(checksum)=0xBFA29052EAEF7F68
lo(checksum)=0xBB3E35397F6F65D7
key=plain, no.=2, <checksum>:
0xBFA29052EAEF7F68BB3E35397F6F65D7
key=plain, no.=2, cso file:
/dev/null
----------------------------------------------
real command=cset shield -e /home/nrink/Projects/build/encode/encode/tests/quicksort/quicksort.perf.plain --  --cso /dev/null
key=plain, no.=3, <stderr>:
LENGTH=860
elapsed cycles: 10394739
hi(checksum)=0xBFA29052EAEF7F68
lo(checksum)=0xBB3E35397F6F65D7
key=plain, no.=3, <checksum>:
0xBFA29052EAEF7F68BB3E35397F6F65D7
key=plain, no.=3, cso file:
/dev/null
----------------------------------------------
real command=cset shield -e /home/nrink/Projects/build/encode/encode/tests/quicksort/quicksort.perf.plain --  --cso /dev/null
key=plain, no.=4, <stderr>:
LENGTH=860
elapsed cycles: 11248824
hi(checksum)=0xBFA29052EAEF7F68
lo(checksum)=0xBB3E35397F6F65D7
key=plain, no.=4, <checksum>:
0xBFA29052EAEF7F68BB3E35397F6F65D7
key=plain, no.=4, cso file:
/dev/null
----------------------------------------------
real command=cset shield -e /home/nrink/Projects/build/encode/encode/tests/quicksort/quicksort.perf.plain --  --cso /dev/null
key=plain, no.=5, <stderr>:
LENGTH=860
elapsed cycles: 11244792
hi(checksum)=0xBFA29052EAEF7F68
lo(checksum)=0xBB3E35397F6F65D7
key=plain, no.=5, <checksum>:
0xBFA29052EAEF7F68BB3E35397F6F65D7
key=plain, no.=5, cso file:
/dev/null
----------------------------------------------
real command=cset shield -e /home/nrink/Projects/build/encode/encode/tests/quicksort/quicksort.perf.plain --  --cso /dev/null
key=plain, no.=6, <stderr>:
LENGTH=860
elapsed cycles: 10747461
hi(checksum)=0xBFA29052EAEF7F68
lo(checksum)=0xBB3E35397F6F65D7
key=plain, no.=6, <checksum>:
0xBFA29052EAEF7F68BB3E35397F6F65D7
key=plain, no.=6, cso file:
/dev/null
----------------------------------------------
real command=cset shield -e /home/nrink/Projects/build/encode/encode/tests/quicksort/quicksort.perf.plain --  --cso /dev/null
key=plain, no.=7, <stderr>:
LENGTH=860
elapsed cycles: 10533123
hi(checksum)=0xBFA29052EAEF7F68
lo(checksum)=0xBB3E35397F6F65D7
key=plain, no.=7, <checksum>:
0xBFA29052EAEF7F68BB3E35397F6F65D7
key=plain, no.=7, cso file:
/dev/null
----------------------------------------------
real command=cset shield -e /home/nrink/Projects/build/encode/encode/tests/quicksort/quicksort.perf.plain --  --cso /dev/null
key=plain, no.=8, <stderr>:
LENGTH=860
elapsed cycles: 10446603
hi(checksum)=0xBFA29052EAEF7F68
lo(checksum)=0xBB3E35397F6F65D7
key=plain, no.=8, <checksum>:
0xBFA29052EAEF7F68BB3E35397F6F65D7
key=plain, no.=8, cso file:
/dev/null
----------------------------------------------
real command=cset shield -e /home/nrink/Projects/build/encode/encode/tests/quicksort/quicksort.perf.plain --  --cso /dev/null
key=plain, no.=9, <stderr>:
LENGTH=860
elapsed cycles: 10529946
hi(checksum)=0xBFA29052EAEF7F68
lo(checksum)=0xBB3E35397F6F65D7
key=plain, no.=9, <checksum>:
0xBFA29052EAEF7F68BB3E35397F6F65D7
key=plain, no.=9, cso file:
/dev/null
----------------------------------------------
real command=cset shield -e /home/nrink/Projects/build/encode/encode/tests/quicksort/quicksort.perf.plain --  --cso /dev/null
key=plain, no.=10, <stderr>:
LENGTH=860
elapsed cycles: 10443885
hi(checksum)=0xBFA29052EAEF7F68
lo(checksum)=0xBB3E35397F6F65D7
key=plain, no.=10, <checksum>:
0xBFA29052EAEF7F68BB3E35397F6F65D7
key=plain, no.=10, cso file:
/dev/null
----------------------------------------------
real command=cset shield -e /home/nrink/Projects/build/encode/encode/tests/quicksort/quicksort.perf.plain --  --cso /dev/null
key=plain, no.=11, <stderr>:
LENGTH=860
elapsed cycles: 10578930
hi(checksum)=0xBFA29052EAEF7F68
lo(checksum)=0xBB3E35397F6F65D7
key=plain, no.=11, <checksum>:
0xBFA29052EAEF7F68BB3E35397F6F65D7
key=plain, no.=11, cso file:
/dev/null
----------------------------------------------
real command=cset shield -e /home/nrink/Projects/build/encode/encode/tests/quicksort/quicksort.perf.plain --  --cso /dev/null
key=plain, no.=12, <stderr>:
LENGTH=860
elapsed cycles: 10519548
hi(checksum)=0xBFA29052EAEF7F68
lo(checksum)=0xBB3E35397F6F65D7
key=plain, no.=12, <checksum>:
0xBFA29052EAEF7F68BB3E35397F6F65D7
key=plain, no.=12, cso file:
/dev/null
----------------------------------------------
real command=cset shield -e /home/nrink/Projects/build/encode/encode/tests/quicksort/quicksort.perf.plain --  --cso /dev/null
key=plain, no.=13, <stderr>:
LENGTH=860
elapsed cycles: 10428531
hi(checksum)=0xBFA29052EAEF7F68
lo(checksum)=0xBB3E35397F6F65D7
key=plain, no.=13, <checksum>:
0xBFA29052EAEF7F68BB3E35397F6F65D7
key=plain, no.=13, cso file:
/dev/null
----------------------------------------------
real command=cset shield -e /home/nrink/Projects/build/encode/encode/tests/quicksort/quicksort.perf.plain --  --cso /dev/null
key=plain, no.=14, <stderr>:
LENGTH=860
elapsed cycles: 10439505
hi(checksum)=0xBFA29052EAEF7F68
lo(checksum)=0xBB3E35397F6F65D7
key=plain, no.=14, <checksum>:
0xBFA29052EAEF7F68BB3E35397F6F65D7
key=plain, no.=14, cso file:
/dev/null
----------------------------------------------
real command=cset shield -e /home/nrink/Projects/build/encode/encode/tests/quicksort/quicksort.perf.plain --  --cso /dev/null
key=plain, no.=15, <stderr>:
LENGTH=860
elapsed cycles: 10475223
hi(checksum)=0xBFA29052EAEF7F68
lo(checksum)=0xBB3E35397F6F65D7
key=plain, no.=15, <checksum>:
0xBFA29052EAEF7F68BB3E35397F6F65D7
key=plain, no.=15, cso file:
/dev/null
----------------------------------------------
real command=cset shield -e /home/nrink/Projects/build/encode/encode/tests/quicksort/quicksort.perf.plain --  --cso /dev/null
key=plain, no.=16, <stderr>:
LENGTH=860
elapsed cycles: 10375071
hi(checksum)=0xBFA29052EAEF7F68
lo(checksum)=0xBB3E35397F6F65D7
key=plain, no.=16, <checksum>:
0xBFA29052EAEF7F68BB3E35397F6F65D7
key=plain, no.=16, cso file:
/dev/null
----------------------------------------------
real command=cset shield -e /home/nrink/Projects/build/encode/encode/tests/quicksort/quicksort.perf.plain --  --cso /dev/null
key=plain, no.=17, <stderr>:
LENGTH=860
elapsed cycles: 10377594
hi(checksum)=0xBFA29052EAEF7F68
lo(checksum)=0xBB3E35397F6F65D7
key=plain, no.=17, <checksum>:
0xBFA29052EAEF7F68BB3E35397F6F65D7
key=plain, no.=17, cso file:
/dev/null
----------------------------------------------
real command=cset shield -e /home/nrink/Projects/build/encode/encode/tests/quicksort/quicksort.perf.plain --  --cso /dev/null
key=plain, no.=18, <stderr>:
LENGTH=860
elapsed cycles: 10505844
hi(checksum)=0xBFA29052EAEF7F68
lo(checksum)=0xBB3E35397F6F65D7
key=plain, no.=18, <checksum>:
0xBFA29052EAEF7F68BB3E35397F6F65D7
key=plain, no.=18, cso file:
/dev/null
----------------------------------------------
real command=cset shield -e /home/nrink/Projects/build/encode/encode/tests/quicksort/quicksort.perf.plain --  --cso /dev/null
key=plain, no.=19, <stderr>:
LENGTH=860
elapsed cycles: 10396203
hi(checksum)=0xBFA29052EAEF7F68
lo(checksum)=0xBB3E35397F6F65D7
key=plain, no.=19, <checksum>:
0xBFA29052EAEF7F68BB3E35397F6F65D7
key=plain, no.=19, cso file:
/dev/null
----------------------------------------------
real command=cset shield -e /home/nrink/Projects/build/encode/encode/tests/quicksort/quicksort.perf.plain --  --cso /dev/null
key=plain, no.=20, <stderr>:
LENGTH=860
elapsed cycles: 10553970
hi(checksum)=0xBFA29052EAEF7F68
lo(checksum)=0xBB3E35397F6F65D7
key=plain, no.=20, <checksum>:
0xBFA29052EAEF7F68BB3E35397F6F65D7
key=plain, no.=20, cso file:
/dev/null
----------------------------------------------
real command=cset shield -e /home/nrink/Projects/build/encode/encode/tests/quicksort/quicksort.perf.plain --  --cso /dev/null
key=plain, no.=21, <stderr>:
LENGTH=860
elapsed cycles: 10601013
hi(checksum)=0xBFA29052EAEF7F68
lo(checksum)=0xBB3E35397F6F65D7
key=plain, no.=21, <checksum>:
0xBFA29052EAEF7F68BB3E35397F6F65D7
key=plain, no.=21, cso file:
/dev/null
----------------------------------------------
real command=cset shield -e /home/nrink/Projects/build/encode/encode/tests/quicksort/quicksort.perf.plain --  --cso /dev/null
key=plain, no.=22, <stderr>:
LENGTH=860
elapsed cycles: 10596738
hi(checksum)=0xBFA29052EAEF7F68
lo(checksum)=0xBB3E35397F6F65D7
key=plain, no.=22, <checksum>:
0xBFA29052EAEF7F68BB3E35397F6F65D7
key=plain, no.=22, cso file:
/dev/null
----------------------------------------------
real command=cset shield -e /home/nrink/Projects/build/encode/encode/tests/quicksort/quicksort.perf.plain --  --cso /dev/null
key=plain, no.=23, <stderr>:
LENGTH=860
elapsed cycles: 10677882
hi(checksum)=0xBFA29052EAEF7F68
lo(checksum)=0xBB3E35397F6F65D7
key=plain, no.=23, <checksum>:
0xBFA29052EAEF7F68BB3E35397F6F65D7
key=plain, no.=23, cso file:
/dev/null
----------------------------------------------
real command=cset shield -e /home/nrink/Projects/build/encode/encode/tests/quicksort/quicksort.perf.plain --  --cso /dev/null
key=plain, no.=24, <stderr>:
LENGTH=860
elapsed cycles: 10560024
hi(checksum)=0xBFA29052EAEF7F68
lo(checksum)=0xBB3E35397F6F65D7
key=plain, no.=24, <checksum>:
0xBFA29052EAEF7F68BB3E35397F6F65D7
key=plain, no.=24, cso file:
/dev/null
----------------------------------------------
real command=cset shield -e /home/nrink/Projects/build/encode/encode/tests/quicksort/quicksort.perf.plain --  --cso /dev/null
key=plain, no.=25, <stderr>:
LENGTH=860
elapsed cycles: 10519806
hi(checksum)=0xBFA29052EAEF7F68
lo(checksum)=0xBB3E35397F6F65D7
key=plain, no.=25, <checksum>:
0xBFA29052EAEF7F68BB3E35397F6F65D7
key=plain, no.=25, cso file:
/dev/null
----------------------------------------------
real command=cset shield -e /home/nrink/Projects/build/encode/encode/tests/quicksort/quicksort.perf.plain --  --cso /dev/null
key=plain, no.=26, <stderr>:
LENGTH=860
elapsed cycles: 10426128
hi(checksum)=0xBFA29052EAEF7F68
lo(checksum)=0xBB3E35397F6F65D7
key=plain, no.=26, <checksum>:
0xBFA29052EAEF7F68BB3E35397F6F65D7
key=plain, no.=26, cso file:
/dev/null
----------------------------------------------
real command=cset shield -e /home/nrink/Projects/build/encode/encode/tests/quicksort/quicksort.perf.plain --  --cso /dev/null
key=plain, no.=27, <stderr>:
LENGTH=860
elapsed cycles: 10376748
hi(checksum)=0xBFA29052EAEF7F68
lo(checksum)=0xBB3E35397F6F65D7
key=plain, no.=27, <checksum>:
0xBFA29052EAEF7F68BB3E35397F6F65D7
key=plain, no.=27, cso file:
/dev/null
----------------------------------------------
real command=cset shield -e /home/nrink/Projects/build/encode/encode/tests/quicksort/quicksort.perf.plain --  --cso /dev/null
key=plain, no.=28, <stderr>:
LENGTH=860
elapsed cycles: 10512546
hi(checksum)=0xBFA29052EAEF7F68
lo(checksum)=0xBB3E35397F6F65D7
key=plain, no.=28, <checksum>:
0xBFA29052EAEF7F68BB3E35397F6F65D7
key=plain, no.=28, cso file:
/dev/null
----------------------------------------------
real command=cset shield -e /home/nrink/Projects/build/encode/encode/tests/quicksort/quicksort.perf.plain --  --cso /dev/null
key=plain, no.=29, <stderr>:
LENGTH=860
elapsed cycles: 10417404
hi(checksum)=0xBFA29052EAEF7F68
lo(checksum)=0xBB3E35397F6F65D7
key=plain, no.=29, <checksum>:
0xBFA29052EAEF7F68BB3E35397F6F65D7
key=plain, no.=29, cso file:
/dev/null
----------------------------------------------
real command=cset shield -e /home/nrink/Projects/build/encode/encode/tests/quicksort/quicksort.perf.plain --  --cso /dev/null
key=plain, no.=30, <stderr>:
LENGTH=860
elapsed cycles: 10541841
hi(checksum)=0xBFA29052EAEF7F68
lo(checksum)=0xBB3E35397F6F65D7
key=plain, no.=30, <checksum>:
0xBFA29052EAEF7F68BB3E35397F6F65D7
key=plain, no.=30, cso file:
/dev/null
----------------------------------------------
real command=cset shield -e /home/nrink/Projects/build/encode/encode/tests/quicksort/quicksort.perf.plain --  --cso /dev/null
key=plain, no.=31, <stderr>:
LENGTH=860
elapsed cycles: 10421913
hi(checksum)=0xBFA29052EAEF7F68
lo(checksum)=0xBB3E35397F6F65D7
key=plain, no.=31, <checksum>:
0xBFA29052EAEF7F68BB3E35397F6F65D7
key=plain, no.=31, cso file:
/dev/null
----------------------------------------------
real command=cset shield -e /home/nrink/Projects/build/encode/encode/tests/quicksort/quicksort.perf.plain --  --cso /dev/null
key=plain, no.=32, <stderr>:
LENGTH=860
elapsed cycles: 10385760
hi(checksum)=0xBFA29052EAEF7F68
lo(checksum)=0xBB3E35397F6F65D7
key=plain, no.=32, <checksum>:
0xBFA29052EAEF7F68BB3E35397F6F65D7
key=plain, no.=32, cso file:
/dev/null
----------------------------------------------
real command=cset shield -e /home/nrink/Projects/build/encode/encode/tests/quicksort/quicksort.perf.plain --  --cso /dev/null
key=plain, no.=33, <stderr>:
LENGTH=860
elapsed cycles: 10467009
hi(checksum)=0xBFA29052EAEF7F68
lo(checksum)=0xBB3E35397F6F65D7
key=plain, no.=33, <checksum>:
0xBFA29052EAEF7F68BB3E35397F6F65D7
key=plain, no.=33, cso file:
/dev/null
----------------------------------------------
real command=cset shield -e /home/nrink/Projects/build/encode/encode/tests/quicksort/quicksort.perf.plain --  --cso /dev/null
key=plain, no.=34, <stderr>:
LENGTH=860
elapsed cycles: 10423092
hi(checksum)=0xBFA29052EAEF7F68
lo(checksum)=0xBB3E35397F6F65D7
key=plain, no.=34, <checksum>:
0xBFA29052EAEF7F68BB3E35397F6F65D7
key=plain, no.=34, cso file:
/dev/null
----------------------------------------------
real command=cset shield -e /home/nrink/Projects/build/encode/encode/tests/quicksort/quicksort.perf.plain --  --cso /dev/null
key=plain, no.=35, <stderr>:
LENGTH=860
elapsed cycles: 10407210
hi(checksum)=0xBFA29052EAEF7F68
lo(checksum)=0xBB3E35397F6F65D7
key=plain, no.=35, <checksum>:
0xBFA29052EAEF7F68BB3E35397F6F65D7
key=plain, no.=35, cso file:
/dev/null
----------------------------------------------
real command=cset shield -e /home/nrink/Projects/build/encode/encode/tests/quicksort/quicksort.perf.plain --  --cso /dev/null
key=plain, no.=36, <stderr>:
LENGTH=860
elapsed cycles: 10459008
hi(checksum)=0xBFA29052EAEF7F68
lo(checksum)=0xBB3E35397F6F65D7
key=plain, no.=36, <checksum>:
0xBFA29052EAEF7F68BB3E35397F6F65D7
key=plain, no.=36, cso file:
/dev/null
----------------------------------------------
real command=cset shield -e /home/nrink/Projects/build/encode/encode/tests/quicksort/quicksort.perf.plain --  --cso /dev/null
key=plain, no.=37, <stderr>:
LENGTH=860
elapsed cycles: 10400637
hi(checksum)=0xBFA29052EAEF7F68
lo(checksum)=0xBB3E35397F6F65D7
key=plain, no.=37, <checksum>:
0xBFA29052EAEF7F68BB3E35397F6F65D7
key=plain, no.=37, cso file:
/dev/null
----------------------------------------------
real command=cset shield -e /home/nrink/Projects/build/encode/encode/tests/quicksort/quicksort.perf.plain --  --cso /dev/null
key=plain, no.=38, <stderr>:
LENGTH=860
elapsed cycles: 10526163
hi(checksum)=0xBFA29052EAEF7F68
lo(checksum)=0xBB3E35397F6F65D7
key=plain, no.=38, <checksum>:
0xBFA29052EAEF7F68BB3E35397F6F65D7
key=plain, no.=38, cso file:
/dev/null
----------------------------------------------
real command=cset shield -e /home/nrink/Projects/build/encode/encode/tests/quicksort/quicksort.perf.plain --  --cso /dev/null
key=plain, no.=39, <stderr>:
LENGTH=860
elapsed cycles: 10476330
hi(checksum)=0xBFA29052EAEF7F68
lo(checksum)=0xBB3E35397F6F65D7
key=plain, no.=39, <checksum>:
0xBFA29052EAEF7F68BB3E35397F6F65D7
key=plain, no.=39, cso file:
/dev/null
----------------------------------------------
real command=cset shield -e /home/nrink/Projects/build/encode/encode/tests/quicksort/quicksort.perf.plain --  --cso /dev/null
key=plain, no.=40, <stderr>:
LENGTH=860
elapsed cycles: 10424079
hi(checksum)=0xBFA29052EAEF7F68
lo(checksum)=0xBB3E35397F6F65D7
key=plain, no.=40, <checksum>:
0xBFA29052EAEF7F68BB3E35397F6F65D7
key=plain, no.=40, cso file:
/dev/null
----------------------------------------------
real command=cset shield -e /home/nrink/Projects/build/encode/encode/tests/quicksort/quicksort.perf.plain --  --cso /dev/null
key=plain, no.=41, <stderr>:
LENGTH=860
elapsed cycles: 10513194
hi(checksum)=0xBFA29052EAEF7F68
lo(checksum)=0xBB3E35397F6F65D7
key=plain, no.=41, <checksum>:
0xBFA29052EAEF7F68BB3E35397F6F65D7
key=plain, no.=41, cso file:
/dev/null
----------------------------------------------
real command=cset shield -e /home/nrink/Projects/build/encode/encode/tests/quicksort/quicksort.perf.plain --  --cso /dev/null
key=plain, no.=42, <stderr>:
LENGTH=860
elapsed cycles: 10384773
hi(checksum)=0xBFA29052EAEF7F68
lo(checksum)=0xBB3E35397F6F65D7
key=plain, no.=42, <checksum>:
0xBFA29052EAEF7F68BB3E35397F6F65D7
key=plain, no.=42, cso file:
/dev/null
----------------------------------------------
real command=cset shield -e /home/nrink/Projects/build/encode/encode/tests/quicksort/quicksort.perf.plain --  --cso /dev/null
key=plain, no.=43, <stderr>:
LENGTH=860
elapsed cycles: 10374849
hi(checksum)=0xBFA29052EAEF7F68
lo(checksum)=0xBB3E35397F6F65D7
key=plain, no.=43, <checksum>:
0xBFA29052EAEF7F68BB3E35397F6F65D7
key=plain, no.=43, cso file:
/dev/null
----------------------------------------------
real command=cset shield -e /home/nrink/Projects/build/encode/encode/tests/quicksort/quicksort.perf.plain --  --cso /dev/null
key=plain, no.=44, <stderr>:
LENGTH=860
elapsed cycles: 10536366
hi(checksum)=0xBFA29052EAEF7F68
lo(checksum)=0xBB3E35397F6F65D7
key=plain, no.=44, <checksum>:
0xBFA29052EAEF7F68BB3E35397F6F65D7
key=plain, no.=44, cso file:
/dev/null
----------------------------------------------
real command=cset shield -e /home/nrink/Projects/build/encode/encode/tests/quicksort/quicksort.perf.plain --  --cso /dev/null
key=plain, no.=45, <stderr>:
LENGTH=860
elapsed cycles: 10394664
hi(checksum)=0xBFA29052EAEF7F68
lo(checksum)=0xBB3E35397F6F65D7
key=plain, no.=45, <checksum>:
0xBFA29052EAEF7F68BB3E35397F6F65D7
key=plain, no.=45, cso file:
/dev/null
----------------------------------------------
real command=cset shield -e /home/nrink/Projects/build/encode/encode/tests/quicksort/quicksort.perf.plain --  --cso /dev/null
key=plain, no.=46, <stderr>:
LENGTH=860
elapsed cycles: 10584144
hi(checksum)=0xBFA29052EAEF7F68
lo(checksum)=0xBB3E35397F6F65D7
key=plain, no.=46, <checksum>:
0xBFA29052EAEF7F68BB3E35397F6F65D7
key=plain, no.=46, cso file:
/dev/null
----------------------------------------------
real command=cset shield -e /home/nrink/Projects/build/encode/encode/tests/quicksort/quicksort.perf.plain --  --cso /dev/null
key=plain, no.=47, <stderr>:
LENGTH=860
elapsed cycles: 10390809
hi(checksum)=0xBFA29052EAEF7F68
lo(checksum)=0xBB3E35397F6F65D7
key=plain, no.=47, <checksum>:
0xBFA29052EAEF7F68BB3E35397F6F65D7
key=plain, no.=47, cso file:
/dev/null
----------------------------------------------
real command=cset shield -e /home/nrink/Projects/build/encode/encode/tests/quicksort/quicksort.perf.plain --  --cso /dev/null
key=plain, no.=48, <stderr>:
LENGTH=860
elapsed cycles: 10608462
hi(checksum)=0xBFA29052EAEF7F68
lo(checksum)=0xBB3E35397F6F65D7
key=plain, no.=48, <checksum>:
0xBFA29052EAEF7F68BB3E35397F6F65D7
key=plain, no.=48, cso file:
/dev/null
----------------------------------------------
real command=cset shield -e /home/nrink/Projects/build/encode/encode/tests/quicksort/quicksort.perf.plain --  --cso /dev/null
key=plain, no.=49, <stderr>:
LENGTH=860
elapsed cycles: 10748844
hi(checksum)=0xBFA29052EAEF7F68
lo(checksum)=0xBB3E35397F6F65D7
key=plain, no.=49, <checksum>:
0xBFA29052EAEF7F68BB3E35397F6F65D7
key=plain, no.=49, cso file:
/dev/null
----------------------------------------------
real command=cset shield -e /home/nrink/Projects/build/encode/encode/tests/quicksort/quicksort.perf.plain --  --cso /dev/null
key=plain, no.=50, <stderr>:
LENGTH=860
elapsed cycles: 10561659
hi(checksum)=0xBFA29052EAEF7F68
lo(checksum)=0xBB3E35397F6F65D7
key=plain, no.=50, <checksum>:
0xBFA29052EAEF7F68BB3E35397F6F65D7
key=plain, no.=50, cso file:
/dev/null
----------------------------------------------
real command=cset shield -e /home/nrink/Projects/build/encode/encode/tests/quicksort/quicksort.perf.plain --  --cso /dev/null
key=plain, no.=51, <stderr>:
LENGTH=860
elapsed cycles: 10462812
hi(checksum)=0xBFA29052EAEF7F68
lo(checksum)=0xBB3E35397F6F65D7
key=plain, no.=51, <checksum>:
0xBFA29052EAEF7F68BB3E35397F6F65D7
key=plain, no.=51, cso file:
/dev/null
----------------------------------------------
real command=cset shield -e /home/nrink/Projects/build/encode/encode/tests/quicksort/quicksort.perf.plain --  --cso /dev/null
key=plain, no.=52, <stderr>:
LENGTH=860
elapsed cycles: 10477203
hi(checksum)=0xBFA29052EAEF7F68
lo(checksum)=0xBB3E35397F6F65D7
key=plain, no.=52, <checksum>:
0xBFA29052EAEF7F68BB3E35397F6F65D7
key=plain, no.=52, cso file:
/dev/null
----------------------------------------------
real command=cset shield -e /home/nrink/Projects/build/encode/encode/tests/quicksort/quicksort.perf.plain --  --cso /dev/null
key=plain, no.=53, <stderr>:
LENGTH=860
elapsed cycles: 10453785
hi(checksum)=0xBFA29052EAEF7F68
lo(checksum)=0xBB3E35397F6F65D7
key=plain, no.=53, <checksum>:
0xBFA29052EAEF7F68BB3E35397F6F65D7
key=plain, no.=53, cso file:
/dev/null
----------------------------------------------
real command=cset shield -e /home/nrink/Projects/build/encode/encode/tests/quicksort/quicksort.perf.plain --  --cso /dev/null
key=plain, no.=54, <stderr>:
LENGTH=860
elapsed cycles: 10424937
hi(checksum)=0xBFA29052EAEF7F68
lo(checksum)=0xBB3E35397F6F65D7
key=plain, no.=54, <checksum>:
0xBFA29052EAEF7F68BB3E35397F6F65D7
key=plain, no.=54, cso file:
/dev/null
----------------------------------------------
real command=cset shield -e /home/nrink/Projects/build/encode/encode/tests/quicksort/quicksort.perf.plain --  --cso /dev/null
key=plain, no.=55, <stderr>:
LENGTH=860
elapsed cycles: 10440573
hi(checksum)=0xBFA29052EAEF7F68
lo(checksum)=0xBB3E35397F6F65D7
key=plain, no.=55, <checksum>:
0xBFA29052EAEF7F68BB3E35397F6F65D7
key=plain, no.=55, cso file:
/dev/null
----------------------------------------------
real command=cset shield -e /home/nrink/Projects/build/encode/encode/tests/quicksort/quicksort.perf.plain --  --cso /dev/null
key=plain, no.=56, <stderr>:
LENGTH=860
elapsed cycles: 10431771
hi(checksum)=0xBFA29052EAEF7F68
lo(checksum)=0xBB3E35397F6F65D7
key=plain, no.=56, <checksum>:
0xBFA29052EAEF7F68BB3E35397F6F65D7
key=plain, no.=56, cso file:
/dev/null
----------------------------------------------
real command=cset shield -e /home/nrink/Projects/build/encode/encode/tests/quicksort/quicksort.perf.plain --  --cso /dev/null
key=plain, no.=57, <stderr>:
LENGTH=860
elapsed cycles: 10977972
hi(checksum)=0xBFA29052EAEF7F68
lo(checksum)=0xBB3E35397F6F65D7
key=plain, no.=57, <checksum>:
0xBFA29052EAEF7F68BB3E35397F6F65D7
key=plain, no.=57, cso file:
/dev/null
----------------------------------------------
real command=cset shield -e /home/nrink/Projects/build/encode/encode/tests/quicksort/quicksort.perf.plain --  --cso /dev/null
key=plain, no.=58, <stderr>:
LENGTH=860
elapsed cycles: 10535340
hi(checksum)=0xBFA29052EAEF7F68
lo(checksum)=0xBB3E35397F6F65D7
key=plain, no.=58, <checksum>:
0xBFA29052EAEF7F68BB3E35397F6F65D7
key=plain, no.=58, cso file:
/dev/null
----------------------------------------------
real command=cset shield -e /home/nrink/Projects/build/encode/encode/tests/quicksort/quicksort.perf.plain --  --cso /dev/null
key=plain, no.=59, <stderr>:
LENGTH=860
elapsed cycles: 10508127
hi(checksum)=0xBFA29052EAEF7F68
lo(checksum)=0xBB3E35397F6F65D7
key=plain, no.=59, <checksum>:
0xBFA29052EAEF7F68BB3E35397F6F65D7
key=plain, no.=59, cso file:
/dev/null
----------------------------------------------
real command=cset shield -e /home/nrink/Projects/build/encode/encode/tests/quicksort/quicksort.perf.plain --  --cso /dev/null
key=plain, no.=60, <stderr>:
LENGTH=860
elapsed cycles: 10440603
hi(checksum)=0xBFA29052EAEF7F68
lo(checksum)=0xBB3E35397F6F65D7
key=plain, no.=60, <checksum>:
0xBFA29052EAEF7F68BB3E35397F6F65D7
key=plain, no.=60, cso file:
/dev/null
----------------------------------------------
real command=cset shield -e /home/nrink/Projects/build/encode/encode/tests/quicksort/quicksort.perf.plain --  --cso /dev/null
key=plain, no.=61, <stderr>:
LENGTH=860
elapsed cycles: 10499916
hi(checksum)=0xBFA29052EAEF7F68
lo(checksum)=0xBB3E35397F6F65D7
key=plain, no.=61, <checksum>:
0xBFA29052EAEF7F68BB3E35397F6F65D7
key=plain, no.=61, cso file:
/dev/null
----------------------------------------------
real command=cset shield -e /home/nrink/Projects/build/encode/encode/tests/quicksort/quicksort.perf.plain --  --cso /dev/null
key=plain, no.=62, <stderr>:
LENGTH=860
elapsed cycles: 10466895
hi(checksum)=0xBFA29052EAEF7F68
lo(checksum)=0xBB3E35397F6F65D7
key=plain, no.=62, <checksum>:
0xBFA29052EAEF7F68BB3E35397F6F65D7
key=plain, no.=62, cso file:
/dev/null
----------------------------------------------
real command=cset shield -e /home/nrink/Projects/build/encode/encode/tests/quicksort/quicksort.perf.plain --  --cso /dev/null
key=plain, no.=63, <stderr>:
LENGTH=860
elapsed cycles: 10446492
hi(checksum)=0xBFA29052EAEF7F68
lo(checksum)=0xBB3E35397F6F65D7
key=plain, no.=63, <checksum>:
0xBFA29052EAEF7F68BB3E35397F6F65D7
key=plain, no.=63, cso file:
/dev/null
----------------------------------------------
real command=cset shield -e /home/nrink/Projects/build/encode/encode/tests/quicksort/quicksort.perf.plain --  --cso /dev/null
key=plain, no.=64, <stderr>:
LENGTH=860
elapsed cycles: 10397511
hi(checksum)=0xBFA29052EAEF7F68
lo(checksum)=0xBB3E35397F6F65D7
key=plain, no.=64, <checksum>:
0xBFA29052EAEF7F68BB3E35397F6F65D7
key=plain, no.=64, cso file:
/dev/null
----------------------------------------------
real command=cset shield -e /home/nrink/Projects/build/encode/encode/tests/quicksort/quicksort.perf.plain --  --cso /dev/null
key=plain, no.=65, <stderr>:
LENGTH=860
elapsed cycles: 10561821
hi(checksum)=0xBFA29052EAEF7F68
lo(checksum)=0xBB3E35397F6F65D7
key=plain, no.=65, <checksum>:
0xBFA29052EAEF7F68BB3E35397F6F65D7
key=plain, no.=65, cso file:
/dev/null
----------------------------------------------
real command=cset shield -e /home/nrink/Projects/build/encode/encode/tests/quicksort/quicksort.perf.plain --  --cso /dev/null
key=plain, no.=66, <stderr>:
LENGTH=860
elapsed cycles: 10517586
hi(checksum)=0xBFA29052EAEF7F68
lo(checksum)=0xBB3E35397F6F65D7
key=plain, no.=66, <checksum>:
0xBFA29052EAEF7F68BB3E35397F6F65D7
key=plain, no.=66, cso file:
/dev/null
----------------------------------------------
real command=cset shield -e /home/nrink/Projects/build/encode/encode/tests/quicksort/quicksort.perf.plain --  --cso /dev/null
key=plain, no.=67, <stderr>:
LENGTH=860
elapsed cycles: 10482183
hi(checksum)=0xBFA29052EAEF7F68
lo(checksum)=0xBB3E35397F6F65D7
key=plain, no.=67, <checksum>:
0xBFA29052EAEF7F68BB3E35397F6F65D7
key=plain, no.=67, cso file:
/dev/null
----------------------------------------------
real command=cset shield -e /home/nrink/Projects/build/encode/encode/tests/quicksort/quicksort.perf.plain --  --cso /dev/null
key=plain, no.=68, <stderr>:
LENGTH=860
elapsed cycles: 10407753
hi(checksum)=0xBFA29052EAEF7F68
lo(checksum)=0xBB3E35397F6F65D7
key=plain, no.=68, <checksum>:
0xBFA29052EAEF7F68BB3E35397F6F65D7
key=plain, no.=68, cso file:
/dev/null
----------------------------------------------
real command=cset shield -e /home/nrink/Projects/build/encode/encode/tests/quicksort/quicksort.perf.plain --  --cso /dev/null
key=plain, no.=69, <stderr>:
LENGTH=860
elapsed cycles: 10486509
hi(checksum)=0xBFA29052EAEF7F68
lo(checksum)=0xBB3E35397F6F65D7
key=plain, no.=69, <checksum>:
0xBFA29052EAEF7F68BB3E35397F6F65D7
key=plain, no.=69, cso file:
/dev/null
----------------------------------------------
real command=cset shield -e /home/nrink/Projects/build/encode/encode/tests/quicksort/quicksort.perf.plain --  --cso /dev/null
key=plain, no.=70, <stderr>:
LENGTH=860
elapsed cycles: 11584332
hi(checksum)=0xBFA29052EAEF7F68
lo(checksum)=0xBB3E35397F6F65D7
key=plain, no.=70, <checksum>:
0xBFA29052EAEF7F68BB3E35397F6F65D7
key=plain, no.=70, cso file:
/dev/null
----------------------------------------------
real command=cset shield -e /home/nrink/Projects/build/encode/encode/tests/quicksort/quicksort.perf.plain --  --cso /dev/null
key=plain, no.=71, <stderr>:
LENGTH=860
elapsed cycles: 10464273
hi(checksum)=0xBFA29052EAEF7F68
lo(checksum)=0xBB3E35397F6F65D7
key=plain, no.=71, <checksum>:
0xBFA29052EAEF7F68BB3E35397F6F65D7
key=plain, no.=71, cso file:
/dev/null
----------------------------------------------
real command=cset shield -e /home/nrink/Projects/build/encode/encode/tests/quicksort/quicksort.perf.plain --  --cso /dev/null
key=plain, no.=72, <stderr>:
LENGTH=860
elapsed cycles: 10384098
hi(checksum)=0xBFA29052EAEF7F68
lo(checksum)=0xBB3E35397F6F65D7
key=plain, no.=72, <checksum>:
0xBFA29052EAEF7F68BB3E35397F6F65D7
key=plain, no.=72, cso file:
/dev/null
----------------------------------------------
real command=cset shield -e /home/nrink/Projects/build/encode/encode/tests/quicksort/quicksort.perf.plain --  --cso /dev/null
key=plain, no.=73, <stderr>:
LENGTH=860
elapsed cycles: 10502433
hi(checksum)=0xBFA29052EAEF7F68
lo(checksum)=0xBB3E35397F6F65D7
key=plain, no.=73, <checksum>:
0xBFA29052EAEF7F68BB3E35397F6F65D7
key=plain, no.=73, cso file:
/dev/null
----------------------------------------------
real command=cset shield -e /home/nrink/Projects/build/encode/encode/tests/quicksort/quicksort.perf.plain --  --cso /dev/null
key=plain, no.=74, <stderr>:
LENGTH=860
elapsed cycles: 10465908
hi(checksum)=0xBFA29052EAEF7F68
lo(checksum)=0xBB3E35397F6F65D7
key=plain, no.=74, <checksum>:
0xBFA29052EAEF7F68BB3E35397F6F65D7
key=plain, no.=74, cso file:
/dev/null
----------------------------------------------
real command=cset shield -e /home/nrink/Projects/build/encode/encode/tests/quicksort/quicksort.perf.plain --  --cso /dev/null
key=plain, no.=75, <stderr>:
LENGTH=860
elapsed cycles: 10457124
hi(checksum)=0xBFA29052EAEF7F68
lo(checksum)=0xBB3E35397F6F65D7
key=plain, no.=75, <checksum>:
0xBFA29052EAEF7F68BB3E35397F6F65D7
key=plain, no.=75, cso file:
/dev/null
----------------------------------------------
real command=cset shield -e /home/nrink/Projects/build/encode/encode/tests/quicksort/quicksort.perf.plain --  --cso /dev/null
key=plain, no.=76, <stderr>:
LENGTH=860
elapsed cycles: 10534890
hi(checksum)=0xBFA29052EAEF7F68
lo(checksum)=0xBB3E35397F6F65D7
key=plain, no.=76, <checksum>:
0xBFA29052EAEF7F68BB3E35397F6F65D7
key=plain, no.=76, cso file:
/dev/null
----------------------------------------------
real command=cset shield -e /home/nrink/Projects/build/encode/encode/tests/quicksort/quicksort.perf.plain --  --cso /dev/null
key=plain, no.=77, <stderr>:
LENGTH=860
elapsed cycles: 10418340
hi(checksum)=0xBFA29052EAEF7F68
lo(checksum)=0xBB3E35397F6F65D7
key=plain, no.=77, <checksum>:
0xBFA29052EAEF7F68BB3E35397F6F65D7
key=plain, no.=77, cso file:
/dev/null
----------------------------------------------
real command=cset shield -e /home/nrink/Projects/build/encode/encode/tests/quicksort/quicksort.perf.plain --  --cso /dev/null
key=plain, no.=78, <stderr>:
LENGTH=860
elapsed cycles: 10481889
hi(checksum)=0xBFA29052EAEF7F68
lo(checksum)=0xBB3E35397F6F65D7
key=plain, no.=78, <checksum>:
0xBFA29052EAEF7F68BB3E35397F6F65D7
key=plain, no.=78, cso file:
/dev/null
----------------------------------------------
real command=cset shield -e /home/nrink/Projects/build/encode/encode/tests/quicksort/quicksort.perf.plain --  --cso /dev/null
key=plain, no.=79, <stderr>:
LENGTH=860
elapsed cycles: 10613193
hi(checksum)=0xBFA29052EAEF7F68
lo(checksum)=0xBB3E35397F6F65D7
key=plain, no.=79, <checksum>:
0xBFA29052EAEF7F68BB3E35397F6F65D7
key=plain, no.=79, cso file:
/dev/null
----------------------------------------------
real command=cset shield -e /home/nrink/Projects/build/encode/encode/tests/quicksort/quicksort.perf.plain --  --cso /dev/null
key=plain, no.=80, <stderr>:
LENGTH=860
elapsed cycles: 10473771
hi(checksum)=0xBFA29052EAEF7F68
lo(checksum)=0xBB3E35397F6F65D7
key=plain, no.=80, <checksum>:
0xBFA29052EAEF7F68BB3E35397F6F65D7
key=plain, no.=80, cso file:
/dev/null
----------------------------------------------
real command=cset shield -e /home/nrink/Projects/build/encode/encode/tests/quicksort/quicksort.perf.plain --  --cso /dev/null
key=plain, no.=81, <stderr>:
LENGTH=860
elapsed cycles: 10382019
hi(checksum)=0xBFA29052EAEF7F68
lo(checksum)=0xBB3E35397F6F65D7
key=plain, no.=81, <checksum>:
0xBFA29052EAEF7F68BB3E35397F6F65D7
key=plain, no.=81, cso file:
/dev/null
----------------------------------------------
real command=cset shield -e /home/nrink/Projects/build/encode/encode/tests/quicksort/quicksort.perf.plain --  --cso /dev/null
key=plain, no.=82, <stderr>:
LENGTH=860
elapsed cycles: 10440510
hi(checksum)=0xBFA29052EAEF7F68
lo(checksum)=0xBB3E35397F6F65D7
key=plain, no.=82, <checksum>:
0xBFA29052EAEF7F68BB3E35397F6F65D7
key=plain, no.=82, cso file:
/dev/null
----------------------------------------------
real command=cset shield -e /home/nrink/Projects/build/encode/encode/tests/quicksort/quicksort.perf.plain --  --cso /dev/null
key=plain, no.=83, <stderr>:
LENGTH=860
elapsed cycles: 10576911
hi(checksum)=0xBFA29052EAEF7F68
lo(checksum)=0xBB3E35397F6F65D7
key=plain, no.=83, <checksum>:
0xBFA29052EAEF7F68BB3E35397F6F65D7
key=plain, no.=83, cso file:
/dev/null
----------------------------------------------
real command=cset shield -e /home/nrink/Projects/build/encode/encode/tests/quicksort/quicksort.perf.plain --  --cso /dev/null
key=plain, no.=84, <stderr>:
LENGTH=860
elapsed cycles: 10479087
hi(checksum)=0xBFA29052EAEF7F68
lo(checksum)=0xBB3E35397F6F65D7
key=plain, no.=84, <checksum>:
0xBFA29052EAEF7F68BB3E35397F6F65D7
key=plain, no.=84, cso file:
/dev/null
----------------------------------------------
real command=cset shield -e /home/nrink/Projects/build/encode/encode/tests/quicksort/quicksort.perf.plain --  --cso /dev/null
key=plain, no.=85, <stderr>:
LENGTH=860
elapsed cycles: 10593207
hi(checksum)=0xBFA29052EAEF7F68
lo(checksum)=0xBB3E35397F6F65D7
key=plain, no.=85, <checksum>:
0xBFA29052EAEF7F68BB3E35397F6F65D7
key=plain, no.=85, cso file:
/dev/null
----------------------------------------------
real command=cset shield -e /home/nrink/Projects/build/encode/encode/tests/quicksort/quicksort.perf.plain --  --cso /dev/null
key=plain, no.=86, <stderr>:
LENGTH=860
elapsed cycles: 10422615
hi(checksum)=0xBFA29052EAEF7F68
lo(checksum)=0xBB3E35397F6F65D7
key=plain, no.=86, <checksum>:
0xBFA29052EAEF7F68BB3E35397F6F65D7
key=plain, no.=86, cso file:
/dev/null
----------------------------------------------
real command=cset shield -e /home/nrink/Projects/build/encode/encode/tests/quicksort/quicksort.perf.plain --  --cso /dev/null
key=plain, no.=87, <stderr>:
LENGTH=860
elapsed cycles: 10432578
hi(checksum)=0xBFA29052EAEF7F68
lo(checksum)=0xBB3E35397F6F65D7
key=plain, no.=87, <checksum>:
0xBFA29052EAEF7F68BB3E35397F6F65D7
key=plain, no.=87, cso file:
/dev/null
----------------------------------------------
real command=cset shield -e /home/nrink/Projects/build/encode/encode/tests/quicksort/quicksort.perf.plain --  --cso /dev/null
key=plain, no.=88, <stderr>:
LENGTH=860
elapsed cycles: 10413996
hi(checksum)=0xBFA29052EAEF7F68
lo(checksum)=0xBB3E35397F6F65D7
key=plain, no.=88, <checksum>:
0xBFA29052EAEF7F68BB3E35397F6F65D7
key=plain, no.=88, cso file:
/dev/null
----------------------------------------------
real command=cset shield -e /home/nrink/Projects/build/encode/encode/tests/quicksort/quicksort.perf.plain --  --cso /dev/null
key=plain, no.=89, <stderr>:
LENGTH=860
elapsed cycles: 10478700
hi(checksum)=0xBFA29052EAEF7F68
lo(checksum)=0xBB3E35397F6F65D7
key=plain, no.=89, <checksum>:
0xBFA29052EAEF7F68BB3E35397F6F65D7
key=plain, no.=89, cso file:
/dev/null
----------------------------------------------
real command=cset shield -e /home/nrink/Projects/build/encode/encode/tests/quicksort/quicksort.perf.plain --  --cso /dev/null
key=plain, no.=90, <stderr>:
LENGTH=860
elapsed cycles: 10380303
hi(checksum)=0xBFA29052EAEF7F68
lo(checksum)=0xBB3E35397F6F65D7
key=plain, no.=90, <checksum>:
0xBFA29052EAEF7F68BB3E35397F6F65D7
key=plain, no.=90, cso file:
/dev/null
----------------------------------------------
real command=cset shield -e /home/nrink/Projects/build/encode/encode/tests/quicksort/quicksort.perf.plain --  --cso /dev/null
key=plain, no.=91, <stderr>:
LENGTH=860
elapsed cycles: 10561650
hi(checksum)=0xBFA29052EAEF7F68
lo(checksum)=0xBB3E35397F6F65D7
key=plain, no.=91, <checksum>:
0xBFA29052EAEF7F68BB3E35397F6F65D7
key=plain, no.=91, cso file:
/dev/null
----------------------------------------------
real command=cset shield -e /home/nrink/Projects/build/encode/encode/tests/quicksort/quicksort.perf.plain --  --cso /dev/null
key=plain, no.=92, <stderr>:
LENGTH=860
elapsed cycles: 10428675
hi(checksum)=0xBFA29052EAEF7F68
lo(checksum)=0xBB3E35397F6F65D7
key=plain, no.=92, <checksum>:
0xBFA29052EAEF7F68BB3E35397F6F65D7
key=plain, no.=92, cso file:
/dev/null
----------------------------------------------
real command=cset shield -e /home/nrink/Projects/build/encode/encode/tests/quicksort/quicksort.perf.plain --  --cso /dev/null
key=plain, no.=93, <stderr>:
LENGTH=860
elapsed cycles: 10473573
hi(checksum)=0xBFA29052EAEF7F68
lo(checksum)=0xBB3E35397F6F65D7
key=plain, no.=93, <checksum>:
0xBFA29052EAEF7F68BB3E35397F6F65D7
key=plain, no.=93, cso file:
/dev/null
----------------------------------------------
real command=cset shield -e /home/nrink/Projects/build/encode/encode/tests/quicksort/quicksort.perf.plain --  --cso /dev/null
key=plain, no.=94, <stderr>:
LENGTH=860
elapsed cycles: 10586631
hi(checksum)=0xBFA29052EAEF7F68
lo(checksum)=0xBB3E35397F6F65D7
key=plain, no.=94, <checksum>:
0xBFA29052EAEF7F68BB3E35397F6F65D7
key=plain, no.=94, cso file:
/dev/null
----------------------------------------------
real command=cset shield -e /home/nrink/Projects/build/encode/encode/tests/quicksort/quicksort.perf.plain --  --cso /dev/null
key=plain, no.=95, <stderr>:
LENGTH=860
elapsed cycles: 10492635
hi(checksum)=0xBFA29052EAEF7F68
lo(checksum)=0xBB3E35397F6F65D7
key=plain, no.=95, <checksum>:
0xBFA29052EAEF7F68BB3E35397F6F65D7
key=plain, no.=95, cso file:
/dev/null
----------------------------------------------
real command=cset shield -e /home/nrink/Projects/build/encode/encode/tests/quicksort/quicksort.perf.plain --  --cso /dev/null
key=plain, no.=96, <stderr>:
LENGTH=860
elapsed cycles: 10466271
hi(checksum)=0xBFA29052EAEF7F68
lo(checksum)=0xBB3E35397F6F65D7
key=plain, no.=96, <checksum>:
0xBFA29052EAEF7F68BB3E35397F6F65D7
key=plain, no.=96, cso file:
/dev/null
----------------------------------------------
real command=cset shield -e /home/nrink/Projects/build/encode/encode/tests/quicksort/quicksort.perf.plain --  --cso /dev/null
key=plain, no.=97, <stderr>:
LENGTH=860
elapsed cycles: 10651992
hi(checksum)=0xBFA29052EAEF7F68
lo(checksum)=0xBB3E35397F6F65D7
key=plain, no.=97, <checksum>:
0xBFA29052EAEF7F68BB3E35397F6F65D7
key=plain, no.=97, cso file:
/dev/null
----------------------------------------------
real command=cset shield -e /home/nrink/Projects/build/encode/encode/tests/quicksort/quicksort.perf.plain --  --cso /dev/null
key=plain, no.=98, <stderr>:
LENGTH=860
elapsed cycles: 10621803
hi(checksum)=0xBFA29052EAEF7F68
lo(checksum)=0xBB3E35397F6F65D7
key=plain, no.=98, <checksum>:
0xBFA29052EAEF7F68BB3E35397F6F65D7
key=plain, no.=98, cso file:
/dev/null
----------------------------------------------
real command=cset shield -e /home/nrink/Projects/build/encode/encode/tests/quicksort/quicksort.perf.plain --  --cso /dev/null
key=plain, no.=99, <stderr>:
LENGTH=860
elapsed cycles: 11536821
hi(checksum)=0xBFA29052EAEF7F68
lo(checksum)=0xBB3E35397F6F65D7
key=plain, no.=99, <checksum>:
0xBFA29052EAEF7F68BB3E35397F6F65D7
key=plain, no.=99, cso file:
/dev/null
----------------------------------------------
key=encoded, runs=100 ...
command=/home/nrink/Projects/build/encode/encode/tests/quicksort/quicksort.perf.encoded
----------------------------------------------
real command=cset shield -e /home/nrink/Projects/build/encode/encode/tests/quicksort/quicksort.perf.encoded --  --cso /dev/null
key=encoded, no.=0, <stderr>:
LENGTH=860
elapsed cycles: 15626877
hi(checksum)=0xBFA29052EAEF7F68
lo(checksum)=0xBB3E35397F6F65D7
key=encoded, no.=0, <checksum>:
0xBFA29052EAEF7F68BB3E35397F6F65D7
key=encoded, no.=0, cso file:
/dev/null
----------------------------------------------
real command=cset shield -e /home/nrink/Projects/build/encode/encode/tests/quicksort/quicksort.perf.encoded --  --cso /dev/null
key=encoded, no.=1, <stderr>:
LENGTH=860
elapsed cycles: 15694767
hi(checksum)=0xBFA29052EAEF7F68
lo(checksum)=0xBB3E35397F6F65D7
key=encoded, no.=1, <checksum>:
0xBFA29052EAEF7F68BB3E35397F6F65D7
key=encoded, no.=1, cso file:
/dev/null
----------------------------------------------
real command=cset shield -e /home/nrink/Projects/build/encode/encode/tests/quicksort/quicksort.perf.encoded --  --cso /dev/null
key=encoded, no.=2, <stderr>:
LENGTH=860
elapsed cycles: 15982599
hi(checksum)=0xBFA29052EAEF7F68
lo(checksum)=0xBB3E35397F6F65D7
key=encoded, no.=2, <checksum>:
0xBFA29052EAEF7F68BB3E35397F6F65D7
key=encoded, no.=2, cso file:
/dev/null
----------------------------------------------
real command=cset shield -e /home/nrink/Projects/build/encode/encode/tests/quicksort/quicksort.perf.encoded --  --cso /dev/null
key=encoded, no.=3, <stderr>:
LENGTH=860
elapsed cycles: 15763893
hi(checksum)=0xBFA29052EAEF7F68
lo(checksum)=0xBB3E35397F6F65D7
key=encoded, no.=3, <checksum>:
0xBFA29052EAEF7F68BB3E35397F6F65D7
key=encoded, no.=3, cso file:
/dev/null
----------------------------------------------
real command=cset shield -e /home/nrink/Projects/build/encode/encode/tests/quicksort/quicksort.perf.encoded --  --cso /dev/null
key=encoded, no.=4, <stderr>:
LENGTH=860
elapsed cycles: 15939765
hi(checksum)=0xBFA29052EAEF7F68
lo(checksum)=0xBB3E35397F6F65D7
key=encoded, no.=4, <checksum>:
0xBFA29052EAEF7F68BB3E35397F6F65D7
key=encoded, no.=4, cso file:
/dev/null
----------------------------------------------
real command=cset shield -e /home/nrink/Projects/build/encode/encode/tests/quicksort/quicksort.perf.encoded --  --cso /dev/null
key=encoded, no.=5, <stderr>:
LENGTH=860
elapsed cycles: 15728109
hi(checksum)=0xBFA29052EAEF7F68
lo(checksum)=0xBB3E35397F6F65D7
key=encoded, no.=5, <checksum>:
0xBFA29052EAEF7F68BB3E35397F6F65D7
key=encoded, no.=5, cso file:
/dev/null
----------------------------------------------
real command=cset shield -e /home/nrink/Projects/build/encode/encode/tests/quicksort/quicksort.perf.encoded --  --cso /dev/null
key=encoded, no.=6, <stderr>:
LENGTH=860
elapsed cycles: 15659319
hi(checksum)=0xBFA29052EAEF7F68
lo(checksum)=0xBB3E35397F6F65D7
key=encoded, no.=6, <checksum>:
0xBFA29052EAEF7F68BB3E35397F6F65D7
key=encoded, no.=6, cso file:
/dev/null
----------------------------------------------
real command=cset shield -e /home/nrink/Projects/build/encode/encode/tests/quicksort/quicksort.perf.encoded --  --cso /dev/null
key=encoded, no.=7, <stderr>:
LENGTH=860
elapsed cycles: 15723126
hi(checksum)=0xBFA29052EAEF7F68
lo(checksum)=0xBB3E35397F6F65D7
key=encoded, no.=7, <checksum>:
0xBFA29052EAEF7F68BB3E35397F6F65D7
key=encoded, no.=7, cso file:
/dev/null
----------------------------------------------
real command=cset shield -e /home/nrink/Projects/build/encode/encode/tests/quicksort/quicksort.perf.encoded --  --cso /dev/null
key=encoded, no.=8, <stderr>:
LENGTH=860
elapsed cycles: 15683475
hi(checksum)=0xBFA29052EAEF7F68
lo(checksum)=0xBB3E35397F6F65D7
key=encoded, no.=8, <checksum>:
0xBFA29052EAEF7F68BB3E35397F6F65D7
key=encoded, no.=8, cso file:
/dev/null
----------------------------------------------
real command=cset shield -e /home/nrink/Projects/build/encode/encode/tests/quicksort/quicksort.perf.encoded --  --cso /dev/null
key=encoded, no.=9, <stderr>:
LENGTH=860
elapsed cycles: 21129384
hi(checksum)=0xBFA29052EAEF7F68
lo(checksum)=0xBB3E35397F6F65D7
key=encoded, no.=9, <checksum>:
0xBFA29052EAEF7F68BB3E35397F6F65D7
key=encoded, no.=9, cso file:
/dev/null
----------------------------------------------
real command=cset shield -e /home/nrink/Projects/build/encode/encode/tests/quicksort/quicksort.perf.encoded --  --cso /dev/null
key=encoded, no.=10, <stderr>:
LENGTH=860
elapsed cycles: 16006704
hi(checksum)=0xBFA29052EAEF7F68
lo(checksum)=0xBB3E35397F6F65D7
key=encoded, no.=10, <checksum>:
0xBFA29052EAEF7F68BB3E35397F6F65D7
key=encoded, no.=10, cso file:
/dev/null
----------------------------------------------
real command=cset shield -e /home/nrink/Projects/build/encode/encode/tests/quicksort/quicksort.perf.encoded --  --cso /dev/null
key=encoded, no.=11, <stderr>:
LENGTH=860
elapsed cycles: 16055628
hi(checksum)=0xBFA29052EAEF7F68
lo(checksum)=0xBB3E35397F6F65D7
key=encoded, no.=11, <checksum>:
0xBFA29052EAEF7F68BB3E35397F6F65D7
key=encoded, no.=11, cso file:
/dev/null
----------------------------------------------
real command=cset shield -e /home/nrink/Projects/build/encode/encode/tests/quicksort/quicksort.perf.encoded --  --cso /dev/null
key=encoded, no.=12, <stderr>:
LENGTH=860
elapsed cycles: 17078487
hi(checksum)=0xBFA29052EAEF7F68
lo(checksum)=0xBB3E35397F6F65D7
key=encoded, no.=12, <checksum>:
0xBFA29052EAEF7F68BB3E35397F6F65D7
key=encoded, no.=12, cso file:
/dev/null
----------------------------------------------
real command=cset shield -e /home/nrink/Projects/build/encode/encode/tests/quicksort/quicksort.perf.encoded --  --cso /dev/null
key=encoded, no.=13, <stderr>:
LENGTH=860
elapsed cycles: 15973242
hi(checksum)=0xBFA29052EAEF7F68
lo(checksum)=0xBB3E35397F6F65D7
key=encoded, no.=13, <checksum>:
0xBFA29052EAEF7F68BB3E35397F6F65D7
key=encoded, no.=13, cso file:
/dev/null
----------------------------------------------
real command=cset shield -e /home/nrink/Projects/build/encode/encode/tests/quicksort/quicksort.perf.encoded --  --cso /dev/null
key=encoded, no.=14, <stderr>:
LENGTH=860
elapsed cycles: 16033137
hi(checksum)=0xBFA29052EAEF7F68
lo(checksum)=0xBB3E35397F6F65D7
key=encoded, no.=14, <checksum>:
0xBFA29052EAEF7F68BB3E35397F6F65D7
key=encoded, no.=14, cso file:
/dev/null
----------------------------------------------
real command=cset shield -e /home/nrink/Projects/build/encode/encode/tests/quicksort/quicksort.perf.encoded --  --cso /dev/null
key=encoded, no.=15, <stderr>:
LENGTH=860
elapsed cycles: 15765270
hi(checksum)=0xBFA29052EAEF7F68
lo(checksum)=0xBB3E35397F6F65D7
key=encoded, no.=15, <checksum>:
0xBFA29052EAEF7F68BB3E35397F6F65D7
key=encoded, no.=15, cso file:
/dev/null
----------------------------------------------
real command=cset shield -e /home/nrink/Projects/build/encode/encode/tests/quicksort/quicksort.perf.encoded --  --cso /dev/null
key=encoded, no.=16, <stderr>:
LENGTH=860
elapsed cycles: 15662769
hi(checksum)=0xBFA29052EAEF7F68
lo(checksum)=0xBB3E35397F6F65D7
key=encoded, no.=16, <checksum>:
0xBFA29052EAEF7F68BB3E35397F6F65D7
key=encoded, no.=16, cso file:
/dev/null
----------------------------------------------
real command=cset shield -e /home/nrink/Projects/build/encode/encode/tests/quicksort/quicksort.perf.encoded --  --cso /dev/null
key=encoded, no.=17, <stderr>:
LENGTH=860
elapsed cycles: 16462437
hi(checksum)=0xBFA29052EAEF7F68
lo(checksum)=0xBB3E35397F6F65D7
key=encoded, no.=17, <checksum>:
0xBFA29052EAEF7F68BB3E35397F6F65D7
key=encoded, no.=17, cso file:
/dev/null
----------------------------------------------
real command=cset shield -e /home/nrink/Projects/build/encode/encode/tests/quicksort/quicksort.perf.encoded --  --cso /dev/null
key=encoded, no.=18, <stderr>:
LENGTH=860
elapsed cycles: 15923292
hi(checksum)=0xBFA29052EAEF7F68
lo(checksum)=0xBB3E35397F6F65D7
key=encoded, no.=18, <checksum>:
0xBFA29052EAEF7F68BB3E35397F6F65D7
key=encoded, no.=18, cso file:
/dev/null
----------------------------------------------
real command=cset shield -e /home/nrink/Projects/build/encode/encode/tests/quicksort/quicksort.perf.encoded --  --cso /dev/null
key=encoded, no.=19, <stderr>:
LENGTH=860
elapsed cycles: 15659313
hi(checksum)=0xBFA29052EAEF7F68
lo(checksum)=0xBB3E35397F6F65D7
key=encoded, no.=19, <checksum>:
0xBFA29052EAEF7F68BB3E35397F6F65D7
key=encoded, no.=19, cso file:
/dev/null
----------------------------------------------
real command=cset shield -e /home/nrink/Projects/build/encode/encode/tests/quicksort/quicksort.perf.encoded --  --cso /dev/null
key=encoded, no.=20, <stderr>:
LENGTH=860
elapsed cycles: 15744543
hi(checksum)=0xBFA29052EAEF7F68
lo(checksum)=0xBB3E35397F6F65D7
key=encoded, no.=20, <checksum>:
0xBFA29052EAEF7F68BB3E35397F6F65D7
key=encoded, no.=20, cso file:
/dev/null
----------------------------------------------
real command=cset shield -e /home/nrink/Projects/build/encode/encode/tests/quicksort/quicksort.perf.encoded --  --cso /dev/null
key=encoded, no.=21, <stderr>:
LENGTH=860
elapsed cycles: 15621507
hi(checksum)=0xBFA29052EAEF7F68
lo(checksum)=0xBB3E35397F6F65D7
key=encoded, no.=21, <checksum>:
0xBFA29052EAEF7F68BB3E35397F6F65D7
key=encoded, no.=21, cso file:
/dev/null
----------------------------------------------
real command=cset shield -e /home/nrink/Projects/build/encode/encode/tests/quicksort/quicksort.perf.encoded --  --cso /dev/null
key=encoded, no.=22, <stderr>:
LENGTH=860
elapsed cycles: 15679320
hi(checksum)=0xBFA29052EAEF7F68
lo(checksum)=0xBB3E35397F6F65D7
key=encoded, no.=22, <checksum>:
0xBFA29052EAEF7F68BB3E35397F6F65D7
key=encoded, no.=22, cso file:
/dev/null
----------------------------------------------
real command=cset shield -e /home/nrink/Projects/build/encode/encode/tests/quicksort/quicksort.perf.encoded --  --cso /dev/null
key=encoded, no.=23, <stderr>:
LENGTH=860
elapsed cycles: 15598707
hi(checksum)=0xBFA29052EAEF7F68
lo(checksum)=0xBB3E35397F6F65D7
key=encoded, no.=23, <checksum>:
0xBFA29052EAEF7F68BB3E35397F6F65D7
key=encoded, no.=23, cso file:
/dev/null
----------------------------------------------
real command=cset shield -e /home/nrink/Projects/build/encode/encode/tests/quicksort/quicksort.perf.encoded --  --cso /dev/null
key=encoded, no.=24, <stderr>:
LENGTH=860
elapsed cycles: 15701151
hi(checksum)=0xBFA29052EAEF7F68
lo(checksum)=0xBB3E35397F6F65D7
key=encoded, no.=24, <checksum>:
0xBFA29052EAEF7F68BB3E35397F6F65D7
key=encoded, no.=24, cso file:
/dev/null
----------------------------------------------
real command=cset shield -e /home/nrink/Projects/build/encode/encode/tests/quicksort/quicksort.perf.encoded --  --cso /dev/null
key=encoded, no.=25, <stderr>:
LENGTH=860
elapsed cycles: 15636471
hi(checksum)=0xBFA29052EAEF7F68
lo(checksum)=0xBB3E35397F6F65D7
key=encoded, no.=25, <checksum>:
0xBFA29052EAEF7F68BB3E35397F6F65D7
key=encoded, no.=25, cso file:
/dev/null
----------------------------------------------
real command=cset shield -e /home/nrink/Projects/build/encode/encode/tests/quicksort/quicksort.perf.encoded --  --cso /dev/null
key=encoded, no.=26, <stderr>:
LENGTH=860
elapsed cycles: 15734610
hi(checksum)=0xBFA29052EAEF7F68
lo(checksum)=0xBB3E35397F6F65D7
key=encoded, no.=26, <checksum>:
0xBFA29052EAEF7F68BB3E35397F6F65D7
key=encoded, no.=26, cso file:
/dev/null
----------------------------------------------
real command=cset shield -e /home/nrink/Projects/build/encode/encode/tests/quicksort/quicksort.perf.encoded --  --cso /dev/null
key=encoded, no.=27, <stderr>:
LENGTH=860
elapsed cycles: 15720426
hi(checksum)=0xBFA29052EAEF7F68
lo(checksum)=0xBB3E35397F6F65D7
key=encoded, no.=27, <checksum>:
0xBFA29052EAEF7F68BB3E35397F6F65D7
key=encoded, no.=27, cso file:
/dev/null
----------------------------------------------
real command=cset shield -e /home/nrink/Projects/build/encode/encode/tests/quicksort/quicksort.perf.encoded --  --cso /dev/null
key=encoded, no.=28, <stderr>:
LENGTH=860
elapsed cycles: 15526680
hi(checksum)=0xBFA29052EAEF7F68
lo(checksum)=0xBB3E35397F6F65D7
key=encoded, no.=28, <checksum>:
0xBFA29052EAEF7F68BB3E35397F6F65D7
key=encoded, no.=28, cso file:
/dev/null
----------------------------------------------
real command=cset shield -e /home/nrink/Projects/build/encode/encode/tests/quicksort/quicksort.perf.encoded --  --cso /dev/null
key=encoded, no.=29, <stderr>:
LENGTH=860
elapsed cycles: 15543750
hi(checksum)=0xBFA29052EAEF7F68
lo(checksum)=0xBB3E35397F6F65D7
key=encoded, no.=29, <checksum>:
0xBFA29052EAEF7F68BB3E35397F6F65D7
key=encoded, no.=29, cso file:
/dev/null
----------------------------------------------
real command=cset shield -e /home/nrink/Projects/build/encode/encode/tests/quicksort/quicksort.perf.encoded --  --cso /dev/null
key=encoded, no.=30, <stderr>:
LENGTH=860
elapsed cycles: 15787230
hi(checksum)=0xBFA29052EAEF7F68
lo(checksum)=0xBB3E35397F6F65D7
key=encoded, no.=30, <checksum>:
0xBFA29052EAEF7F68BB3E35397F6F65D7
key=encoded, no.=30, cso file:
/dev/null
----------------------------------------------
real command=cset shield -e /home/nrink/Projects/build/encode/encode/tests/quicksort/quicksort.perf.encoded --  --cso /dev/null
key=encoded, no.=31, <stderr>:
LENGTH=860
elapsed cycles: 15762492
hi(checksum)=0xBFA29052EAEF7F68
lo(checksum)=0xBB3E35397F6F65D7
key=encoded, no.=31, <checksum>:
0xBFA29052EAEF7F68BB3E35397F6F65D7
key=encoded, no.=31, cso file:
/dev/null
----------------------------------------------
real command=cset shield -e /home/nrink/Projects/build/encode/encode/tests/quicksort/quicksort.perf.encoded --  --cso /dev/null
key=encoded, no.=32, <stderr>:
LENGTH=860
elapsed cycles: 15690915
hi(checksum)=0xBFA29052EAEF7F68
lo(checksum)=0xBB3E35397F6F65D7
key=encoded, no.=32, <checksum>:
0xBFA29052EAEF7F68BB3E35397F6F65D7
key=encoded, no.=32, cso file:
/dev/null
----------------------------------------------
real command=cset shield -e /home/nrink/Projects/build/encode/encode/tests/quicksort/quicksort.perf.encoded --  --cso /dev/null
key=encoded, no.=33, <stderr>:
LENGTH=860
elapsed cycles: 15611706
hi(checksum)=0xBFA29052EAEF7F68
lo(checksum)=0xBB3E35397F6F65D7
key=encoded, no.=33, <checksum>:
0xBFA29052EAEF7F68BB3E35397F6F65D7
key=encoded, no.=33, cso file:
/dev/null
----------------------------------------------
real command=cset shield -e /home/nrink/Projects/build/encode/encode/tests/quicksort/quicksort.perf.encoded --  --cso /dev/null
key=encoded, no.=34, <stderr>:
LENGTH=860
elapsed cycles: 15713067
hi(checksum)=0xBFA29052EAEF7F68
lo(checksum)=0xBB3E35397F6F65D7
key=encoded, no.=34, <checksum>:
0xBFA29052EAEF7F68BB3E35397F6F65D7
key=encoded, no.=34, cso file:
/dev/null
----------------------------------------------
real command=cset shield -e /home/nrink/Projects/build/encode/encode/tests/quicksort/quicksort.perf.encoded --  --cso /dev/null
key=encoded, no.=35, <stderr>:
LENGTH=860
elapsed cycles: 15624603
hi(checksum)=0xBFA29052EAEF7F68
lo(checksum)=0xBB3E35397F6F65D7
key=encoded, no.=35, <checksum>:
0xBFA29052EAEF7F68BB3E35397F6F65D7
key=encoded, no.=35, cso file:
/dev/null
----------------------------------------------
real command=cset shield -e /home/nrink/Projects/build/encode/encode/tests/quicksort/quicksort.perf.encoded --  --cso /dev/null
key=encoded, no.=36, <stderr>:
LENGTH=860
elapsed cycles: 15528048
hi(checksum)=0xBFA29052EAEF7F68
lo(checksum)=0xBB3E35397F6F65D7
key=encoded, no.=36, <checksum>:
0xBFA29052EAEF7F68BB3E35397F6F65D7
key=encoded, no.=36, cso file:
/dev/null
----------------------------------------------
real command=cset shield -e /home/nrink/Projects/build/encode/encode/tests/quicksort/quicksort.perf.encoded --  --cso /dev/null
key=encoded, no.=37, <stderr>:
LENGTH=860
elapsed cycles: 15703119
hi(checksum)=0xBFA29052EAEF7F68
lo(checksum)=0xBB3E35397F6F65D7
key=encoded, no.=37, <checksum>:
0xBFA29052EAEF7F68BB3E35397F6F65D7
key=encoded, no.=37, cso file:
/dev/null
----------------------------------------------
real command=cset shield -e /home/nrink/Projects/build/encode/encode/tests/quicksort/quicksort.perf.encoded --  --cso /dev/null
key=encoded, no.=38, <stderr>:
LENGTH=860
elapsed cycles: 15757299
hi(checksum)=0xBFA29052EAEF7F68
lo(checksum)=0xBB3E35397F6F65D7
key=encoded, no.=38, <checksum>:
0xBFA29052EAEF7F68BB3E35397F6F65D7
key=encoded, no.=38, cso file:
/dev/null
----------------------------------------------
real command=cset shield -e /home/nrink/Projects/build/encode/encode/tests/quicksort/quicksort.perf.encoded --  --cso /dev/null
key=encoded, no.=39, <stderr>:
LENGTH=860
elapsed cycles: 15723996
hi(checksum)=0xBFA29052EAEF7F68
lo(checksum)=0xBB3E35397F6F65D7
key=encoded, no.=39, <checksum>:
0xBFA29052EAEF7F68BB3E35397F6F65D7
key=encoded, no.=39, cso file:
/dev/null
----------------------------------------------
real command=cset shield -e /home/nrink/Projects/build/encode/encode/tests/quicksort/quicksort.perf.encoded --  --cso /dev/null
key=encoded, no.=40, <stderr>:
LENGTH=860
elapsed cycles: 16134927
hi(checksum)=0xBFA29052EAEF7F68
lo(checksum)=0xBB3E35397F6F65D7
key=encoded, no.=40, <checksum>:
0xBFA29052EAEF7F68BB3E35397F6F65D7
key=encoded, no.=40, cso file:
/dev/null
----------------------------------------------
real command=cset shield -e /home/nrink/Projects/build/encode/encode/tests/quicksort/quicksort.perf.encoded --  --cso /dev/null
key=encoded, no.=41, <stderr>:
LENGTH=860
elapsed cycles: 15563400
hi(checksum)=0xBFA29052EAEF7F68
lo(checksum)=0xBB3E35397F6F65D7
key=encoded, no.=41, <checksum>:
0xBFA29052EAEF7F68BB3E35397F6F65D7
key=encoded, no.=41, cso file:
/dev/null
----------------------------------------------
real command=cset shield -e /home/nrink/Projects/build/encode/encode/tests/quicksort/quicksort.perf.encoded --  --cso /dev/null
key=encoded, no.=42, <stderr>:
LENGTH=860
elapsed cycles: 15687183
hi(checksum)=0xBFA29052EAEF7F68
lo(checksum)=0xBB3E35397F6F65D7
key=encoded, no.=42, <checksum>:
0xBFA29052EAEF7F68BB3E35397F6F65D7
key=encoded, no.=42, cso file:
/dev/null
----------------------------------------------
real command=cset shield -e /home/nrink/Projects/build/encode/encode/tests/quicksort/quicksort.perf.encoded --  --cso /dev/null
key=encoded, no.=43, <stderr>:
LENGTH=860
elapsed cycles: 15563406
hi(checksum)=0xBFA29052EAEF7F68
lo(checksum)=0xBB3E35397F6F65D7
key=encoded, no.=43, <checksum>:
0xBFA29052EAEF7F68BB3E35397F6F65D7
key=encoded, no.=43, cso file:
/dev/null
----------------------------------------------
real command=cset shield -e /home/nrink/Projects/build/encode/encode/tests/quicksort/quicksort.perf.encoded --  --cso /dev/null
key=encoded, no.=44, <stderr>:
LENGTH=860
elapsed cycles: 15725370
hi(checksum)=0xBFA29052EAEF7F68
lo(checksum)=0xBB3E35397F6F65D7
key=encoded, no.=44, <checksum>:
0xBFA29052EAEF7F68BB3E35397F6F65D7
key=encoded, no.=44, cso file:
/dev/null
----------------------------------------------
real command=cset shield -e /home/nrink/Projects/build/encode/encode/tests/quicksort/quicksort.perf.encoded --  --cso /dev/null
key=encoded, no.=45, <stderr>:
LENGTH=860
elapsed cycles: 15616059
hi(checksum)=0xBFA29052EAEF7F68
lo(checksum)=0xBB3E35397F6F65D7
key=encoded, no.=45, <checksum>:
0xBFA29052EAEF7F68BB3E35397F6F65D7
key=encoded, no.=45, cso file:
/dev/null
----------------------------------------------
real command=cset shield -e /home/nrink/Projects/build/encode/encode/tests/quicksort/quicksort.perf.encoded --  --cso /dev/null
key=encoded, no.=46, <stderr>:
LENGTH=860
elapsed cycles: 15813435
hi(checksum)=0xBFA29052EAEF7F68
lo(checksum)=0xBB3E35397F6F65D7
key=encoded, no.=46, <checksum>:
0xBFA29052EAEF7F68BB3E35397F6F65D7
key=encoded, no.=46, cso file:
/dev/null
----------------------------------------------
real command=cset shield -e /home/nrink/Projects/build/encode/encode/tests/quicksort/quicksort.perf.encoded --  --cso /dev/null
key=encoded, no.=47, <stderr>:
LENGTH=860
elapsed cycles: 15618069
hi(checksum)=0xBFA29052EAEF7F68
lo(checksum)=0xBB3E35397F6F65D7
key=encoded, no.=47, <checksum>:
0xBFA29052EAEF7F68BB3E35397F6F65D7
key=encoded, no.=47, cso file:
/dev/null
----------------------------------------------
real command=cset shield -e /home/nrink/Projects/build/encode/encode/tests/quicksort/quicksort.perf.encoded --  --cso /dev/null
key=encoded, no.=48, <stderr>:
LENGTH=860
elapsed cycles: 15708756
hi(checksum)=0xBFA29052EAEF7F68
lo(checksum)=0xBB3E35397F6F65D7
key=encoded, no.=48, <checksum>:
0xBFA29052EAEF7F68BB3E35397F6F65D7
key=encoded, no.=48, cso file:
/dev/null
----------------------------------------------
real command=cset shield -e /home/nrink/Projects/build/encode/encode/tests/quicksort/quicksort.perf.encoded --  --cso /dev/null
key=encoded, no.=49, <stderr>:
LENGTH=860
elapsed cycles: 15757788
hi(checksum)=0xBFA29052EAEF7F68
lo(checksum)=0xBB3E35397F6F65D7
key=encoded, no.=49, <checksum>:
0xBFA29052EAEF7F68BB3E35397F6F65D7
key=encoded, no.=49, cso file:
/dev/null
----------------------------------------------
real command=cset shield -e /home/nrink/Projects/build/encode/encode/tests/quicksort/quicksort.perf.encoded --  --cso /dev/null
key=encoded, no.=50, <stderr>:
LENGTH=860
elapsed cycles: 15704763
hi(checksum)=0xBFA29052EAEF7F68
lo(checksum)=0xBB3E35397F6F65D7
key=encoded, no.=50, <checksum>:
0xBFA29052EAEF7F68BB3E35397F6F65D7
key=encoded, no.=50, cso file:
/dev/null
----------------------------------------------
real command=cset shield -e /home/nrink/Projects/build/encode/encode/tests/quicksort/quicksort.perf.encoded --  --cso /dev/null
key=encoded, no.=51, <stderr>:
LENGTH=860
elapsed cycles: 15732345
hi(checksum)=0xBFA29052EAEF7F68
lo(checksum)=0xBB3E35397F6F65D7
key=encoded, no.=51, <checksum>:
0xBFA29052EAEF7F68BB3E35397F6F65D7
key=encoded, no.=51, cso file:
/dev/null
----------------------------------------------
real command=cset shield -e /home/nrink/Projects/build/encode/encode/tests/quicksort/quicksort.perf.encoded --  --cso /dev/null
key=encoded, no.=52, <stderr>:
LENGTH=860
elapsed cycles: 15674730
hi(checksum)=0xBFA29052EAEF7F68
lo(checksum)=0xBB3E35397F6F65D7
key=encoded, no.=52, <checksum>:
0xBFA29052EAEF7F68BB3E35397F6F65D7
key=encoded, no.=52, cso file:
/dev/null
----------------------------------------------
real command=cset shield -e /home/nrink/Projects/build/encode/encode/tests/quicksort/quicksort.perf.encoded --  --cso /dev/null
key=encoded, no.=53, <stderr>:
LENGTH=860
elapsed cycles: 15734760
hi(checksum)=0xBFA29052EAEF7F68
lo(checksum)=0xBB3E35397F6F65D7
key=encoded, no.=53, <checksum>:
0xBFA29052EAEF7F68BB3E35397F6F65D7
key=encoded, no.=53, cso file:
/dev/null
----------------------------------------------
real command=cset shield -e /home/nrink/Projects/build/encode/encode/tests/quicksort/quicksort.perf.encoded --  --cso /dev/null
key=encoded, no.=54, <stderr>:
LENGTH=860
elapsed cycles: 15731145
hi(checksum)=0xBFA29052EAEF7F68
lo(checksum)=0xBB3E35397F6F65D7
key=encoded, no.=54, <checksum>:
0xBFA29052EAEF7F68BB3E35397F6F65D7
key=encoded, no.=54, cso file:
/dev/null
----------------------------------------------
real command=cset shield -e /home/nrink/Projects/build/encode/encode/tests/quicksort/quicksort.perf.encoded --  --cso /dev/null
key=encoded, no.=55, <stderr>:
LENGTH=860
elapsed cycles: 15640248
hi(checksum)=0xBFA29052EAEF7F68
lo(checksum)=0xBB3E35397F6F65D7
key=encoded, no.=55, <checksum>:
0xBFA29052EAEF7F68BB3E35397F6F65D7
key=encoded, no.=55, cso file:
/dev/null
----------------------------------------------
real command=cset shield -e /home/nrink/Projects/build/encode/encode/tests/quicksort/quicksort.perf.encoded --  --cso /dev/null
key=encoded, no.=56, <stderr>:
LENGTH=860
elapsed cycles: 15692874
hi(checksum)=0xBFA29052EAEF7F68
lo(checksum)=0xBB3E35397F6F65D7
key=encoded, no.=56, <checksum>:
0xBFA29052EAEF7F68BB3E35397F6F65D7
key=encoded, no.=56, cso file:
/dev/null
----------------------------------------------
real command=cset shield -e /home/nrink/Projects/build/encode/encode/tests/quicksort/quicksort.perf.encoded --  --cso /dev/null
key=encoded, no.=57, <stderr>:
LENGTH=860
elapsed cycles: 15669738
hi(checksum)=0xBFA29052EAEF7F68
lo(checksum)=0xBB3E35397F6F65D7
key=encoded, no.=57, <checksum>:
0xBFA29052EAEF7F68BB3E35397F6F65D7
key=encoded, no.=57, cso file:
/dev/null
----------------------------------------------
real command=cset shield -e /home/nrink/Projects/build/encode/encode/tests/quicksort/quicksort.perf.encoded --  --cso /dev/null
key=encoded, no.=58, <stderr>:
LENGTH=860
elapsed cycles: 15657444
hi(checksum)=0xBFA29052EAEF7F68
lo(checksum)=0xBB3E35397F6F65D7
key=encoded, no.=58, <checksum>:
0xBFA29052EAEF7F68BB3E35397F6F65D7
key=encoded, no.=58, cso file:
/dev/null
----------------------------------------------
real command=cset shield -e /home/nrink/Projects/build/encode/encode/tests/quicksort/quicksort.perf.encoded --  --cso /dev/null
key=encoded, no.=59, <stderr>:
LENGTH=860
elapsed cycles: 15691713
hi(checksum)=0xBFA29052EAEF7F68
lo(checksum)=0xBB3E35397F6F65D7
key=encoded, no.=59, <checksum>:
0xBFA29052EAEF7F68BB3E35397F6F65D7
key=encoded, no.=59, cso file:
/dev/null
----------------------------------------------
real command=cset shield -e /home/nrink/Projects/build/encode/encode/tests/quicksort/quicksort.perf.encoded --  --cso /dev/null
key=encoded, no.=60, <stderr>:
LENGTH=860
elapsed cycles: 15581388
hi(checksum)=0xBFA29052EAEF7F68
lo(checksum)=0xBB3E35397F6F65D7
key=encoded, no.=60, <checksum>:
0xBFA29052EAEF7F68BB3E35397F6F65D7
key=encoded, no.=60, cso file:
/dev/null
----------------------------------------------
real command=cset shield -e /home/nrink/Projects/build/encode/encode/tests/quicksort/quicksort.perf.encoded --  --cso /dev/null
key=encoded, no.=61, <stderr>:
LENGTH=860
elapsed cycles: 15698919
hi(checksum)=0xBFA29052EAEF7F68
lo(checksum)=0xBB3E35397F6F65D7
key=encoded, no.=61, <checksum>:
0xBFA29052EAEF7F68BB3E35397F6F65D7
key=encoded, no.=61, cso file:
/dev/null
----------------------------------------------
real command=cset shield -e /home/nrink/Projects/build/encode/encode/tests/quicksort/quicksort.perf.encoded --  --cso /dev/null
key=encoded, no.=62, <stderr>:
LENGTH=860
elapsed cycles: 15596820
hi(checksum)=0xBFA29052EAEF7F68
lo(checksum)=0xBB3E35397F6F65D7
key=encoded, no.=62, <checksum>:
0xBFA29052EAEF7F68BB3E35397F6F65D7
key=encoded, no.=62, cso file:
/dev/null
----------------------------------------------
real command=cset shield -e /home/nrink/Projects/build/encode/encode/tests/quicksort/quicksort.perf.encoded --  --cso /dev/null
key=encoded, no.=63, <stderr>:
LENGTH=860
elapsed cycles: 16495662
hi(checksum)=0xBFA29052EAEF7F68
lo(checksum)=0xBB3E35397F6F65D7
key=encoded, no.=63, <checksum>:
0xBFA29052EAEF7F68BB3E35397F6F65D7
key=encoded, no.=63, cso file:
/dev/null
----------------------------------------------
real command=cset shield -e /home/nrink/Projects/build/encode/encode/tests/quicksort/quicksort.perf.encoded --  --cso /dev/null
key=encoded, no.=64, <stderr>:
LENGTH=860
elapsed cycles: 15598833
hi(checksum)=0xBFA29052EAEF7F68
lo(checksum)=0xBB3E35397F6F65D7
key=encoded, no.=64, <checksum>:
0xBFA29052EAEF7F68BB3E35397F6F65D7
key=encoded, no.=64, cso file:
/dev/null
----------------------------------------------
real command=cset shield -e /home/nrink/Projects/build/encode/encode/tests/quicksort/quicksort.perf.encoded --  --cso /dev/null
key=encoded, no.=65, <stderr>:
LENGTH=860
elapsed cycles: 15690135
hi(checksum)=0xBFA29052EAEF7F68
lo(checksum)=0xBB3E35397F6F65D7
key=encoded, no.=65, <checksum>:
0xBFA29052EAEF7F68BB3E35397F6F65D7
key=encoded, no.=65, cso file:
/dev/null
----------------------------------------------
real command=cset shield -e /home/nrink/Projects/build/encode/encode/tests/quicksort/quicksort.perf.encoded --  --cso /dev/null
key=encoded, no.=66, <stderr>:
LENGTH=860
elapsed cycles: 15660945
hi(checksum)=0xBFA29052EAEF7F68
lo(checksum)=0xBB3E35397F6F65D7
key=encoded, no.=66, <checksum>:
0xBFA29052EAEF7F68BB3E35397F6F65D7
key=encoded, no.=66, cso file:
/dev/null
----------------------------------------------
real command=cset shield -e /home/nrink/Projects/build/encode/encode/tests/quicksort/quicksort.perf.encoded --  --cso /dev/null
key=encoded, no.=67, <stderr>:
LENGTH=860
elapsed cycles: 15695616
hi(checksum)=0xBFA29052EAEF7F68
lo(checksum)=0xBB3E35397F6F65D7
key=encoded, no.=67, <checksum>:
0xBFA29052EAEF7F68BB3E35397F6F65D7
key=encoded, no.=67, cso file:
/dev/null
----------------------------------------------
real command=cset shield -e /home/nrink/Projects/build/encode/encode/tests/quicksort/quicksort.perf.encoded --  --cso /dev/null
key=encoded, no.=68, <stderr>:
LENGTH=860
elapsed cycles: 15530250
hi(checksum)=0xBFA29052EAEF7F68
lo(checksum)=0xBB3E35397F6F65D7
key=encoded, no.=68, <checksum>:
0xBFA29052EAEF7F68BB3E35397F6F65D7
key=encoded, no.=68, cso file:
/dev/null
----------------------------------------------
real command=cset shield -e /home/nrink/Projects/build/encode/encode/tests/quicksort/quicksort.perf.encoded --  --cso /dev/null
key=encoded, no.=69, <stderr>:
LENGTH=860
elapsed cycles: 15752583
hi(checksum)=0xBFA29052EAEF7F68
lo(checksum)=0xBB3E35397F6F65D7
key=encoded, no.=69, <checksum>:
0xBFA29052EAEF7F68BB3E35397F6F65D7
key=encoded, no.=69, cso file:
/dev/null
----------------------------------------------
real command=cset shield -e /home/nrink/Projects/build/encode/encode/tests/quicksort/quicksort.perf.encoded --  --cso /dev/null
key=encoded, no.=70, <stderr>:
LENGTH=860
elapsed cycles: 15615504
hi(checksum)=0xBFA29052EAEF7F68
lo(checksum)=0xBB3E35397F6F65D7
key=encoded, no.=70, <checksum>:
0xBFA29052EAEF7F68BB3E35397F6F65D7
key=encoded, no.=70, cso file:
/dev/null
----------------------------------------------
real command=cset shield -e /home/nrink/Projects/build/encode/encode/tests/quicksort/quicksort.perf.encoded --  --cso /dev/null
key=encoded, no.=71, <stderr>:
LENGTH=860
elapsed cycles: 15691824
hi(checksum)=0xBFA29052EAEF7F68
lo(checksum)=0xBB3E35397F6F65D7
key=encoded, no.=71, <checksum>:
0xBFA29052EAEF7F68BB3E35397F6F65D7
key=encoded, no.=71, cso file:
/dev/null
----------------------------------------------
real command=cset shield -e /home/nrink/Projects/build/encode/encode/tests/quicksort/quicksort.perf.encoded --  --cso /dev/null
key=encoded, no.=72, <stderr>:
LENGTH=860
elapsed cycles: 15570903
hi(checksum)=0xBFA29052EAEF7F68
lo(checksum)=0xBB3E35397F6F65D7
key=encoded, no.=72, <checksum>:
0xBFA29052EAEF7F68BB3E35397F6F65D7
key=encoded, no.=72, cso file:
/dev/null
----------------------------------------------
real command=cset shield -e /home/nrink/Projects/build/encode/encode/tests/quicksort/quicksort.perf.encoded --  --cso /dev/null
key=encoded, no.=73, <stderr>:
LENGTH=860
elapsed cycles: 15889836
hi(checksum)=0xBFA29052EAEF7F68
lo(checksum)=0xBB3E35397F6F65D7
key=encoded, no.=73, <checksum>:
0xBFA29052EAEF7F68BB3E35397F6F65D7
key=encoded, no.=73, cso file:
/dev/null
----------------------------------------------
real command=cset shield -e /home/nrink/Projects/build/encode/encode/tests/quicksort/quicksort.perf.encoded --  --cso /dev/null
key=encoded, no.=74, <stderr>:
LENGTH=860
elapsed cycles: 15606450
hi(checksum)=0xBFA29052EAEF7F68
lo(checksum)=0xBB3E35397F6F65D7
key=encoded, no.=74, <checksum>:
0xBFA29052EAEF7F68BB3E35397F6F65D7
key=encoded, no.=74, cso file:
/dev/null
----------------------------------------------
real command=cset shield -e /home/nrink/Projects/build/encode/encode/tests/quicksort/quicksort.perf.encoded --  --cso /dev/null
key=encoded, no.=75, <stderr>:
LENGTH=860
elapsed cycles: 15588423
hi(checksum)=0xBFA29052EAEF7F68
lo(checksum)=0xBB3E35397F6F65D7
key=encoded, no.=75, <checksum>:
0xBFA29052EAEF7F68BB3E35397F6F65D7
key=encoded, no.=75, cso file:
/dev/null
----------------------------------------------
real command=cset shield -e /home/nrink/Projects/build/encode/encode/tests/quicksort/quicksort.perf.encoded --  --cso /dev/null
key=encoded, no.=76, <stderr>:
LENGTH=860
elapsed cycles: 15684783
hi(checksum)=0xBFA29052EAEF7F68
lo(checksum)=0xBB3E35397F6F65D7
key=encoded, no.=76, <checksum>:
0xBFA29052EAEF7F68BB3E35397F6F65D7
key=encoded, no.=76, cso file:
/dev/null
----------------------------------------------
real command=cset shield -e /home/nrink/Projects/build/encode/encode/tests/quicksort/quicksort.perf.encoded --  --cso /dev/null
key=encoded, no.=77, <stderr>:
LENGTH=860
elapsed cycles: 15583428
hi(checksum)=0xBFA29052EAEF7F68
lo(checksum)=0xBB3E35397F6F65D7
key=encoded, no.=77, <checksum>:
0xBFA29052EAEF7F68BB3E35397F6F65D7
key=encoded, no.=77, cso file:
/dev/null
----------------------------------------------
real command=cset shield -e /home/nrink/Projects/build/encode/encode/tests/quicksort/quicksort.perf.encoded --  --cso /dev/null
key=encoded, no.=78, <stderr>:
LENGTH=860
elapsed cycles: 15562773
hi(checksum)=0xBFA29052EAEF7F68
lo(checksum)=0xBB3E35397F6F65D7
key=encoded, no.=78, <checksum>:
0xBFA29052EAEF7F68BB3E35397F6F65D7
key=encoded, no.=78, cso file:
/dev/null
----------------------------------------------
real command=cset shield -e /home/nrink/Projects/build/encode/encode/tests/quicksort/quicksort.perf.encoded --  --cso /dev/null
key=encoded, no.=79, <stderr>:
LENGTH=860
elapsed cycles: 15698382
hi(checksum)=0xBFA29052EAEF7F68
lo(checksum)=0xBB3E35397F6F65D7
key=encoded, no.=79, <checksum>:
0xBFA29052EAEF7F68BB3E35397F6F65D7
key=encoded, no.=79, cso file:
/dev/null
----------------------------------------------
real command=cset shield -e /home/nrink/Projects/build/encode/encode/tests/quicksort/quicksort.perf.encoded --  --cso /dev/null
key=encoded, no.=80, <stderr>:
LENGTH=860
elapsed cycles: 15540153
hi(checksum)=0xBFA29052EAEF7F68
lo(checksum)=0xBB3E35397F6F65D7
key=encoded, no.=80, <checksum>:
0xBFA29052EAEF7F68BB3E35397F6F65D7
key=encoded, no.=80, cso file:
/dev/null
----------------------------------------------
real command=cset shield -e /home/nrink/Projects/build/encode/encode/tests/quicksort/quicksort.perf.encoded --  --cso /dev/null
key=encoded, no.=81, <stderr>:
LENGTH=860
elapsed cycles: 15692541
hi(checksum)=0xBFA29052EAEF7F68
lo(checksum)=0xBB3E35397F6F65D7
key=encoded, no.=81, <checksum>:
0xBFA29052EAEF7F68BB3E35397F6F65D7
key=encoded, no.=81, cso file:
/dev/null
----------------------------------------------
real command=cset shield -e /home/nrink/Projects/build/encode/encode/tests/quicksort/quicksort.perf.encoded --  --cso /dev/null
key=encoded, no.=82, <stderr>:
LENGTH=860
elapsed cycles: 15506577
hi(checksum)=0xBFA29052EAEF7F68
lo(checksum)=0xBB3E35397F6F65D7
key=encoded, no.=82, <checksum>:
0xBFA29052EAEF7F68BB3E35397F6F65D7
key=encoded, no.=82, cso file:
/dev/null
----------------------------------------------
real command=cset shield -e /home/nrink/Projects/build/encode/encode/tests/quicksort/quicksort.perf.encoded --  --cso /dev/null
key=encoded, no.=83, <stderr>:
LENGTH=860
elapsed cycles: 15624858
hi(checksum)=0xBFA29052EAEF7F68
lo(checksum)=0xBB3E35397F6F65D7
key=encoded, no.=83, <checksum>:
0xBFA29052EAEF7F68BB3E35397F6F65D7
key=encoded, no.=83, cso file:
/dev/null
----------------------------------------------
real command=cset shield -e /home/nrink/Projects/build/encode/encode/tests/quicksort/quicksort.perf.encoded --  --cso /dev/null
key=encoded, no.=84, <stderr>:
LENGTH=860
elapsed cycles: 15510306
hi(checksum)=0xBFA29052EAEF7F68
lo(checksum)=0xBB3E35397F6F65D7
key=encoded, no.=84, <checksum>:
0xBFA29052EAEF7F68BB3E35397F6F65D7
key=encoded, no.=84, cso file:
/dev/null
----------------------------------------------
real command=cset shield -e /home/nrink/Projects/build/encode/encode/tests/quicksort/quicksort.perf.encoded --  --cso /dev/null
key=encoded, no.=85, <stderr>:
LENGTH=860
elapsed cycles: 15700308
hi(checksum)=0xBFA29052EAEF7F68
lo(checksum)=0xBB3E35397F6F65D7
key=encoded, no.=85, <checksum>:
0xBFA29052EAEF7F68BB3E35397F6F65D7
key=encoded, no.=85, cso file:
/dev/null
----------------------------------------------
real command=cset shield -e /home/nrink/Projects/build/encode/encode/tests/quicksort/quicksort.perf.encoded --  --cso /dev/null
key=encoded, no.=86, <stderr>:
LENGTH=860
elapsed cycles: 16504032
hi(checksum)=0xBFA29052EAEF7F68
lo(checksum)=0xBB3E35397F6F65D7
key=encoded, no.=86, <checksum>:
0xBFA29052EAEF7F68BB3E35397F6F65D7
key=encoded, no.=86, cso file:
/dev/null
----------------------------------------------
real command=cset shield -e /home/nrink/Projects/build/encode/encode/tests/quicksort/quicksort.perf.encoded --  --cso /dev/null
key=encoded, no.=87, <stderr>:
LENGTH=860
elapsed cycles: 15712524
hi(checksum)=0xBFA29052EAEF7F68
lo(checksum)=0xBB3E35397F6F65D7
key=encoded, no.=87, <checksum>:
0xBFA29052EAEF7F68BB3E35397F6F65D7
key=encoded, no.=87, cso file:
/dev/null
----------------------------------------------
real command=cset shield -e /home/nrink/Projects/build/encode/encode/tests/quicksort/quicksort.perf.encoded --  --cso /dev/null
key=encoded, no.=88, <stderr>:
LENGTH=860
elapsed cycles: 15566643
hi(checksum)=0xBFA29052EAEF7F68
lo(checksum)=0xBB3E35397F6F65D7
key=encoded, no.=88, <checksum>:
0xBFA29052EAEF7F68BB3E35397F6F65D7
key=encoded, no.=88, cso file:
/dev/null
----------------------------------------------
real command=cset shield -e /home/nrink/Projects/build/encode/encode/tests/quicksort/quicksort.perf.encoded --  --cso /dev/null
key=encoded, no.=89, <stderr>:
LENGTH=860
elapsed cycles: 15747540
hi(checksum)=0xBFA29052EAEF7F68
lo(checksum)=0xBB3E35397F6F65D7
key=encoded, no.=89, <checksum>:
0xBFA29052EAEF7F68BB3E35397F6F65D7
key=encoded, no.=89, cso file:
/dev/null
----------------------------------------------
real command=cset shield -e /home/nrink/Projects/build/encode/encode/tests/quicksort/quicksort.perf.encoded --  --cso /dev/null
key=encoded, no.=90, <stderr>:
LENGTH=860
elapsed cycles: 15680667
hi(checksum)=0xBFA29052EAEF7F68
lo(checksum)=0xBB3E35397F6F65D7
key=encoded, no.=90, <checksum>:
0xBFA29052EAEF7F68BB3E35397F6F65D7
key=encoded, no.=90, cso file:
/dev/null
----------------------------------------------
real command=cset shield -e /home/nrink/Projects/build/encode/encode/tests/quicksort/quicksort.perf.encoded --  --cso /dev/null
key=encoded, no.=91, <stderr>:
LENGTH=860
elapsed cycles: 18340084
hi(checksum)=0xBFA29052EAEF7F68
lo(checksum)=0xBB3E35397F6F65D7
key=encoded, no.=91, <checksum>:
0xBFA29052EAEF7F68BB3E35397F6F65D7
key=encoded, no.=91, cso file:
/dev/null
----------------------------------------------
real command=cset shield -e /home/nrink/Projects/build/encode/encode/tests/quicksort/quicksort.perf.encoded --  --cso /dev/null
key=encoded, no.=92, <stderr>:
LENGTH=860
elapsed cycles: 15648963
hi(checksum)=0xBFA29052EAEF7F68
lo(checksum)=0xBB3E35397F6F65D7
key=encoded, no.=92, <checksum>:
0xBFA29052EAEF7F68BB3E35397F6F65D7
key=encoded, no.=92, cso file:
/dev/null
----------------------------------------------
real command=cset shield -e /home/nrink/Projects/build/encode/encode/tests/quicksort/quicksort.perf.encoded --  --cso /dev/null
key=encoded, no.=93, <stderr>:
LENGTH=860
elapsed cycles: 15690510
hi(checksum)=0xBFA29052EAEF7F68
lo(checksum)=0xBB3E35397F6F65D7
key=encoded, no.=93, <checksum>:
0xBFA29052EAEF7F68BB3E35397F6F65D7
key=encoded, no.=93, cso file:
/dev/null
----------------------------------------------
real command=cset shield -e /home/nrink/Projects/build/encode/encode/tests/quicksort/quicksort.perf.encoded --  --cso /dev/null
key=encoded, no.=94, <stderr>:
LENGTH=860
elapsed cycles: 15551325
hi(checksum)=0xBFA29052EAEF7F68
lo(checksum)=0xBB3E35397F6F65D7
key=encoded, no.=94, <checksum>:
0xBFA29052EAEF7F68BB3E35397F6F65D7
key=encoded, no.=94, cso file:
/dev/null
----------------------------------------------
real command=cset shield -e /home/nrink/Projects/build/encode/encode/tests/quicksort/quicksort.perf.encoded --  --cso /dev/null
key=encoded, no.=95, <stderr>:
LENGTH=860
elapsed cycles: 15588675
hi(checksum)=0xBFA29052EAEF7F68
lo(checksum)=0xBB3E35397F6F65D7
key=encoded, no.=95, <checksum>:
0xBFA29052EAEF7F68BB3E35397F6F65D7
key=encoded, no.=95, cso file:
/dev/null
----------------------------------------------
real command=cset shield -e /home/nrink/Projects/build/encode/encode/tests/quicksort/quicksort.perf.encoded --  --cso /dev/null
key=encoded, no.=96, <stderr>:
LENGTH=860
elapsed cycles: 15670692
hi(checksum)=0xBFA29052EAEF7F68
lo(checksum)=0xBB3E35397F6F65D7
key=encoded, no.=96, <checksum>:
0xBFA29052EAEF7F68BB3E35397F6F65D7
key=encoded, no.=96, cso file:
/dev/null
----------------------------------------------
real command=cset shield -e /home/nrink/Projects/build/encode/encode/tests/quicksort/quicksort.perf.encoded --  --cso /dev/null
key=encoded, no.=97, <stderr>:
LENGTH=860
elapsed cycles: 15632484
hi(checksum)=0xBFA29052EAEF7F68
lo(checksum)=0xBB3E35397F6F65D7
key=encoded, no.=97, <checksum>:
0xBFA29052EAEF7F68BB3E35397F6F65D7
key=encoded, no.=97, cso file:
/dev/null
----------------------------------------------
real command=cset shield -e /home/nrink/Projects/build/encode/encode/tests/quicksort/quicksort.perf.encoded --  --cso /dev/null
key=encoded, no.=98, <stderr>:
LENGTH=860
elapsed cycles: 15652686
hi(checksum)=0xBFA29052EAEF7F68
lo(checksum)=0xBB3E35397F6F65D7
key=encoded, no.=98, <checksum>:
0xBFA29052EAEF7F68BB3E35397F6F65D7
key=encoded, no.=98, cso file:
/dev/null
----------------------------------------------
real command=cset shield -e /home/nrink/Projects/build/encode/encode/tests/quicksort/quicksort.perf.encoded --  --cso /dev/null
key=encoded, no.=99, <stderr>:
LENGTH=860
elapsed cycles: 15690069
hi(checksum)=0xBFA29052EAEF7F68
lo(checksum)=0xBB3E35397F6F65D7
key=encoded, no.=99, <checksum>:
0xBFA29052EAEF7F68BB3E35397F6F65D7
key=encoded, no.=99, cso file:
/dev/null
----------------------------------------------
