<stderr> from running /home/nrink/Projects/pin-2.14-71313-gcc.4.4.7-linux/pin.sh -t /home/nrink/Projects/bfi/obj-intel64/bfi.so -trigger 164987 -cmd WVAL -seed 1 -mask 182 -- /home/nrink/Projects/build/encode/encode/tests/bubblesort/bubblesort.cover.encoded --cso ./2015-05-06_10:49:26/bubblesort/cover/cs/encoded.71.cso --csl ./2015-05-06_10:49:26/bubblesort/cover/cs/encoded.71.csl:
[.:    0, IP = 0x400d20, i = 164997, wa = 0, ra = 0, rr = 0, wr = 0, it = 0, t = 0]
	access = write, size = 8, value = 72, value' = 254, addr = 0x7fffffffe150, op = 0
elapsed cycles: 62849721
hi(checksum)=0x0000000000000000
lo(checksum)=0x00007CDAE2B04856
**********************
INSTR   = 178712
WADDR   = 0
RADDR   = 0
RREG    = 0
WREG    = 0
ITER    = 0
TRIGGER = 164987
TTYPE   = IN
COMMAND = WVAL
SEL     = -1
SEED    = 1
MASK    = 0xb6
THREAD  = 0
ELAPSED = 0.65s
----------------------------------------------------------------
