<stderr> from running /home/nrink/Projects/pin-2.14-71313-gcc.4.4.7-linux/pin.sh -t /home/nrink/Projects/bfi/obj-intel64/bfi.so -trigger 163800 -cmd RREG -seed 1 -mask 52 -- /home/nrink/Projects/build/encode/encode/tests/bubblesort/bubblesort.cover.plain --cso ./2015-05-06_10:49:26/bubblesort/cover/cs/plain.86.cso --csl ./2015-05-06_10:49:26/bubblesort/cover/cs/plain.86.csl:
[.:    0, IP = 0x400aff, i = 163800, wa = 0, ra = 0, rr = 0, wr = 0, it = 0, t = 0]
	at ip 0x400aff, rax = 0x6020c0, rax' = 0x6020f4
elapsed cycles: 51847755
hi(checksum)=0x0000000000000000
lo(checksum)=0x00007CDAE2B040EE
**********************
INSTR   = 174506
WADDR   = 0
RADDR   = 0
RREG    = 0
WREG    = 0
ITER    = 0
TRIGGER = 163800
TTYPE   = IN
COMMAND = RREG
SEL     = -1
SEED    = 1
MASK    = 0x34
THREAD  = 0
ELAPSED = 1.84s
----------------------------------------------------------------
