<stderr> from running /home/nrink/Projects/pin-2.14-71313-gcc.4.4.7-linux/pin.sh -t /home/nrink/Projects/bfi/obj-intel64/bfi.so -trigger 163701 -cmd RVAL -seed 1 -mask 117 -- /home/nrink/Projects/build/encode/encode/tests/bubblesort/bubblesort.cover.plain --cso ./2015-05-05_14:00:51/bubblesort/cover/cs/plain.89.cso --csl ./2015-05-05_14:00:51/bubblesort/cover/cs/plain.89.csl:
[.:    0, IP = 0x400af5, i = 163705, wa = 0, ra = 0, rr = 0, wr = 0, it = 0, t = 0]
	access = read, size = 8, value = 7, value' = 114, addr = 0x6020d8, op = 0
elapsed cycles: 34789875
hi(checksum)=0x0000000000000000
lo(checksum)=0x00007CDAE2B041AA
**********************
INSTR   = 174506
WADDR   = 0
RADDR   = 0
RREG    = 0
WREG    = 0
ITER    = 0
TRIGGER = 163701
TTYPE   = IN
COMMAND = RVAL
SEL     = -1
SEED    = 1
MASK    = 0x75
THREAD  = 0
ELAPSED = 1.42s
----------------------------------------------------------------
