<stderr> from running /home/nrink/Projects/pin-2.14-71313-gcc.4.4.7-linux/pin.sh -t /home/nrink/Projects/bfi/obj-intel64/bfi.so -trigger 165890 -cmd WREG -seed 1 -mask 220 -- /home/nrink/Projects/build/encode/encode/tests/bubblesort/bubblesort.cover.encoded --cso ./2015-05-05_14:00:51/bubblesort/cover/cs/encoded.43.cso --csl ./2015-05-05_14:00:51/bubblesort/cover/cs/encoded.43.csl:
[.:    0, IP = 0x400e94, i = 165890, wa = 0, ra = 0, rr = 0, wr = 0, it = 0, t = 0]
	at ip 0x400e97, rflags = 0x203, rflags' = 0x2df
elapsed cycles: 443034972
hi(checksum)=0x0000000000000000
lo(checksum)=0x00007CDAE2B040F7
**********************
INSTR   = 178651
WADDR   = 0
RADDR   = 0
RREG    = 0
WREG    = 0
ITER    = 0
TRIGGER = 165890
TTYPE   = IN
COMMAND = WREG
SEL     = -1
SEED    = 1
MASK    = 0xdc
THREAD  = 0
ELAPSED = 3.09s
----------------------------------------------------------------
