<stderr> from running /home/nrink/Projects/pin-2.14-71313-gcc.4.4.7-linux/pin.sh -t /home/nrink/Projects/bfi/obj-intel64/bfi.so -trigger 163877 -cmd WVAL -seed 1 -mask 248 -- /home/nrink/Projects/build/encode/encode/tests/bubblesort/bubblesort.cover.plain --cso ./2015-05-05_14:00:51/bubblesort/cover/cs/plain.26.cso --csl ./2015-05-05_14:00:51/bubblesort/cover/cs/plain.26.csl:
[.:    0, IP = 0x400ad0, i = 163884, wa = 0, ra = 0, rr = 0, wr = 0, it = 0, t = 0]
	access = write, size = 8, value = 1, value' = 249, addr = 0x6020f8, op = 0
elapsed cycles: 26736606
hi(checksum)=0x0000000000000000
lo(checksum)=0x0000F640F81A7C5B
**********************
INSTR   = 174432
WADDR   = 0
RADDR   = 0
RREG    = 0
WREG    = 0
ITER    = 0
TRIGGER = 163877
TTYPE   = IN
COMMAND = WVAL
SEL     = -1
SEED    = 1
MASK    = 0xf8
THREAD  = 0
ELAPSED = 1.13s
----------------------------------------------------------------
