<stderr> from running /home/nrink/Projects/pin-2.14-71313-gcc.4.4.7-linux/pin.sh -t /home/nrink/Projects/bfi/obj-intel64/bfi.so -trigger 167927 -cmd TXT -seed 1 -mask 34 -- /home/nrink/Projects/build/encode/encode/tests/bubblesort/bubblesort.cover.encoded --cso ./2015-05-05_14:00:51/bubblesort/cover/cs/encoded.93.cso --csl ./2015-05-05_14:00:51/bubblesort/cover/cs/encoded.93.csl:
[.:    0, IP = 0x400c06, i = 167927, wa = 0, ra = 0, rr = 0, wr = 0, it = 0, t = 0]
	ip' = 0x400c09, size = 3, mask = 34, idx = 0, byte = 72, byte' = 106
elapsed cycles: 515682753
hi(checksum)=0x0000000000000000
lo(checksum)=0x00007CDAE2B040F7
**********************
INSTR   = 178652
WADDR   = 0
RADDR   = 0
RREG    = 0
WREG    = 0
ITER    = 0
TRIGGER = 167927
TTYPE   = IN
COMMAND = TXT
SEL     = -1
SEED    = 1
MASK    = 0x22
THREAD  = 0
ELAPSED = 3.46s
----------------------------------------------------------------
