key=plain, runs=100 ...
command=/home/nrink/Projects/build/encode/encode/tests/array_sum/array_sum.perf.plain
----------------------------------------------
real command=cset shield -e /home/nrink/Projects/build/encode/encode/tests/array_sum/array_sum.perf.plain --  --cso /dev/null
key=plain, no.=0, <stderr>:
LENGTH=60
elapsed cycles: 13170
hi(checksum)=0xECD25EDDB91429DE
lo(checksum)=0xC8E10A29F9E400A0
key=plain, no.=0, <checksum>:
0xECD25EDDB91429DEC8E10A29F9E400A0
key=plain, no.=0, cso file:
/dev/null
----------------------------------------------
real command=cset shield -e /home/nrink/Projects/build/encode/encode/tests/array_sum/array_sum.perf.plain --  --cso /dev/null
key=plain, no.=1, <stderr>:
LENGTH=60
elapsed cycles: 13116
hi(checksum)=0xECD25EDDB91429DE
lo(checksum)=0xC8E10A29F9E400A0
key=plain, no.=1, <checksum>:
0xECD25EDDB91429DEC8E10A29F9E400A0
key=plain, no.=1, cso file:
/dev/null
----------------------------------------------
real command=cset shield -e /home/nrink/Projects/build/encode/encode/tests/array_sum/array_sum.perf.plain --  --cso /dev/null
key=plain, no.=2, <stderr>:
LENGTH=60
elapsed cycles: 13113
hi(checksum)=0xECD25EDDB91429DE
lo(checksum)=0xC8E10A29F9E400A0
key=plain, no.=2, <checksum>:
0xECD25EDDB91429DEC8E10A29F9E400A0
key=plain, no.=2, cso file:
/dev/null
----------------------------------------------
real command=cset shield -e /home/nrink/Projects/build/encode/encode/tests/array_sum/array_sum.perf.plain --  --cso /dev/null
key=plain, no.=3, <stderr>:
LENGTH=60
elapsed cycles: 13470
hi(checksum)=0xECD25EDDB91429DE
lo(checksum)=0xC8E10A29F9E400A0
key=plain, no.=3, <checksum>:
0xECD25EDDB91429DEC8E10A29F9E400A0
key=plain, no.=3, cso file:
/dev/null
----------------------------------------------
real command=cset shield -e /home/nrink/Projects/build/encode/encode/tests/array_sum/array_sum.perf.plain --  --cso /dev/null
key=plain, no.=4, <stderr>:
LENGTH=60
elapsed cycles: 18261
hi(checksum)=0xECD25EDDB91429DE
lo(checksum)=0xC8E10A29F9E400A0
key=plain, no.=4, <checksum>:
0xECD25EDDB91429DEC8E10A29F9E400A0
key=plain, no.=4, cso file:
/dev/null
----------------------------------------------
real command=cset shield -e /home/nrink/Projects/build/encode/encode/tests/array_sum/array_sum.perf.plain --  --cso /dev/null
key=plain, no.=5, <stderr>:
LENGTH=60
elapsed cycles: 13704
hi(checksum)=0xECD25EDDB91429DE
lo(checksum)=0xC8E10A29F9E400A0
key=plain, no.=5, <checksum>:
0xECD25EDDB91429DEC8E10A29F9E400A0
key=plain, no.=5, cso file:
/dev/null
----------------------------------------------
real command=cset shield -e /home/nrink/Projects/build/encode/encode/tests/array_sum/array_sum.perf.plain --  --cso /dev/null
key=plain, no.=6, <stderr>:
LENGTH=60
elapsed cycles: 13125
hi(checksum)=0xECD25EDDB91429DE
lo(checksum)=0xC8E10A29F9E400A0
key=plain, no.=6, <checksum>:
0xECD25EDDB91429DEC8E10A29F9E400A0
key=plain, no.=6, cso file:
/dev/null
----------------------------------------------
real command=cset shield -e /home/nrink/Projects/build/encode/encode/tests/array_sum/array_sum.perf.plain --  --cso /dev/null
key=plain, no.=7, <stderr>:
LENGTH=60
elapsed cycles: 13095
hi(checksum)=0xECD25EDDB91429DE
lo(checksum)=0xC8E10A29F9E400A0
key=plain, no.=7, <checksum>:
0xECD25EDDB91429DEC8E10A29F9E400A0
key=plain, no.=7, cso file:
/dev/null
----------------------------------------------
real command=cset shield -e /home/nrink/Projects/build/encode/encode/tests/array_sum/array_sum.perf.plain --  --cso /dev/null
key=plain, no.=8, <stderr>:
LENGTH=60
elapsed cycles: 13092
hi(checksum)=0xECD25EDDB91429DE
lo(checksum)=0xC8E10A29F9E400A0
key=plain, no.=8, <checksum>:
0xECD25EDDB91429DEC8E10A29F9E400A0
key=plain, no.=8, cso file:
/dev/null
----------------------------------------------
real command=cset shield -e /home/nrink/Projects/build/encode/encode/tests/array_sum/array_sum.perf.plain --  --cso /dev/null
key=plain, no.=9, <stderr>:
LENGTH=60
elapsed cycles: 13218
hi(checksum)=0xECD25EDDB91429DE
lo(checksum)=0xC8E10A29F9E400A0
key=plain, no.=9, <checksum>:
0xECD25EDDB91429DEC8E10A29F9E400A0
key=plain, no.=9, cso file:
/dev/null
----------------------------------------------
real command=cset shield -e /home/nrink/Projects/build/encode/encode/tests/array_sum/array_sum.perf.plain --  --cso /dev/null
key=plain, no.=10, <stderr>:
LENGTH=60
elapsed cycles: 13077
hi(checksum)=0xECD25EDDB91429DE
lo(checksum)=0xC8E10A29F9E400A0
key=plain, no.=10, <checksum>:
0xECD25EDDB91429DEC8E10A29F9E400A0
key=plain, no.=10, cso file:
/dev/null
----------------------------------------------
real command=cset shield -e /home/nrink/Projects/build/encode/encode/tests/array_sum/array_sum.perf.plain --  --cso /dev/null
key=plain, no.=11, <stderr>:
LENGTH=60
elapsed cycles: 13227
hi(checksum)=0xECD25EDDB91429DE
lo(checksum)=0xC8E10A29F9E400A0
key=plain, no.=11, <checksum>:
0xECD25EDDB91429DEC8E10A29F9E400A0
key=plain, no.=11, cso file:
/dev/null
----------------------------------------------
real command=cset shield -e /home/nrink/Projects/build/encode/encode/tests/array_sum/array_sum.perf.plain --  --cso /dev/null
key=plain, no.=12, <stderr>:
LENGTH=60
elapsed cycles: 13131
hi(checksum)=0xECD25EDDB91429DE
lo(checksum)=0xC8E10A29F9E400A0
key=plain, no.=12, <checksum>:
0xECD25EDDB91429DEC8E10A29F9E400A0
key=plain, no.=12, cso file:
/dev/null
----------------------------------------------
real command=cset shield -e /home/nrink/Projects/build/encode/encode/tests/array_sum/array_sum.perf.plain --  --cso /dev/null
key=plain, no.=13, <stderr>:
LENGTH=60
elapsed cycles: 12975
hi(checksum)=0xECD25EDDB91429DE
lo(checksum)=0xC8E10A29F9E400A0
key=plain, no.=13, <checksum>:
0xECD25EDDB91429DEC8E10A29F9E400A0
key=plain, no.=13, cso file:
/dev/null
----------------------------------------------
real command=cset shield -e /home/nrink/Projects/build/encode/encode/tests/array_sum/array_sum.perf.plain --  --cso /dev/null
key=plain, no.=14, <stderr>:
LENGTH=60
elapsed cycles: 13149
hi(checksum)=0xECD25EDDB91429DE
lo(checksum)=0xC8E10A29F9E400A0
key=plain, no.=14, <checksum>:
0xECD25EDDB91429DEC8E10A29F9E400A0
key=plain, no.=14, cso file:
/dev/null
----------------------------------------------
real command=cset shield -e /home/nrink/Projects/build/encode/encode/tests/array_sum/array_sum.perf.plain --  --cso /dev/null
key=plain, no.=15, <stderr>:
LENGTH=60
elapsed cycles: 13104
hi(checksum)=0xECD25EDDB91429DE
lo(checksum)=0xC8E10A29F9E400A0
key=plain, no.=15, <checksum>:
0xECD25EDDB91429DEC8E10A29F9E400A0
key=plain, no.=15, cso file:
/dev/null
----------------------------------------------
real command=cset shield -e /home/nrink/Projects/build/encode/encode/tests/array_sum/array_sum.perf.plain --  --cso /dev/null
key=plain, no.=16, <stderr>:
LENGTH=60
elapsed cycles: 13077
hi(checksum)=0xECD25EDDB91429DE
lo(checksum)=0xC8E10A29F9E400A0
key=plain, no.=16, <checksum>:
0xECD25EDDB91429DEC8E10A29F9E400A0
key=plain, no.=16, cso file:
/dev/null
----------------------------------------------
real command=cset shield -e /home/nrink/Projects/build/encode/encode/tests/array_sum/array_sum.perf.plain --  --cso /dev/null
key=plain, no.=17, <stderr>:
LENGTH=60
elapsed cycles: 13101
hi(checksum)=0xECD25EDDB91429DE
lo(checksum)=0xC8E10A29F9E400A0
key=plain, no.=17, <checksum>:
0xECD25EDDB91429DEC8E10A29F9E400A0
key=plain, no.=17, cso file:
/dev/null
----------------------------------------------
real command=cset shield -e /home/nrink/Projects/build/encode/encode/tests/array_sum/array_sum.perf.plain --  --cso /dev/null
key=plain, no.=18, <stderr>:
LENGTH=60
elapsed cycles: 13101
hi(checksum)=0xECD25EDDB91429DE
lo(checksum)=0xC8E10A29F9E400A0
key=plain, no.=18, <checksum>:
0xECD25EDDB91429DEC8E10A29F9E400A0
key=plain, no.=18, cso file:
/dev/null
----------------------------------------------
real command=cset shield -e /home/nrink/Projects/build/encode/encode/tests/array_sum/array_sum.perf.plain --  --cso /dev/null
key=plain, no.=19, <stderr>:
LENGTH=60
elapsed cycles: 13092
hi(checksum)=0xECD25EDDB91429DE
lo(checksum)=0xC8E10A29F9E400A0
key=plain, no.=19, <checksum>:
0xECD25EDDB91429DEC8E10A29F9E400A0
key=plain, no.=19, cso file:
/dev/null
----------------------------------------------
real command=cset shield -e /home/nrink/Projects/build/encode/encode/tests/array_sum/array_sum.perf.plain --  --cso /dev/null
key=plain, no.=20, <stderr>:
LENGTH=60
elapsed cycles: 13116
hi(checksum)=0xECD25EDDB91429DE
lo(checksum)=0xC8E10A29F9E400A0
key=plain, no.=20, <checksum>:
0xECD25EDDB91429DEC8E10A29F9E400A0
key=plain, no.=20, cso file:
/dev/null
----------------------------------------------
real command=cset shield -e /home/nrink/Projects/build/encode/encode/tests/array_sum/array_sum.perf.plain --  --cso /dev/null
key=plain, no.=21, <stderr>:
LENGTH=60
elapsed cycles: 13101
hi(checksum)=0xECD25EDDB91429DE
lo(checksum)=0xC8E10A29F9E400A0
key=plain, no.=21, <checksum>:
0xECD25EDDB91429DEC8E10A29F9E400A0
key=plain, no.=21, cso file:
/dev/null
----------------------------------------------
real command=cset shield -e /home/nrink/Projects/build/encode/encode/tests/array_sum/array_sum.perf.plain --  --cso /dev/null
key=plain, no.=22, <stderr>:
LENGTH=60
elapsed cycles: 13071
hi(checksum)=0xECD25EDDB91429DE
lo(checksum)=0xC8E10A29F9E400A0
key=plain, no.=22, <checksum>:
0xECD25EDDB91429DEC8E10A29F9E400A0
key=plain, no.=22, cso file:
/dev/null
----------------------------------------------
real command=cset shield -e /home/nrink/Projects/build/encode/encode/tests/array_sum/array_sum.perf.plain --  --cso /dev/null
key=plain, no.=23, <stderr>:
LENGTH=60
elapsed cycles: 13068
hi(checksum)=0xECD25EDDB91429DE
lo(checksum)=0xC8E10A29F9E400A0
key=plain, no.=23, <checksum>:
0xECD25EDDB91429DEC8E10A29F9E400A0
key=plain, no.=23, cso file:
/dev/null
----------------------------------------------
real command=cset shield -e /home/nrink/Projects/build/encode/encode/tests/array_sum/array_sum.perf.plain --  --cso /dev/null
key=plain, no.=24, <stderr>:
LENGTH=60
elapsed cycles: 13140
hi(checksum)=0xECD25EDDB91429DE
lo(checksum)=0xC8E10A29F9E400A0
key=plain, no.=24, <checksum>:
0xECD25EDDB91429DEC8E10A29F9E400A0
key=plain, no.=24, cso file:
/dev/null
----------------------------------------------
real command=cset shield -e /home/nrink/Projects/build/encode/encode/tests/array_sum/array_sum.perf.plain --  --cso /dev/null
key=plain, no.=25, <stderr>:
LENGTH=60
elapsed cycles: 13161
hi(checksum)=0xECD25EDDB91429DE
lo(checksum)=0xC8E10A29F9E400A0
key=plain, no.=25, <checksum>:
0xECD25EDDB91429DEC8E10A29F9E400A0
key=plain, no.=25, cso file:
/dev/null
----------------------------------------------
real command=cset shield -e /home/nrink/Projects/build/encode/encode/tests/array_sum/array_sum.perf.plain --  --cso /dev/null
key=plain, no.=26, <stderr>:
LENGTH=60
elapsed cycles: 13071
hi(checksum)=0xECD25EDDB91429DE
lo(checksum)=0xC8E10A29F9E400A0
key=plain, no.=26, <checksum>:
0xECD25EDDB91429DEC8E10A29F9E400A0
key=plain, no.=26, cso file:
/dev/null
----------------------------------------------
real command=cset shield -e /home/nrink/Projects/build/encode/encode/tests/array_sum/array_sum.perf.plain --  --cso /dev/null
key=plain, no.=27, <stderr>:
LENGTH=60
elapsed cycles: 44910
hi(checksum)=0xECD25EDDB91429DE
lo(checksum)=0xC8E10A29F9E400A0
key=plain, no.=27, <checksum>:
0xECD25EDDB91429DEC8E10A29F9E400A0
key=plain, no.=27, cso file:
/dev/null
----------------------------------------------
real command=cset shield -e /home/nrink/Projects/build/encode/encode/tests/array_sum/array_sum.perf.plain --  --cso /dev/null
key=plain, no.=28, <stderr>:
LENGTH=60
elapsed cycles: 13113
hi(checksum)=0xECD25EDDB91429DE
lo(checksum)=0xC8E10A29F9E400A0
key=plain, no.=28, <checksum>:
0xECD25EDDB91429DEC8E10A29F9E400A0
key=plain, no.=28, cso file:
/dev/null
----------------------------------------------
real command=cset shield -e /home/nrink/Projects/build/encode/encode/tests/array_sum/array_sum.perf.plain --  --cso /dev/null
key=plain, no.=29, <stderr>:
LENGTH=60
elapsed cycles: 13116
hi(checksum)=0xECD25EDDB91429DE
lo(checksum)=0xC8E10A29F9E400A0
key=plain, no.=29, <checksum>:
0xECD25EDDB91429DEC8E10A29F9E400A0
key=plain, no.=29, cso file:
/dev/null
----------------------------------------------
real command=cset shield -e /home/nrink/Projects/build/encode/encode/tests/array_sum/array_sum.perf.plain --  --cso /dev/null
key=plain, no.=30, <stderr>:
LENGTH=60
elapsed cycles: 13053
hi(checksum)=0xECD25EDDB91429DE
lo(checksum)=0xC8E10A29F9E400A0
key=plain, no.=30, <checksum>:
0xECD25EDDB91429DEC8E10A29F9E400A0
key=plain, no.=30, cso file:
/dev/null
----------------------------------------------
real command=cset shield -e /home/nrink/Projects/build/encode/encode/tests/array_sum/array_sum.perf.plain --  --cso /dev/null
key=plain, no.=31, <stderr>:
LENGTH=60
elapsed cycles: 13128
hi(checksum)=0xECD25EDDB91429DE
lo(checksum)=0xC8E10A29F9E400A0
key=plain, no.=31, <checksum>:
0xECD25EDDB91429DEC8E10A29F9E400A0
key=plain, no.=31, cso file:
/dev/null
----------------------------------------------
real command=cset shield -e /home/nrink/Projects/build/encode/encode/tests/array_sum/array_sum.perf.plain --  --cso /dev/null
key=plain, no.=32, <stderr>:
LENGTH=60
elapsed cycles: 13059
hi(checksum)=0xECD25EDDB91429DE
lo(checksum)=0xC8E10A29F9E400A0
key=plain, no.=32, <checksum>:
0xECD25EDDB91429DEC8E10A29F9E400A0
key=plain, no.=32, cso file:
/dev/null
----------------------------------------------
real command=cset shield -e /home/nrink/Projects/build/encode/encode/tests/array_sum/array_sum.perf.plain --  --cso /dev/null
key=plain, no.=33, <stderr>:
LENGTH=60
elapsed cycles: 13116
hi(checksum)=0xECD25EDDB91429DE
lo(checksum)=0xC8E10A29F9E400A0
key=plain, no.=33, <checksum>:
0xECD25EDDB91429DEC8E10A29F9E400A0
key=plain, no.=33, cso file:
/dev/null
----------------------------------------------
real command=cset shield -e /home/nrink/Projects/build/encode/encode/tests/array_sum/array_sum.perf.plain --  --cso /dev/null
key=plain, no.=34, <stderr>:
LENGTH=60
elapsed cycles: 13059
hi(checksum)=0xECD25EDDB91429DE
lo(checksum)=0xC8E10A29F9E400A0
key=plain, no.=34, <checksum>:
0xECD25EDDB91429DEC8E10A29F9E400A0
key=plain, no.=34, cso file:
/dev/null
----------------------------------------------
real command=cset shield -e /home/nrink/Projects/build/encode/encode/tests/array_sum/array_sum.perf.plain --  --cso /dev/null
key=plain, no.=35, <stderr>:
LENGTH=60
elapsed cycles: 13185
hi(checksum)=0xECD25EDDB91429DE
lo(checksum)=0xC8E10A29F9E400A0
key=plain, no.=35, <checksum>:
0xECD25EDDB91429DEC8E10A29F9E400A0
key=plain, no.=35, cso file:
/dev/null
----------------------------------------------
real command=cset shield -e /home/nrink/Projects/build/encode/encode/tests/array_sum/array_sum.perf.plain --  --cso /dev/null
key=plain, no.=36, <stderr>:
LENGTH=60
elapsed cycles: 13119
hi(checksum)=0xECD25EDDB91429DE
lo(checksum)=0xC8E10A29F9E400A0
key=plain, no.=36, <checksum>:
0xECD25EDDB91429DEC8E10A29F9E400A0
key=plain, no.=36, cso file:
/dev/null
----------------------------------------------
real command=cset shield -e /home/nrink/Projects/build/encode/encode/tests/array_sum/array_sum.perf.plain --  --cso /dev/null
key=plain, no.=37, <stderr>:
LENGTH=60
elapsed cycles: 13110
hi(checksum)=0xECD25EDDB91429DE
lo(checksum)=0xC8E10A29F9E400A0
key=plain, no.=37, <checksum>:
0xECD25EDDB91429DEC8E10A29F9E400A0
key=plain, no.=37, cso file:
/dev/null
----------------------------------------------
real command=cset shield -e /home/nrink/Projects/build/encode/encode/tests/array_sum/array_sum.perf.plain --  --cso /dev/null
key=plain, no.=38, <stderr>:
LENGTH=60
elapsed cycles: 13122
hi(checksum)=0xECD25EDDB91429DE
lo(checksum)=0xC8E10A29F9E400A0
key=plain, no.=38, <checksum>:
0xECD25EDDB91429DEC8E10A29F9E400A0
key=plain, no.=38, cso file:
/dev/null
----------------------------------------------
real command=cset shield -e /home/nrink/Projects/build/encode/encode/tests/array_sum/array_sum.perf.plain --  --cso /dev/null
key=plain, no.=39, <stderr>:
LENGTH=60
elapsed cycles: 13095
hi(checksum)=0xECD25EDDB91429DE
lo(checksum)=0xC8E10A29F9E400A0
key=plain, no.=39, <checksum>:
0xECD25EDDB91429DEC8E10A29F9E400A0
key=plain, no.=39, cso file:
/dev/null
----------------------------------------------
real command=cset shield -e /home/nrink/Projects/build/encode/encode/tests/array_sum/array_sum.perf.plain --  --cso /dev/null
key=plain, no.=40, <stderr>:
LENGTH=60
elapsed cycles: 13047
hi(checksum)=0xECD25EDDB91429DE
lo(checksum)=0xC8E10A29F9E400A0
key=plain, no.=40, <checksum>:
0xECD25EDDB91429DEC8E10A29F9E400A0
key=plain, no.=40, cso file:
/dev/null
----------------------------------------------
real command=cset shield -e /home/nrink/Projects/build/encode/encode/tests/array_sum/array_sum.perf.plain --  --cso /dev/null
key=plain, no.=41, <stderr>:
LENGTH=60
elapsed cycles: 13017
hi(checksum)=0xECD25EDDB91429DE
lo(checksum)=0xC8E10A29F9E400A0
key=plain, no.=41, <checksum>:
0xECD25EDDB91429DEC8E10A29F9E400A0
key=plain, no.=41, cso file:
/dev/null
----------------------------------------------
real command=cset shield -e /home/nrink/Projects/build/encode/encode/tests/array_sum/array_sum.perf.plain --  --cso /dev/null
key=plain, no.=42, <stderr>:
LENGTH=60
elapsed cycles: 13041
hi(checksum)=0xECD25EDDB91429DE
lo(checksum)=0xC8E10A29F9E400A0
key=plain, no.=42, <checksum>:
0xECD25EDDB91429DEC8E10A29F9E400A0
key=plain, no.=42, cso file:
/dev/null
----------------------------------------------
real command=cset shield -e /home/nrink/Projects/build/encode/encode/tests/array_sum/array_sum.perf.plain --  --cso /dev/null
key=plain, no.=43, <stderr>:
LENGTH=60
elapsed cycles: 13182
hi(checksum)=0xECD25EDDB91429DE
lo(checksum)=0xC8E10A29F9E400A0
key=plain, no.=43, <checksum>:
0xECD25EDDB91429DEC8E10A29F9E400A0
key=plain, no.=43, cso file:
/dev/null
----------------------------------------------
real command=cset shield -e /home/nrink/Projects/build/encode/encode/tests/array_sum/array_sum.perf.plain --  --cso /dev/null
key=plain, no.=44, <stderr>:
LENGTH=60
elapsed cycles: 13656
hi(checksum)=0xECD25EDDB91429DE
lo(checksum)=0xC8E10A29F9E400A0
key=plain, no.=44, <checksum>:
0xECD25EDDB91429DEC8E10A29F9E400A0
key=plain, no.=44, cso file:
/dev/null
----------------------------------------------
real command=cset shield -e /home/nrink/Projects/build/encode/encode/tests/array_sum/array_sum.perf.plain --  --cso /dev/null
key=plain, no.=45, <stderr>:
LENGTH=60
elapsed cycles: 13089
hi(checksum)=0xECD25EDDB91429DE
lo(checksum)=0xC8E10A29F9E400A0
key=plain, no.=45, <checksum>:
0xECD25EDDB91429DEC8E10A29F9E400A0
key=plain, no.=45, cso file:
/dev/null
----------------------------------------------
real command=cset shield -e /home/nrink/Projects/build/encode/encode/tests/array_sum/array_sum.perf.plain --  --cso /dev/null
key=plain, no.=46, <stderr>:
LENGTH=60
elapsed cycles: 13194
hi(checksum)=0xECD25EDDB91429DE
lo(checksum)=0xC8E10A29F9E400A0
key=plain, no.=46, <checksum>:
0xECD25EDDB91429DEC8E10A29F9E400A0
key=plain, no.=46, cso file:
/dev/null
----------------------------------------------
real command=cset shield -e /home/nrink/Projects/build/encode/encode/tests/array_sum/array_sum.perf.plain --  --cso /dev/null
key=plain, no.=47, <stderr>:
LENGTH=60
elapsed cycles: 13167
hi(checksum)=0xECD25EDDB91429DE
lo(checksum)=0xC8E10A29F9E400A0
key=plain, no.=47, <checksum>:
0xECD25EDDB91429DEC8E10A29F9E400A0
key=plain, no.=47, cso file:
/dev/null
----------------------------------------------
real command=cset shield -e /home/nrink/Projects/build/encode/encode/tests/array_sum/array_sum.perf.plain --  --cso /dev/null
key=plain, no.=48, <stderr>:
LENGTH=60
elapsed cycles: 13203
hi(checksum)=0xECD25EDDB91429DE
lo(checksum)=0xC8E10A29F9E400A0
key=plain, no.=48, <checksum>:
0xECD25EDDB91429DEC8E10A29F9E400A0
key=plain, no.=48, cso file:
/dev/null
----------------------------------------------
real command=cset shield -e /home/nrink/Projects/build/encode/encode/tests/array_sum/array_sum.perf.plain --  --cso /dev/null
key=plain, no.=49, <stderr>:
LENGTH=60
elapsed cycles: 13113
hi(checksum)=0xECD25EDDB91429DE
lo(checksum)=0xC8E10A29F9E400A0
key=plain, no.=49, <checksum>:
0xECD25EDDB91429DEC8E10A29F9E400A0
key=plain, no.=49, cso file:
/dev/null
----------------------------------------------
real command=cset shield -e /home/nrink/Projects/build/encode/encode/tests/array_sum/array_sum.perf.plain --  --cso /dev/null
key=plain, no.=50, <stderr>:
LENGTH=60
elapsed cycles: 13062
hi(checksum)=0xECD25EDDB91429DE
lo(checksum)=0xC8E10A29F9E400A0
key=plain, no.=50, <checksum>:
0xECD25EDDB91429DEC8E10A29F9E400A0
key=plain, no.=50, cso file:
/dev/null
----------------------------------------------
real command=cset shield -e /home/nrink/Projects/build/encode/encode/tests/array_sum/array_sum.perf.plain --  --cso /dev/null
key=plain, no.=51, <stderr>:
LENGTH=60
elapsed cycles: 13113
hi(checksum)=0xECD25EDDB91429DE
lo(checksum)=0xC8E10A29F9E400A0
key=plain, no.=51, <checksum>:
0xECD25EDDB91429DEC8E10A29F9E400A0
key=plain, no.=51, cso file:
/dev/null
----------------------------------------------
real command=cset shield -e /home/nrink/Projects/build/encode/encode/tests/array_sum/array_sum.perf.plain --  --cso /dev/null
key=plain, no.=52, <stderr>:
LENGTH=60
elapsed cycles: 13119
hi(checksum)=0xECD25EDDB91429DE
lo(checksum)=0xC8E10A29F9E400A0
key=plain, no.=52, <checksum>:
0xECD25EDDB91429DEC8E10A29F9E400A0
key=plain, no.=52, cso file:
/dev/null
----------------------------------------------
real command=cset shield -e /home/nrink/Projects/build/encode/encode/tests/array_sum/array_sum.perf.plain --  --cso /dev/null
key=plain, no.=53, <stderr>:
LENGTH=60
elapsed cycles: 13116
hi(checksum)=0xECD25EDDB91429DE
lo(checksum)=0xC8E10A29F9E400A0
key=plain, no.=53, <checksum>:
0xECD25EDDB91429DEC8E10A29F9E400A0
key=plain, no.=53, cso file:
/dev/null
----------------------------------------------
real command=cset shield -e /home/nrink/Projects/build/encode/encode/tests/array_sum/array_sum.perf.plain --  --cso /dev/null
key=plain, no.=54, <stderr>:
LENGTH=60
elapsed cycles: 13089
hi(checksum)=0xECD25EDDB91429DE
lo(checksum)=0xC8E10A29F9E400A0
key=plain, no.=54, <checksum>:
0xECD25EDDB91429DEC8E10A29F9E400A0
key=plain, no.=54, cso file:
/dev/null
----------------------------------------------
real command=cset shield -e /home/nrink/Projects/build/encode/encode/tests/array_sum/array_sum.perf.plain --  --cso /dev/null
key=plain, no.=55, <stderr>:
LENGTH=60
elapsed cycles: 45735
hi(checksum)=0xECD25EDDB91429DE
lo(checksum)=0xC8E10A29F9E400A0
key=plain, no.=55, <checksum>:
0xECD25EDDB91429DEC8E10A29F9E400A0
key=plain, no.=55, cso file:
/dev/null
----------------------------------------------
real command=cset shield -e /home/nrink/Projects/build/encode/encode/tests/array_sum/array_sum.perf.plain --  --cso /dev/null
key=plain, no.=56, <stderr>:
LENGTH=60
elapsed cycles: 13128
hi(checksum)=0xECD25EDDB91429DE
lo(checksum)=0xC8E10A29F9E400A0
key=plain, no.=56, <checksum>:
0xECD25EDDB91429DEC8E10A29F9E400A0
key=plain, no.=56, cso file:
/dev/null
----------------------------------------------
real command=cset shield -e /home/nrink/Projects/build/encode/encode/tests/array_sum/array_sum.perf.plain --  --cso /dev/null
key=plain, no.=57, <stderr>:
LENGTH=60
elapsed cycles: 13122
hi(checksum)=0xECD25EDDB91429DE
lo(checksum)=0xC8E10A29F9E400A0
key=plain, no.=57, <checksum>:
0xECD25EDDB91429DEC8E10A29F9E400A0
key=plain, no.=57, cso file:
/dev/null
----------------------------------------------
real command=cset shield -e /home/nrink/Projects/build/encode/encode/tests/array_sum/array_sum.perf.plain --  --cso /dev/null
key=plain, no.=58, <stderr>:
LENGTH=60
elapsed cycles: 13110
hi(checksum)=0xECD25EDDB91429DE
lo(checksum)=0xC8E10A29F9E400A0
key=plain, no.=58, <checksum>:
0xECD25EDDB91429DEC8E10A29F9E400A0
key=plain, no.=58, cso file:
/dev/null
----------------------------------------------
real command=cset shield -e /home/nrink/Projects/build/encode/encode/tests/array_sum/array_sum.perf.plain --  --cso /dev/null
key=plain, no.=59, <stderr>:
LENGTH=60
elapsed cycles: 13149
hi(checksum)=0xECD25EDDB91429DE
lo(checksum)=0xC8E10A29F9E400A0
key=plain, no.=59, <checksum>:
0xECD25EDDB91429DEC8E10A29F9E400A0
key=plain, no.=59, cso file:
/dev/null
----------------------------------------------
real command=cset shield -e /home/nrink/Projects/build/encode/encode/tests/array_sum/array_sum.perf.plain --  --cso /dev/null
key=plain, no.=60, <stderr>:
LENGTH=60
elapsed cycles: 13122
hi(checksum)=0xECD25EDDB91429DE
lo(checksum)=0xC8E10A29F9E400A0
key=plain, no.=60, <checksum>:
0xECD25EDDB91429DEC8E10A29F9E400A0
key=plain, no.=60, cso file:
/dev/null
----------------------------------------------
real command=cset shield -e /home/nrink/Projects/build/encode/encode/tests/array_sum/array_sum.perf.plain --  --cso /dev/null
key=plain, no.=61, <stderr>:
LENGTH=60
elapsed cycles: 13068
hi(checksum)=0xECD25EDDB91429DE
lo(checksum)=0xC8E10A29F9E400A0
key=plain, no.=61, <checksum>:
0xECD25EDDB91429DEC8E10A29F9E400A0
key=plain, no.=61, cso file:
/dev/null
----------------------------------------------
real command=cset shield -e /home/nrink/Projects/build/encode/encode/tests/array_sum/array_sum.perf.plain --  --cso /dev/null
key=plain, no.=62, <stderr>:
LENGTH=60
elapsed cycles: 13089
hi(checksum)=0xECD25EDDB91429DE
lo(checksum)=0xC8E10A29F9E400A0
key=plain, no.=62, <checksum>:
0xECD25EDDB91429DEC8E10A29F9E400A0
key=plain, no.=62, cso file:
/dev/null
----------------------------------------------
real command=cset shield -e /home/nrink/Projects/build/encode/encode/tests/array_sum/array_sum.perf.plain --  --cso /dev/null
key=plain, no.=63, <stderr>:
LENGTH=60
elapsed cycles: 13122
hi(checksum)=0xECD25EDDB91429DE
lo(checksum)=0xC8E10A29F9E400A0
key=plain, no.=63, <checksum>:
0xECD25EDDB91429DEC8E10A29F9E400A0
key=plain, no.=63, cso file:
/dev/null
----------------------------------------------
real command=cset shield -e /home/nrink/Projects/build/encode/encode/tests/array_sum/array_sum.perf.plain --  --cso /dev/null
key=plain, no.=64, <stderr>:
LENGTH=60
elapsed cycles: 13122
hi(checksum)=0xECD25EDDB91429DE
lo(checksum)=0xC8E10A29F9E400A0
key=plain, no.=64, <checksum>:
0xECD25EDDB91429DEC8E10A29F9E400A0
key=plain, no.=64, cso file:
/dev/null
----------------------------------------------
real command=cset shield -e /home/nrink/Projects/build/encode/encode/tests/array_sum/array_sum.perf.plain --  --cso /dev/null
key=plain, no.=65, <stderr>:
LENGTH=60
elapsed cycles: 13167
hi(checksum)=0xECD25EDDB91429DE
lo(checksum)=0xC8E10A29F9E400A0
key=plain, no.=65, <checksum>:
0xECD25EDDB91429DEC8E10A29F9E400A0
key=plain, no.=65, cso file:
/dev/null
----------------------------------------------
real command=cset shield -e /home/nrink/Projects/build/encode/encode/tests/array_sum/array_sum.perf.plain --  --cso /dev/null
key=plain, no.=66, <stderr>:
LENGTH=60
elapsed cycles: 13113
hi(checksum)=0xECD25EDDB91429DE
lo(checksum)=0xC8E10A29F9E400A0
key=plain, no.=66, <checksum>:
0xECD25EDDB91429DEC8E10A29F9E400A0
key=plain, no.=66, cso file:
/dev/null
----------------------------------------------
real command=cset shield -e /home/nrink/Projects/build/encode/encode/tests/array_sum/array_sum.perf.plain --  --cso /dev/null
key=plain, no.=67, <stderr>:
LENGTH=60
elapsed cycles: 13053
hi(checksum)=0xECD25EDDB91429DE
lo(checksum)=0xC8E10A29F9E400A0
key=plain, no.=67, <checksum>:
0xECD25EDDB91429DEC8E10A29F9E400A0
key=plain, no.=67, cso file:
/dev/null
----------------------------------------------
real command=cset shield -e /home/nrink/Projects/build/encode/encode/tests/array_sum/array_sum.perf.plain --  --cso /dev/null
key=plain, no.=68, <stderr>:
LENGTH=60
elapsed cycles: 13110
hi(checksum)=0xECD25EDDB91429DE
lo(checksum)=0xC8E10A29F9E400A0
key=plain, no.=68, <checksum>:
0xECD25EDDB91429DEC8E10A29F9E400A0
key=plain, no.=68, cso file:
/dev/null
----------------------------------------------
real command=cset shield -e /home/nrink/Projects/build/encode/encode/tests/array_sum/array_sum.perf.plain --  --cso /dev/null
key=plain, no.=69, <stderr>:
LENGTH=60
elapsed cycles: 13113
hi(checksum)=0xECD25EDDB91429DE
lo(checksum)=0xC8E10A29F9E400A0
key=plain, no.=69, <checksum>:
0xECD25EDDB91429DEC8E10A29F9E400A0
key=plain, no.=69, cso file:
/dev/null
----------------------------------------------
real command=cset shield -e /home/nrink/Projects/build/encode/encode/tests/array_sum/array_sum.perf.plain --  --cso /dev/null
key=plain, no.=70, <stderr>:
LENGTH=60
elapsed cycles: 13086
hi(checksum)=0xECD25EDDB91429DE
lo(checksum)=0xC8E10A29F9E400A0
key=plain, no.=70, <checksum>:
0xECD25EDDB91429DEC8E10A29F9E400A0
key=plain, no.=70, cso file:
/dev/null
----------------------------------------------
real command=cset shield -e /home/nrink/Projects/build/encode/encode/tests/array_sum/array_sum.perf.plain --  --cso /dev/null
key=plain, no.=71, <stderr>:
LENGTH=60
elapsed cycles: 13011
hi(checksum)=0xECD25EDDB91429DE
lo(checksum)=0xC8E10A29F9E400A0
key=plain, no.=71, <checksum>:
0xECD25EDDB91429DEC8E10A29F9E400A0
key=plain, no.=71, cso file:
/dev/null
----------------------------------------------
real command=cset shield -e /home/nrink/Projects/build/encode/encode/tests/array_sum/array_sum.perf.plain --  --cso /dev/null
key=plain, no.=72, <stderr>:
LENGTH=60
elapsed cycles: 13110
hi(checksum)=0xECD25EDDB91429DE
lo(checksum)=0xC8E10A29F9E400A0
key=plain, no.=72, <checksum>:
0xECD25EDDB91429DEC8E10A29F9E400A0
key=plain, no.=72, cso file:
/dev/null
----------------------------------------------
real command=cset shield -e /home/nrink/Projects/build/encode/encode/tests/array_sum/array_sum.perf.plain --  --cso /dev/null
key=plain, no.=73, <stderr>:
LENGTH=60
elapsed cycles: 13038
hi(checksum)=0xECD25EDDB91429DE
lo(checksum)=0xC8E10A29F9E400A0
key=plain, no.=73, <checksum>:
0xECD25EDDB91429DEC8E10A29F9E400A0
key=plain, no.=73, cso file:
/dev/null
----------------------------------------------
real command=cset shield -e /home/nrink/Projects/build/encode/encode/tests/array_sum/array_sum.perf.plain --  --cso /dev/null
key=plain, no.=74, <stderr>:
LENGTH=60
elapsed cycles: 13176
hi(checksum)=0xECD25EDDB91429DE
lo(checksum)=0xC8E10A29F9E400A0
key=plain, no.=74, <checksum>:
0xECD25EDDB91429DEC8E10A29F9E400A0
key=plain, no.=74, cso file:
/dev/null
----------------------------------------------
real command=cset shield -e /home/nrink/Projects/build/encode/encode/tests/array_sum/array_sum.perf.plain --  --cso /dev/null
key=plain, no.=75, <stderr>:
LENGTH=60
elapsed cycles: 13086
hi(checksum)=0xECD25EDDB91429DE
lo(checksum)=0xC8E10A29F9E400A0
key=plain, no.=75, <checksum>:
0xECD25EDDB91429DEC8E10A29F9E400A0
key=plain, no.=75, cso file:
/dev/null
----------------------------------------------
real command=cset shield -e /home/nrink/Projects/build/encode/encode/tests/array_sum/array_sum.perf.plain --  --cso /dev/null
key=plain, no.=76, <stderr>:
LENGTH=60
elapsed cycles: 13023
hi(checksum)=0xECD25EDDB91429DE
lo(checksum)=0xC8E10A29F9E400A0
key=plain, no.=76, <checksum>:
0xECD25EDDB91429DEC8E10A29F9E400A0
key=plain, no.=76, cso file:
/dev/null
----------------------------------------------
real command=cset shield -e /home/nrink/Projects/build/encode/encode/tests/array_sum/array_sum.perf.plain --  --cso /dev/null
key=plain, no.=77, <stderr>:
LENGTH=60
elapsed cycles: 13086
hi(checksum)=0xECD25EDDB91429DE
lo(checksum)=0xC8E10A29F9E400A0
key=plain, no.=77, <checksum>:
0xECD25EDDB91429DEC8E10A29F9E400A0
key=plain, no.=77, cso file:
/dev/null
----------------------------------------------
real command=cset shield -e /home/nrink/Projects/build/encode/encode/tests/array_sum/array_sum.perf.plain --  --cso /dev/null
key=plain, no.=78, <stderr>:
LENGTH=60
elapsed cycles: 13140
hi(checksum)=0xECD25EDDB91429DE
lo(checksum)=0xC8E10A29F9E400A0
key=plain, no.=78, <checksum>:
0xECD25EDDB91429DEC8E10A29F9E400A0
key=plain, no.=78, cso file:
/dev/null
----------------------------------------------
real command=cset shield -e /home/nrink/Projects/build/encode/encode/tests/array_sum/array_sum.perf.plain --  --cso /dev/null
key=plain, no.=79, <stderr>:
LENGTH=60
elapsed cycles: 13083
hi(checksum)=0xECD25EDDB91429DE
lo(checksum)=0xC8E10A29F9E400A0
key=plain, no.=79, <checksum>:
0xECD25EDDB91429DEC8E10A29F9E400A0
key=plain, no.=79, cso file:
/dev/null
----------------------------------------------
real command=cset shield -e /home/nrink/Projects/build/encode/encode/tests/array_sum/array_sum.perf.plain --  --cso /dev/null
key=plain, no.=80, <stderr>:
LENGTH=60
elapsed cycles: 13080
hi(checksum)=0xECD25EDDB91429DE
lo(checksum)=0xC8E10A29F9E400A0
key=plain, no.=80, <checksum>:
0xECD25EDDB91429DEC8E10A29F9E400A0
key=plain, no.=80, cso file:
/dev/null
----------------------------------------------
real command=cset shield -e /home/nrink/Projects/build/encode/encode/tests/array_sum/array_sum.perf.plain --  --cso /dev/null
key=plain, no.=81, <stderr>:
LENGTH=60
elapsed cycles: 13059
hi(checksum)=0xECD25EDDB91429DE
lo(checksum)=0xC8E10A29F9E400A0
key=plain, no.=81, <checksum>:
0xECD25EDDB91429DEC8E10A29F9E400A0
key=plain, no.=81, cso file:
/dev/null
----------------------------------------------
real command=cset shield -e /home/nrink/Projects/build/encode/encode/tests/array_sum/array_sum.perf.plain --  --cso /dev/null
key=plain, no.=82, <stderr>:
LENGTH=60
elapsed cycles: 13065
hi(checksum)=0xECD25EDDB91429DE
lo(checksum)=0xC8E10A29F9E400A0
key=plain, no.=82, <checksum>:
0xECD25EDDB91429DEC8E10A29F9E400A0
key=plain, no.=82, cso file:
/dev/null
----------------------------------------------
real command=cset shield -e /home/nrink/Projects/build/encode/encode/tests/array_sum/array_sum.perf.plain --  --cso /dev/null
key=plain, no.=83, <stderr>:
LENGTH=60
elapsed cycles: 13104
hi(checksum)=0xECD25EDDB91429DE
lo(checksum)=0xC8E10A29F9E400A0
key=plain, no.=83, <checksum>:
0xECD25EDDB91429DEC8E10A29F9E400A0
key=plain, no.=83, cso file:
/dev/null
----------------------------------------------
real command=cset shield -e /home/nrink/Projects/build/encode/encode/tests/array_sum/array_sum.perf.plain --  --cso /dev/null
key=plain, no.=84, <stderr>:
LENGTH=60
elapsed cycles: 13002
hi(checksum)=0xECD25EDDB91429DE
lo(checksum)=0xC8E10A29F9E400A0
key=plain, no.=84, <checksum>:
0xECD25EDDB91429DEC8E10A29F9E400A0
key=plain, no.=84, cso file:
/dev/null
----------------------------------------------
real command=cset shield -e /home/nrink/Projects/build/encode/encode/tests/array_sum/array_sum.perf.plain --  --cso /dev/null
key=plain, no.=85, <stderr>:
LENGTH=60
elapsed cycles: 13149
hi(checksum)=0xECD25EDDB91429DE
lo(checksum)=0xC8E10A29F9E400A0
key=plain, no.=85, <checksum>:
0xECD25EDDB91429DEC8E10A29F9E400A0
key=plain, no.=85, cso file:
/dev/null
----------------------------------------------
real command=cset shield -e /home/nrink/Projects/build/encode/encode/tests/array_sum/array_sum.perf.plain --  --cso /dev/null
key=plain, no.=86, <stderr>:
LENGTH=60
elapsed cycles: 13155
hi(checksum)=0xECD25EDDB91429DE
lo(checksum)=0xC8E10A29F9E400A0
key=plain, no.=86, <checksum>:
0xECD25EDDB91429DEC8E10A29F9E400A0
key=plain, no.=86, cso file:
/dev/null
----------------------------------------------
real command=cset shield -e /home/nrink/Projects/build/encode/encode/tests/array_sum/array_sum.perf.plain --  --cso /dev/null
key=plain, no.=87, <stderr>:
LENGTH=60
elapsed cycles: 13164
hi(checksum)=0xECD25EDDB91429DE
lo(checksum)=0xC8E10A29F9E400A0
key=plain, no.=87, <checksum>:
0xECD25EDDB91429DEC8E10A29F9E400A0
key=plain, no.=87, cso file:
/dev/null
----------------------------------------------
real command=cset shield -e /home/nrink/Projects/build/encode/encode/tests/array_sum/array_sum.perf.plain --  --cso /dev/null
key=plain, no.=88, <stderr>:
LENGTH=60
elapsed cycles: 13023
hi(checksum)=0xECD25EDDB91429DE
lo(checksum)=0xC8E10A29F9E400A0
key=plain, no.=88, <checksum>:
0xECD25EDDB91429DEC8E10A29F9E400A0
key=plain, no.=88, cso file:
/dev/null
----------------------------------------------
real command=cset shield -e /home/nrink/Projects/build/encode/encode/tests/array_sum/array_sum.perf.plain --  --cso /dev/null
key=plain, no.=89, <stderr>:
LENGTH=60
elapsed cycles: 13041
hi(checksum)=0xECD25EDDB91429DE
lo(checksum)=0xC8E10A29F9E400A0
key=plain, no.=89, <checksum>:
0xECD25EDDB91429DEC8E10A29F9E400A0
key=plain, no.=89, cso file:
/dev/null
----------------------------------------------
real command=cset shield -e /home/nrink/Projects/build/encode/encode/tests/array_sum/array_sum.perf.plain --  --cso /dev/null
key=plain, no.=90, <stderr>:
LENGTH=60
elapsed cycles: 13035
hi(checksum)=0xECD25EDDB91429DE
lo(checksum)=0xC8E10A29F9E400A0
key=plain, no.=90, <checksum>:
0xECD25EDDB91429DEC8E10A29F9E400A0
key=plain, no.=90, cso file:
/dev/null
----------------------------------------------
real command=cset shield -e /home/nrink/Projects/build/encode/encode/tests/array_sum/array_sum.perf.plain --  --cso /dev/null
key=plain, no.=91, <stderr>:
LENGTH=60
elapsed cycles: 13122
hi(checksum)=0xECD25EDDB91429DE
lo(checksum)=0xC8E10A29F9E400A0
key=plain, no.=91, <checksum>:
0xECD25EDDB91429DEC8E10A29F9E400A0
key=plain, no.=91, cso file:
/dev/null
----------------------------------------------
real command=cset shield -e /home/nrink/Projects/build/encode/encode/tests/array_sum/array_sum.perf.plain --  --cso /dev/null
key=plain, no.=92, <stderr>:
LENGTH=60
elapsed cycles: 13293
hi(checksum)=0xECD25EDDB91429DE
lo(checksum)=0xC8E10A29F9E400A0
key=plain, no.=92, <checksum>:
0xECD25EDDB91429DEC8E10A29F9E400A0
key=plain, no.=92, cso file:
/dev/null
----------------------------------------------
real command=cset shield -e /home/nrink/Projects/build/encode/encode/tests/array_sum/array_sum.perf.plain --  --cso /dev/null
key=plain, no.=93, <stderr>:
LENGTH=60
elapsed cycles: 13161
hi(checksum)=0xECD25EDDB91429DE
lo(checksum)=0xC8E10A29F9E400A0
key=plain, no.=93, <checksum>:
0xECD25EDDB91429DEC8E10A29F9E400A0
key=plain, no.=93, cso file:
/dev/null
----------------------------------------------
real command=cset shield -e /home/nrink/Projects/build/encode/encode/tests/array_sum/array_sum.perf.plain --  --cso /dev/null
key=plain, no.=94, <stderr>:
LENGTH=60
elapsed cycles: 13083
hi(checksum)=0xECD25EDDB91429DE
lo(checksum)=0xC8E10A29F9E400A0
key=plain, no.=94, <checksum>:
0xECD25EDDB91429DEC8E10A29F9E400A0
key=plain, no.=94, cso file:
/dev/null
----------------------------------------------
real command=cset shield -e /home/nrink/Projects/build/encode/encode/tests/array_sum/array_sum.perf.plain --  --cso /dev/null
key=plain, no.=95, <stderr>:
LENGTH=60
elapsed cycles: 13083
hi(checksum)=0xECD25EDDB91429DE
lo(checksum)=0xC8E10A29F9E400A0
key=plain, no.=95, <checksum>:
0xECD25EDDB91429DEC8E10A29F9E400A0
key=plain, no.=95, cso file:
/dev/null
----------------------------------------------
real command=cset shield -e /home/nrink/Projects/build/encode/encode/tests/array_sum/array_sum.perf.plain --  --cso /dev/null
key=plain, no.=96, <stderr>:
LENGTH=60
elapsed cycles: 13080
hi(checksum)=0xECD25EDDB91429DE
lo(checksum)=0xC8E10A29F9E400A0
key=plain, no.=96, <checksum>:
0xECD25EDDB91429DEC8E10A29F9E400A0
key=plain, no.=96, cso file:
/dev/null
----------------------------------------------
real command=cset shield -e /home/nrink/Projects/build/encode/encode/tests/array_sum/array_sum.perf.plain --  --cso /dev/null
key=plain, no.=97, <stderr>:
LENGTH=60
elapsed cycles: 13017
hi(checksum)=0xECD25EDDB91429DE
lo(checksum)=0xC8E10A29F9E400A0
key=plain, no.=97, <checksum>:
0xECD25EDDB91429DEC8E10A29F9E400A0
key=plain, no.=97, cso file:
/dev/null
----------------------------------------------
real command=cset shield -e /home/nrink/Projects/build/encode/encode/tests/array_sum/array_sum.perf.plain --  --cso /dev/null
key=plain, no.=98, <stderr>:
LENGTH=60
elapsed cycles: 13089
hi(checksum)=0xECD25EDDB91429DE
lo(checksum)=0xC8E10A29F9E400A0
key=plain, no.=98, <checksum>:
0xECD25EDDB91429DEC8E10A29F9E400A0
key=plain, no.=98, cso file:
/dev/null
----------------------------------------------
real command=cset shield -e /home/nrink/Projects/build/encode/encode/tests/array_sum/array_sum.perf.plain --  --cso /dev/null
key=plain, no.=99, <stderr>:
LENGTH=60
elapsed cycles: 13155
hi(checksum)=0xECD25EDDB91429DE
lo(checksum)=0xC8E10A29F9E400A0
key=plain, no.=99, <checksum>:
0xECD25EDDB91429DEC8E10A29F9E400A0
key=plain, no.=99, cso file:
/dev/null
----------------------------------------------
key=encoded, runs=100 ...
command=/home/nrink/Projects/build/encode/encode/tests/array_sum/array_sum.perf.encoded
----------------------------------------------
real command=cset shield -e /home/nrink/Projects/build/encode/encode/tests/array_sum/array_sum.perf.encoded --  --cso /dev/null
key=encoded, no.=0, <stderr>:
LENGTH=60
elapsed cycles: 82551
hi(checksum)=0xECD25EDDB91429DE
lo(checksum)=0xC8E10A29F9E400A0
key=encoded, no.=0, <checksum>:
0xECD25EDDB91429DEC8E10A29F9E400A0
key=encoded, no.=0, cso file:
/dev/null
----------------------------------------------
real command=cset shield -e /home/nrink/Projects/build/encode/encode/tests/array_sum/array_sum.perf.encoded --  --cso /dev/null
key=encoded, no.=1, <stderr>:
LENGTH=60
elapsed cycles: 82464
hi(checksum)=0xECD25EDDB91429DE
lo(checksum)=0xC8E10A29F9E400A0
key=encoded, no.=1, <checksum>:
0xECD25EDDB91429DEC8E10A29F9E400A0
key=encoded, no.=1, cso file:
/dev/null
----------------------------------------------
real command=cset shield -e /home/nrink/Projects/build/encode/encode/tests/array_sum/array_sum.perf.encoded --  --cso /dev/null
key=encoded, no.=2, <stderr>:
LENGTH=60
elapsed cycles: 82533
hi(checksum)=0xECD25EDDB91429DE
lo(checksum)=0xC8E10A29F9E400A0
key=encoded, no.=2, <checksum>:
0xECD25EDDB91429DEC8E10A29F9E400A0
key=encoded, no.=2, cso file:
/dev/null
----------------------------------------------
real command=cset shield -e /home/nrink/Projects/build/encode/encode/tests/array_sum/array_sum.perf.encoded --  --cso /dev/null
key=encoded, no.=3, <stderr>:
LENGTH=60
elapsed cycles: 82392
hi(checksum)=0xECD25EDDB91429DE
lo(checksum)=0xC8E10A29F9E400A0
key=encoded, no.=3, <checksum>:
0xECD25EDDB91429DEC8E10A29F9E400A0
key=encoded, no.=3, cso file:
/dev/null
----------------------------------------------
real command=cset shield -e /home/nrink/Projects/build/encode/encode/tests/array_sum/array_sum.perf.encoded --  --cso /dev/null
key=encoded, no.=4, <stderr>:
LENGTH=60
elapsed cycles: 82317
hi(checksum)=0xECD25EDDB91429DE
lo(checksum)=0xC8E10A29F9E400A0
key=encoded, no.=4, <checksum>:
0xECD25EDDB91429DEC8E10A29F9E400A0
key=encoded, no.=4, cso file:
/dev/null
----------------------------------------------
real command=cset shield -e /home/nrink/Projects/build/encode/encode/tests/array_sum/array_sum.perf.encoded --  --cso /dev/null
key=encoded, no.=5, <stderr>:
LENGTH=60
elapsed cycles: 82524
hi(checksum)=0xECD25EDDB91429DE
lo(checksum)=0xC8E10A29F9E400A0
key=encoded, no.=5, <checksum>:
0xECD25EDDB91429DEC8E10A29F9E400A0
key=encoded, no.=5, cso file:
/dev/null
----------------------------------------------
real command=cset shield -e /home/nrink/Projects/build/encode/encode/tests/array_sum/array_sum.perf.encoded --  --cso /dev/null
key=encoded, no.=6, <stderr>:
LENGTH=60
elapsed cycles: 82479
hi(checksum)=0xECD25EDDB91429DE
lo(checksum)=0xC8E10A29F9E400A0
key=encoded, no.=6, <checksum>:
0xECD25EDDB91429DEC8E10A29F9E400A0
key=encoded, no.=6, cso file:
/dev/null
----------------------------------------------
real command=cset shield -e /home/nrink/Projects/build/encode/encode/tests/array_sum/array_sum.perf.encoded --  --cso /dev/null
key=encoded, no.=7, <stderr>:
LENGTH=60
elapsed cycles: 82431
hi(checksum)=0xECD25EDDB91429DE
lo(checksum)=0xC8E10A29F9E400A0
key=encoded, no.=7, <checksum>:
0xECD25EDDB91429DEC8E10A29F9E400A0
key=encoded, no.=7, cso file:
/dev/null
----------------------------------------------
real command=cset shield -e /home/nrink/Projects/build/encode/encode/tests/array_sum/array_sum.perf.encoded --  --cso /dev/null
key=encoded, no.=8, <stderr>:
LENGTH=60
elapsed cycles: 82383
hi(checksum)=0xECD25EDDB91429DE
lo(checksum)=0xC8E10A29F9E400A0
key=encoded, no.=8, <checksum>:
0xECD25EDDB91429DEC8E10A29F9E400A0
key=encoded, no.=8, cso file:
/dev/null
----------------------------------------------
real command=cset shield -e /home/nrink/Projects/build/encode/encode/tests/array_sum/array_sum.perf.encoded --  --cso /dev/null
key=encoded, no.=9, <stderr>:
LENGTH=60
elapsed cycles: 82302
hi(checksum)=0xECD25EDDB91429DE
lo(checksum)=0xC8E10A29F9E400A0
key=encoded, no.=9, <checksum>:
0xECD25EDDB91429DEC8E10A29F9E400A0
key=encoded, no.=9, cso file:
/dev/null
----------------------------------------------
real command=cset shield -e /home/nrink/Projects/build/encode/encode/tests/array_sum/array_sum.perf.encoded --  --cso /dev/null
key=encoded, no.=10, <stderr>:
LENGTH=60
elapsed cycles: 114639
hi(checksum)=0xECD25EDDB91429DE
lo(checksum)=0xC8E10A29F9E400A0
key=encoded, no.=10, <checksum>:
0xECD25EDDB91429DEC8E10A29F9E400A0
key=encoded, no.=10, cso file:
/dev/null
----------------------------------------------
real command=cset shield -e /home/nrink/Projects/build/encode/encode/tests/array_sum/array_sum.perf.encoded --  --cso /dev/null
key=encoded, no.=11, <stderr>:
LENGTH=60
elapsed cycles: 82482
hi(checksum)=0xECD25EDDB91429DE
lo(checksum)=0xC8E10A29F9E400A0
key=encoded, no.=11, <checksum>:
0xECD25EDDB91429DEC8E10A29F9E400A0
key=encoded, no.=11, cso file:
/dev/null
----------------------------------------------
real command=cset shield -e /home/nrink/Projects/build/encode/encode/tests/array_sum/array_sum.perf.encoded --  --cso /dev/null
key=encoded, no.=12, <stderr>:
LENGTH=60
elapsed cycles: 114798
hi(checksum)=0xECD25EDDB91429DE
lo(checksum)=0xC8E10A29F9E400A0
key=encoded, no.=12, <checksum>:
0xECD25EDDB91429DEC8E10A29F9E400A0
key=encoded, no.=12, cso file:
/dev/null
----------------------------------------------
real command=cset shield -e /home/nrink/Projects/build/encode/encode/tests/array_sum/array_sum.perf.encoded --  --cso /dev/null
key=encoded, no.=13, <stderr>:
LENGTH=60
elapsed cycles: 82398
hi(checksum)=0xECD25EDDB91429DE
lo(checksum)=0xC8E10A29F9E400A0
key=encoded, no.=13, <checksum>:
0xECD25EDDB91429DEC8E10A29F9E400A0
key=encoded, no.=13, cso file:
/dev/null
----------------------------------------------
real command=cset shield -e /home/nrink/Projects/build/encode/encode/tests/array_sum/array_sum.perf.encoded --  --cso /dev/null
key=encoded, no.=14, <stderr>:
LENGTH=60
elapsed cycles: 82437
hi(checksum)=0xECD25EDDB91429DE
lo(checksum)=0xC8E10A29F9E400A0
key=encoded, no.=14, <checksum>:
0xECD25EDDB91429DEC8E10A29F9E400A0
key=encoded, no.=14, cso file:
/dev/null
----------------------------------------------
real command=cset shield -e /home/nrink/Projects/build/encode/encode/tests/array_sum/array_sum.perf.encoded --  --cso /dev/null
key=encoded, no.=15, <stderr>:
LENGTH=60
elapsed cycles: 82419
hi(checksum)=0xECD25EDDB91429DE
lo(checksum)=0xC8E10A29F9E400A0
key=encoded, no.=15, <checksum>:
0xECD25EDDB91429DEC8E10A29F9E400A0
key=encoded, no.=15, cso file:
/dev/null
----------------------------------------------
real command=cset shield -e /home/nrink/Projects/build/encode/encode/tests/array_sum/array_sum.perf.encoded --  --cso /dev/null
key=encoded, no.=16, <stderr>:
LENGTH=60
elapsed cycles: 83421
hi(checksum)=0xECD25EDDB91429DE
lo(checksum)=0xC8E10A29F9E400A0
key=encoded, no.=16, <checksum>:
0xECD25EDDB91429DEC8E10A29F9E400A0
key=encoded, no.=16, cso file:
/dev/null
----------------------------------------------
real command=cset shield -e /home/nrink/Projects/build/encode/encode/tests/array_sum/array_sum.perf.encoded --  --cso /dev/null
key=encoded, no.=17, <stderr>:
LENGTH=60
elapsed cycles: 82308
hi(checksum)=0xECD25EDDB91429DE
lo(checksum)=0xC8E10A29F9E400A0
key=encoded, no.=17, <checksum>:
0xECD25EDDB91429DEC8E10A29F9E400A0
key=encoded, no.=17, cso file:
/dev/null
----------------------------------------------
real command=cset shield -e /home/nrink/Projects/build/encode/encode/tests/array_sum/array_sum.perf.encoded --  --cso /dev/null
key=encoded, no.=18, <stderr>:
LENGTH=60
elapsed cycles: 82434
hi(checksum)=0xECD25EDDB91429DE
lo(checksum)=0xC8E10A29F9E400A0
key=encoded, no.=18, <checksum>:
0xECD25EDDB91429DEC8E10A29F9E400A0
key=encoded, no.=18, cso file:
/dev/null
----------------------------------------------
real command=cset shield -e /home/nrink/Projects/build/encode/encode/tests/array_sum/array_sum.perf.encoded --  --cso /dev/null
key=encoded, no.=19, <stderr>:
LENGTH=60
elapsed cycles: 82434
hi(checksum)=0xECD25EDDB91429DE
lo(checksum)=0xC8E10A29F9E400A0
key=encoded, no.=19, <checksum>:
0xECD25EDDB91429DEC8E10A29F9E400A0
key=encoded, no.=19, cso file:
/dev/null
----------------------------------------------
real command=cset shield -e /home/nrink/Projects/build/encode/encode/tests/array_sum/array_sum.perf.encoded --  --cso /dev/null
key=encoded, no.=20, <stderr>:
LENGTH=60
elapsed cycles: 82440
hi(checksum)=0xECD25EDDB91429DE
lo(checksum)=0xC8E10A29F9E400A0
key=encoded, no.=20, <checksum>:
0xECD25EDDB91429DEC8E10A29F9E400A0
key=encoded, no.=20, cso file:
/dev/null
----------------------------------------------
real command=cset shield -e /home/nrink/Projects/build/encode/encode/tests/array_sum/array_sum.perf.encoded --  --cso /dev/null
key=encoded, no.=21, <stderr>:
LENGTH=60
elapsed cycles: 82362
hi(checksum)=0xECD25EDDB91429DE
lo(checksum)=0xC8E10A29F9E400A0
key=encoded, no.=21, <checksum>:
0xECD25EDDB91429DEC8E10A29F9E400A0
key=encoded, no.=21, cso file:
/dev/null
----------------------------------------------
real command=cset shield -e /home/nrink/Projects/build/encode/encode/tests/array_sum/array_sum.perf.encoded --  --cso /dev/null
key=encoded, no.=22, <stderr>:
LENGTH=60
elapsed cycles: 121827
hi(checksum)=0xECD25EDDB91429DE
lo(checksum)=0xC8E10A29F9E400A0
key=encoded, no.=22, <checksum>:
0xECD25EDDB91429DEC8E10A29F9E400A0
key=encoded, no.=22, cso file:
/dev/null
----------------------------------------------
real command=cset shield -e /home/nrink/Projects/build/encode/encode/tests/array_sum/array_sum.perf.encoded --  --cso /dev/null
key=encoded, no.=23, <stderr>:
LENGTH=60
elapsed cycles: 82389
hi(checksum)=0xECD25EDDB91429DE
lo(checksum)=0xC8E10A29F9E400A0
key=encoded, no.=23, <checksum>:
0xECD25EDDB91429DEC8E10A29F9E400A0
key=encoded, no.=23, cso file:
/dev/null
----------------------------------------------
real command=cset shield -e /home/nrink/Projects/build/encode/encode/tests/array_sum/array_sum.perf.encoded --  --cso /dev/null
key=encoded, no.=24, <stderr>:
LENGTH=60
elapsed cycles: 114840
hi(checksum)=0xECD25EDDB91429DE
lo(checksum)=0xC8E10A29F9E400A0
key=encoded, no.=24, <checksum>:
0xECD25EDDB91429DEC8E10A29F9E400A0
key=encoded, no.=24, cso file:
/dev/null
----------------------------------------------
real command=cset shield -e /home/nrink/Projects/build/encode/encode/tests/array_sum/array_sum.perf.encoded --  --cso /dev/null
key=encoded, no.=25, <stderr>:
LENGTH=60
elapsed cycles: 82446
hi(checksum)=0xECD25EDDB91429DE
lo(checksum)=0xC8E10A29F9E400A0
key=encoded, no.=25, <checksum>:
0xECD25EDDB91429DEC8E10A29F9E400A0
key=encoded, no.=25, cso file:
/dev/null
----------------------------------------------
real command=cset shield -e /home/nrink/Projects/build/encode/encode/tests/array_sum/array_sum.perf.encoded --  --cso /dev/null
key=encoded, no.=26, <stderr>:
LENGTH=60
elapsed cycles: 82296
hi(checksum)=0xECD25EDDB91429DE
lo(checksum)=0xC8E10A29F9E400A0
key=encoded, no.=26, <checksum>:
0xECD25EDDB91429DEC8E10A29F9E400A0
key=encoded, no.=26, cso file:
/dev/null
----------------------------------------------
real command=cset shield -e /home/nrink/Projects/build/encode/encode/tests/array_sum/array_sum.perf.encoded --  --cso /dev/null
key=encoded, no.=27, <stderr>:
LENGTH=60
elapsed cycles: 82350
hi(checksum)=0xECD25EDDB91429DE
lo(checksum)=0xC8E10A29F9E400A0
key=encoded, no.=27, <checksum>:
0xECD25EDDB91429DEC8E10A29F9E400A0
key=encoded, no.=27, cso file:
/dev/null
----------------------------------------------
real command=cset shield -e /home/nrink/Projects/build/encode/encode/tests/array_sum/array_sum.perf.encoded --  --cso /dev/null
key=encoded, no.=28, <stderr>:
LENGTH=60
elapsed cycles: 82473
hi(checksum)=0xECD25EDDB91429DE
lo(checksum)=0xC8E10A29F9E400A0
key=encoded, no.=28, <checksum>:
0xECD25EDDB91429DEC8E10A29F9E400A0
key=encoded, no.=28, cso file:
/dev/null
----------------------------------------------
real command=cset shield -e /home/nrink/Projects/build/encode/encode/tests/array_sum/array_sum.perf.encoded --  --cso /dev/null
key=encoded, no.=29, <stderr>:
LENGTH=60
elapsed cycles: 82362
hi(checksum)=0xECD25EDDB91429DE
lo(checksum)=0xC8E10A29F9E400A0
key=encoded, no.=29, <checksum>:
0xECD25EDDB91429DEC8E10A29F9E400A0
key=encoded, no.=29, cso file:
/dev/null
----------------------------------------------
real command=cset shield -e /home/nrink/Projects/build/encode/encode/tests/array_sum/array_sum.perf.encoded --  --cso /dev/null
key=encoded, no.=30, <stderr>:
LENGTH=60
elapsed cycles: 82620
hi(checksum)=0xECD25EDDB91429DE
lo(checksum)=0xC8E10A29F9E400A0
key=encoded, no.=30, <checksum>:
0xECD25EDDB91429DEC8E10A29F9E400A0
key=encoded, no.=30, cso file:
/dev/null
----------------------------------------------
real command=cset shield -e /home/nrink/Projects/build/encode/encode/tests/array_sum/array_sum.perf.encoded --  --cso /dev/null
key=encoded, no.=31, <stderr>:
LENGTH=60
elapsed cycles: 82332
hi(checksum)=0xECD25EDDB91429DE
lo(checksum)=0xC8E10A29F9E400A0
key=encoded, no.=31, <checksum>:
0xECD25EDDB91429DEC8E10A29F9E400A0
key=encoded, no.=31, cso file:
/dev/null
----------------------------------------------
real command=cset shield -e /home/nrink/Projects/build/encode/encode/tests/array_sum/array_sum.perf.encoded --  --cso /dev/null
key=encoded, no.=32, <stderr>:
LENGTH=60
elapsed cycles: 82395
hi(checksum)=0xECD25EDDB91429DE
lo(checksum)=0xC8E10A29F9E400A0
key=encoded, no.=32, <checksum>:
0xECD25EDDB91429DEC8E10A29F9E400A0
key=encoded, no.=32, cso file:
/dev/null
----------------------------------------------
real command=cset shield -e /home/nrink/Projects/build/encode/encode/tests/array_sum/array_sum.perf.encoded --  --cso /dev/null
key=encoded, no.=33, <stderr>:
LENGTH=60
elapsed cycles: 82482
hi(checksum)=0xECD25EDDB91429DE
lo(checksum)=0xC8E10A29F9E400A0
key=encoded, no.=33, <checksum>:
0xECD25EDDB91429DEC8E10A29F9E400A0
key=encoded, no.=33, cso file:
/dev/null
----------------------------------------------
real command=cset shield -e /home/nrink/Projects/build/encode/encode/tests/array_sum/array_sum.perf.encoded --  --cso /dev/null
key=encoded, no.=34, <stderr>:
LENGTH=60
elapsed cycles: 82473
hi(checksum)=0xECD25EDDB91429DE
lo(checksum)=0xC8E10A29F9E400A0
key=encoded, no.=34, <checksum>:
0xECD25EDDB91429DEC8E10A29F9E400A0
key=encoded, no.=34, cso file:
/dev/null
----------------------------------------------
real command=cset shield -e /home/nrink/Projects/build/encode/encode/tests/array_sum/array_sum.perf.encoded --  --cso /dev/null
key=encoded, no.=35, <stderr>:
LENGTH=60
elapsed cycles: 82467
hi(checksum)=0xECD25EDDB91429DE
lo(checksum)=0xC8E10A29F9E400A0
key=encoded, no.=35, <checksum>:
0xECD25EDDB91429DEC8E10A29F9E400A0
key=encoded, no.=35, cso file:
/dev/null
----------------------------------------------
real command=cset shield -e /home/nrink/Projects/build/encode/encode/tests/array_sum/array_sum.perf.encoded --  --cso /dev/null
key=encoded, no.=36, <stderr>:
LENGTH=60
elapsed cycles: 82434
hi(checksum)=0xECD25EDDB91429DE
lo(checksum)=0xC8E10A29F9E400A0
key=encoded, no.=36, <checksum>:
0xECD25EDDB91429DEC8E10A29F9E400A0
key=encoded, no.=36, cso file:
/dev/null
----------------------------------------------
real command=cset shield -e /home/nrink/Projects/build/encode/encode/tests/array_sum/array_sum.perf.encoded --  --cso /dev/null
key=encoded, no.=37, <stderr>:
LENGTH=60
elapsed cycles: 82161
hi(checksum)=0xECD25EDDB91429DE
lo(checksum)=0xC8E10A29F9E400A0
key=encoded, no.=37, <checksum>:
0xECD25EDDB91429DEC8E10A29F9E400A0
key=encoded, no.=37, cso file:
/dev/null
----------------------------------------------
real command=cset shield -e /home/nrink/Projects/build/encode/encode/tests/array_sum/array_sum.perf.encoded --  --cso /dev/null
key=encoded, no.=38, <stderr>:
LENGTH=60
elapsed cycles: 82401
hi(checksum)=0xECD25EDDB91429DE
lo(checksum)=0xC8E10A29F9E400A0
key=encoded, no.=38, <checksum>:
0xECD25EDDB91429DEC8E10A29F9E400A0
key=encoded, no.=38, cso file:
/dev/null
----------------------------------------------
real command=cset shield -e /home/nrink/Projects/build/encode/encode/tests/array_sum/array_sum.perf.encoded --  --cso /dev/null
key=encoded, no.=39, <stderr>:
LENGTH=60
elapsed cycles: 82452
hi(checksum)=0xECD25EDDB91429DE
lo(checksum)=0xC8E10A29F9E400A0
key=encoded, no.=39, <checksum>:
0xECD25EDDB91429DEC8E10A29F9E400A0
key=encoded, no.=39, cso file:
/dev/null
----------------------------------------------
real command=cset shield -e /home/nrink/Projects/build/encode/encode/tests/array_sum/array_sum.perf.encoded --  --cso /dev/null
key=encoded, no.=40, <stderr>:
LENGTH=60
elapsed cycles: 82380
hi(checksum)=0xECD25EDDB91429DE
lo(checksum)=0xC8E10A29F9E400A0
key=encoded, no.=40, <checksum>:
0xECD25EDDB91429DEC8E10A29F9E400A0
key=encoded, no.=40, cso file:
/dev/null
----------------------------------------------
real command=cset shield -e /home/nrink/Projects/build/encode/encode/tests/array_sum/array_sum.perf.encoded --  --cso /dev/null
key=encoded, no.=41, <stderr>:
LENGTH=60
elapsed cycles: 82446
hi(checksum)=0xECD25EDDB91429DE
lo(checksum)=0xC8E10A29F9E400A0
key=encoded, no.=41, <checksum>:
0xECD25EDDB91429DEC8E10A29F9E400A0
key=encoded, no.=41, cso file:
/dev/null
----------------------------------------------
real command=cset shield -e /home/nrink/Projects/build/encode/encode/tests/array_sum/array_sum.perf.encoded --  --cso /dev/null
key=encoded, no.=42, <stderr>:
LENGTH=60
elapsed cycles: 82230
hi(checksum)=0xECD25EDDB91429DE
lo(checksum)=0xC8E10A29F9E400A0
key=encoded, no.=42, <checksum>:
0xECD25EDDB91429DEC8E10A29F9E400A0
key=encoded, no.=42, cso file:
/dev/null
----------------------------------------------
real command=cset shield -e /home/nrink/Projects/build/encode/encode/tests/array_sum/array_sum.perf.encoded --  --cso /dev/null
key=encoded, no.=43, <stderr>:
LENGTH=60
elapsed cycles: 159165
hi(checksum)=0xECD25EDDB91429DE
lo(checksum)=0xC8E10A29F9E400A0
key=encoded, no.=43, <checksum>:
0xECD25EDDB91429DEC8E10A29F9E400A0
key=encoded, no.=43, cso file:
/dev/null
----------------------------------------------
real command=cset shield -e /home/nrink/Projects/build/encode/encode/tests/array_sum/array_sum.perf.encoded --  --cso /dev/null
key=encoded, no.=44, <stderr>:
LENGTH=60
elapsed cycles: 82452
hi(checksum)=0xECD25EDDB91429DE
lo(checksum)=0xC8E10A29F9E400A0
key=encoded, no.=44, <checksum>:
0xECD25EDDB91429DEC8E10A29F9E400A0
key=encoded, no.=44, cso file:
/dev/null
----------------------------------------------
real command=cset shield -e /home/nrink/Projects/build/encode/encode/tests/array_sum/array_sum.perf.encoded --  --cso /dev/null
key=encoded, no.=45, <stderr>:
LENGTH=60
elapsed cycles: 82536
hi(checksum)=0xECD25EDDB91429DE
lo(checksum)=0xC8E10A29F9E400A0
key=encoded, no.=45, <checksum>:
0xECD25EDDB91429DEC8E10A29F9E400A0
key=encoded, no.=45, cso file:
/dev/null
----------------------------------------------
real command=cset shield -e /home/nrink/Projects/build/encode/encode/tests/array_sum/array_sum.perf.encoded --  --cso /dev/null
key=encoded, no.=46, <stderr>:
LENGTH=60
elapsed cycles: 114768
hi(checksum)=0xECD25EDDB91429DE
lo(checksum)=0xC8E10A29F9E400A0
key=encoded, no.=46, <checksum>:
0xECD25EDDB91429DEC8E10A29F9E400A0
key=encoded, no.=46, cso file:
/dev/null
----------------------------------------------
real command=cset shield -e /home/nrink/Projects/build/encode/encode/tests/array_sum/array_sum.perf.encoded --  --cso /dev/null
key=encoded, no.=47, <stderr>:
LENGTH=60
elapsed cycles: 115074
hi(checksum)=0xECD25EDDB91429DE
lo(checksum)=0xC8E10A29F9E400A0
key=encoded, no.=47, <checksum>:
0xECD25EDDB91429DEC8E10A29F9E400A0
key=encoded, no.=47, cso file:
/dev/null
----------------------------------------------
real command=cset shield -e /home/nrink/Projects/build/encode/encode/tests/array_sum/array_sum.perf.encoded --  --cso /dev/null
key=encoded, no.=48, <stderr>:
LENGTH=60
elapsed cycles: 82797
hi(checksum)=0xECD25EDDB91429DE
lo(checksum)=0xC8E10A29F9E400A0
key=encoded, no.=48, <checksum>:
0xECD25EDDB91429DEC8E10A29F9E400A0
key=encoded, no.=48, cso file:
/dev/null
----------------------------------------------
real command=cset shield -e /home/nrink/Projects/build/encode/encode/tests/array_sum/array_sum.perf.encoded --  --cso /dev/null
key=encoded, no.=49, <stderr>:
LENGTH=60
elapsed cycles: 82452
hi(checksum)=0xECD25EDDB91429DE
lo(checksum)=0xC8E10A29F9E400A0
key=encoded, no.=49, <checksum>:
0xECD25EDDB91429DEC8E10A29F9E400A0
key=encoded, no.=49, cso file:
/dev/null
----------------------------------------------
real command=cset shield -e /home/nrink/Projects/build/encode/encode/tests/array_sum/array_sum.perf.encoded --  --cso /dev/null
key=encoded, no.=50, <stderr>:
LENGTH=60
elapsed cycles: 82476
hi(checksum)=0xECD25EDDB91429DE
lo(checksum)=0xC8E10A29F9E400A0
key=encoded, no.=50, <checksum>:
0xECD25EDDB91429DEC8E10A29F9E400A0
key=encoded, no.=50, cso file:
/dev/null
----------------------------------------------
real command=cset shield -e /home/nrink/Projects/build/encode/encode/tests/array_sum/array_sum.perf.encoded --  --cso /dev/null
key=encoded, no.=51, <stderr>:
LENGTH=60
elapsed cycles: 82986
hi(checksum)=0xECD25EDDB91429DE
lo(checksum)=0xC8E10A29F9E400A0
key=encoded, no.=51, <checksum>:
0xECD25EDDB91429DEC8E10A29F9E400A0
key=encoded, no.=51, cso file:
/dev/null
----------------------------------------------
real command=cset shield -e /home/nrink/Projects/build/encode/encode/tests/array_sum/array_sum.perf.encoded --  --cso /dev/null
key=encoded, no.=52, <stderr>:
LENGTH=60
elapsed cycles: 82380
hi(checksum)=0xECD25EDDB91429DE
lo(checksum)=0xC8E10A29F9E400A0
key=encoded, no.=52, <checksum>:
0xECD25EDDB91429DEC8E10A29F9E400A0
key=encoded, no.=52, cso file:
/dev/null
----------------------------------------------
real command=cset shield -e /home/nrink/Projects/build/encode/encode/tests/array_sum/array_sum.perf.encoded --  --cso /dev/null
key=encoded, no.=53, <stderr>:
LENGTH=60
elapsed cycles: 82416
hi(checksum)=0xECD25EDDB91429DE
lo(checksum)=0xC8E10A29F9E400A0
key=encoded, no.=53, <checksum>:
0xECD25EDDB91429DEC8E10A29F9E400A0
key=encoded, no.=53, cso file:
/dev/null
----------------------------------------------
real command=cset shield -e /home/nrink/Projects/build/encode/encode/tests/array_sum/array_sum.perf.encoded --  --cso /dev/null
key=encoded, no.=54, <stderr>:
LENGTH=60
elapsed cycles: 82365
hi(checksum)=0xECD25EDDB91429DE
lo(checksum)=0xC8E10A29F9E400A0
key=encoded, no.=54, <checksum>:
0xECD25EDDB91429DEC8E10A29F9E400A0
key=encoded, no.=54, cso file:
/dev/null
----------------------------------------------
real command=cset shield -e /home/nrink/Projects/build/encode/encode/tests/array_sum/array_sum.perf.encoded --  --cso /dev/null
key=encoded, no.=55, <stderr>:
LENGTH=60
elapsed cycles: 82488
hi(checksum)=0xECD25EDDB91429DE
lo(checksum)=0xC8E10A29F9E400A0
key=encoded, no.=55, <checksum>:
0xECD25EDDB91429DEC8E10A29F9E400A0
key=encoded, no.=55, cso file:
/dev/null
----------------------------------------------
real command=cset shield -e /home/nrink/Projects/build/encode/encode/tests/array_sum/array_sum.perf.encoded --  --cso /dev/null
key=encoded, no.=56, <stderr>:
LENGTH=60
elapsed cycles: 82518
hi(checksum)=0xECD25EDDB91429DE
lo(checksum)=0xC8E10A29F9E400A0
key=encoded, no.=56, <checksum>:
0xECD25EDDB91429DEC8E10A29F9E400A0
key=encoded, no.=56, cso file:
/dev/null
----------------------------------------------
real command=cset shield -e /home/nrink/Projects/build/encode/encode/tests/array_sum/array_sum.perf.encoded --  --cso /dev/null
key=encoded, no.=57, <stderr>:
LENGTH=60
elapsed cycles: 82305
hi(checksum)=0xECD25EDDB91429DE
lo(checksum)=0xC8E10A29F9E400A0
key=encoded, no.=57, <checksum>:
0xECD25EDDB91429DEC8E10A29F9E400A0
key=encoded, no.=57, cso file:
/dev/null
----------------------------------------------
real command=cset shield -e /home/nrink/Projects/build/encode/encode/tests/array_sum/array_sum.perf.encoded --  --cso /dev/null
key=encoded, no.=58, <stderr>:
LENGTH=60
elapsed cycles: 82347
hi(checksum)=0xECD25EDDB91429DE
lo(checksum)=0xC8E10A29F9E400A0
key=encoded, no.=58, <checksum>:
0xECD25EDDB91429DEC8E10A29F9E400A0
key=encoded, no.=58, cso file:
/dev/null
----------------------------------------------
real command=cset shield -e /home/nrink/Projects/build/encode/encode/tests/array_sum/array_sum.perf.encoded --  --cso /dev/null
key=encoded, no.=59, <stderr>:
LENGTH=60
elapsed cycles: 82695
hi(checksum)=0xECD25EDDB91429DE
lo(checksum)=0xC8E10A29F9E400A0
key=encoded, no.=59, <checksum>:
0xECD25EDDB91429DEC8E10A29F9E400A0
key=encoded, no.=59, cso file:
/dev/null
----------------------------------------------
real command=cset shield -e /home/nrink/Projects/build/encode/encode/tests/array_sum/array_sum.perf.encoded --  --cso /dev/null
key=encoded, no.=60, <stderr>:
LENGTH=60
elapsed cycles: 82800
hi(checksum)=0xECD25EDDB91429DE
lo(checksum)=0xC8E10A29F9E400A0
key=encoded, no.=60, <checksum>:
0xECD25EDDB91429DEC8E10A29F9E400A0
key=encoded, no.=60, cso file:
/dev/null
----------------------------------------------
real command=cset shield -e /home/nrink/Projects/build/encode/encode/tests/array_sum/array_sum.perf.encoded --  --cso /dev/null
key=encoded, no.=61, <stderr>:
LENGTH=60
elapsed cycles: 82446
hi(checksum)=0xECD25EDDB91429DE
lo(checksum)=0xC8E10A29F9E400A0
key=encoded, no.=61, <checksum>:
0xECD25EDDB91429DEC8E10A29F9E400A0
key=encoded, no.=61, cso file:
/dev/null
----------------------------------------------
real command=cset shield -e /home/nrink/Projects/build/encode/encode/tests/array_sum/array_sum.perf.encoded --  --cso /dev/null
key=encoded, no.=62, <stderr>:
LENGTH=60
elapsed cycles: 82416
hi(checksum)=0xECD25EDDB91429DE
lo(checksum)=0xC8E10A29F9E400A0
key=encoded, no.=62, <checksum>:
0xECD25EDDB91429DEC8E10A29F9E400A0
key=encoded, no.=62, cso file:
/dev/null
----------------------------------------------
real command=cset shield -e /home/nrink/Projects/build/encode/encode/tests/array_sum/array_sum.perf.encoded --  --cso /dev/null
key=encoded, no.=63, <stderr>:
LENGTH=60
elapsed cycles: 82476
hi(checksum)=0xECD25EDDB91429DE
lo(checksum)=0xC8E10A29F9E400A0
key=encoded, no.=63, <checksum>:
0xECD25EDDB91429DEC8E10A29F9E400A0
key=encoded, no.=63, cso file:
/dev/null
----------------------------------------------
real command=cset shield -e /home/nrink/Projects/build/encode/encode/tests/array_sum/array_sum.perf.encoded --  --cso /dev/null
key=encoded, no.=64, <stderr>:
LENGTH=60
elapsed cycles: 82350
hi(checksum)=0xECD25EDDB91429DE
lo(checksum)=0xC8E10A29F9E400A0
key=encoded, no.=64, <checksum>:
0xECD25EDDB91429DEC8E10A29F9E400A0
key=encoded, no.=64, cso file:
/dev/null
----------------------------------------------
real command=cset shield -e /home/nrink/Projects/build/encode/encode/tests/array_sum/array_sum.perf.encoded --  --cso /dev/null
key=encoded, no.=65, <stderr>:
LENGTH=60
elapsed cycles: 82524
hi(checksum)=0xECD25EDDB91429DE
lo(checksum)=0xC8E10A29F9E400A0
key=encoded, no.=65, <checksum>:
0xECD25EDDB91429DEC8E10A29F9E400A0
key=encoded, no.=65, cso file:
/dev/null
----------------------------------------------
real command=cset shield -e /home/nrink/Projects/build/encode/encode/tests/array_sum/array_sum.perf.encoded --  --cso /dev/null
key=encoded, no.=66, <stderr>:
LENGTH=60
elapsed cycles: 82413
hi(checksum)=0xECD25EDDB91429DE
lo(checksum)=0xC8E10A29F9E400A0
key=encoded, no.=66, <checksum>:
0xECD25EDDB91429DEC8E10A29F9E400A0
key=encoded, no.=66, cso file:
/dev/null
----------------------------------------------
real command=cset shield -e /home/nrink/Projects/build/encode/encode/tests/array_sum/array_sum.perf.encoded --  --cso /dev/null
key=encoded, no.=67, <stderr>:
LENGTH=60
elapsed cycles: 82476
hi(checksum)=0xECD25EDDB91429DE
lo(checksum)=0xC8E10A29F9E400A0
key=encoded, no.=67, <checksum>:
0xECD25EDDB91429DEC8E10A29F9E400A0
key=encoded, no.=67, cso file:
/dev/null
----------------------------------------------
real command=cset shield -e /home/nrink/Projects/build/encode/encode/tests/array_sum/array_sum.perf.encoded --  --cso /dev/null
key=encoded, no.=68, <stderr>:
LENGTH=60
elapsed cycles: 82395
hi(checksum)=0xECD25EDDB91429DE
lo(checksum)=0xC8E10A29F9E400A0
key=encoded, no.=68, <checksum>:
0xECD25EDDB91429DEC8E10A29F9E400A0
key=encoded, no.=68, cso file:
/dev/null
----------------------------------------------
real command=cset shield -e /home/nrink/Projects/build/encode/encode/tests/array_sum/array_sum.perf.encoded --  --cso /dev/null
key=encoded, no.=69, <stderr>:
LENGTH=60
elapsed cycles: 114924
hi(checksum)=0xECD25EDDB91429DE
lo(checksum)=0xC8E10A29F9E400A0
key=encoded, no.=69, <checksum>:
0xECD25EDDB91429DEC8E10A29F9E400A0
key=encoded, no.=69, cso file:
/dev/null
----------------------------------------------
real command=cset shield -e /home/nrink/Projects/build/encode/encode/tests/array_sum/array_sum.perf.encoded --  --cso /dev/null
key=encoded, no.=70, <stderr>:
LENGTH=60
elapsed cycles: 114693
hi(checksum)=0xECD25EDDB91429DE
lo(checksum)=0xC8E10A29F9E400A0
key=encoded, no.=70, <checksum>:
0xECD25EDDB91429DEC8E10A29F9E400A0
key=encoded, no.=70, cso file:
/dev/null
----------------------------------------------
real command=cset shield -e /home/nrink/Projects/build/encode/encode/tests/array_sum/array_sum.perf.encoded --  --cso /dev/null
key=encoded, no.=71, <stderr>:
LENGTH=60
elapsed cycles: 82545
hi(checksum)=0xECD25EDDB91429DE
lo(checksum)=0xC8E10A29F9E400A0
key=encoded, no.=71, <checksum>:
0xECD25EDDB91429DEC8E10A29F9E400A0
key=encoded, no.=71, cso file:
/dev/null
----------------------------------------------
real command=cset shield -e /home/nrink/Projects/build/encode/encode/tests/array_sum/array_sum.perf.encoded --  --cso /dev/null
key=encoded, no.=72, <stderr>:
LENGTH=60
elapsed cycles: 82497
hi(checksum)=0xECD25EDDB91429DE
lo(checksum)=0xC8E10A29F9E400A0
key=encoded, no.=72, <checksum>:
0xECD25EDDB91429DEC8E10A29F9E400A0
key=encoded, no.=72, cso file:
/dev/null
----------------------------------------------
real command=cset shield -e /home/nrink/Projects/build/encode/encode/tests/array_sum/array_sum.perf.encoded --  --cso /dev/null
key=encoded, no.=73, <stderr>:
LENGTH=60
elapsed cycles: 82488
hi(checksum)=0xECD25EDDB91429DE
lo(checksum)=0xC8E10A29F9E400A0
key=encoded, no.=73, <checksum>:
0xECD25EDDB91429DEC8E10A29F9E400A0
key=encoded, no.=73, cso file:
/dev/null
----------------------------------------------
real command=cset shield -e /home/nrink/Projects/build/encode/encode/tests/array_sum/array_sum.perf.encoded --  --cso /dev/null
key=encoded, no.=74, <stderr>:
LENGTH=60
elapsed cycles: 82650
hi(checksum)=0xECD25EDDB91429DE
lo(checksum)=0xC8E10A29F9E400A0
key=encoded, no.=74, <checksum>:
0xECD25EDDB91429DEC8E10A29F9E400A0
key=encoded, no.=74, cso file:
/dev/null
----------------------------------------------
real command=cset shield -e /home/nrink/Projects/build/encode/encode/tests/array_sum/array_sum.perf.encoded --  --cso /dev/null
key=encoded, no.=75, <stderr>:
LENGTH=60
elapsed cycles: 82416
hi(checksum)=0xECD25EDDB91429DE
lo(checksum)=0xC8E10A29F9E400A0
key=encoded, no.=75, <checksum>:
0xECD25EDDB91429DEC8E10A29F9E400A0
key=encoded, no.=75, cso file:
/dev/null
----------------------------------------------
real command=cset shield -e /home/nrink/Projects/build/encode/encode/tests/array_sum/array_sum.perf.encoded --  --cso /dev/null
key=encoded, no.=76, <stderr>:
LENGTH=60
elapsed cycles: 82260
hi(checksum)=0xECD25EDDB91429DE
lo(checksum)=0xC8E10A29F9E400A0
key=encoded, no.=76, <checksum>:
0xECD25EDDB91429DEC8E10A29F9E400A0
key=encoded, no.=76, cso file:
/dev/null
----------------------------------------------
real command=cset shield -e /home/nrink/Projects/build/encode/encode/tests/array_sum/array_sum.perf.encoded --  --cso /dev/null
key=encoded, no.=77, <stderr>:
LENGTH=60
elapsed cycles: 115002
hi(checksum)=0xECD25EDDB91429DE
lo(checksum)=0xC8E10A29F9E400A0
key=encoded, no.=77, <checksum>:
0xECD25EDDB91429DEC8E10A29F9E400A0
key=encoded, no.=77, cso file:
/dev/null
----------------------------------------------
real command=cset shield -e /home/nrink/Projects/build/encode/encode/tests/array_sum/array_sum.perf.encoded --  --cso /dev/null
key=encoded, no.=78, <stderr>:
LENGTH=60
elapsed cycles: 82563
hi(checksum)=0xECD25EDDB91429DE
lo(checksum)=0xC8E10A29F9E400A0
key=encoded, no.=78, <checksum>:
0xECD25EDDB91429DEC8E10A29F9E400A0
key=encoded, no.=78, cso file:
/dev/null
----------------------------------------------
real command=cset shield -e /home/nrink/Projects/build/encode/encode/tests/array_sum/array_sum.perf.encoded --  --cso /dev/null
key=encoded, no.=79, <stderr>:
LENGTH=60
elapsed cycles: 115092
hi(checksum)=0xECD25EDDB91429DE
lo(checksum)=0xC8E10A29F9E400A0
key=encoded, no.=79, <checksum>:
0xECD25EDDB91429DEC8E10A29F9E400A0
key=encoded, no.=79, cso file:
/dev/null
----------------------------------------------
real command=cset shield -e /home/nrink/Projects/build/encode/encode/tests/array_sum/array_sum.perf.encoded --  --cso /dev/null
key=encoded, no.=80, <stderr>:
LENGTH=60
elapsed cycles: 82491
hi(checksum)=0xECD25EDDB91429DE
lo(checksum)=0xC8E10A29F9E400A0
key=encoded, no.=80, <checksum>:
0xECD25EDDB91429DEC8E10A29F9E400A0
key=encoded, no.=80, cso file:
/dev/null
----------------------------------------------
real command=cset shield -e /home/nrink/Projects/build/encode/encode/tests/array_sum/array_sum.perf.encoded --  --cso /dev/null
key=encoded, no.=81, <stderr>:
LENGTH=60
elapsed cycles: 82503
hi(checksum)=0xECD25EDDB91429DE
lo(checksum)=0xC8E10A29F9E400A0
key=encoded, no.=81, <checksum>:
0xECD25EDDB91429DEC8E10A29F9E400A0
key=encoded, no.=81, cso file:
/dev/null
----------------------------------------------
real command=cset shield -e /home/nrink/Projects/build/encode/encode/tests/array_sum/array_sum.perf.encoded --  --cso /dev/null
key=encoded, no.=82, <stderr>:
LENGTH=60
elapsed cycles: 82707
hi(checksum)=0xECD25EDDB91429DE
lo(checksum)=0xC8E10A29F9E400A0
key=encoded, no.=82, <checksum>:
0xECD25EDDB91429DEC8E10A29F9E400A0
key=encoded, no.=82, cso file:
/dev/null
----------------------------------------------
real command=cset shield -e /home/nrink/Projects/build/encode/encode/tests/array_sum/array_sum.perf.encoded --  --cso /dev/null
key=encoded, no.=83, <stderr>:
LENGTH=60
elapsed cycles: 82371
hi(checksum)=0xECD25EDDB91429DE
lo(checksum)=0xC8E10A29F9E400A0
key=encoded, no.=83, <checksum>:
0xECD25EDDB91429DEC8E10A29F9E400A0
key=encoded, no.=83, cso file:
/dev/null
----------------------------------------------
real command=cset shield -e /home/nrink/Projects/build/encode/encode/tests/array_sum/array_sum.perf.encoded --  --cso /dev/null
key=encoded, no.=84, <stderr>:
LENGTH=60
elapsed cycles: 114732
hi(checksum)=0xECD25EDDB91429DE
lo(checksum)=0xC8E10A29F9E400A0
key=encoded, no.=84, <checksum>:
0xECD25EDDB91429DEC8E10A29F9E400A0
key=encoded, no.=84, cso file:
/dev/null
----------------------------------------------
real command=cset shield -e /home/nrink/Projects/build/encode/encode/tests/array_sum/array_sum.perf.encoded --  --cso /dev/null
key=encoded, no.=85, <stderr>:
LENGTH=60
elapsed cycles: 82338
hi(checksum)=0xECD25EDDB91429DE
lo(checksum)=0xC8E10A29F9E400A0
key=encoded, no.=85, <checksum>:
0xECD25EDDB91429DEC8E10A29F9E400A0
key=encoded, no.=85, cso file:
/dev/null
----------------------------------------------
real command=cset shield -e /home/nrink/Projects/build/encode/encode/tests/array_sum/array_sum.perf.encoded --  --cso /dev/null
key=encoded, no.=86, <stderr>:
LENGTH=60
elapsed cycles: 82557
hi(checksum)=0xECD25EDDB91429DE
lo(checksum)=0xC8E10A29F9E400A0
key=encoded, no.=86, <checksum>:
0xECD25EDDB91429DEC8E10A29F9E400A0
key=encoded, no.=86, cso file:
/dev/null
----------------------------------------------
real command=cset shield -e /home/nrink/Projects/build/encode/encode/tests/array_sum/array_sum.perf.encoded --  --cso /dev/null
key=encoded, no.=87, <stderr>:
LENGTH=60
elapsed cycles: 114834
hi(checksum)=0xECD25EDDB91429DE
lo(checksum)=0xC8E10A29F9E400A0
key=encoded, no.=87, <checksum>:
0xECD25EDDB91429DEC8E10A29F9E400A0
key=encoded, no.=87, cso file:
/dev/null
----------------------------------------------
real command=cset shield -e /home/nrink/Projects/build/encode/encode/tests/array_sum/array_sum.perf.encoded --  --cso /dev/null
key=encoded, no.=88, <stderr>:
LENGTH=60
elapsed cycles: 82206
hi(checksum)=0xECD25EDDB91429DE
lo(checksum)=0xC8E10A29F9E400A0
key=encoded, no.=88, <checksum>:
0xECD25EDDB91429DEC8E10A29F9E400A0
key=encoded, no.=88, cso file:
/dev/null
----------------------------------------------
real command=cset shield -e /home/nrink/Projects/build/encode/encode/tests/array_sum/array_sum.perf.encoded --  --cso /dev/null
key=encoded, no.=89, <stderr>:
LENGTH=60
elapsed cycles: 82218
hi(checksum)=0xECD25EDDB91429DE
lo(checksum)=0xC8E10A29F9E400A0
key=encoded, no.=89, <checksum>:
0xECD25EDDB91429DEC8E10A29F9E400A0
key=encoded, no.=89, cso file:
/dev/null
----------------------------------------------
real command=cset shield -e /home/nrink/Projects/build/encode/encode/tests/array_sum/array_sum.perf.encoded --  --cso /dev/null
key=encoded, no.=90, <stderr>:
LENGTH=60
elapsed cycles: 141768
hi(checksum)=0xECD25EDDB91429DE
lo(checksum)=0xC8E10A29F9E400A0
key=encoded, no.=90, <checksum>:
0xECD25EDDB91429DEC8E10A29F9E400A0
key=encoded, no.=90, cso file:
/dev/null
----------------------------------------------
real command=cset shield -e /home/nrink/Projects/build/encode/encode/tests/array_sum/array_sum.perf.encoded --  --cso /dev/null
key=encoded, no.=91, <stderr>:
LENGTH=60
elapsed cycles: 82320
hi(checksum)=0xECD25EDDB91429DE
lo(checksum)=0xC8E10A29F9E400A0
key=encoded, no.=91, <checksum>:
0xECD25EDDB91429DEC8E10A29F9E400A0
key=encoded, no.=91, cso file:
/dev/null
----------------------------------------------
real command=cset shield -e /home/nrink/Projects/build/encode/encode/tests/array_sum/array_sum.perf.encoded --  --cso /dev/null
key=encoded, no.=92, <stderr>:
LENGTH=60
elapsed cycles: 82506
hi(checksum)=0xECD25EDDB91429DE
lo(checksum)=0xC8E10A29F9E400A0
key=encoded, no.=92, <checksum>:
0xECD25EDDB91429DEC8E10A29F9E400A0
key=encoded, no.=92, cso file:
/dev/null
----------------------------------------------
real command=cset shield -e /home/nrink/Projects/build/encode/encode/tests/array_sum/array_sum.perf.encoded --  --cso /dev/null
key=encoded, no.=93, <stderr>:
LENGTH=60
elapsed cycles: 82410
hi(checksum)=0xECD25EDDB91429DE
lo(checksum)=0xC8E10A29F9E400A0
key=encoded, no.=93, <checksum>:
0xECD25EDDB91429DEC8E10A29F9E400A0
key=encoded, no.=93, cso file:
/dev/null
----------------------------------------------
real command=cset shield -e /home/nrink/Projects/build/encode/encode/tests/array_sum/array_sum.perf.encoded --  --cso /dev/null
key=encoded, no.=94, <stderr>:
LENGTH=60
elapsed cycles: 82365
hi(checksum)=0xECD25EDDB91429DE
lo(checksum)=0xC8E10A29F9E400A0
key=encoded, no.=94, <checksum>:
0xECD25EDDB91429DEC8E10A29F9E400A0
key=encoded, no.=94, cso file:
/dev/null
----------------------------------------------
real command=cset shield -e /home/nrink/Projects/build/encode/encode/tests/array_sum/array_sum.perf.encoded --  --cso /dev/null
key=encoded, no.=95, <stderr>:
LENGTH=60
elapsed cycles: 82710
hi(checksum)=0xECD25EDDB91429DE
lo(checksum)=0xC8E10A29F9E400A0
key=encoded, no.=95, <checksum>:
0xECD25EDDB91429DEC8E10A29F9E400A0
key=encoded, no.=95, cso file:
/dev/null
----------------------------------------------
real command=cset shield -e /home/nrink/Projects/build/encode/encode/tests/array_sum/array_sum.perf.encoded --  --cso /dev/null
key=encoded, no.=96, <stderr>:
LENGTH=60
elapsed cycles: 82725
hi(checksum)=0xECD25EDDB91429DE
lo(checksum)=0xC8E10A29F9E400A0
key=encoded, no.=96, <checksum>:
0xECD25EDDB91429DEC8E10A29F9E400A0
key=encoded, no.=96, cso file:
/dev/null
----------------------------------------------
real command=cset shield -e /home/nrink/Projects/build/encode/encode/tests/array_sum/array_sum.perf.encoded --  --cso /dev/null
key=encoded, no.=97, <stderr>:
LENGTH=60
elapsed cycles: 82473
hi(checksum)=0xECD25EDDB91429DE
lo(checksum)=0xC8E10A29F9E400A0
key=encoded, no.=97, <checksum>:
0xECD25EDDB91429DEC8E10A29F9E400A0
key=encoded, no.=97, cso file:
/dev/null
----------------------------------------------
real command=cset shield -e /home/nrink/Projects/build/encode/encode/tests/array_sum/array_sum.perf.encoded --  --cso /dev/null
key=encoded, no.=98, <stderr>:
LENGTH=60
elapsed cycles: 82674
hi(checksum)=0xECD25EDDB91429DE
lo(checksum)=0xC8E10A29F9E400A0
key=encoded, no.=98, <checksum>:
0xECD25EDDB91429DEC8E10A29F9E400A0
key=encoded, no.=98, cso file:
/dev/null
----------------------------------------------
real command=cset shield -e /home/nrink/Projects/build/encode/encode/tests/array_sum/array_sum.perf.encoded --  --cso /dev/null
key=encoded, no.=99, <stderr>:
LENGTH=60
elapsed cycles: 82611
hi(checksum)=0xECD25EDDB91429DE
lo(checksum)=0xC8E10A29F9E400A0
key=encoded, no.=99, <checksum>:
0xECD25EDDB91429DEC8E10A29F9E400A0
key=encoded, no.=99, cso file:
/dev/null
----------------------------------------------
