<stderr> from running /home/nrink/Projects/pin-2.14-71313-gcc.4.4.7-linux/pin.sh -t /home/nrink/Projects/bfi/obj-intel64/bfi.so -trigger 152034 -cmd WREG -seed 1 -mask 56 -- /home/nrink/Projects/build/encode/encode/tests/array_sum/array_sum.cover.encoded --cso ./2015-05-05_16:42:18/array_sum/cover/cs/encoded.71.cso --csl ./2015-05-05_16:42:18/array_sum/cover/cs/encoded.71.csl:
[.:    0, IP = 0x400d79, i = 152034, wa = 0, ra = 0, rr = 0, wr = 0, it = 0, t = 0]
	at ip 0x400d7b, eax = 0x4e998bee, eax' = 0x4e998bd6
elapsed cycles: 76107924
hi(checksum)=0x0000000000000000
lo(checksum)=0x00000000000001A4
**********************
INSTR   = 160603
WADDR   = 0
RADDR   = 0
RREG    = 0
WREG    = 0
ITER    = 0
TRIGGER = 152034
TTYPE   = IN
COMMAND = WREG
SEL     = -1
SEED    = 1
MASK    = 0x38
THREAD  = 0
ELAPSED = 1.76s
----------------------------------------------------------------
