<stderr> from running /home/nrink/Projects/pin-2.14-71313-gcc.4.4.7-linux/pin.sh -t /home/nrink/Projects/bfi/obj-intel64/bfi.so -trigger 165556 -cmd TXT -seed 1 -mask 79 -- /home/nrink/Projects/build/encode/encode/tests/quicksort/quicksort.cover.encoded --cso ./2015-05-05_16:55:44/quicksort/cover/cs/encoded.68.cso --csl ./2015-05-05_16:55:44/quicksort/cover/cs/encoded.68.csl:
[.:    0, IP = 0x40102d, i = 165556, wa = 0, ra = 0, rr = 0, wr = 0, it = 0, t = 0]
	ip' = 0x401031, size = 4, mask = 79, idx = 1, byte = 131, byte' = 204
elapsed cycles: 552723003
hi(checksum)=0x0000000000000000
lo(checksum)=0x00007CDAE2B040F7
**********************
INSTR   = 175903
WADDR   = 0
RADDR   = 0
RREG    = 0
WREG    = 0
ITER    = 0
TRIGGER = 165556
TTYPE   = IN
COMMAND = TXT
SEL     = -1
SEED    = 1
MASK    = 0x4f
THREAD  = 0
ELAPSED = 6.82s
----------------------------------------------------------------
