<stderr> from running /home/nrink/Projects/pin-2.14-71313-gcc.4.4.7-linux/pin.sh -t /home/nrink/Projects/bfi/obj-intel64/bfi.so -trigger 164164 -cmd RADDR -seed 1 -mask 175 -- /home/nrink/Projects/build/encode/encode/tests/quicksort/quicksort.cover.encoded --cso ./2015-05-05_16:55:44/quicksort/cover/cs/encoded.37.cso --csl ./2015-05-05_16:55:44/quicksort/cover/cs/encoded.37.csl:
[.:    0, IP = 0x400ff0, i = 164187, wa = 0, ra = 0, rr = 0, wr = 0, it = 0, t = 0]
	access = read, size = 8, addr = 0x6020e0, addr' = 0x60204f, op = 0
elapsed cycles: 719083971
hi(checksum)=0x0000000000000000
lo(checksum)=0x75EF94F939FA5F31
**********************
INSTR   = 175759
WADDR   = 0
RADDR   = 0
RREG    = 0
WREG    = 0
ITER    = 0
TRIGGER = 164164
TTYPE   = IN
COMMAND = RADDR
SEL     = -1
SEED    = 1
MASK    = 0xaf
THREAD  = 0
ELAPSED = 8.03s
----------------------------------------------------------------
