<stderr> from running /home/nrink/Projects/pin-2.14-71313-gcc.4.4.7-linux/pin.sh -t /home/nrink/Projects/bfi/obj-intel64/bfi.so -trigger 164030 -cmd RVAL -seed 1 -mask 93 -- /home/nrink/Projects/build/encode/encode/tests/quicksort/quicksort.cover.plain --cso ./2015-05-05_16:55:44/quicksort/cover/cs/plain.64.cso --csl ./2015-05-05_16:55:44/quicksort/cover/cs/plain.64.csl:
[.:    0, IP = 0x400b36, i = 164033, wa = 0, ra = 0, rr = 0, wr = 0, it = 0, t = 0]
	access = read, size = 8, value = 7, value' = 90, addr = 0x7fffffffe100, op = 0
elapsed cycles: 157102551
hi(checksum)=0x0000000000000000
lo(checksum)=0x00007CDAE2B040F7
**********************
INSTR   = 174426
WADDR   = 0
RADDR   = 0
RREG    = 0
WREG    = 0
ITER    = 0
TRIGGER = 164030
TTYPE   = IN
COMMAND = RVAL
SEL     = -1
SEED    = 1
MASK    = 0x5d
THREAD  = 0
ELAPSED = 3.60s
----------------------------------------------------------------
