<stderr> from running /home/nrink/Projects/pin-2.14-71313-gcc.4.4.7-linux/pin.sh -t /home/nrink/Projects/bfi/obj-intel64/bfi.so -trigger 164993 -cmd TXT -seed 1 -mask 238 -- /home/nrink/Projects/build/encode/encode/tests/quicksort/quicksort.cover.encoded --cso ./2015-05-05_16:21:28/quicksort/cover/cs/encoded.95.cso --csl ./2015-05-05_16:21:28/quicksort/cover/cs/encoded.95.csl:
[.:    0, IP = 0x400fae, i = 164993, wa = 0, ra = 0, rr = 0, wr = 0, it = 0, t = 0]
	ip' = 0x400fb3, size = 5, mask = 238, idx = 3, byte = 26, byte' = 244
elapsed cycles: 1386956982
hi(checksum)=0x0000000000000000
lo(checksum)=0x00007CDAE2B040F7
**********************
INSTR   = 175929
WADDR   = 0
RADDR   = 0
RREG    = 0
WREG    = 0
ITER    = 0
TRIGGER = 164993
TTYPE   = IN
COMMAND = TXT
SEL     = -1
SEED    = 1
MASK    = 0xee
THREAD  = 0
ELAPSED = 7.04s
----------------------------------------------------------------
