<stderr> from running /home/nrink/Projects/pin-2.14-71313-gcc.4.4.7-linux/pin.sh -t /home/nrink/Projects/bfi/obj-intel64/bfi.so -trigger 165559 -cmd TXT -seed 1 -mask 115 -- /home/nrink/Projects/build/encode/encode/tests/quicksort/quicksort.cover.encoded --cso ./2015-05-05_16:21:28/quicksort/cover/cs/encoded.77.cso --csl ./2015-05-05_16:21:28/quicksort/cover/cs/encoded.77.csl:
[.:    0, IP = 0x40103a, i = 165559, wa = 0, ra = 0, rr = 0, wr = 0, it = 0, t = 0]
	ip' = 0x40103b, size = 1, mask = 115, idx = 0, byte = 93, byte' = 46
elapsed cycles: 642443802
hi(checksum)=0x0000000000000000
lo(checksum)=0x00007CDAE2B040F7
**********************
INSTR   = 175912
WADDR   = 0
RADDR   = 0
RREG    = 0
WREG    = 0
ITER    = 0
TRIGGER = 165559
TTYPE   = IN
COMMAND = TXT
SEL     = -1
SEED    = 1
MASK    = 0x73
THREAD  = 0
ELAPSED = 6.64s
----------------------------------------------------------------
