<stderr> from running /home/nrink/Projects/pin-2.14-71313-gcc.4.4.7-linux/pin.sh -t /home/nrink/Projects/bfi/obj-intel64/bfi.so -trigger 100244685 -cmd TXT -seed 1 -mask 87 -- /home/nrink/Projects/build/encode/encode/tests/matmul/matmul.cover.encoded --cso ./2015-05-05_16:21:28/matmul/cover/cs/encoded.8.cso --csl ./2015-05-05_16:21:28/matmul/cover/cs/encoded.8.csl:
[.:    0, IP = 0x400bd2, i = 100244685, wa = 0, ra = 0, rr = 0, wr = 0, it = 0, t = 0]
	ip' = 0x400bd6, size = 4, mask = 87, idx = 1, byte = 139, byte' = 220
elapsed cycles: 73596251319
hi(checksum)=0xAD8390F05779BECB
lo(checksum)=0xC4A447B868780000
**********************
INSTR   = 184748460
WADDR   = 0
RADDR   = 0
RREG    = 0
WREG    = 0
ITER    = 0
TRIGGER = 100244685
TTYPE   = IN
COMMAND = TXT
SEL     = -1
SEED    = 1
MASK    = 0x57
THREAD  = 0
ELAPSED = 25.18s
----------------------------------------------------------------
