<stderr> from running /home/nrink/Projects/pin-2.14-71313-gcc.4.4.7-linux/pin.sh -t /home/nrink/Projects/bfi/obj-intel64/bfi.so -trigger 163635 -cmd WVAL -seed 1 -mask 59 -- /home/nrink/Projects/build/encode/encode/tests/bubblesort/bubblesort.cover.plain --cso ./2015-05-05_12:10:21/bubblesort/cover/cs/plain.56.cso --csl ./2015-05-05_12:10:21/bubblesort/cover/cs/plain.56.csl:
[.:    0, IP = 0x400a21, i = 163642, wa = 0, ra = 0, rr = 0, wr = 0, it = 0, t = 0]
	access = write, size = 8, value = 1, value' = 58, addr = 0x602108, op = 0
elapsed cycles: 47183154
hi(checksum)=0x0000000000000000
lo(checksum)=0x0000F640F8156EB4
**********************
INSTR   = 174420
WADDR   = 0
RADDR   = 0
RREG    = 0
WREG    = 0
ITER    = 0
TRIGGER = 163635
TTYPE   = IN
COMMAND = WVAL
SEL     = -1
SEED    = 1
MASK    = 0x3b
THREAD  = 0
ELAPSED = 5.01s
----------------------------------------------------------------
