<stderr> from running /home/nrink/Projects/pin-2.14-71313-gcc.4.4.7-linux/pin.sh -t /home/nrink/Projects/bfi/obj-intel64/bfi.so -trigger 164141 -cmd RREG -seed 1 -mask 58 -- /home/nrink/Projects/build/encode/encode/tests/bubblesort/bubblesort.cover.plain --cso ./2015-05-05_12:10:21/bubblesort/cover/cs/plain.98.cso --csl ./2015-05-05_12:10:21/bubblesort/cover/cs/plain.98.csl:
[.:    0, IP = 0x400af5, i = 164141, wa = 0, ra = 0, rr = 0, wr = 0, it = 0, t = 0]
	at ip 0x400af5, rax = 0x6020c8, rax' = 0x6020f2
elapsed cycles: 158941809
hi(checksum)=0x0000000000000000
lo(checksum)=0x0000F640E7706492
**********************
INSTR   = 174496
WADDR   = 0
RADDR   = 0
RREG    = 0
WREG    = 0
ITER    = 0
TRIGGER = 164141
TTYPE   = IN
COMMAND = RREG
SEL     = -1
SEED    = 1
MASK    = 0x3a
THREAD  = 0
ELAPSED = 5.60s
----------------------------------------------------------------
