<stderr> from running /home/nrink/Projects/pin-2.14-71313-gcc.4.4.7-linux/pin.sh -t /home/nrink/Projects/bfi/obj-intel64/bfi.so -trigger 164240 -cmd WADDR -seed 1 -mask 189 -- /home/nrink/Projects/build/encode/encode/tests/bubblesort/bubblesort.cover.plain --cso ./2015-05-05_12:10:21/bubblesort/cover/cs/plain.43.cso --csl ./2015-05-05_12:10:21/bubblesort/cover/cs/plain.43.csl:
[.:    0, IP = 0x400ad0, i = 164256, wa = 0, ra = 0, rr = 0, wr = 0, it = 0, t = 0]
	access = write, size = 8, addr = 0x6020c8, addr' = 0x602075, op = 0
elapsed cycles: 237435048
hi(checksum)=0x0000000000000000
lo(checksum)=0x0000F63FC61D0E5D
**********************
INSTR   = 174507
WADDR   = 0
RADDR   = 0
RREG    = 0
WREG    = 0
ITER    = 0
TRIGGER = 164240
TTYPE   = IN
COMMAND = WADDR
SEL     = -1
SEED    = 1
MASK    = 0xbd
THREAD  = 0
ELAPSED = 14.01s
----------------------------------------------------------------
