<stderr> from running /home/nrink/Projects/pin-2.14-71313-gcc.4.4.7-linux/pin.sh -t /home/nrink/Projects/bfi/obj-intel64/bfi.so -trigger 163528 -cmd TXT -seed 1 -mask 47 -- /home/nrink/Projects/build/encode/encode/tests/ptrarith/ptrarith.cover.plain --cso ./2015-05-06_10:27:32/ptrarith/cover/cs/plain.87.cso --csl ./2015-05-06_10:27:32/ptrarith/cover/cs/plain.87.csl:
[.:    0, IP = 0x4009b8, i = 163528, wa = 0, ra = 0, rr = 0, wr = 0, it = 0, t = 0]
	ip' = 0x4009c0, size = 8, mask = 47, idx = 1, byte = 15, byte' = 32
elapsed cycles: 86304741
hi(checksum)=0xBF1694865CA48119
lo(checksum)=0x17F6DE790EDB52F0
**********************
INSTR   = 177510
WADDR   = 0
RADDR   = 0
RREG    = 0
WREG    = 0
ITER    = 0
TRIGGER = 163528
TTYPE   = IN
COMMAND = TXT
SEL     = -1
SEED    = 1
MASK    = 0x2f
THREAD  = 0
ELAPSED = 3.35s
----------------------------------------------------------------
