<stderr> from running /home/nrink/Projects/pin-2.14-71313-gcc.4.4.7-linux/pin.sh -t /home/nrink/Projects/bfi/obj-intel64/bfi.so -trigger 163591 -cmd WADDR -seed 1 -mask 182 -- /home/nrink/Projects/build/encode/encode/tests/ptrarith/ptrarith.cover.plain --cso ./2015-05-06_10:27:32/ptrarith/cover/cs/plain.70.cso --csl ./2015-05-06_10:27:32/ptrarith/cover/cs/plain.70.csl:
[.:    0, IP = 0x400aa4, i = 163591, wa = 0, ra = 0, rr = 0, wr = 0, it = 0, t = 0]
	access = write, size = 8, addr = 0x603040, addr' = 0x6030f6, op = 0
elapsed cycles: 37477584
hi(checksum)=0x797BB8A7E55BDD4C
lo(checksum)=0xF892955503724F52
**********************
INSTR   = 177509
WADDR   = 0
RADDR   = 0
RREG    = 0
WREG    = 0
ITER    = 0
TRIGGER = 163591
TTYPE   = IN
COMMAND = WADDR
SEL     = -1
SEED    = 1
MASK    = 0xb6
THREAD  = 0
ELAPSED = 2.61s
----------------------------------------------------------------
