<stderr> from running /home/nrink/Projects/pin-2.14-71313-gcc.4.4.7-linux/pin.sh -t /home/nrink/Projects/bfi/obj-intel64/bfi.so -trigger 163507 -cmd WADDR -seed 1 -mask 55 -- /home/nrink/Projects/build/encode/encode/tests/ptrarith/ptrarith.cover.plain --cso ./2015-05-06_10:27:32/ptrarith/cover/cs/plain.27.cso --csl ./2015-05-06_10:27:32/ptrarith/cover/cs/plain.27.csl:
[.:    0, IP = 0x40092e, i = 163508, wa = 0, ra = 0, rr = 0, wr = 0, it = 0, t = 0]
	access = write, size = 16, addr = 0x603160, addr' = 0x603157, op = 0
elapsed cycles: 32577471
hi(checksum)=0x16B7AC2D094A44EA
lo(checksum)=0xB2C8FB182D85A750
**********************
INSTR   = 177509
WADDR   = 0
RADDR   = 0
RREG    = 0
WREG    = 0
ITER    = 0
TRIGGER = 163507
TTYPE   = IN
COMMAND = WADDR
SEL     = -1
SEED    = 1
MASK    = 0x37
THREAD  = 0
ELAPSED = 2.60s
----------------------------------------------------------------
