<stderr> from running /home/nrink/Projects/pin-2.14-71313-gcc.4.4.7-linux/pin.sh -t /home/nrink/Projects/bfi/obj-intel64/bfi.so -trigger 167997 -cmd TXT -seed 1 -mask 138 -- /home/nrink/Projects/build/encode/encode/tests/ptrarith/ptrarith.cover.encoded --cso ./2015-05-06_10:27:32/ptrarith/cover/cs/encoded.38.cso --csl ./2015-05-06_10:27:32/ptrarith/cover/cs/encoded.38.csl:
[.:    0, IP = 0x400aad, i = 167997, wa = 0, ra = 0, rr = 0, wr = 0, it = 0, t = 0]
	ip' = 0x400ab0, size = 3, mask = 138, idx = 0, byte = 76, byte' = 198
elapsed cycles: 506981319
hi(checksum)=0xBF1694865CA48119
lo(checksum)=0x17F6DE790EDB52F0
**********************
INSTR   = 182959
WADDR   = 0
RADDR   = 0
RREG    = 0
WREG    = 0
ITER    = 0
TRIGGER = 167997
TTYPE   = IN
COMMAND = TXT
SEL     = -1
SEED    = 1
MASK    = 0x8a
THREAD  = 0
ELAPSED = 3.41s
----------------------------------------------------------------
