<stderr> from running /home/nrink/Projects/pin-2.14-71313-gcc.4.4.7-linux/pin.sh -t /home/nrink/Projects/bfi/obj-intel64/bfi.so -trigger 163634 -cmd WREG -seed 1 -mask 188 -- /home/nrink/Projects/build/encode/encode/tests/ptrarith/ptrarith.cover.plain --cso ./2015-05-06_10:49:26/ptrarith/cover/cs/plain.55.cso --csl ./2015-05-06_10:49:26/ptrarith/cover/cs/plain.55.csl:
[.:    0, IP = 0x400aae, i = 163634, wa = 0, ra = 0, rr = 0, wr = 0, it = 0, t = 0]
	at ip 0x400ab2, rax = 0x6031b8, rax' = 0x603104
elapsed cycles: 29293986
hi(checksum)=0xBF1694866EDC50CE
lo(checksum)=0x3811D95C9919CF01
**********************
INSTR   = 177509
WADDR   = 0
RADDR   = 0
RREG    = 0
WREG    = 0
ITER    = 0
TRIGGER = 163634
TTYPE   = IN
COMMAND = WREG
SEL     = -1
SEED    = 1
MASK    = 0xbc
THREAD  = 0
ELAPSED = 1.68s
----------------------------------------------------------------
