<stderr> from running /home/nrink/Projects/pin-2.14-71313-gcc.4.4.7-linux/pin.sh -t /home/nrink/Projects/bfi/obj-intel64/bfi.so -trigger 163688 -cmd RVAL -seed 1 -mask 128 -- /home/nrink/Projects/build/encode/encode/tests/bubblesort/bubblesort.cover.plain --cso ./2015-05-05_14:35:44/bubblesort/cover/cs/plain.43.cso --csl ./2015-05-05_14:35:44/bubblesort/cover/cs/plain.43.csl:
[.:    0, IP = 0x400af5, i = 163691, wa = 0, ra = 0, rr = 0, wr = 0, it = 0, t = 0]
	access = read, size = 8, value = 7, value' = 135, addr = 0x6020d0, op = 0
elapsed cycles: 89594571
hi(checksum)=0x0000000000000000
lo(checksum)=0x00007CDAE2B041BF
**********************
INSTR   = 174506
WADDR   = 0
RADDR   = 0
RREG    = 0
WREG    = 0
ITER    = 0
TRIGGER = 163688
TTYPE   = IN
COMMAND = RVAL
SEL     = -1
SEED    = 1
MASK    = 0x80
THREAD  = 0
ELAPSED = 3.90s
----------------------------------------------------------------
