<stderr> from running /home/nrink/Projects/pin-2.14-71313-gcc.4.4.7-linux/pin.sh -t /home/nrink/Projects/bfi/obj-intel64/bfi.so -trigger 164740 -cmd WVAL -seed 1 -mask 218 -- /home/nrink/Projects/build/encode/encode/tests/bubblesort/bubblesort.cover.encoded --cso ./2015-05-05_14:35:44/bubblesort/cover/cs/encoded.81.cso --csl ./2015-05-05_14:35:44/bubblesort/cover/cs/encoded.81.csl:
[.:    0, IP = 0x400c60, i = 164744, wa = 0, ra = 0, rr = 0, wr = 0, it = 0, t = 0]
	access = write, size = 8, value = 1, value' = 219, addr = 0x7fffffffe170, op = 0
elapsed cycles: 464008125
hi(checksum)=0x0000000000000000
lo(checksum)=0x0000035FDC9DC0DA
**********************
INSTR   = 178582
WADDR   = 0
RADDR   = 0
RREG    = 0
WREG    = 0
ITER    = 0
TRIGGER = 164740
TTYPE   = IN
COMMAND = WVAL
SEL     = -1
SEED    = 1
MASK    = 0xda
THREAD  = 0
ELAPSED = 4.71s
----------------------------------------------------------------
