<stderr> from running /home/nrink/Projects/pin-2.14-71313-gcc.4.4.7-linux/pin.sh -t /home/nrink/Projects/bfi/obj-intel64/bfi.so -trigger 164284 -cmd RVAL -seed 1 -mask 174 -- /home/nrink/Projects/build/encode/encode/tests/quicksort/quicksort.cover.encoded --cso ./2015-05-05_14:35:44/quicksort/cover/cs/encoded.71.cso --csl ./2015-05-05_14:35:44/quicksort/cover/cs/encoded.71.csl:
[.:    0, IP = 0x400e48, i = 164285, wa = 0, ra = 0, rr = 0, wr = 0, it = 0, t = 0]
	access = read, size = 8, value = 24, value' = 182, addr = 0x7fffffffe0f8, op = 0
elapsed cycles: 1323803367
hi(checksum)=0x0000000000000000
lo(checksum)=0x00008115EF593074
**********************
INSTR   = 175926
WADDR   = 0
RADDR   = 0
RREG    = 0
WREG    = 0
ITER    = 0
TRIGGER = 164284
TTYPE   = IN
COMMAND = RVAL
SEL     = -1
SEED    = 1
MASK    = 0xae
THREAD  = 0
ELAPSED = 10.34s
----------------------------------------------------------------
