<stderr> from running /home/nrink/Projects/pin-2.14-71313-gcc.4.4.7-linux/pin.sh -t /home/nrink/Projects/bfi/obj-intel64/bfi.so -trigger 164153 -cmd RREG -seed 1 -mask 39 -- /home/nrink/Projects/build/encode/encode/tests/quicksort/quicksort.cover.plain --cso ./2015-05-05_14:35:44/quicksort/cover/cs/plain.81.cso --csl ./2015-05-05_14:35:44/quicksort/cover/cs/plain.81.csl:
[.:    0, IP = 0x400a8a, i = 164153, wa = 0, ra = 0, rr = 0, wr = 0, it = 0, t = 0]
	at ip 0x400a8a, rbx = 0x6, rbx' = 0x21
elapsed cycles: 917372211
hi(checksum)=0x0000000000000000
lo(checksum)=0x00007CDAE2B040F7
**********************
INSTR   = 174426
WADDR   = 0
RADDR   = 0
RREG    = 0
WREG    = 0
ITER    = 0
TRIGGER = 164153
TTYPE   = IN
COMMAND = RREG
SEL     = -1
SEED    = 1
MASK    = 0x27
THREAD  = 0
ELAPSED = 19.66s
----------------------------------------------------------------
