<stderr> from running /home/nrink/Projects/pin-2.14-71313-gcc.4.4.7-linux/pin.sh -t /home/nrink/Projects/bfi/obj-intel64/bfi.so -trigger 165556 -cmd WREG -seed 1 -mask 232 -- /home/nrink/Projects/build/encode/encode/tests/quicksort/quicksort.cover.encoded --cso ./2015-05-05_14:35:44/quicksort/cover/cs/encoded.79.cso --csl ./2015-05-05_14:35:44/quicksort/cover/cs/encoded.79.csl:
[.:    0, IP = 0x40102d, i = 165556, wa = 0, ra = 0, rr = 0, wr = 0, it = 0, t = 0]
	at ip 0x401031, rsp = 0x7fffffffe178, rsp' = 0x7fffffffe190
**********************
INSTR   = 165563
WADDR   = 0
RADDR   = 0
RREG    = 0
WREG    = 0
ITER    = 0
TRIGGER = 165556
TTYPE   = IN
COMMAND = WREG
SEL     = -1
SEED    = 1
MASK    = 0xe8
THREAD  = 0
ELAPSED = 9.34s
Segmentation fault (core dumped)
----------------------------------------------------------------
