<stderr> from running /home/nrink/Projects/pin-2.14-71313-gcc.4.4.7-linux/pin.sh -t /home/nrink/Projects/bfi/obj-intel64/bfi.so -trigger 165477 -cmd RREG -seed 1 -mask 24 -- /home/nrink/Projects/build/encode/encode/tests/quicksort/quicksort.cover.encoded --cso ./2015-05-05_14:35:44/quicksort/cover/cs/encoded.69.cso --csl ./2015-05-05_14:35:44/quicksort/cover/cs/encoded.69.csl:
[.:    0, IP = 0x400c6e, i = 165477, wa = 0, ra = 0, rr = 0, wr = 0, it = 0, t = 0]
	at ip 0x400c6e, r12 = 0x60, r12' = 0x78
elapsed cycles: 3744670923
hi(checksum)=0x0000000000000000
lo(checksum)=0x00007CDAE2B040F7
**********************
INSTR   = 176186
WADDR   = 0
RADDR   = 0
RREG    = 0
WREG    = 0
ITER    = 0
TRIGGER = 165477
TTYPE   = IN
COMMAND = RREG
SEL     = -1
SEED    = 1
MASK    = 0x18
THREAD  = 0
ELAPSED = 21.50s
----------------------------------------------------------------
