key=plain, runs=100 ...
command=/home/nrink/Projects/build/encode/encode/tests/ptrarith/ptrarith.perf.plain
----------------------------------------------
real command=cset shield -e /home/nrink/Projects/build/encode/encode/tests/ptrarith/ptrarith.perf.plain --  --cso /dev/null
key=plain, no.=0, <stderr>:
LENGTH=8800
elapsed cycles: 1118034
hi(checksum)=0x433C153FFA28282D
lo(checksum)=0x37CC6F1A75862D40
key=plain, no.=0, <checksum>:
0x433C153FFA28282D37CC6F1A75862D40
key=plain, no.=0, cso file:
/dev/null
----------------------------------------------
real command=cset shield -e /home/nrink/Projects/build/encode/encode/tests/ptrarith/ptrarith.perf.plain --  --cso /dev/null
key=plain, no.=1, <stderr>:
LENGTH=8800
elapsed cycles: 1077570
hi(checksum)=0x433C153FFA28282D
lo(checksum)=0x37CC6F1A75862D40
key=plain, no.=1, <checksum>:
0x433C153FFA28282D37CC6F1A75862D40
key=plain, no.=1, cso file:
/dev/null
----------------------------------------------
real command=cset shield -e /home/nrink/Projects/build/encode/encode/tests/ptrarith/ptrarith.perf.plain --  --cso /dev/null
key=plain, no.=2, <stderr>:
LENGTH=8800
elapsed cycles: 1077588
hi(checksum)=0x433C153FFA28282D
lo(checksum)=0x37CC6F1A75862D40
key=plain, no.=2, <checksum>:
0x433C153FFA28282D37CC6F1A75862D40
key=plain, no.=2, cso file:
/dev/null
----------------------------------------------
real command=cset shield -e /home/nrink/Projects/build/encode/encode/tests/ptrarith/ptrarith.perf.plain --  --cso /dev/null
key=plain, no.=3, <stderr>:
LENGTH=8800
elapsed cycles: 1076463
hi(checksum)=0x433C153FFA28282D
lo(checksum)=0x37CC6F1A75862D40
key=plain, no.=3, <checksum>:
0x433C153FFA28282D37CC6F1A75862D40
key=plain, no.=3, cso file:
/dev/null
----------------------------------------------
real command=cset shield -e /home/nrink/Projects/build/encode/encode/tests/ptrarith/ptrarith.perf.plain --  --cso /dev/null
key=plain, no.=4, <stderr>:
LENGTH=8800
elapsed cycles: 1118946
hi(checksum)=0x433C153FFA28282D
lo(checksum)=0x37CC6F1A75862D40
key=plain, no.=4, <checksum>:
0x433C153FFA28282D37CC6F1A75862D40
key=plain, no.=4, cso file:
/dev/null
----------------------------------------------
real command=cset shield -e /home/nrink/Projects/build/encode/encode/tests/ptrarith/ptrarith.perf.plain --  --cso /dev/null
key=plain, no.=5, <stderr>:
LENGTH=8800
elapsed cycles: 1076145
hi(checksum)=0x433C153FFA28282D
lo(checksum)=0x37CC6F1A75862D40
key=plain, no.=5, <checksum>:
0x433C153FFA28282D37CC6F1A75862D40
key=plain, no.=5, cso file:
/dev/null
----------------------------------------------
real command=cset shield -e /home/nrink/Projects/build/encode/encode/tests/ptrarith/ptrarith.perf.plain --  --cso /dev/null
key=plain, no.=6, <stderr>:
LENGTH=8800
elapsed cycles: 1111455
hi(checksum)=0x433C153FFA28282D
lo(checksum)=0x37CC6F1A75862D40
key=plain, no.=6, <checksum>:
0x433C153FFA28282D37CC6F1A75862D40
key=plain, no.=6, cso file:
/dev/null
----------------------------------------------
real command=cset shield -e /home/nrink/Projects/build/encode/encode/tests/ptrarith/ptrarith.perf.plain --  --cso /dev/null
key=plain, no.=7, <stderr>:
LENGTH=8800
elapsed cycles: 1119303
hi(checksum)=0x433C153FFA28282D
lo(checksum)=0x37CC6F1A75862D40
key=plain, no.=7, <checksum>:
0x433C153FFA28282D37CC6F1A75862D40
key=plain, no.=7, cso file:
/dev/null
----------------------------------------------
real command=cset shield -e /home/nrink/Projects/build/encode/encode/tests/ptrarith/ptrarith.perf.plain --  --cso /dev/null
key=plain, no.=8, <stderr>:
LENGTH=8800
elapsed cycles: 1078011
hi(checksum)=0x433C153FFA28282D
lo(checksum)=0x37CC6F1A75862D40
key=plain, no.=8, <checksum>:
0x433C153FFA28282D37CC6F1A75862D40
key=plain, no.=8, cso file:
/dev/null
----------------------------------------------
real command=cset shield -e /home/nrink/Projects/build/encode/encode/tests/ptrarith/ptrarith.perf.plain --  --cso /dev/null
key=plain, no.=9, <stderr>:
LENGTH=8800
elapsed cycles: 1078383
hi(checksum)=0x433C153FFA28282D
lo(checksum)=0x37CC6F1A75862D40
key=plain, no.=9, <checksum>:
0x433C153FFA28282D37CC6F1A75862D40
key=plain, no.=9, cso file:
/dev/null
----------------------------------------------
real command=cset shield -e /home/nrink/Projects/build/encode/encode/tests/ptrarith/ptrarith.perf.plain --  --cso /dev/null
key=plain, no.=10, <stderr>:
LENGTH=8800
elapsed cycles: 1076907
hi(checksum)=0x433C153FFA28282D
lo(checksum)=0x37CC6F1A75862D40
key=plain, no.=10, <checksum>:
0x433C153FFA28282D37CC6F1A75862D40
key=plain, no.=10, cso file:
/dev/null
----------------------------------------------
real command=cset shield -e /home/nrink/Projects/build/encode/encode/tests/ptrarith/ptrarith.perf.plain --  --cso /dev/null
key=plain, no.=11, <stderr>:
LENGTH=8800
elapsed cycles: 1096515
hi(checksum)=0x433C153FFA28282D
lo(checksum)=0x37CC6F1A75862D40
key=plain, no.=11, <checksum>:
0x433C153FFA28282D37CC6F1A75862D40
key=plain, no.=11, cso file:
/dev/null
----------------------------------------------
real command=cset shield -e /home/nrink/Projects/build/encode/encode/tests/ptrarith/ptrarith.perf.plain --  --cso /dev/null
key=plain, no.=12, <stderr>:
LENGTH=8800
elapsed cycles: 1075596
hi(checksum)=0x433C153FFA28282D
lo(checksum)=0x37CC6F1A75862D40
key=plain, no.=12, <checksum>:
0x433C153FFA28282D37CC6F1A75862D40
key=plain, no.=12, cso file:
/dev/null
----------------------------------------------
real command=cset shield -e /home/nrink/Projects/build/encode/encode/tests/ptrarith/ptrarith.perf.plain --  --cso /dev/null
key=plain, no.=13, <stderr>:
LENGTH=8800
elapsed cycles: 1077792
hi(checksum)=0x433C153FFA28282D
lo(checksum)=0x37CC6F1A75862D40
key=plain, no.=13, <checksum>:
0x433C153FFA28282D37CC6F1A75862D40
key=plain, no.=13, cso file:
/dev/null
----------------------------------------------
real command=cset shield -e /home/nrink/Projects/build/encode/encode/tests/ptrarith/ptrarith.perf.plain --  --cso /dev/null
key=plain, no.=14, <stderr>:
LENGTH=8800
elapsed cycles: 1085799
hi(checksum)=0x433C153FFA28282D
lo(checksum)=0x37CC6F1A75862D40
key=plain, no.=14, <checksum>:
0x433C153FFA28282D37CC6F1A75862D40
key=plain, no.=14, cso file:
/dev/null
----------------------------------------------
real command=cset shield -e /home/nrink/Projects/build/encode/encode/tests/ptrarith/ptrarith.perf.plain --  --cso /dev/null
key=plain, no.=15, <stderr>:
LENGTH=8800
elapsed cycles: 1080210
hi(checksum)=0x433C153FFA28282D
lo(checksum)=0x37CC6F1A75862D40
key=plain, no.=15, <checksum>:
0x433C153FFA28282D37CC6F1A75862D40
key=plain, no.=15, cso file:
/dev/null
----------------------------------------------
real command=cset shield -e /home/nrink/Projects/build/encode/encode/tests/ptrarith/ptrarith.perf.plain --  --cso /dev/null
key=plain, no.=16, <stderr>:
LENGTH=8800
elapsed cycles: 1107363
hi(checksum)=0x433C153FFA28282D
lo(checksum)=0x37CC6F1A75862D40
key=plain, no.=16, <checksum>:
0x433C153FFA28282D37CC6F1A75862D40
key=plain, no.=16, cso file:
/dev/null
----------------------------------------------
real command=cset shield -e /home/nrink/Projects/build/encode/encode/tests/ptrarith/ptrarith.perf.plain --  --cso /dev/null
key=plain, no.=17, <stderr>:
LENGTH=8800
elapsed cycles: 1089012
hi(checksum)=0x433C153FFA28282D
lo(checksum)=0x37CC6F1A75862D40
key=plain, no.=17, <checksum>:
0x433C153FFA28282D37CC6F1A75862D40
key=plain, no.=17, cso file:
/dev/null
----------------------------------------------
real command=cset shield -e /home/nrink/Projects/build/encode/encode/tests/ptrarith/ptrarith.perf.plain --  --cso /dev/null
key=plain, no.=18, <stderr>:
LENGTH=8800
elapsed cycles: 1079697
hi(checksum)=0x433C153FFA28282D
lo(checksum)=0x37CC6F1A75862D40
key=plain, no.=18, <checksum>:
0x433C153FFA28282D37CC6F1A75862D40
key=plain, no.=18, cso file:
/dev/null
----------------------------------------------
real command=cset shield -e /home/nrink/Projects/build/encode/encode/tests/ptrarith/ptrarith.perf.plain --  --cso /dev/null
key=plain, no.=19, <stderr>:
LENGTH=8800
elapsed cycles: 1153869
hi(checksum)=0x433C153FFA28282D
lo(checksum)=0x37CC6F1A75862D40
key=plain, no.=19, <checksum>:
0x433C153FFA28282D37CC6F1A75862D40
key=plain, no.=19, cso file:
/dev/null
----------------------------------------------
real command=cset shield -e /home/nrink/Projects/build/encode/encode/tests/ptrarith/ptrarith.perf.plain --  --cso /dev/null
key=plain, no.=20, <stderr>:
LENGTH=8800
elapsed cycles: 1085922
hi(checksum)=0x433C153FFA28282D
lo(checksum)=0x37CC6F1A75862D40
key=plain, no.=20, <checksum>:
0x433C153FFA28282D37CC6F1A75862D40
key=plain, no.=20, cso file:
/dev/null
----------------------------------------------
real command=cset shield -e /home/nrink/Projects/build/encode/encode/tests/ptrarith/ptrarith.perf.plain --  --cso /dev/null
key=plain, no.=21, <stderr>:
LENGTH=8800
elapsed cycles: 1092186
hi(checksum)=0x433C153FFA28282D
lo(checksum)=0x37CC6F1A75862D40
key=plain, no.=21, <checksum>:
0x433C153FFA28282D37CC6F1A75862D40
key=plain, no.=21, cso file:
/dev/null
----------------------------------------------
real command=cset shield -e /home/nrink/Projects/build/encode/encode/tests/ptrarith/ptrarith.perf.plain --  --cso /dev/null
key=plain, no.=22, <stderr>:
LENGTH=8800
elapsed cycles: 1097640
hi(checksum)=0x433C153FFA28282D
lo(checksum)=0x37CC6F1A75862D40
key=plain, no.=22, <checksum>:
0x433C153FFA28282D37CC6F1A75862D40
key=plain, no.=22, cso file:
/dev/null
----------------------------------------------
real command=cset shield -e /home/nrink/Projects/build/encode/encode/tests/ptrarith/ptrarith.perf.plain --  --cso /dev/null
key=plain, no.=23, <stderr>:
LENGTH=8800
elapsed cycles: 1076457
hi(checksum)=0x433C153FFA28282D
lo(checksum)=0x37CC6F1A75862D40
key=plain, no.=23, <checksum>:
0x433C153FFA28282D37CC6F1A75862D40
key=plain, no.=23, cso file:
/dev/null
----------------------------------------------
real command=cset shield -e /home/nrink/Projects/build/encode/encode/tests/ptrarith/ptrarith.perf.plain --  --cso /dev/null
key=plain, no.=24, <stderr>:
LENGTH=8800
elapsed cycles: 1078278
hi(checksum)=0x433C153FFA28282D
lo(checksum)=0x37CC6F1A75862D40
key=plain, no.=24, <checksum>:
0x433C153FFA28282D37CC6F1A75862D40
key=plain, no.=24, cso file:
/dev/null
----------------------------------------------
real command=cset shield -e /home/nrink/Projects/build/encode/encode/tests/ptrarith/ptrarith.perf.plain --  --cso /dev/null
key=plain, no.=25, <stderr>:
LENGTH=8800
elapsed cycles: 1079382
hi(checksum)=0x433C153FFA28282D
lo(checksum)=0x37CC6F1A75862D40
key=plain, no.=25, <checksum>:
0x433C153FFA28282D37CC6F1A75862D40
key=plain, no.=25, cso file:
/dev/null
----------------------------------------------
real command=cset shield -e /home/nrink/Projects/build/encode/encode/tests/ptrarith/ptrarith.perf.plain --  --cso /dev/null
key=plain, no.=26, <stderr>:
LENGTH=8800
elapsed cycles: 1095534
hi(checksum)=0x433C153FFA28282D
lo(checksum)=0x37CC6F1A75862D40
key=plain, no.=26, <checksum>:
0x433C153FFA28282D37CC6F1A75862D40
key=plain, no.=26, cso file:
/dev/null
----------------------------------------------
real command=cset shield -e /home/nrink/Projects/build/encode/encode/tests/ptrarith/ptrarith.perf.plain --  --cso /dev/null
key=plain, no.=27, <stderr>:
LENGTH=8800
elapsed cycles: 1113675
hi(checksum)=0x433C153FFA28282D
lo(checksum)=0x37CC6F1A75862D40
key=plain, no.=27, <checksum>:
0x433C153FFA28282D37CC6F1A75862D40
key=plain, no.=27, cso file:
/dev/null
----------------------------------------------
real command=cset shield -e /home/nrink/Projects/build/encode/encode/tests/ptrarith/ptrarith.perf.plain --  --cso /dev/null
key=plain, no.=28, <stderr>:
LENGTH=8800
elapsed cycles: 1091607
hi(checksum)=0x433C153FFA28282D
lo(checksum)=0x37CC6F1A75862D40
key=plain, no.=28, <checksum>:
0x433C153FFA28282D37CC6F1A75862D40
key=plain, no.=28, cso file:
/dev/null
----------------------------------------------
real command=cset shield -e /home/nrink/Projects/build/encode/encode/tests/ptrarith/ptrarith.perf.plain --  --cso /dev/null
key=plain, no.=29, <stderr>:
LENGTH=8800
elapsed cycles: 1114389
hi(checksum)=0x433C153FFA28282D
lo(checksum)=0x37CC6F1A75862D40
key=plain, no.=29, <checksum>:
0x433C153FFA28282D37CC6F1A75862D40
key=plain, no.=29, cso file:
/dev/null
----------------------------------------------
real command=cset shield -e /home/nrink/Projects/build/encode/encode/tests/ptrarith/ptrarith.perf.plain --  --cso /dev/null
key=plain, no.=30, <stderr>:
LENGTH=8800
elapsed cycles: 1077732
hi(checksum)=0x433C153FFA28282D
lo(checksum)=0x37CC6F1A75862D40
key=plain, no.=30, <checksum>:
0x433C153FFA28282D37CC6F1A75862D40
key=plain, no.=30, cso file:
/dev/null
----------------------------------------------
real command=cset shield -e /home/nrink/Projects/build/encode/encode/tests/ptrarith/ptrarith.perf.plain --  --cso /dev/null
key=plain, no.=31, <stderr>:
LENGTH=8800
elapsed cycles: 1076202
hi(checksum)=0x433C153FFA28282D
lo(checksum)=0x37CC6F1A75862D40
key=plain, no.=31, <checksum>:
0x433C153FFA28282D37CC6F1A75862D40
key=plain, no.=31, cso file:
/dev/null
----------------------------------------------
real command=cset shield -e /home/nrink/Projects/build/encode/encode/tests/ptrarith/ptrarith.perf.plain --  --cso /dev/null
key=plain, no.=32, <stderr>:
LENGTH=8800
elapsed cycles: 1076844
hi(checksum)=0x433C153FFA28282D
lo(checksum)=0x37CC6F1A75862D40
key=plain, no.=32, <checksum>:
0x433C153FFA28282D37CC6F1A75862D40
key=plain, no.=32, cso file:
/dev/null
----------------------------------------------
real command=cset shield -e /home/nrink/Projects/build/encode/encode/tests/ptrarith/ptrarith.perf.plain --  --cso /dev/null
key=plain, no.=33, <stderr>:
LENGTH=8800
elapsed cycles: 1077084
hi(checksum)=0x433C153FFA28282D
lo(checksum)=0x37CC6F1A75862D40
key=plain, no.=33, <checksum>:
0x433C153FFA28282D37CC6F1A75862D40
key=plain, no.=33, cso file:
/dev/null
----------------------------------------------
real command=cset shield -e /home/nrink/Projects/build/encode/encode/tests/ptrarith/ptrarith.perf.plain --  --cso /dev/null
key=plain, no.=34, <stderr>:
LENGTH=8800
elapsed cycles: 1079181
hi(checksum)=0x433C153FFA28282D
lo(checksum)=0x37CC6F1A75862D40
key=plain, no.=34, <checksum>:
0x433C153FFA28282D37CC6F1A75862D40
key=plain, no.=34, cso file:
/dev/null
----------------------------------------------
real command=cset shield -e /home/nrink/Projects/build/encode/encode/tests/ptrarith/ptrarith.perf.plain --  --cso /dev/null
key=plain, no.=35, <stderr>:
LENGTH=8800
elapsed cycles: 1095843
hi(checksum)=0x433C153FFA28282D
lo(checksum)=0x37CC6F1A75862D40
key=plain, no.=35, <checksum>:
0x433C153FFA28282D37CC6F1A75862D40
key=plain, no.=35, cso file:
/dev/null
----------------------------------------------
real command=cset shield -e /home/nrink/Projects/build/encode/encode/tests/ptrarith/ptrarith.perf.plain --  --cso /dev/null
key=plain, no.=36, <stderr>:
LENGTH=8800
elapsed cycles: 1130883
hi(checksum)=0x433C153FFA28282D
lo(checksum)=0x37CC6F1A75862D40
key=plain, no.=36, <checksum>:
0x433C153FFA28282D37CC6F1A75862D40
key=plain, no.=36, cso file:
/dev/null
----------------------------------------------
real command=cset shield -e /home/nrink/Projects/build/encode/encode/tests/ptrarith/ptrarith.perf.plain --  --cso /dev/null
key=plain, no.=37, <stderr>:
LENGTH=8800
elapsed cycles: 1112121
hi(checksum)=0x433C153FFA28282D
lo(checksum)=0x37CC6F1A75862D40
key=plain, no.=37, <checksum>:
0x433C153FFA28282D37CC6F1A75862D40
key=plain, no.=37, cso file:
/dev/null
----------------------------------------------
real command=cset shield -e /home/nrink/Projects/build/encode/encode/tests/ptrarith/ptrarith.perf.plain --  --cso /dev/null
key=plain, no.=38, <stderr>:
LENGTH=8800
elapsed cycles: 1076703
hi(checksum)=0x433C153FFA28282D
lo(checksum)=0x37CC6F1A75862D40
key=plain, no.=38, <checksum>:
0x433C153FFA28282D37CC6F1A75862D40
key=plain, no.=38, cso file:
/dev/null
----------------------------------------------
real command=cset shield -e /home/nrink/Projects/build/encode/encode/tests/ptrarith/ptrarith.perf.plain --  --cso /dev/null
key=plain, no.=39, <stderr>:
LENGTH=8800
elapsed cycles: 1076550
hi(checksum)=0x433C153FFA28282D
lo(checksum)=0x37CC6F1A75862D40
key=plain, no.=39, <checksum>:
0x433C153FFA28282D37CC6F1A75862D40
key=plain, no.=39, cso file:
/dev/null
----------------------------------------------
real command=cset shield -e /home/nrink/Projects/build/encode/encode/tests/ptrarith/ptrarith.perf.plain --  --cso /dev/null
key=plain, no.=40, <stderr>:
LENGTH=8800
elapsed cycles: 1077588
hi(checksum)=0x433C153FFA28282D
lo(checksum)=0x37CC6F1A75862D40
key=plain, no.=40, <checksum>:
0x433C153FFA28282D37CC6F1A75862D40
key=plain, no.=40, cso file:
/dev/null
----------------------------------------------
real command=cset shield -e /home/nrink/Projects/build/encode/encode/tests/ptrarith/ptrarith.perf.plain --  --cso /dev/null
key=plain, no.=41, <stderr>:
LENGTH=8800
elapsed cycles: 1140018
hi(checksum)=0x433C153FFA28282D
lo(checksum)=0x37CC6F1A75862D40
key=plain, no.=41, <checksum>:
0x433C153FFA28282D37CC6F1A75862D40
key=plain, no.=41, cso file:
/dev/null
----------------------------------------------
real command=cset shield -e /home/nrink/Projects/build/encode/encode/tests/ptrarith/ptrarith.perf.plain --  --cso /dev/null
key=plain, no.=42, <stderr>:
LENGTH=8800
elapsed cycles: 1099026
hi(checksum)=0x433C153FFA28282D
lo(checksum)=0x37CC6F1A75862D40
key=plain, no.=42, <checksum>:
0x433C153FFA28282D37CC6F1A75862D40
key=plain, no.=42, cso file:
/dev/null
----------------------------------------------
real command=cset shield -e /home/nrink/Projects/build/encode/encode/tests/ptrarith/ptrarith.perf.plain --  --cso /dev/null
key=plain, no.=43, <stderr>:
LENGTH=8800
elapsed cycles: 1088493
hi(checksum)=0x433C153FFA28282D
lo(checksum)=0x37CC6F1A75862D40
key=plain, no.=43, <checksum>:
0x433C153FFA28282D37CC6F1A75862D40
key=plain, no.=43, cso file:
/dev/null
----------------------------------------------
real command=cset shield -e /home/nrink/Projects/build/encode/encode/tests/ptrarith/ptrarith.perf.plain --  --cso /dev/null
key=plain, no.=44, <stderr>:
LENGTH=8800
elapsed cycles: 1079064
hi(checksum)=0x433C153FFA28282D
lo(checksum)=0x37CC6F1A75862D40
key=plain, no.=44, <checksum>:
0x433C153FFA28282D37CC6F1A75862D40
key=plain, no.=44, cso file:
/dev/null
----------------------------------------------
real command=cset shield -e /home/nrink/Projects/build/encode/encode/tests/ptrarith/ptrarith.perf.plain --  --cso /dev/null
key=plain, no.=45, <stderr>:
LENGTH=8800
elapsed cycles: 1114695
hi(checksum)=0x433C153FFA28282D
lo(checksum)=0x37CC6F1A75862D40
key=plain, no.=45, <checksum>:
0x433C153FFA28282D37CC6F1A75862D40
key=plain, no.=45, cso file:
/dev/null
----------------------------------------------
real command=cset shield -e /home/nrink/Projects/build/encode/encode/tests/ptrarith/ptrarith.perf.plain --  --cso /dev/null
key=plain, no.=46, <stderr>:
LENGTH=8800
elapsed cycles: 1101654
hi(checksum)=0x433C153FFA28282D
lo(checksum)=0x37CC6F1A75862D40
key=plain, no.=46, <checksum>:
0x433C153FFA28282D37CC6F1A75862D40
key=plain, no.=46, cso file:
/dev/null
----------------------------------------------
real command=cset shield -e /home/nrink/Projects/build/encode/encode/tests/ptrarith/ptrarith.perf.plain --  --cso /dev/null
key=plain, no.=47, <stderr>:
LENGTH=8800
elapsed cycles: 1077120
hi(checksum)=0x433C153FFA28282D
lo(checksum)=0x37CC6F1A75862D40
key=plain, no.=47, <checksum>:
0x433C153FFA28282D37CC6F1A75862D40
key=plain, no.=47, cso file:
/dev/null
----------------------------------------------
real command=cset shield -e /home/nrink/Projects/build/encode/encode/tests/ptrarith/ptrarith.perf.plain --  --cso /dev/null
key=plain, no.=48, <stderr>:
LENGTH=8800
elapsed cycles: 1076382
hi(checksum)=0x433C153FFA28282D
lo(checksum)=0x37CC6F1A75862D40
key=plain, no.=48, <checksum>:
0x433C153FFA28282D37CC6F1A75862D40
key=plain, no.=48, cso file:
/dev/null
----------------------------------------------
real command=cset shield -e /home/nrink/Projects/build/encode/encode/tests/ptrarith/ptrarith.perf.plain --  --cso /dev/null
key=plain, no.=49, <stderr>:
LENGTH=8800
elapsed cycles: 1113768
hi(checksum)=0x433C153FFA28282D
lo(checksum)=0x37CC6F1A75862D40
key=plain, no.=49, <checksum>:
0x433C153FFA28282D37CC6F1A75862D40
key=plain, no.=49, cso file:
/dev/null
----------------------------------------------
real command=cset shield -e /home/nrink/Projects/build/encode/encode/tests/ptrarith/ptrarith.perf.plain --  --cso /dev/null
key=plain, no.=50, <stderr>:
LENGTH=8800
elapsed cycles: 1078749
hi(checksum)=0x433C153FFA28282D
lo(checksum)=0x37CC6F1A75862D40
key=plain, no.=50, <checksum>:
0x433C153FFA28282D37CC6F1A75862D40
key=plain, no.=50, cso file:
/dev/null
----------------------------------------------
real command=cset shield -e /home/nrink/Projects/build/encode/encode/tests/ptrarith/ptrarith.perf.plain --  --cso /dev/null
key=plain, no.=51, <stderr>:
LENGTH=8800
elapsed cycles: 1077102
hi(checksum)=0x433C153FFA28282D
lo(checksum)=0x37CC6F1A75862D40
key=plain, no.=51, <checksum>:
0x433C153FFA28282D37CC6F1A75862D40
key=plain, no.=51, cso file:
/dev/null
----------------------------------------------
real command=cset shield -e /home/nrink/Projects/build/encode/encode/tests/ptrarith/ptrarith.perf.plain --  --cso /dev/null
key=plain, no.=52, <stderr>:
LENGTH=8800
elapsed cycles: 1076268
hi(checksum)=0x433C153FFA28282D
lo(checksum)=0x37CC6F1A75862D40
key=plain, no.=52, <checksum>:
0x433C153FFA28282D37CC6F1A75862D40
key=plain, no.=52, cso file:
/dev/null
----------------------------------------------
real command=cset shield -e /home/nrink/Projects/build/encode/encode/tests/ptrarith/ptrarith.perf.plain --  --cso /dev/null
key=plain, no.=53, <stderr>:
LENGTH=8800
elapsed cycles: 1082142
hi(checksum)=0x433C153FFA28282D
lo(checksum)=0x37CC6F1A75862D40
key=plain, no.=53, <checksum>:
0x433C153FFA28282D37CC6F1A75862D40
key=plain, no.=53, cso file:
/dev/null
----------------------------------------------
real command=cset shield -e /home/nrink/Projects/build/encode/encode/tests/ptrarith/ptrarith.perf.plain --  --cso /dev/null
key=plain, no.=54, <stderr>:
LENGTH=8800
elapsed cycles: 1077447
hi(checksum)=0x433C153FFA28282D
lo(checksum)=0x37CC6F1A75862D40
key=plain, no.=54, <checksum>:
0x433C153FFA28282D37CC6F1A75862D40
key=plain, no.=54, cso file:
/dev/null
----------------------------------------------
real command=cset shield -e /home/nrink/Projects/build/encode/encode/tests/ptrarith/ptrarith.perf.plain --  --cso /dev/null
key=plain, no.=55, <stderr>:
LENGTH=8800
elapsed cycles: 1078419
hi(checksum)=0x433C153FFA28282D
lo(checksum)=0x37CC6F1A75862D40
key=plain, no.=55, <checksum>:
0x433C153FFA28282D37CC6F1A75862D40
key=plain, no.=55, cso file:
/dev/null
----------------------------------------------
real command=cset shield -e /home/nrink/Projects/build/encode/encode/tests/ptrarith/ptrarith.perf.plain --  --cso /dev/null
key=plain, no.=56, <stderr>:
LENGTH=8800
elapsed cycles: 1076274
hi(checksum)=0x433C153FFA28282D
lo(checksum)=0x37CC6F1A75862D40
key=plain, no.=56, <checksum>:
0x433C153FFA28282D37CC6F1A75862D40
key=plain, no.=56, cso file:
/dev/null
----------------------------------------------
real command=cset shield -e /home/nrink/Projects/build/encode/encode/tests/ptrarith/ptrarith.perf.plain --  --cso /dev/null
key=plain, no.=57, <stderr>:
LENGTH=8800
elapsed cycles: 1079643
hi(checksum)=0x433C153FFA28282D
lo(checksum)=0x37CC6F1A75862D40
key=plain, no.=57, <checksum>:
0x433C153FFA28282D37CC6F1A75862D40
key=plain, no.=57, cso file:
/dev/null
----------------------------------------------
real command=cset shield -e /home/nrink/Projects/build/encode/encode/tests/ptrarith/ptrarith.perf.plain --  --cso /dev/null
key=plain, no.=58, <stderr>:
LENGTH=8800
elapsed cycles: 1095825
hi(checksum)=0x433C153FFA28282D
lo(checksum)=0x37CC6F1A75862D40
key=plain, no.=58, <checksum>:
0x433C153FFA28282D37CC6F1A75862D40
key=plain, no.=58, cso file:
/dev/null
----------------------------------------------
real command=cset shield -e /home/nrink/Projects/build/encode/encode/tests/ptrarith/ptrarith.perf.plain --  --cso /dev/null
key=plain, no.=59, <stderr>:
LENGTH=8800
elapsed cycles: 1113777
hi(checksum)=0x433C153FFA28282D
lo(checksum)=0x37CC6F1A75862D40
key=plain, no.=59, <checksum>:
0x433C153FFA28282D37CC6F1A75862D40
key=plain, no.=59, cso file:
/dev/null
----------------------------------------------
real command=cset shield -e /home/nrink/Projects/build/encode/encode/tests/ptrarith/ptrarith.perf.plain --  --cso /dev/null
key=plain, no.=60, <stderr>:
LENGTH=8800
elapsed cycles: 1108293
hi(checksum)=0x433C153FFA28282D
lo(checksum)=0x37CC6F1A75862D40
key=plain, no.=60, <checksum>:
0x433C153FFA28282D37CC6F1A75862D40
key=plain, no.=60, cso file:
/dev/null
----------------------------------------------
real command=cset shield -e /home/nrink/Projects/build/encode/encode/tests/ptrarith/ptrarith.perf.plain --  --cso /dev/null
key=plain, no.=61, <stderr>:
LENGTH=8800
elapsed cycles: 1075611
hi(checksum)=0x433C153FFA28282D
lo(checksum)=0x37CC6F1A75862D40
key=plain, no.=61, <checksum>:
0x433C153FFA28282D37CC6F1A75862D40
key=plain, no.=61, cso file:
/dev/null
----------------------------------------------
real command=cset shield -e /home/nrink/Projects/build/encode/encode/tests/ptrarith/ptrarith.perf.plain --  --cso /dev/null
key=plain, no.=62, <stderr>:
LENGTH=8800
elapsed cycles: 1112316
hi(checksum)=0x433C153FFA28282D
lo(checksum)=0x37CC6F1A75862D40
key=plain, no.=62, <checksum>:
0x433C153FFA28282D37CC6F1A75862D40
key=plain, no.=62, cso file:
/dev/null
----------------------------------------------
real command=cset shield -e /home/nrink/Projects/build/encode/encode/tests/ptrarith/ptrarith.perf.plain --  --cso /dev/null
key=plain, no.=63, <stderr>:
LENGTH=8800
elapsed cycles: 1140210
hi(checksum)=0x433C153FFA28282D
lo(checksum)=0x37CC6F1A75862D40
key=plain, no.=63, <checksum>:
0x433C153FFA28282D37CC6F1A75862D40
key=plain, no.=63, cso file:
/dev/null
----------------------------------------------
real command=cset shield -e /home/nrink/Projects/build/encode/encode/tests/ptrarith/ptrarith.perf.plain --  --cso /dev/null
key=plain, no.=64, <stderr>:
LENGTH=8800
elapsed cycles: 1093359
hi(checksum)=0x433C153FFA28282D
lo(checksum)=0x37CC6F1A75862D40
key=plain, no.=64, <checksum>:
0x433C153FFA28282D37CC6F1A75862D40
key=plain, no.=64, cso file:
/dev/null
----------------------------------------------
real command=cset shield -e /home/nrink/Projects/build/encode/encode/tests/ptrarith/ptrarith.perf.plain --  --cso /dev/null
key=plain, no.=65, <stderr>:
LENGTH=8800
elapsed cycles: 1111350
hi(checksum)=0x433C153FFA28282D
lo(checksum)=0x37CC6F1A75862D40
key=plain, no.=65, <checksum>:
0x433C153FFA28282D37CC6F1A75862D40
key=plain, no.=65, cso file:
/dev/null
----------------------------------------------
real command=cset shield -e /home/nrink/Projects/build/encode/encode/tests/ptrarith/ptrarith.perf.plain --  --cso /dev/null
key=plain, no.=66, <stderr>:
LENGTH=8800
elapsed cycles: 1081146
hi(checksum)=0x433C153FFA28282D
lo(checksum)=0x37CC6F1A75862D40
key=plain, no.=66, <checksum>:
0x433C153FFA28282D37CC6F1A75862D40
key=plain, no.=66, cso file:
/dev/null
----------------------------------------------
real command=cset shield -e /home/nrink/Projects/build/encode/encode/tests/ptrarith/ptrarith.perf.plain --  --cso /dev/null
key=plain, no.=67, <stderr>:
LENGTH=8800
elapsed cycles: 1077588
hi(checksum)=0x433C153FFA28282D
lo(checksum)=0x37CC6F1A75862D40
key=plain, no.=67, <checksum>:
0x433C153FFA28282D37CC6F1A75862D40
key=plain, no.=67, cso file:
/dev/null
----------------------------------------------
real command=cset shield -e /home/nrink/Projects/build/encode/encode/tests/ptrarith/ptrarith.perf.plain --  --cso /dev/null
key=plain, no.=68, <stderr>:
LENGTH=8800
elapsed cycles: 1168710
hi(checksum)=0x433C153FFA28282D
lo(checksum)=0x37CC6F1A75862D40
key=plain, no.=68, <checksum>:
0x433C153FFA28282D37CC6F1A75862D40
key=plain, no.=68, cso file:
/dev/null
----------------------------------------------
real command=cset shield -e /home/nrink/Projects/build/encode/encode/tests/ptrarith/ptrarith.perf.plain --  --cso /dev/null
key=plain, no.=69, <stderr>:
LENGTH=8800
elapsed cycles: 1111119
hi(checksum)=0x433C153FFA28282D
lo(checksum)=0x37CC6F1A75862D40
key=plain, no.=69, <checksum>:
0x433C153FFA28282D37CC6F1A75862D40
key=plain, no.=69, cso file:
/dev/null
----------------------------------------------
real command=cset shield -e /home/nrink/Projects/build/encode/encode/tests/ptrarith/ptrarith.perf.plain --  --cso /dev/null
key=plain, no.=70, <stderr>:
LENGTH=8800
elapsed cycles: 1129833
hi(checksum)=0x433C153FFA28282D
lo(checksum)=0x37CC6F1A75862D40
key=plain, no.=70, <checksum>:
0x433C153FFA28282D37CC6F1A75862D40
key=plain, no.=70, cso file:
/dev/null
----------------------------------------------
real command=cset shield -e /home/nrink/Projects/build/encode/encode/tests/ptrarith/ptrarith.perf.plain --  --cso /dev/null
key=plain, no.=71, <stderr>:
LENGTH=8800
elapsed cycles: 1077222
hi(checksum)=0x433C153FFA28282D
lo(checksum)=0x37CC6F1A75862D40
key=plain, no.=71, <checksum>:
0x433C153FFA28282D37CC6F1A75862D40
key=plain, no.=71, cso file:
/dev/null
----------------------------------------------
real command=cset shield -e /home/nrink/Projects/build/encode/encode/tests/ptrarith/ptrarith.perf.plain --  --cso /dev/null
key=plain, no.=72, <stderr>:
LENGTH=8800
elapsed cycles: 1077387
hi(checksum)=0x433C153FFA28282D
lo(checksum)=0x37CC6F1A75862D40
key=plain, no.=72, <checksum>:
0x433C153FFA28282D37CC6F1A75862D40
key=plain, no.=72, cso file:
/dev/null
----------------------------------------------
real command=cset shield -e /home/nrink/Projects/build/encode/encode/tests/ptrarith/ptrarith.perf.plain --  --cso /dev/null
key=plain, no.=73, <stderr>:
LENGTH=8800
elapsed cycles: 1115541
hi(checksum)=0x433C153FFA28282D
lo(checksum)=0x37CC6F1A75862D40
key=plain, no.=73, <checksum>:
0x433C153FFA28282D37CC6F1A75862D40
key=plain, no.=73, cso file:
/dev/null
----------------------------------------------
real command=cset shield -e /home/nrink/Projects/build/encode/encode/tests/ptrarith/ptrarith.perf.plain --  --cso /dev/null
key=plain, no.=74, <stderr>:
LENGTH=8800
elapsed cycles: 1078722
hi(checksum)=0x433C153FFA28282D
lo(checksum)=0x37CC6F1A75862D40
key=plain, no.=74, <checksum>:
0x433C153FFA28282D37CC6F1A75862D40
key=plain, no.=74, cso file:
/dev/null
----------------------------------------------
real command=cset shield -e /home/nrink/Projects/build/encode/encode/tests/ptrarith/ptrarith.perf.plain --  --cso /dev/null
key=plain, no.=75, <stderr>:
LENGTH=8800
elapsed cycles: 1102236
hi(checksum)=0x433C153FFA28282D
lo(checksum)=0x37CC6F1A75862D40
key=plain, no.=75, <checksum>:
0x433C153FFA28282D37CC6F1A75862D40
key=plain, no.=75, cso file:
/dev/null
----------------------------------------------
real command=cset shield -e /home/nrink/Projects/build/encode/encode/tests/ptrarith/ptrarith.perf.plain --  --cso /dev/null
key=plain, no.=76, <stderr>:
LENGTH=8800
elapsed cycles: 1076136
hi(checksum)=0x433C153FFA28282D
lo(checksum)=0x37CC6F1A75862D40
key=plain, no.=76, <checksum>:
0x433C153FFA28282D37CC6F1A75862D40
key=plain, no.=76, cso file:
/dev/null
----------------------------------------------
real command=cset shield -e /home/nrink/Projects/build/encode/encode/tests/ptrarith/ptrarith.perf.plain --  --cso /dev/null
key=plain, no.=77, <stderr>:
LENGTH=8800
elapsed cycles: 1117068
hi(checksum)=0x433C153FFA28282D
lo(checksum)=0x37CC6F1A75862D40
key=plain, no.=77, <checksum>:
0x433C153FFA28282D37CC6F1A75862D40
key=plain, no.=77, cso file:
/dev/null
----------------------------------------------
real command=cset shield -e /home/nrink/Projects/build/encode/encode/tests/ptrarith/ptrarith.perf.plain --  --cso /dev/null
key=plain, no.=78, <stderr>:
LENGTH=8800
elapsed cycles: 1104261
hi(checksum)=0x433C153FFA28282D
lo(checksum)=0x37CC6F1A75862D40
key=plain, no.=78, <checksum>:
0x433C153FFA28282D37CC6F1A75862D40
key=plain, no.=78, cso file:
/dev/null
----------------------------------------------
real command=cset shield -e /home/nrink/Projects/build/encode/encode/tests/ptrarith/ptrarith.perf.plain --  --cso /dev/null
key=plain, no.=79, <stderr>:
LENGTH=8800
elapsed cycles: 1078584
hi(checksum)=0x433C153FFA28282D
lo(checksum)=0x37CC6F1A75862D40
key=plain, no.=79, <checksum>:
0x433C153FFA28282D37CC6F1A75862D40
key=plain, no.=79, cso file:
/dev/null
----------------------------------------------
real command=cset shield -e /home/nrink/Projects/build/encode/encode/tests/ptrarith/ptrarith.perf.plain --  --cso /dev/null
key=plain, no.=80, <stderr>:
LENGTH=8800
elapsed cycles: 1082094
hi(checksum)=0x433C153FFA28282D
lo(checksum)=0x37CC6F1A75862D40
key=plain, no.=80, <checksum>:
0x433C153FFA28282D37CC6F1A75862D40
key=plain, no.=80, cso file:
/dev/null
----------------------------------------------
real command=cset shield -e /home/nrink/Projects/build/encode/encode/tests/ptrarith/ptrarith.perf.plain --  --cso /dev/null
key=plain, no.=81, <stderr>:
LENGTH=8800
elapsed cycles: 1108722
hi(checksum)=0x433C153FFA28282D
lo(checksum)=0x37CC6F1A75862D40
key=plain, no.=81, <checksum>:
0x433C153FFA28282D37CC6F1A75862D40
key=plain, no.=81, cso file:
/dev/null
----------------------------------------------
real command=cset shield -e /home/nrink/Projects/build/encode/encode/tests/ptrarith/ptrarith.perf.plain --  --cso /dev/null
key=plain, no.=82, <stderr>:
LENGTH=8800
elapsed cycles: 1075635
hi(checksum)=0x433C153FFA28282D
lo(checksum)=0x37CC6F1A75862D40
key=plain, no.=82, <checksum>:
0x433C153FFA28282D37CC6F1A75862D40
key=plain, no.=82, cso file:
/dev/null
----------------------------------------------
real command=cset shield -e /home/nrink/Projects/build/encode/encode/tests/ptrarith/ptrarith.perf.plain --  --cso /dev/null
key=plain, no.=83, <stderr>:
LENGTH=8800
elapsed cycles: 1079409
hi(checksum)=0x433C153FFA28282D
lo(checksum)=0x37CC6F1A75862D40
key=plain, no.=83, <checksum>:
0x433C153FFA28282D37CC6F1A75862D40
key=plain, no.=83, cso file:
/dev/null
----------------------------------------------
real command=cset shield -e /home/nrink/Projects/build/encode/encode/tests/ptrarith/ptrarith.perf.plain --  --cso /dev/null
key=plain, no.=84, <stderr>:
LENGTH=8800
elapsed cycles: 1117002
hi(checksum)=0x433C153FFA28282D
lo(checksum)=0x37CC6F1A75862D40
key=plain, no.=84, <checksum>:
0x433C153FFA28282D37CC6F1A75862D40
key=plain, no.=84, cso file:
/dev/null
----------------------------------------------
real command=cset shield -e /home/nrink/Projects/build/encode/encode/tests/ptrarith/ptrarith.perf.plain --  --cso /dev/null
key=plain, no.=85, <stderr>:
LENGTH=8800
elapsed cycles: 1075923
hi(checksum)=0x433C153FFA28282D
lo(checksum)=0x37CC6F1A75862D40
key=plain, no.=85, <checksum>:
0x433C153FFA28282D37CC6F1A75862D40
key=plain, no.=85, cso file:
/dev/null
----------------------------------------------
real command=cset shield -e /home/nrink/Projects/build/encode/encode/tests/ptrarith/ptrarith.perf.plain --  --cso /dev/null
key=plain, no.=86, <stderr>:
LENGTH=8800
elapsed cycles: 1076838
hi(checksum)=0x433C153FFA28282D
lo(checksum)=0x37CC6F1A75862D40
key=plain, no.=86, <checksum>:
0x433C153FFA28282D37CC6F1A75862D40
key=plain, no.=86, cso file:
/dev/null
----------------------------------------------
real command=cset shield -e /home/nrink/Projects/build/encode/encode/tests/ptrarith/ptrarith.perf.plain --  --cso /dev/null
key=plain, no.=87, <stderr>:
LENGTH=8800
elapsed cycles: 1191150
hi(checksum)=0x433C153FFA28282D
lo(checksum)=0x37CC6F1A75862D40
key=plain, no.=87, <checksum>:
0x433C153FFA28282D37CC6F1A75862D40
key=plain, no.=87, cso file:
/dev/null
----------------------------------------------
real command=cset shield -e /home/nrink/Projects/build/encode/encode/tests/ptrarith/ptrarith.perf.plain --  --cso /dev/null
key=plain, no.=88, <stderr>:
LENGTH=8800
elapsed cycles: 1081935
hi(checksum)=0x433C153FFA28282D
lo(checksum)=0x37CC6F1A75862D40
key=plain, no.=88, <checksum>:
0x433C153FFA28282D37CC6F1A75862D40
key=plain, no.=88, cso file:
/dev/null
----------------------------------------------
real command=cset shield -e /home/nrink/Projects/build/encode/encode/tests/ptrarith/ptrarith.perf.plain --  --cso /dev/null
key=plain, no.=89, <stderr>:
LENGTH=8800
elapsed cycles: 1076976
hi(checksum)=0x433C153FFA28282D
lo(checksum)=0x37CC6F1A75862D40
key=plain, no.=89, <checksum>:
0x433C153FFA28282D37CC6F1A75862D40
key=plain, no.=89, cso file:
/dev/null
----------------------------------------------
real command=cset shield -e /home/nrink/Projects/build/encode/encode/tests/ptrarith/ptrarith.perf.plain --  --cso /dev/null
key=plain, no.=90, <stderr>:
LENGTH=8800
elapsed cycles: 1104720
hi(checksum)=0x433C153FFA28282D
lo(checksum)=0x37CC6F1A75862D40
key=plain, no.=90, <checksum>:
0x433C153FFA28282D37CC6F1A75862D40
key=plain, no.=90, cso file:
/dev/null
----------------------------------------------
real command=cset shield -e /home/nrink/Projects/build/encode/encode/tests/ptrarith/ptrarith.perf.plain --  --cso /dev/null
key=plain, no.=91, <stderr>:
LENGTH=8800
elapsed cycles: 1077042
hi(checksum)=0x433C153FFA28282D
lo(checksum)=0x37CC6F1A75862D40
key=plain, no.=91, <checksum>:
0x433C153FFA28282D37CC6F1A75862D40
key=plain, no.=91, cso file:
/dev/null
----------------------------------------------
real command=cset shield -e /home/nrink/Projects/build/encode/encode/tests/ptrarith/ptrarith.perf.plain --  --cso /dev/null
key=plain, no.=92, <stderr>:
LENGTH=8800
elapsed cycles: 1076049
hi(checksum)=0x433C153FFA28282D
lo(checksum)=0x37CC6F1A75862D40
key=plain, no.=92, <checksum>:
0x433C153FFA28282D37CC6F1A75862D40
key=plain, no.=92, cso file:
/dev/null
----------------------------------------------
real command=cset shield -e /home/nrink/Projects/build/encode/encode/tests/ptrarith/ptrarith.perf.plain --  --cso /dev/null
key=plain, no.=93, <stderr>:
LENGTH=8800
elapsed cycles: 1076205
hi(checksum)=0x433C153FFA28282D
lo(checksum)=0x37CC6F1A75862D40
key=plain, no.=93, <checksum>:
0x433C153FFA28282D37CC6F1A75862D40
key=plain, no.=93, cso file:
/dev/null
----------------------------------------------
real command=cset shield -e /home/nrink/Projects/build/encode/encode/tests/ptrarith/ptrarith.perf.plain --  --cso /dev/null
key=plain, no.=94, <stderr>:
LENGTH=8800
elapsed cycles: 1119429
hi(checksum)=0x433C153FFA28282D
lo(checksum)=0x37CC6F1A75862D40
key=plain, no.=94, <checksum>:
0x433C153FFA28282D37CC6F1A75862D40
key=plain, no.=94, cso file:
/dev/null
----------------------------------------------
real command=cset shield -e /home/nrink/Projects/build/encode/encode/tests/ptrarith/ptrarith.perf.plain --  --cso /dev/null
key=plain, no.=95, <stderr>:
LENGTH=8800
elapsed cycles: 1109514
hi(checksum)=0x433C153FFA28282D
lo(checksum)=0x37CC6F1A75862D40
key=plain, no.=95, <checksum>:
0x433C153FFA28282D37CC6F1A75862D40
key=plain, no.=95, cso file:
/dev/null
----------------------------------------------
real command=cset shield -e /home/nrink/Projects/build/encode/encode/tests/ptrarith/ptrarith.perf.plain --  --cso /dev/null
key=plain, no.=96, <stderr>:
LENGTH=8800
elapsed cycles: 1077660
hi(checksum)=0x433C153FFA28282D
lo(checksum)=0x37CC6F1A75862D40
key=plain, no.=96, <checksum>:
0x433C153FFA28282D37CC6F1A75862D40
key=plain, no.=96, cso file:
/dev/null
----------------------------------------------
real command=cset shield -e /home/nrink/Projects/build/encode/encode/tests/ptrarith/ptrarith.perf.plain --  --cso /dev/null
key=plain, no.=97, <stderr>:
LENGTH=8800
elapsed cycles: 1075968
hi(checksum)=0x433C153FFA28282D
lo(checksum)=0x37CC6F1A75862D40
key=plain, no.=97, <checksum>:
0x433C153FFA28282D37CC6F1A75862D40
key=plain, no.=97, cso file:
/dev/null
----------------------------------------------
real command=cset shield -e /home/nrink/Projects/build/encode/encode/tests/ptrarith/ptrarith.perf.plain --  --cso /dev/null
key=plain, no.=98, <stderr>:
LENGTH=8800
elapsed cycles: 1083360
hi(checksum)=0x433C153FFA28282D
lo(checksum)=0x37CC6F1A75862D40
key=plain, no.=98, <checksum>:
0x433C153FFA28282D37CC6F1A75862D40
key=plain, no.=98, cso file:
/dev/null
----------------------------------------------
real command=cset shield -e /home/nrink/Projects/build/encode/encode/tests/ptrarith/ptrarith.perf.plain --  --cso /dev/null
key=plain, no.=99, <stderr>:
LENGTH=8800
elapsed cycles: 1085613
hi(checksum)=0x433C153FFA28282D
lo(checksum)=0x37CC6F1A75862D40
key=plain, no.=99, <checksum>:
0x433C153FFA28282D37CC6F1A75862D40
key=plain, no.=99, cso file:
/dev/null
----------------------------------------------
key=encoded, runs=100 ...
command=/home/nrink/Projects/build/encode/encode/tests/ptrarith/ptrarith.perf.encoded
----------------------------------------------
real command=cset shield -e /home/nrink/Projects/build/encode/encode/tests/ptrarith/ptrarith.perf.encoded --  --cso /dev/null
key=encoded, no.=0, <stderr>:
LENGTH=8800
elapsed cycles: 9965634
hi(checksum)=0x433C153FFA28282D
lo(checksum)=0x37CC6F1A75862D40
key=encoded, no.=0, <checksum>:
0x433C153FFA28282D37CC6F1A75862D40
key=encoded, no.=0, cso file:
/dev/null
----------------------------------------------
real command=cset shield -e /home/nrink/Projects/build/encode/encode/tests/ptrarith/ptrarith.perf.encoded --  --cso /dev/null
key=encoded, no.=1, <stderr>:
LENGTH=8800
elapsed cycles: 9929061
hi(checksum)=0x433C153FFA28282D
lo(checksum)=0x37CC6F1A75862D40
key=encoded, no.=1, <checksum>:
0x433C153FFA28282D37CC6F1A75862D40
key=encoded, no.=1, cso file:
/dev/null
----------------------------------------------
real command=cset shield -e /home/nrink/Projects/build/encode/encode/tests/ptrarith/ptrarith.perf.encoded --  --cso /dev/null
key=encoded, no.=2, <stderr>:
LENGTH=8800
elapsed cycles: 9959190
hi(checksum)=0x433C153FFA28282D
lo(checksum)=0x37CC6F1A75862D40
key=encoded, no.=2, <checksum>:
0x433C153FFA28282D37CC6F1A75862D40
key=encoded, no.=2, cso file:
/dev/null
----------------------------------------------
real command=cset shield -e /home/nrink/Projects/build/encode/encode/tests/ptrarith/ptrarith.perf.encoded --  --cso /dev/null
key=encoded, no.=3, <stderr>:
LENGTH=8800
elapsed cycles: 9995706
hi(checksum)=0x433C153FFA28282D
lo(checksum)=0x37CC6F1A75862D40
key=encoded, no.=3, <checksum>:
0x433C153FFA28282D37CC6F1A75862D40
key=encoded, no.=3, cso file:
/dev/null
----------------------------------------------
real command=cset shield -e /home/nrink/Projects/build/encode/encode/tests/ptrarith/ptrarith.perf.encoded --  --cso /dev/null
key=encoded, no.=4, <stderr>:
LENGTH=8800
elapsed cycles: 9977685
hi(checksum)=0x433C153FFA28282D
lo(checksum)=0x37CC6F1A75862D40
key=encoded, no.=4, <checksum>:
0x433C153FFA28282D37CC6F1A75862D40
key=encoded, no.=4, cso file:
/dev/null
----------------------------------------------
real command=cset shield -e /home/nrink/Projects/build/encode/encode/tests/ptrarith/ptrarith.perf.encoded --  --cso /dev/null
key=encoded, no.=5, <stderr>:
LENGTH=8800
elapsed cycles: 10024551
hi(checksum)=0x433C153FFA28282D
lo(checksum)=0x37CC6F1A75862D40
key=encoded, no.=5, <checksum>:
0x433C153FFA28282D37CC6F1A75862D40
key=encoded, no.=5, cso file:
/dev/null
----------------------------------------------
real command=cset shield -e /home/nrink/Projects/build/encode/encode/tests/ptrarith/ptrarith.perf.encoded --  --cso /dev/null
key=encoded, no.=6, <stderr>:
LENGTH=8800
elapsed cycles: 9945432
hi(checksum)=0x433C153FFA28282D
lo(checksum)=0x37CC6F1A75862D40
key=encoded, no.=6, <checksum>:
0x433C153FFA28282D37CC6F1A75862D40
key=encoded, no.=6, cso file:
/dev/null
----------------------------------------------
real command=cset shield -e /home/nrink/Projects/build/encode/encode/tests/ptrarith/ptrarith.perf.encoded --  --cso /dev/null
key=encoded, no.=7, <stderr>:
LENGTH=8800
elapsed cycles: 10017222
hi(checksum)=0x433C153FFA28282D
lo(checksum)=0x37CC6F1A75862D40
key=encoded, no.=7, <checksum>:
0x433C153FFA28282D37CC6F1A75862D40
key=encoded, no.=7, cso file:
/dev/null
----------------------------------------------
real command=cset shield -e /home/nrink/Projects/build/encode/encode/tests/ptrarith/ptrarith.perf.encoded --  --cso /dev/null
key=encoded, no.=8, <stderr>:
LENGTH=8800
elapsed cycles: 10127340
hi(checksum)=0x433C153FFA28282D
lo(checksum)=0x37CC6F1A75862D40
key=encoded, no.=8, <checksum>:
0x433C153FFA28282D37CC6F1A75862D40
key=encoded, no.=8, cso file:
/dev/null
----------------------------------------------
real command=cset shield -e /home/nrink/Projects/build/encode/encode/tests/ptrarith/ptrarith.perf.encoded --  --cso /dev/null
key=encoded, no.=9, <stderr>:
LENGTH=8800
elapsed cycles: 10063503
hi(checksum)=0x433C153FFA28282D
lo(checksum)=0x37CC6F1A75862D40
key=encoded, no.=9, <checksum>:
0x433C153FFA28282D37CC6F1A75862D40
key=encoded, no.=9, cso file:
/dev/null
----------------------------------------------
real command=cset shield -e /home/nrink/Projects/build/encode/encode/tests/ptrarith/ptrarith.perf.encoded --  --cso /dev/null
key=encoded, no.=10, <stderr>:
LENGTH=8800
elapsed cycles: 9941481
hi(checksum)=0x433C153FFA28282D
lo(checksum)=0x37CC6F1A75862D40
key=encoded, no.=10, <checksum>:
0x433C153FFA28282D37CC6F1A75862D40
key=encoded, no.=10, cso file:
/dev/null
----------------------------------------------
real command=cset shield -e /home/nrink/Projects/build/encode/encode/tests/ptrarith/ptrarith.perf.encoded --  --cso /dev/null
key=encoded, no.=11, <stderr>:
LENGTH=8800
elapsed cycles: 9960237
hi(checksum)=0x433C153FFA28282D
lo(checksum)=0x37CC6F1A75862D40
key=encoded, no.=11, <checksum>:
0x433C153FFA28282D37CC6F1A75862D40
key=encoded, no.=11, cso file:
/dev/null
----------------------------------------------
real command=cset shield -e /home/nrink/Projects/build/encode/encode/tests/ptrarith/ptrarith.perf.encoded --  --cso /dev/null
key=encoded, no.=12, <stderr>:
LENGTH=8800
elapsed cycles: 9941637
hi(checksum)=0x433C153FFA28282D
lo(checksum)=0x37CC6F1A75862D40
key=encoded, no.=12, <checksum>:
0x433C153FFA28282D37CC6F1A75862D40
key=encoded, no.=12, cso file:
/dev/null
----------------------------------------------
real command=cset shield -e /home/nrink/Projects/build/encode/encode/tests/ptrarith/ptrarith.perf.encoded --  --cso /dev/null
key=encoded, no.=13, <stderr>:
LENGTH=8800
elapsed cycles: 9932049
hi(checksum)=0x433C153FFA28282D
lo(checksum)=0x37CC6F1A75862D40
key=encoded, no.=13, <checksum>:
0x433C153FFA28282D37CC6F1A75862D40
key=encoded, no.=13, cso file:
/dev/null
----------------------------------------------
real command=cset shield -e /home/nrink/Projects/build/encode/encode/tests/ptrarith/ptrarith.perf.encoded --  --cso /dev/null
key=encoded, no.=14, <stderr>:
LENGTH=8800
elapsed cycles: 9939765
hi(checksum)=0x433C153FFA28282D
lo(checksum)=0x37CC6F1A75862D40
key=encoded, no.=14, <checksum>:
0x433C153FFA28282D37CC6F1A75862D40
key=encoded, no.=14, cso file:
/dev/null
----------------------------------------------
real command=cset shield -e /home/nrink/Projects/build/encode/encode/tests/ptrarith/ptrarith.perf.encoded --  --cso /dev/null
key=encoded, no.=15, <stderr>:
LENGTH=8800
elapsed cycles: 10067418
hi(checksum)=0x433C153FFA28282D
lo(checksum)=0x37CC6F1A75862D40
key=encoded, no.=15, <checksum>:
0x433C153FFA28282D37CC6F1A75862D40
key=encoded, no.=15, cso file:
/dev/null
----------------------------------------------
real command=cset shield -e /home/nrink/Projects/build/encode/encode/tests/ptrarith/ptrarith.perf.encoded --  --cso /dev/null
key=encoded, no.=16, <stderr>:
LENGTH=8800
elapsed cycles: 9930090
hi(checksum)=0x433C153FFA28282D
lo(checksum)=0x37CC6F1A75862D40
key=encoded, no.=16, <checksum>:
0x433C153FFA28282D37CC6F1A75862D40
key=encoded, no.=16, cso file:
/dev/null
----------------------------------------------
real command=cset shield -e /home/nrink/Projects/build/encode/encode/tests/ptrarith/ptrarith.perf.encoded --  --cso /dev/null
key=encoded, no.=17, <stderr>:
LENGTH=8800
elapsed cycles: 9930072
hi(checksum)=0x433C153FFA28282D
lo(checksum)=0x37CC6F1A75862D40
key=encoded, no.=17, <checksum>:
0x433C153FFA28282D37CC6F1A75862D40
key=encoded, no.=17, cso file:
/dev/null
----------------------------------------------
real command=cset shield -e /home/nrink/Projects/build/encode/encode/tests/ptrarith/ptrarith.perf.encoded --  --cso /dev/null
key=encoded, no.=18, <stderr>:
LENGTH=8800
elapsed cycles: 10011360
hi(checksum)=0x433C153FFA28282D
lo(checksum)=0x37CC6F1A75862D40
key=encoded, no.=18, <checksum>:
0x433C153FFA28282D37CC6F1A75862D40
key=encoded, no.=18, cso file:
/dev/null
----------------------------------------------
real command=cset shield -e /home/nrink/Projects/build/encode/encode/tests/ptrarith/ptrarith.perf.encoded --  --cso /dev/null
key=encoded, no.=19, <stderr>:
LENGTH=8800
elapsed cycles: 10096410
hi(checksum)=0x433C153FFA28282D
lo(checksum)=0x37CC6F1A75862D40
key=encoded, no.=19, <checksum>:
0x433C153FFA28282D37CC6F1A75862D40
key=encoded, no.=19, cso file:
/dev/null
----------------------------------------------
real command=cset shield -e /home/nrink/Projects/build/encode/encode/tests/ptrarith/ptrarith.perf.encoded --  --cso /dev/null
key=encoded, no.=20, <stderr>:
LENGTH=8800
elapsed cycles: 10143090
hi(checksum)=0x433C153FFA28282D
lo(checksum)=0x37CC6F1A75862D40
key=encoded, no.=20, <checksum>:
0x433C153FFA28282D37CC6F1A75862D40
key=encoded, no.=20, cso file:
/dev/null
----------------------------------------------
real command=cset shield -e /home/nrink/Projects/build/encode/encode/tests/ptrarith/ptrarith.perf.encoded --  --cso /dev/null
key=encoded, no.=21, <stderr>:
LENGTH=8800
elapsed cycles: 9935112
hi(checksum)=0x433C153FFA28282D
lo(checksum)=0x37CC6F1A75862D40
key=encoded, no.=21, <checksum>:
0x433C153FFA28282D37CC6F1A75862D40
key=encoded, no.=21, cso file:
/dev/null
----------------------------------------------
real command=cset shield -e /home/nrink/Projects/build/encode/encode/tests/ptrarith/ptrarith.perf.encoded --  --cso /dev/null
key=encoded, no.=22, <stderr>:
LENGTH=8800
elapsed cycles: 10096062
hi(checksum)=0x433C153FFA28282D
lo(checksum)=0x37CC6F1A75862D40
key=encoded, no.=22, <checksum>:
0x433C153FFA28282D37CC6F1A75862D40
key=encoded, no.=22, cso file:
/dev/null
----------------------------------------------
real command=cset shield -e /home/nrink/Projects/build/encode/encode/tests/ptrarith/ptrarith.perf.encoded --  --cso /dev/null
key=encoded, no.=23, <stderr>:
LENGTH=8800
elapsed cycles: 10007283
hi(checksum)=0x433C153FFA28282D
lo(checksum)=0x37CC6F1A75862D40
key=encoded, no.=23, <checksum>:
0x433C153FFA28282D37CC6F1A75862D40
key=encoded, no.=23, cso file:
/dev/null
----------------------------------------------
real command=cset shield -e /home/nrink/Projects/build/encode/encode/tests/ptrarith/ptrarith.perf.encoded --  --cso /dev/null
key=encoded, no.=24, <stderr>:
LENGTH=8800
elapsed cycles: 10115172
hi(checksum)=0x433C153FFA28282D
lo(checksum)=0x37CC6F1A75862D40
key=encoded, no.=24, <checksum>:
0x433C153FFA28282D37CC6F1A75862D40
key=encoded, no.=24, cso file:
/dev/null
----------------------------------------------
real command=cset shield -e /home/nrink/Projects/build/encode/encode/tests/ptrarith/ptrarith.perf.encoded --  --cso /dev/null
key=encoded, no.=25, <stderr>:
LENGTH=8800
elapsed cycles: 10154445
hi(checksum)=0x433C153FFA28282D
lo(checksum)=0x37CC6F1A75862D40
key=encoded, no.=25, <checksum>:
0x433C153FFA28282D37CC6F1A75862D40
key=encoded, no.=25, cso file:
/dev/null
----------------------------------------------
real command=cset shield -e /home/nrink/Projects/build/encode/encode/tests/ptrarith/ptrarith.perf.encoded --  --cso /dev/null
key=encoded, no.=26, <stderr>:
LENGTH=8800
elapsed cycles: 9979734
hi(checksum)=0x433C153FFA28282D
lo(checksum)=0x37CC6F1A75862D40
key=encoded, no.=26, <checksum>:
0x433C153FFA28282D37CC6F1A75862D40
key=encoded, no.=26, cso file:
/dev/null
----------------------------------------------
real command=cset shield -e /home/nrink/Projects/build/encode/encode/tests/ptrarith/ptrarith.perf.encoded --  --cso /dev/null
key=encoded, no.=27, <stderr>:
LENGTH=8800
elapsed cycles: 9973362
hi(checksum)=0x433C153FFA28282D
lo(checksum)=0x37CC6F1A75862D40
key=encoded, no.=27, <checksum>:
0x433C153FFA28282D37CC6F1A75862D40
key=encoded, no.=27, cso file:
/dev/null
----------------------------------------------
real command=cset shield -e /home/nrink/Projects/build/encode/encode/tests/ptrarith/ptrarith.perf.encoded --  --cso /dev/null
key=encoded, no.=28, <stderr>:
LENGTH=8800
elapsed cycles: 10038267
hi(checksum)=0x433C153FFA28282D
lo(checksum)=0x37CC6F1A75862D40
key=encoded, no.=28, <checksum>:
0x433C153FFA28282D37CC6F1A75862D40
key=encoded, no.=28, cso file:
/dev/null
----------------------------------------------
real command=cset shield -e /home/nrink/Projects/build/encode/encode/tests/ptrarith/ptrarith.perf.encoded --  --cso /dev/null
key=encoded, no.=29, <stderr>:
LENGTH=8800
elapsed cycles: 9985149
hi(checksum)=0x433C153FFA28282D
lo(checksum)=0x37CC6F1A75862D40
key=encoded, no.=29, <checksum>:
0x433C153FFA28282D37CC6F1A75862D40
key=encoded, no.=29, cso file:
/dev/null
----------------------------------------------
real command=cset shield -e /home/nrink/Projects/build/encode/encode/tests/ptrarith/ptrarith.perf.encoded --  --cso /dev/null
key=encoded, no.=30, <stderr>:
LENGTH=8800
elapsed cycles: 9932991
hi(checksum)=0x433C153FFA28282D
lo(checksum)=0x37CC6F1A75862D40
key=encoded, no.=30, <checksum>:
0x433C153FFA28282D37CC6F1A75862D40
key=encoded, no.=30, cso file:
/dev/null
----------------------------------------------
real command=cset shield -e /home/nrink/Projects/build/encode/encode/tests/ptrarith/ptrarith.perf.encoded --  --cso /dev/null
key=encoded, no.=31, <stderr>:
LENGTH=8800
elapsed cycles: 9932517
hi(checksum)=0x433C153FFA28282D
lo(checksum)=0x37CC6F1A75862D40
key=encoded, no.=31, <checksum>:
0x433C153FFA28282D37CC6F1A75862D40
key=encoded, no.=31, cso file:
/dev/null
----------------------------------------------
real command=cset shield -e /home/nrink/Projects/build/encode/encode/tests/ptrarith/ptrarith.perf.encoded --  --cso /dev/null
key=encoded, no.=32, <stderr>:
LENGTH=8800
elapsed cycles: 10042899
hi(checksum)=0x433C153FFA28282D
lo(checksum)=0x37CC6F1A75862D40
key=encoded, no.=32, <checksum>:
0x433C153FFA28282D37CC6F1A75862D40
key=encoded, no.=32, cso file:
/dev/null
----------------------------------------------
real command=cset shield -e /home/nrink/Projects/build/encode/encode/tests/ptrarith/ptrarith.perf.encoded --  --cso /dev/null
key=encoded, no.=33, <stderr>:
LENGTH=8800
elapsed cycles: 9976050
hi(checksum)=0x433C153FFA28282D
lo(checksum)=0x37CC6F1A75862D40
key=encoded, no.=33, <checksum>:
0x433C153FFA28282D37CC6F1A75862D40
key=encoded, no.=33, cso file:
/dev/null
----------------------------------------------
real command=cset shield -e /home/nrink/Projects/build/encode/encode/tests/ptrarith/ptrarith.perf.encoded --  --cso /dev/null
key=encoded, no.=34, <stderr>:
LENGTH=8800
elapsed cycles: 9931110
hi(checksum)=0x433C153FFA28282D
lo(checksum)=0x37CC6F1A75862D40
key=encoded, no.=34, <checksum>:
0x433C153FFA28282D37CC6F1A75862D40
key=encoded, no.=34, cso file:
/dev/null
----------------------------------------------
real command=cset shield -e /home/nrink/Projects/build/encode/encode/tests/ptrarith/ptrarith.perf.encoded --  --cso /dev/null
key=encoded, no.=35, <stderr>:
LENGTH=8800
elapsed cycles: 9963027
hi(checksum)=0x433C153FFA28282D
lo(checksum)=0x37CC6F1A75862D40
key=encoded, no.=35, <checksum>:
0x433C153FFA28282D37CC6F1A75862D40
key=encoded, no.=35, cso file:
/dev/null
----------------------------------------------
real command=cset shield -e /home/nrink/Projects/build/encode/encode/tests/ptrarith/ptrarith.perf.encoded --  --cso /dev/null
key=encoded, no.=36, <stderr>:
LENGTH=8800
elapsed cycles: 9974529
hi(checksum)=0x433C153FFA28282D
lo(checksum)=0x37CC6F1A75862D40
key=encoded, no.=36, <checksum>:
0x433C153FFA28282D37CC6F1A75862D40
key=encoded, no.=36, cso file:
/dev/null
----------------------------------------------
real command=cset shield -e /home/nrink/Projects/build/encode/encode/tests/ptrarith/ptrarith.perf.encoded --  --cso /dev/null
key=encoded, no.=37, <stderr>:
LENGTH=8800
elapsed cycles: 10147836
hi(checksum)=0x433C153FFA28282D
lo(checksum)=0x37CC6F1A75862D40
key=encoded, no.=37, <checksum>:
0x433C153FFA28282D37CC6F1A75862D40
key=encoded, no.=37, cso file:
/dev/null
----------------------------------------------
real command=cset shield -e /home/nrink/Projects/build/encode/encode/tests/ptrarith/ptrarith.perf.encoded --  --cso /dev/null
key=encoded, no.=38, <stderr>:
LENGTH=8800
elapsed cycles: 10021665
hi(checksum)=0x433C153FFA28282D
lo(checksum)=0x37CC6F1A75862D40
key=encoded, no.=38, <checksum>:
0x433C153FFA28282D37CC6F1A75862D40
key=encoded, no.=38, cso file:
/dev/null
----------------------------------------------
real command=cset shield -e /home/nrink/Projects/build/encode/encode/tests/ptrarith/ptrarith.perf.encoded --  --cso /dev/null
key=encoded, no.=39, <stderr>:
LENGTH=8800
elapsed cycles: 10026354
hi(checksum)=0x433C153FFA28282D
lo(checksum)=0x37CC6F1A75862D40
key=encoded, no.=39, <checksum>:
0x433C153FFA28282D37CC6F1A75862D40
key=encoded, no.=39, cso file:
/dev/null
----------------------------------------------
real command=cset shield -e /home/nrink/Projects/build/encode/encode/tests/ptrarith/ptrarith.perf.encoded --  --cso /dev/null
key=encoded, no.=40, <stderr>:
LENGTH=8800
elapsed cycles: 10005282
hi(checksum)=0x433C153FFA28282D
lo(checksum)=0x37CC6F1A75862D40
key=encoded, no.=40, <checksum>:
0x433C153FFA28282D37CC6F1A75862D40
key=encoded, no.=40, cso file:
/dev/null
----------------------------------------------
real command=cset shield -e /home/nrink/Projects/build/encode/encode/tests/ptrarith/ptrarith.perf.encoded --  --cso /dev/null
key=encoded, no.=41, <stderr>:
LENGTH=8800
elapsed cycles: 10013616
hi(checksum)=0x433C153FFA28282D
lo(checksum)=0x37CC6F1A75862D40
key=encoded, no.=41, <checksum>:
0x433C153FFA28282D37CC6F1A75862D40
key=encoded, no.=41, cso file:
/dev/null
----------------------------------------------
real command=cset shield -e /home/nrink/Projects/build/encode/encode/tests/ptrarith/ptrarith.perf.encoded --  --cso /dev/null
key=encoded, no.=42, <stderr>:
LENGTH=8800
elapsed cycles: 9944370
hi(checksum)=0x433C153FFA28282D
lo(checksum)=0x37CC6F1A75862D40
key=encoded, no.=42, <checksum>:
0x433C153FFA28282D37CC6F1A75862D40
key=encoded, no.=42, cso file:
/dev/null
----------------------------------------------
real command=cset shield -e /home/nrink/Projects/build/encode/encode/tests/ptrarith/ptrarith.perf.encoded --  --cso /dev/null
key=encoded, no.=43, <stderr>:
LENGTH=8800
elapsed cycles: 10027260
hi(checksum)=0x433C153FFA28282D
lo(checksum)=0x37CC6F1A75862D40
key=encoded, no.=43, <checksum>:
0x433C153FFA28282D37CC6F1A75862D40
key=encoded, no.=43, cso file:
/dev/null
----------------------------------------------
real command=cset shield -e /home/nrink/Projects/build/encode/encode/tests/ptrarith/ptrarith.perf.encoded --  --cso /dev/null
key=encoded, no.=44, <stderr>:
LENGTH=8800
elapsed cycles: 9975123
hi(checksum)=0x433C153FFA28282D
lo(checksum)=0x37CC6F1A75862D40
key=encoded, no.=44, <checksum>:
0x433C153FFA28282D37CC6F1A75862D40
key=encoded, no.=44, cso file:
/dev/null
----------------------------------------------
real command=cset shield -e /home/nrink/Projects/build/encode/encode/tests/ptrarith/ptrarith.perf.encoded --  --cso /dev/null
key=encoded, no.=45, <stderr>:
LENGTH=8800
elapsed cycles: 9973896
hi(checksum)=0x433C153FFA28282D
lo(checksum)=0x37CC6F1A75862D40
key=encoded, no.=45, <checksum>:
0x433C153FFA28282D37CC6F1A75862D40
key=encoded, no.=45, cso file:
/dev/null
----------------------------------------------
real command=cset shield -e /home/nrink/Projects/build/encode/encode/tests/ptrarith/ptrarith.perf.encoded --  --cso /dev/null
key=encoded, no.=46, <stderr>:
LENGTH=8800
elapsed cycles: 10040481
hi(checksum)=0x433C153FFA28282D
lo(checksum)=0x37CC6F1A75862D40
key=encoded, no.=46, <checksum>:
0x433C153FFA28282D37CC6F1A75862D40
key=encoded, no.=46, cso file:
/dev/null
----------------------------------------------
real command=cset shield -e /home/nrink/Projects/build/encode/encode/tests/ptrarith/ptrarith.perf.encoded --  --cso /dev/null
key=encoded, no.=47, <stderr>:
LENGTH=8800
elapsed cycles: 10018752
hi(checksum)=0x433C153FFA28282D
lo(checksum)=0x37CC6F1A75862D40
key=encoded, no.=47, <checksum>:
0x433C153FFA28282D37CC6F1A75862D40
key=encoded, no.=47, cso file:
/dev/null
----------------------------------------------
real command=cset shield -e /home/nrink/Projects/build/encode/encode/tests/ptrarith/ptrarith.perf.encoded --  --cso /dev/null
key=encoded, no.=48, <stderr>:
LENGTH=8800
elapsed cycles: 10108071
hi(checksum)=0x433C153FFA28282D
lo(checksum)=0x37CC6F1A75862D40
key=encoded, no.=48, <checksum>:
0x433C153FFA28282D37CC6F1A75862D40
key=encoded, no.=48, cso file:
/dev/null
----------------------------------------------
real command=cset shield -e /home/nrink/Projects/build/encode/encode/tests/ptrarith/ptrarith.perf.encoded --  --cso /dev/null
key=encoded, no.=49, <stderr>:
LENGTH=8800
elapsed cycles: 10035207
hi(checksum)=0x433C153FFA28282D
lo(checksum)=0x37CC6F1A75862D40
key=encoded, no.=49, <checksum>:
0x433C153FFA28282D37CC6F1A75862D40
key=encoded, no.=49, cso file:
/dev/null
----------------------------------------------
real command=cset shield -e /home/nrink/Projects/build/encode/encode/tests/ptrarith/ptrarith.perf.encoded --  --cso /dev/null
key=encoded, no.=50, <stderr>:
LENGTH=8800
elapsed cycles: 10172007
hi(checksum)=0x433C153FFA28282D
lo(checksum)=0x37CC6F1A75862D40
key=encoded, no.=50, <checksum>:
0x433C153FFA28282D37CC6F1A75862D40
key=encoded, no.=50, cso file:
/dev/null
----------------------------------------------
real command=cset shield -e /home/nrink/Projects/build/encode/encode/tests/ptrarith/ptrarith.perf.encoded --  --cso /dev/null
key=encoded, no.=51, <stderr>:
LENGTH=8800
elapsed cycles: 10211511
hi(checksum)=0x433C153FFA28282D
lo(checksum)=0x37CC6F1A75862D40
key=encoded, no.=51, <checksum>:
0x433C153FFA28282D37CC6F1A75862D40
key=encoded, no.=51, cso file:
/dev/null
----------------------------------------------
real command=cset shield -e /home/nrink/Projects/build/encode/encode/tests/ptrarith/ptrarith.perf.encoded --  --cso /dev/null
key=encoded, no.=52, <stderr>:
LENGTH=8800
elapsed cycles: 10060083
hi(checksum)=0x433C153FFA28282D
lo(checksum)=0x37CC6F1A75862D40
key=encoded, no.=52, <checksum>:
0x433C153FFA28282D37CC6F1A75862D40
key=encoded, no.=52, cso file:
/dev/null
----------------------------------------------
real command=cset shield -e /home/nrink/Projects/build/encode/encode/tests/ptrarith/ptrarith.perf.encoded --  --cso /dev/null
key=encoded, no.=53, <stderr>:
LENGTH=8800
elapsed cycles: 10080639
hi(checksum)=0x433C153FFA28282D
lo(checksum)=0x37CC6F1A75862D40
key=encoded, no.=53, <checksum>:
0x433C153FFA28282D37CC6F1A75862D40
key=encoded, no.=53, cso file:
/dev/null
----------------------------------------------
real command=cset shield -e /home/nrink/Projects/build/encode/encode/tests/ptrarith/ptrarith.perf.encoded --  --cso /dev/null
key=encoded, no.=54, <stderr>:
LENGTH=8800
elapsed cycles: 9961983
hi(checksum)=0x433C153FFA28282D
lo(checksum)=0x37CC6F1A75862D40
key=encoded, no.=54, <checksum>:
0x433C153FFA28282D37CC6F1A75862D40
key=encoded, no.=54, cso file:
/dev/null
----------------------------------------------
real command=cset shield -e /home/nrink/Projects/build/encode/encode/tests/ptrarith/ptrarith.perf.encoded --  --cso /dev/null
key=encoded, no.=55, <stderr>:
LENGTH=8800
elapsed cycles: 10091775
hi(checksum)=0x433C153FFA28282D
lo(checksum)=0x37CC6F1A75862D40
key=encoded, no.=55, <checksum>:
0x433C153FFA28282D37CC6F1A75862D40
key=encoded, no.=55, cso file:
/dev/null
----------------------------------------------
real command=cset shield -e /home/nrink/Projects/build/encode/encode/tests/ptrarith/ptrarith.perf.encoded --  --cso /dev/null
key=encoded, no.=56, <stderr>:
LENGTH=8800
elapsed cycles: 10204980
hi(checksum)=0x433C153FFA28282D
lo(checksum)=0x37CC6F1A75862D40
key=encoded, no.=56, <checksum>:
0x433C153FFA28282D37CC6F1A75862D40
key=encoded, no.=56, cso file:
/dev/null
----------------------------------------------
real command=cset shield -e /home/nrink/Projects/build/encode/encode/tests/ptrarith/ptrarith.perf.encoded --  --cso /dev/null
key=encoded, no.=57, <stderr>:
LENGTH=8800
elapsed cycles: 9976617
hi(checksum)=0x433C153FFA28282D
lo(checksum)=0x37CC6F1A75862D40
key=encoded, no.=57, <checksum>:
0x433C153FFA28282D37CC6F1A75862D40
key=encoded, no.=57, cso file:
/dev/null
----------------------------------------------
real command=cset shield -e /home/nrink/Projects/build/encode/encode/tests/ptrarith/ptrarith.perf.encoded --  --cso /dev/null
key=encoded, no.=58, <stderr>:
LENGTH=8800
elapsed cycles: 10006296
hi(checksum)=0x433C153FFA28282D
lo(checksum)=0x37CC6F1A75862D40
key=encoded, no.=58, <checksum>:
0x433C153FFA28282D37CC6F1A75862D40
key=encoded, no.=58, cso file:
/dev/null
----------------------------------------------
real command=cset shield -e /home/nrink/Projects/build/encode/encode/tests/ptrarith/ptrarith.perf.encoded --  --cso /dev/null
key=encoded, no.=59, <stderr>:
LENGTH=8800
elapsed cycles: 9982197
hi(checksum)=0x433C153FFA28282D
lo(checksum)=0x37CC6F1A75862D40
key=encoded, no.=59, <checksum>:
0x433C153FFA28282D37CC6F1A75862D40
key=encoded, no.=59, cso file:
/dev/null
----------------------------------------------
real command=cset shield -e /home/nrink/Projects/build/encode/encode/tests/ptrarith/ptrarith.perf.encoded --  --cso /dev/null
key=encoded, no.=60, <stderr>:
LENGTH=8800
elapsed cycles: 9963747
hi(checksum)=0x433C153FFA28282D
lo(checksum)=0x37CC6F1A75862D40
key=encoded, no.=60, <checksum>:
0x433C153FFA28282D37CC6F1A75862D40
key=encoded, no.=60, cso file:
/dev/null
----------------------------------------------
real command=cset shield -e /home/nrink/Projects/build/encode/encode/tests/ptrarith/ptrarith.perf.encoded --  --cso /dev/null
key=encoded, no.=61, <stderr>:
LENGTH=8800
elapsed cycles: 9938100
hi(checksum)=0x433C153FFA28282D
lo(checksum)=0x37CC6F1A75862D40
key=encoded, no.=61, <checksum>:
0x433C153FFA28282D37CC6F1A75862D40
key=encoded, no.=61, cso file:
/dev/null
----------------------------------------------
real command=cset shield -e /home/nrink/Projects/build/encode/encode/tests/ptrarith/ptrarith.perf.encoded --  --cso /dev/null
key=encoded, no.=62, <stderr>:
LENGTH=8800
elapsed cycles: 10038876
hi(checksum)=0x433C153FFA28282D
lo(checksum)=0x37CC6F1A75862D40
key=encoded, no.=62, <checksum>:
0x433C153FFA28282D37CC6F1A75862D40
key=encoded, no.=62, cso file:
/dev/null
----------------------------------------------
real command=cset shield -e /home/nrink/Projects/build/encode/encode/tests/ptrarith/ptrarith.perf.encoded --  --cso /dev/null
key=encoded, no.=63, <stderr>:
LENGTH=8800
elapsed cycles: 10090950
hi(checksum)=0x433C153FFA28282D
lo(checksum)=0x37CC6F1A75862D40
key=encoded, no.=63, <checksum>:
0x433C153FFA28282D37CC6F1A75862D40
key=encoded, no.=63, cso file:
/dev/null
----------------------------------------------
real command=cset shield -e /home/nrink/Projects/build/encode/encode/tests/ptrarith/ptrarith.perf.encoded --  --cso /dev/null
key=encoded, no.=64, <stderr>:
LENGTH=8800
elapsed cycles: 9936189
hi(checksum)=0x433C153FFA28282D
lo(checksum)=0x37CC6F1A75862D40
key=encoded, no.=64, <checksum>:
0x433C153FFA28282D37CC6F1A75862D40
key=encoded, no.=64, cso file:
/dev/null
----------------------------------------------
real command=cset shield -e /home/nrink/Projects/build/encode/encode/tests/ptrarith/ptrarith.perf.encoded --  --cso /dev/null
key=encoded, no.=65, <stderr>:
LENGTH=8800
elapsed cycles: 9947244
hi(checksum)=0x433C153FFA28282D
lo(checksum)=0x37CC6F1A75862D40
key=encoded, no.=65, <checksum>:
0x433C153FFA28282D37CC6F1A75862D40
key=encoded, no.=65, cso file:
/dev/null
----------------------------------------------
real command=cset shield -e /home/nrink/Projects/build/encode/encode/tests/ptrarith/ptrarith.perf.encoded --  --cso /dev/null
key=encoded, no.=66, <stderr>:
LENGTH=8800
elapsed cycles: 10034685
hi(checksum)=0x433C153FFA28282D
lo(checksum)=0x37CC6F1A75862D40
key=encoded, no.=66, <checksum>:
0x433C153FFA28282D37CC6F1A75862D40
key=encoded, no.=66, cso file:
/dev/null
----------------------------------------------
real command=cset shield -e /home/nrink/Projects/build/encode/encode/tests/ptrarith/ptrarith.perf.encoded --  --cso /dev/null
key=encoded, no.=67, <stderr>:
LENGTH=8800
elapsed cycles: 9933702
hi(checksum)=0x433C153FFA28282D
lo(checksum)=0x37CC6F1A75862D40
key=encoded, no.=67, <checksum>:
0x433C153FFA28282D37CC6F1A75862D40
key=encoded, no.=67, cso file:
/dev/null
----------------------------------------------
real command=cset shield -e /home/nrink/Projects/build/encode/encode/tests/ptrarith/ptrarith.perf.encoded --  --cso /dev/null
key=encoded, no.=68, <stderr>:
LENGTH=8800
elapsed cycles: 9997287
hi(checksum)=0x433C153FFA28282D
lo(checksum)=0x37CC6F1A75862D40
key=encoded, no.=68, <checksum>:
0x433C153FFA28282D37CC6F1A75862D40
key=encoded, no.=68, cso file:
/dev/null
----------------------------------------------
real command=cset shield -e /home/nrink/Projects/build/encode/encode/tests/ptrarith/ptrarith.perf.encoded --  --cso /dev/null
key=encoded, no.=69, <stderr>:
LENGTH=8800
elapsed cycles: 10036461
hi(checksum)=0x433C153FFA28282D
lo(checksum)=0x37CC6F1A75862D40
key=encoded, no.=69, <checksum>:
0x433C153FFA28282D37CC6F1A75862D40
key=encoded, no.=69, cso file:
/dev/null
----------------------------------------------
real command=cset shield -e /home/nrink/Projects/build/encode/encode/tests/ptrarith/ptrarith.perf.encoded --  --cso /dev/null
key=encoded, no.=70, <stderr>:
LENGTH=8800
elapsed cycles: 9960795
hi(checksum)=0x433C153FFA28282D
lo(checksum)=0x37CC6F1A75862D40
key=encoded, no.=70, <checksum>:
0x433C153FFA28282D37CC6F1A75862D40
key=encoded, no.=70, cso file:
/dev/null
----------------------------------------------
real command=cset shield -e /home/nrink/Projects/build/encode/encode/tests/ptrarith/ptrarith.perf.encoded --  --cso /dev/null
key=encoded, no.=71, <stderr>:
LENGTH=8800
elapsed cycles: 9935658
hi(checksum)=0x433C153FFA28282D
lo(checksum)=0x37CC6F1A75862D40
key=encoded, no.=71, <checksum>:
0x433C153FFA28282D37CC6F1A75862D40
key=encoded, no.=71, cso file:
/dev/null
----------------------------------------------
real command=cset shield -e /home/nrink/Projects/build/encode/encode/tests/ptrarith/ptrarith.perf.encoded --  --cso /dev/null
key=encoded, no.=72, <stderr>:
LENGTH=8800
elapsed cycles: 10099245
hi(checksum)=0x433C153FFA28282D
lo(checksum)=0x37CC6F1A75862D40
key=encoded, no.=72, <checksum>:
0x433C153FFA28282D37CC6F1A75862D40
key=encoded, no.=72, cso file:
/dev/null
----------------------------------------------
real command=cset shield -e /home/nrink/Projects/build/encode/encode/tests/ptrarith/ptrarith.perf.encoded --  --cso /dev/null
key=encoded, no.=73, <stderr>:
LENGTH=8800
elapsed cycles: 10008738
hi(checksum)=0x433C153FFA28282D
lo(checksum)=0x37CC6F1A75862D40
key=encoded, no.=73, <checksum>:
0x433C153FFA28282D37CC6F1A75862D40
key=encoded, no.=73, cso file:
/dev/null
----------------------------------------------
real command=cset shield -e /home/nrink/Projects/build/encode/encode/tests/ptrarith/ptrarith.perf.encoded --  --cso /dev/null
key=encoded, no.=74, <stderr>:
LENGTH=8800
elapsed cycles: 10001907
hi(checksum)=0x433C153FFA28282D
lo(checksum)=0x37CC6F1A75862D40
key=encoded, no.=74, <checksum>:
0x433C153FFA28282D37CC6F1A75862D40
key=encoded, no.=74, cso file:
/dev/null
----------------------------------------------
real command=cset shield -e /home/nrink/Projects/build/encode/encode/tests/ptrarith/ptrarith.perf.encoded --  --cso /dev/null
key=encoded, no.=75, <stderr>:
LENGTH=8800
elapsed cycles: 9964737
hi(checksum)=0x433C153FFA28282D
lo(checksum)=0x37CC6F1A75862D40
key=encoded, no.=75, <checksum>:
0x433C153FFA28282D37CC6F1A75862D40
key=encoded, no.=75, cso file:
/dev/null
----------------------------------------------
real command=cset shield -e /home/nrink/Projects/build/encode/encode/tests/ptrarith/ptrarith.perf.encoded --  --cso /dev/null
key=encoded, no.=76, <stderr>:
LENGTH=8800
elapsed cycles: 9961566
hi(checksum)=0x433C153FFA28282D
lo(checksum)=0x37CC6F1A75862D40
key=encoded, no.=76, <checksum>:
0x433C153FFA28282D37CC6F1A75862D40
key=encoded, no.=76, cso file:
/dev/null
----------------------------------------------
real command=cset shield -e /home/nrink/Projects/build/encode/encode/tests/ptrarith/ptrarith.perf.encoded --  --cso /dev/null
key=encoded, no.=77, <stderr>:
LENGTH=8800
elapsed cycles: 9933747
hi(checksum)=0x433C153FFA28282D
lo(checksum)=0x37CC6F1A75862D40
key=encoded, no.=77, <checksum>:
0x433C153FFA28282D37CC6F1A75862D40
key=encoded, no.=77, cso file:
/dev/null
----------------------------------------------
real command=cset shield -e /home/nrink/Projects/build/encode/encode/tests/ptrarith/ptrarith.perf.encoded --  --cso /dev/null
key=encoded, no.=78, <stderr>:
LENGTH=8800
elapsed cycles: 9947409
hi(checksum)=0x433C153FFA28282D
lo(checksum)=0x37CC6F1A75862D40
key=encoded, no.=78, <checksum>:
0x433C153FFA28282D37CC6F1A75862D40
key=encoded, no.=78, cso file:
/dev/null
----------------------------------------------
real command=cset shield -e /home/nrink/Projects/build/encode/encode/tests/ptrarith/ptrarith.perf.encoded --  --cso /dev/null
key=encoded, no.=79, <stderr>:
LENGTH=8800
elapsed cycles: 10017687
hi(checksum)=0x433C153FFA28282D
lo(checksum)=0x37CC6F1A75862D40
key=encoded, no.=79, <checksum>:
0x433C153FFA28282D37CC6F1A75862D40
key=encoded, no.=79, cso file:
/dev/null
----------------------------------------------
real command=cset shield -e /home/nrink/Projects/build/encode/encode/tests/ptrarith/ptrarith.perf.encoded --  --cso /dev/null
key=encoded, no.=80, <stderr>:
LENGTH=8800
elapsed cycles: 9959643
hi(checksum)=0x433C153FFA28282D
lo(checksum)=0x37CC6F1A75862D40
key=encoded, no.=80, <checksum>:
0x433C153FFA28282D37CC6F1A75862D40
key=encoded, no.=80, cso file:
/dev/null
----------------------------------------------
real command=cset shield -e /home/nrink/Projects/build/encode/encode/tests/ptrarith/ptrarith.perf.encoded --  --cso /dev/null
key=encoded, no.=81, <stderr>:
LENGTH=8800
elapsed cycles: 9960381
hi(checksum)=0x433C153FFA28282D
lo(checksum)=0x37CC6F1A75862D40
key=encoded, no.=81, <checksum>:
0x433C153FFA28282D37CC6F1A75862D40
key=encoded, no.=81, cso file:
/dev/null
----------------------------------------------
real command=cset shield -e /home/nrink/Projects/build/encode/encode/tests/ptrarith/ptrarith.perf.encoded --  --cso /dev/null
key=encoded, no.=82, <stderr>:
LENGTH=8800
elapsed cycles: 10146024
hi(checksum)=0x433C153FFA28282D
lo(checksum)=0x37CC6F1A75862D40
key=encoded, no.=82, <checksum>:
0x433C153FFA28282D37CC6F1A75862D40
key=encoded, no.=82, cso file:
/dev/null
----------------------------------------------
real command=cset shield -e /home/nrink/Projects/build/encode/encode/tests/ptrarith/ptrarith.perf.encoded --  --cso /dev/null
key=encoded, no.=83, <stderr>:
LENGTH=8800
elapsed cycles: 9983013
hi(checksum)=0x433C153FFA28282D
lo(checksum)=0x37CC6F1A75862D40
key=encoded, no.=83, <checksum>:
0x433C153FFA28282D37CC6F1A75862D40
key=encoded, no.=83, cso file:
/dev/null
----------------------------------------------
real command=cset shield -e /home/nrink/Projects/build/encode/encode/tests/ptrarith/ptrarith.perf.encoded --  --cso /dev/null
key=encoded, no.=84, <stderr>:
LENGTH=8800
elapsed cycles: 9963012
hi(checksum)=0x433C153FFA28282D
lo(checksum)=0x37CC6F1A75862D40
key=encoded, no.=84, <checksum>:
0x433C153FFA28282D37CC6F1A75862D40
key=encoded, no.=84, cso file:
/dev/null
----------------------------------------------
real command=cset shield -e /home/nrink/Projects/build/encode/encode/tests/ptrarith/ptrarith.perf.encoded --  --cso /dev/null
key=encoded, no.=85, <stderr>:
LENGTH=8800
elapsed cycles: 10003944
hi(checksum)=0x433C153FFA28282D
lo(checksum)=0x37CC6F1A75862D40
key=encoded, no.=85, <checksum>:
0x433C153FFA28282D37CC6F1A75862D40
key=encoded, no.=85, cso file:
/dev/null
----------------------------------------------
real command=cset shield -e /home/nrink/Projects/build/encode/encode/tests/ptrarith/ptrarith.perf.encoded --  --cso /dev/null
key=encoded, no.=86, <stderr>:
LENGTH=8800
elapsed cycles: 10000848
hi(checksum)=0x433C153FFA28282D
lo(checksum)=0x37CC6F1A75862D40
key=encoded, no.=86, <checksum>:
0x433C153FFA28282D37CC6F1A75862D40
key=encoded, no.=86, cso file:
/dev/null
----------------------------------------------
real command=cset shield -e /home/nrink/Projects/build/encode/encode/tests/ptrarith/ptrarith.perf.encoded --  --cso /dev/null
key=encoded, no.=87, <stderr>:
LENGTH=8800
elapsed cycles: 9957621
hi(checksum)=0x433C153FFA28282D
lo(checksum)=0x37CC6F1A75862D40
key=encoded, no.=87, <checksum>:
0x433C153FFA28282D37CC6F1A75862D40
key=encoded, no.=87, cso file:
/dev/null
----------------------------------------------
real command=cset shield -e /home/nrink/Projects/build/encode/encode/tests/ptrarith/ptrarith.perf.encoded --  --cso /dev/null
key=encoded, no.=88, <stderr>:
LENGTH=8800
elapsed cycles: 9951129
hi(checksum)=0x433C153FFA28282D
lo(checksum)=0x37CC6F1A75862D40
key=encoded, no.=88, <checksum>:
0x433C153FFA28282D37CC6F1A75862D40
key=encoded, no.=88, cso file:
/dev/null
----------------------------------------------
real command=cset shield -e /home/nrink/Projects/build/encode/encode/tests/ptrarith/ptrarith.perf.encoded --  --cso /dev/null
key=encoded, no.=89, <stderr>:
LENGTH=8800
elapsed cycles: 9935829
hi(checksum)=0x433C153FFA28282D
lo(checksum)=0x37CC6F1A75862D40
key=encoded, no.=89, <checksum>:
0x433C153FFA28282D37CC6F1A75862D40
key=encoded, no.=89, cso file:
/dev/null
----------------------------------------------
real command=cset shield -e /home/nrink/Projects/build/encode/encode/tests/ptrarith/ptrarith.perf.encoded --  --cso /dev/null
key=encoded, no.=90, <stderr>:
LENGTH=8800
elapsed cycles: 10032237
hi(checksum)=0x433C153FFA28282D
lo(checksum)=0x37CC6F1A75862D40
key=encoded, no.=90, <checksum>:
0x433C153FFA28282D37CC6F1A75862D40
key=encoded, no.=90, cso file:
/dev/null
----------------------------------------------
real command=cset shield -e /home/nrink/Projects/build/encode/encode/tests/ptrarith/ptrarith.perf.encoded --  --cso /dev/null
key=encoded, no.=91, <stderr>:
LENGTH=8800
elapsed cycles: 9945984
hi(checksum)=0x433C153FFA28282D
lo(checksum)=0x37CC6F1A75862D40
key=encoded, no.=91, <checksum>:
0x433C153FFA28282D37CC6F1A75862D40
key=encoded, no.=91, cso file:
/dev/null
----------------------------------------------
real command=cset shield -e /home/nrink/Projects/build/encode/encode/tests/ptrarith/ptrarith.perf.encoded --  --cso /dev/null
key=encoded, no.=92, <stderr>:
LENGTH=8800
elapsed cycles: 10034136
hi(checksum)=0x433C153FFA28282D
lo(checksum)=0x37CC6F1A75862D40
key=encoded, no.=92, <checksum>:
0x433C153FFA28282D37CC6F1A75862D40
key=encoded, no.=92, cso file:
/dev/null
----------------------------------------------
real command=cset shield -e /home/nrink/Projects/build/encode/encode/tests/ptrarith/ptrarith.perf.encoded --  --cso /dev/null
key=encoded, no.=93, <stderr>:
LENGTH=8800
elapsed cycles: 9995823
hi(checksum)=0x433C153FFA28282D
lo(checksum)=0x37CC6F1A75862D40
key=encoded, no.=93, <checksum>:
0x433C153FFA28282D37CC6F1A75862D40
key=encoded, no.=93, cso file:
/dev/null
----------------------------------------------
real command=cset shield -e /home/nrink/Projects/build/encode/encode/tests/ptrarith/ptrarith.perf.encoded --  --cso /dev/null
key=encoded, no.=94, <stderr>:
LENGTH=8800
elapsed cycles: 10109907
hi(checksum)=0x433C153FFA28282D
lo(checksum)=0x37CC6F1A75862D40
key=encoded, no.=94, <checksum>:
0x433C153FFA28282D37CC6F1A75862D40
key=encoded, no.=94, cso file:
/dev/null
----------------------------------------------
real command=cset shield -e /home/nrink/Projects/build/encode/encode/tests/ptrarith/ptrarith.perf.encoded --  --cso /dev/null
key=encoded, no.=95, <stderr>:
LENGTH=8800
elapsed cycles: 10026999
hi(checksum)=0x433C153FFA28282D
lo(checksum)=0x37CC6F1A75862D40
key=encoded, no.=95, <checksum>:
0x433C153FFA28282D37CC6F1A75862D40
key=encoded, no.=95, cso file:
/dev/null
----------------------------------------------
real command=cset shield -e /home/nrink/Projects/build/encode/encode/tests/ptrarith/ptrarith.perf.encoded --  --cso /dev/null
key=encoded, no.=96, <stderr>:
LENGTH=8800
elapsed cycles: 9935910
hi(checksum)=0x433C153FFA28282D
lo(checksum)=0x37CC6F1A75862D40
key=encoded, no.=96, <checksum>:
0x433C153FFA28282D37CC6F1A75862D40
key=encoded, no.=96, cso file:
/dev/null
----------------------------------------------
real command=cset shield -e /home/nrink/Projects/build/encode/encode/tests/ptrarith/ptrarith.perf.encoded --  --cso /dev/null
key=encoded, no.=97, <stderr>:
LENGTH=8800
elapsed cycles: 10072662
hi(checksum)=0x433C153FFA28282D
lo(checksum)=0x37CC6F1A75862D40
key=encoded, no.=97, <checksum>:
0x433C153FFA28282D37CC6F1A75862D40
key=encoded, no.=97, cso file:
/dev/null
----------------------------------------------
real command=cset shield -e /home/nrink/Projects/build/encode/encode/tests/ptrarith/ptrarith.perf.encoded --  --cso /dev/null
key=encoded, no.=98, <stderr>:
LENGTH=8800
elapsed cycles: 9967575
hi(checksum)=0x433C153FFA28282D
lo(checksum)=0x37CC6F1A75862D40
key=encoded, no.=98, <checksum>:
0x433C153FFA28282D37CC6F1A75862D40
key=encoded, no.=98, cso file:
/dev/null
----------------------------------------------
real command=cset shield -e /home/nrink/Projects/build/encode/encode/tests/ptrarith/ptrarith.perf.encoded --  --cso /dev/null
key=encoded, no.=99, <stderr>:
LENGTH=8800
elapsed cycles: 10081083
hi(checksum)=0x433C153FFA28282D
lo(checksum)=0x37CC6F1A75862D40
key=encoded, no.=99, <checksum>:
0x433C153FFA28282D37CC6F1A75862D40
key=encoded, no.=99, cso file:
/dev/null
----------------------------------------------
