<stderr> from running /home/nrink/Projects/pin-2.14-71313-gcc.4.4.7-linux/pin.sh -t /home/nrink/Projects/bfi/obj-intel64/bfi.so -trigger 151585 -cmd TXT -seed 1 -mask 150 -- /home/nrink/Projects/build/encode/encode/tests/array_sum/array_sum.cover.encoded --cso ./2015-05-05_16:21:28/array_sum/cover/cs/encoded.0.cso --csl ./2015-05-05_16:21:28/array_sum/cover/cs/encoded.0.csl:
[.:    0, IP = 0x4009c4, i = 151585, wa = 0, ra = 0, rr = 0, wr = 0, it = 0, t = 0]
	ip' = 0x4009c7, size = 3, mask = 150, idx = 0, byte = 72, byte' = 222
elapsed cycles: 638999397
hi(checksum)=0x0000000000000000
lo(checksum)=0x00000000000001A4
**********************
INSTR   = 160642
WADDR   = 0
RADDR   = 0
RREG    = 0
WREG    = 0
ITER    = 0
TRIGGER = 151585
TTYPE   = IN
COMMAND = TXT
SEL     = -1
SEED    = 1
MASK    = 0x96
THREAD  = 0
ELAPSED = 5.34s
----------------------------------------------------------------
