<stderr> from running /home/nrink/Projects/pin-2.14-71313-gcc.4.4.7-linux/pin.sh -t /home/nrink/Projects/bfi/obj-intel64/bfi.so -trigger 151456 -cmd WADDR -seed 1 -mask 243 -- /home/nrink/Projects/build/encode/encode/tests/array_sum/array_sum.cover.encoded --cso ./2015-05-05_16:21:28/array_sum/cover/cs/encoded.33.cso --csl ./2015-05-05_16:21:28/array_sum/cover/cs/encoded.33.csl:
[.:    0, IP = 0x4008f4, i = 151463, wa = 0, ra = 0, rr = 0, wr = 0, it = 0, t = 0]
	access = write, size = 8, addr = 0x6020f8, addr' = 0x60200b, op = 0
**********************
INSTR   = 152062
WADDR   = 0
RADDR   = 0
RREG    = 0
WREG    = 0
ITER    = 0
TRIGGER = 151456
TTYPE   = IN
COMMAND = WADDR
SEL     = -1
SEED    = 1
MASK    = 0xf3
THREAD  = 0
ELAPSED = 2.40s
Segmentation fault (core dumped)
----------------------------------------------------------------
