<stderr> from running /home/nrink/Projects/pin-2.14-71313-gcc.4.4.7-linux/pin.sh -t /home/nrink/Projects/bfi/obj-intel64/bfi.so -trigger 151474 -cmd TXT -seed 1 -mask 79 -- /home/nrink/Projects/build/encode/encode/tests/array_sum/array_sum.cover.encoded --cso ./2015-05-05_16:21:28/array_sum/cover/cs/encoded.40.cso --csl ./2015-05-05_16:21:28/array_sum/cover/cs/encoded.40.csl:
[.:    0, IP = 0x40091c, i = 151474, wa = 0, ra = 0, rr = 0, wr = 0, it = 0, t = 0]
	ip' = 0x40091e, size = 2, mask = 79, idx = 1, byte = 48, byte' = 127
elapsed cycles: 714259329
hi(checksum)=0x0000000000000000
lo(checksum)=0x00000000000001A4
**********************
INSTR   = 160621
WADDR   = 0
RADDR   = 0
RREG    = 0
WREG    = 0
ITER    = 0
TRIGGER = 151474
TTYPE   = IN
COMMAND = TXT
SEL     = -1
SEED    = 1
MASK    = 0x4f
THREAD  = 0
ELAPSED = 6.25s
----------------------------------------------------------------
