<stderr> from running /home/nrink/Projects/pin-2.14-71313-gcc.4.4.7-linux/pin.sh -t /home/nrink/Projects/bfi/obj-intel64/bfi.so -trigger 151271 -cmd RREG -seed 1 -mask 9 -- /home/nrink/Projects/build/encode/encode/tests/array_sum/array_sum.cover.plain --cso ./2015-05-05_16:21:28/array_sum/cover/cs/plain.2.cso --csl ./2015-05-05_16:21:28/array_sum/cover/cs/plain.2.csl:
[.:    0, IP = 0x4008fd, i = 151271, wa = 0, ra = 0, rr = 0, wr = 0, it = 0, t = 0]
	at ip 0x4008fd, rip = 0x4008fd, rip' = 0x4008f4
elapsed cycles: 560655711
hi(checksum)=0x0000000000000000
lo(checksum)=0x00000000000001A4
**********************
INSTR   = 159942
WADDR   = 0
RADDR   = 0
RREG    = 0
WREG    = 0
ITER    = 0
TRIGGER = 151271
TTYPE   = IN
COMMAND = RREG
SEL     = -1
SEED    = 1
MASK    = 0x9
THREAD  = 0
ELAPSED = 6.22s
----------------------------------------------------------------
