<stderr> from running /home/nrink/Projects/pin-2.14-71313-gcc.4.4.7-linux/pin.sh -t /home/nrink/Projects/bfi/obj-intel64/bfi.so -trigger 38778103 -cmd WREG -seed 1 -mask 196 -- /home/nrink/Projects/build/encode/encode/tests/matmul/matmul.cover.encoded --cso ./2015-05-05_14:16:24/matmul/cover/cs/encoded.2.cso --csl ./2015-05-05_14:16:24/matmul/cover/cs/encoded.2.csl:
[.:    0, IP = 0x400c49, i = 38778103, wa = 0, ra = 0, rr = 0, wr = 0, it = 0, t = 0]
	at ip 0x400c4c, rax = 0x96c, rax' = 0x9a8
elapsed cycles: 701591042418
hi(checksum)=0xAD8390F05779BECB
lo(checksum)=0xC4A447B868780000
**********************
INSTR   = 184748476
WADDR   = 0
RADDR   = 0
RREG    = 0
WREG    = 0
ITER    = 0
TRIGGER = 38778103
TTYPE   = IN
COMMAND = WREG
SEL     = -1
SEED    = 1
MASK    = 0xc4
THREAD  = 0
ELAPSED = 226.40s
----------------------------------------------------------------
