<stderr> from running /home/nrink/Projects/pin-2.14-71313-gcc.4.4.7-linux/pin.sh -t /home/nrink/Projects/bfi/obj-intel64/bfi.so -trigger 181574580 -cmd TXT -seed 1 -mask 112 -- /home/nrink/Projects/build/encode/encode/tests/matmul/matmul.cover.encoded --cso ./2015-05-05_14:16:24/matmul/cover/cs/encoded.7.cso --csl ./2015-05-05_14:16:24/matmul/cover/cs/encoded.7.csl:
[.:    0, IP = 0x40117a, i = 181574580, wa = 0, ra = 0, rr = 0, wr = 0, it = 0, t = 0]
	ip' = 0x40117d, size = 3, mask = 112, idx = 0, byte = 72, byte' = 56
elapsed cycles: 93244913658
hi(checksum)=0xAD8390F05779BECB
lo(checksum)=0xC4A447B868780000
**********************
INSTR   = 184748460
WADDR   = 0
RADDR   = 0
RREG    = 0
WREG    = 0
ITER    = 0
TRIGGER = 181574580
TTYPE   = IN
COMMAND = TXT
SEL     = -1
SEED    = 1
MASK    = 0x70
THREAD  = 0
ELAPSED = 59.15s
----------------------------------------------------------------
