<stderr> from running /home/nrink/Projects/pin-2.14-71313-gcc.4.4.7-linux/pin.sh -t /home/nrink/Projects/bfi/obj-intel64/bfi.so -trigger 35811978 -cmd RADDR -seed 1 -mask 181 -- /home/nrink/Projects/build/encode/encode/tests/crc/crc.cover.encoded /home/nrink/Projects/build/encode/encode/tests/crc/crc_input_small.pcm --cso ./2015-05-06_10:13:34/crc/cover/cs/encoded.1.cso --csl ./2015-05-06_10:13:34/crc/cover/cs/encoded.1.csl:
[.:    0, IP = 0x400bbf, i = 35811991, wa = 0, ra = 0, rr = 0, wr = 0, it = 0, t = 0]
	access = read, size = 8, addr = 0x7fffffffe120, addr' = 0x7fffffffe195, op = 0
**********************
INSTR   = 35811992
WADDR   = 0
RADDR   = 0
RREG    = 0
WREG    = 0
ITER    = 0
TRIGGER = 35811978
TTYPE   = IN
COMMAND = RADDR
SEL     = -1
SEED    = 1
MASK    = 0xb5
THREAD  = 0
ELAPSED = 3.77s
Segmentation fault (core dumped)
----------------------------------------------------------------
