<stderr> from running /home/nrink/Projects/pin-2.14-71313-gcc.4.4.7-linux/pin.sh -t /home/nrink/Projects/bfi/obj-intel64/bfi.so -trigger 62134983 -cmd WVAL -seed 1 -mask 162 -- /home/nrink/Projects/build/encode/encode/tests/dijkstra/dijkstra.cover.plain /home/nrink/Projects/build/encode/encode/tests/dijkstra/dijkstra_input.dat --cso ./2015-05-05_17:04:53/dijkstra/cover/cs/plain.2.cso --csl ./2015-05-05_17:04:53/dijkstra/cover/cs/plain.2.csl:
[.:    0, IP = 0x400f86, i = 62134983, wa = 0, ra = 0, rr = 0, wr = 0, it = 0, t = 0]
	access = write, size = 8, value = 9, value' = 171, addr = 0x6020f8, op = 0
elapsed cycles: 12327382038
hi(checksum)=0x0651484E044488F0
lo(checksum)=0x8A61BB16A5A889BA
**********************
INSTR   = 195827424
WADDR   = 0
RADDR   = 0
RREG    = 0
WREG    = 0
ITER    = 0
TRIGGER = 62134983
TTYPE   = IN
COMMAND = WVAL
SEL     = -1
SEED    = 1
MASK    = 0xa2
THREAD  = 0
ELAPSED = 5.42s
----------------------------------------------------------------
