<stderr> from running /home/nrink/Projects/pin-2.14-71313-gcc.4.4.7-linux/pin.sh -t /home/nrink/Projects/bfi/obj-intel64/bfi.so -trigger 151227 -cmd RVAL -seed 1 -mask 75 -- /home/nrink/Projects/build/encode/encode/tests/array_sum/array_sum.cover.plain --cso ./2015-05-05_17:25:31/array_sum/cover/cs/plain.5.cso --csl ./2015-05-05_17:25:31/array_sum/cover/cs/plain.5.csl:
[.:    0, IP = 0x4009a0, i = 151302, wa = 0, ra = 0, rr = 0, wr = 0, it = 0, t = 0]
	access = read, size = 16, value = 42, value' = 97, addr = 0x6020b0, op = 0
elapsed cycles: 34692222
hi(checksum)=0x0000000000000000
lo(checksum)=0x00000000000001DB
**********************
INSTR   = 159922
WADDR   = 0
RADDR   = 0
RREG    = 0
WREG    = 0
ITER    = 0
TRIGGER = 151227
TTYPE   = IN
COMMAND = RVAL
SEL     = -1
SEED    = 1
MASK    = 0x4b
THREAD  = 0
ELAPSED = 0.87s
----------------------------------------------------------------
