<stderr> from running /home/nrink/Projects/pin-2.14-71313-gcc.4.4.7-linux/pin.sh -t /home/nrink/Projects/bfi/obj-intel64/bfi.so -trigger 151283 -cmd TXT -seed 1 -mask 99 -- /home/nrink/Projects/build/encode/encode/tests/array_sum/array_sum.cover.plain --cso ./2015-05-05_17:25:31/array_sum/cover/cs/plain.60.cso --csl ./2015-05-05_17:25:31/array_sum/cover/cs/plain.60.csl:
[.:    0, IP = 0x4009cd, i = 151283, wa = 0, ra = 0, rr = 0, wr = 0, it = 0, t = 0]
	ip' = 0x4009d0, size = 3, mask = 99, idx = 0, byte = 76, byte' = 47
elapsed cycles: 105665313
hi(checksum)=0x0000000000000000
lo(checksum)=0x00000000000001A4
**********************
INSTR   = 159909
WADDR   = 0
RADDR   = 0
RREG    = 0
WREG    = 0
ITER    = 0
TRIGGER = 151283
TTYPE   = IN
COMMAND = TXT
SEL     = -1
SEED    = 1
MASK    = 0x63
THREAD  = 0
ELAPSED = 2.00s
----------------------------------------------------------------
