<stderr> from running /home/nrink/Projects/pin-2.14-71313-gcc.4.4.7-linux/pin.sh -t /home/nrink/Projects/bfi/obj-intel64/bfi.so -trigger 151271 -cmd RREG -seed 1 -mask 232 -- /home/nrink/Projects/build/encode/encode/tests/array_sum/array_sum.cover.plain --cso ./2015-05-05_17:25:31/array_sum/cover/cs/plain.27.cso --csl ./2015-05-05_17:25:31/array_sum/cover/cs/plain.27.csl:
[.:    0, IP = 0x4009a0, i = 151272, wa = 0, ra = 0, rr = 0, wr = 0, it = 0, t = 0]
	at ip 0x4009a0, rdx = 0x6020e0, rdx' = 0x602008
elapsed cycles: 112520580
hi(checksum)=0x0000000000000000
lo(checksum)=0x0000FFFFF03F0524
**********************
INSTR   = 159981
WADDR   = 0
RADDR   = 0
RREG    = 0
WREG    = 0
ITER    = 0
TRIGGER = 151271
TTYPE   = IN
COMMAND = RREG
SEL     = -1
SEED    = 1
MASK    = 0xe8
THREAD  = 0
ELAPSED = 1.93s
----------------------------------------------------------------
