<stderr> from running /home/nrink/Projects/pin-2.14-71313-gcc.4.4.7-linux/pin.sh -t /home/nrink/Projects/bfi/obj-intel64/bfi.so -trigger 164037 -cmd WADDR -seed 1 -mask 209 -- /home/nrink/Projects/build/encode/encode/tests/bubblesort/bubblesort.cover.plain --cso ./2015-05-05_16:42:18/bubblesort/cover/cs/plain.37.cso --csl ./2015-05-05_16:42:18/bubblesort/cover/cs/plain.37.csl:
[.:    0, IP = 0x400ad0, i = 164046, wa = 0, ra = 0, rr = 0, wr = 0, it = 0, t = 0]
	access = write, size = 8, addr = 0x6020e8, addr' = 0x602039, op = 0
**********************
INSTR   = 166874
WADDR   = 0
RADDR   = 0
RREG    = 0
WREG    = 0
ITER    = 0
TRIGGER = 164037
TTYPE   = IN
COMMAND = WADDR
SEL     = -1
SEED    = 1
MASK    = 0xd1
THREAD  = 0
ELAPSED = 1.03s
Segmentation fault (core dumped)
----------------------------------------------------------------
