<stderr> from running /home/nrink/Projects/pin-2.14-71313-gcc.4.4.7-linux/pin.sh -t /home/nrink/Projects/bfi/obj-intel64/bfi.so -trigger 165778 -cmd RADDR -seed 1 -mask 10 -- /home/nrink/Projects/build/encode/encode/tests/bubblesort/bubblesort.cover.encoded --cso ./2015-05-05_16:42:18/bubblesort/cover/cs/encoded.34.cso --csl ./2015-05-05_16:42:18/bubblesort/cover/cs/encoded.34.csl:
[.:    0, IP = 0x400f01, i = 165793, wa = 0, ra = 0, rr = 0, wr = 0, it = 0, t = 0]
	access = read, size = 8, addr = 0x7fffffffe158, addr' = 0x7fffffffe152, op = 0
elapsed cycles: 169214358
hi(checksum)=0x0000000000000000
lo(checksum)=0x00007CDAE2B040F7
**********************
INSTR   = 178651
WADDR   = 0
RADDR   = 0
RREG    = 0
WREG    = 0
ITER    = 0
TRIGGER = 165778
TTYPE   = IN
COMMAND = RADDR
SEL     = -1
SEED    = 1
MASK    = 0xa
THREAD  = 0
ELAPSED = 2.11s
----------------------------------------------------------------
