<stderr> from running /home/nrink/Projects/pin-2.14-71313-gcc.4.4.7-linux/pin.sh -t /home/nrink/Projects/bfi/obj-intel64/bfi.so -trigger 163885 -cmd WVAL -seed 1 -mask 58 -- /home/nrink/Projects/build/encode/encode/tests/bubblesort/bubblesort.cover.plain --cso ./2015-05-05_17:04:53/bubblesort/cover/cs/plain.12.cso --csl ./2015-05-05_17:04:53/bubblesort/cover/cs/plain.12.csl:
[.:    0, IP = 0x400ad4, i = 163885, wa = 0, ra = 0, rr = 0, wr = 0, it = 0, t = 0]
	access = write, size = 8, value = 7, value' = 61, addr = 0x602100, op = 0
elapsed cycles: 80458851
hi(checksum)=0x0000000000000000
lo(checksum)=0x00007CDAE2B048C5
**********************
INSTR   = 174499
WADDR   = 0
RADDR   = 0
RREG    = 0
WREG    = 0
ITER    = 0
TRIGGER = 163885
TTYPE   = IN
COMMAND = WVAL
SEL     = -1
SEED    = 1
MASK    = 0x3a
THREAD  = 0
ELAPSED = 2.08s
----------------------------------------------------------------
