<stderr> from running /home/nrink/Projects/pin-2.14-71313-gcc.4.4.7-linux/pin.sh -t /home/nrink/Projects/bfi/obj-intel64/bfi.so -trigger 165982 -cmd TXT -seed 1 -mask 177 -- /home/nrink/Projects/build/encode/encode/tests/bubblesort/bubblesort.cover.encoded --cso ./2015-05-06_10:27:32/bubblesort/cover/cs/encoded.78.cso --csl ./2015-05-06_10:27:32/bubblesort/cover/cs/encoded.78.csl:
[.:    0, IP = 0x400f2c, i = 165982, wa = 0, ra = 0, rr = 0, wr = 0, it = 0, t = 0]
	ip' = 0x400f32, size = 6, mask = 177, idx = 3, byte = 253, byte' = 76
elapsed cycles: 477589797
hi(checksum)=0x0000000000000000
lo(checksum)=0x00007CDAE2B040F7
**********************
INSTR   = 178652
WADDR   = 0
RADDR   = 0
RREG    = 0
WREG    = 0
ITER    = 0
TRIGGER = 165982
TTYPE   = IN
COMMAND = TXT
SEL     = -1
SEED    = 1
MASK    = 0xb1
THREAD  = 0
ELAPSED = 3.39s
----------------------------------------------------------------
