<stderr> from running /home/nrink/Projects/pin-2.14-71313-gcc.4.4.7-linux/pin.sh -t /home/nrink/Projects/bfi/obj-intel64/bfi.so -trigger 151265 -cmd RREG -seed 1 -mask 206 -- /home/nrink/Projects/build/encode/encode/tests/array_sum/array_sum.cover.plain --cso ./2015-05-05_16:55:44/array_sum/cover/cs/plain.70.cso --csl ./2015-05-05_16:55:44/array_sum/cover/cs/plain.70.csl:
[.:    0, IP = 0x400945, i = 151265, wa = 0, ra = 0, rr = 0, wr = 0, it = 0, t = 0]
	at ip 0x400945, ecx = (nil), ecx' = 0xce
elapsed cycles: 464599566
hi(checksum)=0x0000000000000000
lo(checksum)=0x00000000000001A4
**********************
INSTR   = 159925
WADDR   = 0
RADDR   = 0
RREG    = 0
WREG    = 0
ITER    = 0
TRIGGER = 151265
TTYPE   = IN
COMMAND = RREG
SEL     = -1
SEED    = 1
MASK    = 0xce
THREAD  = 0
ELAPSED = 7.61s
----------------------------------------------------------------
