<stderr> from running /home/nrink/Projects/pin-2.14-71313-gcc.4.4.7-linux/pin.sh -t /home/nrink/Projects/bfi/obj-intel64/bfi.so -trigger 151225 -cmd WADDR -seed 1 -mask 91 -- /home/nrink/Projects/build/encode/encode/tests/array_sum/array_sum.cover.plain --cso ./2015-05-05_16:55:44/array_sum/cover/cs/plain.2.cso --csl ./2015-05-05_16:55:44/array_sum/cover/cs/plain.2.csl:
[.:    0, IP = 0x4008a0, i = 151235, wa = 0, ra = 0, rr = 0, wr = 0, it = 0, t = 0]
	access = write, size = 16, addr = 0x6020b0, addr' = 0x6020eb, op = 0
elapsed cycles: 264210813
hi(checksum)=0x0000000000000000
lo(checksum)=0x0000000000000150
**********************
INSTR   = 159929
WADDR   = 0
RADDR   = 0
RREG    = 0
WREG    = 0
ITER    = 0
TRIGGER = 151225
TTYPE   = IN
COMMAND = WADDR
SEL     = -1
SEED    = 1
MASK    = 0x5b
THREAD  = 0
ELAPSED = 7.73s
----------------------------------------------------------------
