<stderr> from running /home/nrink/Projects/pin-2.14-71313-gcc.4.4.7-linux/pin.sh -t /home/nrink/Projects/bfi/obj-intel64/bfi.so -trigger 151280 -cmd RADDR -seed 1 -mask 152 -- /home/nrink/Projects/build/encode/encode/tests/array_sum/array_sum.cover.encoded --cso ./2015-05-05_16:55:44/array_sum/cover/cs/encoded.29.cso --csl ./2015-05-05_16:55:44/array_sum/cover/cs/encoded.29.csl:
[.:    0, IP = 0x400970, i = 151286, wa = 0, ra = 0, rr = 0, wr = 0, it = 0, t = 0]
	access = read, size = 8, addr = 0x7fffffffe170, addr' = 0x7fffffffe1e8, op = 0
elapsed cycles: 447974958
hi(checksum)=0x0000000000000000
lo(checksum)=0x00000000000001A4
**********************
INSTR   = 160611
WADDR   = 0
RADDR   = 0
RREG    = 0
WREG    = 0
ITER    = 0
TRIGGER = 151280
TTYPE   = IN
COMMAND = RADDR
SEL     = -1
SEED    = 1
MASK    = 0x98
THREAD  = 0
ELAPSED = 9.50s
----------------------------------------------------------------
