key=plain, runs=100 ...
command=/home/nrink/Projects/build/encode/encode/tests/ptrarith/ptrarith.perf.plain
----------------------------------------------
real command=cset shield -e /home/nrink/Projects/build/encode/encode/tests/ptrarith/ptrarith.perf.plain --  --cso /dev/null
key=plain, no.=0, <stderr>:
LENGTH=3800
elapsed cycles: 535737
hi(checksum)=0xA744ED267A2173CD
lo(checksum)=0x1538E4CEC07F7850
key=plain, no.=0, <checksum>:
0xA744ED267A2173CD1538E4CEC07F7850
key=plain, no.=0, cso file:
/dev/null
----------------------------------------------
real command=cset shield -e /home/nrink/Projects/build/encode/encode/tests/ptrarith/ptrarith.perf.plain --  --cso /dev/null
key=plain, no.=1, <stderr>:
LENGTH=3800
elapsed cycles: 532233
hi(checksum)=0xA744ED267A2173CD
lo(checksum)=0x1538E4CEC07F7850
key=plain, no.=1, <checksum>:
0xA744ED267A2173CD1538E4CEC07F7850
key=plain, no.=1, cso file:
/dev/null
----------------------------------------------
real command=cset shield -e /home/nrink/Projects/build/encode/encode/tests/ptrarith/ptrarith.perf.plain --  --cso /dev/null
key=plain, no.=2, <stderr>:
LENGTH=3800
elapsed cycles: 522894
hi(checksum)=0xA744ED267A2173CD
lo(checksum)=0x1538E4CEC07F7850
key=plain, no.=2, <checksum>:
0xA744ED267A2173CD1538E4CEC07F7850
key=plain, no.=2, cso file:
/dev/null
----------------------------------------------
real command=cset shield -e /home/nrink/Projects/build/encode/encode/tests/ptrarith/ptrarith.perf.plain --  --cso /dev/null
key=plain, no.=3, <stderr>:
LENGTH=3800
elapsed cycles: 508998
hi(checksum)=0xA744ED267A2173CD
lo(checksum)=0x1538E4CEC07F7850
key=plain, no.=3, <checksum>:
0xA744ED267A2173CD1538E4CEC07F7850
key=plain, no.=3, cso file:
/dev/null
----------------------------------------------
real command=cset shield -e /home/nrink/Projects/build/encode/encode/tests/ptrarith/ptrarith.perf.plain --  --cso /dev/null
key=plain, no.=4, <stderr>:
LENGTH=3800
elapsed cycles: 500247
hi(checksum)=0xA744ED267A2173CD
lo(checksum)=0x1538E4CEC07F7850
key=plain, no.=4, <checksum>:
0xA744ED267A2173CD1538E4CEC07F7850
key=plain, no.=4, cso file:
/dev/null
----------------------------------------------
real command=cset shield -e /home/nrink/Projects/build/encode/encode/tests/ptrarith/ptrarith.perf.plain --  --cso /dev/null
key=plain, no.=5, <stderr>:
LENGTH=3800
elapsed cycles: 501993
hi(checksum)=0xA744ED267A2173CD
lo(checksum)=0x1538E4CEC07F7850
key=plain, no.=5, <checksum>:
0xA744ED267A2173CD1538E4CEC07F7850
key=plain, no.=5, cso file:
/dev/null
----------------------------------------------
real command=cset shield -e /home/nrink/Projects/build/encode/encode/tests/ptrarith/ptrarith.perf.plain --  --cso /dev/null
key=plain, no.=6, <stderr>:
LENGTH=3800
elapsed cycles: 575271
hi(checksum)=0xA744ED267A2173CD
lo(checksum)=0x1538E4CEC07F7850
key=plain, no.=6, <checksum>:
0xA744ED267A2173CD1538E4CEC07F7850
key=plain, no.=6, cso file:
/dev/null
----------------------------------------------
real command=cset shield -e /home/nrink/Projects/build/encode/encode/tests/ptrarith/ptrarith.perf.plain --  --cso /dev/null
key=plain, no.=7, <stderr>:
LENGTH=3800
elapsed cycles: 500841
hi(checksum)=0xA744ED267A2173CD
lo(checksum)=0x1538E4CEC07F7850
key=plain, no.=7, <checksum>:
0xA744ED267A2173CD1538E4CEC07F7850
key=plain, no.=7, cso file:
/dev/null
----------------------------------------------
real command=cset shield -e /home/nrink/Projects/build/encode/encode/tests/ptrarith/ptrarith.perf.plain --  --cso /dev/null
key=plain, no.=8, <stderr>:
LENGTH=3800
elapsed cycles: 500106
hi(checksum)=0xA744ED267A2173CD
lo(checksum)=0x1538E4CEC07F7850
key=plain, no.=8, <checksum>:
0xA744ED267A2173CD1538E4CEC07F7850
key=plain, no.=8, cso file:
/dev/null
----------------------------------------------
real command=cset shield -e /home/nrink/Projects/build/encode/encode/tests/ptrarith/ptrarith.perf.plain --  --cso /dev/null
key=plain, no.=9, <stderr>:
LENGTH=3800
elapsed cycles: 694119
hi(checksum)=0xA744ED267A2173CD
lo(checksum)=0x1538E4CEC07F7850
key=plain, no.=9, <checksum>:
0xA744ED267A2173CD1538E4CEC07F7850
key=plain, no.=9, cso file:
/dev/null
----------------------------------------------
real command=cset shield -e /home/nrink/Projects/build/encode/encode/tests/ptrarith/ptrarith.perf.plain --  --cso /dev/null
key=plain, no.=10, <stderr>:
LENGTH=3800
elapsed cycles: 702960
hi(checksum)=0xA744ED267A2173CD
lo(checksum)=0x1538E4CEC07F7850
key=plain, no.=10, <checksum>:
0xA744ED267A2173CD1538E4CEC07F7850
key=plain, no.=10, cso file:
/dev/null
----------------------------------------------
real command=cset shield -e /home/nrink/Projects/build/encode/encode/tests/ptrarith/ptrarith.perf.plain --  --cso /dev/null
key=plain, no.=11, <stderr>:
LENGTH=3800
elapsed cycles: 754980
hi(checksum)=0xA744ED267A2173CD
lo(checksum)=0x1538E4CEC07F7850
key=plain, no.=11, <checksum>:
0xA744ED267A2173CD1538E4CEC07F7850
key=plain, no.=11, cso file:
/dev/null
----------------------------------------------
real command=cset shield -e /home/nrink/Projects/build/encode/encode/tests/ptrarith/ptrarith.perf.plain --  --cso /dev/null
key=plain, no.=12, <stderr>:
LENGTH=3800
elapsed cycles: 702204
hi(checksum)=0xA744ED267A2173CD
lo(checksum)=0x1538E4CEC07F7850
key=plain, no.=12, <checksum>:
0xA744ED267A2173CD1538E4CEC07F7850
key=plain, no.=12, cso file:
/dev/null
----------------------------------------------
real command=cset shield -e /home/nrink/Projects/build/encode/encode/tests/ptrarith/ptrarith.perf.plain --  --cso /dev/null
key=plain, no.=13, <stderr>:
LENGTH=3800
elapsed cycles: 624879
hi(checksum)=0xA744ED267A2173CD
lo(checksum)=0x1538E4CEC07F7850
key=plain, no.=13, <checksum>:
0xA744ED267A2173CD1538E4CEC07F7850
key=plain, no.=13, cso file:
/dev/null
----------------------------------------------
real command=cset shield -e /home/nrink/Projects/build/encode/encode/tests/ptrarith/ptrarith.perf.plain --  --cso /dev/null
key=plain, no.=14, <stderr>:
LENGTH=3800
elapsed cycles: 499650
hi(checksum)=0xA744ED267A2173CD
lo(checksum)=0x1538E4CEC07F7850
key=plain, no.=14, <checksum>:
0xA744ED267A2173CD1538E4CEC07F7850
key=plain, no.=14, cso file:
/dev/null
----------------------------------------------
real command=cset shield -e /home/nrink/Projects/build/encode/encode/tests/ptrarith/ptrarith.perf.plain --  --cso /dev/null
key=plain, no.=15, <stderr>:
LENGTH=3800
elapsed cycles: 500349
hi(checksum)=0xA744ED267A2173CD
lo(checksum)=0x1538E4CEC07F7850
key=plain, no.=15, <checksum>:
0xA744ED267A2173CD1538E4CEC07F7850
key=plain, no.=15, cso file:
/dev/null
----------------------------------------------
real command=cset shield -e /home/nrink/Projects/build/encode/encode/tests/ptrarith/ptrarith.perf.plain --  --cso /dev/null
key=plain, no.=16, <stderr>:
LENGTH=3800
elapsed cycles: 499713
hi(checksum)=0xA744ED267A2173CD
lo(checksum)=0x1538E4CEC07F7850
key=plain, no.=16, <checksum>:
0xA744ED267A2173CD1538E4CEC07F7850
key=plain, no.=16, cso file:
/dev/null
----------------------------------------------
real command=cset shield -e /home/nrink/Projects/build/encode/encode/tests/ptrarith/ptrarith.perf.plain --  --cso /dev/null
key=plain, no.=17, <stderr>:
LENGTH=3800
elapsed cycles: 511161
hi(checksum)=0xA744ED267A2173CD
lo(checksum)=0x1538E4CEC07F7850
key=plain, no.=17, <checksum>:
0xA744ED267A2173CD1538E4CEC07F7850
key=plain, no.=17, cso file:
/dev/null
----------------------------------------------
real command=cset shield -e /home/nrink/Projects/build/encode/encode/tests/ptrarith/ptrarith.perf.plain --  --cso /dev/null
key=plain, no.=18, <stderr>:
LENGTH=3800
elapsed cycles: 499635
hi(checksum)=0xA744ED267A2173CD
lo(checksum)=0x1538E4CEC07F7850
key=plain, no.=18, <checksum>:
0xA744ED267A2173CD1538E4CEC07F7850
key=plain, no.=18, cso file:
/dev/null
----------------------------------------------
real command=cset shield -e /home/nrink/Projects/build/encode/encode/tests/ptrarith/ptrarith.perf.plain --  --cso /dev/null
key=plain, no.=19, <stderr>:
LENGTH=3800
elapsed cycles: 500823
hi(checksum)=0xA744ED267A2173CD
lo(checksum)=0x1538E4CEC07F7850
key=plain, no.=19, <checksum>:
0xA744ED267A2173CD1538E4CEC07F7850
key=plain, no.=19, cso file:
/dev/null
----------------------------------------------
real command=cset shield -e /home/nrink/Projects/build/encode/encode/tests/ptrarith/ptrarith.perf.plain --  --cso /dev/null
key=plain, no.=20, <stderr>:
LENGTH=3800
elapsed cycles: 499794
hi(checksum)=0xA744ED267A2173CD
lo(checksum)=0x1538E4CEC07F7850
key=plain, no.=20, <checksum>:
0xA744ED267A2173CD1538E4CEC07F7850
key=plain, no.=20, cso file:
/dev/null
----------------------------------------------
real command=cset shield -e /home/nrink/Projects/build/encode/encode/tests/ptrarith/ptrarith.perf.plain --  --cso /dev/null
key=plain, no.=21, <stderr>:
LENGTH=3800
elapsed cycles: 527517
hi(checksum)=0xA744ED267A2173CD
lo(checksum)=0x1538E4CEC07F7850
key=plain, no.=21, <checksum>:
0xA744ED267A2173CD1538E4CEC07F7850
key=plain, no.=21, cso file:
/dev/null
----------------------------------------------
real command=cset shield -e /home/nrink/Projects/build/encode/encode/tests/ptrarith/ptrarith.perf.plain --  --cso /dev/null
key=plain, no.=22, <stderr>:
LENGTH=3800
elapsed cycles: 579912
hi(checksum)=0xA744ED267A2173CD
lo(checksum)=0x1538E4CEC07F7850
key=plain, no.=22, <checksum>:
0xA744ED267A2173CD1538E4CEC07F7850
key=plain, no.=22, cso file:
/dev/null
----------------------------------------------
real command=cset shield -e /home/nrink/Projects/build/encode/encode/tests/ptrarith/ptrarith.perf.plain --  --cso /dev/null
key=plain, no.=23, <stderr>:
LENGTH=3800
elapsed cycles: 553257
hi(checksum)=0xA744ED267A2173CD
lo(checksum)=0x1538E4CEC07F7850
key=plain, no.=23, <checksum>:
0xA744ED267A2173CD1538E4CEC07F7850
key=plain, no.=23, cso file:
/dev/null
----------------------------------------------
real command=cset shield -e /home/nrink/Projects/build/encode/encode/tests/ptrarith/ptrarith.perf.plain --  --cso /dev/null
key=plain, no.=24, <stderr>:
LENGTH=3800
elapsed cycles: 513030
hi(checksum)=0xA744ED267A2173CD
lo(checksum)=0x1538E4CEC07F7850
key=plain, no.=24, <checksum>:
0xA744ED267A2173CD1538E4CEC07F7850
key=plain, no.=24, cso file:
/dev/null
----------------------------------------------
real command=cset shield -e /home/nrink/Projects/build/encode/encode/tests/ptrarith/ptrarith.perf.plain --  --cso /dev/null
key=plain, no.=25, <stderr>:
LENGTH=3800
elapsed cycles: 535875
hi(checksum)=0xA744ED267A2173CD
lo(checksum)=0x1538E4CEC07F7850
key=plain, no.=25, <checksum>:
0xA744ED267A2173CD1538E4CEC07F7850
key=plain, no.=25, cso file:
/dev/null
----------------------------------------------
real command=cset shield -e /home/nrink/Projects/build/encode/encode/tests/ptrarith/ptrarith.perf.plain --  --cso /dev/null
key=plain, no.=26, <stderr>:
LENGTH=3800
elapsed cycles: 503226
hi(checksum)=0xA744ED267A2173CD
lo(checksum)=0x1538E4CEC07F7850
key=plain, no.=26, <checksum>:
0xA744ED267A2173CD1538E4CEC07F7850
key=plain, no.=26, cso file:
/dev/null
----------------------------------------------
real command=cset shield -e /home/nrink/Projects/build/encode/encode/tests/ptrarith/ptrarith.perf.plain --  --cso /dev/null
key=plain, no.=27, <stderr>:
LENGTH=3800
elapsed cycles: 572328
hi(checksum)=0xA744ED267A2173CD
lo(checksum)=0x1538E4CEC07F7850
key=plain, no.=27, <checksum>:
0xA744ED267A2173CD1538E4CEC07F7850
key=plain, no.=27, cso file:
/dev/null
----------------------------------------------
real command=cset shield -e /home/nrink/Projects/build/encode/encode/tests/ptrarith/ptrarith.perf.plain --  --cso /dev/null
key=plain, no.=28, <stderr>:
LENGTH=3800
elapsed cycles: 502734
hi(checksum)=0xA744ED267A2173CD
lo(checksum)=0x1538E4CEC07F7850
key=plain, no.=28, <checksum>:
0xA744ED267A2173CD1538E4CEC07F7850
key=plain, no.=28, cso file:
/dev/null
----------------------------------------------
real command=cset shield -e /home/nrink/Projects/build/encode/encode/tests/ptrarith/ptrarith.perf.plain --  --cso /dev/null
key=plain, no.=29, <stderr>:
LENGTH=3800
elapsed cycles: 533820
hi(checksum)=0xA744ED267A2173CD
lo(checksum)=0x1538E4CEC07F7850
key=plain, no.=29, <checksum>:
0xA744ED267A2173CD1538E4CEC07F7850
key=plain, no.=29, cso file:
/dev/null
----------------------------------------------
real command=cset shield -e /home/nrink/Projects/build/encode/encode/tests/ptrarith/ptrarith.perf.plain --  --cso /dev/null
key=plain, no.=30, <stderr>:
LENGTH=3800
elapsed cycles: 533100
hi(checksum)=0xA744ED267A2173CD
lo(checksum)=0x1538E4CEC07F7850
key=plain, no.=30, <checksum>:
0xA744ED267A2173CD1538E4CEC07F7850
key=plain, no.=30, cso file:
/dev/null
----------------------------------------------
real command=cset shield -e /home/nrink/Projects/build/encode/encode/tests/ptrarith/ptrarith.perf.plain --  --cso /dev/null
key=plain, no.=31, <stderr>:
LENGTH=3800
elapsed cycles: 535920
hi(checksum)=0xA744ED267A2173CD
lo(checksum)=0x1538E4CEC07F7850
key=plain, no.=31, <checksum>:
0xA744ED267A2173CD1538E4CEC07F7850
key=plain, no.=31, cso file:
/dev/null
----------------------------------------------
real command=cset shield -e /home/nrink/Projects/build/encode/encode/tests/ptrarith/ptrarith.perf.plain --  --cso /dev/null
key=plain, no.=32, <stderr>:
LENGTH=3800
elapsed cycles: 511293
hi(checksum)=0xA744ED267A2173CD
lo(checksum)=0x1538E4CEC07F7850
key=plain, no.=32, <checksum>:
0xA744ED267A2173CD1538E4CEC07F7850
key=plain, no.=32, cso file:
/dev/null
----------------------------------------------
real command=cset shield -e /home/nrink/Projects/build/encode/encode/tests/ptrarith/ptrarith.perf.plain --  --cso /dev/null
key=plain, no.=33, <stderr>:
LENGTH=3800
elapsed cycles: 587892
hi(checksum)=0xA744ED267A2173CD
lo(checksum)=0x1538E4CEC07F7850
key=plain, no.=33, <checksum>:
0xA744ED267A2173CD1538E4CEC07F7850
key=plain, no.=33, cso file:
/dev/null
----------------------------------------------
real command=cset shield -e /home/nrink/Projects/build/encode/encode/tests/ptrarith/ptrarith.perf.plain --  --cso /dev/null
key=plain, no.=34, <stderr>:
LENGTH=3800
elapsed cycles: 504120
hi(checksum)=0xA744ED267A2173CD
lo(checksum)=0x1538E4CEC07F7850
key=plain, no.=34, <checksum>:
0xA744ED267A2173CD1538E4CEC07F7850
key=plain, no.=34, cso file:
/dev/null
----------------------------------------------
real command=cset shield -e /home/nrink/Projects/build/encode/encode/tests/ptrarith/ptrarith.perf.plain --  --cso /dev/null
key=plain, no.=35, <stderr>:
LENGTH=3800
elapsed cycles: 499239
hi(checksum)=0xA744ED267A2173CD
lo(checksum)=0x1538E4CEC07F7850
key=plain, no.=35, <checksum>:
0xA744ED267A2173CD1538E4CEC07F7850
key=plain, no.=35, cso file:
/dev/null
----------------------------------------------
real command=cset shield -e /home/nrink/Projects/build/encode/encode/tests/ptrarith/ptrarith.perf.plain --  --cso /dev/null
key=plain, no.=36, <stderr>:
LENGTH=3800
elapsed cycles: 501684
hi(checksum)=0xA744ED267A2173CD
lo(checksum)=0x1538E4CEC07F7850
key=plain, no.=36, <checksum>:
0xA744ED267A2173CD1538E4CEC07F7850
key=plain, no.=36, cso file:
/dev/null
----------------------------------------------
real command=cset shield -e /home/nrink/Projects/build/encode/encode/tests/ptrarith/ptrarith.perf.plain --  --cso /dev/null
key=plain, no.=37, <stderr>:
LENGTH=3800
elapsed cycles: 499983
hi(checksum)=0xA744ED267A2173CD
lo(checksum)=0x1538E4CEC07F7850
key=plain, no.=37, <checksum>:
0xA744ED267A2173CD1538E4CEC07F7850
key=plain, no.=37, cso file:
/dev/null
----------------------------------------------
real command=cset shield -e /home/nrink/Projects/build/encode/encode/tests/ptrarith/ptrarith.perf.plain --  --cso /dev/null
key=plain, no.=38, <stderr>:
LENGTH=3800
elapsed cycles: 499170
hi(checksum)=0xA744ED267A2173CD
lo(checksum)=0x1538E4CEC07F7850
key=plain, no.=38, <checksum>:
0xA744ED267A2173CD1538E4CEC07F7850
key=plain, no.=38, cso file:
/dev/null
----------------------------------------------
real command=cset shield -e /home/nrink/Projects/build/encode/encode/tests/ptrarith/ptrarith.perf.plain --  --cso /dev/null
key=plain, no.=39, <stderr>:
LENGTH=3800
elapsed cycles: 503127
hi(checksum)=0xA744ED267A2173CD
lo(checksum)=0x1538E4CEC07F7850
key=plain, no.=39, <checksum>:
0xA744ED267A2173CD1538E4CEC07F7850
key=plain, no.=39, cso file:
/dev/null
----------------------------------------------
real command=cset shield -e /home/nrink/Projects/build/encode/encode/tests/ptrarith/ptrarith.perf.plain --  --cso /dev/null
key=plain, no.=40, <stderr>:
LENGTH=3800
elapsed cycles: 498417
hi(checksum)=0xA744ED267A2173CD
lo(checksum)=0x1538E4CEC07F7850
key=plain, no.=40, <checksum>:
0xA744ED267A2173CD1538E4CEC07F7850
key=plain, no.=40, cso file:
/dev/null
----------------------------------------------
real command=cset shield -e /home/nrink/Projects/build/encode/encode/tests/ptrarith/ptrarith.perf.plain --  --cso /dev/null
key=plain, no.=41, <stderr>:
LENGTH=3800
elapsed cycles: 507606
hi(checksum)=0xA744ED267A2173CD
lo(checksum)=0x1538E4CEC07F7850
key=plain, no.=41, <checksum>:
0xA744ED267A2173CD1538E4CEC07F7850
key=plain, no.=41, cso file:
/dev/null
----------------------------------------------
real command=cset shield -e /home/nrink/Projects/build/encode/encode/tests/ptrarith/ptrarith.perf.plain --  --cso /dev/null
key=plain, no.=42, <stderr>:
LENGTH=3800
elapsed cycles: 501369
hi(checksum)=0xA744ED267A2173CD
lo(checksum)=0x1538E4CEC07F7850
key=plain, no.=42, <checksum>:
0xA744ED267A2173CD1538E4CEC07F7850
key=plain, no.=42, cso file:
/dev/null
----------------------------------------------
real command=cset shield -e /home/nrink/Projects/build/encode/encode/tests/ptrarith/ptrarith.perf.plain --  --cso /dev/null
key=plain, no.=43, <stderr>:
LENGTH=3800
elapsed cycles: 571182
hi(checksum)=0xA744ED267A2173CD
lo(checksum)=0x1538E4CEC07F7850
key=plain, no.=43, <checksum>:
0xA744ED267A2173CD1538E4CEC07F7850
key=plain, no.=43, cso file:
/dev/null
----------------------------------------------
real command=cset shield -e /home/nrink/Projects/build/encode/encode/tests/ptrarith/ptrarith.perf.plain --  --cso /dev/null
key=plain, no.=44, <stderr>:
LENGTH=3800
elapsed cycles: 501240
hi(checksum)=0xA744ED267A2173CD
lo(checksum)=0x1538E4CEC07F7850
key=plain, no.=44, <checksum>:
0xA744ED267A2173CD1538E4CEC07F7850
key=plain, no.=44, cso file:
/dev/null
----------------------------------------------
real command=cset shield -e /home/nrink/Projects/build/encode/encode/tests/ptrarith/ptrarith.perf.plain --  --cso /dev/null
key=plain, no.=45, <stderr>:
LENGTH=3800
elapsed cycles: 502023
hi(checksum)=0xA744ED267A2173CD
lo(checksum)=0x1538E4CEC07F7850
key=plain, no.=45, <checksum>:
0xA744ED267A2173CD1538E4CEC07F7850
key=plain, no.=45, cso file:
/dev/null
----------------------------------------------
real command=cset shield -e /home/nrink/Projects/build/encode/encode/tests/ptrarith/ptrarith.perf.plain --  --cso /dev/null
key=plain, no.=46, <stderr>:
LENGTH=3800
elapsed cycles: 501090
hi(checksum)=0xA744ED267A2173CD
lo(checksum)=0x1538E4CEC07F7850
key=plain, no.=46, <checksum>:
0xA744ED267A2173CD1538E4CEC07F7850
key=plain, no.=46, cso file:
/dev/null
----------------------------------------------
real command=cset shield -e /home/nrink/Projects/build/encode/encode/tests/ptrarith/ptrarith.perf.plain --  --cso /dev/null
key=plain, no.=47, <stderr>:
LENGTH=3800
elapsed cycles: 498930
hi(checksum)=0xA744ED267A2173CD
lo(checksum)=0x1538E4CEC07F7850
key=plain, no.=47, <checksum>:
0xA744ED267A2173CD1538E4CEC07F7850
key=plain, no.=47, cso file:
/dev/null
----------------------------------------------
real command=cset shield -e /home/nrink/Projects/build/encode/encode/tests/ptrarith/ptrarith.perf.plain --  --cso /dev/null
key=plain, no.=48, <stderr>:
LENGTH=3800
elapsed cycles: 498300
hi(checksum)=0xA744ED267A2173CD
lo(checksum)=0x1538E4CEC07F7850
key=plain, no.=48, <checksum>:
0xA744ED267A2173CD1538E4CEC07F7850
key=plain, no.=48, cso file:
/dev/null
----------------------------------------------
real command=cset shield -e /home/nrink/Projects/build/encode/encode/tests/ptrarith/ptrarith.perf.plain --  --cso /dev/null
key=plain, no.=49, <stderr>:
LENGTH=3800
elapsed cycles: 499836
hi(checksum)=0xA744ED267A2173CD
lo(checksum)=0x1538E4CEC07F7850
key=plain, no.=49, <checksum>:
0xA744ED267A2173CD1538E4CEC07F7850
key=plain, no.=49, cso file:
/dev/null
----------------------------------------------
real command=cset shield -e /home/nrink/Projects/build/encode/encode/tests/ptrarith/ptrarith.perf.plain --  --cso /dev/null
key=plain, no.=50, <stderr>:
LENGTH=3800
elapsed cycles: 504975
hi(checksum)=0xA744ED267A2173CD
lo(checksum)=0x1538E4CEC07F7850
key=plain, no.=50, <checksum>:
0xA744ED267A2173CD1538E4CEC07F7850
key=plain, no.=50, cso file:
/dev/null
----------------------------------------------
real command=cset shield -e /home/nrink/Projects/build/encode/encode/tests/ptrarith/ptrarith.perf.plain --  --cso /dev/null
key=plain, no.=51, <stderr>:
LENGTH=3800
elapsed cycles: 501714
hi(checksum)=0xA744ED267A2173CD
lo(checksum)=0x1538E4CEC07F7850
key=plain, no.=51, <checksum>:
0xA744ED267A2173CD1538E4CEC07F7850
key=plain, no.=51, cso file:
/dev/null
----------------------------------------------
real command=cset shield -e /home/nrink/Projects/build/encode/encode/tests/ptrarith/ptrarith.perf.plain --  --cso /dev/null
key=plain, no.=52, <stderr>:
LENGTH=3800
elapsed cycles: 500217
hi(checksum)=0xA744ED267A2173CD
lo(checksum)=0x1538E4CEC07F7850
key=plain, no.=52, <checksum>:
0xA744ED267A2173CD1538E4CEC07F7850
key=plain, no.=52, cso file:
/dev/null
----------------------------------------------
real command=cset shield -e /home/nrink/Projects/build/encode/encode/tests/ptrarith/ptrarith.perf.plain --  --cso /dev/null
key=plain, no.=53, <stderr>:
LENGTH=3800
elapsed cycles: 500073
hi(checksum)=0xA744ED267A2173CD
lo(checksum)=0x1538E4CEC07F7850
key=plain, no.=53, <checksum>:
0xA744ED267A2173CD1538E4CEC07F7850
key=plain, no.=53, cso file:
/dev/null
----------------------------------------------
real command=cset shield -e /home/nrink/Projects/build/encode/encode/tests/ptrarith/ptrarith.perf.plain --  --cso /dev/null
key=plain, no.=54, <stderr>:
LENGTH=3800
elapsed cycles: 536391
hi(checksum)=0xA744ED267A2173CD
lo(checksum)=0x1538E4CEC07F7850
key=plain, no.=54, <checksum>:
0xA744ED267A2173CD1538E4CEC07F7850
key=plain, no.=54, cso file:
/dev/null
----------------------------------------------
real command=cset shield -e /home/nrink/Projects/build/encode/encode/tests/ptrarith/ptrarith.perf.plain --  --cso /dev/null
key=plain, no.=55, <stderr>:
LENGTH=3800
elapsed cycles: 499719
hi(checksum)=0xA744ED267A2173CD
lo(checksum)=0x1538E4CEC07F7850
key=plain, no.=55, <checksum>:
0xA744ED267A2173CD1538E4CEC07F7850
key=plain, no.=55, cso file:
/dev/null
----------------------------------------------
real command=cset shield -e /home/nrink/Projects/build/encode/encode/tests/ptrarith/ptrarith.perf.plain --  --cso /dev/null
key=plain, no.=56, <stderr>:
LENGTH=3800
elapsed cycles: 536706
hi(checksum)=0xA744ED267A2173CD
lo(checksum)=0x1538E4CEC07F7850
key=plain, no.=56, <checksum>:
0xA744ED267A2173CD1538E4CEC07F7850
key=plain, no.=56, cso file:
/dev/null
----------------------------------------------
real command=cset shield -e /home/nrink/Projects/build/encode/encode/tests/ptrarith/ptrarith.perf.plain --  --cso /dev/null
key=plain, no.=57, <stderr>:
LENGTH=3800
elapsed cycles: 501513
hi(checksum)=0xA744ED267A2173CD
lo(checksum)=0x1538E4CEC07F7850
key=plain, no.=57, <checksum>:
0xA744ED267A2173CD1538E4CEC07F7850
key=plain, no.=57, cso file:
/dev/null
----------------------------------------------
real command=cset shield -e /home/nrink/Projects/build/encode/encode/tests/ptrarith/ptrarith.perf.plain --  --cso /dev/null
key=plain, no.=58, <stderr>:
LENGTH=3800
elapsed cycles: 540927
hi(checksum)=0xA744ED267A2173CD
lo(checksum)=0x1538E4CEC07F7850
key=plain, no.=58, <checksum>:
0xA744ED267A2173CD1538E4CEC07F7850
key=plain, no.=58, cso file:
/dev/null
----------------------------------------------
real command=cset shield -e /home/nrink/Projects/build/encode/encode/tests/ptrarith/ptrarith.perf.plain --  --cso /dev/null
key=plain, no.=59, <stderr>:
LENGTH=3800
elapsed cycles: 552384
hi(checksum)=0xA744ED267A2173CD
lo(checksum)=0x1538E4CEC07F7850
key=plain, no.=59, <checksum>:
0xA744ED267A2173CD1538E4CEC07F7850
key=plain, no.=59, cso file:
/dev/null
----------------------------------------------
real command=cset shield -e /home/nrink/Projects/build/encode/encode/tests/ptrarith/ptrarith.perf.plain --  --cso /dev/null
key=plain, no.=60, <stderr>:
LENGTH=3800
elapsed cycles: 514086
hi(checksum)=0xA744ED267A2173CD
lo(checksum)=0x1538E4CEC07F7850
key=plain, no.=60, <checksum>:
0xA744ED267A2173CD1538E4CEC07F7850
key=plain, no.=60, cso file:
/dev/null
----------------------------------------------
real command=cset shield -e /home/nrink/Projects/build/encode/encode/tests/ptrarith/ptrarith.perf.plain --  --cso /dev/null
key=plain, no.=61, <stderr>:
LENGTH=3800
elapsed cycles: 501096
hi(checksum)=0xA744ED267A2173CD
lo(checksum)=0x1538E4CEC07F7850
key=plain, no.=61, <checksum>:
0xA744ED267A2173CD1538E4CEC07F7850
key=plain, no.=61, cso file:
/dev/null
----------------------------------------------
real command=cset shield -e /home/nrink/Projects/build/encode/encode/tests/ptrarith/ptrarith.perf.plain --  --cso /dev/null
key=plain, no.=62, <stderr>:
LENGTH=3800
elapsed cycles: 499998
hi(checksum)=0xA744ED267A2173CD
lo(checksum)=0x1538E4CEC07F7850
key=plain, no.=62, <checksum>:
0xA744ED267A2173CD1538E4CEC07F7850
key=plain, no.=62, cso file:
/dev/null
----------------------------------------------
real command=cset shield -e /home/nrink/Projects/build/encode/encode/tests/ptrarith/ptrarith.perf.plain --  --cso /dev/null
key=plain, no.=63, <stderr>:
LENGTH=3800
elapsed cycles: 500454
hi(checksum)=0xA744ED267A2173CD
lo(checksum)=0x1538E4CEC07F7850
key=plain, no.=63, <checksum>:
0xA744ED267A2173CD1538E4CEC07F7850
key=plain, no.=63, cso file:
/dev/null
----------------------------------------------
real command=cset shield -e /home/nrink/Projects/build/encode/encode/tests/ptrarith/ptrarith.perf.plain --  --cso /dev/null
key=plain, no.=64, <stderr>:
LENGTH=3800
elapsed cycles: 499833
hi(checksum)=0xA744ED267A2173CD
lo(checksum)=0x1538E4CEC07F7850
key=plain, no.=64, <checksum>:
0xA744ED267A2173CD1538E4CEC07F7850
key=plain, no.=64, cso file:
/dev/null
----------------------------------------------
real command=cset shield -e /home/nrink/Projects/build/encode/encode/tests/ptrarith/ptrarith.perf.plain --  --cso /dev/null
key=plain, no.=65, <stderr>:
LENGTH=3800
elapsed cycles: 500994
hi(checksum)=0xA744ED267A2173CD
lo(checksum)=0x1538E4CEC07F7850
key=plain, no.=65, <checksum>:
0xA744ED267A2173CD1538E4CEC07F7850
key=plain, no.=65, cso file:
/dev/null
----------------------------------------------
real command=cset shield -e /home/nrink/Projects/build/encode/encode/tests/ptrarith/ptrarith.perf.plain --  --cso /dev/null
key=plain, no.=66, <stderr>:
LENGTH=3800
elapsed cycles: 499284
hi(checksum)=0xA744ED267A2173CD
lo(checksum)=0x1538E4CEC07F7850
key=plain, no.=66, <checksum>:
0xA744ED267A2173CD1538E4CEC07F7850
key=plain, no.=66, cso file:
/dev/null
----------------------------------------------
real command=cset shield -e /home/nrink/Projects/build/encode/encode/tests/ptrarith/ptrarith.perf.plain --  --cso /dev/null
key=plain, no.=67, <stderr>:
LENGTH=3800
elapsed cycles: 500892
hi(checksum)=0xA744ED267A2173CD
lo(checksum)=0x1538E4CEC07F7850
key=plain, no.=67, <checksum>:
0xA744ED267A2173CD1538E4CEC07F7850
key=plain, no.=67, cso file:
/dev/null
----------------------------------------------
real command=cset shield -e /home/nrink/Projects/build/encode/encode/tests/ptrarith/ptrarith.perf.plain --  --cso /dev/null
key=plain, no.=68, <stderr>:
LENGTH=3800
elapsed cycles: 499218
hi(checksum)=0xA744ED267A2173CD
lo(checksum)=0x1538E4CEC07F7850
key=plain, no.=68, <checksum>:
0xA744ED267A2173CD1538E4CEC07F7850
key=plain, no.=68, cso file:
/dev/null
----------------------------------------------
real command=cset shield -e /home/nrink/Projects/build/encode/encode/tests/ptrarith/ptrarith.perf.plain --  --cso /dev/null
key=plain, no.=69, <stderr>:
LENGTH=3800
elapsed cycles: 499977
hi(checksum)=0xA744ED267A2173CD
lo(checksum)=0x1538E4CEC07F7850
key=plain, no.=69, <checksum>:
0xA744ED267A2173CD1538E4CEC07F7850
key=plain, no.=69, cso file:
/dev/null
----------------------------------------------
real command=cset shield -e /home/nrink/Projects/build/encode/encode/tests/ptrarith/ptrarith.perf.plain --  --cso /dev/null
key=plain, no.=70, <stderr>:
LENGTH=3800
elapsed cycles: 500961
hi(checksum)=0xA744ED267A2173CD
lo(checksum)=0x1538E4CEC07F7850
key=plain, no.=70, <checksum>:
0xA744ED267A2173CD1538E4CEC07F7850
key=plain, no.=70, cso file:
/dev/null
----------------------------------------------
real command=cset shield -e /home/nrink/Projects/build/encode/encode/tests/ptrarith/ptrarith.perf.plain --  --cso /dev/null
key=plain, no.=71, <stderr>:
LENGTH=3800
elapsed cycles: 525306
hi(checksum)=0xA744ED267A2173CD
lo(checksum)=0x1538E4CEC07F7850
key=plain, no.=71, <checksum>:
0xA744ED267A2173CD1538E4CEC07F7850
key=plain, no.=71, cso file:
/dev/null
----------------------------------------------
real command=cset shield -e /home/nrink/Projects/build/encode/encode/tests/ptrarith/ptrarith.perf.plain --  --cso /dev/null
key=plain, no.=72, <stderr>:
LENGTH=3800
elapsed cycles: 508722
hi(checksum)=0xA744ED267A2173CD
lo(checksum)=0x1538E4CEC07F7850
key=plain, no.=72, <checksum>:
0xA744ED267A2173CD1538E4CEC07F7850
key=plain, no.=72, cso file:
/dev/null
----------------------------------------------
real command=cset shield -e /home/nrink/Projects/build/encode/encode/tests/ptrarith/ptrarith.perf.plain --  --cso /dev/null
key=plain, no.=73, <stderr>:
LENGTH=3800
elapsed cycles: 501360
hi(checksum)=0xA744ED267A2173CD
lo(checksum)=0x1538E4CEC07F7850
key=plain, no.=73, <checksum>:
0xA744ED267A2173CD1538E4CEC07F7850
key=plain, no.=73, cso file:
/dev/null
----------------------------------------------
real command=cset shield -e /home/nrink/Projects/build/encode/encode/tests/ptrarith/ptrarith.perf.plain --  --cso /dev/null
key=plain, no.=74, <stderr>:
LENGTH=3800
elapsed cycles: 532917
hi(checksum)=0xA744ED267A2173CD
lo(checksum)=0x1538E4CEC07F7850
key=plain, no.=74, <checksum>:
0xA744ED267A2173CD1538E4CEC07F7850
key=plain, no.=74, cso file:
/dev/null
----------------------------------------------
real command=cset shield -e /home/nrink/Projects/build/encode/encode/tests/ptrarith/ptrarith.perf.plain --  --cso /dev/null
key=plain, no.=75, <stderr>:
LENGTH=3800
elapsed cycles: 513867
hi(checksum)=0xA744ED267A2173CD
lo(checksum)=0x1538E4CEC07F7850
key=plain, no.=75, <checksum>:
0xA744ED267A2173CD1538E4CEC07F7850
key=plain, no.=75, cso file:
/dev/null
----------------------------------------------
real command=cset shield -e /home/nrink/Projects/build/encode/encode/tests/ptrarith/ptrarith.perf.plain --  --cso /dev/null
key=plain, no.=76, <stderr>:
LENGTH=3800
elapsed cycles: 502617
hi(checksum)=0xA744ED267A2173CD
lo(checksum)=0x1538E4CEC07F7850
key=plain, no.=76, <checksum>:
0xA744ED267A2173CD1538E4CEC07F7850
key=plain, no.=76, cso file:
/dev/null
----------------------------------------------
real command=cset shield -e /home/nrink/Projects/build/encode/encode/tests/ptrarith/ptrarith.perf.plain --  --cso /dev/null
key=plain, no.=77, <stderr>:
LENGTH=3800
elapsed cycles: 500532
hi(checksum)=0xA744ED267A2173CD
lo(checksum)=0x1538E4CEC07F7850
key=plain, no.=77, <checksum>:
0xA744ED267A2173CD1538E4CEC07F7850
key=plain, no.=77, cso file:
/dev/null
----------------------------------------------
real command=cset shield -e /home/nrink/Projects/build/encode/encode/tests/ptrarith/ptrarith.perf.plain --  --cso /dev/null
key=plain, no.=78, <stderr>:
LENGTH=3800
elapsed cycles: 500016
hi(checksum)=0xA744ED267A2173CD
lo(checksum)=0x1538E4CEC07F7850
key=plain, no.=78, <checksum>:
0xA744ED267A2173CD1538E4CEC07F7850
key=plain, no.=78, cso file:
/dev/null
----------------------------------------------
real command=cset shield -e /home/nrink/Projects/build/encode/encode/tests/ptrarith/ptrarith.perf.plain --  --cso /dev/null
key=plain, no.=79, <stderr>:
LENGTH=3800
elapsed cycles: 500034
hi(checksum)=0xA744ED267A2173CD
lo(checksum)=0x1538E4CEC07F7850
key=plain, no.=79, <checksum>:
0xA744ED267A2173CD1538E4CEC07F7850
key=plain, no.=79, cso file:
/dev/null
----------------------------------------------
real command=cset shield -e /home/nrink/Projects/build/encode/encode/tests/ptrarith/ptrarith.perf.plain --  --cso /dev/null
key=plain, no.=80, <stderr>:
LENGTH=3800
elapsed cycles: 500745
hi(checksum)=0xA744ED267A2173CD
lo(checksum)=0x1538E4CEC07F7850
key=plain, no.=80, <checksum>:
0xA744ED267A2173CD1538E4CEC07F7850
key=plain, no.=80, cso file:
/dev/null
----------------------------------------------
real command=cset shield -e /home/nrink/Projects/build/encode/encode/tests/ptrarith/ptrarith.perf.plain --  --cso /dev/null
key=plain, no.=81, <stderr>:
LENGTH=3800
elapsed cycles: 500022
hi(checksum)=0xA744ED267A2173CD
lo(checksum)=0x1538E4CEC07F7850
key=plain, no.=81, <checksum>:
0xA744ED267A2173CD1538E4CEC07F7850
key=plain, no.=81, cso file:
/dev/null
----------------------------------------------
real command=cset shield -e /home/nrink/Projects/build/encode/encode/tests/ptrarith/ptrarith.perf.plain --  --cso /dev/null
key=plain, no.=82, <stderr>:
LENGTH=3800
elapsed cycles: 500553
hi(checksum)=0xA744ED267A2173CD
lo(checksum)=0x1538E4CEC07F7850
key=plain, no.=82, <checksum>:
0xA744ED267A2173CD1538E4CEC07F7850
key=plain, no.=82, cso file:
/dev/null
----------------------------------------------
real command=cset shield -e /home/nrink/Projects/build/encode/encode/tests/ptrarith/ptrarith.perf.plain --  --cso /dev/null
key=plain, no.=83, <stderr>:
LENGTH=3800
elapsed cycles: 500097
hi(checksum)=0xA744ED267A2173CD
lo(checksum)=0x1538E4CEC07F7850
key=plain, no.=83, <checksum>:
0xA744ED267A2173CD1538E4CEC07F7850
key=plain, no.=83, cso file:
/dev/null
----------------------------------------------
real command=cset shield -e /home/nrink/Projects/build/encode/encode/tests/ptrarith/ptrarith.perf.plain --  --cso /dev/null
key=plain, no.=84, <stderr>:
LENGTH=3800
elapsed cycles: 502722
hi(checksum)=0xA744ED267A2173CD
lo(checksum)=0x1538E4CEC07F7850
key=plain, no.=84, <checksum>:
0xA744ED267A2173CD1538E4CEC07F7850
key=plain, no.=84, cso file:
/dev/null
----------------------------------------------
real command=cset shield -e /home/nrink/Projects/build/encode/encode/tests/ptrarith/ptrarith.perf.plain --  --cso /dev/null
key=plain, no.=85, <stderr>:
LENGTH=3800
elapsed cycles: 501153
hi(checksum)=0xA744ED267A2173CD
lo(checksum)=0x1538E4CEC07F7850
key=plain, no.=85, <checksum>:
0xA744ED267A2173CD1538E4CEC07F7850
key=plain, no.=85, cso file:
/dev/null
----------------------------------------------
real command=cset shield -e /home/nrink/Projects/build/encode/encode/tests/ptrarith/ptrarith.perf.plain --  --cso /dev/null
key=plain, no.=86, <stderr>:
LENGTH=3800
elapsed cycles: 501486
hi(checksum)=0xA744ED267A2173CD
lo(checksum)=0x1538E4CEC07F7850
key=plain, no.=86, <checksum>:
0xA744ED267A2173CD1538E4CEC07F7850
key=plain, no.=86, cso file:
/dev/null
----------------------------------------------
real command=cset shield -e /home/nrink/Projects/build/encode/encode/tests/ptrarith/ptrarith.perf.plain --  --cso /dev/null
key=plain, no.=87, <stderr>:
LENGTH=3800
elapsed cycles: 501591
hi(checksum)=0xA744ED267A2173CD
lo(checksum)=0x1538E4CEC07F7850
key=plain, no.=87, <checksum>:
0xA744ED267A2173CD1538E4CEC07F7850
key=plain, no.=87, cso file:
/dev/null
----------------------------------------------
real command=cset shield -e /home/nrink/Projects/build/encode/encode/tests/ptrarith/ptrarith.perf.plain --  --cso /dev/null
key=plain, no.=88, <stderr>:
LENGTH=3800
elapsed cycles: 500439
hi(checksum)=0xA744ED267A2173CD
lo(checksum)=0x1538E4CEC07F7850
key=plain, no.=88, <checksum>:
0xA744ED267A2173CD1538E4CEC07F7850
key=plain, no.=88, cso file:
/dev/null
----------------------------------------------
real command=cset shield -e /home/nrink/Projects/build/encode/encode/tests/ptrarith/ptrarith.perf.plain --  --cso /dev/null
key=plain, no.=89, <stderr>:
LENGTH=3800
elapsed cycles: 500241
hi(checksum)=0xA744ED267A2173CD
lo(checksum)=0x1538E4CEC07F7850
key=plain, no.=89, <checksum>:
0xA744ED267A2173CD1538E4CEC07F7850
key=plain, no.=89, cso file:
/dev/null
----------------------------------------------
real command=cset shield -e /home/nrink/Projects/build/encode/encode/tests/ptrarith/ptrarith.perf.plain --  --cso /dev/null
key=plain, no.=90, <stderr>:
LENGTH=3800
elapsed cycles: 500583
hi(checksum)=0xA744ED267A2173CD
lo(checksum)=0x1538E4CEC07F7850
key=plain, no.=90, <checksum>:
0xA744ED267A2173CD1538E4CEC07F7850
key=plain, no.=90, cso file:
/dev/null
----------------------------------------------
real command=cset shield -e /home/nrink/Projects/build/encode/encode/tests/ptrarith/ptrarith.perf.plain --  --cso /dev/null
key=plain, no.=91, <stderr>:
LENGTH=3800
elapsed cycles: 500328
hi(checksum)=0xA744ED267A2173CD
lo(checksum)=0x1538E4CEC07F7850
key=plain, no.=91, <checksum>:
0xA744ED267A2173CD1538E4CEC07F7850
key=plain, no.=91, cso file:
/dev/null
----------------------------------------------
real command=cset shield -e /home/nrink/Projects/build/encode/encode/tests/ptrarith/ptrarith.perf.plain --  --cso /dev/null
key=plain, no.=92, <stderr>:
LENGTH=3800
elapsed cycles: 499821
hi(checksum)=0xA744ED267A2173CD
lo(checksum)=0x1538E4CEC07F7850
key=plain, no.=92, <checksum>:
0xA744ED267A2173CD1538E4CEC07F7850
key=plain, no.=92, cso file:
/dev/null
----------------------------------------------
real command=cset shield -e /home/nrink/Projects/build/encode/encode/tests/ptrarith/ptrarith.perf.plain --  --cso /dev/null
key=plain, no.=93, <stderr>:
LENGTH=3800
elapsed cycles: 500637
hi(checksum)=0xA744ED267A2173CD
lo(checksum)=0x1538E4CEC07F7850
key=plain, no.=93, <checksum>:
0xA744ED267A2173CD1538E4CEC07F7850
key=plain, no.=93, cso file:
/dev/null
----------------------------------------------
real command=cset shield -e /home/nrink/Projects/build/encode/encode/tests/ptrarith/ptrarith.perf.plain --  --cso /dev/null
key=plain, no.=94, <stderr>:
LENGTH=3800
elapsed cycles: 499695
hi(checksum)=0xA744ED267A2173CD
lo(checksum)=0x1538E4CEC07F7850
key=plain, no.=94, <checksum>:
0xA744ED267A2173CD1538E4CEC07F7850
key=plain, no.=94, cso file:
/dev/null
----------------------------------------------
real command=cset shield -e /home/nrink/Projects/build/encode/encode/tests/ptrarith/ptrarith.perf.plain --  --cso /dev/null
key=plain, no.=95, <stderr>:
LENGTH=3800
elapsed cycles: 534654
hi(checksum)=0xA744ED267A2173CD
lo(checksum)=0x1538E4CEC07F7850
key=plain, no.=95, <checksum>:
0xA744ED267A2173CD1538E4CEC07F7850
key=plain, no.=95, cso file:
/dev/null
----------------------------------------------
real command=cset shield -e /home/nrink/Projects/build/encode/encode/tests/ptrarith/ptrarith.perf.plain --  --cso /dev/null
key=plain, no.=96, <stderr>:
LENGTH=3800
elapsed cycles: 579045
hi(checksum)=0xA744ED267A2173CD
lo(checksum)=0x1538E4CEC07F7850
key=plain, no.=96, <checksum>:
0xA744ED267A2173CD1538E4CEC07F7850
key=plain, no.=96, cso file:
/dev/null
----------------------------------------------
real command=cset shield -e /home/nrink/Projects/build/encode/encode/tests/ptrarith/ptrarith.perf.plain --  --cso /dev/null
key=plain, no.=97, <stderr>:
LENGTH=3800
elapsed cycles: 499824
hi(checksum)=0xA744ED267A2173CD
lo(checksum)=0x1538E4CEC07F7850
key=plain, no.=97, <checksum>:
0xA744ED267A2173CD1538E4CEC07F7850
key=plain, no.=97, cso file:
/dev/null
----------------------------------------------
real command=cset shield -e /home/nrink/Projects/build/encode/encode/tests/ptrarith/ptrarith.perf.plain --  --cso /dev/null
key=plain, no.=98, <stderr>:
LENGTH=3800
elapsed cycles: 499737
hi(checksum)=0xA744ED267A2173CD
lo(checksum)=0x1538E4CEC07F7850
key=plain, no.=98, <checksum>:
0xA744ED267A2173CD1538E4CEC07F7850
key=plain, no.=98, cso file:
/dev/null
----------------------------------------------
real command=cset shield -e /home/nrink/Projects/build/encode/encode/tests/ptrarith/ptrarith.perf.plain --  --cso /dev/null
key=plain, no.=99, <stderr>:
LENGTH=3800
elapsed cycles: 499929
hi(checksum)=0xA744ED267A2173CD
lo(checksum)=0x1538E4CEC07F7850
key=plain, no.=99, <checksum>:
0xA744ED267A2173CD1538E4CEC07F7850
key=plain, no.=99, cso file:
/dev/null
----------------------------------------------
key=encoded, runs=100 ...
command=/home/nrink/Projects/build/encode/encode/tests/ptrarith/ptrarith.perf.encoded
----------------------------------------------
real command=cset shield -e /home/nrink/Projects/build/encode/encode/tests/ptrarith/ptrarith.perf.encoded --  --cso /dev/null
key=encoded, no.=0, <stderr>:
LENGTH=3800
elapsed cycles: 4769502
hi(checksum)=0xA744ED267A2173CD
lo(checksum)=0x1538E4CEC07F7850
key=encoded, no.=0, <checksum>:
0xA744ED267A2173CD1538E4CEC07F7850
key=encoded, no.=0, cso file:
/dev/null
----------------------------------------------
real command=cset shield -e /home/nrink/Projects/build/encode/encode/tests/ptrarith/ptrarith.perf.encoded --  --cso /dev/null
key=encoded, no.=1, <stderr>:
LENGTH=3800
elapsed cycles: 4376793
hi(checksum)=0xA744ED267A2173CD
lo(checksum)=0x1538E4CEC07F7850
key=encoded, no.=1, <checksum>:
0xA744ED267A2173CD1538E4CEC07F7850
key=encoded, no.=1, cso file:
/dev/null
----------------------------------------------
real command=cset shield -e /home/nrink/Projects/build/encode/encode/tests/ptrarith/ptrarith.perf.encoded --  --cso /dev/null
key=encoded, no.=2, <stderr>:
LENGTH=3800
elapsed cycles: 4301700
hi(checksum)=0xA744ED267A2173CD
lo(checksum)=0x1538E4CEC07F7850
key=encoded, no.=2, <checksum>:
0xA744ED267A2173CD1538E4CEC07F7850
key=encoded, no.=2, cso file:
/dev/null
----------------------------------------------
real command=cset shield -e /home/nrink/Projects/build/encode/encode/tests/ptrarith/ptrarith.perf.encoded --  --cso /dev/null
key=encoded, no.=3, <stderr>:
LENGTH=3800
elapsed cycles: 4527732
hi(checksum)=0xA744ED267A2173CD
lo(checksum)=0x1538E4CEC07F7850
key=encoded, no.=3, <checksum>:
0xA744ED267A2173CD1538E4CEC07F7850
key=encoded, no.=3, cso file:
/dev/null
----------------------------------------------
real command=cset shield -e /home/nrink/Projects/build/encode/encode/tests/ptrarith/ptrarith.perf.encoded --  --cso /dev/null
key=encoded, no.=4, <stderr>:
LENGTH=3800
elapsed cycles: 5064760
hi(checksum)=0xA744ED267A2173CD
lo(checksum)=0x1538E4CEC07F7850
key=encoded, no.=4, <checksum>:
0xA744ED267A2173CD1538E4CEC07F7850
key=encoded, no.=4, cso file:
/dev/null
----------------------------------------------
real command=cset shield -e /home/nrink/Projects/build/encode/encode/tests/ptrarith/ptrarith.perf.encoded --  --cso /dev/null
key=encoded, no.=5, <stderr>:
LENGTH=3800
elapsed cycles: 4363779
hi(checksum)=0xA744ED267A2173CD
lo(checksum)=0x1538E4CEC07F7850
key=encoded, no.=5, <checksum>:
0xA744ED267A2173CD1538E4CEC07F7850
key=encoded, no.=5, cso file:
/dev/null
----------------------------------------------
real command=cset shield -e /home/nrink/Projects/build/encode/encode/tests/ptrarith/ptrarith.perf.encoded --  --cso /dev/null
key=encoded, no.=6, <stderr>:
LENGTH=3800
elapsed cycles: 4406415
hi(checksum)=0xA744ED267A2173CD
lo(checksum)=0x1538E4CEC07F7850
key=encoded, no.=6, <checksum>:
0xA744ED267A2173CD1538E4CEC07F7850
key=encoded, no.=6, cso file:
/dev/null
----------------------------------------------
real command=cset shield -e /home/nrink/Projects/build/encode/encode/tests/ptrarith/ptrarith.perf.encoded --  --cso /dev/null
key=encoded, no.=7, <stderr>:
LENGTH=3800
elapsed cycles: 4596225
hi(checksum)=0xA744ED267A2173CD
lo(checksum)=0x1538E4CEC07F7850
key=encoded, no.=7, <checksum>:
0xA744ED267A2173CD1538E4CEC07F7850
key=encoded, no.=7, cso file:
/dev/null
----------------------------------------------
real command=cset shield -e /home/nrink/Projects/build/encode/encode/tests/ptrarith/ptrarith.perf.encoded --  --cso /dev/null
key=encoded, no.=8, <stderr>:
LENGTH=3800
elapsed cycles: 4339506
hi(checksum)=0xA744ED267A2173CD
lo(checksum)=0x1538E4CEC07F7850
key=encoded, no.=8, <checksum>:
0xA744ED267A2173CD1538E4CEC07F7850
key=encoded, no.=8, cso file:
/dev/null
----------------------------------------------
real command=cset shield -e /home/nrink/Projects/build/encode/encode/tests/ptrarith/ptrarith.perf.encoded --  --cso /dev/null
key=encoded, no.=9, <stderr>:
LENGTH=3800
elapsed cycles: 4352436
hi(checksum)=0xA744ED267A2173CD
lo(checksum)=0x1538E4CEC07F7850
key=encoded, no.=9, <checksum>:
0xA744ED267A2173CD1538E4CEC07F7850
key=encoded, no.=9, cso file:
/dev/null
----------------------------------------------
real command=cset shield -e /home/nrink/Projects/build/encode/encode/tests/ptrarith/ptrarith.perf.encoded --  --cso /dev/null
key=encoded, no.=10, <stderr>:
LENGTH=3800
elapsed cycles: 4300869
hi(checksum)=0xA744ED267A2173CD
lo(checksum)=0x1538E4CEC07F7850
key=encoded, no.=10, <checksum>:
0xA744ED267A2173CD1538E4CEC07F7850
key=encoded, no.=10, cso file:
/dev/null
----------------------------------------------
real command=cset shield -e /home/nrink/Projects/build/encode/encode/tests/ptrarith/ptrarith.perf.encoded --  --cso /dev/null
key=encoded, no.=11, <stderr>:
LENGTH=3800
elapsed cycles: 4387329
hi(checksum)=0xA744ED267A2173CD
lo(checksum)=0x1538E4CEC07F7850
key=encoded, no.=11, <checksum>:
0xA744ED267A2173CD1538E4CEC07F7850
key=encoded, no.=11, cso file:
/dev/null
----------------------------------------------
real command=cset shield -e /home/nrink/Projects/build/encode/encode/tests/ptrarith/ptrarith.perf.encoded --  --cso /dev/null
key=encoded, no.=12, <stderr>:
LENGTH=3800
elapsed cycles: 4361124
hi(checksum)=0xA744ED267A2173CD
lo(checksum)=0x1538E4CEC07F7850
key=encoded, no.=12, <checksum>:
0xA744ED267A2173CD1538E4CEC07F7850
key=encoded, no.=12, cso file:
/dev/null
----------------------------------------------
real command=cset shield -e /home/nrink/Projects/build/encode/encode/tests/ptrarith/ptrarith.perf.encoded --  --cso /dev/null
key=encoded, no.=13, <stderr>:
LENGTH=3800
elapsed cycles: 4301127
hi(checksum)=0xA744ED267A2173CD
lo(checksum)=0x1538E4CEC07F7850
key=encoded, no.=13, <checksum>:
0xA744ED267A2173CD1538E4CEC07F7850
key=encoded, no.=13, cso file:
/dev/null
----------------------------------------------
real command=cset shield -e /home/nrink/Projects/build/encode/encode/tests/ptrarith/ptrarith.perf.encoded --  --cso /dev/null
key=encoded, no.=14, <stderr>:
LENGTH=3800
elapsed cycles: 4407330
hi(checksum)=0xA744ED267A2173CD
lo(checksum)=0x1538E4CEC07F7850
key=encoded, no.=14, <checksum>:
0xA744ED267A2173CD1538E4CEC07F7850
key=encoded, no.=14, cso file:
/dev/null
----------------------------------------------
real command=cset shield -e /home/nrink/Projects/build/encode/encode/tests/ptrarith/ptrarith.perf.encoded --  --cso /dev/null
key=encoded, no.=15, <stderr>:
LENGTH=3800
elapsed cycles: 4298844
hi(checksum)=0xA744ED267A2173CD
lo(checksum)=0x1538E4CEC07F7850
key=encoded, no.=15, <checksum>:
0xA744ED267A2173CD1538E4CEC07F7850
key=encoded, no.=15, cso file:
/dev/null
----------------------------------------------
real command=cset shield -e /home/nrink/Projects/build/encode/encode/tests/ptrarith/ptrarith.perf.encoded --  --cso /dev/null
key=encoded, no.=16, <stderr>:
LENGTH=3800
elapsed cycles: 4300227
hi(checksum)=0xA744ED267A2173CD
lo(checksum)=0x1538E4CEC07F7850
key=encoded, no.=16, <checksum>:
0xA744ED267A2173CD1538E4CEC07F7850
key=encoded, no.=16, cso file:
/dev/null
----------------------------------------------
real command=cset shield -e /home/nrink/Projects/build/encode/encode/tests/ptrarith/ptrarith.perf.encoded --  --cso /dev/null
key=encoded, no.=17, <stderr>:
LENGTH=3800
elapsed cycles: 6096549
hi(checksum)=0xA744ED267A2173CD
lo(checksum)=0x1538E4CEC07F7850
key=encoded, no.=17, <checksum>:
0xA744ED267A2173CD1538E4CEC07F7850
key=encoded, no.=17, cso file:
/dev/null
----------------------------------------------
real command=cset shield -e /home/nrink/Projects/build/encode/encode/tests/ptrarith/ptrarith.perf.encoded --  --cso /dev/null
key=encoded, no.=18, <stderr>:
LENGTH=3800
elapsed cycles: 4567407
hi(checksum)=0xA744ED267A2173CD
lo(checksum)=0x1538E4CEC07F7850
key=encoded, no.=18, <checksum>:
0xA744ED267A2173CD1538E4CEC07F7850
key=encoded, no.=18, cso file:
/dev/null
----------------------------------------------
real command=cset shield -e /home/nrink/Projects/build/encode/encode/tests/ptrarith/ptrarith.perf.encoded --  --cso /dev/null
key=encoded, no.=19, <stderr>:
LENGTH=3800
elapsed cycles: 4542174
hi(checksum)=0xA744ED267A2173CD
lo(checksum)=0x1538E4CEC07F7850
key=encoded, no.=19, <checksum>:
0xA744ED267A2173CD1538E4CEC07F7850
key=encoded, no.=19, cso file:
/dev/null
----------------------------------------------
real command=cset shield -e /home/nrink/Projects/build/encode/encode/tests/ptrarith/ptrarith.perf.encoded --  --cso /dev/null
key=encoded, no.=20, <stderr>:
LENGTH=3800
elapsed cycles: 5454477
hi(checksum)=0xA744ED267A2173CD
lo(checksum)=0x1538E4CEC07F7850
key=encoded, no.=20, <checksum>:
0xA744ED267A2173CD1538E4CEC07F7850
key=encoded, no.=20, cso file:
/dev/null
----------------------------------------------
real command=cset shield -e /home/nrink/Projects/build/encode/encode/tests/ptrarith/ptrarith.perf.encoded --  --cso /dev/null
key=encoded, no.=21, <stderr>:
LENGTH=3800
elapsed cycles: 4835937
hi(checksum)=0xA744ED267A2173CD
lo(checksum)=0x1538E4CEC07F7850
key=encoded, no.=21, <checksum>:
0xA744ED267A2173CD1538E4CEC07F7850
key=encoded, no.=21, cso file:
/dev/null
----------------------------------------------
real command=cset shield -e /home/nrink/Projects/build/encode/encode/tests/ptrarith/ptrarith.perf.encoded --  --cso /dev/null
key=encoded, no.=22, <stderr>:
LENGTH=3800
elapsed cycles: 6263844
hi(checksum)=0xA744ED267A2173CD
lo(checksum)=0x1538E4CEC07F7850
key=encoded, no.=22, <checksum>:
0xA744ED267A2173CD1538E4CEC07F7850
key=encoded, no.=22, cso file:
/dev/null
----------------------------------------------
real command=cset shield -e /home/nrink/Projects/build/encode/encode/tests/ptrarith/ptrarith.perf.encoded --  --cso /dev/null
key=encoded, no.=23, <stderr>:
LENGTH=3800
elapsed cycles: 6286221
hi(checksum)=0xA744ED267A2173CD
lo(checksum)=0x1538E4CEC07F7850
key=encoded, no.=23, <checksum>:
0xA744ED267A2173CD1538E4CEC07F7850
key=encoded, no.=23, cso file:
/dev/null
----------------------------------------------
real command=cset shield -e /home/nrink/Projects/build/encode/encode/tests/ptrarith/ptrarith.perf.encoded --  --cso /dev/null
key=encoded, no.=24, <stderr>:
LENGTH=3800
elapsed cycles: 4517808
hi(checksum)=0xA744ED267A2173CD
lo(checksum)=0x1538E4CEC07F7850
key=encoded, no.=24, <checksum>:
0xA744ED267A2173CD1538E4CEC07F7850
key=encoded, no.=24, cso file:
/dev/null
----------------------------------------------
real command=cset shield -e /home/nrink/Projects/build/encode/encode/tests/ptrarith/ptrarith.perf.encoded --  --cso /dev/null
key=encoded, no.=25, <stderr>:
LENGTH=3800
elapsed cycles: 6014676
hi(checksum)=0xA744ED267A2173CD
lo(checksum)=0x1538E4CEC07F7850
key=encoded, no.=25, <checksum>:
0xA744ED267A2173CD1538E4CEC07F7850
key=encoded, no.=25, cso file:
/dev/null
----------------------------------------------
real command=cset shield -e /home/nrink/Projects/build/encode/encode/tests/ptrarith/ptrarith.perf.encoded --  --cso /dev/null
key=encoded, no.=26, <stderr>:
LENGTH=3800
elapsed cycles: 5310543
hi(checksum)=0xA744ED267A2173CD
lo(checksum)=0x1538E4CEC07F7850
key=encoded, no.=26, <checksum>:
0xA744ED267A2173CD1538E4CEC07F7850
key=encoded, no.=26, cso file:
/dev/null
----------------------------------------------
real command=cset shield -e /home/nrink/Projects/build/encode/encode/tests/ptrarith/ptrarith.perf.encoded --  --cso /dev/null
key=encoded, no.=27, <stderr>:
LENGTH=3800
elapsed cycles: 6270690
hi(checksum)=0xA744ED267A2173CD
lo(checksum)=0x1538E4CEC07F7850
key=encoded, no.=27, <checksum>:
0xA744ED267A2173CD1538E4CEC07F7850
key=encoded, no.=27, cso file:
/dev/null
----------------------------------------------
real command=cset shield -e /home/nrink/Projects/build/encode/encode/tests/ptrarith/ptrarith.perf.encoded --  --cso /dev/null
key=encoded, no.=28, <stderr>:
LENGTH=3800
elapsed cycles: 5215839
hi(checksum)=0xA744ED267A2173CD
lo(checksum)=0x1538E4CEC07F7850
key=encoded, no.=28, <checksum>:
0xA744ED267A2173CD1538E4CEC07F7850
key=encoded, no.=28, cso file:
/dev/null
----------------------------------------------
real command=cset shield -e /home/nrink/Projects/build/encode/encode/tests/ptrarith/ptrarith.perf.encoded --  --cso /dev/null
key=encoded, no.=29, <stderr>:
LENGTH=3800
elapsed cycles: 4834032
hi(checksum)=0xA744ED267A2173CD
lo(checksum)=0x1538E4CEC07F7850
key=encoded, no.=29, <checksum>:
0xA744ED267A2173CD1538E4CEC07F7850
key=encoded, no.=29, cso file:
/dev/null
----------------------------------------------
real command=cset shield -e /home/nrink/Projects/build/encode/encode/tests/ptrarith/ptrarith.perf.encoded --  --cso /dev/null
key=encoded, no.=30, <stderr>:
LENGTH=3800
elapsed cycles: 4838658
hi(checksum)=0xA744ED267A2173CD
lo(checksum)=0x1538E4CEC07F7850
key=encoded, no.=30, <checksum>:
0xA744ED267A2173CD1538E4CEC07F7850
key=encoded, no.=30, cso file:
/dev/null
----------------------------------------------
real command=cset shield -e /home/nrink/Projects/build/encode/encode/tests/ptrarith/ptrarith.perf.encoded --  --cso /dev/null
key=encoded, no.=31, <stderr>:
LENGTH=3800
elapsed cycles: 4491090
hi(checksum)=0xA744ED267A2173CD
lo(checksum)=0x1538E4CEC07F7850
key=encoded, no.=31, <checksum>:
0xA744ED267A2173CD1538E4CEC07F7850
key=encoded, no.=31, cso file:
/dev/null
----------------------------------------------
real command=cset shield -e /home/nrink/Projects/build/encode/encode/tests/ptrarith/ptrarith.perf.encoded --  --cso /dev/null
key=encoded, no.=32, <stderr>:
LENGTH=3800
elapsed cycles: 5011062
hi(checksum)=0xA744ED267A2173CD
lo(checksum)=0x1538E4CEC07F7850
key=encoded, no.=32, <checksum>:
0xA744ED267A2173CD1538E4CEC07F7850
key=encoded, no.=32, cso file:
/dev/null
----------------------------------------------
real command=cset shield -e /home/nrink/Projects/build/encode/encode/tests/ptrarith/ptrarith.perf.encoded --  --cso /dev/null
key=encoded, no.=33, <stderr>:
LENGTH=3800
elapsed cycles: 5693142
hi(checksum)=0xA744ED267A2173CD
lo(checksum)=0x1538E4CEC07F7850
key=encoded, no.=33, <checksum>:
0xA744ED267A2173CD1538E4CEC07F7850
key=encoded, no.=33, cso file:
/dev/null
----------------------------------------------
real command=cset shield -e /home/nrink/Projects/build/encode/encode/tests/ptrarith/ptrarith.perf.encoded --  --cso /dev/null
key=encoded, no.=34, <stderr>:
LENGTH=3800
elapsed cycles: 5780001
hi(checksum)=0xA744ED267A2173CD
lo(checksum)=0x1538E4CEC07F7850
key=encoded, no.=34, <checksum>:
0xA744ED267A2173CD1538E4CEC07F7850
key=encoded, no.=34, cso file:
/dev/null
----------------------------------------------
real command=cset shield -e /home/nrink/Projects/build/encode/encode/tests/ptrarith/ptrarith.perf.encoded --  --cso /dev/null
key=encoded, no.=35, <stderr>:
LENGTH=3800
elapsed cycles: 5262432
hi(checksum)=0xA744ED267A2173CD
lo(checksum)=0x1538E4CEC07F7850
key=encoded, no.=35, <checksum>:
0xA744ED267A2173CD1538E4CEC07F7850
key=encoded, no.=35, cso file:
/dev/null
----------------------------------------------
real command=cset shield -e /home/nrink/Projects/build/encode/encode/tests/ptrarith/ptrarith.perf.encoded --  --cso /dev/null
key=encoded, no.=36, <stderr>:
LENGTH=3800
elapsed cycles: 5032896
hi(checksum)=0xA744ED267A2173CD
lo(checksum)=0x1538E4CEC07F7850
key=encoded, no.=36, <checksum>:
0xA744ED267A2173CD1538E4CEC07F7850
key=encoded, no.=36, cso file:
/dev/null
----------------------------------------------
real command=cset shield -e /home/nrink/Projects/build/encode/encode/tests/ptrarith/ptrarith.perf.encoded --  --cso /dev/null
key=encoded, no.=37, <stderr>:
LENGTH=3800
elapsed cycles: 4861059
hi(checksum)=0xA744ED267A2173CD
lo(checksum)=0x1538E4CEC07F7850
key=encoded, no.=37, <checksum>:
0xA744ED267A2173CD1538E4CEC07F7850
key=encoded, no.=37, cso file:
/dev/null
----------------------------------------------
real command=cset shield -e /home/nrink/Projects/build/encode/encode/tests/ptrarith/ptrarith.perf.encoded --  --cso /dev/null
key=encoded, no.=38, <stderr>:
LENGTH=3800
elapsed cycles: 4609545
hi(checksum)=0xA744ED267A2173CD
lo(checksum)=0x1538E4CEC07F7850
key=encoded, no.=38, <checksum>:
0xA744ED267A2173CD1538E4CEC07F7850
key=encoded, no.=38, cso file:
/dev/null
----------------------------------------------
real command=cset shield -e /home/nrink/Projects/build/encode/encode/tests/ptrarith/ptrarith.perf.encoded --  --cso /dev/null
key=encoded, no.=39, <stderr>:
LENGTH=3800
elapsed cycles: 5349024
hi(checksum)=0xA744ED267A2173CD
lo(checksum)=0x1538E4CEC07F7850
key=encoded, no.=39, <checksum>:
0xA744ED267A2173CD1538E4CEC07F7850
key=encoded, no.=39, cso file:
/dev/null
----------------------------------------------
real command=cset shield -e /home/nrink/Projects/build/encode/encode/tests/ptrarith/ptrarith.perf.encoded --  --cso /dev/null
key=encoded, no.=40, <stderr>:
LENGTH=3800
elapsed cycles: 4651548
hi(checksum)=0xA744ED267A2173CD
lo(checksum)=0x1538E4CEC07F7850
key=encoded, no.=40, <checksum>:
0xA744ED267A2173CD1538E4CEC07F7850
key=encoded, no.=40, cso file:
/dev/null
----------------------------------------------
real command=cset shield -e /home/nrink/Projects/build/encode/encode/tests/ptrarith/ptrarith.perf.encoded --  --cso /dev/null
key=encoded, no.=41, <stderr>:
LENGTH=3800
elapsed cycles: 5218929
hi(checksum)=0xA744ED267A2173CD
lo(checksum)=0x1538E4CEC07F7850
key=encoded, no.=41, <checksum>:
0xA744ED267A2173CD1538E4CEC07F7850
key=encoded, no.=41, cso file:
/dev/null
----------------------------------------------
real command=cset shield -e /home/nrink/Projects/build/encode/encode/tests/ptrarith/ptrarith.perf.encoded --  --cso /dev/null
key=encoded, no.=42, <stderr>:
LENGTH=3800
elapsed cycles: 5065641
hi(checksum)=0xA744ED267A2173CD
lo(checksum)=0x1538E4CEC07F7850
key=encoded, no.=42, <checksum>:
0xA744ED267A2173CD1538E4CEC07F7850
key=encoded, no.=42, cso file:
/dev/null
----------------------------------------------
real command=cset shield -e /home/nrink/Projects/build/encode/encode/tests/ptrarith/ptrarith.perf.encoded --  --cso /dev/null
key=encoded, no.=43, <stderr>:
LENGTH=3800
elapsed cycles: 4571598
hi(checksum)=0xA744ED267A2173CD
lo(checksum)=0x1538E4CEC07F7850
key=encoded, no.=43, <checksum>:
0xA744ED267A2173CD1538E4CEC07F7850
key=encoded, no.=43, cso file:
/dev/null
----------------------------------------------
real command=cset shield -e /home/nrink/Projects/build/encode/encode/tests/ptrarith/ptrarith.perf.encoded --  --cso /dev/null
key=encoded, no.=44, <stderr>:
LENGTH=3800
elapsed cycles: 5319429
hi(checksum)=0xA744ED267A2173CD
lo(checksum)=0x1538E4CEC07F7850
key=encoded, no.=44, <checksum>:
0xA744ED267A2173CD1538E4CEC07F7850
key=encoded, no.=44, cso file:
/dev/null
----------------------------------------------
real command=cset shield -e /home/nrink/Projects/build/encode/encode/tests/ptrarith/ptrarith.perf.encoded --  --cso /dev/null
key=encoded, no.=45, <stderr>:
LENGTH=3800
elapsed cycles: 5709321
hi(checksum)=0xA744ED267A2173CD
lo(checksum)=0x1538E4CEC07F7850
key=encoded, no.=45, <checksum>:
0xA744ED267A2173CD1538E4CEC07F7850
key=encoded, no.=45, cso file:
/dev/null
----------------------------------------------
real command=cset shield -e /home/nrink/Projects/build/encode/encode/tests/ptrarith/ptrarith.perf.encoded --  --cso /dev/null
key=encoded, no.=46, <stderr>:
LENGTH=3800
elapsed cycles: 5420952
hi(checksum)=0xA744ED267A2173CD
lo(checksum)=0x1538E4CEC07F7850
key=encoded, no.=46, <checksum>:
0xA744ED267A2173CD1538E4CEC07F7850
key=encoded, no.=46, cso file:
/dev/null
----------------------------------------------
real command=cset shield -e /home/nrink/Projects/build/encode/encode/tests/ptrarith/ptrarith.perf.encoded --  --cso /dev/null
key=encoded, no.=47, <stderr>:
LENGTH=3800
elapsed cycles: 5711826
hi(checksum)=0xA744ED267A2173CD
lo(checksum)=0x1538E4CEC07F7850
key=encoded, no.=47, <checksum>:
0xA744ED267A2173CD1538E4CEC07F7850
key=encoded, no.=47, cso file:
/dev/null
----------------------------------------------
real command=cset shield -e /home/nrink/Projects/build/encode/encode/tests/ptrarith/ptrarith.perf.encoded --  --cso /dev/null
key=encoded, no.=48, <stderr>:
LENGTH=3800
elapsed cycles: 5652795
hi(checksum)=0xA744ED267A2173CD
lo(checksum)=0x1538E4CEC07F7850
key=encoded, no.=48, <checksum>:
0xA744ED267A2173CD1538E4CEC07F7850
key=encoded, no.=48, cso file:
/dev/null
----------------------------------------------
real command=cset shield -e /home/nrink/Projects/build/encode/encode/tests/ptrarith/ptrarith.perf.encoded --  --cso /dev/null
key=encoded, no.=49, <stderr>:
LENGTH=3800
elapsed cycles: 4892811
hi(checksum)=0xA744ED267A2173CD
lo(checksum)=0x1538E4CEC07F7850
key=encoded, no.=49, <checksum>:
0xA744ED267A2173CD1538E4CEC07F7850
key=encoded, no.=49, cso file:
/dev/null
----------------------------------------------
real command=cset shield -e /home/nrink/Projects/build/encode/encode/tests/ptrarith/ptrarith.perf.encoded --  --cso /dev/null
key=encoded, no.=50, <stderr>:
LENGTH=3800
elapsed cycles: 4608672
hi(checksum)=0xA744ED267A2173CD
lo(checksum)=0x1538E4CEC07F7850
key=encoded, no.=50, <checksum>:
0xA744ED267A2173CD1538E4CEC07F7850
key=encoded, no.=50, cso file:
/dev/null
----------------------------------------------
real command=cset shield -e /home/nrink/Projects/build/encode/encode/tests/ptrarith/ptrarith.perf.encoded --  --cso /dev/null
key=encoded, no.=51, <stderr>:
LENGTH=3800
elapsed cycles: 4891956
hi(checksum)=0xA744ED267A2173CD
lo(checksum)=0x1538E4CEC07F7850
key=encoded, no.=51, <checksum>:
0xA744ED267A2173CD1538E4CEC07F7850
key=encoded, no.=51, cso file:
/dev/null
----------------------------------------------
real command=cset shield -e /home/nrink/Projects/build/encode/encode/tests/ptrarith/ptrarith.perf.encoded --  --cso /dev/null
key=encoded, no.=52, <stderr>:
LENGTH=3800
elapsed cycles: 6042366
hi(checksum)=0xA744ED267A2173CD
lo(checksum)=0x1538E4CEC07F7850
key=encoded, no.=52, <checksum>:
0xA744ED267A2173CD1538E4CEC07F7850
key=encoded, no.=52, cso file:
/dev/null
----------------------------------------------
real command=cset shield -e /home/nrink/Projects/build/encode/encode/tests/ptrarith/ptrarith.perf.encoded --  --cso /dev/null
key=encoded, no.=53, <stderr>:
LENGTH=3800
elapsed cycles: 4724793
hi(checksum)=0xA744ED267A2173CD
lo(checksum)=0x1538E4CEC07F7850
key=encoded, no.=53, <checksum>:
0xA744ED267A2173CD1538E4CEC07F7850
key=encoded, no.=53, cso file:
/dev/null
----------------------------------------------
real command=cset shield -e /home/nrink/Projects/build/encode/encode/tests/ptrarith/ptrarith.perf.encoded --  --cso /dev/null
key=encoded, no.=54, <stderr>:
LENGTH=3800
elapsed cycles: 4655616
hi(checksum)=0xA744ED267A2173CD
lo(checksum)=0x1538E4CEC07F7850
key=encoded, no.=54, <checksum>:
0xA744ED267A2173CD1538E4CEC07F7850
key=encoded, no.=54, cso file:
/dev/null
----------------------------------------------
real command=cset shield -e /home/nrink/Projects/build/encode/encode/tests/ptrarith/ptrarith.perf.encoded --  --cso /dev/null
key=encoded, no.=55, <stderr>:
LENGTH=3800
elapsed cycles: 5786244
hi(checksum)=0xA744ED267A2173CD
lo(checksum)=0x1538E4CEC07F7850
key=encoded, no.=55, <checksum>:
0xA744ED267A2173CD1538E4CEC07F7850
key=encoded, no.=55, cso file:
/dev/null
----------------------------------------------
real command=cset shield -e /home/nrink/Projects/build/encode/encode/tests/ptrarith/ptrarith.perf.encoded --  --cso /dev/null
key=encoded, no.=56, <stderr>:
LENGTH=3800
elapsed cycles: 4915125
hi(checksum)=0xA744ED267A2173CD
lo(checksum)=0x1538E4CEC07F7850
key=encoded, no.=56, <checksum>:
0xA744ED267A2173CD1538E4CEC07F7850
key=encoded, no.=56, cso file:
/dev/null
----------------------------------------------
real command=cset shield -e /home/nrink/Projects/build/encode/encode/tests/ptrarith/ptrarith.perf.encoded --  --cso /dev/null
key=encoded, no.=57, <stderr>:
LENGTH=3800
elapsed cycles: 4898220
hi(checksum)=0xA744ED267A2173CD
lo(checksum)=0x1538E4CEC07F7850
key=encoded, no.=57, <checksum>:
0xA744ED267A2173CD1538E4CEC07F7850
key=encoded, no.=57, cso file:
/dev/null
----------------------------------------------
real command=cset shield -e /home/nrink/Projects/build/encode/encode/tests/ptrarith/ptrarith.perf.encoded --  --cso /dev/null
key=encoded, no.=58, <stderr>:
LENGTH=3800
elapsed cycles: 5661519
hi(checksum)=0xA744ED267A2173CD
lo(checksum)=0x1538E4CEC07F7850
key=encoded, no.=58, <checksum>:
0xA744ED267A2173CD1538E4CEC07F7850
key=encoded, no.=58, cso file:
/dev/null
----------------------------------------------
real command=cset shield -e /home/nrink/Projects/build/encode/encode/tests/ptrarith/ptrarith.perf.encoded --  --cso /dev/null
key=encoded, no.=59, <stderr>:
LENGTH=3800
elapsed cycles: 5124858
hi(checksum)=0xA744ED267A2173CD
lo(checksum)=0x1538E4CEC07F7850
key=encoded, no.=59, <checksum>:
0xA744ED267A2173CD1538E4CEC07F7850
key=encoded, no.=59, cso file:
/dev/null
----------------------------------------------
real command=cset shield -e /home/nrink/Projects/build/encode/encode/tests/ptrarith/ptrarith.perf.encoded --  --cso /dev/null
key=encoded, no.=60, <stderr>:
LENGTH=3800
elapsed cycles: 5906571
hi(checksum)=0xA744ED267A2173CD
lo(checksum)=0x1538E4CEC07F7850
key=encoded, no.=60, <checksum>:
0xA744ED267A2173CD1538E4CEC07F7850
key=encoded, no.=60, cso file:
/dev/null
----------------------------------------------
real command=cset shield -e /home/nrink/Projects/build/encode/encode/tests/ptrarith/ptrarith.perf.encoded --  --cso /dev/null
key=encoded, no.=61, <stderr>:
LENGTH=3800
elapsed cycles: 4773717
hi(checksum)=0xA744ED267A2173CD
lo(checksum)=0x1538E4CEC07F7850
key=encoded, no.=61, <checksum>:
0xA744ED267A2173CD1538E4CEC07F7850
key=encoded, no.=61, cso file:
/dev/null
----------------------------------------------
real command=cset shield -e /home/nrink/Projects/build/encode/encode/tests/ptrarith/ptrarith.perf.encoded --  --cso /dev/null
key=encoded, no.=62, <stderr>:
LENGTH=3800
elapsed cycles: 5776470
hi(checksum)=0xA744ED267A2173CD
lo(checksum)=0x1538E4CEC07F7850
key=encoded, no.=62, <checksum>:
0xA744ED267A2173CD1538E4CEC07F7850
key=encoded, no.=62, cso file:
/dev/null
----------------------------------------------
real command=cset shield -e /home/nrink/Projects/build/encode/encode/tests/ptrarith/ptrarith.perf.encoded --  --cso /dev/null
key=encoded, no.=63, <stderr>:
LENGTH=3800
elapsed cycles: 4969134
hi(checksum)=0xA744ED267A2173CD
lo(checksum)=0x1538E4CEC07F7850
key=encoded, no.=63, <checksum>:
0xA744ED267A2173CD1538E4CEC07F7850
key=encoded, no.=63, cso file:
/dev/null
----------------------------------------------
real command=cset shield -e /home/nrink/Projects/build/encode/encode/tests/ptrarith/ptrarith.perf.encoded --  --cso /dev/null
key=encoded, no.=64, <stderr>:
LENGTH=3800
elapsed cycles: 4996734
hi(checksum)=0xA744ED267A2173CD
lo(checksum)=0x1538E4CEC07F7850
key=encoded, no.=64, <checksum>:
0xA744ED267A2173CD1538E4CEC07F7850
key=encoded, no.=64, cso file:
/dev/null
----------------------------------------------
real command=cset shield -e /home/nrink/Projects/build/encode/encode/tests/ptrarith/ptrarith.perf.encoded --  --cso /dev/null
key=encoded, no.=65, <stderr>:
LENGTH=3800
elapsed cycles: 4623654
hi(checksum)=0xA744ED267A2173CD
lo(checksum)=0x1538E4CEC07F7850
key=encoded, no.=65, <checksum>:
0xA744ED267A2173CD1538E4CEC07F7850
key=encoded, no.=65, cso file:
/dev/null
----------------------------------------------
real command=cset shield -e /home/nrink/Projects/build/encode/encode/tests/ptrarith/ptrarith.perf.encoded --  --cso /dev/null
key=encoded, no.=66, <stderr>:
LENGTH=3800
elapsed cycles: 4865697
hi(checksum)=0xA744ED267A2173CD
lo(checksum)=0x1538E4CEC07F7850
key=encoded, no.=66, <checksum>:
0xA744ED267A2173CD1538E4CEC07F7850
key=encoded, no.=66, cso file:
/dev/null
----------------------------------------------
real command=cset shield -e /home/nrink/Projects/build/encode/encode/tests/ptrarith/ptrarith.perf.encoded --  --cso /dev/null
key=encoded, no.=67, <stderr>:
LENGTH=3800
elapsed cycles: 4517979
hi(checksum)=0xA744ED267A2173CD
lo(checksum)=0x1538E4CEC07F7850
key=encoded, no.=67, <checksum>:
0xA744ED267A2173CD1538E4CEC07F7850
key=encoded, no.=67, cso file:
/dev/null
----------------------------------------------
real command=cset shield -e /home/nrink/Projects/build/encode/encode/tests/ptrarith/ptrarith.perf.encoded --  --cso /dev/null
key=encoded, no.=68, <stderr>:
LENGTH=3800
elapsed cycles: 4518888
hi(checksum)=0xA744ED267A2173CD
lo(checksum)=0x1538E4CEC07F7850
key=encoded, no.=68, <checksum>:
0xA744ED267A2173CD1538E4CEC07F7850
key=encoded, no.=68, cso file:
/dev/null
----------------------------------------------
real command=cset shield -e /home/nrink/Projects/build/encode/encode/tests/ptrarith/ptrarith.perf.encoded --  --cso /dev/null
key=encoded, no.=69, <stderr>:
LENGTH=3800
elapsed cycles: 4570179
hi(checksum)=0xA744ED267A2173CD
lo(checksum)=0x1538E4CEC07F7850
key=encoded, no.=69, <checksum>:
0xA744ED267A2173CD1538E4CEC07F7850
key=encoded, no.=69, cso file:
/dev/null
----------------------------------------------
real command=cset shield -e /home/nrink/Projects/build/encode/encode/tests/ptrarith/ptrarith.perf.encoded --  --cso /dev/null
key=encoded, no.=70, <stderr>:
LENGTH=3800
elapsed cycles: 4606050
hi(checksum)=0xA744ED267A2173CD
lo(checksum)=0x1538E4CEC07F7850
key=encoded, no.=70, <checksum>:
0xA744ED267A2173CD1538E4CEC07F7850
key=encoded, no.=70, cso file:
/dev/null
----------------------------------------------
real command=cset shield -e /home/nrink/Projects/build/encode/encode/tests/ptrarith/ptrarith.perf.encoded --  --cso /dev/null
key=encoded, no.=71, <stderr>:
LENGTH=3800
elapsed cycles: 5262357
hi(checksum)=0xA744ED267A2173CD
lo(checksum)=0x1538E4CEC07F7850
key=encoded, no.=71, <checksum>:
0xA744ED267A2173CD1538E4CEC07F7850
key=encoded, no.=71, cso file:
/dev/null
----------------------------------------------
real command=cset shield -e /home/nrink/Projects/build/encode/encode/tests/ptrarith/ptrarith.perf.encoded --  --cso /dev/null
key=encoded, no.=72, <stderr>:
LENGTH=3800
elapsed cycles: 5709492
hi(checksum)=0xA744ED267A2173CD
lo(checksum)=0x1538E4CEC07F7850
key=encoded, no.=72, <checksum>:
0xA744ED267A2173CD1538E4CEC07F7850
key=encoded, no.=72, cso file:
/dev/null
----------------------------------------------
real command=cset shield -e /home/nrink/Projects/build/encode/encode/tests/ptrarith/ptrarith.perf.encoded --  --cso /dev/null
key=encoded, no.=73, <stderr>:
LENGTH=3800
elapsed cycles: 6118698
hi(checksum)=0xA744ED267A2173CD
lo(checksum)=0x1538E4CEC07F7850
key=encoded, no.=73, <checksum>:
0xA744ED267A2173CD1538E4CEC07F7850
key=encoded, no.=73, cso file:
/dev/null
----------------------------------------------
real command=cset shield -e /home/nrink/Projects/build/encode/encode/tests/ptrarith/ptrarith.perf.encoded --  --cso /dev/null
key=encoded, no.=74, <stderr>:
LENGTH=3800
elapsed cycles: 5847549
hi(checksum)=0xA744ED267A2173CD
lo(checksum)=0x1538E4CEC07F7850
key=encoded, no.=74, <checksum>:
0xA744ED267A2173CD1538E4CEC07F7850
key=encoded, no.=74, cso file:
/dev/null
----------------------------------------------
real command=cset shield -e /home/nrink/Projects/build/encode/encode/tests/ptrarith/ptrarith.perf.encoded --  --cso /dev/null
key=encoded, no.=75, <stderr>:
LENGTH=3800
elapsed cycles: 5553810
hi(checksum)=0xA744ED267A2173CD
lo(checksum)=0x1538E4CEC07F7850
key=encoded, no.=75, <checksum>:
0xA744ED267A2173CD1538E4CEC07F7850
key=encoded, no.=75, cso file:
/dev/null
----------------------------------------------
real command=cset shield -e /home/nrink/Projects/build/encode/encode/tests/ptrarith/ptrarith.perf.encoded --  --cso /dev/null
key=encoded, no.=76, <stderr>:
LENGTH=3800
elapsed cycles: 4872330
hi(checksum)=0xA744ED267A2173CD
lo(checksum)=0x1538E4CEC07F7850
key=encoded, no.=76, <checksum>:
0xA744ED267A2173CD1538E4CEC07F7850
key=encoded, no.=76, cso file:
/dev/null
----------------------------------------------
real command=cset shield -e /home/nrink/Projects/build/encode/encode/tests/ptrarith/ptrarith.perf.encoded --  --cso /dev/null
key=encoded, no.=77, <stderr>:
LENGTH=3800
elapsed cycles: 4779831
hi(checksum)=0xA744ED267A2173CD
lo(checksum)=0x1538E4CEC07F7850
key=encoded, no.=77, <checksum>:
0xA744ED267A2173CD1538E4CEC07F7850
key=encoded, no.=77, cso file:
/dev/null
----------------------------------------------
real command=cset shield -e /home/nrink/Projects/build/encode/encode/tests/ptrarith/ptrarith.perf.encoded --  --cso /dev/null
key=encoded, no.=78, <stderr>:
LENGTH=3800
elapsed cycles: 5559609
hi(checksum)=0xA744ED267A2173CD
lo(checksum)=0x1538E4CEC07F7850
key=encoded, no.=78, <checksum>:
0xA744ED267A2173CD1538E4CEC07F7850
key=encoded, no.=78, cso file:
/dev/null
----------------------------------------------
real command=cset shield -e /home/nrink/Projects/build/encode/encode/tests/ptrarith/ptrarith.perf.encoded --  --cso /dev/null
key=encoded, no.=79, <stderr>:
LENGTH=3800
elapsed cycles: 4640211
hi(checksum)=0xA744ED267A2173CD
lo(checksum)=0x1538E4CEC07F7850
key=encoded, no.=79, <checksum>:
0xA744ED267A2173CD1538E4CEC07F7850
key=encoded, no.=79, cso file:
/dev/null
----------------------------------------------
real command=cset shield -e /home/nrink/Projects/build/encode/encode/tests/ptrarith/ptrarith.perf.encoded --  --cso /dev/null
key=encoded, no.=80, <stderr>:
LENGTH=3800
elapsed cycles: 4609875
hi(checksum)=0xA744ED267A2173CD
lo(checksum)=0x1538E4CEC07F7850
key=encoded, no.=80, <checksum>:
0xA744ED267A2173CD1538E4CEC07F7850
key=encoded, no.=80, cso file:
/dev/null
----------------------------------------------
real command=cset shield -e /home/nrink/Projects/build/encode/encode/tests/ptrarith/ptrarith.perf.encoded --  --cso /dev/null
key=encoded, no.=81, <stderr>:
LENGTH=3800
elapsed cycles: 4610853
hi(checksum)=0xA744ED267A2173CD
lo(checksum)=0x1538E4CEC07F7850
key=encoded, no.=81, <checksum>:
0xA744ED267A2173CD1538E4CEC07F7850
key=encoded, no.=81, cso file:
/dev/null
----------------------------------------------
real command=cset shield -e /home/nrink/Projects/build/encode/encode/tests/ptrarith/ptrarith.perf.encoded --  --cso /dev/null
key=encoded, no.=82, <stderr>:
LENGTH=3800
elapsed cycles: 4551975
hi(checksum)=0xA744ED267A2173CD
lo(checksum)=0x1538E4CEC07F7850
key=encoded, no.=82, <checksum>:
0xA744ED267A2173CD1538E4CEC07F7850
key=encoded, no.=82, cso file:
/dev/null
----------------------------------------------
real command=cset shield -e /home/nrink/Projects/build/encode/encode/tests/ptrarith/ptrarith.perf.encoded --  --cso /dev/null
key=encoded, no.=83, <stderr>:
LENGTH=3800
elapsed cycles: 5465874
hi(checksum)=0xA744ED267A2173CD
lo(checksum)=0x1538E4CEC07F7850
key=encoded, no.=83, <checksum>:
0xA744ED267A2173CD1538E4CEC07F7850
key=encoded, no.=83, cso file:
/dev/null
----------------------------------------------
real command=cset shield -e /home/nrink/Projects/build/encode/encode/tests/ptrarith/ptrarith.perf.encoded --  --cso /dev/null
key=encoded, no.=84, <stderr>:
LENGTH=3800
elapsed cycles: 5394969
hi(checksum)=0xA744ED267A2173CD
lo(checksum)=0x1538E4CEC07F7850
key=encoded, no.=84, <checksum>:
0xA744ED267A2173CD1538E4CEC07F7850
key=encoded, no.=84, cso file:
/dev/null
----------------------------------------------
real command=cset shield -e /home/nrink/Projects/build/encode/encode/tests/ptrarith/ptrarith.perf.encoded --  --cso /dev/null
key=encoded, no.=85, <stderr>:
LENGTH=3800
elapsed cycles: 4537515
hi(checksum)=0xA744ED267A2173CD
lo(checksum)=0x1538E4CEC07F7850
key=encoded, no.=85, <checksum>:
0xA744ED267A2173CD1538E4CEC07F7850
key=encoded, no.=85, cso file:
/dev/null
----------------------------------------------
real command=cset shield -e /home/nrink/Projects/build/encode/encode/tests/ptrarith/ptrarith.perf.encoded --  --cso /dev/null
key=encoded, no.=86, <stderr>:
LENGTH=3800
elapsed cycles: 4564380
hi(checksum)=0xA744ED267A2173CD
lo(checksum)=0x1538E4CEC07F7850
key=encoded, no.=86, <checksum>:
0xA744ED267A2173CD1538E4CEC07F7850
key=encoded, no.=86, cso file:
/dev/null
----------------------------------------------
real command=cset shield -e /home/nrink/Projects/build/encode/encode/tests/ptrarith/ptrarith.perf.encoded --  --cso /dev/null
key=encoded, no.=87, <stderr>:
LENGTH=3800
elapsed cycles: 5358708
hi(checksum)=0xA744ED267A2173CD
lo(checksum)=0x1538E4CEC07F7850
key=encoded, no.=87, <checksum>:
0xA744ED267A2173CD1538E4CEC07F7850
key=encoded, no.=87, cso file:
/dev/null
----------------------------------------------
real command=cset shield -e /home/nrink/Projects/build/encode/encode/tests/ptrarith/ptrarith.perf.encoded --  --cso /dev/null
key=encoded, no.=88, <stderr>:
LENGTH=3800
elapsed cycles: 6020850
hi(checksum)=0xA744ED267A2173CD
lo(checksum)=0x1538E4CEC07F7850
key=encoded, no.=88, <checksum>:
0xA744ED267A2173CD1538E4CEC07F7850
key=encoded, no.=88, cso file:
/dev/null
----------------------------------------------
real command=cset shield -e /home/nrink/Projects/build/encode/encode/tests/ptrarith/ptrarith.perf.encoded --  --cso /dev/null
key=encoded, no.=89, <stderr>:
LENGTH=3800
elapsed cycles: 5715171
hi(checksum)=0xA744ED267A2173CD
lo(checksum)=0x1538E4CEC07F7850
key=encoded, no.=89, <checksum>:
0xA744ED267A2173CD1538E4CEC07F7850
key=encoded, no.=89, cso file:
/dev/null
----------------------------------------------
real command=cset shield -e /home/nrink/Projects/build/encode/encode/tests/ptrarith/ptrarith.perf.encoded --  --cso /dev/null
key=encoded, no.=90, <stderr>:
LENGTH=3800
elapsed cycles: 6080793
hi(checksum)=0xA744ED267A2173CD
lo(checksum)=0x1538E4CEC07F7850
key=encoded, no.=90, <checksum>:
0xA744ED267A2173CD1538E4CEC07F7850
key=encoded, no.=90, cso file:
/dev/null
----------------------------------------------
real command=cset shield -e /home/nrink/Projects/build/encode/encode/tests/ptrarith/ptrarith.perf.encoded --  --cso /dev/null
key=encoded, no.=91, <stderr>:
LENGTH=3800
elapsed cycles: 4774836
hi(checksum)=0xA744ED267A2173CD
lo(checksum)=0x1538E4CEC07F7850
key=encoded, no.=91, <checksum>:
0xA744ED267A2173CD1538E4CEC07F7850
key=encoded, no.=91, cso file:
/dev/null
----------------------------------------------
real command=cset shield -e /home/nrink/Projects/build/encode/encode/tests/ptrarith/ptrarith.perf.encoded --  --cso /dev/null
key=encoded, no.=92, <stderr>:
LENGTH=3800
elapsed cycles: 5502408
hi(checksum)=0xA744ED267A2173CD
lo(checksum)=0x1538E4CEC07F7850
key=encoded, no.=92, <checksum>:
0xA744ED267A2173CD1538E4CEC07F7850
key=encoded, no.=92, cso file:
/dev/null
----------------------------------------------
real command=cset shield -e /home/nrink/Projects/build/encode/encode/tests/ptrarith/ptrarith.perf.encoded --  --cso /dev/null
key=encoded, no.=93, <stderr>:
LENGTH=3800
elapsed cycles: 4899687
hi(checksum)=0xA744ED267A2173CD
lo(checksum)=0x1538E4CEC07F7850
key=encoded, no.=93, <checksum>:
0xA744ED267A2173CD1538E4CEC07F7850
key=encoded, no.=93, cso file:
/dev/null
----------------------------------------------
real command=cset shield -e /home/nrink/Projects/build/encode/encode/tests/ptrarith/ptrarith.perf.encoded --  --cso /dev/null
key=encoded, no.=94, <stderr>:
LENGTH=3800
elapsed cycles: 5996493
hi(checksum)=0xA744ED267A2173CD
lo(checksum)=0x1538E4CEC07F7850
key=encoded, no.=94, <checksum>:
0xA744ED267A2173CD1538E4CEC07F7850
key=encoded, no.=94, cso file:
/dev/null
----------------------------------------------
real command=cset shield -e /home/nrink/Projects/build/encode/encode/tests/ptrarith/ptrarith.perf.encoded --  --cso /dev/null
key=encoded, no.=95, <stderr>:
LENGTH=3800
elapsed cycles: 4849506
hi(checksum)=0xA744ED267A2173CD
lo(checksum)=0x1538E4CEC07F7850
key=encoded, no.=95, <checksum>:
0xA744ED267A2173CD1538E4CEC07F7850
key=encoded, no.=95, cso file:
/dev/null
----------------------------------------------
real command=cset shield -e /home/nrink/Projects/build/encode/encode/tests/ptrarith/ptrarith.perf.encoded --  --cso /dev/null
key=encoded, no.=96, <stderr>:
LENGTH=3800
elapsed cycles: 5480094
hi(checksum)=0xA744ED267A2173CD
lo(checksum)=0x1538E4CEC07F7850
key=encoded, no.=96, <checksum>:
0xA744ED267A2173CD1538E4CEC07F7850
key=encoded, no.=96, cso file:
/dev/null
----------------------------------------------
real command=cset shield -e /home/nrink/Projects/build/encode/encode/tests/ptrarith/ptrarith.perf.encoded --  --cso /dev/null
key=encoded, no.=97, <stderr>:
LENGTH=3800
elapsed cycles: 4724211
hi(checksum)=0xA744ED267A2173CD
lo(checksum)=0x1538E4CEC07F7850
key=encoded, no.=97, <checksum>:
0xA744ED267A2173CD1538E4CEC07F7850
key=encoded, no.=97, cso file:
/dev/null
----------------------------------------------
real command=cset shield -e /home/nrink/Projects/build/encode/encode/tests/ptrarith/ptrarith.perf.encoded --  --cso /dev/null
key=encoded, no.=98, <stderr>:
LENGTH=3800
elapsed cycles: 5555505
hi(checksum)=0xA744ED267A2173CD
lo(checksum)=0x1538E4CEC07F7850
key=encoded, no.=98, <checksum>:
0xA744ED267A2173CD1538E4CEC07F7850
key=encoded, no.=98, cso file:
/dev/null
----------------------------------------------
real command=cset shield -e /home/nrink/Projects/build/encode/encode/tests/ptrarith/ptrarith.perf.encoded --  --cso /dev/null
key=encoded, no.=99, <stderr>:
LENGTH=3800
elapsed cycles: 4778493
hi(checksum)=0xA744ED267A2173CD
lo(checksum)=0x1538E4CEC07F7850
key=encoded, no.=99, <checksum>:
0xA744ED267A2173CD1538E4CEC07F7850
key=encoded, no.=99, cso file:
/dev/null
----------------------------------------------
