<stderr> from running /home/nrink/Projects/pin-2.14-71313-gcc.4.4.7-linux/pin.sh -t /home/nrink/Projects/bfi/obj-intel64/bfi.so -trigger 151288 -cmd WVAL -seed 1 -mask 19 -- /home/nrink/Projects/build/encode/encode/tests/array_sum/array_sum.cover.plain --cso ./2015-05-05_14:58:49/array_sum/cover/cs/plain.89.cso --csl ./2015-05-05_14:58:49/array_sum/cover/cs/plain.89.csl:
[.:    0, IP = 0x400ce0, i = 151333, wa = 0, ra = 0, rr = 0, wr = 0, it = 0, t = 0]
	access = write, size = 8, value = 5, value' = 22, addr = 0x7fffffffe1a8, op = 0
elapsed cycles: 210149844
hi(checksum)=0x0000000000000000
lo(checksum)=0x00000000000001A4
**********************
INSTR   = 159924
WADDR   = 0
RADDR   = 0
RREG    = 0
WREG    = 0
ITER    = 0
TRIGGER = 151288
TTYPE   = IN
COMMAND = WVAL
SEL     = -1
SEED    = 1
MASK    = 0x13
THREAD  = 0
ELAPSED = 4.26s
----------------------------------------------------------------
