<stderr> from running /home/nrink/Projects/pin-2.14-71313-gcc.4.4.7-linux/pin.sh -t /home/nrink/Projects/bfi/obj-intel64/bfi.so -trigger 151218 -cmd WREG -seed 1 -mask 212 -- /home/nrink/Projects/build/encode/encode/tests/array_sum/array_sum.cover.plain --cso ./2015-05-05_11:58:41/array_sum/cover/cs/plain.54.cso --csl ./2015-05-05_11:58:41/array_sum/cover/cs/plain.54.csl:
[.:    0, IP = 0x4008af, i = 151218, wa = 0, ra = 0, rr = 0, wr = 0, it = 0, t = 0]
	at ip 0x4008b3, rcx = 0x602120, rcx' = 0x6021f4
elapsed cycles: 1050346884
hi(checksum)=0x0000000000000000
lo(checksum)=0x00000000000001A4
**********************
INSTR   = 159925
WADDR   = 0
RADDR   = 0
RREG    = 0
WREG    = 0
ITER    = 0
TRIGGER = 151218
TTYPE   = IN
COMMAND = WREG
SEL     = -1
SEED    = 1
MASK    = 0xd4
THREAD  = 0
ELAPSED = 12.48s
----------------------------------------------------------------
