<stderr> from running /home/nrink/Projects/pin-2.14-71313-gcc.4.4.7-linux/pin.sh -t /home/nrink/Projects/bfi/obj-intel64/bfi.so -trigger 151177 -cmd WVAL -seed 1 -mask 221 -- /home/nrink/Projects/build/encode/encode/tests/array_sum/array_sum.cover.plain --cso ./2015-05-05_11:58:41/array_sum/cover/cs/plain.4.cso --csl ./2015-05-05_11:58:41/array_sum/cover/cs/plain.4.csl:
[.:    0, IP = 0x400c57, i = 151179, wa = 0, ra = 0, rr = 0, wr = 0, it = 0, t = 0]
	access = write, size = 8, value = 6303760, value' = 6303949, addr = 0x6020a0, op = 0
**********************
INSTR   = 152071
WADDR   = 0
RADDR   = 0
RREG    = 0
WREG    = 0
ITER    = 0
TRIGGER = 151177
TTYPE   = IN
COMMAND = WVAL
SEL     = -1
SEED    = 1
MASK    = 0xdd
THREAD  = 0
ELAPSED = 0.91s
Segmentation fault (core dumped)
----------------------------------------------------------------
