<stderr> from running /home/nrink/Projects/pin-2.14-71313-gcc.4.4.7-linux/pin.sh -t /home/nrink/Projects/bfi/obj-intel64/bfi.so -trigger 104747420 -cmd RVAL -seed 1 -mask 167 -- /home/nrink/Projects/build/encode/encode/tests/dijkstra/dijkstra.cover.encoded /home/nrink/Projects/build/encode/encode/tests/dijkstra/dijkstra_input.dat --cso ./2015-05-06_10:37:59/dijkstra/cover/cs/encoded.0.cso --csl ./2015-05-06_10:37:59/dijkstra/cover/cs/encoded.0.csl:
[.:    0, IP = 0x401133, i = 104747430, wa = 0, ra = 0, rr = 0, wr = 0, it = 0, t = 0]
	access = read, size = 8, value = 648, value' = 559, addr = 0x6020d0, op = 0
elapsed cycles: 19729991394
hi(checksum)=0x0651484E044488F0
lo(checksum)=0x8A61BB16A5A889BA
**********************
INSTR   = 537417310
WADDR   = 0
RADDR   = 0
RREG    = 0
WREG    = 0
ITER    = 0
TRIGGER = 104747420
TTYPE   = IN
COMMAND = RVAL
SEL     = -1
SEED    = 1
MASK    = 0xa7
THREAD  = 0
ELAPSED = 6.64s
----------------------------------------------------------------
