<stderr> from running /home/nrink/Projects/pin-2.14-71313-gcc.4.4.7-linux/pin.sh -t /home/nrink/Projects/bfi/obj-intel64/bfi.so -trigger 165553 -cmd RVAL -seed 1 -mask 145 -- /home/nrink/Projects/build/encode/encode/tests/quicksort/quicksort.cover.encoded --cso ./2015-05-06_11:09:20/quicksort/cover/cs/encoded.92.cso --csl ./2015-05-06_11:09:20/quicksort/cover/cs/encoded.92.csl:
[.:    0, IP = 0x401031, i = 165554, wa = 0, ra = 0, rr = 0, wr = 0, it = 0, t = 0]
	access = read, size = 8, value = 108, value' = 253, addr = 0x7fffffffe108, op = 0
elapsed cycles: 65673501
hi(checksum)=0x0000000000000000
lo(checksum)=0x00007CDAE2B040F7
**********************
INSTR   = 175895
WADDR   = 0
RADDR   = 0
RREG    = 0
WREG    = 0
ITER    = 0
TRIGGER = 165553
TTYPE   = IN
COMMAND = RVAL
SEL     = -1
SEED    = 1
MASK    = 0x91
THREAD  = 0
ELAPSED = 0.83s
----------------------------------------------------------------
