<stderr> from running /home/nrink/Projects/pin-2.14-71313-gcc.4.4.7-linux/pin.sh -t /home/nrink/Projects/bfi/obj-intel64/bfi.so -trigger 163790 -cmd WADDR -seed 1 -mask 99 -- /home/nrink/Projects/build/encode/encode/tests/quicksort/quicksort.cover.plain --cso ./2015-05-06_11:09:20/quicksort/cover/cs/plain.96.cso --csl ./2015-05-06_11:09:20/quicksort/cover/cs/plain.96.csl:
[.:    0, IP = 0x400a86, i = 163790, wa = 0, ra = 0, rr = 0, wr = 0, it = 0, t = 0]
	access = write, size = 8, addr = 0x7fffffffe170, addr' = 0x7fffffffe113, op = 0
elapsed cycles: 54725622
hi(checksum)=0x0000000000000000
lo(checksum)=0x00007CDC0C47D27F
**********************
INSTR   = 174090
WADDR   = 0
RADDR   = 0
RREG    = 0
WREG    = 0
ITER    = 0
TRIGGER = 163790
TTYPE   = IN
COMMAND = WADDR
SEL     = -1
SEED    = 1
MASK    = 0x63
THREAD  = 0
ELAPSED = 1.38s
----------------------------------------------------------------
