<stderr> from running /home/nrink/Projects/pin-2.14-71313-gcc.4.4.7-linux/pin.sh -t /home/nrink/Projects/bfi/obj-intel64/bfi.so -trigger 164160 -cmd RREG -seed 1 -mask 211 -- /home/nrink/Projects/build/encode/encode/tests/quicksort/quicksort.cover.plain --cso ./2015-05-06_11:09:20/quicksort/cover/cs/plain.35.cso --csl ./2015-05-06_11:09:20/quicksort/cover/cs/plain.35.csl:
[.:    0, IP = 0x400a84, i = 164160, wa = 0, ra = 0, rr = 0, wr = 0, it = 0, t = 0]
	at ip 0x400a84, r15 = 0x6020c0, r15' = 0x602013
elapsed cycles: 64063956
hi(checksum)=0x0000000000000000
lo(checksum)=0x00007CDAE2B040F7
**********************
INSTR   = 174393
WADDR   = 0
RADDR   = 0
RREG    = 0
WREG    = 0
ITER    = 0
TRIGGER = 164160
TTYPE   = IN
COMMAND = RREG
SEL     = -1
SEED    = 1
MASK    = 0xd3
THREAD  = 0
ELAPSED = 1.83s
----------------------------------------------------------------
