<stderr> from running /home/nrink/Projects/pin-2.14-71313-gcc.4.4.7-linux/pin.sh -t /home/nrink/Projects/bfi/obj-intel64/bfi.so -trigger 166103 -cmd RADDR -seed 1 -mask 163 -- /home/nrink/Projects/build/encode/encode/tests/bubblesort/bubblesort.cover.encoded --cso ./2015-05-05_16:31:56/bubblesort/cover/cs/encoded.47.cso --csl ./2015-05-05_16:31:56/bubblesort/cover/cs/encoded.47.csl:
[.:    0, IP = 0x400fbd, i = 166114, wa = 0, ra = 0, rr = 0, wr = 0, it = 0, t = 0]
	access = read, size = 8, addr = 0x7fffffffe140, addr' = 0x7fffffffe1e3, op = 0
elapsed cycles: 162322917
hi(checksum)=0x0000000000000000
lo(checksum)=0x00016CA033C3EFAF
**********************
INSTR   = 176472
WADDR   = 0
RADDR   = 0
RREG    = 0
WREG    = 0
ITER    = 0
TRIGGER = 166103
TTYPE   = IN
COMMAND = RADDR
SEL     = -1
SEED    = 1
MASK    = 0xa3
THREAD  = 0
ELAPSED = 3.40s
----------------------------------------------------------------
