<stderr> from running /home/nrink/Projects/pin-2.14-71313-gcc.4.4.7-linux/pin.sh -t /home/nrink/Projects/bfi/obj-intel64/bfi.so -trigger 163765 -cmd RVAL -seed 1 -mask 47 -- /home/nrink/Projects/build/encode/encode/tests/bubblesort/bubblesort.cover.plain --cso ./2015-05-05_16:31:56/bubblesort/cover/cs/plain.79.cso --csl ./2015-05-05_16:31:56/bubblesort/cover/cs/plain.79.csl:
[.:    0, IP = 0x400af5, i = 163769, wa = 0, ra = 0, rr = 0, wr = 0, it = 0, t = 0]
	access = read, size = 8, value = 9, value' = 38, addr = 0x602100, op = 0
elapsed cycles: 35840691
hi(checksum)=0x0000000000000000
lo(checksum)=0x00007CDAE2B04114
**********************
INSTR   = 174500
WADDR   = 0
RADDR   = 0
RREG    = 0
WREG    = 0
ITER    = 0
TRIGGER = 163765
TTYPE   = IN
COMMAND = RVAL
SEL     = -1
SEED    = 1
MASK    = 0x2f
THREAD  = 0
ELAPSED = 1.42s
----------------------------------------------------------------
