<stderr> from running /home/nrink/Projects/pin-2.14-71313-gcc.4.4.7-linux/pin.sh -t /home/nrink/Projects/bfi/obj-intel64/bfi.so -trigger 167123 -cmd RVAL -seed 1 -mask 69 -- /home/nrink/Projects/build/encode/encode/tests/bubblesort/bubblesort.cover.encoded --cso ./2015-05-05_16:31:56/bubblesort/cover/cs/encoded.4.cso --csl ./2015-05-05_16:31:56/bubblesort/cover/cs/encoded.4.csl:
[.:    0, IP = 0x400f84, i = 167127, wa = 0, ra = 0, rr = 0, wr = 0, it = 0, t = 0]
	access = read, size = 8, value = 60, value' = 121, addr = 0x7fffffffe148, op = 0
elapsed cycles: 99345102
hi(checksum)=0x0000000000000000
lo(checksum)=0x00016C5DE064A213
**********************
INSTR   = 177481
WADDR   = 0
RADDR   = 0
RREG    = 0
WREG    = 0
ITER    = 0
TRIGGER = 167123
TTYPE   = IN
COMMAND = RVAL
SEL     = -1
SEED    = 1
MASK    = 0x45
THREAD  = 0
ELAPSED = 1.66s
----------------------------------------------------------------
