<stderr> from running /home/nrink/Projects/pin-2.14-71313-gcc.4.4.7-linux/pin.sh -t /home/nrink/Projects/bfi/obj-intel64/bfi.so -trigger 167162 -cmd TXT -seed 1 -mask 15 -- /home/nrink/Projects/build/encode/encode/tests/bubblesort/bubblesort.cover.encoded --cso ./2015-05-05_16:31:56/bubblesort/cover/cs/encoded.53.cso --csl ./2015-05-05_16:31:56/bubblesort/cover/cs/encoded.53.csl:
[.:    0, IP = 0x400bb3, i = 167162, wa = 0, ra = 0, rr = 0, wr = 0, it = 0, t = 0]
	ip' = 0x400bb5, size = 2, mask = 15, idx = 1, byte = 48, byte' = 63
elapsed cycles: 480860157
hi(checksum)=0x0000000000000000
lo(checksum)=0x00007CDAE2B040F7
**********************
INSTR   = 178652
WADDR   = 0
RADDR   = 0
RREG    = 0
WREG    = 0
ITER    = 0
TRIGGER = 167162
TTYPE   = IN
COMMAND = TXT
SEL     = -1
SEED    = 1
MASK    = 0xf
THREAD  = 0
ELAPSED = 3.36s
----------------------------------------------------------------
