<stderr> from running /home/nrink/Projects/pin-2.14-71313-gcc.4.4.7-linux/pin.sh -t /home/nrink/Projects/bfi/obj-intel64/bfi.so -trigger 164012 -cmd RREG -seed 1 -mask 163 -- /home/nrink/Projects/build/encode/encode/tests/bubblesort/bubblesort.cover.plain --cso ./2015-05-05_16:31:56/bubblesort/cover/cs/plain.65.cso --csl ./2015-05-05_16:31:56/bubblesort/cover/cs/plain.65.csl:
[.:    0, IP = 0x400aff, i = 164012, wa = 0, ra = 0, rr = 0, wr = 0, it = 0, t = 0]
	at ip 0x400aff, rax = 0x6020d0, rax' = 0x602073
**********************
INSTR   = 167610
WADDR   = 0
RADDR   = 0
RREG    = 0
WREG    = 0
ITER    = 0
TRIGGER = 164012
TTYPE   = IN
COMMAND = RREG
SEL     = -1
SEED    = 1
MASK    = 0xa3
THREAD  = 0
ELAPSED = 2.03s
Segmentation fault (core dumped)
----------------------------------------------------------------
