<stderr> from running /home/nrink/Projects/pin-2.14-71313-gcc.4.4.7-linux/pin.sh -t /home/nrink/Projects/bfi/obj-intel64/bfi.so -trigger 165137 -cmd WVAL -seed 1 -mask 104 -- /home/nrink/Projects/build/encode/encode/tests/ptrarith/ptrarith.cover.encoded --cso ./2015-05-05_14:16:24/ptrarith/cover/cs/encoded.67.cso --csl ./2015-05-05_14:16:24/ptrarith/cover/cs/encoded.67.csl:
[.:    0, IP = 0x400b1b, i = 165149, wa = 0, ra = 0, rr = 0, wr = 0, it = 0, t = 0]
	access = write, size = 8, value = 1361656764, value' = 1361656788, addr = 0x6020a0, op = 0
elapsed cycles: 305690433
hi(checksum)=0xBF1694865CA48119
lo(checksum)=0x17F6DE790EDB52F0
**********************
INSTR   = 182958
WADDR   = 0
RADDR   = 0
RREG    = 0
WREG    = 0
ITER    = 0
TRIGGER = 165137
TTYPE   = IN
COMMAND = WVAL
SEL     = -1
SEED    = 1
MASK    = 0x68
THREAD  = 0
ELAPSED = 4.75s
----------------------------------------------------------------
