<stderr> from running /home/nrink/Projects/pin-2.14-71313-gcc.4.4.7-linux/pin.sh -t /home/nrink/Projects/bfi/obj-intel64/bfi.so -trigger 163857 -cmd WVAL -seed 1 -mask 233 -- /home/nrink/Projects/build/encode/encode/tests/quicksort/quicksort.cover.plain --cso ./2015-05-05_17:04:53/quicksort/cover/cs/plain.64.cso --csl ./2015-05-05_17:04:53/quicksort/cover/cs/plain.64.csl:
[.:    0, IP = 0x400b15, i = 163942, wa = 0, ra = 0, rr = 0, wr = 0, it = 0, t = 0]
	access = write, size = 8, value = 5, value' = 236, addr = 0x6020e8, op = 0
elapsed cycles: 106352664
hi(checksum)=0x0000000000000000
lo(checksum)=0x00007CDAFC7E426E
**********************
INSTR   = 174409
WADDR   = 0
RADDR   = 0
RREG    = 0
WREG    = 0
ITER    = 0
TRIGGER = 163857
TTYPE   = IN
COMMAND = WVAL
SEL     = -1
SEED    = 1
MASK    = 0xe9
THREAD  = 0
ELAPSED = 2.30s
----------------------------------------------------------------
