<stderr> from running /home/nrink/Projects/pin-2.14-71313-gcc.4.4.7-linux/pin.sh -t /home/nrink/Projects/bfi/obj-intel64/bfi.so -trigger 164005 -cmd WREG -seed 1 -mask 14 -- /home/nrink/Projects/build/encode/encode/tests/quicksort/quicksort.cover.plain --cso ./2015-05-05_17:04:53/quicksort/cover/cs/plain.62.cso --csl ./2015-05-05_17:04:53/quicksort/cover/cs/plain.62.csl:
[.:    0, IP = 0x400b22, i = 164005, wa = 0, ra = 0, rr = 0, wr = 0, it = 0, t = 0]
	at ip 0x400b25, rdi = 0x6020c0, rdi' = 0x6020ce
elapsed cycles: 375257325
hi(checksum)=0x0000000000000000
lo(checksum)=0x00007CDAE2B040F7
**********************
INSTR   = 174409
WADDR   = 0
RADDR   = 0
RREG    = 0
WREG    = 0
ITER    = 0
TRIGGER = 164005
TTYPE   = IN
COMMAND = WREG
SEL     = -1
SEED    = 1
MASK    = 0xe
THREAD  = 0
ELAPSED = 5.68s
----------------------------------------------------------------
