<stderr> from running /home/nrink/Projects/pin-2.14-71313-gcc.4.4.7-linux/pin.sh -t /home/nrink/Projects/bfi/obj-intel64/bfi.so -trigger 164470 -cmd TXT -seed 1 -mask 187 -- /home/nrink/Projects/build/encode/encode/tests/quicksort/quicksort.cover.encoded --cso ./2015-05-05_17:04:53/quicksort/cover/cs/encoded.2.cso --csl ./2015-05-05_17:04:53/quicksort/cover/cs/encoded.2.csl:
[.:    0, IP = 0x400b48, i = 164470, wa = 0, ra = 0, rr = 0, wr = 0, it = 0, t = 0]
	ip' = 0x400b4a, size = 2, mask = 187, idx = 1, byte = 85, byte' = 238
elapsed cycles: 1431038385
hi(checksum)=0x0000000000000000
lo(checksum)=0x00007CDAE2B040F7
**********************
INSTR   = 175950
WADDR   = 0
RADDR   = 0
RREG    = 0
WREG    = 0
ITER    = 0
TRIGGER = 164470
TTYPE   = IN
COMMAND = TXT
SEL     = -1
SEED    = 1
MASK    = 0xbb
THREAD  = 0
ELAPSED = 6.28s
----------------------------------------------------------------
