<stderr> from running /home/nrink/Projects/pin-2.14-71313-gcc.4.4.7-linux/pin.sh -t /home/nrink/Projects/bfi/obj-intel64/bfi.so -trigger 163876 -cmd TXT -seed 1 -mask 122 -- /home/nrink/Projects/build/encode/encode/tests/bubblesort/bubblesort.cover.plain --cso ./2015-05-05_16:02:12/bubblesort/cover/cs/plain.44.cso --csl ./2015-05-05_16:02:12/bubblesort/cover/cs/plain.44.csl:
[.:    0, IP = 0x400af3, i = 163876, wa = 0, ra = 0, rr = 0, wr = 0, it = 0, t = 0]
	ip' = 0x400af5, size = 2, mask = 122, idx = 1, byte = 27, byte' = 97
elapsed cycles: 442061385
hi(checksum)=0x0000000000000000
lo(checksum)=0x00007CDAE2B040F7
**********************
INSTR   = 174517
WADDR   = 0
RADDR   = 0
RREG    = 0
WREG    = 0
ITER    = 0
TRIGGER = 163876
TTYPE   = IN
COMMAND = TXT
SEL     = -1
SEED    = 1
MASK    = 0x7a
THREAD  = 0
ELAPSED = 11.97s
----------------------------------------------------------------
