<stderr> from running /home/nrink/Projects/pin-2.14-71313-gcc.4.4.7-linux/pin.sh -t /home/nrink/Projects/bfi/obj-intel64/bfi.so -trigger 164157 -cmd WVAL -seed 1 -mask 93 -- /home/nrink/Projects/build/encode/encode/tests/bubblesort/bubblesort.cover.plain --cso ./2015-05-05_16:02:12/bubblesort/cover/cs/plain.39.cso --csl ./2015-05-05_16:02:12/bubblesort/cover/cs/plain.39.csl:
[.:    0, IP = 0x400ad0, i = 164170, wa = 0, ra = 0, rr = 0, wr = 0, it = 0, t = 0]
	access = write, size = 8, value = 1, value' = 92, addr = 0x6020d8, op = 0
elapsed cycles: 56638974
hi(checksum)=0x0000000000000000
lo(checksum)=0x0000F674F0D0343E
**********************
INSTR   = 174456
WADDR   = 0
RADDR   = 0
RREG    = 0
WREG    = 0
ITER    = 0
TRIGGER = 164157
TTYPE   = IN
COMMAND = WVAL
SEL     = -1
SEED    = 1
MASK    = 0x5d
THREAD  = 0
ELAPSED = 3.50s
----------------------------------------------------------------
