<stderr> from running /home/nrink/Projects/pin-2.14-71313-gcc.4.4.7-linux/pin.sh -t /home/nrink/Projects/bfi/obj-intel64/bfi.so -trigger 165151 -cmd WADDR -seed 1 -mask 54 -- /home/nrink/Projects/build/encode/encode/tests/bubblesort/bubblesort.cover.encoded --cso ./2015-05-05_16:02:12/bubblesort/cover/cs/encoded.50.cso --csl ./2015-05-05_16:02:12/bubblesort/cover/cs/encoded.50.csl:
[.:    0, IP = 0x400ce1, i = 165163, wa = 0, ra = 0, rr = 0, wr = 0, it = 0, t = 0]
	access = write, size = 8, addr = 0x6020a0, addr' = 0x602096, op = 0
**********************
INSTR   = 171777
WADDR   = 0
RADDR   = 0
RREG    = 0
WREG    = 0
ITER    = 0
TRIGGER = 165151
TTYPE   = IN
COMMAND = WADDR
SEL     = -1
SEED    = 1
MASK    = 0x36
THREAD  = 0
ELAPSED = 3.24s
Segmentation fault (core dumped)
----------------------------------------------------------------
