<stderr> from running /home/nrink/Projects/pin-2.14-71313-gcc.4.4.7-linux/pin.sh -t /home/nrink/Projects/bfi/obj-intel64/bfi.so -trigger 163619 -cmd RADDR -seed 1 -mask 229 -- /home/nrink/Projects/build/encode/encode/tests/ptrarith/ptrarith.cover.plain --cso ./2015-05-05_15:21:14/ptrarith/cover/cs/plain.18.cso --csl ./2015-05-05_15:21:14/ptrarith/cover/cs/plain.18.csl:
[.:    0, IP = 0x400aa0, i = 163622, wa = 0, ra = 0, rr = 0, wr = 0, it = 0, t = 0]
	access = read, size = 8, addr = 0x603190, addr' = 0x603175, op = 0
elapsed cycles: 41258388
hi(checksum)=0xBF26CE1A2D6DD75F
lo(checksum)=0x9AAE97371E19566A
**********************
INSTR   = 177509
WADDR   = 0
RADDR   = 0
RREG    = 0
WREG    = 0
ITER    = 0
TRIGGER = 163619
TTYPE   = IN
COMMAND = RADDR
SEL     = -1
SEED    = 1
MASK    = 0xe5
THREAD  = 0
ELAPSED = 6.85s
----------------------------------------------------------------
