<stderr> from running /home/nrink/Projects/pin-2.14-71313-gcc.4.4.7-linux/pin.sh -t /home/nrink/Projects/bfi/obj-intel64/bfi.so -trigger 163534 -cmd RVAL -seed 1 -mask 49 -- /home/nrink/Projects/build/encode/encode/tests/ptrarith/ptrarith.cover.plain --cso ./2015-05-05_15:21:14/ptrarith/cover/cs/plain.60.cso --csl ./2015-05-05_15:21:14/ptrarith/cover/cs/plain.60.csl:
[.:    0, IP = 0x400d54, i = 163542, wa = 0, ra = 0, rr = 0, wr = 0, it = 0, t = 0]
	access = read, size = 8, value = 0, value' = 49, addr = 0x7fffffffe198, op = 0
**********************
INSTR   = 3088918
WADDR   = 0
RADDR   = 0
RREG    = 0
WREG    = 0
ITER    = 0
TRIGGER = 163534
TTYPE   = IN
COMMAND = RVAL
SEL     = -1
SEED    = 1
MASK    = 0x31
THREAD  = 0
ELAPSED = 2.19s
Segmentation fault (core dumped)
----------------------------------------------------------------
