<stderr> from running /home/nrink/Projects/pin-2.14-71313-gcc.4.4.7-linux/pin.sh -t /home/nrink/Projects/bfi/obj-intel64/bfi.so -trigger 163581 -cmd WREG -seed 1 -mask 36 -- /home/nrink/Projects/build/encode/encode/tests/ptrarith/ptrarith.cover.plain --cso ./2015-05-05_15:21:14/ptrarith/cover/cs/plain.23.cso --csl ./2015-05-05_15:21:14/ptrarith/cover/cs/plain.23.csl:
[.:    0, IP = 0x400aa0, i = 163582, wa = 0, ra = 0, rr = 0, wr = 0, it = 0, t = 0]
	at ip 0x400aa4, rsi = 0x4, rsi' = 0x20
elapsed cycles: 112159986
hi(checksum)=0x745EE7A88216DA75
lo(checksum)=0xD4AAD153243A429C
**********************
INSTR   = 177526
WADDR   = 0
RADDR   = 0
RREG    = 0
WREG    = 0
ITER    = 0
TRIGGER = 163581
TTYPE   = IN
COMMAND = WREG
SEL     = -1
SEED    = 1
MASK    = 0x24
THREAD  = 0
ELAPSED = 5.93s
----------------------------------------------------------------
