<stderr> from running /home/nrink/Projects/pin-2.14-71313-gcc.4.4.7-linux/pin.sh -t /home/nrink/Projects/bfi/obj-intel64/bfi.so -trigger 164329 -cmd RREG -seed 1 -mask 163 -- /home/nrink/Projects/build/encode/encode/tests/quicksort/quicksort.cover.encoded --cso ./2015-05-05_15:21:14/quicksort/cover/cs/encoded.96.cso --csl ./2015-05-05_15:21:14/quicksort/cover/cs/encoded.96.csl:
[.:    0, IP = 0x401000, i = 164329, wa = 0, ra = 0, rr = 0, wr = 0, it = 0, t = 0]
	at ip 0x401000, r15 = 0x18, r15' = 0xbb
elapsed cycles: 592321224
hi(checksum)=0x0000000000000000
lo(checksum)=0x00007CDAE2B040F7
**********************
INSTR   = 175903
WADDR   = 0
RADDR   = 0
RREG    = 0
WREG    = 0
ITER    = 0
TRIGGER = 164329
TTYPE   = IN
COMMAND = RREG
SEL     = -1
SEED    = 1
MASK    = 0xa3
THREAD  = 0
ELAPSED = 3.53s
----------------------------------------------------------------
