<stderr> from running /home/nrink/Projects/pin-2.14-71313-gcc.4.4.7-linux/pin.sh -t /home/nrink/Projects/bfi/obj-intel64/bfi.so -trigger 163831 -cmd WVAL -seed 1 -mask 37 -- /home/nrink/Projects/build/encode/encode/tests/quicksort/quicksort.cover.plain --cso ./2015-05-05_15:21:14/quicksort/cover/cs/plain.54.cso --csl ./2015-05-05_15:21:14/quicksort/cover/cs/plain.54.csl:
[.:    0, IP = 0x400b15, i = 163832, wa = 0, ra = 0, rr = 0, wr = 0, it = 0, t = 0]
	access = write, size = 8, value = 2, value' = 39, addr = 0x6020c8, op = 0
elapsed cycles: 160281954
hi(checksum)=0x0000000000000000
lo(checksum)=0x0000F30DF605FB7C
**********************
INSTR   = 174425
WADDR   = 0
RADDR   = 0
RREG    = 0
WREG    = 0
ITER    = 0
TRIGGER = 163831
TTYPE   = IN
COMMAND = WVAL
SEL     = -1
SEED    = 1
MASK    = 0x25
THREAD  = 0
ELAPSED = 2.35s
----------------------------------------------------------------
