<stderr> from running /home/nrink/Projects/pin-2.14-71313-gcc.4.4.7-linux/pin.sh -t /home/nrink/Projects/bfi/obj-intel64/bfi.so -trigger 164982 -cmd TXT -seed 1 -mask 214 -- /home/nrink/Projects/build/encode/encode/tests/quicksort/quicksort.cover.encoded --cso ./2015-05-05_15:21:14/quicksort/cover/cs/encoded.8.cso --csl ./2015-05-05_15:21:14/quicksort/cover/cs/encoded.8.csl:
[.:    0, IP = 0x400c37, i = 164982, wa = 0, ra = 0, rr = 0, wr = 0, it = 0, t = 0]
	ip' = 0x400c39, size = 2, mask = 214, idx = 1, byte = 194, byte' = 20
elapsed cycles: 1295973585
hi(checksum)=0x0000000000000000
lo(checksum)=0x00007CDAE2B040F7
**********************
INSTR   = 175950
WADDR   = 0
RADDR   = 0
RREG    = 0
WREG    = 0
ITER    = 0
TRIGGER = 164982
TTYPE   = IN
COMMAND = TXT
SEL     = -1
SEED    = 1
MASK    = 0xd6
THREAD  = 0
ELAPSED = 6.97s
----------------------------------------------------------------
