<stderr> from running /home/nrink/Projects/pin-2.14-71313-gcc.4.4.7-linux/pin.sh -t /home/nrink/Projects/bfi/obj-intel64/bfi.so -trigger 164472 -cmd TXT -seed 1 -mask 94 -- /home/nrink/Projects/build/encode/encode/tests/quicksort/quicksort.cover.encoded --cso ./2015-05-05_15:21:14/quicksort/cover/cs/encoded.65.cso --csl ./2015-05-05_15:21:14/quicksort/cover/cs/encoded.65.csl:
[.:    0, IP = 0x40101d, i = 164472, wa = 0, ra = 0, rr = 0, wr = 0, it = 0, t = 0]
	ip' = 0x401027, size = 10, mask = 94, idx = 3, byte = 255, byte' = 161
elapsed cycles: 1318021461
hi(checksum)=0x0000000000000000
lo(checksum)=0x00007CDAE2B040F7
**********************
INSTR   = 175920
WADDR   = 0
RADDR   = 0
RREG    = 0
WREG    = 0
ITER    = 0
TRIGGER = 164472
TTYPE   = IN
COMMAND = TXT
SEL     = -1
SEED    = 1
MASK    = 0x5e
THREAD  = 0
ELAPSED = 7.05s
----------------------------------------------------------------
