<stderr> from running /home/nrink/Projects/pin-2.14-71313-gcc.4.4.7-linux/pin.sh -t /home/nrink/Projects/bfi/obj-intel64/bfi.so -trigger 164729 -cmd TXT -seed 1 -mask 92 -- /home/nrink/Projects/build/encode/encode/tests/quicksort/quicksort.cover.encoded --cso ./2015-05-05_14:58:49/quicksort/cover/cs/encoded.2.cso --csl ./2015-05-05_14:58:49/quicksort/cover/cs/encoded.2.csl:
[.:    0, IP = 0x400c9e, i = 164729, wa = 0, ra = 0, rr = 0, wr = 0, it = 0, t = 0]
	ip' = 0x400ca1, size = 3, mask = 92, idx = 0, byte = 72, byte' = 20
elapsed cycles: 2728670079
hi(checksum)=0x0000000000000000
lo(checksum)=0x00007CDAE2B040F7
**********************
INSTR   = 175950
WADDR   = 0
RADDR   = 0
RREG    = 0
WREG    = 0
ITER    = 0
TRIGGER = 164729
TTYPE   = IN
COMMAND = TXT
SEL     = -1
SEED    = 1
MASK    = 0x5c
THREAD  = 0
ELAPSED = 14.36s
----------------------------------------------------------------
