<stderr> from running /home/nrink/Projects/pin-2.14-71313-gcc.4.4.7-linux/pin.sh -t /home/nrink/Projects/bfi/obj-intel64/bfi.so -trigger 165060 -cmd WREG -seed 1 -mask 7 -- /home/nrink/Projects/build/encode/encode/tests/quicksort/quicksort.cover.encoded --cso ./2015-05-05_14:58:49/quicksort/cover/cs/encoded.18.cso --csl ./2015-05-05_14:58:49/quicksort/cover/cs/encoded.18.csl:
[.:    0, IP = 0x400b90, i = 165060, wa = 0, ra = 0, rr = 0, wr = 0, it = 0, t = 0]
	at ip 0x400b97, rcx = 0x504, rcx' = 0x503
elapsed cycles: 8848523463
hi(checksum)=0x0000000000000000
lo(checksum)=0x00007CDAE2B040F7
**********************
INSTR   = 177249
WADDR   = 0
RADDR   = 0
RREG    = 0
WREG    = 0
ITER    = 0
TRIGGER = 165060
TTYPE   = IN
COMMAND = WREG
SEL     = -1
SEED    = 1
MASK    = 0x7
THREAD  = 0
ELAPSED = 13.56s
----------------------------------------------------------------
