<stderr> from running /home/nrink/Projects/pin-2.14-71313-gcc.4.4.7-linux/pin.sh -t /home/nrink/Projects/bfi/obj-intel64/bfi.so -trigger 165265 -cmd RVAL -seed 1 -mask 110 -- /home/nrink/Projects/build/encode/encode/tests/quicksort/quicksort.cover.encoded --cso ./2015-05-05_14:58:49/quicksort/cover/cs/encoded.59.cso --csl ./2015-05-05_14:58:49/quicksort/cover/cs/encoded.59.csl:
[.:    0, IP = 0x400c40, i = 165284, wa = 0, ra = 0, rr = 0, wr = 0, it = 0, t = 0]
	access = read, size = 8, value = 6299856, value' = 6299838, addr = 0x7fffffffe160, op = 0
elapsed cycles: 636925833
hi(checksum)=0x0000000000000000
lo(checksum)=0x00007CDAE2B04697
**********************
INSTR   = 175865
WADDR   = 0
RADDR   = 0
RREG    = 0
WREG    = 0
ITER    = 0
TRIGGER = 165265
TTYPE   = IN
COMMAND = RVAL
SEL     = -1
SEED    = 1
MASK    = 0x6e
THREAD  = 0
ELAPSED = 5.88s
----------------------------------------------------------------
