<stderr> from running /home/nrink/Projects/pin-2.14-71313-gcc.4.4.7-linux/pin.sh -t /home/nrink/Projects/bfi/obj-intel64/bfi.so -trigger 164354 -cmd WREG -seed 1 -mask 106 -- /home/nrink/Projects/build/encode/encode/tests/quicksort/quicksort.cover.encoded --cso ./2015-05-05_14:58:49/quicksort/cover/cs/encoded.42.cso --csl ./2015-05-05_14:58:49/quicksort/cover/cs/encoded.42.csl:
[.:    0, IP = 0x400b97, i = 164354, wa = 0, ra = 0, rr = 0, wr = 0, it = 0, t = 0]
	at ip 0x400b9a, rax = 0x21c, rax' = 0x276
elapsed cycles: 8452656330
hi(checksum)=0x0000000000000000
lo(checksum)=0x00007CDAE2B040F7
**********************
INSTR   = 177249
WADDR   = 0
RADDR   = 0
RREG    = 0
WREG    = 0
ITER    = 0
TRIGGER = 164354
TTYPE   = IN
COMMAND = WREG
SEL     = -1
SEED    = 1
MASK    = 0x6a
THREAD  = 0
ELAPSED = 13.48s
----------------------------------------------------------------
