<stderr> from running /home/nrink/Projects/pin-2.14-71313-gcc.4.4.7-linux/pin.sh -t /home/nrink/Projects/bfi/obj-intel64/bfi.so -trigger 165544 -cmd RVAL -seed 1 -mask 96 -- /home/nrink/Projects/build/encode/encode/tests/quicksort/quicksort.cover.encoded --cso ./2015-05-05_14:58:49/quicksort/cover/cs/encoded.71.cso --csl ./2015-05-05_14:58:49/quicksort/cover/cs/encoded.71.csl:
[.:    0, IP = 0x401031, i = 165545, wa = 0, ra = 0, rr = 0, wr = 0, it = 0, t = 0]
	access = read, size = 8, value = 108, value' = 12, addr = 0x7fffffffe108, op = 0
elapsed cycles: 611660286
hi(checksum)=0x0000000000000000
lo(checksum)=0x00007CDAE2B040F7
**********************
INSTR   = 177587
WADDR   = 0
RADDR   = 0
RREG    = 0
WREG    = 0
ITER    = 0
TRIGGER = 165544
TTYPE   = IN
COMMAND = RVAL
SEL     = -1
SEED    = 1
MASK    = 0x60
THREAD  = 0
ELAPSED = 6.10s
----------------------------------------------------------------
