<stderr> from running /home/nrink/Projects/pin-2.14-71313-gcc.4.4.7-linux/pin.sh -t /home/nrink/Projects/bfi/obj-intel64/bfi.so -trigger 164138 -cmd WVAL -seed 1 -mask 48 -- /home/nrink/Projects/build/encode/encode/tests/quicksort/quicksort.cover.plain --cso ./2015-05-05_14:58:49/quicksort/cover/cs/plain.5.cso --csl ./2015-05-05_14:58:49/quicksort/cover/cs/plain.5.csl:
[.:    0, IP = 0x400b15, i = 164148, wa = 0, ra = 0, rr = 0, wr = 0, it = 0, t = 0]
	access = write, size = 8, value = 7, value' = 55, addr = 0x602100, op = 0
elapsed cycles: 112907079
hi(checksum)=0x0000000000000000
lo(checksum)=0x00007CDAE2B047E7
**********************
INSTR   = 174430
WADDR   = 0
RADDR   = 0
RREG    = 0
WREG    = 0
ITER    = 0
TRIGGER = 164138
TTYPE   = IN
COMMAND = WVAL
SEL     = -1
SEED    = 1
MASK    = 0x30
THREAD  = 0
ELAPSED = 3.27s
----------------------------------------------------------------
