<stderr> from running /home/nrink/Projects/pin-2.14-71313-gcc.4.4.7-linux/pin.sh -t /home/nrink/Projects/bfi/obj-intel64/bfi.so -trigger 165549 -cmd TXT -seed 1 -mask 33 -- /home/nrink/Projects/build/encode/encode/tests/quicksort/quicksort.cover.encoded --cso ./2015-05-05_14:58:49/quicksort/cover/cs/encoded.58.cso --csl ./2015-05-05_14:58:49/quicksort/cover/cs/encoded.58.csl:
[.:    0, IP = 0x401038, i = 165549, wa = 0, ra = 0, rr = 0, wr = 0, it = 0, t = 0]
	ip' = 0x40103a, size = 2, mask = 33, idx = 1, byte = 95, byte' = 126
elapsed cycles: 1065481722
hi(checksum)=0x0000000000000000
lo(checksum)=0x00007CDAE2B040F7
**********************
INSTR   = 175920
WADDR   = 0
RADDR   = 0
RREG    = 0
WREG    = 0
ITER    = 0
TRIGGER = 165549
TTYPE   = IN
COMMAND = TXT
SEL     = -1
SEED    = 1
MASK    = 0x21
THREAD  = 0
ELAPSED = 13.97s
----------------------------------------------------------------
