<stderr> from running /home/nrink/Projects/pin-2.14-71313-gcc.4.4.7-linux/pin.sh -t /home/nrink/Projects/bfi/obj-intel64/bfi.so -trigger 163977 -cmd RREG -seed 1 -mask 125 -- /home/nrink/Projects/build/encode/encode/tests/quicksort/quicksort.cover.plain --cso ./2015-05-05_11:40:48/quicksort/cover/cs/plain.88.cso --csl ./2015-05-05_11:40:48/quicksort/cover/cs/plain.88.csl:
[.:    0, IP = 0x400b1a, i = 163977, wa = 0, ra = 0, rr = 0, wr = 0, it = 0, t = 0]
	at ip 0x400b1a, rdx = 0x5, rdx' = 0x78
elapsed cycles: 446898270
hi(checksum)=0x0000000000000000
lo(checksum)=0x00007CD902A8576E
**********************
INSTR   = 221438
WADDR   = 0
RADDR   = 0
RREG    = 0
WREG    = 0
ITER    = 0
TRIGGER = 163977
TTYPE   = IN
COMMAND = RREG
SEL     = -1
SEED    = 1
MASK    = 0x7d
THREAD  = 0
ELAPSED = 6.55s
----------------------------------------------------------------
