<stderr> from running /home/nrink/Projects/pin-2.14-71313-gcc.4.4.7-linux/pin.sh -t /home/nrink/Projects/bfi/obj-intel64/bfi.so -trigger 163783 -cmd RADDR -seed 1 -mask 62 -- /home/nrink/Projects/build/encode/encode/tests/quicksort/quicksort.cover.plain --cso ./2015-05-05_11:40:48/quicksort/cover/cs/plain.16.cso --csl ./2015-05-05_11:40:48/quicksort/cover/cs/plain.16.csl:
[.:    0, IP = 0x400aa4, i = 163799, wa = 0, ra = 0, rr = 0, wr = 0, it = 0, t = 0]
	access = read, size = 8, addr = 0x6020c0, addr' = 0x6020fe, op = 0
elapsed cycles: 201724527
hi(checksum)=0x0000000000000000
lo(checksum)=0x00C76D37C917DCB1
**********************
INSTR   = 174425
WADDR   = 0
RADDR   = 0
RREG    = 0
WREG    = 0
ITER    = 0
TRIGGER = 163783
TTYPE   = IN
COMMAND = RADDR
SEL     = -1
SEED    = 1
MASK    = 0x3e
THREAD  = 0
ELAPSED = 6.83s
----------------------------------------------------------------
