<stderr> from running /home/nrink/Projects/pin-2.14-71313-gcc.4.4.7-linux/pin.sh -t /home/nrink/Projects/bfi/obj-intel64/bfi.so -trigger 164161 -cmd RREG -seed 1 -mask 60 -- /home/nrink/Projects/build/encode/encode/tests/quicksort/quicksort.cover.plain --cso ./2015-05-05_11:40:48/quicksort/cover/cs/plain.73.cso --csl ./2015-05-05_11:40:48/quicksort/cover/cs/plain.73.csl:
[.:    0, IP = 0x400a86, i = 164161, wa = 0, ra = 0, rr = 0, wr = 0, it = 0, t = 0]
	at ip 0x400a86, r14 = 0x8, r14' = 0x34
elapsed cycles: 423379113
hi(checksum)=0x0000000000000000
lo(checksum)=0x00007CDAE2B03FEB
**********************
INSTR   = 182622
WADDR   = 0
RADDR   = 0
RREG    = 0
WREG    = 0
ITER    = 0
TRIGGER = 164161
TTYPE   = IN
COMMAND = RREG
SEL     = -1
SEED    = 1
MASK    = 0x3c
THREAD  = 0
ELAPSED = 6.32s
----------------------------------------------------------------
