<stderr> from running /home/nrink/Projects/pin-2.14-71313-gcc.4.4.7-linux/pin.sh -t /home/nrink/Projects/bfi/obj-intel64/bfi.so -trigger 164009 -cmd WADDR -seed 1 -mask 123 -- /home/nrink/Projects/build/encode/encode/tests/quicksort/quicksort.cover.plain --cso ./2015-05-05_11:40:48/quicksort/cover/cs/plain.93.cso --csl ./2015-05-05_11:40:48/quicksort/cover/cs/plain.93.csl:
[.:    0, IP = 0x400a84, i = 164009, wa = 0, ra = 0, rr = 0, wr = 0, it = 0, t = 0]
	access = write, size = 8, addr = 0x7fffffffe118, addr' = 0x7fffffffe163, op = 0
elapsed cycles: 106804437
hi(checksum)=0x0000000000000000
lo(checksum)=0x00007CDAE2B040F7
**********************
INSTR   = 174886
WADDR   = 0
RADDR   = 0
RREG    = 0
WREG    = 0
ITER    = 0
TRIGGER = 164009
TTYPE   = IN
COMMAND = WADDR
SEL     = -1
SEED    = 1
MASK    = 0x7b
THREAD  = 0
ELAPSED = 2.64s
----------------------------------------------------------------
