<stderr> from running /home/nrink/Projects/pin-2.14-71313-gcc.4.4.7-linux/pin.sh -t /home/nrink/Projects/bfi/obj-intel64/bfi.so -trigger 220428427 -cmd WADDR -seed 1 -mask 119 -- /home/nrink/Projects/build/encode/encode/tests/dijkstra/dijkstra.cover.encoded /home/nrink/Projects/build/encode/encode/tests/dijkstra/dijkstra_input.dat --cso ./2015-05-05_15:21:14/dijkstra/cover/cs/encoded.1.cso --csl ./2015-05-05_15:21:14/dijkstra/cover/cs/encoded.1.csl:
[.:    0, IP = 0x4013ee, i = 220428440, wa = 0, ra = 0, rr = 0, wr = 0, it = 0, t = 0]
	access = write, size = 8, addr = 0x6020f8, addr' = 0x60208f, op = 0
**********************
INSTR   = 221821573
WADDR   = 0
RADDR   = 0
RREG    = 0
WREG    = 0
ITER    = 0
TRIGGER = 220428427
TTYPE   = IN
COMMAND = WADDR
SEL     = -1
SEED    = 1
MASK    = 0x77
THREAD  = 0
ELAPSED = 6.29s
Segmentation fault (core dumped)
----------------------------------------------------------------
