key=plain, runs=100 ...
command=/home/nrink/Projects/build/encode/encode/tests/quicksort/quicksort.perf.plain
----------------------------------------------
real command=cset shield -e /home/nrink/Projects/build/encode/encode/tests/quicksort/quicksort.perf.plain --  --cso /dev/null
key=plain, no.=0, <stderr>:
LENGTH=500
elapsed cycles: 5805450
hi(checksum)=0x5D8D150413C3746D
lo(checksum)=0x705CC8B2F86E8685
key=plain, no.=0, <checksum>:
0x5D8D150413C3746D705CC8B2F86E8685
key=plain, no.=0, cso file:
/dev/null
----------------------------------------------
real command=cset shield -e /home/nrink/Projects/build/encode/encode/tests/quicksort/quicksort.perf.plain --  --cso /dev/null
key=plain, no.=1, <stderr>:
LENGTH=500
elapsed cycles: 5833845
hi(checksum)=0x5D8D150413C3746D
lo(checksum)=0x705CC8B2F86E8685
key=plain, no.=1, <checksum>:
0x5D8D150413C3746D705CC8B2F86E8685
key=plain, no.=1, cso file:
/dev/null
----------------------------------------------
real command=cset shield -e /home/nrink/Projects/build/encode/encode/tests/quicksort/quicksort.perf.plain --  --cso /dev/null
key=plain, no.=2, <stderr>:
LENGTH=500
elapsed cycles: 5761341
hi(checksum)=0x5D8D150413C3746D
lo(checksum)=0x705CC8B2F86E8685
key=plain, no.=2, <checksum>:
0x5D8D150413C3746D705CC8B2F86E8685
key=plain, no.=2, cso file:
/dev/null
----------------------------------------------
real command=cset shield -e /home/nrink/Projects/build/encode/encode/tests/quicksort/quicksort.perf.plain --  --cso /dev/null
key=plain, no.=3, <stderr>:
LENGTH=500
elapsed cycles: 5820348
hi(checksum)=0x5D8D150413C3746D
lo(checksum)=0x705CC8B2F86E8685
key=plain, no.=3, <checksum>:
0x5D8D150413C3746D705CC8B2F86E8685
key=plain, no.=3, cso file:
/dev/null
----------------------------------------------
real command=cset shield -e /home/nrink/Projects/build/encode/encode/tests/quicksort/quicksort.perf.plain --  --cso /dev/null
key=plain, no.=4, <stderr>:
LENGTH=500
elapsed cycles: 5725356
hi(checksum)=0x5D8D150413C3746D
lo(checksum)=0x705CC8B2F86E8685
key=plain, no.=4, <checksum>:
0x5D8D150413C3746D705CC8B2F86E8685
key=plain, no.=4, cso file:
/dev/null
----------------------------------------------
real command=cset shield -e /home/nrink/Projects/build/encode/encode/tests/quicksort/quicksort.perf.plain --  --cso /dev/null
key=plain, no.=5, <stderr>:
LENGTH=500
elapsed cycles: 5779431
hi(checksum)=0x5D8D150413C3746D
lo(checksum)=0x705CC8B2F86E8685
key=plain, no.=5, <checksum>:
0x5D8D150413C3746D705CC8B2F86E8685
key=plain, no.=5, cso file:
/dev/null
----------------------------------------------
real command=cset shield -e /home/nrink/Projects/build/encode/encode/tests/quicksort/quicksort.perf.plain --  --cso /dev/null
key=plain, no.=6, <stderr>:
LENGTH=500
elapsed cycles: 5748096
hi(checksum)=0x5D8D150413C3746D
lo(checksum)=0x705CC8B2F86E8685
key=plain, no.=6, <checksum>:
0x5D8D150413C3746D705CC8B2F86E8685
key=plain, no.=6, cso file:
/dev/null
----------------------------------------------
real command=cset shield -e /home/nrink/Projects/build/encode/encode/tests/quicksort/quicksort.perf.plain --  --cso /dev/null
key=plain, no.=7, <stderr>:
LENGTH=500
elapsed cycles: 5736321
hi(checksum)=0x5D8D150413C3746D
lo(checksum)=0x705CC8B2F86E8685
key=plain, no.=7, <checksum>:
0x5D8D150413C3746D705CC8B2F86E8685
key=plain, no.=7, cso file:
/dev/null
----------------------------------------------
real command=cset shield -e /home/nrink/Projects/build/encode/encode/tests/quicksort/quicksort.perf.plain --  --cso /dev/null
key=plain, no.=8, <stderr>:
LENGTH=500
elapsed cycles: 5777814
hi(checksum)=0x5D8D150413C3746D
lo(checksum)=0x705CC8B2F86E8685
key=plain, no.=8, <checksum>:
0x5D8D150413C3746D705CC8B2F86E8685
key=plain, no.=8, cso file:
/dev/null
----------------------------------------------
real command=cset shield -e /home/nrink/Projects/build/encode/encode/tests/quicksort/quicksort.perf.plain --  --cso /dev/null
key=plain, no.=9, <stderr>:
LENGTH=500
elapsed cycles: 5781378
hi(checksum)=0x5D8D150413C3746D
lo(checksum)=0x705CC8B2F86E8685
key=plain, no.=9, <checksum>:
0x5D8D150413C3746D705CC8B2F86E8685
key=plain, no.=9, cso file:
/dev/null
----------------------------------------------
real command=cset shield -e /home/nrink/Projects/build/encode/encode/tests/quicksort/quicksort.perf.plain --  --cso /dev/null
key=plain, no.=10, <stderr>:
LENGTH=500
elapsed cycles: 5791008
hi(checksum)=0x5D8D150413C3746D
lo(checksum)=0x705CC8B2F86E8685
key=plain, no.=10, <checksum>:
0x5D8D150413C3746D705CC8B2F86E8685
key=plain, no.=10, cso file:
/dev/null
----------------------------------------------
real command=cset shield -e /home/nrink/Projects/build/encode/encode/tests/quicksort/quicksort.perf.plain --  --cso /dev/null
key=plain, no.=11, <stderr>:
LENGTH=500
elapsed cycles: 5729502
hi(checksum)=0x5D8D150413C3746D
lo(checksum)=0x705CC8B2F86E8685
key=plain, no.=11, <checksum>:
0x5D8D150413C3746D705CC8B2F86E8685
key=plain, no.=11, cso file:
/dev/null
----------------------------------------------
real command=cset shield -e /home/nrink/Projects/build/encode/encode/tests/quicksort/quicksort.perf.plain --  --cso /dev/null
key=plain, no.=12, <stderr>:
LENGTH=500
elapsed cycles: 6241209
hi(checksum)=0x5D8D150413C3746D
lo(checksum)=0x705CC8B2F86E8685
key=plain, no.=12, <checksum>:
0x5D8D150413C3746D705CC8B2F86E8685
key=plain, no.=12, cso file:
/dev/null
----------------------------------------------
real command=cset shield -e /home/nrink/Projects/build/encode/encode/tests/quicksort/quicksort.perf.plain --  --cso /dev/null
key=plain, no.=13, <stderr>:
LENGTH=500
elapsed cycles: 7064742
hi(checksum)=0x5D8D150413C3746D
lo(checksum)=0x705CC8B2F86E8685
key=plain, no.=13, <checksum>:
0x5D8D150413C3746D705CC8B2F86E8685
key=plain, no.=13, cso file:
/dev/null
----------------------------------------------
real command=cset shield -e /home/nrink/Projects/build/encode/encode/tests/quicksort/quicksort.perf.plain --  --cso /dev/null
key=plain, no.=14, <stderr>:
LENGTH=500
elapsed cycles: 7279749
hi(checksum)=0x5D8D150413C3746D
lo(checksum)=0x705CC8B2F86E8685
key=plain, no.=14, <checksum>:
0x5D8D150413C3746D705CC8B2F86E8685
key=plain, no.=14, cso file:
/dev/null
----------------------------------------------
real command=cset shield -e /home/nrink/Projects/build/encode/encode/tests/quicksort/quicksort.perf.plain --  --cso /dev/null
key=plain, no.=15, <stderr>:
LENGTH=500
elapsed cycles: 6980316
hi(checksum)=0x5D8D150413C3746D
lo(checksum)=0x705CC8B2F86E8685
key=plain, no.=15, <checksum>:
0x5D8D150413C3746D705CC8B2F86E8685
key=plain, no.=15, cso file:
/dev/null
----------------------------------------------
real command=cset shield -e /home/nrink/Projects/build/encode/encode/tests/quicksort/quicksort.perf.plain --  --cso /dev/null
key=plain, no.=16, <stderr>:
LENGTH=500
elapsed cycles: 5762895
hi(checksum)=0x5D8D150413C3746D
lo(checksum)=0x705CC8B2F86E8685
key=plain, no.=16, <checksum>:
0x5D8D150413C3746D705CC8B2F86E8685
key=plain, no.=16, cso file:
/dev/null
----------------------------------------------
real command=cset shield -e /home/nrink/Projects/build/encode/encode/tests/quicksort/quicksort.perf.plain --  --cso /dev/null
key=plain, no.=17, <stderr>:
LENGTH=500
elapsed cycles: 5779794
hi(checksum)=0x5D8D150413C3746D
lo(checksum)=0x705CC8B2F86E8685
key=plain, no.=17, <checksum>:
0x5D8D150413C3746D705CC8B2F86E8685
key=plain, no.=17, cso file:
/dev/null
----------------------------------------------
real command=cset shield -e /home/nrink/Projects/build/encode/encode/tests/quicksort/quicksort.perf.plain --  --cso /dev/null
key=plain, no.=18, <stderr>:
LENGTH=500
elapsed cycles: 5843526
hi(checksum)=0x5D8D150413C3746D
lo(checksum)=0x705CC8B2F86E8685
key=plain, no.=18, <checksum>:
0x5D8D150413C3746D705CC8B2F86E8685
key=plain, no.=18, cso file:
/dev/null
----------------------------------------------
real command=cset shield -e /home/nrink/Projects/build/encode/encode/tests/quicksort/quicksort.perf.plain --  --cso /dev/null
key=plain, no.=19, <stderr>:
LENGTH=500
elapsed cycles: 5736384
hi(checksum)=0x5D8D150413C3746D
lo(checksum)=0x705CC8B2F86E8685
key=plain, no.=19, <checksum>:
0x5D8D150413C3746D705CC8B2F86E8685
key=plain, no.=19, cso file:
/dev/null
----------------------------------------------
real command=cset shield -e /home/nrink/Projects/build/encode/encode/tests/quicksort/quicksort.perf.plain --  --cso /dev/null
key=plain, no.=20, <stderr>:
LENGTH=500
elapsed cycles: 5796927
hi(checksum)=0x5D8D150413C3746D
lo(checksum)=0x705CC8B2F86E8685
key=plain, no.=20, <checksum>:
0x5D8D150413C3746D705CC8B2F86E8685
key=plain, no.=20, cso file:
/dev/null
----------------------------------------------
real command=cset shield -e /home/nrink/Projects/build/encode/encode/tests/quicksort/quicksort.perf.plain --  --cso /dev/null
key=plain, no.=21, <stderr>:
LENGTH=500
elapsed cycles: 5859996
hi(checksum)=0x5D8D150413C3746D
lo(checksum)=0x705CC8B2F86E8685
key=plain, no.=21, <checksum>:
0x5D8D150413C3746D705CC8B2F86E8685
key=plain, no.=21, cso file:
/dev/null
----------------------------------------------
real command=cset shield -e /home/nrink/Projects/build/encode/encode/tests/quicksort/quicksort.perf.plain --  --cso /dev/null
key=plain, no.=22, <stderr>:
LENGTH=500
elapsed cycles: 5714811
hi(checksum)=0x5D8D150413C3746D
lo(checksum)=0x705CC8B2F86E8685
key=plain, no.=22, <checksum>:
0x5D8D150413C3746D705CC8B2F86E8685
key=plain, no.=22, cso file:
/dev/null
----------------------------------------------
real command=cset shield -e /home/nrink/Projects/build/encode/encode/tests/quicksort/quicksort.perf.plain --  --cso /dev/null
key=plain, no.=23, <stderr>:
LENGTH=500
elapsed cycles: 5731002
hi(checksum)=0x5D8D150413C3746D
lo(checksum)=0x705CC8B2F86E8685
key=plain, no.=23, <checksum>:
0x5D8D150413C3746D705CC8B2F86E8685
key=plain, no.=23, cso file:
/dev/null
----------------------------------------------
real command=cset shield -e /home/nrink/Projects/build/encode/encode/tests/quicksort/quicksort.perf.plain --  --cso /dev/null
key=plain, no.=24, <stderr>:
LENGTH=500
elapsed cycles: 5730372
hi(checksum)=0x5D8D150413C3746D
lo(checksum)=0x705CC8B2F86E8685
key=plain, no.=24, <checksum>:
0x5D8D150413C3746D705CC8B2F86E8685
key=plain, no.=24, cso file:
/dev/null
----------------------------------------------
real command=cset shield -e /home/nrink/Projects/build/encode/encode/tests/quicksort/quicksort.perf.plain --  --cso /dev/null
key=plain, no.=25, <stderr>:
LENGTH=500
elapsed cycles: 5765001
hi(checksum)=0x5D8D150413C3746D
lo(checksum)=0x705CC8B2F86E8685
key=plain, no.=25, <checksum>:
0x5D8D150413C3746D705CC8B2F86E8685
key=plain, no.=25, cso file:
/dev/null
----------------------------------------------
real command=cset shield -e /home/nrink/Projects/build/encode/encode/tests/quicksort/quicksort.perf.plain --  --cso /dev/null
key=plain, no.=26, <stderr>:
LENGTH=500
elapsed cycles: 5841870
hi(checksum)=0x5D8D150413C3746D
lo(checksum)=0x705CC8B2F86E8685
key=plain, no.=26, <checksum>:
0x5D8D150413C3746D705CC8B2F86E8685
key=plain, no.=26, cso file:
/dev/null
----------------------------------------------
real command=cset shield -e /home/nrink/Projects/build/encode/encode/tests/quicksort/quicksort.perf.plain --  --cso /dev/null
key=plain, no.=27, <stderr>:
LENGTH=500
elapsed cycles: 5714166
hi(checksum)=0x5D8D150413C3746D
lo(checksum)=0x705CC8B2F86E8685
key=plain, no.=27, <checksum>:
0x5D8D150413C3746D705CC8B2F86E8685
key=plain, no.=27, cso file:
/dev/null
----------------------------------------------
real command=cset shield -e /home/nrink/Projects/build/encode/encode/tests/quicksort/quicksort.perf.plain --  --cso /dev/null
key=plain, no.=28, <stderr>:
LENGTH=500
elapsed cycles: 5728440
hi(checksum)=0x5D8D150413C3746D
lo(checksum)=0x705CC8B2F86E8685
key=plain, no.=28, <checksum>:
0x5D8D150413C3746D705CC8B2F86E8685
key=plain, no.=28, cso file:
/dev/null
----------------------------------------------
real command=cset shield -e /home/nrink/Projects/build/encode/encode/tests/quicksort/quicksort.perf.plain --  --cso /dev/null
key=plain, no.=29, <stderr>:
LENGTH=500
elapsed cycles: 7039476
hi(checksum)=0x5D8D150413C3746D
lo(checksum)=0x705CC8B2F86E8685
key=plain, no.=29, <checksum>:
0x5D8D150413C3746D705CC8B2F86E8685
key=plain, no.=29, cso file:
/dev/null
----------------------------------------------
real command=cset shield -e /home/nrink/Projects/build/encode/encode/tests/quicksort/quicksort.perf.plain --  --cso /dev/null
key=plain, no.=30, <stderr>:
LENGTH=500
elapsed cycles: 7738995
hi(checksum)=0x5D8D150413C3746D
lo(checksum)=0x705CC8B2F86E8685
key=plain, no.=30, <checksum>:
0x5D8D150413C3746D705CC8B2F86E8685
key=plain, no.=30, cso file:
/dev/null
----------------------------------------------
real command=cset shield -e /home/nrink/Projects/build/encode/encode/tests/quicksort/quicksort.perf.plain --  --cso /dev/null
key=plain, no.=31, <stderr>:
LENGTH=500
elapsed cycles: 7657881
hi(checksum)=0x5D8D150413C3746D
lo(checksum)=0x705CC8B2F86E8685
key=plain, no.=31, <checksum>:
0x5D8D150413C3746D705CC8B2F86E8685
key=plain, no.=31, cso file:
/dev/null
----------------------------------------------
real command=cset shield -e /home/nrink/Projects/build/encode/encode/tests/quicksort/quicksort.perf.plain --  --cso /dev/null
key=plain, no.=32, <stderr>:
LENGTH=500
elapsed cycles: 7654842
hi(checksum)=0x5D8D150413C3746D
lo(checksum)=0x705CC8B2F86E8685
key=plain, no.=32, <checksum>:
0x5D8D150413C3746D705CC8B2F86E8685
key=plain, no.=32, cso file:
/dev/null
----------------------------------------------
real command=cset shield -e /home/nrink/Projects/build/encode/encode/tests/quicksort/quicksort.perf.plain --  --cso /dev/null
key=plain, no.=33, <stderr>:
LENGTH=500
elapsed cycles: 6273885
hi(checksum)=0x5D8D150413C3746D
lo(checksum)=0x705CC8B2F86E8685
key=plain, no.=33, <checksum>:
0x5D8D150413C3746D705CC8B2F86E8685
key=plain, no.=33, cso file:
/dev/null
----------------------------------------------
real command=cset shield -e /home/nrink/Projects/build/encode/encode/tests/quicksort/quicksort.perf.plain --  --cso /dev/null
key=plain, no.=34, <stderr>:
LENGTH=500
elapsed cycles: 6316335
hi(checksum)=0x5D8D150413C3746D
lo(checksum)=0x705CC8B2F86E8685
key=plain, no.=34, <checksum>:
0x5D8D150413C3746D705CC8B2F86E8685
key=plain, no.=34, cso file:
/dev/null
----------------------------------------------
real command=cset shield -e /home/nrink/Projects/build/encode/encode/tests/quicksort/quicksort.perf.plain --  --cso /dev/null
key=plain, no.=35, <stderr>:
LENGTH=500
elapsed cycles: 6374502
hi(checksum)=0x5D8D150413C3746D
lo(checksum)=0x705CC8B2F86E8685
key=plain, no.=35, <checksum>:
0x5D8D150413C3746D705CC8B2F86E8685
key=plain, no.=35, cso file:
/dev/null
----------------------------------------------
real command=cset shield -e /home/nrink/Projects/build/encode/encode/tests/quicksort/quicksort.perf.plain --  --cso /dev/null
key=plain, no.=36, <stderr>:
LENGTH=500
elapsed cycles: 6262572
hi(checksum)=0x5D8D150413C3746D
lo(checksum)=0x705CC8B2F86E8685
key=plain, no.=36, <checksum>:
0x5D8D150413C3746D705CC8B2F86E8685
key=plain, no.=36, cso file:
/dev/null
----------------------------------------------
real command=cset shield -e /home/nrink/Projects/build/encode/encode/tests/quicksort/quicksort.perf.plain --  --cso /dev/null
key=plain, no.=37, <stderr>:
LENGTH=500
elapsed cycles: 6268914
hi(checksum)=0x5D8D150413C3746D
lo(checksum)=0x705CC8B2F86E8685
key=plain, no.=37, <checksum>:
0x5D8D150413C3746D705CC8B2F86E8685
key=plain, no.=37, cso file:
/dev/null
----------------------------------------------
real command=cset shield -e /home/nrink/Projects/build/encode/encode/tests/quicksort/quicksort.perf.plain --  --cso /dev/null
key=plain, no.=38, <stderr>:
LENGTH=500
elapsed cycles: 6326589
hi(checksum)=0x5D8D150413C3746D
lo(checksum)=0x705CC8B2F86E8685
key=plain, no.=38, <checksum>:
0x5D8D150413C3746D705CC8B2F86E8685
key=plain, no.=38, cso file:
/dev/null
----------------------------------------------
real command=cset shield -e /home/nrink/Projects/build/encode/encode/tests/quicksort/quicksort.perf.plain --  --cso /dev/null
key=plain, no.=39, <stderr>:
LENGTH=500
elapsed cycles: 6202680
hi(checksum)=0x5D8D150413C3746D
lo(checksum)=0x705CC8B2F86E8685
key=plain, no.=39, <checksum>:
0x5D8D150413C3746D705CC8B2F86E8685
key=plain, no.=39, cso file:
/dev/null
----------------------------------------------
real command=cset shield -e /home/nrink/Projects/build/encode/encode/tests/quicksort/quicksort.perf.plain --  --cso /dev/null
key=plain, no.=40, <stderr>:
LENGTH=500
elapsed cycles: 6274269
hi(checksum)=0x5D8D150413C3746D
lo(checksum)=0x705CC8B2F86E8685
key=plain, no.=40, <checksum>:
0x5D8D150413C3746D705CC8B2F86E8685
key=plain, no.=40, cso file:
/dev/null
----------------------------------------------
real command=cset shield -e /home/nrink/Projects/build/encode/encode/tests/quicksort/quicksort.perf.plain --  --cso /dev/null
key=plain, no.=41, <stderr>:
LENGTH=500
elapsed cycles: 6223977
hi(checksum)=0x5D8D150413C3746D
lo(checksum)=0x705CC8B2F86E8685
key=plain, no.=41, <checksum>:
0x5D8D150413C3746D705CC8B2F86E8685
key=plain, no.=41, cso file:
/dev/null
----------------------------------------------
real command=cset shield -e /home/nrink/Projects/build/encode/encode/tests/quicksort/quicksort.perf.plain --  --cso /dev/null
key=plain, no.=42, <stderr>:
LENGTH=500
elapsed cycles: 6275565
hi(checksum)=0x5D8D150413C3746D
lo(checksum)=0x705CC8B2F86E8685
key=plain, no.=42, <checksum>:
0x5D8D150413C3746D705CC8B2F86E8685
key=plain, no.=42, cso file:
/dev/null
----------------------------------------------
real command=cset shield -e /home/nrink/Projects/build/encode/encode/tests/quicksort/quicksort.perf.plain --  --cso /dev/null
key=plain, no.=43, <stderr>:
LENGTH=500
elapsed cycles: 6366162
hi(checksum)=0x5D8D150413C3746D
lo(checksum)=0x705CC8B2F86E8685
key=plain, no.=43, <checksum>:
0x5D8D150413C3746D705CC8B2F86E8685
key=plain, no.=43, cso file:
/dev/null
----------------------------------------------
real command=cset shield -e /home/nrink/Projects/build/encode/encode/tests/quicksort/quicksort.perf.plain --  --cso /dev/null
key=plain, no.=44, <stderr>:
LENGTH=500
elapsed cycles: 6217164
hi(checksum)=0x5D8D150413C3746D
lo(checksum)=0x705CC8B2F86E8685
key=plain, no.=44, <checksum>:
0x5D8D150413C3746D705CC8B2F86E8685
key=plain, no.=44, cso file:
/dev/null
----------------------------------------------
real command=cset shield -e /home/nrink/Projects/build/encode/encode/tests/quicksort/quicksort.perf.plain --  --cso /dev/null
key=plain, no.=45, <stderr>:
LENGTH=500
elapsed cycles: 6231402
hi(checksum)=0x5D8D150413C3746D
lo(checksum)=0x705CC8B2F86E8685
key=plain, no.=45, <checksum>:
0x5D8D150413C3746D705CC8B2F86E8685
key=plain, no.=45, cso file:
/dev/null
----------------------------------------------
real command=cset shield -e /home/nrink/Projects/build/encode/encode/tests/quicksort/quicksort.perf.plain --  --cso /dev/null
key=plain, no.=46, <stderr>:
LENGTH=500
elapsed cycles: 6209772
hi(checksum)=0x5D8D150413C3746D
lo(checksum)=0x705CC8B2F86E8685
key=plain, no.=46, <checksum>:
0x5D8D150413C3746D705CC8B2F86E8685
key=plain, no.=46, cso file:
/dev/null
----------------------------------------------
real command=cset shield -e /home/nrink/Projects/build/encode/encode/tests/quicksort/quicksort.perf.plain --  --cso /dev/null
key=plain, no.=47, <stderr>:
LENGTH=500
elapsed cycles: 6232077
hi(checksum)=0x5D8D150413C3746D
lo(checksum)=0x705CC8B2F86E8685
key=plain, no.=47, <checksum>:
0x5D8D150413C3746D705CC8B2F86E8685
key=plain, no.=47, cso file:
/dev/null
----------------------------------------------
real command=cset shield -e /home/nrink/Projects/build/encode/encode/tests/quicksort/quicksort.perf.plain --  --cso /dev/null
key=plain, no.=48, <stderr>:
LENGTH=500
elapsed cycles: 6248601
hi(checksum)=0x5D8D150413C3746D
lo(checksum)=0x705CC8B2F86E8685
key=plain, no.=48, <checksum>:
0x5D8D150413C3746D705CC8B2F86E8685
key=plain, no.=48, cso file:
/dev/null
----------------------------------------------
real command=cset shield -e /home/nrink/Projects/build/encode/encode/tests/quicksort/quicksort.perf.plain --  --cso /dev/null
key=plain, no.=49, <stderr>:
LENGTH=500
elapsed cycles: 6213927
hi(checksum)=0x5D8D150413C3746D
lo(checksum)=0x705CC8B2F86E8685
key=plain, no.=49, <checksum>:
0x5D8D150413C3746D705CC8B2F86E8685
key=plain, no.=49, cso file:
/dev/null
----------------------------------------------
real command=cset shield -e /home/nrink/Projects/build/encode/encode/tests/quicksort/quicksort.perf.plain --  --cso /dev/null
key=plain, no.=50, <stderr>:
LENGTH=500
elapsed cycles: 6250500
hi(checksum)=0x5D8D150413C3746D
lo(checksum)=0x705CC8B2F86E8685
key=plain, no.=50, <checksum>:
0x5D8D150413C3746D705CC8B2F86E8685
key=plain, no.=50, cso file:
/dev/null
----------------------------------------------
real command=cset shield -e /home/nrink/Projects/build/encode/encode/tests/quicksort/quicksort.perf.plain --  --cso /dev/null
key=plain, no.=51, <stderr>:
LENGTH=500
elapsed cycles: 6285855
hi(checksum)=0x5D8D150413C3746D
lo(checksum)=0x705CC8B2F86E8685
key=plain, no.=51, <checksum>:
0x5D8D150413C3746D705CC8B2F86E8685
key=plain, no.=51, cso file:
/dev/null
----------------------------------------------
real command=cset shield -e /home/nrink/Projects/build/encode/encode/tests/quicksort/quicksort.perf.plain --  --cso /dev/null
key=plain, no.=52, <stderr>:
LENGTH=500
elapsed cycles: 6250575
hi(checksum)=0x5D8D150413C3746D
lo(checksum)=0x705CC8B2F86E8685
key=plain, no.=52, <checksum>:
0x5D8D150413C3746D705CC8B2F86E8685
key=plain, no.=52, cso file:
/dev/null
----------------------------------------------
real command=cset shield -e /home/nrink/Projects/build/encode/encode/tests/quicksort/quicksort.perf.plain --  --cso /dev/null
key=plain, no.=53, <stderr>:
LENGTH=500
elapsed cycles: 6354387
hi(checksum)=0x5D8D150413C3746D
lo(checksum)=0x705CC8B2F86E8685
key=plain, no.=53, <checksum>:
0x5D8D150413C3746D705CC8B2F86E8685
key=plain, no.=53, cso file:
/dev/null
----------------------------------------------
real command=cset shield -e /home/nrink/Projects/build/encode/encode/tests/quicksort/quicksort.perf.plain --  --cso /dev/null
key=plain, no.=54, <stderr>:
LENGTH=500
elapsed cycles: 6266466
hi(checksum)=0x5D8D150413C3746D
lo(checksum)=0x705CC8B2F86E8685
key=plain, no.=54, <checksum>:
0x5D8D150413C3746D705CC8B2F86E8685
key=plain, no.=54, cso file:
/dev/null
----------------------------------------------
real command=cset shield -e /home/nrink/Projects/build/encode/encode/tests/quicksort/quicksort.perf.plain --  --cso /dev/null
key=plain, no.=55, <stderr>:
LENGTH=500
elapsed cycles: 6252144
hi(checksum)=0x5D8D150413C3746D
lo(checksum)=0x705CC8B2F86E8685
key=plain, no.=55, <checksum>:
0x5D8D150413C3746D705CC8B2F86E8685
key=plain, no.=55, cso file:
/dev/null
----------------------------------------------
real command=cset shield -e /home/nrink/Projects/build/encode/encode/tests/quicksort/quicksort.perf.plain --  --cso /dev/null
key=plain, no.=56, <stderr>:
LENGTH=500
elapsed cycles: 6309222
hi(checksum)=0x5D8D150413C3746D
lo(checksum)=0x705CC8B2F86E8685
key=plain, no.=56, <checksum>:
0x5D8D150413C3746D705CC8B2F86E8685
key=plain, no.=56, cso file:
/dev/null
----------------------------------------------
real command=cset shield -e /home/nrink/Projects/build/encode/encode/tests/quicksort/quicksort.perf.plain --  --cso /dev/null
key=plain, no.=57, <stderr>:
LENGTH=500
elapsed cycles: 6235785
hi(checksum)=0x5D8D150413C3746D
lo(checksum)=0x705CC8B2F86E8685
key=plain, no.=57, <checksum>:
0x5D8D150413C3746D705CC8B2F86E8685
key=plain, no.=57, cso file:
/dev/null
----------------------------------------------
real command=cset shield -e /home/nrink/Projects/build/encode/encode/tests/quicksort/quicksort.perf.plain --  --cso /dev/null
key=plain, no.=58, <stderr>:
LENGTH=500
elapsed cycles: 6224193
hi(checksum)=0x5D8D150413C3746D
lo(checksum)=0x705CC8B2F86E8685
key=plain, no.=58, <checksum>:
0x5D8D150413C3746D705CC8B2F86E8685
key=plain, no.=58, cso file:
/dev/null
----------------------------------------------
real command=cset shield -e /home/nrink/Projects/build/encode/encode/tests/quicksort/quicksort.perf.plain --  --cso /dev/null
key=plain, no.=59, <stderr>:
LENGTH=500
elapsed cycles: 6406857
hi(checksum)=0x5D8D150413C3746D
lo(checksum)=0x705CC8B2F86E8685
key=plain, no.=59, <checksum>:
0x5D8D150413C3746D705CC8B2F86E8685
key=plain, no.=59, cso file:
/dev/null
----------------------------------------------
real command=cset shield -e /home/nrink/Projects/build/encode/encode/tests/quicksort/quicksort.perf.plain --  --cso /dev/null
key=plain, no.=60, <stderr>:
LENGTH=500
elapsed cycles: 6373143
hi(checksum)=0x5D8D150413C3746D
lo(checksum)=0x705CC8B2F86E8685
key=plain, no.=60, <checksum>:
0x5D8D150413C3746D705CC8B2F86E8685
key=plain, no.=60, cso file:
/dev/null
----------------------------------------------
real command=cset shield -e /home/nrink/Projects/build/encode/encode/tests/quicksort/quicksort.perf.plain --  --cso /dev/null
key=plain, no.=61, <stderr>:
LENGTH=500
elapsed cycles: 6320955
hi(checksum)=0x5D8D150413C3746D
lo(checksum)=0x705CC8B2F86E8685
key=plain, no.=61, <checksum>:
0x5D8D150413C3746D705CC8B2F86E8685
key=plain, no.=61, cso file:
/dev/null
----------------------------------------------
real command=cset shield -e /home/nrink/Projects/build/encode/encode/tests/quicksort/quicksort.perf.plain --  --cso /dev/null
key=plain, no.=62, <stderr>:
LENGTH=500
elapsed cycles: 6367620
hi(checksum)=0x5D8D150413C3746D
lo(checksum)=0x705CC8B2F86E8685
key=plain, no.=62, <checksum>:
0x5D8D150413C3746D705CC8B2F86E8685
key=plain, no.=62, cso file:
/dev/null
----------------------------------------------
real command=cset shield -e /home/nrink/Projects/build/encode/encode/tests/quicksort/quicksort.perf.plain --  --cso /dev/null
key=plain, no.=63, <stderr>:
LENGTH=500
elapsed cycles: 6355491
hi(checksum)=0x5D8D150413C3746D
lo(checksum)=0x705CC8B2F86E8685
key=plain, no.=63, <checksum>:
0x5D8D150413C3746D705CC8B2F86E8685
key=plain, no.=63, cso file:
/dev/null
----------------------------------------------
real command=cset shield -e /home/nrink/Projects/build/encode/encode/tests/quicksort/quicksort.perf.plain --  --cso /dev/null
key=plain, no.=64, <stderr>:
LENGTH=500
elapsed cycles: 6349887
hi(checksum)=0x5D8D150413C3746D
lo(checksum)=0x705CC8B2F86E8685
key=plain, no.=64, <checksum>:
0x5D8D150413C3746D705CC8B2F86E8685
key=plain, no.=64, cso file:
/dev/null
----------------------------------------------
real command=cset shield -e /home/nrink/Projects/build/encode/encode/tests/quicksort/quicksort.perf.plain --  --cso /dev/null
key=plain, no.=65, <stderr>:
LENGTH=500
elapsed cycles: 6303843
hi(checksum)=0x5D8D150413C3746D
lo(checksum)=0x705CC8B2F86E8685
key=plain, no.=65, <checksum>:
0x5D8D150413C3746D705CC8B2F86E8685
key=plain, no.=65, cso file:
/dev/null
----------------------------------------------
real command=cset shield -e /home/nrink/Projects/build/encode/encode/tests/quicksort/quicksort.perf.plain --  --cso /dev/null
key=plain, no.=66, <stderr>:
LENGTH=500
elapsed cycles: 6250254
hi(checksum)=0x5D8D150413C3746D
lo(checksum)=0x705CC8B2F86E8685
key=plain, no.=66, <checksum>:
0x5D8D150413C3746D705CC8B2F86E8685
key=plain, no.=66, cso file:
/dev/null
----------------------------------------------
real command=cset shield -e /home/nrink/Projects/build/encode/encode/tests/quicksort/quicksort.perf.plain --  --cso /dev/null
key=plain, no.=67, <stderr>:
LENGTH=500
elapsed cycles: 6365085
hi(checksum)=0x5D8D150413C3746D
lo(checksum)=0x705CC8B2F86E8685
key=plain, no.=67, <checksum>:
0x5D8D150413C3746D705CC8B2F86E8685
key=plain, no.=67, cso file:
/dev/null
----------------------------------------------
real command=cset shield -e /home/nrink/Projects/build/encode/encode/tests/quicksort/quicksort.perf.plain --  --cso /dev/null
key=plain, no.=68, <stderr>:
LENGTH=500
elapsed cycles: 6222747
hi(checksum)=0x5D8D150413C3746D
lo(checksum)=0x705CC8B2F86E8685
key=plain, no.=68, <checksum>:
0x5D8D150413C3746D705CC8B2F86E8685
key=plain, no.=68, cso file:
/dev/null
----------------------------------------------
real command=cset shield -e /home/nrink/Projects/build/encode/encode/tests/quicksort/quicksort.perf.plain --  --cso /dev/null
key=plain, no.=69, <stderr>:
LENGTH=500
elapsed cycles: 6298491
hi(checksum)=0x5D8D150413C3746D
lo(checksum)=0x705CC8B2F86E8685
key=plain, no.=69, <checksum>:
0x5D8D150413C3746D705CC8B2F86E8685
key=plain, no.=69, cso file:
/dev/null
----------------------------------------------
real command=cset shield -e /home/nrink/Projects/build/encode/encode/tests/quicksort/quicksort.perf.plain --  --cso /dev/null
key=plain, no.=70, <stderr>:
LENGTH=500
elapsed cycles: 6240822
hi(checksum)=0x5D8D150413C3746D
lo(checksum)=0x705CC8B2F86E8685
key=plain, no.=70, <checksum>:
0x5D8D150413C3746D705CC8B2F86E8685
key=plain, no.=70, cso file:
/dev/null
----------------------------------------------
real command=cset shield -e /home/nrink/Projects/build/encode/encode/tests/quicksort/quicksort.perf.plain --  --cso /dev/null
key=plain, no.=71, <stderr>:
LENGTH=500
elapsed cycles: 6245067
hi(checksum)=0x5D8D150413C3746D
lo(checksum)=0x705CC8B2F86E8685
key=plain, no.=71, <checksum>:
0x5D8D150413C3746D705CC8B2F86E8685
key=plain, no.=71, cso file:
/dev/null
----------------------------------------------
real command=cset shield -e /home/nrink/Projects/build/encode/encode/tests/quicksort/quicksort.perf.plain --  --cso /dev/null
key=plain, no.=72, <stderr>:
LENGTH=500
elapsed cycles: 6305370
hi(checksum)=0x5D8D150413C3746D
lo(checksum)=0x705CC8B2F86E8685
key=plain, no.=72, <checksum>:
0x5D8D150413C3746D705CC8B2F86E8685
key=plain, no.=72, cso file:
/dev/null
----------------------------------------------
real command=cset shield -e /home/nrink/Projects/build/encode/encode/tests/quicksort/quicksort.perf.plain --  --cso /dev/null
key=plain, no.=73, <stderr>:
LENGTH=500
elapsed cycles: 6421593
hi(checksum)=0x5D8D150413C3746D
lo(checksum)=0x705CC8B2F86E8685
key=plain, no.=73, <checksum>:
0x5D8D150413C3746D705CC8B2F86E8685
key=plain, no.=73, cso file:
/dev/null
----------------------------------------------
real command=cset shield -e /home/nrink/Projects/build/encode/encode/tests/quicksort/quicksort.perf.plain --  --cso /dev/null
key=plain, no.=74, <stderr>:
LENGTH=500
elapsed cycles: 6237702
hi(checksum)=0x5D8D150413C3746D
lo(checksum)=0x705CC8B2F86E8685
key=plain, no.=74, <checksum>:
0x5D8D150413C3746D705CC8B2F86E8685
key=plain, no.=74, cso file:
/dev/null
----------------------------------------------
real command=cset shield -e /home/nrink/Projects/build/encode/encode/tests/quicksort/quicksort.perf.plain --  --cso /dev/null
key=plain, no.=75, <stderr>:
LENGTH=500
elapsed cycles: 6231786
hi(checksum)=0x5D8D150413C3746D
lo(checksum)=0x705CC8B2F86E8685
key=plain, no.=75, <checksum>:
0x5D8D150413C3746D705CC8B2F86E8685
key=plain, no.=75, cso file:
/dev/null
----------------------------------------------
real command=cset shield -e /home/nrink/Projects/build/encode/encode/tests/quicksort/quicksort.perf.plain --  --cso /dev/null
key=plain, no.=76, <stderr>:
LENGTH=500
elapsed cycles: 6223074
hi(checksum)=0x5D8D150413C3746D
lo(checksum)=0x705CC8B2F86E8685
key=plain, no.=76, <checksum>:
0x5D8D150413C3746D705CC8B2F86E8685
key=plain, no.=76, cso file:
/dev/null
----------------------------------------------
real command=cset shield -e /home/nrink/Projects/build/encode/encode/tests/quicksort/quicksort.perf.plain --  --cso /dev/null
key=plain, no.=77, <stderr>:
LENGTH=500
elapsed cycles: 6200232
hi(checksum)=0x5D8D150413C3746D
lo(checksum)=0x705CC8B2F86E8685
key=plain, no.=77, <checksum>:
0x5D8D150413C3746D705CC8B2F86E8685
key=plain, no.=77, cso file:
/dev/null
----------------------------------------------
real command=cset shield -e /home/nrink/Projects/build/encode/encode/tests/quicksort/quicksort.perf.plain --  --cso /dev/null
key=plain, no.=78, <stderr>:
LENGTH=500
elapsed cycles: 6255498
hi(checksum)=0x5D8D150413C3746D
lo(checksum)=0x705CC8B2F86E8685
key=plain, no.=78, <checksum>:
0x5D8D150413C3746D705CC8B2F86E8685
key=plain, no.=78, cso file:
/dev/null
----------------------------------------------
real command=cset shield -e /home/nrink/Projects/build/encode/encode/tests/quicksort/quicksort.perf.plain --  --cso /dev/null
key=plain, no.=79, <stderr>:
LENGTH=500
elapsed cycles: 6227484
hi(checksum)=0x5D8D150413C3746D
lo(checksum)=0x705CC8B2F86E8685
key=plain, no.=79, <checksum>:
0x5D8D150413C3746D705CC8B2F86E8685
key=plain, no.=79, cso file:
/dev/null
----------------------------------------------
real command=cset shield -e /home/nrink/Projects/build/encode/encode/tests/quicksort/quicksort.perf.plain --  --cso /dev/null
key=plain, no.=80, <stderr>:
LENGTH=500
elapsed cycles: 6262782
hi(checksum)=0x5D8D150413C3746D
lo(checksum)=0x705CC8B2F86E8685
key=plain, no.=80, <checksum>:
0x5D8D150413C3746D705CC8B2F86E8685
key=plain, no.=80, cso file:
/dev/null
----------------------------------------------
real command=cset shield -e /home/nrink/Projects/build/encode/encode/tests/quicksort/quicksort.perf.plain --  --cso /dev/null
key=plain, no.=81, <stderr>:
LENGTH=500
elapsed cycles: 6223365
hi(checksum)=0x5D8D150413C3746D
lo(checksum)=0x705CC8B2F86E8685
key=plain, no.=81, <checksum>:
0x5D8D150413C3746D705CC8B2F86E8685
key=plain, no.=81, cso file:
/dev/null
----------------------------------------------
real command=cset shield -e /home/nrink/Projects/build/encode/encode/tests/quicksort/quicksort.perf.plain --  --cso /dev/null
key=plain, no.=82, <stderr>:
LENGTH=500
elapsed cycles: 6274458
hi(checksum)=0x5D8D150413C3746D
lo(checksum)=0x705CC8B2F86E8685
key=plain, no.=82, <checksum>:
0x5D8D150413C3746D705CC8B2F86E8685
key=plain, no.=82, cso file:
/dev/null
----------------------------------------------
real command=cset shield -e /home/nrink/Projects/build/encode/encode/tests/quicksort/quicksort.perf.plain --  --cso /dev/null
key=plain, no.=83, <stderr>:
LENGTH=500
elapsed cycles: 6434736
hi(checksum)=0x5D8D150413C3746D
lo(checksum)=0x705CC8B2F86E8685
key=plain, no.=83, <checksum>:
0x5D8D150413C3746D705CC8B2F86E8685
key=plain, no.=83, cso file:
/dev/null
----------------------------------------------
real command=cset shield -e /home/nrink/Projects/build/encode/encode/tests/quicksort/quicksort.perf.plain --  --cso /dev/null
key=plain, no.=84, <stderr>:
LENGTH=500
elapsed cycles: 6459030
hi(checksum)=0x5D8D150413C3746D
lo(checksum)=0x705CC8B2F86E8685
key=plain, no.=84, <checksum>:
0x5D8D150413C3746D705CC8B2F86E8685
key=plain, no.=84, cso file:
/dev/null
----------------------------------------------
real command=cset shield -e /home/nrink/Projects/build/encode/encode/tests/quicksort/quicksort.perf.plain --  --cso /dev/null
key=plain, no.=85, <stderr>:
LENGTH=500
elapsed cycles: 6261525
hi(checksum)=0x5D8D150413C3746D
lo(checksum)=0x705CC8B2F86E8685
key=plain, no.=85, <checksum>:
0x5D8D150413C3746D705CC8B2F86E8685
key=plain, no.=85, cso file:
/dev/null
----------------------------------------------
real command=cset shield -e /home/nrink/Projects/build/encode/encode/tests/quicksort/quicksort.perf.plain --  --cso /dev/null
key=plain, no.=86, <stderr>:
LENGTH=500
elapsed cycles: 6246285
hi(checksum)=0x5D8D150413C3746D
lo(checksum)=0x705CC8B2F86E8685
key=plain, no.=86, <checksum>:
0x5D8D150413C3746D705CC8B2F86E8685
key=plain, no.=86, cso file:
/dev/null
----------------------------------------------
real command=cset shield -e /home/nrink/Projects/build/encode/encode/tests/quicksort/quicksort.perf.plain --  --cso /dev/null
key=plain, no.=87, <stderr>:
LENGTH=500
elapsed cycles: 6298680
hi(checksum)=0x5D8D150413C3746D
lo(checksum)=0x705CC8B2F86E8685
key=plain, no.=87, <checksum>:
0x5D8D150413C3746D705CC8B2F86E8685
key=plain, no.=87, cso file:
/dev/null
----------------------------------------------
real command=cset shield -e /home/nrink/Projects/build/encode/encode/tests/quicksort/quicksort.perf.plain --  --cso /dev/null
key=plain, no.=88, <stderr>:
LENGTH=500
elapsed cycles: 6444285
hi(checksum)=0x5D8D150413C3746D
lo(checksum)=0x705CC8B2F86E8685
key=plain, no.=88, <checksum>:
0x5D8D150413C3746D705CC8B2F86E8685
key=plain, no.=88, cso file:
/dev/null
----------------------------------------------
real command=cset shield -e /home/nrink/Projects/build/encode/encode/tests/quicksort/quicksort.perf.plain --  --cso /dev/null
key=plain, no.=89, <stderr>:
LENGTH=500
elapsed cycles: 6213606
hi(checksum)=0x5D8D150413C3746D
lo(checksum)=0x705CC8B2F86E8685
key=plain, no.=89, <checksum>:
0x5D8D150413C3746D705CC8B2F86E8685
key=plain, no.=89, cso file:
/dev/null
----------------------------------------------
real command=cset shield -e /home/nrink/Projects/build/encode/encode/tests/quicksort/quicksort.perf.plain --  --cso /dev/null
key=plain, no.=90, <stderr>:
LENGTH=500
elapsed cycles: 6322383
hi(checksum)=0x5D8D150413C3746D
lo(checksum)=0x705CC8B2F86E8685
key=plain, no.=90, <checksum>:
0x5D8D150413C3746D705CC8B2F86E8685
key=plain, no.=90, cso file:
/dev/null
----------------------------------------------
real command=cset shield -e /home/nrink/Projects/build/encode/encode/tests/quicksort/quicksort.perf.plain --  --cso /dev/null
key=plain, no.=91, <stderr>:
LENGTH=500
elapsed cycles: 6416367
hi(checksum)=0x5D8D150413C3746D
lo(checksum)=0x705CC8B2F86E8685
key=plain, no.=91, <checksum>:
0x5D8D150413C3746D705CC8B2F86E8685
key=plain, no.=91, cso file:
/dev/null
----------------------------------------------
real command=cset shield -e /home/nrink/Projects/build/encode/encode/tests/quicksort/quicksort.perf.plain --  --cso /dev/null
key=plain, no.=92, <stderr>:
LENGTH=500
elapsed cycles: 7691559
hi(checksum)=0x5D8D150413C3746D
lo(checksum)=0x705CC8B2F86E8685
key=plain, no.=92, <checksum>:
0x5D8D150413C3746D705CC8B2F86E8685
key=plain, no.=92, cso file:
/dev/null
----------------------------------------------
real command=cset shield -e /home/nrink/Projects/build/encode/encode/tests/quicksort/quicksort.perf.plain --  --cso /dev/null
key=plain, no.=93, <stderr>:
LENGTH=500
elapsed cycles: 6262095
hi(checksum)=0x5D8D150413C3746D
lo(checksum)=0x705CC8B2F86E8685
key=plain, no.=93, <checksum>:
0x5D8D150413C3746D705CC8B2F86E8685
key=plain, no.=93, cso file:
/dev/null
----------------------------------------------
real command=cset shield -e /home/nrink/Projects/build/encode/encode/tests/quicksort/quicksort.perf.plain --  --cso /dev/null
key=plain, no.=94, <stderr>:
LENGTH=500
elapsed cycles: 7722066
hi(checksum)=0x5D8D150413C3746D
lo(checksum)=0x705CC8B2F86E8685
key=plain, no.=94, <checksum>:
0x5D8D150413C3746D705CC8B2F86E8685
key=plain, no.=94, cso file:
/dev/null
----------------------------------------------
real command=cset shield -e /home/nrink/Projects/build/encode/encode/tests/quicksort/quicksort.perf.plain --  --cso /dev/null
key=plain, no.=95, <stderr>:
LENGTH=500
elapsed cycles: 6299205
hi(checksum)=0x5D8D150413C3746D
lo(checksum)=0x705CC8B2F86E8685
key=plain, no.=95, <checksum>:
0x5D8D150413C3746D705CC8B2F86E8685
key=plain, no.=95, cso file:
/dev/null
----------------------------------------------
real command=cset shield -e /home/nrink/Projects/build/encode/encode/tests/quicksort/quicksort.perf.plain --  --cso /dev/null
key=plain, no.=96, <stderr>:
LENGTH=500
elapsed cycles: 7728828
hi(checksum)=0x5D8D150413C3746D
lo(checksum)=0x705CC8B2F86E8685
key=plain, no.=96, <checksum>:
0x5D8D150413C3746D705CC8B2F86E8685
key=plain, no.=96, cso file:
/dev/null
----------------------------------------------
real command=cset shield -e /home/nrink/Projects/build/encode/encode/tests/quicksort/quicksort.perf.plain --  --cso /dev/null
key=plain, no.=97, <stderr>:
LENGTH=500
elapsed cycles: 6401700
hi(checksum)=0x5D8D150413C3746D
lo(checksum)=0x705CC8B2F86E8685
key=plain, no.=97, <checksum>:
0x5D8D150413C3746D705CC8B2F86E8685
key=plain, no.=97, cso file:
/dev/null
----------------------------------------------
real command=cset shield -e /home/nrink/Projects/build/encode/encode/tests/quicksort/quicksort.perf.plain --  --cso /dev/null
key=plain, no.=98, <stderr>:
LENGTH=500
elapsed cycles: 6287979
hi(checksum)=0x5D8D150413C3746D
lo(checksum)=0x705CC8B2F86E8685
key=plain, no.=98, <checksum>:
0x5D8D150413C3746D705CC8B2F86E8685
key=plain, no.=98, cso file:
/dev/null
----------------------------------------------
real command=cset shield -e /home/nrink/Projects/build/encode/encode/tests/quicksort/quicksort.perf.plain --  --cso /dev/null
key=plain, no.=99, <stderr>:
LENGTH=500
elapsed cycles: 6227430
hi(checksum)=0x5D8D150413C3746D
lo(checksum)=0x705CC8B2F86E8685
key=plain, no.=99, <checksum>:
0x5D8D150413C3746D705CC8B2F86E8685
key=plain, no.=99, cso file:
/dev/null
----------------------------------------------
key=encoded, runs=100 ...
command=/home/nrink/Projects/build/encode/encode/tests/quicksort/quicksort.perf.encoded
----------------------------------------------
real command=cset shield -e /home/nrink/Projects/build/encode/encode/tests/quicksort/quicksort.perf.encoded --  --cso /dev/null
key=encoded, no.=0, <stderr>:
LENGTH=500
elapsed cycles: 10174353
hi(checksum)=0x5D8D150413C3746D
lo(checksum)=0x705CC8B2F86E8685
key=encoded, no.=0, <checksum>:
0x5D8D150413C3746D705CC8B2F86E8685
key=encoded, no.=0, cso file:
/dev/null
----------------------------------------------
real command=cset shield -e /home/nrink/Projects/build/encode/encode/tests/quicksort/quicksort.perf.encoded --  --cso /dev/null
key=encoded, no.=1, <stderr>:
LENGTH=500
elapsed cycles: 10207680
hi(checksum)=0x5D8D150413C3746D
lo(checksum)=0x705CC8B2F86E8685
key=encoded, no.=1, <checksum>:
0x5D8D150413C3746D705CC8B2F86E8685
key=encoded, no.=1, cso file:
/dev/null
----------------------------------------------
real command=cset shield -e /home/nrink/Projects/build/encode/encode/tests/quicksort/quicksort.perf.encoded --  --cso /dev/null
key=encoded, no.=2, <stderr>:
LENGTH=500
elapsed cycles: 10350045
hi(checksum)=0x5D8D150413C3746D
lo(checksum)=0x705CC8B2F86E8685
key=encoded, no.=2, <checksum>:
0x5D8D150413C3746D705CC8B2F86E8685
key=encoded, no.=2, cso file:
/dev/null
----------------------------------------------
real command=cset shield -e /home/nrink/Projects/build/encode/encode/tests/quicksort/quicksort.perf.encoded --  --cso /dev/null
key=encoded, no.=3, <stderr>:
LENGTH=500
elapsed cycles: 10295286
hi(checksum)=0x5D8D150413C3746D
lo(checksum)=0x705CC8B2F86E8685
key=encoded, no.=3, <checksum>:
0x5D8D150413C3746D705CC8B2F86E8685
key=encoded, no.=3, cso file:
/dev/null
----------------------------------------------
real command=cset shield -e /home/nrink/Projects/build/encode/encode/tests/quicksort/quicksort.perf.encoded --  --cso /dev/null
key=encoded, no.=4, <stderr>:
LENGTH=500
elapsed cycles: 10209738
hi(checksum)=0x5D8D150413C3746D
lo(checksum)=0x705CC8B2F86E8685
key=encoded, no.=4, <checksum>:
0x5D8D150413C3746D705CC8B2F86E8685
key=encoded, no.=4, cso file:
/dev/null
----------------------------------------------
real command=cset shield -e /home/nrink/Projects/build/encode/encode/tests/quicksort/quicksort.perf.encoded --  --cso /dev/null
key=encoded, no.=5, <stderr>:
LENGTH=500
elapsed cycles: 10313217
hi(checksum)=0x5D8D150413C3746D
lo(checksum)=0x705CC8B2F86E8685
key=encoded, no.=5, <checksum>:
0x5D8D150413C3746D705CC8B2F86E8685
key=encoded, no.=5, cso file:
/dev/null
----------------------------------------------
real command=cset shield -e /home/nrink/Projects/build/encode/encode/tests/quicksort/quicksort.perf.encoded --  --cso /dev/null
key=encoded, no.=6, <stderr>:
LENGTH=500
elapsed cycles: 10141980
hi(checksum)=0x5D8D150413C3746D
lo(checksum)=0x705CC8B2F86E8685
key=encoded, no.=6, <checksum>:
0x5D8D150413C3746D705CC8B2F86E8685
key=encoded, no.=6, cso file:
/dev/null
----------------------------------------------
real command=cset shield -e /home/nrink/Projects/build/encode/encode/tests/quicksort/quicksort.perf.encoded --  --cso /dev/null
key=encoded, no.=7, <stderr>:
LENGTH=500
elapsed cycles: 10218984
hi(checksum)=0x5D8D150413C3746D
lo(checksum)=0x705CC8B2F86E8685
key=encoded, no.=7, <checksum>:
0x5D8D150413C3746D705CC8B2F86E8685
key=encoded, no.=7, cso file:
/dev/null
----------------------------------------------
real command=cset shield -e /home/nrink/Projects/build/encode/encode/tests/quicksort/quicksort.perf.encoded --  --cso /dev/null
key=encoded, no.=8, <stderr>:
LENGTH=500
elapsed cycles: 10348020
hi(checksum)=0x5D8D150413C3746D
lo(checksum)=0x705CC8B2F86E8685
key=encoded, no.=8, <checksum>:
0x5D8D150413C3746D705CC8B2F86E8685
key=encoded, no.=8, cso file:
/dev/null
----------------------------------------------
real command=cset shield -e /home/nrink/Projects/build/encode/encode/tests/quicksort/quicksort.perf.encoded --  --cso /dev/null
key=encoded, no.=9, <stderr>:
LENGTH=500
elapsed cycles: 10210065
hi(checksum)=0x5D8D150413C3746D
lo(checksum)=0x705CC8B2F86E8685
key=encoded, no.=9, <checksum>:
0x5D8D150413C3746D705CC8B2F86E8685
key=encoded, no.=9, cso file:
/dev/null
----------------------------------------------
real command=cset shield -e /home/nrink/Projects/build/encode/encode/tests/quicksort/quicksort.perf.encoded --  --cso /dev/null
key=encoded, no.=10, <stderr>:
LENGTH=500
elapsed cycles: 10284861
hi(checksum)=0x5D8D150413C3746D
lo(checksum)=0x705CC8B2F86E8685
key=encoded, no.=10, <checksum>:
0x5D8D150413C3746D705CC8B2F86E8685
key=encoded, no.=10, cso file:
/dev/null
----------------------------------------------
real command=cset shield -e /home/nrink/Projects/build/encode/encode/tests/quicksort/quicksort.perf.encoded --  --cso /dev/null
key=encoded, no.=11, <stderr>:
LENGTH=500
elapsed cycles: 10343913
hi(checksum)=0x5D8D150413C3746D
lo(checksum)=0x705CC8B2F86E8685
key=encoded, no.=11, <checksum>:
0x5D8D150413C3746D705CC8B2F86E8685
key=encoded, no.=11, cso file:
/dev/null
----------------------------------------------
real command=cset shield -e /home/nrink/Projects/build/encode/encode/tests/quicksort/quicksort.perf.encoded --  --cso /dev/null
key=encoded, no.=12, <stderr>:
LENGTH=500
elapsed cycles: 10311354
hi(checksum)=0x5D8D150413C3746D
lo(checksum)=0x705CC8B2F86E8685
key=encoded, no.=12, <checksum>:
0x5D8D150413C3746D705CC8B2F86E8685
key=encoded, no.=12, cso file:
/dev/null
----------------------------------------------
real command=cset shield -e /home/nrink/Projects/build/encode/encode/tests/quicksort/quicksort.perf.encoded --  --cso /dev/null
key=encoded, no.=13, <stderr>:
LENGTH=500
elapsed cycles: 10151202
hi(checksum)=0x5D8D150413C3746D
lo(checksum)=0x705CC8B2F86E8685
key=encoded, no.=13, <checksum>:
0x5D8D150413C3746D705CC8B2F86E8685
key=encoded, no.=13, cso file:
/dev/null
----------------------------------------------
real command=cset shield -e /home/nrink/Projects/build/encode/encode/tests/quicksort/quicksort.perf.encoded --  --cso /dev/null
key=encoded, no.=14, <stderr>:
LENGTH=500
elapsed cycles: 10241970
hi(checksum)=0x5D8D150413C3746D
lo(checksum)=0x705CC8B2F86E8685
key=encoded, no.=14, <checksum>:
0x5D8D150413C3746D705CC8B2F86E8685
key=encoded, no.=14, cso file:
/dev/null
----------------------------------------------
real command=cset shield -e /home/nrink/Projects/build/encode/encode/tests/quicksort/quicksort.perf.encoded --  --cso /dev/null
key=encoded, no.=15, <stderr>:
LENGTH=500
elapsed cycles: 10403157
hi(checksum)=0x5D8D150413C3746D
lo(checksum)=0x705CC8B2F86E8685
key=encoded, no.=15, <checksum>:
0x5D8D150413C3746D705CC8B2F86E8685
key=encoded, no.=15, cso file:
/dev/null
----------------------------------------------
real command=cset shield -e /home/nrink/Projects/build/encode/encode/tests/quicksort/quicksort.perf.encoded --  --cso /dev/null
key=encoded, no.=16, <stderr>:
LENGTH=500
elapsed cycles: 10260225
hi(checksum)=0x5D8D150413C3746D
lo(checksum)=0x705CC8B2F86E8685
key=encoded, no.=16, <checksum>:
0x5D8D150413C3746D705CC8B2F86E8685
key=encoded, no.=16, cso file:
/dev/null
----------------------------------------------
real command=cset shield -e /home/nrink/Projects/build/encode/encode/tests/quicksort/quicksort.perf.encoded --  --cso /dev/null
key=encoded, no.=17, <stderr>:
LENGTH=500
elapsed cycles: 10290927
hi(checksum)=0x5D8D150413C3746D
lo(checksum)=0x705CC8B2F86E8685
key=encoded, no.=17, <checksum>:
0x5D8D150413C3746D705CC8B2F86E8685
key=encoded, no.=17, cso file:
/dev/null
----------------------------------------------
real command=cset shield -e /home/nrink/Projects/build/encode/encode/tests/quicksort/quicksort.perf.encoded --  --cso /dev/null
key=encoded, no.=18, <stderr>:
LENGTH=500
elapsed cycles: 10201953
hi(checksum)=0x5D8D150413C3746D
lo(checksum)=0x705CC8B2F86E8685
key=encoded, no.=18, <checksum>:
0x5D8D150413C3746D705CC8B2F86E8685
key=encoded, no.=18, cso file:
/dev/null
----------------------------------------------
real command=cset shield -e /home/nrink/Projects/build/encode/encode/tests/quicksort/quicksort.perf.encoded --  --cso /dev/null
key=encoded, no.=19, <stderr>:
LENGTH=500
elapsed cycles: 10261851
hi(checksum)=0x5D8D150413C3746D
lo(checksum)=0x705CC8B2F86E8685
key=encoded, no.=19, <checksum>:
0x5D8D150413C3746D705CC8B2F86E8685
key=encoded, no.=19, cso file:
/dev/null
----------------------------------------------
real command=cset shield -e /home/nrink/Projects/build/encode/encode/tests/quicksort/quicksort.perf.encoded --  --cso /dev/null
key=encoded, no.=20, <stderr>:
LENGTH=500
elapsed cycles: 10162398
hi(checksum)=0x5D8D150413C3746D
lo(checksum)=0x705CC8B2F86E8685
key=encoded, no.=20, <checksum>:
0x5D8D150413C3746D705CC8B2F86E8685
key=encoded, no.=20, cso file:
/dev/null
----------------------------------------------
real command=cset shield -e /home/nrink/Projects/build/encode/encode/tests/quicksort/quicksort.perf.encoded --  --cso /dev/null
key=encoded, no.=21, <stderr>:
LENGTH=500
elapsed cycles: 10373730
hi(checksum)=0x5D8D150413C3746D
lo(checksum)=0x705CC8B2F86E8685
key=encoded, no.=21, <checksum>:
0x5D8D150413C3746D705CC8B2F86E8685
key=encoded, no.=21, cso file:
/dev/null
----------------------------------------------
real command=cset shield -e /home/nrink/Projects/build/encode/encode/tests/quicksort/quicksort.perf.encoded --  --cso /dev/null
key=encoded, no.=22, <stderr>:
LENGTH=500
elapsed cycles: 10229436
hi(checksum)=0x5D8D150413C3746D
lo(checksum)=0x705CC8B2F86E8685
key=encoded, no.=22, <checksum>:
0x5D8D150413C3746D705CC8B2F86E8685
key=encoded, no.=22, cso file:
/dev/null
----------------------------------------------
real command=cset shield -e /home/nrink/Projects/build/encode/encode/tests/quicksort/quicksort.perf.encoded --  --cso /dev/null
key=encoded, no.=23, <stderr>:
LENGTH=500
elapsed cycles: 10258893
hi(checksum)=0x5D8D150413C3746D
lo(checksum)=0x705CC8B2F86E8685
key=encoded, no.=23, <checksum>:
0x5D8D150413C3746D705CC8B2F86E8685
key=encoded, no.=23, cso file:
/dev/null
----------------------------------------------
real command=cset shield -e /home/nrink/Projects/build/encode/encode/tests/quicksort/quicksort.perf.encoded --  --cso /dev/null
key=encoded, no.=24, <stderr>:
LENGTH=500
elapsed cycles: 10185099
hi(checksum)=0x5D8D150413C3746D
lo(checksum)=0x705CC8B2F86E8685
key=encoded, no.=24, <checksum>:
0x5D8D150413C3746D705CC8B2F86E8685
key=encoded, no.=24, cso file:
/dev/null
----------------------------------------------
real command=cset shield -e /home/nrink/Projects/build/encode/encode/tests/quicksort/quicksort.perf.encoded --  --cso /dev/null
key=encoded, no.=25, <stderr>:
LENGTH=500
elapsed cycles: 10168206
hi(checksum)=0x5D8D150413C3746D
lo(checksum)=0x705CC8B2F86E8685
key=encoded, no.=25, <checksum>:
0x5D8D150413C3746D705CC8B2F86E8685
key=encoded, no.=25, cso file:
/dev/null
----------------------------------------------
real command=cset shield -e /home/nrink/Projects/build/encode/encode/tests/quicksort/quicksort.perf.encoded --  --cso /dev/null
key=encoded, no.=26, <stderr>:
LENGTH=500
elapsed cycles: 10345794
hi(checksum)=0x5D8D150413C3746D
lo(checksum)=0x705CC8B2F86E8685
key=encoded, no.=26, <checksum>:
0x5D8D150413C3746D705CC8B2F86E8685
key=encoded, no.=26, cso file:
/dev/null
----------------------------------------------
real command=cset shield -e /home/nrink/Projects/build/encode/encode/tests/quicksort/quicksort.perf.encoded --  --cso /dev/null
key=encoded, no.=27, <stderr>:
LENGTH=500
elapsed cycles: 10170024
hi(checksum)=0x5D8D150413C3746D
lo(checksum)=0x705CC8B2F86E8685
key=encoded, no.=27, <checksum>:
0x5D8D150413C3746D705CC8B2F86E8685
key=encoded, no.=27, cso file:
/dev/null
----------------------------------------------
real command=cset shield -e /home/nrink/Projects/build/encode/encode/tests/quicksort/quicksort.perf.encoded --  --cso /dev/null
key=encoded, no.=28, <stderr>:
LENGTH=500
elapsed cycles: 10310028
hi(checksum)=0x5D8D150413C3746D
lo(checksum)=0x705CC8B2F86E8685
key=encoded, no.=28, <checksum>:
0x5D8D150413C3746D705CC8B2F86E8685
key=encoded, no.=28, cso file:
/dev/null
----------------------------------------------
real command=cset shield -e /home/nrink/Projects/build/encode/encode/tests/quicksort/quicksort.perf.encoded --  --cso /dev/null
key=encoded, no.=29, <stderr>:
LENGTH=500
elapsed cycles: 10191228
hi(checksum)=0x5D8D150413C3746D
lo(checksum)=0x705CC8B2F86E8685
key=encoded, no.=29, <checksum>:
0x5D8D150413C3746D705CC8B2F86E8685
key=encoded, no.=29, cso file:
/dev/null
----------------------------------------------
real command=cset shield -e /home/nrink/Projects/build/encode/encode/tests/quicksort/quicksort.perf.encoded --  --cso /dev/null
key=encoded, no.=30, <stderr>:
LENGTH=500
elapsed cycles: 10358163
hi(checksum)=0x5D8D150413C3746D
lo(checksum)=0x705CC8B2F86E8685
key=encoded, no.=30, <checksum>:
0x5D8D150413C3746D705CC8B2F86E8685
key=encoded, no.=30, cso file:
/dev/null
----------------------------------------------
real command=cset shield -e /home/nrink/Projects/build/encode/encode/tests/quicksort/quicksort.perf.encoded --  --cso /dev/null
key=encoded, no.=31, <stderr>:
LENGTH=500
elapsed cycles: 10287342
hi(checksum)=0x5D8D150413C3746D
lo(checksum)=0x705CC8B2F86E8685
key=encoded, no.=31, <checksum>:
0x5D8D150413C3746D705CC8B2F86E8685
key=encoded, no.=31, cso file:
/dev/null
----------------------------------------------
real command=cset shield -e /home/nrink/Projects/build/encode/encode/tests/quicksort/quicksort.perf.encoded --  --cso /dev/null
key=encoded, no.=32, <stderr>:
LENGTH=500
elapsed cycles: 10222308
hi(checksum)=0x5D8D150413C3746D
lo(checksum)=0x705CC8B2F86E8685
key=encoded, no.=32, <checksum>:
0x5D8D150413C3746D705CC8B2F86E8685
key=encoded, no.=32, cso file:
/dev/null
----------------------------------------------
real command=cset shield -e /home/nrink/Projects/build/encode/encode/tests/quicksort/quicksort.perf.encoded --  --cso /dev/null
key=encoded, no.=33, <stderr>:
LENGTH=500
elapsed cycles: 10409679
hi(checksum)=0x5D8D150413C3746D
lo(checksum)=0x705CC8B2F86E8685
key=encoded, no.=33, <checksum>:
0x5D8D150413C3746D705CC8B2F86E8685
key=encoded, no.=33, cso file:
/dev/null
----------------------------------------------
real command=cset shield -e /home/nrink/Projects/build/encode/encode/tests/quicksort/quicksort.perf.encoded --  --cso /dev/null
key=encoded, no.=34, <stderr>:
LENGTH=500
elapsed cycles: 10179357
hi(checksum)=0x5D8D150413C3746D
lo(checksum)=0x705CC8B2F86E8685
key=encoded, no.=34, <checksum>:
0x5D8D150413C3746D705CC8B2F86E8685
key=encoded, no.=34, cso file:
/dev/null
----------------------------------------------
real command=cset shield -e /home/nrink/Projects/build/encode/encode/tests/quicksort/quicksort.perf.encoded --  --cso /dev/null
key=encoded, no.=35, <stderr>:
LENGTH=500
elapsed cycles: 10221714
hi(checksum)=0x5D8D150413C3746D
lo(checksum)=0x705CC8B2F86E8685
key=encoded, no.=35, <checksum>:
0x5D8D150413C3746D705CC8B2F86E8685
key=encoded, no.=35, cso file:
/dev/null
----------------------------------------------
real command=cset shield -e /home/nrink/Projects/build/encode/encode/tests/quicksort/quicksort.perf.encoded --  --cso /dev/null
key=encoded, no.=36, <stderr>:
LENGTH=500
elapsed cycles: 10174221
hi(checksum)=0x5D8D150413C3746D
lo(checksum)=0x705CC8B2F86E8685
key=encoded, no.=36, <checksum>:
0x5D8D150413C3746D705CC8B2F86E8685
key=encoded, no.=36, cso file:
/dev/null
----------------------------------------------
real command=cset shield -e /home/nrink/Projects/build/encode/encode/tests/quicksort/quicksort.perf.encoded --  --cso /dev/null
key=encoded, no.=37, <stderr>:
LENGTH=500
elapsed cycles: 10232391
hi(checksum)=0x5D8D150413C3746D
lo(checksum)=0x705CC8B2F86E8685
key=encoded, no.=37, <checksum>:
0x5D8D150413C3746D705CC8B2F86E8685
key=encoded, no.=37, cso file:
/dev/null
----------------------------------------------
real command=cset shield -e /home/nrink/Projects/build/encode/encode/tests/quicksort/quicksort.perf.encoded --  --cso /dev/null
key=encoded, no.=38, <stderr>:
LENGTH=500
elapsed cycles: 10343952
hi(checksum)=0x5D8D150413C3746D
lo(checksum)=0x705CC8B2F86E8685
key=encoded, no.=38, <checksum>:
0x5D8D150413C3746D705CC8B2F86E8685
key=encoded, no.=38, cso file:
/dev/null
----------------------------------------------
real command=cset shield -e /home/nrink/Projects/build/encode/encode/tests/quicksort/quicksort.perf.encoded --  --cso /dev/null
key=encoded, no.=39, <stderr>:
LENGTH=500
elapsed cycles: 10192464
hi(checksum)=0x5D8D150413C3746D
lo(checksum)=0x705CC8B2F86E8685
key=encoded, no.=39, <checksum>:
0x5D8D150413C3746D705CC8B2F86E8685
key=encoded, no.=39, cso file:
/dev/null
----------------------------------------------
real command=cset shield -e /home/nrink/Projects/build/encode/encode/tests/quicksort/quicksort.perf.encoded --  --cso /dev/null
key=encoded, no.=40, <stderr>:
LENGTH=500
elapsed cycles: 10284306
hi(checksum)=0x5D8D150413C3746D
lo(checksum)=0x705CC8B2F86E8685
key=encoded, no.=40, <checksum>:
0x5D8D150413C3746D705CC8B2F86E8685
key=encoded, no.=40, cso file:
/dev/null
----------------------------------------------
real command=cset shield -e /home/nrink/Projects/build/encode/encode/tests/quicksort/quicksort.perf.encoded --  --cso /dev/null
key=encoded, no.=41, <stderr>:
LENGTH=500
elapsed cycles: 10190379
hi(checksum)=0x5D8D150413C3746D
lo(checksum)=0x705CC8B2F86E8685
key=encoded, no.=41, <checksum>:
0x5D8D150413C3746D705CC8B2F86E8685
key=encoded, no.=41, cso file:
/dev/null
----------------------------------------------
real command=cset shield -e /home/nrink/Projects/build/encode/encode/tests/quicksort/quicksort.perf.encoded --  --cso /dev/null
key=encoded, no.=42, <stderr>:
LENGTH=500
elapsed cycles: 10208757
hi(checksum)=0x5D8D150413C3746D
lo(checksum)=0x705CC8B2F86E8685
key=encoded, no.=42, <checksum>:
0x5D8D150413C3746D705CC8B2F86E8685
key=encoded, no.=42, cso file:
/dev/null
----------------------------------------------
real command=cset shield -e /home/nrink/Projects/build/encode/encode/tests/quicksort/quicksort.perf.encoded --  --cso /dev/null
key=encoded, no.=43, <stderr>:
LENGTH=500
elapsed cycles: 10231983
hi(checksum)=0x5D8D150413C3746D
lo(checksum)=0x705CC8B2F86E8685
key=encoded, no.=43, <checksum>:
0x5D8D150413C3746D705CC8B2F86E8685
key=encoded, no.=43, cso file:
/dev/null
----------------------------------------------
real command=cset shield -e /home/nrink/Projects/build/encode/encode/tests/quicksort/quicksort.perf.encoded --  --cso /dev/null
key=encoded, no.=44, <stderr>:
LENGTH=500
elapsed cycles: 10152288
hi(checksum)=0x5D8D150413C3746D
lo(checksum)=0x705CC8B2F86E8685
key=encoded, no.=44, <checksum>:
0x5D8D150413C3746D705CC8B2F86E8685
key=encoded, no.=44, cso file:
/dev/null
----------------------------------------------
real command=cset shield -e /home/nrink/Projects/build/encode/encode/tests/quicksort/quicksort.perf.encoded --  --cso /dev/null
key=encoded, no.=45, <stderr>:
LENGTH=500
elapsed cycles: 10139880
hi(checksum)=0x5D8D150413C3746D
lo(checksum)=0x705CC8B2F86E8685
key=encoded, no.=45, <checksum>:
0x5D8D150413C3746D705CC8B2F86E8685
key=encoded, no.=45, cso file:
/dev/null
----------------------------------------------
real command=cset shield -e /home/nrink/Projects/build/encode/encode/tests/quicksort/quicksort.perf.encoded --  --cso /dev/null
key=encoded, no.=46, <stderr>:
LENGTH=500
elapsed cycles: 10250274
hi(checksum)=0x5D8D150413C3746D
lo(checksum)=0x705CC8B2F86E8685
key=encoded, no.=46, <checksum>:
0x5D8D150413C3746D705CC8B2F86E8685
key=encoded, no.=46, cso file:
/dev/null
----------------------------------------------
real command=cset shield -e /home/nrink/Projects/build/encode/encode/tests/quicksort/quicksort.perf.encoded --  --cso /dev/null
key=encoded, no.=47, <stderr>:
LENGTH=500
elapsed cycles: 10198380
hi(checksum)=0x5D8D150413C3746D
lo(checksum)=0x705CC8B2F86E8685
key=encoded, no.=47, <checksum>:
0x5D8D150413C3746D705CC8B2F86E8685
key=encoded, no.=47, cso file:
/dev/null
----------------------------------------------
real command=cset shield -e /home/nrink/Projects/build/encode/encode/tests/quicksort/quicksort.perf.encoded --  --cso /dev/null
key=encoded, no.=48, <stderr>:
LENGTH=500
elapsed cycles: 10292403
hi(checksum)=0x5D8D150413C3746D
lo(checksum)=0x705CC8B2F86E8685
key=encoded, no.=48, <checksum>:
0x5D8D150413C3746D705CC8B2F86E8685
key=encoded, no.=48, cso file:
/dev/null
----------------------------------------------
real command=cset shield -e /home/nrink/Projects/build/encode/encode/tests/quicksort/quicksort.perf.encoded --  --cso /dev/null
key=encoded, no.=49, <stderr>:
LENGTH=500
elapsed cycles: 10203498
hi(checksum)=0x5D8D150413C3746D
lo(checksum)=0x705CC8B2F86E8685
key=encoded, no.=49, <checksum>:
0x5D8D150413C3746D705CC8B2F86E8685
key=encoded, no.=49, cso file:
/dev/null
----------------------------------------------
real command=cset shield -e /home/nrink/Projects/build/encode/encode/tests/quicksort/quicksort.perf.encoded --  --cso /dev/null
key=encoded, no.=50, <stderr>:
LENGTH=500
elapsed cycles: 10337145
hi(checksum)=0x5D8D150413C3746D
lo(checksum)=0x705CC8B2F86E8685
key=encoded, no.=50, <checksum>:
0x5D8D150413C3746D705CC8B2F86E8685
key=encoded, no.=50, cso file:
/dev/null
----------------------------------------------
real command=cset shield -e /home/nrink/Projects/build/encode/encode/tests/quicksort/quicksort.perf.encoded --  --cso /dev/null
key=encoded, no.=51, <stderr>:
LENGTH=500
elapsed cycles: 10198650
hi(checksum)=0x5D8D150413C3746D
lo(checksum)=0x705CC8B2F86E8685
key=encoded, no.=51, <checksum>:
0x5D8D150413C3746D705CC8B2F86E8685
key=encoded, no.=51, cso file:
/dev/null
----------------------------------------------
real command=cset shield -e /home/nrink/Projects/build/encode/encode/tests/quicksort/quicksort.perf.encoded --  --cso /dev/null
key=encoded, no.=52, <stderr>:
LENGTH=500
elapsed cycles: 10285554
hi(checksum)=0x5D8D150413C3746D
lo(checksum)=0x705CC8B2F86E8685
key=encoded, no.=52, <checksum>:
0x5D8D150413C3746D705CC8B2F86E8685
key=encoded, no.=52, cso file:
/dev/null
----------------------------------------------
real command=cset shield -e /home/nrink/Projects/build/encode/encode/tests/quicksort/quicksort.perf.encoded --  --cso /dev/null
key=encoded, no.=53, <stderr>:
LENGTH=500
elapsed cycles: 10241934
hi(checksum)=0x5D8D150413C3746D
lo(checksum)=0x705CC8B2F86E8685
key=encoded, no.=53, <checksum>:
0x5D8D150413C3746D705CC8B2F86E8685
key=encoded, no.=53, cso file:
/dev/null
----------------------------------------------
real command=cset shield -e /home/nrink/Projects/build/encode/encode/tests/quicksort/quicksort.perf.encoded --  --cso /dev/null
key=encoded, no.=54, <stderr>:
LENGTH=500
elapsed cycles: 10255443
hi(checksum)=0x5D8D150413C3746D
lo(checksum)=0x705CC8B2F86E8685
key=encoded, no.=54, <checksum>:
0x5D8D150413C3746D705CC8B2F86E8685
key=encoded, no.=54, cso file:
/dev/null
----------------------------------------------
real command=cset shield -e /home/nrink/Projects/build/encode/encode/tests/quicksort/quicksort.perf.encoded --  --cso /dev/null
key=encoded, no.=55, <stderr>:
LENGTH=500
elapsed cycles: 10180914
hi(checksum)=0x5D8D150413C3746D
lo(checksum)=0x705CC8B2F86E8685
key=encoded, no.=55, <checksum>:
0x5D8D150413C3746D705CC8B2F86E8685
key=encoded, no.=55, cso file:
/dev/null
----------------------------------------------
real command=cset shield -e /home/nrink/Projects/build/encode/encode/tests/quicksort/quicksort.perf.encoded --  --cso /dev/null
key=encoded, no.=56, <stderr>:
LENGTH=500
elapsed cycles: 10184877
hi(checksum)=0x5D8D150413C3746D
lo(checksum)=0x705CC8B2F86E8685
key=encoded, no.=56, <checksum>:
0x5D8D150413C3746D705CC8B2F86E8685
key=encoded, no.=56, cso file:
/dev/null
----------------------------------------------
real command=cset shield -e /home/nrink/Projects/build/encode/encode/tests/quicksort/quicksort.perf.encoded --  --cso /dev/null
key=encoded, no.=57, <stderr>:
LENGTH=500
elapsed cycles: 10168716
hi(checksum)=0x5D8D150413C3746D
lo(checksum)=0x705CC8B2F86E8685
key=encoded, no.=57, <checksum>:
0x5D8D150413C3746D705CC8B2F86E8685
key=encoded, no.=57, cso file:
/dev/null
----------------------------------------------
real command=cset shield -e /home/nrink/Projects/build/encode/encode/tests/quicksort/quicksort.perf.encoded --  --cso /dev/null
key=encoded, no.=58, <stderr>:
LENGTH=500
elapsed cycles: 10298511
hi(checksum)=0x5D8D150413C3746D
lo(checksum)=0x705CC8B2F86E8685
key=encoded, no.=58, <checksum>:
0x5D8D150413C3746D705CC8B2F86E8685
key=encoded, no.=58, cso file:
/dev/null
----------------------------------------------
real command=cset shield -e /home/nrink/Projects/build/encode/encode/tests/quicksort/quicksort.perf.encoded --  --cso /dev/null
key=encoded, no.=59, <stderr>:
LENGTH=500
elapsed cycles: 10270626
hi(checksum)=0x5D8D150413C3746D
lo(checksum)=0x705CC8B2F86E8685
key=encoded, no.=59, <checksum>:
0x5D8D150413C3746D705CC8B2F86E8685
key=encoded, no.=59, cso file:
/dev/null
----------------------------------------------
real command=cset shield -e /home/nrink/Projects/build/encode/encode/tests/quicksort/quicksort.perf.encoded --  --cso /dev/null
key=encoded, no.=60, <stderr>:
LENGTH=500
elapsed cycles: 10222671
hi(checksum)=0x5D8D150413C3746D
lo(checksum)=0x705CC8B2F86E8685
key=encoded, no.=60, <checksum>:
0x5D8D150413C3746D705CC8B2F86E8685
key=encoded, no.=60, cso file:
/dev/null
----------------------------------------------
real command=cset shield -e /home/nrink/Projects/build/encode/encode/tests/quicksort/quicksort.perf.encoded --  --cso /dev/null
key=encoded, no.=61, <stderr>:
LENGTH=500
elapsed cycles: 10208127
hi(checksum)=0x5D8D150413C3746D
lo(checksum)=0x705CC8B2F86E8685
key=encoded, no.=61, <checksum>:
0x5D8D150413C3746D705CC8B2F86E8685
key=encoded, no.=61, cso file:
/dev/null
----------------------------------------------
real command=cset shield -e /home/nrink/Projects/build/encode/encode/tests/quicksort/quicksort.perf.encoded --  --cso /dev/null
key=encoded, no.=62, <stderr>:
LENGTH=500
elapsed cycles: 10234530
hi(checksum)=0x5D8D150413C3746D
lo(checksum)=0x705CC8B2F86E8685
key=encoded, no.=62, <checksum>:
0x5D8D150413C3746D705CC8B2F86E8685
key=encoded, no.=62, cso file:
/dev/null
----------------------------------------------
real command=cset shield -e /home/nrink/Projects/build/encode/encode/tests/quicksort/quicksort.perf.encoded --  --cso /dev/null
key=encoded, no.=63, <stderr>:
LENGTH=500
elapsed cycles: 10328343
hi(checksum)=0x5D8D150413C3746D
lo(checksum)=0x705CC8B2F86E8685
key=encoded, no.=63, <checksum>:
0x5D8D150413C3746D705CC8B2F86E8685
key=encoded, no.=63, cso file:
/dev/null
----------------------------------------------
real command=cset shield -e /home/nrink/Projects/build/encode/encode/tests/quicksort/quicksort.perf.encoded --  --cso /dev/null
key=encoded, no.=64, <stderr>:
LENGTH=500
elapsed cycles: 12643236
hi(checksum)=0x5D8D150413C3746D
lo(checksum)=0x705CC8B2F86E8685
key=encoded, no.=64, <checksum>:
0x5D8D150413C3746D705CC8B2F86E8685
key=encoded, no.=64, cso file:
/dev/null
----------------------------------------------
real command=cset shield -e /home/nrink/Projects/build/encode/encode/tests/quicksort/quicksort.perf.encoded --  --cso /dev/null
key=encoded, no.=65, <stderr>:
LENGTH=500
elapsed cycles: 10242090
hi(checksum)=0x5D8D150413C3746D
lo(checksum)=0x705CC8B2F86E8685
key=encoded, no.=65, <checksum>:
0x5D8D150413C3746D705CC8B2F86E8685
key=encoded, no.=65, cso file:
/dev/null
----------------------------------------------
real command=cset shield -e /home/nrink/Projects/build/encode/encode/tests/quicksort/quicksort.perf.encoded --  --cso /dev/null
key=encoded, no.=66, <stderr>:
LENGTH=500
elapsed cycles: 10172922
hi(checksum)=0x5D8D150413C3746D
lo(checksum)=0x705CC8B2F86E8685
key=encoded, no.=66, <checksum>:
0x5D8D150413C3746D705CC8B2F86E8685
key=encoded, no.=66, cso file:
/dev/null
----------------------------------------------
real command=cset shield -e /home/nrink/Projects/build/encode/encode/tests/quicksort/quicksort.perf.encoded --  --cso /dev/null
key=encoded, no.=67, <stderr>:
LENGTH=500
elapsed cycles: 10325592
hi(checksum)=0x5D8D150413C3746D
lo(checksum)=0x705CC8B2F86E8685
key=encoded, no.=67, <checksum>:
0x5D8D150413C3746D705CC8B2F86E8685
key=encoded, no.=67, cso file:
/dev/null
----------------------------------------------
real command=cset shield -e /home/nrink/Projects/build/encode/encode/tests/quicksort/quicksort.perf.encoded --  --cso /dev/null
key=encoded, no.=68, <stderr>:
LENGTH=500
elapsed cycles: 8986374
hi(checksum)=0x5D8D150413C3746D
lo(checksum)=0x705CC8B2F86E8685
key=encoded, no.=68, <checksum>:
0x5D8D150413C3746D705CC8B2F86E8685
key=encoded, no.=68, cso file:
/dev/null
----------------------------------------------
real command=cset shield -e /home/nrink/Projects/build/encode/encode/tests/quicksort/quicksort.perf.encoded --  --cso /dev/null
key=encoded, no.=69, <stderr>:
LENGTH=500
elapsed cycles: 8869641
hi(checksum)=0x5D8D150413C3746D
lo(checksum)=0x705CC8B2F86E8685
key=encoded, no.=69, <checksum>:
0x5D8D150413C3746D705CC8B2F86E8685
key=encoded, no.=69, cso file:
/dev/null
----------------------------------------------
real command=cset shield -e /home/nrink/Projects/build/encode/encode/tests/quicksort/quicksort.perf.encoded --  --cso /dev/null
key=encoded, no.=70, <stderr>:
LENGTH=500
elapsed cycles: 8882832
hi(checksum)=0x5D8D150413C3746D
lo(checksum)=0x705CC8B2F86E8685
key=encoded, no.=70, <checksum>:
0x5D8D150413C3746D705CC8B2F86E8685
key=encoded, no.=70, cso file:
/dev/null
----------------------------------------------
real command=cset shield -e /home/nrink/Projects/build/encode/encode/tests/quicksort/quicksort.perf.encoded --  --cso /dev/null
key=encoded, no.=71, <stderr>:
LENGTH=500
elapsed cycles: 8925921
hi(checksum)=0x5D8D150413C3746D
lo(checksum)=0x705CC8B2F86E8685
key=encoded, no.=71, <checksum>:
0x5D8D150413C3746D705CC8B2F86E8685
key=encoded, no.=71, cso file:
/dev/null
----------------------------------------------
real command=cset shield -e /home/nrink/Projects/build/encode/encode/tests/quicksort/quicksort.perf.encoded --  --cso /dev/null
key=encoded, no.=72, <stderr>:
LENGTH=500
elapsed cycles: 8933757
hi(checksum)=0x5D8D150413C3746D
lo(checksum)=0x705CC8B2F86E8685
key=encoded, no.=72, <checksum>:
0x5D8D150413C3746D705CC8B2F86E8685
key=encoded, no.=72, cso file:
/dev/null
----------------------------------------------
real command=cset shield -e /home/nrink/Projects/build/encode/encode/tests/quicksort/quicksort.perf.encoded --  --cso /dev/null
key=encoded, no.=73, <stderr>:
LENGTH=500
elapsed cycles: 8898885
hi(checksum)=0x5D8D150413C3746D
lo(checksum)=0x705CC8B2F86E8685
key=encoded, no.=73, <checksum>:
0x5D8D150413C3746D705CC8B2F86E8685
key=encoded, no.=73, cso file:
/dev/null
----------------------------------------------
real command=cset shield -e /home/nrink/Projects/build/encode/encode/tests/quicksort/quicksort.perf.encoded --  --cso /dev/null
key=encoded, no.=74, <stderr>:
LENGTH=500
elapsed cycles: 8997048
hi(checksum)=0x5D8D150413C3746D
lo(checksum)=0x705CC8B2F86E8685
key=encoded, no.=74, <checksum>:
0x5D8D150413C3746D705CC8B2F86E8685
key=encoded, no.=74, cso file:
/dev/null
----------------------------------------------
real command=cset shield -e /home/nrink/Projects/build/encode/encode/tests/quicksort/quicksort.perf.encoded --  --cso /dev/null
key=encoded, no.=75, <stderr>:
LENGTH=500
elapsed cycles: 8895033
hi(checksum)=0x5D8D150413C3746D
lo(checksum)=0x705CC8B2F86E8685
key=encoded, no.=75, <checksum>:
0x5D8D150413C3746D705CC8B2F86E8685
key=encoded, no.=75, cso file:
/dev/null
----------------------------------------------
real command=cset shield -e /home/nrink/Projects/build/encode/encode/tests/quicksort/quicksort.perf.encoded --  --cso /dev/null
key=encoded, no.=76, <stderr>:
LENGTH=500
elapsed cycles: 8970201
hi(checksum)=0x5D8D150413C3746D
lo(checksum)=0x705CC8B2F86E8685
key=encoded, no.=76, <checksum>:
0x5D8D150413C3746D705CC8B2F86E8685
key=encoded, no.=76, cso file:
/dev/null
----------------------------------------------
real command=cset shield -e /home/nrink/Projects/build/encode/encode/tests/quicksort/quicksort.perf.encoded --  --cso /dev/null
key=encoded, no.=77, <stderr>:
LENGTH=500
elapsed cycles: 8994087
hi(checksum)=0x5D8D150413C3746D
lo(checksum)=0x705CC8B2F86E8685
key=encoded, no.=77, <checksum>:
0x5D8D150413C3746D705CC8B2F86E8685
key=encoded, no.=77, cso file:
/dev/null
----------------------------------------------
real command=cset shield -e /home/nrink/Projects/build/encode/encode/tests/quicksort/quicksort.perf.encoded --  --cso /dev/null
key=encoded, no.=78, <stderr>:
LENGTH=500
elapsed cycles: 10099302
hi(checksum)=0x5D8D150413C3746D
lo(checksum)=0x705CC8B2F86E8685
key=encoded, no.=78, <checksum>:
0x5D8D150413C3746D705CC8B2F86E8685
key=encoded, no.=78, cso file:
/dev/null
----------------------------------------------
real command=cset shield -e /home/nrink/Projects/build/encode/encode/tests/quicksort/quicksort.perf.encoded --  --cso /dev/null
key=encoded, no.=79, <stderr>:
LENGTH=500
elapsed cycles: 12721185
hi(checksum)=0x5D8D150413C3746D
lo(checksum)=0x705CC8B2F86E8685
key=encoded, no.=79, <checksum>:
0x5D8D150413C3746D705CC8B2F86E8685
key=encoded, no.=79, cso file:
/dev/null
----------------------------------------------
real command=cset shield -e /home/nrink/Projects/build/encode/encode/tests/quicksort/quicksort.perf.encoded --  --cso /dev/null
key=encoded, no.=80, <stderr>:
LENGTH=500
elapsed cycles: 12736809
hi(checksum)=0x5D8D150413C3746D
lo(checksum)=0x705CC8B2F86E8685
key=encoded, no.=80, <checksum>:
0x5D8D150413C3746D705CC8B2F86E8685
key=encoded, no.=80, cso file:
/dev/null
----------------------------------------------
real command=cset shield -e /home/nrink/Projects/build/encode/encode/tests/quicksort/quicksort.perf.encoded --  --cso /dev/null
key=encoded, no.=81, <stderr>:
LENGTH=500
elapsed cycles: 12436350
hi(checksum)=0x5D8D150413C3746D
lo(checksum)=0x705CC8B2F86E8685
key=encoded, no.=81, <checksum>:
0x5D8D150413C3746D705CC8B2F86E8685
key=encoded, no.=81, cso file:
/dev/null
----------------------------------------------
real command=cset shield -e /home/nrink/Projects/build/encode/encode/tests/quicksort/quicksort.perf.encoded --  --cso /dev/null
key=encoded, no.=82, <stderr>:
LENGTH=500
elapsed cycles: 12517842
hi(checksum)=0x5D8D150413C3746D
lo(checksum)=0x705CC8B2F86E8685
key=encoded, no.=82, <checksum>:
0x5D8D150413C3746D705CC8B2F86E8685
key=encoded, no.=82, cso file:
/dev/null
----------------------------------------------
real command=cset shield -e /home/nrink/Projects/build/encode/encode/tests/quicksort/quicksort.perf.encoded --  --cso /dev/null
key=encoded, no.=83, <stderr>:
LENGTH=500
elapsed cycles: 10200114
hi(checksum)=0x5D8D150413C3746D
lo(checksum)=0x705CC8B2F86E8685
key=encoded, no.=83, <checksum>:
0x5D8D150413C3746D705CC8B2F86E8685
key=encoded, no.=83, cso file:
/dev/null
----------------------------------------------
real command=cset shield -e /home/nrink/Projects/build/encode/encode/tests/quicksort/quicksort.perf.encoded --  --cso /dev/null
key=encoded, no.=84, <stderr>:
LENGTH=500
elapsed cycles: 10454802
hi(checksum)=0x5D8D150413C3746D
lo(checksum)=0x705CC8B2F86E8685
key=encoded, no.=84, <checksum>:
0x5D8D150413C3746D705CC8B2F86E8685
key=encoded, no.=84, cso file:
/dev/null
----------------------------------------------
real command=cset shield -e /home/nrink/Projects/build/encode/encode/tests/quicksort/quicksort.perf.encoded --  --cso /dev/null
key=encoded, no.=85, <stderr>:
LENGTH=500
elapsed cycles: 10209246
hi(checksum)=0x5D8D150413C3746D
lo(checksum)=0x705CC8B2F86E8685
key=encoded, no.=85, <checksum>:
0x5D8D150413C3746D705CC8B2F86E8685
key=encoded, no.=85, cso file:
/dev/null
----------------------------------------------
real command=cset shield -e /home/nrink/Projects/build/encode/encode/tests/quicksort/quicksort.perf.encoded --  --cso /dev/null
key=encoded, no.=86, <stderr>:
LENGTH=500
elapsed cycles: 10141128
hi(checksum)=0x5D8D150413C3746D
lo(checksum)=0x705CC8B2F86E8685
key=encoded, no.=86, <checksum>:
0x5D8D150413C3746D705CC8B2F86E8685
key=encoded, no.=86, cso file:
/dev/null
----------------------------------------------
real command=cset shield -e /home/nrink/Projects/build/encode/encode/tests/quicksort/quicksort.perf.encoded --  --cso /dev/null
key=encoded, no.=87, <stderr>:
LENGTH=500
elapsed cycles: 10203213
hi(checksum)=0x5D8D150413C3746D
lo(checksum)=0x705CC8B2F86E8685
key=encoded, no.=87, <checksum>:
0x5D8D150413C3746D705CC8B2F86E8685
key=encoded, no.=87, cso file:
/dev/null
----------------------------------------------
real command=cset shield -e /home/nrink/Projects/build/encode/encode/tests/quicksort/quicksort.perf.encoded --  --cso /dev/null
key=encoded, no.=88, <stderr>:
LENGTH=500
elapsed cycles: 10190379
hi(checksum)=0x5D8D150413C3746D
lo(checksum)=0x705CC8B2F86E8685
key=encoded, no.=88, <checksum>:
0x5D8D150413C3746D705CC8B2F86E8685
key=encoded, no.=88, cso file:
/dev/null
----------------------------------------------
real command=cset shield -e /home/nrink/Projects/build/encode/encode/tests/quicksort/quicksort.perf.encoded --  --cso /dev/null
key=encoded, no.=89, <stderr>:
LENGTH=500
elapsed cycles: 10238889
hi(checksum)=0x5D8D150413C3746D
lo(checksum)=0x705CC8B2F86E8685
key=encoded, no.=89, <checksum>:
0x5D8D150413C3746D705CC8B2F86E8685
key=encoded, no.=89, cso file:
/dev/null
----------------------------------------------
real command=cset shield -e /home/nrink/Projects/build/encode/encode/tests/quicksort/quicksort.perf.encoded --  --cso /dev/null
key=encoded, no.=90, <stderr>:
LENGTH=500
elapsed cycles: 10308687
hi(checksum)=0x5D8D150413C3746D
lo(checksum)=0x705CC8B2F86E8685
key=encoded, no.=90, <checksum>:
0x5D8D150413C3746D705CC8B2F86E8685
key=encoded, no.=90, cso file:
/dev/null
----------------------------------------------
real command=cset shield -e /home/nrink/Projects/build/encode/encode/tests/quicksort/quicksort.perf.encoded --  --cso /dev/null
key=encoded, no.=91, <stderr>:
LENGTH=500
elapsed cycles: 10135764
hi(checksum)=0x5D8D150413C3746D
lo(checksum)=0x705CC8B2F86E8685
key=encoded, no.=91, <checksum>:
0x5D8D150413C3746D705CC8B2F86E8685
key=encoded, no.=91, cso file:
/dev/null
----------------------------------------------
real command=cset shield -e /home/nrink/Projects/build/encode/encode/tests/quicksort/quicksort.perf.encoded --  --cso /dev/null
key=encoded, no.=92, <stderr>:
LENGTH=500
elapsed cycles: 10236111
hi(checksum)=0x5D8D150413C3746D
lo(checksum)=0x705CC8B2F86E8685
key=encoded, no.=92, <checksum>:
0x5D8D150413C3746D705CC8B2F86E8685
key=encoded, no.=92, cso file:
/dev/null
----------------------------------------------
real command=cset shield -e /home/nrink/Projects/build/encode/encode/tests/quicksort/quicksort.perf.encoded --  --cso /dev/null
key=encoded, no.=93, <stderr>:
LENGTH=500
elapsed cycles: 10391904
hi(checksum)=0x5D8D150413C3746D
lo(checksum)=0x705CC8B2F86E8685
key=encoded, no.=93, <checksum>:
0x5D8D150413C3746D705CC8B2F86E8685
key=encoded, no.=93, cso file:
/dev/null
----------------------------------------------
real command=cset shield -e /home/nrink/Projects/build/encode/encode/tests/quicksort/quicksort.perf.encoded --  --cso /dev/null
key=encoded, no.=94, <stderr>:
LENGTH=500
elapsed cycles: 10226154
hi(checksum)=0x5D8D150413C3746D
lo(checksum)=0x705CC8B2F86E8685
key=encoded, no.=94, <checksum>:
0x5D8D150413C3746D705CC8B2F86E8685
key=encoded, no.=94, cso file:
/dev/null
----------------------------------------------
real command=cset shield -e /home/nrink/Projects/build/encode/encode/tests/quicksort/quicksort.perf.encoded --  --cso /dev/null
key=encoded, no.=95, <stderr>:
LENGTH=500
elapsed cycles: 10207395
hi(checksum)=0x5D8D150413C3746D
lo(checksum)=0x705CC8B2F86E8685
key=encoded, no.=95, <checksum>:
0x5D8D150413C3746D705CC8B2F86E8685
key=encoded, no.=95, cso file:
/dev/null
----------------------------------------------
real command=cset shield -e /home/nrink/Projects/build/encode/encode/tests/quicksort/quicksort.perf.encoded --  --cso /dev/null
key=encoded, no.=96, <stderr>:
LENGTH=500
elapsed cycles: 10314543
hi(checksum)=0x5D8D150413C3746D
lo(checksum)=0x705CC8B2F86E8685
key=encoded, no.=96, <checksum>:
0x5D8D150413C3746D705CC8B2F86E8685
key=encoded, no.=96, cso file:
/dev/null
----------------------------------------------
real command=cset shield -e /home/nrink/Projects/build/encode/encode/tests/quicksort/quicksort.perf.encoded --  --cso /dev/null
key=encoded, no.=97, <stderr>:
LENGTH=500
elapsed cycles: 10233468
hi(checksum)=0x5D8D150413C3746D
lo(checksum)=0x705CC8B2F86E8685
key=encoded, no.=97, <checksum>:
0x5D8D150413C3746D705CC8B2F86E8685
key=encoded, no.=97, cso file:
/dev/null
----------------------------------------------
real command=cset shield -e /home/nrink/Projects/build/encode/encode/tests/quicksort/quicksort.perf.encoded --  --cso /dev/null
key=encoded, no.=98, <stderr>:
LENGTH=500
elapsed cycles: 10153212
hi(checksum)=0x5D8D150413C3746D
lo(checksum)=0x705CC8B2F86E8685
key=encoded, no.=98, <checksum>:
0x5D8D150413C3746D705CC8B2F86E8685
key=encoded, no.=98, cso file:
/dev/null
----------------------------------------------
real command=cset shield -e /home/nrink/Projects/build/encode/encode/tests/quicksort/quicksort.perf.encoded --  --cso /dev/null
key=encoded, no.=99, <stderr>:
LENGTH=500
elapsed cycles: 10299150
hi(checksum)=0x5D8D150413C3746D
lo(checksum)=0x705CC8B2F86E8685
key=encoded, no.=99, <checksum>:
0x5D8D150413C3746D705CC8B2F86E8685
key=encoded, no.=99, cso file:
/dev/null
----------------------------------------------
