<stderr> from running /home/nrink/Projects/pin-2.14-71313-gcc.4.4.7-linux/pin.sh -t /home/nrink/Projects/bfi/obj-intel64/bfi.so -trigger 7600375 -cmd WVAL -seed 1 -mask 21 -- /home/nrink/Projects/build/encode/encode/tests/matmul/matmul.cover.plain --cso ./2015-05-05_14:35:44/matmul/cover/cs/plain.3.cso --csl ./2015-05-05_14:35:44/matmul/cover/cs/plain.3.csl:
[.:    0, IP = 0x400a2f, i = 7600376, wa = 0, ra = 0, rr = 0, wr = 0, it = 0, t = 0]
	access = write, size = 8, value = 466900, value' = 466881, addr = 0x604938, op = 0
elapsed cycles: 939665985
hi(checksum)=0xAD8390F05779BECB
lo(checksum)=0xC4A447B868780000
**********************
INSTR   = 9022788
WADDR   = 0
RADDR   = 0
RREG    = 0
WREG    = 0
ITER    = 0
TRIGGER = 7600375
TTYPE   = IN
COMMAND = WVAL
SEL     = -1
SEED    = 1
MASK    = 0x15
THREAD  = 0
ELAPSED = 4.55s
----------------------------------------------------------------
