<stderr> from running /home/nrink/Projects/pin-2.14-71313-gcc.4.4.7-linux/pin.sh -t /home/nrink/Projects/bfi/obj-intel64/bfi.so -trigger 164074 -cmd RADDR -seed 1 -mask 117 -- /home/nrink/Projects/build/encode/encode/tests/bubblesort/bubblesort.cover.plain --cso ./2015-05-06_10:37:59/bubblesort/cover/cs/plain.73.cso --csl ./2015-05-06_10:37:59/bubblesort/cover/cs/plain.73.csl:
[.:    0, IP = 0x400af5, i = 164075, wa = 0, ra = 0, rr = 0, wr = 0, it = 0, t = 0]
	access = read, size = 8, addr = 0x6020c8, addr' = 0x6020bd, op = 0
elapsed cycles: 28510278
hi(checksum)=0x0000000000000000
lo(checksum)=0x0000D2A6E6FD05D4
**********************
INSTR   = 174511
WADDR   = 0
RADDR   = 0
RREG    = 0
WREG    = 0
ITER    = 0
TRIGGER = 164074
TTYPE   = IN
COMMAND = RADDR
SEL     = -1
SEED    = 1
MASK    = 0x75
THREAD  = 0
ELAPSED = 2.02s
----------------------------------------------------------------
