<stderr> from running /home/nrink/Projects/pin-2.14-71313-gcc.4.4.7-linux/pin.sh -t /home/nrink/Projects/bfi/obj-intel64/bfi.so -trigger 166993 -cmd WADDR -seed 1 -mask 42 -- /home/nrink/Projects/build/encode/encode/tests/bubblesort/bubblesort.cover.encoded --cso ./2015-05-06_10:37:59/bubblesort/cover/cs/encoded.76.cso --csl ./2015-05-06_10:37:59/bubblesort/cover/cs/encoded.76.csl:
[.:    0, IP = 0x400ea9, i = 167003, wa = 0, ra = 0, rr = 0, wr = 0, it = 0, t = 0]
	access = write, size = 8, addr = 0x6020a0, addr' = 0x60208a, op = 0
**********************
INSTR   = 171777
WADDR   = 0
RADDR   = 0
RREG    = 0
WREG    = 0
ITER    = 0
TRIGGER = 166993
TTYPE   = IN
COMMAND = WADDR
SEL     = -1
SEED    = 1
MASK    = 0x2a
THREAD  = 0
ELAPSED = 1.05s
Segmentation fault (core dumped)
----------------------------------------------------------------
