<stderr> from running /home/nrink/Projects/pin-2.14-71313-gcc.4.4.7-linux/pin.sh -t /home/nrink/Projects/bfi/obj-intel64/bfi.so -trigger 163689 -cmd WVAL -seed 1 -mask 109 -- /home/nrink/Projects/build/encode/encode/tests/bubblesort/bubblesort.cover.plain --cso ./2015-05-06_10:37:59/bubblesort/cover/cs/plain.1.cso --csl ./2015-05-06_10:37:59/bubblesort/cover/cs/plain.1.csl:
[.:    0, IP = 0x400ad0, i = 163698, wa = 0, ra = 0, rr = 0, wr = 0, it = 0, t = 0]
	access = write, size = 8, value = 5, value' = 104, addr = 0x6020d0, op = 0
elapsed cycles: 17726499
hi(checksum)=0x0000000000000000
lo(checksum)=0x00007CDAE2CCED46
**********************
INSTR   = 174511
WADDR   = 0
RADDR   = 0
RREG    = 0
WREG    = 0
ITER    = 0
TRIGGER = 163689
TTYPE   = IN
COMMAND = WVAL
SEL     = -1
SEED    = 1
MASK    = 0x6d
THREAD  = 0
ELAPSED = 0.68s
----------------------------------------------------------------
