<stderr> from running /home/nrink/Projects/pin-2.14-71313-gcc.4.4.7-linux/pin.sh -t /home/nrink/Projects/bfi/obj-intel64/bfi.so -trigger 156742677 -cmd TXT -seed 1 -mask 54 -- /home/nrink/Projects/build/encode/encode/tests/dijkstra/dijkstra.cover.plain /home/nrink/Projects/build/encode/encode/tests/dijkstra/dijkstra_input.dat --cso ./2015-05-05_16:21:28/dijkstra/cover/cs/plain.8.cso --csl ./2015-05-05_16:21:28/dijkstra/cover/cs/plain.8.csl:
[.:    0, IP = 0x401000, i = 156742677, wa = 0, ra = 0, rr = 0, wr = 0, it = 0, t = 0]
	ip' = 0x401003, size = 3, mask = 54, idx = 0, byte = 72, byte' = 126
elapsed cycles: 38448138762
hi(checksum)=0x0651484E044488F0
lo(checksum)=0x8A61BB16A5A889BA
**********************
INSTR   = 195827425
WADDR   = 0
RADDR   = 0
RREG    = 0
WREG    = 0
ITER    = 0
TRIGGER = 156742677
TTYPE   = IN
COMMAND = TXT
SEL     = -1
SEED    = 1
MASK    = 0x36
THREAD  = 0
ELAPSED = 17.28s
----------------------------------------------------------------
