<stderr> from running /home/nrink/Projects/pin-2.14-71313-gcc.4.4.7-linux/pin.sh -t /home/nrink/Projects/bfi/obj-intel64/bfi.so -trigger 163636 -cmd WREG -seed 1 -mask 92 -- /home/nrink/Projects/build/encode/encode/tests/ptrarith/ptrarith.cover.plain --cso ./2015-05-05_14:58:49/ptrarith/cover/cs/plain.12.cso --csl ./2015-05-05_14:58:49/ptrarith/cover/cs/plain.12.csl:
[.:    0, IP = 0x400ab6, i = 163636, wa = 0, ra = 0, rr = 0, wr = 0, it = 0, t = 0]
	at ip 0x400aba, rdx = 0xe, rdx' = 0x52
**********************
INSTR   = 164693
WADDR   = 0
RADDR   = 0
RREG    = 0
WREG    = 0
ITER    = 0
TRIGGER = 163636
TTYPE   = IN
COMMAND = WREG
SEL     = -1
SEED    = 1
MASK    = 0x5c
THREAD  = 0
ELAPSED = 5.81s
Segmentation fault (core dumped)
----------------------------------------------------------------
