<stderr> from running /home/nrink/Projects/pin-2.14-71313-gcc.4.4.7-linux/pin.sh -t /home/nrink/Projects/bfi/obj-intel64/bfi.so -trigger 167489 -cmd RADDR -seed 1 -mask 146 -- /home/nrink/Projects/build/encode/encode/tests/ptrarith/ptrarith.cover.encoded --cso ./2015-05-05_14:58:49/ptrarith/cover/cs/encoded.26.cso --csl ./2015-05-05_14:58:49/ptrarith/cover/cs/encoded.26.csl:
[.:    0, IP = 0x4010dc, i = 167512, wa = 0, ra = 0, rr = 0, wr = 0, it = 0, t = 0]
	access = read, size = 8, addr = 0x7fffffffe128, addr' = 0x7fffffffe1ba, op = 0
elapsed cycles: 7259115558
hi(checksum)=0xBF1694865CA48119
lo(checksum)=0x17F6DE790EDB52F0
**********************
INSTR   = 184301
WADDR   = 0
RADDR   = 0
RREG    = 0
WREG    = 0
ITER    = 0
TRIGGER = 167489
TTYPE   = IN
COMMAND = RADDR
SEL     = -1
SEED    = 1
MASK    = 0x92
THREAD  = 0
ELAPSED = 14.35s
----------------------------------------------------------------
