<stderr> from running /home/nrink/Projects/pin-2.14-71313-gcc.4.4.7-linux/pin.sh -t /home/nrink/Projects/bfi/obj-intel64/bfi.so -trigger 163545 -cmd RREG -seed 1 -mask 98 -- /home/nrink/Projects/build/encode/encode/tests/ptrarith/ptrarith.cover.plain --cso ./2015-05-05_14:58:49/ptrarith/cover/cs/plain.82.cso --csl ./2015-05-05_14:58:49/ptrarith/cover/cs/plain.82.csl:
[.:    0, IP = 0x4009d6, i = 163545, wa = 0, ra = 0, rr = 0, wr = 0, it = 0, t = 0]
	at ip 0x4009d6, rax = 0x6a30bf8108c01, rax' = 0x6a30bf8108c63
elapsed cycles: 258664036
hi(checksum)=0xBF1694865CA48119
lo(checksum)=0x17F6DE790EDB52F0
**********************
INSTR   = 177527
WADDR   = 0
RADDR   = 0
RREG    = 0
WREG    = 0
ITER    = 0
TRIGGER = 163545
TTYPE   = IN
COMMAND = RREG
SEL     = -1
SEED    = 1
MASK    = 0x62
THREAD  = 0
ELAPSED = 12.60s
----------------------------------------------------------------
