<stderr> from running /home/nrink/Projects/pin-2.14-71313-gcc.4.4.7-linux/pin.sh -t /home/nrink/Projects/bfi/obj-intel64/bfi.so -trigger 523633949 -cmd TXT -seed 1 -mask 7 -- /home/nrink/Projects/build/encode/encode/tests/dijkstra/dijkstra.cover.encoded /home/nrink/Projects/build/encode/encode/tests/dijkstra/dijkstra_input.dat --cso ./2015-05-05_11:58:41/dijkstra/cover/cs/encoded.9.cso --csl ./2015-05-05_11:58:41/dijkstra/cover/cs/encoded.9.csl:
[.:    0, IP = 0x4013eb, i = 523633949, wa = 0, ra = 0, rr = 0, wr = 0, it = 0, t = 0]
	ip' = 0x4013ee, size = 3, mask = 7, idx = 0, byte = 72, byte' = 79
elapsed cycles: 97892212665
hi(checksum)=0x0651484E044488F0
lo(checksum)=0x8A61BB16A5A889BA
**********************
INSTR   = 537417310
WADDR   = 0
RADDR   = 0
RREG    = 0
WREG    = 0
ITER    = 0
TRIGGER = 523633949
TTYPE   = IN
COMMAND = TXT
SEL     = -1
SEED    = 1
MASK    = 0x7
THREAD  = 0
ELAPSED = 40.15s
----------------------------------------------------------------
