key=plain, runs=100 ...
command=/home/nrink/Projects/build/encode/encode/tests/quicksort/quicksort.perf.plain
----------------------------------------------
real command=cset shield -e /home/nrink/Projects/build/encode/encode/tests/quicksort/quicksort.perf.plain --  --cso /dev/null
key=plain, no.=0, <stderr>:
LENGTH=1900
elapsed cycles: 31085334
hi(checksum)=0x2FF01FCB737A27E9
lo(checksum)=0x8B9557CF3B8758AF
key=plain, no.=0, <checksum>:
0x2FF01FCB737A27E98B9557CF3B8758AF
key=plain, no.=0, cso file:
/dev/null
----------------------------------------------
real command=cset shield -e /home/nrink/Projects/build/encode/encode/tests/quicksort/quicksort.perf.plain --  --cso /dev/null
key=plain, no.=1, <stderr>:
LENGTH=1900
elapsed cycles: 35644737
hi(checksum)=0x2FF01FCB737A27E9
lo(checksum)=0x8B9557CF3B8758AF
key=plain, no.=1, <checksum>:
0x2FF01FCB737A27E98B9557CF3B8758AF
key=plain, no.=1, cso file:
/dev/null
----------------------------------------------
real command=cset shield -e /home/nrink/Projects/build/encode/encode/tests/quicksort/quicksort.perf.plain --  --cso /dev/null
key=plain, no.=2, <stderr>:
LENGTH=1900
elapsed cycles: 35632608
hi(checksum)=0x2FF01FCB737A27E9
lo(checksum)=0x8B9557CF3B8758AF
key=plain, no.=2, <checksum>:
0x2FF01FCB737A27E98B9557CF3B8758AF
key=plain, no.=2, cso file:
/dev/null
----------------------------------------------
real command=cset shield -e /home/nrink/Projects/build/encode/encode/tests/quicksort/quicksort.perf.plain --  --cso /dev/null
key=plain, no.=3, <stderr>:
LENGTH=1900
elapsed cycles: 35507715
hi(checksum)=0x2FF01FCB737A27E9
lo(checksum)=0x8B9557CF3B8758AF
key=plain, no.=3, <checksum>:
0x2FF01FCB737A27E98B9557CF3B8758AF
key=plain, no.=3, cso file:
/dev/null
----------------------------------------------
real command=cset shield -e /home/nrink/Projects/build/encode/encode/tests/quicksort/quicksort.perf.plain --  --cso /dev/null
key=plain, no.=4, <stderr>:
LENGTH=1900
elapsed cycles: 35643864
hi(checksum)=0x2FF01FCB737A27E9
lo(checksum)=0x8B9557CF3B8758AF
key=plain, no.=4, <checksum>:
0x2FF01FCB737A27E98B9557CF3B8758AF
key=plain, no.=4, cso file:
/dev/null
----------------------------------------------
real command=cset shield -e /home/nrink/Projects/build/encode/encode/tests/quicksort/quicksort.perf.plain --  --cso /dev/null
key=plain, no.=5, <stderr>:
LENGTH=1900
elapsed cycles: 35652216
hi(checksum)=0x2FF01FCB737A27E9
lo(checksum)=0x8B9557CF3B8758AF
key=plain, no.=5, <checksum>:
0x2FF01FCB737A27E98B9557CF3B8758AF
key=plain, no.=5, cso file:
/dev/null
----------------------------------------------
real command=cset shield -e /home/nrink/Projects/build/encode/encode/tests/quicksort/quicksort.perf.plain --  --cso /dev/null
key=plain, no.=6, <stderr>:
LENGTH=1900
elapsed cycles: 35639781
hi(checksum)=0x2FF01FCB737A27E9
lo(checksum)=0x8B9557CF3B8758AF
key=plain, no.=6, <checksum>:
0x2FF01FCB737A27E98B9557CF3B8758AF
key=plain, no.=6, cso file:
/dev/null
----------------------------------------------
real command=cset shield -e /home/nrink/Projects/build/encode/encode/tests/quicksort/quicksort.perf.plain --  --cso /dev/null
key=plain, no.=7, <stderr>:
LENGTH=1900
elapsed cycles: 35508396
hi(checksum)=0x2FF01FCB737A27E9
lo(checksum)=0x8B9557CF3B8758AF
key=plain, no.=7, <checksum>:
0x2FF01FCB737A27E98B9557CF3B8758AF
key=plain, no.=7, cso file:
/dev/null
----------------------------------------------
real command=cset shield -e /home/nrink/Projects/build/encode/encode/tests/quicksort/quicksort.perf.plain --  --cso /dev/null
key=plain, no.=8, <stderr>:
LENGTH=1900
elapsed cycles: 35696511
hi(checksum)=0x2FF01FCB737A27E9
lo(checksum)=0x8B9557CF3B8758AF
key=plain, no.=8, <checksum>:
0x2FF01FCB737A27E98B9557CF3B8758AF
key=plain, no.=8, cso file:
/dev/null
----------------------------------------------
real command=cset shield -e /home/nrink/Projects/build/encode/encode/tests/quicksort/quicksort.perf.plain --  --cso /dev/null
key=plain, no.=9, <stderr>:
LENGTH=1900
elapsed cycles: 35830341
hi(checksum)=0x2FF01FCB737A27E9
lo(checksum)=0x8B9557CF3B8758AF
key=plain, no.=9, <checksum>:
0x2FF01FCB737A27E98B9557CF3B8758AF
key=plain, no.=9, cso file:
/dev/null
----------------------------------------------
real command=cset shield -e /home/nrink/Projects/build/encode/encode/tests/quicksort/quicksort.perf.plain --  --cso /dev/null
key=plain, no.=10, <stderr>:
LENGTH=1900
elapsed cycles: 35582739
hi(checksum)=0x2FF01FCB737A27E9
lo(checksum)=0x8B9557CF3B8758AF
key=plain, no.=10, <checksum>:
0x2FF01FCB737A27E98B9557CF3B8758AF
key=plain, no.=10, cso file:
/dev/null
----------------------------------------------
real command=cset shield -e /home/nrink/Projects/build/encode/encode/tests/quicksort/quicksort.perf.plain --  --cso /dev/null
key=plain, no.=11, <stderr>:
LENGTH=1900
elapsed cycles: 36025329
hi(checksum)=0x2FF01FCB737A27E9
lo(checksum)=0x8B9557CF3B8758AF
key=plain, no.=11, <checksum>:
0x2FF01FCB737A27E98B9557CF3B8758AF
key=plain, no.=11, cso file:
/dev/null
----------------------------------------------
real command=cset shield -e /home/nrink/Projects/build/encode/encode/tests/quicksort/quicksort.perf.plain --  --cso /dev/null
key=plain, no.=12, <stderr>:
LENGTH=1900
elapsed cycles: 35337582
hi(checksum)=0x2FF01FCB737A27E9
lo(checksum)=0x8B9557CF3B8758AF
key=plain, no.=12, <checksum>:
0x2FF01FCB737A27E98B9557CF3B8758AF
key=plain, no.=12, cso file:
/dev/null
----------------------------------------------
real command=cset shield -e /home/nrink/Projects/build/encode/encode/tests/quicksort/quicksort.perf.plain --  --cso /dev/null
key=plain, no.=13, <stderr>:
LENGTH=1900
elapsed cycles: 35567511
hi(checksum)=0x2FF01FCB737A27E9
lo(checksum)=0x8B9557CF3B8758AF
key=plain, no.=13, <checksum>:
0x2FF01FCB737A27E98B9557CF3B8758AF
key=plain, no.=13, cso file:
/dev/null
----------------------------------------------
real command=cset shield -e /home/nrink/Projects/build/encode/encode/tests/quicksort/quicksort.perf.plain --  --cso /dev/null
key=plain, no.=14, <stderr>:
LENGTH=1900
elapsed cycles: 35154753
hi(checksum)=0x2FF01FCB737A27E9
lo(checksum)=0x8B9557CF3B8758AF
key=plain, no.=14, <checksum>:
0x2FF01FCB737A27E98B9557CF3B8758AF
key=plain, no.=14, cso file:
/dev/null
----------------------------------------------
real command=cset shield -e /home/nrink/Projects/build/encode/encode/tests/quicksort/quicksort.perf.plain --  --cso /dev/null
key=plain, no.=15, <stderr>:
LENGTH=1900
elapsed cycles: 35447415
hi(checksum)=0x2FF01FCB737A27E9
lo(checksum)=0x8B9557CF3B8758AF
key=plain, no.=15, <checksum>:
0x2FF01FCB737A27E98B9557CF3B8758AF
key=plain, no.=15, cso file:
/dev/null
----------------------------------------------
real command=cset shield -e /home/nrink/Projects/build/encode/encode/tests/quicksort/quicksort.perf.plain --  --cso /dev/null
key=plain, no.=16, <stderr>:
LENGTH=1900
elapsed cycles: 35714754
hi(checksum)=0x2FF01FCB737A27E9
lo(checksum)=0x8B9557CF3B8758AF
key=plain, no.=16, <checksum>:
0x2FF01FCB737A27E98B9557CF3B8758AF
key=plain, no.=16, cso file:
/dev/null
----------------------------------------------
real command=cset shield -e /home/nrink/Projects/build/encode/encode/tests/quicksort/quicksort.perf.plain --  --cso /dev/null
key=plain, no.=17, <stderr>:
LENGTH=1900
elapsed cycles: 35644695
hi(checksum)=0x2FF01FCB737A27E9
lo(checksum)=0x8B9557CF3B8758AF
key=plain, no.=17, <checksum>:
0x2FF01FCB737A27E98B9557CF3B8758AF
key=plain, no.=17, cso file:
/dev/null
----------------------------------------------
real command=cset shield -e /home/nrink/Projects/build/encode/encode/tests/quicksort/quicksort.perf.plain --  --cso /dev/null
key=plain, no.=18, <stderr>:
LENGTH=1900
elapsed cycles: 35806743
hi(checksum)=0x2FF01FCB737A27E9
lo(checksum)=0x8B9557CF3B8758AF
key=plain, no.=18, <checksum>:
0x2FF01FCB737A27E98B9557CF3B8758AF
key=plain, no.=18, cso file:
/dev/null
----------------------------------------------
real command=cset shield -e /home/nrink/Projects/build/encode/encode/tests/quicksort/quicksort.perf.plain --  --cso /dev/null
key=plain, no.=19, <stderr>:
LENGTH=1900
elapsed cycles: 29092887
hi(checksum)=0x2FF01FCB737A27E9
lo(checksum)=0x8B9557CF3B8758AF
key=plain, no.=19, <checksum>:
0x2FF01FCB737A27E98B9557CF3B8758AF
key=plain, no.=19, cso file:
/dev/null
----------------------------------------------
real command=cset shield -e /home/nrink/Projects/build/encode/encode/tests/quicksort/quicksort.perf.plain --  --cso /dev/null
key=plain, no.=20, <stderr>:
LENGTH=1900
elapsed cycles: 26304042
hi(checksum)=0x2FF01FCB737A27E9
lo(checksum)=0x8B9557CF3B8758AF
key=plain, no.=20, <checksum>:
0x2FF01FCB737A27E98B9557CF3B8758AF
key=plain, no.=20, cso file:
/dev/null
----------------------------------------------
real command=cset shield -e /home/nrink/Projects/build/encode/encode/tests/quicksort/quicksort.perf.plain --  --cso /dev/null
key=plain, no.=21, <stderr>:
LENGTH=1900
elapsed cycles: 26249865
hi(checksum)=0x2FF01FCB737A27E9
lo(checksum)=0x8B9557CF3B8758AF
key=plain, no.=21, <checksum>:
0x2FF01FCB737A27E98B9557CF3B8758AF
key=plain, no.=21, cso file:
/dev/null
----------------------------------------------
real command=cset shield -e /home/nrink/Projects/build/encode/encode/tests/quicksort/quicksort.perf.plain --  --cso /dev/null
key=plain, no.=22, <stderr>:
LENGTH=1900
elapsed cycles: 26315742
hi(checksum)=0x2FF01FCB737A27E9
lo(checksum)=0x8B9557CF3B8758AF
key=plain, no.=22, <checksum>:
0x2FF01FCB737A27E98B9557CF3B8758AF
key=plain, no.=22, cso file:
/dev/null
----------------------------------------------
real command=cset shield -e /home/nrink/Projects/build/encode/encode/tests/quicksort/quicksort.perf.plain --  --cso /dev/null
key=plain, no.=23, <stderr>:
LENGTH=1900
elapsed cycles: 26376213
hi(checksum)=0x2FF01FCB737A27E9
lo(checksum)=0x8B9557CF3B8758AF
key=plain, no.=23, <checksum>:
0x2FF01FCB737A27E98B9557CF3B8758AF
key=plain, no.=23, cso file:
/dev/null
----------------------------------------------
real command=cset shield -e /home/nrink/Projects/build/encode/encode/tests/quicksort/quicksort.perf.plain --  --cso /dev/null
key=plain, no.=24, <stderr>:
LENGTH=1900
elapsed cycles: 26598399
hi(checksum)=0x2FF01FCB737A27E9
lo(checksum)=0x8B9557CF3B8758AF
key=plain, no.=24, <checksum>:
0x2FF01FCB737A27E98B9557CF3B8758AF
key=plain, no.=24, cso file:
/dev/null
----------------------------------------------
real command=cset shield -e /home/nrink/Projects/build/encode/encode/tests/quicksort/quicksort.perf.plain --  --cso /dev/null
key=plain, no.=25, <stderr>:
LENGTH=1900
elapsed cycles: 26286903
hi(checksum)=0x2FF01FCB737A27E9
lo(checksum)=0x8B9557CF3B8758AF
key=plain, no.=25, <checksum>:
0x2FF01FCB737A27E98B9557CF3B8758AF
key=plain, no.=25, cso file:
/dev/null
----------------------------------------------
real command=cset shield -e /home/nrink/Projects/build/encode/encode/tests/quicksort/quicksort.perf.plain --  --cso /dev/null
key=plain, no.=26, <stderr>:
LENGTH=1900
elapsed cycles: 26295879
hi(checksum)=0x2FF01FCB737A27E9
lo(checksum)=0x8B9557CF3B8758AF
key=plain, no.=26, <checksum>:
0x2FF01FCB737A27E98B9557CF3B8758AF
key=plain, no.=26, cso file:
/dev/null
----------------------------------------------
real command=cset shield -e /home/nrink/Projects/build/encode/encode/tests/quicksort/quicksort.perf.plain --  --cso /dev/null
key=plain, no.=27, <stderr>:
LENGTH=1900
elapsed cycles: 26884302
hi(checksum)=0x2FF01FCB737A27E9
lo(checksum)=0x8B9557CF3B8758AF
key=plain, no.=27, <checksum>:
0x2FF01FCB737A27E98B9557CF3B8758AF
key=plain, no.=27, cso file:
/dev/null
----------------------------------------------
real command=cset shield -e /home/nrink/Projects/build/encode/encode/tests/quicksort/quicksort.perf.plain --  --cso /dev/null
key=plain, no.=28, <stderr>:
LENGTH=1900
elapsed cycles: 26220720
hi(checksum)=0x2FF01FCB737A27E9
lo(checksum)=0x8B9557CF3B8758AF
key=plain, no.=28, <checksum>:
0x2FF01FCB737A27E98B9557CF3B8758AF
key=plain, no.=28, cso file:
/dev/null
----------------------------------------------
real command=cset shield -e /home/nrink/Projects/build/encode/encode/tests/quicksort/quicksort.perf.plain --  --cso /dev/null
key=plain, no.=29, <stderr>:
LENGTH=1900
elapsed cycles: 26297409
hi(checksum)=0x2FF01FCB737A27E9
lo(checksum)=0x8B9557CF3B8758AF
key=plain, no.=29, <checksum>:
0x2FF01FCB737A27E98B9557CF3B8758AF
key=plain, no.=29, cso file:
/dev/null
----------------------------------------------
real command=cset shield -e /home/nrink/Projects/build/encode/encode/tests/quicksort/quicksort.perf.plain --  --cso /dev/null
key=plain, no.=30, <stderr>:
LENGTH=1900
elapsed cycles: 26142075
hi(checksum)=0x2FF01FCB737A27E9
lo(checksum)=0x8B9557CF3B8758AF
key=plain, no.=30, <checksum>:
0x2FF01FCB737A27E98B9557CF3B8758AF
key=plain, no.=30, cso file:
/dev/null
----------------------------------------------
real command=cset shield -e /home/nrink/Projects/build/encode/encode/tests/quicksort/quicksort.perf.plain --  --cso /dev/null
key=plain, no.=31, <stderr>:
LENGTH=1900
elapsed cycles: 26442456
hi(checksum)=0x2FF01FCB737A27E9
lo(checksum)=0x8B9557CF3B8758AF
key=plain, no.=31, <checksum>:
0x2FF01FCB737A27E98B9557CF3B8758AF
key=plain, no.=31, cso file:
/dev/null
----------------------------------------------
real command=cset shield -e /home/nrink/Projects/build/encode/encode/tests/quicksort/quicksort.perf.plain --  --cso /dev/null
key=plain, no.=32, <stderr>:
LENGTH=1900
elapsed cycles: 26235177
hi(checksum)=0x2FF01FCB737A27E9
lo(checksum)=0x8B9557CF3B8758AF
key=plain, no.=32, <checksum>:
0x2FF01FCB737A27E98B9557CF3B8758AF
key=plain, no.=32, cso file:
/dev/null
----------------------------------------------
real command=cset shield -e /home/nrink/Projects/build/encode/encode/tests/quicksort/quicksort.perf.plain --  --cso /dev/null
key=plain, no.=33, <stderr>:
LENGTH=1900
elapsed cycles: 26132433
hi(checksum)=0x2FF01FCB737A27E9
lo(checksum)=0x8B9557CF3B8758AF
key=plain, no.=33, <checksum>:
0x2FF01FCB737A27E98B9557CF3B8758AF
key=plain, no.=33, cso file:
/dev/null
----------------------------------------------
real command=cset shield -e /home/nrink/Projects/build/encode/encode/tests/quicksort/quicksort.perf.plain --  --cso /dev/null
key=plain, no.=34, <stderr>:
LENGTH=1900
elapsed cycles: 26189073
hi(checksum)=0x2FF01FCB737A27E9
lo(checksum)=0x8B9557CF3B8758AF
key=plain, no.=34, <checksum>:
0x2FF01FCB737A27E98B9557CF3B8758AF
key=plain, no.=34, cso file:
/dev/null
----------------------------------------------
real command=cset shield -e /home/nrink/Projects/build/encode/encode/tests/quicksort/quicksort.perf.plain --  --cso /dev/null
key=plain, no.=35, <stderr>:
LENGTH=1900
elapsed cycles: 26199663
hi(checksum)=0x2FF01FCB737A27E9
lo(checksum)=0x8B9557CF3B8758AF
key=plain, no.=35, <checksum>:
0x2FF01FCB737A27E98B9557CF3B8758AF
key=plain, no.=35, cso file:
/dev/null
----------------------------------------------
real command=cset shield -e /home/nrink/Projects/build/encode/encode/tests/quicksort/quicksort.perf.plain --  --cso /dev/null
key=plain, no.=36, <stderr>:
LENGTH=1900
elapsed cycles: 26271363
hi(checksum)=0x2FF01FCB737A27E9
lo(checksum)=0x8B9557CF3B8758AF
key=plain, no.=36, <checksum>:
0x2FF01FCB737A27E98B9557CF3B8758AF
key=plain, no.=36, cso file:
/dev/null
----------------------------------------------
real command=cset shield -e /home/nrink/Projects/build/encode/encode/tests/quicksort/quicksort.perf.plain --  --cso /dev/null
key=plain, no.=37, <stderr>:
LENGTH=1900
elapsed cycles: 26288331
hi(checksum)=0x2FF01FCB737A27E9
lo(checksum)=0x8B9557CF3B8758AF
key=plain, no.=37, <checksum>:
0x2FF01FCB737A27E98B9557CF3B8758AF
key=plain, no.=37, cso file:
/dev/null
----------------------------------------------
real command=cset shield -e /home/nrink/Projects/build/encode/encode/tests/quicksort/quicksort.perf.plain --  --cso /dev/null
key=plain, no.=38, <stderr>:
LENGTH=1900
elapsed cycles: 26395608
hi(checksum)=0x2FF01FCB737A27E9
lo(checksum)=0x8B9557CF3B8758AF
key=plain, no.=38, <checksum>:
0x2FF01FCB737A27E98B9557CF3B8758AF
key=plain, no.=38, cso file:
/dev/null
----------------------------------------------
real command=cset shield -e /home/nrink/Projects/build/encode/encode/tests/quicksort/quicksort.perf.plain --  --cso /dev/null
key=plain, no.=39, <stderr>:
LENGTH=1900
elapsed cycles: 26437542
hi(checksum)=0x2FF01FCB737A27E9
lo(checksum)=0x8B9557CF3B8758AF
key=plain, no.=39, <checksum>:
0x2FF01FCB737A27E98B9557CF3B8758AF
key=plain, no.=39, cso file:
/dev/null
----------------------------------------------
real command=cset shield -e /home/nrink/Projects/build/encode/encode/tests/quicksort/quicksort.perf.plain --  --cso /dev/null
key=plain, no.=40, <stderr>:
LENGTH=1900
elapsed cycles: 26366367
hi(checksum)=0x2FF01FCB737A27E9
lo(checksum)=0x8B9557CF3B8758AF
key=plain, no.=40, <checksum>:
0x2FF01FCB737A27E98B9557CF3B8758AF
key=plain, no.=40, cso file:
/dev/null
----------------------------------------------
real command=cset shield -e /home/nrink/Projects/build/encode/encode/tests/quicksort/quicksort.perf.plain --  --cso /dev/null
key=plain, no.=41, <stderr>:
LENGTH=1900
elapsed cycles: 27548373
hi(checksum)=0x2FF01FCB737A27E9
lo(checksum)=0x8B9557CF3B8758AF
key=plain, no.=41, <checksum>:
0x2FF01FCB737A27E98B9557CF3B8758AF
key=plain, no.=41, cso file:
/dev/null
----------------------------------------------
real command=cset shield -e /home/nrink/Projects/build/encode/encode/tests/quicksort/quicksort.perf.plain --  --cso /dev/null
key=plain, no.=42, <stderr>:
LENGTH=1900
elapsed cycles: 26947482
hi(checksum)=0x2FF01FCB737A27E9
lo(checksum)=0x8B9557CF3B8758AF
key=plain, no.=42, <checksum>:
0x2FF01FCB737A27E98B9557CF3B8758AF
key=plain, no.=42, cso file:
/dev/null
----------------------------------------------
real command=cset shield -e /home/nrink/Projects/build/encode/encode/tests/quicksort/quicksort.perf.plain --  --cso /dev/null
key=plain, no.=43, <stderr>:
LENGTH=1900
elapsed cycles: 26408085
hi(checksum)=0x2FF01FCB737A27E9
lo(checksum)=0x8B9557CF3B8758AF
key=plain, no.=43, <checksum>:
0x2FF01FCB737A27E98B9557CF3B8758AF
key=plain, no.=43, cso file:
/dev/null
----------------------------------------------
real command=cset shield -e /home/nrink/Projects/build/encode/encode/tests/quicksort/quicksort.perf.plain --  --cso /dev/null
key=plain, no.=44, <stderr>:
LENGTH=1900
elapsed cycles: 26359743
hi(checksum)=0x2FF01FCB737A27E9
lo(checksum)=0x8B9557CF3B8758AF
key=plain, no.=44, <checksum>:
0x2FF01FCB737A27E98B9557CF3B8758AF
key=plain, no.=44, cso file:
/dev/null
----------------------------------------------
real command=cset shield -e /home/nrink/Projects/build/encode/encode/tests/quicksort/quicksort.perf.plain --  --cso /dev/null
key=plain, no.=45, <stderr>:
LENGTH=1900
elapsed cycles: 26329620
hi(checksum)=0x2FF01FCB737A27E9
lo(checksum)=0x8B9557CF3B8758AF
key=plain, no.=45, <checksum>:
0x2FF01FCB737A27E98B9557CF3B8758AF
key=plain, no.=45, cso file:
/dev/null
----------------------------------------------
real command=cset shield -e /home/nrink/Projects/build/encode/encode/tests/quicksort/quicksort.perf.plain --  --cso /dev/null
key=plain, no.=46, <stderr>:
LENGTH=1900
elapsed cycles: 26479167
hi(checksum)=0x2FF01FCB737A27E9
lo(checksum)=0x8B9557CF3B8758AF
key=plain, no.=46, <checksum>:
0x2FF01FCB737A27E98B9557CF3B8758AF
key=plain, no.=46, cso file:
/dev/null
----------------------------------------------
real command=cset shield -e /home/nrink/Projects/build/encode/encode/tests/quicksort/quicksort.perf.plain --  --cso /dev/null
key=plain, no.=47, <stderr>:
LENGTH=1900
elapsed cycles: 26321742
hi(checksum)=0x2FF01FCB737A27E9
lo(checksum)=0x8B9557CF3B8758AF
key=plain, no.=47, <checksum>:
0x2FF01FCB737A27E98B9557CF3B8758AF
key=plain, no.=47, cso file:
/dev/null
----------------------------------------------
real command=cset shield -e /home/nrink/Projects/build/encode/encode/tests/quicksort/quicksort.perf.plain --  --cso /dev/null
key=plain, no.=48, <stderr>:
LENGTH=1900
elapsed cycles: 26892801
hi(checksum)=0x2FF01FCB737A27E9
lo(checksum)=0x8B9557CF3B8758AF
key=plain, no.=48, <checksum>:
0x2FF01FCB737A27E98B9557CF3B8758AF
key=plain, no.=48, cso file:
/dev/null
----------------------------------------------
real command=cset shield -e /home/nrink/Projects/build/encode/encode/tests/quicksort/quicksort.perf.plain --  --cso /dev/null
key=plain, no.=49, <stderr>:
LENGTH=1900
elapsed cycles: 26367144
hi(checksum)=0x2FF01FCB737A27E9
lo(checksum)=0x8B9557CF3B8758AF
key=plain, no.=49, <checksum>:
0x2FF01FCB737A27E98B9557CF3B8758AF
key=plain, no.=49, cso file:
/dev/null
----------------------------------------------
real command=cset shield -e /home/nrink/Projects/build/encode/encode/tests/quicksort/quicksort.perf.plain --  --cso /dev/null
key=plain, no.=50, <stderr>:
LENGTH=1900
elapsed cycles: 26203926
hi(checksum)=0x2FF01FCB737A27E9
lo(checksum)=0x8B9557CF3B8758AF
key=plain, no.=50, <checksum>:
0x2FF01FCB737A27E98B9557CF3B8758AF
key=plain, no.=50, cso file:
/dev/null
----------------------------------------------
real command=cset shield -e /home/nrink/Projects/build/encode/encode/tests/quicksort/quicksort.perf.plain --  --cso /dev/null
key=plain, no.=51, <stderr>:
LENGTH=1900
elapsed cycles: 26243289
hi(checksum)=0x2FF01FCB737A27E9
lo(checksum)=0x8B9557CF3B8758AF
key=plain, no.=51, <checksum>:
0x2FF01FCB737A27E98B9557CF3B8758AF
key=plain, no.=51, cso file:
/dev/null
----------------------------------------------
real command=cset shield -e /home/nrink/Projects/build/encode/encode/tests/quicksort/quicksort.perf.plain --  --cso /dev/null
key=plain, no.=52, <stderr>:
LENGTH=1900
elapsed cycles: 26109273
hi(checksum)=0x2FF01FCB737A27E9
lo(checksum)=0x8B9557CF3B8758AF
key=plain, no.=52, <checksum>:
0x2FF01FCB737A27E98B9557CF3B8758AF
key=plain, no.=52, cso file:
/dev/null
----------------------------------------------
real command=cset shield -e /home/nrink/Projects/build/encode/encode/tests/quicksort/quicksort.perf.plain --  --cso /dev/null
key=plain, no.=53, <stderr>:
LENGTH=1900
elapsed cycles: 26291448
hi(checksum)=0x2FF01FCB737A27E9
lo(checksum)=0x8B9557CF3B8758AF
key=plain, no.=53, <checksum>:
0x2FF01FCB737A27E98B9557CF3B8758AF
key=plain, no.=53, cso file:
/dev/null
----------------------------------------------
real command=cset shield -e /home/nrink/Projects/build/encode/encode/tests/quicksort/quicksort.perf.plain --  --cso /dev/null
key=plain, no.=54, <stderr>:
LENGTH=1900
elapsed cycles: 33227361
hi(checksum)=0x2FF01FCB737A27E9
lo(checksum)=0x8B9557CF3B8758AF
key=plain, no.=54, <checksum>:
0x2FF01FCB737A27E98B9557CF3B8758AF
key=plain, no.=54, cso file:
/dev/null
----------------------------------------------
real command=cset shield -e /home/nrink/Projects/build/encode/encode/tests/quicksort/quicksort.perf.plain --  --cso /dev/null
key=plain, no.=55, <stderr>:
LENGTH=1900
elapsed cycles: 32725068
hi(checksum)=0x2FF01FCB737A27E9
lo(checksum)=0x8B9557CF3B8758AF
key=plain, no.=55, <checksum>:
0x2FF01FCB737A27E98B9557CF3B8758AF
key=plain, no.=55, cso file:
/dev/null
----------------------------------------------
real command=cset shield -e /home/nrink/Projects/build/encode/encode/tests/quicksort/quicksort.perf.plain --  --cso /dev/null
key=plain, no.=56, <stderr>:
LENGTH=1900
elapsed cycles: 32765892
hi(checksum)=0x2FF01FCB737A27E9
lo(checksum)=0x8B9557CF3B8758AF
key=plain, no.=56, <checksum>:
0x2FF01FCB737A27E98B9557CF3B8758AF
key=plain, no.=56, cso file:
/dev/null
----------------------------------------------
real command=cset shield -e /home/nrink/Projects/build/encode/encode/tests/quicksort/quicksort.perf.plain --  --cso /dev/null
key=plain, no.=57, <stderr>:
LENGTH=1900
elapsed cycles: 35997339
hi(checksum)=0x2FF01FCB737A27E9
lo(checksum)=0x8B9557CF3B8758AF
key=plain, no.=57, <checksum>:
0x2FF01FCB737A27E98B9557CF3B8758AF
key=plain, no.=57, cso file:
/dev/null
----------------------------------------------
real command=cset shield -e /home/nrink/Projects/build/encode/encode/tests/quicksort/quicksort.perf.plain --  --cso /dev/null
key=plain, no.=58, <stderr>:
LENGTH=1900
elapsed cycles: 26317914
hi(checksum)=0x2FF01FCB737A27E9
lo(checksum)=0x8B9557CF3B8758AF
key=plain, no.=58, <checksum>:
0x2FF01FCB737A27E98B9557CF3B8758AF
key=plain, no.=58, cso file:
/dev/null
----------------------------------------------
real command=cset shield -e /home/nrink/Projects/build/encode/encode/tests/quicksort/quicksort.perf.plain --  --cso /dev/null
key=plain, no.=59, <stderr>:
LENGTH=1900
elapsed cycles: 26336496
hi(checksum)=0x2FF01FCB737A27E9
lo(checksum)=0x8B9557CF3B8758AF
key=plain, no.=59, <checksum>:
0x2FF01FCB737A27E98B9557CF3B8758AF
key=plain, no.=59, cso file:
/dev/null
----------------------------------------------
real command=cset shield -e /home/nrink/Projects/build/encode/encode/tests/quicksort/quicksort.perf.plain --  --cso /dev/null
key=plain, no.=60, <stderr>:
LENGTH=1900
elapsed cycles: 26461908
hi(checksum)=0x2FF01FCB737A27E9
lo(checksum)=0x8B9557CF3B8758AF
key=plain, no.=60, <checksum>:
0x2FF01FCB737A27E98B9557CF3B8758AF
key=plain, no.=60, cso file:
/dev/null
----------------------------------------------
real command=cset shield -e /home/nrink/Projects/build/encode/encode/tests/quicksort/quicksort.perf.plain --  --cso /dev/null
key=plain, no.=61, <stderr>:
LENGTH=1900
elapsed cycles: 26302470
hi(checksum)=0x2FF01FCB737A27E9
lo(checksum)=0x8B9557CF3B8758AF
key=plain, no.=61, <checksum>:
0x2FF01FCB737A27E98B9557CF3B8758AF
key=plain, no.=61, cso file:
/dev/null
----------------------------------------------
real command=cset shield -e /home/nrink/Projects/build/encode/encode/tests/quicksort/quicksort.perf.plain --  --cso /dev/null
key=plain, no.=62, <stderr>:
LENGTH=1900
elapsed cycles: 26410608
hi(checksum)=0x2FF01FCB737A27E9
lo(checksum)=0x8B9557CF3B8758AF
key=plain, no.=62, <checksum>:
0x2FF01FCB737A27E98B9557CF3B8758AF
key=plain, no.=62, cso file:
/dev/null
----------------------------------------------
real command=cset shield -e /home/nrink/Projects/build/encode/encode/tests/quicksort/quicksort.perf.plain --  --cso /dev/null
key=plain, no.=63, <stderr>:
LENGTH=1900
elapsed cycles: 26147934
hi(checksum)=0x2FF01FCB737A27E9
lo(checksum)=0x8B9557CF3B8758AF
key=plain, no.=63, <checksum>:
0x2FF01FCB737A27E98B9557CF3B8758AF
key=plain, no.=63, cso file:
/dev/null
----------------------------------------------
real command=cset shield -e /home/nrink/Projects/build/encode/encode/tests/quicksort/quicksort.perf.plain --  --cso /dev/null
key=plain, no.=64, <stderr>:
LENGTH=1900
elapsed cycles: 26169609
hi(checksum)=0x2FF01FCB737A27E9
lo(checksum)=0x8B9557CF3B8758AF
key=plain, no.=64, <checksum>:
0x2FF01FCB737A27E98B9557CF3B8758AF
key=plain, no.=64, cso file:
/dev/null
----------------------------------------------
real command=cset shield -e /home/nrink/Projects/build/encode/encode/tests/quicksort/quicksort.perf.plain --  --cso /dev/null
key=plain, no.=65, <stderr>:
LENGTH=1900
elapsed cycles: 26403066
hi(checksum)=0x2FF01FCB737A27E9
lo(checksum)=0x8B9557CF3B8758AF
key=plain, no.=65, <checksum>:
0x2FF01FCB737A27E98B9557CF3B8758AF
key=plain, no.=65, cso file:
/dev/null
----------------------------------------------
real command=cset shield -e /home/nrink/Projects/build/encode/encode/tests/quicksort/quicksort.perf.plain --  --cso /dev/null
key=plain, no.=66, <stderr>:
LENGTH=1900
elapsed cycles: 26137278
hi(checksum)=0x2FF01FCB737A27E9
lo(checksum)=0x8B9557CF3B8758AF
key=plain, no.=66, <checksum>:
0x2FF01FCB737A27E98B9557CF3B8758AF
key=plain, no.=66, cso file:
/dev/null
----------------------------------------------
real command=cset shield -e /home/nrink/Projects/build/encode/encode/tests/quicksort/quicksort.perf.plain --  --cso /dev/null
key=plain, no.=67, <stderr>:
LENGTH=1900
elapsed cycles: 26093484
hi(checksum)=0x2FF01FCB737A27E9
lo(checksum)=0x8B9557CF3B8758AF
key=plain, no.=67, <checksum>:
0x2FF01FCB737A27E98B9557CF3B8758AF
key=plain, no.=67, cso file:
/dev/null
----------------------------------------------
real command=cset shield -e /home/nrink/Projects/build/encode/encode/tests/quicksort/quicksort.perf.plain --  --cso /dev/null
key=plain, no.=68, <stderr>:
LENGTH=1900
elapsed cycles: 26327850
hi(checksum)=0x2FF01FCB737A27E9
lo(checksum)=0x8B9557CF3B8758AF
key=plain, no.=68, <checksum>:
0x2FF01FCB737A27E98B9557CF3B8758AF
key=plain, no.=68, cso file:
/dev/null
----------------------------------------------
real command=cset shield -e /home/nrink/Projects/build/encode/encode/tests/quicksort/quicksort.perf.plain --  --cso /dev/null
key=plain, no.=69, <stderr>:
LENGTH=1900
elapsed cycles: 26274426
hi(checksum)=0x2FF01FCB737A27E9
lo(checksum)=0x8B9557CF3B8758AF
key=plain, no.=69, <checksum>:
0x2FF01FCB737A27E98B9557CF3B8758AF
key=plain, no.=69, cso file:
/dev/null
----------------------------------------------
real command=cset shield -e /home/nrink/Projects/build/encode/encode/tests/quicksort/quicksort.perf.plain --  --cso /dev/null
key=plain, no.=70, <stderr>:
LENGTH=1900
elapsed cycles: 26988615
hi(checksum)=0x2FF01FCB737A27E9
lo(checksum)=0x8B9557CF3B8758AF
key=plain, no.=70, <checksum>:
0x2FF01FCB737A27E98B9557CF3B8758AF
key=plain, no.=70, cso file:
/dev/null
----------------------------------------------
real command=cset shield -e /home/nrink/Projects/build/encode/encode/tests/quicksort/quicksort.perf.plain --  --cso /dev/null
key=plain, no.=71, <stderr>:
LENGTH=1900
elapsed cycles: 27028551
hi(checksum)=0x2FF01FCB737A27E9
lo(checksum)=0x8B9557CF3B8758AF
key=plain, no.=71, <checksum>:
0x2FF01FCB737A27E98B9557CF3B8758AF
key=plain, no.=71, cso file:
/dev/null
----------------------------------------------
real command=cset shield -e /home/nrink/Projects/build/encode/encode/tests/quicksort/quicksort.perf.plain --  --cso /dev/null
key=plain, no.=72, <stderr>:
LENGTH=1900
elapsed cycles: 26261868
hi(checksum)=0x2FF01FCB737A27E9
lo(checksum)=0x8B9557CF3B8758AF
key=plain, no.=72, <checksum>:
0x2FF01FCB737A27E98B9557CF3B8758AF
key=plain, no.=72, cso file:
/dev/null
----------------------------------------------
real command=cset shield -e /home/nrink/Projects/build/encode/encode/tests/quicksort/quicksort.perf.plain --  --cso /dev/null
key=plain, no.=73, <stderr>:
LENGTH=1900
elapsed cycles: 26318814
hi(checksum)=0x2FF01FCB737A27E9
lo(checksum)=0x8B9557CF3B8758AF
key=plain, no.=73, <checksum>:
0x2FF01FCB737A27E98B9557CF3B8758AF
key=plain, no.=73, cso file:
/dev/null
----------------------------------------------
real command=cset shield -e /home/nrink/Projects/build/encode/encode/tests/quicksort/quicksort.perf.plain --  --cso /dev/null
key=plain, no.=74, <stderr>:
LENGTH=1900
elapsed cycles: 26152113
hi(checksum)=0x2FF01FCB737A27E9
lo(checksum)=0x8B9557CF3B8758AF
key=plain, no.=74, <checksum>:
0x2FF01FCB737A27E98B9557CF3B8758AF
key=plain, no.=74, cso file:
/dev/null
----------------------------------------------
real command=cset shield -e /home/nrink/Projects/build/encode/encode/tests/quicksort/quicksort.perf.plain --  --cso /dev/null
key=plain, no.=75, <stderr>:
LENGTH=1900
elapsed cycles: 26251404
hi(checksum)=0x2FF01FCB737A27E9
lo(checksum)=0x8B9557CF3B8758AF
key=plain, no.=75, <checksum>:
0x2FF01FCB737A27E98B9557CF3B8758AF
key=plain, no.=75, cso file:
/dev/null
----------------------------------------------
real command=cset shield -e /home/nrink/Projects/build/encode/encode/tests/quicksort/quicksort.perf.plain --  --cso /dev/null
key=plain, no.=76, <stderr>:
LENGTH=1900
elapsed cycles: 26203959
hi(checksum)=0x2FF01FCB737A27E9
lo(checksum)=0x8B9557CF3B8758AF
key=plain, no.=76, <checksum>:
0x2FF01FCB737A27E98B9557CF3B8758AF
key=plain, no.=76, cso file:
/dev/null
----------------------------------------------
real command=cset shield -e /home/nrink/Projects/build/encode/encode/tests/quicksort/quicksort.perf.plain --  --cso /dev/null
key=plain, no.=77, <stderr>:
LENGTH=1900
elapsed cycles: 26334393
hi(checksum)=0x2FF01FCB737A27E9
lo(checksum)=0x8B9557CF3B8758AF
key=plain, no.=77, <checksum>:
0x2FF01FCB737A27E98B9557CF3B8758AF
key=plain, no.=77, cso file:
/dev/null
----------------------------------------------
real command=cset shield -e /home/nrink/Projects/build/encode/encode/tests/quicksort/quicksort.perf.plain --  --cso /dev/null
key=plain, no.=78, <stderr>:
LENGTH=1900
elapsed cycles: 26262663
hi(checksum)=0x2FF01FCB737A27E9
lo(checksum)=0x8B9557CF3B8758AF
key=plain, no.=78, <checksum>:
0x2FF01FCB737A27E98B9557CF3B8758AF
key=plain, no.=78, cso file:
/dev/null
----------------------------------------------
real command=cset shield -e /home/nrink/Projects/build/encode/encode/tests/quicksort/quicksort.perf.plain --  --cso /dev/null
key=plain, no.=79, <stderr>:
LENGTH=1900
elapsed cycles: 26234778
hi(checksum)=0x2FF01FCB737A27E9
lo(checksum)=0x8B9557CF3B8758AF
key=plain, no.=79, <checksum>:
0x2FF01FCB737A27E98B9557CF3B8758AF
key=plain, no.=79, cso file:
/dev/null
----------------------------------------------
real command=cset shield -e /home/nrink/Projects/build/encode/encode/tests/quicksort/quicksort.perf.plain --  --cso /dev/null
key=plain, no.=80, <stderr>:
LENGTH=1900
elapsed cycles: 26283009
hi(checksum)=0x2FF01FCB737A27E9
lo(checksum)=0x8B9557CF3B8758AF
key=plain, no.=80, <checksum>:
0x2FF01FCB737A27E98B9557CF3B8758AF
key=plain, no.=80, cso file:
/dev/null
----------------------------------------------
real command=cset shield -e /home/nrink/Projects/build/encode/encode/tests/quicksort/quicksort.perf.plain --  --cso /dev/null
key=plain, no.=81, <stderr>:
LENGTH=1900
elapsed cycles: 26256102
hi(checksum)=0x2FF01FCB737A27E9
lo(checksum)=0x8B9557CF3B8758AF
key=plain, no.=81, <checksum>:
0x2FF01FCB737A27E98B9557CF3B8758AF
key=plain, no.=81, cso file:
/dev/null
----------------------------------------------
real command=cset shield -e /home/nrink/Projects/build/encode/encode/tests/quicksort/quicksort.perf.plain --  --cso /dev/null
key=plain, no.=82, <stderr>:
LENGTH=1900
elapsed cycles: 26844825
hi(checksum)=0x2FF01FCB737A27E9
lo(checksum)=0x8B9557CF3B8758AF
key=plain, no.=82, <checksum>:
0x2FF01FCB737A27E98B9557CF3B8758AF
key=plain, no.=82, cso file:
/dev/null
----------------------------------------------
real command=cset shield -e /home/nrink/Projects/build/encode/encode/tests/quicksort/quicksort.perf.plain --  --cso /dev/null
key=plain, no.=83, <stderr>:
LENGTH=1900
elapsed cycles: 26237904
hi(checksum)=0x2FF01FCB737A27E9
lo(checksum)=0x8B9557CF3B8758AF
key=plain, no.=83, <checksum>:
0x2FF01FCB737A27E98B9557CF3B8758AF
key=plain, no.=83, cso file:
/dev/null
----------------------------------------------
real command=cset shield -e /home/nrink/Projects/build/encode/encode/tests/quicksort/quicksort.perf.plain --  --cso /dev/null
key=plain, no.=84, <stderr>:
LENGTH=1900
elapsed cycles: 26320941
hi(checksum)=0x2FF01FCB737A27E9
lo(checksum)=0x8B9557CF3B8758AF
key=plain, no.=84, <checksum>:
0x2FF01FCB737A27E98B9557CF3B8758AF
key=plain, no.=84, cso file:
/dev/null
----------------------------------------------
real command=cset shield -e /home/nrink/Projects/build/encode/encode/tests/quicksort/quicksort.perf.plain --  --cso /dev/null
key=plain, no.=85, <stderr>:
LENGTH=1900
elapsed cycles: 26320803
hi(checksum)=0x2FF01FCB737A27E9
lo(checksum)=0x8B9557CF3B8758AF
key=plain, no.=85, <checksum>:
0x2FF01FCB737A27E98B9557CF3B8758AF
key=plain, no.=85, cso file:
/dev/null
----------------------------------------------
real command=cset shield -e /home/nrink/Projects/build/encode/encode/tests/quicksort/quicksort.perf.plain --  --cso /dev/null
key=plain, no.=86, <stderr>:
LENGTH=1900
elapsed cycles: 26355222
hi(checksum)=0x2FF01FCB737A27E9
lo(checksum)=0x8B9557CF3B8758AF
key=plain, no.=86, <checksum>:
0x2FF01FCB737A27E98B9557CF3B8758AF
key=plain, no.=86, cso file:
/dev/null
----------------------------------------------
real command=cset shield -e /home/nrink/Projects/build/encode/encode/tests/quicksort/quicksort.perf.plain --  --cso /dev/null
key=plain, no.=87, <stderr>:
LENGTH=1900
elapsed cycles: 26306385
hi(checksum)=0x2FF01FCB737A27E9
lo(checksum)=0x8B9557CF3B8758AF
key=plain, no.=87, <checksum>:
0x2FF01FCB737A27E98B9557CF3B8758AF
key=plain, no.=87, cso file:
/dev/null
----------------------------------------------
real command=cset shield -e /home/nrink/Projects/build/encode/encode/tests/quicksort/quicksort.perf.plain --  --cso /dev/null
key=plain, no.=88, <stderr>:
LENGTH=1900
elapsed cycles: 26326887
hi(checksum)=0x2FF01FCB737A27E9
lo(checksum)=0x8B9557CF3B8758AF
key=plain, no.=88, <checksum>:
0x2FF01FCB737A27E98B9557CF3B8758AF
key=plain, no.=88, cso file:
/dev/null
----------------------------------------------
real command=cset shield -e /home/nrink/Projects/build/encode/encode/tests/quicksort/quicksort.perf.plain --  --cso /dev/null
key=plain, no.=89, <stderr>:
LENGTH=1900
elapsed cycles: 26236923
hi(checksum)=0x2FF01FCB737A27E9
lo(checksum)=0x8B9557CF3B8758AF
key=plain, no.=89, <checksum>:
0x2FF01FCB737A27E98B9557CF3B8758AF
key=plain, no.=89, cso file:
/dev/null
----------------------------------------------
real command=cset shield -e /home/nrink/Projects/build/encode/encode/tests/quicksort/quicksort.perf.plain --  --cso /dev/null
key=plain, no.=90, <stderr>:
LENGTH=1900
elapsed cycles: 26208129
hi(checksum)=0x2FF01FCB737A27E9
lo(checksum)=0x8B9557CF3B8758AF
key=plain, no.=90, <checksum>:
0x2FF01FCB737A27E98B9557CF3B8758AF
key=plain, no.=90, cso file:
/dev/null
----------------------------------------------
real command=cset shield -e /home/nrink/Projects/build/encode/encode/tests/quicksort/quicksort.perf.plain --  --cso /dev/null
key=plain, no.=91, <stderr>:
LENGTH=1900
elapsed cycles: 26310756
hi(checksum)=0x2FF01FCB737A27E9
lo(checksum)=0x8B9557CF3B8758AF
key=plain, no.=91, <checksum>:
0x2FF01FCB737A27E98B9557CF3B8758AF
key=plain, no.=91, cso file:
/dev/null
----------------------------------------------
real command=cset shield -e /home/nrink/Projects/build/encode/encode/tests/quicksort/quicksort.perf.plain --  --cso /dev/null
key=plain, no.=92, <stderr>:
LENGTH=1900
elapsed cycles: 26313372
hi(checksum)=0x2FF01FCB737A27E9
lo(checksum)=0x8B9557CF3B8758AF
key=plain, no.=92, <checksum>:
0x2FF01FCB737A27E98B9557CF3B8758AF
key=plain, no.=92, cso file:
/dev/null
----------------------------------------------
real command=cset shield -e /home/nrink/Projects/build/encode/encode/tests/quicksort/quicksort.perf.plain --  --cso /dev/null
key=plain, no.=93, <stderr>:
LENGTH=1900
elapsed cycles: 26380038
hi(checksum)=0x2FF01FCB737A27E9
lo(checksum)=0x8B9557CF3B8758AF
key=plain, no.=93, <checksum>:
0x2FF01FCB737A27E98B9557CF3B8758AF
key=plain, no.=93, cso file:
/dev/null
----------------------------------------------
real command=cset shield -e /home/nrink/Projects/build/encode/encode/tests/quicksort/quicksort.perf.plain --  --cso /dev/null
key=plain, no.=94, <stderr>:
LENGTH=1900
elapsed cycles: 26185422
hi(checksum)=0x2FF01FCB737A27E9
lo(checksum)=0x8B9557CF3B8758AF
key=plain, no.=94, <checksum>:
0x2FF01FCB737A27E98B9557CF3B8758AF
key=plain, no.=94, cso file:
/dev/null
----------------------------------------------
real command=cset shield -e /home/nrink/Projects/build/encode/encode/tests/quicksort/quicksort.perf.plain --  --cso /dev/null
key=plain, no.=95, <stderr>:
LENGTH=1900
elapsed cycles: 26503566
hi(checksum)=0x2FF01FCB737A27E9
lo(checksum)=0x8B9557CF3B8758AF
key=plain, no.=95, <checksum>:
0x2FF01FCB737A27E98B9557CF3B8758AF
key=plain, no.=95, cso file:
/dev/null
----------------------------------------------
real command=cset shield -e /home/nrink/Projects/build/encode/encode/tests/quicksort/quicksort.perf.plain --  --cso /dev/null
key=plain, no.=96, <stderr>:
LENGTH=1900
elapsed cycles: 26325996
hi(checksum)=0x2FF01FCB737A27E9
lo(checksum)=0x8B9557CF3B8758AF
key=plain, no.=96, <checksum>:
0x2FF01FCB737A27E98B9557CF3B8758AF
key=plain, no.=96, cso file:
/dev/null
----------------------------------------------
real command=cset shield -e /home/nrink/Projects/build/encode/encode/tests/quicksort/quicksort.perf.plain --  --cso /dev/null
key=plain, no.=97, <stderr>:
LENGTH=1900
elapsed cycles: 26179155
hi(checksum)=0x2FF01FCB737A27E9
lo(checksum)=0x8B9557CF3B8758AF
key=plain, no.=97, <checksum>:
0x2FF01FCB737A27E98B9557CF3B8758AF
key=plain, no.=97, cso file:
/dev/null
----------------------------------------------
real command=cset shield -e /home/nrink/Projects/build/encode/encode/tests/quicksort/quicksort.perf.plain --  --cso /dev/null
key=plain, no.=98, <stderr>:
LENGTH=1900
elapsed cycles: 26241318
hi(checksum)=0x2FF01FCB737A27E9
lo(checksum)=0x8B9557CF3B8758AF
key=plain, no.=98, <checksum>:
0x2FF01FCB737A27E98B9557CF3B8758AF
key=plain, no.=98, cso file:
/dev/null
----------------------------------------------
real command=cset shield -e /home/nrink/Projects/build/encode/encode/tests/quicksort/quicksort.perf.plain --  --cso /dev/null
key=plain, no.=99, <stderr>:
LENGTH=1900
elapsed cycles: 26298960
hi(checksum)=0x2FF01FCB737A27E9
lo(checksum)=0x8B9557CF3B8758AF
key=plain, no.=99, <checksum>:
0x2FF01FCB737A27E98B9557CF3B8758AF
key=plain, no.=99, cso file:
/dev/null
----------------------------------------------
key=encoded, runs=100 ...
command=/home/nrink/Projects/build/encode/encode/tests/quicksort/quicksort.perf.encoded
----------------------------------------------
real command=cset shield -e /home/nrink/Projects/build/encode/encode/tests/quicksort/quicksort.perf.encoded --  --cso /dev/null
key=encoded, no.=0, <stderr>:
LENGTH=1900
elapsed cycles: 41773719
hi(checksum)=0x2FF01FCB737A27E9
lo(checksum)=0x8B9557CF3B8758AF
key=encoded, no.=0, <checksum>:
0x2FF01FCB737A27E98B9557CF3B8758AF
key=encoded, no.=0, cso file:
/dev/null
----------------------------------------------
real command=cset shield -e /home/nrink/Projects/build/encode/encode/tests/quicksort/quicksort.perf.encoded --  --cso /dev/null
key=encoded, no.=1, <stderr>:
LENGTH=1900
elapsed cycles: 41640432
hi(checksum)=0x2FF01FCB737A27E9
lo(checksum)=0x8B9557CF3B8758AF
key=encoded, no.=1, <checksum>:
0x2FF01FCB737A27E98B9557CF3B8758AF
key=encoded, no.=1, cso file:
/dev/null
----------------------------------------------
real command=cset shield -e /home/nrink/Projects/build/encode/encode/tests/quicksort/quicksort.perf.encoded --  --cso /dev/null
key=encoded, no.=2, <stderr>:
LENGTH=1900
elapsed cycles: 41861451
hi(checksum)=0x2FF01FCB737A27E9
lo(checksum)=0x8B9557CF3B8758AF
key=encoded, no.=2, <checksum>:
0x2FF01FCB737A27E98B9557CF3B8758AF
key=encoded, no.=2, cso file:
/dev/null
----------------------------------------------
real command=cset shield -e /home/nrink/Projects/build/encode/encode/tests/quicksort/quicksort.perf.encoded --  --cso /dev/null
key=encoded, no.=3, <stderr>:
LENGTH=1900
elapsed cycles: 41617473
hi(checksum)=0x2FF01FCB737A27E9
lo(checksum)=0x8B9557CF3B8758AF
key=encoded, no.=3, <checksum>:
0x2FF01FCB737A27E98B9557CF3B8758AF
key=encoded, no.=3, cso file:
/dev/null
----------------------------------------------
real command=cset shield -e /home/nrink/Projects/build/encode/encode/tests/quicksort/quicksort.perf.encoded --  --cso /dev/null
key=encoded, no.=4, <stderr>:
LENGTH=1900
elapsed cycles: 41617092
hi(checksum)=0x2FF01FCB737A27E9
lo(checksum)=0x8B9557CF3B8758AF
key=encoded, no.=4, <checksum>:
0x2FF01FCB737A27E98B9557CF3B8758AF
key=encoded, no.=4, cso file:
/dev/null
----------------------------------------------
real command=cset shield -e /home/nrink/Projects/build/encode/encode/tests/quicksort/quicksort.perf.encoded --  --cso /dev/null
key=encoded, no.=5, <stderr>:
LENGTH=1900
elapsed cycles: 41747283
hi(checksum)=0x2FF01FCB737A27E9
lo(checksum)=0x8B9557CF3B8758AF
key=encoded, no.=5, <checksum>:
0x2FF01FCB737A27E98B9557CF3B8758AF
key=encoded, no.=5, cso file:
/dev/null
----------------------------------------------
real command=cset shield -e /home/nrink/Projects/build/encode/encode/tests/quicksort/quicksort.perf.encoded --  --cso /dev/null
key=encoded, no.=6, <stderr>:
LENGTH=1900
elapsed cycles: 41821443
hi(checksum)=0x2FF01FCB737A27E9
lo(checksum)=0x8B9557CF3B8758AF
key=encoded, no.=6, <checksum>:
0x2FF01FCB737A27E98B9557CF3B8758AF
key=encoded, no.=6, cso file:
/dev/null
----------------------------------------------
real command=cset shield -e /home/nrink/Projects/build/encode/encode/tests/quicksort/quicksort.perf.encoded --  --cso /dev/null
key=encoded, no.=7, <stderr>:
LENGTH=1900
elapsed cycles: 41757786
hi(checksum)=0x2FF01FCB737A27E9
lo(checksum)=0x8B9557CF3B8758AF
key=encoded, no.=7, <checksum>:
0x2FF01FCB737A27E98B9557CF3B8758AF
key=encoded, no.=7, cso file:
/dev/null
----------------------------------------------
real command=cset shield -e /home/nrink/Projects/build/encode/encode/tests/quicksort/quicksort.perf.encoded --  --cso /dev/null
key=encoded, no.=8, <stderr>:
LENGTH=1900
elapsed cycles: 41811648
hi(checksum)=0x2FF01FCB737A27E9
lo(checksum)=0x8B9557CF3B8758AF
key=encoded, no.=8, <checksum>:
0x2FF01FCB737A27E98B9557CF3B8758AF
key=encoded, no.=8, cso file:
/dev/null
----------------------------------------------
real command=cset shield -e /home/nrink/Projects/build/encode/encode/tests/quicksort/quicksort.perf.encoded --  --cso /dev/null
key=encoded, no.=9, <stderr>:
LENGTH=1900
elapsed cycles: 41774730
hi(checksum)=0x2FF01FCB737A27E9
lo(checksum)=0x8B9557CF3B8758AF
key=encoded, no.=9, <checksum>:
0x2FF01FCB737A27E98B9557CF3B8758AF
key=encoded, no.=9, cso file:
/dev/null
----------------------------------------------
real command=cset shield -e /home/nrink/Projects/build/encode/encode/tests/quicksort/quicksort.perf.encoded --  --cso /dev/null
key=encoded, no.=10, <stderr>:
LENGTH=1900
elapsed cycles: 41447859
hi(checksum)=0x2FF01FCB737A27E9
lo(checksum)=0x8B9557CF3B8758AF
key=encoded, no.=10, <checksum>:
0x2FF01FCB737A27E98B9557CF3B8758AF
key=encoded, no.=10, cso file:
/dev/null
----------------------------------------------
real command=cset shield -e /home/nrink/Projects/build/encode/encode/tests/quicksort/quicksort.perf.encoded --  --cso /dev/null
key=encoded, no.=11, <stderr>:
LENGTH=1900
elapsed cycles: 41540400
hi(checksum)=0x2FF01FCB737A27E9
lo(checksum)=0x8B9557CF3B8758AF
key=encoded, no.=11, <checksum>:
0x2FF01FCB737A27E98B9557CF3B8758AF
key=encoded, no.=11, cso file:
/dev/null
----------------------------------------------
real command=cset shield -e /home/nrink/Projects/build/encode/encode/tests/quicksort/quicksort.perf.encoded --  --cso /dev/null
key=encoded, no.=12, <stderr>:
LENGTH=1900
elapsed cycles: 41665263
hi(checksum)=0x2FF01FCB737A27E9
lo(checksum)=0x8B9557CF3B8758AF
key=encoded, no.=12, <checksum>:
0x2FF01FCB737A27E98B9557CF3B8758AF
key=encoded, no.=12, cso file:
/dev/null
----------------------------------------------
real command=cset shield -e /home/nrink/Projects/build/encode/encode/tests/quicksort/quicksort.perf.encoded --  --cso /dev/null
key=encoded, no.=13, <stderr>:
LENGTH=1900
elapsed cycles: 45615027
hi(checksum)=0x2FF01FCB737A27E9
lo(checksum)=0x8B9557CF3B8758AF
key=encoded, no.=13, <checksum>:
0x2FF01FCB737A27E98B9557CF3B8758AF
key=encoded, no.=13, cso file:
/dev/null
----------------------------------------------
real command=cset shield -e /home/nrink/Projects/build/encode/encode/tests/quicksort/quicksort.perf.encoded --  --cso /dev/null
key=encoded, no.=14, <stderr>:
LENGTH=1900
elapsed cycles: 41773779
hi(checksum)=0x2FF01FCB737A27E9
lo(checksum)=0x8B9557CF3B8758AF
key=encoded, no.=14, <checksum>:
0x2FF01FCB737A27E98B9557CF3B8758AF
key=encoded, no.=14, cso file:
/dev/null
----------------------------------------------
real command=cset shield -e /home/nrink/Projects/build/encode/encode/tests/quicksort/quicksort.perf.encoded --  --cso /dev/null
key=encoded, no.=15, <stderr>:
LENGTH=1900
elapsed cycles: 41867004
hi(checksum)=0x2FF01FCB737A27E9
lo(checksum)=0x8B9557CF3B8758AF
key=encoded, no.=15, <checksum>:
0x2FF01FCB737A27E98B9557CF3B8758AF
key=encoded, no.=15, cso file:
/dev/null
----------------------------------------------
real command=cset shield -e /home/nrink/Projects/build/encode/encode/tests/quicksort/quicksort.perf.encoded --  --cso /dev/null
key=encoded, no.=16, <stderr>:
LENGTH=1900
elapsed cycles: 41742255
hi(checksum)=0x2FF01FCB737A27E9
lo(checksum)=0x8B9557CF3B8758AF
key=encoded, no.=16, <checksum>:
0x2FF01FCB737A27E98B9557CF3B8758AF
key=encoded, no.=16, cso file:
/dev/null
----------------------------------------------
real command=cset shield -e /home/nrink/Projects/build/encode/encode/tests/quicksort/quicksort.perf.encoded --  --cso /dev/null
key=encoded, no.=17, <stderr>:
LENGTH=1900
elapsed cycles: 41777355
hi(checksum)=0x2FF01FCB737A27E9
lo(checksum)=0x8B9557CF3B8758AF
key=encoded, no.=17, <checksum>:
0x2FF01FCB737A27E98B9557CF3B8758AF
key=encoded, no.=17, cso file:
/dev/null
----------------------------------------------
real command=cset shield -e /home/nrink/Projects/build/encode/encode/tests/quicksort/quicksort.perf.encoded --  --cso /dev/null
key=encoded, no.=18, <stderr>:
LENGTH=1900
elapsed cycles: 41764623
hi(checksum)=0x2FF01FCB737A27E9
lo(checksum)=0x8B9557CF3B8758AF
key=encoded, no.=18, <checksum>:
0x2FF01FCB737A27E98B9557CF3B8758AF
key=encoded, no.=18, cso file:
/dev/null
----------------------------------------------
real command=cset shield -e /home/nrink/Projects/build/encode/encode/tests/quicksort/quicksort.perf.encoded --  --cso /dev/null
key=encoded, no.=19, <stderr>:
LENGTH=1900
elapsed cycles: 41850771
hi(checksum)=0x2FF01FCB737A27E9
lo(checksum)=0x8B9557CF3B8758AF
key=encoded, no.=19, <checksum>:
0x2FF01FCB737A27E98B9557CF3B8758AF
key=encoded, no.=19, cso file:
/dev/null
----------------------------------------------
real command=cset shield -e /home/nrink/Projects/build/encode/encode/tests/quicksort/quicksort.perf.encoded --  --cso /dev/null
key=encoded, no.=20, <stderr>:
LENGTH=1900
elapsed cycles: 41584797
hi(checksum)=0x2FF01FCB737A27E9
lo(checksum)=0x8B9557CF3B8758AF
key=encoded, no.=20, <checksum>:
0x2FF01FCB737A27E98B9557CF3B8758AF
key=encoded, no.=20, cso file:
/dev/null
----------------------------------------------
real command=cset shield -e /home/nrink/Projects/build/encode/encode/tests/quicksort/quicksort.perf.encoded --  --cso /dev/null
key=encoded, no.=21, <stderr>:
LENGTH=1900
elapsed cycles: 41709363
hi(checksum)=0x2FF01FCB737A27E9
lo(checksum)=0x8B9557CF3B8758AF
key=encoded, no.=21, <checksum>:
0x2FF01FCB737A27E98B9557CF3B8758AF
key=encoded, no.=21, cso file:
/dev/null
----------------------------------------------
real command=cset shield -e /home/nrink/Projects/build/encode/encode/tests/quicksort/quicksort.perf.encoded --  --cso /dev/null
key=encoded, no.=22, <stderr>:
LENGTH=1900
elapsed cycles: 41696022
hi(checksum)=0x2FF01FCB737A27E9
lo(checksum)=0x8B9557CF3B8758AF
key=encoded, no.=22, <checksum>:
0x2FF01FCB737A27E98B9557CF3B8758AF
key=encoded, no.=22, cso file:
/dev/null
----------------------------------------------
real command=cset shield -e /home/nrink/Projects/build/encode/encode/tests/quicksort/quicksort.perf.encoded --  --cso /dev/null
key=encoded, no.=23, <stderr>:
LENGTH=1900
elapsed cycles: 41643657
hi(checksum)=0x2FF01FCB737A27E9
lo(checksum)=0x8B9557CF3B8758AF
key=encoded, no.=23, <checksum>:
0x2FF01FCB737A27E98B9557CF3B8758AF
key=encoded, no.=23, cso file:
/dev/null
----------------------------------------------
real command=cset shield -e /home/nrink/Projects/build/encode/encode/tests/quicksort/quicksort.perf.encoded --  --cso /dev/null
key=encoded, no.=24, <stderr>:
LENGTH=1900
elapsed cycles: 41740008
hi(checksum)=0x2FF01FCB737A27E9
lo(checksum)=0x8B9557CF3B8758AF
key=encoded, no.=24, <checksum>:
0x2FF01FCB737A27E98B9557CF3B8758AF
key=encoded, no.=24, cso file:
/dev/null
----------------------------------------------
real command=cset shield -e /home/nrink/Projects/build/encode/encode/tests/quicksort/quicksort.perf.encoded --  --cso /dev/null
key=encoded, no.=25, <stderr>:
LENGTH=1900
elapsed cycles: 41484996
hi(checksum)=0x2FF01FCB737A27E9
lo(checksum)=0x8B9557CF3B8758AF
key=encoded, no.=25, <checksum>:
0x2FF01FCB737A27E98B9557CF3B8758AF
key=encoded, no.=25, cso file:
/dev/null
----------------------------------------------
real command=cset shield -e /home/nrink/Projects/build/encode/encode/tests/quicksort/quicksort.perf.encoded --  --cso /dev/null
key=encoded, no.=26, <stderr>:
LENGTH=1900
elapsed cycles: 41762484
hi(checksum)=0x2FF01FCB737A27E9
lo(checksum)=0x8B9557CF3B8758AF
key=encoded, no.=26, <checksum>:
0x2FF01FCB737A27E98B9557CF3B8758AF
key=encoded, no.=26, cso file:
/dev/null
----------------------------------------------
real command=cset shield -e /home/nrink/Projects/build/encode/encode/tests/quicksort/quicksort.perf.encoded --  --cso /dev/null
key=encoded, no.=27, <stderr>:
LENGTH=1900
elapsed cycles: 41529546
hi(checksum)=0x2FF01FCB737A27E9
lo(checksum)=0x8B9557CF3B8758AF
key=encoded, no.=27, <checksum>:
0x2FF01FCB737A27E98B9557CF3B8758AF
key=encoded, no.=27, cso file:
/dev/null
----------------------------------------------
real command=cset shield -e /home/nrink/Projects/build/encode/encode/tests/quicksort/quicksort.perf.encoded --  --cso /dev/null
key=encoded, no.=28, <stderr>:
LENGTH=1900
elapsed cycles: 41726631
hi(checksum)=0x2FF01FCB737A27E9
lo(checksum)=0x8B9557CF3B8758AF
key=encoded, no.=28, <checksum>:
0x2FF01FCB737A27E98B9557CF3B8758AF
key=encoded, no.=28, cso file:
/dev/null
----------------------------------------------
real command=cset shield -e /home/nrink/Projects/build/encode/encode/tests/quicksort/quicksort.perf.encoded --  --cso /dev/null
key=encoded, no.=29, <stderr>:
LENGTH=1900
elapsed cycles: 41568315
hi(checksum)=0x2FF01FCB737A27E9
lo(checksum)=0x8B9557CF3B8758AF
key=encoded, no.=29, <checksum>:
0x2FF01FCB737A27E98B9557CF3B8758AF
key=encoded, no.=29, cso file:
/dev/null
----------------------------------------------
real command=cset shield -e /home/nrink/Projects/build/encode/encode/tests/quicksort/quicksort.perf.encoded --  --cso /dev/null
key=encoded, no.=30, <stderr>:
LENGTH=1900
elapsed cycles: 41753388
hi(checksum)=0x2FF01FCB737A27E9
lo(checksum)=0x8B9557CF3B8758AF
key=encoded, no.=30, <checksum>:
0x2FF01FCB737A27E98B9557CF3B8758AF
key=encoded, no.=30, cso file:
/dev/null
----------------------------------------------
real command=cset shield -e /home/nrink/Projects/build/encode/encode/tests/quicksort/quicksort.perf.encoded --  --cso /dev/null
key=encoded, no.=31, <stderr>:
LENGTH=1900
elapsed cycles: 41603784
hi(checksum)=0x2FF01FCB737A27E9
lo(checksum)=0x8B9557CF3B8758AF
key=encoded, no.=31, <checksum>:
0x2FF01FCB737A27E98B9557CF3B8758AF
key=encoded, no.=31, cso file:
/dev/null
----------------------------------------------
real command=cset shield -e /home/nrink/Projects/build/encode/encode/tests/quicksort/quicksort.perf.encoded --  --cso /dev/null
key=encoded, no.=32, <stderr>:
LENGTH=1900
elapsed cycles: 41640447
hi(checksum)=0x2FF01FCB737A27E9
lo(checksum)=0x8B9557CF3B8758AF
key=encoded, no.=32, <checksum>:
0x2FF01FCB737A27E98B9557CF3B8758AF
key=encoded, no.=32, cso file:
/dev/null
----------------------------------------------
real command=cset shield -e /home/nrink/Projects/build/encode/encode/tests/quicksort/quicksort.perf.encoded --  --cso /dev/null
key=encoded, no.=33, <stderr>:
LENGTH=1900
elapsed cycles: 41621676
hi(checksum)=0x2FF01FCB737A27E9
lo(checksum)=0x8B9557CF3B8758AF
key=encoded, no.=33, <checksum>:
0x2FF01FCB737A27E98B9557CF3B8758AF
key=encoded, no.=33, cso file:
/dev/null
----------------------------------------------
real command=cset shield -e /home/nrink/Projects/build/encode/encode/tests/quicksort/quicksort.perf.encoded --  --cso /dev/null
key=encoded, no.=34, <stderr>:
LENGTH=1900
elapsed cycles: 41798481
hi(checksum)=0x2FF01FCB737A27E9
lo(checksum)=0x8B9557CF3B8758AF
key=encoded, no.=34, <checksum>:
0x2FF01FCB737A27E98B9557CF3B8758AF
key=encoded, no.=34, cso file:
/dev/null
----------------------------------------------
real command=cset shield -e /home/nrink/Projects/build/encode/encode/tests/quicksort/quicksort.perf.encoded --  --cso /dev/null
key=encoded, no.=35, <stderr>:
LENGTH=1900
elapsed cycles: 42036828
hi(checksum)=0x2FF01FCB737A27E9
lo(checksum)=0x8B9557CF3B8758AF
key=encoded, no.=35, <checksum>:
0x2FF01FCB737A27E98B9557CF3B8758AF
key=encoded, no.=35, cso file:
/dev/null
----------------------------------------------
real command=cset shield -e /home/nrink/Projects/build/encode/encode/tests/quicksort/quicksort.perf.encoded --  --cso /dev/null
key=encoded, no.=36, <stderr>:
LENGTH=1900
elapsed cycles: 41501706
hi(checksum)=0x2FF01FCB737A27E9
lo(checksum)=0x8B9557CF3B8758AF
key=encoded, no.=36, <checksum>:
0x2FF01FCB737A27E98B9557CF3B8758AF
key=encoded, no.=36, cso file:
/dev/null
----------------------------------------------
real command=cset shield -e /home/nrink/Projects/build/encode/encode/tests/quicksort/quicksort.perf.encoded --  --cso /dev/null
key=encoded, no.=37, <stderr>:
LENGTH=1900
elapsed cycles: 41642619
hi(checksum)=0x2FF01FCB737A27E9
lo(checksum)=0x8B9557CF3B8758AF
key=encoded, no.=37, <checksum>:
0x2FF01FCB737A27E98B9557CF3B8758AF
key=encoded, no.=37, cso file:
/dev/null
----------------------------------------------
real command=cset shield -e /home/nrink/Projects/build/encode/encode/tests/quicksort/quicksort.perf.encoded --  --cso /dev/null
key=encoded, no.=38, <stderr>:
LENGTH=1900
elapsed cycles: 41614494
hi(checksum)=0x2FF01FCB737A27E9
lo(checksum)=0x8B9557CF3B8758AF
key=encoded, no.=38, <checksum>:
0x2FF01FCB737A27E98B9557CF3B8758AF
key=encoded, no.=38, cso file:
/dev/null
----------------------------------------------
real command=cset shield -e /home/nrink/Projects/build/encode/encode/tests/quicksort/quicksort.perf.encoded --  --cso /dev/null
key=encoded, no.=39, <stderr>:
LENGTH=1900
elapsed cycles: 41735718
hi(checksum)=0x2FF01FCB737A27E9
lo(checksum)=0x8B9557CF3B8758AF
key=encoded, no.=39, <checksum>:
0x2FF01FCB737A27E98B9557CF3B8758AF
key=encoded, no.=39, cso file:
/dev/null
----------------------------------------------
real command=cset shield -e /home/nrink/Projects/build/encode/encode/tests/quicksort/quicksort.perf.encoded --  --cso /dev/null
key=encoded, no.=40, <stderr>:
LENGTH=1900
elapsed cycles: 41710122
hi(checksum)=0x2FF01FCB737A27E9
lo(checksum)=0x8B9557CF3B8758AF
key=encoded, no.=40, <checksum>:
0x2FF01FCB737A27E98B9557CF3B8758AF
key=encoded, no.=40, cso file:
/dev/null
----------------------------------------------
real command=cset shield -e /home/nrink/Projects/build/encode/encode/tests/quicksort/quicksort.perf.encoded --  --cso /dev/null
key=encoded, no.=41, <stderr>:
LENGTH=1900
elapsed cycles: 41890761
hi(checksum)=0x2FF01FCB737A27E9
lo(checksum)=0x8B9557CF3B8758AF
key=encoded, no.=41, <checksum>:
0x2FF01FCB737A27E98B9557CF3B8758AF
key=encoded, no.=41, cso file:
/dev/null
----------------------------------------------
real command=cset shield -e /home/nrink/Projects/build/encode/encode/tests/quicksort/quicksort.perf.encoded --  --cso /dev/null
key=encoded, no.=42, <stderr>:
LENGTH=1900
elapsed cycles: 41623824
hi(checksum)=0x2FF01FCB737A27E9
lo(checksum)=0x8B9557CF3B8758AF
key=encoded, no.=42, <checksum>:
0x2FF01FCB737A27E98B9557CF3B8758AF
key=encoded, no.=42, cso file:
/dev/null
----------------------------------------------
real command=cset shield -e /home/nrink/Projects/build/encode/encode/tests/quicksort/quicksort.perf.encoded --  --cso /dev/null
key=encoded, no.=43, <stderr>:
LENGTH=1900
elapsed cycles: 41824926
hi(checksum)=0x2FF01FCB737A27E9
lo(checksum)=0x8B9557CF3B8758AF
key=encoded, no.=43, <checksum>:
0x2FF01FCB737A27E98B9557CF3B8758AF
key=encoded, no.=43, cso file:
/dev/null
----------------------------------------------
real command=cset shield -e /home/nrink/Projects/build/encode/encode/tests/quicksort/quicksort.perf.encoded --  --cso /dev/null
key=encoded, no.=44, <stderr>:
LENGTH=1900
elapsed cycles: 41788269
hi(checksum)=0x2FF01FCB737A27E9
lo(checksum)=0x8B9557CF3B8758AF
key=encoded, no.=44, <checksum>:
0x2FF01FCB737A27E98B9557CF3B8758AF
key=encoded, no.=44, cso file:
/dev/null
----------------------------------------------
real command=cset shield -e /home/nrink/Projects/build/encode/encode/tests/quicksort/quicksort.perf.encoded --  --cso /dev/null
key=encoded, no.=45, <stderr>:
LENGTH=1900
elapsed cycles: 41937087
hi(checksum)=0x2FF01FCB737A27E9
lo(checksum)=0x8B9557CF3B8758AF
key=encoded, no.=45, <checksum>:
0x2FF01FCB737A27E98B9557CF3B8758AF
key=encoded, no.=45, cso file:
/dev/null
----------------------------------------------
real command=cset shield -e /home/nrink/Projects/build/encode/encode/tests/quicksort/quicksort.perf.encoded --  --cso /dev/null
key=encoded, no.=46, <stderr>:
LENGTH=1900
elapsed cycles: 41694726
hi(checksum)=0x2FF01FCB737A27E9
lo(checksum)=0x8B9557CF3B8758AF
key=encoded, no.=46, <checksum>:
0x2FF01FCB737A27E98B9557CF3B8758AF
key=encoded, no.=46, cso file:
/dev/null
----------------------------------------------
real command=cset shield -e /home/nrink/Projects/build/encode/encode/tests/quicksort/quicksort.perf.encoded --  --cso /dev/null
key=encoded, no.=47, <stderr>:
LENGTH=1900
elapsed cycles: 41485929
hi(checksum)=0x2FF01FCB737A27E9
lo(checksum)=0x8B9557CF3B8758AF
key=encoded, no.=47, <checksum>:
0x2FF01FCB737A27E98B9557CF3B8758AF
key=encoded, no.=47, cso file:
/dev/null
----------------------------------------------
real command=cset shield -e /home/nrink/Projects/build/encode/encode/tests/quicksort/quicksort.perf.encoded --  --cso /dev/null
key=encoded, no.=48, <stderr>:
LENGTH=1900
elapsed cycles: 41713242
hi(checksum)=0x2FF01FCB737A27E9
lo(checksum)=0x8B9557CF3B8758AF
key=encoded, no.=48, <checksum>:
0x2FF01FCB737A27E98B9557CF3B8758AF
key=encoded, no.=48, cso file:
/dev/null
----------------------------------------------
real command=cset shield -e /home/nrink/Projects/build/encode/encode/tests/quicksort/quicksort.perf.encoded --  --cso /dev/null
key=encoded, no.=49, <stderr>:
LENGTH=1900
elapsed cycles: 41645613
hi(checksum)=0x2FF01FCB737A27E9
lo(checksum)=0x8B9557CF3B8758AF
key=encoded, no.=49, <checksum>:
0x2FF01FCB737A27E98B9557CF3B8758AF
key=encoded, no.=49, cso file:
/dev/null
----------------------------------------------
real command=cset shield -e /home/nrink/Projects/build/encode/encode/tests/quicksort/quicksort.perf.encoded --  --cso /dev/null
key=encoded, no.=50, <stderr>:
LENGTH=1900
elapsed cycles: 41710506
hi(checksum)=0x2FF01FCB737A27E9
lo(checksum)=0x8B9557CF3B8758AF
key=encoded, no.=50, <checksum>:
0x2FF01FCB737A27E98B9557CF3B8758AF
key=encoded, no.=50, cso file:
/dev/null
----------------------------------------------
real command=cset shield -e /home/nrink/Projects/build/encode/encode/tests/quicksort/quicksort.perf.encoded --  --cso /dev/null
key=encoded, no.=51, <stderr>:
LENGTH=1900
elapsed cycles: 41533203
hi(checksum)=0x2FF01FCB737A27E9
lo(checksum)=0x8B9557CF3B8758AF
key=encoded, no.=51, <checksum>:
0x2FF01FCB737A27E98B9557CF3B8758AF
key=encoded, no.=51, cso file:
/dev/null
----------------------------------------------
real command=cset shield -e /home/nrink/Projects/build/encode/encode/tests/quicksort/quicksort.perf.encoded --  --cso /dev/null
key=encoded, no.=52, <stderr>:
LENGTH=1900
elapsed cycles: 41728485
hi(checksum)=0x2FF01FCB737A27E9
lo(checksum)=0x8B9557CF3B8758AF
key=encoded, no.=52, <checksum>:
0x2FF01FCB737A27E98B9557CF3B8758AF
key=encoded, no.=52, cso file:
/dev/null
----------------------------------------------
real command=cset shield -e /home/nrink/Projects/build/encode/encode/tests/quicksort/quicksort.perf.encoded --  --cso /dev/null
key=encoded, no.=53, <stderr>:
LENGTH=1900
elapsed cycles: 42973188
hi(checksum)=0x2FF01FCB737A27E9
lo(checksum)=0x8B9557CF3B8758AF
key=encoded, no.=53, <checksum>:
0x2FF01FCB737A27E98B9557CF3B8758AF
key=encoded, no.=53, cso file:
/dev/null
----------------------------------------------
real command=cset shield -e /home/nrink/Projects/build/encode/encode/tests/quicksort/quicksort.perf.encoded --  --cso /dev/null
key=encoded, no.=54, <stderr>:
LENGTH=1900
elapsed cycles: 41735727
hi(checksum)=0x2FF01FCB737A27E9
lo(checksum)=0x8B9557CF3B8758AF
key=encoded, no.=54, <checksum>:
0x2FF01FCB737A27E98B9557CF3B8758AF
key=encoded, no.=54, cso file:
/dev/null
----------------------------------------------
real command=cset shield -e /home/nrink/Projects/build/encode/encode/tests/quicksort/quicksort.perf.encoded --  --cso /dev/null
key=encoded, no.=55, <stderr>:
LENGTH=1900
elapsed cycles: 41863548
hi(checksum)=0x2FF01FCB737A27E9
lo(checksum)=0x8B9557CF3B8758AF
key=encoded, no.=55, <checksum>:
0x2FF01FCB737A27E98B9557CF3B8758AF
key=encoded, no.=55, cso file:
/dev/null
----------------------------------------------
real command=cset shield -e /home/nrink/Projects/build/encode/encode/tests/quicksort/quicksort.perf.encoded --  --cso /dev/null
key=encoded, no.=56, <stderr>:
LENGTH=1900
elapsed cycles: 42708171
hi(checksum)=0x2FF01FCB737A27E9
lo(checksum)=0x8B9557CF3B8758AF
key=encoded, no.=56, <checksum>:
0x2FF01FCB737A27E98B9557CF3B8758AF
key=encoded, no.=56, cso file:
/dev/null
----------------------------------------------
real command=cset shield -e /home/nrink/Projects/build/encode/encode/tests/quicksort/quicksort.perf.encoded --  --cso /dev/null
key=encoded, no.=57, <stderr>:
LENGTH=1900
elapsed cycles: 43625295
hi(checksum)=0x2FF01FCB737A27E9
lo(checksum)=0x8B9557CF3B8758AF
key=encoded, no.=57, <checksum>:
0x2FF01FCB737A27E98B9557CF3B8758AF
key=encoded, no.=57, cso file:
/dev/null
----------------------------------------------
real command=cset shield -e /home/nrink/Projects/build/encode/encode/tests/quicksort/quicksort.perf.encoded --  --cso /dev/null
key=encoded, no.=58, <stderr>:
LENGTH=1900
elapsed cycles: 43270005
hi(checksum)=0x2FF01FCB737A27E9
lo(checksum)=0x8B9557CF3B8758AF
key=encoded, no.=58, <checksum>:
0x2FF01FCB737A27E98B9557CF3B8758AF
key=encoded, no.=58, cso file:
/dev/null
----------------------------------------------
real command=cset shield -e /home/nrink/Projects/build/encode/encode/tests/quicksort/quicksort.perf.encoded --  --cso /dev/null
key=encoded, no.=59, <stderr>:
LENGTH=1900
elapsed cycles: 55075362
hi(checksum)=0x2FF01FCB737A27E9
lo(checksum)=0x8B9557CF3B8758AF
key=encoded, no.=59, <checksum>:
0x2FF01FCB737A27E98B9557CF3B8758AF
key=encoded, no.=59, cso file:
/dev/null
----------------------------------------------
real command=cset shield -e /home/nrink/Projects/build/encode/encode/tests/quicksort/quicksort.perf.encoded --  --cso /dev/null
key=encoded, no.=60, <stderr>:
LENGTH=1900
elapsed cycles: 42103425
hi(checksum)=0x2FF01FCB737A27E9
lo(checksum)=0x8B9557CF3B8758AF
key=encoded, no.=60, <checksum>:
0x2FF01FCB737A27E98B9557CF3B8758AF
key=encoded, no.=60, cso file:
/dev/null
----------------------------------------------
real command=cset shield -e /home/nrink/Projects/build/encode/encode/tests/quicksort/quicksort.perf.encoded --  --cso /dev/null
key=encoded, no.=61, <stderr>:
LENGTH=1900
elapsed cycles: 41901195
hi(checksum)=0x2FF01FCB737A27E9
lo(checksum)=0x8B9557CF3B8758AF
key=encoded, no.=61, <checksum>:
0x2FF01FCB737A27E98B9557CF3B8758AF
key=encoded, no.=61, cso file:
/dev/null
----------------------------------------------
real command=cset shield -e /home/nrink/Projects/build/encode/encode/tests/quicksort/quicksort.perf.encoded --  --cso /dev/null
key=encoded, no.=62, <stderr>:
LENGTH=1900
elapsed cycles: 41720556
hi(checksum)=0x2FF01FCB737A27E9
lo(checksum)=0x8B9557CF3B8758AF
key=encoded, no.=62, <checksum>:
0x2FF01FCB737A27E98B9557CF3B8758AF
key=encoded, no.=62, cso file:
/dev/null
----------------------------------------------
real command=cset shield -e /home/nrink/Projects/build/encode/encode/tests/quicksort/quicksort.perf.encoded --  --cso /dev/null
key=encoded, no.=63, <stderr>:
LENGTH=1900
elapsed cycles: 41719953
hi(checksum)=0x2FF01FCB737A27E9
lo(checksum)=0x8B9557CF3B8758AF
key=encoded, no.=63, <checksum>:
0x2FF01FCB737A27E98B9557CF3B8758AF
key=encoded, no.=63, cso file:
/dev/null
----------------------------------------------
real command=cset shield -e /home/nrink/Projects/build/encode/encode/tests/quicksort/quicksort.perf.encoded --  --cso /dev/null
key=encoded, no.=64, <stderr>:
LENGTH=1900
elapsed cycles: 41483016
hi(checksum)=0x2FF01FCB737A27E9
lo(checksum)=0x8B9557CF3B8758AF
key=encoded, no.=64, <checksum>:
0x2FF01FCB737A27E98B9557CF3B8758AF
key=encoded, no.=64, cso file:
/dev/null
----------------------------------------------
real command=cset shield -e /home/nrink/Projects/build/encode/encode/tests/quicksort/quicksort.perf.encoded --  --cso /dev/null
key=encoded, no.=65, <stderr>:
LENGTH=1900
elapsed cycles: 41638230
hi(checksum)=0x2FF01FCB737A27E9
lo(checksum)=0x8B9557CF3B8758AF
key=encoded, no.=65, <checksum>:
0x2FF01FCB737A27E98B9557CF3B8758AF
key=encoded, no.=65, cso file:
/dev/null
----------------------------------------------
real command=cset shield -e /home/nrink/Projects/build/encode/encode/tests/quicksort/quicksort.perf.encoded --  --cso /dev/null
key=encoded, no.=66, <stderr>:
LENGTH=1900
elapsed cycles: 45533325
hi(checksum)=0x2FF01FCB737A27E9
lo(checksum)=0x8B9557CF3B8758AF
key=encoded, no.=66, <checksum>:
0x2FF01FCB737A27E98B9557CF3B8758AF
key=encoded, no.=66, cso file:
/dev/null
----------------------------------------------
real command=cset shield -e /home/nrink/Projects/build/encode/encode/tests/quicksort/quicksort.perf.encoded --  --cso /dev/null
key=encoded, no.=67, <stderr>:
LENGTH=1900
elapsed cycles: 41637009
hi(checksum)=0x2FF01FCB737A27E9
lo(checksum)=0x8B9557CF3B8758AF
key=encoded, no.=67, <checksum>:
0x2FF01FCB737A27E98B9557CF3B8758AF
key=encoded, no.=67, cso file:
/dev/null
----------------------------------------------
real command=cset shield -e /home/nrink/Projects/build/encode/encode/tests/quicksort/quicksort.perf.encoded --  --cso /dev/null
key=encoded, no.=68, <stderr>:
LENGTH=1900
elapsed cycles: 41461389
hi(checksum)=0x2FF01FCB737A27E9
lo(checksum)=0x8B9557CF3B8758AF
key=encoded, no.=68, <checksum>:
0x2FF01FCB737A27E98B9557CF3B8758AF
key=encoded, no.=68, cso file:
/dev/null
----------------------------------------------
real command=cset shield -e /home/nrink/Projects/build/encode/encode/tests/quicksort/quicksort.perf.encoded --  --cso /dev/null
key=encoded, no.=69, <stderr>:
LENGTH=1900
elapsed cycles: 41612169
hi(checksum)=0x2FF01FCB737A27E9
lo(checksum)=0x8B9557CF3B8758AF
key=encoded, no.=69, <checksum>:
0x2FF01FCB737A27E98B9557CF3B8758AF
key=encoded, no.=69, cso file:
/dev/null
----------------------------------------------
real command=cset shield -e /home/nrink/Projects/build/encode/encode/tests/quicksort/quicksort.perf.encoded --  --cso /dev/null
key=encoded, no.=70, <stderr>:
LENGTH=1900
elapsed cycles: 41655561
hi(checksum)=0x2FF01FCB737A27E9
lo(checksum)=0x8B9557CF3B8758AF
key=encoded, no.=70, <checksum>:
0x2FF01FCB737A27E98B9557CF3B8758AF
key=encoded, no.=70, cso file:
/dev/null
----------------------------------------------
real command=cset shield -e /home/nrink/Projects/build/encode/encode/tests/quicksort/quicksort.perf.encoded --  --cso /dev/null
key=encoded, no.=71, <stderr>:
LENGTH=1900
elapsed cycles: 41570691
hi(checksum)=0x2FF01FCB737A27E9
lo(checksum)=0x8B9557CF3B8758AF
key=encoded, no.=71, <checksum>:
0x2FF01FCB737A27E98B9557CF3B8758AF
key=encoded, no.=71, cso file:
/dev/null
----------------------------------------------
real command=cset shield -e /home/nrink/Projects/build/encode/encode/tests/quicksort/quicksort.perf.encoded --  --cso /dev/null
key=encoded, no.=72, <stderr>:
LENGTH=1900
elapsed cycles: 41532318
hi(checksum)=0x2FF01FCB737A27E9
lo(checksum)=0x8B9557CF3B8758AF
key=encoded, no.=72, <checksum>:
0x2FF01FCB737A27E98B9557CF3B8758AF
key=encoded, no.=72, cso file:
/dev/null
----------------------------------------------
real command=cset shield -e /home/nrink/Projects/build/encode/encode/tests/quicksort/quicksort.perf.encoded --  --cso /dev/null
key=encoded, no.=73, <stderr>:
LENGTH=1900
elapsed cycles: 41627262
hi(checksum)=0x2FF01FCB737A27E9
lo(checksum)=0x8B9557CF3B8758AF
key=encoded, no.=73, <checksum>:
0x2FF01FCB737A27E98B9557CF3B8758AF
key=encoded, no.=73, cso file:
/dev/null
----------------------------------------------
real command=cset shield -e /home/nrink/Projects/build/encode/encode/tests/quicksort/quicksort.perf.encoded --  --cso /dev/null
key=encoded, no.=74, <stderr>:
LENGTH=1900
elapsed cycles: 41590389
hi(checksum)=0x2FF01FCB737A27E9
lo(checksum)=0x8B9557CF3B8758AF
key=encoded, no.=74, <checksum>:
0x2FF01FCB737A27E98B9557CF3B8758AF
key=encoded, no.=74, cso file:
/dev/null
----------------------------------------------
real command=cset shield -e /home/nrink/Projects/build/encode/encode/tests/quicksort/quicksort.perf.encoded --  --cso /dev/null
key=encoded, no.=75, <stderr>:
LENGTH=1900
elapsed cycles: 42440631
hi(checksum)=0x2FF01FCB737A27E9
lo(checksum)=0x8B9557CF3B8758AF
key=encoded, no.=75, <checksum>:
0x2FF01FCB737A27E98B9557CF3B8758AF
key=encoded, no.=75, cso file:
/dev/null
----------------------------------------------
real command=cset shield -e /home/nrink/Projects/build/encode/encode/tests/quicksort/quicksort.perf.encoded --  --cso /dev/null
key=encoded, no.=76, <stderr>:
LENGTH=1900
elapsed cycles: 41640159
hi(checksum)=0x2FF01FCB737A27E9
lo(checksum)=0x8B9557CF3B8758AF
key=encoded, no.=76, <checksum>:
0x2FF01FCB737A27E98B9557CF3B8758AF
key=encoded, no.=76, cso file:
/dev/null
----------------------------------------------
real command=cset shield -e /home/nrink/Projects/build/encode/encode/tests/quicksort/quicksort.perf.encoded --  --cso /dev/null
key=encoded, no.=77, <stderr>:
LENGTH=1900
elapsed cycles: 41748126
hi(checksum)=0x2FF01FCB737A27E9
lo(checksum)=0x8B9557CF3B8758AF
key=encoded, no.=77, <checksum>:
0x2FF01FCB737A27E98B9557CF3B8758AF
key=encoded, no.=77, cso file:
/dev/null
----------------------------------------------
real command=cset shield -e /home/nrink/Projects/build/encode/encode/tests/quicksort/quicksort.perf.encoded --  --cso /dev/null
key=encoded, no.=78, <stderr>:
LENGTH=1900
elapsed cycles: 41683011
hi(checksum)=0x2FF01FCB737A27E9
lo(checksum)=0x8B9557CF3B8758AF
key=encoded, no.=78, <checksum>:
0x2FF01FCB737A27E98B9557CF3B8758AF
key=encoded, no.=78, cso file:
/dev/null
----------------------------------------------
real command=cset shield -e /home/nrink/Projects/build/encode/encode/tests/quicksort/quicksort.perf.encoded --  --cso /dev/null
key=encoded, no.=79, <stderr>:
LENGTH=1900
elapsed cycles: 41711628
hi(checksum)=0x2FF01FCB737A27E9
lo(checksum)=0x8B9557CF3B8758AF
key=encoded, no.=79, <checksum>:
0x2FF01FCB737A27E98B9557CF3B8758AF
key=encoded, no.=79, cso file:
/dev/null
----------------------------------------------
real command=cset shield -e /home/nrink/Projects/build/encode/encode/tests/quicksort/quicksort.perf.encoded --  --cso /dev/null
key=encoded, no.=80, <stderr>:
LENGTH=1900
elapsed cycles: 42849399
hi(checksum)=0x2FF01FCB737A27E9
lo(checksum)=0x8B9557CF3B8758AF
key=encoded, no.=80, <checksum>:
0x2FF01FCB737A27E98B9557CF3B8758AF
key=encoded, no.=80, cso file:
/dev/null
----------------------------------------------
real command=cset shield -e /home/nrink/Projects/build/encode/encode/tests/quicksort/quicksort.perf.encoded --  --cso /dev/null
key=encoded, no.=81, <stderr>:
LENGTH=1900
elapsed cycles: 41971137
hi(checksum)=0x2FF01FCB737A27E9
lo(checksum)=0x8B9557CF3B8758AF
key=encoded, no.=81, <checksum>:
0x2FF01FCB737A27E98B9557CF3B8758AF
key=encoded, no.=81, cso file:
/dev/null
----------------------------------------------
real command=cset shield -e /home/nrink/Projects/build/encode/encode/tests/quicksort/quicksort.perf.encoded --  --cso /dev/null
key=encoded, no.=82, <stderr>:
LENGTH=1900
elapsed cycles: 41549775
hi(checksum)=0x2FF01FCB737A27E9
lo(checksum)=0x8B9557CF3B8758AF
key=encoded, no.=82, <checksum>:
0x2FF01FCB737A27E98B9557CF3B8758AF
key=encoded, no.=82, cso file:
/dev/null
----------------------------------------------
real command=cset shield -e /home/nrink/Projects/build/encode/encode/tests/quicksort/quicksort.perf.encoded --  --cso /dev/null
key=encoded, no.=83, <stderr>:
LENGTH=1900
elapsed cycles: 42321147
hi(checksum)=0x2FF01FCB737A27E9
lo(checksum)=0x8B9557CF3B8758AF
key=encoded, no.=83, <checksum>:
0x2FF01FCB737A27E98B9557CF3B8758AF
key=encoded, no.=83, cso file:
/dev/null
----------------------------------------------
real command=cset shield -e /home/nrink/Projects/build/encode/encode/tests/quicksort/quicksort.perf.encoded --  --cso /dev/null
key=encoded, no.=84, <stderr>:
LENGTH=1900
elapsed cycles: 41508462
hi(checksum)=0x2FF01FCB737A27E9
lo(checksum)=0x8B9557CF3B8758AF
key=encoded, no.=84, <checksum>:
0x2FF01FCB737A27E98B9557CF3B8758AF
key=encoded, no.=84, cso file:
/dev/null
----------------------------------------------
real command=cset shield -e /home/nrink/Projects/build/encode/encode/tests/quicksort/quicksort.perf.encoded --  --cso /dev/null
key=encoded, no.=85, <stderr>:
LENGTH=1900
elapsed cycles: 41638821
hi(checksum)=0x2FF01FCB737A27E9
lo(checksum)=0x8B9557CF3B8758AF
key=encoded, no.=85, <checksum>:
0x2FF01FCB737A27E98B9557CF3B8758AF
key=encoded, no.=85, cso file:
/dev/null
----------------------------------------------
real command=cset shield -e /home/nrink/Projects/build/encode/encode/tests/quicksort/quicksort.perf.encoded --  --cso /dev/null
key=encoded, no.=86, <stderr>:
LENGTH=1900
elapsed cycles: 41728548
hi(checksum)=0x2FF01FCB737A27E9
lo(checksum)=0x8B9557CF3B8758AF
key=encoded, no.=86, <checksum>:
0x2FF01FCB737A27E98B9557CF3B8758AF
key=encoded, no.=86, cso file:
/dev/null
----------------------------------------------
real command=cset shield -e /home/nrink/Projects/build/encode/encode/tests/quicksort/quicksort.perf.encoded --  --cso /dev/null
key=encoded, no.=87, <stderr>:
LENGTH=1900
elapsed cycles: 41770056
hi(checksum)=0x2FF01FCB737A27E9
lo(checksum)=0x8B9557CF3B8758AF
key=encoded, no.=87, <checksum>:
0x2FF01FCB737A27E98B9557CF3B8758AF
key=encoded, no.=87, cso file:
/dev/null
----------------------------------------------
real command=cset shield -e /home/nrink/Projects/build/encode/encode/tests/quicksort/quicksort.perf.encoded --  --cso /dev/null
key=encoded, no.=88, <stderr>:
LENGTH=1900
elapsed cycles: 42501369
hi(checksum)=0x2FF01FCB737A27E9
lo(checksum)=0x8B9557CF3B8758AF
key=encoded, no.=88, <checksum>:
0x2FF01FCB737A27E98B9557CF3B8758AF
key=encoded, no.=88, cso file:
/dev/null
----------------------------------------------
real command=cset shield -e /home/nrink/Projects/build/encode/encode/tests/quicksort/quicksort.perf.encoded --  --cso /dev/null
key=encoded, no.=89, <stderr>:
LENGTH=1900
elapsed cycles: 41644572
hi(checksum)=0x2FF01FCB737A27E9
lo(checksum)=0x8B9557CF3B8758AF
key=encoded, no.=89, <checksum>:
0x2FF01FCB737A27E98B9557CF3B8758AF
key=encoded, no.=89, cso file:
/dev/null
----------------------------------------------
real command=cset shield -e /home/nrink/Projects/build/encode/encode/tests/quicksort/quicksort.perf.encoded --  --cso /dev/null
key=encoded, no.=90, <stderr>:
LENGTH=1900
elapsed cycles: 41742141
hi(checksum)=0x2FF01FCB737A27E9
lo(checksum)=0x8B9557CF3B8758AF
key=encoded, no.=90, <checksum>:
0x2FF01FCB737A27E98B9557CF3B8758AF
key=encoded, no.=90, cso file:
/dev/null
----------------------------------------------
real command=cset shield -e /home/nrink/Projects/build/encode/encode/tests/quicksort/quicksort.perf.encoded --  --cso /dev/null
key=encoded, no.=91, <stderr>:
LENGTH=1900
elapsed cycles: 41666424
hi(checksum)=0x2FF01FCB737A27E9
lo(checksum)=0x8B9557CF3B8758AF
key=encoded, no.=91, <checksum>:
0x2FF01FCB737A27E98B9557CF3B8758AF
key=encoded, no.=91, cso file:
/dev/null
----------------------------------------------
real command=cset shield -e /home/nrink/Projects/build/encode/encode/tests/quicksort/quicksort.perf.encoded --  --cso /dev/null
key=encoded, no.=92, <stderr>:
LENGTH=1900
elapsed cycles: 41566044
hi(checksum)=0x2FF01FCB737A27E9
lo(checksum)=0x8B9557CF3B8758AF
key=encoded, no.=92, <checksum>:
0x2FF01FCB737A27E98B9557CF3B8758AF
key=encoded, no.=92, cso file:
/dev/null
----------------------------------------------
real command=cset shield -e /home/nrink/Projects/build/encode/encode/tests/quicksort/quicksort.perf.encoded --  --cso /dev/null
key=encoded, no.=93, <stderr>:
LENGTH=1900
elapsed cycles: 41600769
hi(checksum)=0x2FF01FCB737A27E9
lo(checksum)=0x8B9557CF3B8758AF
key=encoded, no.=93, <checksum>:
0x2FF01FCB737A27E98B9557CF3B8758AF
key=encoded, no.=93, cso file:
/dev/null
----------------------------------------------
real command=cset shield -e /home/nrink/Projects/build/encode/encode/tests/quicksort/quicksort.perf.encoded --  --cso /dev/null
key=encoded, no.=94, <stderr>:
LENGTH=1900
elapsed cycles: 42039951
hi(checksum)=0x2FF01FCB737A27E9
lo(checksum)=0x8B9557CF3B8758AF
key=encoded, no.=94, <checksum>:
0x2FF01FCB737A27E98B9557CF3B8758AF
key=encoded, no.=94, cso file:
/dev/null
----------------------------------------------
real command=cset shield -e /home/nrink/Projects/build/encode/encode/tests/quicksort/quicksort.perf.encoded --  --cso /dev/null
key=encoded, no.=95, <stderr>:
LENGTH=1900
elapsed cycles: 41551710
hi(checksum)=0x2FF01FCB737A27E9
lo(checksum)=0x8B9557CF3B8758AF
key=encoded, no.=95, <checksum>:
0x2FF01FCB737A27E98B9557CF3B8758AF
key=encoded, no.=95, cso file:
/dev/null
----------------------------------------------
real command=cset shield -e /home/nrink/Projects/build/encode/encode/tests/quicksort/quicksort.perf.encoded --  --cso /dev/null
key=encoded, no.=96, <stderr>:
LENGTH=1900
elapsed cycles: 41768208
hi(checksum)=0x2FF01FCB737A27E9
lo(checksum)=0x8B9557CF3B8758AF
key=encoded, no.=96, <checksum>:
0x2FF01FCB737A27E98B9557CF3B8758AF
key=encoded, no.=96, cso file:
/dev/null
----------------------------------------------
real command=cset shield -e /home/nrink/Projects/build/encode/encode/tests/quicksort/quicksort.perf.encoded --  --cso /dev/null
key=encoded, no.=97, <stderr>:
LENGTH=1900
elapsed cycles: 41663724
hi(checksum)=0x2FF01FCB737A27E9
lo(checksum)=0x8B9557CF3B8758AF
key=encoded, no.=97, <checksum>:
0x2FF01FCB737A27E98B9557CF3B8758AF
key=encoded, no.=97, cso file:
/dev/null
----------------------------------------------
real command=cset shield -e /home/nrink/Projects/build/encode/encode/tests/quicksort/quicksort.perf.encoded --  --cso /dev/null
key=encoded, no.=98, <stderr>:
LENGTH=1900
elapsed cycles: 42107289
hi(checksum)=0x2FF01FCB737A27E9
lo(checksum)=0x8B9557CF3B8758AF
key=encoded, no.=98, <checksum>:
0x2FF01FCB737A27E98B9557CF3B8758AF
key=encoded, no.=98, cso file:
/dev/null
----------------------------------------------
real command=cset shield -e /home/nrink/Projects/build/encode/encode/tests/quicksort/quicksort.perf.encoded --  --cso /dev/null
key=encoded, no.=99, <stderr>:
LENGTH=1900
elapsed cycles: 41473206
hi(checksum)=0x2FF01FCB737A27E9
lo(checksum)=0x8B9557CF3B8758AF
key=encoded, no.=99, <checksum>:
0x2FF01FCB737A27E98B9557CF3B8758AF
key=encoded, no.=99, cso file:
/dev/null
----------------------------------------------
