<stderr> from running /home/nrink/Projects/pin-2.14-71313-gcc.4.4.7-linux/pin.sh -t /home/nrink/Projects/bfi/obj-intel64/bfi.so -trigger 151764 -cmd RREG -seed 1 -mask 116 -- /home/nrink/Projects/build/encode/encode/tests/array_sum/array_sum.cover.encoded --cso ./2015-05-05_14:16:24/array_sum/cover/cs/encoded.93.cso --csl ./2015-05-05_14:16:24/array_sum/cover/cs/encoded.93.csl:
[.:    0, IP = 0x400a43, i = 151764, wa = 0, ra = 0, rr = 0, wr = 0, it = 0, t = 0]
	at ip 0x400a43, rcx = 0x2094, rcx' = 0x20e0
elapsed cycles: 22342562082
hi(checksum)=0x0000000000000000
lo(checksum)=0x00000000000001A4
**********************
INSTR   = 161975
WADDR   = 0
RADDR   = 0
RREG    = 0
WREG    = 0
ITER    = 0
TRIGGER = 151764
TTYPE   = IN
COMMAND = RREG
SEL     = -1
SEED    = 1
MASK    = 0x74
THREAD  = 0
ELAPSED = 37.82s
----------------------------------------------------------------
