<stderr> from running /home/nrink/Projects/pin-2.14-71313-gcc.4.4.7-linux/pin.sh -t /home/nrink/Projects/bfi/obj-intel64/bfi.so -trigger 151194 -cmd RVAL -seed 1 -mask 110 -- /home/nrink/Projects/build/encode/encode/tests/array_sum/array_sum.cover.plain --cso ./2015-05-05_14:16:24/array_sum/cover/cs/plain.68.cso --csl ./2015-05-05_14:16:24/array_sum/cover/cs/plain.68.csl:
[.:    0, IP = 0x400cf5, i = 151194, wa = 0, ra = 0, rr = 0, wr = 0, it = 0, t = 0]
	access = read, size = 8, value = 140737488347600, value' = 140737488347582, addr = 0x7fffffffe1a0, op = 0
elapsed cycles: 746150091
hi(checksum)=0x0000000000000000
lo(checksum)=0x00000000000001A4
**********************
INSTR   = 159925
WADDR   = 0
RADDR   = 0
RREG    = 0
WREG    = 0
ITER    = 0
TRIGGER = 151194
TTYPE   = IN
COMMAND = RVAL
SEL     = -1
SEED    = 1
MASK    = 0x6e
THREAD  = 0
ELAPSED = 15.54s
----------------------------------------------------------------
