<stderr> from running /home/nrink/Projects/pin-2.14-71313-gcc.4.4.7-linux/pin.sh -t /home/nrink/Projects/bfi/obj-intel64/bfi.so -trigger 151286 -cmd RVAL -seed 1 -mask 213 -- /home/nrink/Projects/build/encode/encode/tests/array_sum/array_sum.cover.plain --cso ./2015-05-05_14:16:24/array_sum/cover/cs/plain.1.cso --csl ./2015-05-05_14:16:24/array_sum/cover/cs/plain.1.csl:
[.:    0, IP = 0x400a19, i = 151305, wa = 0, ra = 0, rr = 0, wr = 0, it = 0, t = 0]
	access = read, size = 8, value = 42, value' = 255, addr = 0x6020f0, op = 0
elapsed cycles: 361233177
hi(checksum)=0x0000000000000000
lo(checksum)=0x0000000000000279
**********************
INSTR   = 159909
WADDR   = 0
RADDR   = 0
RREG    = 0
WREG    = 0
ITER    = 0
TRIGGER = 151286
TTYPE   = IN
COMMAND = RVAL
SEL     = -1
SEED    = 1
MASK    = 0xd5
THREAD  = 0
ELAPSED = 9.76s
----------------------------------------------------------------
