<stderr> from running /home/nrink/Projects/pin-2.14-71313-gcc.4.4.7-linux/pin.sh -t /home/nrink/Projects/bfi/obj-intel64/bfi.so -trigger 503627429 -cmd WREG -seed 1 -mask 44 -- /home/nrink/Projects/build/encode/encode/tests/dijkstra/dijkstra.cover.encoded /home/nrink/Projects/build/encode/encode/tests/dijkstra/dijkstra_input.dat --cso ./2015-05-05_16:42:18/dijkstra/cover/cs/encoded.3.cso --csl ./2015-05-05_16:42:18/dijkstra/cover/cs/encoded.3.csl:
[.:    0, IP = 0x401152, i = 503627429, wa = 0, ra = 0, rr = 0, wr = 0, it = 0, t = 0]
	at ip 0x401156, rax = (nil), rax' = 0x2c
elapsed cycles: 19573291674
hi(checksum)=0x0651484E044488F0
lo(checksum)=0x8A61BB16A5A889BA
**********************
INSTR   = 537424668
WADDR   = 0
RADDR   = 0
RREG    = 0
WREG    = 0
ITER    = 0
TRIGGER = 503627429
TTYPE   = IN
COMMAND = WREG
SEL     = -1
SEED    = 1
MASK    = 0x2c
THREAD  = 0
ELAPSED = 7.76s
----------------------------------------------------------------
